SER_1      
SER_2      
THR_3      5023 (100)  
GLY_4      150 (83)  1024 (16)  
THR_5      5018 (100)  5030 (30)  
LEU_6      
ASP_7      369 (26)  
TYR_8      92 (11)  380 (80)  5027 (50)  
ILE_9      
LEU_10     163 (25)  
GLN_11     5008 (25)  
ARG_12     242 (21)  
CYS_13     242 (23)  5037 (33)  
GLN_14     242 (18)  321 (23)  
LEU_15     324 (35)  348 (16)  
ALA_16     52 (15)  5034 (38)  
LEU_17     5039 (53)  
GLN_18     247 (100)  
ASN_19     220 (100)  
VAL_20     23 (68)  
CYS_21     
ASP_22     270 (91)  
ASP_23     365 (13)  5003 (33)  5006 (21)  5025 (51)  
VAL_24     310 (98)  
ASP_25     1093 (100)  
ASN_26     311 (100)  
ASP_27     
ASP_28     365 (48)  5006 (13)  5025 (36)  5036 (11)  
VAL_29     353 (86)  5008 (13)  
SER_30     5028 (100)  
LEU_31     1012 (100)  
LYS_32     1063 (43)  5002 (20)  5015 (50)  
SER_33     316 (16)  
PHE_34     
GLU_35     
PRO_36     
ALA_37     147 (100)  
VAL_38     31 (100)  
LEU_39     316 (31)  
LYS_40     122 (73)  5002 (26)  
GLN_41     28 (88)  5013 (11)  
GLY_42     1020 (61)  
GLU_43     1006 (46)  5017 (26)  
GLU_44     124 (15)  
ILE_45     
HIS_46     
ASN_47     
GLU_48     5021 (13)  
VAL_49     84 (63)  193 (16)  
GLU_50     118 (80)  
PHE_51     5031 (60)  
GLU_52     5022 (75)  
TRP_53     32 (13)  124 (13)  5037 (45)  
LEU_54     
ARG_55     5008 (28)  
GLN_56     32 (15)  242 (18)  
PHE_57     
TRP_58     
PHE_59     
GLN_60     
GLY_61     1073 (11)  
ASN_62     245 (61)  
ARG_63     9 (23)  
TYR_64     1073 (41)  
ARG_65     245 (18)  
LYS_66     107 (43)  122 (26)  171 (30)  5002 (45)  5007 (30)  
CYS_67     
THR_68     5024 (18)  
ASP_69     
TRP_70     
TRP_71     
CYS_72     
GLN_73     266 (48)  
PRO_74     
MET_75     
ALA_76     5038 (36)  
GLN_77     321 (11)  
LEU_78     348 (13)  
GLU_79     5005 (43)  
ALA_80     110 (100)  
LEU_81     275 (100)  
TRP_82     5008 (18)  
LYS_83     
LYS_84     21 (50)  
MET_85     
GLU_86     
GLY_87     1020 (38)  1024 (33)  
VAL_88     1006 (28)  5017 (11)  5030 (20)  
THR_89     192 (11)  316 (11)  
ASN_90     5011 (100)  
ALA_91     256 (100)  
VAL_92     264 (100)  
LEU_93     5009 (100)  
HIS_94     302 (100)  
GLU_95     252 (100)  
VAL_96     135 (73)  193 (35)  
LYS_97     37 (73)  171 (25)  
ARG_98     17 (96)  
GLU_99     69 (73)  
GLY_100    5016 (26)  
LEU_101    2002 (15)  5020 (50)  
PRO_102    
VAL_103    84 (31)  
GLU_104    83 (35)  
GLN_105    5013 (16)  
ARG_106    
ASN_107    148 (18)  
GLU_108    261 (98)  5021 (11)  
ILE_109    1029 (98)  
LEU_110    106 (23)  163 (15)  5016 (16)  
THR_111    178 (48)  
ALA_112    52 (11)  254 (35)  
ILE_113    304 (16)  
LEU_114    106 (30)  317 (65)  
ALA_115    52 (58)  5034 (26)  
SER_116    152 (48)  304 (16)  
LEU_117    123 (50)  
THR_118    
ALA_119    254 (15)  5032 (43)  
ARG_120    321 (15)  
GLN_121    
ASN_122    148 (26)  324 (33)  
LEU_123    92 (41)  
ARG_124    23 (11)  1006 (18)  
ARG_125    9 (28)  83 (16)  124 (11)  
GLU_126    32 (13)  69 (11)  
TRP_127    
HIS_128    
ALA_129    5038 (15)  
ARG_130    
CYS_131    
GLN_132    
SER_133    316 (33)  
ARG_134    12 (48)  258 (40)  272 (48)  
ILE_135    135 (11)  5005 (36)  
ALA_136    5034 (18)  
ARG_137    9 (26)  5017 (43)  
THR_138    192 (75)  304 (13)  5024 (31)  
LEU_139    
PRO_140    
ALA_141    19 (100)  
ASP_142    1094 (100)  
GLN_143    
LYS_144    5038 (40)  
PRO_145    
GLU_146    83 (25)  149 (18)  
CYS_147    
ARG_148    149 (20)  
PRO_149    
TYR_150    350 (31)  1073 (16)  
TRP_151    
GLU_152    
LYS_153    171 (16)  5007 (20)  
ASP_154    
ASP_155    365 (11)  5003 (50)  
ALA_156    2002 (83)  
SER_157    5014 (98)  
MET_158    1007 (100)  
PRO_159    
LEU_160    1060 (90)  
PRO_161    1063 (48)  
PHE_162    328 (78)  350 (16)  1073 (28)  
ASP_163    245 (11)  365 (16)  5006 (13)  
LEU_164    78 (45)  5006 (23)  5016 (25)  5036 (26)  
THR_165    
ASP_166    92 (38)  
ILE_167    47 (91)  
VAL_168    167 (100)  
SER_169    189 (100)  
GLU_170    258 (58)  
LEU_171    348 (65)  
ARG_172    162 (100)  
GLY_173    1019 (100)  
GLN_174    312 (100)  
LEU_175    24 (100)  
LEU_176    369 (73)  
GLU_177    
ALA_178    1017 (100)  
LYS_179    371 (100)  
PRO_180    
