RES     peak_id              reli             N            HN            CO            CA            CB          CO-1          CA-1          CB-1
SER_1   -                       -             -             -             -             -             -             -             -             -
SER_2   -                       -             -             -             -             -             -             -             -             -
THR_3   5023                  (M)     123.80000       7.55800             -      60.13215             -     179.17310      58.68215      64.63500
GLY_4   150                   (L)     116.90000       8.79300             -      44.63215             -     175.47310      58.03215      62.25500
THR_5   5018                  (M)     121.00000       8.14800             -      55.68215      59.42500     173.67310      44.51215             -
LEU_6   -                       -             -             -             -             -             -             -             -             -
ASP_7   -                       -             -             -             -             -             -             -             -             -
TYR_8   380                   (M)     120.90000       7.68900     175.77310      56.02215      29.83500     177.37310      54.65215      41.71500
ILE_9   -                       -             -             -             -             -             -             -             -             -
LEU_10  -                       -             -             -             -             -             -             -             -             -
GLN_11  -                       -             -             -             -             -             -             -             -             -
ARG_12  -                       -             -             -             -             -             -             -             -             -
CYS_13  5037                  (L)     117.50000       8.37600     179.47310      67.17215      22.00500     176.87310      65.97215      30.50500
GLN_14  -                       -             -             -             -             -             -             -             -             -
LEU_15  324                   (L)     119.00000       8.14700     179.67310      55.47215      37.97500     177.77310      56.50215      28.31500
ALA_16  5034                  (L)     119.90000       7.58800             -             -      23.13500     179.47310             -             -
LEU_17  -                       -             -             -             -             -             -             -             -             -
GLN_18  247                   (H)     121.50000       7.56300     175.97310      57.11215      27.63500     177.67310      55.36215      39.70500
ASN_19  220                  (FM)     111.90000       6.95200     173.67310      51.71215      39.12500     175.97310      57.21215      27.54500
VAL_20  -                       -             -             -             -             -             -             -             -             -
CYS_21  -                       -             -             -             -             -             -             -             -             -
ASP_22  270                   (L)     124.10000       8.30100     175.47310      53.60215      40.98500     175.47310      61.42215      32.56500
ASP_23  5025                  (L)     121.50000       8.18000             -             -      41.07500     175.37310      53.77215      41.13500
VAL_24  310                   (L)     119.20000       7.83800     175.57310      61.41215      32.54500     175.77310      53.46215      40.98500
ASP_25  1093                  (M)     122.60000       8.32500     175.07310      53.73215      41.05500     175.57310      61.39215      32.38500
ASN_26  311                   (M)     118.90000       7.79600     174.17310      52.33215      39.41500     175.07310      53.69215      41.07500
ASP_27  -                       -             -             -             -             -             -             -             -             -
ASP_28  365                   (L)     121.00000       7.88000     175.07310      53.15215      41.22500     175.57310      54.27215      41.01500
VAL_29  353                   (M)     122.00000       8.06300     174.57310      62.10215      32.48500     175.07310      53.13215      41.24500
SER_30  5028                 (FH)     122.70000       8.36600     172.67310             -      65.26500     174.67310      62.12215             -
LEU_31  1012                  (H)     122.40000       8.33500     177.47310      52.17215      32.65500     172.67310      55.86215      65.28500
LYS_32  -                       -             -             -             -             -             -             -             -             -
SER_33  -                       -             -             -             -             -             -             -             -             -
PHE_34  -                       -             -             -             -             -             -             -             -             -
GLU_35  -                       -             -             -             -             -             -             -             -             -
PRO_36  -                       -             -             -             -             -             -             -             -             -
ALA_37  147                   (H)     117.60000       8.68400     180.97310      54.93215      18.39500     176.97310      66.05215      31.97500
VAL_38  31                    (H)     119.90000       6.99200     178.07310      64.51215      31.41500     180.97310      54.77215      18.29500
LEU_39  -                       -             -             -             -             -             -             -             -             -
LYS_40  122                   (M)     121.60000       8.73200     177.17310      59.46215      32.90500     180.27310      56.01215      41.22500
GLN_41  28                    (M)     117.70000       7.30000     177.77310      57.97215      29.44500     177.17310      59.42215      32.93500
GLY_42  -                       -             -             -             -             -             -             -             -             -
GLU_43  1006                  (L)     117.70000       8.51000     174.07310             -      32.28500     177.47310             -      48.58500
GLU_44  -                       -             -             -             -             -             -             -             -             -
ILE_45  -                       -             -             -             -             -             -             -             -             -
HIS_46  -                       -             -             -             -             -             -             -             -             -
ASN_47  -                       -             -             -             -             -             -             -             -             -
GLU_48  -                       -             -             -             -             -             -             -             -             -
VAL_49  84                    (M)     126.30000       8.71400     176.77310      65.31215      31.63500     177.77310      62.55215      32.32500
GLU_50  118                   (L)     119.50000       9.17200     179.27310      59.40215      28.25500     176.77310      65.29215      31.27500
PHE_51  -                       -             -             -             -             -             -             -             -             -
GLU_52  -                       -             -             -             -             -             -             -             -             -
TRP_53  5037                  (L)     117.50000       8.37600     179.47310      67.17215      22.00500     176.87310      65.97215      30.50500
LEU_54  -                       -             -             -             -             -             -             -             -             -
ARG_55  -                       -             -             -             -             -             -             -             -             -
GLN_56  -                       -             -             -             -             -             -             -             -             -
PHE_57  -                       -             -             -             -             -             -             -             -             -
TRP_58  -                       -             -             -             -             -             -             -             -             -
PHE_59  -                       -             -             -             -             -             -             -             -             -
GLN_60  -                       -             -             -             -             -             -             -             -             -
GLY_61  -                       -             -             -             -             -             -             -             -             -
ASN_62  -                       -             -             -             -             -             -             -             -             -
ARG_63  -                       -             -             -             -             -             -             -             -             -
TYR_64  -                       -             -             -             -             -             -             -             -             -
ARG_65  -                       -             -             -             -             -             -             -             -             -
LYS_66  5002                  (L)     121.60000       8.28600     179.67310      53.85215      40.86500     174.67310      52.74215             -
CYS_67  -                       -             -             -             -             -             -             -             -             -
THR_68  -                       -             -             -             -             -             -             -             -             -
ASP_69  -                       -             -             -             -             -             -             -             -             -
TRP_70  -                       -             -             -             -             -             -             -             -             -
TRP_71  -                       -             -             -             -             -             -             -             -             -
CYS_72  -                       -             -             -             -             -             -             -             -             -
GLN_73  -                       -             -             -             -             -             -             -             -             -
PRO_74  -                       -             -             -             -             -             -             -             -             -
MET_75  -                       -             -             -             -             -             -             -             -             -
ALA_76  -                       -             -             -             -             -             -             -             -             -
GLN_77  -                       -             -             -             -             -             -             -             -             -
LEU_78  -                       -             -             -             -             -             -             -             -             -
GLU_79  -                       -             -             -             -             -             -             -             -             -
ALA_80  110                   (H)     124.60000       8.15100     176.77310      51.46215      18.94500     176.27310      56.02215      29.82500
LEU_81  275                   (H)     123.40000       8.14900     173.47310      53.23215      31.99500     176.87310      51.45215      18.94500
TRP_82  -                       -             -             -             -             -             -             -             -             -
LYS_83  -                       -             -             -             -             -             -             -             -             -
LYS_84  -                       -             -             -             -             -             -             -             -             -
MET_85  -                       -             -             -             -             -             -             -             -             -
GLU_86  -                       -             -             -             -             -             -             -             -             -
GLY_87  1020                  (L)     106.40000       8.08300     177.27310      47.96215             -     177.87310      58.24215      29.48500
VAL_88  -                       -             -             -             -             -             -             -             -             -
THR_89  -                       -             -             -             -             -             -             -             -             -
ASN_90  5011                  (H)     118.20000       7.66500     175.67310      56.27215      39.15500     176.17310      67.36215      68.70500
ALA_91  256                  (FH)     122.70000       7.89800     181.27310      54.47215      17.51500     175.67310      56.24215      39.14500
VAL_92  264                   (H)     122.40000       8.43200     176.97310      66.89215      31.05500     181.27310      54.50215      17.37500
LEU_93  5009                 (FH)     118.90000       8.09900     179.27310      56.76215      39.68500     177.07310      66.89215      31.30500
HIS_94  302                  (FH)     118.00000       8.12400     177.77310      59.20215      30.20500     179.27310      56.71215      39.71500
GLU_95  252                  (FH)     122.80000       7.53600     177.87310      57.73215      29.54500     177.77310      59.29215      30.11500
VAL_96  135                   (L)     120.70000       8.79700     177.37310      54.08215      31.08500     172.67310      55.43215      31.06500
LYS_97  37                    (L)     117.50000       6.93400     175.87310      55.10215      32.45500     176.37310      64.39215      31.18500
ARG_98  17                    (L)     124.60000       7.43600     177.07310      57.11215      30.38500     175.87310      55.06215      32.76500
GLU_99  -                       -             -             -             -             -             -             -             -             -
GLY_100 -                       -             -             -             -             -             -             -             -             -
LEU_101 5020                  (L)     124.80000       8.43800             -             -      47.46500     174.57310      50.15215      49.19500
PRO_102 -                       -             -             -             -             -             -             -             -             -
VAL_103 -                       -             -             -             -             -             -             -             -             -
GLU_104 -                       -             -             -             -             -             -             -             -             -
GLN_105 -                       -             -             -             -             -             -             -             -             -
ARG_106 -                       -             -             -             -             -             -             -             -             -
ASN_107 -                       -             -             -             -             -             -             -             -             -
GLU_108 261                   (M)     122.00000       7.64600     179.57310      58.83215      29.21500     177.97310      55.36215      37.23500
ILE_109 1029                  (L)     121.60000       7.86300     177.27310      63.30215      37.87500     179.57310      58.81215      29.23500
LEU_110 -                       -             -             -             -             -             -             -             -             -
THR_111 -                       -             -             -             -             -             -             -             -             -
ALA_112 254                   (L)     123.80000       7.95900     177.87310      54.50215      17.44500     175.87310      66.41215      68.38500
ILE_113 -                       -             -             -             -             -             -             -             -             -
LEU_114 317                   (M)     117.80000       8.23600     176.17310      53.86215      40.34500     176.07310      59.65215      38.41500
ALA_115 52                    (M)     130.00000       8.48500     177.67310      52.25215      18.25500     176.07310      53.38215      40.72500
SER_116 -                       -             -             -             -             -             -             -             -             -
LEU_117 -                       -             -             -             -             -             -             -             -             -
THR_118 -                       -             -             -             -             -             -             -             -             -
ALA_119 5032                  (L)     121.50000       8.99800             -             -      16.27500     178.47310             -      68.61500
ARG_120 -                       -             -             -             -             -             -             -             -             -
GLN_121 -                       -             -             -             -             -             -             -             -             -
ASN_122 324                   (L)     119.00000       8.14700     179.67310      55.47215      37.97500     177.77310      56.50215      28.31500
LEU_123 -                       -             -             -             -             -             -             -             -             -
ARG_124 -                       -             -             -             -             -             -             -             -             -
ARG_125 -                       -             -             -             -             -             -             -             -             -
GLU_126 -                       -             -             -             -             -             -             -             -             -
TRP_127 -                       -             -             -             -             -             -             -             -             -
HIS_128 -                       -             -             -             -             -             -             -             -             -
ALA_129 -                       -             -             -             -             -             -             -             -             -
ARG_130 -                       -             -             -             -             -             -             -             -             -
CYS_131 -                       -             -             -             -             -             -             -             -             -
GLN_132 -                       -             -             -             -             -             -             -             -             -
SER_133 -                       -             -             -             -             -             -             -             -             -
ARG_134 12                    (L)     121.60000       6.74900     175.07310      49.15215      30.14500     173.07310      59.03215      63.80500
ILE_135 -                       -             -             -             -             -             -             -             -             -
ALA_136 -                       -             -             -             -             -             -             -             -             -
ARG_137 5017                  (L)     121.10000       8.19600             -      57.11215             -     175.87310      43.73215             -
THR_138 192                   (M)     113.60000       7.88100     171.17310      55.25215      65.09500     176.97310      57.54215      32.85500
LEU_139 -                       -             -             -             -             -             -             -             -             -
PRO_140 -                       -             -             -             -             -             -             -             -             -
ALA_141 19                    (H)     123.80000       7.44500     178.97310      54.00215      19.51500     175.77310      65.72215      68.96500
ASP_142 1094                  (H)     106.00000       7.40600     176.77310      61.34215      40.25500     178.97310      53.90215      19.75500
GLN_143 -                       -             -             -             -             -             -             -             -             -
LYS_144 -                       -             -             -             -             -             -             -             -             -
PRO_145 -                       -             -             -             -             -             -             -             -             -
GLU_146 -                       -             -             -             -             -             -             -             -             -
CYS_147 -                       -             -             -             -             -             -             -             -             -
ARG_148 -                       -             -             -             -             -             -             -             -             -
PRO_149 -                       -             -             -             -             -             -             -             -             -
TYR_150 -                       -             -             -             -             -             -             -             -             -
TRP_151 -                       -             -             -             -             -             -             -             -             -
GLU_152 -                       -             -             -             -             -             -             -             -             -
LYS_153 -                       -             -             -             -             -             -             -             -             -
ASP_154 -                       -             -             -             -             -             -             -             -             -
ASP_155 5003                  (L)     121.70000       8.22500     175.77310             -      40.99500     175.17310      53.67215      41.00500
ALA_156 2002                  (L)     126.00000       8.00500             -      51.45215             -     175.77310      48.22215             -
SER_157 5014                  (L)     120.70000       8.00900     175.67310      61.44215             -     177.37310      51.61215      18.53500
MET_158 1007                  (M)     118.70000       8.24500     172.47310             -      26.69500     175.87310             -      56.28500
PRO_159 -                       -             -             -             -             -             -             -             -             -
LEU_160 1060                  (L)     123.90000       8.29400             -      52.15215             -     176.47310      62.50215      32.07500
PRO_161 -                       -             -             -             -             -             -             -             -             -
PHE_162 328                   (M)     119.90000       8.27400     175.57310      54.27215      40.97500     174.17310      52.31215      39.28500
ASP_163 -                       -             -             -             -             -             -             -             -             -
LEU_164 78                    (L)     127.60000       8.60000     181.27310      53.72215      42.98500     176.17310      52.23215      40.22500
THR_165 -                       -             -             -             -             -             -             -             -             -
ASP_166 -                       -             -             -             -             -             -             -             -             -
ILE_167 47                    (L)     124.00000       7.70800     177.67310      64.30215      38.44500     178.47310      56.77215      39.80500
VAL_168 167                  (FM)     119.60000       8.58700     177.47310      66.78215      30.82500     177.67310      64.21215      38.44500
SER_169 189                  (FH)     114.50000       8.02600     176.77310      61.02215      62.55500     177.47310      66.74215      30.74500
GLU_170 -                       -             -             -             -             -             -             -             -             -
LEU_171 -                       -             -             -             -             -             -             -             -             -
ARG_172 162                  (FH)     118.20000       8.43200     178.97310      58.97215      29.56500     178.57310      57.13215      41.40500
GLY_173 1019                 (FH)     105.30000       7.78900     175.67310      45.90215             -     178.97310      58.91215      29.60500
GLN_174 312                  (FH)     120.40000       7.58000     177.37310      57.16215      29.06500     175.67310      45.78215             -
LEU_175 24                   (FM)     120.00000       7.34100     177.47310      55.59215      42.15500     177.37310      57.14215      29.11500
LEU_176 -                       -             -             -             -             -             -             -             -             -
GLU_177 -                       -             -             -             -             -             -             -             -             -
ALA_178 1017                  (H)     126.30000       8.07000     175.87310      51.65215      18.87500     175.67310      55.83215      29.57500
LYS_179 371                   (H)     121.30000       7.85500     173.87310      52.75215      33.86500     175.87310      51.65215      18.87500
PRO_180 -                       -             -             -             -             -             -             -             -             -
