9       ARG_137 
12      ARG_134 
17      ARG_98  
19      ALA_141 
21      LYS_84  
23      VAL_20  
24      LEU_175 
28      GLN_41  
31      VAL_38  
32      GLN_56  
37      LYS_97  
47      ILE_167 
52      ALA_16  
69      GLU_99  
78      LEU_164 
83      GLU_104 
84      VAL_103 
88      SER_33  
92      LEU_123 
106     LEU_110 
107     LYS_66  
110     ALA_80  
118     GLU_50  
122     LYS_40  
123     LEU_117 
124     TRP_53  
135     VAL_96  
147     ALA_37  
148     ASN_122 
149     ARG_148 
150     GLY_4   
152     SER_116 
162     ARG_172 
163     LEU_10  
167     VAL_168 
171     LYS_66  
178     THR_111 
189     SER_169 
192     THR_138 
193     VAL_49  
220     ASN_19  
242     CYS_13  
245     ASN_62  
247     GLN_18  
252     GLU_95  
254     ALA_112 
256     ALA_91  
258     ARG_134 
261     GLU_108 
264     VAL_92  
266     GLN_73  
270     ASP_22  
272     ARG_134 
275     LEU_81  
302     HIS_94  
304     THR_138 
310     VAL_24  
311     ASN_26  
312     GLN_174 
316     SER_133 
317     LEU_110 
321     GLN_14  
324     ASN_122 
328     PHE_162 
348     LEU_15  
350     TYR_150 
353     VAL_29  
365     ASP_163 
369     LEU_176 
371     LYS_179 
380     TYR_8   
1006    GLU_43  
1007    MET_158 
1012    LEU_31  
1017    ALA_178 
1019    GLY_173 
1020    GLY_42  
1024    GLY_4   
1029    ILE_109 
1060    LEU_160 
1063    PRO_161 
1073    TYR_64  
1093    ASP_25  
1094    ASP_142 
2002    ALA_156 
5002    LYS_32  
5003    ASP_23  
5005    GLU_79  
5006    ASP_28  
5007    LYS_66  
5008    ARG_55  
5009    LEU_93  
5011    ASN_90  
5013    GLN_121 
5014    SER_157 
5015    LYS_32  
5016    GLY_100 
5017    ARG_137 
5018    THR_5   
5020    LEU_101 
5021    GLU_170 
5022    GLU_52  
5023    THR_3   
5024    THR_138 
5025    ASP_28  
5027    TYR_8   
5028    SER_30  
5030    THR_5   
5031    PHE_51  
5032    ALA_119 
5034    ALA_115 
5036    ASP_28  
5037    CYS_13  
5038    ALA_76  
5039    LEU_17  
