SER_1           
SER_2           
THR_3      5023  (M)
GLY_4      150  (L)
THR_5      5018  (M)
LEU_6           
ASP_7           
TYR_8      380  (M)
ILE_9           
LEU_10          
GLN_11          
ARG_12          
CYS_13     5037  (L)
GLN_14          
LEU_15     324  (L)
ALA_16     5034  (L)
LEU_17          
GLN_18     247  (H)
ASN_19     220 (FM)
VAL_20          
CYS_21          
ASP_22     270  (L)
ASP_23     5025  (L)
VAL_24     310  (L)
ASP_25     1093  (M)
ASN_26     311  (M)
ASP_27          
ASP_28     365  (L)
VAL_29     353  (M)
SER_30     5028 (FH)
LEU_31     1012  (H)
LYS_32           
SER_33          
PHE_34          
GLU_35          
PRO_36          
ALA_37     147  (H)
VAL_38     31  (H)
LEU_39          
LYS_40     122  (M)
GLN_41     28  (M)
GLY_42          
GLU_43     1006  (L)
GLU_44          
ILE_45          
HIS_46          
ASN_47          
GLU_48          
VAL_49     84  (M)
GLU_50     118  (L)
PHE_51          
GLU_52          
TRP_53     5037  (L)
LEU_54          
ARG_55          
GLN_56          
PHE_57          
TRP_58          
PHE_59          
GLN_60          
GLY_61          
ASN_62          
ARG_63          
TYR_64          
ARG_65          
LYS_66     5002  (L)
CYS_67          
THR_68          
ASP_69          
TRP_70          
TRP_71          
CYS_72          
GLN_73          
PRO_74          
MET_75          
ALA_76          
GLN_77          
LEU_78          
GLU_79          
ALA_80     110  (H)
LEU_81     275  (H)
TRP_82          
LYS_83          
LYS_84          
MET_85          
GLU_86          
GLY_87     1020  (L)
VAL_88          
THR_89          
ASN_90     5011  (H)
ALA_91     256 (FH)
VAL_92     264  (H)
LEU_93     5009 (FH)
HIS_94     302 (FH)
GLU_95     252 (FH)
VAL_96     135  (L)
LYS_97     37  (L)
ARG_98     17  (L)
GLU_99          
GLY_100         
LEU_101    5020  (L)
PRO_102         
VAL_103         
GLU_104         
GLN_105         
ARG_106         
ASN_107         
GLU_108    261  (M)
ILE_109    1029  (L)
LEU_110         
THR_111         
ALA_112    254  (L)
ILE_113         
LEU_114    317  (M)
ALA_115    52  (M)
SER_116          
LEU_117         
THR_118         
ALA_119    5032  (L)
ARG_120         
GLN_121         
ASN_122    324  (L)
LEU_123         
ARG_124         
ARG_125         
GLU_126         
TRP_127         
HIS_128         
ALA_129         
ARG_130         
CYS_131         
GLN_132         
SER_133         
ARG_134    12  (L)
ILE_135          
ALA_136         
ARG_137    5017  (L)
THR_138    192  (M)
LEU_139         
PRO_140         
ALA_141    19  (H)
ASP_142    1094  (H)
GLN_143         
LYS_144         
PRO_145         
GLU_146         
CYS_147         
ARG_148         
PRO_149         
TYR_150         
TRP_151         
GLU_152         
LYS_153         
ASP_154         
ASP_155    5003  (L)
ALA_156    2002  (L)
SER_157    5014  (L)
MET_158    1007  (M)
PRO_159         
LEU_160    1060  (L)
PRO_161         
PHE_162    328  (M)
ASP_163         
LEU_164    78  (L)
THR_165         
ASP_166         
ILE_167    47  (L)
VAL_168    167 (FM)
SER_169    189 (FH)
GLU_170         
LEU_171         
ARG_172    162 (FH)
GLY_173    1019 (FH)
GLN_174    312 (FH)
LEU_175    24 (FM)
LEU_176         
GLU_177         
ALA_178    1017  (H)
LYS_179    371  (H)
PRO_180         
