9                    (i-1) --> (i) 	
12                   (i-1) --> (i) 	
17                   (i-1) --> (i) 	69                  
19                   (i-1) --> (i) 	1094                5031                
21                   (i-1) --> (i) 	
23                   (i-1) --> (i) 	83                  
24                   (i-1) --> (i) 	369                 
28                   (i-1) --> (i) 	1020                
31                   (i-1) --> (i) 	
32                   (i-1) --> (i) 	
37                   (i-1) --> (i) 	17                  5021                
47                   (i-1) --> (i) 	167                 
52                   (i-1) --> (i) 	
69                   (i-1) --> (i) 	
78                   (i-1) --> (i) 	
83                   (i-1) --> (i) 	
84                   (i-1) --> (i) 	118                 
88                   (i-1) --> (i) 	
92                   (i-1) --> (i) 	47                  
106                  (i-1) --> (i) 	5031                5034                
107                  (i-1) --> (i) 	
110                  (i-1) --> (i) 	275                 
118                  (i-1) --> (i) 	32                  5031                5034                
122                  (i-1) --> (i) 	28                  
123                  (i-1) --> (i) 	
124                  (i-1) --> (i) 	
135                  (i-1) --> (i) 	171                 
147                  (i-1) --> (i) 	31                  304                 
148                  (i-1) --> (i) 	
149                  (i-1) --> (i) 	
150                  (i-1) --> (i) 	5018                
152                  (i-1) --> (i) 	
162                  (i-1) --> (i) 	1019                5031                
163                  (i-1) --> (i) 	
167                  (i-1) --> (i) 	189                 
171                  (i-1) --> (i) 	
178                  (i-1) --> (i) 	
189                  (i-1) --> (i) 	
192                  (i-1) --> (i) 	
193                  (i-1) --> (i) 	
220                  (i-1) --> (i) 	23                  
242                  (i-1) --> (i) 	
245                  (i-1) --> (i) 	52                  
247                  (i-1) --> (i) 	220                 5021                
252                  (i-1) --> (i) 	
254                  (i-1) --> (i) 	
256                  (i-1) --> (i) 	264                 
258                  (i-1) --> (i) 	348                 1019                5031                
261                  (i-1) --> (i) 	1029                5034                
264                  (i-1) --> (i) 	5009                
266                  (i-1) --> (i) 	
270                  (i-1) --> (i) 	5005                5006                5025                
272                  (i-1) --> (i) 	
275                  (i-1) --> (i) 	
302                  (i-1) --> (i) 	252                 
304                  (i-1) --> (i) 	
310                  (i-1) --> (i) 	270                 1093                5021                
311                  (i-1) --> (i) 	328                 
312                  (i-1) --> (i) 	24                  
316                  (i-1) --> (i) 	5002                
317                  (i-1) --> (i) 	52                  
321                  (i-1) --> (i) 	
324                  (i-1) --> (i) 	5034                
328                  (i-1) --> (i) 	365                 5005                5006                5021                5025                
348                  (i-1) --> (i) 	
350                  (i-1) --> (i) 	
353                  (i-1) --> (i) 	5028                
365                  (i-1) --> (i) 	353                 
369                  (i-1) --> (i) 	380                 
371                  (i-1) --> (i) 	
380                  (i-1) --> (i) 	316                 1017                5021                
1006                 (i-1) --> (i) 	9                   
1007                 (i-1) --> (i) 	
1012                 (i-1) --> (i) 	
1017                 (i-1) --> (i) 	371                 5021                
1019                 (i-1) --> (i) 	312                 1007                5021                
1020                 (i-1) --> (i) 	1006                5016                5030                
1024                 (i-1) --> (i) 	
1029                 (i-1) --> (i) 	
1060                 (i-1) --> (i) 	78                  328                 371                 1063                
1063                 (i-1) --> (i) 	192                 
1073                 (i-1) --> (i) 	245                 
1093                 (i-1) --> (i) 	311                 5003                
1094                 (i-1) --> (i) 	
2002                 (i-1) --> (i) 	23                  275                 371                 5014                
5002                 (i-1) --> (i) 	5034                
5003                 (i-1) --> (i) 	310                 312                 365                 2002                5005                5006                5015                5017                5021                
5005                 (i-1) --> (i) 	258                 1024                
5006                 (i-1) --> (i) 	
5007                 (i-1) --> (i) 	
5008                 (i-1) --> (i) 	242                 5028                
5009                 (i-1) --> (i) 	302                 5031                5034                
5011                 (i-1) --> (i) 	256                 5021                
5013                 (i-1) --> (i) 	
5014                 (i-1) --> (i) 	270                 1007                1093                5021                
5015                 (i-1) --> (i) 	
5016                 (i-1) --> (i) 	
5017                 (i-1) --> (i) 	24                  47                  69                  124                 162                 192                 220                 302                 5027                
5018                 (i-1) --> (i) 	
5020                 (i-1) --> (i) 	
5021                 (i-1) --> (i) 	
5022                 (i-1) --> (i) 	5037                
5023                 (i-1) --> (i) 	148                 317                 1024                
5024                 (i-1) --> (i) 	
5025                 (i-1) --> (i) 	52                  122                 162                 310                 311                 353                 365                 1063                5003                5006                5008                5015                5016                5036                
5027                 (i-1) --> (i) 	
5028                 (i-1) --> (i) 	1012                
5030                 (i-1) --> (i) 	
5031                 (i-1) --> (i) 	
5032                 (i-1) --> (i) 	
5034                 (i-1) --> (i) 	
5036                 (i-1) --> (i) 	
5037                 (i-1) --> (i) 	5034                
5038                 (i-1) --> (i) 	23                  152                 275                 371                 5014                
5039                 (i-1) --> (i) 	
