RES     peak_id              reli          delN         delHN         delCO         delCA         delCB       delCO-1       delCA-1       delCB-1
SER_1   -                       -             -             -             -             -             -             -             -             -
SER_2   -                       -             -             -             -             -             -             -             -             -
THR_3   5023                  (M)       7.65000      -0.85200             -      -2.00785             -       4.13310      -0.07785       0.57500
GLY_4   150                   (L)       5.35000       0.24300             -      -0.83785             -       0.02310      -4.10785      -7.75500
THR_5   5018                  (M)       7.54000      -0.07200             -      -6.22785     -10.58500      -0.93690      -0.95785             -
LEU_6   -                       -             -             -             -             -             -             -             -             -
ASP_7   -                       -             -             -             -             -             -             -             -             -
TYR_8   380                   (M)      -0.12000      -0.65100      -0.22690      -2.30785      -9.10500       2.05310       0.64215       0.61500
ILE_9   -                       -             -             -             -             -             -             -             -             -
LEU_10  -                       -             -             -             -             -             -             -             -             -
GLN_11  -                       -             -             -             -             -             -             -             -             -
ARG_12  -                       -             -             -             -             -             -             -             -             -
CYS_13  5037                  (L)      -2.78000      -0.19400       4.84310       8.61215      -6.33500       1.26310      10.00215      -0.39500
GLN_14  -                       -             -             -             -             -             -             -             -             -
LEU_15  324                   (L)      -4.09000      -0.23300       2.39310       0.13215      -4.48500       1.78310       0.28215      -1.21500
ALA_16  5034                  (L)      -4.81000      -0.87200             -             -       3.87500       2.19310             -             -
LEU_17  -                       -             -             -             -             -             -             -             -             -
GLN_18  247                   (H)       0.91000      -0.98700      -0.00690       0.89215      -1.89500      -0.00690      -0.10785      -2.75500
ASN_19  220                  (FM)      -8.28000      -1.65800      -1.64690      -1.44785       0.03500      -0.00690       0.99215      -1.98500
VAL_20  -                       -             -             -             -             -             -             -             -             -
CYS_21  -                       -             -             -             -             -             -             -             -             -
ASP_22  270                   (L)       0.83000      -0.42900       0.03310      -0.69785      -0.11500       0.93310       2.81215       4.22500
ASP_23  5025                  (L)       0.38000      -0.47000             -             -      -0.02500      -0.06690      -0.52785       0.03500
VAL_24  310                   (L)      -0.66000      -0.43200      -0.75690      -1.44785      -0.27500       0.17310      -0.77785      -0.11500
ASP_25  1093                  (M)      -1.88000      -0.37500      -0.38690      -0.41785      -0.04500      -0.75690      -1.46785      -0.43500
ASN_26  311                   (M)      -0.46000      -0.82400      -1.18690      -1.24785       0.32500      -0.38690      -0.45785      -0.02500
ASP_27  -                       -             -             -             -             -             -             -             -             -
ASP_28  365                   (L)      -0.12000      -0.77000      -0.52690      -1.08785       0.12500      -0.04690      -0.15785      -0.08500
VAL_29  353                   (M)       1.97000      -0.20700      -1.93690      -0.67785      -0.33500      -0.52690      -1.10785       0.14500
SER_30  5028                 (FH)       2.80000      -0.20400      -2.02690             -       1.20500      -1.83690      -0.65785             -
LEU_31  1012                  (H)      -1.75000      -0.07500      -0.10690      -3.31785      -9.80500      -2.02690      -2.68785       1.22500
LYS_32  -                       -             -             -             -             -             -             -             -             -
SER_33  -                       -             -             -             -             -             -             -             -             -
PHE_34  -                       -             -             -             -             -             -             -             -             -
GLU_35  -                       -             -             -             -             -             -             -             -             -
PRO_36  -                       -             -             -             -             -             -             -             -             -
ALA_37  147                   (H)      -6.93000       0.19400       3.16310       2.30215      -0.86500       0.13310       2.47215      -0.24500
VAL_38  31                    (H)       1.41000      -1.20800       1.60310       1.94215      -1.40500       3.16310       2.14215      -0.96500
LEU_39  -                       -             -             -             -             -             -             -             -             -
LYS_40  122                   (M)       0.29000       0.25200       1.18310       3.29215      -0.19500       2.72310       0.67215      -1.23500
GLN_41  28                    (M)      -3.67000      -1.28000       1.18310       1.77215      -0.08500       1.18310       3.25215      -0.16500
GLY_42  -                       -             -             -             -             -             -             -             -             -
GLU_43  1006                  (L)      -2.30000       0.14000      -2.04690             -       2.38500       3.20310             -             -
GLU_44  -                       -             -             -             -             -             -             -             -             -
ILE_45  -                       -             -             -             -             -             -             -             -             -
HIS_46  -                       -             -             -             -             -             -             -             -             -
ASN_47  -                       -             -             -             -             -             -             -             -             -
GLU_48  -                       -             -             -             -             -             -             -             -             -
VAL_49  84                    (M)       5.79000       0.43400       0.41310       2.73215      -1.18500       1.84310       5.93215       2.42500
GLU_50  118                   (L)      -4.55000       0.72200       3.68310       3.05215      -1.64500       0.41310       2.71215      -1.54500
PHE_51  -                       -             -             -             -             -             -             -             -             -
GLU_52  -                       -             -             -             -             -             -             -             -             -
TRP_53  5037                  (L)      -5.17000       0.03600       3.12310       9.62215      -7.74500       1.37310       9.48215       0.60500
LEU_54  -                       -             -             -             -             -             -             -             -             -
ARG_55  -                       -             -             -             -             -             -             -             -             -
GLN_56  -                       -             -             -             -             -             -             -             -             -
PHE_57  -                       -             -             -             -             -             -             -             -             -
TRP_58  -                       -             -             -             -             -             -             -             -             -
PHE_59  -                       -             -             -             -             -             -             -             -             -
GLN_60  -                       -             -             -             -             -             -             -             -             -
GLY_61  -                       -             -             -             -             -             -             -             -             -
ASN_62  -                       -             -             -             -             -             -             -             -             -
ARG_63  -                       -             -             -             -             -             -             -             -             -
TYR_64  -                       -             -             -             -             -             -             -             -             -
ARG_65  -                       -             -             -             -             -             -             -             -             -
LYS_66  5002                  (L)      -0.16000      -0.20400       3.77310      -2.26785       7.76500      -0.88690      -3.20785             -
CYS_67  -                       -             -             -             -             -             -             -             -             -
THR_68  -                       -             -             -             -             -             -             -             -             -
ASP_69  -                       -             -             -             -             -             -             -             -             -
TRP_70  -                       -             -             -             -             -             -             -             -             -
TRP_71  -                       -             -             -             -             -             -             -             -             -
CYS_72  -                       -             -             -             -             -             -             -             -             -
GLN_73  -                       -             -             -             -             -             -             -             -             -
PRO_74  -                       -             -             -             -             -             -             -             -             -
MET_75  -                       -             -             -             -             -             -             -             -             -
ALA_76  -                       -             -             -             -             -             -             -             -             -
GLN_77  -                       -             -             -             -             -             -             -             -             -
LEU_78  -                       -             -             -             -             -             -             -             -             -
GLU_79  -                       -             -             -             -             -             -             -             -             -
ALA_80  110                   (H)      -0.57000      -0.31900      -0.99690      -1.30785      -0.31500       0.57310      -0.43785      -0.07500
LEU_81  275                   (H)       2.43000      -0.07100      -3.83690      -2.12785     -10.46500      -0.89690      -1.31785      -0.31500
TRP_82  -                       -             -             -             -             -             -             -             -             -
LYS_83  -                       -             -             -             -             -             -             -             -             -
LYS_84  -                       -             -             -             -             -             -             -             -             -
MET_85  -                       -             -             -             -             -             -             -             -             -
GLU_86  -                       -             -             -             -             -             -             -             -             -
GLY_87  1020                  (L)      -3.77000      -0.42700       3.11310       2.73215             -       1.45310       1.70215      -0.41500
VAL_88  -                       -             -             -             -             -             -             -             -             -
THR_89  -                       -             -             -             -             -             -             -             -             -
ASN_90  5011                  (H)      -2.95000      -0.93500       0.50310       2.99215       0.06500       1.41310       5.40215      -1.30500
ALA_91  256                  (FH)      -1.83000      -0.53200       3.47310       1.63215      -1.74500       0.50310       2.96215       0.05500
VAL_92  264                   (H)       3.91000       0.23200       0.50310       4.32215      -1.76500       3.47310       1.66215      -1.88500
LEU_93  5009                 (FH)      -6.69000      -0.31100       1.87310       1.40215      -2.77500       0.60310       4.32215      -1.51500
HIS_94  302                  (FH)      -1.05000      -0.54600       4.28310       4.25215       1.20500       1.87310       1.35215      -2.74500
GLU_95  252                  (FH)       1.06000      -1.01400       2.06310       1.32215      -0.35500       4.28310       4.34215       1.11500
VAL_96  135                   (L)       0.19000       0.51700       1.03310      -8.46785      -1.73500      -3.13690      -0.97785       1.16500
LYS_97  37                    (L)      -7.10000      -1.57600      -0.05690      -1.00785      -0.64500       0.03310       1.84215      -1.63500
ARG_98  17                    (L)       2.73000      -1.06400       1.43310       1.21215      -0.51500      -0.05690      -1.04785      -0.33500
GLU_99  -                       -             -             -             -             -             -             -             -             -
GLY_100 -                       -             -             -             -             -             -             -             -             -
LEU_101 5020                  (L)       2.52000       0.33800             -             -       5.00500       0.81310       4.81215             -
PRO_102 -                       -             -             -             -             -             -             -             -             -
VAL_103 -                       -             -             -             -             -             -             -             -             -
GLU_104 -                       -             -             -             -             -             -             -             -             -
GLN_105 -                       -             -             -             -             -             -             -             -             -
ARG_106 -                       -             -             -             -             -             -             -             -             -
ASN_107 -                       -             -             -             -             -             -             -             -             -
GLU_108 261                   (M)       1.07000      -0.82400       3.65310       2.20215      -0.68500       2.57310       2.12215      -1.85500
ILE_109 1029                  (L)       0.33000      -0.42700       0.85310       1.73215      -1.03500       3.65310       2.18215      -0.66500
LEU_110 -                       -             -             -             -             -             -             -             -             -
THR_111 -                       -             -             -             -             -             -             -             -             -
ALA_112 254                   (L)      -2.64000      -0.47100       0.11310       1.76215      -1.81500       1.17310       4.54215      -1.62500
ILE_113 -                       -             -             -             -             -             -             -             -             -
LEU_114 317                   (M)      -8.54000      -0.16400      -1.10690      -1.42785      -2.11500      -0.47690      -1.92785      -0.49500
ALA_115 52                    (M)       5.18000       0.02500      -0.26690      -0.51785      -1.00500      -1.20690      -1.90785      -1.73500
SER_116 -                       -             -             -             -             -             -             -             -             -
LEU_117 -                       -             -             -             -             -             -             -             -             -
THR_118 -                       -             -             -             -             -             -             -             -             -
ALA_119 5032                  (L)      -4.94000       0.52800             -             -      -2.98500       3.77310             -      -1.39500
ARG_120 -                       -             -             -             -             -             -             -             -             -
GLN_121 -                       -             -             -             -             -             -             -             -             -
ASN_122 324                   (L)      -1.18000      -0.48300       4.28310       2.20215      -1.11500       1.85310       0.32215      -1.21500
LEU_123 -                       -             -             -             -             -             -             -             -             -
ARG_124 -                       -             -             -             -             -             -             -             -             -
ARG_125 -                       -             -             -             -             -             -             -             -             -
GLU_126 -                       -             -             -             -             -             -             -             -             -
TRP_127 -                       -             -             -             -             -             -             -             -             -
HIS_128 -                       -             -             -             -             -             -             -             -             -
ALA_129 -                       -             -             -             -             -             -             -             -             -
ARG_130 -                       -             -             -             -             -             -             -             -             -
CYS_131 -                       -             -             -             -             -             -             -             -             -
GLN_132 -                       -             -             -             -             -             -             -             -             -
SER_133 -                       -             -             -             -             -             -             -             -             -
ARG_134 12                    (L)      -1.31000      -1.74100      -0.49690      -6.77785      -0.75500      -1.63690       0.39215      -0.25500
ILE_135 -                       -             -             -             -             -             -             -             -             -
ALA_136 -                       -             -             -             -             -             -             -             -             -
ARG_137 5017                  (L)       1.20000      -0.26400             -       1.09215             -      -1.92690      -9.00785             -
THR_138 192                   (M)      -1.48000      -0.48900      -3.26690      -6.64785      -4.91500       0.93310       1.52215       1.95500
LEU_139 -                       -             -             -             -             -             -             -             -             -
PRO_140 -                       -             -             -             -             -             -             -             -             -
ALA_141 19                    (H)      -0.67000      -1.06500       1.17310       1.16215       0.25500      -1.13690       2.16215      36.74500
ASP_142 1094                  (H)     -13.69000      -1.20400       1.02310       7.14215      -0.84500       1.17310       1.06215       0.49500
GLN_143 -                       -             -             -             -             -             -             -             -             -
LYS_144 -                       -             -             -             -             -             -             -             -             -
PRO_145 -                       -             -             -             -             -             -             -             -             -
GLU_146 -                       -             -             -             -             -             -             -             -             -
CYS_147 -                       -             -             -             -             -             -             -             -             -
ARG_148 -                       -             -             -             -             -             -             -             -             -
PRO_149 -                       -             -             -             -             -             -             -             -             -
TYR_150 -                       -             -             -             -             -             -             -             -             -
TRP_151 -                       -             -             -             -             -             -             -             -             -
GLU_152 -                       -             -             -             -             -             -             -             -             -
LYS_153 -                       -             -             -             -             -             -             -             -             -
ASP_154 -                       -             -             -             -             -             -             -             -             -
ASP_155 5003                  (L)       0.77000      -0.42500       0.37310             -      -0.10500      -0.36690      -0.50785      -0.09500
ALA_156 2002                  (L)       1.37000      -0.45500             -      -1.53785             -       0.37310      -6.05785             -
SER_157 5014                  (L)       5.77000      -0.47100       1.24310       2.61215             -      -0.56690      -1.37785      -0.72500
MET_158 1007                  (M)      -4.23000      -0.15500      -1.59690             -      -6.24500       1.44310             -      -7.77500
PRO_159 -                       -             -             -             -             -             -             -             -             -
LEU_160 1060                  (L)       0.75000       0.00400             -      -1.33785             -      -0.18690      -1.03785      -0.14500
PRO_161 -                       -             -             -             -             -             -             -             -             -
PHE_162 328                   (M)      -1.07000      -0.19600      -0.37690      -3.83785       1.22500      -2.67690     -11.18785       7.06500
ASP_163 -                       -             -             -             -             -             -             -             -             -
LEU_164 78                    (L)       4.97000       0.18000       3.36310      -1.95785       0.52500       0.62310      -1.92785      -0.87500
THR_165 -                       -             -             -             -             -             -             -             -             -
ASP_166 -                       -             -             -             -             -             -             -             -             -
ILE_167 47                    (L)       3.38000      -0.55200       1.25310       2.64215      -0.46500       2.88310       2.65215      -1.29500
VAL_168 167                  (FM)      -4.44000       0.28700       1.01310       4.26215      -1.99500       1.25310       2.55215      -0.46500
SER_169 189                  (FH)      -5.34000      -0.54400       2.05310       2.45215      -1.50500       1.01310       4.22215      -2.07500
GLU_170 -                       -             -             -             -             -             -             -             -             -
LEU_171 -                       -             -             -             -             -             -             -             -             -
ARG_172 162                  (FH)      -3.35000      -0.09800       2.80310       2.94215      -1.33500       1.03310       1.68215      -1.05500
GLY_173 1019                 (FH)      -4.98000      -0.75100       1.41310       0.58215             -       2.80310       2.88215      -1.29500
GLN_174 312                  (FH)       0.74000      -0.83000       1.10310       1.04215      -0.46500       1.41310       0.46215             -
LEU_175 24                   (FM)      -3.28000      -1.05900      -0.07690       0.18215      -0.30500       1.10310       1.02215      -0.41500
LEU_176 -                       -             -             -             -             -             -             -             -             -
GLU_177 -                       -             -             -             -             -             -             -             -             -
ALA_178 1017                  (H)       1.19000      -0.40000      -1.42690      -1.10785      -0.38500      -0.02690      -0.62785      -0.32500
LYS_179 371                   (H)       0.59000      -0.39500       0.18310      -1.50785       0.76500      -1.42690      -1.10785      -0.38500
PRO_180 -                       -             -             -             -             -             -             -             -             -
