RES     peak_id              reli          delN         delHN         delCO         delCA         delCB       delCO-1       delCA-1       delCB-1
SER_1   -                       -             -             -             -             -             -             -             -             -
SER_2   -                       -             -             -             -             -             -             -             -             -
THR_3   5023                  (M)       7.65000      -0.85200             -      -1.75000             -       4.46000       0.18000      -0.10000
GLY_4   150                   (L)       5.35000       0.24300             -      -0.58000             -       0.35000      -3.85000      -8.43000
THR_5   5018                  (M)       7.54000      -0.07200             -      -5.97000     -11.26000      -0.61000      -0.70000             -
LEU_6   -                       -             -             -             -             -             -             -             -             -
ASP_7   -                       -             -             -             -             -             -             -             -             -
TYR_8   380                   (M)      -0.12000      -0.65100       0.10000      -2.05000      -9.78000       2.38000       0.90000      -0.06000
ILE_9   -                       -             -             -             -             -             -             -             -             -
LEU_10  -                       -             -             -             -             -             -             -             -             -
GLN_11  -                       -             -             -             -             -             -             -             -             -
ARG_12  -                       -             -             -             -             -             -             -             -             -
CYS_13  5037                  (L)      -2.78000      -0.19400       5.17000       8.87000      -7.01000       1.59000      10.26000      -1.07000
GLN_14  -                       -             -             -             -             -             -             -             -             -
LEU_15  324                   (L)      -4.09000      -0.23300       2.72000       0.39000      -5.16000       2.11000       0.54000      -1.89000
ALA_16  5034                  (L)      -4.81000      -0.87200             -             -       3.20000       2.52000             -             -
LEU_17  -                       -             -             -             -             -             -             -             -             -
GLN_18  247                   (H)       0.91000      -0.98700       0.32000       1.15000      -2.57000       0.32000       0.15000      -3.43000
ASN_19  220                  (FM)      -8.28000      -1.65800      -1.32000      -1.19000      -0.64000       0.32000       1.25000      -2.66000
VAL_20  -                       -             -             -             -             -             -             -             -             -
CYS_21  -                       -             -             -             -             -             -             -             -             -
ASP_22  270                   (L)       0.83000      -0.42900       0.36000      -0.44000      -0.79000       1.26000       3.07000       3.55000
ASP_23  5025                  (L)       0.38000      -0.47000             -             -      -0.70000       0.26000      -0.27000      -0.64000
VAL_24  310                   (L)      -0.66000      -0.43200      -0.43000      -1.19000      -0.95000       0.50000      -0.52000      -0.79000
ASP_25  1093                  (M)      -1.88000      -0.37500      -0.06000      -0.16000      -0.72000      -0.43000      -1.21000      -1.11000
ASN_26  311                   (M)      -0.46000      -0.82400      -0.86000      -0.99000      -0.35000      -0.06000      -0.20000      -0.70000
ASP_27  -                       -             -             -             -             -             -             -             -             -
ASP_28  365                   (L)      -0.12000      -0.77000      -0.20000      -0.83000      -0.55000       0.28000       0.10000      -0.76000
VAL_29  353                   (M)       1.97000      -0.20700      -1.61000      -0.42000      -1.01000      -0.20000      -0.85000      -0.53000
SER_30  5028                 (FH)       2.80000      -0.20400      -1.70000             -       0.53000      -1.51000      -0.40000             -
LEU_31  1012                  (H)      -1.75000      -0.07500       0.22000      -3.06000     -10.48000      -1.70000      -2.43000       0.55000
LYS_32  -                       -             -             -             -             -             -             -             -             -
SER_33  -                       -             -             -             -             -             -             -             -             -
PHE_34  -                       -             -             -             -             -             -             -             -             -
GLU_35  -                       -             -             -             -             -             -             -             -             -
PRO_36  -                       -             -             -             -             -             -             -             -             -
ALA_37  147                   (H)      -6.93000       0.19400       3.49000       2.56000      -1.54000       0.46000       2.73000      -0.92000
VAL_38  31                    (H)       1.41000      -1.20800       1.93000       2.20000      -2.08000       3.49000       2.40000      -1.64000
LEU_39  -                       -             -             -             -             -             -             -             -             -
LYS_40  122                   (M)       0.29000       0.25200       1.51000       3.55000      -0.87000       3.05000       0.93000      -1.91000
GLN_41  28                    (M)      -3.67000      -1.28000       1.51000       2.03000      -0.76000       1.51000       3.51000      -0.84000
GLY_42  -                       -             -             -             -             -             -             -             -             -
GLU_43  1006                  (L)      -2.30000       0.14000      -1.72000             -       1.71000       3.53000             -             -
GLU_44  -                       -             -             -             -             -             -             -             -             -
ILE_45  -                       -             -             -             -             -             -             -             -             -
HIS_46  -                       -             -             -             -             -             -             -             -             -
ASN_47  -                       -             -             -             -             -             -             -             -             -
GLU_48  -                       -             -             -             -             -             -             -             -             -
VAL_49  84                    (M)       5.79000       0.43400       0.74000       2.99000      -1.86000       2.17000       6.19000       1.75000
GLU_50  118                   (L)      -4.55000       0.72200       4.01000       3.31000      -2.32000       0.74000       2.97000      -2.22000
PHE_51  -                       -             -             -             -             -             -             -             -             -
GLU_52  -                       -             -             -             -             -             -             -             -             -
TRP_53  5037                  (L)      -5.17000       0.03600       3.45000       9.88000      -8.42000       1.70000       9.74000      -0.07000
LEU_54  -                       -             -             -             -             -             -             -             -             -
ARG_55  -                       -             -             -             -             -             -             -             -             -
GLN_56  -                       -             -             -             -             -             -             -             -             -
PHE_57  -                       -             -             -             -             -             -             -             -             -
TRP_58  -                       -             -             -             -             -             -             -             -             -
PHE_59  -                       -             -             -             -             -             -             -             -             -
GLN_60  -                       -             -             -             -             -             -             -             -             -
GLY_61  -                       -             -             -             -             -             -             -             -             -
ASN_62  -                       -             -             -             -             -             -             -             -             -
ARG_63  -                       -             -             -             -             -             -             -             -             -
TYR_64  -                       -             -             -             -             -             -             -             -             -
ARG_65  -                       -             -             -             -             -             -             -             -             -
LYS_66  5002                  (L)      -0.16000      -0.20400       4.10000      -2.01000       7.09000      -0.56000      -2.95000             -
CYS_67  -                       -             -             -             -             -             -             -             -             -
THR_68  -                       -             -             -             -             -             -             -             -             -
ASP_69  -                       -             -             -             -             -             -             -             -             -
TRP_70  -                       -             -             -             -             -             -             -             -             -
TRP_71  -                       -             -             -             -             -             -             -             -             -
CYS_72  -                       -             -             -             -             -             -             -             -             -
GLN_73  -                       -             -             -             -             -             -             -             -             -
PRO_74  -                       -             -             -             -             -             -             -             -             -
MET_75  -                       -             -             -             -             -             -             -             -             -
ALA_76  -                       -             -             -             -             -             -             -             -             -
GLN_77  -                       -             -             -             -             -             -             -             -             -
LEU_78  -                       -             -             -             -             -             -             -             -             -
GLU_79  -                       -             -             -             -             -             -             -             -             -
ALA_80  110                   (H)      -0.57000      -0.31900      -0.67000      -1.05000      -0.99000       0.90000      -0.18000      -0.75000
LEU_81  275                   (H)       2.43000      -0.07100      -3.51000      -1.87000     -11.14000      -0.57000      -1.06000      -0.99000
TRP_82  -                       -             -             -             -             -             -             -             -             -
LYS_83  -                       -             -             -             -             -             -             -             -             -
LYS_84  -                       -             -             -             -             -             -             -             -             -
MET_85  -                       -             -             -             -             -             -             -             -             -
GLU_86  -                       -             -             -             -             -             -             -             -             -
GLY_87  1020                  (L)      -3.77000      -0.42700       3.44000       2.99000             -       1.78000       1.96000      -1.09000
VAL_88  -                       -             -             -             -             -             -             -             -             -
THR_89  -                       -             -             -             -             -             -             -             -             -
ASN_90  5011                  (H)      -2.95000      -0.93500       0.83000       3.25000      -0.61000       1.74000       5.66000      -1.98000
ALA_91  256                  (FH)      -1.83000      -0.53200       3.80000       1.89000      -2.42000       0.83000       3.22000      -0.62000
VAL_92  264                   (H)       3.91000       0.23200       0.83000       4.58000      -2.44000       3.80000       1.92000      -2.56000
LEU_93  5009                 (FH)      -6.69000      -0.31100       2.20000       1.66000      -3.45000       0.93000       4.58000      -2.19000
HIS_94  302                  (FH)      -1.05000      -0.54600       4.61000       4.51000       0.53000       2.20000       1.61000      -3.42000
GLU_95  252                  (FH)       1.06000      -1.01400       2.39000       1.58000      -1.03000       4.61000       4.60000       0.44000
VAL_96  135                   (L)       0.19000       0.51700       1.36000      -8.21000      -2.41000      -2.81000      -0.72000       0.49000
LYS_97  37                    (L)      -7.10000      -1.57600       0.27000      -0.75000      -1.32000       0.36000       2.10000      -2.31000
ARG_98  17                    (L)       2.73000      -1.06400       1.76000       1.47000      -1.19000       0.27000      -0.79000      -1.01000
GLU_99  -                       -             -             -             -             -             -             -             -             -
GLY_100 -                       -             -             -             -             -             -             -             -             -
LEU_101 5020                  (L)       2.52000       0.33800             -             -       4.33000       1.14000       5.07000             -
PRO_102 -                       -             -             -             -             -             -             -             -             -
VAL_103 -                       -             -             -             -             -             -             -             -             -
GLU_104 -                       -             -             -             -             -             -             -             -             -
GLN_105 -                       -             -             -             -             -             -             -             -             -
ARG_106 -                       -             -             -             -             -             -             -             -             -
ASN_107 -                       -             -             -             -             -             -             -             -             -
GLU_108 261                   (M)       1.07000      -0.82400       3.98000       2.46000      -1.36000       2.90000       2.38000      -2.53000
ILE_109 1029                  (L)       0.33000      -0.42700       1.18000       1.99000      -1.71000       3.98000       2.44000      -1.34000
LEU_110 -                       -             -             -             -             -             -             -             -             -
THR_111 -                       -             -             -             -             -             -             -             -             -
ALA_112 254                   (L)      -2.64000      -0.47100       0.44000       2.02000      -2.49000       1.50000       4.80000      -2.30000
ILE_113 -                       -             -             -             -             -             -             -             -             -
LEU_114 317                   (M)      -8.54000      -0.16400      -0.78000      -1.17000      -2.79000      -0.15000      -1.67000      -1.17000
ALA_115 52                    (M)       5.18000       0.02500       0.06000      -0.26000      -1.68000      -0.88000      -1.65000      -2.41000
SER_116 -                       -             -             -             -             -             -             -             -             -
LEU_117 -                       -             -             -             -             -             -             -             -             -
THR_118 -                       -             -             -             -             -             -             -             -             -
ALA_119 5032                  (L)      -4.94000       0.52800             -             -      -3.66000       4.10000             -      -2.07000
ARG_120 -                       -             -             -             -             -             -             -             -             -
GLN_121 -                       -             -             -             -             -             -             -             -             -
ASN_122 324                   (L)      -1.18000      -0.48300       4.61000       2.46000      -1.79000       2.18000       0.58000      -1.89000
LEU_123 -                       -             -             -             -             -             -             -             -             -
ARG_124 -                       -             -             -             -             -             -             -             -             -
ARG_125 -                       -             -             -             -             -             -             -             -             -
GLU_126 -                       -             -             -             -             -             -             -             -             -
TRP_127 -                       -             -             -             -             -             -             -             -             -
HIS_128 -                       -             -             -             -             -             -             -             -             -
ALA_129 -                       -             -             -             -             -             -             -             -             -
ARG_130 -                       -             -             -             -             -             -             -             -             -
CYS_131 -                       -             -             -             -             -             -             -             -             -
GLN_132 -                       -             -             -             -             -             -             -             -             -
SER_133 -                       -             -             -             -             -             -             -             -             -
ARG_134 12                    (L)      -1.31000      -1.74100      -0.17000      -6.52000      -1.43000      -1.31000       0.65000      -0.93000
ILE_135 -                       -             -             -             -             -             -             -             -             -
ALA_136 -                       -             -             -             -             -             -             -             -             -
ARG_137 5017                  (L)       1.20000      -0.26400             -       1.35000             -      -1.60000      -8.75000             -
THR_138 192                   (M)      -1.48000      -0.48900      -2.94000      -6.39000      -5.59000       1.26000       1.78000       1.28000
LEU_139 -                       -             -             -             -             -             -             -             -             -
PRO_140 -                       -             -             -             -             -             -             -             -             -
ALA_141 19                    (H)      -0.67000      -1.06500       1.50000       1.42000      -0.42000      -0.81000       2.42000      36.07000
ASP_142 1094                  (H)     -13.69000      -1.20400       1.35000       7.40000      -1.52000       1.50000       1.32000      -0.18000
GLN_143 -                       -             -             -             -             -             -             -             -             -
LYS_144 -                       -             -             -             -             -             -             -             -             -
PRO_145 -                       -             -             -             -             -             -             -             -             -
GLU_146 -                       -             -             -             -             -             -             -             -             -
CYS_147 -                       -             -             -             -             -             -             -             -             -
ARG_148 -                       -             -             -             -             -             -             -             -             -
PRO_149 -                       -             -             -             -             -             -             -             -             -
TYR_150 -                       -             -             -             -             -             -             -             -             -
TRP_151 -                       -             -             -             -             -             -             -             -             -
GLU_152 -                       -             -             -             -             -             -             -             -             -
LYS_153 -                       -             -             -             -             -             -             -             -             -
ASP_154 -                       -             -             -             -             -             -             -             -             -
ASP_155 5003                  (L)       0.77000      -0.42500       0.70000             -      -0.78000      -0.04000      -0.25000      -0.77000
ALA_156 2002                  (L)       1.37000      -0.45500             -      -1.28000             -       0.70000      -5.80000             -
SER_157 5014                  (L)       5.77000      -0.47100       1.57000       2.87000             -      -0.24000      -1.12000      -1.40000
MET_158 1007                  (M)      -4.23000      -0.15500      -1.27000             -      -6.92000       1.77000             -      -8.45000
PRO_159 -                       -             -             -             -             -             -             -             -             -
LEU_160 1060                  (L)       0.75000       0.00400             -      -1.08000             -       0.14000      -0.78000      -0.82000
PRO_161 -                       -             -             -             -             -             -             -             -             -
PHE_162 328                   (M)      -1.07000      -0.19600      -0.05000      -3.58000       0.55000      -2.35000     -10.93000       6.39000
ASP_163 -                       -             -             -             -             -             -             -             -             -
LEU_164 78                    (L)       4.97000       0.18000       3.69000      -1.70000      -0.15000       0.95000      -1.67000      -1.55000
THR_165 -                       -             -             -             -             -             -             -             -             -
ASP_166 -                       -             -             -             -             -             -             -             -             -
ILE_167 47                    (L)       3.38000      -0.55200       1.58000       2.90000      -1.14000       3.21000       2.91000      -1.97000
VAL_168 167                  (FM)      -4.44000       0.28700       1.34000       4.52000      -2.67000       1.58000       2.81000      -1.14000
SER_169 189                  (FH)      -5.34000      -0.54400       2.38000       2.71000      -2.18000       1.34000       4.48000      -2.75000
GLU_170 -                       -             -             -             -             -             -             -             -             -
LEU_171 -                       -             -             -             -             -             -             -             -             -
ARG_172 162                  (FH)      -3.35000      -0.09800       3.13000       3.20000      -2.01000       1.36000       1.94000      -1.73000
GLY_173 1019                 (FH)      -4.98000      -0.75100       1.74000       0.84000             -       3.13000       3.14000      -1.97000
GLN_174 312                  (FH)       0.74000      -0.83000       1.43000       1.30000      -1.14000       1.74000       0.72000             -
LEU_175 24                   (FM)      -3.28000      -1.05900       0.25000       0.44000      -0.98000       1.43000       1.28000      -1.09000
LEU_176 -                       -             -             -             -             -             -             -             -             -
GLU_177 -                       -             -             -             -             -             -             -             -             -
ALA_178 1017                  (H)       1.19000      -0.40000      -1.10000      -0.85000      -1.06000       0.30000      -0.37000      -1.00000
LYS_179 371                   (H)       0.59000      -0.39500       0.51000      -1.25000       0.09000      -1.10000      -0.85000      -1.06000
PRO_180 -                       -             -             -             -             -             -             -             -             -
