(Y8)CO-N-HN(M)    176.100    120.900      7.689
(C13)CO-N-HN(L)    179.800    117.500      8.376
(L15)CO-N-HN(L)    180.000    119.000      8.147
(Q18)CO-N-HN(H)    176.300    121.500      7.563
(N19)CO-N-HN(F)    174.000    111.900      6.952
(D22)CO-N-HN(L)    175.800    124.100      8.301
(V24)CO-N-HN(L)    175.900    119.200      7.838
(D25)CO-N-HN(M)    175.400    122.600      8.325
(N26)CO-N-HN(M)    174.500    118.900      7.796
(D28)CO-N-HN(L)    175.400    121.000      7.880
(V29)CO-N-HN(M)    174.900    122.000      8.063
(S30)CO-N-HN(F)    173.000    122.700      8.366
(L31)CO-N-HN(H)    177.800    122.400      8.335
(A37)CO-N-HN(H)    181.300    117.600      8.684
(V38)CO-N-HN(H)    178.400    119.900      6.992
(K40)CO-N-HN(M)    177.500    121.600      8.732
(Q41)CO-N-HN(M)    178.100    117.700      7.300
(E43)CO-N-HN(L)    174.400    117.700      8.510
(V49)CO-N-HN(M)    177.100    126.300      8.714
(E50)CO-N-HN(L)    179.600    119.500      9.172
(W53)CO-N-HN(L)    179.800    117.500      8.376
(K66)CO-N-HN(L)    180.000    121.600      8.286
(A80)CO-N-HN(H)    177.100    124.600      8.151
(L81)CO-N-HN(H)    173.800    123.400      8.149
(G87)CO-N-HN(L)    177.600    106.400      8.083
(N90)CO-N-HN(H)    176.000    118.200      7.665
(A91)CO-N-HN(F)    181.600    122.700      7.898
(V92)CO-N-HN(H)    177.300    122.400      8.432
(L93)CO-N-HN(F)    179.600    118.900      8.099
(H94)CO-N-HN(F)    178.100    118.000      8.124
(E95)CO-N-HN(F)    178.200    122.800      7.536
(V96)CO-N-HN(L)    177.700    120.700      8.797
(K97)CO-N-HN(L)    176.200    117.500      6.934
(R98)CO-N-HN(L)    177.400    124.600      7.436
(E108)CO-N-HN(M)    179.900    122.000      7.646
(I109)CO-N-HN(L)    177.600    121.600      7.863
(A112)CO-N-HN(L)    178.200    123.800      7.959
(L114)CO-N-HN(M)    176.500    117.800      8.236
(A115)CO-N-HN(M)    178.000    130.000      8.485
(N122)CO-N-HN(L)    180.000    119.000      8.147
(R134)CO-N-HN(L)    175.400    121.600      6.749
(T138)CO-N-HN(M)    171.500    113.600      7.881
(A141)CO-N-HN(H)    179.300    123.800      7.445
(D142)CO-N-HN(H)    177.100    106.000      7.406
(D155)CO-N-HN(L)    176.100    121.700      8.225
(S157)CO-N-HN(L)    176.000    120.700      8.009
(M158)CO-N-HN(M)    172.800    118.700      8.245
(F162)CO-N-HN(M)    175.900    119.900      8.274
(L164)CO-N-HN(L)    181.600    127.600      8.600
(I167)CO-N-HN(L)    178.000    124.000      7.708
(V168)CO-N-HN(F)    177.800    119.600      8.587
(S169)CO-N-HN(F)    177.100    114.500      8.026
(R172)CO-N-HN(F)    179.300    118.200      8.432
(G173)CO-N-HN(F)    176.000    105.300      7.789
(Q174)CO-N-HN(F)    177.700    120.400      7.580
(L175)CO-N-HN(F)    177.800    120.000      7.341
(A178)CO-N-HN(H)    176.200    126.300      8.070
(K179)CO-N-HN(H)    174.200    121.300      7.855
(9)CO-N-HN    174.700    125.800      7.046
(23)CO-N-HN    175.700    120.100      7.284
(32)CO-N-HN    178.500    119.100      6.805
(69)CO-N-HN    177.400    129.100      8.733
(83)CO-N-HN    174.900    126.600      8.621
(88)CO-N-HN    176.800    124.600      8.559
(106)CO-N-HN    179.700    125.400      8.304
(107)CO-N-HN    181.700    125.200      8.113
(123)CO-N-HN    174.900    122.600      8.657
(124)CO-N-HN    181.100    122.700      8.504
(148)CO-N-HN    178.300    117.500      8.699
(149)CO-N-HN    176.500    116.800      8.779
(152)CO-N-HN    170.600    115.200      8.615
(163)CO-N-HN    173.100    118.100      8.361
(171)CO-N-HN    176.900    119.900      8.522
(178)CO-N-HN    177.500    113.800      8.417
(193)CO-N-HN    172.100    113.500      7.766
(242)CO-N-HN    178.000    112.800      7.409
(245)CO-N-HN    176.400    120.600      7.499
(258)CO-N-HN    179.500    123.700      7.784
(266)CO-N-HN     29.610    122.600      8.432
(272)CO-N-HN    176.500    123.900      8.114
(304)CO-N-HN    174.100    116.800      8.280
(348)CO-N-HN    171.000    120.500      8.026
(350)CO-N-HN    175.400    122.100      8.190
(369)CO-N-HN    177.700    120.200      7.694
(1024)CO-N-HN    176.900    107.000      7.089
(1073)CO-N-HN    175.400    116.600      8.187
(5006)CO-N-HN    176.900    121.200      8.100
(5007)CO-N-HN    176.900    121.300      8.017
(5013)CO-N-HN    178.200    118.800      7.920
(5015)CO-N-HN    175.800    120.400      7.921
(5016)CO-N-HN    177.200    121.300      8.277
(5021)CO-N-HN    175.600    125.700      8.456
(5022)CO-N-HN    177.200    126.000      7.909
(5027)CO-N-HN    175.600    123.700      7.825
(5030)CO-N-HN    176.500    121.100      8.002
(5031)CO-N-HN    174.000    119.300      7.615
(5036)CO-N-HN    177.200    123.700      8.087
(5039)CO-N-HN    177.600    117.700      7.958
