(T3)CA-N-HN(M)     60.390    123.800      7.558
(T3)Co-N-HN(M)    179.500    123.800      7.558
(T3)Ca-N-HN(M)     58.940    123.800      7.558
(T3)Cb-N-HN(M)     63.960    123.800      7.558
(G4)CA-N-HN(L)     44.890    116.900      8.793
(G4)Co-N-HN(L)    175.800    116.900      8.793
(G4)Ca-N-HN(L)     58.290    116.900      8.793
(G4)Cb-N-HN(L)     61.580    116.900      8.793
(T5)CA-N-HN(M)     55.940    121.000      8.148
(T5)CB-N-HN(M)     58.750    121.000      8.148
(T5)Co-N-HN(M)    174.000    121.000      8.148
(T5)Ca-N-HN(M)     44.770    121.000      8.148
(Y8)CO-N-HN(M)    176.100    120.900      7.689
(Y8)CA-N-HN(M)     56.280    120.900      7.689
(Y8)CB-N-HN(M)     29.160    120.900      7.689
(Y8)Co-N-HN(M)    177.700    120.900      7.689
(Y8)Ca-N-HN(M)     54.910    120.900      7.689
(Y8)Cb-N-HN(M)     41.040    120.900      7.689
(C13)CO-N-HN(L)    179.800    117.500      8.376
(C13)CA-N-HN(L)     67.430    117.500      8.376
(C13)CB-N-HN(L)     21.330    117.500      8.376
(C13)Co-N-HN(L)    177.200    117.500      8.376
(C13)Ca-N-HN(L)     66.230    117.500      8.376
(C13)Cb-N-HN(L)     29.830    117.500      8.376
(L15)CO-N-HN(L)    180.000    119.000      8.147
(L15)CA-N-HN(L)     55.730    119.000      8.147
(L15)CB-N-HN(L)     37.300    119.000      8.147
(L15)Co-N-HN(L)    178.100    119.000      8.147
(L15)Ca-N-HN(L)     56.760    119.000      8.147
(L15)Cb-N-HN(L)     27.640    119.000      8.147
(A16)CB-N-HN(L)     22.460    119.900      7.588
(A16)Co-N-HN(L)    179.800    119.900      7.588
(Q18)CO-N-HN(H)    176.300    121.500      7.563
(Q18)CA-N-HN(H)     57.370    121.500      7.563
(Q18)CB-N-HN(H)     26.960    121.500      7.563
(Q18)Co-N-HN(H)    178.000    121.500      7.563
(Q18)Ca-N-HN(H)     55.620    121.500      7.563
(Q18)Cb-N-HN(H)     39.030    121.500      7.563
(N19)CO-N-HN(F)    174.000    111.900      6.952
(N19)CA-N-HN(F)     51.970    111.900      6.952
(N19)CB-N-HN(F)     38.450    111.900      6.952
(N19)Co-N-HN(F)    176.300    111.900      6.952
(N19)Ca-N-HN(F)     57.470    111.900      6.952
(N19)Cb-N-HN(F)     26.870    111.900      6.952
(D22)CO-N-HN(L)    175.800    124.100      8.301
(D22)CA-N-HN(L)     53.860    124.100      8.301
(D22)CB-N-HN(L)     40.310    124.100      8.301
(D22)Co-N-HN(L)    175.800    124.100      8.301
(D22)Ca-N-HN(L)     61.680    124.100      8.301
(D22)Cb-N-HN(L)     31.890    124.100      8.301
(D23)CB-N-HN(L)     40.400    121.500      8.180
(D23)Co-N-HN(L)    175.700    121.500      8.180
(D23)Ca-N-HN(L)     54.030    121.500      8.180
(D23)Cb-N-HN(L)     40.460    121.500      8.180
(V24)CO-N-HN(L)    175.900    119.200      7.838
(V24)CA-N-HN(L)     61.670    119.200      7.838
(V24)CB-N-HN(L)     31.870    119.200      7.838
(V24)Co-N-HN(L)    176.100    119.200      7.838
(V24)Ca-N-HN(L)     53.720    119.200      7.838
(V24)Cb-N-HN(L)     40.310    119.200      7.838
(D25)CO-N-HN(M)    175.400    122.600      8.325
(D25)CA-N-HN(M)     53.990    122.600      8.325
(D25)CB-N-HN(M)     40.380    122.600      8.325
(D25)Co-N-HN(M)    175.900    122.600      8.325
(D25)Ca-N-HN(M)     61.650    122.600      8.325
(D25)Cb-N-HN(M)     31.710    122.600      8.325
(N26)CO-N-HN(M)    174.500    118.900      7.796
(N26)CA-N-HN(M)     52.590    118.900      7.796
(N26)CB-N-HN(M)     38.740    118.900      7.796
(N26)Co-N-HN(M)    175.400    118.900      7.796
(N26)Ca-N-HN(M)     53.950    118.900      7.796
(N26)Cb-N-HN(M)     40.400    118.900      7.796
(D28)CO-N-HN(L)    175.400    121.000      7.880
(D28)CA-N-HN(L)     53.410    121.000      7.880
(D28)CB-N-HN(L)     40.550    121.000      7.880
(D28)Co-N-HN(L)    175.900    121.000      7.880
(D28)Ca-N-HN(L)     54.530    121.000      7.880
(D28)Cb-N-HN(L)     40.340    121.000      7.880
(V29)CO-N-HN(M)    174.900    122.000      8.063
(V29)CA-N-HN(M)     62.360    122.000      8.063
(V29)CB-N-HN(M)     31.810    122.000      8.063
(V29)Co-N-HN(M)    175.400    122.000      8.063
(V29)Ca-N-HN(M)     53.390    122.000      8.063
(V29)Cb-N-HN(M)     40.570    122.000      8.063
(S30)CO-N-HN(F)    173.000    122.700      8.366
(S30)CB-N-HN(F)     64.590    122.700      8.366
(S30)Co-N-HN(F)    175.000    122.700      8.366
(S30)Ca-N-HN(F)     62.380    122.700      8.366
(L31)CO-N-HN(H)    177.800    122.400      8.335
(L31)CA-N-HN(H)     52.430    122.400      8.335
(L31)CB-N-HN(H)     31.980    122.400      8.335
(L31)Co-N-HN(H)    173.000    122.400      8.335
(L31)Ca-N-HN(H)     56.120    122.400      8.335
(L31)Cb-N-HN(H)     64.610    122.400      8.335
(A37)CO-N-HN(H)    181.300    117.600      8.684
(A37)CA-N-HN(H)     55.190    117.600      8.684
(A37)CB-N-HN(H)     17.720    117.600      8.684
(A37)Co-N-HN(H)    177.300    117.600      8.684
(A37)Ca-N-HN(H)     66.310    117.600      8.684
(A37)Cb-N-HN(H)     31.300    117.600      8.684
(V38)CO-N-HN(H)    178.400    119.900      6.992
(V38)CA-N-HN(H)     64.770    119.900      6.992
(V38)CB-N-HN(H)     30.740    119.900      6.992
(V38)Co-N-HN(H)    181.300    119.900      6.992
(V38)Ca-N-HN(H)     55.030    119.900      6.992
(V38)Cb-N-HN(H)     17.620    119.900      6.992
(K40)CO-N-HN(M)    177.500    121.600      8.732
(K40)CA-N-HN(M)     59.720    121.600      8.732
(K40)CB-N-HN(M)     32.230    121.600      8.732
(K40)Co-N-HN(M)    180.600    121.600      8.732
(K40)Ca-N-HN(M)     56.270    121.600      8.732
(K40)Cb-N-HN(M)     40.550    121.600      8.732
(Q41)CO-N-HN(M)    178.100    117.700      7.300
(Q41)CA-N-HN(M)     58.230    117.700      7.300
(Q41)CB-N-HN(M)     28.770    117.700      7.300
(Q41)Co-N-HN(M)    177.500    117.700      7.300
(Q41)Ca-N-HN(M)     59.680    117.700      7.300
(Q41)Cb-N-HN(M)     32.260    117.700      7.300
(E43)CO-N-HN(L)    174.400    117.700      8.510
(E43)CB-N-HN(L)     31.610    117.700      8.510
(E43)Co-N-HN(L)    177.800    117.700      8.510
(E43)Cb-N-HN(L)     47.910    117.700      8.510
(V49)CO-N-HN(M)    177.100    126.300      8.714
(V49)CA-N-HN(M)     65.570    126.300      8.714
(V49)CB-N-HN(M)     30.960    126.300      8.714
(V49)Co-N-HN(M)    178.100    126.300      8.714
(V49)Ca-N-HN(M)     62.810    126.300      8.714
(V49)Cb-N-HN(M)     31.650    126.300      8.714
(E50)CO-N-HN(L)    179.600    119.500      9.172
(E50)CA-N-HN(L)     59.660    119.500      9.172
(E50)CB-N-HN(L)     27.580    119.500      9.172
(E50)Co-N-HN(L)    177.100    119.500      9.172
(E50)Ca-N-HN(L)     65.550    119.500      9.172
(E50)Cb-N-HN(L)     30.600    119.500      9.172
(W53)CO-N-HN(L)    179.800    117.500      8.376
(W53)CA-N-HN(L)     67.430    117.500      8.376
(W53)CB-N-HN(L)     21.330    117.500      8.376
(W53)Co-N-HN(L)    177.200    117.500      8.376
(W53)Ca-N-HN(L)     66.230    117.500      8.376
(W53)Cb-N-HN(L)     29.830    117.500      8.376
(K66)CO-N-HN(L)    180.000    121.600      8.286
(K66)CA-N-HN(L)     54.110    121.600      8.286
(K66)CB-N-HN(L)     40.190    121.600      8.286
(K66)Co-N-HN(L)    175.000    121.600      8.286
(K66)Ca-N-HN(L)     53.000    121.600      8.286
(A80)CO-N-HN(H)    177.100    124.600      8.151
(A80)CA-N-HN(H)     51.720    124.600      8.151
(A80)CB-N-HN(H)     18.270    124.600      8.151
(A80)Co-N-HN(H)    176.600    124.600      8.151
(A80)Ca-N-HN(H)     56.280    124.600      8.151
(A80)Cb-N-HN(H)     29.150    124.600      8.151
(L81)CO-N-HN(H)    173.800    123.400      8.149
(L81)CA-N-HN(H)     53.490    123.400      8.149
(L81)CB-N-HN(H)     31.320    123.400      8.149
(L81)Co-N-HN(H)    177.200    123.400      8.149
(L81)Ca-N-HN(H)     51.710    123.400      8.149
(L81)Cb-N-HN(H)     18.270    123.400      8.149
(G87)CO-N-HN(L)    177.600    106.400      8.083
(G87)CA-N-HN(L)     48.220    106.400      8.083
(G87)Co-N-HN(L)    178.200    106.400      8.083
(G87)Ca-N-HN(L)     58.500    106.400      8.083
(G87)Cb-N-HN(L)     28.810    106.400      8.083
(N90)CO-N-HN(H)    176.000    118.200      7.665
(N90)CA-N-HN(H)     56.530    118.200      7.665
(N90)CB-N-HN(H)     38.480    118.200      7.665
(N90)Co-N-HN(H)    176.500    118.200      7.665
(N90)Ca-N-HN(H)     67.620    118.200      7.665
(N90)Cb-N-HN(H)     68.030    118.200      7.665
(A91)CO-N-HN(F)    181.600    122.700      7.898
(A91)CA-N-HN(F)     54.730    122.700      7.898
(A91)CB-N-HN(F)     16.840    122.700      7.898
(A91)Co-N-HN(F)    176.000    122.700      7.898
(A91)Ca-N-HN(F)     56.500    122.700      7.898
(A91)Cb-N-HN(F)     38.470    122.700      7.898
(V92)CO-N-HN(H)    177.300    122.400      8.432
(V92)CA-N-HN(H)     67.150    122.400      8.432
(V92)CB-N-HN(H)     30.380    122.400      8.432
(V92)Co-N-HN(H)    181.600    122.400      8.432
(V92)Ca-N-HN(H)     54.760    122.400      8.432
(V92)Cb-N-HN(H)     16.700    122.400      8.432
(L93)CO-N-HN(F)    179.600    118.900      8.099
(L93)CA-N-HN(F)     57.020    118.900      8.099
(L93)CB-N-HN(F)     39.010    118.900      8.099
(L93)Co-N-HN(F)    177.400    118.900      8.099
(L93)Ca-N-HN(F)     67.150    118.900      8.099
(L93)Cb-N-HN(F)     30.630    118.900      8.099
(H94)CO-N-HN(F)    178.100    118.000      8.124
(H94)CA-N-HN(F)     59.460    118.000      8.124
(H94)CB-N-HN(F)     29.530    118.000      8.124
(H94)Co-N-HN(F)    179.600    118.000      8.124
(H94)Ca-N-HN(F)     56.970    118.000      8.124
(H94)Cb-N-HN(F)     39.040    118.000      8.124
(E95)CO-N-HN(F)    178.200    122.800      7.536
(E95)CA-N-HN(F)     57.990    122.800      7.536
(E95)CB-N-HN(F)     28.870    122.800      7.536
(E95)Co-N-HN(F)    178.100    122.800      7.536
(E95)Ca-N-HN(F)     59.550    122.800      7.536
(E95)Cb-N-HN(F)     29.440    122.800      7.536
(V96)CO-N-HN(L)    177.700    120.700      8.797
(V96)CA-N-HN(L)     54.340    120.700      8.797
(V96)CB-N-HN(L)     30.410    120.700      8.797
(V96)Co-N-HN(L)    173.000    120.700      8.797
(V96)Ca-N-HN(L)     55.690    120.700      8.797
(V96)Cb-N-HN(L)     30.390    120.700      8.797
(K97)CO-N-HN(L)    176.200    117.500      6.934
(K97)CA-N-HN(L)     55.360    117.500      6.934
(K97)CB-N-HN(L)     31.780    117.500      6.934
(K97)Co-N-HN(L)    176.700    117.500      6.934
(K97)Ca-N-HN(L)     64.650    117.500      6.934
(K97)Cb-N-HN(L)     30.510    117.500      6.934
(R98)CO-N-HN(L)    177.400    124.600      7.436
(R98)CA-N-HN(L)     57.370    124.600      7.436
(R98)CB-N-HN(L)     29.710    124.600      7.436
(R98)Co-N-HN(L)    176.200    124.600      7.436
(R98)Ca-N-HN(L)     55.320    124.600      7.436
(R98)Cb-N-HN(L)     32.090    124.600      7.436
(L101)CB-N-HN(L)     46.790    124.800      8.438
(L101)Co-N-HN(L)    174.900    124.800      8.438
(L101)Ca-N-HN(L)     50.410    124.800      8.438
(L101)Cb-N-HN(L)     48.520    124.800      8.438
(E108)CO-N-HN(M)    179.900    122.000      7.646
(E108)CA-N-HN(M)     59.090    122.000      7.646
(E108)CB-N-HN(M)     28.540    122.000      7.646
(E108)Co-N-HN(M)    178.300    122.000      7.646
(E108)Ca-N-HN(M)     55.620    122.000      7.646
(E108)Cb-N-HN(M)     36.560    122.000      7.646
(I109)CO-N-HN(L)    177.600    121.600      7.863
(I109)CA-N-HN(L)     63.560    121.600      7.863
(I109)CB-N-HN(L)     37.200    121.600      7.863
(I109)Co-N-HN(L)    179.900    121.600      7.863
(I109)Ca-N-HN(L)     59.070    121.600      7.863
(I109)Cb-N-HN(L)     28.560    121.600      7.863
(A112)CO-N-HN(L)    178.200    123.800      7.959
(A112)CA-N-HN(L)     54.760    123.800      7.959
(A112)CB-N-HN(L)     16.770    123.800      7.959
(A112)Co-N-HN(L)    176.200    123.800      7.959
(A112)Ca-N-HN(L)     66.670    123.800      7.959
(A112)Cb-N-HN(L)     67.710    123.800      7.959
(L114)CO-N-HN(M)    176.500    117.800      8.236
(L114)CA-N-HN(M)     54.120    117.800      8.236
(L114)CB-N-HN(M)     39.670    117.800      8.236
(L114)Co-N-HN(M)    176.400    117.800      8.236
(L114)Ca-N-HN(M)     59.910    117.800      8.236
(L114)Cb-N-HN(M)     37.740    117.800      8.236
(A115)CO-N-HN(M)    178.000    130.000      8.485
(A115)CA-N-HN(M)     52.510    130.000      8.485
(A115)CB-N-HN(M)     17.580    130.000      8.485
(A115)Co-N-HN(M)    176.400    130.000      8.485
(A115)Ca-N-HN(M)     53.640    130.000      8.485
(A115)Cb-N-HN(M)     40.050    130.000      8.485
(A119)CB-N-HN(L)     15.600    121.500      8.998
(A119)Co-N-HN(L)    178.800    121.500      8.998
(A119)Cb-N-HN(L)     67.940    121.500      8.998
(N122)CO-N-HN(L)    180.000    119.000      8.147
(N122)CA-N-HN(L)     55.730    119.000      8.147
(N122)CB-N-HN(L)     37.300    119.000      8.147
(N122)Co-N-HN(L)    178.100    119.000      8.147
(N122)Ca-N-HN(L)     56.760    119.000      8.147
(N122)Cb-N-HN(L)     27.640    119.000      8.147
(R134)CO-N-HN(L)    175.400    121.600      6.749
(R134)CA-N-HN(L)     49.410    121.600      6.749
(R134)CB-N-HN(L)     29.470    121.600      6.749
(R134)Co-N-HN(L)    173.400    121.600      6.749
(R134)Ca-N-HN(L)     59.290    121.600      6.749
(R134)Cb-N-HN(L)     63.130    121.600      6.749
(R137)CA-N-HN(L)     57.370    121.100      8.196
(R137)Co-N-HN(L)    176.200    121.100      8.196
(R137)Ca-N-HN(L)     43.990    121.100      8.196
(T138)CO-N-HN(M)    171.500    113.600      7.881
(T138)CA-N-HN(M)     55.510    113.600      7.881
(T138)CB-N-HN(M)     64.420    113.600      7.881
(T138)Co-N-HN(M)    177.300    113.600      7.881
(T138)Ca-N-HN(M)     57.800    113.600      7.881
(T138)Cb-N-HN(M)     32.180    113.600      7.881
(A141)CO-N-HN(H)    179.300    123.800      7.445
(A141)CA-N-HN(H)     54.260    123.800      7.445
(A141)CB-N-HN(H)     18.840    123.800      7.445
(A141)Co-N-HN(H)    176.100    123.800      7.445
(A141)Ca-N-HN(H)     65.980    123.800      7.445
(A141)Cb-N-HN(H)     68.290    123.800      7.445
(D142)CO-N-HN(H)    177.100    106.000      7.406
(D142)CA-N-HN(H)     61.600    106.000      7.406
(D142)CB-N-HN(H)     39.580    106.000      7.406
(D142)Co-N-HN(H)    179.300    106.000      7.406
(D142)Ca-N-HN(H)     54.160    106.000      7.406
(D142)Cb-N-HN(H)     19.080    106.000      7.406
(D155)CO-N-HN(L)    176.100    121.700      8.225
(D155)CB-N-HN(L)     40.320    121.700      8.225
(D155)Co-N-HN(L)    175.500    121.700      8.225
(D155)Ca-N-HN(L)     53.930    121.700      8.225
(D155)Cb-N-HN(L)     40.330    121.700      8.225
(A156)CA-N-HN(L)     51.710    126.000      8.005
(A156)Co-N-HN(L)    176.100    126.000      8.005
(A156)Ca-N-HN(L)     48.480    126.000      8.005
(S157)CO-N-HN(L)    176.000    120.700      8.009
(S157)CA-N-HN(L)     61.700    120.700      8.009
(S157)Co-N-HN(L)    177.700    120.700      8.009
(S157)Ca-N-HN(L)     51.870    120.700      8.009
(S157)Cb-N-HN(L)     17.860    120.700      8.009
(M158)CO-N-HN(M)    172.800    118.700      8.245
(M158)CB-N-HN(M)     26.020    118.700      8.245
(M158)Co-N-HN(M)    176.200    118.700      8.245
(M158)Cb-N-HN(M)     55.610    118.700      8.245
(L160)CA-N-HN(L)     52.410    123.900      8.294
(L160)Co-N-HN(L)    176.800    123.900      8.294
(L160)Ca-N-HN(L)     62.760    123.900      8.294
(L160)Cb-N-HN(L)     31.400    123.900      8.294
(F162)CO-N-HN(M)    175.900    119.900      8.274
(F162)CA-N-HN(M)     54.530    119.900      8.274
(F162)CB-N-HN(M)     40.300    119.900      8.274
(F162)Co-N-HN(M)    174.500    119.900      8.274
(F162)Ca-N-HN(M)     52.570    119.900      8.274
(F162)Cb-N-HN(M)     38.610    119.900      8.274
(L164)CO-N-HN(L)    181.600    127.600      8.600
(L164)CA-N-HN(L)     53.980    127.600      8.600
(L164)CB-N-HN(L)     42.310    127.600      8.600
(L164)Co-N-HN(L)    176.500    127.600      8.600
(L164)Ca-N-HN(L)     52.490    127.600      8.600
(L164)Cb-N-HN(L)     39.550    127.600      8.600
(I167)CO-N-HN(L)    178.000    124.000      7.708
(I167)CA-N-HN(L)     64.560    124.000      7.708
(I167)CB-N-HN(L)     37.770    124.000      7.708
(I167)Co-N-HN(L)    178.800    124.000      7.708
(I167)Ca-N-HN(L)     57.030    124.000      7.708
(I167)Cb-N-HN(L)     39.130    124.000      7.708
(V168)CO-N-HN(F)    177.800    119.600      8.587
(V168)CA-N-HN(F)     67.040    119.600      8.587
(V168)CB-N-HN(F)     30.150    119.600      8.587
(V168)Co-N-HN(F)    178.000    119.600      8.587
(V168)Ca-N-HN(F)     64.470    119.600      8.587
(V168)Cb-N-HN(F)     37.770    119.600      8.587
(S169)CO-N-HN(F)    177.100    114.500      8.026
(S169)CA-N-HN(F)     61.280    114.500      8.026
(S169)CB-N-HN(F)     61.880    114.500      8.026
(S169)Co-N-HN(F)    177.800    114.500      8.026
(S169)Ca-N-HN(F)     67.000    114.500      8.026
(S169)Cb-N-HN(F)     30.070    114.500      8.026
(R172)CO-N-HN(F)    179.300    118.200      8.432
(R172)CA-N-HN(F)     59.230    118.200      8.432
(R172)CB-N-HN(F)     28.890    118.200      8.432
(R172)Co-N-HN(F)    178.900    118.200      8.432
(R172)Ca-N-HN(F)     57.390    118.200      8.432
(R172)Cb-N-HN(F)     40.730    118.200      8.432
(G173)CO-N-HN(F)    176.000    105.300      7.789
(G173)CA-N-HN(F)     46.160    105.300      7.789
(G173)Co-N-HN(F)    179.300    105.300      7.789
(G173)Ca-N-HN(F)     59.170    105.300      7.789
(G173)Cb-N-HN(F)     28.930    105.300      7.789
(Q174)CO-N-HN(F)    177.700    120.400      7.580
(Q174)CA-N-HN(F)     57.420    120.400      7.580
(Q174)CB-N-HN(F)     28.390    120.400      7.580
(Q174)Co-N-HN(F)    176.000    120.400      7.580
(Q174)Ca-N-HN(F)     46.040    120.400      7.580
(L175)CO-N-HN(F)    177.800    120.000      7.341
(L175)CA-N-HN(F)     55.850    120.000      7.341
(L175)CB-N-HN(F)     41.480    120.000      7.341
(L175)Co-N-HN(F)    177.700    120.000      7.341
(L175)Ca-N-HN(F)     57.400    120.000      7.341
(L175)Cb-N-HN(F)     28.440    120.000      7.341
(A178)CO-N-HN(H)    176.200    126.300      8.070
(A178)CA-N-HN(H)     51.910    126.300      8.070
(A178)CB-N-HN(H)     18.200    126.300      8.070
(A178)Co-N-HN(H)    176.000    126.300      8.070
(A178)Ca-N-HN(H)     56.090    126.300      8.070
(A178)Cb-N-HN(H)     28.900    126.300      8.070
(K179)CO-N-HN(H)    174.200    121.300      7.855
(K179)CA-N-HN(H)     53.010    121.300      7.855
(K179)CB-N-HN(H)     33.190    121.300      7.855
(K179)Co-N-HN(H)    176.200    121.300      7.855
(K179)Ca-N-HN(H)     51.910    121.300      7.855
(K179)Cb-N-HN(H)     18.200    121.300      7.855
(9)CO-N-HN    174.700    125.800      7.046
(9)CA-N-HN     52.560    125.800      7.046
(9)CB-N-HN     41.710    125.800      7.046
(9)Co-N-HN    174.500    125.800      7.046
(9)Ca-N-HN     44.290    125.800      7.046
(21)CA-N-HN     58.640    121.400      7.319
(21)CB-N-HN     30.520    121.400      7.319
(21)Co-N-HN    180.500    121.400      7.319
(21)Ca-N-HN     59.640    121.400      7.319
(21)Cb-N-HN     31.120    121.400      7.319
(23)CO-N-HN    175.700    120.100      7.284
(23)CA-N-HN     61.620    120.100      7.284
(23)CB-N-HN     31.160    120.100      7.284
(23)Co-N-HN    174.000    120.100      7.284
(23)Ca-N-HN     51.830    120.100      7.284
(23)Cb-N-HN     38.620    120.100      7.284
(32)CO-N-HN    178.500    119.100      6.805
(32)CA-N-HN     58.150    119.100      6.805
(32)CB-N-HN     27.590    119.100      6.805
(32)Co-N-HN    179.600    119.100      6.805
(32)Ca-N-HN     59.650    119.100      6.805
(32)Cb-N-HN     27.750    119.100      6.805
(69)CO-N-HN    177.400    129.100      8.733
(69)CA-N-HN     57.540    129.100      8.733
(69)CB-N-HN     28.670    129.100      8.733
(69)Ca-N-HN     57.370    129.100      8.733
(69)Cb-N-HN     29.710    129.100      8.733
(83)CO-N-HN    174.900    126.600      8.621
(83)CA-N-HN     59.680    126.600      8.621
(83)CB-N-HN     26.970    126.600      8.621
(83)Co-N-HN    175.700    126.600      8.621
(83)Ca-N-HN     61.520    126.600      8.621
(83)Cb-N-HN     31.200    126.600      8.621
(88)CO-N-HN    176.800    124.600      8.559
(88)CA-N-HN     65.310    124.600      8.559
(88)CB-N-HN     29.120    124.600      8.559
(88)Co-N-HN    181.000    124.600      8.559
(88)Ca-N-HN     59.160    124.600      8.559
(88)Cb-N-HN     18.760    124.600      8.559
(92)CA-N-HN     57.100    122.000      9.122
(92)CB-N-HN     39.620    122.000      9.122
(92)Co-N-HN    178.600    122.000      9.122
(92)Ca-N-HN     55.700    122.000      9.122
(92)Cb-N-HN     37.250    122.000      9.122
(106)CO-N-HN    179.700    125.400      8.304
(106)CA-N-HN     59.150    125.400      8.304
(106)CB-N-HN     40.320    125.400      8.304
(106)Co-N-HN    177.600    125.400      8.304
(106)Ca-N-HN     61.570    125.400      8.304
(106)Cb-N-HN     39.110    125.400      8.304
(107)CO-N-HN    181.700    125.200      8.113
(107)CA-N-HN     58.030    125.200      8.113
(107)CB-N-HN     40.480    125.200      8.113
(107)Co-N-HN    177.700    125.200      8.113
(107)Ca-N-HN     53.240    125.200      8.113
(107)Cb-N-HN     31.250    125.200      8.113
(123)CO-N-HN    174.900    122.600      8.657
(123)CA-N-HN     55.980    122.600      8.657
(123)CB-N-HN     37.700    122.600      8.657
(123)Co-N-HN    172.700    122.600      8.657
(123)Ca-N-HN     55.510    122.600      8.657
(123)Cb-N-HN     64.270    122.600      8.657
(124)CO-N-HN    181.100    122.700      8.504
(124)CA-N-HN     59.100    122.700      8.504
(124)CB-N-HN     28.210    122.700      8.504
(124)Co-N-HN    179.200    122.700      8.504
(124)Ca-N-HN     57.390    122.700      8.504
(124)Cb-N-HN     27.530    122.700      8.504
(148)CO-N-HN    178.300    117.500      8.699
(148)CA-N-HN     60.020    117.500      8.699
(148)CB-N-HN     36.450    117.500      8.699
(148)Co-N-HN    178.400    117.500      8.699
(148)Ca-N-HN     60.020    117.500      8.699
(148)Cb-N-HN     28.880    117.500      8.699
(149)CO-N-HN    176.500    116.800      8.779
(149)CA-N-HN     51.140    116.800      8.779
(149)CB-N-HN     29.020    116.800      8.779
(149)Co-N-HN    179.800    116.800      8.779
(149)Ca-N-HN     61.440    116.800      8.779
(149)Cb-N-HN     28.880    116.800      8.779
(152)CO-N-HN    170.600    115.200      8.615
(152)CA-N-HN     59.340    115.200      8.615
(152)CB-N-HN     63.140    115.200      8.615
(152)Co-N-HN    178.000    115.200      8.615
(152)Ca-N-HN     51.170    115.200      8.615
(152)Cb-N-HN     17.930    115.200      8.615
(163)CO-N-HN    173.100    118.100      8.361
(163)CA-N-HN     57.880    118.100      8.361
(163)CB-N-HN     41.300    118.100      8.361
(163)Co-N-HN    177.600    118.100      8.361
(163)Ca-N-HN     66.280    118.100      8.361
(163)Cb-N-HN     36.900    118.100      8.361
(171)CO-N-HN    176.900    119.900      8.522
(171)CA-N-HN     58.250    119.900      8.522
(171)CB-N-HN     30.910    119.900      8.522
(171)Co-N-HN    177.700    119.900      8.522
(171)Ca-N-HN     54.350    119.900      8.522
(171)Cb-N-HN     30.340    119.900      8.522
(178)CO-N-HN    177.500    113.800      8.417
(178)CA-N-HN     66.000    113.800      8.417
(178)CB-N-HN     68.390    113.800      8.417
(178)Co-N-HN    178.800    113.800      8.417
(178)Ca-N-HN     58.070    113.800      8.417
(178)Cb-N-HN     41.160    113.800      8.417
(193)CO-N-HN    172.100    113.500      7.766
(193)CA-N-HN     64.670    113.500      7.766
(193)CB-N-HN     30.410    113.500      7.766
(193)Co-N-HN    178.300    113.500      7.766
(193)Ca-N-HN     57.990    113.500      7.766
(193)Cb-N-HN     28.180    113.500      7.766
(242)CO-N-HN    178.000    112.800      7.409
(242)CA-N-HN     62.070    112.800      7.409
(242)CB-N-HN     27.760    112.800      7.409
(242)Co-N-HN    180.200    112.800      7.409
(242)Ca-N-HN     62.110    112.800      7.409
(242)Cb-N-HN     27.820    112.800      7.409
(245)CO-N-HN    176.400    120.600      7.499
(245)CA-N-HN     53.670    120.600      7.499
(245)CB-N-HN     40.020    120.600      7.499
(245)Co-N-HN    175.500    120.600      7.499
(245)Ca-N-HN     53.400    120.600      7.499
(245)Cb-N-HN     38.820    120.600      7.499
(258)CO-N-HN    179.500    123.700      7.784
(258)CA-N-HN     58.690    123.700      7.784
(258)CB-N-HN     28.540    123.700      7.784
(258)Co-N-HN    177.600    123.700      7.784
(258)Ca-N-HN     61.350    123.700      7.784
(258)Cb-N-HN     71.350    123.700      7.784
(266)CO-N-HN     29.610    122.600      8.432
(266)CA-N-HN     55.950    122.600      8.432
(266)CB-N-HN     29.320    122.600      8.432
(266)Co-N-HN    176.400    122.600      8.432
(266)Ca-N-HN     55.830    122.600      8.432
(266)Cb-N-HN     29.600    122.600      8.432
(272)CO-N-HN    176.500    123.900      8.114
(272)CA-N-HN     54.640    123.900      8.114
(272)CB-N-HN     28.630    123.900      8.114
(272)Co-N-HN    174.800    123.900      8.114
(272)Ca-N-HN     56.150    123.900      8.114
(272)Cb-N-HN     64.720    123.900      8.114
(304)CO-N-HN    174.100    116.800      8.280
(304)CA-N-HN     62.360    116.800      8.280
(304)Co-N-HN    181.300    116.800      8.280
(304)Ca-N-HN     55.250    116.800      8.280
(316)CA-N-HN     52.740    118.000      8.283
(316)CB-N-HN     63.460    118.000      8.283
(316)Co-N-HN    176.300    118.000      8.283
(316)Ca-N-HN     56.040    118.000      8.283
(316)Cb-N-HN     29.450    118.000      8.283
(321)CA-N-HN     58.300    118.500      7.791
(321)CB-N-HN     26.830    118.500      7.791
(321)Co-N-HN    176.500    118.500      7.791
(321)Ca-N-HN     63.630    118.500      7.791
(321)Cb-N-HN     18.320    118.500      7.791
(348)CO-N-HN    171.000    120.500      8.026
(348)CA-N-HN     57.370    120.500      8.026
(348)CB-N-HN     40.750    120.500      8.026
(348)Co-N-HN    179.500    120.500      8.026
(348)Ca-N-HN     58.710    120.500      8.026
(348)Cb-N-HN     28.440    120.500      8.026
(350)CO-N-HN    175.400    122.100      8.190
(350)CA-N-HN     60.010    122.100      8.190
(350)CB-N-HN     37.760    122.100      8.190
(350)Co-N-HN    175.300    122.100      8.190
(350)Ca-N-HN     61.530    122.100      8.190
(350)Cb-N-HN     31.270    122.100      8.190
(369)CO-N-HN    177.700    120.200      7.694
(369)CA-N-HN     54.980    120.200      7.694
(369)CB-N-HN     41.160    120.200      7.694
(369)Co-N-HN    177.800    120.200      7.694
(369)Ca-N-HN     55.860    120.200      7.694
(369)Cb-N-HN     41.420    120.200      7.694
(1024)CO-N-HN    176.900    107.000      7.089
(1024)CA-N-HN     46.730    107.000      7.089
(1024)Co-N-HN    177.600    107.000      7.089
(1024)Ca-N-HN     60.460    107.000      7.089
(1024)Cb-N-HN     28.180    107.000      7.089
(1063)CA-N-HN     57.850    121.200      8.226
(1063)CB-N-HN     32.230    121.200      8.226
(1063)Co-N-HN    177.800    121.200      8.226
(1063)Ca-N-HN     52.560    121.200      8.226
(1063)Cb-N-HN     40.500    121.200      8.226
(1073)CO-N-HN    175.400    116.600      8.187
(1073)CA-N-HN     53.370    116.600      8.187
(1073)CB-N-HN     38.980    116.600      8.187
(1073)Co-N-HN    177.000    116.600      8.187
(1073)Ca-N-HN     58.200    116.600      8.187
(1073)Cb-N-HN     31.490    116.600      8.187
(5005)CA-N-HN     60.920    121.600      7.870
(5005)Co-N-HN    176.000    121.600      7.870
(5005)Ca-N-HN     54.160    121.600      7.870
(5006)CO-N-HN    176.900    121.200      8.100
(5006)CA-N-HN     54.110    121.200      8.100
(5006)CB-N-HN     40.440    121.200      8.100
(5006)Co-N-HN    175.900    121.200      8.100
(5006)Ca-N-HN     54.200    121.200      8.100
(5006)Cb-N-HN     40.730    121.200      8.100
(5007)CO-N-HN    176.900    121.300      8.017
(5007)CA-N-HN     57.580    121.300      8.017
(5007)CB-N-HN     31.330    121.300      8.017
(5007)Co-N-HN    176.900    121.300      8.017
(5007)Ca-N-HN     53.920    121.300      8.017
(5007)Cb-N-HN     29.310    121.300      8.017
(5008)CA-N-HN     62.100    121.200      8.015
(5008)CB-N-HN     27.720    121.200      8.015
(5008)Co-N-HN    177.600    121.200      8.015
(5008)Ca-N-HN     56.250    121.200      8.015
(5008)Cb-N-HN     40.310    121.200      8.015
(5013)CO-N-HN    178.200    118.800      7.920
(5013)CA-N-HN     55.030    118.800      7.920
(5013)CB-N-HN     27.560    118.800      7.920
(5013)Co-N-HN    177.700    118.800      7.920
(5013)Ca-N-HN     58.560    118.800      7.920
(5013)Cb-N-HN     29.770    118.800      7.920
(5015)CO-N-HN    175.800    120.400      7.921
(5015)CA-N-HN     57.190    120.400      7.921
(5015)CB-N-HN     31.910    120.400      7.921
(5015)Co-N-HN    176.100    120.400      7.921
(5015)Ca-N-HN     53.920    120.400      7.921
(5015)Cb-N-HN     40.320    120.400      7.921
(5016)CO-N-HN    177.200    121.300      8.277
(5016)CB-N-HN     52.870    121.300      8.277
(5016)Co-N-HN    177.800    121.300      8.277
(5016)Cb-N-HN     40.160    121.300      8.277
(5021)CO-N-HN    175.600    125.700      8.456
(5021)CA-N-HN     59.920    125.700      8.456
(5021)CB-N-HN     29.550    125.700      8.456
(5021)Co-N-HN    176.100    125.700      8.456
(5022)CO-N-HN    177.200    126.000      7.909
(5022)CA-N-HN     66.500    126.000      7.909
(5022)CB-N-HN     30.270    126.000      7.909
(5022)Co-N-HN    176.900    126.000      7.909
(5022)Ca-N-HN     64.400    126.000      7.909
(5022)Cb-N-HN     48.230    126.000      7.909
(5024)CB-N-HN     60.300    121.700      8.616
(5024)Co-N-HN    177.100    121.700      8.616
(5024)Ca-N-HN     53.730    121.700      8.616
(5024)Cb-N-HN     27.500    121.700      8.616
(5027)CO-N-HN    175.600    123.700      7.825
(5027)CA-N-HN     60.360    123.700      7.825
(5027)CB-N-HN     37.640    123.700      7.825
(5027)Co-N-HN    175.100    123.700      7.825
(5027)Ca-N-HN     57.210    123.700      7.825
(5027)Cb-N-HN     37.800    123.700      7.825
(5030)CO-N-HN    176.500    121.100      8.002
(5030)CA-N-HN     62.180    121.100      8.002
(5030)Ca-N-HN     48.180    121.100      8.002
(5031)CO-N-HN    174.000    119.300      7.615
(5031)CA-N-HN     58.710    119.300      7.615
(5031)CB-N-HN     40.630    119.300      7.615
(5031)Co-N-HN    179.500    119.300      7.615
(5036)CO-N-HN    177.200    123.700      8.087
(5036)CB-N-HN     41.000    123.700      8.087
(5036)Co-N-HN    177.200    123.700      8.087
(5036)Ca-N-HN     54.770    123.700      8.087
(5036)Cb-N-HN     40.850    123.700      8.087
(5038)CA-N-HN     51.640    126.400      8.178
(5038)Co-N-HN    175.800    126.400      8.178
(5038)Ca-N-HN     55.730    126.400      8.178
(5038)Cb-N-HN     29.710    126.400      8.178
(5039)CO-N-HN    177.600    117.700      7.958
(5039)CA-N-HN     55.590    117.700      7.958
(5039)CB-N-HN     39.180    117.700      7.958
(5039)Co-N-HN    181.000    117.700      7.958
(5039)Ca-N-HN     54.090    117.700      7.958
(5039)Cb-N-HN     17.260    117.700      7.958
