(T5)CB-N-HN(M)     58.750    121.000      8.148
(Y8)CB-N-HN(M)     29.160    120.900      7.689
(C13)CB-N-HN(L)     21.330    117.500      8.376
(L15)CB-N-HN(L)     37.300    119.000      8.147
(A16)CB-N-HN(L)     22.460    119.900      7.588
(Q18)CB-N-HN(H)     26.960    121.500      7.563
(N19)CB-N-HN(F)     38.450    111.900      6.952
(D22)CB-N-HN(L)     40.310    124.100      8.301
(D23)CB-N-HN(L)     40.400    121.500      8.180
(V24)CB-N-HN(L)     31.870    119.200      7.838
(D25)CB-N-HN(M)     40.380    122.600      8.325
(N26)CB-N-HN(M)     38.740    118.900      7.796
(D28)CB-N-HN(L)     40.550    121.000      7.880
(V29)CB-N-HN(M)     31.810    122.000      8.063
(S30)CB-N-HN(F)     64.590    122.700      8.366
(L31)CB-N-HN(H)     31.980    122.400      8.335
(A37)CB-N-HN(H)     17.720    117.600      8.684
(V38)CB-N-HN(H)     30.740    119.900      6.992
(K40)CB-N-HN(M)     32.230    121.600      8.732
(Q41)CB-N-HN(M)     28.770    117.700      7.300
(E43)CB-N-HN(L)     31.610    117.700      8.510
(V49)CB-N-HN(M)     30.960    126.300      8.714
(E50)CB-N-HN(L)     27.580    119.500      9.172
(W53)CB-N-HN(L)     21.330    117.500      8.376
(K66)CB-N-HN(L)     40.190    121.600      8.286
(A80)CB-N-HN(H)     18.270    124.600      8.151
(L81)CB-N-HN(H)     31.320    123.400      8.149
(N90)CB-N-HN(H)     38.480    118.200      7.665
(A91)CB-N-HN(F)     16.840    122.700      7.898
(V92)CB-N-HN(H)     30.380    122.400      8.432
(L93)CB-N-HN(F)     39.010    118.900      8.099
(H94)CB-N-HN(F)     29.530    118.000      8.124
(E95)CB-N-HN(F)     28.870    122.800      7.536
(V96)CB-N-HN(L)     30.410    120.700      8.797
(K97)CB-N-HN(L)     31.780    117.500      6.934
(R98)CB-N-HN(L)     29.710    124.600      7.436
(L101)CB-N-HN(L)     46.790    124.800      8.438
(E108)CB-N-HN(M)     28.540    122.000      7.646
(I109)CB-N-HN(L)     37.200    121.600      7.863
(A112)CB-N-HN(L)     16.770    123.800      7.959
(L114)CB-N-HN(M)     39.670    117.800      8.236
(A115)CB-N-HN(M)     17.580    130.000      8.485
(A119)CB-N-HN(L)     15.600    121.500      8.998
(N122)CB-N-HN(L)     37.300    119.000      8.147
(R134)CB-N-HN(L)     29.470    121.600      6.749
(T138)CB-N-HN(M)     64.420    113.600      7.881
(A141)CB-N-HN(H)     18.840    123.800      7.445
(D142)CB-N-HN(H)     39.580    106.000      7.406
(D155)CB-N-HN(L)     40.320    121.700      8.225
(M158)CB-N-HN(M)     26.020    118.700      8.245
(F162)CB-N-HN(M)     40.300    119.900      8.274
(L164)CB-N-HN(L)     42.310    127.600      8.600
(I167)CB-N-HN(L)     37.770    124.000      7.708
(V168)CB-N-HN(F)     30.150    119.600      8.587
(S169)CB-N-HN(F)     61.880    114.500      8.026
(R172)CB-N-HN(F)     28.890    118.200      8.432
(Q174)CB-N-HN(F)     28.390    120.400      7.580
(L175)CB-N-HN(F)     41.480    120.000      7.341
(A178)CB-N-HN(H)     18.200    126.300      8.070
(K179)CB-N-HN(H)     33.190    121.300      7.855
(9)CB-N-HN     41.710    125.800      7.046
(21)CB-N-HN     30.520    121.400      7.319
(23)CB-N-HN     31.160    120.100      7.284
(32)CB-N-HN     27.590    119.100      6.805
(69)CB-N-HN     28.670    129.100      8.733
(83)CB-N-HN     26.970    126.600      8.621
(88)CB-N-HN     29.120    124.600      8.559
(92)CB-N-HN     39.620    122.000      9.122
(106)CB-N-HN     40.320    125.400      8.304
(107)CB-N-HN     40.480    125.200      8.113
(123)CB-N-HN     37.700    122.600      8.657
(124)CB-N-HN     28.210    122.700      8.504
(148)CB-N-HN     36.450    117.500      8.699
(149)CB-N-HN     29.020    116.800      8.779
(152)CB-N-HN     63.140    115.200      8.615
(163)CB-N-HN     41.300    118.100      8.361
(171)CB-N-HN     30.910    119.900      8.522
(178)CB-N-HN     68.390    113.800      8.417
(193)CB-N-HN     30.410    113.500      7.766
(242)CB-N-HN     27.760    112.800      7.409
(245)CB-N-HN     40.020    120.600      7.499
(258)CB-N-HN     28.540    123.700      7.784
(266)CB-N-HN     29.320    122.600      8.432
(272)CB-N-HN     28.630    123.900      8.114
(316)CB-N-HN     63.460    118.000      8.283
(321)CB-N-HN     26.830    118.500      7.791
(348)CB-N-HN     40.750    120.500      8.026
(350)CB-N-HN     37.760    122.100      8.190
(369)CB-N-HN     41.160    120.200      7.694
(1063)CB-N-HN     32.230    121.200      8.226
(1073)CB-N-HN     38.980    116.600      8.187
(5006)CB-N-HN     40.440    121.200      8.100
(5007)CB-N-HN     31.330    121.300      8.017
(5008)CB-N-HN     27.720    121.200      8.015
(5013)CB-N-HN     27.560    118.800      7.920
(5015)CB-N-HN     31.910    120.400      7.921
(5016)CB-N-HN     52.870    121.300      8.277
(5021)CB-N-HN     29.550    125.700      8.456
(5022)CB-N-HN     30.270    126.000      7.909
(5024)CB-N-HN     60.300    121.700      8.616
(5027)CB-N-HN     37.640    123.700      7.825
(5031)CB-N-HN     40.630    119.300      7.615
(5036)CB-N-HN     41.000    123.700      8.087
(5039)CB-N-HN     39.180    117.700      7.958
