(T3)Co-N-HN(M)    179.500    123.800      7.558
(G4)Co-N-HN(L)    175.800    116.900      8.793
(T5)Co-N-HN(M)    174.000    121.000      8.148
(Y8)Co-N-HN(M)    177.700    120.900      7.689
(C13)Co-N-HN(L)    177.200    117.500      8.376
(L15)Co-N-HN(L)    178.100    119.000      8.147
(A16)Co-N-HN(L)    179.800    119.900      7.588
(Q18)Co-N-HN(H)    178.000    121.500      7.563
(N19)Co-N-HN(F)    176.300    111.900      6.952
(D22)Co-N-HN(L)    175.800    124.100      8.301
(D23)Co-N-HN(L)    175.700    121.500      8.180
(V24)Co-N-HN(L)    176.100    119.200      7.838
(D25)Co-N-HN(M)    175.900    122.600      8.325
(N26)Co-N-HN(M)    175.400    118.900      7.796
(D28)Co-N-HN(L)    175.900    121.000      7.880
(V29)Co-N-HN(M)    175.400    122.000      8.063
(S30)Co-N-HN(F)    175.000    122.700      8.366
(L31)Co-N-HN(H)    173.000    122.400      8.335
(A37)Co-N-HN(H)    177.300    117.600      8.684
(V38)Co-N-HN(H)    181.300    119.900      6.992
(K40)Co-N-HN(M)    180.600    121.600      8.732
(Q41)Co-N-HN(M)    177.500    117.700      7.300
(E43)Co-N-HN(L)    177.800    117.700      8.510
(V49)Co-N-HN(M)    178.100    126.300      8.714
(E50)Co-N-HN(L)    177.100    119.500      9.172
(W53)Co-N-HN(L)    177.200    117.500      8.376
(K66)Co-N-HN(L)    175.000    121.600      8.286
(A80)Co-N-HN(H)    176.600    124.600      8.151
(L81)Co-N-HN(H)    177.200    123.400      8.149
(G87)Co-N-HN(L)    178.200    106.400      8.083
(N90)Co-N-HN(H)    176.500    118.200      7.665
(A91)Co-N-HN(F)    176.000    122.700      7.898
(V92)Co-N-HN(H)    181.600    122.400      8.432
(L93)Co-N-HN(F)    177.400    118.900      8.099
(H94)Co-N-HN(F)    179.600    118.000      8.124
(E95)Co-N-HN(F)    178.100    122.800      7.536
(V96)Co-N-HN(L)    173.000    120.700      8.797
(K97)Co-N-HN(L)    176.700    117.500      6.934
(R98)Co-N-HN(L)    176.200    124.600      7.436
(L101)Co-N-HN(L)    174.900    124.800      8.438
(E108)Co-N-HN(M)    178.300    122.000      7.646
(I109)Co-N-HN(L)    179.900    121.600      7.863
(A112)Co-N-HN(L)    176.200    123.800      7.959
(L114)Co-N-HN(M)    176.400    117.800      8.236
(A115)Co-N-HN(M)    176.400    130.000      8.485
(A119)Co-N-HN(L)    178.800    121.500      8.998
(N122)Co-N-HN(L)    178.100    119.000      8.147
(R134)Co-N-HN(L)    173.400    121.600      6.749
(R137)Co-N-HN(L)    176.200    121.100      8.196
(T138)Co-N-HN(M)    177.300    113.600      7.881
(A141)Co-N-HN(H)    176.100    123.800      7.445
(D142)Co-N-HN(H)    179.300    106.000      7.406
(D155)Co-N-HN(L)    175.500    121.700      8.225
(A156)Co-N-HN(L)    176.100    126.000      8.005
(S157)Co-N-HN(L)    177.700    120.700      8.009
(M158)Co-N-HN(M)    176.200    118.700      8.245
(L160)Co-N-HN(L)    176.800    123.900      8.294
(F162)Co-N-HN(M)    174.500    119.900      8.274
(L164)Co-N-HN(L)    176.500    127.600      8.600
(I167)Co-N-HN(L)    178.800    124.000      7.708
(V168)Co-N-HN(F)    178.000    119.600      8.587
(S169)Co-N-HN(F)    177.800    114.500      8.026
(R172)Co-N-HN(F)    178.900    118.200      8.432
(G173)Co-N-HN(F)    179.300    105.300      7.789
(Q174)Co-N-HN(F)    176.000    120.400      7.580
(L175)Co-N-HN(F)    177.700    120.000      7.341
(A178)Co-N-HN(H)    176.000    126.300      8.070
(K179)Co-N-HN(H)    176.200    121.300      7.855
(9)Co-N-HN    174.500    125.800      7.046
(21)Co-N-HN    180.500    121.400      7.319
(23)Co-N-HN    174.000    120.100      7.284
(32)Co-N-HN    179.600    119.100      6.805
(83)Co-N-HN    175.700    126.600      8.621
(88)Co-N-HN    181.000    124.600      8.559
(92)Co-N-HN    178.600    122.000      9.122
(106)Co-N-HN    177.600    125.400      8.304
(107)Co-N-HN    177.700    125.200      8.113
(123)Co-N-HN    172.700    122.600      8.657
(124)Co-N-HN    179.200    122.700      8.504
(148)Co-N-HN    178.400    117.500      8.699
(149)Co-N-HN    179.800    116.800      8.779
(152)Co-N-HN    178.000    115.200      8.615
(163)Co-N-HN    177.600    118.100      8.361
(171)Co-N-HN    177.700    119.900      8.522
(178)Co-N-HN    178.800    113.800      8.417
(193)Co-N-HN    178.300    113.500      7.766
(242)Co-N-HN    180.200    112.800      7.409
(245)Co-N-HN    175.500    120.600      7.499
(258)Co-N-HN    177.600    123.700      7.784
(266)Co-N-HN    176.400    122.600      8.432
(272)Co-N-HN    174.800    123.900      8.114
(304)Co-N-HN    181.300    116.800      8.280
(316)Co-N-HN    176.300    118.000      8.283
(321)Co-N-HN    176.500    118.500      7.791
(348)Co-N-HN    179.500    120.500      8.026
(350)Co-N-HN    175.300    122.100      8.190
(369)Co-N-HN    177.800    120.200      7.694
(1024)Co-N-HN    177.600    107.000      7.089
(1063)Co-N-HN    177.800    121.200      8.226
(1073)Co-N-HN    177.000    116.600      8.187
(5005)Co-N-HN    176.000    121.600      7.870
(5006)Co-N-HN    175.900    121.200      8.100
(5007)Co-N-HN    176.900    121.300      8.017
(5008)Co-N-HN    177.600    121.200      8.015
(5013)Co-N-HN    177.700    118.800      7.920
(5015)Co-N-HN    176.100    120.400      7.921
(5016)Co-N-HN    177.800    121.300      8.277
(5021)Co-N-HN    176.100    125.700      8.456
(5022)Co-N-HN    176.900    126.000      7.909
(5024)Co-N-HN    177.100    121.700      8.616
(5027)Co-N-HN    175.100    123.700      7.825
(5031)Co-N-HN    179.500    119.300      7.615
(5036)Co-N-HN    177.200    123.700      8.087
(5038)Co-N-HN    175.800    126.400      8.178
(5039)Co-N-HN    181.000    117.700      7.958
