(T3)Cb-N-HN(M)     63.960    123.800      7.558
(G4)Cb-N-HN(L)     61.580    116.900      8.793
(Y8)Cb-N-HN(M)     41.040    120.900      7.689
(C13)Cb-N-HN(L)     29.830    117.500      8.376
(L15)Cb-N-HN(L)     27.640    119.000      8.147
(Q18)Cb-N-HN(H)     39.030    121.500      7.563
(N19)Cb-N-HN(F)     26.870    111.900      6.952
(D22)Cb-N-HN(L)     31.890    124.100      8.301
(D23)Cb-N-HN(L)     40.460    121.500      8.180
(V24)Cb-N-HN(L)     40.310    119.200      7.838
(D25)Cb-N-HN(M)     31.710    122.600      8.325
(N26)Cb-N-HN(M)     40.400    118.900      7.796
(D28)Cb-N-HN(L)     40.340    121.000      7.880
(V29)Cb-N-HN(M)     40.570    122.000      8.063
(L31)Cb-N-HN(H)     64.610    122.400      8.335
(A37)Cb-N-HN(H)     31.300    117.600      8.684
(V38)Cb-N-HN(H)     17.620    119.900      6.992
(K40)Cb-N-HN(M)     40.550    121.600      8.732
(Q41)Cb-N-HN(M)     32.260    117.700      7.300
(E43)Cb-N-HN(L)     47.910    117.700      8.510
(V49)Cb-N-HN(M)     31.650    126.300      8.714
(E50)Cb-N-HN(L)     30.600    119.500      9.172
(W53)Cb-N-HN(L)     29.830    117.500      8.376
(A80)Cb-N-HN(H)     29.150    124.600      8.151
(L81)Cb-N-HN(H)     18.270    123.400      8.149
(G87)Cb-N-HN(L)     28.810    106.400      8.083
(N90)Cb-N-HN(H)     68.030    118.200      7.665
(A91)Cb-N-HN(F)     38.470    122.700      7.898
(V92)Cb-N-HN(H)     16.700    122.400      8.432
(L93)Cb-N-HN(F)     30.630    118.900      8.099
(H94)Cb-N-HN(F)     39.040    118.000      8.124
(E95)Cb-N-HN(F)     29.440    122.800      7.536
(V96)Cb-N-HN(L)     30.390    120.700      8.797
(K97)Cb-N-HN(L)     30.510    117.500      6.934
(R98)Cb-N-HN(L)     32.090    124.600      7.436
(L101)Cb-N-HN(L)     48.520    124.800      8.438
(E108)Cb-N-HN(M)     36.560    122.000      7.646
(I109)Cb-N-HN(L)     28.560    121.600      7.863
(A112)Cb-N-HN(L)     67.710    123.800      7.959
(L114)Cb-N-HN(M)     37.740    117.800      8.236
(A115)Cb-N-HN(M)     40.050    130.000      8.485
(A119)Cb-N-HN(L)     67.940    121.500      8.998
(N122)Cb-N-HN(L)     27.640    119.000      8.147
(R134)Cb-N-HN(L)     63.130    121.600      6.749
(T138)Cb-N-HN(M)     32.180    113.600      7.881
(A141)Cb-N-HN(H)     68.290    123.800      7.445
(D142)Cb-N-HN(H)     19.080    106.000      7.406
(D155)Cb-N-HN(L)     40.330    121.700      8.225
(S157)Cb-N-HN(L)     17.860    120.700      8.009
(M158)Cb-N-HN(M)     55.610    118.700      8.245
(L160)Cb-N-HN(L)     31.400    123.900      8.294
(F162)Cb-N-HN(M)     38.610    119.900      8.274
(L164)Cb-N-HN(L)     39.550    127.600      8.600
(I167)Cb-N-HN(L)     39.130    124.000      7.708
(V168)Cb-N-HN(F)     37.770    119.600      8.587
(S169)Cb-N-HN(F)     30.070    114.500      8.026
(R172)Cb-N-HN(F)     40.730    118.200      8.432
(G173)Cb-N-HN(F)     28.930    105.300      7.789
(L175)Cb-N-HN(F)     28.440    120.000      7.341
(A178)Cb-N-HN(H)     28.900    126.300      8.070
(K179)Cb-N-HN(H)     18.200    121.300      7.855
(21)Cb-N-HN     31.120    121.400      7.319
(23)Cb-N-HN     38.620    120.100      7.284
(32)Cb-N-HN     27.750    119.100      6.805
(69)Cb-N-HN     29.710    129.100      8.733
(83)Cb-N-HN     31.200    126.600      8.621
(88)Cb-N-HN     18.760    124.600      8.559
(92)Cb-N-HN     37.250    122.000      9.122
(106)Cb-N-HN     39.110    125.400      8.304
(107)Cb-N-HN     31.250    125.200      8.113
(123)Cb-N-HN     64.270    122.600      8.657
(124)Cb-N-HN     27.530    122.700      8.504
(148)Cb-N-HN     28.880    117.500      8.699
(149)Cb-N-HN     28.880    116.800      8.779
(152)Cb-N-HN     17.930    115.200      8.615
(163)Cb-N-HN     36.900    118.100      8.361
(171)Cb-N-HN     30.340    119.900      8.522
(178)Cb-N-HN     41.160    113.800      8.417
(193)Cb-N-HN     28.180    113.500      7.766
(242)Cb-N-HN     27.820    112.800      7.409
(245)Cb-N-HN     38.820    120.600      7.499
(258)Cb-N-HN     71.350    123.700      7.784
(266)Cb-N-HN     29.600    122.600      8.432
(272)Cb-N-HN     64.720    123.900      8.114
(316)Cb-N-HN     29.450    118.000      8.283
(321)Cb-N-HN     18.320    118.500      7.791
(348)Cb-N-HN     28.440    120.500      8.026
(350)Cb-N-HN     31.270    122.100      8.190
(369)Cb-N-HN     41.420    120.200      7.694
(1024)Cb-N-HN     28.180    107.000      7.089
(1063)Cb-N-HN     40.500    121.200      8.226
(1073)Cb-N-HN     31.490    116.600      8.187
(5006)Cb-N-HN     40.730    121.200      8.100
(5007)Cb-N-HN     29.310    121.300      8.017
(5008)Cb-N-HN     40.310    121.200      8.015
(5013)Cb-N-HN     29.770    118.800      7.920
(5015)Cb-N-HN     40.320    120.400      7.921
(5016)Cb-N-HN     40.160    121.300      8.277
(5022)Cb-N-HN     48.230    126.000      7.909
(5024)Cb-N-HN     27.500    121.700      8.616
(5027)Cb-N-HN     37.800    123.700      7.825
(5036)Cb-N-HN     40.850    123.700      8.087
(5038)Cb-N-HN     29.710    126.400      8.178
(5039)Cb-N-HN     17.260    117.700      7.958
