(T3)Ca-N-HN(M)     58.940    123.800      7.558
(G4)Ca-N-HN(L)     58.290    116.900      8.793
(T5)Ca-N-HN(M)     44.770    121.000      8.148
(Y8)Ca-N-HN(M)     54.910    120.900      7.689
(C13)Ca-N-HN(L)     66.230    117.500      8.376
(L15)Ca-N-HN(L)     56.760    119.000      8.147
(Q18)Ca-N-HN(H)     55.620    121.500      7.563
(N19)Ca-N-HN(F)     57.470    111.900      6.952
(D22)Ca-N-HN(L)     61.680    124.100      8.301
(D23)Ca-N-HN(L)     54.030    121.500      8.180
(V24)Ca-N-HN(L)     53.720    119.200      7.838
(D25)Ca-N-HN(M)     61.650    122.600      8.325
(N26)Ca-N-HN(M)     53.950    118.900      7.796
(D28)Ca-N-HN(L)     54.530    121.000      7.880
(V29)Ca-N-HN(M)     53.390    122.000      8.063
(S30)Ca-N-HN(F)     62.380    122.700      8.366
(L31)Ca-N-HN(H)     56.120    122.400      8.335
(A37)Ca-N-HN(H)     66.310    117.600      8.684
(V38)Ca-N-HN(H)     55.030    119.900      6.992
(K40)Ca-N-HN(M)     56.270    121.600      8.732
(Q41)Ca-N-HN(M)     59.680    117.700      7.300
(V49)Ca-N-HN(M)     62.810    126.300      8.714
(E50)Ca-N-HN(L)     65.550    119.500      9.172
(W53)Ca-N-HN(L)     66.230    117.500      8.376
(K66)Ca-N-HN(L)     53.000    121.600      8.286
(A80)Ca-N-HN(H)     56.280    124.600      8.151
(L81)Ca-N-HN(H)     51.710    123.400      8.149
(G87)Ca-N-HN(L)     58.500    106.400      8.083
(N90)Ca-N-HN(H)     67.620    118.200      7.665
(A91)Ca-N-HN(F)     56.500    122.700      7.898
(V92)Ca-N-HN(H)     54.760    122.400      8.432
(L93)Ca-N-HN(F)     67.150    118.900      8.099
(H94)Ca-N-HN(F)     56.970    118.000      8.124
(E95)Ca-N-HN(F)     59.550    122.800      7.536
(V96)Ca-N-HN(L)     55.690    120.700      8.797
(K97)Ca-N-HN(L)     64.650    117.500      6.934
(R98)Ca-N-HN(L)     55.320    124.600      7.436
(L101)Ca-N-HN(L)     50.410    124.800      8.438
(E108)Ca-N-HN(M)     55.620    122.000      7.646
(I109)Ca-N-HN(L)     59.070    121.600      7.863
(A112)Ca-N-HN(L)     66.670    123.800      7.959
(L114)Ca-N-HN(M)     59.910    117.800      8.236
(A115)Ca-N-HN(M)     53.640    130.000      8.485
(N122)Ca-N-HN(L)     56.760    119.000      8.147
(R134)Ca-N-HN(L)     59.290    121.600      6.749
(R137)Ca-N-HN(L)     43.990    121.100      8.196
(T138)Ca-N-HN(M)     57.800    113.600      7.881
(A141)Ca-N-HN(H)     65.980    123.800      7.445
(D142)Ca-N-HN(H)     54.160    106.000      7.406
(D155)Ca-N-HN(L)     53.930    121.700      8.225
(A156)Ca-N-HN(L)     48.480    126.000      8.005
(S157)Ca-N-HN(L)     51.870    120.700      8.009
(L160)Ca-N-HN(L)     62.760    123.900      8.294
(F162)Ca-N-HN(M)     52.570    119.900      8.274
(L164)Ca-N-HN(L)     52.490    127.600      8.600
(I167)Ca-N-HN(L)     57.030    124.000      7.708
(V168)Ca-N-HN(F)     64.470    119.600      8.587
(S169)Ca-N-HN(F)     67.000    114.500      8.026
(R172)Ca-N-HN(F)     57.390    118.200      8.432
(G173)Ca-N-HN(F)     59.170    105.300      7.789
(Q174)Ca-N-HN(F)     46.040    120.400      7.580
(L175)Ca-N-HN(F)     57.400    120.000      7.341
(A178)Ca-N-HN(H)     56.090    126.300      8.070
(K179)Ca-N-HN(H)     51.910    121.300      7.855
(9)Ca-N-HN     44.290    125.800      7.046
(21)Ca-N-HN     59.640    121.400      7.319
(23)Ca-N-HN     51.830    120.100      7.284
(32)Ca-N-HN     59.650    119.100      6.805
(69)Ca-N-HN     57.370    129.100      8.733
(83)Ca-N-HN     61.520    126.600      8.621
(88)Ca-N-HN     59.160    124.600      8.559
(92)Ca-N-HN     55.700    122.000      9.122
(106)Ca-N-HN     61.570    125.400      8.304
(107)Ca-N-HN     53.240    125.200      8.113
(123)Ca-N-HN     55.510    122.600      8.657
(124)Ca-N-HN     57.390    122.700      8.504
(148)Ca-N-HN     60.020    117.500      8.699
(149)Ca-N-HN     61.440    116.800      8.779
(152)Ca-N-HN     51.170    115.200      8.615
(163)Ca-N-HN     66.280    118.100      8.361
(171)Ca-N-HN     54.350    119.900      8.522
(178)Ca-N-HN     58.070    113.800      8.417
(193)Ca-N-HN     57.990    113.500      7.766
(242)Ca-N-HN     62.110    112.800      7.409
(245)Ca-N-HN     53.400    120.600      7.499
(258)Ca-N-HN     61.350    123.700      7.784
(266)Ca-N-HN     55.830    122.600      8.432
(272)Ca-N-HN     56.150    123.900      8.114
(304)Ca-N-HN     55.250    116.800      8.280
(316)Ca-N-HN     56.040    118.000      8.283
(321)Ca-N-HN     63.630    118.500      7.791
(348)Ca-N-HN     58.710    120.500      8.026
(350)Ca-N-HN     61.530    122.100      8.190
(369)Ca-N-HN     55.860    120.200      7.694
(1024)Ca-N-HN     60.460    107.000      7.089
(1063)Ca-N-HN     52.560    121.200      8.226
(1073)Ca-N-HN     58.200    116.600      8.187
(5005)Ca-N-HN     54.160    121.600      7.870
(5006)Ca-N-HN     54.200    121.200      8.100
(5007)Ca-N-HN     53.920    121.300      8.017
(5008)Ca-N-HN     56.250    121.200      8.015
(5013)Ca-N-HN     58.560    118.800      7.920
(5015)Ca-N-HN     53.920    120.400      7.921
(5022)Ca-N-HN     64.400    126.000      7.909
(5024)Ca-N-HN     53.730    121.700      8.616
(5027)Ca-N-HN     57.210    123.700      7.825
(5030)Ca-N-HN     48.180    121.100      8.002
(5036)Ca-N-HN     54.770    123.700      8.087
(5038)Ca-N-HN     55.730    126.400      8.178
(5039)Ca-N-HN     54.090    117.700      7.958
