(T3)CA-N-HN(M)     60.390    123.800      7.558
(G4)CA-N-HN(L)     44.890    116.900      8.793
(T5)CA-N-HN(M)     55.940    121.000      8.148
(Y8)CA-N-HN(M)     56.280    120.900      7.689
(C13)CA-N-HN(L)     67.430    117.500      8.376
(L15)CA-N-HN(L)     55.730    119.000      8.147
(Q18)CA-N-HN(H)     57.370    121.500      7.563
(N19)CA-N-HN(F)     51.970    111.900      6.952
(D22)CA-N-HN(L)     53.860    124.100      8.301
(V24)CA-N-HN(L)     61.670    119.200      7.838
(D25)CA-N-HN(M)     53.990    122.600      8.325
(N26)CA-N-HN(M)     52.590    118.900      7.796
(D28)CA-N-HN(L)     53.410    121.000      7.880
(V29)CA-N-HN(M)     62.360    122.000      8.063
(L31)CA-N-HN(H)     52.430    122.400      8.335
(A37)CA-N-HN(H)     55.190    117.600      8.684
(V38)CA-N-HN(H)     64.770    119.900      6.992
(K40)CA-N-HN(M)     59.720    121.600      8.732
(Q41)CA-N-HN(M)     58.230    117.700      7.300
(V49)CA-N-HN(M)     65.570    126.300      8.714
(E50)CA-N-HN(L)     59.660    119.500      9.172
(W53)CA-N-HN(L)     67.430    117.500      8.376
(K66)CA-N-HN(L)     54.110    121.600      8.286
(A80)CA-N-HN(H)     51.720    124.600      8.151
(L81)CA-N-HN(H)     53.490    123.400      8.149
(G87)CA-N-HN(L)     48.220    106.400      8.083
(N90)CA-N-HN(H)     56.530    118.200      7.665
(A91)CA-N-HN(F)     54.730    122.700      7.898
(V92)CA-N-HN(H)     67.150    122.400      8.432
(L93)CA-N-HN(F)     57.020    118.900      8.099
(H94)CA-N-HN(F)     59.460    118.000      8.124
(E95)CA-N-HN(F)     57.990    122.800      7.536
(V96)CA-N-HN(L)     54.340    120.700      8.797
(K97)CA-N-HN(L)     55.360    117.500      6.934
(R98)CA-N-HN(L)     57.370    124.600      7.436
(E108)CA-N-HN(M)     59.090    122.000      7.646
(I109)CA-N-HN(L)     63.560    121.600      7.863
(A112)CA-N-HN(L)     54.760    123.800      7.959
(L114)CA-N-HN(M)     54.120    117.800      8.236
(A115)CA-N-HN(M)     52.510    130.000      8.485
(N122)CA-N-HN(L)     55.730    119.000      8.147
(R134)CA-N-HN(L)     49.410    121.600      6.749
(R137)CA-N-HN(L)     57.370    121.100      8.196
(T138)CA-N-HN(M)     55.510    113.600      7.881
(A141)CA-N-HN(H)     54.260    123.800      7.445
(D142)CA-N-HN(H)     61.600    106.000      7.406
(A156)CA-N-HN(L)     51.710    126.000      8.005
(S157)CA-N-HN(L)     61.700    120.700      8.009
(L160)CA-N-HN(L)     52.410    123.900      8.294
(F162)CA-N-HN(M)     54.530    119.900      8.274
(L164)CA-N-HN(L)     53.980    127.600      8.600
(I167)CA-N-HN(L)     64.560    124.000      7.708
(V168)CA-N-HN(F)     67.040    119.600      8.587
(S169)CA-N-HN(F)     61.280    114.500      8.026
(R172)CA-N-HN(F)     59.230    118.200      8.432
(G173)CA-N-HN(F)     46.160    105.300      7.789
(Q174)CA-N-HN(F)     57.420    120.400      7.580
(L175)CA-N-HN(F)     55.850    120.000      7.341
(A178)CA-N-HN(H)     51.910    126.300      8.070
(K179)CA-N-HN(H)     53.010    121.300      7.855
(9)CA-N-HN     52.560    125.800      7.046
(21)CA-N-HN     58.640    121.400      7.319
(23)CA-N-HN     61.620    120.100      7.284
(32)CA-N-HN     58.150    119.100      6.805
(69)CA-N-HN     57.540    129.100      8.733
(83)CA-N-HN     59.680    126.600      8.621
(88)CA-N-HN     65.310    124.600      8.559
(92)CA-N-HN     57.100    122.000      9.122
(106)CA-N-HN     59.150    125.400      8.304
(107)CA-N-HN     58.030    125.200      8.113
(123)CA-N-HN     55.980    122.600      8.657
(124)CA-N-HN     59.100    122.700      8.504
(148)CA-N-HN     60.020    117.500      8.699
(149)CA-N-HN     51.140    116.800      8.779
(152)CA-N-HN     59.340    115.200      8.615
(163)CA-N-HN     57.880    118.100      8.361
(171)CA-N-HN     58.250    119.900      8.522
(178)CA-N-HN     66.000    113.800      8.417
(193)CA-N-HN     64.670    113.500      7.766
(242)CA-N-HN     62.070    112.800      7.409
(245)CA-N-HN     53.670    120.600      7.499
(258)CA-N-HN     58.690    123.700      7.784
(266)CA-N-HN     55.950    122.600      8.432
(272)CA-N-HN     54.640    123.900      8.114
(304)CA-N-HN     62.360    116.800      8.280
(316)CA-N-HN     52.740    118.000      8.283
(321)CA-N-HN     58.300    118.500      7.791
(348)CA-N-HN     57.370    120.500      8.026
(350)CA-N-HN     60.010    122.100      8.190
(369)CA-N-HN     54.980    120.200      7.694
(1024)CA-N-HN     46.730    107.000      7.089
(1063)CA-N-HN     57.850    121.200      8.226
(1073)CA-N-HN     53.370    116.600      8.187
(5005)CA-N-HN     60.920    121.600      7.870
(5006)CA-N-HN     54.110    121.200      8.100
(5007)CA-N-HN     57.580    121.300      8.017
(5008)CA-N-HN     62.100    121.200      8.015
(5013)CA-N-HN     55.030    118.800      7.920
(5015)CA-N-HN     57.190    120.400      7.921
(5021)CA-N-HN     59.920    125.700      8.456
(5022)CA-N-HN     66.500    126.000      7.909
(5027)CA-N-HN     60.360    123.700      7.825
(5030)CA-N-HN     62.180    121.100      8.002
(5031)CA-N-HN     58.710    119.300      7.615
(5038)CA-N-HN     51.640    126.400      8.178
(5039)CA-N-HN     55.590    117.700      7.958
