## SLURM PROLOG ###############################################################
##    Job ID : 3834589
##  Job Name : tpe_MMAl_exponential.py
##  Nodelist : node1110
##      CPUs : 1
##  Mem/Node : 1024 MB
## Directory : /gpfs/data/nfawzi/skale/Fawzi_pycharm_project
##   Started : Wed Apr 24 17:45:22 EDT 2019
###############################################################################
program started at:2019-04-24 17:45:25.342811
iterations: 1000000 temp: 1000.0 exponent: 0.7 eif: 300.0
time taken (sec): 48.420366287231445
number of iterations: 1000000
og index list: [74, 38, 39, 21, 8, 32, 65, 45, 68, 41, 58, 51, 11, 3, 52, 69, 19, 33, 36, 7, 78, 53, 62, 2, 23, 17, 0, 28, 48, 46, 27, 73, 77, 15, 22, 1, 37, 4, 57, 18, 29, 42, 70, 79, 5, 64, 9, 44, 13, 26, 54, 56, 55, 16, 25, 72, 14, 76, 67, 30, 31, 61, 24, 47, 34, 75, 66, 12, 49, 60, 43, 71, 50, 59, 6, 10, 63, 20, 40, 35]
og index list energy: 123123993.71216407
index list: [61, 55, 14, 60, 31, 32, 25, 76, 28, 72, 53, 11, 12, 13, 6, 7, 8, 3, 15, 29, 74, 46, 19, 40, 48, 64, 65, 57, 51, 52, 59, 68, 17, 18, 63, 22, 30, 16, 26, 79, 47, 39, 75, 23, 24, 66, 43, 1, 2, 41, 49, 45, 36, 34, 35, 9, 10, 69, 33, 62, 70, 77, 42, 67, 5, 44, 54, 37, 38, 58, 78, 27, 0, 73, 4, 56, 21, 71, 20, 50]
index list energy: 3918215.455943566
Done


iterations: 1000000 temp: 1000.0 exponent: 0.7 eif: 300.0
time taken (sec): 52.13889145851135
number of iterations: 1000000
og index list: [31, 59, 5, 68, 3, 37, 24, 46, 42, 17, 22, 36, 62, 33, 38, 12, 48, 13, 11, 10, 65, 79, 23, 71, 66, 18, 16, 6, 0, 69, 26, 32, 74, 44, 61, 20, 76, 58, 7, 2, 54, 4, 8, 15, 75, 39, 45, 47, 70, 53, 49, 34, 63, 73, 51, 78, 60, 30, 57, 55, 43, 72, 21, 14, 9, 56, 29, 28, 67, 27, 35, 64, 50, 40, 1, 19, 77, 41, 25, 52]
og index list energy: 116956538.26714678
index list: [38, 39, 40, 3, 20, 21, 55, 78, 67, 26, 77, 33, 34, 35, 6, 14, 56, 52, 24, 25, 68, 72, 73, 57, 19, 5, 16, 69, 42, 75, 28, 29, 76, 18, 46, 47, 48, 74, 17, 2, 41, 65, 66, 43, 63, 22, 23, 70, 71, 60, 31, 44, 54, 50, 59, 7, 8, 58, 61, 62, 51, 37, 10, 11, 49, 53, 79, 45, 36, 64, 12, 13, 32, 4, 15, 9, 0, 1, 27, 30]
index list energy: 2626263.410644788
Done


iterations: 1000000 temp: 1000.0 exponent: 0.7 eif: 300.0
time taken (sec): 71.38768649101257
number of iterations: 1000000
og index list: [0, 45, 34, 40, 78, 75, 17, 7, 18, 10, 59, 47, 15, 14, 57, 35, 70, 16, 46, 61, 71, 27, 55, 24, 5, 20, 56, 3, 25, 50, 37, 39, 73, 76, 33, 69, 64, 22, 62, 49, 68, 43, 72, 23, 12, 19, 21, 36, 74, 65, 9, 29, 66, 38, 11, 13, 52, 2, 60, 53, 63, 1, 42, 79, 54, 44, 58, 31, 67, 48, 32, 8, 51, 26, 28, 6, 4, 30, 41, 77]
og index list energy: 74701923.6872444
index list: [61, 37, 38, 39, 4, 5, 75, 29, 30, 31, 32, 40, 51, 10, 11, 12, 13, 16, 57, 73, 77, 72, 47, 48, 22, 23, 14, 56, 79, 17, 18, 3, 74, 15, 9, 49, 33, 34, 35, 36, 62, 69, 42, 43, 58, 0, 1, 2, 44, 45, 46, 19, 60, 78, 6, 24, 25, 20, 21, 64, 65, 66, 59, 76, 52, 53, 54, 50, 63, 55, 7, 8, 41, 71, 68, 67, 26, 27, 28, 70]
index list energy: 1195781.9413527807
Done


iterations: 1000000 temp: 1000.0 exponent: 0.7 eif: 300.0
time taken (sec): 55.26284646987915
number of iterations: 1000000
og index list: [8, 52, 40, 55, 56, 16, 14, 47, 65, 67, 57, 2, 49, 51, 38, 39, 43, 31, 23, 5, 61, 48, 36, 17, 4, 79, 42, 71, 0, 74, 30, 58, 21, 27, 22, 63, 28, 19, 73, 11, 37, 7, 69, 53, 12, 34, 72, 78, 44, 54, 9, 3, 13, 10, 46, 15, 1, 75, 20, 18, 33, 35, 26, 76, 25, 29, 6, 62, 32, 41, 24, 70, 68, 66, 45, 60, 59, 50, 77, 64]
og index list energy: 97297723.30577871
index list: [16, 7, 8, 63, 22, 23, 24, 78, 43, 6, 53, 54, 55, 56, 57, 45, 46, 41, 0, 1, 18, 51, 52, 70, 71, 4, 5, 32, 25, 26, 2, 3, 77, 27, 28, 42, 33, 34, 35, 36, 64, 65, 40, 58, 75, 59, 68, 69, 14, 15, 19, 20, 21, 74, 72, 73, 66, 67, 60, 31, 44, 11, 12, 13, 47, 48, 49, 62, 76, 61, 37, 38, 39, 79, 29, 50, 9, 10, 17, 30]
index list energy: 2234436.965343137
Done


iterations: 1000000 temp: 1000.0 exponent: 0.7 eif: 300.0
time taken (sec): 56.842363595962524
number of iterations: 1000000
og index list: [66, 70, 69, 72, 23, 63, 32, 38, 25, 33, 40, 56, 62, 44, 22, 47, 24, 54, 77, 61, 50, 48, 7, 31, 45, 43, 28, 58, 41, 49, 74, 75, 30, 57, 67, 79, 9, 71, 34, 8, 16, 42, 46, 55, 15, 5, 59, 53, 12, 14, 6, 76, 51, 39, 52, 19, 18, 10, 73, 4, 13, 65, 17, 60, 1, 2, 21, 37, 3, 27, 20, 26, 0, 64, 29, 36, 35, 11, 78, 68]
og index list energy: 106400408.55143161
index list: [18, 36, 34, 61, 78, 45, 46, 1, 2, 3, 66, 67, 26, 50, 69, 42, 70, 65, 49, 29, 30, 31, 32, 79, 62, 9, 52, 14, 75, 22, 23, 7, 8, 17, 27, 28, 33, 37, 38, 48, 76, 24, 25, 68, 59, 15, 47, 39, 60, 35, 6, 53, 54, 74, 43, 41, 71, 20, 21, 55, 56, 13, 16, 4, 5, 63, 64, 0, 58, 77, 72, 44, 51, 10, 11, 12, 57, 73, 40, 19]
index list energy: 1741750.8685681687
Done


iterations: 1000000 temp: 1000.0 exponent: 0.7 eif: 300.0
time taken (sec): 56.33784461021423
number of iterations: 1000000
og index list: [29, 58, 44, 66, 51, 40, 5, 70, 63, 54, 12, 17, 72, 73, 75, 49, 2, 69, 18, 36, 43, 48, 76, 78, 21, 16, 46, 53, 41, 64, 24, 65, 8, 59, 31, 34, 52, 23, 25, 47, 38, 67, 0, 28, 27, 57, 15, 6, 22, 77, 68, 39, 20, 55, 10, 61, 3, 30, 33, 56, 50, 74, 45, 62, 26, 1, 35, 4, 9, 19, 60, 37, 13, 7, 14, 79, 11, 71, 32, 42]
og index list energy: 100344703.49472277
index list: [18, 1, 2, 3, 40, 41, 71, 7, 8, 9, 10, 63, 64, 25, 26, 27, 30, 31, 32, 12, 0, 73, 4, 78, 35, 6, 14, 5, 19, 68, 72, 69, 70, 13, 46, 47, 79, 44, 45, 36, 62, 11, 77, 24, 52, 43, 51, 21, 22, 28, 33, 34, 76, 65, 66, 17, 74, 53, 54, 55, 56, 57, 58, 50, 59, 60, 61, 49, 48, 37, 38, 39, 75, 29, 23, 42, 67, 15, 16, 20]
index list energy: 2437048.1820932804
Done


iterations: 1000000 temp: 1000.0 exponent: 0.7 eif: 300.0
time taken (sec): 54.266629219055176
number of iterations: 1000000
og index list: [1, 16, 40, 44, 23, 34, 47, 25, 26, 60, 72, 59, 0, 6, 15, 5, 17, 53, 51, 76, 66, 37, 13, 11, 27, 21, 41, 78, 9, 28, 2, 52, 79, 48, 64, 3, 54, 32, 19, 12, 71, 58, 75, 69, 29, 63, 46, 7, 55, 65, 74, 57, 18, 38, 70, 62, 49, 30, 39, 8, 33, 20, 24, 45, 4, 77, 42, 68, 36, 22, 67, 35, 73, 50, 14, 10, 61, 31, 56, 43]
og index list energy: 106620928.44095084
index list: [31, 36, 37, 52, 72, 58, 76, 17, 79, 42, 59, 20, 57, 48, 22, 18, 46, 6, 14, 26, 2, 9, 10, 70, 65, 13, 32, 50, 63, 55, 0, 1, 75, 38, 73, 66, 33, 62, 11, 12, 49, 30, 78, 56, 77, 27, 28, 29, 23, 53, 54, 64, 47, 39, 40, 19, 60, 61, 34, 35, 16, 7, 8, 69, 67, 5, 41, 71, 21, 74, 43, 51, 4, 15, 44, 45, 3, 68, 24, 25]
index list energy: 3348085.30206642
Done


iterations: 1000000 temp: 1000.0 exponent: 0.7 eif: 300.0
time taken (sec): 50.422361850738525
number of iterations: 1000000
og index list: [1, 21, 9, 57, 73, 8, 14, 26, 10, 42, 38, 41, 31, 30, 65, 53, 0, 79, 54, 50, 72, 22, 37, 40, 71, 16, 24, 6, 35, 61, 44, 5, 64, 19, 77, 28, 3, 12, 78, 34, 18, 17, 68, 67, 75, 56, 47, 20, 70, 15, 48, 59, 60, 69, 46, 76, 39, 51, 2, 49, 43, 62, 74, 36, 45, 66, 63, 27, 11, 52, 7, 25, 23, 29, 32, 4, 55, 33, 58, 13]
og index list energy: 111642138.50460353
index list: [54, 49, 33, 22, 23, 70, 57, 1, 18, 19, 68, 14, 79, 42, 43, 51, 71, 5, 69, 29, 77, 38, 39, 20, 50, 9, 10, 11, 40, 73, 0, 75, 67, 26, 27, 30, 31, 16, 24, 21, 34, 35, 47, 48, 37, 52, 72, 44, 45, 41, 12, 13, 58, 78, 28, 17, 2, 3, 60, 76, 7, 8, 36, 55, 56, 74, 61, 62, 63, 64, 65, 66, 59, 4, 15, 6, 53, 46, 32, 25]
index list energy: 2493224.2604170395
Done


iterations: 1000000 temp: 1000.0 exponent: 0.7 eif: 300.0
time taken (sec): 55.854820251464844
number of iterations: 1000000
og index list: [25, 8, 69, 49, 20, 75, 13, 37, 66, 27, 12, 10, 42, 15, 43, 22, 58, 29, 45, 18, 51, 14, 61, 11, 60, 57, 7, 70, 16, 50, 36, 64, 31, 5, 72, 6, 38, 48, 47, 46, 0, 62, 4, 74, 28, 23, 44, 76, 53, 21, 2, 34, 17, 1, 65, 39, 33, 67, 63, 71, 41, 68, 54, 9, 26, 79, 19, 3, 40, 59, 30, 52, 24, 32, 35, 78, 73, 56, 55, 77]
og index list energy: 125610736.86234677
index list: [33, 49, 28, 72, 73, 66, 42, 29, 23, 24, 4, 56, 52, 14, 15, 6, 7, 8, 53, 32, 12, 13, 47, 48, 22, 77, 59, 68, 69, 17, 18, 1, 2, 3, 79, 30, 31, 16, 60, 78, 19, 26, 27, 74, 43, 46, 44, 45, 36, 34, 35, 76, 54, 55, 70, 65, 57, 58, 61, 62, 67, 5, 9, 10, 11, 50, 63, 37, 75, 64, 21, 0, 51, 38, 39, 40, 41, 71, 20, 25]
index list energy: 1977881.803556434
Done


iterations: 1000000 temp: 1000.0 exponent: 0.7 eif: 300.0
time taken (sec): 53.21326661109924
number of iterations: 1000000
og index list: [59, 49, 18, 0, 50, 3, 55, 34, 43, 42, 12, 14, 67, 5, 27, 40, 8, 29, 25, 72, 39, 61, 79, 74, 37, 28, 22, 65, 7, 10, 46, 41, 45, 38, 19, 9, 47, 17, 78, 1, 35, 13, 53, 51, 20, 68, 77, 62, 11, 70, 71, 23, 44, 24, 36, 76, 69, 4, 6, 30, 60, 26, 54, 48, 73, 56, 15, 58, 33, 75, 31, 2, 32, 64, 66, 52, 16, 63, 21, 57]
og index list energy: 123157807.9200339
index list: [35, 9, 52, 14, 15, 54, 55, 76, 70, 65, 13, 19, 26, 49, 10, 11, 74, 43, 6, 53, 51, 7, 30, 31, 75, 4, 56, 66, 17, 27, 28, 29, 8, 73, 77, 42, 33, 62, 69, 72, 47, 16, 48, 34, 78, 18, 32, 79, 67, 68, 59, 5, 36, 37, 38, 39, 25, 60, 61, 0, 1, 2, 44, 45, 46, 3, 40, 41, 21, 64, 71, 20, 12, 57, 58, 50, 63, 22, 23, 24]
index list energy: 2604709.8608447346
Done


iterations: 1000000 temp: 1000.0 exponent: 0.7 eif: 300.0
time taken (sec): 50.25708484649658
number of iterations: 1000000
og index list: [4, 53, 61, 20, 49, 72, 10, 65, 40, 45, 51, 19, 38, 68, 33, 31, 7, 54, 12, 69, 75, 23, 3, 52, 36, 1, 76, 57, 44, 14, 29, 71, 18, 74, 67, 13, 79, 43, 70, 55, 64, 63, 73, 26, 15, 66, 32, 16, 41, 47, 9, 8, 48, 2, 62, 11, 56, 24, 58, 37, 39, 35, 5, 59, 34, 0, 21, 46, 78, 77, 25, 60, 17, 27, 42, 50, 22, 30, 28, 6]
og index list energy: 86697066.44106735
index list: [51, 38, 39, 52, 24, 12, 57, 75, 67, 68, 7, 8, 73, 0, 1, 28, 72, 14, 56, 4, 5, 46, 47, 48, 22, 77, 25, 26, 27, 23, 70, 78, 2, 44, 16, 50, 63, 64, 13, 41, 65, 66, 33, 34, 35, 69, 29, 30, 61, 62, 9, 10, 76, 19, 20, 71, 15, 32, 21, 55, 43, 58, 74, 11, 79, 59, 60, 31, 54, 37, 49, 42, 17, 18, 3, 40, 6, 53, 45, 36]
index list energy: 2703617.299972751
Done


iterations: 1000000 temp: 1000.0 exponent: 0.7 eif: 300.0
time taken (sec): 53.0298068523407
number of iterations: 1000000
og index list: [52, 45, 22, 77, 9, 35, 7, 14, 36, 18, 19, 65, 69, 28, 51, 15, 42, 59, 56, 47, 12, 49, 41, 46, 40, 37, 33, 72, 24, 16, 29, 50, 26, 70, 8, 60, 25, 57, 78, 64, 61, 48, 38, 10, 76, 31, 11, 68, 3, 66, 13, 2, 5, 62, 67, 53, 1, 30, 71, 0, 74, 43, 23, 73, 20, 27, 55, 54, 4, 79, 39, 32, 17, 75, 21, 58, 6, 34, 63, 44]
og index list energy: 94427008.98253757
index list: [30, 49, 38, 39, 25, 68, 67, 4, 5, 9, 0, 1, 27, 28, 43, 73, 79, 42, 29, 76, 8, 46, 3, 20, 71, 15, 69, 33, 37, 52, 14, 7, 77, 18, 6, 70, 74, 19, 26, 75, 61, 50, 51, 10, 63, 22, 23, 53, 11, 12, 13, 47, 48, 62, 72, 59, 56, 57, 58, 31, 44, 54, 55, 24, 60, 35, 36, 34, 78, 45, 32, 66, 17, 2, 16, 21, 64, 65, 40, 41]
index list energy: 2993709.2222340694
Done


iterations: 1000000 temp: 1000.0 exponent: 0.7 eif: 300.0
time taken (sec): 63.50849723815918
number of iterations: 1000000
og index list: [73, 51, 53, 59, 38, 76, 32, 31, 21, 33, 20, 39, 15, 24, 41, 36, 49, 16, 58, 69, 54, 60, 1, 67, 28, 13, 0, 50, 14, 74, 57, 72, 8, 62, 35, 65, 5, 44, 37, 10, 23, 55, 40, 79, 46, 43, 19, 52, 48, 63, 25, 64, 71, 26, 61, 18, 34, 77, 27, 3, 42, 7, 30, 47, 68, 70, 29, 66, 17, 45, 2, 9, 11, 75, 56, 22, 12, 6, 78, 4]
og index list energy: 138466047.70459867
index list: [71, 0, 39, 40, 44, 16, 76, 29, 30, 31, 19, 60, 35, 41, 49, 14, 56, 75, 43, 3, 15, 54, 37, 38, 1, 18, 47, 48, 22, 78, 23, 7, 8, 17, 27, 28, 33, 74, 4, 79, 45, 32, 25, 26, 2, 6, 5, 9, 10, 11, 12, 13, 36, 34, 61, 62, 59, 20, 21, 55, 24, 57, 51, 52, 53, 46, 58, 50, 63, 64, 65, 66, 67, 68, 69, 70, 77, 42, 72, 73]
index list energy: 2250627.5985025717
Done


iterations: 1000000 temp: 1000.0 exponent: 0.7 eif: 300.0
time taken (sec): 61.04966187477112
number of iterations: 1000000
og index list: [76, 15, 59, 55, 66, 22, 4, 45, 29, 57, 11, 77, 1, 8, 7, 20, 58, 60, 74, 69, 79, 31, 14, 48, 34, 75, 63, 53, 41, 30, 67, 70, 36, 17, 47, 10, 65, 73, 12, 23, 21, 16, 5, 19, 56, 49, 43, 18, 42, 72, 62, 71, 78, 39, 40, 27, 52, 44, 51, 61, 37, 24, 68, 9, 33, 46, 32, 64, 26, 38, 0, 2, 28, 54, 25, 6, 50, 35, 3, 13]
og index list energy: 111174133.56740695
index list: [67, 26, 75, 59, 20, 21, 78, 14, 76, 18, 41, 71, 60, 49, 7, 23, 43, 3, 4, 56, 0, 47, 73, 77, 22, 8, 9, 10, 1, 27, 28, 29, 30, 31, 32, 57, 48, 34, 35, 45, 19, 68, 72, 16, 12, 52, 24, 25, 5, 58, 61, 37, 38, 39, 40, 44, 51, 15, 36, 74, 17, 2, 79, 53, 54, 55, 70, 50, 63, 64, 65, 13, 46, 6, 69, 33, 62, 11, 66, 42]
index list energy: 2640627.838406867
Done


iterations: 1000000 temp: 1000.0 exponent: 0.7 eif: 300.0
time taken (sec): 50.49784564971924
number of iterations: 1000000
og index list: [46, 6, 73, 54, 21, 62, 4, 66, 38, 51, 69, 44, 1, 48, 63, 30, 47, 7, 74, 42, 64, 34, 25, 14, 28, 76, 77, 24, 10, 61, 55, 60, 12, 65, 45, 72, 79, 68, 0, 57, 58, 70, 33, 27, 59, 18, 16, 43, 56, 9, 71, 52, 32, 5, 41, 20, 19, 36, 50, 35, 13, 15, 29, 23, 11, 17, 40, 31, 3, 2, 49, 39, 22, 78, 26, 37, 8, 75, 53, 67]
og index list energy: 76673310.5017974
index list: [67, 78, 42, 33, 34, 35, 46, 1, 2, 6, 69, 59, 4, 68, 14, 5, 3, 26, 49, 17, 18, 32, 13, 36, 22, 23, 43, 58, 74, 27, 28, 29, 8, 63, 37, 10, 70, 0, 73, 40, 48, 62, 9, 52, 53, 51, 38, 39, 25, 15, 45, 44, 54, 64, 16, 7, 30, 50, 75, 65, 57, 41, 21, 55, 56, 76, 31, 19, 60, 61, 77, 24, 66, 72, 47, 79, 11, 12, 71, 20]
index list energy: 3082498.1576015996
Done


iterations: 1000000 temp: 1000.0 exponent: 0.7 eif: 300.0
time taken (sec): 60.433931827545166
number of iterations: 1000000
og index list: [6, 56, 55, 28, 41, 31, 23, 75, 44, 21, 71, 33, 36, 58, 19, 53, 52, 25, 78, 16, 42, 2, 69, 57, 13, 54, 49, 64, 27, 74, 22, 72, 7, 59, 76, 1, 67, 40, 24, 26, 66, 18, 15, 30, 73, 38, 62, 4, 32, 9, 47, 5, 14, 29, 34, 10, 60, 0, 46, 20, 65, 77, 39, 48, 51, 11, 8, 3, 79, 35, 45, 50, 12, 43, 37, 63, 68, 17, 61, 70]
og index list energy: 119924488.44994345
index list: [72, 73, 77, 27, 28, 43, 78, 17, 18, 3, 40, 46, 9, 10, 11, 12, 21, 22, 8, 69, 67, 68, 7, 30, 31, 44, 79, 42, 29, 23, 59, 26, 74, 45, 32, 57, 48, 49, 53, 54, 55, 76, 47, 41, 65, 13, 19, 5, 58, 0, 1, 2, 63, 64, 75, 70, 71, 60, 61, 62, 51, 52, 14, 56, 66, 33, 34, 35, 36, 37, 38, 39, 4, 15, 16, 50, 6, 24, 25, 20]
index list energy: 2281108.930470907
Done


iterations: 1000000 temp: 1000.0 exponent: 0.7 eif: 300.0
time taken (sec): 48.772353410720825
number of iterations: 1000000
og index list: [43, 29, 72, 57, 70, 37, 47, 74, 69, 75, 60, 79, 13, 53, 31, 24, 66, 9, 33, 25, 32, 48, 17, 77, 2, 41, 21, 14, 26, 7, 46, 49, 22, 45, 28, 27, 52, 3, 68, 23, 38, 20, 55, 64, 11, 35, 42, 56, 65, 6, 59, 39, 0, 4, 34, 5, 40, 18, 78, 67, 51, 73, 10, 76, 12, 71, 62, 19, 1, 16, 8, 61, 58, 30, 36, 54, 50, 44, 15, 63]
og index list energy: 133755943.06587572
index list: [34, 49, 18, 46, 44, 54, 22, 23, 0, 48, 55, 24, 40, 6, 14, 56, 13, 47, 1, 27, 74, 45, 36, 77, 19, 15, 3, 68, 17, 78, 67, 26, 2, 9, 52, 53, 70, 71, 4, 60, 79, 43, 16, 7, 8, 69, 42, 33, 37, 10, 11, 12, 21, 64, 66, 72, 73, 76, 31, 32, 25, 5, 41, 65, 57, 58, 61, 62, 63, 50, 59, 75, 28, 29, 30, 35, 51, 38, 39, 20]
index list energy: 2632933.7055848697
Done


iterations: 1000000 temp: 1000.0 exponent: 0.7 eif: 300.0
time taken (sec): 54.138853788375854
number of iterations: 1000000
og index list: [28, 16, 69, 29, 64, 49, 12, 42, 43, 23, 77, 24, 2, 20, 44, 71, 58, 63, 32, 48, 36, 73, 38, 52, 0, 37, 34, 60, 53, 54, 7, 5, 59, 78, 65, 31, 40, 9, 15, 66, 61, 41, 19, 47, 4, 17, 11, 22, 1, 14, 62, 13, 76, 27, 70, 68, 6, 26, 21, 56, 46, 25, 8, 39, 74, 35, 57, 18, 45, 67, 55, 33, 75, 79, 30, 72, 10, 50, 3, 51]
og index list energy: 98992076.91408946
index list: [13, 32, 50, 70, 76, 43, 6, 14, 56, 78, 7, 8, 69, 67, 26, 27, 28, 42, 59, 4, 15, 3, 68, 74, 19, 5, 9, 52, 77, 17, 18, 1, 2, 44, 51, 10, 63, 34, 35, 36, 22, 23, 24, 25, 40, 16, 53, 45, 46, 41, 71, 60, 61, 62, 11, 12, 57, 47, 48, 64, 65, 66, 72, 49, 39, 20, 21, 79, 33, 37, 38, 58, 75, 29, 30, 31, 54, 55, 0, 73]
index list energy: 1631595.7088301135
Done


iterations: 1000000 temp: 1000.0 exponent: 0.7 eif: 300.0
time taken (sec): 45.93610215187073
number of iterations: 1000000
og index list: [32, 26, 65, 51, 23, 0, 52, 43, 60, 12, 11, 36, 41, 56, 58, 73, 59, 10, 66, 44, 5, 17, 39, 79, 74, 61, 57, 16, 45, 29, 48, 21, 49, 28, 72, 3, 67, 9, 33, 1, 4, 64, 63, 31, 78, 35, 55, 76, 71, 38, 46, 68, 30, 13, 6, 14, 69, 15, 25, 2, 20, 22, 40, 18, 37, 8, 24, 75, 47, 54, 50, 70, 27, 62, 34, 77, 53, 42, 7, 19]
og index list energy: 110530365.11843918
index list: [23, 17, 50, 9, 10, 59, 4, 74, 18, 16, 40, 36, 55, 56, 13, 51, 38, 47, 39, 26, 2, 41, 71, 21, 22, 28, 29, 30, 31, 79, 70, 77, 43, 63, 64, 65, 49, 1, 27, 76, 32, 12, 66, 67, 20, 57, 73, 0, 58, 78, 24, 75, 33, 37, 52, 7, 8, 44, 45, 19, 68, 14, 5, 46, 3, 60, 61, 34, 35, 48, 62, 69, 42, 72, 6, 53, 11, 25, 15, 54]
index list energy: 2797612.574722017
Done


iterations: 1000000 temp: 1000.0 exponent: 0.7 eif: 300.0
time taken (sec): 55.639246225357056
number of iterations: 1000000
og index list: [59, 38, 44, 16, 24, 1, 3, 27, 14, 18, 72, 20, 39, 47, 58, 21, 70, 17, 45, 2, 78, 5, 11, 67, 29, 26, 50, 36, 54, 37, 19, 9, 22, 55, 48, 23, 68, 60, 56, 30, 66, 31, 53, 10, 0, 69, 13, 4, 35, 74, 49, 52, 6, 33, 75, 65, 8, 77, 7, 62, 51, 46, 43, 64, 32, 40, 42, 63, 76, 15, 79, 25, 34, 73, 57, 12, 71, 61, 28, 41]
og index list energy: 112349260.04883935
index list: [22, 23, 53, 45, 41, 65, 66, 17, 18, 19, 79, 8, 59, 26, 2, 3, 20, 25, 5, 9, 10, 11, 49, 38, 39, 4, 56, 21, 37, 74, 72, 75, 67, 68, 69, 29, 30, 31, 48, 34, 35, 46, 73, 50, 36, 62, 51, 57, 58, 77, 42, 43, 63, 64, 52, 70, 71, 60, 61, 78, 24, 40, 6, 14, 7, 76, 33, 0, 44, 54, 55, 15, 32, 12, 13, 16, 47, 1, 27, 28]
index list energy: 2964368.8693031417
Done


iterations: 1000000 temp: 1000.0 exponent: 0.7 eif: 300.0
time taken (sec): 51.012033224105835
number of iterations: 1000000
og index list: [61, 9, 19, 18, 2, 33, 24, 56, 74, 64, 58, 0, 70, 39, 37, 15, 55, 34, 14, 49, 3, 72, 1, 57, 8, 78, 11, 50, 59, 6, 20, 16, 25, 41, 30, 43, 22, 12, 36, 46, 75, 66, 7, 13, 45, 38, 79, 52, 21, 35, 73, 27, 5, 17, 60, 67, 76, 42, 23, 32, 53, 71, 68, 47, 54, 77, 40, 4, 44, 69, 31, 28, 62, 10, 65, 51, 29, 63, 48, 26]
og index list energy: 119238467.0837398
index list: [70, 13, 46, 0, 51, 38, 1, 27, 18, 47, 58, 76, 48, 37, 25, 68, 24, 57, 44, 45, 16, 40, 19, 20, 71, 4, 5, 73, 66, 17, 2, 3, 74, 43, 9, 10, 11, 21, 79, 33, 22, 23, 14, 7, 8, 69, 29, 30, 31, 41, 75, 61, 49, 39, 60, 35, 6, 53, 54, 55, 56, 52, 67, 26, 50, 63, 64, 65, 78, 62, 36, 34, 77, 28, 42, 72, 59, 15, 32, 12]
index list energy: 3015789.862440645
Done


iterations: 1000000 temp: 1000.0 exponent: 0.7 eif: 300.0
time taken (sec): 57.59774422645569
number of iterations: 1000000
og index list: [77, 52, 75, 18, 54, 37, 12, 11, 74, 7, 76, 29, 62, 24, 51, 0, 8, 45, 10, 20, 72, 9, 4, 5, 69, 79, 47, 50, 41, 38, 21, 1, 36, 48, 64, 60, 65, 44, 16, 73, 42, 58, 19, 53, 63, 3, 55, 13, 70, 56, 59, 46, 57, 27, 34, 67, 78, 17, 28, 22, 14, 30, 66, 61, 2, 40, 23, 49, 71, 15, 33, 35, 68, 25, 26, 31, 6, 43, 32, 39]
og index list energy: 106632209.22672065
index list: [18, 1, 2, 46, 9, 10, 11, 74, 28, 29, 30, 61, 62, 69, 70, 65, 66, 67, 68, 43, 44, 51, 38, 47, 39, 4, 5, 3, 25, 26, 76, 27, 79, 17, 78, 59, 60, 35, 32, 21, 50, 63, 22, 23, 14, 56, 13, 16, 0, 58, 31, 36, 34, 75, 42, 72, 73, 49, 33, 37, 52, 53, 54, 55, 15, 45, 41, 71, 77, 6, 7, 8, 24, 40, 19, 20, 12, 57, 48, 64]
index list energy: 2636569.82202267
Done


iterations: 1000000 temp: 1000.0 exponent: 0.7 eif: 300.0
time taken (sec): 54.28837585449219
number of iterations: 1000000
og index list: [37, 32, 40, 22, 26, 0, 48, 3, 45, 17, 43, 63, 35, 16, 46, 47, 30, 23, 75, 39, 62, 41, 69, 7, 44, 27, 59, 66, 65, 1, 58, 54, 38, 61, 15, 68, 11, 10, 33, 52, 42, 13, 4, 8, 29, 56, 71, 55, 57, 2, 14, 51, 50, 73, 53, 5, 72, 18, 77, 79, 28, 19, 60, 70, 6, 76, 25, 21, 36, 74, 78, 49, 64, 24, 67, 31, 20, 34, 9, 12]
og index list energy: 107578753.31100558
index list: [8, 51, 38, 39, 40, 47, 19, 26, 27, 28, 29, 30, 31, 9, 10, 69, 14, 56, 52, 67, 68, 59, 79, 33, 22, 23, 24, 25, 5, 73, 4, 77, 17, 18, 16, 20, 57, 48, 34, 76, 65, 66, 72, 36, 37, 50, 11, 12, 13, 75, 42, 70, 21, 55, 7, 49, 3, 60, 61, 62, 63, 78, 43, 44, 45, 58, 74, 35, 54, 64, 71, 15, 46, 41, 0, 1, 2, 6, 53, 32]
index list energy: 2346295.8305807826
Done


iterations: 1000000 temp: 1000.0 exponent: 0.7 eif: 300.0
time taken (sec): 50.852195024490356
number of iterations: 1000000
og index list: [10, 32, 55, 1, 42, 29, 19, 0, 4, 35, 48, 45, 34, 25, 16, 74, 18, 40, 54, 12, 3, 28, 70, 17, 50, 37, 6, 77, 73, 63, 21, 44, 26, 65, 76, 43, 47, 11, 79, 8, 27, 2, 30, 15, 59, 56, 71, 14, 38, 49, 31, 22, 69, 46, 20, 62, 13, 64, 78, 57, 66, 58, 24, 72, 7, 75, 51, 39, 33, 36, 41, 68, 9, 23, 52, 61, 53, 5, 60, 67]
og index list energy: 87923337.13349968
index list: [45, 32, 57, 39, 40, 46, 44, 54, 79, 14, 15, 69, 67, 5, 1, 18, 36, 0, 3, 49, 22, 75, 29, 30, 31, 51, 25, 4, 26, 27, 28, 74, 72, 73, 66, 42, 33, 64, 65, 76, 62, 11, 12, 52, 43, 41, 78, 8, 7, 23, 24, 50, 63, 55, 56, 13, 19, 20, 21, 77, 17, 2, 9, 10, 59, 60, 61, 34, 35, 6, 70, 71, 68, 53, 16, 48, 37, 38, 47, 58]
index list energy: 2700742.194740863
Done


iterations: 1000000 temp: 1000.0 exponent: 0.7 eif: 300.0
time taken (sec): 49.507359743118286
number of iterations: 1000000
og index list: [20, 16, 0, 33, 12, 78, 76, 35, 53, 41, 58, 23, 44, 59, 74, 73, 60, 57, 17, 18, 2, 14, 46, 10, 63, 22, 47, 13, 1, 36, 21, 9, 50, 6, 26, 28, 29, 49, 52, 54, 42, 55, 43, 66, 31, 75, 62, 39, 19, 24, 48, 40, 67, 68, 72, 7, 37, 45, 79, 27, 15, 65, 4, 3, 77, 69, 32, 34, 38, 61, 56, 64, 51, 11, 70, 71, 8, 25, 30, 5]
og index list energy: 96985448.68742861
index list: [62, 9, 10, 33, 55, 56, 52, 7, 8, 47, 39, 40, 19, 68, 69, 17, 18, 16, 20, 71, 5, 6, 14, 53, 45, 3, 4, 79, 42, 76, 2, 74, 67, 26, 77, 44, 54, 34, 35, 36, 22, 23, 24, 50, 63, 64, 65, 25, 15, 11, 12, 13, 41, 0, 1, 27, 28, 72, 48, 78, 59, 60, 75, 29, 30, 31, 46, 32, 21, 37, 38, 73, 66, 70, 49, 43, 51, 57, 58, 61]
index list energy: 2694270.592433318
Done


iterations: 1000000 temp: 1000.0 exponent: 0.7 eif: 300.0
time taken (sec): 60.98567724227905
number of iterations: 1000000
og index list: [10, 22, 64, 73, 67, 69, 28, 31, 58, 79, 7, 6, 61, 32, 66, 30, 42, 33, 8, 53, 25, 49, 35, 13, 52, 51, 15, 37, 26, 24, 0, 44, 59, 16, 65, 45, 48, 72, 4, 54, 17, 76, 57, 38, 41, 20, 1, 39, 62, 74, 12, 5, 29, 70, 23, 75, 47, 36, 55, 34, 27, 11, 68, 71, 56, 77, 14, 46, 78, 2, 60, 63, 3, 43, 21, 50, 19, 18, 40, 9]
og index list energy: 115057371.37646517
index list: [28, 29, 49, 73, 4, 5, 6, 7, 8, 9, 10, 67, 15, 46, 16, 68, 59, 56, 13, 50, 63, 76, 27, 30, 79, 43, 3, 26, 78, 1, 2, 69, 17, 18, 19, 60, 61, 62, 11, 21, 64, 65, 66, 70, 71, 20, 12, 57, 58, 31, 32, 77, 33, 55, 53, 54, 34, 35, 41, 74, 42, 72, 51, 52, 24, 25, 75, 47, 48, 37, 38, 39, 40, 44, 45, 36, 22, 23, 14, 0]
index list energy: 1847575.0945839982
Done


iterations: 1000000 temp: 1000.0 exponent: 0.7 eif: 300.0
time taken (sec): 48.84762263298035
number of iterations: 1000000
og index list: [57, 55, 11, 32, 7, 50, 14, 63, 22, 49, 41, 12, 27, 15, 64, 79, 26, 73, 48, 21, 30, 10, 37, 31, 54, 23, 66, 3, 17, 53, 56, 20, 0, 16, 9, 75, 68, 40, 19, 44, 52, 2, 69, 42, 67, 8, 1, 45, 18, 76, 71, 61, 34, 24, 60, 28, 35, 43, 62, 25, 38, 5, 77, 39, 59, 4, 65, 33, 6, 72, 51, 47, 13, 78, 46, 36, 70, 74, 29, 58]
og index list energy: 110268077.33130577
index list: [59, 5, 1, 2, 3, 40, 46, 6, 7, 23, 17, 18, 73, 66, 42, 72, 16, 24, 13, 19, 20, 21, 22, 78, 37, 38, 41, 71, 79, 29, 30, 77, 8, 32, 12, 10, 54, 50, 11, 76, 35, 9, 52, 67, 4, 26, 27, 28, 43, 44, 45, 36, 34, 74, 14, 56, 25, 60, 61, 62, 63, 55, 53, 51, 15, 48, 64, 75, 33, 0, 39, 68, 49, 31, 69, 70, 65, 57, 47, 58]
index list energy: 2388022.162476639
Done


iterations: 1000000 temp: 1000.0 exponent: 0.7 eif: 300.0
time taken (sec): 59.532209396362305
number of iterations: 1000000
og index list: [57, 77, 21, 18, 44, 8, 36, 64, 1, 45, 53, 40, 27, 75, 24, 65, 52, 61, 47, 20, 63, 7, 10, 38, 72, 62, 79, 26, 15, 31, 35, 67, 16, 73, 68, 56, 5, 70, 23, 55, 59, 9, 28, 74, 4, 29, 71, 78, 49, 54, 6, 12, 34, 30, 50, 2, 60, 42, 39, 22, 25, 11, 19, 37, 48, 66, 3, 58, 43, 51, 13, 76, 33, 17, 46, 14, 69, 32, 41, 0]
og index list energy: 128250219.53329673
index list: [67, 20, 77, 70, 71, 21, 55, 7, 8, 6, 24, 25, 5, 9, 10, 11, 12, 79, 68, 17, 18, 51, 13, 36, 22, 23, 14, 56, 66, 76, 72, 1, 2, 16, 69, 42, 33, 78, 59, 60, 74, 29, 30, 31, 19, 26, 27, 28, 43, 44, 45, 41, 49, 62, 63, 64, 52, 53, 54, 0, 48, 34, 35, 3, 40, 50, 46, 47, 58, 61, 37, 38, 39, 4, 15, 32, 75, 65, 57, 73]
index list energy: 1864915.8021746667
Done


iterations: 1000000 temp: 1000.0 exponent: 0.7 eif: 300.0
time taken (sec): 47.90372371673584
number of iterations: 1000000
og index list: [4, 62, 41, 57, 52, 34, 9, 79, 68, 17, 59, 5, 8, 70, 78, 19, 28, 42, 30, 11, 43, 67, 77, 36, 40, 49, 74, 55, 50, 15, 18, 24, 6, 26, 39, 61, 66, 13, 56, 60, 51, 10, 23, 16, 3, 72, 2, 47, 1, 58, 73, 14, 33, 44, 7, 38, 48, 71, 27, 63, 29, 53, 45, 35, 25, 21, 37, 54, 12, 65, 75, 69, 76, 31, 64, 20, 22, 32, 0, 46]
og index list energy: 115683502.38041078
index list: [2, 9, 10, 51, 13, 16, 52, 17, 18, 36, 34, 35, 63, 55, 53, 46, 48, 22, 23, 24, 40, 19, 60, 61, 62, 72, 47, 73, 25, 26, 77, 7, 8, 6, 14, 5, 58, 75, 59, 20, 49, 30, 31, 32, 65, 4, 56, 57, 39, 15, 50, 11, 21, 76, 67, 68, 70, 66, 33, 37, 38, 44, 54, 64, 71, 12, 78, 45, 41, 0, 1, 27, 79, 28, 29, 74, 69, 42, 43, 3]
index list energy: 2253794.651743236
Done


iterations: 1000000 temp: 1000.0 exponent: 0.7 eif: 300.0
time taken (sec): 50.59005689620972
number of iterations: 1000000
og index list: [0, 24, 77, 40, 14, 12, 6, 11, 9, 46, 45, 36, 10, 69, 66, 32, 4, 5, 1, 75, 67, 63, 42, 64, 13, 53, 17, 7, 59, 50, 43, 15, 58, 49, 29, 39, 16, 38, 2, 20, 54, 65, 41, 73, 44, 26, 22, 27, 51, 8, 25, 71, 18, 21, 68, 47, 48, 57, 62, 61, 70, 60, 19, 34, 35, 79, 72, 56, 52, 74, 31, 37, 23, 55, 76, 78, 33, 28, 3, 30]
og index list energy: 89457882.60334794
index list: [68, 24, 13, 6, 43, 9, 10, 17, 18, 46, 0, 47, 48, 34, 35, 19, 60, 31, 3, 25, 50, 67, 77, 33, 37, 38, 39, 20, 71, 26, 78, 29, 30, 79, 27, 28, 49, 61, 74, 53, 54, 22, 23, 70, 65, 66, 59, 56, 52, 14, 15, 58, 76, 16, 7, 8, 11, 12, 75, 32, 40, 41, 21, 64, 1, 2, 36, 62, 63, 55, 5, 44, 45, 51, 57, 69, 42, 72, 73, 4]
index list energy: 2585713.0285826563
Done


iterations: 1000000 temp: 1000.0 exponent: 0.7 eif: 300.0
time taken (sec): 55.9065797328949
number of iterations: 1000000
og index list: [47, 14, 35, 64, 40, 26, 41, 60, 27, 79, 59, 5, 6, 16, 65, 70, 73, 72, 49, 15, 31, 48, 13, 24, 20, 4, 76, 0, 45, 25, 21, 50, 38, 74, 61, 44, 8, 66, 29, 34, 32, 63, 17, 42, 33, 75, 46, 51, 56, 54, 53, 77, 3, 68, 43, 7, 52, 55, 11, 67, 36, 12, 69, 9, 10, 19, 58, 30, 2, 1, 18, 57, 37, 62, 71, 78, 23, 39, 22, 28]
og index list energy: 123227231.74038714
index list: [22, 30, 61, 37, 38, 39, 57, 1, 27, 28, 33, 55, 7, 23, 59, 15, 9, 10, 11, 50, 51, 52, 53, 54, 75, 4, 56, 13, 0, 6, 14, 26, 79, 72, 73, 74, 70, 21, 64, 58, 31, 41, 65, 66, 67, 68, 24, 25, 5, 19, 20, 71, 60, 76, 8, 69, 29, 18, 36, 62, 63, 77, 17, 2, 47, 16, 48, 34, 78, 35, 3, 40, 44, 45, 46, 32, 12, 49, 42, 43]
index list energy: 3196558.854053115
Done


iterations: 1000000 temp: 1000.0 exponent: 0.7 eif: 300.0
time taken (sec): 63.06695914268494
number of iterations: 1000000
og index list: [22, 42, 49, 52, 46, 40, 58, 67, 16, 27, 38, 41, 5, 11, 55, 44, 15, 21, 31, 13, 60, 39, 33, 74, 25, 79, 78, 26, 37, 17, 7, 48, 36, 8, 70, 64, 2, 24, 47, 0, 19, 1, 45, 35, 14, 75, 62, 3, 77, 9, 54, 6, 43, 66, 72, 65, 63, 51, 10, 20, 56, 12, 32, 18, 68, 59, 69, 23, 28, 34, 50, 30, 57, 4, 71, 76, 61, 53, 29, 73]
og index list energy: 103591854.36120951
index list: [67, 5, 58, 0, 73, 79, 42, 74, 17, 18, 19, 40, 41, 50, 46, 9, 10, 11, 57, 1, 2, 75, 43, 36, 22, 23, 24, 25, 26, 27, 28, 29, 30, 31, 32, 66, 70, 71, 20, 21, 55, 53, 51, 38, 47, 44, 45, 6, 7, 8, 59, 15, 54, 78, 60, 61, 62, 69, 33, 37, 76, 72, 39, 68, 63, 64, 48, 34, 77, 35, 3, 4, 56, 13, 16, 12, 52, 14, 49, 65]
index list energy: 1429084.1798250726
Done


iterations: 1000000 temp: 1000.0 exponent: 0.7 eif: 300.0
time taken (sec): 52.49624276161194
number of iterations: 1000000
og index list: [22, 57, 32, 71, 2, 45, 36, 6, 1, 66, 23, 18, 27, 78, 70, 30, 58, 53, 52, 24, 7, 73, 54, 19, 46, 21, 12, 62, 14, 37, 38, 50, 8, 72, 35, 79, 43, 74, 42, 56, 75, 77, 5, 13, 76, 9, 26, 25, 44, 40, 0, 28, 11, 4, 17, 61, 20, 63, 33, 64, 48, 41, 69, 47, 3, 67, 49, 10, 60, 29, 51, 31, 68, 55, 39, 34, 65, 16, 15, 59]
og index list energy: 139874383.22193062
index list: [54, 49, 53, 32, 65, 77, 22, 76, 8, 1, 2, 3, 4, 56, 66, 72, 47, 73, 50, 11, 12, 52, 42, 33, 79, 27, 28, 43, 69, 17, 18, 6, 70, 13, 16, 57, 48, 34, 35, 36, 37, 38, 39, 68, 59, 15, 44, 45, 46, 58, 0, 51, 21, 75, 10, 67, 5, 9, 78, 55, 24, 40, 41, 71, 25, 60, 61, 62, 63, 64, 7, 23, 14, 26, 74, 29, 30, 31, 19, 20]
index list energy: 2055322.8063505318
Done


iterations: 1000000 temp: 1000.0 exponent: 0.7 eif: 300.0
time taken (sec): 56.70858454704285
number of iterations: 1000000
og index list: [75, 33, 4, 56, 29, 19, 64, 5, 54, 46, 37, 76, 53, 22, 65, 38, 24, 42, 31, 28, 36, 57, 18, 23, 15, 27, 73, 13, 62, 49, 50, 72, 39, 47, 60, 61, 78, 34, 40, 41, 26, 77, 2, 55, 10, 1, 44, 51, 45, 68, 16, 20, 30, 0, 21, 17, 59, 63, 8, 79, 70, 43, 14, 11, 71, 7, 74, 48, 25, 66, 12, 3, 67, 9, 32, 52, 35, 6, 58, 69]
og index list energy: 106607963.79018119
index list: [5, 47, 48, 22, 23, 70, 71, 7, 8, 51, 52, 53, 54, 64, 68, 72, 69, 43, 44, 16, 15, 63, 55, 79, 3, 74, 2, 41, 77, 17, 18, 1, 76, 29, 30, 31, 46, 19, 60, 61, 62, 75, 24, 25, 26, 27, 28, 33, 50, 59, 40, 58, 49, 45, 9, 10, 11, 12, 78, 0, 73, 66, 42, 67, 20, 21, 34, 35, 36, 37, 38, 39, 4, 56, 13, 32, 65, 57, 6, 14]
index list energy: 2521790.2009557304
Done


iterations: 1000000 temp: 1000.0 exponent: 0.7 eif: 300.0
time taken (sec): 60.32027292251587
number of iterations: 1000000
og index list: [43, 75, 46, 7, 45, 2, 30, 16, 22, 63, 9, 20, 42, 62, 32, 29, 60, 54, 1, 6, 77, 33, 26, 25, 68, 15, 24, 79, 13, 69, 55, 76, 34, 53, 12, 4, 14, 0, 51, 48, 40, 52, 44, 17, 27, 36, 50, 23, 37, 21, 41, 65, 10, 11, 35, 74, 57, 38, 59, 31, 3, 49, 61, 19, 73, 8, 64, 58, 67, 28, 66, 70, 5, 71, 47, 18, 39, 78, 72, 56]
og index list energy: 145890518.1106606
index list: [33, 55, 56, 13, 41, 65, 66, 17, 18, 77, 29, 28, 42, 43, 3, 68, 7, 78, 52, 67, 15, 19, 20, 21, 22, 30, 31, 32, 25, 26, 2, 1, 27, 23, 59, 60, 61, 34, 35, 36, 37, 38, 39, 4, 5, 9, 79, 72, 47, 58, 0, 44, 54, 64, 74, 8, 69, 14, 75, 6, 24, 40, 16, 50, 63, 76, 70, 71, 48, 62, 11, 12, 57, 73, 49, 53, 45, 46, 51, 10]
index list energy: 2483369.71223136
Done


iterations: 1000000 temp: 1000.0 exponent: 0.7 eif: 300.0
time taken (sec): 47.256232500076294
number of iterations: 1000000
og index list: [37, 24, 34, 1, 45, 7, 71, 41, 14, 46, 38, 22, 47, 13, 49, 25, 48, 36, 67, 75, 64, 43, 9, 28, 53, 74, 58, 17, 5, 0, 3, 66, 50, 19, 62, 57, 69, 59, 63, 30, 20, 32, 23, 11, 55, 6, 68, 78, 16, 77, 21, 54, 12, 26, 72, 27, 18, 31, 56, 35, 2, 70, 8, 61, 65, 60, 29, 44, 39, 76, 15, 33, 4, 73, 51, 42, 52, 79, 40, 10]
og index list energy: 111208382.51524286
index list: [34, 76, 18, 46, 47, 39, 4, 7, 8, 63, 55, 56, 25, 0, 73, 66, 59, 68, 69, 67, 5, 19, 40, 41, 77, 33, 74, 28, 43, 3, 15, 29, 50, 11, 12, 13, 54, 37, 38, 58, 31, 44, 51, 10, 17, 49, 72, 48, 64, 65, 79, 2, 36, 62, 9, 78, 42, 14, 20, 71, 26, 27, 30, 61, 75, 60, 35, 6, 70, 21, 22, 23, 24, 52, 53, 45, 32, 57, 16, 1]
index list energy: 3791465.5586920525
Done


iterations: 1000000 temp: 1000.0 exponent: 0.7 eif: 300.0
time taken (sec): 55.29102373123169
number of iterations: 1000000
og index list: [60, 71, 10, 26, 46, 2, 51, 20, 52, 78, 35, 18, 76, 69, 59, 64, 44, 37, 56, 41, 33, 28, 38, 23, 4, 34, 16, 24, 72, 6, 50, 43, 1, 73, 22, 67, 40, 48, 39, 79, 5, 65, 21, 13, 58, 31, 11, 12, 42, 68, 32, 7, 27, 29, 0, 54, 61, 62, 47, 74, 63, 77, 70, 49, 8, 66, 17, 75, 45, 30, 57, 36, 14, 9, 15, 25, 3, 19, 55, 53]
og index list energy: 93438453.4692736
index list: [54, 22, 8, 3, 40, 0, 73, 4, 26, 27, 30, 31, 51, 10, 59, 5, 41, 65, 66, 17, 18, 46, 47, 48, 77, 15, 6, 14, 79, 1, 2, 69, 43, 78, 19, 60, 61, 62, 11, 74, 37, 38, 39, 20, 12, 13, 16, 24, 25, 68, 53, 32, 21, 64, 49, 29, 28, 72, 58, 75, 7, 23, 70, 71, 76, 33, 34, 35, 36, 50, 63, 55, 56, 57, 44, 45, 9, 52, 42, 67]
index list energy: 2157426.617231136
Done


iterations: 1000000 temp: 1000.0 exponent: 0.7 eif: 300.0
time taken (sec): 51.580389976501465
number of iterations: 1000000
og index list: [57, 53, 45, 69, 30, 29, 41, 71, 34, 60, 25, 66, 4, 68, 39, 20, 11, 63, 55, 56, 54, 58, 79, 78, 73, 77, 19, 0, 44, 9, 37, 8, 1, 5, 3, 35, 49, 70, 7, 21, 14, 24, 26, 67, 72, 40, 22, 33, 31, 27, 61, 48, 36, 52, 13, 38, 50, 42, 10, 17, 6, 75, 23, 74, 62, 15, 2, 64, 76, 46, 59, 51, 65, 28, 16, 32, 47, 12, 43, 18]
og index list energy: 124088022.02028012
index list: [62, 17, 18, 3, 25, 26, 78, 27, 0, 47, 58, 79, 55, 69, 14, 56, 66, 67, 68, 59, 50, 70, 13, 36, 22, 23, 53, 46, 16, 1, 2, 6, 7, 8, 24, 57, 48, 64, 20, 12, 71, 5, 51, 38, 39, 40, 19, 60, 61, 75, 43, 44, 54, 34, 35, 9, 10, 11, 21, 77, 33, 37, 49, 29, 30, 31, 45, 32, 74, 41, 65, 52, 76, 28, 42, 72, 73, 4, 15, 63]
index list energy: 2445652.9713070043
Done


iterations: 1000000 temp: 1000.0 exponent: 0.7 eif: 300.0
time taken (sec): 51.92625308036804
number of iterations: 1000000
og index list: [34, 45, 26, 61, 17, 47, 46, 44, 56, 14, 24, 6, 19, 65, 15, 27, 49, 63, 13, 68, 3, 60, 0, 74, 7, 10, 5, 20, 8, 48, 57, 53, 22, 67, 9, 62, 59, 1, 12, 78, 55, 28, 69, 16, 79, 42, 23, 25, 66, 72, 36, 4, 71, 70, 64, 73, 30, 75, 2, 40, 18, 52, 31, 58, 21, 54, 37, 33, 39, 50, 77, 35, 43, 76, 29, 38, 41, 51, 11, 32]
og index list energy: 118148108.02205983
index list: [8, 17, 18, 41, 71, 24, 78, 27, 50, 51, 13, 32, 65, 25, 5, 3, 40, 16, 66, 67, 15, 19, 20, 21, 22, 30, 75, 28, 29, 23, 14, 26, 77, 61, 37, 10, 11, 12, 52, 53, 45, 46, 73, 0, 6, 59, 49, 48, 34, 35, 1, 2, 36, 79, 42, 33, 64, 60, 31, 9, 38, 58, 76, 72, 7, 74, 43, 44, 54, 62, 63, 55, 56, 57, 47, 39, 4, 68, 69, 70]
index list energy: 3020227.0027219984
Done


iterations: 1000000 temp: 1000.0 exponent: 0.7 eif: 300.0
time taken (sec): 42.64931869506836
number of iterations: 1000000
og index list: [28, 16, 30, 24, 69, 55, 63, 67, 26, 39, 18, 17, 40, 29, 43, 8, 62, 7, 21, 42, 52, 4, 64, 27, 3, 51, 74, 68, 45, 66, 0, 35, 61, 22, 37, 20, 73, 1, 60, 15, 50, 33, 5, 38, 72, 76, 77, 53, 9, 14, 47, 71, 11, 23, 49, 79, 46, 36, 65, 58, 56, 31, 34, 41, 19, 59, 57, 54, 12, 75, 32, 78, 48, 6, 70, 25, 2, 13, 10, 44]
og index list energy: 110523453.8447051
index list: [18, 49, 70, 65, 52, 59, 4, 79, 28, 72, 73, 40, 46, 47, 39, 66, 42, 67, 68, 7, 8, 51, 56, 13, 19, 15, 16, 25, 26, 76, 14, 75, 63, 22, 23, 24, 57, 1, 27, 78, 35, 36, 64, 48, 71, 20, 0, 44, 45, 32, 50, 53, 54, 37, 10, 17, 2, 41, 21, 62, 11, 12, 77, 29, 30, 61, 34, 74, 33, 55, 5, 9, 38, 6, 69, 43, 3, 60, 31, 58]
index list energy: 2868983.967055066
Done


iterations: 1000000 temp: 1000.0 exponent: 0.7 eif: 300.0
time taken (sec): 47.31322169303894
number of iterations: 1000000
og index list: [70, 67, 61, 37, 52, 41, 29, 76, 43, 75, 6, 42, 53, 60, 57, 9, 56, 78, 58, 47, 45, 48, 15, 44, 3, 39, 46, 79, 68, 32, 16, 74, 69, 5, 36, 13, 34, 59, 62, 72, 55, 33, 54, 26, 73, 10, 27, 20, 7, 11, 8, 66, 22, 17, 25, 23, 38, 63, 40, 12, 18, 50, 77, 4, 28, 51, 64, 1, 24, 65, 0, 49, 14, 71, 35, 21, 30, 2, 31, 19]
og index list energy: 142828945.21999213
index list: [2, 9, 75, 67, 5, 6, 14, 74, 17, 18, 19, 68, 7, 23, 24, 13, 3, 25, 26, 27, 28, 42, 43, 36, 62, 72, 41, 21, 22, 8, 0, 1, 78, 33, 79, 29, 49, 54, 34, 61, 64, 65, 57, 44, 45, 46, 76, 30, 31, 32, 40, 47, 48, 55, 56, 10, 11, 12, 77, 39, 15, 63, 37, 52, 70, 71, 60, 35, 58, 50, 69, 51, 38, 73, 4, 20, 66, 59, 53, 16]
index list energy: 2666434.3614699226
Done


iterations: 1000000 temp: 1000.0 exponent: 0.7 eif: 300.0
time taken (sec): 49.63544273376465
number of iterations: 1000000
og index list: [43, 59, 9, 79, 53, 18, 42, 21, 16, 34, 11, 51, 13, 69, 23, 28, 49, 77, 33, 7, 67, 57, 12, 22, 6, 30, 46, 31, 32, 55, 75, 73, 66, 3, 39, 36, 24, 54, 56, 70, 37, 40, 8, 45, 63, 4, 0, 78, 15, 58, 76, 50, 20, 17, 65, 27, 25, 19, 64, 29, 38, 72, 44, 71, 26, 2, 68, 41, 60, 47, 62, 52, 74, 35, 61, 14, 48, 1, 10, 5]
og index list energy: 106787957.2930611
index list: [44, 45, 36, 22, 23, 24, 40, 6, 53, 54, 64, 48, 34, 35, 3, 4, 56, 57, 46, 1, 49, 7, 50, 70, 21, 37, 38, 47, 39, 68, 14, 74, 8, 69, 67, 5, 58, 77, 18, 63, 55, 15, 32, 12, 13, 16, 65, 66, 72, 51, 25, 76, 33, 79, 42, 17, 27, 30, 31, 41, 71, 20, 52, 59, 26, 2, 78, 19, 60, 61, 62, 75, 29, 28, 43, 9, 10, 11, 0, 73]
index list energy: 2704316.709220012
Done


iterations: 1000000 temp: 1000.0 exponent: 0.7 eif: 300.0
time taken (sec): 49.494858503341675
number of iterations: 1000000
og index list: [72, 43, 32, 61, 16, 59, 2, 46, 55, 17, 15, 47, 37, 19, 39, 45, 76, 7, 40, 67, 65, 51, 5, 23, 71, 9, 29, 53, 4, 6, 74, 34, 69, 50, 70, 48, 41, 44, 52, 0, 58, 56, 78, 1, 63, 33, 27, 38, 10, 24, 30, 68, 28, 62, 64, 20, 54, 79, 49, 35, 36, 66, 77, 60, 25, 26, 11, 8, 13, 22, 73, 18, 57, 3, 31, 14, 42, 75, 12, 21]
og index list energy: 126442961.21917905
index list: [30, 35, 46, 47, 16, 39, 78, 17, 18, 6, 24, 40, 41, 0, 1, 2, 3, 68, 53, 32, 65, 57, 73, 77, 37, 50, 69, 42, 33, 22, 23, 7, 8, 9, 10, 72, 58, 79, 67, 15, 19, 26, 27, 76, 38, 49, 29, 28, 70, 71, 25, 60, 61, 62, 51, 52, 14, 5, 48, 75, 11, 12, 13, 44, 45, 36, 34, 31, 54, 64, 21, 74, 59, 20, 4, 56, 66, 43, 63, 55]
index list energy: 2232456.967102363
Done


iterations: 1000000 temp: 1000.0 exponent: 0.7 eif: 300.0
time taken (sec): 65.56198358535767
number of iterations: 1000000
og index list: [79, 36, 47, 1, 54, 14, 38, 40, 75, 48, 34, 78, 46, 33, 42, 70, 5, 23, 43, 72, 17, 57, 3, 76, 37, 0, 64, 30, 15, 66, 53, 18, 31, 28, 35, 2, 11, 25, 41, 62, 67, 55, 6, 58, 68, 4, 74, 9, 63, 52, 44, 71, 8, 45, 61, 65, 10, 16, 26, 50, 51, 29, 69, 19, 73, 13, 56, 39, 12, 20, 32, 22, 21, 59, 49, 60, 27, 7, 77, 24]
og index list energy: 114795728.9725617
index list: [58, 74, 18, 46, 47, 39, 77, 17, 75, 59, 60, 35, 16, 40, 6, 70, 65, 66, 42, 43, 51, 52, 53, 54, 22, 23, 24, 25, 26, 27, 28, 29, 30, 31, 44, 32, 49, 62, 76, 33, 79, 10, 11, 12, 78, 72, 73, 57, 1, 2, 19, 20, 21, 0, 41, 71, 7, 8, 63, 34, 61, 64, 48, 55, 56, 13, 36, 37, 38, 50, 69, 67, 68, 14, 15, 45, 3, 4, 5, 9]
index list energy: 1617773.9709537928
Done


iterations: 1000000 temp: 1000.0 exponent: 0.7 eif: 300.0
time taken (sec): 58.73918414115906
number of iterations: 1000000
og index list: [29, 55, 38, 19, 64, 66, 5, 49, 74, 35, 21, 51, 78, 32, 15, 36, 62, 24, 65, 53, 25, 34, 30, 47, 67, 52, 57, 9, 58, 28, 70, 54, 18, 11, 27, 20, 26, 75, 23, 76, 50, 31, 10, 61, 72, 13, 40, 59, 17, 60, 48, 33, 43, 46, 4, 39, 41, 71, 3, 1, 2, 14, 73, 37, 63, 77, 44, 22, 12, 56, 68, 42, 8, 6, 16, 69, 7, 45, 79, 0]
og index list energy: 135170595.29776198
index list: [7, 49, 2, 36, 62, 9, 52, 17, 18, 19, 20, 21, 22, 23, 53, 51, 10, 11, 57, 39, 68, 14, 56, 40, 32, 25, 5, 3, 4, 75, 67, 26, 78, 8, 69, 42, 70, 77, 43, 41, 71, 65, 66, 33, 61, 34, 50, 59, 60, 74, 72, 58, 76, 6, 24, 12, 13, 16, 15, 47, 1, 27, 28, 29, 30, 31, 54, 64, 79, 35, 46, 73, 0, 44, 45, 63, 37, 38, 48, 55]
index list energy: 3510073.0369493207
Done


iterations: 1000000 temp: 1000.0 exponent: 0.7 eif: 300.0
time taken (sec): 44.08560347557068
number of iterations: 1000000
og index list: [41, 64, 33, 32, 57, 3, 9, 1, 55, 10, 46, 13, 7, 38, 77, 22, 54, 11, 74, 2, 68, 36, 21, 37, 50, 45, 15, 27, 25, 73, 20, 40, 5, 17, 29, 71, 35, 62, 49, 6, 12, 69, 75, 63, 60, 70, 53, 58, 16, 79, 23, 0, 48, 59, 19, 65, 26, 72, 76, 43, 52, 66, 14, 61, 47, 67, 28, 34, 44, 31, 56, 42, 18, 4, 30, 51, 24, 78, 39, 8]
og index list energy: 99940632.15327094
index list: [28, 29, 18, 46, 16, 39, 26, 75, 59, 74, 42, 72, 7, 0, 41, 65, 4, 56, 13, 1, 2, 47, 58, 77, 62, 50, 54, 22, 78, 14, 24, 76, 23, 17, 27, 30, 31, 19, 68, 33, 64, 48, 37, 38, 73, 40, 51, 71, 20, 21, 79, 8, 63, 55, 5, 9, 52, 53, 49, 3, 66, 67, 15, 11, 25, 60, 61, 34, 35, 32, 12, 10, 69, 43, 6, 70, 57, 44, 45, 36]
index list energy: 3380885.3574278196
Done


iterations: 1000000 temp: 1000.0 exponent: 0.7 eif: 300.0
time taken (sec): 54.185609579086304
number of iterations: 1000000
og index list: [22, 35, 38, 52, 36, 45, 17, 51, 58, 55, 57, 76, 61, 2, 50, 75, 46, 70, 59, 4, 8, 66, 20, 29, 10, 74, 9, 18, 15, 71, 28, 65, 5, 78, 31, 47, 6, 32, 0, 53, 40, 26, 23, 21, 41, 13, 44, 12, 39, 34, 73, 33, 37, 19, 14, 77, 56, 64, 67, 48, 69, 1, 54, 43, 27, 30, 24, 42, 63, 25, 3, 11, 7, 72, 60, 79, 62, 16, 68, 49]
og index list energy: 100401289.95536004
index list: [36, 55, 24, 57, 16, 51, 38, 39, 77, 8, 69, 42, 43, 3, 4, 56, 13, 46, 44, 54, 22, 23, 7, 74, 62, 0, 73, 66, 72, 1, 18, 76, 59, 60, 35, 32, 48, 37, 52, 53, 41, 65, 25, 68, 14, 15, 67, 5, 47, 58, 50, 63, 78, 71, 40, 6, 70, 21, 34, 75, 17, 2, 9, 10, 11, 49, 61, 79, 33, 64, 26, 27, 28, 29, 30, 31, 45, 19, 20, 12]
index list energy: 2668206.010207941
Done


iterations: 1000000 temp: 1000.0 exponent: 0.7 eif: 300.0
time taken (sec): 58.18485951423645
number of iterations: 1000000
og index list: [52, 1, 63, 61, 31, 68, 24, 58, 66, 49, 35, 56, 73, 41, 13, 20, 32, 54, 50, 39, 3, 59, 23, 14, 60, 76, 7, 29, 26, 5, 38, 55, 27, 78, 48, 75, 77, 70, 6, 72, 43, 37, 28, 65, 11, 64, 47, 34, 12, 67, 74, 62, 57, 9, 46, 33, 51, 22, 40, 19, 69, 16, 42, 36, 79, 71, 30, 25, 0, 45, 10, 44, 17, 21, 15, 8, 18, 53, 2, 4]
og index list energy: 105491586.10194825
index list: [14, 15, 16, 39, 40, 46, 6, 7, 8, 50, 69, 67, 5, 63, 22, 23, 24, 4, 68, 59, 20, 21, 0, 58, 79, 2, 9, 52, 17, 27, 28, 29, 30, 31, 32, 57, 36, 49, 53, 54, 37, 10, 11, 12, 77, 70, 65, 66, 72, 41, 71, 60, 61, 62, 74, 33, 64, 25, 75, 73, 78, 42, 43, 44, 45, 1, 18, 19, 76, 55, 56, 13, 51, 38, 47, 48, 34, 35, 3, 26]
index list energy: 1749555.4445723246
Done


iterations: 1000000 temp: 1000.0 exponent: 0.7 eif: 300.0
time taken (sec): 62.55337595939636
number of iterations: 1000000
og index list: [54, 25, 43, 42, 14, 7, 28, 8, 27, 31, 11, 17, 79, 72, 75, 61, 5, 55, 38, 29, 23, 26, 40, 37, 0, 10, 6, 18, 4, 58, 41, 33, 53, 49, 45, 76, 32, 69, 67, 16, 78, 47, 74, 71, 2, 59, 56, 21, 66, 34, 46, 64, 52, 50, 13, 57, 22, 20, 60, 77, 39, 3, 9, 73, 44, 63, 62, 36, 65, 30, 15, 24, 35, 19, 70, 48, 12, 51, 68, 1]
og index list energy: 92058329.76129931
index list: [55, 56, 76, 31, 32, 25, 68, 7, 8, 3, 20, 21, 22, 23, 67, 79, 72, 73, 49, 29, 28, 42, 33, 77, 19, 15, 41, 65, 66, 17, 18, 69, 70, 71, 4, 5, 74, 16, 40, 36, 37, 38, 39, 57, 58, 0, 1, 2, 44, 45, 46, 47, 48, 34, 35, 9, 52, 53, 54, 64, 78, 43, 51, 10, 59, 60, 61, 62, 63, 50, 11, 12, 13, 6, 14, 24, 26, 27, 75, 30]
index list energy: 1564002.2707121368
Done


iterations: 1000000 temp: 1000.0 exponent: 0.7 eif: 300.0
time taken (sec): 59.37866449356079
number of iterations: 1000000
og index list: [40, 45, 2, 42, 14, 55, 51, 53, 47, 49, 4, 66, 15, 71, 64, 62, 78, 59, 23, 16, 25, 68, 44, 43, 11, 56, 30, 18, 54, 69, 0, 22, 17, 32, 31, 39, 63, 76, 28, 29, 8, 13, 65, 72, 19, 34, 61, 70, 60, 24, 1, 75, 37, 20, 50, 7, 26, 9, 41, 52, 6, 36, 12, 35, 3, 10, 48, 67, 33, 57, 58, 79, 21, 73, 27, 5, 46, 77, 74, 38]
og index list energy: 113274864.17497124
index list: [68, 17, 18, 41, 71, 20, 57, 78, 59, 56, 52, 53, 54, 49, 42, 72, 58, 79, 43, 1, 2, 9, 10, 63, 22, 23, 69, 67, 26, 27, 28, 29, 30, 77, 14, 24, 21, 64, 65, 76, 55, 15, 46, 47, 48, 37, 38, 6, 7, 8, 44, 45, 36, 62, 70, 50, 11, 66, 33, 34, 61, 0, 73, 40, 3, 60, 31, 19, 74, 35, 16, 25, 75, 39, 4, 5, 51, 13, 32, 12]
index list energy: 1632116.839158974
Done


program ended at: 2019-04-24 18:30:40.518516 
 time delta: 0:45:15.175705
