## SLURM PROLOG ###############################################################
##    Job ID : 2089321
##  Job Name : HNCACB_75
##  Nodelist : node1161
##      CPUs : 1
##  Mem/Node : 1024 MB
## Directory : /gpfs/data/nfawzi/skale/Fawzi_pycharm_project
##   Started : Fri Jan 18 23:43:49 EST 2019
###############################################################################
iterations: 10000000 temp: 1000000.0 exponent: 0.7 eif: 300.0
time taken (sec): 962.841944694519
number of iterations: 10000000
og index list: [(0, 64), (1, 60), (2, 9), (3, 53), (4, 63), (5, 29), (6, 35), (7, 46), (8, 65), (9, 58), (10, 72), (11, 74), (12, 0), (13, 79), (79, 48), (14, 28), (15, 31), (16, 4), (78, 61), (17, 40), (18, 51), (19, 37), (20, 52), (21, 21), (22, 44), (23, 1), (24, 25), (25, 10), (26, 47), (27, 23), (28, 38), (29, 26), (30, 33), (31, 19), (32, 66), (77, 18), (33, 71), (34, 3), (35, 2), (36, 24), (37, 30), (38, 6), (39, 56), (40, 22), (41, 34), (76, 14), (42, 59), (43, 20), (44, 78), (45, 73), (46, 75), (47, 8), (48, 41), (49, 16), (50, 7), (51, 62), (52, 13), (53, 50), (54, 15), (55, 17), (56, 67), (57, 57), (58, 77), (75, 55), (59, 42), (60, 45), (61, 12), (62, 39), (63, 11), (64, 54), (65, 49), (66, 68), (67, 69), (68, 43), (69, 27), (70, 70), (71, 5), (74, 76), (72, 36), (73, 32)]
og index list energy: 107180073.02391581
index_list: [(0, 0), (1, 1), (2, 2), (3, 3), (4, 4), (5, 5), (6, 6), (7, 7), (8, 8), (9, 9), (10, 10), (11, 11), (12, 12), (13, 13), (79, 49), (14, 14), (15, 15), (16, 16), (78, 74), (17, 17), (18, 18), (19, 19), (20, 20), (21, 21), (22, 22), (23, 23), (24, 24), (25, 25), (26, 26), (27, 27), (28, 28), (29, 29), (30, 30), (31, 31), (32, 32), (77, 79), (33, 33), (34, 34), (35, 35), (36, 36), (37, 37), (38, 38), (39, 39), (40, 40), (41, 41), (76, 78), (42, 42), (43, 43), (44, 44), (45, 45), (46, 46), (47, 47), (48, 48), (49, 77), (50, 50), (51, 51), (52, 52), (53, 53), (54, 54), (55, 55), (56, 56), (57, 57), (58, 58), (75, 76), (59, 59), (60, 60), (61, 61), (62, 62), (63, 63), (64, 64), (65, 65), (66, 66), (67, 67), (68, 68), (69, 69), (70, 70), (71, 71), (74, 75), (72, 72), (73, 73)]
index list: [0, 1, 2, 3, 4, 5, 6, 7, 8, 9, 10, 11, 12, 13, 49, 14, 15, 16, 74, 17, 18, 19, 20, 21, 22, 23, 24, 25, 26, 27, 28, 29, 30, 31, 32, 79, 33, 34, 35, 36, 37, 38, 39, 40, 41, 78, 42, 43, 44, 45, 46, 47, 48, 77, 50, 51, 52, 53, 54, 55, 56, 57, 58, 76, 59, 60, 61, 62, 63, 64, 65, 66, 67, 68, 69, 70, 71, 75, 72, 73]
index list energy: 98209.82393678775
Done


iterations: 10000000 temp: 1000000.0 exponent: 0.7 eif: 300.0
time taken (sec): 899.9794631004333
number of iterations: 10000000
og index list: [(0, 56), (1, 65), (2, 59), (3, 74), (4, 54), (5, 22), (6, 12), (7, 71), (8, 18), (9, 41), (10, 42), (11, 33), (12, 3), (13, 64), (79, 10), (14, 39), (15, 9), (16, 20), (78, 44), (17, 77), (18, 19), (19, 14), (20, 30), (21, 8), (22, 45), (23, 48), (24, 11), (25, 6), (26, 0), (27, 24), (28, 50), (29, 4), (30, 29), (31, 61), (32, 69), (77, 51), (33, 38), (34, 31), (35, 60), (36, 21), (37, 75), (38, 43), (39, 52), (40, 70), (41, 40), (76, 66), (42, 15), (43, 67), (44, 25), (45, 35), (46, 7), (47, 46), (48, 32), (49, 76), (50, 27), (51, 47), (52, 63), (53, 34), (54, 73), (55, 68), (56, 13), (57, 17), (58, 58), (75, 49), (59, 5), (60, 2), (61, 79), (62, 28), (63, 37), (64, 36), (65, 26), (66, 72), (67, 62), (68, 23), (69, 78), (70, 53), (71, 55), (74, 1), (72, 16), (73, 57)]
og index list energy: 144726846.72958818
index_list: [(0, 72), (1, 1), (2, 2), (3, 3), (4, 4), (5, 5), (6, 6), (7, 7), (8, 8), (9, 9), (10, 10), (11, 11), (12, 12), (13, 13), (79, 0), (14, 73), (15, 40), (16, 41), (78, 79), (17, 17), (18, 18), (19, 19), (20, 20), (21, 21), (22, 22), (23, 23), (24, 24), (25, 25), (26, 26), (27, 27), (28, 28), (29, 29), (30, 30), (31, 31), (32, 78), (77, 42), (33, 33), (34, 34), (35, 35), (36, 36), (37, 37), (38, 38), (39, 39), (40, 75), (41, 14), (76, 15), (42, 32), (43, 76), (44, 44), (45, 45), (46, 46), (47, 47), (48, 48), (49, 77), (50, 50), (51, 51), (52, 52), (53, 53), (54, 54), (55, 55), (56, 56), (57, 57), (58, 58), (75, 74), (59, 59), (60, 60), (61, 61), (62, 62), (63, 63), (64, 64), (65, 65), (66, 66), (67, 67), (68, 68), (69, 69), (70, 70), (71, 71), (74, 49), (72, 43), (73, 16)]
index list: [72, 1, 2, 3, 4, 5, 6, 7, 8, 9, 10, 11, 12, 13, 0, 73, 40, 41, 79, 17, 18, 19, 20, 21, 22, 23, 24, 25, 26, 27, 28, 29, 30, 31, 78, 42, 33, 34, 35, 36, 37, 38, 39, 75, 14, 15, 32, 76, 44, 45, 46, 47, 48, 77, 50, 51, 52, 53, 54, 55, 56, 57, 58, 74, 59, 60, 61, 62, 63, 64, 65, 66, 67, 68, 69, 70, 71, 49, 43, 16]
index list energy: 158289.98264496008
Done


iterations: 10000000 temp: 1000000.0 exponent: 0.7 eif: 300.0
time taken (sec): 896.0506114959717
number of iterations: 10000000
og index list: [(0, 28), (1, 48), (2, 33), (3, 46), (4, 10), (5, 69), (6, 52), (7, 5), (8, 25), (9, 59), (10, 40), (11, 26), (12, 31), (13, 75), (79, 1), (14, 23), (15, 53), (16, 63), (78, 35), (17, 72), (18, 6), (19, 13), (20, 0), (21, 58), (22, 18), (23, 22), (24, 41), (25, 77), (26, 11), (27, 57), (28, 55), (29, 50), (30, 71), (31, 4), (32, 67), (77, 37), (33, 56), (34, 9), (35, 24), (36, 16), (37, 44), (38, 39), (39, 60), (40, 21), (41, 65), (76, 36), (42, 68), (43, 30), (44, 51), (45, 8), (46, 20), (47, 19), (48, 64), (49, 12), (50, 74), (51, 34), (52, 3), (53, 49), (54, 14), (55, 47), (56, 76), (57, 54), (58, 62), (75, 15), (59, 2), (60, 38), (61, 32), (62, 43), (63, 78), (64, 27), (65, 66), (66, 7), (67, 29), (68, 42), (69, 61), (70, 17), (71, 73), (74, 79), (72, 70), (73, 45)]
og index list energy: 116037334.09246613
index_list: [(0, 42), (1, 43), (2, 44), (3, 45), (4, 41), (5, 76), (6, 6), (7, 7), (8, 8), (9, 9), (10, 10), (11, 11), (12, 12), (13, 13), (79, 16), (14, 79), (15, 72), (16, 73), (78, 75), (17, 17), (18, 18), (19, 19), (20, 20), (21, 21), (22, 22), (23, 23), (24, 24), (25, 25), (26, 26), (27, 27), (28, 28), (29, 29), (30, 30), (31, 31), (32, 32), (77, 78), (33, 33), (34, 34), (35, 35), (36, 36), (37, 37), (38, 38), (39, 39), (40, 40), (41, 3), (76, 4), (42, 5), (43, 77), (44, 14), (45, 15), (46, 46), (47, 47), (48, 48), (49, 74), (50, 2), (51, 51), (52, 52), (53, 53), (54, 54), (55, 55), (56, 56), (57, 57), (58, 58), (75, 49), (59, 59), (60, 60), (61, 61), (62, 62), (63, 63), (64, 64), (65, 65), (66, 66), (67, 67), (68, 68), (69, 69), (70, 70), (71, 71), (74, 50), (72, 0), (73, 1)]
index list: [42, 43, 44, 45, 41, 76, 6, 7, 8, 9, 10, 11, 12, 13, 16, 79, 72, 73, 75, 17, 18, 19, 20, 21, 22, 23, 24, 25, 26, 27, 28, 29, 30, 31, 32, 78, 33, 34, 35, 36, 37, 38, 39, 40, 3, 4, 5, 77, 14, 15, 46, 47, 48, 74, 2, 51, 52, 53, 54, 55, 56, 57, 58, 49, 59, 60, 61, 62, 63, 64, 65, 66, 67, 68, 69, 70, 71, 50, 0, 1]
index list energy: 208252.95013882255
Done


iterations: 10000000 temp: 1000000.0 exponent: 0.7 eif: 300.0
time taken (sec): 911.1865134239197
number of iterations: 10000000
og index list: [(0, 70), (1, 10), (2, 37), (3, 33), (4, 51), (5, 67), (6, 41), (7, 62), (8, 17), (9, 9), (10, 36), (11, 75), (12, 38), (13, 23), (79, 31), (14, 6), (15, 25), (16, 50), (78, 71), (17, 30), (18, 52), (19, 24), (20, 64), (21, 20), (22, 47), (23, 66), (24, 15), (25, 42), (26, 58), (27, 1), (28, 74), (29, 35), (30, 11), (31, 28), (32, 68), (77, 4), (33, 5), (34, 63), (35, 46), (36, 79), (37, 34), (38, 21), (39, 61), (40, 59), (41, 56), (76, 49), (42, 19), (43, 0), (44, 55), (45, 26), (46, 72), (47, 54), (48, 27), (49, 7), (50, 43), (51, 8), (52, 48), (53, 45), (54, 2), (55, 44), (56, 29), (57, 73), (58, 14), (75, 69), (59, 39), (60, 32), (61, 65), (62, 13), (63, 57), (64, 18), (65, 60), (66, 3), (67, 12), (68, 53), (69, 76), (70, 78), (71, 22), (74, 16), (72, 40), (73, 77)]
og index list energy: 122707146.58974238
index_list: [(0, 0), (1, 1), (2, 2), (3, 75), (4, 14), (5, 5), (6, 6), (7, 7), (8, 8), (9, 9), (10, 10), (11, 11), (12, 12), (13, 13), (79, 16), (14, 77), (15, 72), (16, 73), (78, 79), (17, 17), (18, 18), (19, 19), (20, 20), (21, 21), (22, 22), (23, 23), (24, 24), (25, 25), (26, 26), (27, 27), (28, 28), (29, 29), (30, 30), (31, 31), (32, 32), (77, 74), (33, 33), (34, 34), (35, 35), (36, 36), (37, 37), (38, 38), (39, 39), (40, 40), (41, 41), (76, 76), (42, 42), (43, 43), (44, 44), (45, 45), (46, 46), (47, 47), (48, 48), (49, 78), (50, 50), (51, 51), (52, 52), (53, 53), (54, 54), (55, 55), (56, 56), (57, 57), (58, 58), (75, 49), (59, 59), (60, 60), (61, 61), (62, 62), (63, 63), (64, 64), (65, 65), (66, 66), (67, 67), (68, 68), (69, 69), (70, 70), (71, 71), (74, 4), (72, 15), (73, 3)]
index list: [0, 1, 2, 75, 14, 5, 6, 7, 8, 9, 10, 11, 12, 13, 16, 77, 72, 73, 79, 17, 18, 19, 20, 21, 22, 23, 24, 25, 26, 27, 28, 29, 30, 31, 32, 74, 33, 34, 35, 36, 37, 38, 39, 40, 41, 76, 42, 43, 44, 45, 46, 47, 48, 78, 50, 51, 52, 53, 54, 55, 56, 57, 58, 49, 59, 60, 61, 62, 63, 64, 65, 66, 67, 68, 69, 70, 71, 4, 15, 3]
index list energy: 129341.60004846798
Done


iterations: 10000000 temp: 1000000.0 exponent: 0.7 eif: 300.0
time taken (sec): 909.584657907486
number of iterations: 10000000
og index list: [(0, 4), (1, 40), (2, 76), (3, 50), (4, 14), (5, 36), (6, 30), (7, 59), (8, 73), (9, 68), (10, 12), (11, 27), (12, 22), (13, 9), (79, 71), (14, 64), (15, 79), (16, 53), (78, 34), (17, 25), (18, 55), (19, 33), (20, 72), (21, 62), (22, 11), (23, 51), (24, 46), (25, 74), (26, 17), (27, 24), (28, 54), (29, 78), (30, 7), (31, 5), (32, 29), (77, 23), (33, 0), (34, 21), (35, 60), (36, 65), (37, 13), (38, 69), (39, 35), (40, 41), (41, 20), (76, 8), (42, 47), (43, 48), (44, 58), (45, 19), (46, 45), (47, 67), (48, 66), (49, 37), (50, 16), (51, 3), (52, 31), (53, 2), (54, 77), (55, 42), (56, 61), (57, 70), (58, 43), (75, 44), (59, 52), (60, 75), (61, 18), (62, 49), (63, 15), (64, 63), (65, 39), (66, 32), (67, 1), (68, 56), (69, 26), (70, 57), (71, 6), (74, 10), (72, 28), (73, 38)]
og index list energy: 96177613.24953003
index_list: [(0, 72), (1, 1), (2, 2), (3, 79), (4, 14), (5, 5), (6, 6), (7, 7), (8, 8), (9, 9), (10, 0), (11, 73), (12, 76), (13, 10), (79, 11), (14, 12), (15, 13), (16, 16), (78, 74), (17, 17), (18, 18), (19, 19), (20, 20), (21, 21), (22, 22), (23, 23), (24, 24), (25, 25), (26, 26), (27, 27), (28, 28), (29, 29), (30, 30), (31, 31), (32, 32), (77, 49), (33, 33), (34, 34), (35, 35), (36, 36), (37, 37), (38, 38), (39, 39), (40, 40), (41, 41), (76, 75), (42, 42), (43, 43), (44, 44), (45, 45), (46, 46), (47, 47), (48, 48), (49, 78), (50, 50), (51, 51), (52, 52), (53, 53), (54, 54), (55, 55), (56, 56), (57, 57), (58, 58), (75, 77), (59, 59), (60, 60), (61, 61), (62, 62), (63, 63), (64, 64), (65, 65), (66, 66), (67, 67), (68, 68), (69, 69), (70, 70), (71, 71), (74, 4), (72, 15), (73, 3)]
index list: [72, 1, 2, 79, 14, 5, 6, 7, 8, 9, 0, 73, 76, 10, 11, 12, 13, 16, 74, 17, 18, 19, 20, 21, 22, 23, 24, 25, 26, 27, 28, 29, 30, 31, 32, 49, 33, 34, 35, 36, 37, 38, 39, 40, 41, 75, 42, 43, 44, 45, 46, 47, 48, 78, 50, 51, 52, 53, 54, 55, 56, 57, 58, 77, 59, 60, 61, 62, 63, 64, 65, 66, 67, 68, 69, 70, 71, 4, 15, 3]
index list energy: 156507.14034457502
Done


iterations: 10000000 temp: 1000000.0 exponent: 0.7 eif: 300.0
time taken (sec): 925.3359735012054
number of iterations: 10000000
og index list: [(0, 77), (1, 26), (2, 31), (3, 19), (4, 8), (5, 69), (6, 49), (7, 39), (8, 46), (9, 5), (10, 21), (11, 27), (12, 38), (13, 18), (79, 12), (14, 51), (15, 47), (16, 60), (78, 6), (17, 73), (18, 7), (19, 13), (20, 15), (21, 67), (22, 70), (23, 45), (24, 37), (25, 74), (26, 29), (27, 52), (28, 10), (29, 24), (30, 57), (31, 54), (32, 16), (77, 23), (33, 62), (34, 76), (35, 78), (36, 0), (37, 64), (38, 56), (39, 41), (40, 33), (41, 75), (76, 58), (42, 2), (43, 66), (44, 55), (45, 59), (46, 50), (47, 68), (48, 71), (49, 43), (50, 63), (51, 35), (52, 1), (53, 61), (54, 28), (55, 25), (56, 36), (57, 9), (58, 32), (75, 4), (59, 44), (60, 79), (61, 42), (62, 14), (63, 40), (64, 22), (65, 17), (66, 34), (67, 48), (68, 72), (69, 53), (70, 3), (71, 30), (74, 11), (72, 65), (73, 20)]
og index list energy: 134144918.04107276
index_list: [(0, 72), (1, 1), (2, 2), (3, 0), (4, 73), (5, 78), (6, 6), (7, 7), (8, 8), (9, 9), (10, 10), (11, 11), (12, 12), (13, 13), (79, 76), (14, 14), (15, 15), (16, 16), (78, 77), (17, 17), (18, 18), (19, 19), (20, 20), (21, 21), (22, 22), (23, 23), (24, 24), (25, 25), (26, 26), (27, 27), (28, 28), (29, 29), (30, 30), (31, 31), (32, 32), (77, 49), (33, 33), (34, 34), (35, 35), (36, 36), (37, 37), (38, 38), (39, 39), (40, 40), (41, 41), (76, 75), (42, 42), (43, 43), (44, 44), (45, 45), (46, 46), (47, 47), (48, 48), (49, 74), (50, 50), (51, 51), (52, 52), (53, 53), (54, 54), (55, 55), (56, 56), (57, 57), (58, 58), (75, 79), (59, 59), (60, 60), (61, 61), (62, 62), (63, 63), (64, 64), (65, 65), (66, 66), (67, 67), (68, 68), (69, 69), (70, 70), (71, 71), (74, 4), (72, 5), (73, 3)]
index list: [72, 1, 2, 0, 73, 78, 6, 7, 8, 9, 10, 11, 12, 13, 76, 14, 15, 16, 77, 17, 18, 19, 20, 21, 22, 23, 24, 25, 26, 27, 28, 29, 30, 31, 32, 49, 33, 34, 35, 36, 37, 38, 39, 40, 41, 75, 42, 43, 44, 45, 46, 47, 48, 74, 50, 51, 52, 53, 54, 55, 56, 57, 58, 79, 59, 60, 61, 62, 63, 64, 65, 66, 67, 68, 69, 70, 71, 4, 5, 3]
index list energy: 121336.90490276847
Done


iterations: 10000000 temp: 1000000.0 exponent: 0.7 eif: 300.0
time taken (sec): 924.4929006099701
number of iterations: 10000000
og index list: [(0, 14), (1, 17), (2, 55), (3, 12), (4, 20), (5, 65), (6, 29), (7, 78), (8, 59), (9, 79), (10, 53), (11, 4), (12, 47), (13, 48), (79, 7), (14, 3), (15, 63), (16, 33), (78, 21), (17, 42), (18, 10), (19, 60), (20, 76), (21, 16), (22, 46), (23, 67), (24, 34), (25, 74), (26, 26), (27, 31), (28, 49), (29, 6), (30, 9), (31, 72), (32, 50), (77, 73), (33, 40), (34, 69), (35, 54), (36, 71), (37, 5), (38, 64), (39, 66), (40, 13), (41, 22), (76, 2), (42, 11), (43, 43), (44, 15), (45, 24), (46, 8), (47, 56), (48, 58), (49, 36), (50, 0), (51, 57), (52, 27), (53, 25), (54, 44), (55, 70), (56, 37), (57, 62), (58, 68), (75, 19), (59, 35), (60, 51), (61, 18), (62, 30), (63, 32), (64, 39), (65, 45), (66, 52), (67, 77), (68, 38), (69, 1), (70, 23), (71, 75), (74, 61), (72, 41), (73, 28)]
og index list energy: 91302643.26178652
index_list: [(0, 72), (1, 1), (2, 2), (3, 3), (4, 4), (5, 5), (6, 6), (7, 7), (8, 8), (9, 9), (10, 10), (11, 11), (12, 12), (13, 13), (79, 79), (14, 43), (15, 44), (16, 77), (78, 42), (17, 17), (18, 18), (19, 19), (20, 20), (21, 21), (22, 22), (23, 23), (24, 24), (25, 25), (26, 26), (27, 27), (28, 28), (29, 29), (30, 30), (31, 31), (32, 32), (77, 75), (33, 33), (34, 34), (35, 35), (36, 36), (37, 37), (38, 38), (39, 39), (40, 40), (41, 41), (76, 0), (42, 73), (43, 76), (44, 14), (45, 15), (46, 46), (47, 47), (48, 48), (49, 74), (50, 50), (51, 51), (52, 52), (53, 53), (54, 54), (55, 55), (56, 56), (57, 57), (58, 58), (75, 78), (59, 59), (60, 60), (61, 61), (62, 62), (63, 63), (64, 64), (65, 65), (66, 66), (67, 67), (68, 68), (69, 69), (70, 70), (71, 71), (74, 49), (72, 45), (73, 16)]
index list: [72, 1, 2, 3, 4, 5, 6, 7, 8, 9, 10, 11, 12, 13, 79, 43, 44, 77, 42, 17, 18, 19, 20, 21, 22, 23, 24, 25, 26, 27, 28, 29, 30, 31, 32, 75, 33, 34, 35, 36, 37, 38, 39, 40, 41, 0, 73, 76, 14, 15, 46, 47, 48, 74, 50, 51, 52, 53, 54, 55, 56, 57, 58, 78, 59, 60, 61, 62, 63, 64, 65, 66, 67, 68, 69, 70, 71, 49, 45, 16]
index list energy: 150373.0032919595
Done


iterations: 10000000 temp: 1000000.0 exponent: 0.7 eif: 300.0
time taken (sec): 927.0073273181915
number of iterations: 10000000
og index list: [(0, 33), (1, 47), (2, 12), (3, 67), (4, 36), (5, 72), (6, 59), (7, 4), (8, 39), (9, 20), (10, 8), (11, 24), (12, 70), (13, 30), (79, 58), (14, 14), (15, 54), (16, 34), (78, 64), (17, 57), (18, 41), (19, 26), (20, 61), (21, 49), (22, 16), (23, 40), (24, 9), (25, 45), (26, 13), (27, 71), (28, 32), (29, 27), (30, 60), (31, 6), (32, 46), (77, 55), (33, 62), (34, 74), (35, 2), (36, 25), (37, 23), (38, 63), (39, 43), (40, 69), (41, 56), (76, 65), (42, 75), (43, 73), (44, 19), (45, 42), (46, 48), (47, 51), (48, 0), (49, 31), (50, 15), (51, 35), (52, 78), (53, 50), (54, 37), (55, 11), (56, 1), (57, 38), (58, 53), (75, 76), (59, 10), (60, 21), (61, 18), (62, 79), (63, 66), (64, 44), (65, 22), (66, 5), (67, 68), (68, 3), (69, 52), (70, 77), (71, 28), (74, 29), (72, 7), (73, 17)]
og index list energy: 113769746.74451487
index_list: [(0, 16), (1, 12), (2, 13), (3, 74), (4, 14), (5, 5), (6, 6), (7, 7), (8, 8), (9, 1), (10, 2), (11, 3), (12, 75), (13, 10), (79, 11), (14, 76), (15, 72), (16, 73), (78, 78), (17, 17), (18, 18), (19, 19), (20, 20), (21, 21), (22, 22), (23, 23), (24, 24), (25, 25), (26, 26), (27, 27), (28, 28), (29, 29), (30, 30), (31, 31), (32, 32), (77, 79), (33, 33), (34, 34), (35, 35), (36, 36), (37, 37), (38, 38), (39, 39), (40, 40), (41, 41), (76, 49), (42, 42), (43, 43), (44, 44), (45, 45), (46, 46), (47, 47), (48, 48), (49, 0), (50, 50), (51, 51), (52, 52), (53, 53), (54, 54), (55, 55), (56, 56), (57, 57), (58, 58), (75, 77), (59, 59), (60, 60), (61, 61), (62, 62), (63, 63), (64, 64), (65, 65), (66, 66), (67, 67), (68, 68), (69, 69), (70, 70), (71, 71), (74, 4), (72, 15), (73, 9)]
index list: [16, 12, 13, 74, 14, 5, 6, 7, 8, 1, 2, 3, 75, 10, 11, 76, 72, 73, 78, 17, 18, 19, 20, 21, 22, 23, 24, 25, 26, 27, 28, 29, 30, 31, 32, 79, 33, 34, 35, 36, 37, 38, 39, 40, 41, 49, 42, 43, 44, 45, 46, 47, 48, 0, 50, 51, 52, 53, 54, 55, 56, 57, 58, 77, 59, 60, 61, 62, 63, 64, 65, 66, 67, 68, 69, 70, 71, 4, 15, 9]
index list energy: 215017.40174152533
Done


iterations: 10000000 temp: 1000000.0 exponent: 0.7 eif: 300.0
time taken (sec): 902.9234380722046
number of iterations: 10000000
og index list: [(0, 2), (1, 25), (2, 14), (3, 49), (4, 57), (5, 22), (6, 40), (7, 66), (8, 29), (9, 20), (10, 11), (11, 17), (12, 1), (13, 73), (79, 19), (14, 41), (15, 43), (16, 28), (78, 79), (17, 58), (18, 31), (19, 3), (20, 53), (21, 37), (22, 35), (23, 18), (24, 39), (25, 60), (26, 67), (27, 50), (28, 56), (29, 33), (30, 26), (31, 51), (32, 12), (77, 78), (33, 47), (34, 54), (35, 61), (36, 70), (37, 24), (38, 52), (39, 45), (40, 7), (41, 9), (76, 64), (42, 72), (43, 59), (44, 46), (45, 63), (46, 77), (47, 27), (48, 62), (49, 44), (50, 5), (51, 65), (52, 4), (53, 55), (54, 6), (55, 48), (56, 8), (57, 34), (58, 21), (75, 16), (59, 13), (60, 36), (61, 69), (62, 68), (63, 10), (64, 0), (65, 23), (66, 15), (67, 76), (68, 74), (69, 42), (70, 75), (71, 30), (74, 71), (72, 32), (73, 38)]
og index list energy: 106011514.82815105
index_list: [(0, 0), (1, 1), (2, 2), (3, 3), (4, 4), (5, 5), (6, 6), (7, 7), (8, 8), (9, 9), (10, 10), (11, 11), (12, 12), (13, 13), (79, 78), (14, 14), (15, 15), (16, 16), (78, 79), (17, 17), (18, 18), (19, 19), (20, 20), (21, 21), (22, 22), (23, 23), (24, 24), (25, 25), (26, 26), (27, 27), (28, 28), (29, 29), (30, 30), (31, 31), (32, 32), (77, 74), (33, 33), (34, 34), (35, 35), (36, 36), (37, 37), (38, 38), (39, 39), (40, 40), (41, 41), (76, 77), (42, 42), (43, 43), (44, 44), (45, 45), (46, 46), (47, 47), (48, 48), (49, 76), (50, 50), (51, 51), (52, 52), (53, 53), (54, 54), (55, 55), (56, 56), (57, 57), (58, 58), (75, 49), (59, 59), (60, 60), (61, 61), (62, 62), (63, 63), (64, 64), (65, 65), (66, 66), (67, 67), (68, 68), (69, 69), (70, 70), (71, 71), (74, 75), (72, 72), (73, 73)]
index list: [0, 1, 2, 3, 4, 5, 6, 7, 8, 9, 10, 11, 12, 13, 78, 14, 15, 16, 79, 17, 18, 19, 20, 21, 22, 23, 24, 25, 26, 27, 28, 29, 30, 31, 32, 74, 33, 34, 35, 36, 37, 38, 39, 40, 41, 77, 42, 43, 44, 45, 46, 47, 48, 76, 50, 51, 52, 53, 54, 55, 56, 57, 58, 49, 59, 60, 61, 62, 63, 64, 65, 66, 67, 68, 69, 70, 71, 75, 72, 73]
index list energy: 98209.82393678775
Done


iterations: 10000000 temp: 1000000.0 exponent: 0.7 eif: 300.0
time taken (sec): 847.7543210983276
number of iterations: 10000000
og index list: [(0, 13), (1, 24), (2, 29), (3, 33), (4, 59), (5, 71), (6, 54), (7, 32), (8, 16), (9, 39), (10, 48), (11, 78), (12, 34), (13, 76), (79, 53), (14, 67), (15, 23), (16, 7), (78, 73), (17, 58), (18, 25), (19, 75), (20, 63), (21, 22), (22, 11), (23, 66), (24, 15), (25, 4), (26, 3), (27, 72), (28, 57), (29, 46), (30, 79), (31, 37), (32, 77), (77, 1), (33, 51), (34, 27), (35, 56), (36, 41), (37, 68), (38, 8), (39, 70), (40, 36), (41, 74), (76, 43), (42, 44), (43, 60), (44, 19), (45, 45), (46, 30), (47, 6), (48, 20), (49, 42), (50, 38), (51, 50), (52, 64), (53, 5), (54, 31), (55, 10), (56, 21), (57, 35), (58, 40), (75, 55), (59, 0), (60, 14), (61, 28), (62, 61), (63, 26), (64, 49), (65, 65), (66, 9), (67, 47), (68, 62), (69, 12), (70, 69), (71, 52), (74, 18), (72, 2), (73, 17)]
og index list energy: 130865520.6338854
index_list: [(0, 0), (1, 1), (2, 2), (3, 3), (4, 4), (5, 5), (6, 6), (7, 7), (8, 8), (9, 9), (10, 10), (11, 11), (12, 12), (13, 13), (79, 74), (14, 14), (15, 15), (16, 16), (78, 77), (17, 17), (18, 18), (19, 19), (20, 20), (21, 21), (22, 22), (23, 23), (24, 24), (25, 25), (26, 26), (27, 27), (28, 28), (29, 29), (30, 30), (31, 31), (32, 32), (77, 49), (33, 33), (34, 34), (35, 35), (36, 36), (37, 37), (38, 38), (39, 39), (40, 40), (41, 41), (76, 71), (42, 75), (43, 43), (44, 44), (45, 45), (46, 46), (47, 47), (48, 48), (49, 76), (50, 50), (51, 51), (52, 52), (53, 53), (54, 54), (55, 55), (56, 56), (57, 57), (58, 58), (75, 79), (59, 59), (60, 60), (61, 61), (62, 62), (63, 63), (64, 64), (65, 65), (66, 66), (67, 67), (68, 68), (69, 69), (70, 70), (71, 78), (74, 42), (72, 72), (73, 73)]
index list: [0, 1, 2, 3, 4, 5, 6, 7, 8, 9, 10, 11, 12, 13, 74, 14, 15, 16, 77, 17, 18, 19, 20, 21, 22, 23, 24, 25, 26, 27, 28, 29, 30, 31, 32, 49, 33, 34, 35, 36, 37, 38, 39, 40, 41, 71, 75, 43, 44, 45, 46, 47, 48, 76, 50, 51, 52, 53, 54, 55, 56, 57, 58, 79, 59, 60, 61, 62, 63, 64, 65, 66, 67, 68, 69, 70, 78, 42, 72, 73]
index list energy: 108070.45780373304
Done


iterations: 10000000 temp: 1000000.0 exponent: 0.7 eif: 300.0
time taken (sec): 844.8131952285767
number of iterations: 10000000
og index list: [(0, 6), (1, 66), (2, 56), (3, 44), (4, 18), (5, 2), (6, 20), (7, 8), (8, 77), (9, 27), (10, 50), (11, 72), (12, 19), (13, 67), (79, 46), (14, 53), (15, 36), (16, 12), (78, 10), (17, 62), (18, 58), (19, 64), (20, 45), (21, 33), (22, 37), (23, 31), (24, 35), (25, 42), (26, 26), (27, 57), (28, 51), (29, 78), (30, 9), (31, 55), (32, 73), (77, 7), (33, 24), (34, 49), (35, 3), (36, 61), (37, 43), (38, 68), (39, 14), (40, 75), (41, 39), (76, 28), (42, 1), (43, 40), (44, 15), (45, 4), (46, 0), (47, 34), (48, 5), (49, 65), (50, 29), (51, 60), (52, 13), (53, 22), (54, 11), (55, 70), (56, 76), (57, 17), (58, 69), (75, 32), (59, 74), (60, 59), (61, 71), (62, 48), (63, 25), (64, 47), (65, 21), (66, 79), (67, 30), (68, 54), (69, 23), (70, 41), (71, 63), (74, 52), (72, 38), (73, 16)]
og index list energy: 109620837.42332616
index_list: [(0, 0), (1, 1), (2, 2), (3, 3), (4, 4), (5, 5), (6, 6), (7, 7), (8, 8), (9, 9), (10, 10), (11, 11), (12, 12), (13, 13), (79, 49), (14, 14), (15, 15), (16, 16), (78, 76), (17, 17), (18, 18), (19, 19), (20, 20), (21, 21), (22, 22), (23, 23), (24, 24), (25, 25), (26, 26), (27, 27), (28, 28), (29, 29), (30, 30), (31, 31), (32, 32), (77, 78), (33, 33), (34, 34), (35, 35), (36, 36), (37, 37), (38, 38), (39, 39), (40, 40), (41, 41), (76, 71), (42, 79), (43, 43), (44, 44), (45, 45), (46, 46), (47, 47), (48, 48), (49, 77), (50, 50), (51, 51), (52, 52), (53, 53), (54, 54), (55, 55), (56, 56), (57, 57), (58, 58), (75, 75), (59, 59), (60, 60), (61, 61), (62, 62), (63, 63), (64, 64), (65, 65), (66, 66), (67, 67), (68, 68), (69, 69), (70, 70), (71, 74), (74, 42), (72, 72), (73, 73)]
index list: [0, 1, 2, 3, 4, 5, 6, 7, 8, 9, 10, 11, 12, 13, 49, 14, 15, 16, 76, 17, 18, 19, 20, 21, 22, 23, 24, 25, 26, 27, 28, 29, 30, 31, 32, 78, 33, 34, 35, 36, 37, 38, 39, 40, 41, 71, 79, 43, 44, 45, 46, 47, 48, 77, 50, 51, 52, 53, 54, 55, 56, 57, 58, 75, 59, 60, 61, 62, 63, 64, 65, 66, 67, 68, 69, 70, 74, 42, 72, 73]
index list energy: 108070.45780373304
Done


iterations: 10000000 temp: 1000000.0 exponent: 0.7 eif: 300.0
time taken (sec): 871.9455971717834
number of iterations: 10000000
og index list: [(0, 30), (1, 73), (2, 23), (3, 37), (4, 35), (5, 25), (6, 32), (7, 54), (8, 77), (9, 14), (10, 71), (11, 57), (12, 74), (13, 19), (79, 45), (14, 21), (15, 68), (16, 42), (78, 72), (17, 76), (18, 79), (19, 7), (20, 26), (21, 15), (22, 75), (23, 55), (24, 63), (25, 67), (26, 28), (27, 58), (28, 34), (29, 3), (30, 5), (31, 52), (32, 48), (77, 49), (33, 70), (34, 66), (35, 50), (36, 39), (37, 36), (38, 78), (39, 62), (40, 16), (41, 47), (76, 0), (42, 18), (43, 60), (44, 1), (45, 17), (46, 53), (47, 56), (48, 2), (49, 22), (50, 27), (51, 65), (52, 8), (53, 41), (54, 31), (55, 9), (56, 69), (57, 29), (58, 11), (75, 40), (59, 10), (60, 38), (61, 46), (62, 59), (63, 51), (64, 24), (65, 20), (66, 61), (67, 12), (68, 4), (69, 64), (70, 13), (71, 6), (74, 44), (72, 43), (73, 33)]
og index list energy: 106090813.44179633
index_list: [(0, 0), (1, 1), (2, 2), (3, 3), (4, 4), (5, 5), (6, 6), (7, 7), (8, 8), (9, 9), (10, 10), (11, 11), (12, 12), (13, 13), (79, 79), (14, 14), (15, 15), (16, 16), (78, 77), (17, 17), (18, 18), (19, 19), (20, 20), (21, 21), (22, 22), (23, 23), (24, 24), (25, 25), (26, 26), (27, 27), (28, 28), (29, 29), (30, 30), (31, 31), (32, 32), (77, 76), (33, 33), (34, 34), (35, 35), (36, 36), (37, 37), (38, 38), (39, 39), (40, 40), (41, 41), (76, 49), (42, 42), (43, 43), (44, 44), (45, 45), (46, 46), (47, 47), (48, 48), (49, 75), (50, 50), (51, 51), (52, 52), (53, 53), (54, 54), (55, 55), (56, 56), (57, 57), (58, 58), (75, 78), (59, 59), (60, 60), (61, 61), (62, 62), (63, 63), (64, 64), (65, 65), (66, 66), (67, 67), (68, 68), (69, 69), (70, 70), (71, 71), (74, 74), (72, 72), (73, 73)]
index list: [0, 1, 2, 3, 4, 5, 6, 7, 8, 9, 10, 11, 12, 13, 79, 14, 15, 16, 77, 17, 18, 19, 20, 21, 22, 23, 24, 25, 26, 27, 28, 29, 30, 31, 32, 76, 33, 34, 35, 36, 37, 38, 39, 40, 41, 49, 42, 43, 44, 45, 46, 47, 48, 75, 50, 51, 52, 53, 54, 55, 56, 57, 58, 78, 59, 60, 61, 62, 63, 64, 65, 66, 67, 68, 69, 70, 71, 74, 72, 73]
index list energy: 98209.82393678775
Done


iterations: 10000000 temp: 1000000.0 exponent: 0.7 eif: 300.0
time taken (sec): 874.1134662628174
number of iterations: 10000000
og index list: [(0, 3), (1, 30), (2, 35), (3, 56), (4, 38), (5, 62), (6, 32), (7, 71), (8, 17), (9, 43), (10, 68), (11, 12), (12, 36), (13, 15), (79, 37), (14, 77), (15, 46), (16, 45), (78, 73), (17, 76), (18, 14), (19, 75), (20, 6), (21, 26), (22, 66), (23, 41), (24, 21), (25, 33), (26, 52), (27, 58), (28, 78), (29, 57), (30, 59), (31, 19), (32, 24), (77, 1), (33, 54), (34, 64), (35, 27), (36, 53), (37, 70), (38, 65), (39, 79), (40, 72), (41, 42), (76, 55), (42, 69), (43, 9), (44, 7), (45, 50), (46, 29), (47, 5), (48, 31), (49, 47), (50, 4), (51, 61), (52, 67), (53, 11), (54, 10), (55, 39), (56, 22), (57, 20), (58, 74), (75, 40), (59, 0), (60, 51), (61, 48), (62, 13), (63, 8), (64, 23), (65, 28), (66, 60), (67, 44), (68, 49), (69, 18), (70, 63), (71, 16), (74, 2), (72, 25), (73, 34)]
og index list energy: 100481098.27969274
index_list: [(0, 0), (1, 1), (2, 2), (3, 3), (4, 4), (5, 5), (6, 6), (7, 7), (8, 8), (9, 9), (10, 10), (11, 11), (12, 12), (13, 13), (79, 76), (14, 14), (15, 15), (16, 16), (78, 77), (17, 17), (18, 18), (19, 19), (20, 20), (21, 21), (22, 22), (23, 23), (24, 24), (25, 25), (26, 26), (27, 27), (28, 28), (29, 29), (30, 30), (31, 31), (32, 32), (77, 78), (33, 33), (34, 34), (35, 35), (36, 36), (37, 37), (38, 38), (39, 39), (40, 40), (41, 41), (76, 79), (42, 42), (43, 43), (44, 44), (45, 45), (46, 46), (47, 47), (48, 48), (49, 75), (50, 50), (51, 51), (52, 52), (53, 53), (54, 54), (55, 55), (56, 56), (57, 57), (58, 58), (75, 74), (59, 59), (60, 60), (61, 61), (62, 62), (63, 63), (64, 64), (65, 65), (66, 66), (67, 67), (68, 68), (69, 69), (70, 70), (71, 71), (74, 49), (72, 72), (73, 73)]
index list: [0, 1, 2, 3, 4, 5, 6, 7, 8, 9, 10, 11, 12, 13, 76, 14, 15, 16, 77, 17, 18, 19, 20, 21, 22, 23, 24, 25, 26, 27, 28, 29, 30, 31, 32, 78, 33, 34, 35, 36, 37, 38, 39, 40, 41, 79, 42, 43, 44, 45, 46, 47, 48, 75, 50, 51, 52, 53, 54, 55, 56, 57, 58, 74, 59, 60, 61, 62, 63, 64, 65, 66, 67, 68, 69, 70, 71, 49, 72, 73]
index list energy: 98209.82393678775
Done


iterations: 10000000 temp: 1000000.0 exponent: 0.7 eif: 300.0
time taken (sec): 876.5629558563232
number of iterations: 10000000
og index list: [(0, 77), (1, 1), (2, 10), (3, 17), (4, 32), (5, 12), (6, 19), (7, 45), (8, 69), (9, 75), (10, 31), (11, 73), (12, 61), (13, 16), (79, 38), (14, 8), (15, 36), (16, 41), (78, 42), (17, 74), (18, 4), (19, 21), (20, 30), (21, 35), (22, 76), (23, 62), (24, 72), (25, 58), (26, 37), (27, 20), (28, 78), (29, 15), (30, 18), (31, 34), (32, 65), (77, 64), (33, 50), (34, 29), (35, 11), (36, 48), (37, 54), (38, 67), (39, 23), (40, 13), (41, 51), (76, 3), (42, 39), (43, 47), (44, 7), (45, 52), (46, 44), (47, 26), (48, 56), (49, 14), (50, 66), (51, 33), (52, 22), (53, 43), (54, 28), (55, 70), (56, 25), (57, 46), (58, 6), (75, 68), (59, 63), (60, 59), (61, 79), (62, 27), (63, 40), (64, 55), (65, 5), (66, 60), (67, 53), (68, 2), (69, 57), (70, 0), (71, 71), (74, 24), (72, 9), (73, 49)]
og index list energy: 111848539.52140291
index_list: [(0, 0), (1, 1), (2, 2), (3, 3), (4, 4), (5, 5), (6, 6), (7, 7), (8, 8), (9, 9), (10, 10), (11, 11), (12, 12), (13, 13), (79, 77), (14, 14), (15, 15), (16, 16), (78, 75), (17, 17), (18, 18), (19, 19), (20, 20), (21, 21), (22, 22), (23, 23), (24, 24), (25, 25), (26, 26), (27, 27), (28, 28), (29, 29), (30, 30), (31, 31), (32, 32), (77, 49), (33, 33), (34, 34), (35, 35), (36, 36), (37, 37), (38, 38), (39, 39), (40, 40), (41, 41), (76, 76), (42, 42), (43, 43), (44, 44), (45, 45), (46, 46), (47, 47), (48, 48), (49, 79), (50, 50), (51, 51), (52, 52), (53, 53), (54, 54), (55, 55), (56, 56), (57, 57), (58, 58), (75, 74), (59, 59), (60, 60), (61, 61), (62, 62), (63, 63), (64, 64), (65, 65), (66, 66), (67, 67), (68, 68), (69, 69), (70, 70), (71, 71), (74, 78), (72, 72), (73, 73)]
index list: [0, 1, 2, 3, 4, 5, 6, 7, 8, 9, 10, 11, 12, 13, 77, 14, 15, 16, 75, 17, 18, 19, 20, 21, 22, 23, 24, 25, 26, 27, 28, 29, 30, 31, 32, 49, 33, 34, 35, 36, 37, 38, 39, 40, 41, 76, 42, 43, 44, 45, 46, 47, 48, 79, 50, 51, 52, 53, 54, 55, 56, 57, 58, 74, 59, 60, 61, 62, 63, 64, 65, 66, 67, 68, 69, 70, 71, 78, 72, 73]
index list energy: 98209.82393678775
Done


iterations: 10000000 temp: 1000000.0 exponent: 0.7 eif: 300.0
time taken (sec): 868.7996654510498
number of iterations: 10000000
og index list: [(0, 35), (1, 73), (2, 15), (3, 49), (4, 8), (5, 27), (6, 51), (7, 10), (8, 61), (9, 38), (10, 46), (11, 44), (12, 52), (13, 31), (79, 18), (14, 33), (15, 55), (16, 72), (78, 53), (17, 65), (18, 57), (19, 22), (20, 78), (21, 47), (22, 7), (23, 63), (24, 3), (25, 37), (26, 21), (27, 58), (28, 42), (29, 17), (30, 12), (31, 68), (32, 67), (77, 41), (33, 16), (34, 54), (35, 30), (36, 9), (37, 0), (38, 26), (39, 66), (40, 13), (41, 34), (76, 50), (42, 70), (43, 5), (44, 71), (45, 64), (46, 69), (47, 20), (48, 56), (49, 79), (50, 23), (51, 43), (52, 1), (53, 28), (54, 59), (55, 77), (56, 74), (57, 25), (58, 60), (75, 48), (59, 6), (60, 62), (61, 45), (62, 39), (63, 76), (64, 75), (65, 4), (66, 40), (67, 29), (68, 19), (69, 14), (70, 11), (71, 24), (74, 36), (72, 32), (73, 2)]
og index list energy: 85622611.78473777
index_list: [(0, 0), (1, 1), (2, 2), (3, 3), (4, 4), (5, 5), (6, 6), (7, 7), (8, 8), (9, 9), (10, 10), (11, 11), (12, 12), (13, 13), (79, 79), (14, 14), (15, 15), (16, 16), (78, 78), (17, 17), (18, 18), (19, 19), (20, 20), (21, 21), (22, 22), (23, 23), (24, 24), (25, 25), (26, 26), (27, 27), (28, 28), (29, 29), (30, 30), (31, 31), (32, 32), (77, 49), (33, 33), (34, 34), (35, 35), (36, 36), (37, 37), (38, 38), (39, 39), (40, 40), (41, 41), (76, 74), (42, 42), (43, 43), (44, 44), (45, 45), (46, 46), (47, 47), (48, 48), (49, 77), (50, 50), (51, 51), (52, 52), (53, 53), (54, 54), (55, 55), (56, 56), (57, 57), (58, 58), (75, 75), (59, 59), (60, 60), (61, 61), (62, 62), (63, 63), (64, 64), (65, 65), (66, 66), (67, 67), (68, 68), (69, 69), (70, 70), (71, 71), (74, 76), (72, 72), (73, 73)]
index list: [0, 1, 2, 3, 4, 5, 6, 7, 8, 9, 10, 11, 12, 13, 79, 14, 15, 16, 78, 17, 18, 19, 20, 21, 22, 23, 24, 25, 26, 27, 28, 29, 30, 31, 32, 49, 33, 34, 35, 36, 37, 38, 39, 40, 41, 74, 42, 43, 44, 45, 46, 47, 48, 77, 50, 51, 52, 53, 54, 55, 56, 57, 58, 75, 59, 60, 61, 62, 63, 64, 65, 66, 67, 68, 69, 70, 71, 76, 72, 73]
index list energy: 98209.82393678775
Done


iterations: 10000000 temp: 1000000.0 exponent: 0.7 eif: 300.0
time taken (sec): 852.8720433712006
number of iterations: 10000000
og index list: [(0, 53), (1, 45), (2, 23), (3, 36), (4, 71), (5, 26), (6, 22), (7, 54), (8, 43), (9, 31), (10, 14), (11, 70), (12, 28), (13, 74), (79, 41), (14, 40), (15, 35), (16, 8), (78, 9), (17, 33), (18, 38), (19, 58), (20, 79), (21, 65), (22, 6), (23, 20), (24, 18), (25, 57), (26, 3), (27, 78), (28, 39), (29, 48), (30, 55), (31, 32), (32, 1), (77, 68), (33, 15), (34, 51), (35, 59), (36, 63), (37, 46), (38, 50), (39, 75), (40, 29), (41, 76), (76, 77), (42, 24), (43, 61), (44, 66), (45, 10), (46, 7), (47, 72), (48, 49), (49, 0), (50, 56), (51, 37), (52, 52), (53, 12), (54, 34), (55, 16), (56, 13), (57, 47), (58, 4), (75, 11), (59, 44), (60, 17), (61, 60), (62, 21), (63, 5), (64, 2), (65, 19), (66, 62), (67, 42), (68, 30), (69, 27), (70, 64), (71, 73), (74, 67), (72, 25), (73, 69)]
og index list energy: 130632338.9591183
index_list: [(0, 0), (1, 1), (2, 2), (3, 3), (4, 4), (5, 5), (6, 6), (7, 7), (8, 8), (9, 9), (10, 10), (11, 11), (12, 12), (13, 13), (79, 49), (14, 14), (15, 15), (16, 16), (78, 79), (17, 17), (18, 18), (19, 19), (20, 20), (21, 21), (22, 22), (23, 23), (24, 24), (25, 25), (26, 26), (27, 27), (28, 28), (29, 29), (30, 30), (31, 31), (32, 32), (77, 76), (33, 33), (34, 34), (35, 35), (36, 36), (37, 37), (38, 38), (39, 39), (40, 40), (41, 41), (76, 71), (42, 77), (43, 43), (44, 44), (45, 45), (46, 46), (47, 47), (48, 48), (49, 74), (50, 50), (51, 51), (52, 52), (53, 53), (54, 54), (55, 55), (56, 56), (57, 57), (58, 58), (75, 78), (59, 59), (60, 60), (61, 61), (62, 62), (63, 63), (64, 64), (65, 65), (66, 66), (67, 67), (68, 68), (69, 69), (70, 70), (71, 75), (74, 42), (72, 72), (73, 73)]
index list: [0, 1, 2, 3, 4, 5, 6, 7, 8, 9, 10, 11, 12, 13, 49, 14, 15, 16, 79, 17, 18, 19, 20, 21, 22, 23, 24, 25, 26, 27, 28, 29, 30, 31, 32, 76, 33, 34, 35, 36, 37, 38, 39, 40, 41, 71, 77, 43, 44, 45, 46, 47, 48, 74, 50, 51, 52, 53, 54, 55, 56, 57, 58, 78, 59, 60, 61, 62, 63, 64, 65, 66, 67, 68, 69, 70, 75, 42, 72, 73]
index list energy: 108070.45780373304
Done


iterations: 10000000 temp: 1000000.0 exponent: 0.7 eif: 300.0
time taken (sec): 877.2752058506012
number of iterations: 10000000
og index list: [(0, 69), (1, 30), (2, 79), (3, 4), (4, 17), (5, 8), (6, 45), (7, 3), (8, 64), (9, 5), (10, 38), (11, 60), (12, 23), (13, 14), (79, 10), (14, 29), (15, 25), (16, 35), (78, 33), (17, 77), (18, 63), (19, 50), (20, 47), (21, 22), (22, 18), (23, 28), (24, 66), (25, 43), (26, 27), (27, 0), (28, 34), (29, 56), (30, 6), (31, 78), (32, 16), (77, 11), (33, 1), (34, 52), (35, 15), (36, 67), (37, 21), (38, 40), (39, 9), (40, 54), (41, 74), (76, 70), (42, 51), (43, 58), (44, 24), (45, 42), (46, 41), (47, 7), (48, 37), (49, 46), (50, 55), (51, 2), (52, 65), (53, 12), (54, 62), (55, 13), (56, 75), (57, 20), (58, 44), (75, 76), (59, 68), (60, 31), (61, 49), (62, 53), (63, 39), (64, 48), (65, 36), (66, 59), (67, 32), (68, 73), (69, 61), (70, 19), (71, 72), (74, 57), (72, 26), (73, 71)]
og index list energy: 97115038.65330826
index_list: [(0, 0), (1, 1), (2, 2), (3, 3), (4, 4), (5, 5), (6, 6), (7, 7), (8, 8), (9, 9), (10, 10), (11, 11), (12, 12), (13, 13), (79, 76), (14, 14), (15, 15), (16, 16), (78, 79), (17, 17), (18, 18), (19, 19), (20, 20), (21, 21), (22, 22), (23, 23), (24, 24), (25, 25), (26, 26), (27, 27), (28, 28), (29, 29), (30, 30), (31, 31), (32, 32), (77, 74), (33, 33), (34, 34), (35, 35), (36, 36), (37, 37), (38, 38), (39, 39), (40, 40), (41, 41), (76, 49), (42, 42), (43, 43), (44, 44), (45, 45), (46, 46), (47, 47), (48, 48), (49, 77), (50, 50), (51, 51), (52, 52), (53, 53), (54, 54), (55, 55), (56, 56), (57, 57), (58, 58), (75, 78), (59, 59), (60, 60), (61, 61), (62, 62), (63, 63), (64, 64), (65, 65), (66, 66), (67, 67), (68, 68), (69, 69), (70, 70), (71, 71), (74, 75), (72, 72), (73, 73)]
index list: [0, 1, 2, 3, 4, 5, 6, 7, 8, 9, 10, 11, 12, 13, 76, 14, 15, 16, 79, 17, 18, 19, 20, 21, 22, 23, 24, 25, 26, 27, 28, 29, 30, 31, 32, 74, 33, 34, 35, 36, 37, 38, 39, 40, 41, 49, 42, 43, 44, 45, 46, 47, 48, 77, 50, 51, 52, 53, 54, 55, 56, 57, 58, 78, 59, 60, 61, 62, 63, 64, 65, 66, 67, 68, 69, 70, 71, 75, 72, 73]
index list energy: 98209.82393678775
Done


iterations: 10000000 temp: 1000000.0 exponent: 0.7 eif: 300.0
time taken (sec): 875.561117887497
number of iterations: 10000000
og index list: [(0, 2), (1, 13), (2, 35), (3, 9), (4, 3), (5, 59), (6, 46), (7, 70), (8, 77), (9, 16), (10, 61), (11, 68), (12, 50), (13, 28), (79, 73), (14, 36), (15, 44), (16, 29), (78, 54), (17, 11), (18, 42), (19, 24), (20, 6), (21, 14), (22, 20), (23, 49), (24, 18), (25, 23), (26, 58), (27, 45), (28, 15), (29, 53), (30, 72), (31, 34), (32, 40), (77, 27), (33, 78), (34, 79), (35, 10), (36, 21), (37, 8), (38, 55), (39, 30), (40, 37), (41, 26), (76, 25), (42, 75), (43, 7), (44, 69), (45, 65), (46, 12), (47, 5), (48, 66), (49, 52), (50, 57), (51, 51), (52, 60), (53, 62), (54, 48), (55, 43), (56, 64), (57, 67), (58, 47), (75, 74), (59, 33), (60, 71), (61, 76), (62, 41), (63, 17), (64, 19), (65, 39), (66, 4), (67, 32), (68, 0), (69, 31), (70, 38), (71, 63), (74, 22), (72, 56), (73, 1)]
og index list energy: 103396142.81972805
index_list: [(0, 0), (1, 1), (2, 2), (3, 3), (4, 4), (5, 5), (6, 6), (7, 7), (8, 8), (9, 9), (10, 10), (11, 11), (12, 12), (13, 13), (79, 74), (14, 14), (15, 15), (16, 16), (78, 78), (17, 17), (18, 18), (19, 19), (20, 20), (21, 21), (22, 22), (23, 23), (24, 24), (25, 25), (26, 26), (27, 27), (28, 28), (29, 29), (30, 30), (31, 31), (32, 32), (77, 49), (33, 33), (34, 34), (35, 35), (36, 36), (37, 37), (38, 38), (39, 39), (40, 40), (41, 41), (76, 79), (42, 42), (43, 43), (44, 44), (45, 45), (46, 46), (47, 47), (48, 48), (49, 75), (50, 50), (51, 51), (52, 52), (53, 53), (54, 54), (55, 55), (56, 56), (57, 57), (58, 58), (75, 77), (59, 59), (60, 60), (61, 61), (62, 62), (63, 63), (64, 64), (65, 65), (66, 66), (67, 67), (68, 68), (69, 69), (70, 70), (71, 71), (74, 76), (72, 72), (73, 73)]
index list: [0, 1, 2, 3, 4, 5, 6, 7, 8, 9, 10, 11, 12, 13, 74, 14, 15, 16, 78, 17, 18, 19, 20, 21, 22, 23, 24, 25, 26, 27, 28, 29, 30, 31, 32, 49, 33, 34, 35, 36, 37, 38, 39, 40, 41, 79, 42, 43, 44, 45, 46, 47, 48, 75, 50, 51, 52, 53, 54, 55, 56, 57, 58, 77, 59, 60, 61, 62, 63, 64, 65, 66, 67, 68, 69, 70, 71, 76, 72, 73]
index list energy: 98209.82393678775
Done


iterations: 10000000 temp: 1000000.0 exponent: 0.7 eif: 300.0
time taken (sec): 848.9252338409424
number of iterations: 10000000
og index list: [(0, 70), (1, 78), (2, 41), (3, 4), (4, 1), (5, 21), (6, 6), (7, 43), (8, 79), (9, 29), (10, 12), (11, 17), (12, 49), (13, 67), (79, 47), (14, 68), (15, 44), (16, 18), (78, 46), (17, 34), (18, 5), (19, 63), (20, 20), (21, 9), (22, 72), (23, 31), (24, 14), (25, 8), (26, 66), (27, 65), (28, 73), (29, 56), (30, 57), (31, 45), (32, 40), (77, 10), (33, 36), (34, 22), (35, 24), (36, 3), (37, 75), (38, 64), (39, 74), (40, 59), (41, 25), (76, 30), (42, 11), (43, 53), (44, 42), (45, 48), (46, 54), (47, 69), (48, 39), (49, 33), (50, 76), (51, 37), (52, 32), (53, 60), (54, 38), (55, 28), (56, 26), (57, 23), (58, 16), (75, 51), (59, 71), (60, 58), (61, 55), (62, 35), (63, 27), (64, 52), (65, 13), (66, 7), (67, 50), (68, 15), (69, 0), (70, 61), (71, 62), (74, 2), (72, 19), (73, 77)]
og index list energy: 105178887.8620813
index_list: [(0, 0), (1, 1), (2, 2), (3, 3), (4, 4), (5, 5), (6, 6), (7, 7), (8, 8), (9, 9), (10, 10), (11, 11), (12, 12), (13, 13), (79, 76), (14, 14), (15, 15), (16, 16), (78, 75), (17, 17), (18, 18), (19, 19), (20, 20), (21, 21), (22, 22), (23, 23), (24, 24), (25, 25), (26, 26), (27, 27), (28, 28), (29, 29), (30, 30), (31, 31), (32, 32), (77, 49), (33, 33), (34, 34), (35, 35), (36, 36), (37, 37), (38, 38), (39, 39), (40, 40), (41, 41), (76, 71), (42, 79), (43, 43), (44, 44), (45, 45), (46, 46), (47, 47), (48, 48), (49, 78), (50, 50), (51, 51), (52, 52), (53, 53), (54, 54), (55, 55), (56, 56), (57, 57), (58, 58), (75, 74), (59, 59), (60, 60), (61, 61), (62, 62), (63, 63), (64, 64), (65, 65), (66, 66), (67, 67), (68, 68), (69, 69), (70, 70), (71, 77), (74, 42), (72, 72), (73, 73)]
index list: [0, 1, 2, 3, 4, 5, 6, 7, 8, 9, 10, 11, 12, 13, 76, 14, 15, 16, 75, 17, 18, 19, 20, 21, 22, 23, 24, 25, 26, 27, 28, 29, 30, 31, 32, 49, 33, 34, 35, 36, 37, 38, 39, 40, 41, 71, 79, 43, 44, 45, 46, 47, 48, 78, 50, 51, 52, 53, 54, 55, 56, 57, 58, 74, 59, 60, 61, 62, 63, 64, 65, 66, 67, 68, 69, 70, 77, 42, 72, 73]
index list energy: 108070.45780373304
Done


iterations: 10000000 temp: 1000000.0 exponent: 0.7 eif: 300.0
time taken (sec): 864.601767539978
number of iterations: 10000000
og index list: [(0, 12), (1, 74), (2, 73), (3, 47), (4, 24), (5, 48), (6, 58), (7, 79), (8, 43), (9, 7), (10, 46), (11, 9), (12, 72), (13, 39), (79, 14), (14, 67), (15, 11), (16, 34), (78, 41), (17, 0), (18, 22), (19, 59), (20, 37), (21, 2), (22, 50), (23, 40), (24, 38), (25, 65), (26, 20), (27, 61), (28, 28), (29, 33), (30, 63), (31, 54), (32, 31), (77, 15), (33, 35), (34, 13), (35, 19), (36, 42), (37, 66), (38, 16), (39, 56), (40, 57), (41, 17), (76, 55), (42, 8), (43, 10), (44, 32), (45, 6), (46, 5), (47, 64), (48, 70), (49, 26), (50, 23), (51, 51), (52, 29), (53, 30), (54, 18), (55, 27), (56, 44), (57, 36), (58, 76), (75, 68), (59, 25), (60, 4), (61, 1), (62, 21), (63, 52), (64, 60), (65, 3), (66, 71), (67, 78), (68, 77), (69, 53), (70, 49), (71, 69), (74, 45), (72, 62), (73, 75)]
og index list energy: 102234596.50561404
index_list: [(0, 0), (1, 1), (2, 2), (3, 3), (4, 4), (5, 5), (6, 6), (7, 7), (8, 8), (9, 9), (10, 10), (11, 11), (12, 12), (13, 13), (79, 76), (14, 14), (15, 15), (16, 16), (78, 79), (17, 17), (18, 18), (19, 19), (20, 20), (21, 21), (22, 22), (23, 23), (24, 24), (25, 25), (26, 26), (27, 27), (28, 28), (29, 29), (30, 30), (31, 31), (32, 32), (77, 78), (33, 33), (34, 34), (35, 35), (36, 36), (37, 37), (38, 38), (39, 39), (40, 40), (41, 41), (76, 49), (42, 42), (43, 43), (44, 44), (45, 45), (46, 46), (47, 47), (48, 48), (49, 77), (50, 50), (51, 51), (52, 52), (53, 53), (54, 54), (55, 55), (56, 56), (57, 57), (58, 58), (75, 75), (59, 59), (60, 60), (61, 61), (62, 62), (63, 63), (64, 64), (65, 65), (66, 66), (67, 67), (68, 68), (69, 69), (70, 70), (71, 71), (74, 74), (72, 72), (73, 73)]
index list: [0, 1, 2, 3, 4, 5, 6, 7, 8, 9, 10, 11, 12, 13, 76, 14, 15, 16, 79, 17, 18, 19, 20, 21, 22, 23, 24, 25, 26, 27, 28, 29, 30, 31, 32, 78, 33, 34, 35, 36, 37, 38, 39, 40, 41, 49, 42, 43, 44, 45, 46, 47, 48, 77, 50, 51, 52, 53, 54, 55, 56, 57, 58, 75, 59, 60, 61, 62, 63, 64, 65, 66, 67, 68, 69, 70, 71, 74, 72, 73]
index list energy: 98209.82393678775
Done


iterations: 10000000 temp: 1000000.0 exponent: 0.7 eif: 300.0
time taken (sec): 840.8023819923401
number of iterations: 10000000
og index list: [(0, 20), (1, 51), (2, 23), (3, 32), (4, 37), (5, 25), (6, 33), (7, 31), (8, 28), (9, 59), (10, 38), (11, 70), (12, 44), (13, 45), (79, 69), (14, 7), (15, 35), (16, 55), (78, 36), (17, 30), (18, 60), (19, 19), (20, 58), (21, 65), (22, 49), (23, 78), (24, 8), (25, 29), (26, 5), (27, 16), (28, 9), (29, 50), (30, 66), (31, 3), (32, 46), (77, 79), (33, 76), (34, 12), (35, 14), (36, 2), (37, 77), (38, 11), (39, 68), (40, 56), (41, 61), (76, 54), (42, 1), (43, 41), (44, 0), (45, 27), (46, 52), (47, 67), (48, 21), (49, 43), (50, 10), (51, 18), (52, 74), (53, 42), (54, 39), (55, 72), (56, 71), (57, 40), (58, 47), (75, 53), (59, 17), (60, 75), (61, 34), (62, 24), (63, 26), (64, 13), (65, 73), (66, 63), (67, 15), (68, 62), (69, 48), (70, 6), (71, 4), (74, 57), (72, 64), (73, 22)]
og index list energy: 102260751.34248775
index_list: [(0, 0), (1, 1), (2, 2), (3, 3), (4, 4), (5, 5), (6, 6), (7, 7), (8, 8), (9, 9), (10, 10), (11, 11), (12, 12), (13, 13), (79, 76), (14, 14), (15, 15), (16, 16), (78, 75), (17, 17), (18, 18), (19, 19), (20, 20), (21, 21), (22, 22), (23, 23), (24, 24), (25, 25), (26, 26), (27, 27), (28, 28), (29, 29), (30, 30), (31, 31), (32, 32), (77, 49), (33, 33), (34, 34), (35, 35), (36, 36), (37, 37), (38, 38), (39, 39), (40, 40), (41, 41), (76, 79), (42, 42), (43, 43), (44, 44), (45, 45), (46, 46), (47, 47), (48, 48), (49, 78), (50, 50), (51, 51), (52, 52), (53, 53), (54, 54), (55, 55), (56, 56), (57, 57), (58, 58), (75, 77), (59, 59), (60, 60), (61, 61), (62, 62), (63, 63), (64, 64), (65, 65), (66, 66), (67, 67), (68, 68), (69, 69), (70, 70), (71, 71), (74, 74), (72, 72), (73, 73)]
index list: [0, 1, 2, 3, 4, 5, 6, 7, 8, 9, 10, 11, 12, 13, 76, 14, 15, 16, 75, 17, 18, 19, 20, 21, 22, 23, 24, 25, 26, 27, 28, 29, 30, 31, 32, 49, 33, 34, 35, 36, 37, 38, 39, 40, 41, 79, 42, 43, 44, 45, 46, 47, 48, 78, 50, 51, 52, 53, 54, 55, 56, 57, 58, 77, 59, 60, 61, 62, 63, 64, 65, 66, 67, 68, 69, 70, 71, 74, 72, 73]
index list energy: 98209.82393678775
Done


iterations: 10000000 temp: 1000000.0 exponent: 0.7 eif: 300.0
time taken (sec): 849.2008762359619
number of iterations: 10000000
og index list: [(0, 73), (1, 38), (2, 42), (3, 47), (4, 4), (5, 66), (6, 33), (7, 40), (8, 69), (9, 56), (10, 21), (11, 24), (12, 6), (13, 51), (79, 16), (14, 1), (15, 3), (16, 12), (78, 7), (17, 74), (18, 71), (19, 55), (20, 57), (21, 2), (22, 14), (23, 23), (24, 39), (25, 78), (26, 70), (27, 0), (28, 31), (29, 15), (30, 22), (31, 43), (32, 5), (77, 49), (33, 26), (34, 13), (35, 8), (36, 68), (37, 28), (38, 34), (39, 19), (40, 48), (41, 65), (76, 18), (42, 17), (43, 37), (44, 35), (45, 64), (46, 52), (47, 45), (48, 61), (49, 59), (50, 63), (51, 9), (52, 11), (53, 29), (54, 75), (55, 44), (56, 58), (57, 36), (58, 72), (75, 60), (59, 62), (60, 54), (61, 76), (62, 30), (63, 20), (64, 25), (65, 46), (66, 53), (67, 77), (68, 10), (69, 27), (70, 32), (71, 41), (74, 67), (72, 50), (73, 79)]
og index list energy: 108207308.13942206
index_list: [(0, 0), (1, 1), (2, 2), (3, 3), (4, 4), (5, 5), (6, 6), (7, 7), (8, 8), (9, 9), (10, 10), (11, 11), (12, 12), (13, 13), (79, 79), (14, 14), (15, 15), (16, 16), (78, 78), (17, 17), (18, 18), (19, 19), (20, 20), (21, 21), (22, 22), (23, 23), (24, 24), (25, 25), (26, 26), (27, 27), (28, 28), (29, 29), (30, 30), (31, 31), (32, 32), (77, 49), (33, 33), (34, 34), (35, 35), (36, 36), (37, 37), (38, 38), (39, 39), (40, 40), (41, 41), (76, 74), (42, 42), (43, 43), (44, 44), (45, 45), (46, 46), (47, 47), (48, 48), (49, 76), (50, 50), (51, 51), (52, 52), (53, 53), (54, 54), (55, 55), (56, 56), (57, 57), (58, 58), (75, 77), (59, 59), (60, 60), (61, 61), (62, 62), (63, 63), (64, 64), (65, 65), (66, 66), (67, 67), (68, 68), (69, 69), (70, 70), (71, 71), (74, 75), (72, 72), (73, 73)]
index list: [0, 1, 2, 3, 4, 5, 6, 7, 8, 9, 10, 11, 12, 13, 79, 14, 15, 16, 78, 17, 18, 19, 20, 21, 22, 23, 24, 25, 26, 27, 28, 29, 30, 31, 32, 49, 33, 34, 35, 36, 37, 38, 39, 40, 41, 74, 42, 43, 44, 45, 46, 47, 48, 76, 50, 51, 52, 53, 54, 55, 56, 57, 58, 77, 59, 60, 61, 62, 63, 64, 65, 66, 67, 68, 69, 70, 71, 75, 72, 73]
index list energy: 98209.82393678775
Done


iterations: 10000000 temp: 1000000.0 exponent: 0.7 eif: 300.0
time taken (sec): 782.1843981742859
number of iterations: 10000000
og index list: [(0, 79), (1, 57), (2, 9), (3, 3), (4, 33), (5, 12), (6, 63), (7, 71), (8, 49), (9, 24), (10, 34), (11, 68), (12, 26), (13, 11), (79, 64), (14, 42), (15, 0), (16, 37), (78, 4), (17, 23), (18, 50), (19, 69), (20, 22), (21, 72), (22, 27), (23, 2), (24, 28), (25, 31), (26, 75), (27, 20), (28, 74), (29, 19), (30, 1), (31, 46), (32, 77), (77, 13), (33, 17), (34, 59), (35, 25), (36, 35), (37, 56), (38, 5), (39, 16), (40, 53), (41, 29), (76, 76), (42, 47), (43, 44), (44, 38), (45, 18), (46, 54), (47, 52), (48, 40), (49, 41), (50, 66), (51, 61), (52, 60), (53, 45), (54, 30), (55, 6), (56, 73), (57, 15), (58, 43), (75, 21), (59, 7), (60, 55), (61, 65), (62, 32), (63, 14), (64, 10), (65, 48), (66, 36), (67, 62), (68, 51), (69, 70), (70, 39), (71, 58), (74, 67), (72, 8), (73, 78)]
og index list energy: 109816763.7479124
index_list: [(0, 72), (1, 73), (2, 76), (3, 14), (4, 75), (5, 5), (6, 78), (7, 17), (8, 18), (9, 6), (10, 7), (11, 8), (12, 9), (13, 10), (79, 11), (14, 12), (15, 13), (16, 16), (78, 0), (17, 1), (18, 2), (19, 19), (20, 20), (21, 21), (22, 22), (23, 23), (24, 24), (25, 25), (26, 26), (27, 27), (28, 28), (29, 29), (30, 30), (31, 31), (32, 32), (77, 49), (33, 33), (34, 34), (35, 35), (36, 36), (37, 37), (38, 38), (39, 39), (40, 40), (41, 41), (76, 74), (42, 42), (43, 43), (44, 44), (45, 45), (46, 46), (47, 47), (48, 48), (49, 77), (50, 50), (51, 51), (52, 52), (53, 53), (54, 54), (55, 55), (56, 56), (57, 57), (58, 58), (75, 79), (59, 59), (60, 60), (61, 61), (62, 62), (63, 63), (64, 64), (65, 65), (66, 66), (67, 67), (68, 68), (69, 69), (70, 70), (71, 71), (74, 4), (72, 15), (73, 3)]
index list: [72, 73, 76, 14, 75, 5, 78, 17, 18, 6, 7, 8, 9, 10, 11, 12, 13, 16, 0, 1, 2, 19, 20, 21, 22, 23, 24, 25, 26, 27, 28, 29, 30, 31, 32, 49, 33, 34, 35, 36, 37, 38, 39, 40, 41, 74, 42, 43, 44, 45, 46, 47, 48, 77, 50, 51, 52, 53, 54, 55, 56, 57, 58, 79, 59, 60, 61, 62, 63, 64, 65, 66, 67, 68, 69, 70, 71, 4, 15, 3]
index list energy: 175519.62713112263
Done


iterations: 10000000 temp: 1000000.0 exponent: 0.7 eif: 300.0
time taken (sec): 800.0774476528168
number of iterations: 10000000
og index list: [(0, 74), (1, 39), (2, 46), (3, 79), (4, 1), (5, 62), (6, 31), (7, 32), (8, 55), (9, 67), (10, 56), (11, 0), (12, 77), (13, 43), (79, 61), (14, 3), (15, 18), (16, 72), (78, 41), (17, 15), (18, 14), (19, 10), (20, 49), (21, 54), (22, 24), (23, 11), (24, 4), (25, 60), (26, 17), (27, 40), (28, 48), (29, 5), (30, 52), (31, 58), (32, 78), (77, 68), (33, 37), (34, 12), (35, 30), (36, 28), (37, 2), (38, 76), (39, 51), (40, 66), (41, 63), (76, 35), (42, 42), (43, 25), (44, 65), (45, 6), (46, 8), (47, 45), (48, 13), (49, 59), (50, 26), (51, 27), (52, 7), (53, 53), (54, 64), (55, 19), (56, 22), (57, 44), (58, 34), (75, 47), (59, 73), (60, 9), (61, 71), (62, 23), (63, 29), (64, 21), (65, 75), (66, 70), (67, 20), (68, 57), (69, 50), (70, 36), (71, 16), (74, 33), (72, 38), (73, 69)]
og index list energy: 108774422.50787205
index_list: [(0, 14), (1, 5), (2, 1), (3, 2), (4, 3), (5, 74), (6, 6), (7, 7), (8, 8), (9, 9), (10, 10), (11, 11), (12, 12), (13, 13), (79, 75), (14, 72), (15, 73), (16, 0), (78, 76), (17, 17), (18, 18), (19, 19), (20, 20), (21, 21), (22, 22), (23, 23), (24, 24), (25, 25), (26, 26), (27, 27), (28, 28), (29, 29), (30, 30), (31, 31), (32, 32), (77, 77), (33, 33), (34, 34), (35, 35), (36, 36), (37, 37), (38, 38), (39, 39), (40, 40), (41, 41), (76, 78), (42, 42), (43, 43), (44, 44), (45, 45), (46, 46), (47, 47), (48, 48), (49, 79), (50, 50), (51, 51), (52, 52), (53, 53), (54, 54), (55, 55), (56, 56), (57, 57), (58, 58), (75, 49), (59, 59), (60, 60), (61, 61), (62, 62), (63, 63), (64, 64), (65, 65), (66, 66), (67, 67), (68, 68), (69, 69), (70, 70), (71, 71), (74, 4), (72, 15), (73, 16)]
index list: [14, 5, 1, 2, 3, 74, 6, 7, 8, 9, 10, 11, 12, 13, 75, 72, 73, 0, 76, 17, 18, 19, 20, 21, 22, 23, 24, 25, 26, 27, 28, 29, 30, 31, 32, 77, 33, 34, 35, 36, 37, 38, 39, 40, 41, 78, 42, 43, 44, 45, 46, 47, 48, 79, 50, 51, 52, 53, 54, 55, 56, 57, 58, 49, 59, 60, 61, 62, 63, 64, 65, 66, 67, 68, 69, 70, 71, 4, 15, 16]
index list energy: 163943.013691692
Done


iterations: 10000000 temp: 1000000.0 exponent: 0.7 eif: 300.0
time taken (sec): 798.2365386486053
number of iterations: 10000000
og index list: [(0, 29), (1, 46), (2, 4), (3, 62), (4, 31), (5, 6), (6, 34), (7, 22), (8, 37), (9, 72), (10, 12), (11, 2), (12, 39), (13, 36), (79, 35), (14, 45), (15, 58), (16, 30), (78, 57), (17, 3), (18, 14), (19, 25), (20, 67), (21, 41), (22, 73), (23, 78), (24, 64), (25, 0), (26, 43), (27, 63), (28, 8), (29, 74), (30, 61), (31, 11), (32, 18), (77, 26), (33, 77), (34, 52), (35, 7), (36, 53), (37, 50), (38, 1), (39, 28), (40, 49), (41, 59), (76, 70), (42, 13), (43, 38), (44, 17), (45, 79), (46, 60), (47, 65), (48, 27), (49, 76), (50, 47), (51, 66), (52, 19), (53, 44), (54, 56), (55, 48), (56, 33), (57, 71), (58, 68), (75, 75), (59, 23), (60, 40), (61, 42), (62, 9), (63, 21), (64, 54), (65, 51), (66, 32), (67, 16), (68, 20), (69, 24), (70, 10), (71, 15), (74, 5), (72, 55), (73, 69)]
og index list energy: 94800131.5640779
index_list: [(0, 14), (1, 5), (2, 1), (3, 2), (4, 3), (5, 78), (6, 6), (7, 7), (8, 8), (9, 9), (10, 10), (11, 11), (12, 12), (13, 13), (79, 0), (14, 73), (15, 75), (16, 72), (78, 74), (17, 17), (18, 18), (19, 19), (20, 20), (21, 21), (22, 22), (23, 23), (24, 24), (25, 25), (26, 26), (27, 27), (28, 28), (29, 29), (30, 30), (31, 31), (32, 32), (77, 77), (33, 33), (34, 34), (35, 35), (36, 36), (37, 37), (38, 38), (39, 39), (40, 40), (41, 41), (76, 79), (42, 42), (43, 43), (44, 44), (45, 45), (46, 46), (47, 47), (48, 48), (49, 49), (50, 50), (51, 51), (52, 52), (53, 53), (54, 54), (55, 55), (56, 56), (57, 57), (58, 58), (75, 76), (59, 59), (60, 60), (61, 61), (62, 62), (63, 63), (64, 64), (65, 65), (66, 66), (67, 67), (68, 68), (69, 69), (70, 70), (71, 71), (74, 4), (72, 15), (73, 16)]
index list: [14, 5, 1, 2, 3, 78, 6, 7, 8, 9, 10, 11, 12, 13, 0, 73, 75, 72, 74, 17, 18, 19, 20, 21, 22, 23, 24, 25, 26, 27, 28, 29, 30, 31, 32, 77, 33, 34, 35, 36, 37, 38, 39, 40, 41, 79, 42, 43, 44, 45, 46, 47, 48, 49, 50, 51, 52, 53, 54, 55, 56, 57, 58, 76, 59, 60, 61, 62, 63, 64, 65, 66, 67, 68, 69, 70, 71, 4, 15, 16]
index list energy: 156588.24026648828
Done


iterations: 10000000 temp: 1000000.0 exponent: 0.7 eif: 300.0
time taken (sec): 765.8336713314056
number of iterations: 10000000
og index list: [(0, 2), (1, 15), (2, 20), (3, 5), (4, 66), (5, 38), (6, 72), (7, 16), (8, 39), (9, 76), (10, 29), (11, 41), (12, 36), (13, 31), (79, 44), (14, 74), (15, 62), (16, 67), (78, 42), (17, 52), (18, 28), (19, 73), (20, 3), (21, 8), (22, 64), (23, 53), (24, 13), (25, 22), (26, 61), (27, 25), (28, 78), (29, 35), (30, 33), (31, 6), (32, 69), (77, 54), (33, 75), (34, 58), (35, 47), (36, 60), (37, 50), (38, 77), (39, 1), (40, 24), (41, 56), (76, 68), (42, 18), (43, 12), (44, 32), (45, 70), (46, 79), (47, 63), (48, 4), (49, 51), (50, 34), (51, 65), (52, 10), (53, 7), (54, 0), (55, 27), (56, 48), (57, 71), (58, 46), (75, 21), (59, 59), (60, 19), (61, 17), (62, 9), (63, 37), (64, 45), (65, 14), (66, 30), (67, 40), (68, 11), (69, 49), (70, 43), (71, 55), (74, 23), (72, 57), (73, 26)]
og index list energy: 132650317.18543719
index_list: [(0, 41), (1, 0), (2, 1), (3, 2), (4, 3), (5, 40), (6, 6), (7, 7), (8, 8), (9, 9), (10, 10), (11, 11), (12, 74), (13, 14), (79, 5), (14, 44), (15, 45), (16, 16), (78, 79), (17, 17), (18, 18), (19, 19), (20, 20), (21, 21), (22, 22), (23, 23), (24, 24), (25, 25), (26, 26), (27, 27), (28, 28), (29, 29), (30, 30), (31, 31), (32, 75), (77, 42), (33, 33), (34, 34), (35, 35), (36, 36), (37, 37), (38, 38), (39, 39), (40, 4), (41, 76), (76, 72), (42, 73), (43, 78), (44, 12), (45, 13), (46, 46), (47, 47), (48, 48), (49, 77), (50, 43), (51, 51), (52, 52), (53, 53), (54, 54), (55, 55), (56, 56), (57, 57), (58, 58), (75, 49), (59, 59), (60, 60), (61, 61), (62, 62), (63, 63), (64, 64), (65, 65), (66, 66), (67, 67), (68, 68), (69, 69), (70, 70), (71, 71), (74, 15), (72, 32), (73, 50)]
index list: [41, 0, 1, 2, 3, 40, 6, 7, 8, 9, 10, 11, 74, 14, 5, 44, 45, 16, 79, 17, 18, 19, 20, 21, 22, 23, 24, 25, 26, 27, 28, 29, 30, 31, 75, 42, 33, 34, 35, 36, 37, 38, 39, 4, 76, 72, 73, 78, 12, 13, 46, 47, 48, 77, 43, 51, 52, 53, 54, 55, 56, 57, 58, 49, 59, 60, 61, 62, 63, 64, 65, 66, 67, 68, 69, 70, 71, 15, 32, 50]
index list energy: 247995.3967694537
Done


iterations: 10000000 temp: 1000000.0 exponent: 0.7 eif: 300.0
time taken (sec): 790.7378308773041
number of iterations: 10000000
og index list: [(0, 24), (1, 29), (2, 1), (3, 8), (4, 53), (5, 28), (6, 32), (7, 43), (8, 12), (9, 69), (10, 57), (11, 50), (12, 5), (13, 3), (79, 30), (14, 78), (15, 34), (16, 62), (78, 6), (17, 19), (18, 60), (19, 77), (20, 70), (21, 72), (22, 15), (23, 2), (24, 27), (25, 75), (26, 4), (27, 56), (28, 71), (29, 52), (30, 55), (31, 49), (32, 16), (77, 11), (33, 20), (34, 23), (35, 74), (36, 33), (37, 73), (38, 46), (39, 47), (40, 36), (41, 26), (76, 65), (42, 54), (43, 21), (44, 76), (45, 64), (46, 59), (47, 68), (48, 79), (49, 67), (50, 66), (51, 17), (52, 40), (53, 45), (54, 10), (55, 63), (56, 22), (57, 58), (58, 61), (75, 48), (59, 31), (60, 38), (61, 13), (62, 44), (63, 18), (64, 25), (65, 37), (66, 41), (67, 7), (68, 42), (69, 9), (70, 35), (71, 39), (74, 51), (72, 0), (73, 14)]
og index list energy: 114288193.84582546
index_list: [(0, 14), (1, 0), (2, 1), (3, 2), (4, 16), (5, 74), (6, 6), (7, 7), (8, 8), (9, 9), (10, 10), (11, 11), (12, 12), (13, 13), (79, 50), (14, 77), (15, 72), (16, 73), (78, 78), (17, 17), (18, 18), (19, 19), (20, 20), (21, 21), (22, 22), (23, 23), (24, 24), (25, 25), (26, 26), (27, 27), (28, 28), (29, 29), (30, 30), (31, 31), (32, 32), (77, 75), (33, 33), (34, 34), (35, 35), (36, 36), (37, 37), (38, 38), (39, 39), (40, 40), (41, 41), (76, 49), (42, 42), (43, 43), (44, 44), (45, 45), (46, 46), (47, 47), (48, 48), (49, 79), (50, 15), (51, 51), (52, 52), (53, 53), (54, 54), (55, 55), (56, 56), (57, 57), (58, 58), (75, 76), (59, 59), (60, 60), (61, 61), (62, 62), (63, 63), (64, 64), (65, 65), (66, 66), (67, 67), (68, 68), (69, 69), (70, 70), (71, 71), (74, 4), (72, 5), (73, 3)]
index list: [14, 0, 1, 2, 16, 74, 6, 7, 8, 9, 10, 11, 12, 13, 50, 77, 72, 73, 78, 17, 18, 19, 20, 21, 22, 23, 24, 25, 26, 27, 28, 29, 30, 31, 32, 75, 33, 34, 35, 36, 37, 38, 39, 40, 41, 49, 42, 43, 44, 45, 46, 47, 48, 79, 15, 51, 52, 53, 54, 55, 56, 57, 58, 76, 59, 60, 61, 62, 63, 64, 65, 66, 67, 68, 69, 70, 71, 4, 5, 3]
index list energy: 163467.3848980004
Done


iterations: 10000000 temp: 1000000.0 exponent: 0.7 eif: 300.0
time taken (sec): 789.9893748760223
number of iterations: 10000000
og index list: [(0, 41), (1, 46), (2, 70), (3, 15), (4, 11), (5, 39), (6, 50), (7, 40), (8, 78), (9, 17), (10, 35), (11, 5), (12, 60), (13, 64), (79, 62), (14, 49), (15, 9), (16, 36), (78, 18), (17, 53), (18, 26), (19, 37), (20, 42), (21, 32), (22, 28), (23, 23), (24, 68), (25, 16), (26, 38), (27, 0), (28, 30), (29, 27), (30, 58), (31, 33), (32, 73), (77, 57), (33, 44), (34, 21), (35, 22), (36, 76), (37, 56), (38, 6), (39, 29), (40, 59), (41, 65), (76, 45), (42, 69), (43, 55), (44, 66), (45, 75), (46, 71), (47, 61), (48, 72), (49, 1), (50, 14), (51, 67), (52, 20), (53, 77), (54, 19), (55, 24), (56, 48), (57, 34), (58, 10), (75, 4), (59, 31), (60, 12), (61, 3), (62, 8), (63, 47), (64, 13), (65, 51), (66, 63), (67, 74), (68, 25), (69, 2), (70, 43), (71, 54), (74, 7), (72, 52), (73, 79)]
og index list energy: 119945060.56694624
index_list: [(0, 14), (1, 15), (2, 79), (3, 42), (4, 72), (5, 73), (6, 77), (7, 1), (8, 2), (9, 6), (10, 7), (11, 8), (12, 9), (13, 10), (79, 11), (14, 12), (15, 13), (16, 16), (78, 78), (17, 17), (18, 18), (19, 19), (20, 20), (21, 21), (22, 22), (23, 23), (24, 24), (25, 25), (26, 26), (27, 27), (28, 28), (29, 29), (30, 30), (31, 31), (32, 32), (77, 75), (33, 33), (34, 34), (35, 35), (36, 36), (37, 37), (38, 38), (39, 39), (40, 40), (41, 41), (76, 0), (42, 74), (43, 43), (44, 44), (45, 45), (46, 46), (47, 47), (48, 48), (49, 49), (50, 50), (51, 51), (52, 52), (53, 53), (54, 54), (55, 55), (56, 56), (57, 57), (58, 58), (75, 76), (59, 59), (60, 60), (61, 61), (62, 62), (63, 63), (64, 64), (65, 65), (66, 66), (67, 67), (68, 68), (69, 69), (70, 70), (71, 71), (74, 4), (72, 5), (73, 3)]
index list: [14, 15, 79, 42, 72, 73, 77, 1, 2, 6, 7, 8, 9, 10, 11, 12, 13, 16, 78, 17, 18, 19, 20, 21, 22, 23, 24, 25, 26, 27, 28, 29, 30, 31, 32, 75, 33, 34, 35, 36, 37, 38, 39, 40, 41, 0, 74, 43, 44, 45, 46, 47, 48, 49, 50, 51, 52, 53, 54, 55, 56, 57, 58, 76, 59, 60, 61, 62, 63, 64, 65, 66, 67, 68, 69, 70, 71, 4, 5, 3]
index list energy: 181253.20877717552
Done


iterations: 10000000 temp: 1000000.0 exponent: 0.7 eif: 300.0
time taken (sec): 750.4655678272247
number of iterations: 10000000
og index list: [(0, 21), (1, 72), (2, 48), (3, 69), (4, 61), (5, 27), (6, 51), (7, 22), (8, 54), (9, 79), (10, 19), (11, 55), (12, 73), (13, 67), (79, 14), (14, 32), (15, 10), (16, 42), (78, 41), (17, 47), (18, 75), (19, 28), (20, 3), (21, 1), (22, 16), (23, 17), (24, 20), (25, 46), (26, 29), (27, 39), (28, 45), (29, 58), (30, 43), (31, 13), (32, 36), (77, 0), (33, 11), (34, 24), (35, 64), (36, 70), (37, 25), (38, 5), (39, 34), (40, 31), (41, 37), (76, 15), (42, 33), (43, 59), (44, 77), (45, 8), (46, 7), (47, 63), (48, 12), (49, 6), (50, 38), (51, 53), (52, 18), (53, 2), (54, 52), (55, 9), (56, 23), (57, 35), (58, 66), (75, 40), (59, 44), (60, 65), (61, 56), (62, 68), (63, 49), (64, 78), (65, 60), (66, 57), (67, 71), (68, 50), (69, 62), (70, 76), (71, 74), (74, 4), (72, 30), (73, 26)]
og index list energy: 118789079.70862742
index_list: [(0, 0), (1, 1), (2, 2), (3, 3), (4, 4), (5, 5), (6, 6), (7, 7), (8, 8), (9, 9), (10, 10), (11, 11), (12, 50), (13, 51), (79, 52), (14, 14), (15, 15), (16, 16), (78, 49), (17, 17), (18, 18), (19, 19), (20, 20), (21, 21), (22, 22), (23, 23), (24, 24), (25, 25), (26, 26), (27, 27), (28, 28), (29, 29), (30, 30), (31, 31), (32, 74), (77, 42), (33, 33), (34, 34), (35, 35), (36, 36), (37, 37), (38, 38), (39, 39), (40, 40), (41, 41), (76, 71), (42, 75), (43, 43), (44, 44), (45, 45), (46, 46), (47, 47), (48, 48), (49, 78), (50, 72), (51, 73), (52, 79), (53, 53), (54, 54), (55, 55), (56, 56), (57, 57), (58, 58), (75, 76), (59, 59), (60, 60), (61, 61), (62, 62), (63, 63), (64, 64), (65, 65), (66, 66), (67, 67), (68, 68), (69, 69), (70, 70), (71, 77), (74, 12), (72, 13), (73, 32)]
index list: [0, 1, 2, 3, 4, 5, 6, 7, 8, 9, 10, 11, 50, 51, 52, 14, 15, 16, 49, 17, 18, 19, 20, 21, 22, 23, 24, 25, 26, 27, 28, 29, 30, 31, 74, 42, 33, 34, 35, 36, 37, 38, 39, 40, 41, 71, 75, 43, 44, 45, 46, 47, 48, 78, 72, 73, 79, 53, 54, 55, 56, 57, 58, 76, 59, 60, 61, 62, 63, 64, 65, 66, 67, 68, 69, 70, 77, 12, 13, 32]
index list energy: 165701.5244369063
Done


iterations: 10000000 temp: 1000000.0 exponent: 0.7 eif: 300.0
time taken (sec): 609.8823704719543
number of iterations: 10000000
og index list: [(0, 6), (1, 65), (2, 12), (3, 66), (4, 14), (5, 9), (6, 60), (7, 26), (8, 79), (9, 62), (10, 20), (11, 25), (12, 55), (13, 21), (79, 17), (14, 61), (15, 49), (16, 68), (78, 15), (17, 50), (18, 64), (19, 52), (20, 18), (21, 10), (22, 70), (23, 39), (24, 28), (25, 5), (26, 43), (27, 77), (28, 29), (29, 16), (30, 63), (31, 23), (32, 4), (77, 0), (33, 35), (34, 30), (35, 53), (36, 38), (37, 41), (38, 47), (39, 78), (40, 48), (41, 51), (76, 37), (42, 27), (43, 75), (44, 73), (45, 45), (46, 57), (47, 11), (48, 54), (49, 58), (50, 13), (51, 1), (52, 24), (53, 19), (54, 3), (55, 40), (56, 22), (57, 71), (58, 67), (75, 59), (59, 44), (60, 74), (61, 72), (62, 32), (63, 31), (64, 46), (65, 36), (66, 7), (67, 2), (68, 8), (69, 56), (70, 42), (71, 34), (74, 33), (72, 76), (73, 69)]
og index list energy: 112629608.60338017
index_list: [(0, 32), (1, 12), (2, 13), (3, 16), (4, 4), (5, 5), (6, 46), (7, 1), (8, 2), (9, 9), (10, 10), (11, 11), (12, 77), (13, 43), (79, 44), (14, 45), (15, 6), (16, 24), (78, 66), (17, 17), (18, 18), (19, 19), (20, 20), (21, 21), (22, 22), (23, 30), (24, 31), (25, 3), (26, 26), (27, 27), (28, 23), (29, 7), (30, 8), (31, 74), (32, 29), (77, 28), (33, 33), (34, 34), (35, 35), (36, 36), (37, 37), (38, 38), (39, 39), (40, 40), (41, 41), (76, 65), (42, 78), (43, 42), (44, 72), (45, 73), (46, 0), (47, 47), (48, 48), (49, 64), (50, 25), (51, 50), (52, 79), (53, 53), (54, 54), (55, 55), (56, 56), (57, 57), (58, 58), (75, 49), (59, 14), (60, 15), (61, 63), (62, 75), (63, 61), (64, 62), (65, 51), (66, 52), (67, 67), (68, 68), (69, 69), (70, 70), (71, 71), (74, 76), (72, 59), (73, 60)]
index list: [32, 12, 13, 16, 4, 5, 46, 1, 2, 9, 10, 11, 77, 43, 44, 45, 6, 24, 66, 17, 18, 19, 20, 21, 22, 30, 31, 3, 26, 27, 23, 7, 8, 74, 29, 28, 33, 34, 35, 36, 37, 38, 39, 40, 41, 65, 78, 42, 72, 73, 0, 47, 48, 64, 25, 50, 79, 53, 54, 55, 56, 57, 58, 49, 14, 15, 63, 75, 61, 62, 51, 52, 67, 68, 69, 70, 71, 76, 59, 60]
index list energy: 821116.1503266975
Done


iterations: 10000000 temp: 1000000.0 exponent: 0.7 eif: 300.0
time taken (sec): 787.6107623577118
number of iterations: 10000000
og index list: [(0, 13), (1, 55), (2, 9), (3, 28), (4, 49), (5, 17), (6, 37), (7, 42), (8, 74), (9, 48), (10, 23), (11, 29), (12, 61), (13, 25), (79, 4), (14, 56), (15, 53), (16, 43), (78, 36), (17, 35), (18, 15), (19, 6), (20, 8), (21, 41), (22, 51), (23, 33), (24, 26), (25, 77), (26, 50), (27, 20), (28, 69), (29, 64), (30, 1), (31, 27), (32, 45), (77, 24), (33, 58), (34, 63), (35, 79), (36, 16), (37, 19), (38, 3), (39, 65), (40, 5), (41, 70), (76, 75), (42, 44), (43, 11), (44, 59), (45, 47), (46, 46), (47, 72), (48, 76), (49, 67), (50, 71), (51, 54), (52, 39), (53, 30), (54, 68), (55, 22), (56, 31), (57, 73), (58, 34), (75, 21), (59, 60), (60, 32), (61, 12), (62, 57), (63, 52), (64, 0), (65, 38), (66, 62), (67, 10), (68, 78), (69, 7), (70, 18), (71, 2), (74, 14), (72, 66), (73, 40)]
og index list energy: 115787757.25924335
index_list: [(0, 14), (1, 15), (2, 75), (3, 73), (4, 77), (5, 72), (6, 79), (7, 17), (8, 18), (9, 6), (10, 7), (11, 8), (12, 9), (13, 10), (79, 11), (14, 12), (15, 13), (16, 16), (78, 0), (17, 1), (18, 2), (19, 19), (20, 20), (21, 21), (22, 22), (23, 23), (24, 24), (25, 25), (26, 26), (27, 27), (28, 28), (29, 29), (30, 30), (31, 31), (32, 32), (77, 49), (33, 33), (34, 34), (35, 35), (36, 36), (37, 37), (38, 38), (39, 39), (40, 40), (41, 41), (76, 76), (42, 42), (43, 43), (44, 44), (45, 45), (46, 46), (47, 47), (48, 48), (49, 78), (50, 50), (51, 51), (52, 52), (53, 53), (54, 54), (55, 55), (56, 56), (57, 57), (58, 58), (75, 74), (59, 59), (60, 60), (61, 61), (62, 62), (63, 63), (64, 64), (65, 65), (66, 66), (67, 67), (68, 68), (69, 69), (70, 70), (71, 71), (74, 4), (72, 5), (73, 3)]
index list: [14, 15, 75, 73, 77, 72, 79, 17, 18, 6, 7, 8, 9, 10, 11, 12, 13, 16, 0, 1, 2, 19, 20, 21, 22, 23, 24, 25, 26, 27, 28, 29, 30, 31, 32, 49, 33, 34, 35, 36, 37, 38, 39, 40, 41, 76, 42, 43, 44, 45, 46, 47, 48, 78, 50, 51, 52, 53, 54, 55, 56, 57, 58, 74, 59, 60, 61, 62, 63, 64, 65, 66, 67, 68, 69, 70, 71, 4, 5, 3]
index list energy: 184337.6650422231
Done


iterations: 10000000 temp: 1000000.0 exponent: 0.7 eif: 300.0
time taken (sec): 850.2888219356537
number of iterations: 10000000
og index list: [(0, 8), (1, 4), (2, 34), (3, 35), (4, 30), (5, 79), (6, 52), (7, 6), (8, 71), (9, 38), (10, 10), (11, 70), (12, 17), (13, 53), (79, 46), (14, 78), (15, 48), (16, 2), (78, 19), (17, 32), (18, 15), (19, 16), (20, 18), (21, 25), (22, 41), (23, 24), (24, 63), (25, 39), (26, 7), (27, 29), (28, 37), (29, 13), (30, 5), (31, 23), (32, 21), (77, 26), (33, 67), (34, 14), (35, 50), (36, 75), (37, 74), (38, 0), (39, 28), (40, 59), (41, 61), (76, 57), (42, 73), (43, 20), (44, 51), (45, 12), (46, 58), (47, 43), (48, 3), (49, 9), (50, 68), (51, 62), (52, 49), (53, 27), (54, 69), (55, 36), (56, 11), (57, 64), (58, 22), (75, 1), (59, 31), (60, 60), (61, 56), (62, 77), (63, 45), (64, 66), (65, 54), (66, 33), (67, 47), (68, 76), (69, 55), (70, 40), (71, 72), (74, 65), (72, 42), (73, 44)]
og index list energy: 97105037.39305805
index_list: [(0, 0), (1, 1), (2, 2), (3, 3), (4, 4), (5, 5), (6, 6), (7, 7), (8, 8), (9, 9), (10, 10), (11, 11), (12, 12), (13, 13), (79, 78), (14, 14), (15, 15), (16, 16), (78, 75), (17, 17), (18, 18), (19, 19), (20, 20), (21, 21), (22, 22), (23, 23), (24, 24), (25, 25), (26, 26), (27, 27), (28, 28), (29, 29), (30, 30), (31, 31), (32, 32), (77, 49), (33, 33), (34, 34), (35, 35), (36, 36), (37, 37), (38, 38), (39, 39), (40, 40), (41, 41), (76, 76), (42, 42), (43, 43), (44, 44), (45, 45), (46, 46), (47, 47), (48, 48), (49, 74), (50, 50), (51, 51), (52, 52), (53, 53), (54, 54), (55, 55), (56, 56), (57, 57), (58, 58), (75, 79), (59, 59), (60, 60), (61, 61), (62, 62), (63, 63), (64, 64), (65, 65), (66, 66), (67, 67), (68, 68), (69, 69), (70, 70), (71, 71), (74, 77), (72, 72), (73, 73)]
index list: [0, 1, 2, 3, 4, 5, 6, 7, 8, 9, 10, 11, 12, 13, 78, 14, 15, 16, 75, 17, 18, 19, 20, 21, 22, 23, 24, 25, 26, 27, 28, 29, 30, 31, 32, 49, 33, 34, 35, 36, 37, 38, 39, 40, 41, 76, 42, 43, 44, 45, 46, 47, 48, 74, 50, 51, 52, 53, 54, 55, 56, 57, 58, 79, 59, 60, 61, 62, 63, 64, 65, 66, 67, 68, 69, 70, 71, 77, 72, 73]
index list energy: 98209.82393678775
Done


iterations: 10000000 temp: 1000000.0 exponent: 0.7 eif: 300.0
time taken (sec): 844.8058812618256
number of iterations: 10000000
og index list: [(0, 26), (1, 16), (2, 48), (3, 10), (4, 19), (5, 6), (6, 34), (7, 79), (8, 31), (9, 9), (10, 36), (11, 3), (12, 8), (13, 43), (79, 46), (14, 42), (15, 18), (16, 52), (78, 11), (17, 13), (18, 53), (19, 28), (20, 56), (21, 40), (22, 32), (23, 63), (24, 51), (25, 68), (26, 39), (27, 22), (28, 20), (29, 1), (30, 41), (31, 33), (32, 21), (77, 2), (33, 35), (34, 7), (35, 59), (36, 12), (37, 66), (38, 57), (39, 74), (40, 71), (41, 0), (76, 15), (42, 50), (43, 67), (44, 38), (45, 37), (46, 76), (47, 25), (48, 70), (49, 55), (50, 4), (51, 64), (52, 61), (53, 78), (54, 72), (55, 65), (56, 69), (57, 44), (58, 75), (75, 45), (59, 30), (60, 23), (61, 73), (62, 14), (63, 29), (64, 5), (65, 27), (66, 24), (67, 60), (68, 62), (69, 54), (70, 49), (71, 47), (74, 58), (72, 77), (73, 17)]
og index list energy: 110998080.3044685
index_list: [(0, 0), (1, 1), (2, 2), (3, 3), (4, 4), (5, 5), (6, 6), (7, 7), (8, 8), (9, 9), (10, 10), (11, 11), (12, 12), (13, 13), (79, 74), (14, 14), (15, 15), (16, 16), (78, 49), (17, 17), (18, 18), (19, 19), (20, 20), (21, 21), (22, 22), (23, 23), (24, 24), (25, 25), (26, 26), (27, 27), (28, 28), (29, 29), (30, 30), (31, 31), (32, 32), (77, 76), (33, 33), (34, 34), (35, 35), (36, 36), (37, 37), (38, 38), (39, 39), (40, 40), (41, 41), (76, 79), (42, 42), (43, 43), (44, 44), (45, 45), (46, 46), (47, 47), (48, 48), (49, 77), (50, 50), (51, 51), (52, 52), (53, 53), (54, 54), (55, 55), (56, 56), (57, 57), (58, 58), (75, 78), (59, 59), (60, 60), (61, 61), (62, 62), (63, 63), (64, 64), (65, 65), (66, 66), (67, 67), (68, 68), (69, 69), (70, 70), (71, 71), (74, 75), (72, 72), (73, 73)]
index list: [0, 1, 2, 3, 4, 5, 6, 7, 8, 9, 10, 11, 12, 13, 74, 14, 15, 16, 49, 17, 18, 19, 20, 21, 22, 23, 24, 25, 26, 27, 28, 29, 30, 31, 32, 76, 33, 34, 35, 36, 37, 38, 39, 40, 41, 79, 42, 43, 44, 45, 46, 47, 48, 77, 50, 51, 52, 53, 54, 55, 56, 57, 58, 78, 59, 60, 61, 62, 63, 64, 65, 66, 67, 68, 69, 70, 71, 75, 72, 73]
index list energy: 98209.82393678775
Done


iterations: 10000000 temp: 1000000.0 exponent: 0.7 eif: 300.0
time taken (sec): 769.444301366806
number of iterations: 10000000
og index list: [(0, 53), (1, 59), (2, 78), (3, 57), (4, 33), (5, 22), (6, 12), (7, 42), (8, 48), (9, 18), (10, 34), (11, 77), (12, 47), (13, 60), (79, 10), (14, 52), (15, 23), (16, 62), (78, 15), (17, 6), (18, 72), (19, 63), (20, 1), (21, 27), (22, 29), (23, 71), (24, 56), (25, 41), (26, 79), (27, 39), (28, 5), (29, 70), (30, 74), (31, 68), (32, 28), (77, 35), (33, 55), (34, 66), (35, 67), (36, 46), (37, 9), (38, 64), (39, 76), (40, 13), (41, 49), (76, 14), (42, 51), (43, 2), (44, 32), (45, 21), (46, 17), (47, 30), (48, 7), (49, 0), (50, 75), (51, 31), (52, 25), (53, 69), (54, 36), (55, 54), (56, 24), (57, 19), (58, 37), (75, 40), (59, 65), (60, 43), (61, 38), (62, 16), (63, 8), (64, 11), (65, 44), (66, 26), (67, 61), (68, 3), (69, 58), (70, 45), (71, 73), (74, 4), (72, 50), (73, 20)]
og index list energy: 108815389.61462674
index_list: [(0, 72), (1, 1), (2, 2), (3, 3), (4, 4), (5, 5), (6, 6), (7, 7), (8, 8), (9, 9), (10, 10), (11, 11), (12, 12), (13, 13), (79, 49), (14, 14), (15, 15), (16, 16), (78, 79), (17, 17), (18, 18), (19, 19), (20, 20), (21, 21), (22, 22), (23, 23), (24, 24), (25, 25), (26, 26), (27, 27), (28, 28), (29, 29), (30, 30), (31, 31), (32, 32), (77, 74), (33, 33), (34, 34), (35, 35), (36, 36), (37, 37), (38, 38), (39, 39), (40, 40), (41, 41), (76, 76), (42, 42), (43, 43), (44, 44), (45, 45), (46, 46), (47, 47), (48, 48), (49, 64), (50, 50), (51, 51), (52, 52), (53, 53), (54, 54), (55, 55), (56, 56), (57, 57), (58, 58), (75, 75), (59, 59), (60, 60), (61, 61), (62, 62), (63, 63), (64, 0), (65, 73), (66, 77), (67, 65), (68, 66), (69, 67), (70, 78), (71, 68), (74, 69), (72, 70), (73, 71)]
index list: [72, 1, 2, 3, 4, 5, 6, 7, 8, 9, 10, 11, 12, 13, 49, 14, 15, 16, 79, 17, 18, 19, 20, 21, 22, 23, 24, 25, 26, 27, 28, 29, 30, 31, 32, 74, 33, 34, 35, 36, 37, 38, 39, 40, 41, 76, 42, 43, 44, 45, 46, 47, 48, 64, 50, 51, 52, 53, 54, 55, 56, 57, 58, 75, 59, 60, 61, 62, 63, 0, 73, 77, 65, 66, 67, 78, 68, 69, 70, 71]
index list energy: 163032.38056168496
Done


iterations: 10000000 temp: 1000000.0 exponent: 0.7 eif: 300.0
time taken (sec): 844.2417681217194
number of iterations: 10000000
og index list: [(0, 60), (1, 2), (2, 26), (3, 57), (4, 30), (5, 75), (6, 15), (7, 11), (8, 19), (9, 42), (10, 52), (11, 22), (12, 65), (13, 17), (79, 37), (14, 32), (15, 38), (16, 76), (78, 18), (17, 79), (18, 68), (19, 55), (20, 78), (21, 63), (22, 71), (23, 13), (24, 4), (25, 54), (26, 69), (27, 7), (28, 5), (29, 66), (30, 24), (31, 48), (32, 46), (77, 49), (33, 59), (34, 31), (35, 8), (36, 36), (37, 3), (38, 23), (39, 25), (40, 41), (41, 39), (76, 74), (42, 51), (43, 0), (44, 56), (45, 43), (46, 16), (47, 73), (48, 44), (49, 9), (50, 35), (51, 47), (52, 33), (53, 53), (54, 61), (55, 67), (56, 27), (57, 10), (58, 14), (75, 70), (59, 12), (60, 50), (61, 40), (62, 1), (63, 45), (64, 64), (65, 20), (66, 72), (67, 29), (68, 28), (69, 77), (70, 34), (71, 6), (74, 62), (72, 58), (73, 21)]
og index list energy: 117430488.76032187
index_list: [(0, 0), (1, 1), (2, 2), (3, 3), (4, 4), (5, 5), (6, 6), (7, 7), (8, 8), (9, 9), (10, 10), (11, 11), (12, 12), (13, 13), (79, 75), (14, 14), (15, 15), (16, 16), (78, 77), (17, 17), (18, 18), (19, 19), (20, 20), (21, 21), (22, 22), (23, 23), (24, 24), (25, 25), (26, 26), (27, 27), (28, 28), (29, 29), (30, 30), (31, 31), (32, 32), (77, 78), (33, 33), (34, 34), (35, 35), (36, 36), (37, 37), (38, 38), (39, 39), (40, 40), (41, 41), (76, 79), (42, 42), (43, 43), (44, 44), (45, 45), (46, 46), (47, 47), (48, 48), (49, 49), (50, 50), (51, 51), (52, 52), (53, 53), (54, 54), (55, 55), (56, 56), (57, 57), (58, 58), (75, 74), (59, 59), (60, 60), (61, 61), (62, 62), (63, 63), (64, 64), (65, 65), (66, 66), (67, 67), (68, 68), (69, 69), (70, 70), (71, 71), (74, 76), (72, 72), (73, 73)]
index list: [0, 1, 2, 3, 4, 5, 6, 7, 8, 9, 10, 11, 12, 13, 75, 14, 15, 16, 77, 17, 18, 19, 20, 21, 22, 23, 24, 25, 26, 27, 28, 29, 30, 31, 32, 78, 33, 34, 35, 36, 37, 38, 39, 40, 41, 79, 42, 43, 44, 45, 46, 47, 48, 49, 50, 51, 52, 53, 54, 55, 56, 57, 58, 74, 59, 60, 61, 62, 63, 64, 65, 66, 67, 68, 69, 70, 71, 76, 72, 73]
index list energy: 97911.32412903158
Done


iterations: 10000000 temp: 1000000.0 exponent: 0.7 eif: 300.0
time taken (sec): 779.955203294754
number of iterations: 10000000
og index list: [(0, 34), (1, 13), (2, 78), (3, 17), (4, 75), (5, 72), (6, 4), (7, 58), (8, 43), (9, 61), (10, 53), (11, 37), (12, 77), (13, 7), (79, 9), (14, 55), (15, 0), (16, 1), (78, 47), (17, 36), (18, 70), (19, 14), (20, 64), (21, 39), (22, 59), (23, 74), (24, 41), (25, 30), (26, 52), (27, 66), (28, 67), (29, 8), (30, 6), (31, 51), (32, 69), (77, 27), (33, 68), (34, 20), (35, 28), (36, 48), (37, 45), (38, 12), (39, 24), (40, 32), (41, 65), (76, 10), (42, 54), (43, 23), (44, 2), (45, 44), (46, 50), (47, 33), (48, 35), (49, 38), (50, 79), (51, 42), (52, 3), (53, 73), (54, 29), (55, 26), (56, 25), (57, 21), (58, 76), (75, 31), (59, 60), (60, 40), (61, 46), (62, 15), (63, 57), (64, 11), (65, 16), (66, 18), (67, 56), (68, 63), (69, 49), (70, 19), (71, 62), (74, 22), (72, 5), (73, 71)]
og index list energy: 117111440.31122129
index_list: [(0, 41), (1, 0), (2, 1), (3, 2), (4, 74), (5, 43), (6, 6), (7, 7), (8, 8), (9, 9), (10, 10), (11, 11), (12, 12), (13, 13), (79, 32), (14, 75), (15, 72), (16, 73), (78, 79), (17, 17), (18, 18), (19, 19), (20, 20), (21, 21), (22, 22), (23, 23), (24, 24), (25, 25), (26, 26), (27, 27), (28, 28), (29, 29), (30, 30), (31, 31), (32, 77), (77, 42), (33, 33), (34, 34), (35, 35), (36, 36), (37, 37), (38, 38), (39, 39), (40, 40), (41, 44), (76, 45), (42, 16), (43, 76), (44, 14), (45, 15), (46, 46), (47, 47), (48, 48), (49, 49), (50, 50), (51, 51), (52, 52), (53, 53), (54, 54), (55, 55), (56, 56), (57, 57), (58, 58), (75, 78), (59, 59), (60, 60), (61, 61), (62, 62), (63, 63), (64, 64), (65, 65), (66, 66), (67, 67), (68, 68), (69, 69), (70, 70), (71, 71), (74, 4), (72, 5), (73, 3)]
index list: [41, 0, 1, 2, 74, 43, 6, 7, 8, 9, 10, 11, 12, 13, 32, 75, 72, 73, 79, 17, 18, 19, 20, 21, 22, 23, 24, 25, 26, 27, 28, 29, 30, 31, 77, 42, 33, 34, 35, 36, 37, 38, 39, 40, 44, 45, 16, 76, 14, 15, 46, 47, 48, 49, 50, 51, 52, 53, 54, 55, 56, 57, 58, 78, 59, 60, 61, 62, 63, 64, 65, 66, 67, 68, 69, 70, 71, 4, 5, 3]
index list energy: 198989.6244689404
Done


iterations: 10000000 temp: 1000000.0 exponent: 0.7 eif: 300.0
time taken (sec): 842.2486753463745
number of iterations: 10000000
og index list: [(0, 61), (1, 11), (2, 18), (3, 12), (4, 10), (5, 8), (6, 49), (7, 24), (8, 74), (9, 78), (10, 42), (11, 20), (12, 32), (13, 29), (79, 63), (14, 3), (15, 45), (16, 9), (78, 19), (17, 51), (18, 79), (19, 15), (20, 0), (21, 21), (22, 28), (23, 14), (24, 69), (25, 70), (26, 7), (27, 30), (28, 22), (29, 64), (30, 66), (31, 5), (32, 38), (77, 13), (33, 17), (34, 40), (35, 33), (36, 58), (37, 39), (38, 62), (39, 4), (40, 48), (41, 26), (76, 56), (42, 50), (43, 71), (44, 55), (45, 59), (46, 68), (47, 60), (48, 27), (49, 35), (50, 46), (51, 1), (52, 57), (53, 31), (54, 53), (55, 23), (56, 52), (57, 67), (58, 44), (75, 25), (59, 72), (60, 16), (61, 77), (62, 76), (63, 2), (64, 73), (65, 6), (66, 47), (67, 37), (68, 36), (69, 34), (70, 54), (71, 41), (74, 65), (72, 43), (73, 75)]
og index list energy: 117104415.2972476
index_list: [(0, 0), (1, 1), (2, 2), (3, 3), (4, 4), (5, 5), (6, 6), (7, 7), (8, 8), (9, 9), (10, 10), (11, 11), (12, 12), (13, 13), (79, 76), (14, 14), (15, 15), (16, 16), (78, 79), (17, 17), (18, 18), (19, 19), (20, 20), (21, 21), (22, 22), (23, 23), (24, 24), (25, 25), (26, 26), (27, 27), (28, 28), (29, 29), (30, 30), (31, 31), (32, 32), (77, 75), (33, 33), (34, 34), (35, 35), (36, 36), (37, 37), (38, 38), (39, 39), (40, 40), (41, 41), (76, 74), (42, 42), (43, 43), (44, 44), (45, 45), (46, 46), (47, 47), (48, 48), (49, 77), (50, 50), (51, 51), (52, 52), (53, 53), (54, 54), (55, 55), (56, 56), (57, 57), (58, 58), (75, 49), (59, 59), (60, 60), (61, 61), (62, 62), (63, 63), (64, 64), (65, 65), (66, 66), (67, 67), (68, 68), (69, 69), (70, 70), (71, 71), (74, 78), (72, 72), (73, 73)]
index list: [0, 1, 2, 3, 4, 5, 6, 7, 8, 9, 10, 11, 12, 13, 76, 14, 15, 16, 79, 17, 18, 19, 20, 21, 22, 23, 24, 25, 26, 27, 28, 29, 30, 31, 32, 75, 33, 34, 35, 36, 37, 38, 39, 40, 41, 74, 42, 43, 44, 45, 46, 47, 48, 77, 50, 51, 52, 53, 54, 55, 56, 57, 58, 49, 59, 60, 61, 62, 63, 64, 65, 66, 67, 68, 69, 70, 71, 78, 72, 73]
index list energy: 98209.82393678775
Done


iterations: 10000000 temp: 1000000.0 exponent: 0.7 eif: 300.0
time taken (sec): 758.7708902359009
number of iterations: 10000000
og index list: [(0, 68), (1, 26), (2, 60), (3, 28), (4, 7), (5, 17), (6, 76), (7, 22), (8, 34), (9, 79), (10, 30), (11, 59), (12, 25), (13, 41), (79, 47), (14, 67), (15, 10), (16, 33), (78, 29), (17, 18), (18, 21), (19, 54), (20, 38), (21, 31), (22, 74), (23, 55), (24, 40), (25, 78), (26, 8), (27, 66), (28, 53), (29, 19), (30, 35), (31, 15), (32, 16), (77, 58), (33, 1), (34, 24), (35, 63), (36, 32), (37, 64), (38, 2), (39, 71), (40, 52), (41, 45), (76, 50), (42, 73), (43, 12), (44, 61), (45, 72), (46, 36), (47, 62), (48, 37), (49, 6), (50, 75), (51, 48), (52, 70), (53, 39), (54, 20), (55, 49), (56, 42), (57, 14), (58, 44), (75, 23), (59, 51), (60, 57), (61, 56), (62, 3), (63, 0), (64, 27), (65, 46), (66, 4), (67, 9), (68, 77), (69, 69), (70, 43), (71, 5), (74, 11), (72, 65), (73, 13)]
og index list energy: 98658744.17350385
index_list: [(0, 72), (1, 1), (2, 2), (3, 3), (4, 4), (5, 5), (6, 6), (7, 7), (8, 8), (9, 9), (10, 10), (11, 11), (12, 12), (13, 13), (79, 76), (14, 14), (15, 15), (16, 16), (78, 49), (17, 17), (18, 18), (19, 19), (20, 20), (21, 21), (22, 22), (23, 23), (24, 24), (25, 25), (26, 26), (27, 27), (28, 28), (29, 29), (30, 30), (31, 31), (32, 74), (77, 42), (33, 33), (34, 34), (35, 35), (36, 36), (37, 37), (38, 38), (39, 39), (40, 40), (41, 41), (76, 65), (42, 75), (43, 43), (44, 44), (45, 45), (46, 46), (47, 47), (48, 48), (49, 64), (50, 50), (51, 51), (52, 52), (53, 53), (54, 54), (55, 55), (56, 56), (57, 57), (58, 58), (75, 77), (59, 59), (60, 60), (61, 61), (62, 62), (63, 63), (64, 78), (65, 73), (66, 66), (67, 67), (68, 68), (69, 69), (70, 70), (71, 71), (74, 0), (72, 79), (73, 32)]
index list: [72, 1, 2, 3, 4, 5, 6, 7, 8, 9, 10, 11, 12, 13, 76, 14, 15, 16, 49, 17, 18, 19, 20, 21, 22, 23, 24, 25, 26, 27, 28, 29, 30, 31, 74, 42, 33, 34, 35, 36, 37, 38, 39, 40, 41, 65, 75, 43, 44, 45, 46, 47, 48, 64, 50, 51, 52, 53, 54, 55, 56, 57, 58, 77, 59, 60, 61, 62, 63, 78, 73, 66, 67, 68, 69, 70, 71, 0, 79, 32]
index list energy: 168527.72462536427
Done


iterations: 10000000 temp: 1000000.0 exponent: 0.7 eif: 300.0
time taken (sec): 748.7759222984314
number of iterations: 10000000
og index list: [(0, 10), (1, 12), (2, 37), (3, 16), (4, 28), (5, 64), (6, 1), (7, 58), (8, 57), (9, 11), (10, 21), (11, 79), (12, 29), (13, 30), (79, 4), (14, 23), (15, 69), (16, 53), (78, 34), (17, 36), (18, 65), (19, 51), (20, 3), (21, 8), (22, 5), (23, 35), (24, 15), (25, 32), (26, 14), (27, 45), (28, 67), (29, 48), (30, 49), (31, 25), (32, 0), (77, 54), (33, 71), (34, 72), (35, 42), (36, 6), (37, 18), (38, 55), (39, 39), (40, 50), (41, 33), (76, 43), (42, 44), (43, 47), (44, 60), (45, 2), (46, 62), (47, 68), (48, 19), (49, 13), (50, 56), (51, 63), (52, 17), (53, 78), (54, 61), (55, 74), (56, 9), (57, 31), (58, 66), (75, 7), (59, 20), (60, 76), (61, 73), (62, 52), (63, 59), (64, 38), (65, 40), (66, 75), (67, 77), (68, 46), (69, 70), (70, 24), (71, 27), (74, 26), (72, 22), (73, 41)]
og index list energy: 111833449.93586211
index_list: [(0, 14), (1, 15), (2, 78), (3, 3), (4, 4), (5, 5), (6, 6), (7, 7), (8, 8), (9, 79), (10, 17), (11, 50), (12, 51), (13, 10), (79, 11), (14, 12), (15, 13), (16, 16), (78, 0), (17, 1), (18, 18), (19, 19), (20, 20), (21, 21), (22, 22), (23, 23), (24, 24), (25, 25), (26, 26), (27, 27), (28, 28), (29, 29), (30, 30), (31, 31), (32, 32), (77, 74), (33, 33), (34, 34), (35, 35), (36, 36), (37, 37), (38, 38), (39, 39), (40, 40), (41, 41), (76, 71), (42, 75), (43, 43), (44, 44), (45, 45), (46, 46), (47, 47), (48, 48), (49, 76), (50, 2), (51, 9), (52, 52), (53, 53), (54, 54), (55, 55), (56, 56), (57, 57), (58, 58), (75, 49), (59, 59), (60, 60), (61, 61), (62, 62), (63, 63), (64, 64), (65, 65), (66, 66), (67, 67), (68, 68), (69, 69), (70, 72), (71, 73), (74, 77), (72, 42), (73, 70)]
index list: [14, 15, 78, 3, 4, 5, 6, 7, 8, 79, 17, 50, 51, 10, 11, 12, 13, 16, 0, 1, 18, 19, 20, 21, 22, 23, 24, 25, 26, 27, 28, 29, 30, 31, 32, 74, 33, 34, 35, 36, 37, 38, 39, 40, 41, 71, 75, 43, 44, 45, 46, 47, 48, 76, 2, 9, 52, 53, 54, 55, 56, 57, 58, 49, 59, 60, 61, 62, 63, 64, 65, 66, 67, 68, 69, 72, 73, 77, 42, 70]
index list energy: 224432.8531391955
Done


iterations: 10000000 temp: 1000000.0 exponent: 0.7 eif: 300.0
time taken (sec): 845.9371395111084
number of iterations: 10000000
og index list: [(0, 35), (1, 45), (2, 24), (3, 7), (4, 16), (5, 77), (6, 30), (7, 6), (8, 1), (9, 11), (10, 47), (11, 59), (12, 27), (13, 37), (79, 72), (14, 12), (15, 68), (16, 4), (78, 32), (17, 42), (18, 20), (19, 14), (20, 48), (21, 46), (22, 2), (23, 10), (24, 9), (25, 55), (26, 34), (27, 74), (28, 50), (29, 60), (30, 57), (31, 69), (32, 8), (77, 73), (33, 19), (34, 63), (35, 31), (36, 66), (37, 23), (38, 56), (39, 21), (40, 71), (41, 25), (76, 15), (42, 58), (43, 28), (44, 29), (45, 5), (46, 54), (47, 41), (48, 33), (49, 18), (50, 39), (51, 78), (52, 65), (53, 43), (54, 70), (55, 53), (56, 38), (57, 79), (58, 26), (75, 3), (59, 40), (60, 36), (61, 75), (62, 17), (63, 0), (64, 61), (65, 64), (66, 51), (67, 62), (68, 49), (69, 44), (70, 22), (71, 67), (74, 13), (72, 52), (73, 76)]
og index list energy: 105355859.04385498
index_list: [(0, 0), (1, 1), (2, 2), (3, 3), (4, 4), (5, 5), (6, 6), (7, 7), (8, 8), (9, 9), (10, 10), (11, 11), (12, 12), (13, 13), (79, 74), (14, 14), (15, 15), (16, 16), (78, 77), (17, 17), (18, 18), (19, 19), (20, 20), (21, 21), (22, 22), (23, 23), (24, 24), (25, 25), (26, 26), (27, 27), (28, 28), (29, 29), (30, 30), (31, 31), (32, 32), (77, 75), (33, 33), (34, 34), (35, 35), (36, 36), (37, 37), (38, 38), (39, 39), (40, 40), (41, 41), (76, 78), (42, 42), (43, 43), (44, 44), (45, 45), (46, 46), (47, 47), (48, 48), (49, 79), (50, 50), (51, 51), (52, 52), (53, 53), (54, 54), (55, 55), (56, 56), (57, 57), (58, 58), (75, 49), (59, 59), (60, 60), (61, 61), (62, 62), (63, 63), (64, 64), (65, 65), (66, 66), (67, 67), (68, 68), (69, 69), (70, 70), (71, 71), (74, 76), (72, 72), (73, 73)]
index list: [0, 1, 2, 3, 4, 5, 6, 7, 8, 9, 10, 11, 12, 13, 74, 14, 15, 16, 77, 17, 18, 19, 20, 21, 22, 23, 24, 25, 26, 27, 28, 29, 30, 31, 32, 75, 33, 34, 35, 36, 37, 38, 39, 40, 41, 78, 42, 43, 44, 45, 46, 47, 48, 79, 50, 51, 52, 53, 54, 55, 56, 57, 58, 49, 59, 60, 61, 62, 63, 64, 65, 66, 67, 68, 69, 70, 71, 76, 72, 73]
index list energy: 98209.82393678775
Done


iterations: 10000000 temp: 1000000.0 exponent: 0.7 eif: 300.0
time taken (sec): 794.8965682983398
number of iterations: 10000000
og index list: [(0, 3), (1, 33), (2, 45), (3, 21), (4, 48), (5, 63), (6, 64), (7, 2), (8, 66), (9, 8), (10, 12), (11, 59), (12, 1), (13, 78), (79, 74), (14, 47), (15, 16), (16, 36), (78, 24), (17, 29), (18, 19), (19, 32), (20, 72), (21, 79), (22, 49), (23, 15), (24, 11), (25, 4), (26, 25), (27, 57), (28, 13), (29, 71), (30, 55), (31, 44), (32, 53), (77, 43), (33, 10), (34, 77), (35, 6), (36, 35), (37, 22), (38, 50), (39, 9), (40, 62), (41, 34), (76, 37), (42, 52), (43, 51), (44, 56), (45, 20), (46, 31), (47, 67), (48, 61), (49, 38), (50, 17), (51, 23), (52, 42), (53, 26), (54, 14), (55, 40), (56, 70), (57, 54), (58, 39), (75, 69), (59, 58), (60, 60), (61, 27), (62, 7), (63, 73), (64, 65), (65, 68), (66, 18), (67, 5), (68, 28), (69, 75), (70, 41), (71, 30), (74, 76), (72, 0), (73, 46)]
og index list energy: 130062506.88776426
index_list: [(0, 43), (1, 1), (2, 2), (3, 3), (4, 4), (5, 5), (6, 6), (7, 7), (8, 8), (9, 9), (10, 10), (11, 11), (12, 12), (13, 13), (79, 32), (14, 75), (15, 72), (16, 73), (78, 79), (17, 17), (18, 18), (19, 19), (20, 20), (21, 21), (22, 22), (23, 23), (24, 24), (25, 25), (26, 26), (27, 27), (28, 28), (29, 29), (30, 30), (31, 31), (32, 78), (77, 42), (33, 33), (34, 34), (35, 35), (36, 36), (37, 37), (38, 38), (39, 39), (40, 40), (41, 41), (76, 77), (42, 14), (43, 15), (44, 44), (45, 45), (46, 46), (47, 47), (48, 48), (49, 74), (50, 50), (51, 51), (52, 52), (53, 53), (54, 54), (55, 55), (56, 56), (57, 57), (58, 58), (75, 49), (59, 59), (60, 60), (61, 61), (62, 62), (63, 63), (64, 64), (65, 65), (66, 66), (67, 67), (68, 68), (69, 69), (70, 70), (71, 71), (74, 76), (72, 16), (73, 0)]
index list: [43, 1, 2, 3, 4, 5, 6, 7, 8, 9, 10, 11, 12, 13, 32, 75, 72, 73, 79, 17, 18, 19, 20, 21, 22, 23, 24, 25, 26, 27, 28, 29, 30, 31, 78, 42, 33, 34, 35, 36, 37, 38, 39, 40, 41, 77, 14, 15, 44, 45, 46, 47, 48, 74, 50, 51, 52, 53, 54, 55, 56, 57, 58, 49, 59, 60, 61, 62, 63, 64, 65, 66, 67, 68, 69, 70, 71, 76, 16, 0]
index list energy: 149681.3324258307
Done


iterations: 10000000 temp: 1000000.0 exponent: 0.7 eif: 300.0
time taken (sec): 820.3411922454834
number of iterations: 10000000
og index list: [(0, 12), (1, 17), (2, 13), (3, 20), (4, 52), (5, 5), (6, 31), (7, 65), (8, 61), (9, 7), (10, 58), (11, 21), (12, 43), (13, 42), (79, 6), (14, 51), (15, 60), (16, 32), (78, 47), (17, 45), (18, 34), (19, 67), (20, 62), (21, 24), (22, 49), (23, 10), (24, 3), (25, 16), (26, 50), (27, 37), (28, 39), (29, 29), (30, 1), (31, 74), (32, 19), (77, 2), (33, 55), (34, 41), (35, 36), (36, 11), (37, 8), (38, 33), (39, 72), (40, 46), (41, 15), (76, 18), (42, 9), (43, 26), (44, 70), (45, 66), (46, 75), (47, 57), (48, 63), (49, 23), (50, 4), (51, 28), (52, 73), (53, 71), (54, 78), (55, 54), (56, 14), (57, 25), (58, 77), (75, 44), (59, 30), (60, 79), (61, 68), (62, 22), (63, 56), (64, 35), (65, 0), (66, 27), (67, 64), (68, 40), (69, 53), (70, 38), (71, 76), (74, 59), (72, 48), (73, 69)]
og index list energy: 121896706.78676851
index_list: [(0, 0), (1, 1), (2, 2), (3, 3), (4, 4), (5, 5), (6, 6), (7, 7), (8, 8), (9, 9), (10, 10), (11, 11), (12, 12), (13, 13), (79, 49), (14, 14), (15, 15), (16, 16), (78, 79), (17, 17), (18, 18), (19, 19), (20, 20), (21, 21), (22, 22), (23, 23), (24, 24), (25, 25), (26, 26), (27, 27), (28, 28), (29, 29), (30, 30), (31, 31), (32, 32), (77, 74), (33, 33), (34, 34), (35, 35), (36, 36), (37, 37), (38, 38), (39, 39), (40, 40), (41, 41), (76, 71), (42, 77), (43, 43), (44, 44), (45, 45), (46, 46), (47, 47), (48, 48), (49, 78), (50, 50), (51, 51), (52, 52), (53, 53), (54, 54), (55, 55), (56, 56), (57, 57), (58, 58), (75, 76), (59, 59), (60, 60), (61, 61), (62, 62), (63, 63), (64, 64), (65, 65), (66, 66), (67, 67), (68, 68), (69, 69), (70, 72), (71, 73), (74, 75), (72, 42), (73, 70)]
index list: [0, 1, 2, 3, 4, 5, 6, 7, 8, 9, 10, 11, 12, 13, 49, 14, 15, 16, 79, 17, 18, 19, 20, 21, 22, 23, 24, 25, 26, 27, 28, 29, 30, 31, 32, 74, 33, 34, 35, 36, 37, 38, 39, 40, 41, 71, 77, 43, 44, 45, 46, 47, 48, 78, 50, 51, 52, 53, 54, 55, 56, 57, 58, 76, 59, 60, 61, 62, 63, 64, 65, 66, 67, 68, 69, 72, 73, 75, 42, 70]
index list energy: 117778.2679746308
Done


iterations: 10000000 temp: 1000000.0 exponent: 0.7 eif: 300.0
time taken (sec): 700.3776874542236
number of iterations: 8592617
og index list: [(0, 13), (1, 36), (2, 38), (3, 9), (4, 77), (5, 5), (6, 26), (7, 37), (8, 12), (9, 21), (10, 45), (11, 16), (12, 34), (13, 58), (79, 46), (14, 70), (15, 54), (16, 14), (78, 23), (17, 39), (18, 74), (19, 53), (20, 63), (21, 55), (22, 25), (23, 44), (24, 40), (25, 56), (26, 61), (27, 42), (28, 18), (29, 8), (30, 64), (31, 65), (32, 2), (77, 33), (33, 28), (34, 32), (35, 4), (36, 35), (37, 76), (38, 1), (39, 49), (40, 10), (41, 48), (76, 66), (42, 15), (43, 17), (44, 0), (45, 29), (46, 69), (47, 50), (48, 79), (49, 11), (50, 43), (51, 51), (52, 75), (53, 59), (54, 62), (55, 57), (56, 72), (57, 6), (58, 78), (75, 68), (59, 60), (60, 47), (61, 71), (62, 20), (63, 73), (64, 19), (65, 22), (66, 31), (67, 3), (68, 52), (69, 7), (70, 67), (71, 41), (74, 30), (72, 24), (73, 27)]
og index list energy: 113144527.70893362
index_list: [(0, 0), (1, 1), (2, 2), (3, 3), (4, 4), (5, 5), (6, 6), (7, 7), (8, 8), (9, 9), (10, 10), (11, 11), (12, 12), (13, 13), (79, 79), (14, 14), (15, 15), (16, 16), (78, 74), (17, 17), (18, 18), (19, 19), (20, 20), (21, 21), (22, 22), (23, 23), (24, 24), (25, 25), (26, 26), (27, 27), (28, 28), (29, 29), (30, 30), (31, 31), (32, 32), (77, 75), (33, 33), (34, 34), (35, 35), (36, 36), (37, 37), (38, 38), (39, 39), (40, 40), (41, 41), (76, 77), (42, 42), (43, 43), (44, 44), (45, 45), (46, 46), (47, 47), (48, 48), (49, 78), (50, 50), (51, 51), (52, 52), (53, 53), (54, 54), (55, 55), (56, 56), (57, 57), (58, 58), (75, 49), (59, 59), (60, 60), (61, 61), (62, 62), (63, 63), (64, 64), (65, 65), (66, 66), (67, 67), (68, 68), (69, 69), (70, 70), (71, 71), (74, 76), (72, 72), (73, 73)]
index list: [0, 1, 2, 3, 4, 5, 6, 7, 8, 9, 10, 11, 12, 13, 79, 14, 15, 16, 74, 17, 18, 19, 20, 21, 22, 23, 24, 25, 26, 27, 28, 29, 30, 31, 32, 75, 33, 34, 35, 36, 37, 38, 39, 40, 41, 77, 42, 43, 44, 45, 46, 47, 48, 78, 50, 51, 52, 53, 54, 55, 56, 57, 58, 49, 59, 60, 61, 62, 63, 64, 65, 66, 67, 68, 69, 70, 71, 76, 72, 73]
index list energy: 98209.82393678775
Done


