## SLURM PROLOG ###############################################################
##    Job ID : 3834579
##  Job Name : tpe_MMAl
##  Nodelist : node1115
##      CPUs : 1
##  Mem/Node : 1024 MB
## Directory : /gpfs/data/nfawzi/skale/Fawzi_pycharm_project
##   Started : Wed Apr 24 17:44:51 EDT 2019
###############################################################################
program started at:2019-04-24 17:44:51.544014
iterations: 1000000 temp: 1000.0 exponent: 0.7 eif: 300.0
time taken (sec): 51.442952156066895
number of iterations: 1000000
og index list: [27, 18, 31, 61, 54, 63, 65, 52, 0, 13, 35, 67, 64, 14, 22, 48, 79, 51, 57, 40, 34, 29, 20, 56, 5, 68, 66, 70, 44, 76, 6, 24, 73, 50, 23, 55, 59, 28, 72, 4, 11, 69, 71, 78, 58, 17, 38, 60, 25, 42, 49, 7, 33, 74, 9, 47, 45, 1, 3, 39, 26, 16, 41, 2, 75, 37, 10, 77, 53, 12, 62, 30, 36, 46, 19, 8, 43, 32, 21, 15]
og index list energy: 98956837.29096301
index list: [42, 43, 53, 45, 41, 78, 59, 26, 2, 6, 14, 56, 57, 73, 4, 15, 11, 12, 49, 27, 28, 29, 30, 31, 32, 74, 38, 1, 50, 75, 72, 7, 8, 51, 39, 68, 70, 13, 46, 47, 48, 62, 9, 10, 63, 22, 23, 67, 5, 58, 79, 21, 64, 65, 66, 33, 34, 61, 76, 35, 19, 20, 71, 0, 3, 60, 77, 44, 54, 37, 52, 69, 17, 18, 16, 40, 36, 55, 24, 25]
index list energy: 3063398.8461780027
Done


iterations: 1000000 temp: 1000.0 exponent: 0.7 eif: 300.0
time taken (sec): 48.59235453605652
number of iterations: 1000000
og index list: [36, 44, 23, 62, 3, 34, 10, 6, 76, 16, 75, 41, 64, 49, 66, 47, 7, 38, 27, 28, 2, 29, 12, 65, 30, 25, 72, 18, 40, 33, 24, 42, 35, 79, 46, 70, 48, 9, 13, 4, 56, 1, 45, 31, 74, 58, 21, 68, 39, 60, 19, 73, 17, 5, 8, 55, 50, 14, 52, 26, 0, 54, 43, 51, 32, 71, 67, 77, 61, 37, 69, 53, 59, 57, 22, 20, 11, 15, 78, 63]
og index list energy: 125290818.91065328
index list: [11, 12, 13, 46, 19, 60, 78, 23, 17, 18, 44, 54, 76, 42, 72, 7, 8, 32, 65, 25, 15, 3, 75, 33, 62, 51, 57, 47, 73, 74, 43, 69, 59, 20, 21, 34, 35, 16, 40, 41, 71, 4, 56, 10, 63, 55, 24, 77, 45, 6, 14, 53, 49, 31, 48, 22, 79, 5, 58, 0, 1, 2, 9, 52, 67, 68, 70, 50, 36, 64, 26, 27, 28, 29, 30, 61, 37, 38, 39, 66]
index list energy: 2671336.92149751
Done


iterations: 1000000 temp: 1000.0 exponent: 0.7 eif: 300.0
time taken (sec): 52.64375114440918
number of iterations: 1000000
og index list: [50, 22, 34, 10, 3, 60, 5, 41, 2, 67, 78, 74, 6, 47, 17, 56, 43, 35, 32, 52, 16, 37, 62, 40, 59, 46, 31, 25, 55, 54, 61, 14, 26, 7, 77, 24, 20, 72, 33, 45, 30, 11, 79, 57, 71, 15, 29, 23, 42, 36, 28, 0, 68, 76, 69, 73, 53, 8, 75, 58, 18, 39, 70, 27, 51, 9, 4, 12, 44, 48, 38, 13, 64, 19, 21, 66, 63, 65, 49, 1]
og index list energy: 108581684.47456406
index list: [60, 61, 62, 51, 7, 8, 69, 17, 18, 41, 65, 13, 6, 24, 57, 39, 0, 73, 4, 75, 9, 38, 78, 33, 22, 23, 79, 59, 26, 27, 28, 29, 30, 31, 45, 19, 20, 12, 10, 11, 49, 53, 32, 21, 76, 43, 3, 77, 70, 71, 40, 44, 54, 37, 52, 14, 5, 47, 58, 50, 63, 64, 74, 42, 72, 48, 34, 35, 36, 55, 56, 66, 67, 15, 46, 1, 2, 16, 25, 68]
index list energy: 1898953.424266613
Done


iterations: 1000000 temp: 1000.0 exponent: 0.7 eif: 300.0
time taken (sec): 44.24460244178772
number of iterations: 1000000
og index list: [35, 0, 79, 62, 66, 60, 74, 58, 53, 17, 27, 73, 42, 70, 37, 72, 3, 4, 28, 45, 63, 29, 10, 25, 14, 16, 12, 13, 69, 59, 48, 2, 11, 67, 9, 1, 55, 7, 40, 76, 39, 43, 44, 57, 61, 36, 31, 34, 30, 68, 20, 51, 26, 23, 18, 5, 41, 22, 15, 6, 64, 47, 21, 78, 65, 49, 56, 33, 19, 52, 75, 8, 77, 54, 32, 71, 38, 46, 50, 24]
og index list energy: 93211211.50689884
index list: [22, 23, 56, 52, 14, 76, 29, 78, 72, 1, 27, 28, 42, 33, 49, 43, 46, 51, 10, 17, 18, 19, 20, 21, 37, 38, 73, 4, 7, 75, 8, 69, 70, 79, 30, 31, 74, 71, 5, 41, 65, 57, 48, 34, 61, 62, 11, 77, 47, 58, 0, 44, 54, 55, 53, 45, 3, 60, 35, 6, 24, 25, 68, 59, 26, 2, 36, 50, 63, 64, 39, 40, 32, 12, 13, 16, 66, 67, 15, 9]
index list energy: 2561699.8709671386
Done


iterations: 1000000 temp: 1000.0 exponent: 0.7 eif: 300.0
time taken (sec): 50.68945646286011
number of iterations: 1000000
og index list: [52, 77, 63, 16, 27, 15, 60, 58, 45, 62, 55, 70, 34, 69, 36, 41, 29, 46, 13, 72, 67, 64, 7, 17, 59, 4, 78, 31, 12, 8, 48, 71, 79, 21, 11, 44, 25, 42, 26, 32, 5, 0, 40, 51, 49, 43, 38, 28, 39, 50, 57, 47, 74, 6, 35, 22, 53, 2, 73, 10, 30, 61, 56, 24, 54, 65, 68, 1, 23, 76, 18, 20, 37, 75, 19, 66, 14, 3, 33, 9]
og index list energy: 115232965.6963446
index list: [70, 49, 14, 56, 26, 27, 28, 29, 30, 78, 42, 43, 16, 1, 2, 9, 10, 51, 47, 39, 40, 6, 24, 21, 22, 23, 59, 68, 67, 74, 8, 7, 77, 17, 18, 19, 60, 31, 3, 75, 71, 66, 72, 41, 65, 13, 44, 45, 46, 48, 34, 35, 36, 64, 25, 20, 57, 58, 79, 32, 50, 69, 33, 55, 5, 76, 61, 62, 63, 37, 38, 73, 4, 15, 11, 12, 52, 53, 54, 0]
index list energy: 2026098.2452366087
Done


iterations: 1000000 temp: 1000.0 exponent: 0.7 eif: 300.0
time taken (sec): 49.436328411102295
number of iterations: 1000000
og index list: [72, 61, 24, 27, 12, 53, 33, 8, 26, 32, 74, 10, 30, 0, 14, 16, 76, 3, 47, 44, 23, 71, 79, 77, 31, 62, 70, 43, 75, 42, 21, 48, 55, 63, 65, 6, 45, 25, 19, 18, 69, 38, 57, 66, 4, 11, 73, 1, 5, 49, 29, 37, 13, 7, 52, 22, 9, 36, 41, 56, 59, 34, 54, 78, 68, 15, 51, 28, 58, 39, 64, 35, 2, 46, 60, 67, 17, 20, 40, 50]
og index list energy: 111536130.10946509
index list: [61, 78, 67, 49, 42, 33, 22, 75, 30, 74, 39, 4, 5, 47, 1, 27, 28, 17, 18, 19, 60, 31, 16, 48, 37, 38, 6, 24, 25, 79, 23, 7, 8, 73, 66, 72, 41, 71, 26, 2, 36, 34, 35, 9, 10, 69, 14, 15, 11, 12, 13, 46, 58, 77, 43, 51, 52, 53, 54, 55, 56, 57, 50, 59, 68, 70, 21, 62, 63, 64, 76, 29, 0, 44, 45, 32, 65, 40, 3, 20]
index list energy: 2272779.3308497467
Done


iterations: 1000000 temp: 1000.0 exponent: 0.7 eif: 300.0
time taken (sec): 52.42757058143616
number of iterations: 1000000
og index list: [69, 29, 25, 15, 10, 0, 23, 12, 31, 61, 56, 71, 74, 4, 73, 58, 18, 66, 65, 38, 60, 57, 19, 27, 63, 48, 36, 3, 33, 11, 64, 8, 53, 28, 75, 52, 30, 72, 50, 40, 35, 78, 24, 46, 6, 43, 67, 21, 32, 44, 55, 22, 49, 76, 42, 26, 45, 34, 47, 9, 5, 51, 37, 2, 54, 13, 7, 1, 41, 77, 62, 79, 39, 16, 70, 59, 17, 14, 20, 68]
og index list energy: 121980635.96595742
index list: [54, 55, 56, 66, 42, 70, 78, 17, 18, 6, 7, 8, 16, 12, 13, 3, 40, 19, 26, 27, 28, 29, 50, 63, 22, 23, 14, 75, 24, 76, 72, 1, 2, 44, 45, 46, 48, 34, 77, 33, 37, 38, 39, 4, 5, 0, 73, 52, 53, 51, 57, 47, 58, 49, 43, 36, 79, 30, 61, 62, 59, 15, 9, 10, 11, 20, 21, 64, 74, 35, 41, 71, 25, 68, 69, 67, 60, 31, 32, 65]
index list energy: 1212118.462352923
Done


iterations: 1000000 temp: 1000.0 exponent: 0.7 eif: 300.0
time taken (sec): 42.79940867424011
number of iterations: 1000000
og index list: [33, 52, 55, 75, 32, 25, 60, 31, 62, 63, 0, 77, 64, 19, 61, 11, 24, 49, 50, 58, 4, 2, 56, 35, 54, 28, 46, 66, 51, 22, 16, 74, 53, 27, 8, 65, 40, 38, 39, 29, 7, 43, 18, 10, 5, 47, 26, 45, 68, 1, 48, 36, 57, 37, 42, 20, 79, 23, 6, 44, 12, 70, 78, 15, 71, 69, 67, 30, 17, 59, 14, 73, 72, 41, 21, 76, 34, 3, 9, 13]
og index list energy: 116724739.55308798
index list: [2, 51, 1, 0, 73, 74, 29, 23, 70, 57, 41, 65, 52, 69, 59, 20, 12, 13, 46, 3, 25, 5, 47, 48, 22, 8, 53, 54, 37, 78, 30, 75, 7, 76, 18, 19, 49, 71, 60, 31, 32, 66, 43, 6, 14, 26, 27, 28, 72, 17, 79, 42, 33, 34, 35, 36, 64, 50, 63, 55, 15, 67, 68, 24, 40, 16, 58, 77, 61, 62, 44, 45, 9, 38, 39, 4, 56, 10, 11, 21]
index list energy: 2878254.696980783
Done


iterations: 1000000 temp: 1000.0 exponent: 0.7 eif: 300.0
time taken (sec): 40.8562285900116
number of iterations: 1000000
og index list: [69, 27, 25, 15, 66, 17, 52, 78, 5, 35, 14, 2, 10, 61, 73, 64, 8, 40, 33, 47, 65, 56, 49, 57, 11, 58, 76, 59, 72, 12, 37, 63, 50, 79, 41, 16, 53, 51, 23, 0, 44, 32, 39, 13, 31, 45, 75, 4, 22, 24, 6, 3, 7, 74, 9, 19, 67, 34, 46, 71, 68, 29, 70, 28, 62, 30, 26, 48, 1, 21, 43, 55, 38, 54, 18, 36, 77, 20, 60, 42]
og index list energy: 86325610.1086114
index list: [23, 7, 8, 9, 10, 63, 64, 39, 15, 46, 73, 57, 19, 60, 31, 3, 68, 24, 13, 32, 21, 37, 38, 47, 74, 2, 6, 14, 4, 26, 75, 27, 77, 18, 44, 45, 36, 62, 51, 70, 71, 66, 59, 40, 41, 65, 52, 53, 54, 22, 28, 43, 58, 50, 69, 17, 78, 72, 48, 34, 35, 11, 12, 49, 29, 30, 61, 79, 33, 55, 56, 25, 5, 16, 76, 42, 67, 20, 0, 1]
index list energy: 2476660.485593654
Done


iterations: 1000000 temp: 1000.0 exponent: 0.7 eif: 300.0
time taken (sec): 51.87048959732056
number of iterations: 1000000
og index list: [31, 71, 75, 51, 74, 3, 53, 62, 52, 13, 55, 39, 42, 17, 47, 10, 48, 76, 49, 14, 36, 45, 7, 38, 41, 63, 35, 15, 8, 61, 2, 73, 6, 32, 18, 9, 54, 23, 20, 33, 50, 25, 40, 72, 56, 16, 12, 34, 64, 24, 21, 68, 57, 60, 65, 66, 67, 4, 27, 29, 30, 37, 28, 46, 79, 59, 44, 5, 1, 19, 70, 22, 0, 58, 43, 11, 78, 69, 26, 77]
og index list energy: 74761089.66700584
index list: [6, 24, 12, 57, 47, 39, 66, 17, 18, 41, 65, 76, 56, 13, 16, 20, 21, 55, 0, 50, 63, 34, 35, 36, 22, 79, 30, 78, 29, 23, 14, 7, 8, 9, 10, 72, 58, 75, 69, 33, 62, 11, 40, 32, 25, 26, 2, 51, 52, 53, 54, 64, 48, 37, 38, 1, 27, 28, 77, 31, 19, 15, 67, 68, 59, 60, 61, 49, 70, 71, 74, 42, 43, 44, 45, 46, 73, 4, 5, 3]
index list energy: 1875464.7672488543
Done


iterations: 1000000 temp: 1000.0 exponent: 0.7 eif: 300.0
time taken (sec): 45.364946126937866
number of iterations: 1000000
og index list: [27, 63, 69, 23, 39, 36, 15, 72, 32, 52, 49, 50, 10, 22, 16, 25, 56, 28, 78, 40, 73, 51, 65, 20, 5, 0, 60, 3, 21, 29, 19, 44, 47, 2, 30, 31, 8, 41, 18, 43, 67, 26, 57, 64, 61, 70, 7, 9, 14, 37, 45, 48, 68, 42, 46, 79, 66, 33, 13, 59, 76, 4, 55, 71, 34, 53, 77, 6, 12, 54, 74, 1, 24, 62, 11, 58, 35, 17, 75, 38]
og index list energy: 102964197.5322292
index list: [30, 35, 46, 73, 4, 79, 72, 1, 2, 6, 7, 8, 9, 10, 59, 20, 25, 15, 11, 49, 18, 47, 16, 21, 22, 0, 44, 32, 12, 52, 24, 66, 17, 78, 56, 13, 41, 75, 42, 33, 55, 53, 54, 34, 61, 50, 67, 68, 69, 70, 71, 40, 58, 77, 45, 19, 60, 31, 36, 37, 76, 28, 29, 23, 14, 5, 48, 62, 63, 64, 65, 57, 51, 38, 39, 74, 43, 3, 26, 27]
index list energy: 2521672.3213222697
Done


iterations: 1000000 temp: 1000.0 exponent: 0.7 eif: 300.0
time taken (sec): 55.329147815704346
number of iterations: 1000000
og index list: [10, 41, 55, 38, 34, 75, 39, 43, 22, 76, 8, 37, 31, 40, 62, 24, 74, 56, 16, 18, 28, 3, 2, 0, 23, 42, 48, 58, 27, 14, 60, 11, 5, 65, 9, 45, 17, 72, 70, 19, 57, 26, 71, 25, 51, 61, 44, 69, 36, 47, 50, 21, 77, 53, 20, 4, 66, 7, 13, 54, 46, 32, 68, 78, 30, 1, 35, 15, 59, 49, 64, 52, 73, 33, 63, 67, 29, 6, 12, 79]
og index list energy: 119043449.3672406
index list: [28, 29, 30, 31, 32, 79, 14, 26, 76, 27, 78, 42, 43, 6, 0, 73, 40, 41, 49, 17, 18, 19, 20, 21, 37, 38, 47, 48, 22, 75, 23, 7, 8, 9, 10, 11, 12, 71, 60, 61, 62, 59, 74, 53, 54, 55, 24, 57, 1, 2, 3, 15, 36, 77, 67, 68, 69, 33, 34, 35, 51, 52, 70, 13, 16, 5, 58, 50, 63, 64, 65, 66, 72, 44, 45, 46, 39, 4, 56, 25]
index list energy: 1620221.872068575
Done


iterations: 1000000 temp: 1000.0 exponent: 0.7 eif: 300.0
time taken (sec): 49.26145577430725
number of iterations: 1000000
og index list: [24, 70, 33, 27, 65, 58, 59, 55, 79, 42, 9, 43, 19, 66, 73, 71, 77, 28, 51, 62, 7, 15, 46, 17, 47, 72, 14, 25, 22, 13, 36, 78, 39, 40, 29, 54, 16, 21, 64, 41, 18, 44, 26, 60, 76, 31, 49, 1, 2, 34, 50, 53, 56, 5, 52, 0, 63, 3, 12, 69, 38, 61, 35, 6, 8, 4, 20, 48, 32, 74, 23, 67, 11, 45, 68, 75, 30, 10, 57, 37]
og index list energy: 90040989.14561565
index list: [1, 2, 41, 65, 66, 70, 71, 4, 74, 59, 68, 67, 76, 23, 14, 5, 9, 10, 49, 29, 28, 75, 42, 33, 22, 8, 11, 79, 24, 25, 26, 27, 30, 31, 3, 15, 36, 55, 56, 57, 32, 12, 13, 46, 39, 40, 16, 20, 21, 34, 35, 44, 45, 78, 53, 54, 64, 47, 58, 0, 6, 7, 77, 72, 73, 50, 51, 38, 48, 37, 52, 17, 18, 19, 60, 61, 62, 69, 43, 63]
index list energy: 2469050.637171565
Done


iterations: 1000000 temp: 1000.0 exponent: 0.7 eif: 300.0
time taken (sec): 48.08265662193298
number of iterations: 1000000
og index list: [76, 16, 3, 21, 22, 52, 17, 29, 23, 41, 14, 18, 68, 73, 59, 48, 46, 54, 42, 50, 79, 53, 74, 71, 27, 57, 26, 35, 24, 10, 36, 78, 30, 77, 19, 61, 34, 38, 44, 28, 66, 69, 13, 6, 43, 8, 32, 49, 67, 56, 62, 72, 63, 11, 45, 25, 15, 31, 58, 47, 60, 55, 1, 75, 39, 12, 33, 51, 40, 4, 20, 65, 70, 7, 37, 9, 0, 64, 2, 5]
og index list energy: 84057699.08505686
index list: [31, 32, 50, 63, 22, 23, 75, 29, 0, 73, 40, 41, 65, 26, 27, 28, 42, 43, 44, 45, 16, 12, 13, 78, 19, 5, 9, 52, 59, 4, 15, 17, 18, 3, 20, 25, 60, 77, 58, 61, 62, 70, 71, 7, 8, 69, 72, 6, 24, 79, 55, 53, 54, 37, 38, 51, 10, 11, 21, 74, 33, 34, 35, 46, 1, 2, 36, 76, 30, 49, 48, 64, 66, 67, 68, 14, 56, 57, 47, 39]
index list energy: 2240257.450121633
Done


iterations: 1000000 temp: 1000.0 exponent: 0.7 eif: 300.0
time taken (sec): 44.72545051574707
number of iterations: 1000000
og index list: [23, 13, 51, 12, 20, 2, 54, 14, 25, 0, 38, 47, 56, 30, 7, 3, 42, 65, 52, 16, 6, 31, 50, 45, 57, 77, 40, 74, 21, 60, 63, 18, 46, 69, 1, 70, 27, 36, 79, 35, 78, 37, 66, 24, 62, 22, 75, 34, 68, 9, 43, 72, 17, 26, 53, 5, 32, 11, 8, 73, 71, 58, 10, 41, 64, 19, 4, 59, 15, 55, 61, 39, 28, 29, 33, 76, 48, 67, 44, 49]
og index list energy: 112247091.4189626
index list: [28, 43, 76, 29, 30, 31, 6, 24, 77, 22, 23, 14, 56, 52, 53, 32, 57, 73, 49, 7, 8, 46, 58, 61, 78, 72, 16, 69, 17, 27, 0, 1, 18, 3, 66, 67, 15, 19, 40, 48, 64, 55, 5, 44, 54, 62, 51, 13, 50, 63, 79, 42, 33, 34, 35, 41, 65, 25, 60, 74, 45, 9, 10, 11, 12, 75, 70, 71, 20, 21, 37, 38, 47, 39, 4, 68, 59, 26, 2, 36]
index list energy: 3112498.574606144
Done


iterations: 1000000 temp: 1000.0 exponent: 0.7 eif: 300.0
time taken (sec): 38.59436893463135
number of iterations: 1000000
og index list: [40, 52, 7, 78, 67, 50, 22, 36, 26, 23, 62, 49, 79, 74, 70, 33, 64, 20, 32, 51, 6, 71, 11, 31, 76, 77, 59, 60, 2, 9, 75, 35, 73, 63, 34, 37, 39, 56, 27, 69, 10, 55, 1, 72, 68, 48, 16, 4, 42, 18, 29, 8, 65, 24, 57, 15, 46, 0, 41, 47, 21, 54, 66, 38, 19, 5, 44, 14, 17, 28, 61, 13, 45, 12, 3, 25, 53, 58, 30, 43]
og index list energy: 121059307.52576344
index list: [69, 29, 23, 14, 5, 16, 51, 7, 0, 73, 40, 9, 10, 70, 50, 63, 22, 8, 53, 45, 41, 21, 34, 35, 19, 68, 72, 3, 25, 26, 79, 27, 28, 17, 18, 46, 58, 74, 2, 44, 32, 76, 31, 1, 75, 30, 49, 42, 43, 6, 24, 66, 33, 78, 67, 20, 71, 60, 61, 37, 38, 47, 48, 62, 11, 12, 13, 77, 54, 64, 65, 57, 39, 4, 56, 52, 59, 15, 36, 55]
index list energy: 2879088.807605683
Done


iterations: 1000000 temp: 1000.0 exponent: 0.7 eif: 300.0
time taken (sec): 39.570054054260254
number of iterations: 1000000
og index list: [55, 27, 17, 23, 40, 4, 78, 66, 58, 63, 43, 26, 11, 16, 5, 41, 32, 44, 68, 28, 1, 33, 3, 70, 45, 10, 62, 69, 38, 14, 6, 47, 30, 72, 48, 2, 51, 50, 22, 75, 61, 42, 35, 19, 74, 24, 9, 67, 20, 15, 49, 18, 57, 0, 31, 53, 76, 7, 64, 73, 79, 56, 59, 65, 37, 25, 52, 46, 12, 13, 21, 34, 29, 39, 36, 60, 54, 71, 8, 77]
og index list energy: 100087358.88017976
index list: [53, 54, 34, 61, 62, 72, 47, 79, 56, 20, 0, 48, 22, 30, 31, 51, 57, 6, 24, 25, 5, 9, 10, 70, 71, 15, 63, 55, 69, 29, 23, 7, 8, 73, 74, 38, 58, 49, 3, 78, 41, 65, 50, 11, 77, 42, 43, 44, 45, 46, 39, 66, 33, 37, 52, 17, 76, 67, 60, 35, 1, 2, 16, 40, 36, 75, 18, 32, 21, 64, 12, 13, 19, 68, 59, 4, 26, 27, 28, 14]
index list energy: 2595764.360000878
Done


iterations: 1000000 temp: 1000.0 exponent: 0.7 eif: 300.0
time taken (sec): 59.62439966201782
number of iterations: 1000000
og index list: [41, 32, 6, 38, 10, 64, 55, 1, 37, 30, 69, 66, 50, 46, 47, 18, 40, 2, 36, 58, 61, 63, 28, 79, 73, 72, 16, 19, 4, 34, 52, 5, 76, 21, 7, 23, 59, 31, 44, 56, 9, 67, 68, 15, 49, 3, 33, 77, 45, 29, 13, 42, 24, 0, 20, 48, 75, 71, 8, 11, 65, 25, 43, 54, 70, 78, 62, 14, 53, 17, 27, 12, 74, 35, 39, 57, 51, 60, 26, 22]
og index list energy: 80004274.45872036
index list: [40, 16, 56, 57, 41, 71, 26, 27, 28, 29, 30, 31, 9, 10, 67, 75, 22, 8, 11, 12, 13, 32, 20, 21, 79, 18, 36, 34, 35, 3, 0, 1, 2, 51, 52, 53, 54, 55, 24, 78, 6, 69, 14, 5, 44, 45, 46, 58, 50, 59, 4, 15, 70, 65, 66, 17, 77, 33, 48, 62, 63, 64, 49, 42, 72, 73, 76, 47, 74, 61, 37, 38, 39, 25, 68, 7, 23, 43, 19, 60]
index list energy: 2830460.2743604016
Done


iterations: 1000000 temp: 1000.0 exponent: 0.7 eif: 300.0
time taken (sec): 48.83630895614624
number of iterations: 1000000
og index list: [45, 21, 49, 79, 4, 46, 47, 20, 64, 61, 19, 33, 13, 70, 67, 52, 40, 31, 8, 15, 29, 2, 78, 55, 73, 56, 0, 18, 65, 34, 42, 75, 37, 10, 7, 44, 41, 63, 54, 57, 74, 16, 39, 36, 76, 77, 71, 25, 26, 69, 72, 5, 38, 35, 17, 60, 59, 28, 23, 48, 66, 43, 12, 30, 3, 68, 32, 27, 62, 9, 11, 14, 53, 22, 1, 50, 24, 58, 51, 6]
og index list energy: 95246087.48227176
index list: [43, 9, 49, 2, 3, 20, 75, 29, 28, 42, 33, 50, 51, 10, 11, 12, 13, 6, 14, 56, 66, 70, 71, 21, 22, 23, 69, 72, 73, 76, 67, 26, 77, 55, 24, 57, 48, 34, 35, 36, 79, 17, 18, 41, 0, 1, 27, 30, 31, 44, 54, 37, 38, 39, 40, 19, 5, 58, 74, 64, 65, 52, 53, 45, 32, 60, 61, 62, 63, 78, 7, 8, 46, 47, 16, 25, 68, 59, 4, 15]
index list energy: 1652145.846346742
Done


iterations: 1000000 temp: 1000.0 exponent: 0.7 eif: 300.0
time taken (sec): 51.89389133453369
number of iterations: 1000000
og index list: [33, 50, 17, 12, 72, 2, 32, 48, 39, 10, 4, 54, 13, 20, 61, 58, 29, 79, 69, 27, 23, 56, 31, 30, 38, 71, 25, 70, 51, 36, 43, 21, 19, 59, 8, 60, 77, 74, 44, 6, 1, 3, 46, 18, 49, 42, 76, 53, 16, 26, 35, 66, 67, 62, 64, 45, 78, 63, 11, 14, 7, 9, 73, 40, 65, 28, 0, 37, 22, 34, 47, 57, 5, 41, 52, 75, 68, 15, 24, 55]
og index list energy: 119817601.56344086
index list: [48, 37, 38, 39, 20, 71, 79, 17, 18, 3, 68, 7, 8, 69, 43, 0, 6, 24, 66, 67, 15, 70, 50, 63, 74, 2, 51, 25, 26, 27, 28, 29, 30, 31, 78, 42, 33, 55, 53, 54, 64, 65, 4, 60, 61, 62, 59, 5, 9, 52, 72, 73, 76, 16, 40, 44, 45, 36, 34, 35, 46, 1, 49, 13, 47, 58, 75, 19, 77, 32, 57, 41, 21, 22, 23, 14, 56, 12, 10, 11]
index list energy: 2129280.7265880234
Done


iterations: 1000000 temp: 1000.0 exponent: 0.7 eif: 300.0
time taken (sec): 46.681607484817505
number of iterations: 1000000
og index list: [21, 79, 74, 30, 18, 77, 1, 16, 42, 51, 36, 7, 59, 66, 35, 8, 46, 73, 37, 17, 39, 76, 61, 9, 64, 32, 50, 29, 70, 11, 12, 43, 5, 38, 54, 55, 71, 3, 23, 33, 24, 26, 2, 19, 41, 53, 78, 44, 6, 14, 67, 22, 0, 10, 75, 27, 56, 68, 34, 47, 62, 63, 15, 45, 58, 31, 69, 60, 40, 4, 72, 65, 20, 49, 25, 28, 52, 48, 13, 57]
og index list energy: 95252018.6125775
index list: [43, 51, 56, 57, 9, 10, 11, 76, 18, 41, 71, 26, 27, 30, 31, 19, 20, 12, 52, 59, 60, 0, 73, 78, 1, 2, 36, 55, 75, 29, 28, 14, 5, 44, 45, 46, 58, 50, 69, 33, 62, 6, 63, 22, 23, 72, 7, 8, 24, 13, 16, 47, 48, 77, 42, 17, 79, 61, 34, 74, 65, 25, 15, 70, 21, 64, 49, 35, 54, 37, 38, 39, 66, 67, 68, 53, 32, 40, 3, 4]
index list energy: 2728588.6135108112
Done


iterations: 1000000 temp: 1000.0 exponent: 0.7 eif: 300.0
time taken (sec): 43.13440728187561
number of iterations: 1000000
og index list: [26, 13, 61, 42, 34, 71, 65, 8, 78, 59, 32, 31, 69, 20, 63, 43, 48, 57, 54, 30, 77, 53, 38, 14, 19, 3, 67, 66, 16, 47, 15, 56, 1, 39, 33, 28, 21, 50, 5, 62, 60, 7, 11, 25, 40, 52, 36, 72, 0, 12, 64, 2, 76, 10, 6, 35, 74, 17, 55, 23, 4, 27, 58, 29, 51, 41, 75, 45, 18, 79, 22, 37, 44, 9, 68, 49, 73, 24, 70, 46]
og index list energy: 116852331.10097423
index list: [30, 31, 32, 12, 57, 41, 79, 29, 28, 70, 0, 51, 52, 14, 53, 49, 17, 18, 16, 1, 2, 3, 20, 21, 22, 76, 65, 4, 26, 27, 23, 7, 8, 73, 66, 59, 60, 61, 75, 33, 37, 77, 42, 72, 44, 45, 50, 9, 10, 54, 34, 35, 58, 78, 38, 39, 40, 47, 48, 64, 71, 68, 69, 67, 74, 43, 36, 62, 63, 55, 56, 13, 46, 19, 5, 6, 24, 15, 11, 25]
index list energy: 1800271.0895499466
Done


iterations: 1000000 temp: 1000.0 exponent: 0.7 eif: 300.0
time taken (sec): 45.8797881603241
number of iterations: 1000000
og index list: [8, 18, 65, 39, 42, 78, 68, 24, 19, 56, 26, 7, 48, 60, 46, 75, 70, 74, 21, 69, 5, 47, 57, 27, 79, 55, 1, 20, 63, 59, 50, 43, 34, 25, 29, 2, 54, 67, 51, 62, 12, 9, 44, 71, 31, 15, 76, 22, 58, 4, 53, 30, 11, 13, 73, 45, 10, 61, 32, 28, 17, 66, 77, 41, 37, 40, 52, 33, 23, 38, 0, 36, 14, 3, 72, 16, 35, 49, 6, 64]
og index list energy: 107025299.9610323
index list: [61, 49, 42, 33, 22, 23, 24, 76, 70, 65, 66, 43, 3, 26, 27, 78, 2, 0, 6, 69, 72, 48, 37, 38, 1, 28, 29, 30, 75, 17, 18, 19, 77, 11, 12, 13, 47, 73, 40, 58, 79, 35, 9, 52, 14, 15, 46, 41, 71, 60, 31, 32, 21, 55, 68, 67, 4, 56, 74, 62, 59, 7, 8, 53, 54, 50, 51, 10, 63, 64, 39, 20, 57, 44, 45, 16, 25, 5, 36, 34]
index list energy: 2793804.112423416
Done


iterations: 1000000 temp: 1000.0 exponent: 0.7 eif: 300.0
time taken (sec): 47.98227906227112
number of iterations: 1000000
og index list: [21, 0, 23, 6, 60, 73, 57, 31, 34, 47, 33, 39, 48, 58, 41, 26, 38, 28, 61, 16, 13, 44, 76, 49, 51, 71, 14, 1, 69, 46, 75, 63, 62, 54, 74, 24, 25, 65, 4, 52, 42, 66, 22, 45, 67, 64, 10, 68, 18, 40, 12, 30, 3, 11, 9, 43, 53, 70, 5, 79, 29, 77, 37, 36, 19, 7, 2, 20, 15, 56, 59, 17, 32, 72, 8, 78, 50, 27, 55, 35]
og index list energy: 104283421.58619994
index list: [28, 29, 30, 31, 41, 71, 20, 77, 43, 63, 22, 23, 70, 57, 6, 53, 49, 8, 14, 56, 40, 46, 73, 74, 54, 55, 24, 25, 26, 27, 0, 1, 2, 51, 21, 50, 11, 76, 13, 36, 37, 38, 39, 66, 17, 18, 16, 5, 44, 45, 19, 15, 48, 34, 35, 3, 4, 60, 61, 62, 9, 10, 69, 67, 68, 59, 78, 47, 58, 75, 33, 64, 65, 79, 42, 72, 32, 12, 52, 7]
index list energy: 2036717.0379290562
Done


iterations: 1000000 temp: 1000.0 exponent: 0.7 eif: 300.0
time taken (sec): 50.57097578048706
number of iterations: 1000000
og index list: [35, 7, 24, 9, 18, 76, 15, 14, 0, 63, 5, 11, 2, 43, 38, 77, 16, 26, 59, 1, 13, 68, 12, 29, 62, 71, 36, 60, 32, 53, 30, 42, 34, 72, 20, 58, 66, 33, 55, 52, 73, 57, 67, 41, 3, 75, 50, 37, 56, 47, 21, 6, 23, 40, 51, 8, 22, 46, 19, 27, 65, 17, 10, 39, 44, 70, 74, 4, 69, 78, 54, 45, 61, 64, 49, 48, 79, 28, 31, 25]
og index list energy: 119699079.43320368
index list: [55, 49, 53, 45, 46, 51, 52, 17, 18, 16, 4, 56, 57, 48, 22, 23, 24, 40, 6, 69, 72, 73, 75, 58, 76, 29, 30, 31, 3, 78, 2, 74, 70, 71, 12, 13, 36, 37, 38, 47, 39, 15, 11, 25, 26, 27, 28, 43, 44, 32, 21, 50, 54, 77, 42, 33, 34, 35, 41, 79, 7, 8, 9, 10, 59, 60, 61, 62, 63, 64, 65, 66, 67, 68, 14, 5, 19, 20, 0, 1]
index list energy: 1583780.9318370537
Done


iterations: 1000000 temp: 1000.0 exponent: 0.7 eif: 300.0
time taken (sec): 53.03597855567932
number of iterations: 1000000
og index list: [64, 53, 40, 38, 4, 69, 22, 21, 9, 24, 54, 3, 45, 63, 5, 42, 72, 49, 15, 13, 66, 28, 61, 27, 30, 58, 56, 32, 51, 78, 12, 6, 47, 57, 71, 77, 31, 35, 76, 7, 1, 26, 55, 43, 11, 16, 74, 23, 75, 79, 48, 14, 65, 68, 70, 73, 41, 33, 44, 46, 50, 37, 36, 39, 19, 18, 60, 62, 10, 52, 17, 59, 0, 20, 67, 8, 2, 29, 34, 25]
og index list energy: 106262966.82262653
index list: [44, 45, 76, 14, 56, 57, 47, 74, 70, 0, 3, 40, 1, 2, 6, 69, 72, 73, 4, 7, 8, 51, 15, 36, 37, 38, 39, 25, 26, 27, 28, 29, 30, 31, 78, 42, 33, 34, 35, 58, 77, 10, 11, 79, 41, 65, 66, 43, 9, 52, 59, 20, 21, 55, 24, 12, 13, 32, 75, 71, 60, 61, 49, 22, 23, 53, 54, 64, 48, 62, 17, 18, 46, 19, 68, 67, 5, 16, 50, 63]
index list energy: 1812747.597554814
Done


iterations: 1000000 temp: 1000.0 exponent: 0.7 eif: 300.0
time taken (sec): 44.22120547294617
number of iterations: 1000000
og index list: [64, 38, 69, 54, 47, 42, 39, 35, 73, 27, 63, 31, 26, 48, 17, 36, 71, 61, 14, 59, 20, 13, 11, 41, 72, 15, 65, 34, 56, 43, 24, 55, 32, 62, 77, 22, 51, 49, 8, 37, 46, 50, 29, 28, 58, 5, 70, 18, 78, 53, 7, 30, 76, 40, 1, 23, 16, 68, 67, 57, 10, 25, 6, 66, 19, 52, 33, 45, 9, 0, 75, 12, 21, 3, 74, 60, 2, 44, 4, 79]
og index list energy: 91978551.50523144
index list: [54, 55, 49, 67, 68, 14, 15, 17, 18, 1, 2, 3, 40, 41, 65, 66, 72, 19, 26, 27, 30, 31, 69, 33, 22, 8, 9, 52, 7, 74, 28, 75, 43, 44, 78, 42, 70, 71, 20, 21, 37, 79, 29, 23, 24, 4, 56, 38, 58, 76, 59, 60, 61, 62, 46, 51, 10, 11, 12, 50, 63, 0, 73, 13, 36, 64, 48, 34, 77, 35, 32, 57, 6, 53, 45, 47, 39, 25, 5, 16]
index list energy: 2048736.3623520155
Done


iterations: 1000000 temp: 1000.0 exponent: 0.7 eif: 300.0
time taken (sec): 58.38459253311157
number of iterations: 1000000
og index list: [47, 67, 9, 8, 37, 72, 16, 24, 4, 0, 75, 56, 27, 77, 30, 2, 10, 76, 63, 78, 59, 19, 71, 22, 66, 79, 12, 15, 62, 34, 49, 58, 43, 38, 18, 35, 48, 29, 17, 3, 14, 5, 42, 51, 64, 74, 21, 65, 39, 61, 13, 40, 46, 60, 32, 28, 33, 53, 6, 69, 36, 25, 55, 31, 73, 23, 57, 1, 45, 52, 70, 68, 54, 7, 20, 50, 44, 11, 26, 41]
og index list energy: 139058687.72706762
index list: [33, 37, 50, 9, 10, 11, 76, 17, 18, 6, 7, 8, 24, 21, 64, 65, 66, 67, 0, 1, 2, 3, 15, 63, 77, 43, 16, 25, 26, 27, 28, 29, 30, 79, 42, 72, 58, 74, 53, 54, 22, 23, 69, 70, 78, 31, 44, 45, 46, 47, 48, 34, 61, 62, 51, 52, 14, 5, 41, 71, 12, 13, 75, 38, 39, 4, 49, 32, 60, 35, 36, 55, 56, 57, 73, 40, 19, 68, 59, 20]
index list energy: 1283370.5585374455
Done


iterations: 1000000 temp: 1000.0 exponent: 0.7 eif: 300.0
time taken (sec): 47.37711191177368
number of iterations: 1000000
og index list: [60, 76, 79, 17, 44, 18, 71, 36, 53, 19, 69, 11, 20, 58, 31, 64, 30, 49, 54, 26, 70, 9, 7, 37, 24, 41, 67, 55, 4, 42, 1, 73, 14, 61, 63, 38, 66, 21, 22, 77, 32, 5, 59, 48, 56, 45, 6, 50, 15, 13, 75, 34, 23, 72, 2, 8, 29, 68, 0, 35, 46, 33, 74, 25, 62, 27, 52, 57, 3, 16, 47, 28, 12, 43, 10, 40, 51, 78, 39, 65]
og index list energy: 120540523.66672364
index list: [68, 24, 12, 21, 37, 76, 43, 1, 28, 72, 73, 40, 19, 60, 35, 6, 7, 8, 44, 45, 51, 38, 47, 48, 22, 30, 31, 32, 78, 29, 23, 69, 59, 26, 27, 50, 63, 64, 74, 70, 65, 52, 53, 54, 55, 56, 66, 14, 15, 41, 71, 20, 13, 79, 9, 10, 11, 0, 58, 77, 42, 67, 49, 18, 36, 75, 33, 34, 61, 62, 17, 2, 46, 39, 4, 5, 3, 57, 16, 25]
index list energy: 2107744.972009064
Done


iterations: 1000000 temp: 1000.0 exponent: 0.7 eif: 300.0
time taken (sec): 47.12801694869995
number of iterations: 1000000
og index list: [54, 11, 27, 52, 4, 43, 66, 10, 51, 77, 22, 74, 67, 3, 37, 13, 44, 72, 64, 76, 14, 12, 39, 63, 60, 42, 7, 23, 21, 75, 38, 1, 45, 40, 25, 69, 48, 18, 46, 5, 71, 31, 34, 15, 62, 2, 32, 56, 30, 61, 8, 68, 53, 70, 35, 24, 79, 0, 57, 29, 36, 50, 73, 33, 19, 20, 28, 26, 55, 47, 49, 59, 16, 6, 65, 41, 58, 17, 78, 9]
og index list energy: 86138375.90367754
index list: [38, 39, 49, 27, 28, 29, 30, 78, 43, 9, 10, 11, 77, 31, 16, 25, 26, 74, 42, 17, 18, 41, 71, 60, 79, 72, 73, 66, 67, 68, 24, 76, 59, 40, 1, 2, 36, 55, 56, 21, 64, 22, 23, 69, 70, 52, 14, 15, 53, 45, 44, 54, 34, 35, 46, 6, 7, 8, 48, 75, 33, 37, 50, 3, 4, 5, 47, 58, 61, 62, 63, 0, 19, 20, 65, 57, 51, 13, 32, 12]
index list energy: 2382566.2895086273
Done


iterations: 1000000 temp: 1000.0 exponent: 0.7 eif: 300.0
time taken (sec): 51.204028606414795
number of iterations: 1000000
og index list: [46, 75, 6, 24, 5, 76, 55, 67, 26, 61, 69, 31, 59, 12, 68, 21, 70, 18, 16, 63, 51, 45, 50, 44, 4, 8, 57, 79, 22, 54, 73, 3, 38, 74, 14, 60, 42, 39, 49, 65, 19, 71, 23, 78, 56, 17, 58, 37, 41, 48, 15, 77, 52, 2, 66, 35, 33, 40, 9, 7, 32, 10, 0, 28, 29, 11, 36, 25, 30, 20, 34, 1, 27, 72, 64, 43, 53, 13, 47, 62]
og index list energy: 133224690.56049253
index list: [8, 24, 66, 59, 26, 27, 28, 29, 30, 31, 51, 71, 0, 6, 14, 15, 41, 65, 57, 73, 50, 63, 64, 58, 78, 72, 69, 33, 22, 23, 74, 17, 18, 32, 25, 60, 35, 16, 40, 36, 37, 38, 39, 4, 56, 13, 46, 1, 2, 44, 45, 47, 48, 55, 75, 12, 52, 53, 54, 79, 70, 77, 42, 43, 3, 20, 21, 34, 61, 62, 76, 9, 10, 11, 49, 67, 5, 19, 68, 7]
index list energy: 1830070.0509756256
Done


iterations: 1000000 temp: 1000.0 exponent: 0.7 eif: 300.0
time taken (sec): 43.08293271064758
number of iterations: 1000000
og index list: [45, 47, 69, 33, 66, 21, 11, 51, 68, 44, 26, 7, 46, 70, 50, 74, 14, 58, 0, 39, 72, 32, 75, 8, 57, 63, 67, 56, 24, 64, 73, 61, 29, 31, 79, 65, 41, 53, 13, 34, 62, 17, 18, 60, 27, 40, 54, 76, 37, 77, 78, 30, 42, 5, 25, 38, 59, 71, 1, 15, 3, 12, 23, 9, 43, 4, 2, 49, 35, 10, 22, 55, 48, 20, 19, 6, 28, 36, 16, 52]
og index list energy: 117185638.90954132
index list: [72, 1, 2, 9, 10, 11, 74, 29, 23, 14, 26, 0, 3, 20, 65, 40, 36, 37, 38, 39, 50, 51, 57, 58, 77, 27, 28, 70, 71, 4, 56, 25, 60, 76, 18, 16, 12, 13, 32, 21, 55, 24, 66, 67, 5, 73, 52, 53, 45, 46, 47, 44, 78, 31, 54, 22, 79, 30, 61, 62, 69, 42, 33, 64, 48, 34, 35, 41, 49, 19, 68, 17, 8, 59, 15, 63, 75, 43, 6, 7]
index list energy: 2930621.535850912
Done


iterations: 1000000 temp: 1000.0 exponent: 0.7 eif: 300.0
time taken (sec): 38.79779529571533
number of iterations: 1000000
og index list: [15, 50, 5, 4, 43, 34, 75, 57, 24, 58, 51, 10, 25, 23, 52, 42, 49, 44, 19, 36, 7, 13, 12, 72, 64, 62, 67, 0, 78, 3, 35, 66, 60, 2, 26, 28, 16, 31, 45, 68, 18, 59, 6, 69, 40, 27, 21, 46, 47, 8, 76, 1, 70, 79, 17, 63, 22, 56, 77, 48, 61, 30, 38, 20, 74, 65, 9, 53, 29, 32, 54, 11, 33, 37, 71, 39, 14, 41, 55, 73]
og index list energy: 136149962.23238218
index list: [43, 41, 12, 71, 26, 27, 30, 75, 17, 18, 39, 40, 47, 51, 52, 14, 7, 8, 44, 32, 57, 6, 24, 60, 74, 2, 3, 15, 16, 25, 77, 23, 70, 55, 53, 45, 36, 50, 9, 78, 31, 69, 59, 4, 56, 13, 46, 1, 76, 22, 0, 58, 61, 62, 72, 73, 79, 38, 48, 49, 29, 28, 33, 64, 20, 21, 34, 35, 54, 37, 10, 11, 65, 66, 42, 67, 5, 19, 68, 63]
index list energy: 2904754.742108725
Done


iterations: 1000000 temp: 1000.0 exponent: 0.7 eif: 300.0
time taken (sec): 59.15859580039978
number of iterations: 1000000
og index list: [40, 13, 16, 31, 37, 52, 14, 73, 28, 64, 59, 51, 27, 6, 66, 43, 58, 60, 41, 12, 20, 78, 5, 75, 61, 65, 23, 62, 46, 29, 4, 74, 30, 45, 49, 68, 71, 7, 72, 3, 47, 54, 57, 79, 42, 34, 35, 32, 19, 69, 56, 63, 0, 38, 44, 55, 1, 76, 48, 25, 2, 18, 77, 36, 22, 21, 15, 9, 33, 8, 50, 67, 24, 10, 11, 70, 17, 39, 53, 26]
og index list energy: 98859565.63327123
index list: [34, 35, 46, 77, 43, 41, 65, 74, 17, 18, 47, 0, 1, 2, 6, 7, 8, 9, 10, 49, 42, 67, 5, 36, 22, 23, 24, 25, 26, 27, 28, 29, 30, 31, 32, 57, 58, 78, 69, 33, 37, 38, 39, 40, 3, 52, 14, 15, 11, 12, 13, 44, 54, 64, 48, 55, 76, 70, 21, 79, 53, 45, 16, 68, 59, 60, 61, 62, 63, 50, 51, 4, 56, 66, 72, 73, 75, 19, 20, 71]
index list energy: 1045904.0375257985
Done


iterations: 1000000 temp: 1000.0 exponent: 0.7 eif: 300.0
time taken (sec): 43.361690282821655
number of iterations: 1000000
og index list: [70, 64, 48, 78, 7, 66, 41, 22, 33, 24, 72, 69, 19, 45, 31, 1, 73, 12, 63, 42, 65, 75, 38, 51, 16, 55, 35, 5, 44, 29, 10, 57, 4, 15, 18, 36, 17, 26, 60, 68, 0, 27, 13, 52, 8, 39, 62, 76, 53, 77, 67, 6, 25, 30, 54, 56, 32, 9, 37, 40, 46, 74, 23, 49, 43, 2, 47, 11, 58, 20, 59, 3, 79, 34, 61, 21, 28, 50, 14, 71]
og index list energy: 121134416.36385758
index list: [8, 9, 10, 63, 77, 59, 68, 69, 70, 71, 5, 16, 4, 60, 35, 3, 26, 75, 23, 42, 72, 7, 28, 43, 48, 55, 24, 40, 19, 74, 67, 79, 17, 18, 46, 47, 58, 76, 27, 78, 65, 57, 73, 66, 33, 22, 0, 1, 2, 32, 25, 20, 21, 64, 34, 61, 62, 44, 54, 50, 11, 12, 49, 29, 30, 31, 45, 41, 13, 36, 37, 38, 39, 15, 6, 14, 56, 52, 53, 51]
index list energy: 3357292.1759123914
Done


iterations: 1000000 temp: 1000.0 exponent: 0.7 eif: 300.0
time taken (sec): 46.96788835525513
number of iterations: 1000000
og index list: [19, 18, 16, 76, 22, 60, 30, 17, 49, 51, 4, 61, 2, 26, 34, 53, 74, 0, 14, 78, 77, 57, 64, 69, 3, 59, 48, 63, 21, 23, 66, 68, 11, 10, 33, 15, 75, 5, 72, 79, 28, 36, 39, 31, 25, 70, 54, 56, 58, 7, 32, 6, 37, 43, 52, 55, 46, 50, 67, 35, 38, 45, 24, 47, 9, 73, 12, 29, 62, 42, 44, 71, 20, 13, 8, 40, 65, 27, 1, 41]
og index list energy: 127330257.89699677
index list: [42, 72, 53, 11, 12, 21, 55, 14, 5, 41, 65, 57, 58, 61, 62, 63, 22, 8, 6, 24, 66, 59, 20, 78, 19, 40, 9, 10, 76, 23, 79, 17, 18, 51, 52, 29, 30, 31, 3, 60, 49, 33, 37, 38, 39, 26, 27, 28, 43, 44, 54, 0, 48, 34, 35, 32, 25, 56, 77, 45, 46, 47, 73, 4, 15, 36, 64, 71, 75, 16, 7, 74, 2, 50, 67, 68, 69, 70, 13, 1]
index list energy: 3216697.2432296905
Done


iterations: 1000000 temp: 1000.0 exponent: 0.7 eif: 300.0
time taken (sec): 43.10164999961853
number of iterations: 1000000
og index list: [1, 61, 13, 14, 67, 75, 33, 62, 10, 37, 79, 60, 66, 73, 43, 72, 46, 55, 29, 28, 24, 56, 47, 40, 44, 52, 11, 5, 3, 21, 4, 6, 8, 71, 68, 49, 45, 25, 63, 35, 0, 32, 78, 19, 41, 69, 42, 18, 26, 59, 74, 70, 53, 76, 31, 20, 36, 17, 30, 7, 16, 2, 23, 38, 65, 58, 64, 57, 27, 48, 9, 50, 34, 15, 39, 51, 77, 54, 22, 12]
og index list energy: 111465340.66644068
index list: [28, 43, 1, 2, 51, 71, 69, 29, 30, 31, 16, 25, 5, 48, 55, 7, 8, 73, 66, 33, 37, 38, 76, 35, 75, 42, 67, 68, 53, 54, 34, 79, 70, 22, 23, 72, 47, 39, 40, 36, 64, 12, 57, 6, 59, 15, 19, 20, 52, 14, 24, 21, 77, 32, 4, 56, 13, 46, 58, 78, 10, 11, 49, 18, 3, 60, 61, 62, 63, 74, 17, 50, 9, 0, 44, 45, 41, 65, 26, 27]
index list energy: 3143519.60421513
Done


iterations: 1000000 temp: 1000.0 exponent: 0.7 eif: 300.0
time taken (sec): 42.816901206970215
number of iterations: 1000000
og index list: [63, 3, 29, 68, 26, 69, 31, 11, 6, 53, 76, 35, 45, 79, 30, 58, 62, 12, 15, 71, 0, 14, 5, 13, 39, 70, 66, 67, 49, 23, 25, 28, 78, 19, 48, 24, 36, 65, 33, 40, 47, 59, 42, 57, 16, 7, 74, 75, 34, 4, 51, 2, 41, 18, 50, 44, 1, 77, 20, 22, 17, 8, 56, 55, 21, 73, 60, 10, 72, 9, 32, 37, 61, 27, 52, 38, 43, 46, 64, 54]
og index list energy: 78700286.32196914
index list: [18, 47, 39, 66, 42, 17, 77, 14, 56, 4, 5, 6, 24, 25, 20, 57, 58, 75, 43, 44, 32, 12, 13, 36, 62, 51, 52, 67, 26, 27, 28, 74, 72, 16, 7, 8, 63, 55, 70, 21, 37, 38, 48, 34, 76, 53, 45, 19, 15, 64, 71, 1, 2, 41, 65, 40, 3, 60, 61, 78, 33, 50, 9, 10, 11, 79, 30, 31, 54, 22, 23, 59, 68, 69, 29, 0, 73, 49, 35, 46]
index list energy: 3077191.1470199246
Done


iterations: 1000000 temp: 1000.0 exponent: 0.7 eif: 300.0
time taken (sec): 41.148109912872314
number of iterations: 1000000
og index list: [44, 7, 29, 69, 35, 26, 63, 1, 34, 15, 11, 41, 68, 0, 2, 77, 49, 3, 70, 61, 5, 72, 67, 8, 16, 76, 59, 32, 66, 78, 27, 58, 21, 37, 36, 19, 64, 48, 56, 40, 10, 12, 54, 71, 47, 30, 25, 18, 53, 17, 39, 62, 20, 6, 51, 13, 46, 60, 73, 22, 23, 50, 9, 52, 31, 74, 55, 57, 28, 65, 79, 42, 75, 45, 24, 14, 38, 43, 4, 33]
og index list energy: 106998695.0288125
index list: [1, 27, 28, 43, 41, 71, 66, 14, 70, 65, 10, 67, 26, 0, 6, 7, 8, 44, 46, 73, 78, 42, 72, 48, 79, 2, 3, 20, 21, 22, 23, 29, 30, 77, 24, 57, 47, 39, 40, 58, 76, 18, 16, 15, 63, 55, 56, 25, 68, 17, 50, 11, 74, 19, 5, 9, 52, 53, 54, 34, 61, 37, 49, 31, 45, 51, 38, 75, 33, 62, 69, 59, 4, 60, 35, 32, 12, 13, 36, 64]
index list energy: 2562142.437533198
Done


iterations: 1000000 temp: 1000.0 exponent: 0.7 eif: 300.0
time taken (sec): 47.93080234527588
number of iterations: 1000000
og index list: [64, 37, 7, 65, 33, 67, 50, 48, 69, 36, 2, 15, 47, 57, 14, 71, 25, 41, 53, 30, 42, 76, 43, 62, 9, 38, 16, 61, 45, 60, 21, 27, 18, 74, 6, 54, 11, 72, 13, 56, 59, 75, 73, 4, 29, 24, 20, 70, 28, 58, 55, 5, 77, 63, 3, 19, 78, 39, 31, 34, 51, 23, 26, 8, 49, 44, 68, 0, 12, 35, 79, 22, 17, 52, 66, 40, 10, 46, 32, 1]
og index list energy: 94964049.3844359
index list: [59, 20, 21, 64, 65, 57, 6, 14, 74, 29, 23, 7, 8, 51, 10, 17, 18, 9, 52, 53, 54, 55, 56, 13, 19, 60, 35, 3, 26, 77, 72, 1, 2, 76, 63, 22, 30, 61, 79, 36, 37, 38, 39, 40, 16, 24, 66, 43, 44, 45, 46, 47, 48, 34, 75, 27, 28, 42, 33, 62, 11, 12, 25, 68, 67, 5, 41, 78, 58, 49, 31, 32, 4, 15, 69, 70, 71, 0, 73, 50]
index list energy: 2343867.262632784
Done


iterations: 1000000 temp: 1000.0 exponent: 0.7 eif: 300.0
time taken (sec): 51.408114433288574
number of iterations: 1000000
og index list: [78, 65, 63, 1, 52, 18, 25, 36, 16, 6, 71, 2, 24, 44, 66, 70, 56, 30, 59, 75, 5, 14, 11, 72, 48, 50, 29, 60, 31, 47, 33, 45, 57, 23, 76, 53, 26, 13, 73, 21, 38, 27, 67, 54, 10, 43, 41, 39, 3, 19, 34, 7, 15, 68, 58, 4, 69, 42, 79, 20, 74, 12, 37, 40, 46, 32, 22, 0, 55, 8, 49, 64, 9, 51, 62, 77, 61, 28, 35, 17]
og index list energy: 91987166.0773831
index list: [23, 24, 57, 73, 40, 41, 65, 78, 43, 6, 7, 8, 9, 10, 67, 15, 32, 25, 20, 50, 63, 22, 79, 61, 62, 75, 11, 12, 66, 17, 2, 3, 77, 14, 56, 13, 36, 34, 35, 47, 1, 18, 19, 68, 53, 45, 46, 58, 76, 72, 44, 54, 64, 71, 69, 42, 70, 74, 33, 37, 49, 38, 39, 4, 5, 16, 21, 0, 48, 55, 26, 27, 28, 29, 30, 31, 51, 52, 59, 60]
index list energy: 2009963.3273639258
Done


iterations: 1000000 temp: 1000.0 exponent: 0.7 eif: 300.0
time taken (sec): 39.30786871910095
number of iterations: 1000000
og index list: [55, 33, 70, 79, 38, 2, 75, 22, 27, 0, 50, 15, 63, 29, 9, 35, 19, 71, 74, 4, 25, 57, 45, 6, 64, 48, 1, 69, 68, 40, 56, 16, 7, 44, 23, 14, 18, 36, 43, 58, 51, 41, 62, 76, 10, 66, 60, 30, 42, 47, 65, 77, 13, 52, 34, 32, 24, 67, 61, 20, 11, 5, 37, 72, 39, 12, 46, 26, 78, 49, 28, 3, 8, 21, 17, 59, 54, 73, 53, 31]
og index list energy: 112980964.42634606
index list: [63, 22, 23, 14, 15, 46, 6, 7, 8, 51, 38, 48, 64, 25, 20, 65, 40, 19, 68, 17, 18, 1, 2, 36, 37, 50, 69, 72, 3, 26, 78, 27, 76, 42, 29, 28, 33, 34, 35, 47, 58, 61, 62, 59, 56, 13, 49, 67, 79, 31, 54, 55, 53, 32, 12, 10, 11, 21, 77, 39, 75, 43, 41, 71, 5, 16, 60, 74, 30, 0, 73, 66, 70, 57, 44, 45, 9, 52, 24, 4]
index list energy: 2655925.038095002
Done


iterations: 1000000 temp: 1000.0 exponent: 0.7 eif: 300.0
time taken (sec): 42.908889293670654
number of iterations: 1000000
og index list: [13, 52, 10, 28, 68, 71, 15, 19, 56, 29, 9, 1, 65, 76, 32, 47, 74, 55, 34, 78, 30, 35, 33, 22, 48, 58, 66, 24, 25, 62, 40, 69, 70, 39, 59, 45, 53, 46, 43, 2, 14, 51, 7, 57, 16, 42, 37, 54, 63, 23, 6, 79, 64, 20, 0, 4, 17, 18, 61, 27, 38, 75, 26, 72, 60, 44, 21, 50, 8, 31, 67, 77, 41, 49, 3, 12, 5, 36, 11, 73]
og index list energy: 94066269.02128679
index list: [11, 49, 56, 13, 19, 26, 75, 29, 30, 31, 16, 76, 33, 22, 0, 41, 65, 66, 43, 1, 2, 46, 51, 38, 39, 40, 58, 61, 37, 52, 14, 79, 23, 24, 57, 3, 60, 50, 17, 18, 47, 73, 4, 5, 44, 45, 32, 12, 78, 27, 28, 42, 77, 25, 15, 63, 55, 53, 54, 64, 48, 71, 7, 8, 69, 70, 21, 34, 74, 35, 36, 62, 9, 10, 72, 6, 67, 68, 59, 20]
index list energy: 3284046.420595972
Done


iterations: 1000000 temp: 1000.0 exponent: 0.7 eif: 300.0
time taken (sec): 44.15689730644226
number of iterations: 1000000
og index list: [9, 73, 11, 33, 20, 78, 41, 19, 31, 58, 66, 15, 63, 4, 21, 61, 2, 34, 47, 43, 74, 30, 1, 77, 60, 75, 46, 18, 44, 37, 39, 5, 59, 48, 76, 55, 53, 71, 25, 72, 54, 8, 50, 79, 42, 24, 32, 14, 10, 29, 35, 65, 23, 26, 27, 28, 17, 69, 49, 13, 68, 70, 16, 62, 7, 45, 38, 64, 22, 51, 52, 6, 57, 0, 40, 56, 3, 36, 67, 12]
og index list energy: 93806873.25782776
index list: [42, 33, 64, 65, 40, 47, 73, 78, 7, 76, 29, 49, 37, 38, 39, 68, 69, 70, 57, 1, 2, 19, 60, 61, 62, 75, 8, 63, 22, 23, 14, 74, 30, 31, 44, 45, 54, 55, 53, 41, 71, 26, 27, 28, 43, 3, 20, 12, 52, 17, 18, 36, 34, 35, 32, 21, 79, 67, 5, 50, 9, 10, 51, 13, 46, 16, 48, 0, 58, 77, 72, 6, 24, 25, 4, 56, 66, 59, 15, 11]
index list energy: 2239862.6438721553
Done


iterations: 1000000 temp: 1000.0 exponent: 0.7 eif: 300.0
time taken (sec): 42.946178913116455
number of iterations: 1000000
og index list: [14, 45, 37, 65, 23, 60, 66, 25, 39, 31, 1, 20, 5, 61, 9, 57, 29, 76, 40, 36, 69, 58, 55, 8, 53, 74, 11, 59, 15, 72, 63, 44, 77, 4, 46, 43, 54, 2, 7, 22, 68, 3, 79, 32, 56, 10, 51, 71, 48, 38, 42, 41, 19, 30, 75, 33, 34, 47, 64, 28, 70, 35, 6, 50, 78, 73, 18, 17, 49, 62, 67, 21, 26, 16, 27, 0, 13, 12, 52, 24]
og index list energy: 88741968.92379843
index list: [2, 63, 34, 35, 32, 12, 57, 1, 18, 74, 28, 29, 23, 43, 6, 72, 44, 45, 46, 73, 40, 36, 22, 30, 31, 75, 11, 65, 66, 14, 56, 52, 70, 77, 27, 0, 58, 79, 9, 78, 10, 17, 76, 42, 59, 4, 15, 16, 7, 8, 3, 60, 61, 62, 69, 33, 55, 53, 54, 37, 38, 50, 51, 13, 19, 20, 21, 64, 48, 49, 41, 71, 24, 25, 68, 67, 5, 47, 39, 26]
index list energy: 2621344.176934143
Done


iterations: 1000000 temp: 1000.0 exponent: 0.7 eif: 300.0
time taken (sec): 48.63185167312622
number of iterations: 1000000
og index list: [7, 54, 21, 39, 27, 66, 76, 46, 57, 18, 73, 38, 34, 25, 33, 5, 9, 59, 41, 49, 17, 20, 2, 52, 50, 77, 62, 56, 53, 1, 8, 65, 43, 58, 69, 11, 26, 48, 55, 31, 75, 36, 67, 0, 4, 78, 44, 30, 10, 60, 32, 19, 28, 64, 71, 61, 45, 29, 13, 79, 42, 70, 51, 72, 16, 35, 3, 68, 23, 63, 6, 74, 40, 22, 15, 47, 12, 14, 37, 24]
og index list energy: 119626521.08762646
index list: [28, 29, 30, 31, 41, 65, 13, 1, 2, 3, 49, 33, 75, 14, 5, 6, 24, 40, 16, 7, 8, 51, 71, 60, 79, 10, 59, 4, 15, 67, 68, 69, 17, 18, 44, 45, 36, 64, 52, 70, 0, 19, 20, 57, 48, 22, 23, 53, 54, 34, 35, 9, 76, 32, 21, 50, 11, 12, 77, 55, 56, 66, 42, 72, 73, 74, 61, 62, 63, 37, 38, 58, 78, 43, 46, 47, 39, 25, 26, 27]
index list energy: 2005364.309996586
Done


iterations: 1000000 temp: 1000.0 exponent: 0.7 eif: 300.0
time taken (sec): 44.585105657577515
number of iterations: 1000000
og index list: [49, 16, 69, 23, 37, 35, 18, 19, 78, 68, 26, 48, 7, 73, 20, 40, 13, 57, 75, 43, 4, 34, 1, 46, 17, 62, 44, 14, 55, 52, 24, 11, 32, 76, 28, 6, 71, 27, 8, 42, 45, 31, 65, 39, 77, 60, 15, 41, 50, 63, 70, 72, 79, 10, 66, 3, 64, 22, 25, 74, 58, 0, 47, 2, 38, 54, 56, 5, 67, 36, 51, 30, 53, 12, 29, 21, 61, 33, 59, 9]
og index list energy: 104097144.21354675
index list: [69, 42, 14, 5, 41, 79, 29, 77, 8, 7, 30, 31, 63, 22, 23, 24, 66, 67, 68, 59, 26, 2, 46, 58, 76, 1, 18, 19, 20, 74, 72, 78, 17, 75, 27, 28, 33, 37, 38, 47, 49, 70, 71, 21, 55, 56, 13, 32, 12, 52, 43, 44, 54, 64, 65, 25, 60, 61, 34, 35, 36, 0, 73, 50, 9, 10, 11, 57, 48, 62, 3, 4, 15, 45, 16, 39, 40, 6, 53, 51]
index list energy: 2625529.05200513
Done


iterations: 1000000 temp: 1000.0 exponent: 0.7 eif: 300.0
time taken (sec): 40.73968482017517
number of iterations: 1000000
og index list: [49, 75, 55, 31, 47, 52, 53, 68, 12, 35, 65, 45, 63, 76, 37, 72, 58, 41, 23, 13, 39, 20, 34, 29, 48, 2, 44, 19, 66, 32, 21, 70, 33, 60, 64, 3, 40, 51, 14, 28, 73, 50, 67, 7, 26, 71, 16, 27, 1, 42, 56, 8, 5, 10, 11, 43, 25, 30, 4, 24, 74, 22, 46, 69, 59, 9, 79, 6, 17, 38, 61, 54, 18, 15, 36, 62, 78, 57, 0, 77]
og index list energy: 99303746.63281925
index list: [27, 0, 16, 52, 14, 15, 9, 75, 59, 60, 31, 32, 12, 57, 73, 50, 51, 38, 47, 39, 79, 29, 30, 77, 19, 4, 5, 6, 24, 26, 2, 76, 17, 18, 1, 8, 63, 34, 35, 41, 71, 40, 3, 68, 7, 23, 70, 22, 28, 72, 58, 78, 61, 74, 43, 36, 62, 69, 33, 37, 10, 54, 55, 53, 11, 21, 49, 44, 45, 46, 48, 64, 65, 66, 42, 67, 20, 25, 56, 13]
index list energy: 3625708.731420906
Done


iterations: 1000000 temp: 1000.0 exponent: 0.7 eif: 300.0
time taken (sec): 41.756693840026855
number of iterations: 1000000
og index list: [78, 4, 48, 49, 17, 21, 0, 45, 70, 16, 8, 14, 77, 36, 7, 19, 54, 73, 6, 51, 30, 79, 22, 43, 66, 3, 29, 67, 62, 11, 24, 31, 65, 75, 41, 60, 10, 38, 32, 26, 23, 40, 56, 1, 64, 35, 53, 58, 57, 61, 69, 5, 42, 72, 25, 27, 71, 20, 33, 46, 13, 50, 28, 37, 63, 34, 74, 2, 39, 55, 9, 68, 76, 15, 44, 59, 52, 47, 18, 12]
og index list energy: 99701965.16190232
index list: [42, 43, 16, 51, 38, 47, 39, 74, 72, 73, 40, 44, 45, 32, 57, 19, 68, 67, 26, 50, 9, 10, 59, 60, 79, 27, 28, 29, 77, 17, 2, 3, 20, 4, 15, 69, 33, 34, 0, 48, 64, 65, 76, 11, 12, 52, 53, 75, 61, 62, 63, 37, 49, 35, 46, 1, 30, 31, 54, 71, 66, 14, 5, 6, 7, 23, 70, 78, 18, 41, 21, 55, 24, 25, 56, 13, 36, 22, 8, 58]
index list energy: 3095414.145342612
Done


iterations: 1000000 temp: 1000.0 exponent: 0.7 eif: 300.0
time taken (sec): 48.09788274765015
number of iterations: 1000000
og index list: [17, 4, 8, 79, 27, 12, 52, 35, 65, 18, 41, 42, 43, 37, 61, 36, 49, 53, 13, 54, 71, 45, 77, 67, 22, 14, 78, 62, 60, 15, 50, 59, 70, 57, 73, 75, 68, 63, 31, 9, 1, 26, 5, 74, 0, 64, 32, 7, 28, 30, 25, 29, 40, 11, 6, 34, 10, 69, 21, 19, 23, 20, 58, 24, 55, 46, 38, 39, 3, 56, 48, 76, 51, 47, 66, 44, 16, 2, 33, 72]
og index list energy: 104973078.55946673
index list: [53, 54, 34, 35, 32, 12, 57, 1, 2, 9, 10, 11, 25, 26, 27, 28, 29, 30, 31, 3, 15, 19, 20, 21, 22, 23, 78, 18, 41, 76, 72, 7, 8, 73, 4, 5, 46, 39, 60, 61, 37, 52, 67, 68, 70, 71, 50, 44, 45, 51, 38, 47, 48, 64, 0, 58, 75, 43, 36, 62, 63, 74, 17, 49, 42, 33, 79, 65, 77, 55, 24, 66, 14, 56, 13, 16, 40, 6, 69, 59]
index list energy: 1841333.986455299
Done


program ended at: 2019-04-24 18:24:04.617327 
 time delta: 0:39:13.073313
