## SLURM PROLOG ###############################################################
##    Job ID : 2089331
##  Job Name : NOESY_30
##  Nodelist : node1164
##      CPUs : 1
##  Mem/Node : 1024 MB
## Directory : /gpfs/data/nfawzi/skale/Fawzi_pycharm_project
##   Started : Fri Jan 18 23:49:00 EST 2019
###############################################################################
iterations: 10000000 temp: 1000000.0 exponent: 0.7 eif: 300.0
time taken (sec): 986.1396760940552
number of iterations: 10000000
og index list: [(0, 72), (1, 57), (2, 77), (3, 70), (4, 20), (5, 21), (6, 34), (7, 29), (8, 25), (9, 5), (10, 22), (11, 53), (12, 41), (13, 26), (79, 51), (14, 15), (15, 52), (16, 3), (78, 36), (17, 65), (18, 63), (19, 13), (20, 67), (21, 33), (22, 56), (23, 69), (24, 79), (25, 58), (26, 59), (27, 23), (28, 35), (29, 30), (30, 44), (31, 0), (32, 76), (77, 16), (33, 24), (34, 27), (35, 48), (36, 37), (37, 45), (38, 60), (39, 64), (40, 78), (41, 32), (76, 2), (42, 31), (43, 4), (44, 47), (45, 18), (46, 7), (47, 1), (48, 40), (49, 61), (50, 8), (51, 73), (52, 11), (53, 49), (54, 74), (55, 10), (56, 55), (57, 54), (58, 14), (75, 46), (59, 19), (60, 68), (61, 71), (62, 42), (63, 28), (64, 12), (65, 50), (66, 17), (67, 39), (68, 43), (69, 62), (70, 9), (71, 38), (74, 6), (72, 75), (73, 66)]
og index list energy: 104565764.45518239
index_list: [(0, 47), (1, 1), (2, 2), (3, 3), (4, 4), (5, 5), (6, 6), (7, 7), (8, 8), (9, 9), (10, 10), (11, 11), (12, 12), (13, 13), (79, 49), (14, 14), (15, 15), (16, 16), (78, 74), (17, 17), (18, 18), (19, 19), (20, 20), (21, 21), (22, 22), (23, 23), (24, 24), (25, 25), (26, 26), (27, 27), (28, 28), (29, 29), (30, 30), (31, 31), (32, 32), (77, 79), (33, 33), (34, 34), (35, 35), (36, 36), (37, 37), (38, 38), (39, 39), (40, 40), (41, 41), (76, 0), (42, 78), (43, 42), (44, 43), (45, 44), (46, 45), (47, 46), (48, 48), (49, 76), (50, 50), (51, 51), (52, 52), (53, 53), (54, 54), (55, 55), (56, 56), (57, 57), (58, 58), (75, 77), (59, 59), (60, 60), (61, 61), (62, 62), (63, 63), (64, 64), (65, 65), (66, 66), (67, 67), (68, 68), (69, 69), (70, 70), (71, 71), (74, 75), (72, 72), (73, 73)]
index list: [47, 1, 2, 3, 4, 5, 6, 7, 8, 9, 10, 11, 12, 13, 49, 14, 15, 16, 74, 17, 18, 19, 20, 21, 22, 23, 24, 25, 26, 27, 28, 29, 30, 31, 32, 79, 33, 34, 35, 36, 37, 38, 39, 40, 41, 0, 78, 42, 43, 44, 45, 46, 48, 76, 50, 51, 52, 53, 54, 55, 56, 57, 58, 77, 59, 60, 61, 62, 63, 64, 65, 66, 67, 68, 69, 70, 71, 75, 72, 73]
index list energy: 120175.44357107127
Done


iterations: 10000000 temp: 1000000.0 exponent: 0.7 eif: 300.0
time taken (sec): 943.3586778640747
number of iterations: 10000000
og index list: [(0, 19), (1, 61), (2, 28), (3, 25), (4, 64), (5, 18), (6, 23), (7, 57), (8, 38), (9, 70), (10, 49), (11, 2), (12, 76), (13, 34), (79, 62), (14, 1), (15, 43), (16, 53), (78, 32), (17, 60), (18, 21), (19, 56), (20, 31), (21, 74), (22, 5), (23, 50), (24, 77), (25, 6), (26, 69), (27, 54), (28, 24), (29, 12), (30, 55), (31, 13), (32, 9), (77, 7), (33, 42), (34, 36), (35, 14), (36, 63), (37, 22), (38, 35), (39, 15), (40, 41), (41, 27), (76, 10), (42, 78), (43, 68), (44, 29), (45, 67), (46, 30), (47, 26), (48, 75), (49, 47), (50, 0), (51, 3), (52, 45), (53, 40), (54, 73), (55, 4), (56, 71), (57, 11), (58, 72), (75, 58), (59, 65), (60, 16), (61, 46), (62, 20), (63, 51), (64, 39), (65, 17), (66, 33), (67, 52), (68, 59), (69, 79), (70, 44), (71, 37), (74, 8), (72, 66), (73, 48)]
og index list energy: 121117703.95739995
index_list: [(0, 0), (1, 1), (2, 2), (3, 3), (4, 4), (5, 5), (6, 6), (7, 7), (8, 8), (9, 9), (10, 10), (11, 11), (12, 12), (13, 13), (79, 49), (14, 14), (15, 15), (16, 16), (78, 77), (17, 17), (18, 18), (19, 19), (20, 20), (21, 21), (22, 22), (23, 23), (24, 24), (25, 25), (26, 26), (27, 27), (28, 28), (29, 29), (30, 30), (31, 31), (32, 32), (77, 76), (33, 33), (34, 34), (35, 35), (36, 36), (37, 37), (38, 38), (39, 39), (40, 40), (41, 41), (76, 71), (42, 75), (43, 43), (44, 44), (45, 45), (46, 46), (47, 47), (48, 48), (49, 78), (50, 50), (51, 51), (52, 52), (53, 53), (54, 54), (55, 55), (56, 56), (57, 57), (58, 58), (75, 79), (59, 59), (60, 60), (61, 61), (62, 62), (63, 63), (64, 64), (65, 65), (66, 66), (67, 67), (68, 68), (69, 69), (70, 70), (71, 74), (74, 42), (72, 72), (73, 73)]
index list: [0, 1, 2, 3, 4, 5, 6, 7, 8, 9, 10, 11, 12, 13, 49, 14, 15, 16, 77, 17, 18, 19, 20, 21, 22, 23, 24, 25, 26, 27, 28, 29, 30, 31, 32, 76, 33, 34, 35, 36, 37, 38, 39, 40, 41, 71, 75, 43, 44, 45, 46, 47, 48, 78, 50, 51, 52, 53, 54, 55, 56, 57, 58, 79, 59, 60, 61, 62, 63, 64, 65, 66, 67, 68, 69, 70, 74, 42, 72, 73]
index list energy: 108070.45780373304
Done


iterations: 10000000 temp: 1000000.0 exponent: 0.7 eif: 300.0
time taken (sec): 868.481112241745
number of iterations: 10000000
og index list: [(0, 57), (1, 5), (2, 54), (3, 75), (4, 28), (5, 9), (6, 77), (7, 79), (8, 65), (9, 63), (10, 55), (11, 33), (12, 78), (13, 66), (79, 52), (14, 41), (15, 68), (16, 31), (78, 37), (17, 1), (18, 26), (19, 62), (20, 43), (21, 34), (22, 27), (23, 71), (24, 21), (25, 35), (26, 17), (27, 2), (28, 20), (29, 19), (30, 61), (31, 46), (32, 3), (77, 22), (33, 7), (34, 48), (35, 72), (36, 45), (37, 36), (38, 67), (39, 12), (40, 38), (41, 56), (76, 39), (42, 25), (43, 30), (44, 60), (45, 15), (46, 44), (47, 32), (48, 51), (49, 59), (50, 69), (51, 24), (52, 74), (53, 40), (54, 4), (55, 49), (56, 50), (57, 18), (58, 14), (75, 10), (59, 0), (60, 64), (61, 6), (62, 53), (63, 76), (64, 16), (65, 58), (66, 73), (67, 8), (68, 70), (69, 13), (70, 42), (71, 47), (74, 11), (72, 23), (73, 29)]
og index list energy: 106659785.89970586
index_list: [(0, 72), (1, 73), (2, 76), (3, 14), (4, 15), (5, 74), (6, 77), (7, 17), (8, 18), (9, 6), (10, 7), (11, 8), (12, 9), (13, 10), (79, 11), (14, 12), (15, 13), (16, 16), (78, 0), (17, 1), (18, 2), (19, 19), (20, 20), (21, 21), (22, 22), (23, 23), (24, 24), (25, 25), (26, 26), (27, 27), (28, 28), (29, 29), (30, 30), (31, 31), (32, 32), (77, 49), (33, 33), (34, 34), (35, 35), (36, 36), (37, 37), (38, 38), (39, 39), (40, 40), (41, 41), (76, 75), (42, 42), (43, 43), (44, 44), (45, 45), (46, 46), (47, 47), (48, 48), (49, 78), (50, 50), (51, 51), (52, 52), (53, 53), (54, 54), (55, 55), (56, 56), (57, 57), (58, 58), (75, 79), (59, 59), (60, 60), (61, 61), (62, 62), (63, 63), (64, 64), (65, 65), (66, 66), (67, 67), (68, 68), (69, 69), (70, 70), (71, 71), (74, 4), (72, 5), (73, 3)]
index list: [72, 73, 76, 14, 15, 74, 77, 17, 18, 6, 7, 8, 9, 10, 11, 12, 13, 16, 0, 1, 2, 19, 20, 21, 22, 23, 24, 25, 26, 27, 28, 29, 30, 31, 32, 49, 33, 34, 35, 36, 37, 38, 39, 40, 41, 75, 42, 43, 44, 45, 46, 47, 48, 78, 50, 51, 52, 53, 54, 55, 56, 57, 58, 79, 59, 60, 61, 62, 63, 64, 65, 66, 67, 68, 69, 70, 71, 4, 5, 3]
index list energy: 179373.05451120436
Done


iterations: 10000000 temp: 1000000.0 exponent: 0.7 eif: 300.0
time taken (sec): 837.0510151386261
number of iterations: 10000000
og index list: [(0, 79), (1, 30), (2, 7), (3, 32), (4, 62), (5, 21), (6, 36), (7, 45), (8, 19), (9, 24), (10, 16), (11, 40), (12, 33), (13, 35), (79, 71), (14, 14), (15, 58), (16, 6), (78, 13), (17, 1), (18, 22), (19, 63), (20, 67), (21, 5), (22, 37), (23, 54), (24, 49), (25, 57), (26, 74), (27, 27), (28, 68), (29, 12), (30, 18), (31, 29), (32, 10), (77, 55), (33, 42), (34, 51), (35, 65), (36, 56), (37, 48), (38, 77), (39, 2), (40, 39), (41, 38), (76, 25), (42, 3), (43, 50), (44, 20), (45, 15), (46, 73), (47, 43), (48, 4), (49, 31), (50, 64), (51, 23), (52, 60), (53, 26), (54, 44), (55, 9), (56, 69), (57, 47), (58, 46), (75, 52), (59, 41), (60, 61), (61, 28), (62, 0), (63, 53), (64, 75), (65, 72), (66, 17), (67, 76), (68, 34), (69, 59), (70, 8), (71, 78), (74, 66), (72, 11), (73, 70)]
og index list energy: 93968076.19720985
index_list: [(0, 72), (1, 1), (2, 2), (3, 3), (4, 4), (5, 5), (6, 6), (7, 7), (8, 8), (9, 9), (10, 10), (11, 11), (12, 12), (13, 13), (79, 32), (14, 74), (15, 40), (16, 41), (78, 75), (17, 17), (18, 18), (19, 19), (20, 20), (21, 21), (22, 22), (23, 23), (24, 24), (25, 25), (26, 26), (27, 27), (28, 28), (29, 29), (30, 30), (31, 31), (32, 79), (77, 42), (33, 33), (34, 34), (35, 35), (36, 36), (37, 37), (38, 38), (39, 39), (40, 76), (41, 14), (76, 15), (42, 16), (43, 78), (44, 44), (45, 45), (46, 46), (47, 47), (48, 48), (49, 77), (50, 43), (51, 51), (52, 52), (53, 53), (54, 54), (55, 55), (56, 56), (57, 57), (58, 58), (75, 49), (59, 59), (60, 60), (61, 61), (62, 62), (63, 63), (64, 64), (65, 65), (66, 66), (67, 67), (68, 68), (69, 69), (70, 70), (71, 71), (74, 50), (72, 0), (73, 73)]
index list: [72, 1, 2, 3, 4, 5, 6, 7, 8, 9, 10, 11, 12, 13, 32, 74, 40, 41, 75, 17, 18, 19, 20, 21, 22, 23, 24, 25, 26, 27, 28, 29, 30, 31, 79, 42, 33, 34, 35, 36, 37, 38, 39, 76, 14, 15, 16, 78, 44, 45, 46, 47, 48, 77, 43, 51, 52, 53, 54, 55, 56, 57, 58, 49, 59, 60, 61, 62, 63, 64, 65, 66, 67, 68, 69, 70, 71, 50, 0, 73]
index list energy: 147909.86141495657
Done


iterations: 10000000 temp: 1000000.0 exponent: 0.7 eif: 300.0
time taken (sec): 860.4380493164062
number of iterations: 10000000
og index list: [(0, 2), (1, 10), (2, 0), (3, 16), (4, 72), (5, 1), (6, 47), (7, 74), (8, 25), (9, 53), (10, 57), (11, 67), (12, 13), (13, 71), (79, 41), (14, 9), (15, 77), (16, 24), (78, 35), (17, 79), (18, 60), (19, 54), (20, 27), (21, 37), (22, 23), (23, 75), (24, 29), (25, 52), (26, 11), (27, 50), (28, 58), (29, 31), (30, 76), (31, 44), (32, 21), (77, 65), (33, 45), (34, 73), (35, 59), (36, 55), (37, 17), (38, 30), (39, 43), (40, 5), (41, 78), (76, 4), (42, 32), (43, 12), (44, 62), (45, 69), (46, 51), (47, 48), (48, 33), (49, 38), (50, 39), (51, 61), (52, 26), (53, 14), (54, 28), (55, 3), (56, 34), (57, 7), (58, 64), (75, 49), (59, 8), (60, 42), (61, 40), (62, 20), (63, 6), (64, 46), (65, 66), (66, 18), (67, 56), (68, 36), (69, 19), (70, 68), (71, 15), (74, 70), (72, 22), (73, 63)]
og index list energy: 83290036.68070439
index_list: [(0, 46), (1, 1), (2, 2), (3, 3), (4, 4), (5, 5), (6, 6), (7, 7), (8, 8), (9, 9), (10, 10), (11, 11), (12, 12), (13, 13), (79, 76), (14, 14), (15, 15), (16, 16), (78, 49), (17, 17), (18, 18), (19, 19), (20, 20), (21, 21), (22, 22), (23, 23), (24, 24), (25, 25), (26, 26), (27, 27), (28, 28), (29, 29), (30, 30), (31, 31), (32, 32), (77, 79), (33, 33), (34, 34), (35, 35), (36, 36), (37, 37), (38, 38), (39, 39), (40, 40), (41, 41), (76, 50), (42, 75), (43, 42), (44, 72), (45, 73), (46, 77), (47, 47), (48, 48), (49, 78), (50, 43), (51, 51), (52, 52), (53, 53), (54, 54), (55, 55), (56, 56), (57, 57), (58, 58), (75, 74), (59, 59), (60, 60), (61, 61), (62, 62), (63, 63), (64, 64), (65, 65), (66, 66), (67, 67), (68, 68), (69, 69), (70, 70), (71, 71), (74, 0), (72, 44), (73, 45)]
index list: [46, 1, 2, 3, 4, 5, 6, 7, 8, 9, 10, 11, 12, 13, 76, 14, 15, 16, 49, 17, 18, 19, 20, 21, 22, 23, 24, 25, 26, 27, 28, 29, 30, 31, 32, 79, 33, 34, 35, 36, 37, 38, 39, 40, 41, 50, 75, 42, 72, 73, 77, 47, 48, 78, 43, 51, 52, 53, 54, 55, 56, 57, 58, 74, 59, 60, 61, 62, 63, 64, 65, 66, 67, 68, 69, 70, 71, 0, 44, 45]
index list energy: 134461.69189133774
Done


iterations: 10000000 temp: 1000000.0 exponent: 0.7 eif: 300.0
time taken (sec): 894.3371906280518
number of iterations: 10000000
og index list: [(0, 20), (1, 9), (2, 74), (3, 51), (4, 4), (5, 43), (6, 19), (7, 5), (8, 41), (9, 13), (10, 12), (11, 26), (12, 11), (13, 54), (79, 24), (14, 0), (15, 25), (16, 31), (78, 79), (17, 71), (18, 28), (19, 58), (20, 53), (21, 29), (22, 62), (23, 2), (24, 1), (25, 33), (26, 37), (27, 64), (28, 45), (29, 8), (30, 63), (31, 3), (32, 16), (77, 72), (33, 59), (34, 67), (35, 47), (36, 40), (37, 50), (38, 65), (39, 10), (40, 7), (41, 73), (76, 44), (42, 75), (43, 46), (44, 21), (45, 60), (46, 78), (47, 55), (48, 57), (49, 76), (50, 56), (51, 66), (52, 38), (53, 48), (54, 23), (55, 22), (56, 61), (57, 70), (58, 35), (75, 27), (59, 39), (60, 18), (61, 34), (62, 32), (63, 15), (64, 68), (65, 77), (66, 49), (67, 36), (68, 17), (69, 30), (70, 6), (71, 69), (74, 14), (72, 52), (73, 42)]
og index list energy: 149520086.46629402
index_list: [(0, 0), (1, 1), (2, 2), (3, 3), (4, 4), (5, 5), (6, 6), (7, 7), (8, 8), (9, 9), (10, 10), (11, 11), (12, 12), (13, 13), (79, 74), (14, 14), (15, 15), (16, 16), (78, 76), (17, 17), (18, 18), (19, 19), (20, 20), (21, 21), (22, 22), (23, 23), (24, 24), (25, 25), (26, 26), (27, 27), (28, 28), (29, 29), (30, 30), (31, 31), (32, 32), (77, 77), (33, 33), (34, 34), (35, 35), (36, 36), (37, 37), (38, 38), (39, 39), (40, 40), (41, 41), (76, 75), (42, 42), (43, 43), (44, 44), (45, 45), (46, 46), (47, 47), (48, 48), (49, 79), (50, 50), (51, 51), (52, 52), (53, 53), (54, 54), (55, 55), (56, 56), (57, 57), (58, 58), (75, 49), (59, 59), (60, 60), (61, 61), (62, 62), (63, 63), (64, 64), (65, 65), (66, 66), (67, 67), (68, 68), (69, 69), (70, 70), (71, 71), (74, 78), (72, 72), (73, 73)]
index list: [0, 1, 2, 3, 4, 5, 6, 7, 8, 9, 10, 11, 12, 13, 74, 14, 15, 16, 76, 17, 18, 19, 20, 21, 22, 23, 24, 25, 26, 27, 28, 29, 30, 31, 32, 77, 33, 34, 35, 36, 37, 38, 39, 40, 41, 75, 42, 43, 44, 45, 46, 47, 48, 79, 50, 51, 52, 53, 54, 55, 56, 57, 58, 49, 59, 60, 61, 62, 63, 64, 65, 66, 67, 68, 69, 70, 71, 78, 72, 73]
index list energy: 98209.82393678775
Done


iterations: 10000000 temp: 1000000.0 exponent: 0.7 eif: 300.0
time taken (sec): 833.7156493663788
number of iterations: 10000000
og index list: [(0, 15), (1, 57), (2, 10), (3, 71), (4, 78), (5, 55), (6, 11), (7, 9), (8, 22), (9, 39), (10, 27), (11, 74), (12, 20), (13, 45), (79, 59), (14, 48), (15, 52), (16, 53), (78, 3), (17, 58), (18, 37), (19, 12), (20, 64), (21, 62), (22, 63), (23, 17), (24, 68), (25, 16), (26, 75), (27, 5), (28, 49), (29, 7), (30, 32), (31, 54), (32, 72), (77, 23), (33, 0), (34, 13), (35, 43), (36, 29), (37, 69), (38, 19), (39, 28), (40, 38), (41, 67), (76, 1), (42, 42), (43, 40), (44, 51), (45, 66), (46, 56), (47, 60), (48, 4), (49, 70), (50, 25), (51, 46), (52, 34), (53, 18), (54, 65), (55, 36), (56, 33), (57, 8), (58, 47), (75, 2), (59, 73), (60, 30), (61, 14), (62, 24), (63, 44), (64, 26), (65, 35), (66, 76), (67, 79), (68, 6), (69, 41), (70, 77), (71, 50), (74, 61), (72, 31), (73, 21)]
og index list energy: 132803946.74779874
index_list: [(0, 72), (1, 1), (2, 2), (3, 3), (4, 78), (5, 44), (6, 45), (7, 79), (8, 43), (9, 6), (10, 7), (11, 8), (12, 9), (13, 10), (79, 11), (14, 12), (15, 13), (16, 74), (78, 42), (17, 17), (18, 18), (19, 19), (20, 20), (21, 21), (22, 22), (23, 23), (24, 24), (25, 25), (26, 26), (27, 27), (28, 28), (29, 29), (30, 30), (31, 31), (32, 32), (77, 49), (33, 33), (34, 34), (35, 35), (36, 36), (37, 37), (38, 38), (39, 39), (40, 40), (41, 41), (76, 0), (42, 73), (43, 75), (44, 14), (45, 15), (46, 46), (47, 47), (48, 48), (49, 76), (50, 50), (51, 51), (52, 52), (53, 53), (54, 54), (55, 55), (56, 56), (57, 57), (58, 58), (75, 77), (59, 59), (60, 60), (61, 61), (62, 62), (63, 63), (64, 64), (65, 65), (66, 66), (67, 67), (68, 68), (69, 69), (70, 70), (71, 71), (74, 4), (72, 5), (73, 16)]
index list: [72, 1, 2, 3, 78, 44, 45, 79, 43, 6, 7, 8, 9, 10, 11, 12, 13, 74, 42, 17, 18, 19, 20, 21, 22, 23, 24, 25, 26, 27, 28, 29, 30, 31, 32, 49, 33, 34, 35, 36, 37, 38, 39, 40, 41, 0, 73, 75, 14, 15, 46, 47, 48, 76, 50, 51, 52, 53, 54, 55, 56, 57, 58, 77, 59, 60, 61, 62, 63, 64, 65, 66, 67, 68, 69, 70, 71, 4, 5, 16]
index list energy: 193891.3925612027
Done


iterations: 10000000 temp: 1000000.0 exponent: 0.7 eif: 300.0
time taken (sec): 889.7285466194153
number of iterations: 10000000
og index list: [(0, 9), (1, 44), (2, 54), (3, 33), (4, 1), (5, 28), (6, 39), (7, 37), (8, 79), (9, 61), (10, 50), (11, 64), (12, 18), (13, 29), (79, 23), (14, 70), (15, 25), (16, 71), (78, 20), (17, 11), (18, 76), (19, 69), (20, 52), (21, 65), (22, 43), (23, 40), (24, 57), (25, 38), (26, 47), (27, 72), (28, 12), (29, 3), (30, 35), (31, 36), (32, 10), (77, 27), (33, 42), (34, 19), (35, 16), (36, 67), (37, 78), (38, 32), (39, 68), (40, 51), (41, 60), (76, 7), (42, 2), (43, 15), (44, 74), (45, 4), (46, 66), (47, 13), (48, 59), (49, 73), (50, 62), (51, 31), (52, 41), (53, 30), (54, 56), (55, 48), (56, 34), (57, 8), (58, 26), (75, 75), (59, 21), (60, 5), (61, 55), (62, 63), (63, 53), (64, 46), (65, 17), (66, 6), (67, 0), (68, 22), (69, 45), (70, 58), (71, 24), (74, 49), (72, 14), (73, 77)]
og index list energy: 115417166.9269907
index_list: [(0, 0), (1, 1), (2, 2), (3, 3), (4, 4), (5, 5), (6, 6), (7, 7), (8, 8), (9, 9), (10, 10), (11, 11), (12, 12), (13, 13), (79, 77), (14, 14), (15, 15), (16, 16), (78, 74), (17, 17), (18, 18), (19, 19), (20, 20), (21, 21), (22, 22), (23, 23), (24, 24), (25, 25), (26, 26), (27, 27), (28, 28), (29, 29), (30, 30), (31, 31), (32, 32), (77, 79), (33, 33), (34, 34), (35, 35), (36, 36), (37, 37), (38, 38), (39, 39), (40, 40), (41, 41), (76, 76), (42, 42), (43, 43), (44, 44), (45, 45), (46, 46), (47, 47), (48, 48), (49, 78), (50, 50), (51, 51), (52, 52), (53, 53), (54, 54), (55, 55), (56, 56), (57, 57), (58, 58), (75, 75), (59, 59), (60, 60), (61, 61), (62, 62), (63, 63), (64, 64), (65, 65), (66, 66), (67, 67), (68, 68), (69, 69), (70, 70), (71, 71), (74, 49), (72, 72), (73, 73)]
index list: [0, 1, 2, 3, 4, 5, 6, 7, 8, 9, 10, 11, 12, 13, 77, 14, 15, 16, 74, 17, 18, 19, 20, 21, 22, 23, 24, 25, 26, 27, 28, 29, 30, 31, 32, 79, 33, 34, 35, 36, 37, 38, 39, 40, 41, 76, 42, 43, 44, 45, 46, 47, 48, 78, 50, 51, 52, 53, 54, 55, 56, 57, 58, 75, 59, 60, 61, 62, 63, 64, 65, 66, 67, 68, 69, 70, 71, 49, 72, 73]
index list energy: 98209.82393678775
Done


iterations: 10000000 temp: 1000000.0 exponent: 0.7 eif: 300.0
time taken (sec): 903.6169235706329
number of iterations: 10000000
og index list: [(0, 61), (1, 5), (2, 69), (3, 74), (4, 2), (5, 76), (6, 27), (7, 39), (8, 41), (9, 15), (10, 22), (11, 60), (12, 42), (13, 78), (79, 71), (14, 56), (15, 46), (16, 37), (78, 75), (17, 51), (18, 28), (19, 59), (20, 1), (21, 33), (22, 66), (23, 79), (24, 47), (25, 73), (26, 14), (27, 58), (28, 3), (29, 63), (30, 43), (31, 29), (32, 72), (77, 13), (33, 44), (34, 52), (35, 23), (36, 26), (37, 40), (38, 65), (39, 57), (40, 11), (41, 55), (76, 6), (42, 53), (43, 21), (44, 12), (45, 8), (46, 70), (47, 62), (48, 32), (49, 48), (50, 68), (51, 35), (52, 50), (53, 18), (54, 49), (55, 77), (56, 38), (57, 36), (58, 30), (75, 17), (59, 24), (60, 25), (61, 31), (62, 7), (63, 9), (64, 16), (65, 20), (66, 54), (67, 4), (68, 34), (69, 45), (70, 19), (71, 10), (74, 64), (72, 0), (73, 67)]
og index list energy: 115368845.32408662
index_list: [(0, 0), (1, 1), (2, 2), (3, 3), (4, 4), (5, 5), (6, 6), (7, 7), (8, 8), (9, 9), (10, 10), (11, 11), (12, 12), (13, 13), (79, 75), (14, 14), (15, 15), (16, 16), (78, 49), (17, 17), (18, 18), (19, 19), (20, 20), (21, 21), (22, 22), (23, 23), (24, 24), (25, 25), (26, 26), (27, 27), (28, 28), (29, 29), (30, 30), (31, 31), (32, 32), (77, 76), (33, 33), (34, 34), (35, 35), (36, 36), (37, 37), (38, 38), (39, 39), (40, 40), (41, 41), (76, 78), (42, 42), (43, 43), (44, 44), (45, 45), (46, 46), (47, 47), (48, 48), (49, 77), (50, 50), (51, 51), (52, 52), (53, 53), (54, 54), (55, 55), (56, 56), (57, 57), (58, 58), (75, 79), (59, 59), (60, 60), (61, 61), (62, 62), (63, 63), (64, 64), (65, 65), (66, 66), (67, 67), (68, 68), (69, 69), (70, 70), (71, 71), (74, 74), (72, 72), (73, 73)]
index list: [0, 1, 2, 3, 4, 5, 6, 7, 8, 9, 10, 11, 12, 13, 75, 14, 15, 16, 49, 17, 18, 19, 20, 21, 22, 23, 24, 25, 26, 27, 28, 29, 30, 31, 32, 76, 33, 34, 35, 36, 37, 38, 39, 40, 41, 78, 42, 43, 44, 45, 46, 47, 48, 77, 50, 51, 52, 53, 54, 55, 56, 57, 58, 79, 59, 60, 61, 62, 63, 64, 65, 66, 67, 68, 69, 70, 71, 74, 72, 73]
index list energy: 98209.82393678775
Done


iterations: 10000000 temp: 1000000.0 exponent: 0.7 eif: 300.0
time taken (sec): 777.1194489002228
number of iterations: 10000000
og index list: [(0, 79), (1, 60), (2, 54), (3, 13), (4, 73), (5, 2), (6, 12), (7, 69), (8, 53), (9, 32), (10, 17), (11, 42), (12, 38), (13, 24), (79, 7), (14, 3), (15, 45), (16, 31), (78, 74), (17, 18), (18, 76), (19, 41), (20, 58), (21, 68), (22, 11), (23, 28), (24, 39), (25, 50), (26, 47), (27, 71), (28, 57), (29, 26), (30, 34), (31, 59), (32, 43), (77, 62), (33, 33), (34, 29), (35, 67), (36, 23), (37, 8), (38, 35), (39, 78), (40, 0), (41, 6), (76, 51), (42, 65), (43, 46), (44, 72), (45, 37), (46, 22), (47, 66), (48, 40), (49, 27), (50, 70), (51, 19), (52, 61), (53, 16), (54, 44), (55, 63), (56, 1), (57, 9), (58, 30), (75, 49), (59, 10), (60, 64), (61, 15), (62, 77), (63, 55), (64, 36), (65, 14), (66, 25), (67, 52), (68, 21), (69, 5), (70, 48), (71, 20), (74, 75), (72, 56), (73, 4)]
og index list energy: 123753401.62563495
index_list: [(0, 72), (1, 73), (2, 75), (3, 70), (4, 71), (5, 5), (6, 16), (7, 77), (8, 2), (9, 6), (10, 7), (11, 8), (12, 9), (13, 10), (79, 11), (14, 12), (15, 13), (16, 41), (78, 49), (17, 17), (18, 18), (19, 19), (20, 20), (21, 21), (22, 22), (23, 23), (24, 24), (25, 25), (26, 26), (27, 27), (28, 28), (29, 29), (30, 30), (31, 31), (32, 79), (77, 42), (33, 33), (34, 34), (35, 35), (36, 36), (37, 37), (38, 38), (39, 39), (40, 40), (41, 3), (76, 4), (42, 76), (43, 43), (44, 44), (45, 45), (46, 46), (47, 47), (48, 48), (49, 74), (50, 50), (51, 51), (52, 52), (53, 53), (54, 54), (55, 55), (56, 56), (57, 57), (58, 58), (75, 78), (59, 59), (60, 60), (61, 61), (62, 62), (63, 63), (64, 64), (65, 65), (66, 66), (67, 67), (68, 68), (69, 69), (70, 14), (71, 15), (74, 32), (72, 0), (73, 1)]
index list: [72, 73, 75, 70, 71, 5, 16, 77, 2, 6, 7, 8, 9, 10, 11, 12, 13, 41, 49, 17, 18, 19, 20, 21, 22, 23, 24, 25, 26, 27, 28, 29, 30, 31, 79, 42, 33, 34, 35, 36, 37, 38, 39, 40, 3, 4, 76, 43, 44, 45, 46, 47, 48, 74, 50, 51, 52, 53, 54, 55, 56, 57, 58, 78, 59, 60, 61, 62, 63, 64, 65, 66, 67, 68, 69, 14, 15, 32, 0, 1]
index list energy: 233955.1065786312
Done


iterations: 10000000 temp: 1000000.0 exponent: 0.7 eif: 300.0
time taken (sec): 897.0832884311676
number of iterations: 10000000
og index list: [(0, 72), (1, 31), (2, 14), (3, 24), (4, 17), (5, 1), (6, 75), (7, 34), (8, 29), (9, 28), (10, 5), (11, 38), (12, 20), (13, 19), (79, 71), (14, 52), (15, 44), (16, 79), (78, 51), (17, 76), (18, 42), (19, 27), (20, 23), (21, 78), (22, 45), (23, 53), (24, 70), (25, 11), (26, 7), (27, 13), (28, 25), (29, 68), (30, 48), (31, 21), (32, 2), (77, 3), (33, 59), (34, 16), (35, 54), (36, 50), (37, 33), (38, 0), (39, 63), (40, 46), (41, 60), (76, 30), (42, 22), (43, 26), (44, 56), (45, 61), (46, 74), (47, 32), (48, 6), (49, 4), (50, 47), (51, 66), (52, 36), (53, 58), (54, 37), (55, 15), (56, 18), (57, 77), (58, 39), (75, 10), (59, 64), (60, 35), (61, 65), (62, 69), (63, 67), (64, 49), (65, 12), (66, 55), (67, 62), (68, 40), (69, 73), (70, 57), (71, 8), (74, 41), (72, 9), (73, 43)]
og index list energy: 102165354.06326412
index_list: [(0, 0), (1, 1), (2, 2), (3, 3), (4, 4), (5, 5), (6, 6), (7, 7), (8, 8), (9, 9), (10, 10), (11, 11), (12, 12), (13, 13), (79, 77), (14, 14), (15, 15), (16, 16), (78, 75), (17, 17), (18, 18), (19, 19), (20, 20), (21, 21), (22, 22), (23, 23), (24, 24), (25, 25), (26, 26), (27, 27), (28, 28), (29, 29), (30, 30), (31, 31), (32, 32), (77, 49), (33, 33), (34, 34), (35, 35), (36, 36), (37, 37), (38, 38), (39, 39), (40, 40), (41, 41), (76, 74), (42, 42), (43, 43), (44, 44), (45, 45), (46, 46), (47, 47), (48, 48), (49, 78), (50, 50), (51, 51), (52, 52), (53, 53), (54, 54), (55, 55), (56, 56), (57, 57), (58, 58), (75, 76), (59, 59), (60, 60), (61, 61), (62, 62), (63, 63), (64, 64), (65, 65), (66, 66), (67, 67), (68, 68), (69, 69), (70, 70), (71, 71), (74, 79), (72, 72), (73, 73)]
index list: [0, 1, 2, 3, 4, 5, 6, 7, 8, 9, 10, 11, 12, 13, 77, 14, 15, 16, 75, 17, 18, 19, 20, 21, 22, 23, 24, 25, 26, 27, 28, 29, 30, 31, 32, 49, 33, 34, 35, 36, 37, 38, 39, 40, 41, 74, 42, 43, 44, 45, 46, 47, 48, 78, 50, 51, 52, 53, 54, 55, 56, 57, 58, 76, 59, 60, 61, 62, 63, 64, 65, 66, 67, 68, 69, 70, 71, 79, 72, 73]
index list energy: 98209.82393678775
Done


iterations: 10000000 temp: 1000000.0 exponent: 0.7 eif: 300.0
time taken (sec): 901.167806148529
number of iterations: 10000000
og index list: [(0, 37), (1, 10), (2, 45), (3, 54), (4, 22), (5, 5), (6, 48), (7, 20), (8, 72), (9, 12), (10, 46), (11, 56), (12, 40), (13, 0), (79, 63), (14, 41), (15, 16), (16, 44), (78, 28), (17, 61), (18, 69), (19, 79), (20, 75), (21, 29), (22, 4), (23, 27), (24, 62), (25, 36), (26, 8), (27, 24), (28, 2), (29, 18), (30, 15), (31, 23), (32, 70), (77, 53), (33, 31), (34, 13), (35, 68), (36, 21), (37, 39), (38, 73), (39, 78), (40, 74), (41, 65), (76, 49), (42, 51), (43, 19), (44, 11), (45, 59), (46, 6), (47, 55), (48, 71), (49, 47), (50, 17), (51, 35), (52, 1), (53, 67), (54, 33), (55, 38), (56, 52), (57, 76), (58, 3), (75, 57), (59, 14), (60, 32), (61, 60), (62, 9), (63, 43), (64, 77), (65, 30), (66, 7), (67, 26), (68, 58), (69, 66), (70, 34), (71, 25), (74, 64), (72, 50), (73, 42)]
og index list energy: 118055656.61711805
index_list: [(0, 0), (1, 1), (2, 2), (3, 3), (4, 4), (5, 5), (6, 6), (7, 7), (8, 8), (9, 9), (10, 10), (11, 11), (12, 12), (13, 13), (79, 78), (14, 14), (15, 15), (16, 16), (78, 79), (17, 17), (18, 18), (19, 19), (20, 20), (21, 21), (22, 22), (23, 23), (24, 24), (25, 25), (26, 26), (27, 27), (28, 28), (29, 29), (30, 30), (31, 31), (32, 32), (77, 75), (33, 33), (34, 34), (35, 35), (36, 36), (37, 37), (38, 38), (39, 39), (40, 40), (41, 41), (76, 49), (42, 42), (43, 43), (44, 44), (45, 45), (46, 46), (47, 47), (48, 48), (49, 74), (50, 50), (51, 51), (52, 52), (53, 53), (54, 54), (55, 55), (56, 56), (57, 57), (58, 58), (75, 76), (59, 59), (60, 60), (61, 61), (62, 62), (63, 63), (64, 64), (65, 65), (66, 66), (67, 67), (68, 68), (69, 69), (70, 70), (71, 71), (74, 77), (72, 72), (73, 73)]
index list: [0, 1, 2, 3, 4, 5, 6, 7, 8, 9, 10, 11, 12, 13, 78, 14, 15, 16, 79, 17, 18, 19, 20, 21, 22, 23, 24, 25, 26, 27, 28, 29, 30, 31, 32, 75, 33, 34, 35, 36, 37, 38, 39, 40, 41, 49, 42, 43, 44, 45, 46, 47, 48, 74, 50, 51, 52, 53, 54, 55, 56, 57, 58, 76, 59, 60, 61, 62, 63, 64, 65, 66, 67, 68, 69, 70, 71, 77, 72, 73]
index list energy: 98209.82393678775
Done


iterations: 10000000 temp: 1000000.0 exponent: 0.7 eif: 300.0
time taken (sec): 875.2077243328094
number of iterations: 10000000
og index list: [(0, 33), (1, 65), (2, 57), (3, 54), (4, 13), (5, 47), (6, 44), (7, 26), (8, 79), (9, 0), (10, 66), (11, 36), (12, 70), (13, 35), (79, 3), (14, 63), (15, 71), (16, 68), (78, 55), (17, 10), (18, 8), (19, 15), (20, 11), (21, 14), (22, 1), (23, 34), (24, 40), (25, 75), (26, 7), (27, 39), (28, 51), (29, 74), (30, 46), (31, 61), (32, 24), (77, 49), (33, 43), (34, 42), (35, 60), (36, 18), (37, 4), (38, 29), (39, 67), (40, 76), (41, 6), (76, 58), (42, 64), (43, 25), (44, 59), (45, 2), (46, 5), (47, 12), (48, 72), (49, 20), (50, 41), (51, 22), (52, 38), (53, 52), (54, 73), (55, 30), (56, 50), (57, 21), (58, 45), (75, 31), (59, 78), (60, 17), (61, 23), (62, 27), (63, 37), (64, 69), (65, 48), (66, 16), (67, 62), (68, 9), (69, 56), (70, 32), (71, 19), (74, 77), (72, 28), (73, 53)]
og index list energy: 100162479.36516048
index_list: [(0, 0), (1, 1), (2, 2), (3, 3), (4, 4), (5, 5), (6, 6), (7, 7), (8, 8), (9, 9), (10, 10), (11, 11), (12, 12), (13, 13), (79, 78), (14, 14), (15, 15), (16, 16), (78, 79), (17, 17), (18, 18), (19, 19), (20, 20), (21, 21), (22, 22), (23, 23), (24, 24), (25, 25), (26, 26), (27, 27), (28, 28), (29, 29), (30, 30), (31, 31), (32, 32), (77, 76), (33, 33), (34, 34), (35, 35), (36, 36), (37, 37), (38, 38), (39, 39), (40, 40), (41, 41), (76, 71), (42, 75), (43, 43), (44, 44), (45, 45), (46, 46), (47, 47), (48, 48), (49, 49), (50, 50), (51, 51), (52, 52), (53, 53), (54, 54), (55, 55), (56, 56), (57, 57), (58, 58), (75, 74), (59, 59), (60, 60), (61, 61), (62, 62), (63, 63), (64, 64), (65, 65), (66, 66), (67, 67), (68, 68), (69, 69), (70, 70), (71, 77), (74, 42), (72, 72), (73, 73)]
index list: [0, 1, 2, 3, 4, 5, 6, 7, 8, 9, 10, 11, 12, 13, 78, 14, 15, 16, 79, 17, 18, 19, 20, 21, 22, 23, 24, 25, 26, 27, 28, 29, 30, 31, 32, 76, 33, 34, 35, 36, 37, 38, 39, 40, 41, 71, 75, 43, 44, 45, 46, 47, 48, 49, 50, 51, 52, 53, 54, 55, 56, 57, 58, 74, 59, 60, 61, 62, 63, 64, 65, 66, 67, 68, 69, 70, 77, 42, 72, 73]
index list energy: 107771.95799597686
Done


iterations: 10000000 temp: 1000000.0 exponent: 0.7 eif: 300.0
time taken (sec): 826.2149746417999
number of iterations: 10000000
og index list: [(0, 21), (1, 1), (2, 44), (3, 2), (4, 30), (5, 17), (6, 26), (7, 56), (8, 76), (9, 46), (10, 69), (11, 36), (12, 40), (13, 47), (79, 35), (14, 62), (15, 65), (16, 57), (78, 14), (17, 8), (18, 18), (19, 41), (20, 55), (21, 34), (22, 50), (23, 59), (24, 79), (25, 10), (26, 22), (27, 38), (28, 4), (29, 66), (30, 11), (31, 12), (32, 3), (77, 37), (33, 70), (34, 5), (35, 60), (36, 77), (37, 39), (38, 49), (39, 61), (40, 53), (41, 71), (76, 52), (42, 74), (43, 9), (44, 63), (45, 32), (46, 73), (47, 75), (48, 48), (49, 13), (50, 64), (51, 16), (52, 42), (53, 25), (54, 28), (55, 6), (56, 19), (57, 27), (58, 31), (75, 29), (59, 23), (60, 51), (61, 68), (62, 7), (63, 67), (64, 54), (65, 20), (66, 43), (67, 33), (68, 45), (69, 72), (70, 0), (71, 58), (74, 78), (72, 15), (73, 24)]
og index list energy: 102943462.7199767
index_list: [(0, 72), (1, 1), (2, 2), (3, 3), (4, 4), (5, 5), (6, 6), (7, 7), (8, 8), (9, 9), (10, 10), (11, 11), (12, 12), (13, 13), (79, 76), (14, 14), (15, 15), (16, 16), (78, 79), (17, 17), (18, 18), (19, 19), (20, 20), (21, 21), (22, 22), (23, 23), (24, 24), (25, 25), (26, 26), (27, 27), (28, 28), (29, 29), (30, 30), (31, 31), (32, 74), (77, 42), (33, 33), (34, 34), (35, 35), (36, 36), (37, 37), (38, 38), (39, 39), (40, 40), (41, 41), (76, 71), (42, 78), (43, 43), (44, 44), (45, 45), (46, 46), (47, 47), (48, 48), (49, 77), (50, 50), (51, 51), (52, 52), (53, 53), (54, 54), (55, 55), (56, 56), (57, 57), (58, 58), (75, 49), (59, 59), (60, 60), (61, 61), (62, 62), (63, 63), (64, 64), (65, 65), (66, 66), (67, 67), (68, 68), (69, 69), (70, 70), (71, 75), (74, 32), (72, 0), (73, 73)]
index list: [72, 1, 2, 3, 4, 5, 6, 7, 8, 9, 10, 11, 12, 13, 76, 14, 15, 16, 79, 17, 18, 19, 20, 21, 22, 23, 24, 25, 26, 27, 28, 29, 30, 31, 74, 42, 33, 34, 35, 36, 37, 38, 39, 40, 41, 71, 78, 43, 44, 45, 46, 47, 48, 77, 50, 51, 52, 53, 54, 55, 56, 57, 58, 49, 59, 60, 61, 62, 63, 64, 65, 66, 67, 68, 69, 70, 75, 32, 0, 73]
index list energy: 116274.79190342824
Done


iterations: 10000000 temp: 1000000.0 exponent: 0.7 eif: 300.0
time taken (sec): 865.0758059024811
number of iterations: 10000000
og index list: [(0, 49), (1, 74), (2, 79), (3, 31), (4, 53), (5, 71), (6, 56), (7, 76), (8, 13), (9, 26), (10, 7), (11, 43), (12, 30), (13, 39), (79, 14), (14, 5), (15, 1), (16, 68), (78, 63), (17, 38), (18, 19), (19, 41), (20, 42), (21, 58), (22, 17), (23, 32), (24, 66), (25, 48), (26, 73), (27, 54), (28, 67), (29, 22), (30, 70), (31, 77), (32, 3), (77, 15), (33, 78), (34, 40), (35, 25), (36, 50), (37, 61), (38, 44), (39, 52), (40, 8), (41, 72), (76, 69), (42, 20), (43, 16), (44, 51), (45, 55), (46, 11), (47, 6), (48, 46), (49, 18), (50, 60), (51, 12), (52, 75), (53, 0), (54, 64), (55, 37), (56, 23), (57, 27), (58, 21), (75, 65), (59, 24), (60, 45), (61, 57), (62, 10), (63, 34), (64, 36), (65, 33), (66, 59), (67, 29), (68, 9), (69, 62), (70, 2), (71, 4), (74, 28), (72, 35), (73, 47)]
og index list energy: 122759978.61487573
index_list: [(0, 72), (1, 1), (2, 2), (3, 0), (4, 73), (5, 79), (6, 6), (7, 7), (8, 8), (9, 9), (10, 10), (11, 11), (12, 12), (13, 13), (79, 74), (14, 14), (15, 15), (16, 16), (78, 75), (17, 17), (18, 18), (19, 19), (20, 20), (21, 21), (22, 22), (23, 23), (24, 24), (25, 25), (26, 26), (27, 27), (28, 28), (29, 29), (30, 30), (31, 31), (32, 32), (77, 76), (33, 33), (34, 34), (35, 35), (36, 36), (37, 37), (38, 38), (39, 39), (40, 40), (41, 41), (76, 77), (42, 42), (43, 43), (44, 44), (45, 45), (46, 46), (47, 47), (48, 48), (49, 78), (50, 50), (51, 51), (52, 52), (53, 53), (54, 54), (55, 55), (56, 56), (57, 57), (58, 58), (75, 49), (59, 59), (60, 60), (61, 61), (62, 62), (63, 63), (64, 64), (65, 65), (66, 66), (67, 67), (68, 68), (69, 69), (70, 70), (71, 71), (74, 4), (72, 5), (73, 3)]
index list: [72, 1, 2, 0, 73, 79, 6, 7, 8, 9, 10, 11, 12, 13, 74, 14, 15, 16, 75, 17, 18, 19, 20, 21, 22, 23, 24, 25, 26, 27, 28, 29, 30, 31, 32, 76, 33, 34, 35, 36, 37, 38, 39, 40, 41, 77, 42, 43, 44, 45, 46, 47, 48, 78, 50, 51, 52, 53, 54, 55, 56, 57, 58, 49, 59, 60, 61, 62, 63, 64, 65, 66, 67, 68, 69, 70, 71, 4, 5, 3]
index list energy: 121336.90490276847
Done


iterations: 10000000 temp: 1000000.0 exponent: 0.7 eif: 300.0
time taken (sec): 828.4682595729828
number of iterations: 10000000
og index list: [(0, 57), (1, 13), (2, 22), (3, 65), (4, 19), (5, 51), (6, 30), (7, 27), (8, 71), (9, 50), (10, 76), (11, 31), (12, 16), (13, 11), (79, 59), (14, 23), (15, 3), (16, 68), (78, 12), (17, 41), (18, 44), (19, 37), (20, 62), (21, 66), (22, 55), (23, 43), (24, 2), (25, 34), (26, 39), (27, 14), (28, 64), (29, 0), (30, 36), (31, 35), (32, 26), (77, 48), (33, 60), (34, 5), (35, 8), (36, 9), (37, 32), (38, 24), (39, 54), (40, 67), (41, 20), (76, 52), (42, 63), (43, 49), (44, 1), (45, 17), (46, 40), (47, 18), (48, 78), (49, 25), (50, 10), (51, 47), (52, 42), (53, 29), (54, 21), (55, 53), (56, 58), (57, 33), (58, 15), (75, 77), (59, 46), (60, 4), (61, 56), (62, 61), (63, 79), (64, 6), (65, 28), (66, 38), (67, 74), (68, 72), (69, 73), (70, 7), (71, 45), (74, 70), (72, 69), (73, 75)]
og index list energy: 135860930.1693097
index_list: [(0, 14), (1, 5), (2, 75), (3, 42), (4, 72), (5, 73), (6, 77), (7, 1), (8, 2), (9, 6), (10, 7), (11, 8), (12, 9), (13, 10), (79, 11), (14, 12), (15, 13), (16, 16), (78, 79), (17, 17), (18, 18), (19, 19), (20, 20), (21, 21), (22, 22), (23, 23), (24, 24), (25, 25), (26, 26), (27, 27), (28, 28), (29, 29), (30, 30), (31, 31), (32, 32), (77, 76), (33, 33), (34, 34), (35, 35), (36, 36), (37, 37), (38, 38), (39, 39), (40, 40), (41, 41), (76, 0), (42, 74), (43, 43), (44, 44), (45, 45), (46, 46), (47, 47), (48, 48), (49, 78), (50, 50), (51, 51), (52, 52), (53, 53), (54, 54), (55, 55), (56, 56), (57, 57), (58, 58), (75, 49), (59, 59), (60, 60), (61, 61), (62, 62), (63, 63), (64, 64), (65, 65), (66, 66), (67, 67), (68, 68), (69, 69), (70, 70), (71, 71), (74, 15), (72, 3), (73, 4)]
index list: [14, 5, 75, 42, 72, 73, 77, 1, 2, 6, 7, 8, 9, 10, 11, 12, 13, 16, 79, 17, 18, 19, 20, 21, 22, 23, 24, 25, 26, 27, 28, 29, 30, 31, 32, 76, 33, 34, 35, 36, 37, 38, 39, 40, 41, 0, 74, 43, 44, 45, 46, 47, 48, 78, 50, 51, 52, 53, 54, 55, 56, 57, 58, 49, 59, 60, 61, 62, 63, 64, 65, 66, 67, 68, 69, 70, 71, 15, 3, 4]
index list energy: 201077.60243040894
Done


iterations: 10000000 temp: 1000000.0 exponent: 0.7 eif: 300.0
time taken (sec): 902.2088985443115
number of iterations: 10000000
og index list: [(0, 23), (1, 40), (2, 35), (3, 64), (4, 39), (5, 52), (6, 16), (7, 4), (8, 51), (9, 33), (10, 13), (11, 65), (12, 3), (13, 74), (79, 2), (14, 79), (15, 70), (16, 22), (78, 67), (17, 63), (18, 0), (19, 49), (20, 24), (21, 34), (22, 37), (23, 75), (24, 30), (25, 56), (26, 5), (27, 71), (28, 76), (29, 44), (30, 57), (31, 59), (32, 26), (77, 48), (33, 25), (34, 27), (35, 62), (36, 20), (37, 11), (38, 68), (39, 9), (40, 12), (41, 42), (76, 41), (42, 47), (43, 17), (44, 32), (45, 29), (46, 46), (47, 69), (48, 10), (49, 77), (50, 73), (51, 38), (52, 18), (53, 50), (54, 14), (55, 36), (56, 55), (57, 7), (58, 21), (75, 8), (59, 31), (60, 19), (61, 53), (62, 72), (63, 43), (64, 58), (65, 15), (66, 61), (67, 54), (68, 45), (69, 1), (70, 6), (71, 66), (74, 28), (72, 60), (73, 78)]
og index list energy: 90722435.63730165
index_list: [(0, 0), (1, 1), (2, 2), (3, 3), (4, 4), (5, 5), (6, 6), (7, 7), (8, 8), (9, 9), (10, 10), (11, 11), (12, 12), (13, 13), (79, 49), (14, 14), (15, 15), (16, 16), (78, 75), (17, 17), (18, 18), (19, 19), (20, 20), (21, 21), (22, 22), (23, 23), (24, 24), (25, 25), (26, 26), (27, 27), (28, 28), (29, 29), (30, 30), (31, 31), (32, 32), (77, 77), (33, 33), (34, 34), (35, 35), (36, 36), (37, 37), (38, 38), (39, 39), (40, 40), (41, 41), (76, 78), (42, 42), (43, 43), (44, 44), (45, 45), (46, 46), (47, 47), (48, 48), (49, 74), (50, 50), (51, 51), (52, 52), (53, 53), (54, 54), (55, 55), (56, 56), (57, 57), (58, 58), (75, 76), (59, 59), (60, 60), (61, 61), (62, 62), (63, 63), (64, 64), (65, 65), (66, 66), (67, 67), (68, 68), (69, 69), (70, 70), (71, 71), (74, 79), (72, 72), (73, 73)]
index list: [0, 1, 2, 3, 4, 5, 6, 7, 8, 9, 10, 11, 12, 13, 49, 14, 15, 16, 75, 17, 18, 19, 20, 21, 22, 23, 24, 25, 26, 27, 28, 29, 30, 31, 32, 77, 33, 34, 35, 36, 37, 38, 39, 40, 41, 78, 42, 43, 44, 45, 46, 47, 48, 74, 50, 51, 52, 53, 54, 55, 56, 57, 58, 76, 59, 60, 61, 62, 63, 64, 65, 66, 67, 68, 69, 70, 71, 79, 72, 73]
index list energy: 98209.82393678775
Done


iterations: 10000000 temp: 1000000.0 exponent: 0.7 eif: 300.0
time taken (sec): 818.9734809398651
number of iterations: 10000000
og index list: [(0, 34), (1, 67), (2, 77), (3, 60), (4, 69), (5, 57), (6, 43), (7, 35), (8, 48), (9, 61), (10, 59), (11, 25), (12, 4), (13, 13), (79, 20), (14, 5), (15, 2), (16, 36), (78, 6), (17, 66), (18, 14), (19, 44), (20, 31), (21, 62), (22, 27), (23, 23), (24, 3), (25, 51), (26, 71), (27, 10), (28, 12), (29, 74), (30, 40), (31, 70), (32, 73), (77, 19), (33, 68), (34, 45), (35, 33), (36, 17), (37, 22), (38, 9), (39, 38), (40, 49), (41, 11), (76, 47), (42, 50), (43, 75), (44, 29), (45, 18), (46, 42), (47, 39), (48, 78), (49, 56), (50, 24), (51, 72), (52, 46), (53, 28), (54, 0), (55, 21), (56, 30), (57, 41), (58, 64), (75, 65), (59, 55), (60, 7), (61, 8), (62, 16), (63, 15), (64, 54), (65, 53), (66, 1), (67, 58), (68, 37), (69, 76), (70, 26), (71, 63), (74, 52), (72, 32), (73, 79)]
og index list energy: 75305713.68983363
index_list: [(0, 5), (1, 1), (2, 2), (3, 46), (4, 3), (5, 40), (6, 6), (7, 7), (8, 8), (9, 9), (10, 10), (11, 11), (12, 12), (13, 13), (79, 16), (14, 78), (15, 17), (16, 77), (78, 14), (17, 79), (18, 18), (19, 19), (20, 20), (21, 21), (22, 22), (23, 23), (24, 24), (25, 25), (26, 26), (27, 27), (28, 28), (29, 29), (30, 30), (31, 31), (32, 32), (77, 74), (33, 33), (34, 34), (35, 35), (36, 36), (37, 37), (38, 38), (39, 39), (40, 75), (41, 42), (76, 72), (42, 73), (43, 76), (44, 43), (45, 44), (46, 45), (47, 47), (48, 48), (49, 0), (50, 50), (51, 51), (52, 52), (53, 53), (54, 54), (55, 55), (56, 56), (57, 57), (58, 58), (75, 49), (59, 59), (60, 60), (61, 61), (62, 62), (63, 63), (64, 64), (65, 65), (66, 66), (67, 67), (68, 68), (69, 69), (70, 70), (71, 71), (74, 4), (72, 15), (73, 41)]
index list: [5, 1, 2, 46, 3, 40, 6, 7, 8, 9, 10, 11, 12, 13, 16, 78, 17, 77, 14, 79, 18, 19, 20, 21, 22, 23, 24, 25, 26, 27, 28, 29, 30, 31, 32, 74, 33, 34, 35, 36, 37, 38, 39, 75, 42, 72, 73, 76, 43, 44, 45, 47, 48, 0, 50, 51, 52, 53, 54, 55, 56, 57, 58, 49, 59, 60, 61, 62, 63, 64, 65, 66, 67, 68, 69, 70, 71, 4, 15, 41]
index list energy: 253898.15534896145
Done


iterations: 10000000 temp: 1000000.0 exponent: 0.7 eif: 300.0
time taken (sec): 840.4521389007568
number of iterations: 10000000
og index list: [(0, 61), (1, 74), (2, 58), (3, 36), (4, 0), (5, 67), (6, 30), (7, 79), (8, 15), (9, 8), (10, 48), (11, 45), (12, 32), (13, 59), (79, 20), (14, 50), (15, 19), (16, 41), (78, 31), (17, 53), (18, 23), (19, 62), (20, 47), (21, 33), (22, 40), (23, 26), (24, 39), (25, 11), (26, 13), (27, 43), (28, 29), (29, 17), (30, 35), (31, 21), (32, 10), (77, 72), (33, 69), (34, 34), (35, 5), (36, 75), (37, 66), (38, 44), (39, 18), (40, 57), (41, 7), (76, 27), (42, 22), (43, 71), (44, 54), (45, 28), (46, 6), (47, 24), (48, 16), (49, 12), (50, 78), (51, 37), (52, 70), (53, 49), (54, 73), (55, 42), (56, 52), (57, 4), (58, 56), (75, 64), (59, 55), (60, 77), (61, 76), (62, 51), (63, 65), (64, 2), (65, 1), (66, 9), (67, 63), (68, 3), (69, 25), (70, 38), (71, 68), (74, 46), (72, 14), (73, 60)]
og index list energy: 107981405.84126608
index_list: [(0, 0), (1, 1), (2, 2), (3, 3), (4, 4), (5, 5), (6, 6), (7, 7), (8, 8), (9, 9), (10, 10), (11, 11), (12, 12), (13, 13), (79, 78), (14, 14), (15, 15), (16, 16), (78, 76), (17, 17), (18, 18), (19, 19), (20, 20), (21, 21), (22, 22), (23, 23), (24, 24), (25, 25), (26, 26), (27, 27), (28, 28), (29, 29), (30, 30), (31, 31), (32, 32), (77, 49), (33, 33), (34, 37), (35, 38), (36, 48), (37, 34), (38, 35), (39, 41), (40, 77), (41, 42), (76, 43), (42, 44), (43, 45), (44, 46), (45, 47), (46, 39), (47, 40), (48, 36), (49, 79), (50, 50), (51, 51), (52, 52), (53, 53), (54, 54), (55, 55), (56, 56), (57, 57), (58, 58), (75, 74), (59, 59), (60, 60), (61, 61), (62, 62), (63, 63), (64, 64), (65, 65), (66, 66), (67, 67), (68, 68), (69, 69), (70, 72), (71, 73), (74, 75), (72, 70), (73, 71)]
index list: [0, 1, 2, 3, 4, 5, 6, 7, 8, 9, 10, 11, 12, 13, 78, 14, 15, 16, 76, 17, 18, 19, 20, 21, 22, 23, 24, 25, 26, 27, 28, 29, 30, 31, 32, 49, 33, 37, 38, 48, 34, 35, 41, 77, 42, 43, 44, 45, 46, 47, 39, 40, 36, 79, 50, 51, 52, 53, 54, 55, 56, 57, 58, 74, 59, 60, 61, 62, 63, 64, 65, 66, 67, 68, 69, 72, 73, 75, 70, 71]
index list energy: 238408.60933875322
Done


iterations: 10000000 temp: 1000000.0 exponent: 0.7 eif: 300.0
time taken (sec): 850.7400374412537
number of iterations: 10000000
og index list: [(0, 60), (1, 5), (2, 18), (3, 65), (4, 11), (5, 14), (6, 1), (7, 21), (8, 30), (9, 20), (10, 62), (11, 41), (12, 57), (13, 53), (79, 66), (14, 2), (15, 7), (16, 27), (78, 36), (17, 17), (18, 33), (19, 43), (20, 54), (21, 29), (22, 25), (23, 70), (24, 4), (25, 22), (26, 39), (27, 50), (28, 79), (29, 52), (30, 6), (31, 72), (32, 51), (77, 55), (33, 10), (34, 71), (35, 40), (36, 8), (37, 31), (38, 35), (39, 48), (40, 0), (41, 45), (76, 76), (42, 49), (43, 9), (44, 77), (45, 63), (46, 47), (47, 61), (48, 64), (49, 68), (50, 58), (51, 3), (52, 37), (53, 74), (54, 13), (55, 32), (56, 12), (57, 16), (58, 46), (75, 15), (59, 19), (60, 23), (61, 73), (62, 56), (63, 42), (64, 75), (65, 26), (66, 59), (67, 44), (68, 67), (69, 24), (70, 38), (71, 28), (74, 69), (72, 78), (73, 34)]
og index list energy: 112456085.31667832
index_list: [(0, 72), (1, 1), (2, 2), (3, 3), (4, 4), (5, 5), (6, 6), (7, 7), (8, 78), (9, 14), (10, 15), (11, 77), (12, 9), (13, 10), (79, 11), (14, 12), (15, 13), (16, 16), (78, 75), (17, 17), (18, 18), (19, 19), (20, 20), (21, 21), (22, 22), (23, 23), (24, 24), (25, 25), (26, 26), (27, 27), (28, 28), (29, 29), (30, 30), (31, 31), (32, 32), (77, 76), (33, 33), (34, 34), (35, 35), (36, 36), (37, 37), (38, 38), (39, 39), (40, 40), (41, 41), (76, 49), (42, 42), (43, 43), (44, 44), (45, 45), (46, 46), (47, 47), (48, 48), (49, 74), (50, 8), (51, 51), (52, 52), (53, 53), (54, 54), (55, 55), (56, 56), (57, 57), (58, 58), (75, 79), (59, 59), (60, 60), (61, 61), (62, 62), (63, 63), (64, 64), (65, 65), (66, 66), (67, 67), (68, 68), (69, 69), (70, 70), (71, 71), (74, 0), (72, 73), (73, 50)]
index list: [72, 1, 2, 3, 4, 5, 6, 7, 78, 14, 15, 77, 9, 10, 11, 12, 13, 16, 75, 17, 18, 19, 20, 21, 22, 23, 24, 25, 26, 27, 28, 29, 30, 31, 32, 76, 33, 34, 35, 36, 37, 38, 39, 40, 41, 49, 42, 43, 44, 45, 46, 47, 48, 74, 8, 51, 52, 53, 54, 55, 56, 57, 58, 79, 59, 60, 61, 62, 63, 64, 65, 66, 67, 68, 69, 70, 71, 0, 73, 50]
index list energy: 158228.76205980364
Done


iterations: 10000000 temp: 1000000.0 exponent: 0.7 eif: 300.0
time taken (sec): 825.3425278663635
number of iterations: 10000000
og index list: [(0, 2), (1, 42), (2, 29), (3, 1), (4, 78), (5, 14), (6, 33), (7, 12), (8, 34), (9, 9), (10, 23), (11, 37), (12, 64), (13, 54), (79, 38), (14, 58), (15, 39), (16, 74), (78, 18), (17, 21), (18, 60), (19, 57), (20, 72), (21, 66), (22, 76), (23, 40), (24, 44), (25, 43), (26, 13), (27, 50), (28, 3), (29, 56), (30, 27), (31, 6), (32, 68), (77, 24), (33, 71), (34, 16), (35, 10), (36, 61), (37, 70), (38, 63), (39, 41), (40, 17), (41, 69), (76, 77), (42, 4), (43, 65), (44, 49), (45, 55), (46, 7), (47, 47), (48, 19), (49, 28), (50, 0), (51, 11), (52, 26), (53, 36), (54, 22), (55, 5), (56, 20), (57, 73), (58, 51), (75, 35), (59, 15), (60, 67), (61, 25), (62, 75), (63, 53), (64, 62), (65, 52), (66, 30), (67, 32), (68, 8), (69, 79), (70, 59), (71, 46), (74, 45), (72, 48), (73, 31)]
og index list energy: 89957657.09264532
index_list: [(0, 0), (1, 1), (2, 2), (3, 3), (4, 4), (5, 5), (6, 6), (7, 7), (8, 8), (9, 9), (10, 10), (11, 11), (12, 12), (13, 13), (79, 32), (14, 78), (15, 72), (16, 73), (78, 75), (17, 17), (18, 18), (19, 19), (20, 20), (21, 21), (22, 22), (23, 23), (24, 24), (25, 25), (26, 26), (27, 27), (28, 28), (29, 29), (30, 30), (31, 31), (32, 76), (77, 42), (33, 33), (34, 34), (35, 35), (36, 36), (37, 37), (38, 38), (39, 39), (40, 40), (41, 41), (76, 71), (42, 74), (43, 43), (44, 44), (45, 45), (46, 46), (47, 47), (48, 48), (49, 49), (50, 50), (51, 51), (52, 52), (53, 53), (54, 54), (55, 55), (56, 56), (57, 57), (58, 58), (75, 79), (59, 59), (60, 60), (61, 61), (62, 62), (63, 63), (64, 64), (65, 65), (66, 66), (67, 67), (68, 68), (69, 69), (70, 70), (71, 77), (74, 14), (72, 15), (73, 16)]
index list: [0, 1, 2, 3, 4, 5, 6, 7, 8, 9, 10, 11, 12, 13, 32, 78, 72, 73, 75, 17, 18, 19, 20, 21, 22, 23, 24, 25, 26, 27, 28, 29, 30, 31, 76, 42, 33, 34, 35, 36, 37, 38, 39, 40, 41, 71, 74, 43, 44, 45, 46, 47, 48, 49, 50, 51, 52, 53, 54, 55, 56, 57, 58, 79, 59, 60, 61, 62, 63, 64, 65, 66, 67, 68, 69, 70, 77, 14, 15, 16]
index list energy: 125279.79687813079
Done


iterations: 10000000 temp: 1000000.0 exponent: 0.7 eif: 300.0
time taken (sec): 737.631489276886
number of iterations: 10000000
og index list: [(0, 26), (1, 23), (2, 21), (3, 36), (4, 32), (5, 6), (6, 64), (7, 52), (8, 43), (9, 11), (10, 69), (11, 70), (12, 76), (13, 59), (79, 41), (14, 25), (15, 67), (16, 63), (78, 9), (17, 46), (18, 79), (19, 72), (20, 33), (21, 77), (22, 20), (23, 47), (24, 71), (25, 12), (26, 66), (27, 13), (28, 35), (29, 17), (30, 60), (31, 39), (32, 44), (77, 74), (33, 61), (34, 57), (35, 56), (36, 30), (37, 18), (38, 3), (39, 16), (40, 22), (41, 15), (76, 37), (42, 10), (43, 29), (44, 54), (45, 19), (46, 42), (47, 55), (48, 0), (49, 48), (50, 34), (51, 7), (52, 45), (53, 14), (54, 5), (55, 68), (56, 2), (57, 73), (58, 51), (75, 49), (59, 8), (60, 28), (61, 78), (62, 65), (63, 50), (64, 4), (65, 40), (66, 27), (67, 1), (68, 62), (69, 24), (70, 53), (71, 58), (74, 75), (72, 31), (73, 38)]
og index list energy: 108826884.78749762
index_list: [(0, 72), (1, 1), (2, 2), (3, 3), (4, 4), (5, 5), (6, 6), (7, 7), (8, 8), (9, 9), (10, 10), (11, 11), (12, 12), (13, 13), (79, 32), (14, 0), (15, 73), (16, 78), (78, 42), (17, 43), (18, 41), (19, 71), (20, 20), (21, 21), (22, 22), (23, 23), (24, 24), (25, 25), (26, 26), (27, 27), (28, 28), (29, 29), (30, 30), (31, 31), (32, 44), (77, 45), (33, 36), (34, 34), (35, 74), (36, 33), (37, 37), (38, 38), (39, 39), (40, 40), (41, 19), (76, 68), (42, 69), (43, 70), (44, 77), (45, 35), (46, 46), (47, 47), (48, 48), (49, 76), (50, 50), (51, 51), (52, 52), (53, 53), (54, 54), (55, 55), (56, 56), (57, 57), (58, 58), (75, 49), (59, 59), (60, 60), (61, 61), (62, 62), (63, 63), (64, 64), (65, 65), (66, 66), (67, 67), (68, 15), (69, 16), (70, 75), (71, 14), (74, 79), (72, 17), (73, 18)]
index list: [72, 1, 2, 3, 4, 5, 6, 7, 8, 9, 10, 11, 12, 13, 32, 0, 73, 78, 42, 43, 41, 71, 20, 21, 22, 23, 24, 25, 26, 27, 28, 29, 30, 31, 44, 45, 36, 34, 74, 33, 37, 38, 39, 40, 19, 68, 69, 70, 77, 35, 46, 47, 48, 76, 50, 51, 52, 53, 54, 55, 56, 57, 58, 49, 59, 60, 61, 62, 63, 64, 65, 66, 67, 15, 16, 75, 14, 79, 17, 18]
index list energy: 360559.5668008406
Done


iterations: 10000000 temp: 1000000.0 exponent: 0.7 eif: 300.0
time taken (sec): 897.4185817241669
number of iterations: 10000000
og index list: [(0, 45), (1, 67), (2, 10), (3, 19), (4, 44), (5, 25), (6, 53), (7, 77), (8, 35), (9, 47), (10, 69), (11, 70), (12, 12), (13, 49), (79, 22), (14, 59), (15, 11), (16, 79), (78, 13), (17, 28), (18, 61), (19, 0), (20, 42), (21, 15), (22, 48), (23, 73), (24, 46), (25, 55), (26, 41), (27, 75), (28, 8), (29, 18), (30, 68), (31, 66), (32, 72), (77, 36), (33, 4), (34, 39), (35, 74), (36, 2), (37, 17), (38, 64), (39, 37), (40, 76), (41, 31), (76, 60), (42, 29), (43, 23), (44, 71), (45, 20), (46, 34), (47, 56), (48, 52), (49, 27), (50, 9), (51, 24), (52, 38), (53, 65), (54, 3), (55, 26), (56, 50), (57, 78), (58, 5), (75, 1), (59, 14), (60, 30), (61, 40), (62, 32), (63, 21), (64, 6), (65, 43), (66, 51), (67, 7), (68, 16), (69, 54), (70, 33), (71, 57), (74, 62), (72, 63), (73, 58)]
og index list energy: 88183709.726353
index_list: [(0, 0), (1, 1), (2, 2), (3, 3), (4, 4), (5, 5), (6, 6), (7, 7), (8, 8), (9, 9), (10, 10), (11, 11), (12, 12), (13, 13), (79, 74), (14, 14), (15, 15), (16, 16), (78, 77), (17, 17), (18, 18), (19, 19), (20, 20), (21, 21), (22, 22), (23, 23), (24, 24), (25, 25), (26, 26), (27, 27), (28, 28), (29, 29), (30, 30), (31, 31), (32, 32), (77, 75), (33, 33), (34, 34), (35, 35), (36, 36), (37, 37), (38, 38), (39, 39), (40, 40), (41, 41), (76, 78), (42, 42), (43, 43), (44, 44), (45, 45), (46, 46), (47, 47), (48, 48), (49, 76), (50, 50), (51, 51), (52, 52), (53, 53), (54, 54), (55, 55), (56, 56), (57, 57), (58, 58), (75, 49), (59, 59), (60, 60), (61, 61), (62, 62), (63, 63), (64, 64), (65, 65), (66, 66), (67, 67), (68, 68), (69, 69), (70, 70), (71, 71), (74, 79), (72, 72), (73, 73)]
index list: [0, 1, 2, 3, 4, 5, 6, 7, 8, 9, 10, 11, 12, 13, 74, 14, 15, 16, 77, 17, 18, 19, 20, 21, 22, 23, 24, 25, 26, 27, 28, 29, 30, 31, 32, 75, 33, 34, 35, 36, 37, 38, 39, 40, 41, 78, 42, 43, 44, 45, 46, 47, 48, 76, 50, 51, 52, 53, 54, 55, 56, 57, 58, 49, 59, 60, 61, 62, 63, 64, 65, 66, 67, 68, 69, 70, 71, 79, 72, 73]
index list energy: 98209.82393678775
Done


iterations: 10000000 temp: 1000000.0 exponent: 0.7 eif: 300.0
time taken (sec): 846.8143033981323
number of iterations: 10000000
og index list: [(0, 18), (1, 13), (2, 22), (3, 55), (4, 77), (5, 50), (6, 76), (7, 66), (8, 67), (9, 57), (10, 26), (11, 8), (12, 49), (13, 2), (79, 33), (14, 15), (15, 3), (16, 52), (78, 27), (17, 34), (18, 47), (19, 32), (20, 75), (21, 37), (22, 29), (23, 60), (24, 36), (25, 19), (26, 30), (27, 72), (28, 53), (29, 45), (30, 38), (31, 48), (32, 42), (77, 51), (33, 73), (34, 20), (35, 54), (36, 43), (37, 41), (38, 44), (39, 6), (40, 16), (41, 58), (76, 46), (42, 0), (43, 78), (44, 14), (45, 24), (46, 79), (47, 23), (48, 12), (49, 4), (50, 59), (51, 21), (52, 70), (53, 62), (54, 61), (55, 71), (56, 74), (57, 5), (58, 7), (75, 9), (59, 68), (60, 63), (61, 10), (62, 1), (63, 40), (64, 28), (65, 39), (66, 17), (67, 69), (68, 25), (69, 11), (70, 56), (71, 64), (74, 35), (72, 31), (73, 65)]
og index list energy: 86351351.64196554
index_list: [(0, 72), (1, 1), (2, 2), (3, 3), (4, 4), (5, 5), (6, 6), (7, 7), (8, 8), (9, 9), (10, 10), (11, 11), (12, 12), (13, 13), (79, 77), (14, 14), (15, 15), (16, 16), (78, 49), (17, 17), (18, 18), (19, 19), (20, 20), (21, 21), (22, 22), (23, 23), (24, 24), (25, 25), (26, 26), (27, 27), (28, 28), (29, 29), (30, 30), (31, 31), (32, 32), (77, 79), (33, 33), (34, 34), (35, 35), (36, 36), (37, 37), (38, 38), (39, 39), (40, 40), (41, 41), (76, 71), (42, 74), (43, 43), (44, 44), (45, 45), (46, 46), (47, 47), (48, 48), (49, 76), (50, 50), (51, 51), (52, 52), (53, 53), (54, 54), (55, 55), (56, 56), (57, 57), (58, 58), (75, 75), (59, 59), (60, 60), (61, 61), (62, 62), (63, 63), (64, 64), (65, 65), (66, 66), (67, 67), (68, 68), (69, 69), (70, 78), (71, 42), (74, 70), (72, 0), (73, 73)]
index list: [72, 1, 2, 3, 4, 5, 6, 7, 8, 9, 10, 11, 12, 13, 77, 14, 15, 16, 49, 17, 18, 19, 20, 21, 22, 23, 24, 25, 26, 27, 28, 29, 30, 31, 32, 79, 33, 34, 35, 36, 37, 38, 39, 40, 41, 71, 74, 43, 44, 45, 46, 47, 48, 76, 50, 51, 52, 53, 54, 55, 56, 57, 58, 75, 59, 60, 61, 62, 63, 64, 65, 66, 67, 68, 69, 78, 42, 70, 0, 73]
index list energy: 132668.20236244428
Done


iterations: 10000000 temp: 1000000.0 exponent: 0.7 eif: 300.0
time taken (sec): 880.4604053497314
number of iterations: 10000000
og index list: [(0, 0), (1, 39), (2, 72), (3, 2), (4, 75), (5, 78), (6, 16), (7, 65), (8, 10), (9, 68), (10, 1), (11, 44), (12, 48), (13, 28), (79, 24), (14, 56), (15, 64), (16, 63), (78, 55), (17, 51), (18, 8), (19, 9), (20, 53), (21, 66), (22, 3), (23, 11), (24, 7), (25, 45), (26, 77), (27, 74), (28, 73), (29, 6), (30, 21), (31, 40), (32, 58), (77, 67), (33, 42), (34, 13), (35, 26), (36, 69), (37, 15), (38, 46), (39, 61), (40, 52), (41, 76), (76, 31), (42, 36), (43, 79), (44, 33), (45, 50), (46, 4), (47, 29), (48, 18), (49, 17), (50, 22), (51, 19), (52, 14), (53, 59), (54, 32), (55, 20), (56, 70), (57, 12), (58, 25), (75, 41), (59, 60), (60, 43), (61, 34), (62, 71), (63, 23), (64, 30), (65, 49), (66, 5), (67, 27), (68, 57), (69, 54), (70, 37), (71, 62), (74, 47), (72, 35), (73, 38)]
og index list energy: 107714366.53408302
index_list: [(0, 72), (1, 1), (2, 2), (3, 3), (4, 4), (5, 5), (6, 6), (7, 7), (8, 8), (9, 9), (10, 10), (11, 11), (12, 12), (13, 13), (79, 76), (14, 14), (15, 15), (16, 16), (78, 49), (17, 17), (18, 18), (19, 19), (20, 20), (21, 21), (22, 22), (23, 23), (24, 24), (25, 25), (26, 26), (27, 27), (28, 28), (29, 29), (30, 30), (31, 31), (32, 32), (77, 77), (33, 33), (34, 34), (35, 35), (36, 36), (37, 37), (38, 38), (39, 39), (40, 40), (41, 41), (76, 0), (42, 44), (43, 45), (44, 46), (45, 73), (46, 79), (47, 47), (48, 48), (49, 74), (50, 50), (51, 51), (52, 52), (53, 53), (54, 54), (55, 55), (56, 56), (57, 57), (58, 58), (75, 75), (59, 59), (60, 60), (61, 61), (62, 62), (63, 63), (64, 64), (65, 65), (66, 66), (67, 67), (68, 68), (69, 69), (70, 70), (71, 71), (74, 78), (72, 42), (73, 43)]
index list: [72, 1, 2, 3, 4, 5, 6, 7, 8, 9, 10, 11, 12, 13, 76, 14, 15, 16, 49, 17, 18, 19, 20, 21, 22, 23, 24, 25, 26, 27, 28, 29, 30, 31, 32, 77, 33, 34, 35, 36, 37, 38, 39, 40, 41, 0, 44, 45, 46, 73, 79, 47, 48, 74, 50, 51, 52, 53, 54, 55, 56, 57, 58, 75, 59, 60, 61, 62, 63, 64, 65, 66, 67, 68, 69, 70, 71, 78, 42, 43]
index list energy: 141546.6205124153
Done


iterations: 10000000 temp: 1000000.0 exponent: 0.7 eif: 300.0
time taken (sec): 864.1948275566101
number of iterations: 10000000
og index list: [(0, 56), (1, 36), (2, 79), (3, 52), (4, 50), (5, 29), (6, 78), (7, 51), (8, 30), (9, 59), (10, 27), (11, 74), (12, 43), (13, 33), (79, 75), (14, 64), (15, 28), (16, 55), (78, 77), (17, 46), (18, 63), (19, 15), (20, 2), (21, 49), (22, 4), (23, 32), (24, 20), (25, 70), (26, 48), (27, 67), (28, 1), (29, 69), (30, 66), (31, 72), (32, 53), (77, 8), (33, 19), (34, 14), (35, 40), (36, 39), (37, 24), (38, 60), (39, 16), (40, 76), (41, 35), (76, 7), (42, 58), (43, 62), (44, 31), (45, 23), (46, 10), (47, 21), (48, 11), (49, 57), (50, 3), (51, 12), (52, 13), (53, 71), (54, 54), (55, 68), (56, 17), (57, 73), (58, 45), (75, 34), (59, 47), (60, 0), (61, 18), (62, 9), (63, 42), (64, 5), (65, 22), (66, 65), (67, 25), (68, 61), (69, 44), (70, 37), (71, 6), (74, 26), (72, 41), (73, 38)]
og index list energy: 112189380.7014938
index_list: [(0, 2), (1, 1), (2, 0), (3, 73), (4, 79), (5, 72), (6, 6), (7, 7), (8, 8), (9, 9), (10, 10), (11, 11), (12, 12), (13, 13), (79, 78), (14, 14), (15, 15), (16, 16), (78, 49), (17, 17), (18, 18), (19, 19), (20, 20), (21, 21), (22, 22), (23, 23), (24, 24), (25, 25), (26, 26), (27, 27), (28, 28), (29, 29), (30, 30), (31, 31), (32, 32), (77, 74), (33, 33), (34, 34), (35, 35), (36, 36), (37, 37), (38, 38), (39, 39), (40, 40), (41, 41), (76, 77), (42, 42), (43, 43), (44, 44), (45, 45), (46, 46), (47, 47), (48, 48), (49, 75), (50, 50), (51, 51), (52, 52), (53, 53), (54, 54), (55, 55), (56, 56), (57, 57), (58, 58), (75, 76), (59, 59), (60, 60), (61, 61), (62, 62), (63, 63), (64, 64), (65, 65), (66, 66), (67, 67), (68, 68), (69, 69), (70, 70), (71, 71), (74, 4), (72, 5), (73, 3)]
index list: [2, 1, 0, 73, 79, 72, 6, 7, 8, 9, 10, 11, 12, 13, 78, 14, 15, 16, 49, 17, 18, 19, 20, 21, 22, 23, 24, 25, 26, 27, 28, 29, 30, 31, 32, 74, 33, 34, 35, 36, 37, 38, 39, 40, 41, 77, 42, 43, 44, 45, 46, 47, 48, 75, 50, 51, 52, 53, 54, 55, 56, 57, 58, 76, 59, 60, 61, 62, 63, 64, 65, 66, 67, 68, 69, 70, 71, 4, 5, 3]
index list energy: 142196.15978036253
Done


iterations: 10000000 temp: 1000000.0 exponent: 0.7 eif: 300.0
time taken (sec): 831.4285168647766
number of iterations: 10000000
og index list: [(0, 17), (1, 29), (2, 43), (3, 49), (4, 76), (5, 27), (6, 63), (7, 55), (8, 28), (9, 54), (10, 57), (11, 12), (12, 20), (13, 47), (79, 64), (14, 33), (15, 36), (16, 18), (78, 9), (17, 31), (18, 35), (19, 16), (20, 30), (21, 45), (22, 25), (23, 39), (24, 69), (25, 14), (26, 72), (27, 52), (28, 26), (29, 22), (30, 19), (31, 60), (32, 11), (77, 71), (33, 73), (34, 0), (35, 42), (36, 4), (37, 40), (38, 32), (39, 48), (40, 66), (41, 56), (76, 68), (42, 78), (43, 51), (44, 79), (45, 13), (46, 6), (47, 1), (48, 8), (49, 74), (50, 34), (51, 23), (52, 10), (53, 50), (54, 41), (55, 75), (56, 3), (57, 2), (58, 24), (75, 70), (59, 67), (60, 58), (61, 53), (62, 59), (63, 44), (64, 46), (65, 62), (66, 5), (67, 38), (68, 7), (69, 15), (70, 21), (71, 77), (74, 37), (72, 65), (73, 61)]
og index list energy: 91971242.34571254
index_list: [(0, 14), (1, 15), (2, 77), (3, 42), (4, 72), (5, 73), (6, 76), (7, 1), (8, 2), (9, 6), (10, 7), (11, 8), (12, 9), (13, 10), (79, 11), (14, 12), (15, 13), (16, 16), (78, 78), (17, 17), (18, 18), (19, 19), (20, 20), (21, 21), (22, 22), (23, 23), (24, 24), (25, 25), (26, 26), (27, 27), (28, 28), (29, 29), (30, 30), (31, 31), (32, 32), (77, 49), (33, 33), (34, 34), (35, 35), (36, 36), (37, 37), (38, 38), (39, 39), (40, 40), (41, 41), (76, 0), (42, 75), (43, 43), (44, 44), (45, 45), (46, 46), (47, 47), (48, 48), (49, 74), (50, 50), (51, 51), (52, 52), (53, 53), (54, 54), (55, 55), (56, 56), (57, 57), (58, 58), (75, 79), (59, 59), (60, 60), (61, 61), (62, 62), (63, 63), (64, 64), (65, 65), (66, 66), (67, 67), (68, 68), (69, 69), (70, 70), (71, 71), (74, 4), (72, 5), (73, 3)]
index list: [14, 15, 77, 42, 72, 73, 76, 1, 2, 6, 7, 8, 9, 10, 11, 12, 13, 16, 78, 17, 18, 19, 20, 21, 22, 23, 24, 25, 26, 27, 28, 29, 30, 31, 32, 49, 33, 34, 35, 36, 37, 38, 39, 40, 41, 0, 75, 43, 44, 45, 46, 47, 48, 74, 50, 51, 52, 53, 54, 55, 56, 57, 58, 79, 59, 60, 61, 62, 63, 64, 65, 66, 67, 68, 69, 70, 71, 4, 5, 3]
index list energy: 181551.70858493165
Done


iterations: 10000000 temp: 1000000.0 exponent: 0.7 eif: 300.0
time taken (sec): 904.7094905376434
number of iterations: 10000000
og index list: [(0, 64), (1, 65), (2, 6), (3, 58), (4, 25), (5, 20), (6, 42), (7, 69), (8, 63), (9, 39), (10, 44), (11, 8), (12, 17), (13, 59), (79, 50), (14, 75), (15, 27), (16, 52), (78, 22), (17, 3), (18, 49), (19, 73), (20, 77), (21, 12), (22, 32), (23, 23), (24, 36), (25, 68), (26, 14), (27, 54), (28, 29), (29, 70), (30, 72), (31, 21), (32, 4), (77, 60), (33, 38), (34, 33), (35, 15), (36, 9), (37, 66), (38, 30), (39, 45), (40, 18), (41, 57), (76, 67), (42, 19), (43, 78), (44, 76), (45, 47), (46, 31), (47, 43), (48, 16), (49, 37), (50, 48), (51, 62), (52, 2), (53, 35), (54, 26), (55, 74), (56, 40), (57, 10), (58, 24), (75, 55), (59, 56), (60, 79), (61, 11), (62, 46), (63, 51), (64, 1), (65, 53), (66, 61), (67, 0), (68, 28), (69, 5), (70, 71), (71, 34), (74, 13), (72, 7), (73, 41)]
og index list energy: 131446412.94346964
index_list: [(0, 0), (1, 1), (2, 2), (3, 3), (4, 4), (5, 5), (6, 6), (7, 7), (8, 8), (9, 9), (10, 10), (11, 11), (12, 12), (13, 13), (79, 49), (14, 14), (15, 15), (16, 16), (78, 74), (17, 17), (18, 18), (19, 19), (20, 20), (21, 21), (22, 22), (23, 23), (24, 24), (25, 25), (26, 26), (27, 27), (28, 28), (29, 29), (30, 30), (31, 31), (32, 32), (77, 77), (33, 33), (34, 34), (35, 35), (36, 36), (37, 37), (38, 38), (39, 39), (40, 40), (41, 41), (76, 75), (42, 42), (43, 43), (44, 44), (45, 45), (46, 46), (47, 47), (48, 48), (49, 76), (50, 50), (51, 51), (52, 52), (53, 53), (54, 54), (55, 55), (56, 56), (57, 57), (58, 58), (75, 79), (59, 59), (60, 60), (61, 61), (62, 62), (63, 63), (64, 64), (65, 65), (66, 66), (67, 67), (68, 68), (69, 69), (70, 70), (71, 71), (74, 78), (72, 72), (73, 73)]
index list: [0, 1, 2, 3, 4, 5, 6, 7, 8, 9, 10, 11, 12, 13, 49, 14, 15, 16, 74, 17, 18, 19, 20, 21, 22, 23, 24, 25, 26, 27, 28, 29, 30, 31, 32, 77, 33, 34, 35, 36, 37, 38, 39, 40, 41, 75, 42, 43, 44, 45, 46, 47, 48, 76, 50, 51, 52, 53, 54, 55, 56, 57, 58, 79, 59, 60, 61, 62, 63, 64, 65, 66, 67, 68, 69, 70, 71, 78, 72, 73]
index list energy: 98209.82393678775
Done


iterations: 10000000 temp: 1000000.0 exponent: 0.7 eif: 300.0
time taken (sec): 902.7973959445953
number of iterations: 10000000
og index list: [(0, 1), (1, 63), (2, 28), (3, 78), (4, 16), (5, 37), (6, 40), (7, 38), (8, 53), (9, 49), (10, 76), (11, 35), (12, 36), (13, 33), (79, 34), (14, 70), (15, 30), (16, 46), (78, 15), (17, 65), (18, 58), (19, 52), (20, 27), (21, 61), (22, 68), (23, 10), (24, 25), (25, 9), (26, 57), (27, 64), (28, 29), (29, 26), (30, 2), (31, 4), (32, 50), (77, 24), (33, 60), (34, 67), (35, 74), (36, 41), (37, 44), (38, 77), (39, 18), (40, 43), (41, 73), (76, 23), (42, 54), (43, 13), (44, 22), (45, 66), (46, 79), (47, 56), (48, 62), (49, 59), (50, 55), (51, 11), (52, 71), (53, 5), (54, 47), (55, 19), (56, 14), (57, 3), (58, 48), (75, 32), (59, 45), (60, 7), (61, 0), (62, 17), (63, 20), (64, 8), (65, 39), (66, 69), (67, 42), (68, 51), (69, 12), (70, 72), (71, 31), (74, 75), (72, 6), (73, 21)]
og index list energy: 103315290.10565567
index_list: [(0, 0), (1, 1), (2, 2), (3, 3), (4, 4), (5, 5), (6, 6), (7, 7), (8, 8), (9, 9), (10, 10), (11, 11), (12, 12), (13, 13), (79, 74), (14, 14), (15, 15), (16, 16), (78, 75), (17, 17), (18, 18), (19, 19), (20, 20), (21, 21), (22, 22), (23, 23), (24, 24), (25, 25), (26, 26), (27, 27), (28, 28), (29, 29), (30, 30), (31, 31), (32, 32), (77, 79), (33, 33), (34, 34), (35, 35), (36, 36), (37, 37), (38, 38), (39, 39), (40, 40), (41, 41), (76, 76), (42, 42), (43, 43), (44, 44), (45, 45), (46, 46), (47, 47), (48, 48), (49, 78), (50, 50), (51, 51), (52, 52), (53, 53), (54, 54), (55, 55), (56, 56), (57, 57), (58, 58), (75, 77), (59, 59), (60, 60), (61, 61), (62, 62), (63, 63), (64, 64), (65, 65), (66, 66), (67, 67), (68, 68), (69, 69), (70, 70), (71, 71), (74, 49), (72, 72), (73, 73)]
index list: [0, 1, 2, 3, 4, 5, 6, 7, 8, 9, 10, 11, 12, 13, 74, 14, 15, 16, 75, 17, 18, 19, 20, 21, 22, 23, 24, 25, 26, 27, 28, 29, 30, 31, 32, 79, 33, 34, 35, 36, 37, 38, 39, 40, 41, 76, 42, 43, 44, 45, 46, 47, 48, 78, 50, 51, 52, 53, 54, 55, 56, 57, 58, 77, 59, 60, 61, 62, 63, 64, 65, 66, 67, 68, 69, 70, 71, 49, 72, 73]
index list energy: 98209.82393678775
Done


iterations: 10000000 temp: 1000000.0 exponent: 0.7 eif: 300.0
time taken (sec): 897.4220323562622
number of iterations: 10000000
og index list: [(0, 23), (1, 77), (2, 41), (3, 49), (4, 46), (5, 53), (6, 66), (7, 38), (8, 34), (9, 40), (10, 1), (11, 64), (12, 18), (13, 15), (79, 4), (14, 51), (15, 12), (16, 67), (78, 21), (17, 33), (18, 75), (19, 10), (20, 59), (21, 37), (22, 47), (23, 55), (24, 79), (25, 8), (26, 39), (27, 9), (28, 63), (29, 73), (30, 20), (31, 0), (32, 54), (77, 58), (33, 57), (34, 61), (35, 65), (36, 56), (37, 16), (38, 69), (39, 36), (40, 62), (41, 24), (76, 50), (42, 31), (43, 5), (44, 68), (45, 6), (46, 26), (47, 42), (48, 78), (49, 30), (50, 74), (51, 14), (52, 35), (53, 45), (54, 17), (55, 25), (56, 71), (57, 60), (58, 28), (75, 13), (59, 2), (60, 11), (61, 22), (62, 32), (63, 72), (64, 19), (65, 48), (66, 27), (67, 3), (68, 70), (69, 44), (70, 76), (71, 7), (74, 29), (72, 52), (73, 43)]
og index list energy: 112925613.43511516
index_list: [(0, 0), (1, 1), (2, 2), (3, 3), (4, 4), (5, 5), (6, 6), (7, 7), (8, 8), (9, 9), (10, 10), (11, 11), (12, 12), (13, 13), (79, 78), (14, 14), (15, 15), (16, 16), (78, 49), (17, 17), (18, 18), (19, 19), (20, 20), (21, 21), (22, 22), (23, 23), (24, 24), (25, 25), (26, 26), (27, 27), (28, 28), (29, 29), (30, 30), (31, 31), (32, 32), (77, 77), (33, 33), (34, 34), (35, 35), (36, 36), (37, 37), (38, 38), (39, 39), (40, 40), (41, 41), (76, 79), (42, 42), (43, 43), (44, 44), (45, 45), (46, 46), (47, 47), (48, 48), (49, 76), (50, 50), (51, 51), (52, 52), (53, 53), (54, 54), (55, 55), (56, 56), (57, 57), (58, 58), (75, 74), (59, 59), (60, 60), (61, 61), (62, 62), (63, 63), (64, 64), (65, 65), (66, 66), (67, 67), (68, 68), (69, 69), (70, 70), (71, 71), (74, 75), (72, 72), (73, 73)]
index list: [0, 1, 2, 3, 4, 5, 6, 7, 8, 9, 10, 11, 12, 13, 78, 14, 15, 16, 49, 17, 18, 19, 20, 21, 22, 23, 24, 25, 26, 27, 28, 29, 30, 31, 32, 77, 33, 34, 35, 36, 37, 38, 39, 40, 41, 79, 42, 43, 44, 45, 46, 47, 48, 76, 50, 51, 52, 53, 54, 55, 56, 57, 58, 74, 59, 60, 61, 62, 63, 64, 65, 66, 67, 68, 69, 70, 71, 75, 72, 73]
index list energy: 98209.82393678775
Done


iterations: 10000000 temp: 1000000.0 exponent: 0.7 eif: 300.0
time taken (sec): 793.6618928909302
number of iterations: 10000000
og index list: [(0, 8), (1, 20), (2, 23), (3, 28), (4, 14), (5, 2), (6, 54), (7, 41), (8, 19), (9, 71), (10, 34), (11, 58), (12, 33), (13, 11), (79, 0), (14, 17), (15, 4), (16, 47), (78, 1), (17, 31), (18, 55), (19, 74), (20, 61), (21, 76), (22, 9), (23, 69), (24, 75), (25, 44), (26, 15), (27, 53), (28, 50), (29, 40), (30, 73), (31, 22), (32, 26), (77, 21), (33, 46), (34, 3), (35, 64), (36, 18), (37, 77), (38, 78), (39, 48), (40, 52), (41, 39), (76, 70), (42, 51), (43, 60), (44, 38), (45, 6), (46, 5), (47, 49), (48, 37), (49, 67), (50, 65), (51, 24), (52, 42), (53, 45), (54, 66), (55, 25), (56, 79), (57, 72), (58, 36), (75, 62), (59, 13), (60, 57), (61, 56), (62, 29), (63, 7), (64, 43), (65, 30), (66, 32), (67, 12), (68, 35), (69, 10), (70, 27), (71, 63), (74, 59), (72, 16), (73, 68)]
og index list energy: 115820479.28660506
index_list: [(0, 1), (1, 2), (2, 16), (3, 76), (4, 14), (5, 5), (6, 6), (7, 7), (8, 8), (9, 9), (10, 10), (11, 11), (12, 12), (13, 13), (79, 49), (14, 70), (15, 71), (16, 68), (78, 69), (17, 17), (18, 18), (19, 19), (20, 20), (21, 21), (22, 22), (23, 23), (24, 24), (25, 25), (26, 26), (27, 27), (28, 28), (29, 29), (30, 30), (31, 31), (32, 32), (77, 77), (33, 33), (34, 37), (35, 38), (36, 48), (37, 34), (38, 35), (39, 3), (40, 40), (41, 74), (76, 72), (42, 73), (43, 75), (44, 42), (45, 43), (46, 44), (47, 45), (48, 36), (49, 0), (50, 50), (51, 51), (52, 52), (53, 53), (54, 54), (55, 55), (56, 56), (57, 57), (58, 58), (75, 78), (59, 59), (60, 60), (61, 61), (62, 62), (63, 63), (64, 64), (65, 65), (66, 66), (67, 67), (68, 79), (69, 47), (70, 39), (71, 4), (74, 15), (72, 46), (73, 41)]
index list: [1, 2, 16, 76, 14, 5, 6, 7, 8, 9, 10, 11, 12, 13, 49, 70, 71, 68, 69, 17, 18, 19, 20, 21, 22, 23, 24, 25, 26, 27, 28, 29, 30, 31, 32, 77, 33, 37, 38, 48, 34, 35, 3, 40, 74, 72, 73, 75, 42, 43, 44, 45, 36, 0, 50, 51, 52, 53, 54, 55, 56, 57, 58, 78, 59, 60, 61, 62, 63, 64, 65, 66, 67, 79, 47, 39, 4, 15, 46, 41]
index list energy: 319506.7423095754
Done


iterations: 10000000 temp: 1000000.0 exponent: 0.7 eif: 300.0
time taken (sec): 868.550178527832
number of iterations: 10000000
og index list: [(0, 78), (1, 13), (2, 20), (3, 73), (4, 59), (5, 60), (6, 75), (7, 49), (8, 48), (9, 66), (10, 54), (11, 44), (12, 14), (13, 22), (79, 68), (14, 35), (15, 6), (16, 42), (78, 67), (17, 33), (18, 56), (19, 12), (20, 61), (21, 70), (22, 43), (23, 76), (24, 2), (25, 50), (26, 21), (27, 8), (28, 74), (29, 58), (30, 17), (31, 38), (32, 1), (77, 71), (33, 25), (34, 41), (35, 11), (36, 3), (37, 69), (38, 24), (39, 79), (40, 18), (41, 52), (76, 5), (42, 63), (43, 65), (44, 30), (45, 55), (46, 47), (47, 10), (48, 45), (49, 72), (50, 53), (51, 36), (52, 37), (53, 34), (54, 27), (55, 62), (56, 46), (57, 51), (58, 39), (75, 26), (59, 16), (60, 7), (61, 28), (62, 19), (63, 40), (64, 23), (65, 57), (66, 29), (67, 9), (68, 0), (69, 31), (70, 64), (71, 77), (74, 32), (72, 15), (73, 4)]
og index list energy: 101501061.31797051
index_list: [(0, 72), (1, 1), (2, 2), (3, 3), (4, 4), (5, 5), (6, 6), (7, 7), (8, 8), (9, 9), (10, 10), (11, 11), (12, 12), (13, 13), (79, 76), (14, 43), (15, 44), (16, 78), (78, 42), (17, 17), (18, 18), (19, 19), (20, 20), (21, 21), (22, 22), (23, 23), (24, 24), (25, 25), (26, 26), (27, 27), (28, 28), (29, 29), (30, 30), (31, 31), (32, 32), (77, 75), (33, 33), (34, 34), (35, 35), (36, 36), (37, 37), (38, 38), (39, 39), (40, 40), (41, 41), (76, 0), (42, 73), (43, 74), (44, 14), (45, 15), (46, 46), (47, 47), (48, 48), (49, 79), (50, 50), (51, 51), (52, 52), (53, 53), (54, 54), (55, 55), (56, 56), (57, 57), (58, 58), (75, 77), (59, 59), (60, 60), (61, 61), (62, 62), (63, 63), (64, 64), (65, 65), (66, 66), (67, 67), (68, 68), (69, 69), (70, 70), (71, 71), (74, 49), (72, 45), (73, 16)]
index list: [72, 1, 2, 3, 4, 5, 6, 7, 8, 9, 10, 11, 12, 13, 76, 43, 44, 78, 42, 17, 18, 19, 20, 21, 22, 23, 24, 25, 26, 27, 28, 29, 30, 31, 32, 75, 33, 34, 35, 36, 37, 38, 39, 40, 41, 0, 73, 74, 14, 15, 46, 47, 48, 79, 50, 51, 52, 53, 54, 55, 56, 57, 58, 77, 59, 60, 61, 62, 63, 64, 65, 66, 67, 68, 69, 70, 71, 49, 45, 16]
index list energy: 150373.0032919595
Done


iterations: 10000000 temp: 1000000.0 exponent: 0.7 eif: 300.0
time taken (sec): 860.4918043613434
number of iterations: 10000000
og index list: [(0, 1), (1, 26), (2, 16), (3, 31), (4, 49), (5, 78), (6, 41), (7, 30), (8, 9), (9, 27), (10, 59), (11, 15), (12, 23), (13, 56), (79, 7), (14, 13), (15, 55), (16, 29), (78, 21), (17, 12), (18, 48), (19, 37), (20, 65), (21, 24), (22, 22), (23, 32), (24, 67), (25, 34), (26, 62), (27, 51), (28, 61), (29, 39), (30, 2), (31, 66), (32, 11), (77, 47), (33, 10), (34, 36), (35, 43), (36, 77), (37, 69), (38, 8), (39, 75), (40, 74), (41, 42), (76, 76), (42, 72), (43, 46), (44, 28), (45, 33), (46, 5), (47, 68), (48, 6), (49, 14), (50, 60), (51, 52), (52, 18), (53, 3), (54, 19), (55, 38), (56, 64), (57, 44), (58, 50), (75, 71), (59, 63), (60, 45), (61, 17), (62, 4), (63, 70), (64, 35), (65, 40), (66, 54), (67, 57), (68, 79), (69, 58), (70, 25), (71, 0), (74, 20), (72, 73), (73, 53)]
og index list energy: 106909352.55820511
index_list: [(0, 72), (1, 1), (2, 2), (3, 3), (4, 4), (5, 5), (6, 6), (7, 7), (8, 8), (9, 9), (10, 10), (11, 11), (12, 12), (13, 13), (79, 16), (14, 0), (15, 73), (16, 76), (78, 42), (17, 17), (18, 18), (19, 19), (20, 20), (21, 21), (22, 22), (23, 23), (24, 24), (25, 25), (26, 26), (27, 27), (28, 28), (29, 29), (30, 30), (31, 31), (32, 32), (77, 79), (33, 33), (34, 34), (35, 35), (36, 36), (37, 37), (38, 38), (39, 39), (40, 40), (41, 78), (76, 14), (42, 75), (43, 43), (44, 44), (45, 45), (46, 46), (47, 47), (48, 48), (49, 49), (50, 50), (51, 51), (52, 52), (53, 53), (54, 54), (55, 55), (56, 56), (57, 57), (58, 58), (75, 77), (59, 59), (60, 60), (61, 61), (62, 62), (63, 63), (64, 64), (65, 65), (66, 66), (67, 67), (68, 68), (69, 69), (70, 70), (71, 71), (74, 74), (72, 15), (73, 41)]
index list: [72, 1, 2, 3, 4, 5, 6, 7, 8, 9, 10, 11, 12, 13, 16, 0, 73, 76, 42, 17, 18, 19, 20, 21, 22, 23, 24, 25, 26, 27, 28, 29, 30, 31, 32, 79, 33, 34, 35, 36, 37, 38, 39, 40, 78, 14, 75, 43, 44, 45, 46, 47, 48, 49, 50, 51, 52, 53, 54, 55, 56, 57, 58, 77, 59, 60, 61, 62, 63, 64, 65, 66, 67, 68, 69, 70, 71, 74, 15, 41]
index list energy: 147567.68733290062
Done


iterations: 10000000 temp: 1000000.0 exponent: 0.7 eif: 300.0
time taken (sec): 903.5161480903625
number of iterations: 10000000
og index list: [(0, 78), (1, 58), (2, 6), (3, 13), (4, 43), (5, 75), (6, 72), (7, 47), (8, 74), (9, 36), (10, 51), (11, 10), (12, 59), (13, 73), (79, 70), (14, 57), (15, 67), (16, 44), (78, 39), (17, 21), (18, 2), (19, 31), (20, 26), (21, 61), (22, 53), (23, 28), (24, 0), (25, 8), (26, 71), (27, 65), (28, 69), (29, 68), (30, 25), (31, 76), (32, 41), (77, 14), (33, 66), (34, 37), (35, 35), (36, 7), (37, 60), (38, 40), (39, 64), (40, 42), (41, 17), (76, 62), (42, 52), (43, 48), (44, 5), (45, 54), (46, 11), (47, 12), (48, 20), (49, 29), (50, 1), (51, 56), (52, 22), (53, 77), (54, 27), (55, 4), (56, 33), (57, 49), (58, 38), (75, 45), (59, 19), (60, 30), (61, 34), (62, 55), (63, 23), (64, 46), (65, 16), (66, 9), (67, 15), (68, 24), (69, 50), (70, 18), (71, 63), (74, 79), (72, 32), (73, 3)]
og index list energy: 122270967.98597893
index_list: [(0, 0), (1, 1), (2, 2), (3, 3), (4, 4), (5, 5), (6, 6), (7, 7), (8, 8), (9, 9), (10, 10), (11, 11), (12, 12), (13, 13), (79, 78), (14, 14), (15, 15), (16, 16), (78, 76), (17, 17), (18, 18), (19, 19), (20, 20), (21, 21), (22, 22), (23, 23), (24, 24), (25, 25), (26, 26), (27, 27), (28, 28), (29, 29), (30, 30), (31, 31), (32, 32), (77, 74), (33, 33), (34, 34), (35, 35), (36, 36), (37, 37), (38, 38), (39, 39), (40, 40), (41, 41), (76, 75), (42, 42), (43, 43), (44, 44), (45, 45), (46, 46), (47, 47), (48, 48), (49, 77), (50, 50), (51, 51), (52, 52), (53, 53), (54, 54), (55, 55), (56, 56), (57, 57), (58, 58), (75, 49), (59, 59), (60, 60), (61, 61), (62, 62), (63, 63), (64, 64), (65, 65), (66, 66), (67, 67), (68, 68), (69, 69), (70, 70), (71, 71), (74, 79), (72, 72), (73, 73)]
index list: [0, 1, 2, 3, 4, 5, 6, 7, 8, 9, 10, 11, 12, 13, 78, 14, 15, 16, 76, 17, 18, 19, 20, 21, 22, 23, 24, 25, 26, 27, 28, 29, 30, 31, 32, 74, 33, 34, 35, 36, 37, 38, 39, 40, 41, 75, 42, 43, 44, 45, 46, 47, 48, 77, 50, 51, 52, 53, 54, 55, 56, 57, 58, 49, 59, 60, 61, 62, 63, 64, 65, 66, 67, 68, 69, 70, 71, 79, 72, 73]
index list energy: 98209.82393678775
Done


iterations: 10000000 temp: 1000000.0 exponent: 0.7 eif: 300.0
time taken (sec): 904.3505413532257
number of iterations: 10000000
og index list: [(0, 7), (1, 32), (2, 37), (3, 60), (4, 71), (5, 38), (6, 56), (7, 73), (8, 58), (9, 30), (10, 6), (11, 36), (12, 42), (13, 67), (79, 25), (14, 63), (15, 61), (16, 11), (78, 21), (17, 27), (18, 1), (19, 53), (20, 45), (21, 40), (22, 52), (23, 46), (24, 51), (25, 5), (26, 3), (27, 28), (28, 12), (29, 16), (30, 19), (31, 70), (32, 74), (77, 66), (33, 10), (34, 9), (35, 26), (36, 72), (37, 39), (38, 78), (39, 65), (40, 55), (41, 29), (76, 4), (42, 20), (43, 2), (44, 44), (45, 41), (46, 43), (47, 34), (48, 23), (49, 49), (50, 14), (51, 33), (52, 54), (53, 0), (54, 79), (55, 75), (56, 77), (57, 50), (58, 35), (75, 13), (59, 76), (60, 8), (61, 24), (62, 31), (63, 62), (64, 18), (65, 69), (66, 17), (67, 57), (68, 22), (69, 64), (70, 68), (71, 48), (74, 15), (72, 59), (73, 47)]
og index list energy: 122850450.30501895
index_list: [(0, 0), (1, 1), (2, 2), (3, 3), (4, 4), (5, 5), (6, 6), (7, 7), (8, 8), (9, 9), (10, 10), (11, 11), (12, 12), (13, 13), (79, 79), (14, 14), (15, 15), (16, 16), (78, 78), (17, 17), (18, 18), (19, 19), (20, 20), (21, 21), (22, 22), (23, 23), (24, 24), (25, 25), (26, 26), (27, 27), (28, 28), (29, 29), (30, 30), (31, 31), (32, 32), (77, 76), (33, 33), (34, 34), (35, 35), (36, 36), (37, 37), (38, 38), (39, 39), (40, 40), (41, 41), (76, 75), (42, 42), (43, 43), (44, 44), (45, 45), (46, 46), (47, 47), (48, 48), (49, 77), (50, 50), (51, 51), (52, 52), (53, 53), (54, 54), (55, 55), (56, 56), (57, 57), (58, 58), (75, 74), (59, 59), (60, 60), (61, 61), (62, 62), (63, 63), (64, 64), (65, 65), (66, 66), (67, 67), (68, 68), (69, 69), (70, 70), (71, 71), (74, 49), (72, 72), (73, 73)]
index list: [0, 1, 2, 3, 4, 5, 6, 7, 8, 9, 10, 11, 12, 13, 79, 14, 15, 16, 78, 17, 18, 19, 20, 21, 22, 23, 24, 25, 26, 27, 28, 29, 30, 31, 32, 76, 33, 34, 35, 36, 37, 38, 39, 40, 41, 75, 42, 43, 44, 45, 46, 47, 48, 77, 50, 51, 52, 53, 54, 55, 56, 57, 58, 74, 59, 60, 61, 62, 63, 64, 65, 66, 67, 68, 69, 70, 71, 49, 72, 73]
index list energy: 98209.82393678775
Done


iterations: 10000000 temp: 1000000.0 exponent: 0.7 eif: 300.0
time taken (sec): 807.4578909873962
number of iterations: 10000000
og index list: [(0, 26), (1, 0), (2, 41), (3, 78), (4, 3), (5, 42), (6, 24), (7, 56), (8, 79), (9, 23), (10, 10), (11, 75), (12, 2), (13, 62), (79, 74), (14, 33), (15, 11), (16, 6), (78, 52), (17, 67), (18, 35), (19, 76), (20, 1), (21, 63), (22, 72), (23, 9), (24, 45), (25, 58), (26, 61), (27, 18), (28, 29), (29, 64), (30, 25), (31, 51), (32, 53), (77, 59), (33, 65), (34, 39), (35, 30), (36, 44), (37, 7), (38, 77), (39, 60), (40, 12), (41, 20), (76, 4), (42, 50), (43, 55), (44, 54), (45, 40), (46, 46), (47, 5), (48, 31), (49, 49), (50, 36), (51, 71), (52, 28), (53, 43), (54, 17), (55, 22), (56, 27), (57, 57), (58, 68), (75, 47), (59, 21), (60, 48), (61, 8), (62, 15), (63, 34), (64, 32), (65, 66), (66, 16), (67, 73), (68, 14), (69, 19), (70, 37), (71, 70), (74, 13), (72, 69), (73, 38)]
og index list energy: 61012692.69467166
index_list: [(0, 72), (1, 1), (2, 2), (3, 3), (4, 77), (5, 44), (6, 45), (7, 74), (8, 43), (9, 6), (10, 7), (11, 8), (12, 9), (13, 10), (79, 11), (14, 12), (15, 13), (16, 32), (78, 78), (17, 17), (18, 18), (19, 19), (20, 20), (21, 21), (22, 22), (23, 23), (24, 24), (25, 25), (26, 26), (27, 27), (28, 28), (29, 29), (30, 30), (31, 31), (32, 76), (77, 42), (33, 33), (34, 34), (35, 35), (36, 36), (37, 37), (38, 38), (39, 39), (40, 40), (41, 41), (76, 0), (42, 73), (43, 75), (44, 14), (45, 15), (46, 46), (47, 47), (48, 48), (49, 79), (50, 50), (51, 51), (52, 52), (53, 53), (54, 54), (55, 55), (56, 56), (57, 57), (58, 58), (75, 49), (59, 59), (60, 60), (61, 61), (62, 62), (63, 63), (64, 64), (65, 65), (66, 66), (67, 67), (68, 68), (69, 69), (70, 70), (71, 71), (74, 4), (72, 5), (73, 16)]
index list: [72, 1, 2, 3, 77, 44, 45, 74, 43, 6, 7, 8, 9, 10, 11, 12, 13, 32, 78, 17, 18, 19, 20, 21, 22, 23, 24, 25, 26, 27, 28, 29, 30, 31, 76, 42, 33, 34, 35, 36, 37, 38, 39, 40, 41, 0, 73, 75, 14, 15, 46, 47, 48, 79, 50, 51, 52, 53, 54, 55, 56, 57, 58, 49, 59, 60, 61, 62, 63, 64, 65, 66, 67, 68, 69, 70, 71, 4, 5, 16]
index list energy: 187385.00640750985
Done


iterations: 10000000 temp: 1000000.0 exponent: 0.7 eif: 300.0
time taken (sec): 897.2767412662506
number of iterations: 10000000
og index list: [(0, 35), (1, 41), (2, 52), (3, 57), (4, 9), (5, 18), (6, 70), (7, 62), (8, 79), (9, 76), (10, 46), (11, 2), (12, 16), (13, 50), (79, 21), (14, 53), (15, 64), (16, 58), (78, 19), (17, 34), (18, 39), (19, 20), (20, 56), (21, 42), (22, 4), (23, 13), (24, 74), (25, 37), (26, 3), (27, 14), (28, 59), (29, 36), (30, 24), (31, 26), (32, 29), (77, 12), (33, 28), (34, 60), (35, 51), (36, 44), (37, 8), (38, 25), (39, 67), (40, 65), (41, 32), (76, 47), (42, 77), (43, 15), (44, 1), (45, 72), (46, 10), (47, 7), (48, 66), (49, 55), (50, 40), (51, 78), (52, 69), (53, 45), (54, 48), (55, 23), (56, 6), (57, 38), (58, 17), (75, 54), (59, 63), (60, 49), (61, 73), (62, 43), (63, 33), (64, 75), (65, 71), (66, 5), (67, 31), (68, 27), (69, 30), (70, 61), (71, 11), (74, 0), (72, 68), (73, 22)]
og index list energy: 99665417.95816597
index_list: [(0, 0), (1, 1), (2, 2), (3, 3), (4, 4), (5, 5), (6, 6), (7, 7), (8, 8), (9, 9), (10, 10), (11, 11), (12, 12), (13, 13), (79, 49), (14, 14), (15, 15), (16, 16), (78, 74), (17, 17), (18, 18), (19, 19), (20, 20), (21, 21), (22, 22), (23, 23), (24, 24), (25, 25), (26, 26), (27, 27), (28, 28), (29, 29), (30, 30), (31, 31), (32, 32), (77, 78), (33, 33), (34, 34), (35, 35), (36, 36), (37, 37), (38, 38), (39, 39), (40, 40), (41, 41), (76, 75), (42, 42), (43, 43), (44, 44), (45, 45), (46, 46), (47, 47), (48, 48), (49, 76), (50, 50), (51, 51), (52, 52), (53, 53), (54, 54), (55, 55), (56, 56), (57, 57), (58, 58), (75, 77), (59, 59), (60, 60), (61, 61), (62, 62), (63, 63), (64, 64), (65, 65), (66, 66), (67, 67), (68, 68), (69, 69), (70, 70), (71, 71), (74, 79), (72, 72), (73, 73)]
index list: [0, 1, 2, 3, 4, 5, 6, 7, 8, 9, 10, 11, 12, 13, 49, 14, 15, 16, 74, 17, 18, 19, 20, 21, 22, 23, 24, 25, 26, 27, 28, 29, 30, 31, 32, 78, 33, 34, 35, 36, 37, 38, 39, 40, 41, 75, 42, 43, 44, 45, 46, 47, 48, 76, 50, 51, 52, 53, 54, 55, 56, 57, 58, 77, 59, 60, 61, 62, 63, 64, 65, 66, 67, 68, 69, 70, 71, 79, 72, 73]
index list energy: 98209.82393678775
Done


iterations: 10000000 temp: 1000000.0 exponent: 0.7 eif: 300.0
time taken (sec): 905.4968626499176
number of iterations: 10000000
og index list: [(0, 40), (1, 32), (2, 12), (3, 1), (4, 53), (5, 4), (6, 57), (7, 61), (8, 26), (9, 25), (10, 63), (11, 79), (12, 78), (13, 54), (79, 2), (14, 69), (15, 73), (16, 64), (78, 46), (17, 39), (18, 7), (19, 3), (20, 38), (21, 13), (22, 77), (23, 30), (24, 15), (25, 75), (26, 14), (27, 23), (28, 27), (29, 44), (30, 35), (31, 51), (32, 49), (77, 18), (33, 48), (34, 22), (35, 62), (36, 8), (37, 5), (38, 20), (39, 68), (40, 17), (41, 31), (76, 43), (42, 60), (43, 16), (44, 71), (45, 66), (46, 0), (47, 36), (48, 34), (49, 65), (50, 67), (51, 52), (52, 50), (53, 70), (54, 58), (55, 24), (56, 56), (57, 55), (58, 42), (75, 10), (59, 74), (60, 72), (61, 37), (62, 19), (63, 47), (64, 76), (65, 45), (66, 11), (67, 59), (68, 41), (69, 6), (70, 28), (71, 9), (74, 33), (72, 21), (73, 29)]
og index list energy: 100848624.16620304
index_list: [(0, 0), (1, 1), (2, 2), (3, 3), (4, 4), (5, 5), (6, 6), (7, 7), (8, 8), (9, 9), (10, 10), (11, 11), (12, 12), (13, 13), (79, 74), (14, 14), (15, 15), (16, 16), (78, 78), (17, 17), (18, 18), (19, 19), (20, 20), (21, 21), (22, 22), (23, 23), (24, 24), (25, 25), (26, 26), (27, 27), (28, 28), (29, 29), (30, 30), (31, 31), (32, 32), (77, 75), (33, 33), (34, 34), (35, 35), (36, 36), (37, 37), (38, 38), (39, 39), (40, 40), (41, 41), (76, 76), (42, 42), (43, 43), (44, 44), (45, 45), (46, 46), (47, 47), (48, 48), (49, 49), (50, 50), (51, 51), (52, 52), (53, 53), (54, 54), (55, 55), (56, 56), (57, 57), (58, 58), (75, 79), (59, 59), (60, 60), (61, 61), (62, 62), (63, 63), (64, 64), (65, 65), (66, 66), (67, 67), (68, 68), (69, 69), (70, 70), (71, 71), (74, 77), (72, 72), (73, 73)]
index list: [0, 1, 2, 3, 4, 5, 6, 7, 8, 9, 10, 11, 12, 13, 74, 14, 15, 16, 78, 17, 18, 19, 20, 21, 22, 23, 24, 25, 26, 27, 28, 29, 30, 31, 32, 75, 33, 34, 35, 36, 37, 38, 39, 40, 41, 76, 42, 43, 44, 45, 46, 47, 48, 49, 50, 51, 52, 53, 54, 55, 56, 57, 58, 79, 59, 60, 61, 62, 63, 64, 65, 66, 67, 68, 69, 70, 71, 77, 72, 73]
index list energy: 97911.32412903158
Done


iterations: 10000000 temp: 1000000.0 exponent: 0.7 eif: 300.0
time taken (sec): 842.2205576896667
number of iterations: 10000000
og index list: [(0, 59), (1, 3), (2, 14), (3, 25), (4, 18), (5, 15), (6, 5), (7, 78), (8, 49), (9, 72), (10, 60), (11, 24), (12, 19), (13, 32), (79, 74), (14, 63), (15, 10), (16, 61), (78, 46), (17, 34), (18, 53), (19, 50), (20, 51), (21, 71), (22, 33), (23, 39), (24, 70), (25, 65), (26, 21), (27, 6), (28, 20), (29, 35), (30, 54), (31, 1), (32, 62), (77, 8), (33, 64), (34, 56), (35, 13), (36, 41), (37, 79), (38, 58), (39, 75), (40, 76), (41, 55), (76, 66), (42, 0), (43, 40), (44, 44), (45, 77), (46, 22), (47, 45), (48, 67), (49, 27), (50, 26), (51, 57), (52, 29), (53, 73), (54, 38), (55, 23), (56, 52), (57, 37), (58, 42), (75, 11), (59, 36), (60, 17), (61, 4), (62, 16), (63, 48), (64, 43), (65, 30), (66, 2), (67, 31), (68, 9), (69, 12), (70, 68), (71, 7), (74, 47), (72, 69), (73, 28)]
og index list energy: 136741512.26727217
index_list: [(0, 14), (1, 5), (2, 1), (3, 2), (4, 3), (5, 40), (6, 6), (7, 7), (8, 8), (9, 75), (10, 11), (11, 12), (12, 13), (13, 41), (79, 71), (14, 79), (15, 9), (16, 10), (78, 76), (17, 17), (18, 18), (19, 19), (20, 20), (21, 21), (22, 22), (23, 23), (24, 24), (25, 25), (26, 26), (27, 27), (28, 28), (29, 29), (30, 30), (31, 31), (32, 32), (77, 49), (33, 33), (34, 34), (35, 35), (36, 36), (37, 37), (38, 38), (39, 39), (40, 74), (41, 70), (76, 78), (42, 42), (43, 43), (44, 44), (45, 45), (46, 46), (47, 47), (48, 48), (49, 0), (50, 50), (51, 51), (52, 52), (53, 53), (54, 54), (55, 55), (56, 56), (57, 57), (58, 58), (75, 77), (59, 59), (60, 60), (61, 61), (62, 62), (63, 63), (64, 64), (65, 65), (66, 66), (67, 67), (68, 68), (69, 69), (70, 72), (71, 73), (74, 4), (72, 15), (73, 16)]
index list: [14, 5, 1, 2, 3, 40, 6, 7, 8, 75, 11, 12, 13, 41, 71, 79, 9, 10, 76, 17, 18, 19, 20, 21, 22, 23, 24, 25, 26, 27, 28, 29, 30, 31, 32, 49, 33, 34, 35, 36, 37, 38, 39, 74, 70, 78, 42, 43, 44, 45, 46, 47, 48, 0, 50, 51, 52, 53, 54, 55, 56, 57, 58, 77, 59, 60, 61, 62, 63, 64, 65, 66, 67, 68, 69, 72, 73, 4, 15, 16]
index list energy: 247583.3883956033
Done


iterations: 10000000 temp: 1000000.0 exponent: 0.7 eif: 300.0
time taken (sec): 921.0584185123444
number of iterations: 10000000
og index list: [(0, 9), (1, 44), (2, 56), (3, 68), (4, 28), (5, 49), (6, 1), (7, 8), (8, 78), (9, 41), (10, 62), (11, 5), (12, 4), (13, 13), (79, 10), (14, 46), (15, 66), (16, 54), (78, 12), (17, 36), (18, 21), (19, 71), (20, 67), (21, 72), (22, 42), (23, 39), (24, 61), (25, 53), (26, 29), (27, 59), (28, 79), (29, 27), (30, 75), (31, 32), (32, 57), (77, 17), (33, 74), (34, 20), (35, 76), (36, 47), (37, 35), (38, 37), (39, 3), (40, 16), (41, 60), (76, 43), (42, 0), (43, 14), (44, 55), (45, 7), (46, 38), (47, 64), (48, 18), (49, 19), (50, 33), (51, 77), (52, 51), (53, 70), (54, 73), (55, 40), (56, 6), (57, 65), (58, 31), (75, 48), (59, 22), (60, 23), (61, 69), (62, 30), (63, 52), (64, 63), (65, 2), (66, 58), (67, 15), (68, 24), (69, 26), (70, 50), (71, 11), (74, 25), (72, 45), (73, 34)]
og index list energy: 73124065.18711166
index_list: [(0, 0), (1, 1), (2, 2), (3, 3), (4, 4), (5, 5), (6, 6), (7, 7), (8, 8), (9, 9), (10, 10), (11, 11), (12, 12), (13, 13), (79, 75), (14, 14), (15, 15), (16, 16), (78, 79), (17, 17), (18, 18), (19, 19), (20, 20), (21, 21), (22, 22), (23, 23), (24, 24), (25, 25), (26, 26), (27, 27), (28, 28), (29, 29), (30, 30), (31, 31), (32, 32), (77, 49), (33, 33), (34, 34), (35, 35), (36, 36), (37, 37), (38, 38), (39, 39), (40, 40), (41, 41), (76, 77), (42, 42), (43, 43), (44, 44), (45, 45), (46, 46), (47, 47), (48, 48), (49, 76), (50, 50), (51, 51), (52, 52), (53, 53), (54, 54), (55, 55), (56, 56), (57, 57), (58, 58), (75, 74), (59, 59), (60, 60), (61, 61), (62, 62), (63, 63), (64, 64), (65, 65), (66, 66), (67, 67), (68, 68), (69, 69), (70, 70), (71, 71), (74, 78), (72, 72), (73, 73)]
index list: [0, 1, 2, 3, 4, 5, 6, 7, 8, 9, 10, 11, 12, 13, 75, 14, 15, 16, 79, 17, 18, 19, 20, 21, 22, 23, 24, 25, 26, 27, 28, 29, 30, 31, 32, 49, 33, 34, 35, 36, 37, 38, 39, 40, 41, 77, 42, 43, 44, 45, 46, 47, 48, 76, 50, 51, 52, 53, 54, 55, 56, 57, 58, 74, 59, 60, 61, 62, 63, 64, 65, 66, 67, 68, 69, 70, 71, 78, 72, 73]
index list energy: 98209.82393678775
Done


iterations: 10000000 temp: 1000000.0 exponent: 0.7 eif: 300.0
time taken (sec): 897.9175345897675
number of iterations: 10000000
og index list: [(0, 43), (1, 35), (2, 34), (3, 28), (4, 71), (5, 32), (6, 37), (7, 11), (8, 7), (9, 15), (10, 31), (11, 45), (12, 25), (13, 52), (79, 44), (14, 49), (15, 65), (16, 66), (78, 68), (17, 30), (18, 47), (19, 33), (20, 73), (21, 54), (22, 29), (23, 23), (24, 48), (25, 12), (26, 53), (27, 10), (28, 40), (29, 59), (30, 57), (31, 0), (32, 79), (77, 60), (33, 27), (34, 58), (35, 63), (36, 13), (37, 14), (38, 1), (39, 51), (40, 18), (41, 9), (76, 61), (42, 42), (43, 21), (44, 24), (45, 8), (46, 3), (47, 50), (48, 70), (49, 20), (50, 16), (51, 74), (52, 67), (53, 19), (54, 62), (55, 2), (56, 76), (57, 75), (58, 41), (75, 17), (59, 6), (60, 36), (61, 64), (62, 26), (63, 77), (64, 5), (65, 38), (66, 22), (67, 39), (68, 46), (69, 78), (70, 4), (71, 55), (74, 69), (72, 56), (73, 72)]
og index list energy: 139405783.68497008
index_list: [(0, 72), (1, 1), (2, 2), (3, 3), (4, 4), (5, 5), (6, 6), (7, 7), (8, 8), (9, 9), (10, 10), (11, 11), (12, 12), (13, 13), (79, 75), (14, 14), (15, 15), (16, 16), (78, 79), (17, 17), (18, 18), (19, 19), (20, 20), (21, 21), (22, 22), (23, 23), (24, 24), (25, 25), (26, 26), (27, 27), (28, 28), (29, 29), (30, 30), (31, 31), (32, 32), (77, 78), (33, 33), (34, 34), (35, 35), (36, 36), (37, 37), (38, 38), (39, 39), (40, 40), (41, 41), (76, 0), (42, 73), (43, 77), (44, 44), (45, 45), (46, 46), (47, 47), (48, 48), (49, 74), (50, 50), (51, 51), (52, 52), (53, 53), (54, 54), (55, 55), (56, 56), (57, 57), (58, 58), (75, 76), (59, 59), (60, 60), (61, 61), (62, 62), (63, 63), (64, 64), (65, 65), (66, 66), (67, 67), (68, 68), (69, 69), (70, 70), (71, 71), (74, 49), (72, 42), (73, 43)]
index list: [72, 1, 2, 3, 4, 5, 6, 7, 8, 9, 10, 11, 12, 13, 75, 14, 15, 16, 79, 17, 18, 19, 20, 21, 22, 23, 24, 25, 26, 27, 28, 29, 30, 31, 32, 78, 33, 34, 35, 36, 37, 38, 39, 40, 41, 0, 73, 77, 44, 45, 46, 47, 48, 74, 50, 51, 52, 53, 54, 55, 56, 57, 58, 76, 59, 60, 61, 62, 63, 64, 65, 66, 67, 68, 69, 70, 71, 49, 42, 43]
index list energy: 116896.14165151541
Done


iterations: 10000000 temp: 1000000.0 exponent: 0.7 eif: 300.0
time taken (sec): 337.936443567276
number of iterations: 4980287
og index list: [(0, 40), (1, 39), (2, 63), (3, 21), (4, 77), (5, 12), (6, 14), (7, 71), (8, 61), (9, 23), (10, 3), (11, 5), (12, 75), (13, 78), (79, 37), (14, 19), (15, 13), (16, 45), (78, 32), (17, 2), (18, 57), (19, 20), (20, 51), (21, 58), (22, 48), (23, 67), (24, 46), (25, 33), (26, 66), (27, 27), (28, 54), (29, 10), (30, 22), (31, 64), (32, 8), (77, 50), (33, 47), (34, 15), (35, 76), (36, 62), (37, 42), (38, 18), (39, 11), (40, 43), (41, 35), (76, 49), (42, 38), (43, 70), (44, 26), (45, 24), (46, 72), (47, 73), (48, 0), (49, 60), (50, 1), (51, 7), (52, 55), (53, 31), (54, 59), (55, 9), (56, 30), (57, 29), (58, 74), (75, 16), (59, 79), (60, 41), (61, 68), (62, 6), (63, 28), (64, 17), (65, 56), (66, 36), (67, 53), (68, 4), (69, 25), (70, 34), (71, 52), (74, 69), (72, 44), (73, 65)]
og index list energy: 99674778.16776419
index_list: [(0, 42), (1, 72), (2, 1), (3, 2), (4, 3), (5, 40), (6, 6), (7, 7), (8, 8), (9, 9), (10, 10), (11, 11), (12, 12), (13, 13), (79, 49), (14, 14), (15, 15), (16, 41), (78, 78), (17, 17), (18, 18), (19, 19), (20, 20), (21, 21), (22, 22), (23, 23), (24, 24), (25, 25), (26, 26), (27, 27), (28, 28), (29, 29), (30, 30), (31, 31), (32, 32), (77, 74), (33, 33), (34, 34), (35, 35), (36, 36), (37, 37), (38, 38), (39, 39), (40, 75), (41, 73), (76, 0), (42, 76), (43, 43), (44, 44), (45, 45), (46, 46), (47, 47), (48, 48), (49, 77), (50, 50), (51, 51), (52, 52), (53, 53), (54, 54), (55, 55), (56, 56), (57, 57), (58, 58), (75, 79), (59, 59), (60, 60), (61, 61), (62, 62), (63, 63), (64, 64), (65, 65), (66, 66), (67, 67), (68, 68), (69, 69), (70, 70), (71, 71), (74, 4), (72, 5), (73, 16)]
index list: [42, 72, 1, 2, 3, 40, 6, 7, 8, 9, 10, 11, 12, 13, 49, 14, 15, 41, 78, 17, 18, 19, 20, 21, 22, 23, 24, 25, 26, 27, 28, 29, 30, 31, 32, 74, 33, 34, 35, 36, 37, 38, 39, 75, 73, 0, 76, 43, 44, 45, 46, 47, 48, 77, 50, 51, 52, 53, 54, 55, 56, 57, 58, 79, 59, 60, 61, 62, 63, 64, 65, 66, 67, 68, 69, 70, 71, 4, 5, 16]
index list energy: 184831.9534160783
Done


