## SLURM PROLOG ###############################################################
##    Job ID : 3834595
##  Job Name : tpe_MMAl_linear.py
##  Nodelist : node1111
##      CPUs : 1
##  Mem/Node : 1024 MB
## Directory : /gpfs/data/nfawzi/skale/Fawzi_pycharm_project
##   Started : Wed Apr 24 17:45:52 EDT 2019
###############################################################################
program started at:2019-04-24 17:45:53.895974
iterations: 1000000 temp: 1000.0 exponent: 0.7 eif: 300.0
time taken (sec): 66.06755566596985
number of iterations: 1000000
og index list: [47, 21, 23, 25, 42, 57, 76, 17, 77, 41, 54, 69, 32, 36, 6, 70, 62, 68, 48, 53, 66, 43, 3, 63, 13, 10, 29, 50, 38, 44, 27, 78, 2, 73, 14, 60, 26, 5, 15, 22, 35, 9, 79, 59, 24, 71, 45, 51, 16, 8, 72, 39, 37, 64, 34, 49, 52, 0, 58, 33, 67, 31, 55, 46, 1, 18, 19, 65, 11, 40, 7, 74, 61, 12, 75, 56, 20, 28, 4, 30]
og index list energy: 86574392.72793654
index list: [23, 7, 8, 11, 65, 40, 6, 69, 43, 1, 2, 16, 25, 68, 70, 71, 4, 56, 52, 53, 32, 12, 13, 77, 19, 20, 21, 22, 76, 27, 28, 29, 30, 31, 46, 39, 75, 58, 50, 63, 55, 24, 74, 72, 73, 66, 17, 18, 41, 79, 14, 15, 54, 64, 57, 51, 38, 47, 48, 78, 33, 37, 49, 42, 59, 60, 61, 34, 35, 0, 36, 62, 9, 10, 67, 5, 44, 45, 3, 26]
index list energy: 1910377.2061048439
Done


iterations: 1000000 temp: 1000.0 exponent: 0.7 eif: 300.0
time taken (sec): 65.86159229278564
number of iterations: 1000000
og index list: [70, 51, 62, 63, 65, 48, 2, 4, 11, 27, 14, 68, 24, 7, 21, 34, 53, 72, 16, 75, 35, 56, 73, 60, 40, 9, 79, 15, 5, 38, 0, 6, 66, 49, 44, 57, 33, 37, 17, 77, 52, 59, 28, 10, 41, 76, 30, 22, 46, 61, 12, 43, 13, 71, 18, 3, 50, 69, 8, 64, 26, 55, 74, 45, 58, 29, 67, 39, 47, 42, 31, 25, 20, 32, 36, 19, 1, 23, 78, 54]
og index list energy: 94326211.55574098
index list: [44, 45, 16, 12, 13, 41, 65, 75, 7, 8, 69, 67, 68, 72, 49, 42, 43, 73, 40, 1, 2, 3, 60, 61, 62, 51, 10, 11, 25, 26, 77, 27, 28, 29, 30, 31, 70, 71, 74, 33, 34, 35, 9, 52, 59, 20, 0, 58, 76, 53, 54, 64, 79, 19, 5, 6, 24, 57, 48, 55, 56, 66, 17, 18, 32, 50, 63, 78, 21, 37, 38, 47, 39, 4, 15, 46, 36, 22, 23, 14]
index list energy: 1783147.4756271143
Done


iterations: 1000000 temp: 1000.0 exponent: 0.7 eif: 300.0
time taken (sec): 50.25412964820862
number of iterations: 1000000
og index list: [64, 50, 23, 68, 48, 33, 36, 19, 61, 76, 16, 27, 14, 37, 44, 32, 54, 66, 2, 40, 39, 75, 24, 15, 53, 70, 28, 5, 3, 72, 78, 57, 74, 63, 65, 47, 17, 11, 1, 77, 26, 6, 10, 25, 20, 55, 58, 7, 12, 0, 22, 29, 4, 21, 51, 67, 62, 35, 31, 56, 46, 43, 79, 73, 49, 9, 41, 45, 34, 69, 59, 42, 52, 71, 18, 38, 8, 30, 60, 13]
og index list energy: 135049807.82709107
index list: [18, 9, 52, 24, 25, 5, 41, 78, 43, 73, 57, 6, 7, 23, 14, 56, 66, 67, 20, 21, 64, 47, 46, 58, 77, 27, 30, 31, 19, 26, 75, 29, 28, 33, 50, 59, 60, 74, 70, 76, 45, 44, 16, 1, 2, 3, 15, 69, 42, 72, 39, 4, 49, 61, 34, 35, 32, 40, 36, 37, 38, 48, 71, 65, 68, 53, 54, 55, 79, 62, 17, 8, 63, 22, 0, 51, 10, 11, 12, 13]
index list energy: 2918554.11627951
Done


iterations: 1000000 temp: 1000.0 exponent: 0.7 eif: 300.0
time taken (sec): 49.7436580657959
number of iterations: 1000000
og index list: [28, 24, 61, 72, 16, 29, 2, 32, 40, 4, 55, 13, 7, 10, 76, 43, 69, 25, 36, 63, 39, 12, 59, 26, 71, 34, 51, 30, 23, 15, 50, 64, 68, 41, 46, 54, 65, 9, 60, 38, 18, 58, 1, 79, 37, 5, 19, 74, 14, 21, 75, 3, 48, 62, 33, 70, 56, 77, 67, 0, 44, 8, 66, 11, 42, 35, 78, 6, 22, 49, 73, 45, 47, 27, 57, 53, 20, 52, 31, 17]
og index list energy: 99407775.01859532
index list: [18, 46, 47, 6, 14, 15, 11, 75, 8, 69, 43, 41, 65, 57, 73, 52, 7, 77, 45, 3, 68, 70, 76, 33, 22, 23, 56, 66, 42, 29, 28, 17, 2, 51, 13, 32, 21, 71, 4, 60, 78, 59, 26, 27, 30, 31, 19, 20, 12, 50, 63, 64, 48, 37, 38, 39, 0, 58, 79, 55, 53, 54, 74, 67, 5, 44, 36, 34, 61, 62, 24, 40, 16, 25, 49, 35, 9, 10, 72, 1]
index list energy: 2417735.117987171
Done


iterations: 1000000 temp: 1000.0 exponent: 0.7 eif: 300.0
time taken (sec): 58.887688875198364
number of iterations: 1000000
og index list: [64, 39, 3, 76, 54, 10, 68, 46, 44, 25, 58, 79, 29, 52, 73, 24, 7, 5, 69, 71, 6, 65, 55, 21, 37, 22, 30, 35, 19, 8, 78, 61, 40, 72, 28, 45, 51, 18, 27, 53, 13, 66, 77, 50, 0, 48, 23, 32, 70, 56, 26, 17, 1, 43, 57, 36, 15, 16, 75, 59, 33, 20, 11, 74, 38, 62, 63, 14, 67, 12, 34, 9, 49, 42, 47, 2, 4, 31, 60, 41]
og index list energy: 82597899.43165316
index list: [23, 24, 40, 3, 4, 56, 66, 17, 18, 41, 65, 13, 36, 62, 69, 42, 43, 73, 0, 1, 2, 32, 77, 33, 22, 28, 29, 76, 67, 26, 79, 27, 30, 31, 19, 68, 70, 71, 60, 61, 37, 38, 39, 25, 5, 44, 45, 46, 47, 78, 14, 15, 54, 34, 35, 9, 10, 11, 21, 75, 8, 74, 58, 49, 59, 50, 63, 64, 48, 55, 53, 51, 52, 72, 16, 20, 12, 57, 6, 7]
index list energy: 1423623.460101099
Done


iterations: 1000000 temp: 1000.0 exponent: 0.7 eif: 300.0
time taken (sec): 68.31387376785278
number of iterations: 1000000
og index list: [62, 40, 15, 74, 49, 72, 24, 70, 51, 63, 61, 13, 21, 35, 16, 68, 17, 29, 27, 59, 7, 41, 37, 5, 65, 20, 36, 31, 1, 73, 19, 9, 58, 25, 4, 33, 26, 69, 14, 57, 52, 67, 28, 79, 77, 30, 48, 47, 45, 8, 78, 23, 11, 64, 56, 39, 38, 43, 46, 12, 60, 34, 76, 6, 10, 66, 75, 44, 55, 32, 0, 54, 71, 42, 53, 22, 18, 2, 3, 50]
og index list energy: 94823361.46310891
index list: [70, 49, 24, 52, 53, 45, 75, 17, 18, 19, 20, 79, 72, 1, 2, 6, 7, 23, 69, 43, 9, 10, 67, 74, 71, 50, 11, 25, 26, 27, 28, 29, 30, 31, 32, 12, 13, 41, 65, 57, 16, 40, 46, 58, 77, 14, 5, 63, 55, 56, 66, 42, 33, 34, 35, 36, 37, 78, 54, 64, 21, 22, 8, 3, 60, 61, 76, 47, 48, 62, 0, 73, 4, 15, 44, 51, 38, 39, 68, 59]
index list energy: 2004768.7686182042
Done


iterations: 1000000 temp: 1000.0 exponent: 0.7 eif: 300.0
time taken (sec): 53.7087037563324
number of iterations: 1000000
og index list: [68, 20, 29, 51, 47, 1, 11, 61, 65, 36, 31, 25, 39, 21, 71, 42, 33, 12, 5, 13, 44, 3, 67, 69, 41, 43, 35, 63, 19, 17, 54, 23, 78, 16, 59, 38, 8, 72, 18, 53, 56, 62, 64, 79, 7, 40, 4, 0, 2, 22, 76, 24, 48, 70, 49, 10, 66, 58, 50, 9, 27, 55, 60, 26, 32, 28, 30, 77, 75, 46, 57, 74, 6, 34, 45, 37, 15, 52, 73, 14]
og index list energy: 106055095.38175279
index list: [54, 22, 0, 73, 4, 56, 57, 1, 50, 59, 68, 7, 8, 51, 13, 6, 24, 12, 49, 29, 30, 78, 72, 58, 74, 23, 76, 67, 26, 27, 28, 75, 2, 9, 10, 69, 70, 71, 15, 63, 64, 66, 43, 44, 45, 32, 25, 60, 31, 11, 79, 42, 33, 55, 53, 46, 19, 20, 21, 77, 61, 62, 17, 18, 36, 34, 35, 16, 48, 37, 38, 47, 39, 52, 14, 5, 41, 65, 40, 3]
index list energy: 1928616.8040392264
Done


iterations: 1000000 temp: 1000.0 exponent: 0.7 eif: 300.0
time taken (sec): 57.629979610443115
number of iterations: 1000000
og index list: [26, 41, 73, 8, 77, 76, 19, 47, 29, 60, 71, 28, 58, 42, 45, 31, 33, 70, 12, 39, 44, 14, 67, 34, 11, 6, 27, 53, 74, 75, 4, 48, 40, 18, 68, 38, 15, 57, 63, 79, 52, 55, 61, 43, 10, 54, 7, 50, 59, 13, 49, 3, 24, 30, 25, 72, 78, 32, 23, 0, 69, 36, 46, 56, 20, 22, 51, 5, 65, 17, 21, 37, 62, 9, 35, 64, 16, 2, 66, 1]
og index list energy: 119811565.91232224
index list: [70, 21, 64, 65, 66, 59, 0, 1, 18, 41, 71, 7, 8, 46, 32, 12, 13, 19, 68, 67, 5, 51, 57, 74, 39, 20, 25, 40, 3, 4, 76, 29, 30, 31, 9, 10, 63, 37, 38, 58, 61, 62, 11, 79, 33, 22, 23, 56, 52, 53, 54, 55, 49, 77, 42, 17, 2, 47, 48, 34, 50, 69, 43, 44, 45, 16, 60, 35, 36, 75, 26, 27, 28, 72, 73, 78, 14, 15, 6, 24]
index list energy: 1783440.009747167
Done


iterations: 1000000 temp: 1000.0 exponent: 0.7 eif: 300.0
time taken (sec): 55.836814165115356
number of iterations: 1000000
og index list: [70, 0, 5, 6, 11, 75, 47, 30, 8, 62, 10, 20, 16, 24, 40, 41, 72, 13, 9, 54, 42, 76, 18, 33, 7, 64, 19, 2, 61, 28, 78, 69, 37, 34, 22, 44, 3, 27, 56, 74, 35, 17, 49, 58, 39, 59, 31, 23, 50, 15, 60, 46, 26, 1, 14, 52, 21, 66, 79, 67, 68, 71, 38, 57, 48, 12, 73, 45, 63, 36, 53, 43, 25, 65, 51, 29, 77, 4, 32, 55]
og index list energy: 106434073.6452707
index list: [1, 27, 30, 31, 19, 56, 25, 26, 2, 3, 66, 72, 41, 21, 22, 23, 69, 43, 32, 49, 42, 33, 37, 38, 39, 15, 46, 6, 24, 78, 67, 7, 8, 73, 40, 47, 58, 76, 60, 61, 62, 11, 57, 16, 48, 34, 0, 51, 52, 53, 45, 36, 79, 35, 9, 75, 29, 28, 77, 55, 14, 4, 5, 44, 74, 17, 18, 50, 63, 64, 65, 10, 70, 71, 68, 59, 20, 12, 13, 54]
index list energy: 2364479.838955894
Done


iterations: 1000000 temp: 1000.0 exponent: 0.7 eif: 300.0
time taken (sec): 87.56102013587952
number of iterations: 1000000
og index list: [44, 14, 15, 6, 54, 68, 32, 29, 53, 67, 3, 41, 38, 28, 24, 59, 16, 21, 9, 65, 56, 27, 69, 7, 61, 51, 1, 31, 30, 52, 55, 70, 71, 26, 40, 74, 22, 72, 49, 19, 50, 43, 23, 13, 0, 37, 66, 36, 45, 4, 73, 34, 79, 35, 39, 46, 8, 11, 42, 5, 60, 76, 18, 2, 12, 17, 75, 48, 62, 58, 25, 10, 20, 33, 78, 63, 77, 57, 47, 64]
og index list energy: 125981472.02186005
index list: [72, 1, 2, 3, 66, 67, 68, 69, 17, 18, 74, 33, 79, 70, 71, 4, 56, 40, 6, 7, 8, 51, 13, 36, 22, 23, 24, 25, 26, 27, 28, 29, 30, 31, 32, 50, 63, 55, 53, 54, 37, 38, 39, 20, 21, 49, 42, 43, 44, 45, 46, 58, 76, 64, 12, 52, 59, 60, 61, 77, 14, 15, 19, 5, 47, 73, 78, 0, 48, 62, 9, 10, 11, 57, 16, 75, 34, 35, 41, 65]
index list energy: 988333.6412086041
Done


iterations: 1000000 temp: 1000.0 exponent: 0.7 eif: 300.0
time taken (sec): 53.07019662857056
number of iterations: 1000000
og index list: [8, 38, 75, 19, 2, 31, 22, 41, 29, 50, 21, 79, 16, 32, 39, 45, 77, 43, 54, 6, 61, 15, 68, 69, 10, 25, 35, 27, 52, 40, 14, 36, 46, 64, 18, 5, 53, 33, 17, 42, 1, 3, 76, 60, 28, 24, 44, 70, 49, 67, 37, 23, 66, 62, 12, 47, 7, 58, 11, 4, 74, 26, 73, 30, 71, 72, 20, 9, 65, 51, 78, 48, 55, 56, 0, 63, 34, 57, 59, 13]
og index list energy: 130514218.84450042
index list: [38, 39, 40, 19, 56, 25, 20, 65, 50, 51, 4, 60, 77, 14, 26, 2, 36, 22, 8, 69, 67, 68, 42, 70, 71, 5, 47, 73, 66, 17, 18, 1, 76, 35, 6, 24, 57, 3, 13, 41, 75, 30, 31, 32, 79, 27, 28, 72, 16, 21, 55, 15, 63, 64, 0, 44, 45, 46, 58, 74, 43, 9, 10, 59, 7, 23, 33, 34, 61, 62, 11, 12, 78, 29, 49, 48, 37, 52, 53, 54]
index list energy: 2998667.7570643425
Done


iterations: 1000000 temp: 1000.0 exponent: 0.7 eif: 300.0
time taken (sec): 67.38043141365051
number of iterations: 1000000
og index list: [20, 69, 58, 0, 41, 4, 72, 63, 74, 60, 45, 59, 11, 12, 2, 29, 28, 48, 71, 16, 33, 9, 21, 49, 25, 67, 65, 32, 78, 55, 27, 18, 53, 62, 22, 35, 10, 61, 36, 39, 7, 23, 68, 50, 75, 42, 77, 51, 79, 46, 73, 43, 1, 57, 5, 26, 3, 40, 14, 52, 8, 44, 34, 17, 47, 38, 30, 6, 70, 37, 31, 13, 15, 66, 76, 56, 24, 64, 19, 54]
og index list energy: 95262974.24883148
index list: [42, 43, 44, 45, 32, 12, 52, 7, 8, 9, 10, 11, 50, 16, 26, 27, 28, 70, 71, 25, 76, 29, 30, 74, 22, 23, 59, 20, 77, 17, 18, 1, 2, 3, 4, 5, 47, 39, 40, 48, 0, 6, 24, 13, 19, 60, 31, 36, 34, 35, 46, 41, 21, 37, 79, 72, 73, 75, 54, 55, 56, 57, 58, 49, 33, 78, 61, 62, 63, 64, 65, 66, 67, 68, 14, 15, 69, 53, 51, 38]
index list energy: 1504289.3587774157
Done


iterations: 1000000 temp: 1000.0 exponent: 0.7 eif: 300.0
time taken (sec): 57.20966601371765
number of iterations: 1000000
og index list: [79, 14, 6, 8, 15, 33, 12, 52, 17, 23, 38, 73, 53, 48, 45, 49, 18, 57, 22, 42, 28, 50, 63, 37, 20, 40, 9, 60, 44, 34, 30, 11, 54, 43, 24, 75, 77, 3, 39, 41, 5, 76, 59, 0, 46, 1, 69, 2, 61, 35, 13, 71, 21, 72, 25, 32, 16, 4, 58, 78, 19, 62, 55, 51, 27, 47, 31, 64, 65, 70, 10, 67, 26, 56, 74, 29, 36, 68, 7, 66]
og index list energy: 107143288.53728776
index list: [38, 48, 37, 49, 42, 33, 22, 75, 17, 8, 9, 10, 11, 12, 57, 47, 6, 72, 73, 50, 70, 78, 43, 63, 79, 28, 29, 23, 24, 25, 26, 27, 77, 71, 20, 0, 58, 31, 32, 21, 64, 39, 74, 59, 40, 3, 66, 67, 68, 69, 53, 36, 34, 35, 46, 1, 2, 44, 54, 55, 56, 13, 16, 7, 30, 76, 18, 19, 60, 61, 62, 51, 52, 14, 5, 41, 65, 4, 15, 45]
index list energy: 2944329.1156539475
Done


iterations: 1000000 temp: 1000.0 exponent: 0.7 eif: 300.0
time taken (sec): 61.49582600593567
number of iterations: 1000000
og index list: [20, 17, 60, 71, 33, 7, 57, 30, 72, 52, 62, 54, 65, 38, 28, 10, 46, 64, 49, 42, 67, 35, 14, 24, 75, 56, 69, 34, 70, 58, 5, 66, 23, 37, 3, 32, 39, 31, 13, 55, 8, 43, 76, 19, 1, 11, 47, 27, 53, 68, 15, 63, 41, 51, 77, 12, 36, 25, 26, 0, 50, 48, 9, 59, 4, 74, 44, 16, 18, 2, 21, 45, 6, 79, 73, 29, 22, 78, 40, 61]
og index list energy: 111012247.92082767
index list: [18, 36, 64, 49, 43, 51, 52, 14, 26, 27, 28, 33, 22, 23, 67, 68, 59, 56, 0, 73, 40, 19, 60, 79, 71, 20, 12, 13, 46, 1, 75, 17, 2, 3, 74, 30, 61, 62, 11, 21, 37, 38, 39, 4, 5, 6, 53, 45, 41, 65, 57, 47, 48, 34, 35, 16, 7, 8, 77, 31, 9, 10, 69, 42, 29, 78, 70, 76, 58, 50, 63, 55, 24, 25, 15, 32, 66, 72, 44, 54]
index list energy: 2194244.1643425915
Done


iterations: 1000000 temp: 1000.0 exponent: 0.7 eif: 300.0
time taken (sec): 67.29537010192871
number of iterations: 1000000
og index list: [70, 52, 35, 37, 77, 67, 53, 12, 66, 10, 39, 46, 9, 4, 8, 74, 17, 38, 43, 49, 62, 30, 57, 42, 21, 41, 69, 1, 3, 33, 0, 71, 34, 51, 25, 48, 78, 15, 32, 76, 58, 24, 79, 18, 29, 2, 28, 54, 63, 6, 56, 23, 40, 55, 73, 47, 45, 5, 19, 20, 13, 68, 7, 64, 16, 61, 59, 14, 31, 11, 75, 22, 27, 72, 36, 65, 50, 60, 26, 44]
og index list energy: 89578204.14481594
index list: [72, 7, 78, 59, 68, 14, 15, 17, 18, 32, 12, 52, 24, 21, 55, 56, 57, 73, 4, 49, 8, 63, 64, 48, 37, 38, 39, 25, 26, 27, 28, 29, 30, 31, 46, 19, 20, 77, 42, 74, 6, 69, 70, 50, 11, 65, 66, 67, 5, 16, 40, 47, 58, 76, 33, 22, 23, 53, 54, 34, 35, 79, 43, 44, 45, 3, 75, 13, 36, 0, 1, 2, 41, 71, 60, 61, 62, 9, 10, 51]
index list energy: 1854502.8768699372
Done


iterations: 1000000 temp: 1000.0 exponent: 0.7 eif: 300.0
time taken (sec): 59.18558955192566
number of iterations: 1000000
og index list: [36, 65, 28, 26, 3, 50, 60, 38, 0, 15, 30, 69, 40, 23, 58, 76, 78, 51, 59, 62, 72, 79, 27, 75, 49, 18, 71, 33, 29, 42, 43, 25, 61, 34, 16, 10, 48, 14, 39, 68, 47, 57, 66, 17, 9, 64, 52, 19, 8, 54, 45, 1, 12, 4, 37, 46, 24, 35, 73, 2, 56, 7, 74, 53, 11, 6, 44, 55, 63, 31, 20, 70, 67, 5, 22, 77, 41, 21, 32, 13]
og index list energy: 102296139.53928356
index list: [55, 56, 74, 29, 30, 77, 23, 7, 8, 63, 64, 65, 66, 43, 3, 68, 17, 18, 16, 50, 9, 10, 11, 79, 19, 60, 31, 32, 12, 75, 67, 4, 5, 73, 25, 15, 46, 58, 76, 61, 37, 52, 59, 20, 21, 62, 69, 72, 1, 2, 44, 45, 36, 34, 35, 6, 24, 57, 47, 39, 40, 41, 78, 70, 13, 51, 38, 0, 48, 71, 26, 27, 28, 42, 14, 53, 54, 22, 49, 33]
index list energy: 2804869.4911658964
Done


iterations: 1000000 temp: 1000.0 exponent: 0.7 eif: 300.0
time taken (sec): 54.40036487579346
number of iterations: 1000000
og index list: [48, 69, 20, 73, 55, 28, 1, 56, 68, 18, 21, 8, 15, 51, 67, 40, 42, 71, 79, 72, 29, 49, 50, 44, 32, 3, 33, 43, 47, 39, 53, 16, 17, 66, 64, 10, 75, 5, 24, 54, 76, 7, 60, 59, 27, 65, 70, 4, 2, 41, 46, 74, 22, 36, 58, 52, 9, 45, 30, 23, 31, 35, 12, 63, 61, 62, 77, 38, 11, 6, 26, 0, 34, 37, 14, 78, 57, 19, 13, 25]
og index list energy: 120858775.53852451
index list: [72, 1, 2, 3, 20, 12, 13, 19, 26, 74, 59, 40, 41, 65, 57, 7, 8, 9, 10, 67, 5, 46, 47, 58, 50, 0, 73, 66, 33, 22, 23, 69, 14, 15, 16, 68, 70, 71, 4, 77, 6, 53, 11, 21, 55, 49, 27, 30, 31, 32, 25, 60, 61, 37, 38, 39, 75, 45, 36, 62, 63, 76, 43, 44, 54, 64, 48, 34, 78, 35, 51, 56, 52, 24, 79, 29, 28, 42, 17, 18]
index list energy: 2294632.1350891166
Done


iterations: 1000000 temp: 1000.0 exponent: 0.7 eif: 300.0
time taken (sec): 54.2007040977478
number of iterations: 1000000
og index list: [65, 76, 20, 13, 49, 44, 29, 55, 15, 31, 66, 74, 32, 9, 75, 52, 41, 14, 56, 68, 78, 12, 21, 54, 57, 7, 34, 39, 27, 70, 33, 1, 28, 48, 25, 62, 50, 69, 51, 8, 18, 40, 10, 38, 17, 42, 60, 24, 3, 58, 45, 22, 30, 26, 2, 73, 6, 72, 23, 61, 36, 19, 67, 59, 64, 63, 16, 47, 77, 79, 5, 4, 46, 35, 53, 0, 11, 71, 43, 37]
og index list energy: 71749371.29176266
index list: [13, 32, 40, 3, 50, 51, 52, 7, 8, 46, 47, 39, 66, 43, 9, 10, 11, 12, 71, 4, 26, 27, 2, 36, 74, 28, 24, 21, 22, 23, 14, 77, 17, 18, 6, 53, 54, 37, 38, 48, 34, 35, 19, 68, 70, 64, 75, 67, 5, 44, 45, 16, 20, 78, 42, 72, 73, 57, 58, 79, 29, 30, 61, 0, 1, 76, 33, 62, 63, 55, 56, 25, 60, 31, 49, 69, 59, 15, 41, 65]
index list energy: 2366684.305378239
Done


iterations: 1000000 temp: 1000.0 exponent: 0.7 eif: 300.0
time taken (sec): 47.73951196670532
number of iterations: 1000000
og index list: [1, 16, 72, 69, 45, 3, 9, 23, 20, 31, 41, 0, 32, 19, 8, 53, 17, 52, 50, 75, 33, 14, 77, 78, 62, 12, 27, 79, 61, 51, 46, 26, 11, 74, 21, 35, 55, 36, 66, 76, 56, 25, 6, 65, 43, 2, 57, 29, 34, 48, 18, 60, 7, 47, 44, 4, 49, 24, 67, 71, 15, 42, 37, 30, 38, 63, 73, 5, 22, 64, 28, 59, 13, 10, 68, 70, 39, 40, 54, 58]
og index list energy: 92677551.59383908
index list: [14, 7, 8, 59, 5, 47, 73, 75, 24, 40, 41, 71, 26, 2, 51, 38, 39, 4, 68, 69, 42, 72, 1, 74, 22, 23, 77, 27, 28, 29, 78, 67, 20, 65, 57, 19, 60, 61, 62, 63, 79, 30, 35, 44, 11, 49, 18, 46, 6, 70, 55, 56, 21, 50, 36, 64, 25, 15, 54, 76, 17, 0, 58, 31, 32, 12, 13, 16, 48, 37, 52, 53, 45, 3, 66, 43, 9, 10, 33, 34]
index list energy: 2954170.452791375
Done


iterations: 1000000 temp: 1000.0 exponent: 0.7 eif: 300.0
time taken (sec): 59.086496114730835
number of iterations: 1000000
og index list: [16, 74, 50, 14, 36, 32, 9, 53, 42, 18, 3, 70, 41, 34, 6, 5, 79, 57, 31, 49, 62, 68, 26, 38, 19, 56, 63, 11, 59, 45, 22, 76, 12, 29, 75, 2, 52, 55, 7, 58, 8, 23, 0, 51, 13, 69, 25, 39, 72, 47, 17, 21, 73, 20, 67, 78, 66, 48, 40, 37, 64, 61, 71, 15, 65, 10, 60, 4, 46, 33, 28, 24, 27, 77, 44, 30, 35, 54, 1, 43]
og index list energy: 104982322.7087791
index list: [8, 51, 66, 67, 68, 69, 14, 26, 18, 19, 56, 52, 53, 54, 55, 15, 11, 65, 25, 5, 44, 45, 16, 48, 22, 30, 31, 6, 7, 75, 23, 74, 72, 73, 0, 47, 58, 77, 43, 76, 13, 36, 37, 38, 39, 40, 46, 32, 12, 57, 41, 78, 33, 34, 35, 3, 4, 60, 61, 62, 17, 2, 9, 10, 59, 20, 21, 50, 63, 64, 1, 27, 28, 29, 79, 42, 70, 71, 49, 24]
index list energy: 1920724.0544744583
Done


iterations: 1000000 temp: 1000.0 exponent: 0.7 eif: 300.0
time taken (sec): 51.492825746536255
number of iterations: 1000000
og index list: [19, 55, 76, 66, 7, 70, 43, 30, 23, 21, 73, 2, 53, 31, 0, 18, 54, 47, 29, 28, 46, 24, 51, 8, 39, 5, 32, 34, 59, 37, 10, 11, 17, 78, 48, 67, 26, 36, 20, 79, 52, 38, 13, 56, 69, 41, 60, 50, 33, 25, 6, 45, 61, 72, 22, 58, 42, 77, 62, 27, 35, 40, 44, 64, 57, 65, 68, 74, 9, 15, 63, 4, 1, 71, 16, 3, 49, 12, 75, 14]
og index list energy: 124690162.62697488
index list: [43, 9, 0, 73, 40, 47, 41, 75, 28, 29, 23, 70, 71, 4, 56, 52, 14, 7, 8, 69, 42, 33, 22, 30, 31, 50, 51, 38, 79, 17, 18, 76, 72, 74, 39, 68, 63, 64, 78, 48, 37, 10, 59, 20, 13, 19, 15, 46, 6, 24, 12, 57, 58, 77, 1, 2, 3, 60, 61, 62, 11, 25, 5, 44, 45, 36, 34, 35, 54, 55, 53, 16, 65, 66, 67, 26, 27, 49, 32, 21]
index list energy: 2319062.2511836938
Done


iterations: 1000000 temp: 1000.0 exponent: 0.7 eif: 300.0
time taken (sec): 53.2921097278595
number of iterations: 1000000
og index list: [17, 52, 47, 76, 0, 57, 59, 70, 65, 6, 8, 32, 19, 53, 11, 37, 23, 2, 51, 36, 34, 67, 41, 77, 4, 27, 24, 10, 13, 49, 33, 30, 12, 56, 66, 3, 20, 60, 40, 26, 42, 55, 62, 48, 46, 29, 9, 74, 45, 64, 61, 75, 21, 16, 7, 72, 73, 38, 22, 43, 63, 25, 35, 69, 44, 5, 15, 79, 31, 68, 50, 28, 14, 71, 58, 18, 1, 54, 78, 39]
og index list energy: 134365578.3142729
index list: [43, 0, 1, 2, 41, 65, 4, 7, 8, 16, 21, 55, 56, 13, 46, 3, 40, 9, 10, 17, 18, 47, 39, 78, 71, 15, 19, 20, 12, 74, 28, 29, 75, 72, 73, 57, 36, 37, 38, 48, 34, 35, 77, 42, 33, 22, 23, 69, 67, 68, 59, 60, 61, 62, 51, 24, 52, 53, 54, 79, 11, 50, 63, 64, 66, 70, 49, 58, 76, 31, 32, 25, 5, 44, 45, 6, 14, 26, 27, 30]
index list energy: 1813735.3768766478
Done


iterations: 1000000 temp: 1000.0 exponent: 0.7 eif: 300.0
time taken (sec): 60.28292155265808
number of iterations: 1000000
og index list: [42, 47, 77, 7, 16, 45, 35, 79, 1, 40, 17, 74, 52, 8, 75, 76, 69, 23, 62, 14, 57, 53, 18, 64, 4, 31, 21, 33, 5, 73, 41, 38, 55, 13, 28, 43, 36, 15, 22, 37, 19, 12, 51, 58, 56, 34, 67, 48, 50, 70, 66, 24, 63, 72, 32, 59, 3, 78, 26, 44, 25, 9, 65, 27, 11, 61, 30, 68, 10, 0, 46, 20, 54, 49, 71, 39, 29, 6, 2, 60]
og index list energy: 129970915.61965168
index list: [7, 0, 6, 69, 14, 5, 16, 75, 18, 1, 2, 9, 10, 63, 22, 23, 49, 42, 43, 51, 52, 24, 12, 13, 19, 4, 56, 66, 17, 79, 67, 74, 72, 73, 78, 59, 60, 61, 62, 70, 21, 55, 15, 32, 65, 25, 20, 57, 41, 71, 40, 47, 48, 64, 77, 8, 44, 45, 36, 37, 38, 58, 50, 11, 76, 33, 34, 35, 46, 39, 26, 27, 28, 29, 30, 31, 3, 68, 53, 54]
index list energy: 2091054.7991274763
Done


iterations: 1000000 temp: 1000.0 exponent: 0.7 eif: 300.0
time taken (sec): 48.19095182418823
number of iterations: 1000000
og index list: [52, 30, 65, 27, 17, 21, 79, 13, 45, 58, 14, 77, 69, 5, 9, 51, 38, 78, 20, 10, 16, 37, 59, 55, 3, 42, 70, 23, 15, 75, 19, 41, 24, 64, 67, 56, 34, 36, 57, 11, 62, 25, 0, 35, 76, 66, 71, 44, 2, 43, 6, 31, 47, 1, 46, 48, 18, 49, 32, 12, 61, 68, 7, 50, 33, 54, 39, 63, 22, 74, 53, 4, 28, 26, 60, 8, 29, 40, 73, 72]
og index list energy: 112188059.94160855
index list: [33, 22, 77, 27, 28, 29, 30, 75, 17, 50, 11, 12, 13, 19, 15, 44, 45, 32, 25, 49, 2, 36, 55, 56, 74, 23, 24, 66, 43, 6, 14, 26, 76, 53, 51, 60, 31, 54, 64, 57, 1, 18, 41, 65, 52, 69, 67, 5, 9, 10, 63, 37, 38, 47, 79, 42, 72, 70, 21, 78, 61, 62, 59, 20, 71, 48, 34, 35, 58, 0, 73, 40, 46, 3, 68, 7, 8, 16, 39, 4]
index list energy: 3153741.3505303315
Done


iterations: 1000000 temp: 1000.0 exponent: 0.7 eif: 300.0
time taken (sec): 51.06352138519287
number of iterations: 1000000
og index list: [69, 57, 19, 50, 29, 24, 2, 33, 53, 27, 56, 43, 30, 14, 76, 72, 23, 16, 3, 59, 36, 77, 74, 62, 12, 68, 73, 42, 28, 58, 11, 5, 67, 52, 49, 44, 25, 75, 61, 46, 34, 38, 15, 79, 55, 6, 20, 0, 10, 66, 31, 48, 47, 22, 37, 18, 13, 54, 32, 65, 60, 17, 63, 71, 1, 7, 35, 41, 78, 51, 26, 9, 40, 21, 64, 8, 45, 4, 70, 39]
og index list energy: 126195096.04497854
index list: [7, 78, 24, 66, 43, 44, 6, 17, 18, 19, 20, 21, 37, 50, 11, 57, 39, 68, 67, 26, 2, 9, 10, 70, 74, 8, 51, 15, 3, 75, 14, 77, 12, 52, 59, 60, 31, 16, 69, 33, 62, 63, 22, 30, 61, 34, 35, 54, 55, 5, 47, 58, 79, 71, 4, 56, 13, 46, 36, 0, 1, 27, 28, 42, 72, 73, 49, 38, 48, 64, 40, 41, 65, 76, 29, 23, 53, 45, 32, 25]
index list energy: 3255808.3684676304
Done


iterations: 1000000 temp: 1000.0 exponent: 0.7 eif: 300.0
time taken (sec): 53.21359086036682
number of iterations: 1000000
og index list: [2, 53, 19, 5, 71, 3, 17, 39, 21, 72, 16, 59, 66, 75, 23, 11, 50, 46, 74, 24, 27, 37, 22, 7, 0, 45, 70, 56, 42, 25, 30, 49, 26, 10, 38, 61, 9, 60, 68, 55, 28, 33, 79, 57, 62, 65, 8, 58, 41, 32, 76, 43, 40, 54, 18, 73, 31, 12, 63, 64, 13, 44, 35, 36, 67, 78, 1, 48, 20, 69, 77, 6, 14, 4, 47, 52, 15, 34, 51, 29]
og index list energy: 80282064.83546634
index list: [59, 56, 25, 5, 16, 51, 38, 1, 2, 47, 39, 66, 67, 4, 68, 24, 12, 52, 42, 43, 9, 10, 69, 70, 74, 28, 72, 73, 78, 29, 30, 79, 17, 18, 32, 57, 48, 34, 35, 54, 22, 23, 14, 15, 19, 20, 71, 60, 31, 44, 45, 46, 58, 77, 13, 6, 7, 8, 36, 64, 21, 75, 61, 62, 11, 76, 33, 37, 49, 55, 53, 0, 3, 40, 41, 65, 26, 27, 50, 63]
index list energy: 1855604.2748498626
Done


iterations: 1000000 temp: 1000.0 exponent: 0.7 eif: 300.0
time taken (sec): 57.53608417510986
number of iterations: 1000000
og index list: [61, 63, 15, 42, 0, 7, 11, 77, 50, 39, 41, 56, 54, 46, 58, 29, 31, 30, 57, 68, 72, 55, 36, 21, 69, 14, 73, 16, 13, 62, 3, 26, 47, 2, 40, 64, 19, 8, 37, 10, 66, 4, 59, 52, 43, 74, 70, 33, 60, 78, 12, 49, 34, 65, 76, 25, 53, 9, 6, 45, 71, 44, 1, 38, 27, 24, 18, 5, 67, 35, 32, 23, 75, 28, 51, 48, 20, 17, 22, 79]
og index list energy: 112759566.00926237
index list: [23, 7, 8, 59, 15, 19, 26, 27, 28, 29, 30, 31, 36, 22, 49, 42, 43, 73, 66, 17, 18, 41, 21, 64, 71, 68, 70, 65, 4, 79, 14, 76, 2, 6, 69, 53, 54, 37, 52, 75, 32, 50, 63, 55, 74, 24, 78, 33, 62, 72, 46, 48, 34, 35, 9, 10, 11, 25, 60, 77, 67, 5, 44, 45, 51, 38, 47, 58, 61, 0, 3, 20, 12, 13, 16, 56, 57, 39, 40, 1]
index list energy: 2669294.9954022593
Done


iterations: 1000000 temp: 1000.0 exponent: 0.7 eif: 300.0
time taken (sec): 56.58798861503601
number of iterations: 1000000
og index list: [37, 29, 1, 20, 28, 67, 58, 46, 38, 24, 27, 40, 36, 17, 39, 6, 4, 42, 22, 66, 73, 59, 79, 52, 56, 77, 65, 60, 64, 50, 49, 33, 12, 21, 63, 5, 35, 44, 75, 55, 7, 41, 71, 11, 30, 76, 74, 13, 2, 10, 9, 69, 61, 68, 18, 8, 51, 48, 78, 15, 14, 3, 0, 72, 53, 23, 45, 31, 54, 62, 19, 34, 32, 70, 25, 57, 16, 26, 43, 47]
og index list energy: 122029186.31907265
index list: [38, 0, 48, 55, 56, 57, 73, 74, 8, 70, 71, 68, 69, 43, 6, 53, 45, 46, 47, 39, 20, 21, 37, 49, 19, 4, 5, 16, 7, 75, 67, 77, 17, 27, 28, 29, 30, 31, 3, 79, 1, 18, 32, 25, 15, 11, 78, 33, 22, 23, 24, 60, 61, 62, 9, 10, 59, 40, 58, 76, 2, 41, 12, 13, 44, 54, 34, 35, 36, 64, 65, 66, 42, 72, 51, 52, 14, 26, 50, 63]
index list energy: 2601552.3436543574
Done


iterations: 1000000 temp: 1000.0 exponent: 0.7 eif: 300.0
time taken (sec): 56.14121890068054
number of iterations: 1000000
og index list: [3, 78, 79, 21, 64, 77, 15, 43, 27, 4, 17, 35, 62, 46, 58, 59, 70, 9, 14, 74, 34, 28, 54, 49, 33, 23, 41, 73, 11, 7, 48, 36, 19, 65, 45, 47, 37, 6, 75, 67, 18, 61, 57, 38, 32, 16, 69, 55, 42, 53, 8, 0, 24, 30, 56, 72, 12, 22, 1, 66, 29, 60, 52, 5, 50, 20, 44, 31, 71, 68, 40, 76, 63, 26, 25, 2, 39, 13, 10, 51]
og index list energy: 126877764.78534275
index list: [33, 22, 23, 24, 66, 72, 77, 17, 18, 41, 65, 57, 16, 51, 52, 53, 45, 3, 26, 27, 28, 29, 30, 61, 62, 9, 10, 11, 25, 74, 2, 1, 79, 42, 43, 44, 54, 37, 38, 58, 75, 59, 60, 0, 46, 19, 20, 12, 13, 6, 14, 56, 21, 34, 35, 32, 40, 47, 48, 64, 39, 5, 73, 4, 15, 50, 63, 78, 70, 71, 68, 69, 67, 76, 8, 7, 49, 31, 36, 55]
index list energy: 1925903.740550574
Done


iterations: 1000000 temp: 1000.0 exponent: 0.7 eif: 300.0
time taken (sec): 59.01559114456177
number of iterations: 1000000
og index list: [30, 22, 24, 36, 66, 12, 39, 6, 34, 3, 50, 59, 11, 70, 10, 68, 0, 72, 37, 63, 32, 67, 20, 49, 44, 64, 58, 4, 14, 5, 38, 71, 27, 47, 60, 13, 29, 46, 1, 23, 7, 41, 18, 65, 45, 15, 78, 69, 40, 28, 61, 75, 19, 25, 21, 77, 31, 42, 53, 33, 76, 17, 26, 74, 8, 55, 52, 57, 62, 51, 35, 2, 48, 79, 73, 9, 43, 56, 54, 16]
og index list energy: 109078501.52032243
index list: [60, 35, 36, 22, 23, 24, 25, 76, 2, 16, 20, 74, 12, 13, 0, 9, 52, 59, 26, 27, 28, 29, 30, 61, 62, 51, 10, 11, 75, 14, 78, 17, 18, 3, 4, 56, 57, 41, 71, 79, 19, 5, 46, 47, 48, 64, 65, 66, 43, 44, 45, 32, 21, 37, 38, 39, 68, 69, 33, 34, 31, 58, 49, 42, 67, 15, 70, 50, 63, 55, 7, 8, 1, 77, 72, 73, 40, 6, 53, 54]
index list energy: 1996632.9357321854
Done


iterations: 1000000 temp: 1000.0 exponent: 0.7 eif: 300.0
time taken (sec): 58.84657645225525
number of iterations: 1000000
og index list: [77, 45, 12, 33, 60, 27, 55, 25, 22, 72, 65, 37, 35, 2, 59, 61, 66, 57, 40, 47, 79, 26, 0, 4, 48, 49, 41, 3, 43, 34, 42, 32, 10, 17, 21, 38, 56, 64, 1, 14, 67, 39, 63, 51, 20, 31, 24, 69, 6, 30, 54, 8, 16, 9, 68, 46, 62, 52, 7, 5, 11, 18, 44, 23, 78, 71, 75, 74, 76, 58, 70, 28, 19, 36, 53, 29, 73, 50, 15, 13]
og index list energy: 124780683.81561086
index list: [67, 76, 2, 9, 10, 11, 25, 26, 79, 42, 43, 44, 54, 34, 35, 16, 50, 51, 52, 24, 4, 56, 57, 74, 1, 27, 30, 31, 3, 77, 28, 29, 75, 17, 18, 19, 60, 61, 62, 63, 22, 23, 69, 14, 53, 45, 46, 58, 78, 70, 71, 5, 36, 64, 40, 6, 7, 8, 48, 0, 73, 66, 33, 55, 15, 41, 21, 37, 38, 49, 72, 47, 39, 68, 59, 20, 12, 13, 32, 65]
index list energy: 1792583.8169912177
Done


iterations: 1000000 temp: 1000.0 exponent: 0.7 eif: 300.0
time taken (sec): 48.72204399108887
number of iterations: 1000000
og index list: [37, 41, 16, 24, 68, 40, 45, 36, 52, 25, 65, 42, 63, 13, 75, 43, 61, 66, 51, 76, 57, 64, 20, 56, 44, 19, 34, 39, 7, 26, 15, 2, 1, 12, 21, 78, 33, 29, 77, 48, 53, 28, 71, 0, 32, 17, 73, 58, 46, 35, 3, 27, 22, 60, 6, 59, 4, 62, 49, 31, 72, 55, 11, 8, 23, 5, 54, 47, 69, 9, 14, 18, 67, 50, 30, 74, 38, 79, 10, 70]
og index list energy: 103206159.68057969
index list: [26, 2, 3, 56, 52, 14, 24, 25, 15, 47, 19, 20, 12, 13, 16, 53, 51, 0, 44, 45, 46, 41, 50, 76, 71, 5, 73, 4, 7, 74, 8, 17, 18, 6, 59, 60, 31, 48, 64, 57, 39, 66, 33, 77, 54, 49, 38, 58, 61, 22, 23, 67, 78, 32, 68, 70, 65, 40, 36, 62, 11, 21, 34, 35, 9, 10, 63, 55, 79, 37, 75, 42, 43, 69, 72, 1, 27, 28, 29, 30]
index list energy: 3495817.682695164
Done


iterations: 1000000 temp: 1000.0 exponent: 0.7 eif: 300.0
time taken (sec): 46.6353874206543
number of iterations: 1000000
og index list: [68, 41, 35, 40, 54, 64, 16, 36, 21, 79, 3, 69, 15, 74, 20, 37, 27, 29, 32, 7, 45, 2, 11, 28, 61, 72, 75, 46, 43, 25, 14, 55, 77, 13, 73, 66, 19, 56, 63, 57, 24, 65, 50, 6, 48, 71, 34, 33, 23, 10, 47, 0, 17, 49, 62, 31, 30, 8, 38, 67, 60, 12, 53, 59, 9, 18, 76, 4, 39, 52, 42, 44, 5, 78, 26, 58, 1, 22, 70, 51]
og index list energy: 123047634.56815818
index list: [18, 1, 49, 55, 7, 8, 6, 14, 24, 78, 29, 50, 11, 57, 16, 65, 40, 46, 47, 51, 38, 58, 61, 0, 39, 68, 59, 26, 27, 79, 17, 77, 30, 31, 44, 45, 41, 71, 10, 63, 22, 23, 70, 13, 36, 62, 69, 43, 19, 56, 66, 42, 33, 34, 35, 9, 52, 53, 54, 76, 28, 67, 15, 32, 25, 5, 48, 64, 21, 37, 75, 2, 3, 60, 74, 72, 73, 4, 20, 12]
index list energy: 2982646.574724363
Done


iterations: 1000000 temp: 1000.0 exponent: 0.7 eif: 300.0
time taken (sec): 50.59249782562256
number of iterations: 1000000
og index list: [18, 24, 39, 57, 13, 1, 74, 41, 26, 75, 45, 55, 30, 10, 77, 27, 70, 44, 2, 67, 9, 60, 59, 63, 37, 22, 48, 4, 66, 36, 19, 69, 56, 32, 23, 65, 11, 29, 49, 31, 71, 33, 68, 15, 14, 3, 34, 76, 17, 53, 54, 47, 20, 61, 46, 35, 25, 78, 73, 58, 12, 40, 21, 42, 50, 51, 28, 72, 8, 6, 0, 62, 5, 38, 43, 7, 16, 64, 79, 52]
og index list energy: 102811445.6796083
index list: [31, 32, 25, 60, 35, 51, 52, 14, 26, 18, 19, 20, 13, 46, 1, 27, 30, 50, 69, 42, 70, 71, 5, 36, 62, 76, 2, 41, 79, 29, 28, 17, 77, 22, 23, 72, 47, 39, 68, 33, 74, 59, 56, 10, 11, 12, 66, 67, 0, 58, 75, 43, 63, 34, 49, 7, 8, 16, 48, 55, 24, 21, 37, 38, 6, 53, 54, 78, 61, 64, 65, 57, 73, 40, 44, 45, 3, 4, 15, 9]
index list energy: 2411570.969398179
Done


iterations: 1000000 temp: 1000.0 exponent: 0.7 eif: 300.0
time taken (sec): 47.8203821182251
number of iterations: 1000000
og index list: [25, 42, 28, 72, 52, 12, 27, 31, 19, 43, 24, 30, 48, 2, 50, 61, 29, 15, 41, 74, 0, 3, 16, 9, 26, 66, 75, 1, 40, 6, 33, 67, 58, 22, 79, 10, 17, 45, 5, 54, 76, 70, 59, 71, 65, 4, 14, 47, 63, 78, 23, 18, 68, 55, 13, 39, 38, 49, 21, 62, 7, 64, 35, 37, 20, 46, 73, 36, 77, 53, 34, 8, 11, 32, 56, 51, 69, 44, 57, 60]
og index list energy: 101537444.30171122
index list: [14, 56, 66, 70, 52, 72, 73, 76, 27, 77, 11, 40, 6, 53, 45, 3, 68, 69, 67, 4, 15, 19, 20, 21, 74, 18, 16, 25, 26, 79, 8, 7, 50, 51, 1, 2, 36, 62, 44, 54, 55, 24, 57, 48, 37, 10, 43, 32, 12, 13, 46, 47, 41, 71, 60, 61, 34, 0, 58, 75, 17, 30, 35, 9, 38, 39, 49, 31, 63, 64, 65, 78, 29, 28, 42, 33, 22, 23, 59, 5]
index list energy: 2424671.8552284148
Done


iterations: 1000000 temp: 1000.0 exponent: 0.7 eif: 300.0
time taken (sec): 60.035317182540894
number of iterations: 1000000
og index list: [72, 27, 47, 69, 50, 17, 34, 31, 61, 32, 60, 12, 20, 48, 33, 29, 25, 66, 77, 53, 49, 3, 44, 18, 26, 19, 7, 30, 78, 79, 5, 2, 6, 11, 35, 45, 68, 14, 23, 74, 67, 55, 22, 36, 64, 42, 37, 15, 38, 73, 39, 54, 75, 56, 70, 41, 71, 8, 10, 1, 46, 0, 63, 51, 43, 40, 24, 28, 4, 58, 65, 13, 62, 57, 16, 59, 9, 52, 21, 76]
og index list energy: 107055391.03202638
index list: [72, 39, 40, 19, 20, 71, 66, 17, 18, 16, 24, 12, 13, 36, 22, 74, 2, 3, 68, 69, 43, 6, 14, 60, 75, 25, 26, 27, 28, 29, 23, 7, 8, 51, 52, 53, 54, 37, 79, 35, 32, 76, 59, 57, 48, 34, 77, 67, 5, 9, 10, 70, 21, 64, 47, 1, 30, 31, 58, 50, 63, 55, 15, 45, 46, 44, 41, 78, 61, 0, 73, 4, 56, 38, 49, 42, 33, 62, 11, 65]
index list energy: 2582827.0514652496
Done


iterations: 1000000 temp: 1000.0 exponent: 0.7 eif: 300.0
time taken (sec): 47.6137797832489
number of iterations: 1000000
og index list: [22, 12, 36, 9, 79, 60, 77, 53, 15, 43, 47, 61, 72, 70, 76, 16, 4, 5, 35, 37, 24, 13, 10, 67, 75, 54, 23, 28, 66, 62, 69, 51, 59, 52, 25, 7, 33, 38, 55, 11, 42, 40, 57, 39, 34, 78, 73, 65, 14, 45, 27, 6, 58, 68, 19, 41, 20, 29, 18, 3, 0, 64, 1, 56, 49, 31, 46, 63, 48, 71, 2, 74, 32, 21, 50, 26, 44, 30, 17, 8]
og index list energy: 113025764.2724519
index list: [2, 32, 48, 34, 35, 16, 24, 25, 15, 45, 36, 62, 9, 52, 59, 75, 28, 77, 42, 43, 63, 55, 70, 12, 79, 18, 47, 1, 76, 17, 74, 7, 8, 53, 54, 22, 78, 19, 60, 61, 37, 10, 51, 13, 46, 6, 67, 68, 14, 56, 57, 3, 20, 71, 5, 44, 50, 11, 21, 64, 66, 72, 69, 29, 30, 49, 38, 39, 40, 58, 31, 41, 65, 0, 73, 4, 26, 27, 23, 33]
index list energy: 3615377.0679053525
Done


iterations: 1000000 temp: 1000.0 exponent: 0.7 eif: 300.0
time taken (sec): 57.265647649765015
number of iterations: 1000000
og index list: [55, 35, 13, 49, 25, 30, 18, 50, 14, 79, 54, 4, 75, 17, 53, 36, 62, 66, 45, 32, 47, 26, 23, 48, 61, 24, 28, 38, 19, 71, 46, 77, 40, 1, 51, 8, 76, 70, 33, 34, 78, 41, 22, 9, 43, 37, 15, 57, 56, 69, 52, 7, 68, 67, 10, 44, 12, 6, 65, 2, 11, 31, 27, 63, 3, 5, 29, 20, 39, 16, 42, 59, 64, 73, 74, 21, 60, 58, 0, 72]
og index list energy: 112610013.82301715
index list: [43, 73, 49, 29, 30, 31, 19, 26, 50, 59, 60, 61, 77, 2, 41, 65, 57, 44, 45, 3, 40, 1, 23, 70, 71, 5, 9, 52, 7, 8, 24, 66, 17, 76, 27, 28, 33, 34, 35, 36, 22, 79, 37, 38, 39, 68, 14, 53, 16, 69, 42, 72, 48, 78, 18, 46, 58, 74, 54, 55, 56, 10, 51, 13, 32, 20, 21, 64, 75, 62, 63, 0, 47, 6, 67, 4, 15, 11, 12, 25]
index list energy: 2528457.905994523
Done


iterations: 1000000 temp: 1000.0 exponent: 0.7 eif: 300.0
time taken (sec): 49.10173273086548
number of iterations: 1000000
og index list: [27, 42, 14, 75, 63, 31, 60, 40, 36, 41, 16, 52, 25, 34, 5, 48, 3, 69, 28, 21, 29, 62, 67, 13, 68, 10, 51, 49, 50, 71, 72, 70, 59, 17, 38, 26, 76, 9, 56, 78, 45, 46, 33, 35, 61, 19, 22, 6, 66, 30, 23, 47, 24, 43, 4, 57, 58, 8, 11, 2, 54, 37, 77, 79, 53, 7, 74, 1, 32, 12, 18, 39, 64, 65, 15, 44, 55, 0, 20, 73]
og index list energy: 124133770.36202502
index list: [8, 73, 75, 27, 28, 53, 45, 1, 2, 41, 71, 60, 31, 9, 10, 11, 40, 3, 49, 43, 36, 22, 23, 70, 78, 20, 65, 66, 67, 26, 76, 17, 18, 69, 42, 29, 30, 61, 62, 63, 37, 38, 74, 13, 32, 25, 15, 72, 47, 39, 4, 7, 79, 34, 35, 19, 5, 46, 58, 77, 33, 50, 54, 0, 44, 16, 21, 64, 48, 55, 24, 12, 52, 59, 68, 14, 56, 57, 6, 51]
index list energy: 2332439.0832371265
Done


iterations: 1000000 temp: 1000.0 exponent: 0.7 eif: 300.0
time taken (sec): 59.63785719871521
number of iterations: 1000000
og index list: [63, 10, 0, 20, 6, 72, 12, 66, 31, 61, 24, 62, 34, 69, 73, 2, 30, 74, 22, 68, 47, 43, 71, 32, 33, 39, 35, 78, 9, 36, 13, 75, 50, 19, 48, 40, 67, 70, 46, 16, 17, 29, 26, 65, 15, 57, 58, 76, 49, 4, 55, 42, 37, 53, 1, 18, 44, 5, 56, 14, 52, 51, 41, 59, 60, 3, 64, 8, 11, 45, 25, 23, 77, 27, 38, 79, 21, 7, 28, 54]
og index list energy: 96713253.84319764
index list: [11, 57, 58, 76, 72, 73, 4, 26, 78, 29, 30, 31, 32, 25, 49, 2, 9, 10, 69, 53, 54, 64, 12, 75, 1, 27, 8, 48, 22, 23, 24, 74, 28, 42, 43, 47, 79, 19, 50, 63, 37, 38, 39, 68, 70, 71, 40, 44, 45, 6, 59, 60, 61, 62, 14, 56, 13, 36, 34, 35, 3, 20, 21, 55, 7, 77, 33, 0, 41, 65, 66, 67, 15, 46, 16, 5, 51, 52, 17, 18]
index list energy: 2500804.921498073
Done


iterations: 1000000 temp: 1000.0 exponent: 0.7 eif: 300.0
time taken (sec): 60.28663992881775
number of iterations: 1000000
og index list: [46, 30, 26, 55, 23, 53, 15, 38, 18, 56, 67, 8, 6, 51, 68, 27, 64, 4, 14, 10, 42, 50, 47, 70, 33, 21, 61, 11, 44, 43, 2, 40, 28, 72, 22, 16, 41, 34, 76, 0, 74, 54, 78, 66, 58, 9, 3, 65, 77, 57, 52, 39, 79, 63, 1, 62, 75, 7, 69, 31, 17, 12, 24, 59, 60, 48, 49, 36, 19, 29, 37, 71, 20, 25, 35, 45, 32, 5, 73, 13]
og index list energy: 100069726.09147343
index list: [70, 65, 25, 26, 50, 9, 10, 51, 74, 27, 28, 29, 30, 31, 45, 16, 40, 19, 68, 59, 15, 32, 21, 76, 61, 62, 11, 75, 42, 17, 18, 1, 2, 3, 4, 5, 41, 13, 46, 48, 64, 57, 6, 24, 12, 52, 14, 0, 58, 77, 33, 34, 35, 36, 55, 56, 66, 67, 60, 79, 7, 8, 63, 22, 23, 53, 78, 44, 54, 37, 38, 39, 20, 71, 69, 72, 73, 49, 43, 47]
index list energy: 2991330.1935501858
Done


iterations: 1000000 temp: 1000.0 exponent: 0.7 eif: 300.0
time taken (sec): 65.12852907180786
number of iterations: 1000000
og index list: [73, 4, 46, 51, 16, 20, 42, 52, 77, 59, 68, 47, 58, 75, 56, 1, 29, 57, 64, 41, 50, 7, 40, 15, 30, 34, 74, 19, 27, 10, 12, 78, 2, 67, 0, 43, 45, 53, 60, 66, 36, 28, 63, 76, 69, 49, 61, 33, 48, 26, 14, 35, 55, 44, 39, 24, 3, 65, 6, 62, 25, 9, 72, 70, 22, 71, 11, 32, 5, 79, 31, 23, 8, 37, 54, 18, 21, 17, 38, 13]
og index list energy: 91791342.98678644
index list: [42, 33, 64, 65, 0, 73, 66, 17, 18, 19, 20, 21, 22, 23, 14, 76, 29, 77, 59, 5, 51, 56, 57, 41, 79, 28, 75, 40, 3, 68, 67, 74, 43, 44, 45, 16, 48, 34, 78, 70, 71, 26, 27, 30, 31, 1, 2, 9, 10, 11, 12, 13, 49, 38, 47, 39, 52, 53, 54, 50, 6, 7, 8, 69, 72, 58, 61, 62, 63, 55, 24, 25, 4, 15, 46, 32, 60, 35, 36, 37]
index list energy: 2202933.8901029136
Done


iterations: 1000000 temp: 1000.0 exponent: 0.7 eif: 300.0
time taken (sec): 53.13590931892395
number of iterations: 1000000
og index list: [42, 5, 22, 52, 51, 67, 40, 10, 57, 12, 47, 2, 3, 75, 68, 53, 59, 29, 61, 66, 28, 73, 7, 62, 20, 38, 31, 30, 1, 41, 17, 79, 35, 45, 27, 48, 44, 11, 18, 74, 24, 58, 4, 50, 77, 56, 8, 6, 34, 19, 71, 63, 78, 14, 25, 39, 65, 13, 21, 0, 69, 72, 26, 36, 49, 33, 46, 9, 43, 64, 32, 70, 15, 54, 55, 76, 23, 16, 60, 37]
og index list energy: 109329304.32554878
index list: [64, 40, 1, 2, 6, 70, 65, 66, 59, 20, 21, 55, 15, 69, 42, 43, 44, 45, 16, 7, 74, 33, 34, 61, 75, 8, 9, 10, 11, 79, 67, 78, 30, 31, 3, 4, 5, 48, 62, 63, 50, 36, 37, 38, 73, 49, 29, 28, 72, 51, 52, 24, 13, 32, 12, 71, 56, 57, 58, 0, 41, 76, 17, 18, 19, 60, 35, 47, 77, 54, 22, 23, 14, 68, 53, 46, 39, 25, 26, 27]
index list energy: 2817096.5252932734
Done


iterations: 1000000 temp: 1000.0 exponent: 0.7 eif: 300.0
time taken (sec): 53.14062142372131
number of iterations: 1000000
og index list: [15, 28, 74, 7, 67, 22, 31, 46, 34, 5, 49, 59, 23, 14, 0, 29, 24, 26, 51, 1, 35, 76, 44, 37, 77, 13, 27, 12, 73, 65, 62, 40, 2, 72, 16, 70, 69, 50, 60, 57, 3, 18, 78, 39, 48, 30, 19, 66, 53, 25, 43, 64, 11, 79, 32, 58, 10, 47, 9, 6, 36, 45, 41, 4, 42, 52, 33, 54, 75, 55, 20, 38, 61, 17, 56, 21, 8, 71, 68, 63]
og index list energy: 119795962.05552839
index list: [1, 28, 33, 34, 35, 75, 67, 68, 17, 18, 6, 14, 20, 52, 69, 42, 43, 9, 10, 59, 76, 27, 23, 53, 0, 51, 47, 58, 50, 63, 22, 74, 2, 44, 45, 16, 48, 49, 31, 54, 64, 25, 5, 3, 4, 15, 32, 21, 37, 38, 39, 40, 41, 71, 60, 61, 62, 11, 12, 79, 72, 7, 8, 46, 73, 66, 70, 65, 13, 36, 55, 56, 77, 29, 30, 78, 24, 57, 19, 26]
index list energy: 3806575.912549746
Done


iterations: 1000000 temp: 1000.0 exponent: 0.7 eif: 300.0
time taken (sec): 59.89373850822449
number of iterations: 1000000
og index list: [17, 51, 2, 77, 25, 38, 72, 50, 3, 7, 76, 44, 16, 13, 36, 5, 9, 0, 1, 14, 59, 45, 27, 66, 58, 48, 15, 47, 21, 69, 70, 6, 55, 63, 20, 33, 62, 49, 11, 68, 28, 34, 37, 75, 39, 26, 67, 35, 61, 4, 18, 40, 24, 30, 10, 46, 64, 22, 65, 57, 19, 53, 42, 56, 78, 79, 74, 12, 41, 32, 31, 29, 54, 52, 43, 60, 8, 23, 73, 71]
og index list energy: 129933482.35882552
index list: [8, 7, 0, 41, 65, 66, 67, 26, 18, 19, 40, 77, 11, 50, 69, 29, 30, 31, 47, 39, 4, 5, 16, 48, 22, 23, 14, 15, 1, 27, 28, 78, 72, 3, 20, 71, 60, 61, 62, 63, 64, 21, 55, 56, 25, 49, 42, 70, 76, 43, 44, 45, 36, 37, 38, 6, 24, 57, 58, 74, 59, 68, 51, 10, 75, 33, 34, 35, 54, 79, 17, 2, 9, 52, 53, 32, 12, 13, 46, 73]
index list energy: 1555626.4612316543
Done


iterations: 1000000 temp: 1000.0 exponent: 0.7 eif: 300.0
time taken (sec): 54.2747278213501
number of iterations: 1000000
og index list: [51, 38, 77, 65, 25, 29, 17, 55, 14, 78, 13, 50, 28, 47, 1, 22, 32, 21, 74, 20, 48, 41, 30, 46, 16, 26, 2, 6, 49, 57, 53, 67, 33, 69, 60, 35, 61, 31, 45, 54, 79, 27, 75, 66, 52, 15, 18, 62, 9, 7, 39, 19, 11, 63, 56, 58, 70, 42, 76, 34, 44, 5, 4, 64, 36, 43, 73, 3, 72, 10, 0, 71, 40, 37, 12, 8, 24, 23, 59, 68]
og index list energy: 88245971.00467546
index list: [33, 37, 10, 51, 38, 39, 25, 78, 43, 50, 11, 12, 52, 53, 16, 15, 3, 26, 2, 9, 0, 73, 74, 47, 1, 27, 28, 72, 77, 17, 18, 6, 7, 8, 69, 29, 30, 31, 45, 36, 34, 35, 46, 58, 79, 24, 40, 19, 20, 21, 55, 5, 48, 76, 54, 22, 23, 42, 70, 75, 13, 41, 71, 68, 59, 60, 61, 62, 63, 64, 65, 57, 44, 32, 49, 14, 56, 66, 67, 4]
index list energy: 2222513.349495217
Done


iterations: 1000000 temp: 1000.0 exponent: 0.7 eif: 300.0
time taken (sec): 55.99202299118042
number of iterations: 1000000
og index list: [73, 24, 79, 77, 59, 51, 50, 34, 35, 53, 21, 31, 69, 7, 1, 13, 46, 0, 71, 74, 12, 3, 38, 43, 67, 49, 52, 64, 42, 9, 8, 36, 75, 11, 41, 55, 45, 56, 23, 17, 61, 40, 39, 57, 58, 32, 26, 76, 20, 33, 44, 70, 54, 47, 15, 19, 4, 28, 27, 5, 72, 18, 10, 48, 29, 60, 68, 63, 22, 25, 30, 78, 6, 65, 62, 14, 16, 66, 37, 2]
og index list energy: 115117803.52959877
index list: [45, 32, 12, 25, 26, 27, 28, 29, 30, 76, 14, 5, 6, 69, 67, 50, 9, 10, 11, 49, 2, 3, 40, 36, 78, 72, 1, 18, 74, 22, 23, 17, 77, 42, 43, 0, 58, 75, 53, 54, 64, 71, 24, 57, 44, 16, 7, 8, 63, 34, 35, 19, 60, 31, 41, 65, 13, 46, 48, 62, 51, 66, 33, 55, 56, 52, 70, 21, 79, 61, 37, 38, 73, 4, 15, 47, 39, 68, 59, 20]
index list energy: 2029006.7453679186
Done


iterations: 1000000 temp: 1000.0 exponent: 0.7 eif: 300.0
time taken (sec): 53.03631019592285
number of iterations: 1000000
og index list: [20, 55, 51, 76, 52, 54, 57, 63, 44, 75, 61, 6, 42, 59, 1, 74, 78, 34, 23, 19, 49, 14, 0, 16, 69, 33, 35, 4, 79, 31, 8, 26, 29, 9, 18, 22, 46, 50, 70, 12, 2, 15, 7, 72, 68, 38, 17, 71, 36, 67, 39, 53, 65, 73, 56, 60, 25, 58, 13, 28, 40, 32, 64, 62, 27, 24, 5, 77, 43, 45, 21, 41, 11, 3, 47, 30, 37, 10, 66, 48]
og index list energy: 138314740.04539686
index list: [43, 51, 48, 55, 56, 57, 44, 74, 17, 18, 19, 79, 59, 68, 14, 78, 72, 73, 52, 7, 8, 3, 60, 61, 62, 0, 47, 16, 39, 4, 26, 27, 28, 29, 23, 53, 54, 37, 38, 77, 6, 24, 40, 58, 50, 69, 70, 13, 41, 65, 66, 42, 33, 75, 45, 32, 21, 22, 30, 76, 2, 9, 10, 67, 5, 36, 34, 35, 63, 64, 12, 71, 15, 11, 25, 20, 49, 31, 46, 1]
index list energy: 2577472.8225561916
Done


iterations: 1000000 temp: 1000.0 exponent: 0.7 eif: 300.0
time taken (sec): 50.52782487869263
number of iterations: 1000000
og index list: [10, 28, 68, 56, 5, 79, 9, 17, 25, 66, 22, 7, 77, 8, 45, 42, 52, 19, 13, 1, 54, 23, 51, 33, 26, 0, 47, 62, 63, 30, 35, 36, 37, 11, 18, 57, 60, 40, 65, 64, 27, 59, 75, 4, 31, 61, 20, 14, 72, 2, 3, 49, 69, 67, 50, 70, 73, 32, 55, 12, 71, 48, 78, 39, 53, 41, 24, 34, 38, 43, 58, 44, 29, 15, 74, 21, 46, 16, 6, 76]
og index list energy: 88969246.0322953
index list: [28, 42, 72, 48, 62, 11, 66, 29, 30, 31, 19, 20, 21, 22, 23, 17, 18, 32, 12, 49, 34, 61, 0, 58, 35, 46, 51, 13, 36, 55, 14, 7, 79, 27, 50, 53, 54, 77, 8, 63, 37, 38, 73, 4, 5, 9, 10, 67, 68, 69, 43, 3, 60, 78, 2, 41, 57, 44, 74, 47, 39, 25, 15, 45, 1, 75, 33, 64, 76, 6, 70, 71, 24, 65, 40, 16, 56, 52, 59, 26]
index list energy: 3660131.170211224
Done


iterations: 1000000 temp: 1000.0 exponent: 0.7 eif: 300.0
time taken (sec): 62.69915533065796
number of iterations: 1000000
og index list: [68, 75, 12, 3, 49, 71, 46, 37, 1, 42, 18, 56, 73, 70, 47, 29, 45, 5, 74, 19, 7, 14, 50, 25, 23, 17, 52, 16, 10, 63, 53, 58, 2, 33, 54, 61, 11, 57, 60, 66, 39, 48, 78, 77, 51, 31, 59, 38, 20, 79, 28, 35, 76, 65, 24, 41, 69, 22, 6, 0, 32, 15, 8, 67, 55, 64, 26, 4, 34, 9, 72, 43, 13, 30, 27, 40, 36, 44, 62, 21]
og index list energy: 165908979.6010951
index list: [14, 7, 8, 3, 4, 5, 47, 1, 18, 46, 41, 71, 68, 69, 42, 72, 73, 66, 59, 26, 2, 16, 20, 21, 77, 43, 51, 52, 17, 27, 28, 29, 30, 31, 44, 45, 36, 37, 38, 58, 74, 24, 12, 57, 48, 22, 23, 67, 78, 39, 25, 60, 61, 62, 50, 63, 55, 56, 79, 64, 65, 40, 6, 53, 54, 76, 33, 34, 75, 35, 9, 10, 11, 0, 49, 70, 13, 19, 15, 32]
index list energy: 1291481.6100574133
Done


program ended at: 2019-04-24 18:33:10.360329 
 time delta: 0:47:16.464355
