## SLURM PROLOG ###############################################################
##    Job ID : 11508648
##  Job Name : verifying_2np4_works
##  Nodelist : node1164
##      CPUs : 1
##  Mem/Node : 1024 MB
## Directory : /gpfs/data/nfawzi/skale/Fawzi_pycharm_project
##   Started : Sun Mar 29 21:21:23 EDT 2020
###############################################################################
program started at:2020-03-29 21:21:23.365567
iterations: 100000000 temp: 1000000.0 exponent: 0.9 eif: 300.0
time taken (sec): 8624.387096881866
number of iterations: 100000000
final temperature: 159.26791088519815
og index list: [66, 29, 51, 43, 4, 47, 48, 2, 38, 36, 44, 33, 61, 8, 7, 71, 16, 3, 37, 21, 34, 31, 75, 23, 15, 17, 59, 69, 67, 72, 76, 58, 13, 24, 53, 11, 64, 56, 62, 32, 12, 1, 55, 27, 65, 77, 70, 19, 10, 9, 39, 41, 63, 78, 60, 57, 30, 40, 54, 25, 20, 0, 22, 50, 28, 14, 18, 45, 26, 68, 49, 52, 79, 46, 5, 6, 74, 73, 42, 35]
og index list energy: 123556140.0005259
index list: [72, 1, 2, 3, 4, 5, 6, 7, 8, 9, 10, 11, 12, 13, 79, 14, 15, 16, 77, 17, 18, 19, 20, 21, 22, 23, 24, 25, 26, 27, 28, 29, 30, 31, 32, 75, 33, 34, 35, 36, 37, 38, 39, 40, 41, 49, 42, 43, 44, 45, 46, 47, 48, 76, 50, 51, 52, 53, 54, 55, 56, 57, 58, 78, 59, 60, 61, 62, 63, 64, 65, 66, 67, 68, 69, 74, 70, 71, 0, 73]
index list energy: 152290.42158758297
Done


iterations: 100000000 temp: 1000000.0 exponent: 0.9 eif: 300.0
time taken (sec): 9093.441201210022
number of iterations: 100000000
final temperature: 159.26791088519815
og index list: [13, 70, 35, 34, 46, 5, 0, 18, 31, 12, 79, 45, 62, 74, 17, 4, 54, 32, 19, 30, 33, 76, 73, 11, 75, 50, 23, 7, 68, 64, 3, 21, 55, 53, 77, 39, 10, 56, 44, 1, 26, 6, 71, 41, 42, 27, 47, 65, 24, 63, 57, 78, 20, 66, 28, 58, 14, 25, 60, 61, 15, 2, 49, 72, 67, 36, 40, 59, 29, 52, 38, 69, 8, 51, 22, 9, 43, 37, 16, 48]
og index list energy: 163045833.17000827
index list: [0, 1, 2, 3, 4, 5, 6, 7, 8, 9, 10, 11, 12, 13, 76, 14, 15, 16, 77, 17, 18, 19, 20, 21, 22, 23, 24, 25, 26, 27, 28, 29, 30, 31, 32, 75, 33, 34, 35, 36, 37, 38, 39, 40, 41, 49, 42, 43, 44, 45, 46, 47, 48, 74, 50, 51, 52, 53, 54, 55, 56, 57, 58, 78, 59, 60, 61, 62, 63, 64, 65, 66, 67, 68, 69, 70, 71, 79, 72, 73]
index list energy: 152293.52169419697
Done


iterations: 100000000 temp: 1000000.0 exponent: 0.9 eif: 300.0
time taken (sec): 8599.793574333191
number of iterations: 100000000
final temperature: 159.26791088519815
og index list: [49, 13, 54, 15, 46, 10, 64, 14, 52, 45, 9, 34, 7, 20, 35, 66, 68, 6, 41, 16, 63, 12, 67, 47, 56, 4, 59, 18, 58, 65, 72, 39, 51, 55, 57, 69, 19, 3, 11, 42, 23, 60, 70, 2, 27, 22, 24, 30, 28, 32, 43, 8, 77, 21, 44, 31, 62, 40, 17, 61, 75, 73, 26, 74, 25, 5, 50, 76, 0, 78, 33, 48, 79, 71, 53, 37, 38, 29, 1, 36]
og index list energy: 189311849.5190255
index list: [72, 1, 2, 3, 4, 5, 6, 7, 8, 9, 10, 11, 12, 13, 75, 14, 15, 16, 78, 17, 18, 19, 20, 21, 22, 23, 24, 25, 26, 27, 28, 29, 30, 31, 32, 77, 33, 34, 35, 36, 37, 38, 39, 40, 41, 79, 42, 43, 44, 45, 46, 47, 48, 49, 50, 51, 52, 53, 54, 55, 56, 57, 58, 74, 59, 60, 61, 62, 63, 64, 65, 66, 67, 68, 69, 76, 70, 71, 0, 73]
index list energy: 151991.621587583
Done


iterations: 100000000 temp: 1000000.0 exponent: 0.9 eif: 300.0
time taken (sec): 8521.658527612686
number of iterations: 100000000
final temperature: 159.26791088519815
og index list: [56, 14, 37, 60, 46, 28, 26, 1, 29, 7, 73, 45, 2, 35, 47, 49, 16, 61, 63, 44, 59, 20, 39, 53, 25, 9, 76, 3, 72, 66, 67, 50, 8, 4, 64, 5, 55, 6, 78, 19, 0, 48, 41, 31, 18, 10, 11, 51, 24, 23, 71, 77, 58, 22, 75, 54, 69, 21, 30, 79, 34, 68, 74, 15, 12, 27, 40, 13, 17, 38, 36, 42, 70, 32, 57, 43, 52, 62, 65, 33]
og index list energy: 167868372.39653453
index list: [72, 1, 2, 3, 4, 5, 6, 7, 8, 9, 10, 11, 12, 13, 49, 14, 15, 16, 74, 17, 18, 19, 20, 21, 22, 23, 24, 25, 26, 27, 28, 29, 30, 31, 32, 75, 33, 34, 35, 36, 37, 38, 39, 40, 41, 76, 42, 43, 44, 45, 46, 47, 48, 79, 50, 51, 52, 53, 54, 55, 56, 57, 58, 78, 59, 60, 61, 62, 63, 64, 65, 66, 67, 68, 69, 77, 70, 71, 0, 73]
index list energy: 152290.42158758297
Done


iterations: 100000000 temp: 1000000.0 exponent: 0.9 eif: 300.0
time taken (sec): 8240.588821172714
number of iterations: 93767960
final temperature: 218.47450052839247
og index list: [34, 20, 23, 16, 37, 51, 44, 25, 62, 14, 13, 70, 72, 36, 26, 64, 4, 78, 77, 65, 19, 40, 49, 43, 67, 59, 9, 15, 50, 38, 53, 76, 60, 54, 30, 7, 2, 61, 58, 46, 74, 47, 66, 63, 52, 45, 22, 3, 57, 17, 41, 6, 42, 75, 73, 48, 0, 69, 10, 29, 27, 12, 33, 5, 31, 35, 1, 8, 55, 71, 56, 68, 24, 18, 79, 21, 39, 32, 28, 11]
og index list energy: 114345462.22258514
index list: [0, 1, 2, 3, 4, 5, 6, 7, 8, 9, 10, 11, 12, 13, 79, 14, 15, 16, 49, 17, 18, 19, 20, 21, 22, 23, 24, 25, 26, 27, 28, 29, 30, 31, 32, 77, 33, 34, 35, 36, 37, 38, 39, 40, 41, 78, 42, 43, 44, 45, 46, 47, 48, 74, 50, 51, 52, 53, 54, 55, 56, 57, 58, 75, 59, 60, 61, 62, 63, 64, 65, 66, 67, 68, 69, 70, 71, 76, 72, 73]
index list energy: 152293.52169419697
Done


program ended at: 2020-03-30 09:19:23.362184 
 time delta: 11:57:59.996617
