## SLURM PROLOG ###############################################################
##    Job ID : 11508637
##  Job Name : verifying_2np4_works
##  Nodelist : node1143
##      CPUs : 1
##  Mem/Node : 1024 MB
## Directory : /gpfs/data/nfawzi/skale/Fawzi_pycharm_project
##   Started : Sun Mar 29 21:21:23 EDT 2020
###############################################################################
program started at:2020-03-29 21:21:23.671777
iterations: 100000000 temp: 1000000.0 exponent: 0.9 eif: 300.0
time taken (sec): 8677.24123954773
number of iterations: 100000000
final temperature: 159.26791088519815
og index list: [43, 13, 63, 52, 41, 57, 19, 28, 32, 76, 72, 45, 54, 58, 24, 77, 44, 29, 27, 71, 39, 7, 67, 25, 61, 49, 78, 17, 4, 26, 8, 21, 53, 36, 14, 10, 38, 22, 48, 65, 16, 37, 60, 35, 23, 1, 34, 30, 50, 47, 3, 46, 74, 69, 33, 15, 79, 56, 18, 20, 40, 75, 62, 70, 64, 0, 68, 59, 31, 5, 2, 9, 66, 11, 51, 6, 12, 55, 73, 42]
og index list energy: 144363880.46067256
index list: [72, 1, 2, 3, 4, 5, 6, 7, 8, 9, 10, 11, 12, 13, 78, 14, 15, 16, 76, 17, 18, 19, 20, 21, 22, 23, 24, 25, 26, 27, 28, 29, 30, 31, 32, 74, 33, 34, 35, 36, 37, 38, 39, 40, 41, 75, 42, 43, 44, 45, 46, 47, 48, 49, 50, 51, 52, 53, 54, 55, 56, 57, 58, 77, 59, 60, 61, 62, 63, 64, 65, 66, 67, 68, 69, 79, 70, 71, 0, 73]
index list energy: 151991.621587583
Done


iterations: 100000000 temp: 1000000.0 exponent: 0.9 eif: 300.0
time taken (sec): 8818.930011510849
number of iterations: 100000000
final temperature: 159.26791088519815
og index list: [27, 11, 60, 18, 66, 71, 49, 0, 31, 52, 23, 37, 3, 20, 25, 59, 75, 33, 32, 5, 42, 79, 15, 1, 70, 2, 47, 22, 4, 56, 29, 74, 63, 61, 38, 24, 51, 12, 53, 26, 16, 8, 76, 72, 77, 48, 57, 34, 7, 68, 14, 9, 35, 39, 54, 69, 43, 44, 50, 46, 19, 36, 30, 62, 55, 13, 67, 58, 65, 78, 41, 28, 40, 6, 64, 10, 17, 45, 21, 73]
og index list energy: 165514822.99736026
index list: [72, 1, 2, 3, 4, 5, 6, 7, 8, 9, 10, 11, 12, 13, 79, 14, 15, 16, 77, 17, 18, 19, 20, 21, 22, 23, 24, 25, 26, 27, 28, 29, 30, 31, 32, 75, 33, 34, 35, 36, 37, 38, 39, 40, 41, 78, 42, 43, 44, 45, 46, 47, 48, 76, 50, 51, 52, 53, 54, 55, 56, 57, 58, 49, 59, 60, 61, 62, 63, 64, 65, 66, 67, 68, 69, 74, 70, 71, 0, 73]
index list energy: 152290.42158758297
Done


iterations: 100000000 temp: 1000000.0 exponent: 0.9 eif: 300.0
time taken (sec): 8759.643743753433
number of iterations: 100000000
final temperature: 159.26791088519815
og index list: [66, 56, 17, 38, 23, 30, 22, 59, 21, 16, 6, 8, 27, 34, 4, 19, 31, 45, 69, 9, 71, 47, 76, 1, 35, 36, 41, 13, 12, 25, 44, 62, 74, 64, 65, 26, 18, 61, 32, 50, 24, 67, 42, 2, 33, 39, 40, 29, 54, 20, 37, 51, 63, 52, 7, 28, 75, 48, 58, 0, 68, 60, 49, 73, 46, 72, 11, 14, 79, 5, 43, 55, 77, 10, 3, 53, 15, 78, 57, 70]
og index list energy: 132812302.78160211
index list: [72, 1, 2, 3, 4, 5, 6, 7, 8, 9, 10, 11, 12, 13, 79, 14, 15, 16, 75, 17, 18, 19, 20, 21, 22, 23, 24, 25, 26, 27, 28, 29, 30, 31, 32, 74, 33, 34, 35, 36, 37, 38, 39, 40, 41, 78, 42, 43, 44, 45, 46, 47, 48, 77, 50, 51, 52, 53, 54, 55, 56, 57, 58, 49, 59, 60, 61, 62, 63, 64, 65, 66, 67, 68, 69, 76, 70, 71, 0, 73]
index list energy: 152290.42158758297
Done


iterations: 100000000 temp: 1000000.0 exponent: 0.9 eif: 300.0
time taken (sec): 8866.417066812515
number of iterations: 100000000
final temperature: 159.26791088519815
og index list: [55, 18, 35, 38, 37, 56, 79, 74, 65, 23, 39, 61, 58, 20, 49, 42, 13, 21, 32, 69, 4, 17, 68, 14, 67, 45, 66, 78, 28, 30, 1, 40, 63, 9, 47, 60, 71, 7, 76, 12, 2, 16, 52, 3, 6, 72, 5, 25, 15, 59, 44, 53, 8, 48, 24, 22, 33, 62, 26, 34, 50, 77, 46, 43, 27, 19, 57, 73, 0, 75, 70, 51, 11, 41, 54, 10, 31, 36, 64, 29]
og index list energy: 151892694.8613397
index list: [0, 1, 2, 3, 4, 5, 6, 7, 8, 9, 10, 11, 12, 13, 77, 14, 15, 16, 49, 17, 18, 19, 20, 21, 22, 23, 24, 25, 26, 27, 28, 29, 30, 31, 32, 79, 33, 34, 35, 36, 37, 38, 39, 40, 41, 71, 78, 43, 44, 45, 46, 47, 48, 76, 50, 51, 52, 53, 54, 55, 56, 57, 58, 74, 59, 60, 61, 62, 63, 64, 65, 66, 67, 68, 69, 70, 75, 42, 72, 73]
index list energy: 160416.50127390915
Done


iterations: 100000000 temp: 1000000.0 exponent: 0.9 eif: 300.0
time taken (sec): 7957.645989179611
number of iterations: 91510525
final temperature: 269.72160559060796
og index list: [19, 26, 47, 38, 31, 73, 70, 35, 32, 41, 49, 29, 4, 55, 69, 65, 54, 51, 77, 16, 37, 75, 53, 50, 20, 78, 18, 58, 63, 7, 60, 15, 40, 57, 48, 28, 64, 68, 39, 9, 61, 36, 62, 11, 66, 79, 2, 59, 74, 10, 13, 33, 25, 67, 5, 43, 76, 8, 17, 44, 71, 1, 22, 42, 45, 56, 0, 14, 52, 23, 34, 46, 30, 6, 12, 3, 27, 21, 24, 72]
og index list energy: 140472930.88124156
index list: [72, 1, 2, 3, 4, 5, 6, 7, 8, 9, 10, 11, 12, 13, 79, 14, 15, 16, 74, 17, 18, 19, 20, 21, 22, 23, 24, 25, 26, 27, 28, 29, 30, 31, 32, 75, 33, 34, 35, 36, 37, 38, 39, 40, 41, 78, 42, 43, 44, 45, 46, 47, 48, 77, 50, 51, 52, 53, 54, 55, 56, 57, 58, 49, 59, 60, 61, 62, 63, 64, 65, 66, 67, 68, 69, 76, 70, 71, 0, 73]
index list energy: 152290.42158758297
Done


program ended at: 2020-03-30 09:19:23.674591 
 time delta: 11:58:00.002814
