## SLURM PROLOG ###############################################################
##    Job ID : 11508656
##  Job Name : verifying_2np4_works
##  Nodelist : node1164
##      CPUs : 1
##  Mem/Node : 1024 MB
## Directory : /gpfs/data/nfawzi/skale/Fawzi_pycharm_project
##   Started : Sun Mar 29 21:21:51 EDT 2020
###############################################################################
program started at:2020-03-29 21:21:51.286436
iterations: 100000000 temp: 1000000.0 exponent: 0.9 eif: 300.0
time taken (sec): 8934.32185125351
number of iterations: 100000000
final temperature: 159.26791088519815
og index list: [33, 31, 76, 74, 19, 3, 13, 25, 56, 64, 8, 39, 24, 57, 36, 5, 43, 29, 63, 52, 66, 78, 18, 69, 77, 27, 17, 2, 67, 35, 60, 79, 37, 38, 65, 55, 30, 44, 50, 49, 62, 75, 26, 22, 71, 53, 51, 59, 46, 32, 7, 4, 41, 61, 6, 42, 0, 58, 11, 21, 40, 12, 34, 45, 9, 20, 10, 14, 23, 73, 16, 54, 70, 1, 72, 28, 68, 15, 47, 48]
og index list energy: 112943823.89654523
index list: [0, 1, 2, 3, 4, 5, 6, 7, 8, 9, 10, 11, 12, 13, 74, 14, 15, 16, 77, 17, 18, 19, 20, 21, 22, 23, 24, 25, 26, 27, 28, 29, 30, 31, 32, 78, 33, 34, 35, 36, 37, 38, 39, 40, 41, 76, 42, 43, 44, 45, 46, 47, 48, 49, 50, 51, 52, 53, 54, 55, 56, 57, 58, 75, 59, 60, 61, 62, 63, 64, 65, 66, 67, 68, 69, 70, 71, 79, 72, 73]
index list energy: 151994.72169419698
Done


iterations: 100000000 temp: 1000000.0 exponent: 0.9 eif: 300.0
time taken (sec): 8812.945645332336
number of iterations: 100000000
final temperature: 159.26791088519815
og index list: [59, 10, 49, 26, 11, 9, 63, 67, 34, 37, 36, 6, 58, 57, 21, 44, 16, 73, 22, 48, 40, 32, 24, 25, 45, 61, 31, 55, 64, 12, 47, 14, 62, 42, 23, 3, 75, 65, 52, 41, 66, 0, 51, 43, 1, 68, 19, 5, 29, 27, 78, 70, 77, 76, 7, 20, 8, 71, 38, 54, 46, 74, 50, 60, 33, 72, 15, 69, 39, 56, 18, 4, 28, 79, 53, 35, 2, 30, 13, 17]
og index list energy: 158568851.02052182
index list: [0, 1, 2, 3, 4, 5, 6, 7, 8, 9, 10, 11, 12, 13, 75, 14, 15, 16, 79, 17, 18, 19, 20, 21, 22, 23, 24, 25, 26, 27, 28, 29, 30, 31, 32, 77, 33, 34, 35, 36, 37, 38, 39, 40, 41, 71, 78, 43, 44, 45, 46, 47, 48, 49, 50, 51, 52, 53, 54, 55, 56, 57, 58, 76, 59, 60, 61, 62, 63, 64, 65, 66, 67, 68, 69, 70, 74, 42, 72, 73]
index list energy: 160117.70127390913
Done


iterations: 100000000 temp: 1000000.0 exponent: 0.9 eif: 300.0
time taken (sec): 8579.187115430832
number of iterations: 100000000
final temperature: 159.26791088519815
og index list: [66, 67, 26, 79, 45, 12, 39, 47, 72, 8, 44, 22, 28, 15, 56, 14, 60, 9, 4, 40, 42, 52, 5, 64, 29, 30, 38, 76, 16, 50, 58, 46, 2, 65, 73, 37, 41, 34, 21, 71, 59, 57, 62, 51, 49, 10, 70, 43, 6, 25, 17, 32, 18, 75, 11, 69, 7, 27, 61, 68, 74, 55, 0, 63, 19, 1, 33, 31, 13, 78, 36, 53, 3, 24, 23, 54, 35, 48, 77, 20]
og index list energy: 118378857.21214814
index list: [72, 1, 2, 3, 4, 5, 6, 7, 8, 9, 10, 11, 12, 13, 77, 14, 15, 16, 74, 17, 18, 19, 20, 21, 22, 23, 24, 25, 26, 27, 28, 29, 30, 31, 32, 78, 33, 34, 35, 36, 37, 38, 39, 40, 41, 49, 42, 43, 44, 45, 46, 47, 48, 76, 50, 51, 52, 53, 54, 55, 56, 57, 58, 79, 59, 60, 61, 62, 63, 64, 65, 66, 67, 68, 69, 75, 70, 71, 0, 73]
index list energy: 152290.42158758297
Done


iterations: 100000000 temp: 1000000.0 exponent: 0.9 eif: 300.0
time taken (sec): 8852.336945772171
number of iterations: 100000000
final temperature: 159.26791088519815
og index list: [52, 47, 70, 37, 43, 54, 76, 56, 31, 49, 16, 55, 9, 66, 40, 38, 71, 46, 48, 58, 50, 77, 61, 41, 25, 75, 8, 64, 29, 11, 78, 42, 68, 4, 0, 21, 72, 74, 3, 69, 35, 44, 7, 33, 59, 13, 22, 30, 79, 26, 23, 1, 19, 18, 27, 10, 65, 51, 5, 12, 39, 6, 2, 28, 34, 63, 17, 67, 57, 60, 73, 24, 14, 20, 32, 45, 36, 15, 53, 62]
og index list energy: 143320040.49120393
index list: [0, 1, 2, 3, 4, 5, 6, 7, 8, 9, 10, 11, 12, 13, 79, 14, 15, 16, 76, 17, 18, 19, 20, 21, 22, 23, 24, 25, 26, 27, 28, 29, 30, 31, 32, 78, 33, 34, 35, 36, 37, 38, 39, 40, 41, 74, 42, 43, 44, 45, 46, 47, 48, 77, 50, 51, 52, 53, 54, 55, 56, 57, 58, 75, 59, 60, 61, 62, 63, 64, 65, 66, 67, 68, 69, 70, 71, 49, 72, 73]
index list energy: 152293.52169419697
Done


iterations: 100000000 temp: 1000000.0 exponent: 0.9 eif: 300.0
time taken (sec): 7901.078474521637
number of iterations: 97367858
final temperature: 196.62705047555323
og index list: [20, 0, 43, 47, 30, 32, 27, 62, 61, 37, 2, 70, 22, 28, 18, 64, 44, 71, 21, 35, 67, 8, 49, 40, 56, 42, 19, 46, 54, 41, 36, 73, 26, 38, 39, 68, 59, 16, 14, 6, 79, 23, 75, 50, 69, 33, 60, 3, 10, 5, 66, 1, 57, 4, 51, 53, 76, 17, 15, 74, 58, 63, 24, 13, 29, 45, 55, 77, 7, 11, 65, 52, 9, 31, 25, 48, 34, 78, 72, 12]
og index list energy: 126992071.134088
index list: [72, 1, 2, 3, 4, 5, 6, 7, 8, 9, 10, 11, 12, 13, 78, 14, 15, 16, 75, 17, 18, 19, 20, 21, 22, 23, 24, 25, 26, 27, 28, 29, 30, 31, 76, 42, 33, 34, 35, 36, 37, 38, 39, 40, 41, 71, 77, 43, 44, 45, 46, 47, 48, 49, 50, 51, 52, 53, 54, 55, 56, 57, 58, 79, 59, 60, 61, 62, 63, 64, 65, 66, 67, 68, 69, 70, 74, 32, 0, 73]
index list energy: 171278.36464737443
Done


program ended at: 2020-03-30 09:19:51.286952 
 time delta: 11:58:00.000516
