## SLURM PROLOG ###############################################################
##    Job ID : 11508622
##  Job Name : verifying_2np4_works
##  Nodelist : node1137
##      CPUs : 1
##  Mem/Node : 1024 MB
## Directory : /gpfs/data/nfawzi/skale/Fawzi_pycharm_project
##   Started : Sun Mar 29 21:21:23 EDT 2020
###############################################################################
program started at:2020-03-29 21:21:23.215024
iterations: 100000000 temp: 1000000.0 exponent: 0.9 eif: 300.0
time taken (sec): 8598.699531555176
number of iterations: 100000000
final temperature: 159.26791088519815
og index list: [75, 72, 49, 52, 24, 8, 35, 77, 43, 64, 23, 47, 33, 57, 46, 63, 27, 18, 32, 28, 15, 60, 54, 51, 1, 19, 40, 0, 58, 4, 30, 73, 25, 42, 29, 74, 2, 45, 69, 3, 7, 21, 5, 44, 22, 53, 55, 38, 41, 62, 78, 20, 66, 48, 31, 76, 11, 34, 65, 59, 17, 9, 71, 6, 79, 10, 61, 13, 50, 16, 36, 56, 67, 37, 14, 70, 26, 39, 12, 68]
og index list energy: 118288190.92061296
index list: [72, 1, 2, 3, 4, 5, 6, 7, 8, 9, 10, 11, 12, 13, 49, 14, 15, 16, 76, 17, 18, 19, 20, 21, 22, 23, 24, 25, 26, 27, 28, 29, 30, 31, 75, 42, 33, 34, 35, 36, 37, 38, 39, 40, 41, 71, 79, 43, 44, 45, 46, 47, 48, 77, 50, 51, 52, 53, 54, 55, 56, 57, 58, 78, 59, 60, 61, 62, 63, 64, 65, 66, 67, 68, 69, 70, 74, 32, 0, 73]
index list energy: 171577.16464737442
Done


iterations: 100000000 temp: 1000000.0 exponent: 0.9 eif: 300.0
time taken (sec): 8622.023703575134
number of iterations: 100000000
final temperature: 159.26791088519815
og index list: [8, 30, 55, 5, 44, 47, 49, 59, 64, 77, 20, 13, 57, 33, 12, 52, 66, 39, 27, 56, 9, 51, 18, 69, 7, 21, 53, 70, 48, 54, 46, 37, 58, 62, 25, 23, 73, 72, 78, 16, 67, 0, 31, 6, 14, 34, 24, 36, 19, 65, 79, 50, 10, 2, 40, 45, 60, 75, 4, 1, 41, 63, 17, 42, 38, 29, 32, 76, 35, 3, 61, 15, 26, 22, 11, 43, 28, 68, 74, 71]
og index list energy: 165702329.0701181
index list: [72, 1, 2, 3, 4, 5, 6, 7, 8, 9, 10, 11, 12, 13, 79, 14, 15, 16, 78, 17, 18, 19, 20, 21, 22, 23, 24, 25, 26, 27, 28, 29, 30, 31, 32, 49, 33, 34, 35, 36, 37, 38, 39, 40, 41, 77, 42, 43, 44, 45, 46, 47, 48, 74, 50, 51, 52, 53, 54, 55, 56, 57, 58, 76, 59, 60, 61, 62, 63, 64, 65, 66, 67, 68, 69, 75, 70, 71, 0, 73]
index list energy: 152290.42158758297
Done


iterations: 100000000 temp: 1000000.0 exponent: 0.9 eif: 300.0
time taken (sec): 8649.971383333206
number of iterations: 100000000
final temperature: 159.26791088519815
og index list: [13, 32, 17, 77, 33, 78, 18, 73, 31, 38, 5, 71, 16, 76, 27, 55, 50, 75, 45, 12, 30, 53, 35, 25, 15, 60, 58, 29, 21, 61, 48, 6, 52, 74, 70, 37, 1, 46, 56, 47, 54, 36, 51, 41, 22, 3, 34, 9, 2, 68, 63, 65, 28, 66, 64, 69, 14, 43, 62, 11, 26, 20, 0, 19, 24, 67, 44, 72, 7, 42, 49, 4, 23, 10, 59, 8, 39, 40, 57, 79]
og index list energy: 142285796.18516356
index list: [72, 1, 2, 3, 4, 5, 6, 7, 8, 9, 10, 11, 12, 13, 74, 14, 15, 16, 78, 17, 18, 19, 20, 21, 22, 23, 24, 25, 26, 27, 28, 29, 30, 31, 32, 75, 33, 34, 35, 36, 37, 38, 39, 40, 41, 76, 42, 43, 44, 45, 46, 47, 48, 49, 50, 51, 52, 53, 54, 55, 56, 57, 58, 79, 59, 60, 61, 62, 63, 64, 65, 66, 67, 68, 69, 77, 70, 71, 0, 73]
index list energy: 151991.621587583
Done


iterations: 100000000 temp: 1000000.0 exponent: 0.9 eif: 300.0
time taken (sec): 8301.952678442001
number of iterations: 100000000
final temperature: 159.26791088519815
og index list: [16, 7, 44, 24, 59, 60, 5, 36, 66, 21, 20, 71, 53, 76, 10, 45, 38, 15, 40, 50, 56, 22, 8, 69, 6, 17, 77, 30, 23, 65, 31, 29, 27, 51, 78, 58, 73, 75, 54, 55, 79, 72, 61, 33, 25, 13, 74, 70, 42, 62, 67, 2, 48, 32, 3, 12, 49, 43, 14, 1, 0, 37, 52, 4, 64, 46, 26, 41, 11, 18, 68, 19, 39, 57, 28, 47, 63, 34, 9, 35]
og index list energy: 138236736.46218815
index list: [72, 1, 2, 3, 4, 5, 6, 7, 8, 9, 10, 11, 12, 13, 74, 14, 15, 16, 75, 17, 18, 19, 20, 21, 22, 23, 24, 25, 26, 27, 28, 29, 30, 31, 32, 76, 33, 34, 35, 36, 37, 38, 39, 40, 41, 78, 42, 43, 44, 45, 46, 47, 48, 77, 50, 51, 52, 53, 54, 55, 56, 57, 58, 49, 59, 60, 61, 62, 63, 64, 65, 66, 67, 68, 69, 79, 70, 71, 0, 73]
index list energy: 152290.42158758297
Done


iterations: 100000000 temp: 1000000.0 exponent: 0.9 eif: 300.0
time taken (sec): 7923.890686273575
number of iterations: 100000000
final temperature: 159.26791088519815
og index list: [52, 24, 8, 50, 40, 14, 49, 35, 29, 47, 71, 15, 19, 3, 33, 57, 75, 61, 68, 59, 64, 73, 53, 77, 70, 54, 37, 30, 28, 4, 11, 13, 36, 56, 27, 17, 45, 9, 44, 7, 39, 74, 79, 41, 46, 51, 2, 66, 55, 23, 25, 21, 1, 31, 43, 38, 42, 72, 76, 26, 18, 63, 65, 62, 20, 10, 0, 6, 48, 16, 34, 22, 58, 60, 67, 32, 69, 12, 78, 5]
og index list energy: 156519141.98251802
index list: [0, 1, 2, 3, 4, 5, 6, 7, 8, 9, 10, 11, 12, 13, 74, 14, 15, 16, 76, 17, 18, 19, 20, 21, 22, 23, 24, 25, 26, 27, 28, 29, 30, 31, 32, 79, 33, 34, 35, 36, 37, 38, 39, 40, 41, 77, 42, 43, 44, 45, 46, 47, 48, 75, 50, 51, 52, 53, 54, 55, 56, 57, 58, 78, 59, 60, 61, 62, 63, 64, 65, 66, 67, 68, 69, 70, 71, 49, 72, 73]
index list energy: 152293.52169419697
Done


iterations: 100000000 temp: 1000000.0 exponent: 0.9 eif: 300.0
time taken (sec): 983.320963382721
number of iterations: 23250742
final temperature: 58149.737003040085
og index list: [44, 52, 6, 14, 57, 68, 8, 15, 42, 45, 21, 54, 59, 74, 33, 66, 72, 28, 29, 7, 46, 75, 65, 49, 18, 22, 55, 76, 67, 51, 41, 10, 35, 24, 4, 26, 50, 47, 60, 63, 73, 2, 13, 1, 20, 62, 27, 78, 12, 11, 69, 71, 23, 32, 40, 5, 31, 38, 64, 25, 34, 30, 36, 9, 70, 19, 56, 37, 58, 39, 79, 0, 77, 3, 16, 17, 48, 43, 53, 61]
og index list energy: 156357114.77356905
index list: [42, 17, 18, 49, 59, 76, 72, 50, 67, 5, 19, 68, 14, 15, 1, 2, 58, 74, 16, 7, 8, 9, 10, 54, 22, 23, 24, 25, 26, 27, 28, 29, 30, 31, 32, 66, 70, 34, 35, 36, 62, 51, 60, 61, 75, 41, 77, 44, 45, 46, 79, 53, 63, 64, 71, 4, 69, 11, 21, 55, 56, 52, 43, 73, 57, 6, 33, 37, 38, 0, 3, 20, 65, 12, 13, 78, 47, 39, 40, 48]
index list energy: 3172507.05706099
Done


program ended at: 2020-03-30 09:19:23.204296 
 time delta: 11:57:59.989272
