## SLURM PROLOG ###############################################################
##    Job ID : 11508611
##  Job Name : verifying_2np4_works
##  Nodelist : node1134
##      CPUs : 1
##  Mem/Node : 1024 MB
## Directory : /gpfs/data/nfawzi/skale/Fawzi_pycharm_project
##   Started : Sun Mar 29 21:21:24 EDT 2020
###############################################################################
program started at:2020-03-29 21:21:25.273079
iterations: 100000000 temp: 1000000.0 exponent: 0.9 eif: 300.0
time taken (sec): 8557.35695695877
number of iterations: 100000000
final temperature: 159.26791088519815
og index list: [58, 74, 3, 20, 76, 22, 62, 14, 1, 26, 73, 55, 10, 11, 19, 6, 45, 12, 37, 33, 77, 4, 52, 39, 48, 79, 43, 5, 65, 2, 47, 63, 28, 18, 36, 53, 56, 54, 21, 49, 72, 15, 41, 24, 70, 8, 27, 42, 75, 60, 23, 32, 71, 25, 17, 30, 57, 69, 51, 67, 16, 34, 66, 9, 78, 35, 50, 59, 40, 0, 61, 44, 7, 31, 68, 38, 64, 29, 46, 13]
og index list energy: 167691050.61769545
index list: [0, 1, 2, 3, 4, 5, 6, 7, 8, 9, 10, 11, 12, 13, 78, 14, 15, 16, 75, 17, 18, 19, 20, 21, 22, 23, 24, 25, 26, 27, 28, 29, 30, 31, 32, 74, 33, 34, 35, 36, 37, 38, 39, 40, 41, 71, 76, 43, 44, 45, 46, 47, 48, 49, 50, 51, 52, 53, 54, 55, 56, 57, 58, 77, 59, 60, 61, 62, 63, 64, 65, 66, 67, 68, 69, 70, 79, 42, 72, 73]
index list energy: 160117.70127390913
Done


iterations: 100000000 temp: 1000000.0 exponent: 0.9 eif: 300.0
time taken (sec): 8414.225931882858
number of iterations: 100000000
final temperature: 159.26791088519815
og index list: [29, 25, 68, 56, 55, 76, 21, 11, 9, 51, 26, 39, 22, 32, 19, 41, 65, 23, 4, 42, 34, 78, 8, 1, 59, 10, 50, 64, 70, 5, 63, 7, 47, 72, 0, 54, 61, 58, 52, 79, 71, 36, 60, 75, 43, 49, 3, 77, 33, 40, 45, 73, 12, 44, 17, 24, 31, 13, 6, 35, 14, 53, 18, 2, 46, 69, 20, 48, 16, 27, 30, 38, 28, 15, 74, 57, 66, 62, 37, 67]
og index list energy: 147231977.0948776
index list: [72, 1, 2, 3, 4, 5, 6, 7, 8, 9, 10, 11, 12, 13, 78, 14, 15, 16, 74, 17, 18, 19, 20, 21, 22, 23, 24, 25, 26, 27, 28, 29, 30, 31, 32, 77, 33, 34, 35, 36, 37, 38, 39, 40, 41, 75, 42, 43, 44, 45, 46, 47, 48, 49, 50, 51, 52, 53, 54, 55, 56, 57, 58, 76, 59, 60, 61, 62, 63, 64, 65, 66, 67, 68, 69, 79, 70, 71, 0, 73]
index list energy: 151991.621587583
Done


iterations: 100000000 temp: 1000000.0 exponent: 0.9 eif: 300.0
time taken (sec): 8746.378657579422
number of iterations: 100000000
final temperature: 159.26791088519815
og index list: [76, 61, 14, 40, 44, 12, 74, 17, 16, 41, 78, 47, 4, 54, 55, 11, 72, 36, 66, 20, 35, 63, 9, 68, 37, 43, 23, 42, 21, 58, 77, 53, 67, 13, 65, 3, 10, 57, 45, 39, 69, 29, 46, 2, 5, 71, 32, 18, 49, 0, 56, 50, 1, 6, 70, 73, 75, 52, 22, 30, 62, 8, 26, 15, 48, 31, 25, 28, 33, 24, 38, 27, 59, 34, 7, 60, 19, 79, 51, 64]
og index list energy: 148601612.3533981
index list: [0, 1, 2, 3, 4, 5, 6, 7, 8, 9, 10, 11, 12, 13, 49, 14, 15, 16, 77, 17, 18, 19, 20, 21, 22, 23, 24, 25, 26, 27, 28, 29, 30, 31, 32, 78, 33, 34, 35, 36, 37, 38, 39, 40, 41, 75, 42, 43, 44, 45, 46, 47, 48, 76, 50, 51, 52, 53, 54, 55, 56, 57, 58, 79, 59, 60, 61, 62, 63, 64, 65, 66, 67, 68, 69, 70, 71, 74, 72, 73]
index list energy: 152293.52169419697
Done


iterations: 100000000 temp: 1000000.0 exponent: 0.9 eif: 300.0
time taken (sec): 8342.804940700531
number of iterations: 100000000
final temperature: 159.26791088519815
og index list: [43, 40, 79, 35, 64, 3, 32, 75, 20, 16, 5, 44, 22, 27, 71, 67, 62, 46, 34, 6, 15, 59, 9, 18, 10, 55, 25, 74, 70, 37, 52, 78, 41, 65, 48, 1, 39, 28, 47, 29, 23, 58, 2, 33, 24, 57, 73, 31, 11, 13, 54, 49, 63, 60, 56, 12, 17, 69, 7, 21, 14, 51, 38, 77, 61, 8, 50, 53, 76, 30, 45, 36, 72, 42, 66, 68, 4, 0, 26, 19]
og index list energy: 149120349.75768286
index list: [72, 1, 2, 3, 4, 5, 6, 7, 8, 9, 10, 11, 12, 13, 77, 14, 15, 16, 49, 17, 18, 19, 20, 21, 22, 23, 24, 25, 26, 27, 28, 29, 30, 31, 32, 75, 33, 34, 35, 36, 37, 38, 39, 40, 41, 74, 42, 43, 44, 45, 46, 47, 48, 76, 50, 51, 52, 53, 54, 55, 56, 57, 58, 78, 59, 60, 61, 62, 63, 64, 65, 66, 67, 68, 69, 79, 70, 71, 0, 73]
index list energy: 152290.42158758297
Done


iterations: 100000000 temp: 1000000.0 exponent: 0.9 eif: 300.0
time taken (sec): 8389.060596466064
number of iterations: 100000000
final temperature: 159.26791088519815
og index list: [22, 77, 53, 67, 51, 47, 10, 43, 38, 62, 39, 41, 74, 32, 61, 48, 16, 76, 0, 79, 18, 68, 6, 71, 27, 37, 14, 66, 54, 46, 33, 36, 73, 60, 69, 1, 40, 15, 63, 12, 75, 44, 29, 78, 70, 17, 35, 65, 8, 4, 72, 21, 31, 7, 50, 2, 42, 30, 19, 56, 45, 34, 49, 24, 5, 13, 59, 52, 55, 9, 57, 26, 58, 25, 64, 28, 23, 3, 20, 11]
og index list energy: 138948178.56468377
index list: [72, 1, 2, 3, 4, 5, 6, 7, 8, 9, 10, 11, 12, 13, 74, 14, 15, 16, 78, 17, 18, 19, 20, 21, 22, 23, 24, 25, 26, 27, 28, 29, 30, 31, 32, 77, 33, 34, 35, 36, 37, 38, 39, 40, 41, 49, 42, 43, 44, 45, 46, 47, 48, 79, 50, 51, 52, 53, 54, 55, 56, 57, 58, 76, 59, 60, 61, 62, 63, 64, 65, 66, 67, 68, 69, 75, 70, 71, 0, 73]
index list energy: 152290.42158758297
Done


iterations: 100000000 temp: 1000000.0 exponent: 0.9 eif: 300.0
time taken (sec): 630.0280272960663
number of iterations: 14635141
final temperature: 166771.81699666573
og index list: [53, 74, 37, 41, 6, 69, 38, 54, 16, 44, 61, 18, 15, 7, 27, 10, 78, 66, 75, 40, 17, 8, 55, 57, 23, 48, 42, 29, 0, 33, 52, 50, 30, 71, 58, 35, 62, 72, 79, 39, 21, 49, 12, 46, 68, 77, 24, 22, 32, 64, 63, 14, 26, 1, 67, 76, 65, 56, 34, 28, 20, 19, 73, 2, 47, 45, 11, 36, 70, 31, 51, 25, 59, 43, 60, 3, 4, 5, 13, 9]
og index list energy: 137221690.63925657
index list: [53, 54, 49, 43, 24, 39, 20, 66, 63, 62, 11, 79, 10, 14, 5, 76, 72, 73, 26, 27, 2, 1, 28, 70, 21, 3, 16, 40, 46, 6, 25, 74, 68, 9, 57, 29, 30, 31, 58, 0, 50, 78, 42, 7, 8, 4, 12, 52, 67, 60, 61, 55, 15, 36, 38, 17, 18, 32, 75, 41, 56, 65, 51, 22, 23, 69, 33, 34, 35, 64, 59, 48, 37, 13, 44, 45, 77, 47, 19, 71]
index list energy: 11495484.927597774
Done


program ended at: 2020-03-30 09:19:25.267680 
 time delta: 11:57:59.994601
