## SLURM PROLOG ###############################################################
##    Job ID : 11508618
##  Job Name : verifying_2np4_works
##  Nodelist : node1150
##      CPUs : 1
##  Mem/Node : 1024 MB
## Directory : /gpfs/data/nfawzi/skale/Fawzi_pycharm_project
##   Started : Sun Mar 29 21:21:22 EDT 2020
###############################################################################
program started at:2020-03-29 21:21:22.296898
iterations: 100000000 temp: 1000000.0 exponent: 0.9 eif: 300.0
time taken (sec): 7525.408298969269
number of iterations: 100000000
final temperature: 159.26791088519815
og index list: [25, 72, 22, 6, 42, 26, 71, 66, 59, 77, 16, 27, 33, 8, 48, 41, 35, 12, 75, 43, 67, 29, 1, 60, 68, 73, 51, 79, 14, 15, 61, 17, 10, 58, 31, 44, 55, 23, 28, 53, 34, 0, 30, 56, 62, 13, 20, 52, 65, 50, 40, 37, 57, 76, 46, 5, 38, 7, 11, 9, 2, 19, 64, 47, 78, 49, 21, 32, 70, 36, 74, 24, 69, 18, 4, 63, 54, 39, 45, 3]
og index list energy: 163625634.60758328
index list: [72, 1, 2, 3, 4, 5, 6, 7, 8, 9, 10, 11, 12, 13, 78, 14, 15, 16, 79, 17, 18, 19, 20, 21, 22, 23, 24, 25, 26, 27, 28, 29, 30, 31, 32, 75, 33, 34, 35, 36, 37, 38, 39, 40, 41, 77, 42, 43, 44, 45, 46, 47, 48, 74, 50, 51, 52, 53, 54, 55, 56, 57, 58, 49, 59, 60, 61, 62, 63, 64, 65, 66, 67, 68, 69, 76, 70, 71, 0, 73]
index list energy: 152290.42158758297
Done


iterations: 100000000 temp: 1000000.0 exponent: 0.9 eif: 300.0
time taken (sec): 7774.519611120224
number of iterations: 100000000
final temperature: 159.26791088519815
og index list: [48, 45, 69, 33, 20, 46, 44, 60, 63, 51, 65, 66, 58, 25, 29, 47, 11, 43, 19, 62, 34, 39, 57, 77, 30, 42, 2, 24, 4, 55, 36, 75, 15, 56, 8, 71, 61, 49, 1, 67, 18, 10, 23, 21, 32, 73, 54, 76, 6, 3, 41, 16, 37, 38, 53, 14, 74, 26, 5, 31, 68, 50, 64, 79, 22, 7, 52, 72, 35, 59, 12, 9, 0, 17, 70, 27, 13, 78, 40, 28]
og index list energy: 153036655.81475234
index list: [0, 1, 2, 3, 4, 5, 6, 7, 8, 9, 10, 11, 12, 13, 79, 14, 15, 16, 74, 17, 18, 19, 20, 21, 22, 23, 24, 25, 26, 27, 28, 29, 30, 31, 32, 78, 33, 34, 35, 36, 37, 38, 39, 40, 41, 75, 42, 43, 44, 45, 46, 47, 48, 49, 50, 51, 52, 53, 54, 55, 56, 57, 58, 76, 59, 60, 61, 62, 63, 64, 65, 66, 67, 68, 69, 70, 71, 77, 72, 73]
index list energy: 151994.72169419698
Done


iterations: 100000000 temp: 1000000.0 exponent: 0.9 eif: 300.0
time taken (sec): 7755.97905421257
number of iterations: 100000000
final temperature: 159.26791088519815
og index list: [9, 5, 57, 0, 60, 21, 64, 49, 39, 56, 58, 17, 47, 34, 24, 30, 23, 33, 32, 42, 31, 67, 19, 43, 41, 54, 10, 46, 53, 77, 8, 62, 20, 51, 69, 65, 38, 6, 15, 45, 68, 37, 3, 59, 2, 66, 71, 63, 79, 48, 61, 12, 72, 4, 50, 16, 26, 18, 75, 27, 7, 11, 25, 36, 29, 40, 13, 35, 52, 70, 14, 22, 78, 55, 44, 28, 1, 74, 76, 73]
og index list energy: 148375745.11821485
index list: [0, 1, 2, 3, 4, 5, 6, 7, 8, 9, 10, 11, 12, 13, 79, 14, 15, 16, 75, 17, 18, 19, 20, 21, 22, 23, 24, 25, 26, 27, 28, 29, 30, 31, 32, 76, 33, 34, 35, 36, 37, 38, 39, 40, 41, 78, 42, 43, 44, 45, 46, 47, 48, 77, 50, 51, 52, 53, 54, 55, 56, 57, 58, 74, 59, 60, 61, 62, 63, 64, 65, 66, 67, 68, 69, 70, 71, 49, 72, 73]
index list energy: 152293.52169419697
Done


iterations: 100000000 temp: 1000000.0 exponent: 0.9 eif: 300.0
time taken (sec): 7560.430665016174
number of iterations: 100000000
final temperature: 159.26791088519815
og index list: [60, 2, 7, 70, 61, 19, 46, 67, 66, 53, 10, 5, 29, 4, 14, 23, 65, 24, 25, 8, 31, 39, 35, 26, 55, 51, 3, 1, 49, 40, 42, 18, 15, 6, 13, 45, 75, 48, 73, 28, 52, 11, 78, 21, 41, 38, 27, 43, 69, 54, 47, 30, 59, 37, 77, 62, 16, 9, 17, 50, 63, 20, 22, 12, 44, 79, 57, 33, 64, 68, 32, 71, 58, 76, 74, 34, 72, 36, 0, 56]
og index list energy: 178480474.62745115
index list: [72, 1, 2, 3, 4, 5, 6, 7, 8, 9, 10, 11, 12, 13, 78, 14, 15, 16, 74, 17, 18, 19, 20, 21, 22, 23, 24, 25, 26, 27, 28, 29, 30, 31, 32, 76, 33, 34, 35, 36, 37, 38, 39, 40, 41, 77, 42, 43, 44, 45, 46, 47, 48, 75, 50, 51, 52, 53, 54, 55, 56, 57, 58, 49, 59, 60, 61, 62, 63, 64, 65, 66, 67, 68, 69, 79, 70, 71, 0, 73]
index list energy: 152290.42158758297
Done


iterations: 100000000 temp: 1000000.0 exponent: 0.9 eif: 300.0
time taken (sec): 7547.455509901047
number of iterations: 100000000
final temperature: 159.26791088519815
og index list: [67, 35, 24, 26, 40, 73, 45, 30, 20, 23, 77, 31, 17, 43, 5, 47, 65, 29, 39, 59, 16, 53, 13, 70, 61, 63, 60, 51, 76, 19, 9, 25, 64, 49, 75, 7, 34, 4, 32, 55, 21, 12, 52, 72, 18, 74, 68, 37, 50, 71, 8, 69, 3, 54, 46, 2, 79, 33, 0, 36, 14, 10, 58, 28, 44, 11, 1, 48, 66, 22, 6, 38, 41, 42, 15, 62, 27, 78, 57, 56]
og index list energy: 181632144.1697198
index list: [0, 1, 2, 3, 4, 5, 6, 7, 8, 9, 10, 11, 12, 13, 77, 14, 15, 16, 79, 17, 18, 19, 20, 21, 22, 23, 24, 25, 26, 27, 28, 29, 30, 31, 32, 49, 33, 34, 35, 36, 37, 38, 39, 40, 41, 71, 78, 43, 44, 45, 46, 47, 48, 75, 50, 51, 52, 53, 54, 55, 56, 57, 58, 76, 59, 60, 61, 62, 63, 64, 65, 66, 67, 68, 69, 70, 74, 42, 72, 73]
index list energy: 160416.50127390915
Done


iterations: 100000000 temp: 1000000.0 exponent: 0.9 eif: 300.0
time taken (sec): 4916.081684589386
number of iterations: 73116554
final temperature: 773.5540101454294
og index list: [41, 64, 65, 19, 40, 15, 22, 34, 24, 58, 71, 47, 52, 75, 28, 9, 79, 16, 43, 76, 38, 59, 25, 70, 44, 61, 46, 74, 21, 33, 8, 78, 31, 6, 7, 11, 69, 66, 2, 63, 23, 18, 51, 56, 20, 49, 53, 17, 29, 13, 62, 1, 60, 0, 10, 35, 32, 45, 55, 37, 77, 3, 4, 30, 36, 14, 67, 12, 5, 48, 72, 73, 50, 26, 42, 54, 39, 68, 57, 27]
og index list energy: 130713236.23247482
index list: [0, 1, 2, 3, 4, 5, 6, 7, 8, 9, 10, 11, 12, 13, 32, 75, 72, 73, 79, 17, 18, 19, 20, 21, 22, 23, 24, 25, 26, 27, 28, 29, 30, 31, 77, 42, 33, 34, 35, 36, 37, 38, 39, 40, 41, 71, 78, 43, 44, 45, 46, 47, 48, 49, 50, 51, 52, 53, 54, 55, 56, 57, 58, 74, 59, 60, 61, 62, 63, 64, 65, 66, 67, 68, 69, 70, 76, 14, 15, 16]
index list energy: 185254.26486083298
Done


program ended at: 2020-03-30 09:19:22.292634 
 time delta: 11:57:59.995736
