## SLURM PROLOG ###############################################################
##    Job ID : 11508662
##  Job Name : verifying_2np4_works
##  Nodelist : node1124
##      CPUs : 1
##  Mem/Node : 1024 MB
## Directory : /gpfs/data/nfawzi/skale/Fawzi_pycharm_project
##   Started : Sun Mar 29 21:21:50 EDT 2020
###############################################################################
program started at:2020-03-29 21:21:51.388949
iterations: 100000000 temp: 1000000.0 exponent: 0.9 eif: 300.0
time taken (sec): 7498.929811239243
number of iterations: 100000000
final temperature: 159.26791088519815
og index list: [79, 14, 78, 46, 31, 61, 29, 71, 57, 8, 18, 12, 44, 75, 72, 40, 23, 2, 24, 42, 37, 73, 11, 60, 25, 67, 62, 49, 39, 59, 50, 55, 48, 20, 70, 41, 26, 76, 68, 58, 77, 9, 10, 4, 54, 28, 38, 17, 21, 6, 47, 69, 53, 13, 22, 16, 35, 63, 30, 15, 3, 36, 19, 56, 64, 51, 65, 43, 74, 52, 5, 34, 33, 1, 66, 27, 32, 0, 7, 45]
og index list energy: 175537617.12543145
index list: [72, 1, 2, 3, 4, 5, 6, 7, 8, 9, 10, 11, 12, 13, 78, 14, 15, 16, 79, 17, 18, 19, 20, 21, 22, 23, 24, 25, 26, 27, 28, 29, 30, 31, 32, 74, 33, 34, 35, 36, 37, 38, 39, 40, 41, 75, 42, 43, 44, 45, 46, 47, 48, 49, 50, 51, 52, 53, 54, 55, 56, 57, 58, 77, 59, 60, 61, 62, 63, 64, 65, 66, 67, 68, 69, 76, 70, 71, 0, 73]
index list energy: 151991.621587583
Done


iterations: 100000000 temp: 1000000.0 exponent: 0.9 eif: 300.0
time taken (sec): 7583.329332590103
number of iterations: 100000000
final temperature: 159.26791088519815
og index list: [51, 25, 66, 60, 29, 2, 9, 26, 21, 40, 59, 69, 34, 23, 24, 61, 62, 10, 45, 19, 37, 6, 0, 70, 5, 14, 18, 35, 53, 4, 55, 7, 36, 11, 49, 8, 68, 46, 16, 12, 74, 28, 56, 47, 57, 50, 33, 77, 71, 65, 30, 41, 67, 27, 31, 48, 63, 58, 43, 76, 78, 79, 22, 75, 3, 15, 13, 1, 32, 17, 72, 52, 39, 44, 64, 20, 73, 38, 54, 42]
og index list energy: 143769819.79720792
index list: [0, 1, 2, 3, 4, 5, 6, 7, 8, 9, 10, 11, 12, 13, 77, 14, 15, 16, 78, 17, 18, 19, 20, 21, 22, 23, 24, 25, 26, 27, 28, 29, 30, 31, 32, 79, 33, 34, 35, 36, 37, 38, 39, 40, 41, 49, 42, 43, 44, 45, 46, 47, 48, 74, 50, 51, 52, 53, 54, 55, 56, 57, 58, 75, 59, 60, 61, 62, 63, 64, 65, 66, 67, 68, 69, 70, 71, 76, 72, 73]
index list energy: 152293.52169419697
Done


iterations: 100000000 temp: 1000000.0 exponent: 0.9 eif: 300.0
time taken (sec): 7491.704018354416
number of iterations: 100000000
final temperature: 159.26791088519815
og index list: [14, 43, 67, 73, 37, 48, 69, 66, 35, 70, 21, 55, 41, 63, 79, 26, 59, 31, 54, 18, 49, 20, 17, 19, 39, 22, 77, 40, 52, 3, 29, 36, 8, 12, 46, 78, 47, 71, 68, 45, 75, 6, 11, 30, 24, 61, 56, 15, 34, 2, 62, 72, 42, 10, 32, 28, 38, 27, 58, 74, 9, 23, 53, 50, 4, 16, 25, 33, 64, 1, 0, 76, 7, 57, 60, 5, 65, 13, 51, 44]
og index list energy: 165874271.66684863
index list: [0, 1, 2, 3, 4, 5, 6, 7, 8, 9, 10, 11, 12, 13, 77, 14, 15, 16, 75, 17, 18, 19, 20, 21, 22, 23, 24, 25, 26, 27, 28, 29, 30, 31, 32, 49, 33, 34, 35, 36, 37, 38, 39, 40, 41, 76, 42, 43, 44, 45, 46, 47, 48, 78, 50, 51, 52, 53, 54, 55, 56, 57, 58, 79, 59, 60, 61, 62, 63, 64, 65, 66, 67, 68, 69, 70, 71, 74, 72, 73]
index list energy: 152293.52169419697
Done


iterations: 100000000 temp: 1000000.0 exponent: 0.9 eif: 300.0
time taken (sec): 7095.209999322891
number of iterations: 100000000
final temperature: 159.26791088519815
og index list: [69, 25, 19, 67, 11, 64, 74, 16, 28, 52, 58, 4, 57, 71, 79, 17, 70, 0, 7, 73, 13, 2, 26, 34, 21, 49, 38, 54, 29, 8, 48, 45, 22, 50, 51, 31, 15, 75, 27, 36, 18, 20, 47, 62, 72, 66, 78, 5, 30, 43, 3, 37, 24, 12, 55, 53, 76, 1, 32, 68, 56, 42, 23, 44, 65, 6, 41, 61, 40, 33, 60, 39, 63, 46, 77, 10, 14, 9, 35, 59]
og index list energy: 150928707.7526122
index list: [72, 1, 2, 3, 4, 5, 6, 7, 8, 9, 10, 11, 12, 13, 74, 14, 15, 16, 49, 17, 18, 19, 20, 21, 22, 23, 24, 25, 26, 27, 28, 29, 30, 31, 32, 79, 33, 34, 35, 36, 37, 38, 39, 40, 41, 78, 42, 43, 44, 45, 46, 47, 48, 76, 50, 51, 52, 53, 54, 55, 56, 57, 58, 77, 59, 60, 61, 62, 63, 64, 65, 66, 67, 68, 69, 75, 70, 71, 0, 73]
index list energy: 152290.42158758297
Done


iterations: 100000000 temp: 1000000.0 exponent: 0.9 eif: 300.0
time taken (sec): 6933.412977933884
number of iterations: 100000000
final temperature: 159.26791088519815
og index list: [8, 53, 69, 1, 40, 64, 43, 27, 20, 60, 7, 19, 18, 54, 9, 68, 75, 52, 23, 73, 30, 15, 62, 45, 12, 21, 6, 5, 76, 44, 35, 56, 10, 29, 48, 3, 38, 2, 37, 55, 77, 16, 46, 22, 33, 42, 0, 71, 13, 79, 49, 74, 39, 11, 26, 36, 25, 14, 61, 70, 31, 57, 24, 59, 50, 65, 32, 4, 72, 28, 63, 67, 78, 34, 17, 51, 58, 41, 66, 47]
og index list energy: 170299246.47399682
index list: [72, 1, 2, 3, 4, 5, 6, 7, 8, 9, 10, 11, 12, 13, 49, 14, 15, 16, 76, 17, 18, 19, 20, 21, 22, 23, 24, 25, 26, 27, 28, 29, 30, 31, 32, 78, 33, 34, 35, 36, 37, 38, 39, 40, 41, 75, 42, 43, 44, 45, 46, 47, 48, 77, 50, 51, 52, 53, 54, 55, 56, 57, 58, 79, 59, 60, 61, 62, 63, 64, 65, 66, 67, 68, 69, 74, 70, 71, 0, 73]
index list energy: 152290.42158758297
Done


iterations: 100000000 temp: 1000000.0 exponent: 0.9 eif: 300.0
time taken (sec): 6477.2925062179565
number of iterations: 93412005
final temperature: 242.74944503154717
og index list: [13, 27, 17, 51, 76, 18, 68, 50, 57, 44, 26, 37, 21, 77, 24, 14, 71, 2, 69, 8, 29, 49, 12, 25, 31, 4, 42, 5, 1, 16, 55, 72, 23, 61, 30, 78, 10, 62, 65, 45, 60, 43, 35, 70, 33, 39, 7, 73, 15, 79, 11, 64, 0, 52, 67, 47, 36, 46, 22, 20, 59, 75, 34, 56, 3, 19, 48, 40, 41, 38, 58, 54, 74, 32, 9, 66, 53, 6, 28, 63]
og index list energy: 146590719.1943579
index list: [72, 1, 2, 3, 4, 5, 6, 7, 8, 9, 10, 11, 12, 13, 76, 14, 15, 16, 49, 17, 18, 19, 20, 21, 22, 23, 24, 25, 26, 27, 28, 29, 30, 31, 32, 77, 33, 34, 35, 36, 37, 38, 39, 40, 41, 78, 42, 43, 44, 45, 46, 47, 48, 75, 50, 51, 52, 53, 54, 55, 56, 57, 58, 79, 59, 60, 61, 62, 63, 64, 65, 66, 67, 68, 69, 74, 70, 71, 0, 73]
index list energy: 152290.42158758297
Done


program ended at: 2020-03-30 09:19:51.386115 
 time delta: 11:57:59.997166
