## SLURM PROLOG ###############################################################
##    Job ID : 11508644
##  Job Name : verifying_2np4_works
##  Nodelist : node1143
##      CPUs : 1
##  Mem/Node : 1024 MB
## Directory : /gpfs/data/nfawzi/skale/Fawzi_pycharm_project
##   Started : Sun Mar 29 21:21:23 EDT 2020
###############################################################################
program started at:2020-03-29 21:21:23.707801
iterations: 100000000 temp: 1000000.0 exponent: 0.9 eif: 300.0
time taken (sec): 8222.171414136887
number of iterations: 100000000
final temperature: 159.26791088519815
og index list: [41, 61, 0, 28, 47, 79, 53, 49, 18, 35, 43, 13, 40, 19, 62, 44, 3, 31, 39, 11, 50, 74, 52, 66, 25, 78, 15, 24, 1, 29, 54, 36, 10, 60, 16, 6, 8, 45, 48, 57, 77, 4, 51, 22, 17, 26, 67, 33, 69, 59, 20, 72, 37, 5, 71, 21, 46, 76, 42, 70, 38, 58, 2, 9, 64, 34, 27, 75, 12, 7, 55, 14, 30, 65, 56, 63, 23, 68, 32, 73]
og index list energy: 174463716.69991314
index list: [72, 1, 2, 3, 4, 5, 6, 7, 8, 9, 10, 11, 12, 13, 16, 77, 42, 70, 49, 17, 18, 19, 20, 21, 22, 23, 24, 25, 26, 27, 28, 29, 30, 31, 32, 75, 33, 34, 35, 36, 37, 38, 39, 40, 41, 71, 76, 43, 44, 45, 46, 47, 48, 74, 50, 51, 52, 53, 54, 55, 56, 57, 58, 78, 59, 60, 61, 62, 63, 64, 65, 66, 67, 68, 69, 79, 14, 15, 0, 73]
index list energy: 186452.65973732513
Done


iterations: 100000000 temp: 1000000.0 exponent: 0.9 eif: 300.0
time taken (sec): 8034.274441003799
number of iterations: 100000000
final temperature: 159.26791088519815
og index list: [17, 62, 15, 36, 56, 6, 61, 14, 10, 76, 50, 22, 49, 53, 57, 48, 54, 1, 27, 23, 33, 24, 0, 3, 58, 77, 28, 12, 9, 37, 30, 46, 43, 42, 55, 16, 73, 5, 41, 71, 38, 60, 32, 13, 52, 40, 63, 11, 74, 21, 8, 68, 20, 34, 64, 39, 19, 51, 72, 65, 35, 70, 75, 2, 4, 67, 45, 29, 26, 25, 31, 59, 47, 79, 66, 44, 18, 78, 69, 7]
og index list energy: 91813618.85847548
index list: [72, 1, 2, 3, 4, 5, 6, 7, 8, 9, 10, 11, 12, 13, 75, 14, 15, 16, 49, 17, 18, 19, 20, 21, 22, 23, 24, 25, 26, 27, 28, 29, 30, 31, 76, 42, 33, 34, 35, 36, 37, 38, 39, 40, 41, 71, 77, 43, 44, 45, 46, 47, 48, 74, 50, 51, 52, 53, 54, 55, 56, 57, 58, 78, 59, 60, 61, 62, 63, 64, 65, 66, 67, 68, 69, 70, 79, 32, 0, 73]
index list energy: 171577.16464737442
Done


iterations: 100000000 temp: 1000000.0 exponent: 0.9 eif: 300.0
time taken (sec): 8357.820479154587
number of iterations: 100000000
final temperature: 159.26791088519815
og index list: [7, 62, 21, 43, 26, 41, 33, 66, 39, 18, 0, 8, 67, 37, 68, 49, 2, 61, 35, 9, 73, 47, 30, 58, 65, 74, 70, 71, 23, 59, 77, 60, 5, 14, 4, 53, 56, 75, 55, 42, 10, 51, 20, 64, 24, 76, 44, 32, 17, 3, 22, 19, 12, 52, 57, 6, 79, 31, 50, 69, 40, 72, 78, 29, 16, 34, 54, 28, 63, 48, 11, 13, 38, 45, 15, 25, 1, 27, 46, 36]
og index list energy: 143202342.59159988
index list: [72, 1, 2, 3, 4, 5, 6, 7, 8, 9, 10, 11, 12, 13, 78, 14, 15, 16, 76, 17, 18, 19, 20, 21, 22, 23, 24, 25, 26, 27, 28, 29, 30, 31, 32, 74, 33, 34, 35, 36, 37, 38, 39, 40, 41, 49, 42, 43, 44, 45, 46, 47, 48, 77, 50, 51, 52, 53, 54, 55, 56, 57, 58, 75, 59, 60, 61, 62, 63, 64, 65, 66, 67, 68, 69, 79, 70, 71, 0, 73]
index list energy: 152290.42158758297
Done


iterations: 100000000 temp: 1000000.0 exponent: 0.9 eif: 300.0
time taken (sec): 8326.879336833954
number of iterations: 100000000
final temperature: 159.26791088519815
og index list: [47, 70, 73, 63, 8, 3, 74, 23, 62, 35, 32, 33, 18, 6, 10, 5, 34, 67, 17, 61, 39, 30, 68, 58, 64, 69, 66, 25, 2, 51, 48, 15, 26, 27, 41, 53, 60, 14, 12, 20, 37, 0, 42, 49, 72, 54, 71, 50, 36, 7, 13, 19, 4, 46, 40, 45, 1, 44, 11, 75, 21, 9, 38, 59, 28, 78, 79, 65, 24, 22, 52, 57, 77, 31, 29, 56, 43, 55, 76, 16]
og index list energy: 138260822.79708531
index list: [72, 1, 2, 3, 4, 5, 6, 7, 8, 9, 10, 11, 12, 13, 74, 14, 15, 16, 49, 17, 18, 19, 20, 21, 22, 23, 24, 25, 26, 27, 28, 29, 30, 31, 32, 79, 33, 34, 35, 36, 37, 38, 39, 40, 41, 77, 42, 43, 44, 45, 46, 47, 48, 75, 50, 51, 52, 53, 54, 55, 56, 57, 58, 78, 59, 60, 61, 62, 63, 64, 65, 66, 67, 68, 69, 76, 70, 71, 0, 73]
index list energy: 152290.42158758297
Done


iterations: 100000000 temp: 1000000.0 exponent: 0.9 eif: 300.0
time taken (sec): 8408.210530042648
number of iterations: 100000000
final temperature: 159.26791088519815
og index list: [28, 26, 3, 76, 32, 12, 41, 75, 43, 0, 53, 66, 60, 25, 50, 14, 67, 45, 44, 74, 11, 2, 63, 42, 6, 68, 1, 34, 29, 40, 39, 58, 16, 31, 46, 13, 27, 4, 15, 35, 18, 72, 56, 33, 59, 61, 22, 8, 51, 71, 78, 70, 55, 64, 77, 57, 38, 19, 69, 47, 17, 10, 9, 49, 20, 62, 54, 30, 52, 36, 79, 24, 5, 73, 65, 23, 37, 48, 21, 7]
og index list energy: 132608140.39278004
index list: [0, 1, 2, 3, 4, 5, 6, 7, 8, 9, 10, 11, 12, 13, 49, 14, 15, 16, 74, 17, 18, 19, 20, 21, 22, 23, 24, 25, 26, 27, 28, 29, 30, 31, 32, 79, 33, 34, 35, 36, 37, 38, 39, 40, 41, 71, 77, 43, 44, 45, 46, 47, 48, 75, 50, 51, 52, 53, 54, 55, 56, 57, 58, 76, 59, 60, 61, 62, 63, 64, 65, 66, 67, 68, 69, 70, 78, 42, 72, 73]
index list energy: 160416.50127390915
Done


iterations: 100000000 temp: 1000000.0 exponent: 0.9 eif: 300.0
time taken (sec): 1730.5102543830872
number of iterations: 32786658
final temperature: 22528.399544939184
og index list: [61, 23, 27, 2, 34, 47, 54, 4, 59, 50, 15, 30, 43, 5, 17, 44, 10, 76, 45, 16, 65, 56, 6, 3, 79, 48, 52, 0, 25, 66, 40, 22, 55, 33, 53, 58, 38, 49, 42, 57, 20, 74, 46, 60, 12, 71, 24, 9, 62, 29, 69, 7, 13, 36, 35, 32, 68, 64, 77, 63, 31, 70, 21, 67, 51, 75, 41, 72, 14, 78, 37, 39, 1, 19, 73, 26, 8, 11, 18, 28]
og index list energy: 113352254.0611931
index list: [46, 1, 2, 3, 4, 15, 6, 7, 8, 9, 10, 11, 12, 13, 19, 76, 42, 14, 49, 17, 18, 16, 20, 21, 22, 23, 24, 25, 26, 27, 28, 29, 30, 31, 32, 77, 33, 34, 35, 36, 37, 38, 39, 40, 41, 74, 43, 44, 45, 78, 47, 0, 48, 75, 72, 73, 52, 53, 54, 55, 56, 57, 58, 79, 59, 60, 61, 62, 63, 64, 65, 66, 67, 68, 69, 70, 71, 5, 51, 50]
index list energy: 470708.3710433343
Done


program ended at: 2020-03-30 09:19:23.710759 
 time delta: 11:58:00.002958
