## SLURM PROLOG ###############################################################
##    Job ID : 11508674
##  Job Name : verifying_2np4_works
##  Nodelist : node1101
##      CPUs : 1
##  Mem/Node : 1024 MB
## Directory : /gpfs/data/nfawzi/skale/Fawzi_pycharm_project
##   Started : Sun Mar 29 21:21:52 EDT 2020
###############################################################################
program started at:2020-03-29 21:21:53.086139
iterations: 100000000 temp: 1000000.0 exponent: 0.9 eif: 300.0
time taken (sec): 9463.30082321167
number of iterations: 100000000
final temperature: 159.26791088519815
og index list: [44, 59, 26, 10, 0, 1, 75, 60, 3, 4, 21, 71, 12, 35, 69, 6, 43, 56, 51, 32, 18, 28, 70, 65, 37, 47, 40, 74, 9, 30, 49, 45, 42, 25, 62, 57, 48, 16, 63, 46, 34, 11, 36, 33, 14, 58, 5, 15, 31, 41, 73, 8, 78, 79, 24, 29, 23, 38, 39, 27, 55, 52, 54, 7, 50, 2, 22, 53, 67, 13, 64, 61, 19, 20, 68, 72, 76, 17, 66, 77]
og index list energy: 124711920.63681692
index list: [0, 1, 2, 3, 4, 5, 6, 7, 8, 9, 10, 11, 12, 13, 49, 14, 15, 16, 79, 17, 18, 19, 20, 21, 22, 23, 24, 25, 26, 27, 28, 29, 30, 31, 32, 74, 33, 34, 35, 36, 37, 38, 39, 40, 41, 71, 76, 43, 44, 45, 46, 47, 48, 78, 50, 51, 52, 53, 54, 55, 56, 57, 58, 75, 59, 60, 61, 62, 63, 64, 65, 66, 67, 68, 69, 72, 73, 77, 42, 70]
index list energy: 175510.19904523817
Done


iterations: 100000000 temp: 1000000.0 exponent: 0.9 eif: 300.0
time taken (sec): 9021.700547218323
number of iterations: 100000000
final temperature: 159.26791088519815
og index list: [24, 35, 61, 29, 73, 76, 66, 4, 72, 54, 71, 22, 32, 42, 47, 70, 13, 67, 45, 31, 27, 10, 77, 20, 78, 15, 23, 11, 34, 58, 12, 28, 0, 57, 62, 9, 33, 8, 16, 60, 21, 2, 25, 52, 68, 46, 55, 49, 1, 3, 65, 79, 50, 6, 53, 19, 37, 18, 5, 63, 43, 26, 44, 59, 41, 36, 39, 17, 40, 38, 69, 51, 14, 74, 7, 64, 75, 56, 48, 30]
og index list energy: 145419256.35256445
index list: [72, 1, 2, 3, 4, 5, 6, 7, 8, 9, 10, 11, 12, 13, 76, 14, 15, 16, 49, 17, 18, 19, 20, 21, 22, 23, 24, 25, 26, 27, 28, 29, 30, 31, 32, 79, 33, 34, 35, 36, 37, 38, 39, 40, 41, 78, 42, 43, 44, 45, 46, 47, 48, 77, 50, 51, 52, 53, 54, 55, 56, 57, 58, 74, 59, 60, 61, 62, 63, 64, 65, 66, 67, 68, 69, 75, 70, 71, 0, 73]
index list energy: 152290.42158758297
Done


iterations: 100000000 temp: 1000000.0 exponent: 0.9 eif: 300.0
time taken (sec): 9200.107329845428
number of iterations: 100000000
final temperature: 159.26791088519815
og index list: [29, 53, 13, 66, 43, 26, 41, 32, 20, 17, 16, 48, 12, 56, 19, 38, 40, 8, 64, 73, 33, 62, 65, 71, 15, 52, 30, 21, 39, 11, 77, 5, 54, 0, 70, 79, 10, 27, 37, 34, 59, 18, 67, 51, 50, 9, 78, 24, 72, 49, 74, 6, 23, 55, 60, 76, 61, 75, 25, 31, 58, 42, 63, 35, 57, 46, 69, 22, 68, 2, 47, 45, 44, 4, 7, 14, 1, 28, 36, 3]
og index list energy: 158996660.5678343
index list: [0, 1, 2, 3, 4, 5, 6, 7, 8, 9, 10, 11, 12, 13, 79, 14, 15, 16, 75, 17, 18, 19, 20, 21, 22, 23, 24, 25, 26, 27, 28, 29, 30, 31, 32, 74, 33, 34, 35, 36, 37, 38, 39, 40, 41, 78, 42, 43, 44, 45, 46, 47, 48, 49, 50, 51, 52, 53, 54, 55, 56, 57, 58, 77, 59, 60, 61, 62, 63, 64, 65, 66, 67, 68, 69, 70, 71, 76, 72, 73]
index list energy: 151994.72169419698
Done


iterations: 100000000 temp: 1000000.0 exponent: 0.9 eif: 300.0
time taken (sec): 8525.941873073578
number of iterations: 100000000
final temperature: 159.26791088519815
og index list: [10, 35, 31, 15, 9, 53, 52, 6, 1, 36, 50, 42, 74, 38, 19, 76, 79, 56, 28, 51, 13, 0, 18, 5, 71, 41, 12, 21, 44, 30, 11, 72, 29, 8, 59, 75, 4, 39, 33, 63, 73, 68, 70, 46, 40, 43, 48, 47, 77, 24, 69, 26, 16, 67, 17, 66, 23, 27, 25, 64, 54, 20, 37, 22, 78, 7, 61, 57, 2, 55, 32, 60, 45, 62, 65, 49, 3, 34, 58, 14]
og index list energy: 169650122.4444937
index list: [0, 1, 2, 3, 4, 5, 6, 7, 8, 9, 10, 11, 12, 13, 32, 74, 72, 73, 76, 17, 18, 19, 20, 21, 22, 23, 24, 25, 26, 27, 28, 29, 30, 31, 75, 42, 33, 34, 35, 36, 37, 38, 39, 40, 41, 71, 77, 43, 44, 45, 46, 47, 48, 78, 50, 51, 52, 53, 54, 55, 56, 57, 58, 49, 59, 60, 61, 62, 63, 64, 65, 66, 67, 68, 69, 70, 79, 14, 15, 16]
index list energy: 185553.064860833
Done


iterations: 100000000 temp: 1000000.0 exponent: 0.9 eif: 300.0
time taken (sec): 6868.808444738388
number of iterations: 77923797
final temperature: 563.9208733960181
og index list: [21, 51, 43, 67, 7, 41, 45, 15, 3, 38, 39, 66, 31, 78, 74, 75, 46, 10, 61, 1, 73, 79, 0, 68, 26, 14, 44, 12, 5, 30, 22, 34, 32, 71, 37, 76, 58, 13, 29, 42, 36, 2, 60, 63, 28, 11, 35, 18, 57, 4, 40, 6, 54, 23, 64, 70, 19, 25, 8, 47, 77, 9, 56, 53, 52, 17, 49, 62, 16, 69, 27, 33, 20, 48, 72, 59, 65, 24, 50, 55]
og index list energy: 153587391.66254213
index list: [0, 1, 2, 3, 4, 5, 6, 7, 8, 9, 10, 11, 12, 13, 76, 14, 15, 16, 78, 17, 18, 19, 20, 21, 22, 23, 24, 25, 26, 27, 28, 29, 30, 31, 32, 79, 33, 34, 35, 36, 37, 38, 39, 40, 41, 75, 42, 43, 44, 45, 46, 47, 48, 49, 50, 51, 52, 53, 54, 55, 56, 57, 58, 74, 59, 60, 61, 62, 63, 64, 65, 66, 67, 68, 69, 70, 71, 77, 72, 73]
index list energy: 151994.72169419698
Done


program ended at: 2020-03-30 09:19:53.079644 
 time delta: 11:57:59.993505
