## SLURM PROLOG ###############################################################
##    Job ID : 11508633
##  Job Name : verifying_2np4_works
##  Nodelist : node1140
##      CPUs : 1
##  Mem/Node : 1024 MB
## Directory : /gpfs/data/nfawzi/skale/Fawzi_pycharm_project
##   Started : Sun Mar 29 21:21:24 EDT 2020
###############################################################################
program started at:2020-03-29 21:21:24.347021
iterations: 100000000 temp: 1000000.0 exponent: 0.9 eif: 300.0
time taken (sec): 9521.91301393509
number of iterations: 100000000
final temperature: 159.26791088519815
og index list: [79, 33, 67, 77, 36, 31, 28, 9, 34, 22, 38, 8, 16, 64, 68, 57, 59, 35, 5, 19, 21, 40, 65, 76, 45, 20, 17, 13, 49, 41, 62, 39, 71, 15, 18, 14, 50, 72, 23, 11, 10, 63, 37, 56, 44, 43, 7, 69, 30, 53, 0, 58, 29, 2, 48, 75, 1, 60, 74, 42, 32, 78, 46, 73, 47, 51, 52, 26, 3, 61, 27, 6, 25, 70, 66, 12, 4, 24, 55, 54]
og index list energy: 119227586.48803627
index list: [72, 1, 2, 3, 4, 5, 6, 7, 8, 9, 10, 11, 12, 13, 74, 14, 15, 16, 49, 17, 18, 19, 20, 21, 22, 23, 24, 25, 26, 27, 28, 29, 30, 31, 75, 42, 33, 34, 35, 36, 37, 38, 39, 40, 41, 71, 78, 43, 44, 45, 46, 47, 48, 77, 50, 51, 52, 53, 54, 55, 56, 57, 58, 76, 59, 60, 61, 62, 63, 64, 65, 66, 67, 68, 69, 70, 79, 32, 0, 73]
index list energy: 171577.16464737442
Done


iterations: 100000000 temp: 1000000.0 exponent: 0.9 eif: 300.0
time taken (sec): 9919.829090595245
number of iterations: 100000000
final temperature: 159.26791088519815
og index list: [77, 38, 25, 50, 56, 67, 9, 79, 72, 51, 4, 36, 70, 57, 33, 22, 54, 41, 3, 48, 74, 11, 76, 44, 30, 18, 26, 17, 42, 60, 62, 66, 20, 35, 8, 28, 39, 13, 23, 27, 73, 59, 78, 43, 10, 34, 46, 64, 14, 45, 69, 40, 75, 61, 19, 53, 49, 21, 24, 47, 2, 15, 29, 12, 65, 7, 6, 68, 32, 0, 63, 71, 37, 31, 16, 55, 5, 58, 52, 1]
og index list energy: 221860945.63616052
index list: [73, 74, 2, 3, 4, 5, 6, 7, 8, 9, 10, 11, 12, 13, 79, 14, 15, 16, 0, 1, 18, 19, 20, 21, 22, 23, 24, 25, 26, 27, 28, 29, 30, 31, 32, 78, 33, 34, 35, 36, 37, 38, 39, 40, 41, 77, 42, 43, 44, 45, 46, 47, 48, 76, 72, 51, 52, 53, 54, 55, 56, 57, 58, 49, 59, 60, 61, 62, 63, 64, 65, 66, 67, 68, 69, 70, 71, 75, 17, 50]
index list energy: 233611.66091303364
Done


iterations: 100000000 temp: 1000000.0 exponent: 0.9 eif: 300.0
time taken (sec): 10017.788402080536
number of iterations: 100000000
final temperature: 159.26791088519815
og index list: [65, 5, 37, 39, 75, 7, 46, 42, 55, 43, 22, 61, 4, 2, 18, 3, 48, 56, 15, 6, 67, 68, 54, 76, 66, 47, 10, 27, 0, 79, 35, 71, 36, 1, 62, 57, 40, 20, 19, 9, 64, 38, 77, 78, 53, 44, 28, 72, 29, 63, 21, 34, 70, 49, 60, 32, 73, 23, 58, 8, 24, 11, 25, 12, 17, 41, 59, 16, 13, 52, 31, 50, 74, 45, 51, 30, 33, 26, 69, 14]
og index list energy: 223568320.57690445
index list: [72, 1, 2, 3, 4, 5, 6, 7, 8, 9, 10, 11, 12, 13, 75, 14, 15, 16, 74, 17, 18, 19, 20, 21, 22, 23, 24, 25, 26, 27, 28, 29, 30, 31, 32, 49, 33, 34, 35, 36, 37, 38, 39, 40, 41, 0, 73, 78, 44, 45, 46, 47, 48, 76, 50, 51, 52, 53, 54, 55, 56, 57, 58, 77, 59, 60, 61, 62, 63, 64, 65, 66, 67, 68, 69, 70, 71, 79, 42, 43]
index list energy: 173495.1778064098
Done


iterations: 100000000 temp: 1000000.0 exponent: 0.9 eif: 300.0
time taken (sec): 9530.58929514885
number of iterations: 100000000
final temperature: 159.26791088519815
og index list: [62, 7, 3, 38, 5, 42, 16, 1, 79, 11, 14, 50, 41, 18, 46, 6, 13, 29, 60, 31, 73, 61, 22, 44, 74, 47, 20, 56, 72, 52, 63, 23, 43, 9, 4, 45, 21, 53, 33, 76, 12, 75, 51, 39, 64, 17, 54, 58, 48, 15, 32, 34, 55, 10, 67, 2, 57, 8, 77, 25, 66, 65, 40, 37, 19, 30, 78, 24, 28, 35, 71, 69, 0, 68, 70, 26, 59, 36, 27, 49]
og index list energy: 137911147.36466223
index list: [0, 1, 2, 3, 4, 5, 6, 7, 8, 9, 10, 11, 12, 13, 79, 14, 15, 16, 74, 17, 18, 19, 20, 21, 22, 23, 24, 25, 26, 27, 28, 29, 30, 31, 32, 77, 33, 34, 35, 36, 37, 38, 39, 40, 41, 49, 42, 43, 44, 45, 46, 47, 48, 76, 50, 51, 52, 53, 54, 55, 56, 57, 58, 75, 59, 60, 61, 62, 63, 64, 65, 66, 67, 68, 69, 70, 71, 78, 72, 73]
index list energy: 152293.52169419697
Done


iterations: 100000000 temp: 1000000.0 exponent: 0.9 eif: 300.0
time taken (sec): 4089.756298303604
number of iterations: 53101232
final temperature: 3381.391913522729
og index list: [51, 45, 65, 18, 64, 69, 44, 73, 13, 2, 72, 79, 58, 63, 48, 61, 59, 10, 12, 54, 40, 74, 36, 29, 38, 22, 5, 27, 55, 6, 62, 34, 52, 43, 60, 53, 66, 46, 28, 70, 32, 76, 21, 14, 50, 25, 39, 15, 23, 30, 75, 33, 19, 35, 0, 26, 41, 42, 57, 78, 20, 11, 9, 68, 16, 67, 4, 1, 77, 24, 3, 49, 71, 31, 7, 56, 17, 47, 8, 37]
og index list energy: 158751701.567154
index list: [72, 1, 2, 3, 4, 5, 6, 7, 8, 9, 10, 11, 12, 13, 75, 14, 15, 16, 49, 17, 18, 19, 20, 21, 22, 23, 24, 25, 26, 27, 28, 29, 30, 31, 32, 77, 33, 34, 35, 36, 37, 38, 39, 40, 41, 79, 42, 43, 44, 45, 46, 47, 48, 78, 50, 51, 52, 53, 54, 55, 56, 57, 58, 74, 59, 60, 61, 62, 63, 64, 65, 66, 67, 68, 69, 70, 71, 76, 73, 0]
index list energy: 155911.56801534686
Done


program ended at: 2020-03-30 09:19:24.348873 
 time delta: 11:58:00.001852
