## SLURM PROLOG ###############################################################
##    Job ID : 11508631
##  Job Name : verifying_2np4_works
##  Nodelist : node1140
##      CPUs : 1
##  Mem/Node : 1024 MB
## Directory : /gpfs/data/nfawzi/skale/Fawzi_pycharm_project
##   Started : Sun Mar 29 21:21:24 EDT 2020
###############################################################################
program started at:2020-03-29 21:21:24.390335
iterations: 100000000 temp: 1000000.0 exponent: 0.9 eif: 300.0
time taken (sec): 9031.59599518776
number of iterations: 100000000
final temperature: 159.26791088519815
og index list: [46, 44, 35, 75, 34, 6, 8, 5, 69, 78, 72, 38, 17, 76, 19, 42, 45, 31, 52, 65, 13, 26, 47, 56, 7, 11, 77, 79, 22, 2, 10, 4, 55, 61, 53, 16, 48, 71, 18, 40, 73, 74, 24, 30, 29, 3, 39, 60, 50, 43, 21, 64, 33, 20, 37, 54, 41, 66, 36, 57, 63, 68, 27, 9, 25, 28, 32, 12, 15, 0, 49, 59, 1, 67, 14, 70, 23, 58, 51, 62]
og index list energy: 139993197.10573918
index list: [0, 1, 2, 3, 4, 5, 6, 7, 8, 9, 10, 11, 12, 13, 77, 14, 15, 16, 49, 17, 18, 19, 20, 21, 22, 23, 24, 25, 26, 27, 28, 29, 30, 31, 32, 76, 33, 34, 35, 36, 37, 38, 39, 40, 41, 71, 78, 43, 44, 45, 46, 47, 48, 75, 50, 51, 52, 53, 54, 55, 56, 57, 58, 74, 59, 60, 61, 62, 63, 64, 65, 66, 67, 68, 69, 70, 79, 42, 72, 73]
index list energy: 160416.50127390915
Done


iterations: 100000000 temp: 1000000.0 exponent: 0.9 eif: 300.0
time taken (sec): 9012.842329025269
number of iterations: 100000000
final temperature: 159.26791088519815
og index list: [17, 74, 52, 62, 71, 27, 61, 56, 3, 10, 5, 64, 42, 63, 11, 37, 22, 25, 79, 67, 36, 51, 77, 14, 1, 54, 0, 9, 49, 2, 23, 16, 46, 53, 75, 24, 66, 44, 35, 55, 15, 31, 32, 7, 30, 20, 69, 4, 38, 33, 8, 47, 60, 45, 39, 41, 29, 26, 57, 78, 19, 18, 13, 70, 34, 21, 72, 73, 28, 68, 12, 58, 6, 48, 43, 59, 65, 76, 50, 40]
og index list energy: 147426653.1911821
index list: [72, 1, 2, 3, 4, 5, 6, 7, 8, 9, 10, 11, 12, 13, 75, 14, 15, 16, 79, 17, 18, 19, 20, 21, 22, 23, 24, 25, 26, 27, 28, 29, 30, 31, 32, 49, 33, 34, 35, 36, 37, 38, 39, 40, 41, 74, 42, 43, 44, 45, 46, 47, 48, 78, 50, 51, 52, 53, 54, 55, 56, 57, 58, 77, 59, 60, 61, 62, 63, 64, 65, 66, 67, 68, 69, 76, 70, 71, 0, 73]
index list energy: 152290.42158758297
Done


iterations: 100000000 temp: 1000000.0 exponent: 0.9 eif: 300.0
time taken (sec): 8887.351898431778
number of iterations: 100000000
final temperature: 159.26791088519815
og index list: [74, 62, 63, 22, 58, 38, 13, 47, 79, 65, 29, 21, 66, 10, 78, 43, 33, 60, 69, 1, 56, 70, 73, 0, 50, 67, 55, 40, 2, 7, 4, 45, 77, 6, 12, 46, 15, 42, 20, 34, 9, 8, 23, 26, 57, 53, 25, 71, 48, 41, 27, 14, 32, 76, 19, 30, 72, 51, 61, 54, 3, 52, 68, 28, 49, 5, 11, 36, 31, 24, 64, 18, 44, 17, 59, 37, 39, 35, 16, 75]
og index list energy: 166212192.3539564
index list: [72, 1, 2, 3, 4, 5, 6, 7, 8, 9, 10, 11, 12, 13, 49, 14, 15, 16, 76, 17, 18, 19, 20, 21, 22, 23, 24, 25, 26, 27, 28, 29, 30, 31, 32, 79, 33, 34, 35, 36, 37, 38, 39, 40, 41, 75, 42, 43, 44, 45, 46, 47, 48, 74, 50, 51, 52, 53, 54, 55, 56, 57, 58, 78, 59, 60, 61, 62, 63, 64, 65, 66, 67, 68, 69, 77, 70, 71, 0, 73]
index list energy: 152290.42158758297
Done


iterations: 100000000 temp: 1000000.0 exponent: 0.9 eif: 300.0
time taken (sec): 8501.948718070984
number of iterations: 100000000
final temperature: 159.26791088519815
og index list: [42, 60, 11, 63, 31, 49, 28, 58, 14, 22, 20, 50, 68, 74, 25, 62, 32, 18, 66, 73, 23, 17, 24, 1, 67, 5, 38, 57, 12, 36, 70, 33, 79, 27, 4, 13, 47, 53, 19, 72, 69, 21, 76, 37, 64, 55, 54, 40, 34, 30, 78, 6, 75, 10, 48, 9, 44, 39, 65, 46, 59, 0, 15, 51, 43, 41, 77, 7, 61, 8, 45, 26, 3, 2, 56, 16, 35, 29, 52, 71]
og index list energy: 192453238.04668987
index list: [0, 1, 2, 3, 4, 5, 6, 7, 8, 9, 10, 11, 12, 13, 74, 14, 15, 16, 77, 17, 18, 19, 20, 21, 22, 23, 24, 25, 26, 27, 28, 29, 30, 31, 32, 49, 33, 34, 35, 36, 37, 38, 39, 40, 41, 71, 76, 43, 44, 45, 46, 47, 48, 75, 50, 51, 52, 53, 54, 55, 56, 57, 58, 79, 59, 60, 61, 62, 63, 64, 65, 66, 67, 68, 69, 70, 78, 42, 72, 73]
index list energy: 160416.50127390915
Done


iterations: 100000000 temp: 1000000.0 exponent: 0.9 eif: 300.0
time taken (sec): 7646.130352258682
number of iterations: 91387412
final temperature: 269.72160559060796
og index list: [24, 3, 7, 75, 0, 60, 4, 33, 53, 39, 21, 44, 56, 63, 76, 52, 22, 43, 41, 65, 59, 68, 6, 13, 64, 35, 69, 18, 67, 23, 48, 77, 61, 15, 36, 79, 20, 46, 40, 17, 51, 14, 78, 58, 72, 25, 30, 71, 16, 1, 49, 57, 11, 74, 38, 37, 32, 45, 5, 31, 10, 12, 47, 19, 26, 62, 2, 28, 70, 8, 27, 42, 73, 54, 29, 34, 9, 55, 50, 66]
og index list energy: 148251211.04366356
index list: [0, 1, 2, 3, 4, 5, 6, 7, 8, 9, 10, 11, 12, 13, 74, 14, 15, 16, 49, 17, 18, 19, 20, 21, 22, 23, 24, 25, 26, 27, 28, 29, 30, 31, 32, 77, 33, 34, 35, 36, 37, 38, 39, 40, 41, 79, 42, 43, 44, 45, 46, 47, 48, 76, 50, 51, 52, 53, 54, 55, 56, 57, 58, 78, 59, 60, 61, 62, 63, 64, 65, 66, 67, 68, 69, 70, 71, 75, 72, 73]
index list energy: 152293.52169419697
Done


program ended at: 2020-03-30 09:19:24.392750 
 time delta: 11:58:00.002415
