## SLURM PROLOG ###############################################################
##    Job ID : 11508623
##  Job Name : verifying_2np4_works
##  Nodelist : node1137
##      CPUs : 1
##  Mem/Node : 1024 MB
## Directory : /gpfs/data/nfawzi/skale/Fawzi_pycharm_project
##   Started : Sun Mar 29 21:21:22 EDT 2020
###############################################################################
program started at:2020-03-29 21:21:22.469739
iterations: 100000000 temp: 1000000.0 exponent: 0.9 eif: 300.0
time taken (sec): 8783.334857225418
number of iterations: 100000000
final temperature: 159.26791088519815
og index list: [52, 79, 43, 3, 78, 70, 11, 14, 35, 17, 42, 21, 1, 30, 46, 55, 28, 54, 13, 65, 56, 77, 58, 24, 50, 15, 8, 10, 47, 36, 71, 67, 59, 23, 44, 19, 33, 63, 26, 69, 49, 25, 53, 39, 74, 41, 16, 31, 0, 76, 6, 27, 4, 32, 2, 64, 34, 51, 73, 5, 75, 57, 12, 48, 37, 40, 61, 72, 18, 9, 45, 66, 38, 7, 22, 68, 20, 29, 60, 62]
og index list energy: 129614079.11328217
index list: [0, 1, 2, 3, 4, 5, 6, 7, 8, 9, 10, 11, 12, 13, 77, 14, 15, 16, 49, 17, 18, 19, 20, 21, 22, 23, 24, 25, 26, 27, 28, 29, 30, 31, 32, 79, 33, 34, 35, 36, 37, 38, 39, 40, 41, 76, 42, 43, 44, 45, 46, 47, 48, 75, 50, 51, 52, 53, 54, 55, 56, 57, 58, 74, 59, 60, 61, 62, 63, 64, 65, 66, 67, 68, 69, 70, 71, 78, 72, 73]
index list energy: 152293.52169419697
Done


iterations: 100000000 temp: 1000000.0 exponent: 0.9 eif: 300.0
time taken (sec): 8394.27095580101
number of iterations: 100000000
final temperature: 159.26791088519815
og index list: [66, 4, 50, 19, 34, 25, 58, 63, 59, 61, 45, 30, 2, 17, 6, 20, 11, 67, 42, 56, 41, 5, 40, 26, 49, 12, 69, 54, 31, 3, 48, 70, 1, 64, 28, 75, 44, 16, 18, 74, 52, 53, 60, 51, 55, 39, 46, 23, 9, 65, 62, 24, 68, 71, 77, 35, 29, 21, 38, 0, 10, 73, 15, 36, 78, 72, 8, 43, 47, 37, 79, 14, 76, 32, 33, 13, 22, 57, 7, 27]
og index list energy: 145941717.32223216
index list: [0, 1, 2, 3, 4, 5, 6, 7, 8, 9, 10, 11, 12, 13, 77, 14, 15, 16, 76, 17, 18, 19, 20, 21, 22, 23, 24, 25, 26, 27, 28, 29, 30, 31, 32, 74, 33, 34, 35, 36, 37, 38, 39, 40, 41, 71, 75, 43, 44, 45, 46, 47, 48, 78, 50, 51, 52, 53, 54, 55, 56, 57, 58, 49, 59, 60, 61, 62, 63, 64, 65, 66, 67, 68, 69, 70, 79, 42, 72, 73]
index list energy: 160416.50127390915
Done


iterations: 100000000 temp: 1000000.0 exponent: 0.9 eif: 300.0
time taken (sec): 8190.846970319748
number of iterations: 100000000
final temperature: 159.26791088519815
og index list: [64, 78, 6, 44, 21, 8, 49, 38, 24, 28, 70, 66, 61, 48, 57, 16, 15, 17, 46, 55, 41, 51, 45, 14, 54, 23, 1, 36, 19, 22, 29, 37, 20, 30, 32, 34, 4, 2, 3, 79, 59, 50, 7, 53, 52, 63, 27, 13, 11, 77, 68, 31, 72, 62, 58, 43, 75, 33, 60, 73, 56, 25, 47, 35, 10, 65, 42, 67, 71, 69, 9, 74, 26, 18, 40, 5, 76, 12, 39, 0]
og index list energy: 120056807.91954383
index list: [72, 1, 2, 3, 4, 5, 6, 7, 8, 9, 10, 11, 12, 13, 76, 14, 15, 75, 42, 17, 18, 19, 20, 21, 22, 23, 24, 25, 26, 27, 28, 29, 30, 31, 32, 77, 33, 34, 35, 36, 37, 38, 39, 40, 41, 71, 74, 43, 44, 45, 46, 47, 48, 49, 50, 51, 52, 53, 54, 55, 56, 57, 58, 78, 59, 60, 61, 62, 63, 64, 65, 66, 67, 68, 69, 70, 79, 16, 0, 73]
index list energy: 184532.11094572904
Done


iterations: 100000000 temp: 1000000.0 exponent: 0.9 eif: 300.0
time taken (sec): 8307.630424022675
number of iterations: 100000000
final temperature: 159.26791088519815
og index list: [49, 7, 22, 55, 65, 15, 18, 16, 30, 50, 59, 1, 5, 37, 66, 31, 9, 11, 32, 25, 2, 53, 45, 61, 39, 48, 74, 51, 44, 13, 19, 76, 67, 71, 29, 4, 64, 23, 77, 6, 12, 0, 60, 56, 57, 75, 34, 42, 46, 21, 3, 68, 43, 28, 54, 41, 52, 38, 26, 70, 14, 40, 36, 73, 20, 8, 47, 63, 72, 78, 79, 33, 24, 62, 10, 17, 58, 69, 27, 35]
og index list energy: 136436067.28534648
index list: [0, 1, 2, 3, 4, 5, 6, 7, 8, 9, 10, 11, 12, 13, 76, 14, 15, 16, 77, 17, 18, 19, 20, 21, 22, 23, 24, 25, 26, 27, 28, 29, 30, 31, 32, 78, 33, 34, 35, 36, 37, 38, 39, 40, 41, 49, 42, 43, 44, 45, 46, 47, 48, 75, 50, 51, 52, 53, 54, 55, 56, 57, 58, 79, 59, 60, 61, 62, 63, 64, 65, 66, 67, 68, 69, 70, 71, 74, 72, 73]
index list energy: 152293.52169419697
Done


iterations: 100000000 temp: 1000000.0 exponent: 0.9 eif: 300.0
time taken (sec): 7399.289706707001
number of iterations: 100000000
final temperature: 159.26791088519815
og index list: [16, 71, 74, 37, 58, 50, 44, 56, 79, 60, 22, 1, 38, 35, 18, 20, 39, 47, 4, 0, 41, 78, 53, 23, 15, 66, 51, 14, 76, 7, 68, 73, 49, 17, 33, 6, 31, 12, 61, 28, 36, 25, 19, 10, 59, 30, 46, 43, 29, 72, 64, 63, 11, 26, 32, 34, 54, 65, 75, 2, 62, 9, 5, 40, 13, 77, 21, 8, 55, 70, 27, 69, 45, 42, 67, 24, 48, 3, 52, 57]
og index list energy: 137387635.66193548
index list: [72, 1, 2, 3, 4, 5, 6, 7, 8, 9, 10, 11, 12, 13, 49, 14, 15, 16, 79, 17, 18, 19, 20, 21, 22, 23, 24, 25, 26, 27, 28, 29, 30, 31, 32, 76, 33, 34, 35, 36, 37, 38, 39, 40, 41, 78, 42, 43, 44, 45, 46, 47, 48, 77, 50, 51, 52, 53, 54, 55, 56, 57, 58, 74, 59, 60, 61, 62, 63, 64, 65, 66, 67, 68, 69, 75, 70, 71, 0, 73]
index list energy: 152290.42158758297
Done


iterations: 100000000 temp: 1000000.0 exponent: 0.9 eif: 300.0
time taken (sec): 2004.4846086502075
number of iterations: 38562090
final temperature: 11972.515182562027
og index list: [57, 16, 27, 12, 1, 71, 49, 67, 4, 19, 34, 79, 36, 53, 66, 11, 72, 58, 73, 2, 20, 25, 70, 21, 7, 0, 61, 5, 8, 41, 42, 76, 24, 13, 47, 35, 63, 44, 68, 32, 37, 33, 14, 43, 59, 69, 62, 17, 46, 45, 55, 26, 65, 38, 74, 52, 15, 40, 39, 9, 60, 54, 30, 23, 28, 3, 56, 22, 29, 78, 48, 50, 75, 64, 77, 6, 18, 10, 51, 31]
og index list energy: 162031606.59993628
index list: [0, 1, 2, 3, 4, 5, 6, 7, 8, 9, 10, 11, 12, 13, 78, 14, 15, 16, 49, 17, 18, 19, 20, 21, 22, 23, 24, 25, 26, 27, 28, 29, 30, 31, 32, 77, 33, 34, 35, 36, 37, 38, 39, 40, 41, 79, 42, 43, 44, 45, 46, 47, 48, 74, 50, 51, 52, 53, 54, 55, 56, 57, 58, 75, 59, 60, 61, 62, 63, 64, 65, 66, 67, 68, 69, 70, 71, 76, 72, 73]
index list energy: 152293.52169419697
Done


program ended at: 2020-03-30 09:19:22.459882 
 time delta: 11:57:59.990143
