## SLURM PROLOG ###############################################################
##    Job ID : 11508681
##  Job Name : verifying_2np4_works
##  Nodelist : node1120
##      CPUs : 1
##  Mem/Node : 1024 MB
## Directory : /gpfs/data/nfawzi/skale/Fawzi_pycharm_project
##   Started : Sun Mar 29 21:21:51 EDT 2020
###############################################################################
program started at:2020-03-29 21:21:51.606719
iterations: 100000000 temp: 1000000.0 exponent: 0.9 eif: 300.0
time taken (sec): 9285.168638706207
number of iterations: 100000000
final temperature: 159.26791088519815
og index list: [65, 43, 17, 26, 18, 73, 13, 30, 49, 64, 59, 20, 39, 37, 7, 76, 15, 31, 51, 79, 53, 9, 56, 5, 10, 25, 60, 36, 75, 24, 16, 0, 54, 8, 19, 14, 34, 69, 6, 40, 2, 44, 61, 77, 46, 21, 57, 41, 68, 11, 62, 38, 12, 28, 66, 74, 27, 22, 1, 23, 67, 48, 35, 78, 55, 42, 33, 52, 58, 3, 45, 50, 4, 63, 29, 47, 32, 70, 71, 72]
og index list energy: 110543151.32970959
index list: [0, 1, 2, 3, 4, 5, 6, 7, 8, 9, 10, 11, 12, 13, 49, 14, 15, 16, 75, 17, 18, 19, 20, 21, 22, 23, 24, 25, 26, 27, 28, 29, 30, 31, 32, 79, 33, 34, 35, 36, 37, 38, 39, 40, 41, 77, 42, 43, 44, 45, 46, 47, 48, 74, 50, 51, 52, 53, 54, 55, 56, 57, 58, 78, 59, 60, 61, 62, 63, 64, 65, 66, 67, 68, 69, 70, 71, 76, 72, 73]
index list energy: 152293.52169419697
Done


iterations: 100000000 temp: 1000000.0 exponent: 0.9 eif: 300.0
time taken (sec): 8721.539590835571
number of iterations: 100000000
final temperature: 159.26791088519815
og index list: [41, 70, 40, 72, 62, 51, 78, 11, 61, 74, 2, 18, 67, 45, 34, 73, 38, 20, 64, 17, 3, 60, 54, 16, 29, 42, 24, 52, 79, 33, 69, 27, 12, 36, 44, 66, 48, 57, 19, 22, 4, 76, 30, 50, 37, 7, 65, 8, 25, 53, 1, 59, 9, 5, 46, 63, 71, 23, 6, 14, 43, 13, 39, 0, 68, 55, 28, 47, 15, 49, 10, 58, 75, 56, 32, 31, 21, 26, 77, 35]
og index list energy: 145873662.80146813
index list: [72, 1, 2, 3, 4, 5, 6, 7, 8, 9, 10, 11, 12, 13, 79, 14, 15, 16, 77, 17, 18, 19, 20, 21, 22, 23, 24, 25, 26, 27, 28, 29, 30, 31, 32, 49, 33, 34, 35, 36, 37, 38, 39, 40, 41, 78, 42, 43, 44, 45, 46, 47, 48, 75, 50, 51, 52, 53, 54, 55, 56, 57, 58, 74, 59, 60, 61, 62, 63, 64, 65, 66, 67, 68, 69, 76, 70, 71, 0, 73]
index list energy: 152290.42158758297
Done


iterations: 100000000 temp: 1000000.0 exponent: 0.9 eif: 300.0
time taken (sec): 8570.91413140297
number of iterations: 100000000
final temperature: 159.26791088519815
og index list: [58, 37, 52, 36, 67, 38, 74, 2, 60, 30, 31, 22, 16, 66, 19, 25, 27, 5, 72, 48, 57, 77, 14, 32, 45, 62, 44, 15, 53, 35, 79, 13, 29, 33, 7, 46, 76, 69, 70, 1, 20, 56, 42, 12, 9, 75, 64, 41, 4, 10, 40, 61, 3, 50, 28, 34, 51, 71, 73, 54, 49, 21, 6, 18, 68, 11, 17, 55, 63, 26, 39, 23, 43, 59, 8, 78, 0, 65, 24, 47]
og index list energy: 159320452.4734016
index list: [72, 1, 2, 3, 4, 5, 6, 7, 8, 9, 10, 11, 12, 13, 78, 14, 15, 16, 79, 17, 18, 19, 20, 21, 22, 23, 24, 25, 26, 27, 28, 29, 30, 31, 32, 77, 33, 34, 35, 36, 37, 38, 39, 40, 41, 76, 42, 43, 44, 45, 46, 47, 48, 49, 50, 51, 52, 53, 54, 55, 56, 57, 58, 74, 59, 60, 61, 62, 63, 64, 65, 66, 67, 68, 69, 75, 70, 71, 0, 73]
index list energy: 151991.621587583
Done


iterations: 100000000 temp: 1000000.0 exponent: 0.9 eif: 300.0
time taken (sec): 8224.98461675644
number of iterations: 100000000
final temperature: 159.26791088519815
og index list: [33, 61, 35, 52, 53, 78, 27, 37, 22, 59, 65, 38, 67, 64, 3, 62, 9, 40, 69, 74, 31, 43, 46, 29, 39, 4, 50, 36, 60, 21, 23, 19, 1, 12, 5, 58, 45, 0, 24, 30, 79, 56, 34, 2, 76, 47, 17, 7, 11, 70, 8, 66, 49, 54, 6, 16, 26, 77, 15, 10, 55, 73, 48, 63, 41, 18, 32, 14, 25, 13, 75, 68, 20, 51, 71, 42, 72, 44, 28, 57]
og index list energy: 175656481.38783646
index list: [72, 1, 2, 3, 4, 5, 6, 7, 8, 9, 10, 11, 12, 13, 75, 14, 15, 16, 79, 17, 18, 19, 20, 21, 22, 23, 24, 25, 26, 27, 28, 29, 30, 31, 32, 76, 33, 34, 35, 36, 37, 38, 39, 40, 41, 78, 42, 43, 44, 45, 46, 47, 48, 49, 50, 51, 52, 53, 54, 55, 56, 57, 58, 77, 59, 60, 61, 62, 63, 64, 65, 66, 67, 68, 69, 74, 70, 71, 0, 73]
index list energy: 151991.621587583
Done


iterations: 100000000 temp: 1000000.0 exponent: 0.9 eif: 300.0
time taken (sec): 8277.264843463898
number of iterations: 94787263
final temperature: 218.47450052839247
og index list: [37, 77, 43, 32, 29, 27, 59, 47, 7, 1, 72, 63, 13, 25, 55, 5, 19, 22, 52, 64, 12, 16, 41, 18, 10, 70, 33, 60, 71, 65, 45, 74, 0, 20, 36, 40, 24, 48, 8, 35, 34, 6, 76, 23, 69, 14, 38, 17, 28, 57, 66, 78, 49, 62, 42, 53, 79, 11, 51, 9, 61, 31, 50, 39, 46, 56, 68, 15, 30, 67, 73, 44, 26, 2, 21, 58, 54, 4, 3, 75]
og index list energy: 107595552.87308781
index list: [0, 1, 2, 3, 4, 5, 6, 7, 8, 9, 10, 11, 12, 13, 74, 14, 15, 16, 76, 17, 18, 19, 20, 21, 22, 23, 24, 25, 26, 27, 28, 29, 30, 31, 32, 49, 33, 34, 35, 36, 37, 38, 39, 40, 41, 71, 79, 43, 44, 45, 46, 47, 48, 78, 50, 51, 52, 53, 54, 55, 56, 57, 58, 77, 59, 60, 61, 62, 63, 64, 65, 66, 67, 68, 69, 70, 75, 42, 72, 73]
index list energy: 160416.50127390915
Done


program ended at: 2020-03-30 09:19:51.599542 
 time delta: 11:57:59.992823
