## SLURM PROLOG ###############################################################
##    Job ID : 11508589
##  Job Name : verifying_2np4_works
##  Nodelist : node1109
##      CPUs : 1
##  Mem/Node : 1024 MB
## Directory : /gpfs/data/nfawzi/skale/Fawzi_pycharm_project
##   Started : Sun Mar 29 21:21:57 EDT 2020
###############################################################################
program started at:2020-03-29 21:21:58.362809
iterations: 100000000 temp: 1000000.0 exponent: 0.9 eif: 300.0
time taken (sec): 8141.928224802017
number of iterations: 100000000
final temperature: 159.26791088519815
og index list: [7, 43, 27, 44, 30, 18, 79, 54, 75, 35, 49, 17, 34, 78, 15, 50, 63, 5, 19, 24, 28, 72, 62, 37, 69, 73, 52, 21, 57, 42, 23, 53, 10, 77, 70, 45, 20, 9, 61, 2, 76, 58, 14, 31, 40, 47, 66, 25, 22, 36, 65, 39, 1, 64, 13, 6, 4, 32, 8, 48, 68, 38, 60, 55, 3, 51, 16, 56, 29, 33, 74, 11, 0, 71, 59, 26, 46, 41, 67, 12]
og index list energy: 184815915.4530436
index list: [72, 1, 2, 3, 4, 5, 6, 7, 8, 9, 10, 11, 12, 13, 75, 14, 15, 16, 49, 17, 18, 19, 20, 21, 22, 23, 24, 25, 26, 27, 28, 29, 30, 31, 32, 74, 33, 34, 35, 36, 37, 38, 39, 40, 41, 77, 42, 43, 44, 45, 46, 47, 48, 78, 50, 51, 52, 53, 54, 55, 56, 57, 58, 76, 59, 60, 61, 62, 63, 64, 65, 66, 67, 68, 69, 79, 70, 71, 0, 73]
index list energy: 152290.42158758297
Done


iterations: 100000000 temp: 1000000.0 exponent: 0.9 eif: 300.0
time taken (sec): 8217.359828948975
number of iterations: 100000000
final temperature: 159.26791088519815
og index list: [54, 0, 65, 43, 8, 74, 47, 22, 40, 27, 9, 55, 67, 51, 68, 69, 76, 25, 14, 24, 30, 61, 31, 19, 16, 35, 57, 44, 46, 48, 20, 66, 26, 49, 18, 5, 38, 36, 10, 2, 39, 62, 15, 53, 21, 33, 17, 32, 75, 50, 13, 1, 58, 78, 63, 42, 77, 64, 11, 37, 23, 56, 45, 52, 60, 4, 71, 28, 3, 12, 73, 72, 29, 70, 79, 41, 59, 34, 7, 6]
og index list energy: 160360591.01087844
index list: [0, 1, 2, 3, 4, 5, 6, 7, 8, 9, 10, 11, 12, 13, 76, 14, 15, 16, 49, 17, 18, 19, 20, 21, 22, 23, 24, 25, 26, 27, 28, 29, 30, 31, 32, 77, 33, 34, 35, 36, 37, 38, 39, 40, 41, 71, 75, 43, 44, 45, 46, 47, 48, 79, 50, 51, 52, 53, 54, 55, 56, 57, 58, 74, 59, 60, 61, 62, 63, 64, 65, 66, 67, 68, 69, 70, 78, 42, 72, 73]
index list energy: 160416.50127390915
Done


iterations: 100000000 temp: 1000000.0 exponent: 0.9 eif: 300.0
time taken (sec): 8304.37770485878
number of iterations: 100000000
final temperature: 159.26791088519815
og index list: [34, 17, 23, 18, 50, 40, 28, 54, 27, 72, 73, 41, 68, 22, 26, 13, 21, 67, 53, 45, 39, 63, 70, 20, 0, 5, 66, 11, 12, 48, 60, 9, 64, 65, 43, 49, 51, 61, 19, 32, 59, 47, 8, 79, 44, 10, 58, 36, 62, 76, 30, 55, 38, 56, 46, 42, 31, 35, 24, 77, 3, 1, 2, 6, 57, 37, 74, 25, 52, 7, 71, 78, 4, 75, 14, 15, 69, 29, 16, 33]
og index list energy: 118895070.01982671
index list: [0, 1, 2, 3, 4, 5, 6, 7, 8, 9, 10, 11, 12, 13, 78, 14, 15, 16, 76, 17, 18, 19, 20, 21, 22, 23, 24, 25, 26, 27, 28, 29, 30, 31, 32, 77, 33, 34, 35, 36, 37, 38, 39, 40, 41, 79, 42, 43, 44, 45, 46, 47, 48, 49, 50, 51, 52, 53, 54, 55, 56, 57, 58, 74, 59, 60, 61, 62, 63, 64, 65, 66, 67, 68, 69, 70, 71, 75, 72, 73]
index list energy: 151994.72169419698
Done


iterations: 100000000 temp: 1000000.0 exponent: 0.9 eif: 300.0
time taken (sec): 8266.340147256851
number of iterations: 100000000
final temperature: 159.26791088519815
og index list: [41, 44, 29, 74, 27, 34, 7, 38, 49, 32, 66, 61, 71, 62, 51, 6, 14, 4, 5, 73, 70, 58, 52, 76, 47, 8, 43, 17, 68, 56, 67, 55, 78, 12, 20, 26, 24, 48, 2, 3, 57, 65, 60, 18, 21, 0, 75, 22, 1, 69, 72, 59, 28, 53, 77, 13, 16, 10, 63, 9, 33, 19, 45, 31, 40, 79, 54, 64, 23, 37, 50, 25, 35, 42, 30, 39, 46, 15, 11, 36]
og index list energy: 139491176.55305454
index list: [0, 1, 2, 3, 4, 5, 6, 7, 8, 9, 10, 11, 12, 13, 78, 14, 15, 16, 49, 17, 18, 19, 20, 21, 22, 23, 24, 25, 26, 27, 28, 29, 30, 31, 32, 74, 33, 34, 35, 36, 37, 38, 39, 40, 41, 76, 42, 43, 44, 45, 46, 47, 48, 77, 50, 51, 52, 53, 54, 55, 56, 57, 58, 79, 59, 60, 61, 62, 63, 64, 65, 66, 67, 68, 69, 70, 71, 75, 72, 73]
index list energy: 152293.52169419697
Done


iterations: 100000000 temp: 1000000.0 exponent: 0.9 eif: 300.0
time taken (sec): 7947.477462530136
number of iterations: 100000000
final temperature: 159.26791088519815
og index list: [55, 4, 22, 59, 29, 16, 79, 21, 10, 48, 68, 47, 61, 73, 46, 45, 34, 9, 3, 65, 37, 71, 41, 38, 11, 39, 15, 70, 1, 24, 77, 75, 60, 8, 63, 25, 5, 72, 35, 19, 2, 57, 42, 30, 53, 52, 28, 62, 78, 31, 18, 27, 12, 23, 64, 0, 44, 74, 67, 6, 76, 32, 40, 50, 49, 20, 33, 43, 66, 13, 7, 26, 17, 54, 14, 69, 58, 51, 56, 36]
og index list energy: 194531133.8703154
index list: [72, 1, 2, 3, 4, 5, 6, 7, 8, 9, 10, 11, 12, 13, 79, 14, 15, 16, 77, 17, 18, 19, 20, 21, 22, 23, 24, 25, 26, 27, 28, 29, 30, 31, 32, 49, 33, 34, 35, 36, 37, 38, 39, 40, 41, 74, 42, 43, 44, 45, 46, 47, 48, 75, 50, 51, 52, 53, 54, 55, 56, 57, 58, 78, 59, 60, 61, 62, 63, 64, 65, 66, 67, 68, 69, 76, 70, 71, 0, 73]
index list energy: 152290.42158758297
Done


iterations: 100000000 temp: 1000000.0 exponent: 0.9 eif: 300.0
time taken (sec): 2202.3813104629517
number of iterations: 38731503
final temperature: 11972.515182562027
og index list: [30, 40, 33, 17, 63, 26, 38, 71, 54, 52, 45, 19, 4, 59, 70, 61, 62, 25, 65, 41, 36, 8, 11, 9, 58, 16, 20, 6, 5, 0, 14, 28, 37, 51, 32, 27, 50, 35, 1, 69, 53, 12, 78, 18, 79, 46, 3, 42, 2, 49, 43, 68, 31, 74, 23, 24, 44, 72, 48, 21, 77, 60, 67, 13, 10, 34, 66, 39, 47, 15, 75, 56, 57, 29, 22, 64, 76, 55, 73, 7]
og index list energy: 112522065.68467383
index list: [0, 1, 2, 3, 4, 5, 6, 7, 8, 9, 10, 11, 12, 13, 49, 14, 15, 16, 74, 17, 18, 19, 20, 21, 22, 23, 24, 25, 26, 27, 28, 29, 30, 31, 32, 75, 33, 34, 35, 36, 37, 38, 39, 40, 41, 76, 42, 43, 44, 45, 46, 47, 48, 55, 50, 51, 52, 53, 54, 79, 56, 57, 58, 78, 59, 60, 61, 62, 63, 64, 65, 66, 67, 68, 69, 70, 71, 77, 72, 73]
index list energy: 199334.71832556537
Done


program ended at: 2020-03-30 09:19:58.353916 
 time delta: 11:57:59.991107
