## SLURM PROLOG ###############################################################
##    Job ID : 11508682
##  Job Name : verifying_2np4_works
##  Nodelist : node1120
##      CPUs : 1
##  Mem/Node : 1024 MB
## Directory : /gpfs/data/nfawzi/skale/Fawzi_pycharm_project
##   Started : Sun Mar 29 21:21:51 EDT 2020
###############################################################################
program started at:2020-03-29 21:21:51.871912
iterations: 100000000 temp: 1000000.0 exponent: 0.9 eif: 300.0
time taken (sec): 8753.891690731049
number of iterations: 100000000
final temperature: 159.26791088519815
og index list: [18, 57, 78, 42, 61, 50, 23, 66, 54, 69, 26, 41, 76, 27, 68, 64, 47, 20, 24, 63, 29, 74, 60, 34, 37, 40, 7, 4, 1, 70, 6, 59, 62, 38, 35, 65, 77, 0, 14, 10, 49, 67, 12, 31, 52, 71, 44, 11, 16, 48, 75, 15, 51, 8, 36, 53, 25, 17, 72, 19, 46, 9, 45, 13, 56, 5, 21, 55, 79, 73, 43, 2, 58, 39, 33, 30, 3, 22, 32, 28]
og index list energy: 136105087.17850757
index list: [72, 1, 2, 3, 4, 5, 6, 7, 8, 9, 10, 11, 12, 13, 79, 14, 15, 16, 49, 17, 18, 19, 20, 21, 22, 23, 24, 25, 26, 27, 28, 29, 30, 31, 32, 77, 33, 34, 35, 36, 37, 38, 39, 40, 41, 74, 42, 43, 44, 45, 46, 47, 48, 75, 50, 51, 52, 53, 54, 55, 56, 57, 58, 76, 59, 60, 61, 62, 63, 64, 65, 66, 67, 68, 69, 78, 70, 71, 0, 73]
index list energy: 152290.42158758297
Done


iterations: 100000000 temp: 1000000.0 exponent: 0.9 eif: 300.0
time taken (sec): 8411.240077495575
number of iterations: 100000000
final temperature: 159.26791088519815
og index list: [23, 14, 31, 9, 10, 19, 73, 67, 11, 66, 3, 47, 13, 38, 72, 74, 59, 55, 71, 32, 20, 36, 17, 75, 24, 70, 44, 76, 43, 15, 77, 62, 49, 35, 21, 6, 18, 41, 27, 0, 63, 30, 33, 61, 5, 7, 48, 46, 50, 2, 4, 69, 26, 28, 40, 60, 57, 79, 51, 78, 65, 34, 22, 52, 29, 1, 68, 45, 8, 37, 53, 25, 56, 58, 42, 64, 12, 54, 39, 16]
og index list energy: 126286707.79955772
index list: [0, 1, 2, 3, 4, 5, 6, 7, 8, 9, 10, 11, 12, 13, 49, 14, 15, 16, 74, 17, 18, 19, 20, 21, 22, 23, 24, 25, 26, 27, 28, 29, 30, 31, 32, 75, 33, 34, 35, 36, 37, 38, 39, 40, 41, 71, 76, 43, 44, 45, 46, 47, 48, 77, 50, 51, 52, 53, 54, 55, 56, 57, 58, 79, 59, 60, 61, 62, 63, 64, 65, 66, 67, 68, 69, 72, 73, 78, 42, 70]
index list energy: 175510.19904523817
Done


iterations: 100000000 temp: 1000000.0 exponent: 0.9 eif: 300.0
time taken (sec): 8354.528222560883
number of iterations: 100000000
final temperature: 159.26791088519815
og index list: [42, 4, 41, 77, 71, 50, 78, 24, 44, 11, 10, 1, 49, 63, 67, 73, 53, 43, 65, 48, 2, 55, 58, 18, 76, 45, 40, 20, 27, 64, 62, 16, 37, 14, 7, 61, 30, 33, 25, 66, 9, 47, 69, 17, 13, 26, 28, 51, 46, 39, 8, 22, 35, 52, 54, 21, 29, 12, 38, 31, 59, 74, 0, 68, 19, 3, 75, 36, 23, 70, 34, 6, 56, 57, 60, 32, 5, 79, 15, 72]
og index list energy: 197119939.0614907
index list: [72, 1, 2, 3, 4, 5, 6, 7, 8, 9, 10, 11, 12, 13, 74, 14, 15, 16, 79, 17, 18, 19, 20, 21, 22, 23, 24, 25, 26, 27, 28, 29, 30, 31, 32, 49, 33, 34, 35, 36, 37, 38, 39, 40, 41, 75, 42, 43, 44, 45, 46, 47, 48, 78, 50, 51, 52, 53, 54, 55, 56, 57, 58, 77, 59, 60, 61, 62, 63, 64, 65, 66, 67, 68, 69, 76, 70, 71, 0, 73]
index list energy: 152290.42158758297
Done


iterations: 100000000 temp: 1000000.0 exponent: 0.9 eif: 300.0
time taken (sec): 7919.517963647842
number of iterations: 100000000
final temperature: 159.26791088519815
og index list: [26, 19, 18, 10, 61, 8, 38, 50, 72, 76, 42, 52, 59, 37, 7, 63, 77, 5, 35, 45, 21, 28, 24, 31, 44, 64, 20, 69, 39, 16, 60, 75, 58, 25, 68, 46, 3, 40, 62, 1, 14, 78, 43, 70, 66, 71, 74, 0, 53, 15, 34, 9, 33, 6, 17, 32, 27, 29, 49, 30, 48, 79, 41, 73, 55, 51, 4, 67, 56, 12, 65, 2, 22, 23, 47, 13, 54, 36, 11, 57]
og index list energy: 115158588.03687967
index list: [72, 1, 2, 3, 4, 5, 6, 7, 8, 9, 10, 11, 12, 13, 78, 14, 15, 16, 74, 17, 18, 19, 20, 21, 22, 23, 24, 25, 26, 27, 28, 29, 30, 31, 32, 76, 33, 34, 35, 36, 37, 38, 39, 40, 41, 77, 42, 43, 44, 45, 46, 47, 48, 49, 50, 51, 52, 53, 54, 55, 56, 57, 58, 75, 59, 60, 61, 62, 63, 64, 65, 66, 67, 68, 69, 79, 70, 71, 0, 73]
index list energy: 151991.621587583
Done


iterations: 100000000 temp: 1000000.0 exponent: 0.9 eif: 300.0
time taken (sec): 8368.372600793839
number of iterations: 100000000
final temperature: 159.26791088519815
og index list: [23, 27, 68, 5, 16, 49, 72, 1, 19, 70, 47, 2, 30, 69, 65, 37, 52, 58, 6, 14, 78, 13, 56, 44, 55, 32, 51, 24, 40, 38, 43, 62, 71, 20, 36, 42, 77, 53, 35, 75, 54, 61, 17, 45, 57, 50, 60, 4, 41, 9, 31, 79, 11, 28, 64, 10, 73, 59, 21, 48, 67, 3, 34, 26, 46, 22, 7, 0, 76, 33, 18, 66, 25, 63, 12, 74, 15, 29, 8, 39]
og index list energy: 152382355.3236375
index list: [72, 1, 2, 3, 4, 5, 6, 7, 8, 9, 10, 11, 12, 13, 78, 14, 15, 16, 79, 17, 18, 19, 20, 21, 22, 23, 24, 25, 26, 27, 28, 29, 30, 31, 32, 49, 33, 34, 35, 36, 37, 38, 39, 40, 41, 75, 42, 43, 44, 45, 46, 47, 48, 74, 50, 51, 52, 53, 54, 55, 56, 57, 58, 77, 59, 60, 61, 62, 63, 64, 65, 66, 67, 68, 69, 76, 70, 71, 0, 73]
index list energy: 152290.42158758297
Done


iterations: 100000000 temp: 1000000.0 exponent: 0.9 eif: 300.0
time taken (sec): 1272.3150985240936
number of iterations: 26319880
final temperature: 42391.15827521622
og index list: [79, 0, 34, 6, 18, 15, 21, 55, 16, 78, 11, 73, 23, 54, 52, 56, 2, 49, 53, 22, 25, 42, 77, 60, 59, 12, 37, 76, 50, 41, 75, 10, 36, 1, 47, 62, 35, 24, 46, 72, 68, 20, 67, 26, 27, 8, 66, 70, 32, 31, 48, 39, 17, 51, 28, 43, 29, 5, 69, 38, 33, 30, 63, 64, 14, 4, 61, 57, 9, 45, 19, 3, 44, 65, 13, 40, 71, 7, 58, 74]
og index list energy: 111954143.36942971
index list: [70, 21, 77, 45, 49, 71, 4, 74, 67, 15, 3, 50, 11, 0, 41, 75, 39, 20, 78, 42, 14, 57, 47, 48, 22, 23, 24, 25, 26, 27, 28, 29, 30, 31, 32, 66, 33, 34, 35, 36, 37, 38, 73, 40, 6, 7, 8, 1, 2, 46, 58, 76, 44, 79, 43, 9, 52, 53, 54, 55, 56, 12, 10, 69, 59, 60, 61, 62, 63, 64, 65, 13, 51, 5, 72, 16, 68, 17, 18, 19]
index list energy: 2192181.4080243004
Done


program ended at: 2020-03-30 09:19:51.861949 
 time delta: 11:57:59.990037
