## SLURM PROLOG ###############################################################
##    Job ID : 11508606
##  Job Name : verifying_2np4_works
##  Nodelist : node1324
##      CPUs : 1
##  Mem/Node : 1024 MB
## Directory : /gpfs/data/nfawzi/skale/Fawzi_pycharm_project
##   Started : Sun Mar 29 21:21:23 EDT 2020
###############################################################################
program started at:2020-03-29 21:21:23.434753
iterations: 100000000 temp: 1000000.0 exponent: 0.9 eif: 300.0
time taken (sec): 8961.424051523209
number of iterations: 100000000
final temperature: 159.26791088519815
og index list: [29, 56, 35, 39, 32, 55, 57, 53, 34, 23, 38, 25, 41, 73, 28, 64, 78, 20, 11, 58, 66, 22, 27, 40, 71, 26, 5, 42, 9, 47, 37, 1, 36, 3, 30, 8, 10, 48, 65, 24, 14, 50, 63, 13, 6, 46, 69, 16, 62, 51, 77, 70, 0, 79, 52, 17, 44, 2, 31, 4, 75, 61, 19, 76, 67, 68, 45, 74, 43, 21, 54, 33, 12, 7, 18, 59, 72, 15, 60, 49]
og index list energy: 156802345.10124508
index list: [0, 1, 2, 3, 4, 5, 6, 7, 8, 9, 10, 11, 12, 13, 74, 14, 15, 16, 49, 17, 18, 19, 20, 21, 22, 23, 24, 25, 26, 27, 28, 29, 30, 31, 32, 79, 33, 34, 35, 36, 37, 38, 39, 40, 41, 77, 42, 43, 44, 45, 46, 47, 48, 76, 50, 51, 52, 53, 54, 55, 56, 57, 58, 78, 59, 60, 61, 62, 63, 64, 65, 66, 67, 68, 69, 70, 71, 75, 72, 73]
index list energy: 152293.52169419697
Done


iterations: 100000000 temp: 1000000.0 exponent: 0.9 eif: 300.0
time taken (sec): 8589.010759830475
number of iterations: 100000000
final temperature: 159.26791088519815
og index list: [21, 27, 11, 14, 31, 71, 12, 75, 78, 38, 17, 25, 60, 8, 64, 22, 43, 59, 5, 62, 56, 70, 1, 73, 68, 41, 29, 0, 45, 10, 58, 18, 48, 76, 4, 67, 50, 34, 46, 15, 33, 7, 79, 19, 30, 9, 24, 28, 35, 54, 65, 16, 66, 52, 61, 2, 72, 40, 74, 37, 63, 13, 36, 3, 53, 77, 47, 57, 26, 51, 39, 44, 69, 20, 6, 55, 32, 42, 23, 49]
og index list energy: 176519130.1398229
index list: [0, 1, 2, 3, 4, 5, 6, 7, 8, 9, 10, 11, 12, 13, 78, 14, 15, 16, 75, 17, 18, 19, 20, 21, 22, 23, 24, 25, 26, 27, 28, 29, 30, 31, 32, 77, 33, 34, 35, 36, 37, 38, 39, 40, 41, 71, 79, 43, 44, 45, 46, 47, 48, 49, 50, 51, 52, 53, 54, 55, 56, 57, 58, 74, 59, 60, 61, 62, 63, 64, 65, 66, 67, 68, 69, 72, 73, 76, 42, 70]
index list energy: 175211.3990452382
Done


iterations: 100000000 temp: 1000000.0 exponent: 0.9 eif: 300.0
time taken (sec): 8752.972681999207
number of iterations: 100000000
final temperature: 159.26791088519815
og index list: [28, 6, 57, 79, 12, 11, 27, 2, 52, 23, 75, 37, 78, 13, 17, 73, 43, 14, 60, 39, 22, 54, 9, 25, 24, 38, 62, 77, 59, 19, 34, 8, 16, 3, 58, 67, 74, 36, 70, 50, 64, 56, 35, 51, 44, 42, 18, 63, 49, 66, 33, 31, 68, 20, 15, 7, 4, 1, 46, 72, 5, 53, 45, 10, 69, 30, 48, 40, 29, 0, 55, 76, 47, 21, 41, 32, 61, 71, 26, 65]
og index list energy: 175243394.26491645
index list: [0, 1, 2, 3, 4, 5, 6, 7, 8, 9, 10, 11, 12, 13, 74, 14, 15, 16, 76, 17, 18, 19, 20, 21, 22, 23, 24, 25, 26, 27, 28, 29, 30, 31, 32, 78, 33, 34, 35, 36, 37, 38, 39, 40, 41, 49, 42, 43, 44, 45, 46, 47, 48, 75, 50, 51, 52, 53, 54, 55, 56, 57, 58, 77, 59, 60, 61, 62, 63, 64, 65, 66, 67, 68, 69, 70, 71, 79, 72, 73]
index list energy: 152293.52169419697
Done


iterations: 100000000 temp: 1000000.0 exponent: 0.9 eif: 300.0
time taken (sec): 8411.287618160248
number of iterations: 100000000
final temperature: 159.26791088519815
og index list: [38, 3, 58, 64, 67, 9, 52, 2, 6, 4, 79, 36, 45, 43, 23, 33, 76, 39, 7, 50, 53, 74, 11, 73, 16, 37, 24, 32, 66, 78, 42, 55, 26, 75, 59, 30, 25, 35, 46, 51, 27, 13, 12, 34, 8, 29, 0, 47, 48, 56, 17, 41, 20, 70, 19, 77, 28, 71, 60, 61, 1, 14, 21, 10, 68, 72, 49, 63, 22, 57, 62, 44, 65, 40, 31, 5, 15, 69, 18, 54]
og index list energy: 133492974.48677656
index list: [72, 1, 2, 3, 4, 5, 6, 7, 8, 9, 10, 11, 12, 13, 76, 14, 15, 16, 74, 17, 18, 19, 20, 21, 22, 23, 24, 25, 26, 27, 28, 29, 30, 31, 32, 49, 33, 34, 35, 36, 37, 38, 39, 40, 41, 78, 42, 43, 44, 45, 46, 47, 48, 75, 50, 51, 52, 53, 54, 55, 56, 57, 58, 77, 59, 60, 61, 62, 63, 64, 65, 66, 67, 68, 69, 79, 70, 71, 0, 73]
index list energy: 152290.42158758297
Done


iterations: 100000000 temp: 1000000.0 exponent: 0.9 eif: 300.0
time taken (sec): 8365.165739536285
number of iterations: 99713677
final temperature: 159.26791088519815
og index list: [20, 78, 57, 71, 73, 14, 21, 56, 58, 67, 54, 12, 19, 69, 52, 17, 44, 11, 48, 70, 32, 38, 72, 41, 15, 46, 45, 30, 25, 51, 64, 8, 16, 43, 55, 7, 9, 76, 66, 37, 59, 1, 60, 40, 26, 23, 3, 33, 35, 61, 31, 10, 47, 29, 77, 2, 27, 65, 63, 42, 34, 24, 18, 49, 28, 68, 13, 50, 53, 79, 5, 36, 75, 74, 0, 22, 62, 39, 4, 6]
og index list energy: 147653493.84440035
index list: [72, 1, 2, 3, 4, 5, 6, 7, 8, 9, 10, 11, 12, 13, 74, 14, 15, 16, 75, 17, 18, 19, 20, 21, 22, 23, 24, 25, 26, 27, 28, 29, 30, 31, 32, 76, 33, 34, 35, 36, 37, 38, 39, 40, 41, 49, 42, 43, 44, 45, 46, 47, 48, 78, 50, 51, 52, 53, 54, 55, 56, 57, 58, 79, 59, 60, 61, 62, 63, 64, 65, 66, 67, 68, 69, 77, 70, 71, 0, 73]
index list energy: 152290.42158758297
Done


program ended at: 2020-03-30 09:19:23.430818 
 time delta: 11:57:59.996065
