## SLURM PROLOG ###############################################################
##    Job ID : 11508614
##  Job Name : verifying_2np4_works
##  Nodelist : node1144
##      CPUs : 1
##  Mem/Node : 1024 MB
## Directory : /gpfs/data/nfawzi/skale/Fawzi_pycharm_project
##   Started : Sun Mar 29 21:21:57 EDT 2020
###############################################################################
program started at:2020-03-29 21:21:57.476399
iterations: 100000000 temp: 1000000.0 exponent: 0.9 eif: 300.0
time taken (sec): 7596.316987991333
number of iterations: 100000000
final temperature: 159.26791088519815
og index list: [3, 4, 6, 34, 17, 59, 76, 24, 22, 42, 49, 54, 44, 61, 11, 37, 19, 70, 75, 63, 62, 7, 43, 39, 38, 35, 73, 64, 1, 56, 18, 15, 78, 36, 14, 77, 48, 26, 21, 45, 12, 31, 66, 46, 20, 28, 68, 40, 10, 65, 47, 29, 55, 16, 5, 52, 30, 27, 53, 25, 50, 71, 0, 72, 13, 69, 79, 33, 67, 2, 41, 23, 60, 58, 8, 32, 74, 9, 57, 51]
og index list energy: 185948798.87187016
index list: [72, 1, 2, 3, 4, 5, 6, 7, 8, 9, 10, 11, 12, 13, 16, 78, 42, 70, 79, 17, 18, 19, 20, 21, 22, 23, 24, 25, 26, 27, 28, 29, 30, 31, 32, 49, 33, 34, 35, 36, 37, 38, 39, 40, 41, 71, 74, 43, 44, 45, 46, 47, 48, 77, 50, 51, 52, 53, 54, 55, 56, 57, 58, 75, 59, 60, 61, 62, 63, 64, 65, 66, 67, 68, 69, 76, 14, 15, 0, 73]
index list energy: 186452.65973732513
Done


iterations: 100000000 temp: 1000000.0 exponent: 0.9 eif: 300.0
time taken (sec): 7925.740661859512
number of iterations: 100000000
final temperature: 159.26791088519815
og index list: [23, 49, 60, 25, 52, 34, 78, 57, 17, 24, 13, 40, 33, 59, 27, 74, 12, 70, 79, 11, 58, 2, 5, 8, 51, 71, 45, 31, 37, 54, 14, 28, 29, 42, 55, 66, 19, 75, 18, 6, 65, 9, 32, 41, 67, 38, 20, 22, 21, 15, 44, 7, 77, 10, 64, 4, 30, 26, 72, 1, 56, 48, 69, 0, 43, 61, 63, 39, 35, 50, 62, 73, 3, 36, 46, 68, 76, 53, 16, 47]
og index list energy: 166737831.75353947
index list: [0, 1, 2, 3, 4, 5, 6, 7, 8, 9, 10, 11, 12, 13, 79, 14, 15, 16, 78, 17, 18, 19, 20, 21, 22, 23, 24, 25, 26, 27, 28, 29, 30, 31, 32, 75, 33, 34, 35, 36, 37, 38, 39, 40, 41, 49, 42, 43, 44, 45, 46, 47, 48, 77, 50, 51, 52, 53, 54, 55, 56, 57, 58, 76, 59, 60, 61, 62, 63, 64, 65, 66, 67, 68, 69, 70, 71, 74, 72, 73]
index list energy: 152293.52169419697
Done


iterations: 100000000 temp: 1000000.0 exponent: 0.9 eif: 300.0
time taken (sec): 7148.870737791061
number of iterations: 100000000
final temperature: 159.26791088519815
og index list: [1, 69, 39, 26, 55, 48, 56, 7, 47, 27, 19, 21, 53, 13, 46, 37, 32, 17, 20, 52, 5, 54, 33, 35, 9, 24, 23, 11, 0, 4, 62, 43, 57, 50, 22, 76, 10, 74, 72, 41, 71, 28, 49, 75, 44, 14, 25, 45, 15, 63, 58, 61, 12, 78, 59, 18, 31, 42, 79, 2, 34, 16, 65, 6, 36, 73, 30, 51, 38, 60, 77, 66, 70, 64, 3, 8, 67, 68, 29, 40]
og index list energy: 120581586.23549977
index list: [72, 1, 2, 3, 4, 5, 6, 7, 8, 9, 10, 11, 12, 13, 79, 14, 15, 16, 77, 17, 18, 19, 20, 21, 22, 23, 24, 25, 26, 27, 28, 29, 30, 31, 32, 76, 33, 34, 35, 36, 37, 38, 39, 40, 41, 75, 42, 43, 44, 45, 46, 47, 48, 74, 50, 51, 52, 53, 54, 55, 56, 57, 58, 49, 59, 60, 61, 62, 63, 64, 65, 66, 67, 68, 69, 78, 70, 71, 0, 73]
index list energy: 152290.42158758297
Done


iterations: 100000000 temp: 1000000.0 exponent: 0.9 eif: 300.0
time taken (sec): 8055.118988037109
number of iterations: 100000000
final temperature: 159.26791088519815
og index list: [9, 51, 55, 33, 45, 61, 26, 74, 78, 0, 31, 15, 39, 41, 49, 63, 68, 48, 73, 46, 56, 38, 7, 29, 17, 59, 27, 2, 60, 13, 28, 70, 21, 75, 65, 66, 14, 40, 25, 44, 76, 77, 69, 11, 4, 54, 47, 42, 79, 35, 52, 71, 23, 32, 19, 57, 53, 22, 34, 10, 20, 43, 6, 36, 37, 64, 72, 12, 67, 62, 58, 16, 3, 18, 1, 24, 8, 30, 5, 50]
og index list energy: 134484949.13827386
index list: [0, 1, 2, 3, 4, 5, 6, 7, 8, 9, 10, 11, 12, 13, 78, 14, 15, 16, 74, 17, 18, 19, 20, 21, 22, 23, 24, 25, 26, 27, 28, 29, 30, 31, 32, 76, 33, 34, 35, 36, 37, 38, 39, 40, 41, 79, 42, 43, 44, 45, 46, 47, 48, 49, 50, 51, 52, 53, 54, 55, 56, 57, 58, 75, 59, 60, 61, 62, 63, 64, 65, 66, 67, 68, 69, 70, 71, 77, 72, 73]
index list energy: 151994.72169419698
Done


iterations: 100000000 temp: 1000000.0 exponent: 0.9 eif: 300.0
time taken (sec): 8256.607820034027
number of iterations: 100000000
final temperature: 159.26791088519815
og index list: [77, 43, 8, 28, 68, 3, 15, 10, 76, 58, 45, 42, 56, 31, 79, 20, 24, 49, 67, 17, 65, 36, 12, 66, 50, 7, 55, 52, 38, 44, 70, 37, 6, 29, 1, 22, 13, 2, 25, 21, 11, 32, 63, 40, 71, 54, 51, 73, 59, 0, 48, 16, 53, 47, 30, 62, 60, 74, 69, 18, 46, 26, 72, 57, 78, 23, 41, 14, 35, 33, 64, 61, 4, 9, 34, 27, 39, 75, 5, 19]
og index list energy: 167405232.35676923
index list: [0, 1, 2, 3, 4, 5, 6, 7, 8, 9, 10, 11, 12, 13, 78, 14, 15, 16, 49, 17, 18, 19, 20, 21, 22, 23, 24, 25, 26, 27, 28, 29, 30, 31, 32, 75, 33, 34, 35, 36, 37, 38, 39, 40, 41, 77, 42, 43, 44, 45, 46, 47, 48, 79, 50, 51, 52, 53, 54, 55, 56, 57, 58, 74, 59, 60, 61, 62, 63, 64, 65, 66, 67, 68, 69, 70, 71, 76, 72, 73]
index list energy: 152293.52169419697
Done


iterations: 100000000 temp: 1000000.0 exponent: 0.9 eif: 300.0
time taken (sec): 4097.2236161231995
number of iterations: 58637838
final temperature: 2218.5312344622625
og index list: [27, 51, 28, 5, 21, 67, 32, 34, 70, 47, 44, 0, 72, 56, 37, 64, 54, 75, 48, 1, 63, 39, 40, 42, 62, 31, 53, 4, 10, 20, 45, 74, 26, 41, 78, 68, 29, 50, 8, 69, 9, 30, 58, 15, 17, 76, 2, 52, 18, 24, 43, 19, 60, 38, 33, 6, 73, 57, 55, 7, 25, 46, 22, 23, 14, 35, 12, 77, 36, 13, 66, 59, 65, 79, 61, 11, 3, 16, 49, 71]
og index list energy: 114587787.75959739
index list: [72, 1, 2, 3, 4, 5, 6, 7, 8, 9, 10, 11, 12, 13, 49, 14, 15, 16, 78, 17, 18, 19, 20, 21, 22, 23, 24, 25, 26, 27, 28, 29, 30, 31, 32, 79, 33, 34, 35, 36, 37, 38, 39, 40, 41, 76, 42, 43, 44, 45, 46, 47, 48, 74, 50, 51, 52, 53, 54, 55, 56, 57, 58, 75, 59, 60, 61, 62, 63, 64, 65, 66, 67, 68, 69, 70, 71, 77, 73, 0]
index list energy: 155911.56801534686
Done


program ended at: 2020-03-30 09:19:57.473768 
 time delta: 11:57:59.997369
