## SLURM PROLOG ###############################################################
##    Job ID : 11508665
##  Job Name : verifying_2np4_works
##  Nodelist : node1131
##      CPUs : 1
##  Mem/Node : 1024 MB
## Directory : /gpfs/data/nfawzi/skale/Fawzi_pycharm_project
##   Started : Sun Mar 29 21:21:51 EDT 2020
###############################################################################
program started at:2020-03-29 21:21:52.113583
iterations: 100000000 temp: 1000000.0 exponent: 0.9 eif: 300.0
time taken (sec): 8113.381941318512
number of iterations: 100000000
final temperature: 159.26791088519815
og index list: [40, 17, 56, 64, 8, 55, 69, 70, 43, 63, 42, 16, 20, 10, 32, 79, 52, 54, 0, 30, 38, 3, 46, 58, 24, 4, 18, 6, 37, 61, 29, 21, 2, 53, 44, 59, 65, 76, 12, 23, 11, 71, 28, 72, 51, 1, 77, 74, 5, 57, 49, 13, 66, 60, 9, 27, 39, 35, 22, 34, 41, 36, 62, 48, 68, 7, 19, 50, 47, 45, 26, 33, 31, 14, 73, 15, 75, 67, 25, 78]
og index list energy: 151876301.1005969
index list: [72, 1, 2, 3, 4, 5, 6, 7, 8, 9, 10, 11, 12, 13, 78, 14, 15, 16, 77, 17, 18, 19, 20, 21, 22, 23, 24, 25, 26, 27, 28, 29, 30, 31, 32, 49, 33, 34, 35, 36, 37, 38, 39, 40, 41, 79, 42, 43, 44, 45, 46, 47, 48, 74, 50, 51, 52, 53, 54, 55, 56, 57, 58, 76, 59, 60, 61, 62, 63, 64, 65, 66, 67, 68, 69, 75, 70, 71, 0, 73]
index list energy: 152290.42158758297
Done


iterations: 100000000 temp: 1000000.0 exponent: 0.9 eif: 300.0
time taken (sec): 8182.695706129074
number of iterations: 100000000
final temperature: 159.26791088519815
og index list: [33, 58, 25, 51, 72, 16, 29, 60, 69, 14, 70, 8, 65, 4, 6, 12, 56, 45, 30, 54, 32, 46, 21, 76, 77, 34, 55, 5, 66, 38, 31, 36, 18, 7, 2, 37, 75, 39, 0, 42, 17, 73, 62, 20, 49, 10, 28, 64, 53, 1, 57, 68, 50, 74, 9, 61, 35, 15, 48, 24, 52, 78, 27, 3, 40, 19, 26, 11, 71, 13, 59, 63, 79, 23, 67, 22, 43, 44, 47, 41]
og index list energy: 156560415.4668831
index list: [43, 1, 2, 3, 4, 5, 6, 7, 8, 9, 10, 11, 12, 79, 42, 14, 15, 16, 75, 17, 18, 19, 20, 21, 22, 23, 24, 25, 26, 27, 28, 29, 30, 31, 32, 74, 33, 34, 35, 36, 37, 38, 39, 40, 76, 13, 41, 0, 44, 45, 46, 47, 48, 77, 50, 51, 52, 53, 54, 55, 56, 57, 58, 78, 59, 60, 61, 62, 63, 64, 65, 66, 67, 68, 69, 70, 71, 49, 72, 73]
index list energy: 264419.94394079206
Done


iterations: 100000000 temp: 1000000.0 exponent: 0.9 eif: 300.0
time taken (sec): 8030.262358188629
number of iterations: 100000000
final temperature: 159.26791088519815
og index list: [2, 76, 37, 52, 54, 29, 26, 50, 15, 78, 32, 40, 20, 38, 75, 27, 0, 49, 9, 34, 47, 12, 60, 30, 43, 44, 65, 3, 69, 6, 42, 79, 11, 45, 48, 51, 66, 5, 35, 57, 16, 18, 72, 36, 70, 73, 55, 33, 24, 56, 13, 22, 7, 46, 41, 25, 58, 67, 8, 74, 14, 10, 28, 39, 71, 77, 53, 59, 21, 1, 31, 64, 4, 62, 68, 17, 19, 23, 63, 61]
og index list energy: 151294727.6867275
index list: [72, 1, 2, 3, 4, 5, 6, 7, 8, 9, 10, 11, 12, 13, 77, 14, 15, 16, 49, 17, 18, 19, 20, 21, 22, 23, 24, 25, 26, 27, 28, 29, 30, 31, 32, 75, 33, 34, 35, 36, 37, 38, 39, 40, 41, 78, 42, 43, 44, 45, 46, 47, 48, 74, 50, 51, 52, 53, 54, 55, 56, 57, 58, 79, 59, 60, 61, 62, 63, 64, 65, 66, 67, 68, 69, 76, 70, 71, 0, 73]
index list energy: 152290.42158758297
Done


iterations: 100000000 temp: 1000000.0 exponent: 0.9 eif: 300.0
time taken (sec): 8013.516887426376
number of iterations: 100000000
final temperature: 159.26791088519815
og index list: [26, 16, 74, 6, 66, 18, 77, 4, 0, 13, 52, 3, 19, 8, 12, 10, 43, 37, 36, 28, 29, 54, 42, 7, 35, 48, 62, 30, 64, 11, 40, 63, 32, 33, 67, 24, 60, 71, 78, 22, 69, 14, 47, 45, 9, 2, 38, 53, 58, 73, 68, 31, 56, 46, 39, 59, 75, 5, 21, 76, 70, 17, 15, 55, 44, 34, 65, 50, 27, 72, 23, 79, 51, 1, 61, 25, 20, 41, 49, 57]
og index list energy: 204462692.4281534
index list: [72, 1, 2, 3, 4, 5, 6, 7, 8, 9, 10, 11, 12, 13, 75, 14, 15, 16, 49, 17, 18, 19, 20, 21, 22, 23, 24, 25, 26, 27, 28, 29, 30, 31, 32, 74, 33, 34, 35, 36, 37, 38, 39, 40, 41, 77, 42, 43, 44, 45, 46, 47, 48, 78, 50, 51, 52, 53, 54, 55, 56, 57, 58, 79, 59, 60, 61, 62, 63, 64, 65, 66, 67, 68, 69, 76, 70, 71, 0, 73]
index list energy: 152290.42158758297
Done


iterations: 100000000 temp: 1000000.0 exponent: 0.9 eif: 300.0
time taken (sec): 8017.208040475845
number of iterations: 100000000
final temperature: 159.26791088519815
og index list: [61, 22, 75, 0, 24, 57, 56, 72, 8, 66, 48, 3, 25, 14, 20, 45, 49, 7, 38, 50, 63, 32, 60, 23, 34, 26, 40, 64, 53, 18, 9, 17, 46, 47, 39, 33, 41, 62, 2, 70, 54, 71, 11, 78, 27, 5, 13, 44, 42, 10, 36, 12, 31, 76, 29, 68, 74, 15, 52, 79, 16, 37, 28, 51, 1, 59, 43, 55, 6, 4, 69, 58, 19, 67, 65, 77, 73, 35, 21, 30]
og index list energy: 152248930.02140442
index list: [72, 1, 2, 3, 4, 5, 6, 7, 8, 9, 10, 11, 12, 13, 79, 14, 15, 16, 74, 17, 18, 19, 20, 21, 22, 23, 24, 25, 26, 27, 28, 29, 30, 31, 32, 78, 33, 34, 35, 36, 37, 38, 39, 40, 41, 75, 42, 43, 44, 45, 46, 47, 48, 49, 50, 51, 52, 53, 54, 55, 56, 57, 58, 77, 59, 60, 61, 62, 63, 64, 65, 66, 67, 68, 69, 76, 70, 71, 0, 73]
index list energy: 151991.621587583
Done


iterations: 100000000 temp: 1000000.0 exponent: 0.9 eif: 300.0
time taken (sec): 2722.80082821846
number of iterations: 44217748
final temperature: 7069.650490151052
og index list: [67, 10, 3, 23, 4, 34, 6, 62, 42, 18, 55, 61, 39, 73, 64, 37, 49, 7, 50, 57, 56, 13, 38, 1, 21, 63, 14, 40, 0, 9, 28, 75, 43, 54, 17, 77, 51, 76, 27, 25, 20, 26, 69, 22, 78, 45, 41, 66, 60, 15, 16, 19, 32, 58, 29, 53, 30, 47, 70, 2, 46, 36, 79, 5, 48, 31, 71, 24, 8, 33, 68, 52, 12, 65, 74, 72, 11, 44, 59, 35]
og index list energy: 121109185.1687803
index list: [72, 1, 2, 3, 4, 5, 6, 7, 8, 9, 10, 11, 12, 13, 75, 14, 15, 16, 74, 17, 18, 19, 20, 21, 22, 23, 24, 25, 26, 27, 28, 29, 30, 31, 32, 49, 33, 34, 35, 36, 37, 38, 39, 40, 41, 76, 42, 43, 44, 45, 46, 47, 48, 78, 50, 51, 52, 53, 54, 55, 56, 57, 58, 77, 59, 60, 61, 62, 63, 64, 65, 66, 67, 79, 69, 70, 71, 68, 0, 73]
index list energy: 167158.72831408313
Done


program ended at: 2020-03-30 09:19:52.106610 
 time delta: 11:57:59.993027
