## SLURM PROLOG ###############################################################
##    Job ID : 11508646
##  Job Name : verifying_2np4_works
##  Nodelist : node1143
##      CPUs : 1
##  Mem/Node : 1024 MB
## Directory : /gpfs/data/nfawzi/skale/Fawzi_pycharm_project
##   Started : Sun Mar 29 21:21:22 EDT 2020
###############################################################################
program started at:2020-03-29 21:21:23.267999
iterations: 100000000 temp: 1000000.0 exponent: 0.9 eif: 300.0
time taken (sec): 9629.449586868286
number of iterations: 100000000
final temperature: 159.26791088519815
og index list: [41, 71, 72, 33, 0, 59, 14, 29, 61, 60, 49, 48, 79, 26, 66, 45, 75, 4, 53, 46, 43, 37, 73, 78, 3, 7, 55, 31, 35, 64, 30, 5, 32, 51, 28, 2, 24, 25, 67, 12, 8, 16, 56, 68, 52, 19, 65, 6, 23, 1, 74, 13, 44, 39, 20, 63, 34, 15, 17, 11, 47, 57, 76, 36, 62, 38, 40, 18, 42, 54, 69, 10, 9, 22, 70, 50, 27, 58, 77, 21]
og index list energy: 157767145.9405704
index list: [72, 1, 2, 3, 4, 5, 6, 7, 8, 9, 10, 11, 12, 13, 76, 14, 15, 16, 77, 17, 18, 19, 20, 21, 22, 23, 24, 25, 26, 27, 28, 29, 30, 31, 32, 75, 33, 34, 35, 36, 37, 38, 39, 40, 41, 49, 42, 43, 44, 45, 46, 47, 48, 79, 50, 51, 52, 53, 54, 55, 56, 57, 58, 78, 59, 60, 61, 62, 63, 64, 65, 66, 67, 68, 69, 70, 71, 0, 74, 73]
index list energy: 154829.82947353355
Done


iterations: 100000000 temp: 1000000.0 exponent: 0.9 eif: 300.0
time taken (sec): 9210.951278924942
number of iterations: 100000000
final temperature: 159.26791088519815
og index list: [71, 39, 38, 10, 14, 58, 55, 7, 23, 24, 52, 21, 41, 69, 4, 17, 9, 32, 36, 3, 11, 19, 44, 25, 6, 26, 50, 51, 67, 8, 72, 74, 56, 73, 60, 49, 76, 68, 18, 30, 47, 27, 12, 65, 54, 31, 70, 43, 5, 78, 61, 2, 66, 59, 53, 57, 16, 0, 35, 33, 20, 79, 1, 40, 63, 28, 34, 77, 48, 46, 62, 42, 75, 29, 37, 64, 13, 45, 22, 15]
og index list energy: 112483775.24241287
index list: [72, 1, 2, 3, 4, 5, 6, 7, 8, 9, 10, 11, 12, 13, 49, 14, 15, 16, 74, 17, 18, 19, 20, 21, 22, 23, 24, 25, 26, 27, 28, 29, 30, 31, 32, 75, 33, 34, 35, 36, 37, 38, 39, 40, 41, 77, 42, 43, 44, 45, 46, 47, 48, 79, 50, 51, 52, 53, 54, 55, 56, 57, 58, 78, 59, 60, 61, 62, 63, 64, 65, 66, 67, 68, 69, 76, 70, 71, 0, 73]
index list energy: 152290.42158758297
Done


iterations: 100000000 temp: 1000000.0 exponent: 0.9 eif: 300.0
time taken (sec): 9211.24405837059
number of iterations: 100000000
final temperature: 159.26791088519815
og index list: [39, 15, 36, 12, 73, 62, 2, 20, 9, 44, 74, 68, 1, 6, 50, 59, 17, 69, 46, 64, 42, 25, 29, 66, 71, 79, 70, 7, 11, 30, 18, 38, 23, 77, 60, 35, 14, 4, 53, 28, 65, 41, 43, 78, 22, 16, 3, 37, 54, 21, 49, 31, 72, 8, 26, 63, 24, 5, 34, 61, 55, 33, 40, 0, 67, 75, 58, 47, 51, 57, 19, 56, 45, 13, 10, 52, 76, 32, 27, 48]
og index list energy: 185647829.84252524
index list: [72, 1, 2, 3, 4, 5, 6, 7, 8, 9, 10, 11, 12, 13, 74, 14, 15, 16, 79, 17, 18, 19, 20, 21, 22, 23, 24, 25, 26, 27, 28, 29, 30, 31, 32, 76, 33, 34, 35, 36, 37, 38, 39, 40, 41, 78, 42, 43, 44, 45, 46, 47, 48, 49, 50, 51, 52, 53, 54, 55, 56, 57, 58, 75, 59, 60, 61, 62, 63, 64, 65, 66, 67, 68, 69, 77, 70, 71, 0, 73]
index list energy: 151991.621587583
Done


iterations: 100000000 temp: 1000000.0 exponent: 0.9 eif: 300.0
time taken (sec): 9562.422289848328
number of iterations: 100000000
final temperature: 159.26791088519815
og index list: [16, 76, 39, 74, 7, 27, 4, 33, 60, 12, 47, 42, 66, 28, 72, 1, 65, 21, 75, 67, 29, 77, 63, 40, 48, 36, 23, 53, 26, 79, 11, 19, 78, 43, 38, 50, 5, 10, 22, 54, 17, 8, 31, 55, 41, 52, 51, 30, 44, 69, 64, 45, 56, 32, 37, 34, 2, 13, 0, 71, 59, 73, 18, 62, 46, 15, 61, 58, 9, 68, 25, 70, 20, 3, 57, 35, 14, 24, 49, 6]
og index list energy: 153459363.2942847
index list: [0, 1, 2, 3, 4, 5, 6, 7, 8, 9, 10, 11, 12, 13, 75, 14, 15, 16, 79, 17, 18, 19, 20, 21, 22, 23, 24, 25, 26, 27, 28, 29, 30, 31, 32, 78, 33, 34, 35, 36, 37, 38, 39, 40, 41, 49, 42, 43, 44, 45, 46, 47, 48, 74, 50, 51, 52, 53, 54, 55, 56, 57, 58, 76, 59, 60, 61, 62, 63, 64, 65, 66, 67, 68, 69, 70, 71, 77, 72, 73]
index list energy: 152293.52169419697
Done


iterations: 100000000 temp: 1000000.0 exponent: 0.9 eif: 300.0
time taken (sec): 5465.7760887146
number of iterations: 65026223
final temperature: 1455.5783429306907
og index list: [60, 22, 48, 70, 33, 63, 52, 16, 41, 37, 1, 0, 68, 59, 28, 18, 7, 3, 10, 77, 30, 25, 67, 23, 43, 9, 42, 62, 20, 47, 31, 71, 61, 38, 78, 12, 49, 21, 15, 27, 40, 73, 8, 6, 56, 51, 29, 74, 66, 57, 32, 19, 5, 54, 13, 44, 35, 55, 76, 50, 58, 14, 24, 11, 45, 17, 69, 64, 79, 46, 2, 4, 65, 36, 53, 34, 26, 72, 39, 75]
og index list energy: 145974587.54592487
index list: [72, 1, 2, 3, 4, 5, 6, 7, 8, 9, 10, 11, 12, 13, 76, 14, 15, 16, 75, 17, 18, 19, 20, 21, 22, 23, 24, 25, 26, 27, 28, 29, 30, 31, 32, 74, 33, 34, 35, 36, 37, 38, 39, 40, 41, 77, 42, 43, 44, 45, 46, 47, 48, 78, 50, 51, 52, 53, 54, 55, 56, 57, 58, 49, 59, 60, 61, 62, 63, 64, 65, 66, 67, 68, 69, 79, 70, 71, 0, 73]
index list energy: 152290.42158758297
Done


program ended at: 2020-03-30 09:19:23.244416 
 time delta: 11:57:59.976417
