## SLURM PROLOG ###############################################################
##    Job ID : 11508677
##  Job Name : verifying_2np4_works
##  Nodelist : node1116
##      CPUs : 1
##  Mem/Node : 1024 MB
## Directory : /gpfs/data/nfawzi/skale/Fawzi_pycharm_project
##   Started : Sun Mar 29 21:21:51 EDT 2020
###############################################################################
program started at:2020-03-29 21:21:51.879550
iterations: 100000000 temp: 1000000.0 exponent: 0.9 eif: 300.0
time taken (sec): 8791.168598890305
number of iterations: 100000000
final temperature: 159.26791088519815
og index list: [41, 0, 21, 11, 34, 61, 52, 40, 56, 12, 8, 17, 48, 77, 54, 49, 10, 20, 44, 76, 39, 28, 55, 59, 15, 67, 37, 74, 22, 31, 16, 46, 47, 58, 79, 43, 64, 62, 18, 14, 19, 57, 2, 25, 3, 24, 65, 51, 5, 53, 33, 70, 6, 13, 50, 4, 38, 26, 29, 45, 72, 71, 68, 7, 27, 42, 73, 75, 35, 66, 69, 63, 60, 30, 78, 32, 1, 9, 36, 23]
og index list energy: 168960905.82004267
index list: [72, 1, 2, 3, 4, 5, 6, 7, 8, 9, 10, 11, 12, 13, 74, 14, 15, 16, 79, 17, 18, 19, 20, 21, 22, 23, 24, 25, 26, 27, 28, 29, 30, 31, 32, 78, 33, 34, 35, 36, 37, 38, 39, 40, 41, 49, 42, 43, 44, 45, 46, 47, 48, 76, 50, 51, 52, 53, 54, 55, 56, 57, 58, 77, 59, 60, 61, 62, 63, 64, 65, 66, 67, 68, 69, 75, 70, 71, 0, 73]
index list energy: 152290.42158758297
Done


iterations: 100000000 temp: 1000000.0 exponent: 0.9 eif: 300.0
time taken (sec): 8737.574704647064
number of iterations: 100000000
final temperature: 159.26791088519815
og index list: [42, 37, 70, 16, 46, 73, 39, 48, 68, 51, 6, 8, 64, 0, 71, 25, 7, 65, 57, 78, 61, 47, 12, 22, 20, 63, 17, 2, 74, 18, 26, 13, 15, 41, 60, 21, 43, 40, 75, 29, 49, 59, 23, 5, 50, 52, 34, 36, 45, 58, 69, 79, 10, 14, 11, 72, 55, 28, 77, 32, 62, 35, 27, 31, 9, 56, 19, 30, 4, 33, 24, 38, 76, 1, 54, 67, 3, 66, 53, 44]
og index list energy: 158775396.69035786
index list: [72, 1, 2, 3, 4, 5, 6, 7, 8, 9, 10, 11, 12, 13, 78, 14, 15, 16, 74, 17, 18, 19, 20, 21, 22, 23, 24, 25, 26, 27, 28, 29, 30, 31, 32, 75, 33, 34, 35, 36, 37, 38, 39, 40, 41, 79, 42, 43, 44, 45, 46, 47, 48, 49, 50, 51, 52, 53, 54, 55, 56, 57, 58, 76, 59, 60, 61, 62, 63, 64, 65, 66, 67, 68, 69, 77, 70, 71, 0, 73]
index list energy: 151991.621587583
Done


iterations: 100000000 temp: 1000000.0 exponent: 0.9 eif: 300.0
time taken (sec): 9025.023286104202
number of iterations: 100000000
final temperature: 159.26791088519815
og index list: [3, 63, 68, 74, 53, 14, 61, 10, 26, 64, 33, 28, 11, 24, 5, 44, 42, 55, 16, 40, 45, 57, 39, 38, 52, 67, 2, 49, 59, 70, 66, 8, 37, 34, 50, 76, 71, 32, 13, 17, 12, 78, 0, 35, 9, 56, 19, 23, 48, 29, 15, 7, 18, 20, 47, 60, 73, 62, 4, 30, 1, 58, 41, 6, 69, 77, 27, 65, 31, 46, 79, 72, 43, 54, 21, 22, 75, 25, 36, 51]
og index list energy: 131144014.69995078
index list: [0, 1, 2, 3, 4, 5, 6, 7, 8, 9, 10, 11, 12, 13, 49, 14, 15, 16, 74, 17, 18, 19, 20, 21, 22, 23, 24, 25, 26, 27, 28, 29, 30, 31, 32, 79, 33, 34, 35, 36, 37, 38, 39, 40, 41, 76, 42, 43, 44, 45, 46, 47, 48, 77, 50, 51, 52, 53, 54, 55, 56, 57, 58, 78, 59, 60, 61, 62, 63, 64, 65, 66, 67, 68, 69, 70, 71, 75, 72, 73]
index list energy: 152293.52169419697
Done


iterations: 100000000 temp: 1000000.0 exponent: 0.9 eif: 300.0
time taken (sec): 8788.922465324402
number of iterations: 100000000
final temperature: 159.26791088519815
og index list: [42, 32, 53, 15, 66, 43, 23, 4, 5, 69, 55, 3, 78, 74, 58, 38, 52, 75, 35, 76, 22, 16, 13, 70, 50, 60, 72, 25, 29, 6, 17, 56, 0, 14, 34, 39, 11, 68, 67, 51, 2, 65, 73, 31, 28, 54, 9, 7, 41, 45, 30, 79, 77, 37, 57, 1, 46, 64, 71, 26, 20, 61, 21, 44, 47, 33, 59, 49, 18, 24, 63, 27, 62, 36, 19, 40, 48, 8, 12, 10]
og index list energy: 152916154.0816799
index list: [0, 1, 2, 3, 4, 5, 6, 7, 8, 9, 10, 11, 12, 13, 49, 14, 15, 16, 74, 17, 18, 19, 20, 21, 22, 23, 24, 25, 26, 27, 28, 29, 30, 31, 32, 75, 33, 34, 35, 36, 37, 38, 39, 40, 41, 71, 76, 43, 44, 45, 46, 47, 48, 79, 50, 51, 52, 53, 54, 55, 56, 57, 58, 78, 59, 60, 61, 62, 63, 64, 65, 66, 67, 68, 69, 70, 77, 42, 72, 73]
index list energy: 160416.50127390915
Done


iterations: 100000000 temp: 1000000.0 exponent: 0.9 eif: 300.0
time taken (sec): 7737.169221162796
number of iterations: 91069475
final temperature: 269.72160559060796
og index list: [14, 73, 35, 31, 26, 79, 4, 15, 66, 13, 22, 7, 11, 44, 50, 38, 36, 55, 27, 17, 61, 34, 28, 0, 46, 29, 37, 25, 41, 71, 77, 69, 20, 78, 16, 5, 58, 70, 60, 65, 49, 57, 64, 24, 68, 45, 75, 23, 19, 52, 59, 40, 10, 43, 9, 6, 30, 18, 74, 1, 67, 53, 48, 42, 56, 2, 12, 62, 33, 63, 47, 51, 3, 72, 32, 39, 21, 54, 8, 76]
og index list energy: 186244418.70772874
index list: [72, 1, 2, 3, 4, 5, 6, 7, 8, 9, 10, 11, 12, 13, 79, 14, 15, 16, 77, 17, 18, 19, 20, 21, 22, 23, 24, 25, 26, 27, 28, 29, 30, 31, 32, 75, 33, 34, 35, 36, 37, 38, 39, 40, 41, 49, 42, 43, 44, 45, 46, 47, 48, 78, 50, 51, 52, 53, 54, 55, 56, 57, 58, 76, 59, 60, 61, 62, 63, 64, 65, 66, 67, 68, 69, 74, 70, 71, 0, 73]
index list energy: 152290.42158758297
Done


program ended at: 2020-03-30 09:19:51.862088 
 time delta: 11:57:59.982538
