## SLURM PROLOG ###############################################################
##    Job ID : 11508655
##  Job Name : verifying_2np4_works
##  Nodelist : node1164
##      CPUs : 1
##  Mem/Node : 1024 MB
## Directory : /gpfs/data/nfawzi/skale/Fawzi_pycharm_project
##   Started : Sun Mar 29 21:21:21 EDT 2020
###############################################################################
program started at:2020-03-29 21:21:23.318540
iterations: 100000000 temp: 1000000.0 exponent: 0.9 eif: 300.0
time taken (sec): 9023.717839717865
number of iterations: 100000000
final temperature: 159.26791088519815
og index list: [33, 36, 59, 30, 12, 37, 27, 13, 23, 6, 53, 78, 69, 43, 20, 76, 46, 45, 25, 56, 19, 63, 42, 54, 11, 10, 41, 18, 79, 31, 74, 70, 58, 0, 9, 55, 26, 51, 61, 57, 68, 16, 47, 21, 60, 22, 2, 72, 49, 52, 17, 40, 29, 44, 77, 75, 64, 15, 1, 66, 3, 4, 62, 73, 8, 34, 5, 39, 35, 28, 32, 67, 38, 71, 24, 50, 14, 65, 48, 7]
og index list energy: 137754751.04738405
index list: [72, 1, 2, 3, 4, 5, 6, 7, 8, 9, 10, 11, 12, 13, 75, 14, 15, 16, 74, 17, 18, 19, 20, 21, 22, 23, 24, 25, 26, 27, 28, 29, 30, 31, 32, 79, 33, 34, 35, 36, 37, 38, 39, 40, 41, 77, 42, 43, 44, 45, 46, 47, 48, 49, 50, 51, 52, 53, 54, 55, 56, 57, 58, 76, 59, 60, 61, 62, 63, 64, 65, 66, 67, 68, 69, 78, 70, 71, 0, 73]
index list energy: 151991.621587583
Done


iterations: 100000000 temp: 1000000.0 exponent: 0.9 eif: 300.0
time taken (sec): 9041.012106657028
number of iterations: 100000000
final temperature: 159.26791088519815
og index list: [72, 68, 67, 39, 50, 71, 38, 17, 31, 26, 22, 30, 2, 57, 7, 58, 28, 11, 52, 56, 33, 4, 15, 25, 10, 45, 32, 36, 55, 46, 70, 78, 35, 18, 69, 54, 8, 12, 5, 73, 43, 34, 16, 0, 14, 66, 6, 79, 60, 23, 44, 74, 13, 24, 40, 37, 20, 49, 64, 29, 77, 76, 1, 41, 59, 9, 27, 3, 62, 65, 61, 63, 51, 21, 47, 42, 53, 19, 75, 48]
og index list energy: 182998783.80309182
index list: [72, 1, 2, 3, 4, 5, 6, 7, 8, 9, 10, 11, 12, 13, 74, 14, 15, 16, 49, 17, 18, 19, 20, 21, 22, 23, 24, 25, 26, 27, 28, 29, 30, 31, 32, 76, 33, 34, 35, 36, 37, 38, 39, 40, 41, 77, 42, 43, 44, 45, 46, 47, 48, 78, 50, 51, 52, 53, 54, 55, 56, 57, 58, 75, 59, 60, 61, 62, 63, 64, 65, 66, 67, 68, 69, 79, 70, 71, 0, 73]
index list energy: 152290.42158758297
Done


iterations: 100000000 temp: 1000000.0 exponent: 0.9 eif: 300.0
time taken (sec): 8827.168060302734
number of iterations: 100000000
final temperature: 159.26791088519815
og index list: [58, 17, 51, 27, 6, 47, 67, 10, 31, 2, 35, 59, 39, 75, 13, 50, 22, 29, 32, 24, 30, 49, 11, 1, 9, 78, 62, 71, 37, 66, 21, 60, 34, 36, 41, 56, 53, 55, 70, 74, 16, 54, 48, 33, 12, 65, 52, 28, 72, 14, 57, 61, 73, 26, 7, 45, 3, 0, 44, 63, 20, 68, 69, 18, 43, 23, 46, 42, 77, 64, 19, 4, 79, 8, 40, 15, 38, 25, 5, 76]
og index list energy: 142665152.4796154
index list: [0, 1, 2, 3, 4, 5, 6, 7, 8, 9, 10, 11, 12, 13, 74, 14, 15, 16, 78, 17, 18, 19, 20, 21, 22, 23, 24, 25, 26, 27, 28, 29, 30, 31, 32, 76, 33, 34, 35, 36, 37, 38, 39, 40, 41, 71, 77, 43, 44, 45, 46, 47, 48, 79, 50, 51, 52, 53, 54, 55, 56, 57, 58, 49, 59, 60, 61, 62, 63, 64, 65, 66, 67, 68, 69, 70, 75, 42, 72, 73]
index list energy: 160416.50127390915
Done


iterations: 100000000 temp: 1000000.0 exponent: 0.9 eif: 300.0
time taken (sec): 8921.920221090317
number of iterations: 100000000
final temperature: 159.26791088519815
og index list: [39, 23, 74, 57, 43, 10, 55, 73, 71, 4, 5, 38, 2, 36, 48, 47, 62, 7, 41, 31, 0, 11, 14, 49, 35, 22, 76, 37, 29, 9, 32, 1, 67, 64, 51, 3, 78, 15, 6, 8, 17, 70, 63, 25, 13, 45, 52, 21, 66, 77, 34, 18, 30, 61, 27, 79, 26, 59, 50, 19, 58, 54, 65, 60, 24, 42, 44, 53, 20, 40, 56, 33, 28, 46, 68, 75, 72, 16, 12, 69]
og index list energy: 154411522.1342466
index list: [0, 1, 2, 3, 4, 5, 6, 7, 8, 9, 10, 11, 12, 13, 79, 14, 15, 16, 75, 17, 18, 19, 20, 21, 22, 23, 24, 25, 26, 27, 28, 29, 30, 31, 32, 76, 33, 34, 35, 36, 37, 38, 39, 40, 41, 49, 42, 43, 44, 45, 46, 47, 48, 74, 50, 51, 52, 53, 54, 55, 56, 57, 58, 78, 59, 60, 61, 62, 63, 64, 65, 66, 67, 68, 69, 70, 71, 77, 72, 73]
index list energy: 152293.52169419697
Done


iterations: 100000000 temp: 1000000.0 exponent: 0.9 eif: 300.0
time taken (sec): 7265.9469084739685
number of iterations: 84131418
final temperature: 411.09831670569724
og index list: [74, 29, 50, 7, 27, 35, 0, 62, 63, 26, 30, 32, 44, 10, 72, 49, 55, 24, 28, 39, 18, 17, 9, 36, 20, 45, 61, 66, 47, 21, 40, 76, 46, 41, 8, 78, 11, 68, 79, 31, 14, 42, 43, 48, 34, 53, 51, 65, 37, 69, 12, 60, 19, 2, 70, 16, 56, 1, 52, 22, 67, 57, 59, 15, 71, 5, 73, 13, 75, 38, 23, 3, 33, 77, 58, 6, 54, 64, 25, 4]
og index list energy: 135336301.2860619
index list: [0, 1, 2, 3, 4, 5, 6, 7, 8, 9, 10, 11, 12, 13, 74, 14, 15, 16, 78, 17, 18, 19, 20, 21, 22, 23, 24, 25, 26, 27, 28, 29, 30, 31, 32, 77, 33, 34, 35, 36, 37, 38, 39, 40, 41, 76, 42, 43, 44, 45, 46, 47, 48, 79, 50, 51, 52, 53, 54, 55, 56, 57, 58, 49, 59, 60, 61, 62, 63, 64, 65, 66, 67, 68, 69, 70, 71, 75, 72, 73]
index list energy: 152293.52169419697
Done


program ended at: 2020-03-30 09:19:23.206033 
 time delta: 11:57:59.887493
