## SLURM PROLOG ###############################################################
##    Job ID : 11508597
##  Job Name : verifying_2np4_works
##  Nodelist : node1326
##      CPUs : 1
##  Mem/Node : 1024 MB
## Directory : /gpfs/data/nfawzi/skale/Fawzi_pycharm_project
##   Started : Sun Mar 29 21:21:24 EDT 2020
###############################################################################
program started at:2020-03-29 21:21:24.450647
iterations: 100000000 temp: 1000000.0 exponent: 0.9 eif: 300.0
time taken (sec): 8085.353677034378
number of iterations: 100000000
final temperature: 159.26791088519815
og index list: [48, 68, 12, 57, 63, 37, 66, 42, 79, 53, 6, 65, 71, 55, 77, 59, 70, 33, 58, 49, 54, 35, 17, 72, 60, 56, 26, 44, 11, 32, 39, 67, 62, 15, 3, 28, 74, 29, 19, 64, 40, 4, 61, 78, 41, 16, 25, 45, 31, 75, 76, 1, 20, 34, 47, 7, 0, 23, 8, 2, 36, 69, 50, 13, 51, 22, 9, 27, 21, 46, 52, 18, 10, 24, 30, 38, 43, 73, 5, 14]
og index list energy: 170413234.2635674
index list: [72, 1, 2, 3, 4, 5, 6, 7, 8, 9, 10, 11, 12, 13, 76, 14, 15, 16, 49, 17, 18, 19, 20, 21, 22, 23, 24, 25, 26, 27, 28, 29, 30, 31, 32, 77, 33, 34, 35, 36, 37, 38, 39, 40, 41, 74, 42, 43, 44, 45, 46, 47, 48, 79, 50, 51, 52, 53, 54, 55, 56, 57, 58, 75, 59, 60, 61, 62, 63, 64, 65, 66, 67, 68, 69, 78, 70, 71, 0, 73]
index list energy: 152290.42158758297
Done


iterations: 100000000 temp: 1000000.0 exponent: 0.9 eif: 300.0
time taken (sec): 8192.313707351685
number of iterations: 100000000
final temperature: 159.26791088519815
og index list: [32, 57, 9, 13, 58, 70, 30, 14, 39, 10, 16, 56, 23, 27, 51, 73, 25, 18, 74, 44, 53, 71, 59, 26, 6, 19, 45, 41, 75, 47, 0, 42, 37, 17, 20, 34, 77, 61, 65, 43, 68, 8, 69, 22, 60, 5, 66, 29, 2, 24, 50, 4, 33, 15, 12, 21, 11, 38, 46, 79, 48, 40, 55, 78, 36, 63, 52, 76, 64, 49, 31, 1, 35, 67, 3, 72, 54, 28, 7, 62]
og index list energy: 133741534.22980413
index list: [72, 1, 2, 3, 4, 5, 6, 7, 8, 9, 10, 11, 12, 13, 49, 14, 15, 16, 74, 17, 18, 19, 20, 21, 22, 23, 24, 25, 26, 27, 28, 29, 30, 31, 32, 75, 33, 34, 35, 36, 37, 38, 39, 40, 41, 76, 42, 43, 44, 45, 46, 47, 48, 77, 50, 51, 52, 53, 54, 55, 56, 57, 58, 79, 59, 60, 61, 62, 63, 64, 65, 66, 67, 68, 69, 78, 70, 71, 0, 73]
index list energy: 152290.42158758297
Done


iterations: 100000000 temp: 1000000.0 exponent: 0.9 eif: 300.0
time taken (sec): 7958.5040628910065
number of iterations: 100000000
final temperature: 159.26791088519815
og index list: [19, 2, 74, 51, 41, 43, 22, 69, 72, 65, 14, 4, 18, 47, 0, 68, 61, 71, 76, 17, 73, 5, 7, 79, 36, 42, 53, 60, 28, 30, 9, 67, 10, 12, 44, 34, 8, 59, 39, 78, 26, 11, 40, 50, 32, 52, 70, 75, 23, 25, 31, 3, 27, 46, 64, 49, 63, 13, 62, 35, 6, 58, 55, 20, 1, 16, 77, 29, 15, 45, 54, 21, 24, 57, 38, 66, 48, 37, 56, 33]
og index list energy: 166879584.09625962
index list: [72, 1, 2, 3, 4, 5, 6, 7, 8, 9, 10, 11, 12, 13, 49, 14, 15, 16, 76, 17, 18, 19, 20, 21, 22, 23, 24, 25, 26, 27, 28, 29, 30, 31, 32, 77, 33, 34, 35, 36, 37, 38, 39, 40, 41, 75, 42, 43, 44, 45, 46, 47, 48, 79, 50, 51, 52, 53, 54, 55, 56, 57, 58, 78, 59, 60, 61, 62, 63, 64, 65, 66, 67, 68, 69, 74, 70, 71, 0, 73]
index list energy: 152290.42158758297
Done


iterations: 100000000 temp: 1000000.0 exponent: 0.9 eif: 300.0
time taken (sec): 7950.110821723938
number of iterations: 100000000
final temperature: 159.26791088519815
og index list: [10, 76, 77, 48, 26, 3, 69, 72, 0, 41, 79, 4, 55, 2, 35, 46, 16, 32, 44, 47, 7, 21, 51, 49, 25, 68, 71, 9, 64, 66, 8, 67, 34, 12, 39, 54, 75, 38, 15, 31, 73, 43, 57, 60, 22, 30, 42, 45, 56, 78, 23, 11, 70, 20, 33, 63, 5, 29, 65, 18, 14, 36, 6, 27, 52, 24, 62, 19, 40, 1, 28, 13, 50, 37, 53, 74, 58, 59, 61, 17]
og index list energy: 133453153.7927673
index list: [0, 1, 2, 3, 4, 5, 6, 7, 8, 9, 10, 11, 12, 13, 75, 14, 15, 16, 76, 17, 18, 19, 20, 21, 22, 23, 24, 25, 26, 27, 28, 29, 30, 31, 32, 77, 33, 34, 35, 36, 37, 38, 39, 40, 41, 71, 78, 43, 44, 45, 46, 47, 48, 74, 50, 51, 52, 53, 54, 55, 56, 57, 58, 79, 59, 60, 61, 62, 63, 64, 65, 66, 67, 68, 69, 72, 73, 49, 42, 70]
index list energy: 175510.19904523817
Done


iterations: 100000000 temp: 1000000.0 exponent: 0.9 eif: 300.0
time taken (sec): 8198.181849956512
number of iterations: 100000000
final temperature: 159.26791088519815
og index list: [25, 2, 50, 35, 51, 69, 33, 13, 44, 45, 16, 65, 20, 64, 18, 30, 21, 54, 48, 72, 77, 34, 4, 27, 5, 68, 43, 10, 11, 39, 6, 70, 40, 61, 73, 49, 32, 63, 55, 28, 62, 38, 37, 41, 17, 56, 29, 67, 9, 66, 71, 0, 76, 74, 59, 52, 14, 8, 26, 57, 31, 78, 24, 22, 75, 36, 12, 79, 42, 15, 46, 1, 7, 47, 53, 23, 19, 58, 3, 60]
og index list energy: 133255950.65203577
index list: [0, 1, 2, 3, 4, 5, 6, 7, 8, 9, 10, 11, 12, 13, 79, 14, 15, 16, 78, 17, 18, 19, 20, 21, 22, 23, 24, 25, 26, 27, 28, 29, 30, 31, 32, 76, 33, 34, 35, 36, 37, 38, 39, 40, 41, 77, 42, 43, 44, 45, 46, 47, 48, 75, 50, 51, 52, 53, 54, 55, 56, 57, 58, 74, 59, 60, 61, 62, 63, 64, 65, 66, 67, 68, 69, 70, 71, 49, 72, 73]
index list energy: 152293.52169419697
Done


iterations: 100000000 temp: 1000000.0 exponent: 0.9 eif: 300.0
time taken (sec): 2695.40616440773
number of iterations: 44495652
final temperature: 7069.650490151052
og index list: [0, 45, 44, 17, 71, 19, 15, 18, 79, 35, 66, 28, 49, 62, 8, 52, 40, 24, 13, 69, 50, 38, 25, 61, 48, 43, 5, 22, 26, 10, 75, 6, 72, 29, 14, 2, 56, 33, 1, 60, 54, 57, 9, 41, 31, 30, 21, 59, 23, 32, 67, 58, 37, 70, 39, 64, 12, 27, 65, 78, 11, 46, 36, 16, 3, 76, 47, 42, 77, 73, 20, 7, 63, 34, 55, 68, 74, 51, 4, 53]
og index list energy: 156759396.48612818
index list: [72, 1, 2, 3, 4, 5, 6, 7, 8, 9, 10, 11, 12, 13, 49, 14, 15, 16, 77, 17, 18, 19, 20, 21, 22, 23, 24, 25, 26, 27, 28, 29, 30, 31, 32, 75, 33, 34, 35, 36, 37, 38, 39, 78, 73, 76, 42, 43, 44, 45, 46, 47, 48, 74, 50, 51, 52, 53, 54, 55, 56, 57, 58, 79, 59, 60, 61, 62, 63, 64, 65, 66, 67, 68, 69, 70, 71, 40, 41, 0]
index list energy: 179721.92709186845
Done


program ended at: 2020-03-30 09:19:24.446212 
 time delta: 11:57:59.995565
