## SLURM PROLOG ###############################################################
##    Job ID : 11508671
##  Job Name : verifying_2np4_works
##  Nodelist : node1125
##      CPUs : 1
##  Mem/Node : 1024 MB
## Directory : /gpfs/data/nfawzi/skale/Fawzi_pycharm_project
##   Started : Sun Mar 29 21:21:51 EDT 2020
###############################################################################
program started at:2020-03-29 21:21:51.515553
iterations: 100000000 temp: 1000000.0 exponent: 0.9 eif: 300.0
time taken (sec): 8054.778627157211
number of iterations: 100000000
final temperature: 159.26791088519815
og index list: [70, 52, 18, 4, 58, 10, 50, 28, 76, 73, 42, 78, 11, 79, 77, 16, 65, 9, 3, 6, 51, 72, 46, 61, 56, 8, 64, 29, 0, 14, 30, 20, 26, 68, 47, 17, 27, 62, 35, 5, 67, 24, 53, 75, 44, 63, 12, 49, 13, 19, 38, 74, 1, 54, 21, 66, 43, 45, 71, 69, 37, 2, 33, 36, 15, 57, 34, 25, 7, 41, 60, 23, 40, 22, 55, 31, 32, 59, 48, 39]
og index list energy: 153621470.59484908
index list: [72, 1, 2, 3, 4, 5, 6, 7, 8, 9, 10, 11, 12, 13, 76, 14, 15, 16, 75, 17, 18, 19, 20, 21, 22, 23, 24, 25, 26, 27, 28, 29, 30, 31, 32, 49, 33, 34, 35, 36, 37, 38, 39, 40, 41, 0, 73, 79, 44, 45, 46, 47, 48, 74, 50, 51, 52, 53, 54, 55, 56, 57, 58, 78, 59, 60, 61, 62, 63, 64, 65, 66, 67, 68, 69, 70, 71, 77, 42, 43]
index list energy: 173495.1778064098
Done


iterations: 100000000 temp: 1000000.0 exponent: 0.9 eif: 300.0
time taken (sec): 7812.955099582672
number of iterations: 100000000
final temperature: 159.26791088519815
og index list: [30, 38, 54, 46, 43, 25, 24, 42, 27, 39, 32, 47, 73, 4, 59, 70, 55, 5, 64, 63, 75, 45, 20, 48, 28, 29, 21, 14, 16, 13, 36, 65, 33, 67, 41, 52, 61, 74, 37, 34, 69, 78, 35, 51, 79, 2, 31, 77, 40, 50, 53, 11, 6, 49, 15, 71, 17, 1, 68, 23, 76, 72, 66, 12, 18, 58, 9, 56, 60, 7, 8, 22, 62, 0, 26, 57, 3, 44, 19, 10]
og index list energy: 118855492.35199535
index list: [72, 1, 2, 3, 4, 5, 6, 7, 8, 9, 10, 11, 12, 13, 77, 14, 15, 16, 79, 17, 18, 19, 20, 21, 22, 23, 24, 25, 26, 27, 28, 29, 30, 31, 32, 49, 33, 34, 35, 36, 37, 38, 39, 40, 41, 74, 42, 43, 44, 45, 46, 47, 48, 75, 50, 51, 52, 53, 54, 55, 56, 57, 58, 78, 59, 60, 61, 62, 63, 64, 65, 66, 67, 68, 69, 76, 70, 71, 0, 73]
index list energy: 152290.42158758297
Done


iterations: 100000000 temp: 1000000.0 exponent: 0.9 eif: 300.0
time taken (sec): 7895.768609046936
number of iterations: 100000000
final temperature: 159.26791088519815
og index list: [75, 72, 53, 79, 5, 6, 45, 42, 57, 14, 76, 49, 68, 55, 77, 9, 36, 8, 23, 61, 20, 70, 18, 34, 15, 13, 63, 66, 59, 54, 48, 74, 7, 78, 12, 26, 64, 32, 24, 17, 39, 0, 25, 40, 60, 3, 67, 30, 10, 11, 51, 47, 19, 33, 4, 38, 43, 29, 52, 37, 46, 69, 73, 65, 58, 21, 35, 16, 22, 71, 50, 41, 31, 56, 27, 28, 1, 2, 62, 44]
og index list energy: 113878245.10710596
index list: [72, 1, 2, 3, 4, 5, 6, 7, 8, 9, 10, 11, 12, 13, 78, 14, 15, 16, 74, 17, 18, 19, 20, 21, 22, 23, 24, 25, 26, 27, 28, 29, 30, 31, 32, 49, 33, 34, 35, 36, 37, 38, 39, 40, 41, 0, 44, 45, 46, 73, 75, 47, 48, 77, 50, 51, 52, 53, 54, 55, 56, 57, 58, 76, 59, 60, 61, 62, 63, 64, 65, 66, 67, 68, 69, 70, 71, 79, 42, 43]
index list energy: 210214.69514797768
Done


iterations: 100000000 temp: 1000000.0 exponent: 0.9 eif: 300.0
time taken (sec): 7821.012863636017
number of iterations: 100000000
final temperature: 159.26791088519815
og index list: [46, 2, 74, 11, 20, 34, 60, 44, 23, 32, 67, 39, 5, 7, 59, 68, 47, 75, 35, 64, 71, 29, 25, 31, 51, 76, 41, 0, 54, 52, 38, 42, 79, 19, 16, 12, 45, 53, 9, 1, 22, 61, 50, 66, 30, 58, 56, 21, 13, 4, 15, 6, 14, 57, 78, 77, 3, 43, 8, 63, 18, 26, 55, 62, 72, 28, 27, 17, 10, 33, 40, 73, 65, 70, 37, 49, 69, 24, 48, 36]
og index list energy: 194187959.1347502
index list: [72, 1, 2, 3, 4, 5, 6, 7, 8, 9, 10, 11, 12, 13, 49, 14, 15, 16, 76, 17, 18, 19, 20, 21, 22, 23, 24, 25, 26, 27, 28, 29, 30, 31, 32, 78, 33, 34, 35, 36, 37, 38, 39, 40, 41, 75, 42, 43, 44, 45, 46, 47, 48, 77, 50, 51, 52, 53, 54, 55, 56, 57, 58, 79, 59, 60, 61, 62, 63, 64, 65, 66, 67, 68, 69, 74, 70, 71, 0, 73]
index list energy: 152290.42158758297
Done


iterations: 100000000 temp: 1000000.0 exponent: 0.9 eif: 300.0
time taken (sec): 7773.391444683075
number of iterations: 100000000
final temperature: 159.26791088519815
og index list: [2, 42, 48, 24, 8, 9, 16, 45, 20, 66, 28, 4, 21, 73, 69, 56, 49, 35, 41, 65, 26, 43, 29, 7, 62, 15, 13, 79, 68, 53, 17, 77, 23, 36, 60, 78, 22, 50, 72, 12, 76, 6, 52, 63, 57, 61, 38, 47, 18, 27, 31, 37, 44, 25, 58, 54, 67, 51, 46, 10, 70, 59, 75, 30, 39, 40, 11, 19, 64, 32, 33, 55, 0, 74, 1, 3, 14, 34, 5, 71]
og index list energy: 110886107.31210183
index list: [72, 1, 2, 3, 4, 5, 6, 7, 8, 9, 10, 11, 12, 13, 77, 14, 15, 16, 76, 17, 18, 19, 20, 21, 22, 23, 24, 25, 26, 27, 28, 29, 30, 31, 32, 74, 33, 34, 35, 36, 37, 38, 39, 40, 41, 79, 42, 43, 44, 45, 46, 47, 48, 75, 50, 51, 52, 53, 54, 55, 56, 57, 58, 49, 59, 60, 61, 62, 63, 64, 65, 66, 67, 68, 69, 78, 70, 71, 0, 73]
index list energy: 152290.42158758297
Done


iterations: 100000000 temp: 1000000.0 exponent: 0.9 eif: 300.0
time taken (sec): 3721.96621465683
number of iterations: 55425028
final temperature: 2738.9274499534104
og index list: [1, 71, 3, 64, 53, 58, 51, 69, 28, 43, 34, 26, 29, 15, 36, 56, 6, 76, 74, 38, 13, 32, 73, 77, 18, 63, 68, 23, 48, 79, 47, 5, 7, 20, 65, 33, 25, 67, 44, 10, 54, 45, 4, 39, 59, 66, 46, 22, 11, 52, 8, 49, 78, 55, 0, 19, 37, 16, 70, 35, 41, 30, 40, 42, 17, 50, 24, 72, 61, 2, 31, 12, 27, 14, 57, 60, 9, 75, 62, 21]
og index list energy: 149233208.15594453
index list: [72, 1, 2, 3, 4, 5, 6, 7, 8, 9, 10, 11, 12, 13, 77, 14, 15, 16, 75, 17, 18, 19, 20, 21, 22, 23, 24, 25, 26, 27, 28, 29, 30, 31, 32, 78, 33, 34, 35, 36, 37, 38, 39, 40, 41, 49, 42, 43, 44, 45, 46, 47, 48, 74, 50, 51, 52, 53, 54, 55, 56, 57, 58, 79, 59, 60, 61, 62, 63, 64, 65, 66, 67, 68, 69, 76, 70, 71, 0, 73]
index list energy: 152290.42158758297
Done


program ended at: 2020-03-30 09:19:51.518412 
 time delta: 11:58:00.002859
