## SLURM PROLOG ###############################################################
##    Job ID : 11508678
##  Job Name : verifying_2np4_works
##  Nodelist : node1117
##      CPUs : 1
##  Mem/Node : 1024 MB
## Directory : /gpfs/data/nfawzi/skale/Fawzi_pycharm_project
##   Started : Sun Mar 29 21:22:28 EDT 2020
###############################################################################
program started at:2020-03-29 21:22:28.409057
iterations: 100000000 temp: 1000000.0 exponent: 0.9 eif: 300.0
time taken (sec): 7604.843838453293
number of iterations: 100000000
final temperature: 159.26791088519815
og index list: [52, 36, 14, 13, 56, 32, 12, 39, 69, 64, 62, 22, 67, 73, 78, 18, 33, 23, 50, 15, 53, 76, 49, 38, 1, 44, 10, 27, 42, 75, 45, 37, 6, 8, 59, 35, 51, 0, 54, 40, 21, 72, 2, 46, 19, 26, 48, 9, 65, 60, 43, 61, 7, 77, 55, 17, 66, 3, 4, 79, 71, 25, 63, 58, 20, 31, 28, 5, 29, 41, 11, 70, 74, 24, 34, 30, 68, 57, 47, 16]
og index list energy: 169854462.413367
index list: [72, 1, 2, 3, 4, 5, 6, 7, 8, 9, 10, 11, 12, 13, 78, 14, 15, 16, 77, 17, 18, 19, 20, 21, 22, 23, 24, 25, 26, 27, 28, 29, 30, 31, 32, 49, 33, 34, 35, 36, 37, 38, 39, 40, 41, 79, 42, 43, 44, 45, 46, 47, 48, 75, 50, 51, 52, 53, 54, 55, 56, 57, 58, 74, 59, 60, 61, 62, 63, 64, 65, 66, 67, 68, 69, 76, 70, 71, 0, 73]
index list energy: 152290.42158758297
Done


iterations: 100000000 temp: 1000000.0 exponent: 0.9 eif: 300.0
time taken (sec): 7578.814556598663
number of iterations: 100000000
final temperature: 159.26791088519815
og index list: [38, 11, 69, 14, 22, 74, 75, 40, 72, 51, 0, 36, 47, 5, 54, 25, 41, 12, 46, 73, 52, 57, 18, 53, 56, 35, 62, 43, 64, 78, 50, 27, 13, 29, 6, 32, 49, 16, 34, 1, 55, 8, 42, 24, 17, 20, 26, 28, 68, 59, 45, 77, 76, 30, 63, 65, 48, 15, 33, 79, 2, 9, 4, 71, 39, 67, 44, 3, 31, 37, 70, 60, 10, 66, 23, 58, 19, 21, 7, 61]
og index list energy: 165217306.91212192
index list: [72, 1, 2, 3, 4, 5, 6, 7, 8, 9, 10, 11, 12, 13, 79, 14, 15, 16, 77, 17, 18, 19, 20, 21, 22, 23, 24, 25, 26, 27, 28, 29, 30, 31, 32, 78, 33, 34, 35, 36, 37, 38, 39, 40, 41, 74, 42, 43, 44, 45, 46, 47, 48, 49, 50, 51, 52, 53, 54, 55, 56, 57, 58, 75, 59, 60, 61, 62, 63, 64, 65, 66, 67, 68, 69, 76, 70, 71, 0, 73]
index list energy: 151991.621587583
Done


iterations: 100000000 temp: 1000000.0 exponent: 0.9 eif: 300.0
time taken (sec): 7399.7275104522705
number of iterations: 100000000
final temperature: 159.26791088519815
og index list: [6, 79, 49, 71, 8, 41, 73, 13, 17, 53, 34, 14, 10, 58, 54, 30, 26, 19, 62, 33, 31, 61, 74, 27, 36, 16, 15, 42, 50, 69, 70, 47, 7, 2, 66, 75, 3, 18, 0, 65, 11, 24, 9, 52, 64, 45, 38, 37, 28, 78, 55, 56, 21, 63, 77, 51, 39, 76, 48, 57, 22, 72, 59, 20, 67, 4, 32, 12, 40, 60, 44, 23, 1, 68, 29, 46, 35, 43, 5, 25]
og index list energy: 125082565.21386763
index list: [72, 1, 2, 3, 4, 5, 6, 7, 8, 9, 10, 11, 12, 13, 79, 14, 15, 16, 75, 17, 18, 19, 20, 21, 22, 23, 24, 25, 26, 27, 28, 29, 30, 31, 32, 74, 33, 34, 35, 36, 37, 38, 39, 40, 41, 49, 42, 43, 44, 45, 46, 47, 48, 76, 50, 51, 52, 53, 54, 55, 56, 57, 58, 78, 59, 60, 61, 62, 63, 64, 65, 66, 67, 68, 69, 77, 70, 71, 0, 73]
index list energy: 152290.42158758297
Done


iterations: 100000000 temp: 1000000.0 exponent: 0.9 eif: 300.0
time taken (sec): 7384.261053800583
number of iterations: 100000000
final temperature: 159.26791088519815
og index list: [75, 26, 45, 17, 72, 79, 62, 60, 44, 20, 12, 13, 57, 46, 3, 65, 8, 59, 30, 55, 35, 66, 21, 61, 19, 64, 39, 9, 69, 15, 37, 41, 47, 29, 58, 77, 78, 7, 33, 76, 70, 68, 32, 74, 48, 5, 14, 63, 2, 31, 18, 56, 11, 54, 42, 38, 40, 73, 28, 22, 4, 67, 53, 0, 34, 49, 24, 27, 36, 10, 52, 51, 50, 1, 43, 25, 71, 16, 23, 6]
og index list energy: 162878933.5007074
index list: [72, 1, 2, 3, 4, 5, 6, 7, 8, 9, 10, 11, 12, 13, 74, 14, 15, 16, 75, 17, 18, 19, 20, 21, 22, 23, 24, 25, 26, 27, 28, 29, 30, 31, 32, 49, 33, 34, 35, 36, 37, 38, 39, 40, 41, 77, 42, 43, 44, 45, 46, 47, 48, 78, 50, 51, 52, 53, 54, 55, 56, 57, 58, 79, 59, 60, 61, 62, 63, 64, 65, 66, 67, 68, 69, 76, 70, 71, 0, 73]
index list energy: 152290.42158758297
Done


iterations: 100000000 temp: 1000000.0 exponent: 0.9 eif: 300.0
time taken (sec): 7274.633254528046
number of iterations: 100000000
final temperature: 159.26791088519815
og index list: [3, 72, 73, 69, 74, 41, 35, 47, 71, 1, 8, 44, 49, 10, 12, 34, 13, 48, 45, 15, 70, 50, 78, 18, 39, 36, 56, 66, 64, 2, 33, 27, 75, 7, 62, 37, 40, 16, 22, 0, 43, 68, 21, 46, 76, 19, 17, 24, 51, 14, 9, 4, 59, 63, 67, 60, 65, 58, 29, 54, 28, 52, 55, 61, 42, 38, 23, 79, 20, 11, 6, 26, 31, 30, 25, 53, 5, 32, 57, 77]
og index list energy: 151024708.92838037
index list: [0, 1, 2, 3, 4, 5, 6, 7, 8, 9, 10, 11, 12, 13, 49, 14, 15, 16, 75, 17, 18, 19, 20, 21, 22, 23, 24, 25, 26, 27, 28, 29, 30, 31, 32, 79, 33, 34, 35, 36, 37, 38, 39, 40, 41, 74, 42, 43, 44, 45, 46, 47, 48, 76, 50, 51, 52, 53, 54, 55, 56, 57, 58, 77, 59, 60, 61, 62, 63, 64, 65, 66, 67, 68, 69, 70, 71, 78, 72, 73]
index list energy: 152293.52169419697
Done


iterations: 100000000 temp: 1000000.0 exponent: 0.9 eif: 300.0
time taken (sec): 5837.595323562622
number of iterations: 88827586
final temperature: 299.6906728784533
og index list: [77, 5, 6, 8, 48, 4, 18, 36, 75, 60, 66, 62, 9, 7, 40, 12, 15, 33, 37, 53, 67, 55, 3, 68, 24, 61, 22, 73, 46, 34, 51, 19, 20, 43, 49, 45, 50, 26, 39, 10, 72, 56, 70, 2, 29, 57, 25, 28, 13, 23, 30, 65, 79, 74, 71, 14, 78, 27, 21, 59, 11, 1, 47, 58, 69, 52, 31, 35, 38, 16, 42, 32, 44, 17, 41, 63, 54, 0, 76, 64]
og index list energy: 183281586.28590733
index list: [72, 1, 2, 3, 4, 5, 6, 7, 8, 9, 10, 11, 12, 13, 49, 14, 15, 16, 79, 17, 18, 19, 20, 21, 22, 23, 24, 25, 26, 27, 28, 29, 30, 31, 32, 76, 33, 34, 35, 36, 37, 38, 39, 40, 41, 74, 42, 43, 44, 45, 46, 47, 48, 77, 50, 51, 52, 53, 54, 55, 56, 57, 58, 78, 59, 60, 61, 62, 63, 64, 65, 66, 67, 68, 69, 75, 70, 71, 0, 73]
index list energy: 152290.42158758297
Done


program ended at: 2020-03-30 09:20:28.403020 
 time delta: 11:57:59.993963
