## SLURM PROLOG ###############################################################
##    Job ID : 11508653
##  Job Name : verifying_2np4_works
##  Nodelist : node1164
##      CPUs : 1
##  Mem/Node : 1024 MB
## Directory : /gpfs/data/nfawzi/skale/Fawzi_pycharm_project
##   Started : Sun Mar 29 21:21:21 EDT 2020
###############################################################################
program started at:2020-03-29 21:21:23.301447
iterations: 100000000 temp: 1000000.0 exponent: 0.9 eif: 300.0
time taken (sec): 8971.778646469116
number of iterations: 100000000
final temperature: 159.26791088519815
og index list: [63, 6, 49, 38, 48, 59, 34, 72, 19, 7, 12, 16, 33, 66, 42, 15, 58, 52, 41, 0, 1, 35, 76, 39, 62, 47, 77, 31, 22, 28, 3, 64, 24, 51, 17, 27, 5, 70, 61, 79, 56, 32, 13, 69, 75, 68, 10, 67, 44, 73, 43, 40, 18, 26, 46, 14, 11, 30, 25, 29, 65, 74, 4, 60, 78, 37, 36, 9, 23, 55, 2, 8, 21, 71, 57, 20, 53, 45, 50, 54]
og index list energy: 168461613.6475937
index list: [72, 1, 2, 3, 4, 5, 6, 7, 8, 9, 10, 11, 12, 13, 78, 14, 15, 16, 49, 17, 18, 19, 20, 21, 22, 23, 24, 25, 26, 27, 28, 29, 30, 31, 32, 79, 33, 34, 35, 36, 37, 38, 39, 40, 41, 75, 42, 43, 44, 45, 46, 47, 48, 76, 50, 51, 52, 53, 54, 55, 56, 57, 58, 74, 59, 60, 61, 62, 63, 64, 65, 66, 67, 68, 69, 70, 71, 0, 77, 73]
index list energy: 154829.82947353355
Done


iterations: 100000000 temp: 1000000.0 exponent: 0.9 eif: 300.0
time taken (sec): 8551.776945352554
number of iterations: 100000000
final temperature: 159.26791088519815
og index list: [65, 53, 43, 58, 12, 24, 29, 23, 55, 37, 0, 79, 39, 30, 32, 17, 75, 62, 20, 33, 71, 64, 22, 60, 2, 69, 34, 63, 5, 47, 70, 72, 76, 42, 27, 15, 66, 25, 56, 1, 40, 74, 49, 28, 52, 67, 73, 41, 4, 45, 68, 11, 18, 50, 26, 59, 8, 38, 16, 54, 31, 19, 3, 21, 10, 48, 51, 44, 36, 7, 35, 61, 13, 6, 78, 57, 77, 9, 46, 14]
og index list energy: 188548721.59542626
index list: [72, 1, 2, 3, 4, 5, 6, 7, 8, 9, 10, 11, 12, 13, 76, 14, 15, 16, 77, 17, 18, 19, 20, 21, 22, 23, 24, 25, 26, 27, 28, 29, 30, 31, 32, 79, 33, 34, 35, 36, 37, 38, 39, 40, 41, 74, 42, 43, 44, 45, 46, 47, 48, 49, 50, 51, 52, 53, 54, 55, 56, 57, 58, 75, 59, 60, 61, 62, 63, 64, 65, 66, 67, 68, 69, 78, 70, 71, 0, 73]
index list energy: 151991.621587583
Done


iterations: 100000000 temp: 1000000.0 exponent: 0.9 eif: 300.0
time taken (sec): 8851.879789590836
number of iterations: 100000000
final temperature: 159.26791088519815
og index list: [32, 58, 65, 12, 56, 13, 20, 18, 53, 62, 66, 16, 8, 23, 0, 15, 19, 4, 63, 27, 52, 38, 6, 17, 78, 39, 48, 3, 10, 35, 11, 42, 49, 73, 77, 79, 24, 34, 25, 33, 29, 43, 75, 57, 9, 45, 60, 22, 61, 72, 30, 31, 26, 46, 67, 55, 71, 68, 59, 41, 69, 74, 5, 54, 2, 7, 51, 64, 70, 40, 28, 1, 50, 21, 44, 76, 14, 37, 36, 47]
og index list energy: 171005588.8536787
index list: [0, 1, 2, 3, 4, 5, 6, 7, 8, 9, 10, 11, 12, 13, 49, 14, 15, 16, 76, 17, 18, 19, 20, 21, 22, 23, 24, 25, 26, 27, 28, 29, 30, 31, 32, 79, 33, 34, 35, 36, 37, 38, 39, 40, 41, 78, 42, 43, 44, 45, 46, 47, 48, 75, 50, 51, 52, 53, 54, 55, 56, 57, 58, 77, 59, 60, 61, 62, 63, 64, 65, 66, 67, 68, 69, 70, 71, 74, 72, 73]
index list energy: 152293.52169419697
Done


iterations: 100000000 temp: 1000000.0 exponent: 0.9 eif: 300.0
time taken (sec): 8426.988942623138
number of iterations: 100000000
final temperature: 159.26791088519815
og index list: [50, 33, 71, 23, 54, 20, 52, 11, 67, 36, 40, 70, 60, 22, 48, 29, 19, 25, 4, 58, 68, 34, 65, 21, 77, 45, 74, 32, 16, 7, 39, 38, 26, 10, 66, 13, 9, 61, 14, 37, 78, 59, 57, 69, 46, 64, 53, 18, 27, 6, 73, 17, 8, 79, 56, 47, 75, 76, 49, 28, 5, 30, 63, 35, 31, 12, 1, 43, 3, 72, 15, 42, 24, 55, 62, 41, 2, 44, 51, 0]
og index list energy: 156254109.10961857
index list: [0, 1, 2, 3, 4, 5, 6, 7, 8, 9, 10, 11, 12, 13, 74, 14, 15, 16, 49, 17, 18, 19, 20, 21, 22, 23, 24, 25, 26, 27, 28, 29, 30, 31, 32, 78, 33, 34, 35, 36, 37, 38, 39, 40, 41, 71, 76, 43, 44, 45, 46, 47, 48, 77, 50, 51, 52, 53, 54, 55, 56, 57, 58, 75, 59, 60, 61, 62, 63, 64, 65, 66, 67, 68, 69, 72, 73, 79, 42, 70]
index list energy: 175510.19904523817
Done


iterations: 100000000 temp: 1000000.0 exponent: 0.9 eif: 300.0
time taken (sec): 8277.356720924377
number of iterations: 95666876
final temperature: 196.62705047555323
og index list: [42, 61, 11, 79, 10, 31, 8, 1, 45, 73, 25, 29, 70, 59, 72, 24, 48, 58, 77, 54, 23, 47, 0, 51, 22, 34, 38, 52, 19, 12, 35, 66, 62, 55, 71, 53, 63, 17, 2, 26, 37, 16, 14, 32, 49, 76, 78, 13, 33, 69, 4, 7, 65, 60, 50, 40, 75, 30, 15, 6, 9, 56, 5, 67, 68, 27, 64, 57, 20, 74, 44, 3, 18, 41, 28, 43, 36, 21, 46, 39]
og index list energy: 120828320.60734585
index list: [0, 1, 2, 3, 4, 5, 6, 7, 8, 9, 10, 11, 12, 13, 49, 14, 15, 16, 77, 17, 18, 19, 20, 21, 22, 23, 24, 25, 26, 27, 28, 29, 30, 31, 32, 74, 33, 34, 35, 36, 37, 38, 39, 40, 41, 75, 42, 43, 44, 45, 46, 47, 48, 76, 50, 51, 52, 53, 54, 55, 56, 57, 58, 78, 59, 60, 61, 62, 63, 64, 65, 66, 67, 68, 69, 70, 71, 79, 72, 73]
index list energy: 152293.52169419697
Done


program ended at: 2020-03-30 09:19:23.206249 
 time delta: 11:57:59.904802
