## SLURM PROLOG ###############################################################
##    Job ID : 11508616
##  Job Name : verifying_2np4_works
##  Nodelist : node1161
##      CPUs : 1
##  Mem/Node : 1024 MB
## Directory : /gpfs/data/nfawzi/skale/Fawzi_pycharm_project
##   Started : Sun Mar 29 21:21:23 EDT 2020
###############################################################################
program started at:2020-03-29 21:21:23.738799
iterations: 100000000 temp: 1000000.0 exponent: 0.9 eif: 300.0
time taken (sec): 8258.938928365707
number of iterations: 100000000
final temperature: 159.26791088519815
og index list: [38, 32, 60, 11, 39, 24, 74, 23, 12, 0, 72, 16, 59, 51, 41, 45, 25, 58, 14, 29, 64, 49, 77, 17, 78, 6, 33, 30, 36, 18, 20, 56, 22, 43, 68, 70, 2, 66, 5, 42, 13, 65, 50, 54, 73, 62, 57, 28, 1, 27, 40, 79, 21, 48, 55, 34, 47, 10, 3, 26, 75, 35, 31, 44, 9, 37, 52, 76, 15, 67, 19, 53, 69, 4, 63, 7, 71, 61, 8, 46]
og index list energy: 88988706.74089952
index list: [72, 1, 2, 3, 4, 5, 6, 7, 8, 9, 10, 11, 12, 13, 79, 14, 15, 16, 78, 17, 18, 19, 20, 21, 22, 23, 24, 25, 26, 27, 28, 29, 30, 31, 32, 49, 33, 34, 35, 36, 37, 38, 39, 40, 41, 74, 42, 43, 44, 45, 46, 47, 48, 76, 50, 51, 52, 53, 54, 55, 56, 57, 58, 77, 59, 60, 61, 62, 63, 64, 65, 66, 67, 68, 69, 75, 70, 71, 0, 73]
index list energy: 152290.42158758297
Done


iterations: 100000000 temp: 1000000.0 exponent: 0.9 eif: 300.0
time taken (sec): 8126.768081665039
number of iterations: 100000000
final temperature: 159.26791088519815
og index list: [78, 54, 64, 19, 50, 9, 46, 52, 48, 27, 33, 10, 17, 72, 63, 40, 41, 36, 14, 12, 16, 15, 76, 21, 44, 32, 59, 66, 0, 55, 42, 13, 75, 26, 28, 43, 4, 11, 53, 3, 70, 60, 79, 69, 24, 35, 34, 77, 29, 2, 25, 65, 7, 45, 6, 31, 56, 20, 47, 73, 67, 51, 58, 39, 38, 49, 22, 57, 61, 5, 62, 8, 68, 37, 23, 18, 30, 71, 1, 74]
og index list energy: 132626345.7254622
index list: [72, 1, 2, 3, 4, 5, 6, 7, 8, 9, 10, 11, 12, 13, 75, 14, 15, 16, 77, 17, 18, 19, 20, 21, 22, 23, 24, 25, 26, 27, 28, 29, 30, 31, 32, 76, 33, 34, 35, 36, 37, 38, 39, 40, 41, 74, 42, 43, 44, 45, 46, 47, 48, 49, 50, 51, 52, 53, 54, 55, 56, 57, 58, 79, 59, 60, 61, 62, 63, 64, 65, 66, 67, 68, 69, 78, 70, 71, 0, 73]
index list energy: 151991.621587583
Done


iterations: 100000000 temp: 1000000.0 exponent: 0.9 eif: 300.0
time taken (sec): 8173.998994350433
number of iterations: 100000000
final temperature: 159.26791088519815
og index list: [58, 30, 79, 71, 60, 48, 9, 8, 27, 13, 24, 44, 21, 56, 68, 41, 6, 22, 33, 2, 19, 16, 5, 7, 67, 29, 23, 53, 0, 28, 50, 4, 32, 65, 11, 31, 64, 66, 25, 75, 59, 17, 20, 63, 18, 46, 51, 62, 12, 36, 78, 69, 1, 76, 73, 14, 39, 15, 72, 42, 10, 49, 45, 43, 74, 61, 52, 37, 38, 35, 70, 47, 77, 54, 40, 26, 55, 34, 57, 3]
og index list energy: 152453817.13606197
index list: [0, 1, 2, 3, 4, 5, 6, 7, 8, 9, 10, 11, 12, 13, 77, 14, 15, 16, 76, 17, 18, 19, 20, 21, 22, 23, 24, 25, 26, 27, 28, 29, 30, 31, 32, 75, 33, 34, 35, 36, 37, 38, 39, 40, 41, 71, 79, 43, 44, 45, 46, 47, 48, 78, 50, 51, 52, 53, 54, 55, 56, 57, 58, 49, 59, 60, 61, 62, 63, 64, 65, 66, 67, 68, 69, 70, 74, 42, 72, 73]
index list energy: 160416.50127390915
Done


iterations: 100000000 temp: 1000000.0 exponent: 0.9 eif: 300.0
time taken (sec): 8111.385587215424
number of iterations: 100000000
final temperature: 159.26791088519815
og index list: [60, 28, 37, 57, 23, 31, 32, 15, 56, 2, 68, 10, 45, 50, 22, 75, 40, 55, 0, 48, 9, 72, 77, 34, 19, 67, 79, 65, 44, 13, 76, 25, 7, 62, 46, 1, 38, 3, 4, 78, 30, 5, 43, 70, 24, 42, 27, 17, 66, 64, 8, 20, 51, 53, 6, 18, 35, 69, 36, 41, 39, 71, 26, 54, 14, 59, 47, 21, 33, 29, 58, 49, 74, 63, 73, 16, 52, 11, 61, 12]
og index list energy: 159880185.7130521
index list: [0, 1, 2, 3, 4, 5, 6, 7, 8, 9, 10, 11, 12, 13, 78, 14, 15, 16, 79, 17, 18, 19, 20, 21, 22, 23, 24, 25, 26, 27, 28, 29, 30, 31, 32, 49, 33, 34, 35, 36, 37, 38, 39, 40, 41, 71, 77, 43, 44, 45, 46, 47, 48, 76, 50, 51, 52, 53, 54, 55, 56, 57, 58, 75, 59, 60, 61, 62, 63, 64, 65, 66, 67, 68, 69, 70, 74, 42, 72, 73]
index list energy: 160416.50127390915
Done


iterations: 100000000 temp: 1000000.0 exponent: 0.9 eif: 300.0
time taken (sec): 8059.899502277374
number of iterations: 100000000
final temperature: 159.26791088519815
og index list: [76, 40, 50, 67, 59, 41, 75, 74, 4, 57, 69, 54, 32, 13, 28, 31, 24, 71, 18, 6, 72, 60, 62, 33, 11, 27, 7, 66, 0, 38, 30, 44, 47, 22, 8, 64, 3, 65, 19, 51, 48, 73, 46, 45, 79, 34, 20, 52, 15, 58, 70, 43, 56, 17, 61, 36, 42, 39, 26, 68, 14, 78, 37, 53, 29, 5, 77, 35, 63, 16, 23, 12, 49, 55, 2, 10, 1, 21, 9, 25]
og index list energy: 154393408.86276773
index list: [0, 1, 2, 3, 4, 5, 6, 7, 8, 9, 10, 11, 12, 13, 77, 14, 15, 16, 49, 17, 18, 19, 20, 21, 22, 23, 24, 25, 26, 27, 28, 29, 30, 31, 32, 76, 33, 34, 35, 36, 37, 38, 39, 40, 41, 71, 75, 43, 44, 45, 46, 47, 48, 74, 50, 51, 52, 53, 54, 55, 56, 57, 58, 79, 59, 60, 61, 62, 63, 64, 65, 66, 67, 68, 69, 70, 78, 42, 72, 73]
index list energy: 160416.50127390915
Done


iterations: 100000000 temp: 1000000.0 exponent: 0.9 eif: 300.0
time taken (sec): 2348.871575117111
number of iterations: 42299623
final temperature: 8727.963568087718
og index list: [72, 45, 61, 46, 21, 31, 51, 79, 22, 39, 76, 70, 9, 66, 57, 71, 32, 77, 14, 43, 19, 37, 55, 20, 7, 50, 8, 34, 48, 75, 28, 65, 69, 64, 23, 30, 68, 58, 3, 36, 1, 17, 2, 12, 59, 38, 42, 25, 52, 40, 6, 47, 35, 5, 73, 18, 53, 78, 49, 27, 74, 56, 0, 16, 4, 67, 15, 11, 29, 60, 10, 24, 33, 63, 44, 13, 54, 62, 26, 41]
og index list energy: 129233603.66357647
index list: [0, 1, 2, 74, 14, 15, 6, 7, 8, 9, 10, 11, 12, 13, 16, 77, 72, 73, 78, 17, 18, 19, 20, 21, 22, 23, 24, 25, 26, 27, 28, 29, 30, 31, 32, 79, 33, 34, 35, 36, 37, 38, 39, 40, 41, 49, 42, 43, 44, 45, 46, 47, 48, 75, 50, 51, 52, 53, 54, 55, 56, 57, 58, 76, 59, 60, 61, 62, 63, 64, 65, 66, 67, 68, 69, 70, 71, 5, 3, 4]
index list energy: 233222.8228888929
Done


program ended at: 2020-03-30 09:19:23.733221 
 time delta: 11:57:59.994422
