## SLURM PROLOG ###############################################################
##    Job ID : 11508590
##  Job Name : verifying_2np4_works
##  Nodelist : node1323
##      CPUs : 1
##  Mem/Node : 1024 MB
## Directory : /gpfs/data/nfawzi/skale/Fawzi_pycharm_project
##   Started : Sun Mar 29 21:21:21 EDT 2020
###############################################################################
program started at:2020-03-29 21:21:23.219786
iterations: 100000000 temp: 1000000.0 exponent: 0.9 eif: 300.0
time taken (sec): 8284.860380887985
number of iterations: 100000000
final temperature: 159.26791088519815
og index list: [9, 34, 24, 41, 76, 35, 44, 19, 71, 38, 66, 63, 56, 47, 30, 54, 4, 18, 61, 29, 10, 74, 60, 67, 40, 20, 1, 62, 17, 52, 11, 22, 33, 79, 46, 51, 16, 28, 8, 43, 2, 64, 14, 15, 37, 42, 0, 58, 3, 5, 26, 21, 78, 39, 32, 45, 53, 31, 49, 13, 75, 7, 36, 72, 57, 68, 69, 23, 12, 70, 25, 27, 50, 59, 48, 73, 6, 77, 65, 55]
og index list energy: 143658739.14215872
index list: [72, 1, 2, 3, 4, 5, 6, 7, 8, 9, 10, 11, 12, 13, 77, 14, 15, 16, 49, 17, 18, 19, 20, 21, 22, 23, 24, 25, 26, 27, 28, 29, 30, 31, 32, 79, 33, 34, 35, 36, 37, 38, 39, 40, 41, 75, 42, 43, 44, 45, 46, 47, 48, 74, 50, 51, 52, 53, 54, 55, 56, 57, 58, 78, 59, 60, 61, 62, 63, 64, 65, 66, 67, 68, 69, 76, 70, 71, 0, 73]
index list energy: 152290.42158758297
Done


iterations: 100000000 temp: 1000000.0 exponent: 0.9 eif: 300.0
time taken (sec): 7791.362112760544
number of iterations: 100000000
final temperature: 159.26791088519815
og index list: [64, 20, 50, 14, 16, 33, 46, 35, 25, 30, 67, 43, 76, 61, 19, 18, 60, 1, 53, 45, 2, 27, 9, 15, 79, 28, 0, 48, 36, 7, 23, 12, 65, 74, 52, 38, 55, 21, 8, 11, 54, 56, 26, 6, 77, 32, 57, 73, 29, 70, 72, 71, 58, 31, 4, 44, 13, 22, 51, 5, 17, 41, 69, 66, 78, 49, 62, 40, 3, 42, 39, 63, 34, 37, 59, 24, 68, 47, 10, 75]
og index list energy: 130091096.58670089
index list: [72, 1, 2, 3, 4, 5, 6, 7, 8, 9, 10, 11, 12, 13, 74, 14, 15, 16, 78, 17, 18, 19, 20, 21, 22, 23, 24, 25, 26, 27, 28, 29, 30, 31, 32, 77, 33, 34, 35, 36, 37, 38, 39, 40, 41, 76, 42, 43, 44, 45, 46, 47, 48, 49, 50, 51, 52, 53, 54, 55, 56, 57, 58, 75, 59, 60, 61, 62, 63, 64, 65, 66, 67, 68, 69, 79, 70, 71, 0, 73]
index list energy: 151991.621587583
Done


iterations: 100000000 temp: 1000000.0 exponent: 0.9 eif: 300.0
time taken (sec): 7644.99750995636
number of iterations: 100000000
final temperature: 159.26791088519815
og index list: [12, 74, 34, 65, 66, 54, 4, 46, 0, 44, 24, 41, 55, 17, 76, 16, 19, 31, 47, 43, 72, 64, 26, 45, 8, 42, 51, 50, 48, 59, 15, 75, 32, 18, 29, 78, 63, 79, 23, 30, 57, 20, 21, 39, 11, 61, 56, 27, 2, 10, 68, 62, 73, 36, 38, 7, 25, 28, 49, 6, 60, 52, 70, 77, 3, 40, 69, 35, 37, 9, 67, 53, 33, 1, 58, 13, 14, 5, 71, 22]
og index list energy: 150082663.24224785
index list: [0, 1, 2, 3, 4, 5, 6, 7, 8, 9, 10, 11, 12, 13, 75, 14, 15, 16, 79, 17, 18, 19, 20, 21, 22, 23, 24, 25, 26, 27, 28, 29, 30, 31, 32, 76, 33, 34, 35, 36, 37, 38, 39, 40, 41, 71, 74, 43, 44, 45, 46, 47, 48, 49, 50, 51, 52, 53, 54, 55, 56, 57, 58, 77, 59, 60, 61, 62, 63, 64, 65, 66, 67, 68, 69, 70, 78, 42, 72, 73]
index list energy: 160117.70127390913
Done


iterations: 100000000 temp: 1000000.0 exponent: 0.9 eif: 300.0
time taken (sec): 7852.123595714569
number of iterations: 100000000
final temperature: 159.26791088519815
og index list: [0, 3, 22, 31, 7, 51, 38, 77, 49, 15, 53, 68, 57, 66, 40, 34, 18, 63, 76, 54, 52, 79, 55, 8, 30, 9, 10, 59, 12, 61, 14, 11, 29, 44, 60, 19, 56, 5, 32, 27, 58, 42, 43, 25, 71, 70, 74, 4, 46, 1, 2, 13, 33, 16, 17, 39, 21, 26, 41, 48, 23, 35, 64, 36, 75, 72, 65, 20, 62, 69, 47, 24, 50, 78, 67, 73, 37, 45, 28, 6]
og index list energy: 189889546.67472073
index list: [72, 1, 2, 3, 4, 5, 6, 7, 8, 9, 10, 11, 12, 13, 77, 14, 15, 16, 78, 17, 18, 19, 20, 21, 22, 23, 24, 25, 26, 27, 28, 29, 30, 31, 32, 76, 33, 34, 35, 36, 37, 38, 39, 40, 41, 0, 44, 45, 46, 73, 75, 47, 48, 74, 50, 51, 52, 53, 54, 55, 56, 57, 58, 79, 59, 60, 61, 62, 63, 64, 65, 66, 67, 68, 69, 70, 71, 49, 42, 43]
index list energy: 210214.69514797768
Done


iterations: 100000000 temp: 1000000.0 exponent: 0.9 eif: 300.0
time taken (sec): 7621.939019918442
number of iterations: 100000000
final temperature: 159.26791088519815
og index list: [35, 22, 31, 76, 63, 59, 44, 0, 24, 14, 46, 33, 73, 75, 56, 77, 49, 66, 55, 8, 36, 11, 18, 29, 43, 20, 78, 74, 12, 28, 45, 5, 9, 69, 71, 65, 13, 4, 41, 64, 51, 16, 15, 17, 38, 7, 27, 60, 54, 6, 48, 40, 42, 61, 30, 1, 67, 72, 79, 34, 53, 23, 52, 68, 26, 62, 25, 50, 2, 37, 10, 70, 32, 39, 3, 58, 57, 21, 19, 47]
og index list energy: 151155157.19046205
index list: [0, 1, 2, 3, 4, 5, 6, 7, 8, 9, 10, 11, 12, 13, 79, 14, 15, 16, 76, 17, 18, 19, 20, 21, 22, 23, 24, 25, 26, 27, 28, 29, 30, 31, 32, 49, 33, 34, 35, 36, 37, 38, 39, 40, 41, 71, 78, 43, 44, 45, 46, 47, 48, 74, 50, 51, 52, 53, 54, 55, 56, 57, 58, 75, 59, 60, 61, 62, 63, 64, 65, 66, 67, 68, 69, 70, 77, 42, 72, 73]
index list energy: 160416.50127390915
Done


iterations: 100000000 temp: 1000000.0 exponent: 0.9 eif: 300.0
time taken (sec): 3884.5773117542267
number of iterations: 58475134
final temperature: 2218.5312344622625
og index list: [51, 47, 53, 42, 8, 37, 73, 75, 38, 66, 28, 71, 63, 30, 34, 69, 23, 12, 36, 70, 59, 79, 16, 43, 29, 40, 60, 44, 48, 9, 78, 13, 6, 35, 31, 1, 41, 52, 15, 62, 49, 21, 19, 17, 22, 68, 45, 55, 18, 32, 76, 2, 27, 24, 56, 57, 39, 65, 3, 58, 61, 64, 72, 11, 20, 14, 26, 33, 5, 46, 67, 7, 10, 4, 0, 74, 77, 50, 25, 54]
og index list energy: 144401694.7822673
index list: [0, 1, 2, 3, 4, 5, 6, 7, 8, 9, 10, 11, 12, 13, 49, 14, 15, 16, 79, 17, 18, 19, 20, 21, 22, 23, 24, 25, 26, 27, 28, 29, 30, 31, 32, 78, 33, 34, 35, 36, 37, 38, 39, 40, 41, 71, 75, 43, 44, 45, 46, 47, 48, 74, 50, 51, 52, 53, 54, 55, 56, 57, 58, 77, 59, 60, 61, 62, 63, 64, 65, 66, 67, 68, 69, 70, 76, 42, 72, 73]
index list energy: 160416.50127390915
Done


program ended at: 2020-03-30 09:19:23.204150 
 time delta: 11:57:59.984364
