## SLURM PROLOG ###############################################################
##    Job ID : 11508685
##  Job Name : verifying_2np4_works
##  Nodelist : node1127
##      CPUs : 1
##  Mem/Node : 1024 MB
## Directory : /gpfs/data/nfawzi/skale/Fawzi_pycharm_project
##   Started : Sun Mar 29 21:21:51 EDT 2020
###############################################################################
program started at:2020-03-29 21:21:51.931962
iterations: 100000000 temp: 1000000.0 exponent: 0.9 eif: 300.0
time taken (sec): 9523.880517482758
number of iterations: 100000000
final temperature: 159.26791088519815
og index list: [8, 63, 57, 1, 21, 65, 62, 44, 43, 27, 18, 28, 20, 38, 30, 53, 55, 5, 67, 41, 36, 52, 68, 15, 10, 46, 75, 16, 7, 37, 32, 61, 66, 69, 56, 24, 70, 6, 25, 74, 58, 40, 2, 34, 76, 19, 22, 39, 11, 77, 49, 0, 48, 54, 73, 23, 50, 79, 71, 3, 9, 72, 26, 60, 45, 31, 47, 78, 33, 17, 64, 12, 4, 13, 51, 42, 59, 29, 35, 14]
og index list energy: 161104329.03356633
index list: [0, 1, 2, 3, 4, 5, 6, 7, 8, 9, 10, 11, 12, 13, 75, 14, 15, 16, 74, 17, 18, 19, 20, 21, 22, 23, 24, 25, 26, 27, 28, 29, 30, 31, 32, 79, 33, 34, 35, 36, 37, 38, 39, 40, 41, 78, 42, 43, 44, 45, 46, 47, 48, 77, 50, 51, 52, 53, 54, 55, 56, 57, 58, 49, 59, 60, 61, 62, 63, 64, 65, 66, 67, 68, 69, 70, 71, 76, 72, 73]
index list energy: 152293.52169419697
Done


iterations: 100000000 temp: 1000000.0 exponent: 0.9 eif: 300.0
time taken (sec): 9021.610766649246
number of iterations: 100000000
final temperature: 159.26791088519815
og index list: [3, 63, 48, 53, 54, 40, 51, 31, 6, 14, 16, 10, 55, 75, 12, 46, 28, 45, 68, 26, 56, 34, 36, 47, 4, 70, 19, 49, 39, 64, 5, 21, 20, 60, 43, 7, 79, 50, 22, 42, 15, 66, 13, 73, 38, 61, 0, 8, 65, 72, 76, 30, 27, 17, 77, 78, 44, 33, 69, 37, 1, 57, 29, 41, 9, 74, 59, 18, 24, 52, 35, 67, 71, 62, 23, 11, 2, 32, 58, 25]
og index list energy: 167321602.17259368
index list: [0, 1, 2, 3, 4, 5, 6, 7, 8, 9, 10, 11, 12, 13, 79, 14, 15, 16, 74, 17, 18, 19, 20, 21, 22, 23, 24, 25, 26, 27, 28, 29, 30, 31, 32, 76, 33, 34, 35, 36, 37, 38, 39, 40, 41, 71, 75, 43, 44, 45, 46, 47, 48, 49, 50, 51, 52, 53, 54, 55, 56, 57, 58, 78, 59, 60, 61, 62, 63, 64, 65, 66, 67, 68, 69, 72, 73, 77, 42, 70]
index list energy: 175211.3990452382
Done


iterations: 100000000 temp: 1000000.0 exponent: 0.9 eif: 300.0
time taken (sec): 8779.642373085022
number of iterations: 100000000
final temperature: 159.26791088519815
og index list: [41, 54, 36, 8, 7, 5, 63, 56, 75, 77, 18, 49, 47, 57, 59, 70, 34, 53, 11, 23, 20, 43, 68, 50, 72, 66, 46, 21, 45, 33, 39, 32, 38, 65, 24, 62, 0, 31, 69, 15, 22, 55, 73, 17, 4, 78, 74, 16, 58, 37, 60, 48, 79, 40, 26, 52, 10, 12, 3, 64, 44, 2, 71, 35, 13, 76, 6, 1, 29, 67, 25, 30, 28, 14, 27, 61, 51, 42, 19, 9]
og index list energy: 163243350.62800756
index list: [72, 1, 2, 3, 4, 5, 6, 7, 8, 9, 10, 11, 12, 13, 79, 14, 15, 16, 78, 17, 18, 19, 20, 21, 22, 23, 24, 25, 26, 27, 28, 29, 30, 31, 77, 42, 33, 34, 35, 36, 37, 38, 39, 40, 41, 0, 73, 75, 44, 45, 46, 47, 48, 76, 43, 51, 52, 53, 54, 55, 56, 57, 58, 74, 59, 60, 61, 62, 63, 64, 65, 66, 67, 68, 69, 70, 71, 49, 32, 50]
index list energy: 197832.05747095018
Done


iterations: 100000000 temp: 1000000.0 exponent: 0.9 eif: 300.0
time taken (sec): 9332.683128118515
number of iterations: 100000000
final temperature: 159.26791088519815
og index list: [69, 2, 49, 22, 76, 23, 51, 35, 54, 57, 73, 60, 61, 67, 45, 27, 72, 50, 21, 15, 11, 75, 17, 26, 39, 59, 10, 48, 32, 28, 4, 16, 58, 79, 6, 5, 37, 40, 19, 42, 12, 63, 70, 46, 29, 43, 13, 55, 34, 31, 8, 9, 52, 33, 71, 1, 38, 64, 77, 66, 30, 53, 14, 7, 0, 36, 25, 18, 74, 41, 20, 62, 44, 24, 65, 47, 56, 78, 3, 68]
og index list energy: 125753339.38706778
index list: [72, 1, 2, 3, 4, 5, 6, 7, 8, 9, 10, 11, 12, 13, 49, 14, 15, 16, 75, 17, 18, 19, 20, 21, 22, 23, 24, 25, 26, 27, 28, 29, 30, 31, 32, 79, 33, 34, 35, 36, 37, 38, 39, 40, 41, 0, 73, 74, 44, 45, 46, 47, 48, 76, 50, 51, 52, 53, 54, 55, 56, 57, 58, 77, 59, 60, 61, 62, 63, 64, 65, 66, 67, 68, 69, 70, 71, 78, 42, 43]
index list energy: 173495.1778064098
Done


iterations: 100000000 temp: 1000000.0 exponent: 0.9 eif: 300.0
time taken (sec): 6422.00825548172
number of iterations: 73448205
final temperature: 773.5540101454294
og index list: [8, 38, 46, 18, 57, 29, 33, 15, 23, 48, 4, 3, 12, 10, 71, 56, 37, 55, 70, 66, 54, 5, 30, 72, 2, 7, 64, 43, 22, 19, 9, 62, 35, 47, 32, 36, 79, 14, 60, 39, 78, 11, 52, 45, 21, 34, 31, 13, 25, 75, 27, 20, 73, 63, 0, 26, 16, 51, 67, 58, 44, 61, 6, 28, 17, 24, 77, 49, 40, 69, 42, 1, 76, 65, 74, 68, 50, 41, 53, 59]
og index list energy: 122199680.73988357
index list: [0, 1, 2, 3, 4, 5, 6, 7, 8, 9, 10, 11, 12, 13, 74, 14, 15, 16, 76, 17, 18, 19, 20, 21, 22, 23, 24, 25, 26, 27, 28, 29, 30, 31, 32, 77, 33, 34, 35, 36, 37, 38, 39, 40, 41, 49, 42, 43, 44, 45, 46, 47, 48, 79, 50, 51, 52, 53, 54, 55, 56, 57, 58, 75, 59, 60, 61, 62, 63, 64, 65, 66, 67, 68, 69, 70, 71, 78, 72, 73]
index list energy: 152293.52169419697
Done


program ended at: 2020-03-30 09:19:51.925329 
 time delta: 11:57:59.993367
