## SLURM PROLOG ###############################################################
##    Job ID : 11508624
##  Job Name : verifying_2np4_works
##  Nodelist : node1141
##      CPUs : 1
##  Mem/Node : 1024 MB
## Directory : /gpfs/data/nfawzi/skale/Fawzi_pycharm_project
##   Started : Sun Mar 29 21:21:56 EDT 2020
###############################################################################
program started at:2020-03-29 21:21:56.259255
iterations: 100000000 temp: 1000000.0 exponent: 0.9 eif: 300.0
time taken (sec): 7095.9689474105835
number of iterations: 100000000
final temperature: 159.26791088519815
og index list: [45, 23, 73, 13, 67, 55, 57, 8, 7, 78, 50, 2, 42, 17, 43, 54, 68, 29, 52, 12, 38, 71, 74, 77, 37, 59, 14, 62, 19, 16, 49, 56, 39, 51, 64, 79, 11, 18, 48, 41, 24, 21, 25, 9, 6, 27, 72, 31, 10, 22, 75, 30, 4, 15, 32, 53, 33, 44, 60, 1, 76, 3, 61, 20, 40, 69, 35, 5, 58, 0, 46, 70, 65, 28, 47, 36, 66, 34, 26, 63]
og index list energy: 139990936.44742432
index list: [72, 1, 2, 3, 4, 5, 6, 7, 8, 9, 10, 11, 12, 13, 78, 14, 15, 16, 76, 17, 18, 19, 20, 21, 22, 23, 24, 25, 26, 27, 28, 29, 30, 31, 32, 49, 33, 34, 35, 36, 37, 38, 39, 40, 41, 75, 42, 43, 44, 45, 46, 47, 48, 77, 50, 51, 52, 53, 54, 55, 56, 57, 58, 74, 59, 60, 61, 62, 63, 64, 65, 66, 67, 68, 69, 79, 70, 71, 0, 73]
index list energy: 152290.42158758297
Done


iterations: 100000000 temp: 1000000.0 exponent: 0.9 eif: 300.0
time taken (sec): 7111.245639324188
number of iterations: 100000000
final temperature: 159.26791088519815
og index list: [52, 46, 38, 64, 59, 29, 33, 75, 61, 6, 1, 35, 45, 11, 30, 32, 22, 8, 34, 53, 17, 5, 43, 69, 47, 23, 42, 58, 56, 15, 2, 9, 49, 27, 12, 7, 14, 51, 54, 66, 20, 72, 41, 13, 19, 73, 25, 26, 71, 39, 16, 36, 79, 55, 70, 28, 77, 50, 76, 10, 67, 31, 57, 3, 74, 48, 60, 21, 68, 0, 44, 18, 63, 65, 62, 78, 37, 24, 4, 40]
og index list energy: 139921766.63610566
index list: [0, 1, 2, 3, 4, 5, 6, 7, 8, 9, 10, 11, 12, 13, 75, 14, 15, 16, 78, 17, 18, 19, 20, 21, 22, 23, 24, 25, 26, 27, 28, 29, 30, 31, 32, 49, 33, 34, 35, 36, 37, 38, 39, 40, 41, 71, 74, 43, 44, 45, 46, 47, 48, 76, 50, 51, 52, 53, 54, 55, 56, 57, 58, 77, 59, 60, 61, 62, 63, 64, 65, 66, 67, 68, 69, 72, 73, 79, 42, 70]
index list energy: 175510.19904523817
Done


iterations: 100000000 temp: 1000000.0 exponent: 0.9 eif: 300.0
time taken (sec): 7448.79220533371
number of iterations: 100000000
final temperature: 159.26791088519815
og index list: [78, 34, 18, 74, 22, 50, 2, 39, 31, 33, 38, 32, 64, 75, 3, 54, 62, 13, 77, 16, 65, 27, 24, 30, 19, 14, 37, 5, 11, 10, 79, 72, 60, 68, 69, 58, 29, 45, 17, 6, 70, 61, 53, 52, 15, 76, 4, 20, 44, 0, 1, 12, 9, 48, 36, 8, 56, 21, 59, 55, 73, 57, 25, 26, 71, 46, 41, 7, 23, 43, 67, 42, 66, 40, 51, 28, 47, 63, 49, 35]
og index list energy: 157408575.04438207
index list: [0, 1, 2, 3, 4, 5, 6, 7, 8, 9, 10, 11, 12, 13, 79, 14, 15, 16, 76, 17, 18, 19, 20, 21, 22, 23, 24, 25, 26, 27, 28, 29, 30, 31, 32, 78, 33, 34, 35, 36, 37, 38, 39, 40, 41, 49, 42, 43, 44, 45, 46, 47, 48, 74, 50, 51, 52, 53, 54, 55, 56, 57, 58, 77, 59, 60, 61, 62, 63, 64, 65, 66, 67, 68, 69, 70, 71, 75, 72, 73]
index list energy: 152293.52169419697
Done


iterations: 100000000 temp: 1000000.0 exponent: 0.9 eif: 300.0
time taken (sec): 7071.146274805069
number of iterations: 100000000
final temperature: 159.26791088519815
og index list: [1, 31, 40, 14, 57, 13, 59, 77, 76, 16, 0, 53, 27, 60, 28, 71, 43, 34, 61, 18, 42, 55, 50, 68, 10, 78, 52, 25, 6, 29, 48, 26, 44, 41, 46, 45, 2, 22, 62, 64, 49, 37, 54, 24, 4, 21, 66, 30, 23, 32, 70, 7, 8, 39, 56, 79, 33, 58, 36, 75, 12, 35, 65, 69, 3, 5, 20, 38, 9, 51, 63, 11, 72, 67, 74, 47, 15, 73, 17, 19]
og index list energy: 180741884.94684193
index list: [72, 1, 2, 3, 4, 5, 6, 7, 8, 9, 10, 11, 12, 13, 75, 14, 15, 16, 76, 17, 18, 19, 20, 21, 22, 23, 24, 25, 26, 27, 28, 29, 30, 31, 32, 77, 33, 34, 35, 36, 37, 38, 39, 40, 41, 74, 42, 43, 44, 45, 46, 47, 48, 49, 50, 51, 52, 53, 54, 55, 56, 57, 58, 79, 59, 60, 61, 62, 63, 64, 65, 66, 67, 68, 69, 78, 70, 71, 0, 73]
index list energy: 151991.621587583
Done


iterations: 100000000 temp: 1000000.0 exponent: 0.9 eif: 300.0
time taken (sec): 6967.607965230942
number of iterations: 100000000
final temperature: 159.26791088519815
og index list: [71, 18, 10, 64, 21, 29, 12, 59, 63, 27, 37, 60, 23, 24, 43, 70, 38, 25, 11, 6, 35, 53, 49, 34, 74, 68, 31, 77, 50, 55, 58, 45, 36, 39, 42, 32, 40, 20, 56, 2, 44, 65, 9, 1, 41, 69, 13, 66, 48, 62, 78, 22, 19, 0, 61, 33, 47, 73, 79, 54, 8, 46, 28, 16, 5, 51, 52, 14, 72, 75, 3, 4, 76, 15, 67, 57, 26, 17, 30, 7]
og index list energy: 136101042.36040953
index list: [0, 1, 2, 3, 4, 5, 6, 7, 8, 9, 10, 11, 12, 13, 49, 14, 15, 16, 76, 17, 18, 19, 20, 21, 22, 23, 24, 25, 26, 27, 28, 29, 30, 31, 32, 77, 33, 34, 35, 36, 37, 38, 39, 40, 41, 79, 42, 43, 44, 45, 46, 47, 48, 74, 50, 51, 52, 53, 54, 55, 56, 57, 58, 75, 59, 60, 61, 62, 63, 64, 65, 66, 67, 68, 69, 70, 71, 78, 72, 73]
index list energy: 152293.52169419697
Done


iterations: 100000000 temp: 1000000.0 exponent: 0.9 eif: 300.0
time taken (sec): 6473.782630681992
number of iterations: 100000000
final temperature: 159.26791088519815
og index list: [36, 54, 59, 18, 69, 67, 31, 72, 58, 45, 33, 26, 22, 25, 5, 48, 24, 47, 29, 70, 27, 73, 46, 68, 41, 53, 60, 2, 15, 35, 78, 44, 64, 43, 61, 6, 28, 8, 75, 19, 7, 66, 40, 34, 17, 71, 50, 77, 1, 11, 3, 23, 0, 4, 65, 14, 9, 74, 76, 38, 39, 55, 56, 16, 20, 42, 52, 30, 49, 37, 62, 51, 10, 79, 12, 63, 57, 32, 21, 13]
og index list energy: 177965683.05395716
index list: [72, 1, 2, 3, 4, 5, 6, 7, 8, 9, 10, 11, 12, 13, 49, 14, 15, 16, 78, 17, 18, 19, 20, 21, 22, 23, 24, 25, 26, 27, 28, 29, 30, 31, 32, 74, 33, 34, 35, 36, 37, 38, 39, 40, 41, 75, 42, 43, 44, 45, 46, 47, 48, 79, 50, 51, 52, 53, 54, 55, 56, 57, 58, 77, 59, 60, 61, 62, 63, 64, 65, 66, 67, 68, 69, 76, 70, 71, 0, 73]
index list energy: 152290.42158758297
Done


iterations: 100000000 temp: 1000000.0 exponent: 0.9 eif: 300.0
time taken (sec): 911.3231954574585
number of iterations: 25212978
final temperature: 47101.28697246247
og index list: [20, 5, 3, 44, 34, 53, 28, 63, 9, 60, 35, 67, 12, 4, 46, 43, 18, 75, 74, 56, 2, 26, 33, 54, 73, 36, 39, 79, 23, 1, 25, 11, 77, 7, 27, 22, 72, 65, 8, 14, 64, 38, 50, 6, 76, 42, 29, 19, 13, 45, 48, 57, 17, 31, 66, 70, 52, 59, 49, 21, 51, 16, 40, 0, 68, 78, 71, 15, 69, 10, 55, 58, 61, 47, 62, 30, 24, 41, 37, 32]
og index list energy: 134799117.9815388
index list: [50, 11, 76, 47, 46, 16, 53, 78, 43, 3, 79, 42, 33, 34, 35, 9, 10, 72, 39, 40, 32, 12, 13, 36, 22, 23, 24, 25, 26, 27, 28, 29, 30, 31, 51, 69, 70, 71, 5, 63, 55, 56, 77, 14, 15, 44, 45, 6, 7, 8, 1, 2, 49, 20, 57, 48, 52, 75, 58, 74, 67, 68, 59, 0, 19, 60, 61, 62, 54, 64, 65, 66, 17, 18, 41, 21, 37, 38, 73, 4]
index list energy: 2656837.9977904772
Done


program ended at: 2020-03-30 09:19:56.249815 
 time delta: 11:57:59.990560
