## SLURM PROLOG ###############################################################
##    Job ID : 11508632
##  Job Name : verifying_2np4_works
##  Nodelist : node1140
##      CPUs : 1
##  Mem/Node : 1024 MB
## Directory : /gpfs/data/nfawzi/skale/Fawzi_pycharm_project
##   Started : Sun Mar 29 21:21:24 EDT 2020
###############################################################################
program started at:2020-03-29 21:21:24.551084
iterations: 100000000 temp: 1000000.0 exponent: 0.9 eif: 300.0
time taken (sec): 9142.575458526611
number of iterations: 100000000
final temperature: 159.26791088519815
og index list: [12, 39, 23, 7, 32, 76, 66, 3, 38, 22, 53, 70, 13, 14, 58, 17, 36, 0, 44, 33, 19, 35, 29, 5, 68, 21, 16, 51, 4, 72, 56, 24, 49, 67, 48, 37, 60, 46, 26, 50, 54, 28, 45, 61, 55, 43, 27, 47, 71, 8, 25, 42, 59, 57, 34, 62, 63, 65, 6, 77, 1, 52, 64, 79, 41, 78, 20, 10, 74, 69, 73, 11, 31, 75, 9, 18, 15, 30, 40, 2]
og index list energy: 140190299.0240071
index list: [72, 1, 2, 3, 4, 5, 6, 7, 8, 9, 10, 11, 12, 13, 75, 14, 15, 16, 76, 17, 18, 19, 20, 21, 22, 23, 24, 25, 26, 27, 28, 29, 30, 31, 77, 42, 33, 34, 35, 36, 37, 38, 39, 40, 41, 71, 74, 43, 44, 45, 46, 47, 48, 49, 50, 51, 52, 53, 54, 55, 56, 57, 58, 78, 59, 60, 61, 62, 63, 64, 65, 66, 67, 68, 69, 70, 79, 32, 0, 73]
index list energy: 171278.36464737443
Done


iterations: 100000000 temp: 1000000.0 exponent: 0.9 eif: 300.0
time taken (sec): 9957.430535316467
number of iterations: 100000000
final temperature: 159.26791088519815
og index list: [77, 3, 75, 51, 71, 46, 27, 31, 5, 13, 2, 62, 22, 60, 9, 54, 49, 58, 16, 40, 70, 67, 11, 34, 43, 45, 12, 32, 15, 8, 39, 63, 20, 57, 23, 59, 28, 41, 76, 38, 69, 56, 26, 25, 36, 72, 17, 29, 0, 24, 6, 44, 18, 73, 65, 68, 74, 42, 50, 33, 48, 19, 21, 10, 61, 1, 78, 37, 66, 14, 35, 53, 52, 4, 7, 30, 64, 55, 79, 47]
og index list energy: 140027706.91083685
index list: [72, 1, 2, 3, 4, 5, 6, 7, 8, 9, 10, 11, 12, 13, 77, 14, 15, 16, 75, 17, 18, 19, 20, 21, 22, 23, 24, 25, 26, 27, 28, 29, 30, 31, 32, 78, 33, 34, 35, 36, 37, 38, 39, 40, 41, 49, 42, 43, 44, 45, 46, 47, 48, 76, 50, 51, 52, 53, 54, 55, 56, 57, 58, 74, 59, 60, 61, 62, 63, 64, 65, 66, 67, 68, 69, 70, 71, 0, 79, 73]
index list energy: 154829.82947353355
Done


iterations: 100000000 temp: 1000000.0 exponent: 0.9 eif: 300.0
time taken (sec): 9502.58128285408
number of iterations: 100000000
final temperature: 159.26791088519815
og index list: [27, 72, 54, 35, 36, 10, 15, 41, 3, 22, 73, 69, 1, 34, 67, 0, 21, 79, 70, 2, 58, 25, 74, 68, 44, 8, 63, 57, 7, 33, 23, 59, 56, 77, 47, 13, 31, 71, 53, 62, 4, 39, 9, 28, 20, 66, 48, 14, 37, 24, 40, 18, 30, 43, 19, 5, 11, 12, 76, 50, 32, 29, 61, 38, 42, 52, 65, 64, 17, 75, 26, 78, 60, 46, 49, 55, 51, 6, 45, 16]
og index list energy: 168124991.25844684
index list: [72, 1, 2, 3, 4, 5, 6, 7, 8, 9, 10, 11, 12, 13, 78, 14, 15, 16, 49, 17, 18, 19, 20, 21, 22, 23, 24, 25, 26, 27, 28, 29, 30, 31, 32, 77, 33, 34, 35, 36, 37, 38, 39, 40, 41, 74, 42, 43, 44, 45, 46, 47, 48, 75, 50, 51, 52, 53, 54, 55, 56, 57, 58, 76, 59, 60, 61, 62, 63, 64, 65, 66, 67, 68, 69, 79, 70, 71, 0, 73]
index list energy: 152290.42158758297
Done


iterations: 100000000 temp: 1000000.0 exponent: 0.9 eif: 300.0
time taken (sec): 9206.818189620972
number of iterations: 100000000
final temperature: 159.26791088519815
og index list: [54, 73, 47, 38, 11, 77, 0, 39, 26, 60, 72, 15, 63, 57, 70, 9, 4, 74, 31, 46, 58, 76, 6, 53, 35, 22, 71, 34, 50, 12, 79, 56, 10, 66, 13, 24, 28, 14, 55, 68, 48, 18, 23, 40, 36, 5, 52, 75, 64, 20, 21, 43, 42, 44, 45, 16, 37, 27, 17, 19, 61, 32, 51, 29, 69, 30, 62, 3, 78, 67, 41, 33, 8, 1, 7, 25, 59, 2, 49, 65]
og index list energy: 126460262.72428244
index list: [0, 1, 2, 3, 4, 5, 6, 7, 8, 9, 10, 11, 12, 13, 79, 14, 15, 16, 49, 17, 18, 19, 20, 21, 22, 23, 24, 25, 26, 27, 28, 29, 30, 31, 32, 74, 33, 34, 35, 36, 37, 38, 39, 40, 41, 77, 42, 43, 44, 45, 46, 47, 48, 78, 50, 51, 52, 53, 54, 55, 56, 57, 58, 75, 59, 60, 61, 62, 63, 64, 65, 66, 67, 68, 69, 70, 71, 76, 72, 73]
index list energy: 152293.52169419697
Done


iterations: 100000000 temp: 1000000.0 exponent: 0.9 eif: 300.0
time taken (sec): 5270.459136724472
number of iterations: 65885017
final temperature: 1310.0205086376218
og index list: [69, 50, 44, 40, 14, 57, 13, 10, 1, 5, 33, 68, 60, 34, 52, 59, 15, 27, 29, 7, 19, 79, 56, 75, 28, 12, 70, 62, 63, 11, 64, 41, 67, 6, 35, 58, 78, 55, 24, 71, 26, 53, 4, 17, 66, 36, 43, 18, 39, 38, 42, 37, 3, 45, 21, 61, 8, 9, 51, 23, 49, 22, 46, 20, 31, 76, 30, 65, 25, 54, 0, 73, 48, 74, 16, 47, 2, 77, 32, 72]
og index list energy: 146850327.7058615
index list: [0, 1, 2, 3, 4, 5, 6, 7, 8, 9, 10, 11, 12, 13, 78, 14, 15, 16, 76, 17, 18, 19, 20, 21, 22, 23, 24, 25, 26, 27, 28, 29, 30, 31, 32, 49, 33, 34, 35, 36, 37, 38, 39, 40, 41, 71, 74, 43, 44, 45, 46, 47, 48, 79, 50, 51, 52, 53, 54, 55, 56, 57, 58, 77, 59, 60, 61, 62, 63, 64, 65, 66, 67, 68, 69, 70, 75, 42, 72, 73]
index list energy: 160416.50127390915
Done


program ended at: 2020-03-30 09:19:24.543970 
 time delta: 11:57:59.992886
