## SLURM PROLOG ###############################################################
##    Job ID : 11508669
##  Job Name : verifying_2np4_works
##  Nodelist : node1113
##      CPUs : 1
##  Mem/Node : 1024 MB
## Directory : /gpfs/data/nfawzi/skale/Fawzi_pycharm_project
##   Started : Sun Mar 29 21:21:51 EDT 2020
###############################################################################
program started at:2020-03-29 21:21:52.021650
iterations: 100000000 temp: 1000000.0 exponent: 0.9 eif: 300.0
time taken (sec): 7537.527478218079
number of iterations: 100000000
final temperature: 159.26791088519815
og index list: [47, 70, 18, 53, 36, 34, 58, 44, 7, 20, 3, 45, 8, 28, 6, 23, 32, 11, 79, 71, 10, 33, 38, 9, 51, 67, 77, 59, 42, 69, 73, 5, 24, 54, 15, 75, 64, 1, 39, 60, 13, 76, 27, 63, 16, 37, 40, 14, 30, 25, 19, 0, 2, 26, 65, 61, 35, 49, 21, 48, 74, 52, 46, 4, 72, 68, 43, 66, 22, 78, 57, 55, 12, 62, 31, 29, 41, 50, 17, 56]
og index list energy: 170167744.84683755
index list: [70, 77, 2, 3, 4, 5, 6, 7, 8, 9, 10, 11, 12, 13, 74, 14, 15, 16, 49, 17, 18, 19, 20, 21, 22, 23, 24, 25, 26, 27, 28, 29, 30, 31, 32, 76, 33, 34, 35, 36, 37, 38, 39, 40, 41, 71, 78, 43, 44, 45, 46, 47, 48, 75, 50, 51, 52, 53, 54, 55, 56, 57, 58, 79, 59, 60, 61, 62, 63, 64, 65, 66, 67, 68, 69, 42, 72, 73, 0, 1]
index list energy: 205340.0514448498
Done


iterations: 100000000 temp: 1000000.0 exponent: 0.9 eif: 300.0
time taken (sec): 7586.456284761429
number of iterations: 100000000
final temperature: 159.26791088519815
og index list: [26, 72, 24, 20, 67, 68, 71, 9, 59, 57, 1, 76, 31, 70, 45, 79, 25, 64, 65, 55, 27, 4, 0, 51, 13, 40, 43, 29, 49, 17, 38, 37, 5, 75, 28, 21, 62, 58, 11, 52, 41, 78, 6, 44, 16, 46, 56, 33, 14, 66, 63, 54, 23, 8, 53, 69, 18, 61, 77, 2, 22, 3, 10, 74, 42, 19, 60, 30, 39, 47, 35, 7, 32, 50, 36, 73, 12, 15, 48, 34]
og index list energy: 131215095.22779875
index list: [72, 1, 2, 3, 4, 5, 6, 7, 8, 9, 10, 11, 12, 13, 74, 14, 15, 16, 78, 17, 18, 19, 20, 21, 22, 23, 24, 25, 26, 27, 28, 29, 30, 31, 32, 49, 33, 34, 35, 36, 37, 38, 39, 40, 41, 76, 42, 43, 44, 45, 46, 47, 48, 75, 50, 51, 52, 53, 54, 55, 56, 57, 58, 77, 59, 60, 61, 62, 63, 64, 65, 66, 67, 68, 69, 79, 70, 71, 0, 73]
index list energy: 152290.42158758297
Done


iterations: 100000000 temp: 1000000.0 exponent: 0.9 eif: 300.0
time taken (sec): 7417.835500955582
number of iterations: 100000000
final temperature: 159.26791088519815
og index list: [62, 22, 36, 71, 40, 3, 0, 34, 72, 32, 69, 66, 41, 18, 79, 67, 78, 8, 11, 73, 63, 19, 4, 13, 15, 55, 59, 26, 27, 56, 49, 23, 25, 54, 12, 35, 44, 33, 75, 2, 47, 45, 57, 65, 74, 20, 17, 6, 43, 50, 1, 30, 76, 39, 46, 14, 68, 70, 16, 7, 48, 24, 10, 37, 31, 52, 21, 28, 53, 9, 5, 61, 60, 58, 77, 29, 42, 64, 38, 51]
og index list energy: 105195011.0903963
index list: [72, 1, 2, 3, 4, 5, 6, 7, 8, 9, 10, 11, 12, 13, 75, 14, 15, 16, 76, 17, 18, 19, 20, 21, 22, 23, 24, 25, 26, 27, 28, 29, 30, 31, 32, 79, 33, 34, 35, 36, 37, 38, 39, 40, 41, 77, 42, 43, 44, 45, 46, 47, 48, 78, 50, 51, 52, 53, 54, 55, 56, 57, 58, 49, 59, 60, 61, 62, 63, 64, 65, 66, 67, 68, 69, 74, 70, 71, 0, 73]
index list energy: 152290.42158758297
Done


iterations: 100000000 temp: 1000000.0 exponent: 0.9 eif: 300.0
time taken (sec): 7446.344192028046
number of iterations: 100000000
final temperature: 159.26791088519815
og index list: [75, 4, 68, 67, 37, 31, 51, 39, 18, 9, 60, 55, 27, 47, 46, 54, 38, 12, 69, 62, 34, 1, 22, 52, 74, 70, 30, 65, 26, 58, 0, 32, 15, 11, 40, 57, 72, 53, 10, 61, 35, 8, 25, 23, 29, 64, 44, 16, 56, 43, 28, 3, 33, 77, 45, 7, 14, 13, 63, 20, 6, 49, 48, 42, 71, 66, 73, 5, 59, 19, 78, 79, 2, 41, 17, 21, 76, 36, 24, 50]
og index list energy: 130800595.8781311
index list: [72, 1, 2, 3, 4, 5, 6, 7, 8, 9, 10, 11, 12, 13, 76, 14, 15, 16, 77, 17, 18, 19, 20, 21, 22, 23, 24, 25, 26, 27, 28, 29, 30, 31, 32, 78, 33, 34, 35, 36, 37, 38, 39, 40, 41, 79, 42, 43, 44, 45, 46, 47, 48, 75, 50, 51, 52, 53, 54, 55, 56, 57, 58, 49, 59, 60, 61, 62, 63, 64, 65, 66, 67, 68, 69, 74, 70, 71, 0, 73]
index list energy: 152290.42158758297
Done


iterations: 100000000 temp: 1000000.0 exponent: 0.9 eif: 300.0
time taken (sec): 7718.696870803833
number of iterations: 100000000
final temperature: 159.26791088519815
og index list: [75, 33, 46, 18, 71, 35, 32, 47, 4, 50, 41, 15, 42, 13, 3, 77, 54, 17, 30, 62, 74, 36, 7, 27, 38, 8, 59, 57, 73, 14, 40, 56, 51, 53, 43, 58, 78, 28, 31, 37, 60, 26, 9, 12, 34, 2, 66, 21, 1, 24, 67, 6, 61, 79, 64, 45, 16, 0, 68, 11, 20, 69, 25, 29, 19, 72, 39, 65, 55, 52, 70, 48, 22, 5, 49, 23, 10, 44, 76, 63]
og index list energy: 137579097.17184043
index list: [0, 1, 2, 3, 4, 5, 6, 7, 8, 9, 10, 11, 12, 13, 79, 14, 15, 16, 78, 17, 18, 19, 20, 21, 22, 23, 24, 25, 26, 27, 28, 29, 30, 31, 32, 75, 33, 34, 35, 36, 37, 38, 39, 40, 41, 49, 42, 43, 44, 45, 46, 47, 48, 77, 50, 51, 52, 53, 54, 55, 56, 57, 58, 74, 59, 60, 61, 62, 63, 64, 65, 66, 67, 68, 69, 70, 71, 76, 72, 73]
index list energy: 152293.52169419697
Done


iterations: 100000000 temp: 1000000.0 exponent: 0.9 eif: 300.0
time taken (sec): 5373.010209798813
number of iterations: 74700911
final temperature: 696.1986091308864
og index list: [52, 75, 12, 41, 55, 47, 50, 0, 11, 67, 57, 19, 2, 63, 29, 49, 25, 34, 42, 68, 38, 26, 18, 39, 3, 77, 23, 71, 58, 20, 70, 5, 54, 17, 43, 13, 79, 72, 46, 66, 73, 37, 53, 6, 27, 69, 65, 40, 59, 44, 45, 9, 31, 22, 51, 7, 8, 30, 33, 76, 24, 16, 62, 74, 14, 21, 32, 78, 48, 36, 15, 4, 10, 28, 61, 1, 56, 64, 35, 60]
og index list energy: 114788656.59888616
index list: [0, 1, 2, 3, 4, 5, 6, 7, 8, 9, 10, 11, 12, 13, 78, 14, 15, 16, 74, 17, 18, 19, 20, 21, 22, 23, 24, 25, 26, 27, 28, 29, 30, 31, 32, 79, 33, 34, 35, 36, 37, 38, 39, 40, 41, 75, 42, 43, 44, 45, 46, 47, 48, 77, 50, 51, 52, 53, 54, 55, 56, 57, 58, 49, 59, 60, 61, 62, 63, 64, 65, 66, 67, 68, 69, 70, 71, 76, 72, 73]
index list energy: 152293.52169419697
Done


program ended at: 2020-03-30 09:19:52.015530 
 time delta: 11:57:59.993880
