## SLURM PROLOG ###############################################################
##    Job ID : 11508663
##  Job Name : verifying_2np4_works
##  Nodelist : node1126
##      CPUs : 1
##  Mem/Node : 1024 MB
## Directory : /gpfs/data/nfawzi/skale/Fawzi_pycharm_project
##   Started : Sun Mar 29 21:21:50 EDT 2020
###############################################################################
program started at:2020-03-29 21:21:51.465161
iterations: 100000000 temp: 1000000.0 exponent: 0.9 eif: 300.0
time taken (sec): 7635.873818159103
number of iterations: 100000000
final temperature: 159.26791088519815
og index list: [22, 26, 9, 29, 78, 61, 73, 44, 41, 7, 12, 79, 74, 72, 3, 51, 13, 71, 58, 64, 19, 60, 21, 18, 43, 38, 52, 63, 68, 11, 76, 49, 56, 62, 25, 65, 50, 16, 36, 53, 30, 5, 55, 42, 0, 77, 10, 8, 37, 31, 35, 67, 48, 28, 69, 45, 23, 46, 40, 59, 6, 15, 75, 27, 14, 34, 2, 24, 20, 57, 1, 54, 17, 33, 47, 4, 32, 39, 70, 66]
og index list energy: 203440465.03460214
index list: [0, 1, 2, 3, 4, 5, 6, 7, 8, 9, 10, 11, 12, 13, 78, 14, 15, 16, 76, 17, 18, 19, 20, 21, 22, 23, 24, 25, 26, 27, 28, 29, 30, 31, 32, 79, 33, 34, 35, 36, 37, 38, 39, 40, 41, 49, 42, 43, 44, 45, 46, 47, 48, 75, 50, 51, 52, 53, 54, 55, 56, 57, 58, 74, 59, 60, 61, 62, 63, 64, 65, 66, 67, 68, 69, 70, 71, 77, 72, 73]
index list energy: 152293.52169419697
Done


iterations: 100000000 temp: 1000000.0 exponent: 0.9 eif: 300.0
time taken (sec): 6947.21509885788
number of iterations: 100000000
final temperature: 159.26791088519815
og index list: [31, 25, 50, 6, 54, 8, 42, 57, 44, 72, 38, 64, 18, 66, 70, 47, 37, 16, 34, 33, 58, 28, 53, 49, 78, 36, 21, 51, 77, 1, 10, 65, 20, 48, 11, 46, 52, 39, 56, 3, 71, 43, 79, 67, 41, 32, 35, 76, 59, 12, 75, 7, 24, 5, 15, 73, 9, 2, 30, 22, 68, 29, 17, 26, 14, 74, 19, 4, 69, 55, 63, 40, 62, 0, 27, 13, 60, 23, 45, 61]
og index list energy: 178034856.17794797
index list: [72, 1, 2, 3, 4, 5, 6, 7, 8, 9, 10, 11, 12, 13, 78, 14, 15, 16, 49, 17, 18, 19, 20, 21, 22, 23, 24, 25, 26, 27, 28, 29, 30, 31, 32, 74, 33, 34, 35, 36, 37, 38, 39, 40, 41, 75, 42, 43, 44, 45, 46, 47, 48, 77, 50, 51, 52, 53, 54, 55, 56, 57, 58, 76, 59, 60, 61, 62, 63, 64, 65, 66, 67, 68, 69, 79, 70, 71, 0, 73]
index list energy: 152290.42158758297
Done


iterations: 100000000 temp: 1000000.0 exponent: 0.9 eif: 300.0
time taken (sec): 7140.638535261154
number of iterations: 100000000
final temperature: 159.26791088519815
og index list: [74, 15, 40, 31, 51, 28, 32, 0, 8, 22, 35, 21, 39, 34, 65, 4, 70, 7, 33, 50, 5, 24, 58, 42, 29, 46, 27, 2, 3, 59, 73, 60, 25, 44, 38, 10, 47, 20, 11, 48, 23, 53, 55, 19, 71, 62, 78, 56, 63, 45, 37, 77, 79, 36, 43, 17, 75, 67, 14, 13, 30, 1, 54, 68, 41, 72, 9, 64, 6, 16, 18, 69, 57, 52, 76, 12, 66, 61, 26, 49]
og index list energy: 168162343.82533896
index list: [0, 1, 2, 3, 4, 5, 6, 7, 8, 9, 10, 11, 12, 13, 78, 14, 15, 16, 79, 17, 18, 19, 20, 21, 22, 23, 24, 25, 26, 27, 28, 29, 30, 31, 32, 77, 33, 34, 35, 36, 37, 38, 39, 40, 41, 49, 42, 43, 44, 45, 46, 47, 48, 74, 50, 51, 52, 53, 54, 55, 56, 57, 58, 75, 59, 60, 61, 62, 63, 64, 65, 66, 67, 68, 69, 70, 71, 76, 72, 73]
index list energy: 152293.52169419697
Done


iterations: 100000000 temp: 1000000.0 exponent: 0.9 eif: 300.0
time taken (sec): 6904.959338188171
number of iterations: 100000000
final temperature: 159.26791088519815
og index list: [35, 38, 47, 24, 26, 7, 10, 23, 59, 45, 18, 37, 41, 4, 62, 20, 5, 54, 30, 3, 28, 72, 12, 15, 40, 44, 2, 21, 13, 64, 36, 33, 14, 71, 74, 78, 69, 67, 65, 75, 51, 46, 25, 22, 53, 73, 27, 63, 6, 77, 29, 55, 31, 57, 79, 32, 50, 48, 52, 17, 68, 1, 61, 16, 34, 70, 8, 49, 11, 43, 56, 0, 58, 19, 39, 42, 66, 9, 60, 76]
og index list energy: 168014870.3570033
index list: [0, 1, 2, 3, 4, 5, 6, 7, 8, 9, 10, 11, 12, 13, 75, 14, 15, 16, 76, 17, 18, 19, 20, 21, 22, 23, 24, 25, 26, 27, 28, 29, 30, 31, 32, 78, 33, 34, 35, 36, 37, 38, 39, 40, 41, 71, 74, 43, 44, 45, 46, 47, 48, 77, 50, 51, 52, 53, 54, 55, 56, 57, 58, 49, 59, 60, 61, 62, 63, 64, 65, 66, 67, 68, 69, 70, 79, 42, 72, 73]
index list energy: 160416.50127390915
Done


iterations: 100000000 temp: 1000000.0 exponent: 0.9 eif: 300.0
time taken (sec): 7110.551699638367
number of iterations: 100000000
final temperature: 159.26791088519815
og index list: [49, 74, 17, 55, 20, 71, 18, 3, 64, 31, 46, 16, 67, 32, 65, 77, 26, 44, 57, 14, 8, 4, 10, 79, 15, 1, 9, 78, 0, 51, 43, 63, 29, 50, 41, 2, 11, 68, 34, 73, 25, 19, 33, 54, 38, 23, 13, 56, 40, 48, 69, 7, 66, 36, 72, 27, 47, 52, 24, 70, 37, 62, 21, 6, 28, 58, 5, 59, 76, 39, 53, 12, 60, 45, 42, 30, 61, 22, 75, 35]
og index list energy: 125311994.23770303
index list: [0, 1, 2, 3, 4, 5, 6, 7, 8, 9, 10, 11, 12, 13, 78, 14, 15, 16, 79, 17, 18, 19, 20, 21, 22, 23, 24, 25, 26, 27, 28, 29, 30, 31, 32, 77, 33, 34, 35, 36, 37, 38, 39, 40, 41, 49, 42, 43, 44, 45, 46, 47, 48, 74, 50, 51, 52, 53, 54, 55, 56, 57, 58, 75, 59, 60, 61, 62, 63, 64, 65, 66, 67, 68, 69, 70, 71, 76, 72, 73]
index list energy: 152293.52169419697
Done


iterations: 100000000 temp: 1000000.0 exponent: 0.9 eif: 300.0
time taken (sec): 6549.791144371033
number of iterations: 100000000
final temperature: 159.26791088519815
og index list: [18, 0, 2, 24, 32, 74, 29, 40, 13, 34, 22, 58, 41, 55, 47, 27, 15, 63, 62, 48, 59, 67, 64, 25, 9, 68, 75, 66, 54, 77, 6, 71, 1, 12, 61, 20, 56, 78, 8, 46, 26, 43, 11, 73, 21, 23, 60, 45, 10, 36, 52, 28, 53, 7, 35, 5, 4, 44, 79, 69, 51, 31, 70, 72, 49, 17, 57, 19, 14, 3, 42, 38, 76, 37, 39, 30, 50, 33, 16, 65]
og index list energy: 159407790.36490515
index list: [72, 1, 2, 3, 4, 5, 6, 7, 8, 9, 10, 11, 12, 13, 76, 14, 15, 16, 75, 17, 18, 19, 20, 21, 22, 23, 24, 25, 26, 27, 28, 29, 30, 31, 74, 42, 33, 34, 35, 36, 37, 38, 39, 40, 41, 71, 77, 43, 44, 45, 46, 47, 48, 49, 50, 51, 52, 53, 54, 55, 56, 57, 58, 78, 59, 60, 61, 62, 63, 64, 65, 66, 67, 68, 69, 70, 79, 32, 0, 73]
index list energy: 171278.36464737443
Done


iterations: 100000000 temp: 1000000.0 exponent: 0.9 eif: 300.0
time taken (sec): 790.8309094905853
number of iterations: 21548066
final temperature: 71789.79876918529
og index list: [57, 70, 36, 14, 32, 48, 62, 59, 64, 4, 10, 35, 25, 60, 34, 49, 30, 26, 16, 78, 38, 43, 8, 11, 65, 28, 44, 15, 19, 17, 71, 18, 76, 77, 40, 47, 37, 41, 5, 46, 27, 33, 53, 22, 67, 12, 29, 73, 2, 58, 13, 6, 24, 7, 50, 55, 69, 1, 61, 39, 75, 31, 42, 20, 74, 9, 45, 54, 66, 56, 23, 0, 79, 63, 3, 21, 52, 51, 68, 72]
og index list energy: 157048648.55041856
index list: [54, 55, 56, 5, 11, 12, 13, 6, 7, 8, 73, 79, 38, 48, 34, 35, 41, 71, 68, 72, 70, 78, 42, 33, 22, 23, 67, 25, 26, 27, 28, 29, 30, 31, 9, 52, 24, 77, 53, 45, 36, 62, 75, 47, 69, 59, 10, 32, 66, 43, 14, 0, 58, 50, 46, 16, 44, 51, 21, 64, 65, 40, 3, 15, 39, 4, 60, 61, 74, 37, 76, 17, 18, 1, 2, 63, 49, 19, 20, 57]
index list energy: 4001940.50435221
Done


program ended at: 2020-03-30 09:19:51.455276 
 time delta: 11:57:59.990115
