## SLURM PROLOG ###############################################################
##    Job ID : 11508684
##  Job Name : verifying_2np4_works
##  Nodelist : node1127
##      CPUs : 1
##  Mem/Node : 1024 MB
## Directory : /gpfs/data/nfawzi/skale/Fawzi_pycharm_project
##   Started : Sun Mar 29 21:21:51 EDT 2020
###############################################################################
program started at:2020-03-29 21:21:51.931969
iterations: 100000000 temp: 1000000.0 exponent: 0.9 eif: 300.0
time taken (sec): 8989.74695611
number of iterations: 100000000
final temperature: 159.26791088519815
og index list: [11, 16, 36, 19, 67, 10, 61, 50, 32, 47, 42, 43, 62, 58, 26, 79, 28, 66, 78, 31, 56, 75, 64, 33, 37, 48, 45, 46, 38, 1, 8, 71, 69, 3, 0, 68, 9, 6, 73, 22, 30, 57, 72, 55, 49, 25, 2, 5, 13, 15, 18, 60, 74, 44, 24, 4, 14, 41, 17, 21, 51, 54, 76, 77, 59, 27, 12, 70, 7, 29, 34, 52, 35, 63, 39, 65, 53, 20, 40, 23]
og index list energy: 112564782.18621975
index list: [72, 1, 2, 3, 4, 5, 6, 7, 8, 9, 10, 11, 12, 13, 75, 14, 15, 16, 49, 17, 18, 19, 20, 21, 22, 23, 24, 25, 26, 27, 28, 29, 30, 31, 32, 76, 33, 34, 35, 36, 37, 38, 39, 40, 41, 79, 42, 43, 44, 45, 46, 47, 48, 77, 50, 51, 52, 53, 54, 55, 56, 57, 58, 78, 59, 60, 61, 62, 63, 64, 65, 66, 67, 68, 69, 74, 70, 71, 0, 73]
index list energy: 152290.42158758297
Done


iterations: 100000000 temp: 1000000.0 exponent: 0.9 eif: 300.0
time taken (sec): 9111.31145143509
number of iterations: 100000000
final temperature: 159.26791088519815
og index list: [15, 53, 70, 28, 34, 18, 52, 24, 13, 59, 44, 47, 76, 38, 50, 19, 71, 3, 58, 49, 67, 33, 72, 23, 65, 9, 2, 1, 64, 48, 60, 29, 25, 78, 43, 17, 62, 46, 5, 54, 27, 41, 4, 22, 32, 74, 21, 12, 68, 63, 77, 31, 73, 16, 35, 75, 7, 69, 45, 55, 42, 20, 8, 51, 14, 39, 56, 0, 6, 61, 30, 10, 66, 36, 57, 11, 40, 26, 79, 37]
og index list energy: 142243220.8556297
index list: [72, 1, 2, 3, 4, 5, 6, 7, 8, 9, 10, 11, 12, 13, 49, 14, 15, 16, 75, 17, 18, 19, 20, 21, 22, 23, 24, 25, 26, 27, 28, 29, 30, 31, 32, 77, 33, 34, 35, 36, 37, 38, 39, 40, 41, 76, 42, 43, 44, 45, 46, 47, 48, 79, 50, 51, 52, 53, 54, 55, 56, 57, 58, 78, 59, 60, 61, 62, 63, 64, 65, 66, 67, 68, 69, 74, 70, 71, 0, 73]
index list energy: 152290.42158758297
Done


iterations: 100000000 temp: 1000000.0 exponent: 0.9 eif: 300.0
time taken (sec): 8798.787238121033
number of iterations: 100000000
final temperature: 159.26791088519815
og index list: [68, 29, 38, 67, 62, 75, 39, 53, 70, 12, 27, 21, 52, 47, 3, 10, 48, 33, 41, 2, 69, 42, 23, 58, 64, 63, 11, 16, 32, 51, 19, 44, 7, 1, 5, 36, 35, 17, 60, 79, 22, 78, 59, 14, 8, 45, 34, 0, 72, 54, 56, 61, 20, 50, 77, 66, 15, 57, 55, 71, 4, 26, 9, 46, 49, 6, 13, 40, 37, 31, 73, 65, 76, 18, 24, 43, 25, 74, 30, 28]
og index list energy: 136995183.51077133
index list: [72, 1, 2, 3, 4, 5, 6, 7, 8, 9, 10, 11, 12, 13, 78, 14, 15, 16, 74, 17, 18, 19, 20, 21, 22, 23, 24, 25, 26, 27, 28, 29, 30, 31, 32, 49, 33, 34, 35, 36, 37, 38, 39, 40, 79, 42, 70, 76, 44, 45, 46, 47, 48, 75, 50, 51, 52, 53, 54, 55, 56, 57, 58, 77, 59, 60, 61, 62, 63, 64, 65, 66, 67, 68, 69, 43, 41, 71, 0, 73]
index list energy: 221674.33644843317
Done


iterations: 100000000 temp: 1000000.0 exponent: 0.9 eif: 300.0
time taken (sec): 9139.168688058853
number of iterations: 100000000
final temperature: 159.26791088519815
og index list: [16, 0, 17, 48, 52, 74, 25, 45, 69, 72, 42, 36, 56, 40, 70, 47, 63, 79, 59, 21, 29, 67, 18, 38, 15, 7, 22, 65, 71, 3, 13, 1, 78, 53, 12, 64, 77, 58, 10, 35, 6, 23, 2, 60, 30, 31, 62, 76, 8, 9, 54, 39, 24, 43, 11, 73, 20, 61, 46, 33, 28, 34, 26, 75, 50, 55, 32, 14, 49, 66, 37, 41, 5, 4, 51, 44, 57, 27, 19, 68]
og index list energy: 172758670.4871357
index list: [0, 1, 2, 3, 4, 5, 6, 7, 8, 9, 10, 11, 12, 13, 79, 14, 15, 16, 49, 17, 18, 19, 20, 21, 22, 23, 24, 25, 26, 27, 28, 29, 30, 31, 32, 74, 33, 34, 35, 36, 37, 38, 39, 40, 41, 71, 75, 43, 44, 45, 46, 47, 48, 77, 50, 51, 52, 53, 54, 55, 56, 57, 58, 76, 59, 60, 61, 62, 63, 64, 65, 66, 67, 68, 69, 70, 78, 42, 72, 73]
index list energy: 160416.50127390915
Done


iterations: 100000000 temp: 1000000.0 exponent: 0.9 eif: 300.0
time taken (sec): 7040.810600757599
number of iterations: 80042858
final temperature: 507.5287860564163
og index list: [73, 72, 5, 43, 74, 45, 39, 24, 28, 41, 20, 26, 44, 75, 58, 13, 1, 78, 57, 63, 76, 48, 14, 32, 15, 62, 55, 27, 67, 53, 18, 59, 22, 36, 29, 38, 34, 33, 12, 17, 46, 4, 16, 2, 49, 69, 10, 8, 61, 30, 19, 60, 0, 7, 11, 6, 71, 54, 31, 47, 56, 68, 35, 25, 42, 9, 40, 21, 50, 65, 51, 52, 37, 23, 64, 79, 3, 66, 70, 77]
og index list energy: 167658604.42210475
index list: [72, 1, 2, 3, 4, 5, 6, 7, 8, 9, 10, 11, 12, 13, 49, 14, 15, 16, 78, 17, 18, 19, 20, 21, 22, 23, 24, 25, 26, 27, 28, 29, 30, 31, 32, 77, 33, 34, 35, 36, 37, 38, 39, 40, 41, 0, 73, 75, 44, 45, 46, 47, 48, 79, 50, 51, 52, 53, 54, 55, 56, 57, 58, 76, 59, 60, 61, 62, 63, 64, 65, 66, 67, 68, 69, 70, 71, 74, 42, 43]
index list energy: 173495.1778064098
Done


program ended at: 2020-03-30 09:19:51.925099 
 time delta: 11:57:59.993130
