## SLURM PROLOG ###############################################################
##    Job ID : 11508645
##  Job Name : verifying_2np4_works
##  Nodelist : node1143
##      CPUs : 1
##  Mem/Node : 1024 MB
## Directory : /gpfs/data/nfawzi/skale/Fawzi_pycharm_project
##   Started : Sun Mar 29 21:21:22 EDT 2020
###############################################################################
program started at:2020-03-29 21:21:23.273246
iterations: 100000000 temp: 1000000.0 exponent: 0.9 eif: 300.0
time taken (sec): 8519.839137077332
number of iterations: 100000000
final temperature: 159.26791088519815
og index list: [30, 24, 2, 52, 42, 39, 73, 49, 4, 34, 63, 9, 53, 32, 69, 65, 78, 47, 54, 6, 64, 45, 59, 17, 3, 70, 22, 26, 75, 28, 27, 20, 14, 68, 33, 10, 77, 56, 50, 36, 23, 61, 31, 66, 11, 55, 21, 51, 41, 79, 57, 74, 0, 29, 40, 37, 19, 38, 25, 46, 15, 35, 71, 13, 48, 72, 12, 16, 8, 62, 67, 76, 1, 44, 43, 5, 7, 18, 58, 60]
og index list energy: 119792615.7426772
index list: [72, 1, 2, 3, 4, 5, 6, 7, 8, 9, 10, 11, 12, 13, 49, 14, 15, 16, 77, 17, 18, 19, 20, 21, 22, 23, 24, 25, 26, 27, 28, 29, 30, 31, 32, 75, 33, 34, 35, 36, 37, 38, 39, 40, 41, 76, 42, 43, 44, 45, 46, 47, 48, 79, 50, 51, 52, 53, 54, 55, 56, 57, 58, 78, 59, 60, 61, 62, 63, 64, 65, 66, 67, 68, 69, 74, 70, 71, 0, 73]
index list energy: 152290.42158758297
Done


iterations: 100000000 temp: 1000000.0 exponent: 0.9 eif: 300.0
time taken (sec): 8346.133599042892
number of iterations: 100000000
final temperature: 159.26791088519815
og index list: [69, 8, 36, 51, 11, 76, 34, 27, 6, 31, 1, 12, 61, 18, 63, 67, 42, 48, 77, 17, 2, 15, 47, 55, 75, 62, 38, 71, 65, 30, 37, 57, 9, 50, 33, 46, 14, 49, 32, 74, 23, 64, 21, 53, 79, 66, 22, 3, 5, 72, 73, 7, 20, 10, 44, 43, 70, 40, 25, 35, 19, 29, 39, 45, 78, 0, 16, 59, 24, 60, 56, 54, 13, 41, 4, 58, 28, 68, 26, 52]
og index list energy: 175373349.70395657
index list: [72, 1, 2, 3, 4, 5, 6, 7, 8, 9, 10, 11, 12, 13, 74, 14, 15, 16, 78, 17, 18, 19, 20, 21, 22, 23, 24, 25, 26, 27, 28, 29, 30, 31, 32, 76, 33, 34, 35, 36, 37, 38, 39, 40, 41, 49, 42, 43, 44, 45, 46, 47, 48, 77, 50, 51, 52, 53, 54, 55, 56, 57, 58, 79, 59, 60, 61, 62, 63, 64, 65, 66, 67, 68, 69, 75, 70, 71, 0, 73]
index list energy: 152290.42158758297
Done


iterations: 100000000 temp: 1000000.0 exponent: 0.9 eif: 300.0
time taken (sec): 8651.199664592743
number of iterations: 100000000
final temperature: 159.26791088519815
og index list: [42, 77, 37, 24, 52, 20, 67, 54, 9, 0, 12, 58, 72, 79, 49, 57, 53, 6, 36, 31, 26, 68, 75, 66, 70, 3, 48, 27, 39, 56, 8, 13, 2, 50, 44, 45, 63, 65, 10, 33, 11, 32, 38, 64, 41, 46, 35, 22, 51, 29, 40, 15, 60, 69, 71, 78, 16, 4, 47, 76, 59, 23, 74, 34, 21, 25, 19, 17, 14, 5, 55, 28, 7, 73, 61, 18, 62, 1, 30, 43]
og index list energy: 158326995.00798276
index list: [0, 1, 2, 3, 4, 5, 6, 7, 8, 9, 10, 11, 12, 13, 77, 14, 15, 16, 78, 17, 18, 19, 20, 21, 22, 23, 24, 25, 26, 27, 28, 29, 30, 31, 32, 49, 33, 34, 35, 36, 37, 38, 39, 40, 41, 74, 42, 43, 44, 45, 46, 47, 48, 76, 50, 51, 52, 53, 54, 55, 56, 57, 58, 79, 59, 60, 61, 62, 63, 64, 65, 66, 67, 68, 69, 70, 71, 75, 72, 73]
index list energy: 152293.52169419697
Done


iterations: 100000000 temp: 1000000.0 exponent: 0.9 eif: 300.0
time taken (sec): 8552.08612537384
number of iterations: 100000000
final temperature: 159.26791088519815
og index list: [73, 67, 44, 66, 70, 37, 4, 78, 26, 60, 65, 14, 23, 39, 75, 40, 3, 34, 51, 0, 35, 31, 58, 46, 53, 79, 69, 9, 13, 33, 77, 21, 12, 29, 47, 56, 43, 32, 42, 10, 19, 49, 6, 61, 17, 16, 41, 11, 54, 20, 7, 50, 38, 55, 76, 5, 25, 59, 48, 18, 2, 27, 8, 71, 62, 36, 45, 22, 1, 24, 64, 68, 28, 74, 52, 63, 57, 30, 15, 72]
og index list energy: 133204473.62804848
index list: [0, 1, 2, 3, 4, 5, 6, 7, 8, 9, 10, 11, 12, 13, 74, 14, 15, 16, 78, 17, 18, 19, 20, 21, 22, 23, 24, 25, 26, 27, 28, 29, 30, 31, 32, 76, 33, 34, 35, 36, 37, 38, 39, 40, 41, 75, 42, 43, 44, 45, 46, 47, 48, 77, 50, 51, 52, 53, 54, 55, 56, 57, 58, 49, 59, 60, 61, 62, 63, 64, 65, 66, 67, 68, 69, 70, 71, 79, 72, 73]
index list energy: 152293.52169419697
Done


iterations: 100000000 temp: 1000000.0 exponent: 0.9 eif: 300.0
time taken (sec): 8278.860526323318
number of iterations: 100000000
final temperature: 159.26791088519815
og index list: [19, 43, 16, 26, 51, 69, 55, 17, 46, 9, 1, 10, 38, 67, 70, 15, 37, 2, 32, 76, 63, 12, 5, 42, 58, 27, 66, 50, 23, 75, 45, 71, 33, 21, 30, 56, 77, 6, 7, 0, 48, 40, 64, 59, 72, 20, 14, 79, 39, 34, 36, 13, 68, 61, 31, 24, 18, 41, 49, 60, 3, 47, 29, 44, 65, 25, 52, 28, 35, 74, 73, 22, 54, 4, 62, 78, 57, 8, 11, 53]
og index list energy: 166582685.66362044
index list: [72, 1, 2, 3, 4, 5, 6, 7, 8, 9, 10, 11, 12, 13, 74, 14, 15, 16, 49, 17, 18, 19, 20, 21, 22, 23, 24, 25, 26, 27, 28, 29, 30, 31, 32, 78, 33, 34, 35, 36, 37, 38, 39, 40, 41, 77, 42, 43, 44, 45, 46, 47, 48, 76, 50, 51, 52, 53, 54, 55, 56, 57, 58, 75, 59, 60, 61, 62, 63, 64, 65, 66, 67, 68, 69, 79, 70, 71, 0, 73]
index list energy: 152290.42158758297
Done


iterations: 100000000 temp: 1000000.0 exponent: 0.9 eif: 300.0
time taken (sec): 731.7189977169037
number of iterations: 16898292
final temperature: 121576.65459056932
og index list: [53, 40, 67, 60, 47, 15, 22, 48, 71, 27, 55, 50, 79, 20, 11, 5, 63, 29, 10, 2, 6, 9, 8, 32, 75, 76, 14, 42, 0, 49, 30, 25, 62, 56, 57, 65, 43, 24, 69, 21, 7, 1, 54, 51, 13, 36, 52, 38, 28, 17, 58, 46, 23, 26, 45, 61, 68, 18, 41, 16, 4, 34, 19, 37, 39, 35, 44, 78, 12, 73, 64, 72, 77, 59, 66, 33, 31, 74, 70, 3]
og index list energy: 161052183.189799
index list: [1, 2, 53, 32, 69, 72, 43, 6, 17, 18, 73, 57, 46, 36, 50, 41, 25, 56, 76, 67, 68, 7, 8, 63, 77, 20, 74, 24, 26, 27, 28, 29, 30, 31, 16, 40, 9, 10, 44, 33, 22, 23, 79, 3, 4, 15, 58, 55, 52, 5, 51, 42, 78, 45, 14, 47, 59, 60, 61, 64, 0, 48, 71, 12, 49, 62, 11, 65, 21, 37, 38, 39, 66, 70, 75, 54, 34, 35, 19, 13]
index list energy: 8173856.1439105095
Done


program ended at: 2020-03-30 09:19:23.244272 
 time delta: 11:57:59.971026
