## SLURM PROLOG ###############################################################
##    Job ID : 11508605
##  Job Name : verifying_2np4_works
##  Nodelist : node1324
##      CPUs : 1
##  Mem/Node : 1024 MB
## Directory : /gpfs/data/nfawzi/skale/Fawzi_pycharm_project
##   Started : Sun Mar 29 21:21:23 EDT 2020
###############################################################################
program started at:2020-03-29 21:21:23.328045
iterations: 100000000 temp: 1000000.0 exponent: 0.9 eif: 300.0
time taken (sec): 8787.810909032822
number of iterations: 100000000
final temperature: 159.26791088519815
og index list: [65, 64, 22, 15, 18, 28, 43, 10, 68, 14, 38, 9, 51, 44, 4, 63, 66, 50, 34, 48, 57, 39, 3, 62, 23, 55, 67, 49, 53, 5, 59, 76, 16, 70, 72, 26, 41, 42, 29, 35, 20, 1, 8, 24, 75, 27, 46, 56, 79, 31, 32, 40, 36, 2, 12, 78, 69, 71, 6, 74, 0, 73, 30, 54, 11, 13, 58, 21, 33, 19, 17, 37, 77, 61, 60, 45, 25, 52, 47, 7]
og index list energy: 147162000.7650089
index list: [0, 1, 2, 3, 4, 5, 6, 7, 8, 9, 10, 11, 12, 13, 49, 14, 15, 16, 78, 17, 18, 19, 20, 21, 22, 23, 24, 25, 26, 27, 28, 29, 30, 31, 32, 77, 33, 34, 35, 36, 37, 38, 39, 40, 41, 74, 42, 43, 44, 45, 46, 47, 48, 75, 50, 51, 52, 53, 54, 55, 56, 57, 58, 76, 59, 60, 61, 62, 63, 64, 65, 66, 67, 68, 69, 70, 71, 79, 72, 73]
index list energy: 152293.52169419697
Done


iterations: 100000000 temp: 1000000.0 exponent: 0.9 eif: 300.0
time taken (sec): 8809.799204826355
number of iterations: 100000000
final temperature: 159.26791088519815
og index list: [77, 7, 17, 51, 52, 30, 31, 24, 75, 66, 60, 36, 9, 49, 33, 78, 55, 40, 62, 10, 71, 26, 12, 35, 28, 38, 21, 72, 41, 56, 44, 25, 54, 70, 59, 2, 68, 46, 53, 57, 13, 3, 6, 27, 79, 37, 74, 29, 11, 63, 19, 23, 8, 73, 20, 1, 34, 32, 0, 14, 47, 42, 43, 58, 16, 45, 64, 18, 48, 22, 39, 67, 4, 76, 50, 65, 15, 5, 69, 61]
og index list energy: 156103731.5734117
index list: [0, 1, 2, 3, 4, 5, 6, 7, 8, 9, 10, 11, 12, 13, 74, 14, 15, 16, 78, 17, 18, 19, 20, 21, 22, 23, 24, 25, 26, 27, 28, 29, 30, 31, 32, 79, 33, 34, 35, 36, 37, 38, 39, 40, 41, 75, 42, 43, 44, 45, 46, 47, 48, 49, 50, 51, 52, 53, 54, 55, 56, 57, 58, 76, 59, 60, 61, 62, 63, 64, 65, 66, 67, 68, 69, 70, 71, 77, 72, 73]
index list energy: 151994.72169419698
Done


iterations: 100000000 temp: 1000000.0 exponent: 0.9 eif: 300.0
time taken (sec): 8678.778844356537
number of iterations: 100000000
final temperature: 159.26791088519815
og index list: [43, 69, 46, 17, 13, 42, 3, 44, 18, 52, 5, 34, 14, 68, 62, 36, 16, 0, 50, 51, 32, 1, 7, 74, 64, 28, 33, 78, 47, 31, 26, 65, 40, 21, 2, 77, 39, 29, 54, 45, 57, 48, 9, 67, 72, 30, 8, 56, 61, 41, 6, 63, 55, 76, 49, 19, 37, 24, 59, 58, 22, 73, 35, 53, 20, 12, 25, 66, 10, 71, 75, 11, 4, 38, 79, 23, 27, 15, 70, 60]
og index list energy: 169076209.41394782
index list: [0, 1, 2, 3, 4, 5, 6, 7, 8, 9, 10, 11, 12, 13, 79, 14, 15, 16, 74, 17, 18, 19, 20, 21, 22, 23, 24, 25, 26, 27, 28, 29, 30, 31, 32, 78, 33, 34, 35, 36, 37, 38, 39, 40, 41, 77, 42, 43, 44, 45, 46, 47, 48, 76, 50, 51, 52, 53, 54, 55, 56, 57, 58, 49, 59, 60, 61, 62, 63, 64, 65, 66, 67, 68, 69, 70, 71, 75, 72, 73]
index list energy: 152293.52169419697
Done


iterations: 100000000 temp: 1000000.0 exponent: 0.9 eif: 300.0
time taken (sec): 8289.493521690369
number of iterations: 100000000
final temperature: 159.26791088519815
og index list: [5, 12, 75, 67, 32, 6, 45, 40, 70, 46, 18, 10, 7, 33, 50, 17, 27, 47, 52, 29, 39, 57, 68, 72, 73, 38, 35, 48, 78, 0, 11, 16, 3, 1, 53, 61, 54, 24, 49, 4, 74, 15, 34, 69, 43, 8, 79, 21, 36, 9, 77, 19, 22, 66, 20, 58, 60, 55, 76, 59, 37, 65, 64, 13, 51, 26, 56, 41, 28, 44, 25, 14, 30, 23, 42, 31, 71, 63, 2, 62]
og index list energy: 148399117.3038567
index list: [72, 1, 2, 3, 4, 5, 6, 7, 8, 9, 10, 11, 12, 13, 77, 14, 15, 16, 74, 17, 18, 19, 20, 21, 22, 23, 24, 25, 26, 27, 28, 29, 30, 31, 32, 79, 33, 34, 35, 36, 37, 38, 39, 40, 41, 75, 42, 43, 44, 45, 46, 47, 48, 78, 50, 51, 52, 53, 54, 55, 56, 57, 58, 49, 59, 60, 61, 62, 63, 64, 65, 66, 67, 68, 69, 76, 70, 71, 0, 73]
index list energy: 152290.42158758297
Done


iterations: 100000000 temp: 1000000.0 exponent: 0.9 eif: 300.0
time taken (sec): 8209.053946733475
number of iterations: 100000000
final temperature: 159.26791088519815
og index list: [10, 39, 65, 78, 53, 50, 62, 28, 57, 68, 3, 55, 54, 46, 34, 31, 1, 11, 27, 33, 69, 24, 14, 44, 72, 61, 15, 36, 47, 74, 32, 40, 21, 22, 66, 45, 58, 7, 49, 77, 19, 23, 0, 56, 70, 75, 73, 13, 35, 64, 79, 59, 37, 51, 30, 76, 60, 38, 8, 29, 12, 52, 6, 18, 17, 26, 2, 71, 25, 16, 63, 20, 41, 42, 48, 4, 5, 67, 9, 43]
og index list energy: 148181490.59945557
index list: [72, 1, 2, 3, 4, 5, 6, 7, 8, 9, 10, 11, 12, 13, 77, 14, 15, 16, 79, 17, 18, 19, 20, 21, 22, 23, 24, 25, 26, 27, 28, 29, 30, 31, 32, 75, 33, 34, 35, 36, 37, 38, 39, 40, 41, 74, 42, 43, 44, 45, 46, 47, 48, 78, 50, 51, 52, 53, 54, 55, 56, 57, 58, 49, 59, 60, 61, 62, 63, 64, 65, 66, 67, 68, 69, 76, 70, 71, 0, 73]
index list energy: 152290.42158758297
Done


iterations: 100000000 temp: 1000000.0 exponent: 0.9 eif: 300.0
time taken (sec): 304.83024549484253
number of iterations: 7420750
final temperature: 387420.489
og index list: [15, 76, 56, 22, 49, 51, 17, 36, 1, 43, 62, 73, 67, 35, 78, 14, 55, 16, 54, 74, 44, 9, 69, 59, 66, 61, 45, 46, 27, 32, 26, 20, 12, 50, 0, 4, 23, 39, 19, 48, 52, 34, 11, 2, 79, 33, 10, 71, 13, 77, 47, 68, 63, 42, 24, 38, 29, 31, 64, 70, 28, 60, 30, 6, 41, 58, 8, 25, 72, 53, 57, 40, 65, 37, 21, 7, 75, 3, 18, 5]
og index list energy: 178252857.30142418
index list: [31, 45, 3, 21, 68, 5, 39, 12, 49, 46, 19, 47, 6, 59, 73, 10, 63, 52, 11, 71, 4, 77, 24, 25, 34, 35, 33, 75, 74, 55, 26, 27, 28, 56, 20, 57, 16, 50, 15, 64, 13, 9, 38, 44, 1, 18, 69, 51, 62, 78, 40, 29, 30, 76, 8, 70, 17, 2, 65, 37, 60, 61, 22, 23, 72, 7, 79, 54, 41, 58, 0, 32, 14, 42, 43, 36, 66, 53, 67, 48]
index list energy: 18173853.789101686
Done


program ended at: 2020-03-30 09:19:23.220752 
 time delta: 11:57:59.892707
