## SLURM PROLOG ###############################################################
##    Job ID : 11508686
##  Job Name : verifying_2np4_works
##  Nodelist : node1127
##      CPUs : 1
##  Mem/Node : 1024 MB
## Directory : /gpfs/data/nfawzi/skale/Fawzi_pycharm_project
##   Started : Sun Mar 29 21:21:58 EDT 2020
###############################################################################
program started at:2020-03-29 21:21:58.267400
iterations: 100000000 temp: 1000000.0 exponent: 0.9 eif: 300.0
time taken (sec): 8976.233298301697
number of iterations: 100000000
final temperature: 159.26791088519815
og index list: [39, 10, 11, 14, 15, 67, 70, 27, 3, 76, 23, 72, 68, 51, 5, 48, 69, 29, 35, 58, 0, 30, 25, 18, 55, 36, 79, 57, 1, 20, 47, 37, 65, 43, 61, 13, 50, 33, 12, 59, 4, 44, 17, 34, 31, 66, 62, 41, 7, 2, 21, 49, 64, 46, 45, 56, 24, 42, 6, 54, 26, 71, 38, 52, 32, 77, 78, 53, 9, 22, 73, 40, 75, 16, 74, 19, 63, 28, 60, 8]
og index list energy: 169273466.0770855
index list: [72, 1, 2, 3, 4, 5, 6, 7, 8, 9, 10, 11, 12, 13, 76, 14, 15, 16, 74, 17, 18, 19, 20, 21, 22, 23, 24, 25, 26, 27, 28, 29, 30, 31, 32, 78, 33, 34, 35, 36, 37, 38, 39, 40, 41, 0, 73, 77, 44, 45, 46, 47, 48, 75, 50, 51, 52, 53, 54, 55, 56, 57, 58, 49, 59, 60, 61, 62, 63, 64, 65, 66, 67, 68, 69, 70, 71, 79, 42, 43]
index list energy: 173495.1778064098
Done


iterations: 100000000 temp: 1000000.0 exponent: 0.9 eif: 300.0
time taken (sec): 8726.694813728333
number of iterations: 100000000
final temperature: 159.26791088519815
og index list: [21, 30, 35, 36, 67, 46, 65, 61, 32, 44, 17, 57, 0, 78, 56, 31, 22, 70, 74, 62, 59, 48, 58, 53, 11, 37, 39, 9, 47, 64, 13, 63, 50, 19, 42, 72, 24, 15, 20, 69, 4, 23, 34, 66, 52, 54, 43, 77, 51, 45, 8, 49, 41, 12, 55, 26, 14, 18, 38, 73, 68, 33, 79, 7, 6, 28, 5, 40, 75, 16, 27, 76, 1, 10, 2, 3, 29, 25, 60, 71]
og index list energy: 155760579.5010986
index list: [72, 1, 2, 3, 4, 5, 6, 7, 8, 9, 10, 11, 12, 13, 77, 14, 15, 16, 49, 17, 18, 19, 20, 21, 22, 23, 24, 25, 26, 27, 28, 29, 30, 31, 32, 75, 33, 34, 35, 36, 37, 38, 39, 40, 41, 78, 42, 43, 44, 45, 46, 47, 48, 79, 50, 51, 52, 53, 54, 55, 56, 57, 58, 74, 59, 60, 61, 62, 63, 64, 65, 66, 67, 68, 69, 76, 70, 71, 0, 73]
index list energy: 152290.42158758297
Done


iterations: 100000000 temp: 1000000.0 exponent: 0.9 eif: 300.0
time taken (sec): 8761.68202495575
number of iterations: 100000000
final temperature: 159.26791088519815
og index list: [71, 35, 63, 0, 3, 47, 20, 38, 10, 59, 37, 9, 15, 56, 27, 39, 13, 48, 51, 22, 77, 31, 2, 52, 79, 8, 54, 44, 11, 57, 23, 6, 24, 66, 7, 65, 70, 18, 21, 60, 28, 19, 68, 33, 43, 78, 40, 30, 46, 41, 58, 25, 69, 74, 1, 29, 32, 17, 62, 76, 53, 12, 42, 45, 5, 55, 49, 75, 34, 72, 4, 67, 64, 16, 73, 50, 26, 61, 14, 36]
og index list energy: 175764442.95932925
index list: [72, 1, 2, 3, 4, 5, 6, 7, 8, 9, 10, 11, 12, 13, 49, 14, 15, 16, 74, 17, 18, 19, 20, 21, 22, 23, 24, 25, 26, 27, 28, 29, 30, 31, 32, 79, 33, 34, 35, 36, 37, 38, 39, 40, 41, 77, 42, 43, 44, 45, 46, 47, 48, 75, 50, 51, 52, 53, 54, 55, 56, 57, 58, 78, 59, 60, 61, 62, 63, 64, 65, 66, 67, 68, 69, 76, 70, 71, 0, 73]
index list energy: 152290.42158758297
Done


iterations: 100000000 temp: 1000000.0 exponent: 0.9 eif: 300.0
time taken (sec): 8733.364333152771
number of iterations: 100000000
final temperature: 159.26791088519815
og index list: [9, 15, 4, 13, 34, 18, 21, 32, 22, 54, 10, 76, 14, 67, 60, 59, 35, 25, 6, 74, 68, 23, 27, 65, 45, 17, 5, 3, 44, 31, 47, 58, 50, 57, 77, 63, 53, 33, 12, 51, 0, 1, 62, 79, 29, 64, 2, 55, 37, 69, 70, 56, 61, 49, 73, 66, 26, 19, 40, 38, 48, 39, 7, 46, 16, 24, 52, 72, 20, 41, 78, 36, 8, 28, 11, 75, 71, 30, 43, 42]
og index list energy: 170040228.75957173
index list: [72, 1, 2, 3, 4, 5, 6, 7, 8, 9, 10, 11, 12, 13, 78, 14, 15, 16, 49, 17, 18, 19, 20, 21, 22, 23, 24, 25, 26, 27, 28, 29, 30, 31, 32, 77, 33, 34, 35, 36, 37, 38, 39, 40, 41, 74, 42, 43, 44, 45, 46, 47, 48, 76, 50, 51, 52, 53, 54, 55, 56, 57, 58, 75, 59, 60, 61, 62, 63, 64, 65, 66, 67, 68, 69, 79, 70, 71, 0, 73]
index list energy: 152290.42158758297
Done


iterations: 100000000 temp: 1000000.0 exponent: 0.9 eif: 300.0
time taken (sec): 7881.868323087692
number of iterations: 91155609
final temperature: 269.72160559060796
og index list: [56, 6, 69, 49, 44, 73, 22, 14, 9, 16, 77, 13, 57, 10, 64, 62, 8, 0, 39, 31, 3, 25, 23, 27, 26, 68, 17, 60, 4, 53, 24, 5, 34, 61, 79, 78, 35, 71, 66, 15, 43, 18, 65, 48, 21, 7, 59, 2, 52, 45, 41, 1, 32, 40, 46, 11, 29, 67, 58, 72, 33, 42, 20, 38, 50, 30, 55, 37, 70, 47, 63, 12, 36, 74, 76, 28, 54, 51, 75, 19]
og index list energy: 161352753.0480551
index list: [72, 1, 2, 3, 4, 5, 6, 7, 8, 9, 10, 11, 12, 13, 49, 14, 15, 16, 78, 17, 18, 19, 20, 21, 22, 23, 24, 25, 26, 27, 28, 29, 30, 31, 32, 74, 33, 34, 35, 36, 37, 38, 39, 40, 41, 76, 42, 43, 44, 45, 46, 47, 48, 77, 50, 51, 52, 53, 54, 55, 56, 57, 58, 79, 59, 60, 61, 62, 63, 64, 65, 66, 67, 68, 69, 75, 70, 71, 0, 73]
index list energy: 152290.42158758297
Done


program ended at: 2020-03-30 09:19:58.260938 
 time delta: 11:57:59.993538
