## SLURM PROLOG ###############################################################
##    Job ID : 11508689
##  Job Name : verifying_2np4_works
##  Nodelist : node1109
##      CPUs : 1
##  Mem/Node : 1024 MB
## Directory : /gpfs/data/nfawzi/skale/Fawzi_pycharm_project
##   Started : Sun Mar 29 21:21:57 EDT 2020
###############################################################################
program started at:2020-03-29 21:21:58.362621
iterations: 100000000 temp: 1000000.0 exponent: 0.9 eif: 300.0
time taken (sec): 8622.377092838287
number of iterations: 100000000
final temperature: 159.26791088519815
og index list: [22, 72, 67, 53, 30, 26, 57, 28, 14, 11, 21, 43, 71, 8, 60, 38, 44, 18, 54, 29, 3, 61, 47, 1, 70, 74, 34, 35, 20, 49, 12, 10, 25, 17, 45, 32, 65, 55, 77, 27, 36, 59, 0, 2, 58, 31, 39, 6, 48, 16, 63, 15, 33, 46, 52, 13, 78, 64, 9, 7, 62, 79, 42, 24, 4, 76, 56, 19, 75, 51, 73, 50, 23, 37, 68, 41, 69, 5, 40, 66]
og index list energy: 171826229.9329366
index list: [0, 1, 2, 3, 4, 5, 6, 7, 8, 9, 10, 11, 12, 13, 78, 14, 15, 16, 49, 17, 18, 19, 20, 21, 22, 23, 24, 25, 26, 27, 28, 29, 30, 31, 32, 74, 33, 34, 35, 36, 37, 38, 39, 40, 41, 75, 42, 43, 44, 45, 46, 47, 48, 79, 50, 51, 52, 53, 54, 55, 56, 57, 58, 76, 59, 60, 61, 62, 63, 64, 65, 66, 67, 68, 69, 70, 71, 77, 72, 73]
index list energy: 152293.52169419697
Done


iterations: 100000000 temp: 1000000.0 exponent: 0.9 eif: 300.0
time taken (sec): 8226.5005068779
number of iterations: 100000000
final temperature: 159.26791088519815
og index list: [69, 54, 21, 14, 59, 64, 17, 9, 51, 50, 68, 19, 6, 44, 36, 7, 75, 65, 73, 8, 16, 79, 13, 37, 55, 35, 39, 66, 57, 27, 74, 38, 0, 72, 67, 31, 23, 70, 1, 61, 12, 41, 63, 20, 52, 10, 56, 58, 25, 42, 76, 5, 71, 2, 45, 15, 29, 26, 32, 62, 77, 11, 47, 53, 18, 30, 3, 40, 60, 28, 4, 49, 43, 78, 46, 48, 33, 22, 34, 24]
og index list energy: 167387854.7634514
index list: [72, 1, 2, 3, 4, 5, 6, 7, 8, 9, 10, 11, 12, 13, 76, 14, 15, 16, 49, 17, 18, 19, 20, 21, 22, 23, 24, 25, 26, 27, 28, 29, 30, 31, 32, 75, 33, 34, 35, 36, 37, 38, 39, 40, 41, 77, 42, 43, 44, 45, 46, 47, 48, 79, 50, 51, 52, 53, 54, 55, 56, 57, 58, 74, 59, 60, 61, 62, 63, 64, 65, 66, 67, 68, 69, 78, 70, 71, 0, 73]
index list energy: 152290.42158758297
Done


iterations: 100000000 temp: 1000000.0 exponent: 0.9 eif: 300.0
time taken (sec): 8143.236850500107
number of iterations: 100000000
final temperature: 159.26791088519815
og index list: [54, 20, 74, 45, 31, 63, 49, 78, 36, 68, 18, 75, 66, 26, 37, 60, 44, 9, 62, 29, 21, 57, 13, 28, 55, 51, 79, 7, 77, 65, 56, 3, 48, 73, 50, 71, 41, 46, 40, 64, 15, 47, 11, 39, 0, 17, 38, 27, 67, 61, 25, 16, 10, 43, 2, 19, 58, 22, 33, 4, 32, 6, 53, 1, 14, 12, 34, 76, 72, 52, 5, 69, 23, 30, 35, 8, 70, 59, 42, 24]
og index list energy: 149315649.02944186
index list: [72, 1, 2, 3, 4, 5, 6, 7, 8, 9, 10, 11, 12, 13, 79, 14, 15, 16, 76, 17, 18, 19, 20, 21, 22, 23, 24, 25, 26, 27, 28, 29, 30, 31, 32, 74, 33, 34, 35, 36, 37, 38, 39, 40, 41, 77, 42, 43, 44, 45, 46, 47, 48, 49, 50, 51, 52, 53, 54, 55, 56, 57, 58, 75, 59, 60, 61, 62, 63, 64, 65, 66, 67, 68, 69, 78, 70, 71, 0, 73]
index list energy: 151991.621587583
Done


iterations: 100000000 temp: 1000000.0 exponent: 0.9 eif: 300.0
time taken (sec): 8254.385756731033
number of iterations: 100000000
final temperature: 159.26791088519815
og index list: [38, 59, 0, 21, 35, 61, 39, 41, 43, 15, 17, 78, 5, 48, 28, 23, 1, 62, 8, 66, 49, 27, 6, 4, 54, 16, 3, 34, 53, 45, 56, 2, 9, 40, 47, 44, 55, 13, 52, 33, 36, 12, 26, 65, 75, 74, 11, 64, 25, 57, 71, 24, 72, 30, 46, 22, 29, 50, 76, 18, 70, 73, 60, 51, 20, 37, 31, 32, 77, 14, 79, 67, 7, 58, 42, 69, 19, 10, 63, 68]
og index list energy: 121899450.84134264
index list: [0, 1, 2, 3, 4, 5, 6, 7, 8, 9, 10, 11, 12, 13, 76, 14, 15, 16, 49, 17, 18, 19, 20, 21, 22, 23, 24, 25, 26, 27, 28, 29, 30, 31, 32, 79, 33, 34, 35, 36, 37, 38, 39, 40, 41, 71, 74, 43, 44, 45, 46, 47, 48, 77, 50, 51, 52, 53, 54, 55, 56, 57, 58, 78, 59, 60, 61, 62, 63, 64, 65, 66, 67, 68, 69, 70, 75, 42, 72, 73]
index list energy: 160416.50127390915
Done


iterations: 100000000 temp: 1000000.0 exponent: 0.9 eif: 300.0
time taken (sec): 8110.348370075226
number of iterations: 100000000
final temperature: 159.26791088519815
og index list: [69, 55, 17, 32, 76, 58, 40, 45, 10, 49, 70, 27, 9, 72, 52, 8, 21, 66, 71, 29, 48, 30, 53, 47, 39, 20, 43, 37, 5, 35, 42, 60, 59, 62, 77, 38, 73, 56, 75, 16, 13, 65, 11, 31, 50, 28, 25, 4, 3, 34, 44, 12, 22, 18, 41, 79, 51, 23, 7, 15, 63, 61, 6, 46, 2, 33, 19, 24, 57, 14, 68, 78, 67, 54, 26, 74, 64, 0, 36, 1]
og index list energy: 123932645.74833813
index list: [72, 1, 2, 3, 4, 5, 6, 7, 8, 9, 10, 11, 12, 13, 76, 14, 15, 16, 75, 17, 18, 19, 20, 21, 22, 23, 24, 25, 26, 27, 28, 29, 30, 31, 32, 79, 33, 34, 35, 36, 37, 38, 39, 40, 41, 49, 42, 43, 44, 45, 46, 47, 48, 77, 50, 51, 52, 53, 54, 55, 56, 57, 58, 74, 59, 60, 61, 62, 63, 64, 65, 66, 67, 68, 69, 78, 70, 71, 0, 73]
index list energy: 152290.42158758297
Done


iterations: 100000000 temp: 1000000.0 exponent: 0.9 eif: 300.0
time taken (sec): 1723.0140113830566
number of iterations: 32979950
final temperature: 22528.399544939184
og index list: [64, 79, 17, 4, 46, 72, 48, 73, 6, 52, 28, 14, 2, 55, 50, 22, 5, 39, 35, 47, 12, 77, 13, 1, 9, 76, 69, 62, 29, 42, 20, 54, 24, 40, 59, 34, 18, 3, 41, 44, 33, 63, 74, 60, 56, 26, 38, 66, 27, 68, 25, 75, 23, 45, 51, 70, 58, 37, 32, 71, 7, 0, 61, 53, 43, 49, 8, 36, 67, 30, 65, 15, 21, 31, 19, 11, 16, 10, 57, 78]
og index list energy: 147941458.778084
index list: [1, 2, 44, 45, 46, 74, 14, 75, 72, 6, 7, 8, 9, 10, 11, 12, 13, 41, 78, 17, 18, 16, 20, 21, 22, 23, 24, 25, 26, 27, 28, 29, 30, 31, 32, 49, 33, 34, 35, 36, 37, 38, 39, 4, 5, 19, 76, 42, 43, 73, 0, 47, 48, 79, 15, 51, 52, 53, 54, 55, 56, 57, 58, 77, 59, 60, 61, 62, 63, 64, 65, 66, 67, 68, 69, 70, 71, 50, 3, 40]
index list energy: 511036.17712128244
Done


program ended at: 2020-03-30 09:19:58.354395 
 time delta: 11:57:59.991774
