## SLURM PROLOG ###############################################################
##    Job ID : 11508647
##  Job Name : verifying_2np4_works
##  Nodelist : node1164
##      CPUs : 1
##  Mem/Node : 1024 MB
## Directory : /gpfs/data/nfawzi/skale/Fawzi_pycharm_project
##   Started : Sun Mar 29 21:21:21 EDT 2020
###############################################################################
program started at:2020-03-29 21:21:23.253053
iterations: 100000000 temp: 1000000.0 exponent: 0.9 eif: 300.0
time taken (sec): 8591.111573457718
number of iterations: 100000000
final temperature: 159.26791088519815
og index list: [64, 12, 55, 28, 42, 3, 51, 13, 32, 77, 30, 15, 78, 63, 38, 65, 6, 7, 16, 18, 74, 79, 29, 5, 26, 10, 68, 40, 22, 23, 8, 2, 4, 39, 58, 9, 54, 19, 60, 76, 70, 48, 46, 37, 35, 0, 49, 33, 61, 67, 47, 21, 43, 56, 44, 69, 31, 14, 11, 25, 17, 45, 27, 24, 66, 20, 62, 53, 52, 34, 57, 73, 41, 71, 75, 1, 36, 72, 50, 59]
og index list energy: 132815090.79544285
index list: [0, 1, 2, 3, 4, 5, 6, 7, 8, 9, 10, 11, 12, 13, 75, 14, 15, 16, 49, 17, 18, 19, 20, 21, 22, 23, 24, 25, 26, 27, 28, 29, 30, 31, 32, 76, 33, 34, 35, 36, 37, 38, 39, 40, 41, 71, 79, 43, 44, 45, 46, 47, 48, 77, 50, 51, 52, 53, 54, 55, 56, 57, 58, 74, 59, 60, 61, 62, 63, 64, 65, 66, 67, 68, 69, 70, 78, 42, 72, 73]
index list energy: 160416.50127390915
Done


iterations: 100000000 temp: 1000000.0 exponent: 0.9 eif: 300.0
time taken (sec): 8526.642405986786
number of iterations: 100000000
final temperature: 159.26791088519815
og index list: [51, 76, 16, 61, 25, 59, 74, 73, 53, 47, 2, 3, 41, 13, 35, 65, 27, 10, 37, 28, 71, 78, 12, 58, 50, 45, 67, 18, 4, 33, 31, 44, 39, 11, 38, 23, 48, 17, 56, 9, 63, 43, 30, 15, 21, 60, 8, 0, 69, 7, 70, 6, 14, 5, 49, 62, 64, 1, 75, 79, 77, 68, 40, 29, 24, 42, 66, 52, 34, 57, 54, 36, 20, 26, 55, 22, 32, 72, 19, 46]
og index list energy: 170049457.03378367
index list: [72, 1, 2, 3, 4, 5, 6, 7, 8, 9, 10, 11, 12, 13, 74, 14, 15, 16, 77, 17, 18, 19, 20, 21, 22, 23, 24, 25, 26, 27, 28, 29, 30, 31, 32, 75, 33, 34, 35, 36, 37, 38, 39, 40, 41, 78, 42, 43, 44, 45, 46, 47, 48, 76, 50, 51, 52, 53, 54, 55, 56, 57, 58, 49, 59, 60, 61, 62, 63, 64, 65, 66, 67, 68, 69, 79, 70, 71, 0, 73]
index list energy: 152290.42158758297
Done


iterations: 100000000 temp: 1000000.0 exponent: 0.9 eif: 300.0
time taken (sec): 8408.609189510345
number of iterations: 100000000
final temperature: 159.26791088519815
og index list: [74, 58, 79, 11, 52, 15, 1, 77, 43, 71, 68, 27, 24, 39, 73, 47, 25, 18, 38, 54, 64, 30, 56, 63, 10, 42, 44, 78, 50, 35, 48, 33, 5, 61, 36, 4, 16, 14, 62, 19, 76, 3, 26, 46, 32, 60, 69, 41, 31, 51, 13, 6, 65, 29, 75, 9, 22, 21, 70, 23, 45, 7, 2, 49, 57, 67, 66, 37, 55, 72, 8, 17, 28, 40, 0, 34, 20, 59, 53, 12]
og index list energy: 122212599.18589023
index list: [72, 1, 2, 3, 4, 5, 6, 7, 8, 9, 10, 11, 12, 13, 78, 14, 15, 16, 75, 17, 18, 19, 20, 21, 22, 23, 24, 25, 26, 27, 28, 29, 30, 31, 32, 77, 33, 34, 35, 36, 37, 38, 39, 40, 41, 71, 79, 43, 44, 45, 46, 47, 48, 76, 50, 51, 52, 53, 54, 55, 56, 57, 58, 49, 59, 60, 61, 62, 63, 64, 65, 66, 67, 68, 69, 74, 42, 70, 0, 73]
index list energy: 179619.31346347023
Done


iterations: 100000000 temp: 1000000.0 exponent: 0.9 eif: 300.0
time taken (sec): 8515.867754936218
number of iterations: 100000000
final temperature: 159.26791088519815
og index list: [7, 75, 24, 26, 47, 76, 41, 13, 61, 37, 11, 22, 28, 36, 67, 5, 53, 6, 70, 34, 59, 32, 1, 3, 51, 14, 48, 25, 18, 0, 69, 4, 79, 10, 40, 68, 64, 57, 23, 49, 15, 21, 30, 8, 71, 38, 20, 58, 65, 78, 29, 63, 39, 62, 55, 19, 12, 56, 74, 27, 77, 73, 42, 16, 31, 44, 2, 35, 72, 66, 9, 43, 33, 46, 50, 45, 52, 17, 54, 60]
og index list energy: 138378371.94910884
index list: [0, 1, 2, 3, 4, 5, 6, 7, 8, 9, 10, 11, 12, 13, 75, 14, 15, 16, 77, 17, 18, 19, 20, 21, 22, 23, 24, 25, 26, 27, 28, 29, 30, 31, 32, 49, 33, 34, 35, 36, 37, 38, 39, 40, 41, 71, 79, 43, 44, 45, 46, 47, 48, 78, 50, 51, 52, 53, 54, 55, 56, 57, 58, 74, 59, 60, 61, 62, 63, 64, 65, 66, 67, 68, 69, 70, 76, 42, 72, 73]
index list energy: 160416.50127390915
Done


iterations: 100000000 temp: 1000000.0 exponent: 0.9 eif: 300.0
time taken (sec): 8402.423111200333
number of iterations: 100000000
final temperature: 159.26791088519815
og index list: [38, 30, 54, 55, 77, 39, 40, 78, 34, 37, 36, 45, 18, 65, 44, 2, 29, 9, 16, 41, 25, 47, 35, 76, 70, 46, 8, 12, 56, 26, 74, 52, 48, 5, 68, 72, 4, 63, 53, 69, 79, 6, 51, 43, 64, 1, 27, 62, 67, 42, 32, 15, 0, 61, 14, 50, 66, 3, 75, 19, 28, 31, 22, 71, 13, 21, 49, 17, 24, 33, 10, 11, 57, 20, 7, 60, 73, 23, 58, 59]
og index list energy: 153835339.92174897
index list: [72, 1, 2, 3, 4, 5, 6, 7, 8, 9, 10, 11, 12, 13, 75, 14, 15, 16, 79, 17, 18, 19, 20, 21, 22, 23, 24, 25, 26, 27, 28, 29, 30, 31, 32, 76, 33, 34, 35, 36, 37, 38, 39, 40, 41, 77, 42, 43, 44, 45, 46, 47, 48, 49, 50, 51, 52, 53, 54, 55, 56, 57, 58, 78, 59, 60, 61, 62, 63, 64, 65, 66, 67, 68, 69, 74, 70, 71, 0, 73]
index list energy: 151991.621587583
Done


iterations: 100000000 temp: 1000000.0 exponent: 0.9 eif: 300.0
time taken (sec): 635.1711688041687
number of iterations: 14821284
final temperature: 150094.63529699916
og index list: [37, 13, 74, 63, 61, 18, 49, 52, 44, 38, 62, 12, 26, 78, 65, 34, 41, 73, 70, 31, 72, 9, 69, 42, 8, 16, 25, 43, 5, 66, 1, 64, 30, 17, 3, 7, 21, 58, 24, 14, 54, 4, 40, 77, 53, 60, 55, 76, 29, 10, 39, 48, 19, 75, 28, 20, 45, 47, 46, 0, 57, 11, 56, 6, 71, 27, 15, 51, 68, 23, 22, 33, 32, 59, 35, 67, 2, 50, 79, 36]
og index list energy: 133803944.42486064
index list: [6, 56, 71, 79, 55, 65, 66, 17, 75, 3, 57, 39, 4, 14, 15, 16, 69, 73, 68, 29, 30, 31, 32, 58, 76, 60, 61, 50, 9, 38, 41, 52, 48, 78, 25, 20, 21, 49, 24, 40, 53, 42, 59, 70, 12, 74, 27, 8, 51, 47, 0, 1, 2, 19, 5, 37, 10, 72, 33, 34, 35, 63, 62, 67, 26, 28, 43, 11, 13, 46, 44, 45, 36, 22, 23, 77, 18, 54, 64, 7]
index list energy: 10885101.885662684
Done


program ended at: 2020-03-30 09:19:23.206124 
 time delta: 11:57:59.953071
