## SLURM PROLOG ###############################################################
##    Job ID : 11508652
##  Job Name : verifying_2np4_works
##  Nodelist : node1164
##      CPUs : 1
##  Mem/Node : 1024 MB
## Directory : /gpfs/data/nfawzi/skale/Fawzi_pycharm_project
##   Started : Sun Mar 29 21:21:23 EDT 2020
###############################################################################
program started at:2020-03-29 21:21:23.365353
iterations: 100000000 temp: 1000000.0 exponent: 0.9 eif: 300.0
time taken (sec): 9097.036707162857
number of iterations: 100000000
final temperature: 159.26791088519815
og index list: [45, 23, 67, 25, 43, 66, 41, 2, 28, 30, 42, 26, 35, 69, 40, 14, 51, 6, 33, 29, 53, 4, 21, 52, 0, 36, 12, 8, 19, 1, 74, 63, 18, 70, 13, 37, 76, 55, 38, 75, 46, 7, 9, 3, 79, 56, 57, 62, 5, 11, 17, 64, 49, 15, 50, 20, 32, 47, 34, 73, 68, 16, 54, 10, 77, 61, 78, 48, 65, 60, 39, 27, 31, 59, 22, 58, 44, 72, 71, 24]
og index list energy: 182601024.8781543
index list: [72, 1, 2, 3, 4, 5, 6, 7, 8, 9, 10, 11, 12, 13, 77, 14, 15, 16, 78, 17, 18, 19, 20, 21, 22, 23, 24, 25, 26, 27, 28, 29, 30, 31, 32, 76, 33, 34, 35, 36, 37, 38, 39, 40, 41, 0, 73, 74, 44, 45, 46, 47, 48, 75, 50, 51, 52, 53, 54, 55, 56, 57, 58, 79, 59, 60, 61, 62, 63, 64, 65, 66, 67, 68, 69, 70, 71, 49, 42, 43]
index list energy: 173495.1778064098
Done


iterations: 100000000 temp: 1000000.0 exponent: 0.9 eif: 300.0
time taken (sec): 9235.140138626099
number of iterations: 100000000
final temperature: 159.26791088519815
og index list: [10, 26, 14, 15, 51, 16, 50, 48, 79, 21, 73, 76, 8, 12, 54, 40, 17, 11, 28, 7, 18, 66, 43, 39, 45, 64, 65, 4, 0, 6, 63, 33, 58, 70, 53, 69, 5, 1, 55, 30, 24, 36, 32, 74, 72, 42, 61, 37, 29, 47, 20, 62, 52, 35, 34, 31, 27, 57, 41, 22, 44, 59, 13, 68, 23, 2, 38, 60, 49, 78, 75, 25, 77, 9, 46, 3, 19, 67, 56, 71]
og index list energy: 134159752.3103482
index list: [0, 1, 2, 3, 4, 5, 6, 7, 8, 9, 10, 11, 12, 13, 77, 14, 15, 16, 74, 17, 18, 19, 20, 21, 22, 23, 24, 25, 26, 27, 28, 29, 30, 31, 32, 79, 33, 34, 35, 36, 37, 38, 39, 40, 41, 75, 42, 43, 44, 45, 46, 47, 48, 49, 50, 51, 52, 53, 54, 55, 56, 57, 58, 78, 59, 60, 61, 62, 63, 64, 65, 66, 67, 68, 69, 70, 71, 76, 72, 73]
index list energy: 151994.72169419698
Done


iterations: 100000000 temp: 1000000.0 exponent: 0.9 eif: 300.0
time taken (sec): 8804.225556612015
number of iterations: 100000000
final temperature: 159.26791088519815
og index list: [58, 64, 67, 39, 71, 26, 31, 25, 62, 77, 7, 42, 21, 52, 55, 13, 48, 79, 30, 50, 0, 70, 40, 49, 63, 74, 23, 41, 8, 12, 56, 18, 36, 17, 4, 73, 75, 6, 19, 43, 20, 5, 22, 59, 3, 9, 38, 29, 16, 11, 61, 2, 51, 14, 69, 47, 57, 68, 54, 66, 28, 78, 44, 53, 32, 60, 24, 15, 27, 33, 1, 10, 45, 46, 72, 34, 37, 65, 35, 76]
og index list energy: 147977933.51836252
index list: [72, 1, 2, 3, 4, 5, 6, 7, 8, 9, 10, 11, 12, 13, 76, 14, 15, 16, 75, 17, 18, 19, 20, 21, 22, 23, 24, 25, 26, 27, 28, 29, 30, 31, 32, 78, 33, 34, 35, 36, 37, 38, 39, 40, 41, 77, 42, 43, 44, 45, 46, 47, 48, 79, 50, 51, 52, 53, 54, 55, 56, 57, 58, 49, 59, 60, 61, 62, 63, 64, 65, 66, 67, 68, 69, 74, 70, 71, 0, 73]
index list energy: 152290.42158758297
Done


iterations: 100000000 temp: 1000000.0 exponent: 0.9 eif: 300.0
time taken (sec): 9069.326537132263
number of iterations: 100000000
final temperature: 159.26791088519815
og index list: [7, 43, 57, 19, 16, 70, 71, 21, 28, 40, 27, 20, 36, 34, 25, 65, 15, 17, 51, 4, 76, 26, 5, 59, 64, 66, 38, 68, 63, 18, 74, 55, 1, 23, 3, 37, 44, 72, 2, 13, 39, 54, 77, 35, 6, 52, 67, 56, 11, 45, 29, 31, 48, 9, 50, 61, 47, 33, 41, 78, 8, 14, 69, 62, 30, 10, 46, 79, 24, 12, 22, 53, 58, 32, 73, 60, 49, 0, 42, 75]
og index list energy: 127021047.92074452
index list: [0, 1, 2, 3, 4, 5, 6, 7, 8, 9, 10, 11, 12, 13, 78, 14, 15, 16, 77, 17, 18, 19, 20, 21, 22, 23, 24, 25, 26, 27, 28, 29, 30, 31, 32, 76, 33, 34, 35, 36, 37, 38, 39, 40, 41, 75, 42, 43, 44, 45, 46, 47, 48, 79, 50, 51, 52, 53, 54, 55, 56, 57, 58, 74, 59, 60, 61, 62, 63, 64, 65, 66, 67, 68, 69, 70, 71, 49, 72, 73]
index list energy: 152293.52169419697
Done


iterations: 100000000 temp: 1000000.0 exponent: 0.9 eif: 300.0
time taken (sec): 6874.139637470245
number of iterations: 79958290
final temperature: 507.5287860564163
og index list: [1, 4, 10, 77, 41, 9, 28, 34, 39, 63, 67, 17, 27, 15, 48, 54, 78, 76, 21, 14, 50, 64, 18, 8, 75, 70, 2, 79, 42, 71, 44, 26, 19, 29, 47, 11, 20, 58, 73, 52, 60, 55, 0, 74, 43, 40, 36, 68, 49, 38, 32, 31, 69, 22, 57, 7, 30, 13, 72, 5, 23, 46, 62, 65, 66, 24, 45, 3, 33, 12, 51, 56, 61, 59, 6, 25, 53, 35, 16, 37]
og index list energy: 132984613.98862599
index list: [0, 1, 2, 3, 4, 5, 6, 7, 8, 9, 10, 11, 12, 13, 74, 14, 15, 16, 76, 17, 18, 19, 20, 21, 22, 23, 24, 25, 26, 27, 28, 29, 30, 31, 32, 77, 33, 34, 35, 36, 37, 38, 39, 40, 41, 78, 42, 43, 44, 45, 46, 47, 48, 79, 50, 51, 52, 53, 54, 55, 56, 57, 58, 75, 59, 60, 61, 62, 63, 64, 65, 66, 67, 68, 69, 70, 71, 49, 72, 73]
index list energy: 152293.52169419697
Done


program ended at: 2020-03-30 09:19:23.361003 
 time delta: 11:57:59.995650
