## SLURM PROLOG ###############################################################
##    Job ID : 11508642
##  Job Name : verifying_2np4_works
##  Nodelist : node1143
##      CPUs : 1
##  Mem/Node : 1024 MB
## Directory : /gpfs/data/nfawzi/skale/Fawzi_pycharm_project
##   Started : Sun Mar 29 21:21:24 EDT 2020
###############################################################################
program started at:2020-03-29 21:21:24.253148
iterations: 100000000 temp: 1000000.0 exponent: 0.9 eif: 300.0
time taken (sec): 9223.652494192123
number of iterations: 100000000
final temperature: 159.26791088519815
og index list: [25, 4, 2, 49, 34, 58, 37, 56, 9, 71, 26, 55, 1, 45, 68, 79, 42, 51, 12, 52, 28, 24, 21, 47, 67, 11, 41, 66, 10, 13, 6, 18, 43, 61, 53, 48, 27, 3, 57, 40, 59, 65, 19, 72, 36, 74, 33, 38, 76, 62, 78, 77, 46, 7, 29, 8, 22, 15, 50, 5, 75, 39, 54, 60, 63, 44, 69, 30, 70, 35, 17, 23, 0, 20, 73, 64, 14, 16, 32, 31]
og index list energy: 115854439.15414959
index list: [72, 1, 2, 3, 4, 5, 6, 7, 8, 9, 10, 11, 12, 13, 74, 14, 15, 16, 76, 17, 18, 19, 20, 21, 22, 23, 24, 25, 26, 27, 28, 29, 30, 31, 32, 49, 33, 34, 35, 36, 37, 38, 39, 40, 41, 79, 42, 43, 44, 45, 46, 47, 48, 77, 50, 51, 52, 53, 54, 55, 56, 57, 58, 75, 59, 60, 61, 62, 63, 64, 65, 66, 67, 68, 69, 78, 70, 71, 0, 73]
index list energy: 152290.42158758297
Done


iterations: 100000000 temp: 1000000.0 exponent: 0.9 eif: 300.0
time taken (sec): 9049.878561735153
number of iterations: 100000000
final temperature: 159.26791088519815
og index list: [50, 26, 15, 23, 57, 77, 29, 51, 62, 63, 16, 32, 67, 1, 40, 70, 49, 37, 19, 4, 7, 45, 39, 21, 5, 27, 52, 22, 18, 41, 3, 46, 65, 69, 78, 25, 48, 6, 64, 54, 58, 47, 56, 8, 30, 28, 13, 43, 17, 73, 66, 71, 36, 55, 53, 76, 44, 31, 42, 20, 9, 34, 68, 72, 74, 11, 38, 14, 59, 79, 33, 35, 12, 61, 2, 60, 24, 10, 75, 0]
og index list energy: 156515983.2027675
index list: [72, 1, 2, 3, 4, 5, 6, 7, 8, 9, 10, 11, 12, 13, 75, 14, 15, 16, 79, 17, 18, 19, 20, 21, 22, 23, 24, 25, 26, 27, 28, 29, 30, 31, 32, 49, 33, 34, 35, 36, 37, 38, 39, 40, 41, 71, 74, 43, 44, 45, 46, 47, 48, 78, 50, 51, 52, 53, 54, 55, 56, 57, 58, 76, 59, 60, 61, 62, 63, 64, 65, 66, 67, 68, 69, 77, 42, 70, 0, 73]
index list energy: 179619.31346347023
Done


iterations: 100000000 temp: 1000000.0 exponent: 0.9 eif: 300.0
time taken (sec): 9544.39078450203
number of iterations: 100000000
final temperature: 159.26791088519815
og index list: [42, 59, 23, 76, 74, 1, 22, 48, 47, 60, 71, 17, 19, 55, 35, 62, 27, 67, 15, 49, 78, 54, 65, 20, 38, 28, 34, 75, 0, 52, 53, 66, 57, 56, 45, 18, 73, 64, 41, 6, 8, 39, 10, 46, 11, 9, 14, 37, 4, 24, 21, 26, 3, 5, 25, 29, 44, 43, 51, 33, 69, 36, 72, 58, 70, 32, 77, 31, 40, 63, 7, 30, 50, 61, 13, 2, 68, 12, 16, 79]
og index list energy: 164639228.40657887
index list: [72, 1, 2, 3, 4, 5, 6, 7, 8, 9, 10, 11, 12, 13, 78, 14, 15, 16, 75, 17, 18, 19, 20, 21, 22, 23, 24, 25, 26, 27, 28, 29, 30, 31, 32, 49, 33, 34, 35, 36, 37, 38, 39, 40, 41, 74, 42, 43, 44, 45, 46, 47, 48, 79, 50, 51, 52, 53, 54, 55, 56, 57, 58, 77, 59, 60, 61, 62, 63, 64, 65, 66, 67, 68, 69, 70, 71, 0, 76, 73]
index list energy: 154829.82947353355
Done


iterations: 100000000 temp: 1000000.0 exponent: 0.9 eif: 300.0
time taken (sec): 9495.077638149261
number of iterations: 100000000
final temperature: 159.26791088519815
og index list: [75, 11, 1, 74, 71, 27, 79, 63, 24, 70, 21, 58, 28, 13, 37, 39, 49, 66, 16, 20, 4, 64, 25, 9, 41, 67, 51, 12, 8, 22, 35, 69, 52, 10, 60, 56, 19, 3, 78, 2, 34, 6, 29, 42, 54, 44, 65, 43, 76, 15, 33, 62, 46, 40, 7, 26, 32, 23, 68, 17, 5, 48, 0, 38, 72, 14, 61, 59, 55, 47, 30, 18, 77, 45, 31, 53, 50, 73, 36, 57]
og index list energy: 192196508.49825507
index list: [0, 1, 2, 3, 4, 5, 6, 7, 8, 9, 10, 11, 12, 13, 75, 14, 15, 16, 74, 17, 18, 19, 20, 21, 22, 23, 24, 25, 26, 27, 28, 29, 30, 31, 32, 78, 33, 34, 35, 36, 37, 38, 39, 40, 41, 77, 42, 43, 44, 45, 46, 47, 48, 49, 50, 51, 52, 53, 54, 55, 56, 57, 58, 76, 59, 60, 61, 62, 63, 64, 65, 66, 67, 68, 69, 70, 71, 79, 72, 73]
index list energy: 151994.72169419698
Done


iterations: 100000000 temp: 1000000.0 exponent: 0.9 eif: 300.0
time taken (sec): 5766.86189365387
number of iterations: 68010051
final temperature: 1179.0184577738596
og index list: [32, 50, 46, 67, 21, 71, 48, 33, 55, 70, 14, 15, 30, 63, 38, 64, 34, 58, 49, 54, 27, 72, 77, 52, 10, 66, 60, 75, 45, 41, 51, 44, 43, 2, 8, 1, 76, 73, 40, 35, 12, 74, 36, 68, 7, 23, 11, 29, 17, 9, 26, 6, 61, 28, 4, 56, 3, 25, 42, 57, 22, 24, 69, 37, 31, 13, 59, 18, 0, 62, 53, 78, 20, 19, 5, 16, 47, 79, 39, 65]
og index list energy: 139150148.29900783
index list: [0, 1, 2, 3, 4, 5, 6, 7, 8, 9, 10, 11, 12, 13, 75, 14, 15, 16, 74, 17, 18, 19, 20, 21, 22, 23, 24, 25, 26, 27, 28, 29, 30, 31, 32, 79, 33, 34, 35, 36, 37, 38, 39, 40, 41, 49, 42, 43, 44, 45, 46, 47, 48, 76, 50, 51, 52, 53, 54, 55, 56, 57, 58, 78, 59, 60, 61, 62, 63, 64, 65, 66, 67, 68, 69, 70, 71, 77, 72, 73]
index list energy: 152293.52169419697
Done


program ended at: 2020-03-30 09:19:24.247688 
 time delta: 11:57:59.994540
