## SLURM PROLOG ###############################################################
##    Job ID : 11508676
##  Job Name : verifying_2np4_works
##  Nodelist : node1116
##      CPUs : 1
##  Mem/Node : 1024 MB
## Directory : /gpfs/data/nfawzi/skale/Fawzi_pycharm_project
##   Started : Sun Mar 29 21:21:51 EDT 2020
###############################################################################
program started at:2020-03-29 21:21:51.879172
iterations: 100000000 temp: 1000000.0 exponent: 0.9 eif: 300.0
time taken (sec): 8334.427807331085
number of iterations: 100000000
final temperature: 159.26791088519815
og index list: [72, 10, 44, 55, 15, 14, 16, 17, 75, 50, 56, 62, 74, 52, 76, 19, 6, 26, 58, 23, 35, 40, 24, 69, 43, 13, 59, 22, 42, 4, 2, 60, 33, 27, 25, 7, 57, 51, 64, 30, 37, 47, 5, 8, 36, 46, 45, 29, 53, 28, 41, 21, 20, 49, 63, 39, 34, 9, 73, 79, 3, 11, 31, 70, 12, 77, 65, 18, 48, 32, 0, 1, 66, 68, 78, 54, 71, 67, 38, 61]
og index list energy: 162556802.4135549
index list: [0, 1, 2, 3, 4, 5, 6, 7, 8, 9, 10, 11, 12, 13, 79, 14, 15, 16, 75, 17, 18, 19, 20, 21, 22, 23, 24, 25, 26, 27, 28, 29, 30, 31, 32, 78, 33, 34, 35, 36, 37, 38, 39, 40, 41, 71, 76, 43, 44, 45, 46, 47, 48, 74, 50, 51, 52, 53, 54, 55, 56, 57, 58, 77, 59, 60, 61, 62, 63, 64, 65, 66, 67, 68, 69, 72, 73, 49, 42, 70]
index list energy: 175510.19904523817
Done


iterations: 100000000 temp: 1000000.0 exponent: 0.9 eif: 300.0
time taken (sec): 8600.731142759323
number of iterations: 100000000
final temperature: 159.26791088519815
og index list: [2, 76, 61, 75, 47, 32, 7, 60, 63, 6, 41, 34, 43, 49, 27, 53, 77, 29, 64, 52, 50, 36, 40, 10, 72, 42, 55, 69, 71, 11, 22, 74, 23, 59, 31, 48, 57, 0, 4, 1, 66, 73, 58, 78, 35, 28, 16, 14, 70, 30, 62, 26, 37, 21, 24, 33, 39, 17, 8, 12, 65, 18, 9, 54, 45, 79, 25, 20, 44, 67, 13, 19, 51, 38, 46, 56, 3, 68, 15, 5]
og index list energy: 98313175.39013839
index list: [72, 1, 2, 3, 4, 5, 6, 7, 8, 9, 10, 11, 12, 13, 79, 14, 15, 16, 77, 17, 18, 19, 20, 21, 22, 23, 24, 25, 26, 27, 28, 29, 30, 31, 32, 49, 33, 34, 35, 36, 37, 38, 39, 40, 41, 74, 42, 43, 44, 45, 46, 47, 48, 75, 50, 51, 52, 53, 54, 55, 56, 57, 58, 76, 59, 60, 61, 62, 63, 64, 65, 66, 67, 68, 69, 70, 71, 0, 78, 73]
index list energy: 154829.82947353355
Done


iterations: 100000000 temp: 1000000.0 exponent: 0.9 eif: 300.0
time taken (sec): 8345.391017436981
number of iterations: 100000000
final temperature: 159.26791088519815
og index list: [20, 59, 64, 21, 72, 18, 43, 15, 63, 6, 78, 76, 10, 38, 8, 0, 75, 79, 55, 24, 77, 13, 12, 16, 51, 30, 70, 28, 29, 65, 35, 69, 50, 19, 71, 1, 41, 66, 44, 23, 57, 68, 48, 36, 53, 33, 31, 39, 11, 60, 62, 54, 37, 73, 9, 14, 7, 22, 4, 42, 3, 61, 34, 45, 52, 5, 58, 47, 74, 49, 25, 32, 56, 17, 46, 26, 2, 67, 40, 27]
og index list energy: 136736637.3497479
index list: [72, 1, 2, 3, 4, 5, 6, 7, 8, 9, 10, 11, 12, 13, 74, 14, 15, 16, 79, 17, 18, 19, 20, 21, 22, 23, 24, 25, 26, 27, 28, 29, 30, 31, 32, 76, 33, 34, 35, 36, 37, 38, 39, 40, 41, 75, 42, 43, 44, 45, 46, 47, 48, 78, 50, 51, 52, 53, 54, 55, 56, 57, 58, 49, 59, 60, 61, 62, 63, 64, 65, 66, 67, 68, 69, 77, 70, 71, 0, 73]
index list energy: 152290.42158758297
Done


iterations: 100000000 temp: 1000000.0 exponent: 0.9 eif: 300.0
time taken (sec): 8589.136782884598
number of iterations: 100000000
final temperature: 159.26791088519815
og index list: [6, 8, 52, 27, 25, 73, 33, 30, 56, 49, 50, 65, 41, 31, 39, 67, 5, 34, 64, 17, 13, 36, 69, 77, 4, 0, 10, 24, 2, 60, 32, 66, 26, 35, 3, 45, 47, 7, 1, 22, 48, 70, 20, 38, 15, 37, 74, 44, 11, 68, 51, 58, 16, 59, 79, 76, 53, 46, 40, 55, 61, 43, 75, 28, 19, 29, 21, 78, 23, 14, 18, 9, 72, 71, 42, 54, 62, 12, 63, 57]
og index list energy: 149739240.9845323
index list: [0, 1, 2, 3, 4, 5, 6, 7, 8, 9, 10, 11, 12, 13, 49, 14, 15, 16, 76, 17, 18, 19, 20, 21, 22, 23, 24, 25, 26, 27, 28, 29, 30, 31, 32, 78, 33, 34, 35, 36, 37, 38, 39, 40, 41, 75, 42, 43, 44, 45, 46, 47, 48, 74, 50, 51, 52, 53, 54, 55, 56, 57, 58, 79, 59, 60, 61, 62, 63, 64, 65, 66, 67, 68, 69, 70, 71, 77, 72, 73]
index list energy: 152293.52169419697
Done


iterations: 100000000 temp: 1000000.0 exponent: 0.9 eif: 300.0
time taken (sec): 8299.082509040833
number of iterations: 100000000
final temperature: 159.26791088519815
og index list: [59, 42, 37, 44, 6, 18, 53, 25, 70, 75, 4, 5, 36, 43, 58, 74, 20, 10, 35, 9, 27, 66, 15, 19, 17, 23, 76, 57, 3, 14, 12, 51, 49, 40, 22, 67, 71, 1, 55, 32, 34, 79, 2, 48, 30, 60, 33, 28, 41, 46, 56, 52, 78, 77, 13, 72, 63, 64, 50, 21, 8, 39, 68, 7, 45, 65, 73, 29, 62, 11, 31, 69, 47, 0, 61, 16, 38, 24, 54, 26]
og index list energy: 111824324.39937295
index list: [72, 1, 2, 3, 4, 5, 6, 7, 8, 9, 10, 11, 12, 13, 75, 14, 15, 16, 77, 17, 18, 19, 20, 21, 22, 23, 24, 25, 26, 27, 28, 29, 30, 31, 32, 74, 33, 34, 35, 36, 37, 38, 39, 40, 41, 78, 42, 43, 44, 45, 46, 47, 48, 76, 50, 51, 52, 53, 54, 55, 56, 57, 58, 49, 59, 60, 61, 62, 63, 64, 65, 66, 67, 68, 69, 79, 70, 71, 0, 73]
index list energy: 152290.42158758297
Done


iterations: 100000000 temp: 1000000.0 exponent: 0.9 eif: 300.0
time taken (sec): 911.0837934017181
number of iterations: 20273927
final temperature: 79766.44307687254
og index list: [37, 19, 57, 43, 7, 28, 9, 58, 47, 67, 60, 35, 17, 71, 14, 1, 26, 0, 8, 27, 41, 50, 2, 11, 15, 36, 54, 79, 24, 32, 38, 46, 59, 72, 39, 73, 61, 66, 34, 4, 25, 31, 65, 44, 23, 3, 52, 30, 22, 77, 49, 12, 21, 70, 10, 16, 53, 45, 13, 5, 40, 62, 76, 42, 78, 68, 6, 18, 63, 20, 56, 48, 51, 55, 64, 75, 33, 69, 29, 74]
og index list energy: 134688266.61214572
index list: [33, 55, 43, 46, 68, 17, 18, 6, 69, 44, 50, 11, 12, 13, 1, 2, 58, 22, 23, 53, 32, 15, 0, 63, 37, 38, 39, 25, 26, 27, 28, 29, 30, 31, 19, 71, 77, 36, 34, 35, 16, 51, 47, 74, 79, 78, 45, 49, 42, 72, 59, 60, 61, 75, 70, 7, 8, 3, 21, 76, 24, 52, 14, 40, 9, 10, 41, 64, 48, 62, 54, 65, 4, 56, 20, 57, 73, 66, 67, 5]
index list energy: 5144251.025659478
Done


program ended at: 2020-03-30 09:19:51.862079 
 time delta: 11:57:59.982907
