## SLURM PROLOG ###############################################################
##    Job ID : 11508659
##  Job Name : verifying_2np4_works
##  Nodelist : node1104
##      CPUs : 1
##  Mem/Node : 1024 MB
## Directory : /gpfs/data/nfawzi/skale/Fawzi_pycharm_project
##   Started : Sun Mar 29 21:21:50 EDT 2020
###############################################################################
program started at:2020-03-29 21:21:51.451202
iterations: 100000000 temp: 1000000.0 exponent: 0.9 eif: 300.0
time taken (sec): 8121.889483690262
number of iterations: 100000000
final temperature: 159.26791088519815
og index list: [33, 70, 62, 43, 64, 60, 32, 69, 67, 59, 55, 5, 75, 50, 27, 74, 18, 46, 42, 76, 19, 44, 37, 77, 4, 23, 29, 72, 41, 0, 54, 15, 11, 65, 28, 40, 25, 78, 52, 57, 36, 21, 6, 39, 30, 8, 38, 51, 56, 68, 66, 47, 1, 3, 53, 13, 2, 26, 10, 16, 71, 17, 61, 49, 7, 31, 20, 22, 24, 45, 12, 63, 35, 79, 9, 48, 73, 14, 34, 58]
og index list energy: 190146522.00575456
index list: [0, 1, 2, 3, 4, 5, 6, 7, 8, 9, 10, 11, 12, 13, 75, 14, 15, 16, 76, 17, 18, 19, 20, 21, 22, 23, 24, 25, 26, 27, 28, 29, 30, 31, 32, 49, 33, 34, 35, 36, 37, 38, 39, 40, 41, 71, 78, 43, 44, 45, 46, 47, 48, 74, 50, 51, 52, 53, 54, 55, 56, 57, 58, 79, 59, 60, 61, 62, 63, 64, 65, 66, 67, 68, 69, 72, 73, 77, 42, 70]
index list energy: 175510.19904523817
Done


iterations: 100000000 temp: 1000000.0 exponent: 0.9 eif: 300.0
time taken (sec): 7919.607071876526
number of iterations: 100000000
final temperature: 159.26791088519815
og index list: [60, 74, 9, 10, 22, 57, 12, 7, 38, 26, 54, 39, 42, 2, 51, 0, 61, 25, 45, 28, 70, 44, 69, 21, 68, 32, 72, 52, 6, 56, 33, 48, 8, 53, 58, 31, 47, 36, 34, 65, 29, 75, 40, 20, 71, 27, 41, 50, 35, 76, 43, 66, 4, 37, 23, 78, 73, 16, 11, 14, 15, 17, 67, 5, 49, 79, 18, 77, 63, 46, 64, 24, 30, 1, 55, 59, 19, 3, 62, 13]
og index list energy: 141654672.9382089
index list: [72, 1, 2, 3, 4, 5, 6, 7, 8, 9, 10, 11, 12, 13, 74, 14, 15, 16, 49, 17, 18, 19, 20, 21, 22, 23, 24, 25, 26, 27, 28, 29, 30, 31, 78, 42, 33, 34, 35, 36, 37, 38, 39, 40, 41, 71, 77, 43, 44, 45, 46, 47, 48, 75, 50, 51, 52, 53, 54, 55, 56, 57, 58, 79, 59, 60, 61, 62, 63, 64, 65, 66, 67, 68, 69, 70, 76, 32, 0, 73]
index list energy: 171577.16464737442
Done


iterations: 100000000 temp: 1000000.0 exponent: 0.9 eif: 300.0
time taken (sec): 7242.911909341812
number of iterations: 100000000
final temperature: 159.26791088519815
og index list: [29, 5, 30, 66, 8, 67, 68, 0, 36, 38, 49, 50, 18, 26, 48, 40, 53, 64, 3, 25, 55, 74, 58, 10, 9, 69, 6, 27, 56, 21, 43, 1, 39, 65, 16, 2, 46, 76, 20, 41, 45, 31, 17, 44, 28, 52, 57, 7, 63, 24, 62, 34, 22, 79, 72, 23, 4, 73, 37, 42, 14, 75, 13, 61, 71, 51, 60, 12, 32, 33, 77, 70, 19, 35, 54, 11, 15, 47, 78, 59]
og index list energy: 169755603.48097476
index list: [0, 1, 2, 3, 4, 5, 6, 7, 8, 9, 10, 11, 12, 13, 77, 14, 15, 16, 76, 17, 18, 19, 20, 21, 22, 23, 24, 25, 26, 27, 28, 29, 30, 31, 32, 78, 33, 34, 35, 36, 37, 38, 39, 40, 41, 75, 42, 43, 44, 45, 46, 47, 48, 74, 50, 51, 52, 53, 54, 55, 56, 57, 58, 49, 59, 60, 61, 62, 63, 64, 65, 66, 67, 68, 69, 70, 71, 79, 72, 73]
index list energy: 152293.52169419697
Done


iterations: 100000000 temp: 1000000.0 exponent: 0.9 eif: 300.0
time taken (sec): 7104.153563499451
number of iterations: 100000000
final temperature: 159.26791088519815
og index list: [3, 57, 59, 30, 17, 42, 65, 46, 40, 13, 58, 7, 39, 21, 24, 26, 31, 61, 18, 37, 35, 28, 33, 62, 56, 1, 0, 20, 36, 11, 16, 51, 6, 54, 38, 10, 60, 9, 27, 68, 79, 14, 4, 25, 67, 66, 72, 76, 19, 43, 50, 53, 48, 70, 69, 12, 71, 5, 78, 49, 44, 45, 55, 77, 2, 29, 15, 22, 32, 74, 47, 73, 75, 63, 41, 34, 23, 64, 52, 8]
og index list energy: 167170093.6650939
index list: [72, 1, 2, 3, 4, 5, 6, 7, 8, 9, 10, 11, 12, 13, 75, 14, 15, 16, 79, 17, 18, 19, 20, 21, 22, 23, 24, 25, 26, 27, 28, 29, 30, 31, 32, 74, 33, 34, 35, 36, 37, 38, 39, 40, 41, 49, 42, 43, 44, 45, 46, 47, 48, 76, 50, 51, 52, 53, 54, 55, 56, 57, 58, 78, 59, 60, 61, 62, 63, 64, 65, 66, 67, 68, 69, 70, 71, 0, 77, 73]
index list energy: 154829.82947353355
Done


iterations: 100000000 temp: 1000000.0 exponent: 0.9 eif: 300.0
time taken (sec): 6833.922801733017
number of iterations: 100000000
final temperature: 159.26791088519815
og index list: [57, 14, 0, 16, 53, 42, 15, 10, 39, 6, 4, 61, 71, 77, 26, 46, 66, 21, 11, 64, 17, 62, 47, 51, 30, 78, 56, 79, 54, 9, 69, 45, 72, 60, 13, 63, 70, 59, 36, 35, 5, 55, 58, 49, 37, 33, 65, 67, 20, 28, 24, 38, 73, 40, 23, 2, 41, 75, 31, 32, 52, 76, 68, 3, 50, 19, 48, 44, 7, 29, 43, 12, 22, 27, 8, 1, 34, 18, 74, 25]
og index list energy: 142571222.30472776
index list: [72, 1, 2, 3, 4, 5, 6, 7, 8, 9, 10, 11, 12, 13, 77, 14, 15, 16, 78, 17, 18, 19, 20, 21, 22, 23, 24, 25, 26, 27, 28, 29, 30, 31, 32, 79, 33, 34, 35, 36, 37, 38, 39, 40, 41, 75, 42, 43, 44, 45, 46, 47, 48, 76, 50, 51, 52, 53, 54, 55, 56, 57, 58, 49, 59, 60, 61, 62, 63, 64, 65, 66, 67, 68, 69, 74, 70, 71, 0, 73]
index list energy: 152290.42158758297
Done


iterations: 100000000 temp: 1000000.0 exponent: 0.9 eif: 300.0
time taken (sec): 5857.363246440887
number of iterations: 87617898
final temperature: 332.9896365316148
og index list: [13, 74, 27, 62, 52, 55, 77, 2, 28, 1, 8, 34, 65, 41, 70, 17, 47, 20, 40, 29, 6, 10, 25, 71, 22, 16, 11, 75, 26, 45, 59, 23, 3, 48, 50, 31, 76, 7, 4, 43, 18, 79, 58, 9, 78, 73, 51, 21, 12, 30, 15, 36, 42, 67, 44, 68, 37, 38, 46, 72, 19, 54, 49, 5, 64, 69, 32, 61, 56, 66, 35, 33, 53, 63, 57, 39, 14, 0, 60, 24]
og index list energy: 140569308.2359252
index list: [72, 1, 2, 3, 4, 5, 6, 7, 8, 9, 10, 11, 12, 13, 78, 14, 15, 16, 74, 17, 18, 19, 20, 21, 22, 23, 24, 25, 26, 27, 28, 29, 30, 31, 32, 75, 33, 34, 35, 36, 37, 38, 39, 40, 41, 79, 42, 43, 44, 45, 46, 47, 48, 76, 50, 51, 52, 53, 54, 55, 56, 57, 58, 49, 59, 60, 61, 62, 63, 64, 65, 66, 67, 68, 69, 77, 70, 71, 0, 73]
index list energy: 152290.42158758297
Done


program ended at: 2020-03-30 09:19:51.444071 
 time delta: 11:57:59.992869
