## SLURM PROLOG ###############################################################
##    Job ID : 11508593
##  Job Name : verifying_2np4_works
##  Nodelist : node1303
##      CPUs : 1
##  Mem/Node : 1024 MB
## Directory : /gpfs/data/nfawzi/skale/Fawzi_pycharm_project
##   Started : Sun Mar 29 21:21:21 EDT 2020
###############################################################################
program started at:2020-03-29 21:21:21.772755
iterations: 100000000 temp: 1000000.0 exponent: 0.9 eif: 300.0
time taken (sec): 8580.811136960983
number of iterations: 100000000
final temperature: 159.26791088519815
og index list: [58, 78, 57, 68, 15, 66, 71, 74, 4, 21, 20, 56, 13, 5, 65, 35, 60, 49, 46, 1, 29, 38, 14, 26, 18, 23, 10, 8, 73, 67, 40, 3, 42, 34, 43, 53, 6, 0, 72, 33, 2, 77, 47, 39, 75, 76, 28, 69, 70, 25, 64, 17, 55, 48, 50, 19, 27, 62, 41, 12, 16, 32, 30, 59, 31, 11, 44, 7, 61, 22, 37, 45, 51, 54, 79, 52, 9, 36, 24, 63]
og index list energy: 149382585.29425055
index list: [0, 1, 2, 3, 4, 5, 6, 7, 8, 9, 10, 11, 12, 13, 78, 14, 15, 16, 75, 17, 18, 19, 20, 21, 22, 23, 24, 25, 26, 27, 28, 29, 30, 31, 32, 79, 33, 34, 35, 36, 37, 38, 39, 40, 41, 74, 42, 43, 44, 45, 46, 47, 48, 76, 50, 51, 52, 53, 54, 55, 56, 57, 58, 77, 59, 60, 61, 62, 63, 64, 65, 66, 67, 68, 69, 70, 71, 49, 72, 73]
index list energy: 152293.52169419697
Done


iterations: 100000000 temp: 1000000.0 exponent: 0.9 eif: 300.0
time taken (sec): 7941.385136127472
number of iterations: 100000000
final temperature: 159.26791088519815
og index list: [41, 52, 26, 69, 5, 77, 40, 59, 9, 79, 76, 0, 68, 43, 34, 49, 8, 50, 25, 30, 51, 10, 39, 56, 60, 61, 32, 44, 33, 47, 62, 55, 70, 36, 2, 67, 75, 4, 13, 18, 64, 19, 16, 74, 24, 11, 65, 73, 58, 17, 23, 66, 7, 53, 22, 35, 28, 37, 31, 27, 38, 14, 63, 48, 72, 3, 71, 21, 42, 15, 78, 54, 57, 45, 6, 29, 46, 1, 12, 20]
og index list energy: 145239350.13604674
index list: [72, 1, 2, 3, 4, 5, 6, 7, 8, 9, 10, 11, 12, 13, 49, 14, 15, 16, 74, 17, 18, 19, 20, 21, 22, 23, 24, 25, 26, 27, 28, 29, 30, 31, 32, 76, 33, 34, 35, 36, 37, 38, 39, 40, 41, 78, 42, 43, 44, 45, 46, 47, 48, 77, 50, 51, 52, 53, 54, 55, 56, 57, 58, 79, 59, 60, 61, 62, 63, 64, 65, 66, 67, 68, 69, 75, 70, 71, 0, 73]
index list energy: 152290.42158758297
Done


iterations: 100000000 temp: 1000000.0 exponent: 0.9 eif: 300.0
time taken (sec): 7810.479751110077
number of iterations: 100000000
final temperature: 159.26791088519815
og index list: [46, 73, 51, 33, 4, 3, 72, 52, 79, 57, 21, 31, 39, 35, 41, 29, 2, 42, 20, 56, 27, 70, 44, 49, 50, 22, 30, 47, 54, 24, 67, 78, 12, 68, 16, 19, 10, 11, 45, 9, 55, 71, 25, 1, 62, 34, 53, 76, 15, 58, 13, 17, 8, 48, 66, 14, 60, 6, 32, 26, 7, 43, 74, 63, 75, 61, 40, 69, 36, 23, 37, 5, 77, 65, 18, 28, 0, 64, 59, 38]
og index list energy: 103011887.91190137
index list: [0, 1, 2, 3, 4, 5, 6, 7, 8, 9, 10, 11, 12, 13, 49, 14, 15, 16, 79, 17, 18, 19, 20, 21, 22, 23, 24, 25, 26, 27, 28, 29, 30, 31, 32, 74, 33, 34, 35, 36, 37, 38, 39, 40, 41, 71, 76, 43, 44, 45, 46, 47, 48, 77, 50, 51, 52, 53, 54, 55, 56, 57, 58, 75, 59, 60, 61, 62, 63, 64, 65, 66, 67, 68, 69, 70, 78, 42, 72, 73]
index list energy: 160416.50127390915
Done


iterations: 100000000 temp: 1000000.0 exponent: 0.9 eif: 300.0
time taken (sec): 8085.007571220398
number of iterations: 100000000
final temperature: 159.26791088519815
og index list: [74, 70, 22, 49, 17, 14, 11, 72, 63, 15, 40, 32, 58, 16, 36, 59, 48, 68, 43, 12, 54, 37, 26, 7, 45, 62, 77, 0, 61, 21, 28, 42, 30, 39, 46, 10, 38, 57, 18, 4, 69, 65, 5, 34, 60, 33, 52, 66, 29, 25, 50, 3, 27, 2, 24, 1, 47, 6, 13, 73, 76, 9, 53, 79, 19, 41, 78, 56, 44, 67, 64, 51, 8, 31, 75, 35, 55, 71, 20, 23]
og index list energy: 136023503.6662341
index list: [0, 1, 2, 3, 4, 5, 6, 7, 8, 9, 10, 11, 12, 13, 74, 14, 15, 16, 78, 17, 18, 19, 20, 21, 22, 23, 24, 25, 26, 27, 28, 29, 30, 31, 32, 76, 33, 34, 35, 36, 37, 38, 39, 40, 41, 79, 42, 43, 44, 45, 46, 47, 48, 77, 50, 51, 52, 53, 54, 55, 56, 57, 58, 49, 59, 60, 61, 62, 63, 64, 65, 66, 67, 68, 69, 70, 71, 75, 72, 73]
index list energy: 152293.52169419697
Done


iterations: 100000000 temp: 1000000.0 exponent: 0.9 eif: 300.0
time taken (sec): 7589.371188402176
number of iterations: 100000000
final temperature: 159.26791088519815
og index list: [43, 67, 4, 53, 75, 44, 57, 15, 1, 26, 68, 37, 18, 78, 52, 47, 62, 27, 0, 45, 20, 10, 22, 32, 19, 72, 58, 14, 25, 77, 38, 63, 49, 13, 56, 23, 12, 70, 51, 31, 40, 8, 64, 33, 34, 61, 36, 59, 11, 76, 2, 41, 46, 66, 65, 79, 42, 7, 28, 6, 48, 30, 17, 29, 50, 21, 16, 55, 69, 35, 71, 5, 54, 3, 73, 9, 74, 60, 24, 39]
og index list energy: 115731138.10528407
index list: [72, 1, 2, 3, 4, 5, 6, 7, 8, 9, 10, 11, 12, 13, 77, 14, 15, 16, 78, 17, 18, 19, 20, 21, 22, 23, 24, 25, 26, 27, 28, 29, 30, 31, 32, 76, 33, 34, 35, 36, 37, 38, 39, 40, 41, 75, 42, 43, 44, 45, 46, 47, 48, 74, 50, 51, 52, 53, 54, 55, 56, 57, 58, 49, 59, 60, 61, 62, 63, 64, 65, 66, 67, 68, 69, 79, 70, 71, 0, 73]
index list energy: 152290.42158758297
Done


iterations: 100000000 temp: 1000000.0 exponent: 0.9 eif: 300.0
time taken (sec): 3072.8040142059326
number of iterations: 49074710
final temperature: 4638.397686588105
og index list: [20, 67, 70, 26, 16, 50, 59, 69, 0, 9, 32, 29, 36, 72, 40, 12, 31, 24, 5, 43, 74, 61, 53, 14, 58, 38, 65, 4, 57, 68, 37, 33, 27, 41, 66, 23, 64, 55, 22, 51, 54, 2, 47, 60, 7, 30, 46, 25, 42, 56, 8, 79, 15, 35, 48, 71, 49, 62, 34, 45, 78, 11, 28, 21, 75, 17, 77, 63, 6, 10, 52, 73, 1, 76, 13, 3, 19, 44, 39, 18]
og index list energy: 132534910.83175161
index list: [43, 1, 2, 3, 4, 5, 6, 7, 8, 9, 10, 11, 12, 13, 76, 14, 15, 16, 77, 17, 18, 19, 20, 21, 22, 23, 24, 25, 26, 27, 28, 29, 30, 31, 32, 49, 33, 34, 35, 36, 37, 38, 39, 75, 42, 72, 73, 79, 44, 45, 46, 47, 48, 78, 50, 51, 52, 53, 54, 55, 56, 57, 58, 74, 59, 60, 61, 62, 63, 64, 65, 66, 67, 68, 69, 70, 71, 40, 41, 0]
index list energy: 206188.4680902987
Done


program ended at: 2020-03-30 09:19:21.764372 
 time delta: 11:57:59.991617
