## SLURM PROLOG ###############################################################
##    Job ID : 11508594
##  Job Name : verifying_2np4_works
##  Nodelist : node1303
##      CPUs : 1
##  Mem/Node : 1024 MB
## Directory : /gpfs/data/nfawzi/skale/Fawzi_pycharm_project
##   Started : Sun Mar 29 21:21:23 EDT 2020
###############################################################################
program started at:2020-03-29 21:21:23.997836
iterations: 100000000 temp: 1000000.0 exponent: 0.9 eif: 300.0
time taken (sec): 8566.355168104172
number of iterations: 100000000
final temperature: 159.26791088519815
og index list: [22, 51, 33, 18, 74, 17, 28, 78, 5, 70, 65, 62, 48, 60, 0, 64, 42, 43, 66, 68, 23, 73, 20, 34, 55, 38, 50, 46, 9, 2, 54, 63, 14, 6, 36, 25, 47, 10, 26, 52, 15, 29, 7, 77, 44, 40, 58, 21, 16, 30, 37, 11, 67, 53, 31, 32, 41, 72, 61, 8, 35, 75, 13, 79, 39, 71, 12, 57, 27, 24, 45, 59, 49, 3, 1, 76, 19, 4, 56, 69]
og index list energy: 101191351.63002965
index list: [0, 1, 2, 3, 4, 5, 6, 7, 8, 9, 10, 11, 12, 13, 74, 14, 15, 16, 49, 17, 18, 19, 20, 21, 22, 23, 24, 25, 26, 27, 28, 29, 30, 31, 32, 75, 33, 34, 35, 36, 37, 38, 39, 40, 41, 71, 78, 43, 44, 45, 46, 47, 48, 79, 50, 51, 52, 53, 54, 55, 56, 57, 58, 76, 59, 60, 61, 62, 63, 64, 65, 66, 67, 68, 69, 72, 73, 77, 42, 70]
index list energy: 175510.19904523817
Done


iterations: 100000000 temp: 1000000.0 exponent: 0.9 eif: 300.0
time taken (sec): 8611.416590929031
number of iterations: 100000000
final temperature: 159.26791088519815
og index list: [49, 52, 9, 33, 13, 72, 35, 59, 20, 62, 12, 15, 71, 6, 68, 51, 67, 36, 50, 16, 54, 27, 41, 1, 79, 8, 43, 0, 38, 21, 47, 10, 69, 39, 24, 70, 4, 45, 61, 14, 18, 46, 73, 44, 60, 31, 55, 65, 42, 77, 56, 64, 74, 3, 57, 34, 37, 48, 22, 66, 58, 29, 23, 78, 26, 17, 32, 63, 75, 7, 53, 40, 2, 5, 28, 19, 25, 76, 11, 30]
og index list energy: 130016429.55234268
index list: [0, 1, 2, 3, 4, 5, 6, 7, 8, 9, 10, 11, 12, 13, 79, 14, 15, 16, 77, 17, 18, 19, 20, 21, 22, 23, 24, 25, 26, 27, 28, 29, 30, 31, 32, 76, 33, 34, 35, 36, 37, 38, 39, 40, 41, 49, 42, 43, 44, 45, 46, 47, 48, 74, 50, 51, 52, 53, 54, 55, 56, 57, 58, 75, 59, 60, 61, 62, 63, 64, 65, 66, 67, 68, 69, 70, 71, 78, 72, 73]
index list energy: 152293.52169419697
Done


iterations: 100000000 temp: 1000000.0 exponent: 0.9 eif: 300.0
time taken (sec): 7953.343656539917
number of iterations: 100000000
final temperature: 159.26791088519815
og index list: [77, 72, 42, 53, 55, 61, 52, 8, 63, 9, 10, 70, 38, 75, 74, 41, 64, 29, 57, 6, 49, 7, 66, 22, 50, 31, 4, 48, 18, 36, 3, 5, 34, 32, 27, 28, 0, 67, 35, 15, 76, 79, 20, 13, 71, 40, 37, 21, 14, 23, 24, 1, 30, 58, 68, 56, 26, 17, 59, 11, 33, 51, 2, 45, 16, 62, 46, 43, 47, 73, 25, 44, 54, 65, 12, 19, 39, 60, 69, 78]
og index list energy: 103667779.69682872
index list: [72, 1, 2, 3, 4, 5, 6, 7, 8, 9, 10, 11, 12, 13, 74, 14, 15, 16, 49, 17, 18, 19, 20, 21, 22, 23, 24, 25, 26, 27, 28, 29, 30, 31, 32, 77, 33, 34, 35, 36, 37, 38, 39, 40, 41, 75, 42, 43, 44, 45, 46, 47, 48, 76, 50, 51, 52, 53, 54, 55, 56, 57, 58, 78, 59, 60, 61, 62, 63, 64, 65, 66, 67, 68, 69, 79, 70, 71, 0, 73]
index list energy: 152290.42158758297
Done


iterations: 100000000 temp: 1000000.0 exponent: 0.9 eif: 300.0
time taken (sec): 8084.36186337471
number of iterations: 100000000
final temperature: 159.26791088519815
og index list: [27, 30, 61, 69, 31, 20, 68, 3, 73, 45, 62, 23, 58, 66, 40, 17, 60, 38, 19, 54, 55, 32, 34, 63, 39, 4, 59, 0, 21, 22, 29, 67, 52, 44, 50, 14, 24, 65, 71, 64, 53, 48, 1, 28, 11, 41, 79, 6, 47, 5, 15, 10, 35, 25, 16, 43, 2, 49, 75, 7, 56, 33, 12, 26, 72, 51, 9, 76, 37, 46, 18, 70, 42, 13, 57, 77, 74, 36, 78, 8]
og index list energy: 127847131.28452772
index list: [72, 1, 2, 3, 4, 5, 6, 7, 8, 9, 10, 11, 12, 13, 77, 14, 15, 16, 79, 17, 18, 19, 20, 21, 22, 23, 24, 25, 26, 27, 28, 29, 30, 31, 32, 74, 33, 34, 35, 36, 37, 38, 39, 40, 41, 75, 42, 43, 44, 45, 46, 47, 48, 49, 50, 51, 52, 53, 54, 55, 56, 57, 58, 78, 59, 60, 61, 62, 63, 64, 65, 66, 67, 68, 69, 76, 70, 71, 0, 73]
index list energy: 151991.621587583
Done


iterations: 100000000 temp: 1000000.0 exponent: 0.9 eif: 300.0
time taken (sec): 8030.5895256996155
number of iterations: 100000000
final temperature: 159.26791088519815
og index list: [55, 54, 79, 5, 21, 11, 8, 4, 58, 13, 18, 51, 24, 43, 40, 42, 74, 3, 29, 37, 67, 71, 78, 1, 69, 49, 38, 73, 48, 70, 75, 25, 52, 77, 62, 68, 7, 27, 41, 32, 59, 10, 19, 17, 57, 15, 72, 44, 63, 61, 53, 65, 16, 20, 33, 56, 64, 35, 0, 45, 60, 14, 28, 30, 39, 50, 76, 34, 23, 46, 26, 31, 22, 12, 47, 36, 2, 66, 6, 9]
og index list energy: 186549006.02484927
index list: [0, 1, 2, 3, 4, 5, 6, 7, 8, 9, 10, 11, 12, 13, 78, 14, 15, 16, 75, 17, 18, 19, 20, 21, 22, 23, 24, 25, 26, 27, 28, 29, 30, 31, 32, 79, 33, 34, 35, 36, 37, 38, 39, 40, 41, 71, 74, 43, 44, 45, 46, 47, 48, 77, 50, 51, 52, 53, 54, 55, 56, 57, 58, 49, 59, 60, 61, 62, 63, 64, 65, 66, 67, 68, 69, 70, 76, 42, 72, 73]
index list energy: 160416.50127390915
Done


iterations: 100000000 temp: 1000000.0 exponent: 0.9 eif: 300.0
time taken (sec): 1833.8020222187042
number of iterations: 35014514
final temperature: 18248.00363140074
og index list: [53, 32, 36, 62, 31, 63, 6, 75, 66, 4, 19, 23, 24, 71, 16, 8, 44, 69, 77, 57, 61, 49, 59, 0, 39, 43, 68, 27, 54, 42, 15, 37, 74, 67, 38, 20, 22, 78, 7, 70, 17, 45, 5, 58, 51, 40, 55, 9, 76, 48, 64, 72, 65, 52, 33, 28, 79, 3, 12, 47, 26, 35, 29, 21, 1, 10, 13, 60, 30, 14, 41, 2, 18, 11, 25, 50, 34, 56, 46, 73]
og index list energy: 178731321.83501145
index list: [72, 1, 2, 3, 4, 5, 6, 7, 8, 9, 10, 11, 12, 13, 0, 73, 66, 76, 42, 17, 18, 19, 20, 21, 22, 23, 24, 25, 26, 27, 28, 29, 30, 31, 32, 49, 33, 34, 35, 36, 77, 38, 39, 40, 41, 71, 75, 43, 44, 45, 46, 47, 48, 37, 50, 51, 52, 53, 54, 55, 56, 57, 58, 78, 59, 60, 61, 62, 63, 64, 65, 74, 67, 68, 69, 70, 79, 14, 15, 16]
index list energy: 274182.6387508449
Done


program ended at: 2020-03-30 09:19:23.991727 
 time delta: 11:57:59.993891
