## SLURM PROLOG ###############################################################
##    Job ID : 11508595
##  Job Name : verifying_2np4_works
##  Nodelist : node1326
##      CPUs : 1
##  Mem/Node : 1024 MB
## Directory : /gpfs/data/nfawzi/skale/Fawzi_pycharm_project
##   Started : Sun Mar 29 21:21:22 EDT 2020
###############################################################################
program started at:2020-03-29 21:21:23.240453
iterations: 100000000 temp: 1000000.0 exponent: 0.9 eif: 300.0
time taken (sec): 8498.740418195724
number of iterations: 100000000
final temperature: 159.26791088519815
og index list: [3, 73, 68, 30, 15, 63, 16, 23, 18, 5, 19, 28, 43, 27, 47, 11, 32, 40, 61, 64, 6, 10, 8, 36, 50, 53, 52, 42, 74, 49, 62, 46, 76, 67, 71, 75, 65, 38, 1, 35, 31, 0, 37, 54, 41, 25, 39, 4, 78, 77, 60, 45, 69, 56, 24, 66, 13, 7, 55, 29, 33, 34, 12, 21, 70, 79, 48, 58, 26, 9, 57, 44, 20, 72, 17, 59, 22, 51, 2, 14]
og index list energy: 157789696.1764261
index list: [0, 1, 2, 3, 4, 5, 6, 7, 8, 9, 10, 11, 12, 13, 79, 14, 15, 16, 76, 17, 18, 19, 20, 21, 22, 23, 24, 25, 26, 27, 28, 29, 30, 31, 32, 77, 33, 34, 35, 36, 37, 38, 39, 40, 41, 49, 42, 43, 44, 45, 46, 47, 48, 78, 50, 51, 52, 53, 54, 55, 56, 57, 58, 74, 59, 60, 61, 62, 63, 64, 65, 66, 67, 68, 69, 70, 71, 75, 72, 73]
index list energy: 152293.52169419697
Done


iterations: 100000000 temp: 1000000.0 exponent: 0.9 eif: 300.0
time taken (sec): 8420.579847335815
number of iterations: 100000000
final temperature: 159.26791088519815
og index list: [52, 40, 56, 59, 47, 68, 38, 58, 36, 49, 51, 33, 24, 66, 60, 55, 65, 12, 4, 11, 30, 62, 34, 10, 42, 29, 5, 37, 13, 53, 78, 73, 9, 69, 1, 0, 32, 45, 67, 31, 25, 16, 74, 21, 64, 27, 26, 50, 14, 7, 3, 41, 35, 54, 39, 70, 6, 76, 61, 18, 77, 71, 20, 72, 19, 75, 79, 46, 2, 44, 22, 28, 8, 48, 15, 43, 23, 17, 57, 63]
og index list energy: 121051283.61193405
index list: [0, 1, 2, 3, 4, 5, 6, 7, 8, 9, 10, 11, 12, 13, 76, 14, 15, 16, 78, 17, 18, 19, 20, 21, 22, 23, 24, 25, 26, 27, 28, 29, 30, 31, 32, 77, 33, 34, 35, 36, 37, 38, 39, 40, 41, 49, 42, 43, 44, 45, 46, 47, 48, 75, 50, 51, 52, 53, 54, 55, 56, 57, 58, 74, 59, 60, 61, 62, 63, 64, 65, 66, 67, 68, 69, 70, 71, 79, 72, 73]
index list energy: 152293.52169419697
Done


iterations: 100000000 temp: 1000000.0 exponent: 0.9 eif: 300.0
time taken (sec): 8007.911412477493
number of iterations: 100000000
final temperature: 159.26791088519815
og index list: [79, 52, 4, 9, 68, 45, 23, 25, 58, 57, 11, 73, 28, 38, 13, 48, 29, 2, 31, 6, 46, 44, 74, 39, 55, 20, 50, 19, 54, 3, 42, 63, 67, 26, 16, 34, 47, 78, 7, 8, 70, 1, 75, 40, 0, 30, 53, 49, 41, 66, 15, 37, 17, 72, 64, 14, 36, 61, 33, 51, 69, 5, 22, 32, 76, 60, 65, 59, 24, 56, 10, 27, 18, 71, 35, 62, 43, 12, 77, 21]
og index list energy: 139067558.9757072
index list: [72, 1, 2, 3, 4, 5, 6, 7, 8, 9, 10, 11, 12, 13, 78, 14, 15, 16, 77, 17, 18, 19, 20, 21, 22, 23, 24, 25, 26, 27, 28, 29, 30, 31, 32, 75, 33, 34, 35, 36, 37, 38, 39, 40, 41, 49, 42, 43, 44, 45, 46, 47, 48, 74, 50, 51, 52, 53, 54, 55, 56, 57, 58, 79, 59, 60, 61, 62, 63, 64, 65, 66, 67, 68, 69, 76, 70, 71, 0, 73]
index list energy: 152290.42158758297
Done


iterations: 100000000 temp: 1000000.0 exponent: 0.9 eif: 300.0
time taken (sec): 8267.047010183334
number of iterations: 100000000
final temperature: 159.26791088519815
og index list: [65, 35, 0, 17, 8, 21, 58, 46, 3, 11, 60, 26, 38, 25, 2, 31, 50, 9, 43, 78, 28, 45, 16, 56, 61, 20, 53, 59, 57, 12, 23, 64, 39, 27, 68, 33, 70, 52, 24, 32, 67, 73, 76, 49, 48, 22, 7, 72, 66, 29, 71, 74, 36, 15, 79, 69, 75, 30, 6, 51, 14, 5, 19, 37, 44, 77, 55, 54, 40, 10, 47, 18, 41, 63, 1, 42, 34, 4, 62, 13]
og index list energy: 137872246.0720486
index list: [0, 1, 2, 3, 4, 5, 6, 7, 8, 9, 10, 11, 12, 13, 78, 14, 15, 16, 76, 17, 18, 19, 20, 21, 22, 23, 24, 25, 26, 27, 28, 29, 30, 31, 32, 74, 33, 34, 35, 36, 37, 38, 39, 40, 41, 79, 42, 43, 44, 45, 46, 47, 48, 75, 50, 51, 52, 53, 54, 55, 56, 57, 58, 49, 59, 60, 61, 62, 63, 64, 65, 66, 67, 68, 69, 70, 71, 77, 72, 73]
index list energy: 152293.52169419697
Done


iterations: 100000000 temp: 1000000.0 exponent: 0.9 eif: 300.0
time taken (sec): 8199.503166675568
number of iterations: 100000000
final temperature: 159.26791088519815
og index list: [77, 31, 33, 59, 72, 17, 3, 56, 46, 65, 7, 19, 75, 35, 76, 21, 4, 47, 40, 23, 15, 41, 55, 61, 44, 9, 29, 69, 71, 10, 52, 53, 68, 14, 45, 30, 27, 66, 11, 16, 0, 50, 5, 36, 74, 48, 8, 67, 26, 51, 54, 22, 73, 78, 1, 12, 25, 2, 34, 57, 79, 20, 49, 62, 6, 37, 42, 13, 28, 70, 38, 63, 60, 24, 43, 32, 39, 58, 64, 18]
og index list energy: 188906332.45578626
index list: [0, 1, 2, 3, 4, 5, 6, 7, 8, 9, 10, 11, 12, 13, 75, 14, 15, 16, 77, 17, 18, 19, 20, 21, 22, 23, 24, 25, 26, 27, 28, 29, 30, 31, 32, 76, 33, 34, 35, 36, 37, 38, 39, 40, 41, 49, 42, 43, 44, 45, 46, 47, 48, 74, 50, 51, 52, 53, 54, 55, 56, 57, 58, 79, 59, 60, 61, 62, 63, 64, 65, 66, 67, 68, 69, 70, 71, 78, 72, 73]
index list energy: 152293.52169419697
Done


iterations: 100000000 temp: 1000000.0 exponent: 0.9 eif: 300.0
time taken (sec): 1686.05619931221
number of iterations: 33423363
final temperature: 20275.559590445268
og index list: [9, 27, 20, 47, 61, 25, 44, 53, 14, 79, 22, 15, 3, 57, 16, 42, 17, 18, 23, 43, 67, 68, 39, 11, 65, 63, 10, 66, 31, 8, 64, 49, 40, 19, 1, 74, 52, 5, 45, 69, 72, 38, 21, 4, 13, 71, 30, 76, 78, 62, 48, 51, 70, 77, 50, 46, 24, 6, 32, 34, 35, 28, 33, 58, 29, 2, 26, 55, 60, 7, 56, 37, 36, 41, 12, 73, 54, 75, 59, 0]
og index list energy: 100966904.4262252
index list: [8, 51, 10, 11, 12, 13, 6, 7, 0, 1, 2, 3, 4, 15, 16, 49, 72, 73, 66, 17, 18, 19, 20, 21, 22, 23, 24, 25, 26, 27, 28, 29, 30, 31, 32, 78, 33, 34, 35, 36, 37, 38, 39, 40, 41, 75, 42, 43, 44, 45, 46, 47, 48, 76, 14, 77, 52, 53, 54, 55, 56, 57, 58, 79, 59, 60, 61, 62, 63, 64, 65, 74, 67, 68, 69, 70, 71, 5, 50, 9]
index list energy: 385231.39379277005
Done


program ended at: 2020-03-30 09:19:23.205942 
 time delta: 11:57:59.965489
