## SLURM PROLOG ###############################################################
##    Job ID : 11508651
##  Job Name : verifying_2np4_works
##  Nodelist : node1164
##      CPUs : 1
##  Mem/Node : 1024 MB
## Directory : /gpfs/data/nfawzi/skale/Fawzi_pycharm_project
##   Started : Sun Mar 29 21:21:22 EDT 2020
###############################################################################
program started at:2020-03-29 21:21:23.290140
iterations: 100000000 temp: 1000000.0 exponent: 0.9 eif: 300.0
time taken (sec): 8610.093877077103
number of iterations: 100000000
final temperature: 159.26791088519815
og index list: [27, 65, 74, 37, 21, 53, 33, 47, 57, 79, 20, 60, 30, 44, 51, 2, 8, 25, 13, 11, 56, 48, 12, 73, 42, 0, 17, 22, 14, 9, 64, 62, 71, 69, 3, 40, 55, 59, 61, 10, 78, 31, 35, 63, 36, 70, 76, 4, 29, 77, 52, 72, 50, 18, 1, 41, 45, 19, 26, 15, 58, 43, 24, 28, 34, 49, 46, 38, 66, 7, 39, 16, 23, 5, 67, 68, 32, 75, 54, 6]
og index list energy: 153820127.7911638
index list: [72, 1, 2, 3, 4, 5, 6, 7, 8, 9, 10, 11, 12, 13, 77, 14, 15, 16, 78, 17, 18, 19, 20, 21, 22, 23, 24, 25, 26, 27, 28, 29, 30, 31, 32, 74, 33, 34, 35, 36, 37, 38, 39, 40, 41, 76, 42, 43, 44, 45, 46, 47, 48, 75, 50, 51, 52, 53, 54, 55, 56, 57, 58, 49, 59, 60, 61, 62, 63, 64, 65, 66, 67, 68, 69, 79, 70, 71, 0, 73]
index list energy: 152290.42158758297
Done


iterations: 100000000 temp: 1000000.0 exponent: 0.9 eif: 300.0
time taken (sec): 8622.952530145645
number of iterations: 100000000
final temperature: 159.26791088519815
og index list: [5, 47, 10, 15, 65, 8, 1, 52, 27, 59, 76, 16, 13, 19, 18, 4, 3, 0, 30, 50, 34, 23, 57, 43, 49, 54, 46, 12, 2, 79, 64, 60, 44, 32, 31, 6, 51, 17, 66, 11, 78, 28, 70, 37, 9, 58, 20, 75, 25, 67, 42, 36, 26, 61, 69, 38, 45, 68, 21, 41, 24, 14, 73, 29, 77, 71, 72, 7, 22, 63, 55, 74, 39, 33, 56, 35, 62, 40, 48, 53]
og index list energy: 195826737.95831823
index list: [72, 1, 2, 3, 4, 5, 6, 7, 8, 9, 10, 11, 12, 13, 79, 14, 15, 16, 75, 17, 18, 19, 20, 21, 22, 23, 24, 25, 26, 27, 28, 29, 30, 31, 32, 49, 33, 34, 35, 36, 37, 38, 39, 40, 41, 78, 42, 43, 44, 45, 46, 47, 48, 77, 50, 51, 52, 53, 54, 55, 56, 57, 58, 76, 59, 60, 61, 62, 63, 64, 65, 66, 67, 68, 69, 74, 70, 71, 0, 73]
index list energy: 152290.42158758297
Done


iterations: 100000000 temp: 1000000.0 exponent: 0.9 eif: 300.0
time taken (sec): 8888.564566373825
number of iterations: 100000000
final temperature: 159.26791088519815
og index list: [70, 2, 66, 33, 0, 34, 30, 3, 16, 74, 32, 52, 40, 69, 23, 25, 21, 9, 31, 35, 77, 60, 58, 19, 15, 24, 61, 45, 46, 14, 49, 28, 37, 48, 44, 20, 47, 27, 4, 54, 62, 43, 65, 56, 57, 13, 64, 11, 55, 12, 17, 79, 10, 53, 1, 26, 5, 51, 63, 67, 68, 6, 50, 22, 38, 75, 7, 8, 18, 72, 59, 78, 71, 29, 42, 36, 41, 76, 73, 39]
og index list energy: 135155998.81885922
index list: [72, 1, 2, 3, 4, 5, 6, 7, 8, 73, 77, 9, 10, 11, 76, 14, 15, 16, 78, 17, 18, 19, 20, 21, 22, 23, 24, 25, 26, 27, 28, 29, 30, 31, 32, 74, 33, 34, 35, 36, 37, 38, 39, 40, 41, 79, 42, 43, 44, 45, 46, 47, 48, 0, 50, 51, 52, 53, 54, 55, 56, 57, 58, 75, 59, 60, 61, 62, 63, 64, 65, 66, 67, 68, 69, 70, 71, 49, 12, 13]
index list energy: 229322.8445664463
Done


iterations: 100000000 temp: 1000000.0 exponent: 0.9 eif: 300.0
time taken (sec): 8524.569438934326
number of iterations: 100000000
final temperature: 159.26791088519815
og index list: [39, 13, 74, 54, 20, 62, 42, 31, 18, 56, 69, 16, 73, 3, 33, 19, 35, 71, 55, 66, 63, 45, 51, 61, 70, 52, 10, 53, 50, 36, 58, 14, 25, 27, 76, 6, 49, 48, 30, 9, 8, 38, 75, 32, 11, 68, 21, 47, 65, 24, 43, 29, 7, 44, 22, 5, 41, 2, 64, 72, 26, 23, 34, 4, 1, 57, 28, 67, 17, 59, 46, 40, 78, 12, 37, 15, 60, 77, 0, 79]
og index list energy: 118044502.25650756
index list: [72, 1, 2, 3, 4, 5, 6, 7, 8, 9, 10, 11, 12, 13, 78, 14, 15, 16, 74, 17, 18, 19, 20, 21, 22, 23, 24, 25, 26, 27, 28, 29, 30, 31, 32, 49, 33, 34, 35, 36, 37, 38, 39, 40, 41, 79, 42, 43, 44, 45, 46, 47, 48, 75, 50, 51, 52, 53, 54, 55, 56, 57, 58, 77, 59, 60, 61, 62, 63, 64, 65, 66, 67, 68, 69, 76, 70, 71, 0, 73]
index list energy: 152290.42158758297
Done


iterations: 100000000 temp: 1000000.0 exponent: 0.9 eif: 300.0
time taken (sec): 8433.611445188522
number of iterations: 99754469
final temperature: 159.26791088519815
og index list: [44, 49, 37, 67, 43, 66, 27, 26, 34, 45, 30, 57, 40, 55, 76, 0, 28, 51, 2, 53, 25, 13, 6, 1, 50, 33, 72, 17, 18, 35, 58, 52, 14, 48, 75, 74, 56, 8, 73, 64, 11, 19, 24, 22, 46, 39, 16, 69, 63, 68, 47, 5, 36, 12, 15, 10, 38, 61, 4, 21, 7, 54, 70, 31, 20, 3, 79, 23, 29, 9, 60, 65, 41, 59, 77, 42, 32, 62, 78, 71]
og index list energy: 164576975.30209813
index list: [72, 1, 2, 3, 4, 5, 6, 7, 8, 9, 10, 11, 12, 13, 49, 14, 15, 16, 76, 17, 18, 19, 20, 21, 22, 23, 24, 25, 26, 27, 28, 29, 30, 31, 32, 75, 33, 34, 35, 36, 37, 38, 39, 40, 41, 78, 42, 43, 44, 45, 46, 47, 48, 79, 50, 51, 52, 53, 54, 55, 56, 57, 58, 77, 59, 60, 61, 62, 63, 64, 65, 66, 67, 68, 69, 74, 70, 71, 0, 73]
index list energy: 152290.42158758297
Done


program ended at: 2020-03-30 09:19:23.205927 
 time delta: 11:57:59.915787
