## SLURM PROLOG ###############################################################
##    Job ID : 11508688
##  Job Name : verifying_2np4_works
##  Nodelist : node1109
##      CPUs : 1
##  Mem/Node : 1024 MB
## Directory : /gpfs/data/nfawzi/skale/Fawzi_pycharm_project
##   Started : Sun Mar 29 21:21:57 EDT 2020
###############################################################################
program started at:2020-03-29 21:21:58.362941
iterations: 100000000 temp: 1000000.0 exponent: 0.9 eif: 300.0
time taken (sec): 8313.79674744606
number of iterations: 100000000
final temperature: 159.26791088519815
og index list: [68, 78, 39, 11, 7, 4, 17, 25, 24, 65, 22, 79, 10, 77, 13, 48, 57, 6, 3, 62, 76, 69, 38, 8, 60, 12, 71, 19, 55, 61, 63, 32, 45, 51, 44, 50, 70, 16, 75, 9, 37, 0, 52, 73, 42, 27, 41, 18, 53, 43, 46, 33, 28, 5, 67, 54, 47, 26, 58, 35, 20, 21, 34, 23, 59, 74, 40, 14, 49, 66, 1, 2, 15, 29, 56, 72, 31, 30, 36, 64]
og index list energy: 144403299.33609664
index list: [72, 1, 2, 3, 4, 5, 6, 7, 8, 9, 10, 11, 12, 13, 78, 14, 15, 16, 76, 17, 18, 19, 20, 21, 22, 23, 24, 25, 26, 27, 28, 29, 30, 31, 32, 77, 33, 34, 35, 36, 37, 38, 39, 40, 41, 75, 42, 43, 44, 45, 46, 47, 48, 49, 50, 51, 52, 53, 54, 55, 56, 57, 58, 74, 59, 60, 61, 62, 63, 64, 65, 66, 67, 68, 69, 79, 70, 71, 0, 73]
index list energy: 151991.621587583
Done


iterations: 100000000 temp: 1000000.0 exponent: 0.9 eif: 300.0
time taken (sec): 8248.38646030426
number of iterations: 100000000
final temperature: 159.26791088519815
og index list: [57, 46, 15, 61, 75, 55, 5, 29, 32, 35, 38, 39, 3, 41, 70, 77, 20, 1, 28, 76, 23, 43, 40, 16, 4, 22, 53, 60, 69, 2, 36, 48, 47, 54, 52, 26, 21, 62, 7, 17, 72, 66, 12, 59, 68, 24, 6, 50, 63, 13, 65, 79, 19, 58, 37, 56, 74, 8, 11, 18, 27, 25, 78, 44, 42, 34, 71, 64, 33, 30, 9, 49, 14, 0, 67, 45, 31, 51, 73, 10]
og index list energy: 127330438.24504346
index list: [72, 1, 2, 3, 4, 5, 6, 7, 8, 9, 10, 11, 12, 13, 49, 14, 15, 16, 76, 17, 18, 19, 20, 21, 22, 23, 24, 25, 26, 27, 28, 29, 30, 31, 32, 79, 33, 34, 35, 36, 37, 38, 39, 40, 41, 78, 42, 43, 44, 45, 46, 47, 48, 75, 50, 51, 52, 53, 54, 55, 56, 57, 58, 77, 59, 60, 61, 62, 63, 64, 65, 66, 67, 68, 69, 74, 70, 71, 0, 73]
index list energy: 152290.42158758297
Done


iterations: 100000000 temp: 1000000.0 exponent: 0.9 eif: 300.0
time taken (sec): 7877.120690345764
number of iterations: 100000000
final temperature: 159.26791088519815
og index list: [63, 16, 28, 36, 66, 58, 30, 75, 49, 41, 17, 10, 51, 54, 13, 70, 24, 39, 44, 79, 42, 31, 61, 26, 73, 46, 8, 56, 50, 52, 38, 7, 53, 68, 4, 11, 6, 65, 69, 18, 77, 15, 45, 57, 20, 5, 67, 47, 12, 27, 43, 60, 59, 19, 25, 34, 23, 33, 55, 76, 3, 14, 64, 0, 71, 40, 21, 37, 35, 78, 9, 32, 72, 62, 29, 2, 1, 48, 22, 74]
og index list energy: 151359381.6157635
index list: [72, 1, 2, 3, 4, 5, 6, 7, 8, 9, 10, 11, 12, 13, 74, 14, 15, 16, 76, 17, 18, 19, 20, 21, 22, 23, 24, 25, 26, 27, 28, 29, 30, 31, 79, 42, 33, 34, 35, 36, 37, 38, 39, 40, 41, 71, 78, 43, 44, 45, 46, 47, 48, 75, 50, 51, 52, 53, 54, 55, 56, 57, 58, 49, 59, 60, 61, 62, 63, 64, 65, 66, 67, 68, 69, 70, 77, 32, 0, 73]
index list energy: 171577.16464737442
Done


iterations: 100000000 temp: 1000000.0 exponent: 0.9 eif: 300.0
time taken (sec): 8273.056828737259
number of iterations: 100000000
final temperature: 159.26791088519815
og index list: [29, 34, 46, 70, 3, 75, 9, 55, 76, 53, 16, 72, 41, 56, 43, 60, 4, 19, 67, 58, 73, 31, 10, 1, 5, 68, 59, 18, 63, 23, 32, 11, 15, 21, 52, 77, 12, 7, 26, 51, 37, 8, 6, 74, 36, 35, 69, 42, 50, 22, 27, 38, 28, 13, 71, 33, 44, 62, 17, 2, 30, 40, 54, 78, 66, 25, 47, 64, 57, 61, 49, 45, 48, 0, 79, 14, 65, 20, 24, 39]
og index list energy: 105507875.94844742
index list: [0, 1, 2, 3, 4, 5, 6, 7, 8, 9, 10, 11, 12, 13, 75, 14, 15, 16, 49, 17, 18, 19, 20, 21, 22, 23, 24, 25, 26, 27, 28, 29, 30, 31, 32, 76, 33, 34, 35, 36, 37, 38, 39, 40, 41, 71, 77, 43, 44, 45, 46, 47, 48, 79, 50, 51, 52, 53, 54, 55, 56, 57, 58, 78, 59, 60, 61, 62, 63, 64, 65, 66, 67, 68, 69, 70, 74, 42, 72, 73]
index list energy: 160416.50127390915
Done


iterations: 100000000 temp: 1000000.0 exponent: 0.9 eif: 300.0
time taken (sec): 8126.6642870903015
number of iterations: 100000000
final temperature: 159.26791088519815
og index list: [43, 29, 79, 68, 21, 35, 60, 16, 56, 6, 45, 1, 78, 71, 34, 51, 54, 77, 22, 66, 36, 14, 23, 12, 37, 10, 49, 65, 15, 53, 33, 0, 50, 26, 57, 9, 11, 31, 70, 8, 30, 47, 32, 62, 20, 25, 40, 27, 61, 69, 18, 75, 41, 76, 7, 5, 38, 17, 28, 64, 19, 59, 4, 44, 52, 24, 42, 48, 67, 46, 39, 74, 55, 13, 72, 3, 2, 58, 63, 73]
og index list energy: 137694470.1103166
index list: [72, 1, 2, 3, 4, 5, 6, 7, 8, 9, 10, 11, 12, 13, 75, 14, 15, 16, 49, 17, 18, 19, 20, 21, 22, 23, 24, 25, 26, 27, 28, 29, 30, 31, 32, 78, 33, 34, 35, 36, 37, 38, 39, 40, 41, 74, 42, 43, 44, 45, 46, 47, 48, 77, 50, 51, 52, 53, 54, 55, 56, 57, 58, 76, 59, 60, 61, 62, 63, 64, 65, 66, 67, 68, 69, 79, 70, 71, 0, 73]
index list energy: 152290.42158758297
Done


iterations: 100000000 temp: 1000000.0 exponent: 0.9 eif: 300.0
time taken (sec): 2240.8374602794647
number of iterations: 38756988
final temperature: 11972.515182562027
og index list: [42, 74, 4, 22, 51, 30, 73, 21, 14, 29, 66, 43, 24, 57, 53, 62, 63, 19, 37, 78, 40, 15, 16, 7, 56, 41, 47, 6, 44, 12, 39, 36, 48, 79, 18, 59, 11, 71, 54, 45, 27, 76, 50, 35, 23, 64, 60, 70, 17, 2, 3, 20, 5, 25, 8, 58, 1, 75, 10, 65, 33, 55, 26, 38, 52, 77, 61, 32, 34, 9, 28, 13, 68, 69, 46, 0, 72, 31, 49, 67]
og index list energy: 111931669.68279712
index list: [43, 1, 2, 3, 4, 15, 6, 7, 8, 9, 10, 74, 72, 73, 49, 14, 5, 75, 42, 17, 18, 19, 20, 21, 22, 23, 24, 25, 26, 27, 28, 29, 30, 31, 32, 78, 33, 34, 35, 36, 37, 38, 39, 40, 41, 71, 76, 11, 12, 13, 46, 47, 48, 79, 50, 51, 52, 53, 54, 55, 56, 57, 58, 77, 59, 60, 61, 62, 63, 64, 65, 66, 67, 68, 69, 70, 0, 44, 45, 16]
index list energy: 303193.27391961066
Done


program ended at: 2020-03-30 09:19:58.354510 
 time delta: 11:57:59.991569
