## SLURM PROLOG ###############################################################
##    Job ID : 11508670
##  Job Name : verifying_2np4_works
##  Nodelist : node1125
##      CPUs : 1
##  Mem/Node : 1024 MB
## Directory : /gpfs/data/nfawzi/skale/Fawzi_pycharm_project
##   Started : Sun Mar 29 21:21:50 EDT 2020
###############################################################################
program started at:2020-03-29 21:21:51.491635
iterations: 100000000 temp: 1000000.0 exponent: 0.9 eif: 300.0
time taken (sec): 7878.552781581879
number of iterations: 100000000
final temperature: 159.26791088519815
og index list: [53, 59, 0, 50, 71, 32, 46, 13, 30, 68, 16, 42, 15, 65, 44, 2, 45, 75, 17, 66, 47, 26, 10, 33, 5, 29, 39, 56, 4, 25, 37, 54, 49, 58, 38, 77, 18, 36, 12, 73, 19, 21, 22, 8, 72, 48, 61, 74, 63, 79, 20, 14, 67, 1, 7, 34, 40, 24, 28, 3, 23, 27, 31, 9, 70, 60, 78, 76, 35, 11, 52, 41, 62, 51, 57, 64, 43, 69, 55, 6]
og index list energy: 133676401.5062338
index list: [72, 1, 2, 3, 4, 5, 6, 7, 8, 9, 10, 11, 12, 13, 74, 14, 15, 16, 77, 17, 18, 19, 20, 21, 22, 23, 24, 25, 26, 27, 28, 29, 30, 31, 32, 49, 33, 34, 35, 36, 37, 38, 39, 40, 41, 78, 42, 43, 44, 45, 46, 47, 48, 75, 50, 51, 52, 53, 54, 55, 56, 57, 58, 76, 59, 60, 61, 62, 63, 64, 65, 66, 67, 68, 69, 79, 70, 71, 0, 73]
index list energy: 152290.42158758297
Done


iterations: 100000000 temp: 1000000.0 exponent: 0.9 eif: 300.0
time taken (sec): 7904.277661085129
number of iterations: 100000000
final temperature: 159.26791088519815
og index list: [59, 67, 61, 4, 11, 30, 64, 21, 3, 13, 34, 12, 44, 39, 17, 42, 54, 65, 63, 28, 57, 52, 53, 33, 35, 8, 78, 47, 76, 69, 10, 68, 6, 7, 20, 46, 48, 66, 22, 73, 77, 72, 40, 31, 70, 27, 32, 26, 60, 41, 37, 71, 24, 14, 49, 19, 15, 18, 50, 5, 16, 55, 29, 25, 43, 74, 79, 38, 45, 0, 1, 9, 56, 58, 36, 75, 51, 62, 23, 2]
og index list energy: 200183743.00758108
index list: [72, 1, 2, 3, 4, 5, 6, 7, 8, 9, 10, 11, 12, 13, 49, 14, 15, 16, 75, 17, 18, 19, 20, 21, 22, 23, 24, 25, 26, 27, 28, 29, 30, 31, 32, 78, 33, 34, 35, 36, 37, 38, 39, 40, 41, 74, 42, 43, 44, 45, 46, 47, 48, 79, 50, 51, 52, 53, 54, 55, 56, 57, 58, 77, 59, 60, 61, 62, 63, 64, 65, 66, 67, 68, 69, 76, 70, 71, 0, 73]
index list energy: 152290.42158758297
Done


iterations: 100000000 temp: 1000000.0 exponent: 0.9 eif: 300.0
time taken (sec): 7930.992827415466
number of iterations: 100000000
final temperature: 159.26791088519815
og index list: [4, 24, 78, 39, 62, 30, 9, 43, 66, 61, 11, 14, 38, 59, 75, 3, 69, 54, 7, 42, 5, 25, 48, 56, 22, 65, 29, 77, 27, 28, 1, 18, 70, 20, 32, 26, 2, 51, 52, 55, 76, 47, 12, 36, 53, 64, 72, 33, 17, 44, 13, 73, 41, 16, 10, 21, 71, 63, 60, 35, 40, 49, 31, 0, 57, 8, 68, 46, 19, 37, 74, 79, 23, 15, 50, 58, 6, 45, 34, 67]
og index list energy: 123946499.15661837
index list: [0, 1, 2, 3, 4, 5, 6, 7, 8, 9, 10, 11, 12, 13, 49, 14, 15, 16, 79, 17, 18, 19, 20, 21, 22, 23, 24, 25, 26, 27, 28, 29, 30, 31, 32, 76, 33, 34, 35, 36, 37, 38, 39, 40, 41, 71, 77, 43, 44, 45, 46, 47, 48, 74, 50, 51, 52, 53, 54, 55, 56, 57, 58, 78, 59, 60, 61, 62, 63, 64, 65, 66, 67, 68, 69, 70, 75, 42, 72, 73]
index list energy: 160416.50127390915
Done


iterations: 100000000 temp: 1000000.0 exponent: 0.9 eif: 300.0
time taken (sec): 7824.364542722702
number of iterations: 100000000
final temperature: 159.26791088519815
og index list: [50, 48, 53, 68, 46, 59, 79, 42, 44, 14, 58, 69, 10, 20, 39, 30, 66, 75, 19, 45, 31, 73, 37, 56, 47, 70, 0, 7, 52, 55, 78, 77, 2, 65, 13, 9, 3, 51, 11, 17, 57, 49, 25, 1, 72, 38, 74, 22, 61, 32, 54, 67, 29, 28, 6, 34, 60, 41, 27, 36, 64, 15, 18, 12, 16, 26, 35, 40, 33, 63, 62, 76, 5, 23, 21, 43, 24, 8, 71, 4]
og index list energy: 204290452.18300146
index list: [72, 1, 2, 3, 4, 5, 6, 7, 8, 9, 10, 11, 12, 13, 77, 14, 15, 16, 74, 17, 18, 19, 20, 21, 22, 23, 24, 25, 26, 27, 28, 29, 30, 31, 32, 75, 33, 34, 35, 36, 37, 38, 39, 40, 41, 49, 42, 43, 44, 45, 46, 47, 48, 78, 50, 51, 52, 53, 54, 55, 56, 57, 58, 76, 59, 60, 61, 62, 63, 64, 65, 66, 67, 68, 69, 79, 70, 71, 0, 73]
index list energy: 152290.42158758297
Done


iterations: 100000000 temp: 1000000.0 exponent: 0.9 eif: 300.0
time taken (sec): 7830.988359451294
number of iterations: 100000000
final temperature: 159.26791088519815
og index list: [71, 40, 8, 17, 3, 66, 50, 4, 44, 47, 79, 11, 59, 75, 6, 20, 26, 39, 60, 32, 64, 9, 2, 31, 24, 51, 21, 63, 22, 70, 42, 52, 67, 43, 68, 18, 5, 78, 54, 10, 36, 14, 57, 27, 74, 53, 61, 45, 13, 49, 37, 16, 15, 62, 1, 46, 73, 65, 72, 35, 58, 33, 29, 34, 38, 12, 48, 23, 0, 19, 76, 30, 25, 56, 69, 28, 77, 7, 41, 55]
og index list energy: 136760084.11619598
index list: [72, 1, 2, 3, 4, 5, 6, 7, 8, 9, 10, 11, 12, 13, 77, 14, 15, 16, 79, 17, 18, 19, 20, 21, 22, 23, 24, 25, 26, 27, 28, 29, 30, 31, 32, 78, 33, 34, 35, 36, 37, 38, 39, 40, 41, 74, 42, 43, 44, 45, 46, 47, 48, 75, 50, 51, 52, 53, 54, 55, 56, 57, 58, 49, 59, 60, 61, 62, 63, 64, 65, 66, 67, 68, 69, 76, 70, 71, 0, 73]
index list energy: 152290.42158758297
Done


iterations: 100000000 temp: 1000000.0 exponent: 0.9 eif: 300.0
time taken (sec): 3710.690514564514
number of iterations: 55533574
final temperature: 2738.9274499534104
og index list: [13, 27, 0, 6, 7, 77, 8, 73, 57, 63, 4, 52, 75, 60, 39, 46, 21, 68, 74, 76, 78, 54, 30, 66, 47, 59, 69, 11, 33, 34, 10, 72, 51, 58, 26, 38, 32, 17, 61, 48, 44, 9, 31, 50, 24, 49, 23, 28, 29, 64, 36, 53, 42, 1, 5, 43, 3, 40, 37, 35, 79, 25, 14, 19, 22, 41, 20, 45, 67, 71, 2, 16, 65, 70, 12, 15, 18, 55, 56, 62]
og index list energy: 144495193.41302988
index list: [0, 1, 2, 3, 4, 5, 6, 7, 8, 9, 10, 11, 12, 13, 79, 14, 15, 16, 78, 17, 18, 19, 20, 21, 22, 23, 24, 25, 26, 27, 28, 29, 30, 31, 32, 49, 33, 34, 35, 36, 37, 38, 39, 40, 41, 76, 42, 43, 44, 45, 46, 47, 48, 75, 50, 51, 52, 53, 54, 55, 56, 57, 58, 74, 59, 60, 61, 62, 63, 64, 65, 66, 67, 68, 69, 70, 71, 77, 72, 73]
index list energy: 152293.52169419697
Done


program ended at: 2020-03-30 09:19:51.485794 
 time delta: 11:57:59.994159
