## SLURM PROLOG ###############################################################
##    Job ID : 11508661
##  Job Name : verifying_2np4_works
##  Nodelist : node1122
##      CPUs : 1
##  Mem/Node : 1024 MB
## Directory : /gpfs/data/nfawzi/skale/Fawzi_pycharm_project
##   Started : Sun Mar 29 21:21:51 EDT 2020
###############################################################################
program started at:2020-03-29 21:21:52.346922
iterations: 100000000 temp: 1000000.0 exponent: 0.9 eif: 300.0
time taken (sec): 7714.614534378052
number of iterations: 100000000
final temperature: 159.26791088519815
og index list: [26, 71, 22, 52, 50, 4, 29, 5, 21, 79, 45, 47, 31, 33, 14, 57, 10, 72, 9, 13, 17, 39, 49, 46, 34, 74, 12, 77, 28, 41, 68, 38, 53, 66, 54, 73, 43, 44, 35, 56, 64, 48, 51, 18, 61, 23, 42, 7, 11, 40, 55, 67, 36, 27, 78, 0, 3, 24, 15, 63, 19, 65, 8, 25, 37, 58, 69, 70, 76, 30, 16, 75, 60, 20, 6, 1, 2, 59, 32, 62]
og index list energy: 109317993.83325745
index list: [0, 1, 2, 3, 4, 5, 6, 7, 8, 9, 10, 11, 12, 13, 75, 14, 15, 16, 74, 17, 18, 19, 20, 21, 22, 23, 24, 25, 26, 27, 28, 29, 30, 31, 32, 77, 33, 34, 35, 36, 37, 38, 39, 40, 41, 49, 42, 43, 44, 45, 46, 47, 48, 78, 50, 51, 52, 53, 54, 55, 56, 57, 58, 79, 59, 60, 61, 62, 63, 64, 65, 66, 67, 68, 69, 70, 71, 76, 72, 73]
index list energy: 152293.52169419697
Done


iterations: 100000000 temp: 1000000.0 exponent: 0.9 eif: 300.0
time taken (sec): 7703.600926399231
number of iterations: 100000000
final temperature: 159.26791088519815
og index list: [76, 52, 44, 62, 43, 78, 18, 22, 10, 48, 6, 68, 23, 8, 37, 60, 54, 56, 0, 7, 30, 45, 1, 66, 50, 49, 33, 40, 17, 27, 73, 47, 31, 64, 63, 53, 58, 75, 28, 57, 3, 9, 42, 26, 24, 70, 59, 19, 25, 55, 69, 71, 32, 29, 11, 61, 15, 20, 77, 4, 12, 65, 35, 67, 79, 14, 5, 16, 36, 51, 34, 13, 39, 41, 74, 72, 38, 21, 46, 2]
og index list energy: 133166633.62470628
index list: [0, 1, 2, 3, 4, 5, 6, 7, 8, 9, 10, 11, 12, 13, 74, 14, 15, 16, 49, 17, 18, 19, 20, 21, 22, 23, 24, 25, 26, 27, 28, 29, 30, 31, 32, 79, 33, 34, 35, 36, 37, 38, 39, 40, 41, 78, 42, 43, 44, 45, 46, 47, 48, 77, 50, 51, 52, 53, 54, 55, 56, 57, 58, 75, 59, 60, 61, 62, 63, 64, 65, 66, 67, 68, 69, 70, 71, 76, 72, 73]
index list energy: 152293.52169419697
Done


iterations: 100000000 temp: 1000000.0 exponent: 0.9 eif: 300.0
time taken (sec): 7691.30801820755
number of iterations: 100000000
final temperature: 159.26791088519815
og index list: [76, 62, 18, 65, 42, 4, 35, 59, 75, 56, 68, 48, 5, 25, 6, 24, 64, 8, 78, 50, 47, 36, 32, 58, 55, 12, 2, 0, 46, 26, 49, 77, 37, 16, 31, 71, 60, 73, 7, 74, 44, 17, 19, 72, 41, 13, 69, 79, 10, 57, 3, 66, 61, 11, 54, 39, 63, 53, 21, 29, 20, 9, 38, 51, 70, 40, 67, 23, 34, 45, 14, 43, 33, 52, 1, 15, 22, 27, 30, 28]
og index list energy: 123085887.71853177
index list: [0, 1, 2, 3, 4, 5, 6, 7, 8, 9, 10, 11, 12, 13, 75, 14, 15, 16, 76, 17, 18, 19, 20, 21, 22, 23, 24, 25, 26, 27, 28, 29, 30, 31, 32, 77, 33, 34, 35, 36, 37, 38, 39, 40, 41, 79, 42, 43, 44, 45, 46, 47, 48, 49, 50, 51, 52, 53, 54, 55, 56, 57, 58, 78, 59, 60, 61, 62, 63, 64, 65, 66, 67, 68, 69, 70, 71, 74, 72, 73]
index list energy: 151994.72169419698
Done


iterations: 100000000 temp: 1000000.0 exponent: 0.9 eif: 300.0
time taken (sec): 7340.69087767601
number of iterations: 100000000
final temperature: 159.26791088519815
og index list: [76, 27, 68, 39, 52, 75, 4, 45, 60, 29, 57, 71, 25, 50, 12, 46, 26, 34, 66, 67, 59, 38, 9, 73, 35, 79, 70, 19, 58, 54, 69, 23, 2, 7, 43, 56, 31, 41, 16, 14, 49, 37, 18, 64, 51, 13, 33, 44, 53, 47, 74, 36, 32, 1, 3, 6, 21, 30, 77, 61, 0, 15, 10, 11, 65, 24, 5, 40, 48, 55, 63, 20, 17, 78, 72, 22, 8, 28, 62, 42]
og index list energy: 109759240.49069357
index list: [72, 1, 2, 3, 4, 5, 6, 7, 8, 9, 10, 11, 12, 13, 77, 14, 15, 16, 74, 17, 18, 19, 20, 21, 22, 23, 24, 25, 26, 27, 28, 29, 30, 31, 32, 76, 33, 34, 35, 36, 37, 38, 39, 40, 41, 79, 42, 43, 44, 45, 46, 47, 48, 49, 50, 51, 52, 53, 54, 55, 56, 57, 58, 78, 59, 60, 61, 62, 63, 64, 65, 66, 67, 68, 69, 75, 70, 71, 0, 73]
index list energy: 151991.621587583
Done


iterations: 100000000 temp: 1000000.0 exponent: 0.9 eif: 300.0
time taken (sec): 7193.038605451584
number of iterations: 100000000
final temperature: 159.26791088519815
og index list: [30, 3, 57, 18, 45, 52, 29, 48, 20, 76, 37, 16, 38, 35, 49, 0, 69, 13, 31, 21, 43, 63, 55, 8, 23, 79, 24, 6, 53, 68, 50, 59, 4, 41, 40, 67, 12, 44, 19, 72, 51, 58, 73, 77, 61, 7, 32, 10, 70, 22, 34, 66, 60, 71, 74, 11, 46, 1, 9, 54, 64, 56, 25, 47, 36, 5, 62, 27, 17, 14, 78, 39, 65, 33, 42, 15, 28, 26, 2, 75]
og index list energy: 141242434.61288494
index list: [72, 1, 2, 3, 4, 5, 6, 7, 8, 9, 10, 11, 12, 13, 49, 14, 15, 16, 78, 17, 18, 19, 20, 21, 22, 23, 24, 25, 26, 27, 28, 29, 30, 31, 32, 79, 33, 34, 35, 36, 37, 38, 39, 40, 41, 76, 42, 43, 44, 45, 46, 47, 48, 75, 50, 51, 52, 53, 54, 55, 56, 57, 58, 74, 59, 60, 61, 62, 63, 64, 65, 66, 67, 68, 69, 77, 70, 71, 0, 73]
index list energy: 152290.42158758297
Done


iterations: 100000000 temp: 1000000.0 exponent: 0.9 eif: 300.0
time taken (sec): 5436.599180936813
number of iterations: 80735108
final temperature: 507.5287860564163
og index list: [41, 23, 0, 36, 38, 59, 31, 72, 10, 62, 35, 60, 7, 4, 73, 52, 77, 49, 48, 37, 1, 53, 61, 9, 70, 47, 67, 39, 42, 8, 6, 65, 79, 26, 78, 40, 16, 13, 58, 11, 44, 24, 12, 20, 3, 45, 69, 76, 63, 14, 75, 55, 51, 19, 66, 32, 27, 18, 68, 54, 56, 57, 30, 43, 28, 64, 17, 2, 46, 22, 50, 71, 74, 33, 15, 34, 29, 21, 5, 25]
og index list energy: 109626039.06138767
index list: [72, 1, 2, 3, 4, 5, 6, 7, 8, 9, 10, 11, 12, 13, 78, 14, 15, 16, 77, 17, 18, 19, 20, 21, 22, 23, 24, 25, 26, 27, 28, 29, 30, 31, 32, 75, 33, 34, 35, 36, 37, 38, 39, 40, 41, 79, 42, 43, 44, 45, 46, 47, 48, 74, 50, 51, 52, 53, 54, 55, 56, 57, 58, 49, 59, 60, 61, 62, 63, 64, 65, 66, 67, 68, 69, 76, 70, 71, 0, 73]
index list energy: 152290.42158758297
Done


program ended at: 2020-03-30 09:19:52.336094 
 time delta: 11:57:59.989172
