## SLURM PROLOG ###############################################################
##    Job ID : 11508626
##  Job Name : verifying_2np4_works
##  Nodelist : node1157
##      CPUs : 1
##  Mem/Node : 1024 MB
## Directory : /gpfs/data/nfawzi/skale/Fawzi_pycharm_project
##   Started : Sun Mar 29 21:21:22 EDT 2020
###############################################################################
program started at:2020-03-29 21:21:22.459295
iterations: 100000000 temp: 1000000.0 exponent: 0.9 eif: 300.0
time taken (sec): 8141.227771997452
number of iterations: 100000000
final temperature: 159.26791088519815
og index list: [29, 5, 38, 46, 43, 16, 3, 24, 48, 49, 17, 59, 35, 18, 58, 52, 15, 45, 71, 57, 8, 1, 4, 65, 79, 74, 61, 42, 10, 30, 73, 62, 9, 63, 34, 78, 77, 36, 64, 26, 0, 31, 72, 76, 47, 67, 37, 2, 28, 40, 75, 69, 6, 21, 22, 39, 12, 54, 70, 55, 20, 25, 19, 14, 44, 11, 41, 50, 60, 7, 53, 27, 51, 56, 23, 32, 68, 33, 66, 13]
og index list energy: 150843995.40975374
index list: [72, 1, 2, 3, 4, 5, 6, 7, 8, 9, 10, 11, 12, 13, 78, 14, 15, 16, 75, 17, 18, 19, 20, 21, 22, 23, 24, 25, 26, 27, 28, 29, 30, 31, 32, 74, 33, 34, 35, 36, 37, 38, 39, 40, 41, 76, 42, 43, 44, 45, 46, 47, 48, 77, 50, 51, 52, 53, 54, 55, 56, 57, 58, 49, 59, 60, 61, 62, 63, 64, 65, 66, 67, 68, 69, 70, 71, 0, 79, 73]
index list energy: 154829.82947353355
Done


iterations: 100000000 temp: 1000000.0 exponent: 0.9 eif: 300.0
time taken (sec): 8057.022952079773
number of iterations: 100000000
final temperature: 159.26791088519815
og index list: [46, 2, 50, 3, 25, 14, 56, 52, 34, 9, 42, 16, 61, 31, 63, 59, 41, 7, 38, 57, 29, 55, 8, 53, 10, 22, 49, 40, 4, 75, 51, 27, 70, 35, 65, 76, 54, 37, 68, 6, 33, 64, 58, 19, 18, 24, 79, 72, 28, 17, 73, 71, 13, 74, 78, 11, 77, 23, 36, 48, 32, 62, 0, 69, 15, 1, 43, 21, 66, 30, 44, 26, 60, 45, 47, 39, 5, 67, 12, 20]
og index list energy: 129449609.66851075
index list: [0, 1, 2, 3, 4, 5, 6, 7, 8, 9, 10, 11, 12, 13, 76, 14, 15, 16, 77, 17, 18, 19, 20, 21, 22, 23, 24, 25, 26, 27, 28, 29, 30, 31, 32, 78, 33, 34, 35, 36, 37, 38, 39, 40, 41, 49, 42, 43, 44, 45, 46, 47, 48, 79, 50, 51, 52, 53, 54, 55, 56, 57, 58, 74, 59, 60, 61, 62, 63, 64, 65, 66, 67, 68, 69, 70, 71, 75, 72, 73]
index list energy: 152293.52169419697
Done


iterations: 100000000 temp: 1000000.0 exponent: 0.9 eif: 300.0
time taken (sec): 7995.150335788727
number of iterations: 100000000
final temperature: 159.26791088519815
og index list: [60, 46, 33, 59, 13, 41, 71, 55, 49, 7, 43, 66, 25, 24, 40, 54, 62, 77, 38, 16, 45, 10, 47, 34, 4, 21, 5, 75, 53, 1, 11, 17, 3, 56, 65, 20, 6, 39, 69, 29, 0, 30, 67, 44, 57, 28, 18, 19, 63, 78, 32, 35, 14, 27, 9, 79, 76, 52, 51, 48, 58, 64, 26, 12, 73, 36, 72, 68, 23, 74, 42, 50, 70, 31, 22, 15, 8, 61, 2, 37]
og index list energy: 147651599.48146087
index list: [0, 1, 2, 3, 4, 5, 6, 7, 8, 9, 10, 11, 12, 13, 77, 14, 15, 16, 75, 17, 18, 19, 20, 21, 22, 23, 24, 25, 26, 27, 28, 29, 30, 31, 32, 74, 33, 34, 35, 36, 37, 38, 39, 40, 41, 76, 42, 43, 44, 45, 46, 47, 48, 78, 50, 51, 52, 53, 54, 55, 56, 57, 58, 79, 59, 60, 61, 62, 63, 64, 65, 66, 67, 68, 69, 70, 71, 49, 72, 73]
index list energy: 152293.52169419697
Done


iterations: 100000000 temp: 1000000.0 exponent: 0.9 eif: 300.0
time taken (sec): 7726.615736484528
number of iterations: 100000000
final temperature: 159.26791088519815
og index list: [10, 41, 19, 0, 55, 18, 3, 5, 35, 4, 25, 44, 59, 37, 77, 12, 38, 32, 62, 20, 36, 1, 31, 23, 57, 75, 24, 51, 69, 29, 65, 46, 15, 16, 21, 79, 72, 2, 60, 66, 17, 33, 68, 14, 52, 43, 47, 78, 45, 9, 39, 30, 53, 7, 6, 64, 61, 28, 56, 13, 34, 48, 70, 40, 42, 26, 11, 67, 54, 73, 50, 74, 27, 22, 63, 49, 8, 58, 71, 76]
og index list energy: 155250655.0676855
index list: [0, 1, 2, 3, 4, 5, 6, 7, 8, 9, 10, 11, 12, 13, 79, 14, 15, 16, 76, 17, 18, 19, 20, 21, 22, 23, 24, 25, 26, 27, 28, 29, 30, 31, 32, 49, 33, 34, 35, 36, 37, 38, 39, 40, 41, 71, 78, 43, 44, 45, 46, 47, 48, 77, 50, 51, 52, 53, 54, 55, 56, 57, 58, 75, 59, 60, 61, 62, 63, 64, 65, 66, 67, 68, 69, 70, 74, 42, 72, 73]
index list energy: 160416.50127390915
Done


iterations: 100000000 temp: 1000000.0 exponent: 0.9 eif: 300.0
time taken (sec): 7528.763090610504
number of iterations: 100000000
final temperature: 159.26791088519815
og index list: [14, 68, 70, 44, 60, 35, 66, 57, 18, 4, 73, 40, 34, 10, 50, 52, 56, 47, 36, 53, 54, 74, 8, 39, 48, 2, 75, 61, 77, 42, 19, 20, 71, 43, 79, 46, 3, 29, 63, 41, 37, 32, 9, 22, 65, 38, 69, 78, 58, 55, 62, 76, 28, 59, 64, 24, 15, 7, 25, 33, 13, 72, 49, 16, 21, 12, 0, 23, 30, 1, 51, 17, 11, 26, 67, 6, 5, 45, 31, 27]
og index list energy: 141510569.01631632
index list: [72, 1, 2, 3, 4, 5, 6, 7, 8, 9, 10, 11, 12, 13, 76, 14, 15, 16, 49, 17, 18, 19, 20, 21, 22, 23, 24, 25, 26, 27, 28, 29, 30, 31, 32, 79, 33, 34, 35, 36, 37, 38, 39, 40, 41, 71, 75, 43, 44, 45, 46, 47, 48, 74, 50, 51, 52, 53, 54, 55, 56, 57, 58, 77, 59, 60, 61, 62, 63, 64, 65, 66, 67, 68, 69, 78, 42, 70, 0, 73]
index list energy: 179619.31346347023
Done


iterations: 100000000 temp: 1000000.0 exponent: 0.9 eif: 300.0
time taken (sec): 3631.094501018524
number of iterations: 55633775
final temperature: 2738.9274499534104
og index list: [67, 66, 6, 31, 46, 61, 13, 79, 64, 17, 51, 73, 29, 35, 69, 5, 65, 74, 59, 0, 40, 55, 8, 78, 23, 28, 71, 70, 43, 38, 1, 48, 7, 2, 49, 68, 72, 15, 19, 22, 58, 47, 60, 27, 14, 30, 36, 75, 33, 11, 26, 32, 62, 34, 12, 76, 3, 77, 25, 54, 42, 56, 16, 21, 41, 9, 53, 39, 63, 18, 4, 44, 50, 24, 52, 37, 20, 57, 45, 10]
og index list energy: 165468623.522081
index list: [15, 1, 2, 3, 4, 5, 6, 7, 8, 9, 10, 11, 12, 13, 16, 77, 72, 73, 74, 17, 18, 19, 20, 21, 22, 23, 24, 25, 26, 27, 28, 29, 30, 31, 32, 78, 33, 34, 35, 36, 37, 38, 39, 40, 41, 75, 42, 43, 44, 45, 46, 47, 48, 76, 50, 51, 52, 53, 54, 55, 56, 57, 58, 49, 59, 60, 61, 62, 63, 64, 65, 66, 67, 68, 69, 70, 71, 0, 79, 14]
index list energy: 191446.0226781269
Done


program ended at: 2020-03-30 09:19:22.454313 
 time delta: 11:57:59.995018
