## SLURM PROLOG ###############################################################
##    Job ID : 11508664
##  Job Name : verifying_2np4_works
##  Nodelist : node1128
##      CPUs : 1
##  Mem/Node : 1024 MB
## Directory : /gpfs/data/nfawzi/skale/Fawzi_pycharm_project
##   Started : Sun Mar 29 21:21:51 EDT 2020
###############################################################################
program started at:2020-03-29 21:21:51.996337
iterations: 100000000 temp: 1000000.0 exponent: 0.9 eif: 300.0
time taken (sec): 7638.343580722809
number of iterations: 100000000
final temperature: 159.26791088519815
og index list: [57, 73, 74, 48, 67, 22, 54, 62, 66, 70, 56, 12, 77, 60, 52, 37, 6, 29, 23, 36, 34, 43, 76, 16, 14, 1, 25, 24, 30, 5, 32, 28, 2, 59, 72, 75, 53, 78, 10, 26, 41, 40, 79, 42, 71, 63, 9, 45, 47, 68, 49, 51, 18, 61, 31, 35, 69, 44, 17, 64, 27, 15, 21, 13, 8, 3, 7, 33, 11, 39, 20, 50, 0, 46, 65, 55, 19, 4, 38, 58]
og index list energy: 149610763.11475968
index list: [0, 1, 2, 3, 4, 5, 6, 7, 8, 9, 10, 11, 12, 13, 49, 14, 15, 16, 79, 17, 18, 19, 20, 21, 22, 23, 24, 25, 26, 27, 28, 29, 30, 31, 32, 74, 33, 34, 35, 36, 37, 38, 39, 40, 41, 75, 42, 43, 44, 45, 46, 47, 48, 77, 50, 51, 52, 53, 54, 55, 56, 57, 58, 76, 59, 60, 61, 62, 63, 64, 65, 66, 67, 68, 69, 70, 71, 78, 72, 73]
index list energy: 152293.52169419697
Done


iterations: 100000000 temp: 1000000.0 exponent: 0.9 eif: 300.0
time taken (sec): 7299.240414619446
number of iterations: 100000000
final temperature: 159.26791088519815
og index list: [16, 48, 70, 35, 37, 57, 67, 11, 49, 12, 71, 68, 43, 38, 77, 41, 0, 65, 29, 64, 79, 6, 58, 76, 40, 78, 23, 75, 8, 3, 30, 19, 18, 5, 72, 26, 4, 54, 73, 60, 34, 36, 59, 46, 28, 9, 33, 10, 69, 61, 20, 7, 51, 31, 45, 44, 56, 13, 21, 15, 47, 53, 55, 32, 2, 24, 14, 27, 74, 42, 52, 17, 1, 66, 39, 50, 63, 22, 62, 25]
og index list energy: 92989211.3299527
index list: [72, 1, 2, 3, 4, 5, 6, 7, 8, 9, 10, 11, 12, 13, 77, 14, 15, 16, 78, 17, 18, 19, 20, 21, 22, 23, 24, 25, 26, 27, 28, 29, 30, 31, 32, 79, 33, 34, 35, 36, 37, 38, 39, 40, 41, 74, 42, 43, 44, 45, 46, 47, 48, 49, 50, 51, 52, 53, 54, 55, 56, 57, 58, 75, 59, 60, 61, 62, 63, 64, 65, 66, 67, 68, 69, 76, 70, 71, 0, 73]
index list energy: 151991.621587583
Done


iterations: 100000000 temp: 1000000.0 exponent: 0.9 eif: 300.0
time taken (sec): 7389.818719148636
number of iterations: 100000000
final temperature: 159.26791088519815
og index list: [72, 11, 33, 8, 70, 17, 13, 1, 67, 29, 25, 78, 55, 4, 21, 62, 19, 16, 43, 24, 74, 47, 36, 79, 34, 22, 18, 7, 3, 28, 39, 73, 20, 59, 32, 58, 63, 6, 0, 44, 45, 71, 66, 35, 42, 9, 75, 76, 56, 30, 60, 65, 46, 51, 64, 77, 31, 5, 52, 27, 41, 12, 38, 49, 54, 26, 48, 61, 23, 40, 57, 69, 53, 50, 68, 37, 10, 2, 14, 15]
og index list energy: 139359923.09053817
index list: [72, 1, 2, 3, 4, 5, 6, 7, 8, 9, 10, 11, 12, 13, 76, 14, 15, 16, 79, 17, 18, 19, 20, 21, 22, 23, 24, 25, 26, 27, 28, 29, 30, 31, 32, 74, 33, 34, 35, 36, 37, 38, 39, 40, 41, 78, 42, 43, 44, 45, 46, 47, 48, 49, 50, 51, 52, 53, 54, 55, 56, 57, 58, 77, 59, 60, 61, 62, 63, 64, 65, 66, 67, 68, 69, 70, 71, 0, 75, 73]
index list energy: 154531.02947353356
Done


iterations: 100000000 temp: 1000000.0 exponent: 0.9 eif: 300.0
time taken (sec): 6931.8329820632935
number of iterations: 100000000
final temperature: 159.26791088519815
og index list: [3, 44, 70, 62, 18, 12, 45, 74, 49, 64, 41, 27, 43, 58, 19, 23, 17, 71, 20, 68, 8, 57, 48, 38, 77, 15, 50, 39, 79, 22, 1, 32, 59, 0, 34, 36, 46, 6, 73, 7, 33, 16, 10, 37, 9, 21, 67, 42, 72, 69, 26, 35, 78, 40, 30, 53, 2, 24, 28, 13, 31, 4, 65, 11, 56, 29, 25, 63, 47, 5, 14, 75, 55, 51, 66, 60, 54, 52, 61, 76]
og index list energy: 183786650.04962572
index list: [0, 1, 2, 3, 4, 5, 6, 7, 8, 9, 10, 11, 12, 13, 49, 14, 15, 16, 75, 17, 18, 19, 20, 21, 22, 23, 24, 25, 26, 27, 28, 29, 30, 31, 32, 77, 33, 34, 35, 36, 37, 38, 39, 40, 41, 71, 78, 43, 44, 45, 46, 47, 48, 79, 50, 51, 52, 53, 54, 55, 56, 57, 58, 76, 59, 60, 61, 62, 63, 64, 65, 66, 67, 68, 69, 70, 74, 42, 72, 73]
index list energy: 160416.50127390915
Done


iterations: 100000000 temp: 1000000.0 exponent: 0.9 eif: 300.0
time taken (sec): 6989.15264582634
number of iterations: 100000000
final temperature: 159.26791088519815
og index list: [39, 34, 12, 7, 21, 73, 76, 8, 13, 19, 10, 30, 42, 63, 18, 1, 6, 69, 3, 37, 45, 14, 65, 51, 59, 50, 15, 40, 29, 60, 28, 57, 66, 56, 52, 62, 38, 32, 26, 67, 35, 47, 58, 27, 61, 79, 78, 49, 17, 25, 2, 5, 75, 68, 23, 16, 74, 70, 31, 48, 77, 44, 24, 4, 46, 55, 54, 64, 72, 41, 11, 20, 53, 22, 71, 43, 33, 9, 36, 0]
og index list energy: 217114301.12816083
index list: [72, 1, 2, 3, 4, 5, 6, 7, 8, 9, 10, 11, 12, 13, 78, 14, 15, 16, 79, 17, 18, 19, 20, 21, 22, 23, 24, 25, 26, 27, 28, 29, 30, 31, 32, 76, 33, 34, 35, 36, 37, 38, 39, 40, 41, 0, 73, 74, 44, 45, 46, 47, 48, 49, 50, 51, 52, 53, 54, 55, 56, 57, 58, 75, 59, 60, 61, 62, 63, 64, 65, 66, 67, 68, 69, 70, 71, 77, 42, 43]
index list energy: 173196.37780640984
Done


iterations: 100000000 temp: 1000000.0 exponent: 0.9 eif: 300.0
time taken (sec): 6715.271961688995
number of iterations: 100000000
final temperature: 159.26791088519815
og index list: [24, 26, 41, 39, 9, 4, 0, 49, 7, 48, 52, 16, 75, 38, 21, 57, 29, 71, 6, 59, 5, 58, 69, 66, 37, 68, 32, 51, 10, 50, 42, 34, 45, 13, 33, 3, 20, 1, 8, 30, 28, 36, 46, 19, 23, 73, 15, 67, 14, 61, 18, 65, 63, 12, 78, 43, 22, 54, 27, 35, 11, 62, 64, 53, 40, 55, 72, 70, 76, 25, 31, 74, 56, 79, 47, 17, 60, 44, 2, 77]
og index list energy: 185318685.62130597
index list: [72, 1, 2, 3, 4, 5, 6, 7, 8, 9, 10, 11, 12, 13, 0, 75, 73, 79, 42, 17, 18, 19, 20, 21, 22, 23, 24, 25, 26, 27, 28, 29, 30, 31, 32, 78, 33, 34, 35, 36, 37, 38, 39, 40, 41, 71, 77, 43, 44, 45, 46, 47, 48, 49, 50, 51, 52, 53, 54, 55, 56, 57, 58, 76, 59, 60, 61, 62, 63, 64, 65, 66, 67, 68, 69, 70, 74, 14, 15, 16]
index list energy: 185126.63267117302
Done


iterations: 100000000 temp: 1000000.0 exponent: 0.9 eif: 300.0
time taken (sec): 116.21505904197693
number of iterations: 3589442
final temperature: 656100.0
og index list: [71, 74, 4, 22, 53, 48, 16, 61, 37, 66, 14, 44, 42, 65, 36, 30, 19, 38, 6, 45, 20, 24, 5, 31, 35, 52, 50, 28, 51, 26, 25, 11, 68, 59, 70, 49, 76, 75, 58, 63, 34, 15, 0, 21, 69, 12, 57, 23, 18, 77, 41, 1, 3, 29, 7, 55, 32, 79, 40, 17, 39, 67, 9, 72, 73, 64, 46, 54, 13, 60, 56, 33, 43, 78, 2, 47, 27, 62, 8, 10]
og index list energy: 133910301.86016011
index list: [35, 49, 43, 59, 71, 0, 41, 26, 18, 51, 62, 53, 1, 28, 17, 23, 42, 69, 24, 70, 34, 14, 16, 68, 25, 63, 39, 20, 37, 27, 2, 19, 40, 67, 9, 76, 64, 52, 11, 56, 75, 15, 45, 74, 55, 60, 61, 77, 54, 4, 29, 30, 36, 10, 32, 66, 72, 6, 33, 38, 21, 65, 79, 73, 12, 57, 46, 3, 48, 47, 7, 78, 31, 22, 8, 44, 58, 50, 13, 5]
index list energy: 23455480.76263202
Done


program ended at: 2020-03-30 09:19:51.989669 
 time delta: 11:57:59.993332
