## SLURM PROLOG ###############################################################
##    Job ID : 11508643
##  Job Name : verifying_2np4_works
##  Nodelist : node1143
##      CPUs : 1
##  Mem/Node : 1024 MB
## Directory : /gpfs/data/nfawzi/skale/Fawzi_pycharm_project
##   Started : Sun Mar 29 21:21:23 EDT 2020
###############################################################################
program started at:2020-03-29 21:21:23.389302
iterations: 100000000 temp: 1000000.0 exponent: 0.9 eif: 300.0
time taken (sec): 8807.29711151123
number of iterations: 100000000
final temperature: 159.26791088519815
og index list: [41, 21, 70, 67, 27, 37, 47, 58, 51, 61, 24, 36, 5, 22, 12, 35, 38, 28, 39, 64, 79, 17, 71, 45, 56, 14, 19, 2, 74, 33, 1, 26, 53, 48, 23, 73, 49, 77, 15, 13, 65, 60, 7, 9, 4, 76, 30, 32, 6, 0, 11, 72, 62, 44, 16, 3, 10, 40, 50, 25, 8, 20, 75, 54, 63, 52, 43, 78, 34, 46, 55, 59, 29, 57, 68, 42, 69, 31, 18, 66]
og index list energy: 148256315.117894
index list: [72, 1, 2, 3, 4, 5, 6, 7, 8, 9, 10, 11, 12, 13, 78, 14, 15, 16, 77, 17, 18, 19, 20, 21, 22, 23, 24, 25, 26, 27, 28, 29, 30, 31, 32, 79, 33, 34, 35, 36, 37, 38, 39, 40, 41, 75, 42, 43, 44, 45, 46, 47, 48, 76, 50, 51, 52, 53, 54, 55, 56, 57, 58, 49, 59, 60, 61, 62, 63, 64, 65, 66, 67, 68, 69, 74, 70, 71, 0, 73]
index list energy: 152290.42158758297
Done


iterations: 100000000 temp: 1000000.0 exponent: 0.9 eif: 300.0
time taken (sec): 9097.372555971146
number of iterations: 100000000
final temperature: 159.26791088519815
og index list: [9, 52, 16, 79, 26, 46, 63, 59, 6, 50, 33, 18, 42, 77, 29, 65, 60, 76, 30, 3, 66, 49, 69, 44, 38, 0, 20, 72, 13, 12, 19, 75, 71, 57, 51, 7, 1, 35, 17, 55, 10, 78, 61, 70, 14, 67, 53, 4, 48, 21, 68, 64, 5, 25, 73, 23, 22, 39, 31, 43, 32, 27, 2, 36, 24, 41, 54, 58, 8, 37, 47, 62, 40, 28, 56, 34, 45, 74, 15, 11]
og index list energy: 166994053.89156926
index list: [0, 1, 2, 3, 4, 5, 6, 7, 8, 9, 10, 11, 12, 13, 78, 14, 15, 16, 76, 17, 18, 19, 20, 21, 22, 23, 24, 25, 26, 27, 28, 29, 30, 31, 32, 75, 33, 34, 35, 36, 37, 38, 39, 40, 41, 74, 42, 43, 44, 45, 46, 47, 48, 79, 50, 51, 52, 53, 54, 55, 56, 57, 58, 77, 59, 60, 61, 62, 63, 64, 65, 66, 67, 68, 69, 70, 71, 49, 72, 73]
index list energy: 152293.52169419697
Done


iterations: 100000000 temp: 1000000.0 exponent: 0.9 eif: 300.0
time taken (sec): 9014.967963218689
number of iterations: 100000000
final temperature: 159.26791088519815
og index list: [52, 11, 49, 46, 60, 43, 36, 25, 7, 32, 67, 0, 74, 37, 51, 48, 68, 59, 58, 18, 4, 35, 72, 41, 75, 66, 12, 73, 71, 14, 56, 10, 15, 63, 19, 34, 13, 30, 22, 38, 78, 54, 77, 24, 23, 29, 70, 79, 9, 76, 31, 16, 40, 8, 20, 27, 62, 50, 69, 6, 45, 55, 61, 39, 26, 64, 57, 53, 47, 1, 65, 2, 42, 44, 21, 5, 33, 3, 17, 28]
og index list energy: 165734684.50472486
index list: [0, 1, 2, 3, 4, 5, 6, 7, 8, 9, 10, 11, 12, 13, 74, 14, 15, 16, 76, 17, 18, 19, 20, 21, 22, 23, 24, 25, 26, 27, 28, 29, 30, 31, 32, 78, 33, 34, 35, 36, 37, 38, 39, 40, 41, 75, 42, 43, 44, 45, 46, 47, 48, 79, 50, 51, 52, 53, 54, 55, 56, 57, 58, 77, 59, 60, 61, 62, 63, 64, 65, 66, 67, 68, 69, 70, 71, 49, 72, 73]
index list energy: 152293.52169419697
Done


iterations: 100000000 temp: 1000000.0 exponent: 0.9 eif: 300.0
time taken (sec): 8655.57293343544
number of iterations: 100000000
final temperature: 159.26791088519815
og index list: [32, 26, 37, 41, 50, 40, 66, 46, 4, 65, 36, 53, 59, 44, 39, 31, 72, 49, 12, 25, 71, 60, 74, 62, 63, 0, 17, 43, 68, 11, 2, 67, 21, 34, 48, 55, 9, 51, 28, 78, 7, 64, 38, 5, 42, 30, 14, 24, 76, 18, 58, 57, 29, 77, 52, 15, 3, 10, 70, 35, 75, 45, 61, 33, 22, 47, 69, 73, 23, 19, 13, 27, 8, 56, 79, 20, 16, 6, 54, 1]
og index list energy: 122123828.27075392
index list: [72, 1, 2, 3, 4, 5, 6, 7, 8, 9, 10, 11, 12, 13, 74, 14, 15, 16, 76, 17, 18, 19, 20, 21, 22, 23, 24, 25, 26, 27, 28, 29, 30, 31, 32, 49, 33, 34, 35, 36, 37, 38, 39, 40, 41, 79, 42, 43, 44, 45, 46, 47, 48, 75, 50, 51, 52, 53, 54, 55, 56, 57, 58, 77, 59, 60, 61, 62, 63, 64, 65, 66, 67, 68, 69, 78, 70, 71, 0, 73]
index list energy: 152290.42158758297
Done


iterations: 100000000 temp: 1000000.0 exponent: 0.9 eif: 300.0
time taken (sec): 7504.659888982773
number of iterations: 88087141
final temperature: 299.6906728784533
og index list: [72, 76, 18, 15, 64, 75, 38, 37, 60, 25, 48, 62, 17, 55, 44, 12, 39, 57, 9, 41, 65, 20, 46, 4, 22, 49, 29, 19, 31, 8, 32, 79, 3, 43, 61, 69, 30, 35, 1, 10, 78, 36, 28, 6, 45, 59, 77, 47, 21, 63, 7, 71, 58, 51, 67, 13, 53, 52, 34, 27, 73, 74, 0, 50, 23, 54, 24, 56, 70, 2, 66, 68, 14, 26, 33, 40, 11, 42, 16, 5]
og index list energy: 147259815.25068903
index list: [72, 1, 2, 3, 4, 5, 6, 7, 8, 9, 10, 11, 12, 13, 79, 14, 15, 16, 78, 17, 18, 19, 20, 21, 22, 23, 24, 25, 26, 27, 28, 29, 30, 31, 32, 74, 33, 34, 35, 36, 37, 38, 39, 40, 41, 49, 42, 43, 44, 45, 46, 47, 48, 75, 50, 51, 52, 53, 54, 55, 56, 57, 58, 76, 59, 60, 61, 62, 63, 64, 65, 66, 67, 68, 69, 77, 70, 71, 0, 73]
index list energy: 152290.42158758297
Done


program ended at: 2020-03-30 09:19:23.385741 
 time delta: 11:57:59.996439
