## SLURM PROLOG ###############################################################
##    Job ID : 11508672
##  Job Name : verifying_2np4_works
##  Nodelist : node1101
##      CPUs : 1
##  Mem/Node : 1024 MB
## Directory : /gpfs/data/nfawzi/skale/Fawzi_pycharm_project
##   Started : Sun Mar 29 21:21:52 EDT 2020
###############################################################################
program started at:2020-03-29 21:21:53.086139
iterations: 100000000 temp: 1000000.0 exponent: 0.9 eif: 300.0
time taken (sec): 9038.703362703323
number of iterations: 100000000
final temperature: 159.26791088519815
og index list: [16, 1, 31, 11, 30, 42, 45, 59, 5, 21, 56, 58, 46, 53, 73, 35, 26, 7, 38, 65, 78, 64, 3, 25, 66, 48, 71, 2, 77, 34, 4, 32, 9, 40, 15, 13, 75, 52, 33, 44, 68, 39, 8, 6, 49, 63, 79, 18, 23, 22, 27, 41, 43, 37, 62, 50, 74, 61, 36, 51, 20, 29, 54, 67, 57, 55, 17, 24, 70, 47, 72, 19, 12, 69, 14, 28, 0, 10, 76, 60]
og index list energy: 146740697.8431632
index list: [72, 1, 2, 3, 4, 5, 6, 7, 8, 9, 10, 11, 12, 13, 78, 14, 15, 16, 75, 17, 18, 19, 20, 21, 22, 23, 24, 25, 26, 27, 28, 29, 30, 31, 32, 79, 33, 34, 35, 36, 37, 38, 39, 40, 41, 76, 42, 43, 44, 45, 46, 47, 48, 49, 50, 51, 52, 53, 54, 55, 56, 57, 58, 77, 59, 60, 61, 62, 63, 64, 65, 66, 67, 68, 69, 74, 70, 71, 0, 73]
index list energy: 151991.621587583
Done


iterations: 100000000 temp: 1000000.0 exponent: 0.9 eif: 300.0
time taken (sec): 8758.997861862183
number of iterations: 100000000
final temperature: 159.26791088519815
og index list: [51, 12, 6, 75, 77, 43, 60, 38, 17, 8, 4, 55, 32, 67, 26, 10, 65, 78, 22, 72, 69, 40, 31, 52, 23, 57, 48, 7, 49, 27, 61, 66, 1, 35, 14, 47, 34, 56, 15, 58, 39, 44, 0, 41, 42, 5, 53, 70, 63, 21, 50, 64, 9, 2, 25, 11, 74, 46, 13, 18, 33, 24, 28, 30, 62, 19, 20, 71, 16, 76, 37, 59, 3, 54, 68, 45, 36, 29, 73, 79]
og index list energy: 176884947.9538542
index list: [72, 1, 2, 3, 4, 5, 6, 7, 8, 9, 10, 11, 12, 13, 77, 14, 15, 16, 74, 17, 18, 19, 20, 21, 22, 23, 24, 25, 26, 27, 28, 29, 30, 31, 32, 79, 33, 34, 35, 36, 37, 38, 39, 40, 41, 76, 42, 43, 44, 45, 46, 47, 48, 49, 50, 51, 52, 53, 54, 55, 56, 57, 58, 78, 59, 60, 61, 62, 63, 64, 65, 66, 67, 68, 69, 75, 70, 71, 0, 73]
index list energy: 151991.621587583
Done


iterations: 100000000 temp: 1000000.0 exponent: 0.9 eif: 300.0
time taken (sec): 8594.427911043167
number of iterations: 100000000
final temperature: 159.26791088519815
og index list: [27, 48, 35, 13, 58, 43, 74, 42, 65, 54, 41, 40, 70, 0, 77, 31, 3, 68, 47, 26, 72, 25, 67, 20, 12, 55, 51, 16, 10, 29, 44, 63, 66, 73, 6, 53, 24, 8, 61, 9, 79, 57, 50, 1, 39, 2, 37, 49, 59, 5, 71, 56, 76, 4, 69, 75, 11, 34, 15, 62, 28, 23, 7, 52, 78, 60, 30, 21, 64, 46, 33, 14, 18, 45, 38, 36, 17, 22, 32, 19]
og index list energy: 157006094.72110108
index list: [72, 1, 2, 3, 4, 5, 6, 7, 8, 9, 10, 11, 12, 13, 76, 14, 15, 16, 49, 17, 18, 19, 20, 21, 22, 23, 24, 25, 26, 27, 28, 29, 30, 31, 32, 78, 33, 34, 35, 36, 37, 38, 39, 40, 41, 75, 42, 43, 44, 45, 46, 47, 48, 74, 50, 51, 52, 53, 54, 55, 56, 57, 58, 77, 59, 60, 61, 62, 63, 64, 65, 66, 67, 68, 69, 79, 70, 71, 0, 73]
index list energy: 152290.42158758297
Done


iterations: 100000000 temp: 1000000.0 exponent: 0.9 eif: 300.0
time taken (sec): 8617.757034540176
number of iterations: 100000000
final temperature: 159.26791088519815
og index list: [67, 35, 50, 5, 46, 69, 8, 55, 54, 34, 33, 10, 62, 76, 21, 31, 32, 24, 71, 17, 4, 59, 72, 37, 0, 60, 70, 51, 77, 40, 18, 11, 2, 45, 25, 28, 20, 15, 13, 39, 78, 56, 42, 9, 53, 49, 27, 26, 75, 12, 61, 38, 65, 22, 29, 44, 14, 41, 68, 73, 3, 19, 30, 48, 36, 23, 16, 79, 43, 63, 74, 57, 58, 47, 66, 1, 6, 52, 7, 64]
og index list energy: 134623514.2902095
index list: [72, 1, 2, 3, 4, 5, 6, 7, 8, 9, 10, 11, 12, 13, 74, 14, 15, 16, 75, 17, 18, 19, 20, 21, 22, 23, 24, 25, 26, 27, 28, 29, 30, 31, 32, 76, 33, 34, 35, 36, 37, 38, 39, 40, 41, 77, 42, 43, 44, 45, 46, 47, 48, 49, 50, 51, 52, 53, 54, 55, 56, 57, 58, 79, 59, 60, 61, 62, 63, 64, 65, 66, 67, 68, 69, 78, 70, 71, 0, 73]
index list energy: 151991.621587583
Done


iterations: 100000000 temp: 1000000.0 exponent: 0.9 eif: 300.0
time taken (sec): 8069.921313047409
number of iterations: 92438123
final temperature: 242.74944503154717
og index list: [56, 3, 58, 1, 74, 77, 15, 23, 11, 33, 40, 75, 0, 19, 52, 73, 22, 39, 18, 45, 12, 70, 28, 6, 26, 34, 62, 46, 9, 41, 55, 64, 20, 76, 31, 78, 37, 4, 29, 63, 49, 24, 51, 47, 25, 32, 7, 38, 68, 60, 2, 61, 42, 53, 54, 13, 8, 44, 10, 36, 79, 48, 72, 69, 27, 5, 50, 30, 65, 14, 16, 17, 57, 21, 66, 59, 71, 43, 35, 67]
og index list energy: 176455584.44414034
index list: [72, 1, 2, 3, 4, 5, 6, 7, 8, 9, 10, 11, 12, 13, 77, 14, 15, 16, 74, 17, 18, 19, 20, 21, 22, 23, 24, 25, 26, 27, 28, 29, 30, 31, 32, 49, 33, 34, 35, 36, 37, 38, 39, 40, 41, 0, 73, 79, 44, 45, 46, 47, 48, 76, 50, 51, 52, 53, 54, 55, 56, 57, 58, 78, 59, 60, 61, 62, 63, 64, 65, 66, 67, 68, 69, 70, 71, 75, 42, 43]
index list energy: 173495.1778064098
Done


program ended at: 2020-03-30 09:19:53.080068 
 time delta: 11:57:59.993929
