## SLURM PROLOG ###############################################################
##    Job ID : 11508620
##  Job Name : verifying_2np4_works
##  Nodelist : node1137
##      CPUs : 1
##  Mem/Node : 1024 MB
## Directory : /gpfs/data/nfawzi/skale/Fawzi_pycharm_project
##   Started : Sun Mar 29 21:21:23 EDT 2020
###############################################################################
program started at:2020-03-29 21:21:23.310951
iterations: 100000000 temp: 1000000.0 exponent: 0.9 eif: 300.0
time taken (sec): 8857.343974351883
number of iterations: 100000000
final temperature: 159.26791088519815
og index list: [52, 23, 62, 13, 49, 7, 73, 31, 2, 27, 34, 11, 21, 41, 29, 3, 79, 1, 74, 61, 55, 26, 14, 19, 28, 50, 42, 69, 77, 18, 24, 5, 40, 12, 44, 67, 68, 59, 9, 57, 4, 54, 33, 71, 65, 38, 72, 60, 70, 36, 45, 17, 51, 32, 10, 63, 53, 78, 39, 0, 35, 56, 22, 47, 75, 16, 48, 66, 25, 43, 6, 37, 8, 58, 20, 30, 64, 46, 76, 15]
og index list energy: 164382486.71673897
index list: [72, 1, 2, 3, 4, 5, 6, 7, 8, 9, 10, 11, 12, 13, 75, 14, 15, 16, 74, 17, 18, 19, 20, 21, 22, 23, 24, 25, 26, 27, 28, 29, 30, 31, 32, 77, 33, 34, 35, 36, 37, 38, 39, 40, 41, 78, 42, 43, 44, 45, 46, 47, 48, 49, 50, 51, 52, 53, 54, 55, 56, 57, 58, 79, 59, 60, 61, 62, 63, 64, 65, 66, 67, 68, 69, 76, 70, 71, 0, 73]
index list energy: 151991.621587583
Done


iterations: 100000000 temp: 1000000.0 exponent: 0.9 eif: 300.0
time taken (sec): 9022.226207017899
number of iterations: 100000000
final temperature: 159.26791088519815
og index list: [48, 58, 7, 4, 73, 74, 30, 17, 39, 50, 49, 22, 41, 21, 42, 54, 63, 28, 51, 43, 68, 9, 16, 27, 79, 56, 77, 57, 61, 53, 60, 52, 76, 46, 62, 72, 32, 5, 8, 44, 14, 10, 12, 34, 64, 36, 75, 20, 70, 37, 78, 45, 38, 40, 23, 18, 25, 6, 47, 11, 2, 19, 29, 3, 71, 33, 1, 69, 65, 66, 0, 67, 13, 24, 55, 26, 15, 35, 59, 31]
og index list energy: 151313015.8057383
index list: [0, 1, 2, 3, 4, 5, 6, 7, 8, 9, 10, 11, 12, 13, 78, 14, 15, 16, 76, 17, 18, 19, 20, 21, 22, 23, 24, 25, 26, 27, 28, 29, 30, 31, 32, 77, 33, 34, 35, 36, 37, 38, 39, 40, 41, 49, 42, 43, 44, 45, 46, 47, 48, 74, 50, 51, 52, 53, 54, 55, 56, 57, 58, 75, 59, 60, 61, 62, 63, 64, 65, 66, 67, 68, 69, 70, 71, 79, 72, 73]
index list energy: 152293.52169419697
Done


iterations: 100000000 temp: 1000000.0 exponent: 0.9 eif: 300.0
time taken (sec): 8703.751749515533
number of iterations: 100000000
final temperature: 159.26791088519815
og index list: [64, 75, 38, 37, 30, 27, 12, 5, 69, 65, 77, 9, 39, 32, 55, 47, 6, 28, 15, 18, 51, 17, 70, 66, 11, 23, 35, 73, 2, 14, 1, 57, 61, 46, 60, 33, 43, 8, 21, 22, 13, 68, 31, 3, 74, 76, 72, 36, 78, 10, 44, 53, 40, 16, 49, 71, 63, 50, 58, 25, 41, 4, 48, 34, 26, 20, 19, 45, 7, 56, 0, 42, 67, 54, 52, 24, 79, 59, 29, 62]
og index list energy: 166626823.9893313
index list: [72, 1, 2, 3, 4, 5, 6, 7, 8, 9, 10, 11, 12, 13, 78, 14, 15, 16, 76, 17, 18, 19, 20, 21, 22, 23, 24, 25, 26, 27, 28, 29, 30, 31, 32, 49, 33, 34, 35, 36, 37, 38, 39, 40, 41, 77, 42, 43, 44, 45, 46, 47, 48, 75, 50, 51, 52, 53, 54, 55, 56, 57, 58, 74, 59, 60, 61, 62, 63, 64, 65, 66, 67, 68, 69, 79, 70, 71, 0, 73]
index list energy: 152290.42158758297
Done


iterations: 100000000 temp: 1000000.0 exponent: 0.9 eif: 300.0
time taken (sec): 8371.960849046707
number of iterations: 100000000
final temperature: 159.26791088519815
og index list: [29, 58, 19, 14, 36, 27, 65, 57, 74, 1, 21, 25, 6, 33, 9, 55, 31, 62, 63, 46, 64, 13, 34, 47, 51, 42, 67, 70, 68, 43, 4, 32, 28, 10, 23, 8, 37, 76, 48, 71, 77, 24, 45, 3, 39, 35, 5, 78, 17, 40, 30, 66, 11, 75, 0, 60, 20, 54, 79, 16, 44, 15, 38, 26, 73, 12, 2, 18, 69, 50, 49, 41, 61, 52, 22, 7, 72, 53, 56, 59]
og index list energy: 192469622.73684803
index list: [72, 1, 2, 3, 4, 5, 6, 7, 8, 9, 10, 11, 12, 13, 75, 14, 15, 16, 74, 17, 18, 19, 20, 21, 22, 23, 24, 25, 26, 27, 28, 29, 30, 31, 32, 49, 33, 34, 35, 36, 37, 38, 39, 40, 41, 78, 42, 43, 44, 45, 46, 47, 48, 79, 50, 51, 52, 53, 54, 55, 56, 57, 58, 77, 59, 60, 61, 62, 63, 64, 65, 66, 67, 68, 69, 76, 70, 71, 0, 73]
index list energy: 152290.42158758297
Done


iterations: 100000000 temp: 1000000.0 exponent: 0.9 eif: 300.0
time taken (sec): 8107.596187829971
number of iterations: 100000000
final temperature: 159.26791088519815
og index list: [20, 67, 10, 9, 59, 41, 22, 61, 44, 4, 5, 69, 26, 25, 60, 12, 49, 13, 30, 64, 21, 1, 35, 6, 76, 47, 75, 15, 8, 42, 57, 65, 40, 3, 51, 36, 16, 2, 27, 37, 7, 29, 32, 43, 55, 62, 70, 39, 71, 68, 18, 24, 63, 56, 53, 78, 58, 50, 79, 66, 17, 19, 73, 23, 34, 52, 54, 74, 48, 31, 28, 38, 11, 46, 14, 0, 77, 45, 72, 33]
og index list energy: 205207310.6597285
index list: [0, 1, 2, 3, 4, 5, 6, 7, 8, 9, 10, 11, 12, 13, 76, 14, 15, 16, 79, 17, 18, 19, 20, 21, 22, 23, 24, 25, 26, 27, 28, 29, 30, 31, 32, 49, 33, 34, 35, 36, 37, 38, 39, 40, 41, 78, 42, 43, 44, 45, 46, 47, 48, 74, 50, 51, 52, 53, 54, 55, 56, 57, 58, 75, 59, 60, 61, 62, 63, 64, 65, 66, 67, 68, 69, 70, 71, 77, 72, 73]
index list energy: 152293.52169419697
Done


iterations: 100000000 temp: 1000000.0 exponent: 0.9 eif: 300.0
time taken (sec): 16.9673810005188
number of iterations: 451662
final temperature: 1000000.0
og index list: [52, 35, 73, 11, 23, 53, 75, 21, 71, 1, 30, 17, 22, 26, 20, 12, 39, 47, 41, 69, 33, 16, 50, 77, 62, 31, 8, 58, 44, 63, 0, 57, 40, 29, 6, 48, 10, 65, 54, 14, 36, 68, 56, 79, 32, 67, 5, 55, 70, 45, 9, 49, 78, 59, 37, 15, 24, 76, 25, 28, 27, 64, 7, 43, 2, 51, 42, 72, 18, 46, 19, 38, 34, 13, 74, 66, 3, 61, 60, 4]
og index list energy: 146856572.6394769
index list: [2, 48, 23, 77, 44, 74, 16, 52, 17, 30, 79, 13, 63, 34, 35, 53, 47, 66, 39, 4, 12, 5, 59, 21, 58, 61, 18, 72, 73, 10, 11, 7, 75, 42, 37, 65, 51, 55, 56, 41, 22, 8, 26, 28, 29, 78, 67, 40, 45, 25, 71, 76, 43, 19, 62, 36, 54, 24, 6, 70, 57, 60, 69, 0, 33, 50, 46, 14, 15, 3, 38, 49, 31, 68, 32, 9, 20, 1, 27, 64]
index list energy: 30364335.697744317
Done


program ended at: 2020-03-30 09:19:23.287920 
 time delta: 11:57:59.976969
