## SLURM PROLOG ###############################################################
##    Job ID : 11508675
##  Job Name : verifying_2np4_works
##  Nodelist : node1116
##      CPUs : 1
##  Mem/Node : 1024 MB
## Directory : /gpfs/data/nfawzi/skale/Fawzi_pycharm_project
##   Started : Sun Mar 29 21:21:51 EDT 2020
###############################################################################
program started at:2020-03-29 21:21:51.866095
iterations: 100000000 temp: 1000000.0 exponent: 0.9 eif: 300.0
time taken (sec): 8314.800768613815
number of iterations: 100000000
final temperature: 159.26791088519815
og index list: [8, 37, 78, 7, 54, 19, 16, 77, 62, 76, 20, 24, 73, 71, 61, 12, 69, 72, 23, 56, 48, 64, 59, 21, 60, 67, 52, 0, 63, 40, 15, 13, 6, 53, 11, 45, 50, 46, 2, 43, 51, 22, 18, 17, 47, 29, 28, 5, 10, 74, 65, 68, 33, 25, 58, 34, 27, 36, 32, 30, 9, 1, 66, 14, 4, 39, 31, 70, 55, 75, 3, 26, 42, 41, 57, 79, 35, 38, 49, 44]
og index list energy: 145439286.55866605
index list: [72, 1, 2, 3, 4, 5, 6, 7, 8, 9, 10, 11, 12, 13, 79, 14, 15, 16, 74, 17, 18, 19, 20, 21, 22, 23, 24, 25, 26, 27, 28, 29, 30, 31, 32, 78, 33, 34, 35, 36, 37, 38, 39, 40, 41, 76, 42, 43, 44, 45, 46, 47, 48, 49, 50, 51, 52, 53, 54, 55, 56, 57, 58, 77, 59, 60, 61, 62, 63, 64, 65, 66, 67, 68, 69, 75, 70, 71, 0, 73]
index list energy: 151991.621587583
Done


iterations: 100000000 temp: 1000000.0 exponent: 0.9 eif: 300.0
time taken (sec): 8138.797025680542
number of iterations: 100000000
final temperature: 159.26791088519815
og index list: [25, 21, 23, 75, 45, 32, 55, 48, 36, 34, 24, 19, 35, 69, 15, 54, 37, 77, 72, 43, 67, 38, 49, 5, 2, 29, 78, 18, 17, 52, 42, 65, 59, 41, 6, 62, 70, 27, 1, 33, 12, 64, 16, 7, 66, 61, 50, 9, 51, 44, 40, 30, 4, 46, 74, 10, 53, 31, 26, 57, 8, 3, 73, 58, 76, 11, 47, 68, 39, 0, 63, 60, 20, 28, 13, 56, 79, 71, 14, 22]
og index list energy: 121899961.20171137
index list: [72, 1, 2, 3, 4, 5, 6, 7, 8, 9, 10, 11, 12, 13, 76, 14, 15, 16, 74, 17, 18, 19, 20, 21, 22, 23, 24, 25, 26, 27, 28, 29, 30, 31, 32, 49, 33, 34, 35, 36, 37, 38, 39, 40, 41, 78, 42, 43, 44, 45, 46, 47, 48, 75, 50, 51, 52, 53, 54, 55, 56, 57, 58, 77, 59, 60, 61, 62, 63, 64, 65, 66, 67, 68, 69, 79, 70, 71, 0, 73]
index list energy: 152290.42158758297
Done


iterations: 100000000 temp: 1000000.0 exponent: 0.9 eif: 300.0
time taken (sec): 7825.178564310074
number of iterations: 100000000
final temperature: 159.26791088519815
og index list: [59, 0, 41, 66, 69, 58, 79, 56, 29, 18, 52, 67, 21, 20, 44, 27, 22, 53, 42, 65, 75, 3, 9, 34, 45, 37, 23, 1, 19, 13, 26, 6, 64, 68, 49, 28, 76, 57, 78, 5, 16, 50, 15, 33, 24, 10, 2, 40, 72, 71, 47, 61, 51, 55, 12, 70, 74, 73, 63, 39, 7, 31, 11, 30, 4, 36, 77, 62, 17, 35, 32, 25, 60, 54, 46, 43, 48, 14, 8, 38]
og index list energy: 152627951.20497033
index list: [72, 1, 2, 3, 4, 5, 6, 7, 8, 9, 10, 11, 12, 13, 76, 14, 15, 16, 77, 17, 18, 19, 20, 21, 22, 23, 24, 25, 26, 27, 28, 29, 30, 31, 75, 42, 33, 34, 35, 36, 37, 38, 39, 40, 41, 0, 73, 79, 44, 45, 46, 47, 48, 78, 43, 51, 52, 53, 54, 55, 56, 57, 58, 49, 59, 60, 61, 62, 63, 64, 65, 66, 67, 68, 69, 70, 71, 50, 74, 32]
index list energy: 196848.1265369133
Done


iterations: 100000000 temp: 1000000.0 exponent: 0.9 eif: 300.0
time taken (sec): 8418.358013868332
number of iterations: 100000000
final temperature: 159.26791088519815
og index list: [79, 45, 60, 39, 10, 31, 6, 48, 53, 13, 21, 7, 1, 20, 16, 69, 41, 66, 47, 35, 50, 49, 55, 5, 62, 19, 17, 77, 37, 52, 29, 54, 0, 57, 12, 18, 3, 43, 74, 33, 61, 14, 2, 64, 4, 70, 22, 40, 56, 23, 46, 34, 9, 27, 11, 59, 44, 38, 36, 30, 8, 63, 15, 75, 65, 73, 24, 72, 42, 58, 51, 78, 32, 25, 28, 76, 68, 26, 71, 67]
og index list energy: 168436957.15029445
index list: [0, 1, 2, 3, 4, 5, 6, 7, 8, 9, 10, 11, 12, 13, 74, 14, 15, 16, 78, 17, 18, 19, 20, 21, 22, 23, 24, 25, 26, 27, 28, 29, 30, 31, 32, 75, 33, 34, 35, 36, 37, 38, 39, 40, 41, 79, 42, 43, 44, 45, 46, 47, 48, 49, 50, 51, 52, 53, 54, 55, 56, 57, 58, 77, 59, 60, 61, 62, 63, 64, 65, 66, 67, 68, 69, 70, 71, 76, 72, 73]
index list energy: 151994.72169419698
Done


iterations: 100000000 temp: 1000000.0 exponent: 0.9 eif: 300.0
time taken (sec): 8128.002571344376
number of iterations: 100000000
final temperature: 159.26791088519815
og index list: [31, 24, 38, 28, 63, 78, 41, 74, 64, 68, 19, 62, 65, 55, 49, 73, 30, 14, 48, 46, 26, 70, 61, 45, 50, 69, 66, 23, 4, 77, 58, 18, 42, 21, 29, 72, 39, 79, 40, 75, 15, 53, 20, 3, 47, 17, 16, 33, 54, 76, 27, 36, 37, 13, 5, 6, 52, 71, 43, 67, 35, 44, 56, 2, 11, 10, 7, 59, 25, 22, 57, 9, 8, 12, 34, 0, 32, 1, 51, 60]
og index list energy: 166159067.85984084
index list: [72, 1, 2, 3, 4, 5, 6, 7, 8, 9, 10, 11, 12, 13, 79, 14, 15, 16, 75, 17, 18, 19, 20, 21, 22, 23, 24, 25, 26, 27, 28, 29, 30, 31, 32, 76, 33, 34, 35, 36, 37, 38, 39, 40, 41, 49, 42, 43, 44, 45, 46, 47, 48, 74, 50, 51, 52, 53, 54, 55, 56, 57, 58, 77, 59, 60, 61, 62, 63, 64, 65, 66, 67, 68, 69, 78, 70, 71, 0, 73]
index list energy: 152290.42158758297
Done


iterations: 100000000 temp: 1000000.0 exponent: 0.9 eif: 300.0
time taken (sec): 2254.6748716831207
number of iterations: 39015722
final temperature: 11972.515182562027
og index list: [78, 43, 22, 8, 50, 5, 12, 24, 56, 37, 61, 6, 21, 77, 19, 72, 76, 18, 51, 73, 38, 17, 20, 39, 57, 40, 65, 62, 28, 15, 59, 36, 75, 35, 3, 52, 34, 41, 49, 23, 69, 16, 7, 30, 2, 53, 74, 58, 9, 31, 55, 44, 79, 14, 11, 32, 1, 27, 66, 29, 63, 42, 4, 54, 48, 10, 13, 70, 46, 68, 71, 33, 60, 0, 25, 26, 64, 45, 47, 67]
og index list energy: 126303084.06981178
index list: [0, 1, 2, 3, 4, 15, 6, 7, 8, 9, 10, 11, 12, 13, 75, 14, 5, 16, 76, 17, 18, 19, 20, 21, 22, 23, 24, 25, 26, 27, 28, 29, 30, 31, 32, 77, 33, 34, 35, 36, 37, 38, 39, 40, 41, 79, 42, 43, 44, 45, 46, 47, 48, 78, 50, 51, 52, 53, 54, 55, 56, 57, 58, 49, 59, 60, 61, 62, 63, 64, 65, 66, 67, 68, 69, 72, 73, 74, 70, 71]
index list energy: 209509.69009673287
Done


program ended at: 2020-03-30 09:19:51.861092 
 time delta: 11:57:59.994997
