## SLURM PROLOG ###############################################################
##    Job ID : 11508629
##  Job Name : verifying_2np4_works
##  Nodelist : node1140
##      CPUs : 1
##  Mem/Node : 1024 MB
## Directory : /gpfs/data/nfawzi/skale/Fawzi_pycharm_project
##   Started : Sun Mar 29 21:21:23 EDT 2020
###############################################################################
program started at:2020-03-29 21:21:23.814809
iterations: 100000000 temp: 1000000.0 exponent: 0.9 eif: 300.0
time taken (sec): 9737.074334144592
number of iterations: 100000000
final temperature: 159.26791088519815
og index list: [3, 6, 57, 61, 43, 26, 38, 37, 62, 59, 77, 8, 51, 65, 66, 46, 7, 9, 76, 73, 1, 15, 36, 31, 5, 47, 28, 35, 63, 22, 20, 10, 18, 79, 34, 0, 41, 25, 52, 13, 71, 58, 4, 30, 53, 17, 2, 24, 23, 50, 60, 21, 33, 14, 64, 56, 54, 72, 39, 75, 48, 78, 27, 67, 45, 11, 70, 74, 69, 12, 40, 42, 16, 29, 49, 68, 19, 55, 44, 32]
og index list energy: 127075081.82521921
index list: [0, 1, 2, 3, 4, 5, 6, 7, 8, 9, 10, 11, 12, 13, 49, 14, 15, 16, 78, 17, 18, 19, 20, 21, 22, 23, 24, 25, 26, 27, 28, 29, 30, 31, 32, 76, 33, 34, 35, 36, 37, 38, 39, 40, 41, 71, 74, 43, 44, 45, 46, 47, 48, 77, 50, 51, 52, 53, 54, 55, 56, 57, 58, 79, 59, 60, 61, 62, 63, 64, 65, 66, 67, 68, 69, 70, 75, 42, 72, 73]
index list energy: 160416.50127390915
Done


iterations: 100000000 temp: 1000000.0 exponent: 0.9 eif: 300.0
time taken (sec): 9693.139579057693
number of iterations: 100000000
final temperature: 159.26791088519815
og index list: [7, 1, 46, 20, 39, 40, 36, 11, 79, 71, 19, 62, 56, 28, 65, 69, 0, 24, 59, 35, 53, 63, 44, 18, 49, 12, 15, 9, 26, 30, 54, 25, 16, 77, 60, 78, 61, 51, 14, 38, 8, 45, 5, 55, 76, 6, 23, 74, 37, 31, 34, 47, 67, 75, 2, 33, 21, 22, 42, 73, 29, 17, 68, 50, 27, 57, 4, 48, 41, 52, 10, 32, 3, 72, 64, 43, 13, 66, 70, 58]
og index list energy: 133026429.63392366
index list: [72, 1, 2, 3, 4, 5, 6, 7, 8, 9, 10, 11, 12, 13, 74, 14, 15, 16, 75, 17, 18, 19, 20, 21, 22, 23, 24, 25, 26, 27, 28, 29, 30, 31, 32, 79, 33, 34, 35, 36, 37, 38, 39, 40, 41, 49, 42, 43, 44, 45, 46, 47, 48, 76, 50, 51, 52, 53, 54, 55, 56, 57, 58, 77, 59, 60, 61, 62, 63, 64, 65, 66, 67, 68, 69, 78, 70, 71, 0, 73]
index list energy: 152290.42158758297
Done


iterations: 100000000 temp: 1000000.0 exponent: 0.9 eif: 300.0
time taken (sec): 9656.769911527634
number of iterations: 100000000
final temperature: 159.26791088519815
og index list: [55, 74, 65, 31, 26, 34, 27, 79, 56, 37, 8, 64, 51, 1, 70, 23, 0, 57, 32, 75, 76, 53, 71, 21, 38, 7, 44, 33, 47, 63, 22, 18, 36, 41, 78, 15, 62, 13, 12, 17, 10, 4, 28, 77, 20, 67, 19, 35, 42, 48, 29, 50, 72, 16, 3, 60, 5, 73, 45, 25, 6, 61, 14, 9, 69, 2, 49, 24, 59, 30, 52, 11, 39, 58, 54, 66, 68, 46, 40, 43]
og index list energy: 135789216.93791193
index list: [72, 1, 2, 3, 4, 5, 6, 7, 8, 9, 10, 11, 12, 13, 76, 14, 15, 16, 79, 17, 18, 19, 20, 21, 22, 23, 24, 25, 26, 27, 28, 29, 30, 31, 32, 78, 33, 34, 35, 36, 37, 38, 39, 40, 41, 49, 42, 43, 44, 45, 46, 47, 48, 75, 50, 51, 52, 53, 54, 55, 56, 57, 58, 77, 59, 60, 61, 62, 63, 64, 65, 66, 67, 68, 69, 74, 70, 71, 0, 73]
index list energy: 152290.42158758297
Done


iterations: 100000000 temp: 1000000.0 exponent: 0.9 eif: 300.0
time taken (sec): 8932.20094370842
number of iterations: 100000000
final temperature: 159.26791088519815
og index list: [10, 50, 66, 34, 58, 31, 49, 44, 11, 72, 8, 75, 54, 70, 56, 68, 76, 2, 53, 78, 73, 55, 36, 24, 60, 32, 79, 21, 59, 15, 43, 41, 39, 26, 45, 7, 69, 74, 28, 57, 19, 29, 17, 20, 18, 64, 16, 1, 12, 14, 5, 47, 40, 30, 51, 4, 35, 71, 62, 61, 65, 0, 33, 67, 9, 42, 46, 3, 6, 25, 48, 52, 37, 38, 63, 13, 77, 27, 23, 22]
og index list energy: 130544957.12112142
index list: [72, 1, 2, 3, 4, 5, 6, 7, 8, 9, 10, 11, 12, 13, 78, 14, 15, 16, 79, 17, 18, 19, 20, 21, 22, 23, 24, 25, 26, 27, 28, 29, 30, 31, 32, 75, 33, 34, 35, 36, 37, 38, 39, 40, 41, 77, 42, 43, 44, 45, 46, 47, 48, 74, 50, 51, 52, 53, 54, 55, 56, 57, 58, 49, 59, 60, 61, 62, 63, 64, 65, 66, 67, 68, 69, 76, 70, 71, 0, 73]
index list energy: 152290.42158758297
Done


iterations: 100000000 temp: 1000000.0 exponent: 0.9 eif: 300.0
time taken (sec): 5060.686850786209
number of iterations: 63383701
final temperature: 1617.3092699229896
og index list: [38, 70, 40, 5, 16, 6, 71, 45, 34, 30, 23, 12, 22, 31, 44, 67, 9, 72, 8, 7, 53, 46, 47, 49, 65, 0, 32, 20, 18, 15, 13, 63, 51, 2, 64, 77, 73, 33, 43, 17, 59, 39, 24, 36, 26, 11, 60, 61, 4, 41, 62, 28, 50, 21, 25, 14, 42, 66, 54, 29, 76, 78, 74, 69, 19, 79, 1, 56, 57, 55, 52, 3, 68, 10, 37, 58, 75, 48, 35, 27]
og index list energy: 178446502.6127263
index list: [0, 1, 2, 3, 4, 5, 6, 7, 8, 9, 10, 11, 12, 13, 49, 14, 15, 16, 78, 17, 18, 19, 20, 21, 22, 23, 24, 25, 26, 27, 28, 29, 30, 31, 32, 76, 33, 34, 35, 36, 37, 38, 39, 40, 41, 71, 77, 43, 44, 45, 46, 47, 48, 79, 50, 51, 52, 53, 54, 55, 56, 57, 58, 74, 59, 60, 61, 62, 63, 64, 65, 66, 67, 68, 69, 70, 75, 42, 72, 73]
index list energy: 160416.50127390915
Done


program ended at: 2020-03-30 09:19:23.808875 
 time delta: 11:57:59.994066
