## SLURM PROLOG ###############################################################
##    Job ID : 11508650
##  Job Name : verifying_2np4_works
##  Nodelist : node1164
##      CPUs : 1
##  Mem/Node : 1024 MB
## Directory : /gpfs/data/nfawzi/skale/Fawzi_pycharm_project
##   Started : Sun Mar 29 21:21:21 EDT 2020
###############################################################################
program started at:2020-03-29 21:21:23.210547
iterations: 100000000 temp: 1000000.0 exponent: 0.9 eif: 300.0
time taken (sec): 8455.973669528961
number of iterations: 100000000
final temperature: 159.26791088519815
og index list: [50, 26, 69, 14, 3, 9, 61, 40, 48, 13, 67, 70, 33, 5, 45, 7, 53, 74, 37, 8, 22, 79, 35, 57, 60, 11, 34, 1, 63, 6, 68, 21, 54, 76, 36, 27, 31, 58, 32, 46, 55, 49, 20, 65, 51, 30, 17, 52, 23, 38, 62, 18, 41, 42, 77, 39, 15, 75, 28, 29, 72, 2, 44, 16, 4, 24, 0, 71, 19, 64, 73, 10, 47, 59, 25, 12, 56, 43, 78, 66]
og index list energy: 129107176.79948246
index list: [72, 1, 2, 3, 4, 5, 6, 7, 8, 9, 10, 11, 12, 13, 75, 14, 15, 16, 77, 17, 18, 19, 20, 21, 22, 23, 24, 25, 26, 27, 28, 29, 30, 31, 32, 76, 33, 34, 35, 36, 37, 38, 39, 40, 41, 74, 42, 43, 44, 45, 46, 47, 48, 49, 50, 51, 52, 53, 54, 55, 56, 57, 58, 78, 59, 60, 61, 62, 63, 64, 65, 66, 67, 68, 69, 79, 70, 71, 0, 73]
index list energy: 151991.621587583
Done


iterations: 100000000 temp: 1000000.0 exponent: 0.9 eif: 300.0
time taken (sec): 8646.717060565948
number of iterations: 100000000
final temperature: 159.26791088519815
og index list: [23, 79, 59, 45, 51, 0, 67, 48, 63, 6, 8, 71, 50, 62, 61, 1, 78, 76, 17, 73, 13, 49, 22, 55, 53, 24, 21, 66, 5, 38, 31, 54, 58, 16, 77, 70, 2, 3, 10, 68, 41, 34, 33, 20, 32, 72, 9, 42, 74, 43, 47, 35, 4, 19, 27, 57, 75, 14, 18, 28, 36, 52, 64, 46, 11, 60, 65, 39, 7, 44, 37, 25, 30, 12, 69, 15, 26, 40, 56, 29]
og index list energy: 140536159.43289486
index list: [0, 1, 2, 3, 4, 5, 6, 7, 8, 9, 10, 11, 12, 13, 78, 14, 15, 16, 49, 17, 18, 19, 20, 21, 22, 23, 24, 25, 26, 27, 28, 29, 30, 31, 32, 79, 33, 34, 35, 36, 37, 38, 39, 40, 41, 71, 75, 43, 44, 45, 46, 47, 48, 77, 50, 51, 52, 53, 54, 55, 56, 57, 58, 74, 59, 60, 61, 62, 63, 64, 65, 66, 67, 68, 69, 70, 76, 42, 72, 73]
index list energy: 160416.50127390915
Done


iterations: 100000000 temp: 1000000.0 exponent: 0.9 eif: 300.0
time taken (sec): 8930.511961460114
number of iterations: 100000000
final temperature: 159.26791088519815
og index list: [18, 24, 31, 28, 21, 55, 43, 76, 30, 64, 59, 51, 7, 75, 47, 19, 34, 78, 14, 2, 67, 39, 26, 66, 22, 50, 3, 63, 79, 13, 49, 36, 33, 45, 71, 29, 73, 8, 60, 68, 32, 1, 38, 74, 61, 23, 37, 48, 35, 15, 20, 65, 0, 40, 57, 46, 16, 56, 42, 77, 72, 11, 44, 52, 12, 70, 41, 5, 53, 54, 4, 25, 62, 6, 69, 10, 9, 58, 17, 27]
og index list energy: 98881308.92547035
index list: [0, 1, 2, 3, 4, 5, 6, 7, 8, 9, 10, 11, 12, 13, 77, 14, 15, 16, 79, 17, 18, 19, 20, 21, 22, 23, 24, 25, 26, 27, 28, 29, 30, 31, 32, 74, 33, 34, 35, 36, 37, 38, 39, 40, 41, 75, 42, 43, 44, 45, 46, 47, 48, 49, 50, 51, 52, 53, 54, 55, 56, 57, 58, 78, 59, 60, 61, 62, 63, 64, 65, 66, 67, 68, 69, 70, 71, 76, 72, 73]
index list energy: 151994.72169419698
Done


iterations: 100000000 temp: 1000000.0 exponent: 0.9 eif: 300.0
time taken (sec): 8857.060970067978
number of iterations: 100000000
final temperature: 159.26791088519815
og index list: [45, 39, 68, 4, 62, 2, 36, 12, 59, 61, 46, 70, 72, 19, 28, 33, 1, 15, 26, 34, 29, 48, 78, 50, 47, 35, 31, 74, 66, 53, 71, 25, 8, 51, 18, 76, 32, 13, 11, 10, 24, 22, 49, 20, 52, 77, 38, 55, 75, 79, 44, 57, 63, 5, 30, 16, 69, 0, 42, 58, 56, 54, 64, 41, 27, 17, 40, 3, 65, 43, 67, 23, 60, 7, 6, 14, 9, 73, 37, 21]
og index list energy: 134711313.06456828
index list: [0, 1, 2, 3, 4, 5, 6, 7, 8, 9, 10, 11, 12, 13, 76, 14, 15, 16, 79, 17, 18, 19, 20, 21, 22, 23, 24, 25, 26, 27, 28, 29, 30, 31, 32, 78, 33, 34, 35, 36, 37, 38, 39, 40, 41, 74, 42, 43, 44, 45, 46, 47, 48, 77, 50, 51, 52, 53, 54, 55, 56, 57, 58, 75, 59, 60, 61, 62, 63, 64, 65, 66, 67, 68, 69, 70, 71, 49, 72, 73]
index list energy: 152293.52169419697
Done


iterations: 100000000 temp: 1000000.0 exponent: 0.9 eif: 300.0
time taken (sec): 8189.5591423511505
number of iterations: 97123653
final temperature: 196.62705047555323
og index list: [63, 79, 34, 2, 37, 54, 74, 7, 70, 42, 44, 68, 48, 49, 13, 64, 12, 62, 16, 66, 19, 28, 21, 50, 71, 14, 45, 40, 25, 18, 30, 31, 60, 56, 43, 65, 67, 5, 38, 73, 6, 10, 59, 20, 69, 23, 11, 58, 53, 51, 76, 61, 29, 33, 78, 41, 57, 55, 8, 0, 17, 36, 3, 32, 39, 75, 1, 22, 27, 46, 4, 15, 26, 35, 47, 77, 24, 52, 72, 9]
og index list energy: 192646239.5176569
index list: [72, 1, 2, 3, 4, 5, 6, 7, 8, 9, 10, 11, 12, 13, 78, 14, 15, 16, 75, 17, 18, 19, 20, 21, 22, 23, 24, 25, 26, 27, 28, 29, 30, 31, 32, 79, 33, 34, 35, 36, 37, 38, 39, 40, 41, 74, 42, 43, 44, 45, 46, 47, 48, 49, 50, 51, 52, 53, 54, 55, 56, 57, 58, 77, 59, 60, 61, 62, 63, 64, 65, 66, 67, 68, 69, 76, 70, 71, 0, 73]
index list energy: 151991.621587583
Done


program ended at: 2020-03-30 09:19:23.205659 
 time delta: 11:57:59.995112
