## SLURM PROLOG ###############################################################
##    Job ID : 11508658
##  Job Name : verifying_2np4_works
##  Nodelist : node1164
##      CPUs : 1
##  Mem/Node : 1024 MB
## Directory : /gpfs/data/nfawzi/skale/Fawzi_pycharm_project
##   Started : Sun Mar 29 21:21:51 EDT 2020
###############################################################################
program started at:2020-03-29 21:21:52.882319
iterations: 100000000 temp: 1000000.0 exponent: 0.9 eif: 300.0
time taken (sec): 8767.728301286697
number of iterations: 100000000
final temperature: 159.26791088519815
og index list: [19, 34, 79, 47, 77, 73, 75, 8, 41, 18, 59, 66, 74, 6, 58, 13, 27, 70, 1, 35, 12, 62, 57, 24, 4, 23, 39, 29, 52, 0, 55, 42, 3, 32, 7, 20, 37, 49, 67, 15, 53, 28, 36, 61, 26, 69, 48, 63, 16, 11, 17, 72, 30, 2, 14, 56, 5, 33, 21, 65, 40, 51, 54, 46, 64, 25, 76, 71, 44, 10, 38, 9, 31, 50, 60, 22, 43, 45, 68, 78]
og index list energy: 181845474.4783911
index list: [72, 1, 2, 3, 4, 5, 6, 7, 8, 9, 10, 11, 12, 13, 74, 14, 15, 16, 78, 17, 18, 19, 20, 21, 22, 23, 24, 25, 26, 27, 28, 29, 30, 31, 32, 49, 33, 34, 35, 36, 37, 38, 39, 40, 41, 79, 42, 43, 44, 45, 46, 47, 48, 75, 50, 51, 52, 53, 54, 55, 56, 57, 58, 77, 59, 60, 61, 62, 63, 64, 65, 66, 67, 68, 69, 76, 70, 71, 0, 73]
index list energy: 152290.42158758297
Done


iterations: 100000000 temp: 1000000.0 exponent: 0.9 eif: 300.0
time taken (sec): 9143.980316638947
number of iterations: 100000000
final temperature: 159.26791088519815
og index list: [67, 44, 52, 56, 23, 69, 58, 5, 7, 18, 10, 55, 37, 12, 54, 9, 28, 29, 30, 26, 62, 75, 60, 64, 35, 43, 8, 49, 51, 2, 79, 57, 20, 65, 41, 73, 61, 21, 70, 77, 25, 1, 47, 78, 33, 22, 17, 38, 68, 6, 50, 53, 16, 42, 76, 0, 59, 46, 31, 71, 32, 63, 24, 39, 27, 66, 72, 3, 11, 34, 4, 36, 13, 45, 15, 14, 48, 40, 19, 74]
og index list energy: 122711064.59933199
index list: [0, 1, 2, 3, 4, 5, 6, 7, 8, 9, 10, 11, 12, 13, 75, 14, 15, 16, 77, 17, 18, 19, 20, 21, 22, 23, 24, 25, 26, 27, 28, 29, 30, 31, 32, 74, 33, 34, 35, 36, 37, 38, 39, 40, 41, 76, 42, 43, 44, 45, 46, 47, 48, 79, 50, 51, 52, 53, 54, 55, 56, 57, 58, 49, 59, 60, 61, 62, 63, 64, 65, 66, 67, 68, 69, 70, 71, 78, 72, 73]
index list energy: 152293.52169419697
Done


iterations: 100000000 temp: 1000000.0 exponent: 0.9 eif: 300.0
time taken (sec): 8531.328619480133
number of iterations: 100000000
final temperature: 159.26791088519815
og index list: [11, 46, 12, 18, 61, 25, 73, 39, 58, 51, 60, 13, 49, 67, 62, 74, 17, 22, 2, 70, 23, 42, 47, 79, 10, 19, 65, 3, 38, 0, 72, 16, 14, 6, 56, 78, 21, 43, 57, 69, 20, 8, 9, 31, 77, 53, 36, 76, 37, 66, 59, 28, 30, 7, 52, 32, 68, 4, 54, 40, 35, 44, 1, 33, 34, 64, 29, 26, 48, 41, 24, 15, 75, 27, 45, 55, 50, 63, 5, 71]
og index list energy: 137666976.77865127
index list: [72, 1, 2, 3, 4, 5, 6, 7, 8, 9, 10, 11, 12, 13, 49, 14, 15, 16, 79, 17, 18, 19, 20, 21, 22, 23, 24, 25, 26, 27, 28, 29, 30, 31, 32, 75, 33, 34, 35, 36, 37, 38, 39, 40, 41, 77, 42, 43, 44, 45, 46, 47, 48, 74, 50, 51, 52, 53, 54, 55, 56, 57, 58, 78, 59, 60, 61, 62, 63, 64, 65, 66, 67, 68, 69, 76, 70, 71, 0, 73]
index list energy: 152290.42158758297
Done


iterations: 100000000 temp: 1000000.0 exponent: 0.9 eif: 300.0
time taken (sec): 8595.448609828949
number of iterations: 100000000
final temperature: 159.26791088519815
og index list: [33, 26, 29, 48, 65, 56, 28, 4, 42, 45, 12, 39, 62, 76, 61, 14, 75, 68, 53, 77, 21, 30, 78, 79, 38, 51, 46, 20, 41, 24, 3, 59, 63, 32, 0, 11, 44, 72, 64, 16, 35, 18, 7, 15, 22, 31, 43, 37, 40, 25, 73, 55, 71, 47, 8, 6, 10, 74, 13, 52, 49, 1, 66, 27, 70, 2, 50, 23, 19, 9, 17, 36, 34, 67, 69, 57, 60, 54, 5, 58]
og index list energy: 154901826.87011752
index list: [0, 1, 2, 3, 4, 5, 6, 7, 8, 9, 10, 11, 12, 13, 76, 14, 15, 16, 79, 17, 18, 19, 20, 21, 22, 23, 24, 25, 26, 27, 28, 29, 30, 31, 32, 75, 33, 34, 35, 36, 37, 38, 39, 40, 41, 71, 78, 43, 44, 45, 46, 47, 48, 49, 50, 51, 52, 53, 54, 55, 56, 57, 58, 77, 59, 60, 61, 62, 63, 64, 65, 66, 67, 68, 69, 70, 74, 42, 72, 73]
index list energy: 160117.70127390913
Done


iterations: 100000000 temp: 1000000.0 exponent: 0.9 eif: 300.0
time taken (sec): 8041.370844364166
number of iterations: 94959690
final temperature: 218.47450052839247
og index list: [38, 73, 60, 51, 39, 54, 45, 30, 26, 28, 13, 63, 66, 72, 15, 10, 3, 7, 67, 21, 24, 1, 16, 46, 47, 70, 23, 29, 22, 44, 59, 8, 33, 17, 49, 18, 52, 64, 36, 50, 27, 0, 71, 58, 19, 35, 68, 4, 77, 2, 9, 25, 11, 79, 12, 62, 20, 5, 61, 56, 37, 14, 48, 40, 78, 34, 75, 43, 76, 6, 57, 31, 32, 55, 74, 69, 53, 41, 65, 42]
og index list energy: 127185423.55716115
index list: [0, 1, 2, 3, 4, 5, 6, 7, 8, 9, 10, 11, 12, 13, 76, 14, 15, 16, 78, 17, 18, 19, 20, 21, 22, 23, 24, 25, 26, 27, 28, 29, 30, 31, 32, 49, 33, 34, 35, 36, 37, 38, 39, 40, 41, 71, 77, 43, 44, 45, 46, 47, 48, 75, 50, 51, 52, 53, 54, 55, 56, 57, 58, 74, 59, 60, 61, 62, 63, 64, 65, 66, 67, 68, 69, 70, 79, 42, 72, 73]
index list energy: 160416.50127390915
Done


program ended at: 2020-03-30 09:19:52.865041 
 time delta: 11:57:59.982722
