## SLURM PROLOG ###############################################################
##    Job ID : 11508617
##  Job Name : verifying_2np4_works
##  Nodelist : node1150
##      CPUs : 1
##  Mem/Node : 1024 MB
## Directory : /gpfs/data/nfawzi/skale/Fawzi_pycharm_project
##   Started : Sun Mar 29 21:21:22 EDT 2020
###############################################################################
program started at:2020-03-29 21:21:22.539387
iterations: 100000000 temp: 1000000.0 exponent: 0.9 eif: 300.0
time taken (sec): 7950.164192914963
number of iterations: 100000000
final temperature: 159.26791088519815
og index list: [7, 20, 25, 27, 3, 15, 18, 10, 67, 17, 64, 72, 68, 57, 24, 23, 41, 76, 62, 63, 36, 42, 5, 28, 69, 32, 61, 31, 48, 19, 16, 79, 73, 78, 35, 47, 13, 21, 43, 56, 52, 34, 59, 54, 39, 44, 65, 55, 0, 12, 37, 77, 70, 74, 45, 30, 9, 60, 4, 71, 51, 22, 1, 26, 2, 53, 49, 38, 75, 6, 50, 29, 11, 58, 40, 8, 66, 33, 14, 46]
og index list energy: 160753067.56230098
index list: [72, 1, 2, 3, 4, 5, 6, 7, 8, 9, 10, 11, 12, 13, 77, 14, 15, 16, 49, 17, 18, 19, 20, 21, 22, 23, 24, 25, 26, 27, 28, 29, 30, 31, 32, 74, 33, 34, 35, 36, 37, 38, 39, 40, 41, 75, 42, 43, 44, 45, 46, 47, 48, 79, 50, 51, 52, 53, 54, 55, 56, 57, 58, 78, 59, 60, 61, 62, 63, 64, 65, 66, 67, 68, 69, 76, 70, 71, 0, 73]
index list energy: 152290.42158758297
Done


iterations: 100000000 temp: 1000000.0 exponent: 0.9 eif: 300.0
time taken (sec): 8265.471178770065
number of iterations: 100000000
final temperature: 159.26791088519815
og index list: [11, 66, 32, 50, 78, 2, 14, 74, 3, 68, 46, 55, 48, 71, 49, 31, 53, 58, 18, 15, 45, 36, 51, 70, 65, 52, 41, 4, 29, 60, 21, 77, 33, 69, 1, 34, 8, 59, 17, 43, 28, 30, 27, 64, 24, 22, 26, 25, 7, 35, 62, 47, 40, 61, 19, 54, 5, 44, 39, 10, 76, 38, 6, 16, 57, 56, 20, 12, 42, 79, 13, 73, 23, 67, 37, 72, 9, 63, 75, 0]
og index list energy: 208972158.26267043
index list: [0, 1, 2, 3, 4, 5, 6, 7, 8, 9, 10, 11, 12, 13, 76, 14, 15, 16, 74, 17, 18, 19, 20, 21, 22, 23, 24, 25, 26, 27, 28, 29, 30, 31, 32, 75, 33, 34, 35, 36, 37, 38, 39, 40, 41, 49, 42, 43, 44, 45, 46, 47, 48, 77, 50, 51, 52, 53, 54, 55, 56, 57, 58, 79, 59, 60, 61, 62, 63, 64, 65, 66, 67, 68, 69, 70, 71, 78, 72, 73]
index list energy: 152293.52169419697
Done


iterations: 100000000 temp: 1000000.0 exponent: 0.9 eif: 300.0
time taken (sec): 8238.078896045685
number of iterations: 100000000
final temperature: 159.26791088519815
og index list: [26, 77, 71, 69, 34, 4, 66, 28, 46, 65, 67, 48, 68, 11, 60, 12, 39, 51, 27, 53, 19, 58, 41, 52, 10, 22, 73, 57, 37, 33, 36, 13, 74, 17, 50, 78, 8, 62, 30, 35, 40, 32, 24, 44, 70, 42, 2, 5, 21, 76, 56, 49, 72, 14, 54, 45, 7, 0, 20, 15, 18, 16, 43, 55, 1, 64, 63, 47, 59, 61, 75, 79, 38, 29, 23, 3, 31, 25, 9, 6]
og index list energy: 143200476.33887342
index list: [0, 1, 2, 3, 4, 5, 6, 7, 8, 9, 10, 11, 12, 13, 74, 14, 15, 16, 79, 17, 18, 19, 20, 21, 22, 23, 24, 25, 26, 27, 28, 29, 30, 31, 32, 49, 33, 34, 35, 36, 37, 38, 39, 40, 41, 76, 42, 43, 44, 45, 46, 47, 48, 75, 50, 51, 52, 53, 54, 55, 56, 57, 58, 77, 59, 60, 61, 62, 63, 64, 65, 66, 67, 68, 69, 70, 71, 78, 72, 73]
index list energy: 152293.52169419697
Done


iterations: 100000000 temp: 1000000.0 exponent: 0.9 eif: 300.0
time taken (sec): 8167.5937168598175
number of iterations: 100000000
final temperature: 159.26791088519815
og index list: [62, 22, 77, 43, 29, 26, 45, 71, 16, 39, 19, 53, 66, 67, 70, 17, 78, 10, 59, 51, 75, 32, 61, 58, 68, 23, 60, 38, 13, 40, 50, 9, 46, 1, 57, 76, 3, 8, 28, 21, 2, 41, 73, 47, 42, 35, 72, 33, 18, 63, 7, 79, 65, 48, 15, 69, 49, 20, 34, 44, 24, 56, 55, 27, 74, 54, 14, 6, 5, 37, 0, 12, 11, 52, 30, 31, 64, 4, 36, 25]
og index list energy: 130329665.97873509
index list: [0, 1, 2, 3, 4, 5, 6, 7, 8, 9, 10, 11, 12, 13, 75, 14, 15, 16, 76, 17, 18, 19, 20, 21, 22, 23, 24, 25, 26, 27, 28, 29, 30, 31, 32, 78, 33, 34, 35, 36, 37, 38, 39, 40, 41, 49, 42, 43, 44, 45, 46, 47, 48, 79, 50, 51, 52, 53, 54, 55, 56, 57, 58, 74, 59, 60, 61, 62, 63, 64, 65, 66, 67, 68, 69, 70, 71, 77, 72, 73]
index list energy: 152293.52169419697
Done


iterations: 100000000 temp: 1000000.0 exponent: 0.9 eif: 300.0
time taken (sec): 7864.778044939041
number of iterations: 100000000
final temperature: 159.26791088519815
og index list: [65, 77, 2, 49, 12, 67, 50, 45, 29, 52, 4, 19, 1, 35, 8, 44, 38, 21, 78, 71, 76, 27, 48, 31, 28, 47, 75, 16, 9, 17, 20, 33, 3, 25, 10, 22, 53, 58, 70, 43, 30, 13, 46, 23, 68, 37, 60, 79, 57, 11, 36, 62, 39, 0, 26, 55, 5, 54, 66, 32, 59, 41, 40, 74, 15, 56, 69, 51, 14, 7, 42, 63, 72, 6, 61, 18, 73, 24, 64, 34]
og index list energy: 146111598.38954446
index list: [72, 1, 2, 3, 4, 5, 6, 7, 8, 9, 10, 11, 12, 13, 75, 14, 15, 16, 49, 17, 18, 19, 20, 21, 22, 23, 24, 25, 26, 27, 28, 29, 30, 31, 32, 78, 33, 34, 35, 36, 37, 38, 39, 40, 41, 76, 42, 43, 44, 45, 46, 47, 48, 77, 50, 51, 52, 53, 54, 55, 56, 57, 58, 79, 59, 60, 61, 62, 63, 64, 65, 66, 67, 68, 69, 74, 70, 71, 0, 73]
index list energy: 152290.42158758297
Done


iterations: 100000000 temp: 1000000.0 exponent: 0.9 eif: 300.0
time taken (sec): 2593.786426782608
number of iterations: 43290997
final temperature: 7855.1672112789465
og index list: [60, 58, 29, 70, 10, 73, 13, 22, 76, 65, 47, 15, 27, 24, 67, 1, 18, 35, 78, 42, 43, 45, 63, 52, 33, 77, 53, 7, 14, 69, 19, 6, 3, 16, 50, 55, 31, 39, 26, 0, 54, 11, 71, 23, 20, 4, 51, 38, 25, 21, 49, 74, 75, 5, 36, 17, 28, 61, 62, 8, 79, 72, 9, 46, 56, 2, 41, 32, 68, 66, 59, 37, 30, 57, 40, 44, 64, 34, 48, 12]
og index list energy: 95904411.01598504
index list: [0, 1, 2, 3, 4, 5, 6, 7, 8, 9, 10, 11, 12, 13, 74, 14, 15, 16, 78, 17, 18, 19, 20, 21, 22, 23, 24, 25, 26, 27, 28, 29, 30, 31, 32, 76, 33, 34, 35, 36, 37, 38, 39, 40, 41, 79, 42, 43, 44, 45, 46, 47, 48, 77, 50, 51, 52, 53, 54, 55, 56, 57, 58, 49, 59, 60, 61, 62, 63, 64, 65, 66, 67, 68, 69, 70, 71, 75, 72, 73]
index list energy: 152293.52169419697
Done


program ended at: 2020-03-30 09:19:22.534863 
 time delta: 11:57:59.995476
