## SLURM PROLOG ###############################################################
##    Job ID : 11508654
##  Job Name : verifying_2np4_works
##  Nodelist : node1164
##      CPUs : 1
##  Mem/Node : 1024 MB
## Directory : /gpfs/data/nfawzi/skale/Fawzi_pycharm_project
##   Started : Sun Mar 29 21:21:22 EDT 2020
###############################################################################
program started at:2020-03-29 21:21:23.283941
iterations: 100000000 temp: 1000000.0 exponent: 0.9 eif: 300.0
time taken (sec): 8728.351130485535
number of iterations: 100000000
final temperature: 159.26791088519815
og index list: [17, 59, 62, 14, 31, 1, 21, 32, 20, 47, 13, 0, 23, 71, 49, 72, 12, 57, 74, 33, 5, 56, 8, 41, 19, 24, 29, 50, 46, 38, 58, 52, 51, 65, 11, 66, 44, 27, 55, 63, 79, 73, 16, 4, 43, 42, 77, 28, 30, 15, 68, 69, 2, 70, 9, 7, 35, 60, 75, 26, 76, 3, 64, 22, 25, 67, 39, 45, 61, 10, 18, 36, 6, 34, 78, 54, 40, 53, 37, 48]
og index list energy: 159808944.9013892
index list: [72, 1, 2, 3, 4, 5, 6, 7, 8, 9, 10, 11, 12, 13, 77, 14, 15, 16, 49, 17, 18, 19, 20, 21, 22, 23, 24, 25, 26, 27, 28, 29, 30, 31, 32, 79, 33, 34, 35, 36, 37, 38, 39, 40, 41, 74, 42, 43, 44, 45, 46, 47, 48, 75, 50, 51, 52, 53, 54, 55, 56, 57, 58, 78, 59, 60, 61, 62, 63, 64, 65, 66, 67, 68, 69, 76, 70, 71, 0, 73]
index list energy: 152290.42158758297
Done


iterations: 100000000 temp: 1000000.0 exponent: 0.9 eif: 300.0
time taken (sec): 9095.778055429459
number of iterations: 100000000
final temperature: 159.26791088519815
og index list: [76, 56, 48, 3, 63, 31, 11, 21, 54, 67, 68, 39, 71, 13, 73, 50, 60, 43, 62, 35, 42, 77, 38, 75, 78, 66, 26, 65, 59, 10, 20, 33, 53, 49, 40, 41, 30, 57, 72, 58, 9, 55, 16, 27, 44, 24, 46, 14, 34, 52, 69, 61, 36, 28, 45, 7, 18, 15, 22, 79, 74, 32, 6, 12, 1, 37, 8, 47, 23, 17, 70, 2, 4, 5, 64, 19, 25, 29, 51, 0]
og index list energy: 110734007.88529648
index list: [0, 1, 2, 3, 4, 5, 6, 7, 8, 9, 10, 11, 12, 13, 78, 14, 15, 16, 49, 17, 18, 19, 20, 21, 22, 23, 24, 25, 26, 27, 28, 29, 30, 31, 32, 79, 33, 34, 35, 36, 37, 38, 39, 40, 41, 74, 42, 43, 44, 45, 46, 47, 48, 77, 50, 51, 52, 53, 54, 55, 56, 57, 58, 76, 59, 60, 61, 62, 63, 64, 65, 66, 67, 68, 69, 70, 71, 75, 72, 73]
index list energy: 152293.52169419697
Done


iterations: 100000000 temp: 1000000.0 exponent: 0.9 eif: 300.0
time taken (sec): 9036.013720989227
number of iterations: 100000000
final temperature: 159.26791088519815
og index list: [55, 29, 73, 54, 75, 62, 7, 14, 46, 27, 20, 38, 77, 72, 3, 65, 50, 9, 21, 64, 6, 25, 39, 11, 16, 36, 71, 5, 74, 67, 1, 53, 48, 44, 30, 51, 12, 79, 68, 0, 78, 43, 37, 61, 26, 76, 69, 28, 70, 2, 10, 34, 52, 4, 13, 31, 57, 32, 41, 33, 17, 60, 59, 56, 49, 63, 40, 19, 22, 66, 58, 35, 45, 18, 23, 42, 47, 24, 15, 8]
og index list energy: 163168806.7320893
index list: [0, 1, 2, 3, 4, 5, 6, 7, 8, 9, 10, 11, 12, 13, 77, 14, 15, 16, 79, 17, 18, 19, 20, 21, 22, 23, 24, 25, 26, 27, 28, 29, 30, 31, 32, 76, 33, 34, 35, 36, 37, 38, 39, 40, 41, 49, 42, 43, 44, 45, 46, 47, 48, 75, 50, 51, 52, 53, 54, 55, 56, 57, 58, 74, 59, 60, 61, 62, 63, 64, 65, 66, 67, 68, 69, 70, 71, 78, 72, 73]
index list energy: 152293.52169419697
Done


iterations: 100000000 temp: 1000000.0 exponent: 0.9 eif: 300.0
time taken (sec): 8599.416116714478
number of iterations: 100000000
final temperature: 159.26791088519815
og index list: [55, 66, 23, 74, 18, 25, 46, 36, 22, 56, 12, 59, 40, 65, 47, 33, 9, 78, 79, 76, 10, 28, 27, 64, 69, 63, 30, 37, 16, 70, 42, 14, 8, 19, 54, 6, 1, 11, 26, 15, 7, 2, 38, 29, 68, 44, 43, 53, 21, 72, 51, 58, 62, 17, 60, 41, 34, 3, 52, 20, 35, 61, 71, 0, 13, 75, 77, 5, 67, 49, 32, 48, 45, 4, 57, 39, 31, 73, 50, 24]
og index list energy: 123893891.38501137
index list: [72, 1, 2, 3, 4, 5, 6, 7, 8, 9, 10, 11, 12, 13, 79, 14, 15, 16, 77, 17, 18, 19, 20, 21, 22, 23, 24, 25, 26, 27, 28, 29, 30, 31, 32, 78, 33, 34, 35, 36, 37, 38, 39, 40, 41, 49, 42, 43, 44, 45, 46, 47, 48, 75, 50, 51, 52, 53, 54, 55, 56, 57, 58, 76, 59, 60, 61, 62, 63, 64, 65, 66, 67, 68, 69, 74, 70, 71, 0, 73]
index list energy: 152290.42158758297
Done


iterations: 100000000 temp: 1000000.0 exponent: 0.9 eif: 300.0
time taken (sec): 7620.239742279053
number of iterations: 90967960
final temperature: 269.72160559060796
og index list: [67, 29, 22, 28, 77, 34, 71, 73, 57, 75, 56, 25, 24, 40, 39, 61, 44, 27, 50, 9, 49, 7, 74, 12, 51, 11, 46, 48, 78, 60, 31, 53, 33, 23, 55, 42, 6, 79, 54, 15, 35, 59, 18, 32, 38, 41, 19, 14, 5, 63, 1, 66, 43, 52, 70, 65, 45, 68, 37, 16, 72, 47, 4, 76, 13, 8, 26, 0, 10, 62, 21, 30, 2, 36, 69, 64, 58, 3, 20, 17]
og index list energy: 129342717.14061232
index list: [72, 1, 2, 3, 4, 5, 6, 7, 8, 9, 10, 11, 12, 13, 49, 14, 15, 16, 78, 17, 18, 19, 20, 21, 22, 23, 24, 25, 26, 27, 28, 29, 30, 31, 32, 74, 33, 34, 35, 36, 37, 38, 39, 40, 41, 75, 42, 43, 44, 45, 46, 47, 48, 77, 50, 51, 52, 53, 54, 55, 56, 57, 58, 76, 59, 60, 61, 62, 63, 64, 65, 66, 67, 68, 69, 79, 70, 71, 0, 73]
index list energy: 152290.42158758297
Done


program ended at: 2020-03-30 09:19:23.206392 
 time delta: 11:57:59.922451
