## SLURM PROLOG ###############################################################
##    Job ID : 11508608
##  Job Name : verifying_2np4_works
##  Nodelist : node1324
##      CPUs : 1
##  Mem/Node : 1024 MB
## Directory : /gpfs/data/nfawzi/skale/Fawzi_pycharm_project
##   Started : Sun Mar 29 21:21:23 EDT 2020
###############################################################################
program started at:2020-03-29 21:21:24.076073
iterations: 100000000 temp: 1000000.0 exponent: 0.9 eif: 300.0
time taken (sec): 8313.763032913208
number of iterations: 100000000
final temperature: 159.26791088519815
og index list: [4, 78, 72, 59, 32, 21, 7, 55, 76, 36, 71, 68, 11, 15, 54, 56, 33, 14, 61, 1, 37, 43, 50, 75, 69, 8, 47, 41, 3, 66, 0, 58, 29, 74, 30, 10, 39, 64, 13, 52, 23, 16, 17, 27, 46, 60, 20, 31, 53, 45, 26, 25, 5, 48, 18, 79, 34, 2, 44, 9, 51, 6, 42, 77, 70, 35, 12, 49, 38, 24, 67, 40, 62, 57, 19, 63, 65, 22, 28, 73]
og index list energy: 134214310.33632796
index list: [72, 1, 2, 3, 4, 5, 6, 7, 8, 9, 10, 11, 12, 13, 75, 14, 15, 16, 74, 17, 18, 19, 20, 21, 22, 23, 24, 25, 26, 27, 28, 29, 30, 31, 32, 77, 33, 34, 35, 36, 37, 38, 39, 40, 41, 78, 42, 43, 44, 45, 46, 47, 48, 79, 50, 51, 52, 53, 54, 55, 56, 57, 58, 49, 59, 60, 61, 62, 63, 64, 65, 66, 67, 68, 69, 76, 70, 71, 0, 73]
index list energy: 152290.42158758297
Done


iterations: 100000000 temp: 1000000.0 exponent: 0.9 eif: 300.0
time taken (sec): 8314.80626320839
number of iterations: 100000000
final temperature: 159.26791088519815
og index list: [79, 10, 50, 33, 55, 23, 25, 58, 76, 69, 74, 44, 29, 19, 47, 57, 13, 60, 1, 11, 40, 63, 15, 0, 20, 52, 71, 26, 64, 66, 51, 61, 16, 4, 73, 68, 53, 49, 43, 28, 31, 39, 75, 12, 6, 77, 46, 38, 65, 27, 22, 72, 17, 35, 70, 54, 2, 42, 32, 21, 41, 9, 59, 48, 62, 78, 14, 7, 37, 45, 36, 67, 18, 34, 5, 24, 8, 3, 56, 30]
og index list energy: 136629917.8512608
index list: [0, 1, 2, 3, 4, 5, 6, 7, 8, 9, 10, 11, 12, 13, 74, 14, 15, 16, 75, 17, 18, 19, 20, 21, 22, 23, 24, 25, 26, 27, 28, 29, 30, 31, 32, 77, 33, 34, 35, 36, 37, 38, 39, 40, 41, 71, 78, 43, 44, 45, 46, 47, 48, 49, 50, 51, 52, 53, 54, 55, 56, 57, 58, 79, 59, 60, 61, 62, 63, 64, 65, 66, 67, 68, 69, 70, 76, 42, 72, 73]
index list energy: 160117.70127390913
Done


iterations: 100000000 temp: 1000000.0 exponent: 0.9 eif: 300.0
time taken (sec): 8068.450851678848
number of iterations: 100000000
final temperature: 159.26791088519815
og index list: [76, 54, 14, 78, 51, 6, 49, 12, 52, 22, 43, 45, 8, 75, 7, 62, 26, 66, 72, 17, 29, 16, 31, 36, 27, 61, 57, 59, 3, 55, 30, 37, 5, 38, 46, 64, 77, 50, 56, 33, 60, 25, 47, 71, 44, 69, 15, 10, 21, 9, 20, 53, 11, 35, 1, 48, 39, 24, 13, 18, 73, 79, 74, 2, 58, 4, 67, 0, 63, 70, 28, 32, 34, 40, 68, 42, 65, 41, 23, 19]
og index list energy: 166903009.67842257
index list: [72, 1, 2, 3, 4, 5, 6, 7, 8, 9, 10, 11, 12, 13, 76, 14, 15, 16, 77, 17, 18, 19, 20, 21, 22, 23, 24, 25, 26, 27, 28, 29, 30, 31, 32, 75, 33, 34, 35, 36, 37, 38, 39, 40, 41, 78, 42, 43, 44, 45, 46, 47, 48, 49, 50, 51, 52, 53, 54, 55, 56, 57, 58, 79, 59, 60, 61, 62, 63, 64, 65, 66, 67, 68, 69, 74, 70, 71, 0, 73]
index list energy: 151991.621587583
Done


iterations: 100000000 temp: 1000000.0 exponent: 0.9 eif: 300.0
time taken (sec): 8055.701620817184
number of iterations: 100000000
final temperature: 159.26791088519815
og index list: [23, 16, 11, 61, 40, 57, 62, 68, 73, 37, 60, 29, 70, 2, 24, 5, 27, 25, 56, 17, 19, 49, 7, 54, 15, 47, 69, 31, 6, 14, 51, 66, 71, 21, 75, 39, 55, 44, 4, 53, 43, 48, 0, 33, 58, 52, 9, 36, 59, 32, 79, 72, 22, 41, 38, 18, 78, 77, 64, 34, 20, 12, 65, 28, 26, 67, 30, 1, 76, 50, 46, 42, 35, 10, 63, 8, 13, 74, 45, 3]
og index list energy: 162726702.1463231
index list: [72, 1, 2, 3, 4, 5, 6, 7, 8, 9, 10, 11, 12, 13, 78, 14, 15, 16, 74, 17, 18, 19, 20, 21, 22, 23, 24, 25, 26, 27, 28, 29, 30, 31, 32, 76, 33, 34, 35, 36, 37, 38, 39, 40, 41, 77, 42, 43, 44, 45, 46, 47, 48, 75, 50, 51, 52, 53, 54, 55, 56, 57, 58, 49, 59, 60, 61, 62, 63, 64, 65, 66, 67, 68, 69, 79, 70, 71, 0, 73]
index list energy: 152290.42158758297
Done


iterations: 100000000 temp: 1000000.0 exponent: 0.9 eif: 300.0
time taken (sec): 8128.8302409648895
number of iterations: 100000000
final temperature: 159.26791088519815
og index list: [19, 36, 34, 45, 17, 25, 1, 8, 18, 58, 27, 55, 2, 43, 15, 72, 11, 16, 61, 70, 33, 73, 32, 59, 51, 10, 71, 56, 66, 57, 22, 44, 60, 65, 77, 14, 13, 30, 9, 6, 0, 64, 23, 29, 75, 67, 42, 39, 48, 12, 53, 26, 21, 69, 3, 41, 28, 76, 62, 40, 7, 79, 68, 74, 5, 37, 63, 47, 20, 52, 49, 78, 35, 31, 54, 46, 38, 50, 4, 24]
og index list energy: 142784822.46488756
index list: [0, 1, 2, 3, 4, 5, 6, 7, 8, 9, 10, 11, 12, 13, 49, 14, 15, 16, 75, 17, 18, 19, 20, 21, 22, 23, 24, 25, 26, 27, 28, 29, 30, 31, 32, 77, 33, 34, 35, 36, 37, 38, 39, 40, 41, 71, 74, 43, 44, 45, 46, 47, 48, 79, 50, 51, 52, 53, 54, 55, 56, 57, 58, 76, 59, 60, 61, 62, 63, 64, 65, 66, 67, 68, 69, 70, 78, 42, 72, 73]
index list energy: 160416.50127390915
Done


iterations: 100000000 temp: 1000000.0 exponent: 0.9 eif: 300.0
time taken (sec): 2198.3150129318237
number of iterations: 38489987
final temperature: 11972.515182562027
og index list: [45, 1, 2, 12, 73, 52, 25, 22, 66, 67, 71, 30, 64, 36, 53, 9, 75, 65, 38, 6, 61, 8, 62, 11, 55, 34, 37, 58, 46, 32, 40, 7, 28, 54, 59, 79, 56, 50, 20, 68, 69, 57, 21, 5, 18, 33, 13, 48, 26, 63, 49, 78, 72, 16, 29, 17, 77, 44, 60, 27, 10, 19, 23, 70, 47, 31, 74, 43, 0, 24, 41, 3, 51, 39, 76, 42, 35, 15, 14, 4]
og index list energy: 127837534.61740261
index list: [72, 1, 2, 3, 4, 5, 6, 7, 8, 9, 10, 11, 12, 13, 77, 14, 15, 16, 74, 17, 18, 19, 20, 21, 22, 23, 24, 25, 26, 27, 28, 29, 30, 31, 32, 79, 33, 34, 35, 36, 37, 38, 39, 40, 41, 75, 42, 43, 44, 45, 46, 47, 48, 49, 50, 51, 52, 53, 54, 55, 56, 78, 58, 76, 59, 60, 61, 62, 63, 64, 65, 66, 67, 68, 69, 70, 71, 57, 0, 73]
index list energy: 185065.59961510258
Done


program ended at: 2020-03-30 09:19:24.071237 
 time delta: 11:57:59.995164
