## SLURM PROLOG ###############################################################
##    Job ID : 11508612
##  Job Name : verifying_2np4_works
##  Nodelist : node1162
##      CPUs : 1
##  Mem/Node : 1024 MB
## Directory : /gpfs/data/nfawzi/skale/Fawzi_pycharm_project
##   Started : Sun Mar 29 21:21:22 EDT 2020
###############################################################################
program started at:2020-03-29 21:21:22.562807
iterations: 100000000 temp: 1000000.0 exponent: 0.9 eif: 300.0
time taken (sec): 8817.136926651001
number of iterations: 100000000
final temperature: 159.26791088519815
og index list: [0, 43, 39, 78, 36, 19, 35, 73, 20, 45, 5, 42, 79, 44, 17, 77, 69, 29, 67, 13, 30, 34, 28, 14, 71, 38, 51, 11, 60, 70, 64, 32, 63, 52, 68, 40, 56, 37, 59, 57, 62, 76, 27, 75, 25, 50, 58, 9, 22, 12, 21, 1, 47, 46, 2, 41, 18, 65, 31, 8, 26, 23, 6, 49, 7, 3, 10, 33, 53, 24, 54, 74, 55, 66, 15, 4, 16, 61, 72, 48]
og index list energy: 143484972.71649444
index list: [72, 1, 2, 3, 4, 5, 6, 7, 8, 9, 10, 11, 12, 13, 75, 14, 15, 16, 76, 17, 18, 19, 20, 21, 22, 23, 24, 25, 26, 27, 28, 29, 30, 31, 32, 77, 33, 34, 35, 36, 37, 38, 39, 40, 41, 78, 42, 43, 44, 45, 46, 47, 48, 49, 50, 51, 52, 53, 54, 55, 56, 57, 58, 79, 59, 60, 61, 62, 63, 64, 65, 66, 67, 68, 69, 74, 70, 71, 0, 73]
index list energy: 151991.621587583
Done


iterations: 100000000 temp: 1000000.0 exponent: 0.9 eif: 300.0
time taken (sec): 8574.591751337051
number of iterations: 100000000
final temperature: 159.26791088519815
og index list: [17, 20, 49, 69, 76, 66, 64, 11, 2, 53, 8, 29, 37, 12, 65, 36, 73, 14, 75, 19, 45, 6, 40, 78, 54, 15, 56, 16, 61, 58, 1, 18, 30, 0, 3, 31, 47, 7, 27, 13, 63, 23, 51, 55, 38, 33, 72, 50, 57, 74, 32, 28, 10, 22, 67, 48, 60, 68, 9, 44, 24, 46, 4, 77, 39, 21, 59, 71, 62, 35, 42, 34, 79, 5, 25, 52, 70, 26, 41, 43]
og index list energy: 142792817.6831212
index list: [72, 1, 2, 3, 4, 5, 6, 7, 8, 9, 10, 11, 12, 13, 77, 14, 15, 16, 79, 17, 18, 19, 20, 21, 22, 23, 24, 25, 26, 27, 28, 29, 30, 31, 32, 75, 33, 34, 35, 36, 37, 38, 39, 40, 41, 78, 42, 43, 44, 45, 46, 47, 48, 74, 50, 51, 52, 53, 54, 55, 56, 57, 58, 49, 59, 60, 61, 62, 63, 64, 65, 66, 67, 68, 69, 76, 70, 71, 0, 73]
index list energy: 152290.42158758297
Done


iterations: 100000000 temp: 1000000.0 exponent: 0.9 eif: 300.0
time taken (sec): 9668.327791452408
number of iterations: 100000000
final temperature: 159.26791088519815
og index list: [62, 52, 30, 44, 12, 33, 41, 23, 37, 24, 39, 51, 5, 1, 47, 26, 16, 3, 63, 74, 53, 59, 56, 17, 6, 36, 35, 57, 25, 54, 69, 76, 75, 61, 64, 15, 22, 55, 70, 71, 66, 0, 18, 50, 19, 46, 73, 72, 68, 4, 40, 28, 31, 7, 77, 29, 65, 49, 2, 42, 27, 11, 48, 67, 58, 13, 20, 21, 8, 32, 9, 78, 45, 38, 60, 43, 10, 79, 34, 14]
og index list energy: 146747521.76979667
index list: [72, 1, 2, 3, 4, 5, 6, 7, 8, 9, 10, 11, 12, 13, 76, 14, 15, 16, 77, 17, 18, 19, 20, 21, 22, 23, 24, 25, 26, 27, 28, 29, 30, 31, 32, 75, 33, 34, 35, 36, 37, 38, 39, 40, 41, 49, 42, 43, 44, 45, 46, 47, 48, 79, 50, 51, 52, 53, 54, 55, 56, 57, 58, 74, 59, 60, 61, 62, 63, 64, 65, 66, 67, 68, 69, 78, 70, 71, 0, 73]
index list energy: 152290.42158758297
Done


iterations: 100000000 temp: 1000000.0 exponent: 0.9 eif: 300.0
time taken (sec): 10023.18661904335
number of iterations: 100000000
final temperature: 159.26791088519815
og index list: [73, 1, 77, 41, 7, 61, 18, 13, 33, 36, 75, 16, 6, 31, 29, 43, 12, 21, 78, 38, 39, 35, 62, 22, 52, 67, 74, 19, 70, 58, 5, 65, 54, 66, 24, 53, 59, 9, 23, 71, 26, 79, 69, 2, 47, 25, 3, 11, 30, 0, 56, 51, 15, 37, 8, 42, 60, 55, 68, 76, 49, 27, 4, 48, 64, 20, 63, 34, 50, 72, 14, 40, 46, 32, 44, 17, 28, 10, 57, 45]
og index list energy: 143590600.29249704
index list: [0, 1, 2, 3, 4, 5, 6, 7, 8, 9, 10, 11, 12, 13, 76, 14, 15, 16, 75, 17, 18, 19, 20, 21, 22, 23, 24, 25, 26, 27, 28, 29, 30, 31, 32, 79, 33, 34, 35, 36, 37, 38, 39, 40, 41, 74, 42, 43, 44, 45, 46, 47, 48, 78, 50, 51, 52, 53, 54, 55, 56, 57, 58, 77, 59, 60, 61, 62, 63, 64, 65, 66, 67, 68, 69, 70, 71, 49, 72, 73]
index list energy: 152293.52169419697
Done


iterations: 100000000 temp: 1000000.0 exponent: 0.9 eif: 300.0
time taken (sec): 5996.622886419296
number of iterations: 73221211
final temperature: 773.5540101454294
og index list: [1, 5, 44, 64, 27, 0, 54, 26, 69, 45, 21, 50, 53, 66, 31, 23, 25, 68, 20, 79, 13, 62, 32, 43, 52, 15, 75, 35, 24, 14, 41, 58, 40, 33, 51, 7, 77, 22, 56, 12, 29, 72, 38, 78, 30, 2, 9, 19, 74, 47, 36, 60, 71, 34, 49, 39, 76, 59, 17, 16, 11, 73, 10, 4, 28, 48, 6, 57, 63, 3, 55, 65, 18, 42, 46, 70, 67, 61, 8, 37]
og index list energy: 135947547.07474917
index list: [72, 1, 2, 3, 4, 5, 6, 7, 8, 9, 10, 11, 12, 13, 79, 14, 15, 16, 74, 17, 18, 19, 20, 21, 22, 23, 24, 25, 26, 27, 28, 29, 30, 31, 32, 76, 33, 34, 35, 36, 37, 38, 39, 40, 41, 49, 42, 43, 44, 45, 46, 47, 48, 75, 50, 51, 52, 53, 54, 55, 56, 57, 58, 77, 59, 60, 61, 62, 63, 64, 65, 66, 67, 68, 69, 78, 70, 71, 0, 73]
index list energy: 152290.42158758297
Done


program ended at: 2020-03-30 09:19:22.558109 
 time delta: 11:57:59.995302
