## SLURM PROLOG ###############################################################
##    Job ID : 11508613
##  Job Name : verifying_2np4_works
##  Nodelist : node1144
##      CPUs : 1
##  Mem/Node : 1024 MB
## Directory : /gpfs/data/nfawzi/skale/Fawzi_pycharm_project
##   Started : Sun Mar 29 21:21:55 EDT 2020
###############################################################################
program started at:2020-03-29 21:21:55.644198
iterations: 100000000 temp: 1000000.0 exponent: 0.9 eif: 300.0
time taken (sec): 8075.986613273621
number of iterations: 100000000
final temperature: 159.26791088519815
og index list: [61, 63, 33, 27, 39, 12, 56, 14, 13, 57, 20, 49, 41, 74, 8, 79, 15, 42, 18, 24, 60, 53, 9, 58, 46, 2, 26, 78, 66, 55, 68, 65, 52, 34, 47, 71, 16, 38, 7, 37, 72, 30, 77, 45, 5, 76, 1, 62, 21, 59, 70, 22, 36, 67, 19, 40, 73, 48, 44, 32, 31, 25, 4, 54, 3, 6, 69, 10, 23, 17, 35, 29, 28, 0, 51, 43, 50, 75, 64, 11]
og index list energy: 135723052.86210045
index list: [72, 1, 2, 3, 4, 5, 6, 7, 8, 9, 10, 11, 12, 13, 77, 14, 15, 16, 74, 17, 18, 19, 20, 21, 22, 23, 24, 25, 26, 27, 28, 29, 30, 31, 32, 49, 33, 34, 35, 36, 37, 38, 39, 40, 41, 75, 42, 43, 44, 45, 46, 47, 48, 79, 50, 51, 52, 53, 54, 55, 56, 57, 58, 78, 59, 60, 61, 62, 63, 64, 65, 66, 67, 68, 69, 70, 71, 0, 76, 73]
index list energy: 154829.82947353355
Done


iterations: 100000000 temp: 1000000.0 exponent: 0.9 eif: 300.0
time taken (sec): 7861.982349872589
number of iterations: 100000000
final temperature: 159.26791088519815
og index list: [5, 67, 69, 57, 41, 25, 38, 44, 59, 1, 60, 24, 19, 75, 56, 52, 49, 71, 12, 31, 39, 11, 29, 7, 58, 63, 72, 53, 47, 4, 43, 26, 28, 78, 22, 40, 21, 8, 50, 62, 17, 76, 6, 13, 9, 77, 54, 33, 0, 14, 18, 51, 45, 61, 68, 74, 36, 64, 23, 20, 70, 35, 15, 10, 46, 55, 66, 79, 2, 16, 3, 48, 65, 34, 32, 30, 37, 73, 27, 42]
og index list energy: 126647371.70529409
index list: [0, 1, 2, 3, 4, 5, 6, 7, 8, 9, 10, 11, 12, 13, 79, 14, 15, 16, 49, 17, 18, 19, 20, 21, 22, 23, 24, 25, 26, 27, 28, 29, 30, 31, 32, 77, 33, 34, 35, 36, 37, 38, 39, 40, 41, 78, 42, 43, 44, 45, 46, 47, 48, 75, 50, 51, 52, 53, 54, 55, 56, 57, 58, 74, 59, 60, 61, 62, 63, 64, 65, 66, 67, 68, 69, 70, 71, 76, 72, 73]
index list energy: 152293.52169419697
Done


iterations: 100000000 temp: 1000000.0 exponent: 0.9 eif: 300.0
time taken (sec): 7113.192090034485
number of iterations: 100000000
final temperature: 159.26791088519815
og index list: [65, 21, 76, 38, 75, 23, 27, 31, 64, 6, 37, 40, 19, 55, 72, 74, 17, 60, 29, 12, 78, 56, 30, 3, 69, 66, 34, 20, 53, 11, 7, 13, 67, 5, 39, 16, 0, 79, 18, 41, 70, 77, 42, 73, 8, 71, 51, 25, 57, 68, 15, 47, 10, 26, 54, 49, 22, 61, 35, 28, 62, 32, 24, 33, 46, 63, 4, 36, 9, 1, 58, 45, 14, 2, 50, 44, 43, 52, 48, 59]
og index list energy: 213389365.64504957
index list: [0, 1, 2, 3, 4, 5, 6, 7, 8, 9, 10, 11, 12, 13, 76, 14, 15, 16, 75, 17, 18, 19, 20, 21, 22, 23, 24, 25, 26, 27, 28, 29, 30, 31, 32, 49, 33, 34, 35, 36, 37, 38, 39, 40, 41, 74, 42, 43, 44, 45, 46, 47, 48, 77, 50, 51, 52, 53, 54, 55, 56, 57, 58, 78, 59, 60, 61, 62, 63, 64, 65, 66, 67, 68, 69, 70, 71, 79, 72, 73]
index list energy: 152293.52169419697
Done


iterations: 100000000 temp: 1000000.0 exponent: 0.9 eif: 300.0
time taken (sec): 7771.1691789627075
number of iterations: 100000000
final temperature: 159.26791088519815
og index list: [35, 37, 44, 68, 10, 15, 33, 3, 27, 58, 78, 50, 30, 0, 43, 47, 54, 55, 39, 23, 22, 57, 32, 70, 18, 29, 53, 14, 8, 61, 4, 9, 51, 77, 21, 26, 17, 12, 46, 63, 34, 56, 73, 45, 64, 16, 79, 69, 19, 24, 38, 41, 42, 59, 28, 62, 72, 60, 13, 7, 5, 1, 25, 2, 71, 75, 40, 67, 52, 31, 6, 20, 74, 49, 65, 36, 76, 48, 11, 66]
og index list energy: 147161000.36012843
index list: [0, 1, 2, 3, 4, 5, 6, 7, 8, 9, 10, 11, 12, 13, 49, 14, 15, 16, 77, 17, 18, 19, 20, 21, 22, 23, 24, 25, 26, 27, 28, 29, 30, 31, 32, 75, 33, 34, 35, 36, 37, 38, 39, 40, 41, 76, 42, 43, 44, 45, 46, 47, 48, 78, 50, 51, 52, 53, 54, 55, 56, 57, 58, 79, 59, 60, 61, 62, 63, 64, 65, 66, 67, 68, 69, 70, 71, 74, 72, 73]
index list energy: 152293.52169419697
Done


iterations: 100000000 temp: 1000000.0 exponent: 0.9 eif: 300.0
time taken (sec): 7684.079600095749
number of iterations: 100000000
final temperature: 159.26791088519815
og index list: [61, 74, 14, 77, 41, 27, 57, 52, 59, 32, 37, 79, 30, 78, 35, 63, 1, 47, 48, 11, 17, 67, 43, 34, 22, 66, 13, 71, 15, 51, 69, 62, 44, 18, 36, 39, 54, 29, 28, 45, 10, 0, 42, 58, 38, 68, 73, 5, 7, 33, 65, 20, 40, 26, 49, 16, 53, 64, 31, 76, 8, 46, 21, 19, 3, 6, 4, 12, 25, 55, 70, 50, 56, 23, 72, 60, 75, 24, 9, 2]
og index list energy: 120686675.94493508
index list: [72, 1, 2, 3, 4, 5, 6, 7, 8, 9, 10, 11, 12, 13, 76, 14, 15, 16, 77, 17, 18, 19, 20, 21, 22, 23, 24, 25, 26, 27, 28, 29, 30, 31, 32, 78, 33, 34, 35, 36, 37, 38, 39, 40, 41, 74, 42, 43, 44, 45, 46, 47, 48, 49, 50, 51, 52, 53, 54, 55, 56, 57, 58, 75, 59, 60, 61, 62, 63, 64, 65, 66, 67, 68, 69, 79, 70, 71, 0, 73]
index list energy: 151991.621587583
Done


iterations: 100000000 temp: 1000000.0 exponent: 0.9 eif: 300.0
time taken (sec): 4573.458250999451
number of iterations: 63665678
final temperature: 1617.3092699229896
og index list: [69, 75, 77, 20, 40, 6, 59, 37, 54, 29, 13, 33, 64, 22, 55, 4, 72, 0, 52, 9, 31, 74, 11, 44, 73, 7, 15, 71, 25, 27, 32, 49, 16, 58, 56, 39, 70, 63, 61, 53, 28, 60, 79, 41, 48, 23, 67, 26, 35, 17, 2, 43, 8, 19, 62, 66, 10, 3, 21, 65, 78, 46, 36, 68, 14, 18, 45, 38, 12, 5, 51, 76, 30, 42, 34, 50, 47, 24, 1, 57]
og index list energy: 135681024.66222692
index list: [0, 1, 2, 3, 4, 5, 6, 7, 8, 9, 10, 11, 12, 13, 75, 14, 15, 16, 78, 17, 18, 19, 20, 21, 22, 23, 24, 25, 26, 27, 28, 29, 30, 31, 32, 76, 33, 34, 35, 36, 37, 38, 39, 40, 41, 77, 42, 43, 44, 45, 46, 47, 48, 49, 50, 51, 52, 53, 54, 55, 56, 57, 58, 74, 59, 60, 61, 62, 63, 64, 65, 66, 67, 68, 69, 70, 71, 79, 72, 73]
index list energy: 151994.72169419698
Done


program ended at: 2020-03-30 09:19:55.638419 
 time delta: 11:57:59.994221
