## SLURM PROLOG ###############################################################
##    Job ID : 11508607
##  Job Name : verifying_2np4_works
##  Nodelist : node1324
##      CPUs : 1
##  Mem/Node : 1024 MB
## Directory : /gpfs/data/nfawzi/skale/Fawzi_pycharm_project
##   Started : Sun Mar 29 21:21:22 EDT 2020
###############################################################################
program started at:2020-03-29 21:21:23.257556
iterations: 100000000 temp: 1000000.0 exponent: 0.9 eif: 300.0
time taken (sec): 8615.668732404709
number of iterations: 100000000
final temperature: 159.26791088519815
og index list: [56, 75, 2, 65, 4, 13, 39, 45, 40, 59, 51, 69, 76, 41, 64, 58, 37, 57, 8, 47, 25, 34, 36, 70, 42, 11, 71, 55, 9, 52, 19, 78, 35, 30, 0, 5, 3, 73, 49, 14, 61, 6, 20, 16, 60, 50, 26, 23, 74, 17, 7, 53, 68, 72, 12, 31, 29, 38, 33, 18, 77, 67, 62, 32, 22, 63, 79, 24, 48, 28, 15, 10, 66, 44, 1, 54, 43, 21, 46, 27]
og index list energy: 121019387.30835703
index list: [0, 1, 2, 3, 4, 5, 6, 7, 8, 9, 10, 11, 12, 13, 76, 14, 15, 16, 79, 17, 18, 19, 20, 21, 22, 23, 24, 25, 26, 27, 28, 29, 30, 31, 32, 49, 33, 34, 35, 36, 37, 38, 39, 40, 41, 78, 42, 43, 44, 45, 46, 47, 48, 74, 50, 51, 52, 53, 54, 55, 56, 57, 58, 77, 59, 60, 61, 62, 63, 64, 65, 66, 67, 68, 69, 70, 71, 75, 72, 73]
index list energy: 152293.52169419697
Done


iterations: 100000000 temp: 1000000.0 exponent: 0.9 eif: 300.0
time taken (sec): 8513.19206237793
number of iterations: 100000000
final temperature: 159.26791088519815
og index list: [75, 59, 49, 70, 20, 14, 13, 36, 26, 4, 53, 78, 22, 60, 46, 16, 37, 66, 69, 43, 55, 47, 30, 45, 42, 8, 0, 68, 23, 50, 10, 41, 56, 62, 40, 63, 58, 52, 18, 11, 7, 1, 34, 3, 57, 71, 79, 76, 25, 5, 73, 35, 31, 6, 28, 39, 48, 32, 38, 27, 67, 65, 29, 17, 72, 2, 54, 15, 51, 61, 21, 12, 9, 24, 19, 74, 77, 64, 33, 44]
og index list energy: 162180132.3112434
index list: [0, 1, 2, 3, 4, 5, 6, 7, 8, 9, 10, 11, 12, 13, 75, 14, 15, 16, 77, 17, 18, 19, 20, 21, 22, 23, 24, 25, 26, 27, 28, 29, 30, 31, 32, 74, 33, 34, 35, 36, 37, 38, 39, 40, 41, 76, 42, 43, 44, 45, 46, 47, 48, 78, 50, 51, 52, 53, 54, 55, 56, 57, 58, 49, 59, 60, 61, 62, 63, 64, 65, 66, 67, 68, 69, 70, 71, 79, 72, 73]
index list energy: 152293.52169419697
Done


iterations: 100000000 temp: 1000000.0 exponent: 0.9 eif: 300.0
time taken (sec): 8435.655749320984
number of iterations: 100000000
final temperature: 159.26791088519815
og index list: [70, 77, 37, 69, 11, 53, 59, 22, 46, 79, 60, 4, 32, 10, 45, 34, 62, 12, 18, 8, 15, 66, 41, 47, 29, 51, 67, 6, 76, 5, 44, 56, 16, 52, 31, 71, 74, 40, 23, 0, 42, 50, 17, 49, 33, 24, 2, 3, 14, 48, 68, 21, 61, 28, 57, 27, 1, 35, 9, 26, 58, 75, 38, 39, 73, 65, 30, 20, 78, 43, 54, 25, 36, 63, 19, 13, 7, 55, 72, 64]
og index list energy: 151964334.41595703
index list: [0, 1, 2, 3, 4, 5, 6, 7, 8, 9, 10, 11, 12, 13, 76, 14, 15, 16, 78, 17, 18, 19, 20, 21, 22, 23, 24, 25, 26, 27, 28, 29, 30, 31, 32, 74, 33, 34, 35, 36, 37, 38, 39, 40, 41, 49, 42, 43, 44, 45, 46, 47, 48, 79, 50, 51, 52, 53, 54, 55, 56, 57, 58, 77, 59, 60, 61, 62, 63, 64, 65, 66, 67, 68, 69, 70, 71, 75, 72, 73]
index list energy: 152293.52169419697
Done


iterations: 100000000 temp: 1000000.0 exponent: 0.9 eif: 300.0
time taken (sec): 8146.820442676544
number of iterations: 100000000
final temperature: 159.26791088519815
og index list: [9, 50, 23, 3, 59, 12, 40, 22, 63, 13, 58, 0, 30, 73, 48, 26, 41, 44, 2, 45, 4, 70, 49, 74, 36, 11, 6, 16, 55, 47, 7, 27, 25, 33, 68, 56, 64, 61, 18, 31, 43, 42, 10, 38, 54, 21, 71, 75, 8, 34, 76, 79, 28, 39, 24, 72, 78, 19, 29, 66, 69, 1, 20, 5, 52, 62, 60, 14, 67, 15, 17, 53, 35, 37, 32, 51, 77, 65, 57, 46]
og index list energy: 143410529.9106178
index list: [72, 1, 2, 3, 4, 5, 6, 7, 8, 9, 10, 11, 12, 13, 77, 14, 15, 16, 76, 17, 18, 19, 20, 21, 22, 23, 24, 25, 26, 27, 28, 29, 30, 31, 32, 78, 33, 34, 35, 36, 37, 38, 39, 40, 41, 74, 42, 43, 44, 45, 46, 47, 48, 49, 50, 51, 52, 53, 54, 55, 56, 57, 58, 79, 59, 60, 61, 62, 63, 64, 65, 66, 67, 68, 69, 75, 70, 71, 0, 73]
index list energy: 151991.621587583
Done


iterations: 100000000 temp: 1000000.0 exponent: 0.9 eif: 300.0
time taken (sec): 8419.221118927002
number of iterations: 100000000
final temperature: 159.26791088519815
og index list: [5, 60, 77, 24, 63, 4, 20, 46, 61, 45, 11, 22, 44, 15, 50, 26, 9, 70, 21, 51, 37, 54, 7, 79, 58, 1, 64, 62, 72, 33, 48, 47, 59, 66, 32, 40, 38, 27, 14, 41, 53, 55, 42, 39, 18, 65, 23, 13, 52, 35, 67, 29, 16, 31, 34, 78, 49, 6, 8, 68, 74, 3, 2, 36, 76, 73, 17, 43, 10, 25, 30, 0, 71, 28, 56, 12, 69, 75, 19, 57]
og index list energy: 143354780.48982453
index list: [0, 1, 2, 3, 4, 5, 6, 7, 8, 9, 10, 11, 12, 13, 49, 14, 15, 16, 79, 17, 18, 19, 20, 21, 22, 23, 24, 25, 26, 27, 28, 29, 30, 31, 32, 76, 33, 34, 35, 36, 37, 38, 39, 40, 41, 78, 42, 43, 44, 45, 46, 47, 48, 77, 50, 51, 52, 53, 54, 55, 56, 57, 58, 74, 59, 60, 61, 62, 63, 64, 65, 66, 67, 68, 69, 70, 71, 75, 72, 73]
index list energy: 152293.52169419697
Done


iterations: 100000000 temp: 1000000.0 exponent: 0.9 eif: 300.0
time taken (sec): 949.2630572319031
number of iterations: 20863195
final temperature: 79766.44307687254
og index list: [53, 66, 11, 67, 18, 49, 28, 79, 34, 2, 1, 65, 50, 5, 55, 16, 71, 57, 59, 6, 62, 27, 42, 74, 58, 19, 36, 17, 77, 75, 3, 73, 4, 52, 9, 45, 56, 64, 37, 76, 35, 46, 24, 70, 32, 41, 78, 23, 54, 22, 10, 60, 12, 14, 25, 7, 51, 29, 61, 69, 15, 40, 47, 39, 68, 43, 48, 72, 38, 0, 8, 21, 13, 30, 20, 63, 26, 31, 44, 33]
og index list energy: 220865169.40261373
index list: [6, 7, 8, 72, 41, 77, 56, 66, 17, 18, 54, 55, 5, 69, 14, 24, 25, 52, 1, 2, 9, 10, 11, 21, 22, 23, 53, 3, 26, 27, 28, 29, 30, 31, 44, 45, 48, 34, 35, 70, 64, 65, 13, 49, 12, 76, 43, 58, 79, 19, 40, 32, 47, 50, 51, 67, 4, 15, 36, 37, 38, 39, 20, 75, 59, 60, 61, 62, 63, 0, 73, 68, 74, 46, 71, 57, 16, 78, 42, 33]
index list energy: 3675054.594300021
Done


program ended at: 2020-03-30 09:19:23.203901 
 time delta: 11:57:59.946345
