## SLURM PROLOG ###############################################################
##    Job ID : 11508627
##  Job Name : verifying_2np4_works
##  Nodelist : node1140
##      CPUs : 1
##  Mem/Node : 1024 MB
## Directory : /gpfs/data/nfawzi/skale/Fawzi_pycharm_project
##   Started : Sun Mar 29 21:21:24 EDT 2020
###############################################################################
program started at:2020-03-29 21:21:24.346829
iterations: 100000000 temp: 1000000.0 exponent: 0.9 eif: 300.0
time taken (sec): 9307.049011230469
number of iterations: 100000000
final temperature: 159.26791088519815
og index list: [26, 41, 40, 43, 51, 74, 23, 49, 21, 48, 62, 54, 46, 27, 59, 36, 53, 29, 15, 37, 25, 24, 52, 71, 16, 30, 76, 5, 65, 44, 8, 19, 28, 69, 79, 61, 10, 42, 9, 68, 3, 67, 12, 60, 6, 7, 58, 35, 50, 56, 13, 77, 20, 1, 11, 78, 57, 32, 2, 18, 64, 66, 4, 22, 47, 75, 70, 39, 33, 17, 31, 34, 72, 14, 63, 73, 45, 0, 38, 55]
og index list energy: 144511208.58923995
index list: [72, 1, 2, 3, 4, 5, 6, 7, 8, 9, 10, 11, 12, 13, 76, 14, 15, 16, 77, 17, 18, 19, 20, 21, 22, 23, 24, 25, 26, 27, 28, 29, 30, 31, 32, 49, 33, 34, 35, 36, 37, 38, 39, 40, 41, 79, 42, 43, 44, 45, 46, 47, 48, 75, 50, 51, 52, 53, 54, 55, 56, 57, 58, 78, 59, 60, 61, 62, 63, 64, 65, 66, 67, 68, 69, 74, 70, 71, 0, 73]
index list energy: 152290.42158758297
Done


iterations: 100000000 temp: 1000000.0 exponent: 0.9 eif: 300.0
time taken (sec): 9272.80208158493
number of iterations: 100000000
final temperature: 159.26791088519815
og index list: [60, 29, 70, 43, 74, 15, 7, 27, 62, 44, 40, 25, 3, 34, 68, 67, 50, 51, 35, 31, 48, 19, 6, 13, 23, 76, 10, 61, 58, 18, 53, 46, 17, 49, 24, 55, 78, 4, 0, 79, 59, 38, 42, 28, 54, 11, 14, 1, 21, 20, 47, 63, 12, 41, 32, 9, 73, 66, 77, 64, 71, 16, 22, 5, 52, 2, 56, 30, 72, 69, 33, 45, 57, 65, 8, 26, 75, 37, 36, 39]
og index list energy: 141772978.88617802
index list: [72, 1, 2, 3, 4, 5, 6, 7, 8, 9, 10, 11, 12, 13, 78, 14, 15, 16, 75, 17, 18, 19, 20, 21, 22, 23, 24, 25, 26, 27, 28, 29, 30, 31, 32, 77, 33, 34, 35, 36, 37, 38, 39, 40, 41, 76, 42, 43, 44, 45, 46, 47, 48, 79, 50, 51, 52, 53, 54, 55, 56, 57, 58, 49, 59, 60, 61, 62, 63, 64, 65, 66, 67, 68, 69, 74, 70, 71, 0, 73]
index list energy: 152290.42158758297
Done


iterations: 100000000 temp: 1000000.0 exponent: 0.9 eif: 300.0
time taken (sec): 9731.798159599304
number of iterations: 100000000
final temperature: 159.26791088519815
og index list: [39, 54, 2, 8, 69, 64, 48, 74, 58, 35, 31, 41, 4, 59, 70, 65, 56, 68, 36, 63, 25, 33, 38, 61, 23, 9, 49, 42, 21, 12, 5, 43, 73, 27, 11, 6, 26, 79, 28, 71, 37, 10, 57, 62, 15, 76, 60, 46, 78, 19, 72, 7, 67, 1, 13, 16, 0, 20, 52, 47, 30, 17, 51, 44, 75, 32, 53, 45, 40, 3, 29, 22, 34, 18, 14, 50, 24, 77, 55, 66]
og index list energy: 144697358.21306583
index list: [0, 1, 2, 3, 4, 5, 6, 7, 8, 9, 10, 11, 12, 13, 78, 14, 15, 16, 49, 17, 18, 19, 20, 21, 22, 23, 24, 25, 26, 27, 28, 29, 30, 31, 32, 75, 33, 34, 35, 36, 37, 38, 39, 40, 41, 76, 42, 43, 44, 45, 46, 47, 48, 74, 50, 51, 52, 53, 54, 55, 56, 57, 58, 79, 59, 60, 61, 62, 63, 64, 65, 66, 67, 68, 69, 70, 71, 77, 72, 73]
index list energy: 152293.52169419697
Done


iterations: 100000000 temp: 1000000.0 exponent: 0.9 eif: 300.0
time taken (sec): 8695.191229104996
number of iterations: 100000000
final temperature: 159.26791088519815
og index list: [52, 70, 37, 25, 46, 75, 2, 65, 6, 55, 66, 42, 18, 34, 54, 29, 77, 35, 76, 11, 3, 56, 44, 23, 74, 30, 32, 61, 64, 0, 27, 28, 19, 53, 73, 9, 14, 78, 13, 16, 60, 69, 26, 49, 45, 43, 72, 4, 39, 67, 63, 40, 20, 50, 10, 41, 33, 15, 31, 48, 5, 24, 17, 68, 38, 71, 21, 47, 51, 62, 12, 57, 59, 1, 22, 79, 36, 7, 8, 58]
og index list energy: 94283463.87254505
index list: [72, 1, 2, 3, 4, 5, 6, 7, 8, 9, 10, 11, 12, 13, 49, 14, 15, 16, 78, 17, 18, 19, 20, 21, 22, 23, 24, 25, 26, 27, 28, 29, 30, 31, 32, 79, 33, 34, 35, 36, 37, 38, 39, 40, 41, 74, 42, 43, 44, 45, 46, 47, 48, 76, 50, 51, 52, 53, 54, 55, 56, 57, 58, 77, 59, 60, 61, 62, 63, 64, 65, 66, 67, 68, 69, 75, 70, 71, 0, 73]
index list energy: 152290.42158758297
Done


iterations: 100000000 temp: 1000000.0 exponent: 0.9 eif: 300.0
time taken (sec): 6073.0289516448975
number of iterations: 74361034
final temperature: 696.1986091308864
og index list: [60, 20, 57, 32, 50, 64, 63, 25, 14, 47, 12, 62, 48, 7, 18, 56, 35, 21, 10, 74, 0, 6, 36, 51, 15, 65, 34, 79, 68, 4, 40, 55, 8, 22, 71, 1, 54, 42, 70, 19, 5, 44, 52, 29, 73, 9, 27, 61, 38, 53, 2, 59, 69, 31, 26, 17, 72, 46, 41, 16, 67, 37, 43, 75, 23, 58, 66, 39, 11, 13, 28, 24, 30, 45, 3, 33, 76, 49, 77, 78]
og index list energy: 191455931.1137481
index list: [72, 1, 2, 3, 4, 5, 6, 7, 8, 9, 10, 11, 12, 13, 76, 14, 15, 16, 79, 17, 18, 19, 20, 21, 22, 23, 24, 25, 26, 27, 28, 29, 30, 31, 32, 74, 33, 34, 35, 36, 37, 38, 39, 40, 41, 49, 42, 43, 44, 45, 46, 47, 48, 75, 50, 51, 52, 53, 54, 55, 56, 57, 58, 77, 59, 60, 61, 62, 63, 64, 65, 66, 67, 68, 69, 78, 70, 71, 0, 73]
index list energy: 152290.42158758297
Done


program ended at: 2020-03-30 09:19:24.341143 
 time delta: 11:57:59.994314
