## SLURM PROLOG ###############################################################
##    Job ID : 11508599
##  Job Name : verifying_2np4_works
##  Nodelist : node1315
##      CPUs : 1
##  Mem/Node : 1024 MB
## Directory : /gpfs/data/nfawzi/skale/Fawzi_pycharm_project
##   Started : Sun Mar 29 21:21:21 EDT 2020
###############################################################################
program started at:2020-03-29 21:21:21.738648
iterations: 100000000 temp: 1000000.0 exponent: 0.9 eif: 300.0
time taken (sec): 7583.174792766571
number of iterations: 100000000
final temperature: 159.26791088519815
og index list: [14, 68, 64, 61, 78, 16, 44, 5, 32, 19, 11, 26, 4, 59, 51, 9, 20, 56, 8, 63, 37, 39, 46, 10, 54, 75, 2, 58, 47, 48, 30, 27, 22, 7, 0, 45, 1, 34, 12, 29, 36, 74, 60, 43, 38, 50, 15, 73, 79, 65, 70, 13, 76, 57, 71, 31, 23, 62, 35, 66, 3, 24, 17, 25, 41, 28, 67, 33, 6, 55, 53, 77, 49, 18, 21, 40, 52, 69, 72, 42]
og index list energy: 127833482.72287142
index list: [72, 1, 2, 3, 4, 5, 6, 7, 8, 9, 10, 11, 12, 13, 75, 14, 15, 16, 74, 17, 18, 19, 20, 21, 22, 23, 24, 25, 26, 27, 28, 29, 30, 31, 32, 79, 33, 34, 35, 36, 37, 38, 39, 40, 41, 49, 42, 43, 44, 45, 46, 47, 48, 78, 50, 51, 52, 53, 54, 55, 56, 57, 58, 77, 59, 60, 61, 62, 63, 64, 65, 66, 67, 68, 69, 76, 70, 71, 0, 73]
index list energy: 152290.42158758297
Done


iterations: 100000000 temp: 1000000.0 exponent: 0.9 eif: 300.0
time taken (sec): 8018.959554672241
number of iterations: 100000000
final temperature: 159.26791088519815
og index list: [57, 18, 63, 24, 56, 22, 75, 61, 65, 46, 26, 11, 25, 70, 68, 53, 45, 39, 0, 79, 5, 20, 41, 23, 9, 34, 78, 40, 7, 2, 29, 1, 36, 44, 48, 30, 71, 8, 27, 31, 72, 51, 58, 67, 13, 74, 4, 62, 42, 12, 47, 15, 54, 32, 19, 60, 43, 59, 37, 35, 16, 52, 17, 64, 73, 38, 28, 10, 55, 6, 69, 14, 33, 49, 77, 50, 3, 76, 66, 21]
og index list energy: 119563198.34111007
index list: [0, 1, 2, 3, 4, 5, 6, 7, 8, 9, 10, 11, 12, 13, 79, 14, 15, 16, 74, 17, 18, 19, 20, 21, 22, 23, 24, 25, 26, 27, 28, 29, 30, 31, 32, 49, 33, 34, 35, 36, 37, 38, 39, 40, 41, 76, 42, 43, 44, 45, 46, 47, 48, 77, 50, 51, 52, 53, 54, 55, 56, 57, 58, 78, 59, 60, 61, 62, 63, 64, 65, 66, 67, 68, 69, 70, 71, 75, 72, 73]
index list energy: 152293.52169419697
Done


iterations: 100000000 temp: 1000000.0 exponent: 0.9 eif: 300.0
time taken (sec): 7807.642217874527
number of iterations: 100000000
final temperature: 159.26791088519815
og index list: [43, 23, 3, 18, 11, 2, 5, 42, 76, 12, 46, 17, 39, 75, 56, 74, 44, 47, 71, 9, 50, 36, 19, 67, 54, 41, 26, 62, 40, 8, 4, 25, 59, 51, 24, 10, 70, 69, 1, 48, 7, 0, 28, 22, 27, 33, 20, 68, 61, 30, 38, 64, 66, 73, 14, 53, 60, 13, 37, 79, 31, 57, 35, 29, 52, 15, 58, 6, 49, 78, 21, 34, 65, 77, 16, 45, 72, 32, 55, 63]
og index list energy: 141515243.30584028
index list: [72, 1, 2, 3, 4, 5, 6, 7, 8, 9, 10, 11, 12, 13, 49, 14, 15, 16, 74, 17, 18, 19, 20, 21, 22, 23, 24, 25, 26, 27, 28, 29, 30, 31, 32, 78, 33, 34, 35, 36, 37, 38, 39, 40, 41, 76, 42, 43, 44, 45, 46, 47, 48, 75, 50, 51, 52, 53, 54, 55, 56, 57, 58, 77, 59, 60, 61, 62, 63, 64, 65, 66, 67, 68, 69, 79, 70, 71, 0, 73]
index list energy: 152290.42158758297
Done


iterations: 100000000 temp: 1000000.0 exponent: 0.9 eif: 300.0
time taken (sec): 7772.2407031059265
number of iterations: 100000000
final temperature: 159.26791088519815
og index list: [10, 60, 4, 5, 23, 57, 48, 47, 42, 41, 18, 45, 3, 71, 46, 58, 7, 62, 8, 30, 63, 31, 39, 53, 9, 32, 20, 36, 26, 37, 34, 54, 76, 11, 64, 49, 19, 6, 56, 78, 61, 69, 55, 75, 52, 67, 27, 14, 1, 2, 66, 40, 77, 35, 16, 15, 65, 59, 29, 44, 38, 33, 74, 21, 68, 28, 25, 79, 22, 72, 51, 73, 70, 24, 12, 17, 13, 50, 43, 0]
og index list energy: 131438933.00892556
index list: [72, 1, 2, 3, 4, 5, 6, 7, 8, 9, 10, 11, 12, 13, 75, 14, 15, 16, 79, 17, 18, 19, 20, 21, 22, 23, 24, 25, 26, 27, 28, 29, 30, 31, 32, 49, 33, 34, 35, 36, 37, 38, 39, 40, 41, 78, 42, 43, 44, 45, 46, 47, 48, 77, 50, 51, 52, 53, 54, 55, 56, 57, 58, 74, 59, 60, 61, 62, 63, 64, 65, 66, 67, 68, 69, 76, 70, 71, 0, 73]
index list energy: 152290.42158758297
Done


iterations: 100000000 temp: 1000000.0 exponent: 0.9 eif: 300.0
time taken (sec): 7326.522327899933
number of iterations: 100000000
final temperature: 159.26791088519815
og index list: [14, 21, 5, 70, 72, 61, 23, 41, 56, 26, 9, 2, 57, 50, 54, 7, 46, 29, 52, 28, 75, 13, 60, 8, 11, 76, 33, 27, 69, 15, 3, 19, 31, 53, 0, 22, 68, 71, 10, 63, 51, 64, 65, 67, 35, 4, 20, 40, 6, 47, 1, 73, 74, 66, 25, 37, 18, 44, 30, 34, 12, 24, 48, 78, 38, 32, 43, 45, 59, 17, 79, 62, 42, 58, 49, 39, 16, 77, 36, 55]
og index list energy: 162667462.00739828
index list: [0, 1, 2, 3, 4, 5, 6, 7, 8, 9, 10, 11, 12, 13, 75, 14, 15, 16, 49, 17, 18, 19, 20, 21, 22, 23, 24, 25, 26, 27, 28, 29, 30, 31, 32, 74, 33, 34, 35, 36, 37, 38, 39, 40, 41, 76, 42, 43, 44, 45, 46, 47, 48, 78, 50, 51, 52, 53, 54, 55, 56, 57, 58, 79, 59, 60, 61, 62, 63, 64, 65, 66, 67, 68, 69, 70, 71, 77, 72, 73]
index list energy: 152293.52169419697
Done


iterations: 100000000 temp: 1000000.0 exponent: 0.9 eif: 300.0
time taken (sec): 4571.323148012161
number of iterations: 73613990
final temperature: 773.5540101454294
og index list: [1, 66, 41, 33, 48, 30, 44, 28, 5, 67, 60, 16, 21, 37, 34, 20, 3, 72, 31, 29, 62, 61, 73, 10, 46, 49, 77, 9, 36, 45, 23, 7, 79, 68, 39, 6, 15, 13, 74, 4, 14, 54, 51, 35, 76, 2, 8, 57, 12, 26, 42, 52, 58, 69, 70, 43, 38, 56, 27, 63, 64, 71, 50, 17, 65, 75, 55, 78, 32, 11, 22, 18, 25, 24, 47, 0, 40, 53, 19, 59]
og index list energy: 136380964.441364
index list: [47, 1, 2, 3, 4, 5, 6, 7, 8, 9, 10, 11, 12, 13, 77, 14, 15, 16, 49, 17, 18, 19, 20, 21, 22, 23, 24, 25, 26, 27, 28, 29, 30, 31, 32, 75, 33, 34, 35, 36, 37, 38, 39, 40, 76, 42, 43, 44, 45, 46, 41, 78, 48, 0, 50, 51, 52, 53, 54, 55, 56, 57, 58, 74, 59, 60, 61, 62, 63, 64, 65, 66, 67, 68, 69, 70, 71, 79, 72, 73]
index list energy: 224415.1425392501
Done


program ended at: 2020-03-30 09:19:21.730315 
 time delta: 11:57:59.991667
