## SLURM PROLOG ###############################################################
##    Job ID : 11508619
##  Job Name : verifying_2np4_works
##  Nodelist : node1150
##      CPUs : 1
##  Mem/Node : 1024 MB
## Directory : /gpfs/data/nfawzi/skale/Fawzi_pycharm_project
##   Started : Sun Mar 29 21:21:22 EDT 2020
###############################################################################
program started at:2020-03-29 21:21:22.389252
iterations: 100000000 temp: 1000000.0 exponent: 0.9 eif: 300.0
time taken (sec): 7550.79444694519
number of iterations: 100000000
final temperature: 159.26791088519815
og index list: [60, 46, 9, 50, 78, 0, 34, 59, 55, 23, 57, 67, 22, 39, 19, 51, 48, 2, 4, 3, 75, 32, 76, 38, 69, 52, 73, 20, 37, 68, 71, 40, 11, 63, 70, 77, 61, 5, 14, 31, 64, 36, 1, 21, 72, 42, 74, 25, 29, 10, 13, 27, 44, 7, 15, 43, 8, 26, 45, 30, 35, 16, 41, 58, 17, 6, 24, 53, 49, 18, 54, 62, 12, 65, 47, 28, 79, 66, 56, 33]
og index list energy: 171634864.34787747
index list: [0, 1, 2, 3, 4, 5, 6, 7, 8, 9, 10, 11, 12, 13, 74, 14, 15, 16, 76, 17, 18, 19, 20, 21, 22, 23, 24, 25, 26, 27, 28, 29, 30, 31, 32, 75, 33, 34, 35, 36, 37, 38, 39, 40, 41, 78, 42, 43, 44, 45, 46, 47, 48, 77, 50, 51, 52, 53, 54, 55, 56, 57, 58, 49, 59, 60, 61, 62, 63, 64, 65, 66, 67, 68, 69, 70, 71, 79, 72, 73]
index list energy: 152293.52169419697
Done


iterations: 100000000 temp: 1000000.0 exponent: 0.9 eif: 300.0
time taken (sec): 7593.180024385452
number of iterations: 100000000
final temperature: 159.26791088519815
og index list: [36, 19, 38, 55, 56, 23, 26, 75, 6, 53, 46, 44, 51, 78, 1, 42, 12, 62, 24, 16, 54, 43, 49, 52, 66, 39, 64, 8, 59, 45, 72, 9, 14, 65, 70, 7, 33, 27, 31, 35, 74, 48, 40, 28, 68, 41, 76, 58, 77, 71, 17, 20, 63, 5, 18, 21, 37, 0, 61, 47, 50, 10, 32, 22, 11, 69, 29, 34, 3, 15, 60, 2, 73, 13, 79, 4, 67, 25, 57, 30]
og index list energy: 180394394.2198633
index list: [0, 1, 2, 3, 4, 5, 6, 7, 8, 9, 10, 11, 12, 13, 76, 14, 15, 16, 74, 17, 18, 19, 20, 21, 22, 23, 24, 25, 26, 27, 28, 29, 30, 31, 32, 75, 33, 34, 35, 36, 37, 38, 39, 40, 41, 79, 42, 43, 44, 45, 46, 47, 48, 49, 50, 51, 52, 53, 54, 55, 56, 57, 58, 78, 59, 60, 61, 62, 63, 64, 65, 66, 67, 68, 69, 70, 71, 77, 72, 73]
index list energy: 151994.72169419698
Done


iterations: 100000000 temp: 1000000.0 exponent: 0.9 eif: 300.0
time taken (sec): 7303.537173032761
number of iterations: 100000000
final temperature: 159.26791088519815
og index list: [12, 60, 61, 11, 48, 76, 71, 51, 21, 77, 1, 26, 19, 28, 58, 45, 57, 69, 46, 36, 42, 73, 34, 16, 78, 53, 29, 40, 63, 37, 24, 68, 9, 4, 15, 30, 64, 7, 55, 54, 43, 75, 18, 8, 74, 33, 3, 52, 6, 59, 44, 10, 56, 17, 35, 62, 72, 2, 27, 0, 66, 14, 47, 49, 38, 65, 32, 50, 70, 39, 67, 79, 41, 13, 25, 31, 20, 5, 22, 23]
og index list energy: 131285857.11346306
index list: [0, 1, 2, 3, 4, 5, 6, 7, 8, 9, 10, 11, 12, 13, 75, 14, 15, 16, 79, 17, 18, 19, 20, 21, 22, 23, 24, 25, 26, 27, 28, 29, 30, 31, 32, 74, 33, 34, 35, 36, 37, 38, 39, 40, 41, 71, 76, 43, 44, 45, 46, 47, 48, 49, 50, 51, 52, 53, 54, 55, 56, 57, 58, 78, 59, 60, 61, 62, 63, 64, 65, 66, 67, 68, 69, 70, 77, 42, 72, 73]
index list energy: 160117.70127390913
Done


iterations: 100000000 temp: 1000000.0 exponent: 0.9 eif: 300.0
time taken (sec): 6982.731930732727
number of iterations: 100000000
final temperature: 159.26791088519815
og index list: [67, 51, 48, 25, 30, 13, 74, 22, 16, 6, 66, 12, 14, 63, 70, 17, 29, 33, 44, 2, 27, 79, 55, 4, 31, 64, 18, 19, 20, 36, 1, 73, 32, 65, 8, 21, 40, 50, 35, 68, 11, 76, 47, 45, 52, 5, 49, 57, 24, 69, 42, 41, 34, 39, 3, 56, 10, 72, 53, 75, 58, 54, 28, 61, 7, 37, 71, 15, 60, 0, 59, 43, 9, 62, 38, 78, 77, 26, 46, 23]
og index list energy: 150198385.90251198
index list: [72, 1, 2, 3, 4, 5, 6, 7, 8, 9, 10, 11, 12, 13, 78, 14, 15, 16, 49, 17, 18, 19, 20, 21, 22, 23, 24, 25, 26, 27, 28, 29, 30, 31, 74, 42, 33, 34, 35, 36, 37, 38, 39, 40, 41, 71, 76, 43, 44, 45, 46, 47, 48, 79, 50, 51, 52, 53, 54, 55, 56, 57, 58, 77, 59, 60, 61, 62, 63, 64, 65, 66, 67, 68, 69, 70, 75, 32, 0, 73]
index list energy: 171577.16464737442
Done


iterations: 100000000 temp: 1000000.0 exponent: 0.9 eif: 300.0
time taken (sec): 7277.723370552063
number of iterations: 100000000
final temperature: 159.26791088519815
og index list: [15, 6, 39, 48, 20, 3, 19, 0, 33, 17, 18, 63, 67, 11, 76, 75, 25, 74, 40, 50, 77, 57, 23, 27, 64, 35, 72, 65, 7, 22, 14, 52, 61, 41, 8, 45, 51, 1, 47, 29, 54, 5, 59, 56, 31, 38, 53, 37, 68, 10, 73, 62, 70, 55, 43, 71, 42, 34, 2, 78, 12, 9, 24, 13, 26, 21, 79, 44, 49, 66, 28, 46, 16, 60, 58, 69, 36, 30, 32, 4]
og index list energy: 167478780.16211438
index list: [0, 1, 2, 3, 4, 5, 6, 7, 8, 9, 10, 11, 12, 13, 75, 14, 15, 16, 74, 17, 18, 19, 20, 21, 22, 23, 24, 25, 26, 27, 28, 29, 30, 31, 32, 79, 33, 34, 35, 36, 37, 38, 39, 40, 41, 71, 78, 43, 44, 45, 46, 47, 48, 77, 50, 51, 52, 53, 54, 55, 56, 57, 58, 49, 59, 60, 61, 62, 63, 64, 65, 66, 67, 68, 69, 70, 76, 42, 72, 73]
index list energy: 160416.50127390915
Done


iterations: 100000000 temp: 1000000.0 exponent: 0.9 eif: 300.0
time taken (sec): 6371.915626049042
number of iterations: 87697815
final temperature: 332.9896365316148
og index list: [43, 13, 64, 1, 70, 24, 56, 15, 61, 14, 54, 31, 27, 32, 22, 5, 71, 4, 44, 10, 73, 65, 51, 34, 68, 57, 60, 18, 28, 62, 29, 26, 6, 0, 55, 40, 46, 16, 76, 30, 78, 50, 77, 3, 59, 7, 69, 49, 72, 33, 75, 58, 9, 41, 21, 47, 8, 20, 23, 36, 25, 66, 42, 19, 48, 17, 52, 11, 38, 12, 37, 63, 74, 39, 79, 53, 35, 45, 67, 2]
og index list energy: 162964789.74120724
index list: [0, 1, 2, 3, 4, 5, 6, 7, 8, 9, 10, 11, 12, 13, 78, 14, 15, 16, 74, 17, 18, 19, 20, 21, 22, 23, 24, 25, 26, 27, 28, 29, 30, 31, 32, 79, 33, 34, 35, 36, 37, 38, 39, 40, 41, 49, 42, 43, 44, 45, 46, 47, 48, 76, 50, 51, 52, 53, 54, 55, 56, 57, 58, 75, 59, 60, 61, 62, 63, 64, 65, 66, 67, 68, 69, 70, 71, 77, 72, 73]
index list energy: 152293.52169419697
Done


program ended at: 2020-03-30 09:19:22.391415 
 time delta: 11:58:00.002163
