## SLURM PROLOG ###############################################################
##    Job ID : 11508604
##  Job Name : verifying_2np4_works
##  Nodelist : node1324
##      CPUs : 1
##  Mem/Node : 1024 MB
## Directory : /gpfs/data/nfawzi/skale/Fawzi_pycharm_project
##   Started : Sun Mar 29 21:21:23 EDT 2020
###############################################################################
program started at:2020-03-29 21:21:23.932808
iterations: 100000000 temp: 1000000.0 exponent: 0.9 eif: 300.0
time taken (sec): 8265.612621307373
number of iterations: 100000000
final temperature: 159.26791088519815
og index list: [59, 43, 20, 53, 22, 68, 35, 70, 14, 66, 46, 77, 67, 30, 15, 37, 79, 55, 12, 28, 3, 34, 33, 7, 29, 26, 4, 73, 40, 76, 51, 49, 48, 47, 27, 63, 18, 0, 62, 25, 61, 23, 65, 42, 2, 41, 36, 17, 10, 32, 16, 60, 71, 24, 78, 75, 52, 44, 11, 21, 69, 72, 54, 1, 5, 58, 38, 56, 50, 39, 13, 9, 57, 8, 45, 64, 74, 19, 6, 31]
og index list energy: 149122450.9592471
index list: [72, 1, 2, 3, 4, 5, 6, 7, 8, 9, 10, 11, 12, 13, 74, 14, 15, 16, 49, 17, 18, 19, 20, 21, 22, 23, 24, 25, 26, 27, 28, 29, 30, 31, 32, 78, 33, 34, 35, 36, 37, 38, 39, 40, 41, 77, 42, 43, 44, 45, 46, 47, 48, 75, 50, 51, 52, 53, 54, 55, 56, 57, 58, 79, 59, 60, 61, 62, 63, 64, 65, 66, 67, 68, 69, 76, 70, 71, 0, 73]
index list energy: 152290.42158758297
Done


iterations: 100000000 temp: 1000000.0 exponent: 0.9 eif: 300.0
time taken (sec): 8303.635529279709
number of iterations: 100000000
final temperature: 159.26791088519815
og index list: [38, 25, 37, 7, 64, 23, 68, 48, 63, 21, 4, 78, 14, 49, 55, 69, 2, 24, 66, 54, 19, 74, 71, 18, 76, 26, 73, 32, 20, 3, 77, 46, 34, 56, 27, 45, 44, 15, 11, 29, 65, 31, 67, 59, 47, 39, 35, 60, 5, 33, 22, 9, 28, 53, 0, 72, 58, 51, 40, 57, 17, 61, 52, 43, 75, 79, 30, 50, 12, 62, 6, 8, 1, 70, 16, 13, 42, 36, 10, 41]
og index list energy: 169582819.8635899
index list: [72, 1, 2, 3, 4, 5, 6, 7, 8, 9, 10, 11, 12, 13, 76, 14, 15, 16, 49, 17, 18, 19, 20, 21, 22, 23, 24, 25, 26, 27, 28, 29, 30, 31, 32, 77, 33, 34, 35, 36, 37, 38, 39, 40, 41, 78, 42, 43, 44, 45, 46, 47, 48, 74, 50, 51, 52, 53, 54, 55, 56, 57, 58, 75, 59, 60, 61, 62, 63, 64, 65, 66, 67, 68, 69, 79, 70, 71, 0, 73]
index list energy: 152290.42158758297
Done


iterations: 100000000 temp: 1000000.0 exponent: 0.9 eif: 300.0
time taken (sec): 8565.85884976387
number of iterations: 100000000
final temperature: 159.26791088519815
og index list: [45, 58, 69, 79, 11, 62, 39, 24, 50, 21, 1, 41, 70, 75, 38, 71, 2, 35, 36, 22, 26, 47, 53, 10, 12, 17, 25, 6, 4, 55, 44, 48, 30, 7, 57, 51, 37, 54, 8, 14, 43, 66, 15, 23, 67, 29, 46, 0, 77, 72, 19, 52, 49, 9, 31, 3, 60, 65, 68, 76, 61, 34, 73, 63, 27, 42, 64, 5, 16, 59, 33, 56, 18, 20, 74, 78, 28, 32, 13, 40]
og index list energy: 138106613.03774855
index list: [0, 1, 2, 3, 4, 5, 6, 7, 8, 9, 10, 11, 12, 13, 75, 14, 15, 16, 77, 17, 18, 19, 20, 21, 22, 23, 24, 25, 26, 27, 28, 29, 30, 31, 32, 74, 33, 34, 35, 36, 37, 38, 39, 40, 41, 78, 42, 43, 44, 45, 46, 47, 48, 49, 50, 51, 52, 53, 54, 55, 56, 57, 58, 79, 59, 60, 61, 62, 63, 64, 65, 66, 67, 68, 69, 70, 71, 76, 72, 73]
index list energy: 151994.72169419698
Done


iterations: 100000000 temp: 1000000.0 exponent: 0.9 eif: 300.0
time taken (sec): 8500.46879029274
number of iterations: 100000000
final temperature: 159.26791088519815
og index list: [9, 2, 53, 70, 34, 10, 76, 58, 23, 45, 22, 8, 75, 29, 60, 40, 65, 69, 38, 63, 16, 68, 71, 47, 57, 78, 24, 37, 46, 35, 21, 5, 49, 0, 54, 20, 66, 77, 59, 64, 17, 25, 44, 73, 61, 51, 72, 48, 67, 33, 41, 3, 7, 74, 36, 32, 62, 39, 26, 56, 42, 4, 11, 12, 30, 55, 1, 13, 50, 19, 18, 6, 31, 52, 27, 14, 28, 15, 79, 43]
og index list energy: 157035706.5530729
index list: [0, 1, 2, 3, 4, 5, 6, 7, 8, 9, 10, 11, 12, 13, 74, 14, 15, 16, 79, 17, 18, 19, 20, 21, 22, 23, 24, 25, 26, 27, 28, 29, 30, 31, 32, 49, 33, 34, 35, 36, 37, 38, 39, 40, 41, 75, 42, 43, 44, 45, 46, 47, 48, 78, 50, 51, 52, 53, 54, 55, 56, 57, 58, 77, 59, 60, 61, 62, 63, 64, 65, 66, 67, 68, 69, 70, 71, 76, 72, 73]
index list energy: 152293.52169419697
Done


iterations: 100000000 temp: 1000000.0 exponent: 0.9 eif: 300.0
time taken (sec): 8106.261869907379
number of iterations: 100000000
final temperature: 159.26791088519815
og index list: [50, 71, 39, 25, 8, 58, 35, 72, 54, 21, 12, 37, 74, 27, 10, 38, 26, 18, 63, 34, 47, 52, 59, 19, 49, 68, 17, 23, 0, 3, 48, 76, 66, 6, 75, 40, 30, 55, 4, 1, 73, 13, 46, 45, 9, 62, 51, 65, 56, 20, 31, 5, 42, 2, 69, 78, 29, 79, 44, 43, 16, 60, 70, 57, 24, 53, 41, 15, 64, 28, 32, 11, 61, 77, 7, 22, 33, 36, 14, 67]
og index list energy: 115144665.59900363
index list: [72, 1, 2, 3, 4, 5, 6, 7, 8, 9, 10, 11, 12, 13, 75, 14, 15, 16, 79, 17, 18, 19, 20, 21, 22, 23, 24, 25, 26, 27, 28, 29, 30, 31, 32, 76, 33, 34, 35, 36, 37, 38, 39, 40, 41, 77, 42, 43, 44, 45, 46, 47, 48, 49, 50, 51, 52, 53, 54, 55, 56, 57, 58, 74, 59, 60, 61, 62, 63, 64, 65, 66, 67, 68, 69, 78, 70, 71, 0, 73]
index list energy: 151991.621587583
Done


iterations: 100000000 temp: 1000000.0 exponent: 0.9 eif: 300.0
time taken (sec): 1338.0290234088898
number of iterations: 27567901
final temperature: 38152.0424476946
og index list: [36, 67, 9, 13, 8, 5, 48, 1, 76, 16, 75, 65, 74, 59, 79, 0, 12, 35, 45, 44, 6, 27, 15, 62, 47, 38, 14, 51, 34, 40, 73, 69, 19, 33, 54, 41, 11, 53, 52, 28, 42, 49, 3, 43, 25, 78, 50, 17, 39, 23, 22, 37, 46, 10, 31, 24, 21, 26, 56, 71, 72, 60, 58, 18, 29, 20, 61, 66, 57, 7, 55, 32, 4, 77, 70, 68, 30, 63, 2, 64]
og index list energy: 160700419.96426606
index list: [3, 66, 72, 16, 5, 51, 52, 7, 8, 46, 58, 0, 1, 2, 41, 49, 11, 75, 69, 17, 18, 19, 20, 21, 22, 23, 24, 25, 26, 27, 28, 29, 30, 31, 79, 44, 54, 34, 35, 36, 50, 9, 57, 47, 73, 4, 68, 70, 71, 15, 67, 40, 48, 37, 38, 39, 77, 42, 33, 55, 56, 10, 43, 6, 59, 60, 61, 62, 63, 64, 65, 78, 53, 74, 14, 76, 45, 32, 12, 13]
index list energy: 1670935.899651107
Done


program ended at: 2020-03-30 09:19:23.926800 
 time delta: 11:57:59.993992
