## SLURM PROLOG ###############################################################
##    Job ID : 11508628
##  Job Name : verifying_2np4_works
##  Nodelist : node1140
##      CPUs : 1
##  Mem/Node : 1024 MB
## Directory : /gpfs/data/nfawzi/skale/Fawzi_pycharm_project
##   Started : Sun Mar 29 21:21:22 EDT 2020
###############################################################################
program started at:2020-03-29 21:21:23.086858
iterations: 100000000 temp: 1000000.0 exponent: 0.9 eif: 300.0
time taken (sec): 9260.58955669403
number of iterations: 100000000
final temperature: 159.26791088519815
og index list: [48, 45, 12, 25, 16, 74, 56, 58, 53, 76, 35, 40, 47, 50, 0, 9, 49, 32, 14, 60, 57, 38, 54, 19, 75, 3, 27, 13, 78, 46, 44, 4, 67, 33, 21, 6, 28, 15, 70, 11, 24, 18, 29, 23, 37, 22, 71, 69, 65, 31, 2, 72, 41, 51, 66, 52, 43, 62, 39, 1, 73, 68, 17, 26, 61, 63, 30, 55, 59, 10, 77, 36, 20, 8, 7, 5, 34, 42, 64, 79]
og index list energy: 157558213.6149763
index list: [0, 1, 2, 3, 4, 5, 6, 7, 8, 9, 10, 11, 12, 13, 49, 14, 15, 16, 75, 17, 18, 19, 20, 21, 22, 23, 24, 25, 26, 27, 28, 29, 30, 31, 32, 76, 33, 34, 35, 36, 37, 38, 39, 40, 41, 79, 42, 43, 44, 45, 46, 47, 48, 77, 50, 51, 52, 53, 54, 55, 56, 57, 58, 74, 59, 60, 61, 62, 63, 64, 65, 66, 67, 68, 69, 70, 71, 78, 72, 73]
index list energy: 152293.52169419697
Done


iterations: 100000000 temp: 1000000.0 exponent: 0.9 eif: 300.0
time taken (sec): 9126.217136621475
number of iterations: 100000000
final temperature: 159.26791088519815
og index list: [16, 35, 63, 15, 59, 5, 72, 21, 3, 52, 73, 14, 54, 26, 68, 13, 60, 65, 53, 28, 29, 0, 10, 39, 44, 37, 56, 24, 38, 20, 6, 55, 32, 66, 47, 58, 1, 70, 71, 50, 12, 78, 61, 75, 33, 76, 23, 43, 74, 36, 25, 17, 42, 48, 69, 22, 11, 2, 19, 34, 7, 18, 57, 64, 27, 77, 40, 49, 79, 30, 45, 46, 67, 9, 31, 51, 8, 62, 4, 41]
og index list energy: 131837442.2966763
index list: [0, 1, 2, 3, 4, 5, 6, 7, 8, 9, 10, 11, 12, 13, 76, 14, 15, 16, 74, 17, 18, 19, 20, 21, 22, 23, 24, 25, 26, 27, 28, 29, 30, 31, 32, 77, 33, 34, 35, 36, 37, 38, 39, 40, 41, 71, 79, 43, 44, 45, 46, 47, 48, 78, 50, 51, 52, 53, 54, 55, 56, 57, 58, 49, 59, 60, 61, 62, 63, 64, 65, 66, 67, 68, 69, 70, 75, 42, 72, 73]
index list energy: 160416.50127390915
Done


iterations: 100000000 temp: 1000000.0 exponent: 0.9 eif: 300.0
time taken (sec): 9233.281522274017
number of iterations: 100000000
final temperature: 159.26791088519815
og index list: [5, 53, 35, 37, 74, 8, 38, 30, 0, 45, 60, 1, 47, 56, 46, 78, 54, 62, 79, 55, 50, 41, 64, 24, 31, 67, 72, 21, 7, 34, 20, 12, 42, 27, 58, 51, 44, 16, 11, 33, 48, 36, 43, 10, 61, 73, 13, 22, 26, 76, 29, 70, 39, 52, 66, 23, 2, 18, 69, 71, 28, 59, 4, 9, 40, 49, 3, 17, 19, 65, 75, 14, 25, 63, 32, 15, 6, 57, 77, 68]
og index list energy: 148500312.75192127
index list: [0, 1, 2, 3, 4, 5, 6, 7, 8, 9, 10, 11, 12, 13, 77, 14, 15, 16, 76, 17, 18, 19, 20, 21, 22, 23, 24, 25, 26, 27, 28, 29, 30, 31, 32, 79, 33, 34, 35, 36, 37, 38, 39, 40, 41, 49, 42, 43, 44, 45, 46, 47, 48, 78, 50, 51, 52, 53, 54, 55, 56, 57, 58, 75, 59, 60, 61, 62, 63, 64, 65, 66, 67, 68, 69, 70, 71, 74, 72, 73]
index list energy: 152293.52169419697
Done


iterations: 100000000 temp: 1000000.0 exponent: 0.9 eif: 300.0
time taken (sec): 8595.2368414402
number of iterations: 100000000
final temperature: 159.26791088519815
og index list: [31, 50, 9, 41, 39, 72, 33, 11, 74, 5, 37, 78, 77, 20, 54, 51, 46, 47, 53, 0, 43, 32, 68, 27, 75, 6, 58, 63, 26, 3, 4, 70, 16, 55, 49, 7, 59, 17, 34, 10, 56, 60, 21, 61, 23, 18, 66, 2, 36, 38, 62, 14, 40, 44, 64, 24, 52, 69, 71, 35, 22, 73, 29, 45, 42, 28, 57, 1, 13, 15, 76, 19, 65, 48, 79, 12, 67, 25, 30, 8]
og index list energy: 205413917.6866846
index list: [0, 1, 2, 3, 4, 5, 6, 7, 8, 9, 10, 11, 12, 13, 74, 14, 15, 16, 78, 17, 18, 19, 20, 21, 22, 23, 24, 25, 26, 27, 28, 29, 30, 31, 32, 49, 33, 34, 35, 36, 37, 38, 39, 40, 41, 79, 42, 43, 44, 45, 46, 47, 48, 77, 50, 51, 52, 53, 54, 55, 56, 57, 58, 76, 59, 60, 61, 62, 63, 64, 65, 66, 67, 68, 69, 70, 71, 75, 72, 73]
index list energy: 152293.52169419697
Done


iterations: 100000000 temp: 1000000.0 exponent: 0.9 eif: 300.0
time taken (sec): 6864.548301935196
number of iterations: 85817295
final temperature: 369.98848503512755
og index list: [48, 35, 65, 4, 15, 28, 69, 38, 58, 22, 59, 56, 46, 18, 79, 64, 32, 73, 72, 68, 20, 16, 13, 9, 3, 43, 36, 61, 41, 55, 45, 52, 8, 76, 39, 14, 31, 40, 74, 53, 54, 49, 27, 47, 62, 6, 70, 0, 29, 34, 57, 24, 19, 44, 7, 77, 78, 21, 25, 42, 12, 17, 30, 71, 23, 10, 66, 67, 33, 37, 2, 26, 63, 60, 75, 50, 11, 51, 5, 1]
og index list energy: 103086630.1490049
index list: [0, 1, 2, 3, 4, 5, 6, 7, 8, 9, 10, 11, 12, 13, 79, 14, 15, 16, 49, 17, 18, 19, 20, 21, 22, 23, 24, 25, 26, 27, 28, 29, 30, 31, 32, 78, 33, 34, 35, 36, 37, 38, 39, 40, 41, 71, 75, 43, 44, 45, 46, 47, 48, 77, 50, 51, 52, 53, 54, 55, 56, 57, 58, 76, 59, 60, 61, 62, 63, 64, 65, 66, 67, 68, 69, 70, 74, 42, 72, 73]
index list energy: 160416.50127390915
Done


program ended at: 2020-03-30 09:19:23.082899 
 time delta: 11:57:59.996041
