## SLURM PROLOG ###############################################################
##    Job ID : 11508683
##  Job Name : verifying_2np4_works
##  Nodelist : node1120
##      CPUs : 1
##  Mem/Node : 1024 MB
## Directory : /gpfs/data/nfawzi/skale/Fawzi_pycharm_project
##   Started : Sun Mar 29 21:21:50 EDT 2020
###############################################################################
program started at:2020-03-29 21:21:51.606511
iterations: 100000000 temp: 1000000.0 exponent: 0.9 eif: 300.0
time taken (sec): 8128.730436563492
number of iterations: 100000000
final temperature: 159.26791088519815
og index list: [14, 52, 29, 4, 61, 18, 27, 73, 48, 40, 15, 77, 47, 42, 53, 2, 71, 44, 46, 41, 22, 74, 68, 31, 7, 20, 39, 51, 60, 63, 75, 32, 59, 9, 34, 50, 70, 0, 19, 35, 58, 66, 45, 49, 56, 64, 1, 33, 62, 28, 13, 25, 38, 23, 37, 72, 76, 21, 79, 26, 30, 67, 43, 5, 8, 24, 36, 16, 78, 69, 57, 17, 54, 10, 65, 11, 3, 6, 12, 55]
og index list energy: 163196932.53135937
index list: [72, 1, 2, 3, 4, 5, 6, 7, 8, 9, 10, 11, 12, 13, 75, 14, 15, 16, 78, 17, 18, 19, 20, 21, 22, 23, 24, 25, 26, 27, 28, 29, 30, 31, 32, 49, 33, 34, 35, 36, 37, 38, 39, 40, 41, 77, 42, 43, 44, 45, 46, 47, 48, 79, 50, 51, 52, 53, 54, 55, 56, 57, 58, 76, 59, 60, 61, 62, 63, 64, 65, 66, 67, 68, 69, 74, 70, 71, 0, 73]
index list energy: 152290.42158758297
Done


iterations: 100000000 temp: 1000000.0 exponent: 0.9 eif: 300.0
time taken (sec): 7755.305154800415
number of iterations: 100000000
final temperature: 159.26791088519815
og index list: [76, 1, 14, 34, 64, 33, 69, 58, 27, 24, 61, 74, 4, 40, 73, 63, 22, 36, 0, 20, 2, 19, 57, 18, 77, 54, 45, 67, 6, 70, 31, 66, 59, 48, 44, 60, 25, 75, 13, 5, 16, 8, 56, 9, 62, 71, 11, 23, 72, 78, 46, 28, 17, 41, 37, 35, 39, 3, 32, 21, 53, 52, 68, 43, 26, 42, 15, 50, 51, 38, 7, 47, 10, 29, 30, 65, 49, 79, 12, 55]
og index list energy: 172545687.51898396
index list: [0, 1, 2, 3, 4, 5, 6, 7, 8, 9, 10, 11, 12, 13, 78, 14, 15, 16, 77, 17, 18, 19, 20, 21, 22, 23, 24, 25, 26, 27, 28, 29, 30, 31, 32, 74, 33, 34, 35, 36, 37, 38, 39, 40, 41, 71, 79, 43, 44, 45, 46, 47, 48, 76, 50, 51, 52, 53, 54, 55, 56, 57, 58, 49, 59, 60, 61, 62, 63, 64, 65, 66, 67, 68, 69, 70, 75, 42, 72, 73]
index list energy: 160416.50127390915
Done


iterations: 100000000 temp: 1000000.0 exponent: 0.9 eif: 300.0
time taken (sec): 7805.118119239807
number of iterations: 100000000
final temperature: 159.26791088519815
og index list: [44, 24, 49, 67, 9, 69, 29, 38, 40, 26, 56, 20, 58, 59, 10, 75, 14, 50, 72, 53, 31, 74, 8, 61, 71, 43, 1, 0, 6, 7, 21, 57, 33, 65, 45, 79, 15, 66, 18, 63, 68, 5, 34, 77, 51, 55, 19, 46, 22, 30, 25, 54, 52, 42, 35, 12, 62, 64, 78, 11, 48, 4, 41, 60, 39, 13, 23, 70, 16, 2, 76, 47, 28, 37, 27, 32, 17, 36, 3, 73]
og index list energy: 132328144.53849371
index list: [72, 1, 2, 3, 4, 5, 6, 7, 8, 9, 10, 11, 12, 13, 79, 14, 15, 16, 49, 17, 18, 19, 20, 21, 22, 23, 24, 25, 26, 27, 28, 29, 30, 31, 32, 78, 33, 34, 35, 36, 37, 38, 39, 40, 41, 75, 42, 43, 44, 45, 46, 47, 48, 76, 50, 51, 52, 53, 54, 55, 56, 57, 58, 77, 59, 60, 61, 62, 63, 64, 65, 66, 67, 68, 69, 74, 70, 71, 0, 73]
index list energy: 152290.42158758297
Done


iterations: 100000000 temp: 1000000.0 exponent: 0.9 eif: 300.0
time taken (sec): 8112.991786241531
number of iterations: 100000000
final temperature: 159.26791088519815
og index list: [71, 2, 1, 59, 27, 65, 54, 38, 30, 56, 49, 70, 42, 78, 19, 69, 77, 41, 34, 37, 26, 64, 79, 25, 48, 39, 14, 10, 17, 5, 11, 3, 57, 20, 8, 7, 6, 36, 32, 18, 46, 22, 61, 31, 66, 29, 28, 52, 0, 50, 45, 60, 53, 23, 73, 58, 4, 43, 51, 76, 74, 15, 75, 9, 63, 40, 12, 35, 21, 72, 68, 47, 62, 33, 16, 13, 55, 24, 44, 67]
og index list energy: 190589790.53017154
index list: [0, 1, 2, 3, 4, 5, 6, 7, 8, 9, 10, 11, 12, 13, 76, 14, 15, 16, 74, 17, 18, 19, 20, 21, 22, 23, 24, 25, 26, 27, 28, 29, 30, 31, 32, 78, 33, 34, 35, 36, 37, 38, 39, 40, 41, 77, 42, 43, 44, 45, 46, 47, 48, 49, 50, 51, 52, 53, 54, 55, 56, 57, 58, 75, 59, 60, 61, 62, 63, 64, 65, 66, 67, 68, 69, 70, 71, 79, 72, 73]
index list energy: 151994.72169419698
Done


iterations: 100000000 temp: 1000000.0 exponent: 0.9 eif: 300.0
time taken (sec): 7805.930911064148
number of iterations: 100000000
final temperature: 159.26791088519815
og index list: [64, 66, 70, 42, 71, 2, 9, 28, 74, 56, 47, 48, 19, 33, 11, 3, 8, 32, 14, 30, 77, 5, 36, 62, 7, 69, 10, 46, 20, 49, 29, 21, 4, 40, 57, 12, 43, 44, 38, 45, 13, 22, 26, 67, 35, 37, 25, 52, 51, 63, 31, 18, 55, 79, 65, 72, 58, 78, 23, 60, 50, 73, 15, 6, 59, 34, 24, 0, 68, 41, 39, 75, 27, 53, 76, 16, 61, 54, 1, 17]
og index list energy: 125138229.72265768
index list: [0, 1, 2, 3, 4, 5, 6, 7, 8, 9, 10, 11, 12, 13, 75, 14, 15, 16, 49, 17, 18, 19, 20, 21, 22, 23, 24, 25, 26, 27, 28, 29, 30, 31, 32, 76, 33, 34, 35, 36, 37, 38, 39, 40, 41, 71, 74, 43, 44, 45, 46, 47, 48, 78, 50, 51, 52, 53, 54, 55, 56, 57, 58, 79, 59, 60, 61, 62, 63, 64, 65, 66, 67, 68, 69, 72, 73, 77, 42, 70]
index list energy: 175510.19904523817
Done


iterations: 100000000 temp: 1000000.0 exponent: 0.9 eif: 300.0
time taken (sec): 3471.7938878536224
number of iterations: 53418800
final temperature: 3381.391913522729
og index list: [44, 53, 3, 6, 27, 21, 28, 52, 40, 16, 51, 58, 5, 61, 13, 15, 76, 12, 34, 36, 10, 29, 63, 41, 9, 14, 0, 68, 33, 8, 39, 74, 42, 45, 37, 7, 67, 60, 46, 70, 65, 72, 35, 57, 71, 66, 31, 4, 77, 24, 43, 38, 19, 17, 48, 55, 54, 56, 1, 59, 73, 64, 50, 22, 47, 78, 79, 62, 2, 20, 11, 32, 23, 26, 75, 69, 25, 30, 49, 18]
og index list energy: 141641928.00766456
index list: [14, 77, 2, 3, 4, 5, 6, 7, 8, 9, 10, 11, 12, 13, 16, 74, 72, 73, 79, 17, 18, 19, 20, 21, 22, 23, 24, 25, 26, 27, 28, 29, 30, 31, 32, 78, 33, 34, 35, 36, 37, 38, 39, 40, 41, 76, 42, 43, 44, 45, 46, 47, 48, 75, 50, 51, 52, 53, 54, 55, 56, 57, 58, 49, 59, 60, 61, 62, 63, 64, 65, 66, 67, 68, 69, 70, 71, 15, 0, 1]
index list energy: 198842.12434260122
Done


program ended at: 2020-03-30 09:19:51.599315 
 time delta: 11:57:59.992804
