## SLURM PROLOG ###############################################################
##    Job ID : 11508660
##  Job Name : verifying_2np4_works
##  Nodelist : node1105
##      CPUs : 1
##  Mem/Node : 1024 MB
## Directory : /gpfs/data/nfawzi/skale/Fawzi_pycharm_project
##   Started : Sun Mar 29 21:21:50 EDT 2020
###############################################################################
program started at:2020-03-29 21:21:51.395244
iterations: 100000000 temp: 1000000.0 exponent: 0.9 eif: 300.0
time taken (sec): 8407.19277048111
number of iterations: 100000000
final temperature: 159.26791088519815
og index list: [1, 5, 60, 77, 41, 37, 39, 38, 64, 8, 10, 56, 54, 59, 65, 50, 52, 21, 55, 72, 24, 31, 68, 67, 66, 13, 69, 49, 58, 78, 79, 73, 2, 43, 14, 20, 28, 34, 62, 57, 18, 22, 6, 32, 61, 33, 44, 36, 0, 76, 63, 12, 16, 30, 11, 29, 7, 15, 48, 40, 53, 3, 35, 47, 9, 23, 51, 42, 27, 26, 17, 25, 19, 74, 75, 70, 45, 71, 4, 46]
og index list energy: 159784039.81505558
index list: [0, 1, 2, 3, 4, 5, 6, 7, 8, 9, 10, 11, 12, 13, 75, 14, 15, 16, 74, 17, 18, 19, 20, 21, 22, 23, 24, 25, 26, 27, 28, 29, 30, 31, 32, 79, 33, 34, 35, 36, 37, 38, 39, 40, 41, 78, 42, 43, 44, 45, 46, 47, 48, 77, 50, 51, 52, 53, 54, 55, 56, 57, 58, 76, 59, 60, 61, 62, 63, 64, 65, 66, 67, 68, 69, 70, 71, 49, 72, 73]
index list energy: 152293.52169419697
Done


iterations: 100000000 temp: 1000000.0 exponent: 0.9 eif: 300.0
time taken (sec): 8190.228971719742
number of iterations: 100000000
final temperature: 159.26791088519815
og index list: [6, 37, 79, 2, 17, 24, 65, 60, 27, 69, 47, 49, 48, 14, 32, 30, 63, 44, 1, 64, 40, 59, 62, 74, 75, 15, 68, 36, 31, 46, 11, 23, 57, 43, 7, 53, 73, 71, 3, 26, 78, 25, 21, 38, 29, 61, 34, 52, 18, 42, 56, 70, 16, 8, 35, 22, 72, 76, 55, 33, 39, 0, 50, 13, 58, 67, 4, 45, 20, 19, 9, 41, 51, 12, 77, 54, 28, 5, 10, 66]
og index list energy: 165769801.94734287
index list: [0, 1, 2, 3, 4, 5, 6, 7, 8, 9, 10, 11, 12, 13, 77, 14, 15, 16, 79, 17, 18, 19, 20, 21, 22, 23, 24, 25, 26, 27, 28, 29, 30, 31, 32, 49, 33, 34, 35, 36, 37, 38, 39, 40, 41, 71, 76, 43, 44, 45, 46, 47, 48, 78, 50, 51, 52, 53, 54, 55, 56, 57, 58, 74, 59, 60, 61, 62, 63, 64, 65, 66, 67, 68, 69, 70, 75, 42, 72, 73]
index list energy: 160416.50127390915
Done


iterations: 100000000 temp: 1000000.0 exponent: 0.9 eif: 300.0
time taken (sec): 8039.584530830383
number of iterations: 100000000
final temperature: 159.26791088519815
og index list: [9, 77, 1, 18, 31, 64, 34, 60, 5, 30, 10, 71, 22, 15, 66, 55, 17, 68, 56, 36, 33, 38, 21, 35, 58, 53, 0, 19, 20, 27, 47, 75, 57, 25, 3, 40, 48, 4, 54, 69, 49, 61, 52, 11, 37, 70, 51, 44, 39, 14, 46, 76, 8, 72, 23, 78, 43, 74, 59, 13, 50, 16, 62, 67, 32, 6, 2, 45, 63, 7, 41, 79, 29, 26, 65, 24, 12, 42, 28, 73]
og index list energy: 145734160.35906038
index list: [72, 1, 2, 3, 4, 5, 6, 7, 8, 9, 10, 11, 12, 13, 75, 14, 15, 16, 78, 17, 18, 19, 20, 21, 22, 23, 24, 25, 26, 27, 28, 29, 30, 31, 32, 79, 33, 34, 35, 36, 37, 38, 39, 40, 41, 77, 42, 43, 44, 45, 46, 47, 48, 76, 50, 51, 52, 53, 54, 55, 56, 57, 58, 49, 59, 60, 61, 62, 63, 64, 65, 66, 67, 68, 69, 74, 70, 71, 0, 73]
index list energy: 152290.42158758297
Done


iterations: 100000000 temp: 1000000.0 exponent: 0.9 eif: 300.0
time taken (sec): 7976.0554895401
number of iterations: 100000000
final temperature: 159.26791088519815
og index list: [29, 19, 24, 44, 32, 56, 42, 77, 55, 67, 64, 5, 9, 47, 78, 11, 27, 63, 51, 18, 34, 35, 0, 33, 43, 52, 23, 38, 71, 12, 3, 75, 31, 10, 6, 1, 54, 72, 21, 68, 79, 40, 13, 45, 37, 69, 16, 76, 28, 60, 62, 8, 74, 25, 26, 46, 73, 57, 48, 53, 70, 61, 59, 17, 65, 15, 4, 36, 66, 22, 7, 30, 20, 41, 49, 39, 58, 50, 2, 14]
og index list energy: 153544414.54091868
index list: [72, 1, 2, 3, 4, 5, 6, 7, 8, 9, 10, 11, 12, 13, 76, 14, 15, 16, 79, 17, 18, 19, 20, 21, 22, 23, 24, 25, 26, 27, 28, 29, 30, 31, 32, 77, 33, 34, 35, 36, 37, 38, 39, 40, 41, 78, 42, 43, 44, 45, 46, 47, 48, 74, 50, 51, 52, 53, 54, 55, 56, 57, 58, 49, 59, 60, 61, 62, 63, 64, 65, 66, 67, 68, 69, 75, 70, 71, 0, 73]
index list energy: 152290.42158758297
Done


iterations: 100000000 temp: 1000000.0 exponent: 0.9 eif: 300.0
time taken (sec): 8000.610018253326
number of iterations: 100000000
final temperature: 159.26791088519815
og index list: [9, 38, 37, 30, 14, 10, 36, 11, 12, 20, 39, 69, 78, 56, 23, 32, 21, 55, 7, 65, 58, 31, 46, 72, 43, 63, 33, 6, 49, 42, 5, 77, 50, 2, 1, 27, 22, 41, 47, 48, 24, 74, 75, 18, 52, 51, 34, 73, 19, 15, 53, 66, 3, 17, 16, 61, 79, 45, 64, 76, 44, 62, 26, 0, 8, 54, 67, 4, 57, 60, 28, 40, 59, 68, 29, 70, 25, 71, 13, 35]
og index list energy: 147548865.68577108
index list: [72, 1, 2, 3, 4, 5, 6, 7, 8, 9, 10, 11, 12, 13, 78, 14, 15, 16, 74, 17, 18, 19, 20, 21, 22, 23, 24, 25, 26, 27, 28, 29, 30, 31, 32, 79, 33, 34, 35, 36, 37, 38, 39, 40, 41, 75, 42, 43, 44, 45, 46, 47, 48, 77, 50, 51, 52, 53, 54, 55, 56, 57, 58, 49, 59, 60, 61, 62, 63, 64, 65, 66, 67, 68, 69, 76, 70, 71, 0, 73]
index list energy: 152290.42158758297
Done


iterations: 100000000 temp: 1000000.0 exponent: 0.9 eif: 300.0
time taken (sec): 2466.189850091934
number of iterations: 41393203
final temperature: 9697.737297875243
og index list: [54, 36, 34, 57, 47, 40, 52, 69, 4, 65, 2, 16, 15, 78, 68, 17, 33, 60, 8, 49, 9, 21, 75, 71, 43, 35, 19, 12, 62, 1, 73, 3, 66, 30, 39, 61, 41, 31, 77, 29, 25, 13, 37, 67, 20, 55, 59, 76, 51, 45, 28, 14, 63, 18, 44, 74, 42, 7, 79, 23, 58, 6, 48, 26, 5, 22, 32, 46, 72, 0, 50, 53, 11, 56, 27, 10, 64, 24, 38, 70]
og index list energy: 163558607.7298829
index list: [43, 1, 2, 3, 4, 5, 6, 7, 8, 9, 10, 11, 12, 13, 74, 14, 15, 16, 78, 17, 18, 19, 20, 21, 22, 23, 24, 25, 26, 27, 28, 29, 30, 31, 32, 49, 33, 34, 35, 36, 37, 38, 39, 40, 41, 79, 42, 72, 44, 45, 46, 47, 48, 64, 50, 51, 52, 53, 54, 55, 56, 57, 58, 75, 59, 60, 61, 62, 63, 77, 65, 66, 67, 68, 69, 70, 71, 0, 76, 73]
index list energy: 210906.03049292
Done


program ended at: 2020-03-30 09:19:51.381812 
 time delta: 11:57:59.986568
