## SLURM PROLOG ###############################################################
##    Job ID : 11508601
##  Job Name : verifying_2np4_works
##  Nodelist : node1324
##      CPUs : 1
##  Mem/Node : 1024 MB
## Directory : /gpfs/data/nfawzi/skale/Fawzi_pycharm_project
##   Started : Sun Mar 29 21:21:21 EDT 2020
###############################################################################
program started at:2020-03-29 21:21:23.235266
iterations: 100000000 temp: 1000000.0 exponent: 0.9 eif: 300.0
time taken (sec): 8639.353239774704
number of iterations: 100000000
final temperature: 159.26791088519815
og index list: [14, 26, 18, 74, 75, 28, 73, 61, 30, 71, 11, 66, 64, 68, 78, 32, 59, 34, 2, 43, 4, 31, 51, 54, 63, 41, 38, 0, 67, 39, 58, 36, 72, 19, 13, 42, 22, 5, 27, 15, 65, 6, 46, 17, 62, 49, 56, 48, 37, 12, 47, 69, 79, 53, 16, 44, 1, 8, 60, 35, 21, 23, 50, 33, 20, 55, 7, 10, 52, 70, 77, 24, 25, 40, 9, 57, 76, 45, 3, 29]
og index list energy: 125228810.77560103
index list: [72, 1, 2, 3, 4, 5, 6, 7, 8, 73, 74, 9, 10, 11, 77, 14, 15, 16, 49, 17, 18, 19, 20, 21, 22, 23, 24, 25, 26, 27, 28, 29, 30, 31, 32, 75, 33, 34, 35, 36, 37, 38, 39, 40, 41, 78, 42, 43, 44, 45, 46, 47, 48, 79, 50, 51, 52, 53, 54, 55, 56, 57, 58, 76, 59, 60, 61, 62, 63, 64, 65, 66, 67, 68, 69, 70, 71, 12, 13, 0]
index list energy: 234388.01342751432
Done


iterations: 100000000 temp: 1000000.0 exponent: 0.9 eif: 300.0
time taken (sec): 8464.74435710907
number of iterations: 100000000
final temperature: 159.26791088519815
og index list: [44, 56, 46, 78, 37, 31, 7, 41, 17, 53, 25, 9, 43, 34, 51, 11, 15, 74, 49, 54, 0, 35, 63, 77, 68, 38, 67, 14, 8, 62, 55, 5, 66, 70, 57, 45, 20, 76, 2, 6, 58, 72, 71, 52, 22, 23, 12, 50, 4, 39, 33, 65, 27, 24, 30, 61, 13, 64, 28, 21, 60, 1, 36, 40, 48, 47, 29, 26, 69, 16, 18, 59, 42, 10, 79, 32, 19, 3, 75, 73]
og index list energy: 122419683.71687844
index list: [72, 1, 2, 3, 4, 5, 6, 7, 8, 9, 10, 11, 12, 13, 74, 14, 15, 16, 79, 17, 18, 19, 20, 21, 22, 23, 24, 25, 26, 27, 28, 29, 30, 31, 32, 49, 33, 34, 35, 36, 37, 38, 39, 40, 41, 75, 42, 43, 44, 45, 46, 47, 48, 78, 50, 51, 52, 53, 54, 55, 56, 57, 58, 77, 59, 60, 61, 62, 63, 64, 65, 66, 67, 68, 69, 76, 70, 71, 0, 73]
index list energy: 152290.42158758297
Done


iterations: 100000000 temp: 1000000.0 exponent: 0.9 eif: 300.0
time taken (sec): 8462.111248254776
number of iterations: 100000000
final temperature: 159.26791088519815
og index list: [45, 34, 38, 52, 1, 44, 10, 71, 78, 79, 20, 31, 24, 39, 48, 7, 3, 58, 21, 56, 77, 11, 9, 46, 66, 14, 61, 74, 67, 40, 63, 51, 54, 73, 22, 69, 27, 29, 65, 62, 16, 32, 12, 55, 49, 57, 36, 4, 41, 25, 64, 47, 6, 60, 35, 0, 30, 33, 37, 42, 26, 68, 75, 15, 59, 17, 53, 19, 2, 8, 13, 28, 23, 72, 5, 18, 43, 70, 76, 50]
og index list energy: 194762970.0211278
index list: [47, 1, 2, 3, 4, 5, 6, 7, 8, 9, 10, 11, 12, 13, 74, 14, 15, 16, 78, 17, 18, 19, 20, 21, 22, 23, 24, 25, 26, 27, 28, 29, 30, 31, 32, 76, 33, 34, 35, 36, 37, 38, 39, 40, 41, 0, 73, 77, 43, 44, 45, 46, 48, 75, 50, 51, 52, 53, 54, 55, 56, 57, 58, 79, 59, 60, 61, 62, 63, 64, 65, 66, 67, 68, 69, 70, 71, 49, 42, 72]
index list energy: 203581.12946516022
Done


iterations: 100000000 temp: 1000000.0 exponent: 0.9 eif: 300.0
time taken (sec): 8284.090326547623
number of iterations: 100000000
final temperature: 159.26791088519815
og index list: [16, 4, 34, 10, 28, 32, 63, 25, 17, 77, 71, 67, 37, 38, 73, 21, 22, 19, 29, 60, 1, 8, 39, 78, 64, 42, 13, 48, 9, 53, 52, 14, 15, 41, 55, 18, 57, 20, 12, 51, 11, 49, 33, 43, 26, 47, 56, 6, 76, 69, 65, 74, 5, 70, 75, 68, 36, 23, 72, 44, 66, 7, 31, 46, 3, 24, 59, 35, 0, 45, 79, 50, 54, 2, 27, 58, 62, 61, 30, 40]
og index list energy: 156835560.9061609
index list: [72, 1, 2, 3, 4, 5, 6, 7, 8, 9, 10, 11, 12, 13, 78, 14, 15, 16, 79, 17, 18, 19, 20, 21, 22, 23, 24, 25, 26, 27, 28, 29, 30, 31, 32, 76, 33, 34, 35, 36, 37, 38, 39, 40, 41, 75, 42, 43, 44, 45, 46, 47, 48, 74, 50, 51, 52, 53, 54, 55, 56, 57, 58, 49, 59, 60, 61, 62, 63, 64, 65, 66, 67, 68, 69, 77, 70, 71, 0, 73]
index list energy: 152290.42158758297
Done


iterations: 100000000 temp: 1000000.0 exponent: 0.9 eif: 300.0
time taken (sec): 8516.16727566719
number of iterations: 100000000
final temperature: 159.26791088519815
og index list: [37, 27, 45, 8, 29, 58, 7, 11, 71, 4, 63, 33, 62, 40, 31, 13, 74, 56, 53, 50, 0, 26, 77, 18, 1, 12, 60, 66, 78, 39, 38, 64, 32, 14, 3, 9, 46, 61, 41, 25, 2, 22, 44, 28, 70, 57, 69, 23, 75, 30, 20, 16, 17, 5, 34, 15, 36, 54, 65, 55, 72, 24, 52, 48, 73, 35, 68, 6, 10, 43, 21, 59, 51, 79, 42, 47, 67, 49, 19, 76]
og index list energy: 187335383.13210002
index list: [0, 1, 2, 3, 4, 5, 6, 7, 8, 9, 10, 11, 12, 13, 75, 14, 15, 16, 76, 17, 18, 19, 20, 21, 22, 23, 24, 25, 26, 27, 28, 29, 30, 31, 32, 74, 33, 34, 35, 36, 37, 38, 39, 40, 41, 49, 42, 43, 44, 45, 46, 47, 48, 79, 50, 51, 52, 53, 54, 55, 56, 57, 58, 78, 59, 60, 61, 62, 63, 64, 65, 66, 67, 68, 69, 70, 71, 77, 72, 73]
index list energy: 152293.52169419697
Done


iterations: 100000000 temp: 1000000.0 exponent: 0.9 eif: 300.0
time taken (sec): 713.3769867420197
number of iterations: 16344797
final temperature: 135085.17176729924
og index list: [69, 9, 51, 32, 6, 68, 78, 0, 15, 29, 65, 42, 73, 50, 59, 54, 23, 71, 21, 43, 41, 60, 5, 47, 37, 53, 46, 20, 72, 57, 56, 12, 13, 24, 30, 31, 22, 10, 44, 34, 75, 55, 40, 3, 36, 39, 4, 27, 26, 67, 77, 76, 48, 74, 28, 17, 14, 19, 11, 8, 79, 18, 63, 38, 62, 66, 58, 52, 7, 2, 35, 33, 1, 61, 49, 70, 16, 45, 64, 25]
og index list energy: 133375715.1022677
index list: [71, 47, 39, 50, 51, 40, 73, 78, 54, 31, 16, 12, 21, 22, 23, 7, 8, 46, 44, 36, 37, 57, 11, 13, 76, 45, 9, 38, 70, 74, 26, 27, 28, 29, 30, 0, 33, 34, 49, 41, 25, 65, 77, 56, 10, 42, 59, 60, 61, 62, 14, 5, 63, 55, 69, 1, 2, 58, 35, 6, 72, 79, 43, 32, 68, 53, 48, 64, 75, 52, 24, 66, 17, 18, 19, 15, 3, 4, 67, 20]
index list energy: 7512532.011933396
Done


program ended at: 2020-03-30 09:19:23.203889 
 time delta: 11:57:59.968623
