## SLURM PROLOG ###############################################################
##    Job ID : 11508657
##  Job Name : verifying_2np4_works
##  Nodelist : node1164
##      CPUs : 1
##  Mem/Node : 1024 MB
## Directory : /gpfs/data/nfawzi/skale/Fawzi_pycharm_project
##   Started : Sun Mar 29 21:21:50 EDT 2020
###############################################################################
program started at:2020-03-29 21:21:50.793996
iterations: 100000000 temp: 1000000.0 exponent: 0.9 eif: 300.0
time taken (sec): 9648.60287475586
number of iterations: 100000000
final temperature: 159.26791088519815
og index list: [55, 77, 31, 75, 34, 19, 14, 59, 51, 17, 43, 24, 5, 68, 15, 37, 49, 1, 74, 35, 18, 8, 36, 3, 12, 13, 4, 41, 39, 20, 2, 64, 73, 66, 28, 9, 63, 54, 56, 61, 50, 40, 45, 38, 42, 0, 27, 11, 60, 23, 48, 22, 65, 62, 7, 52, 57, 58, 25, 67, 71, 29, 16, 30, 53, 79, 21, 46, 6, 10, 33, 70, 44, 78, 72, 26, 76, 47, 69, 32]
og index list energy: 179930731.73262647
index list: [0, 1, 2, 3, 4, 5, 6, 7, 8, 9, 10, 11, 12, 13, 75, 14, 15, 16, 79, 17, 18, 19, 20, 21, 22, 23, 24, 25, 26, 27, 28, 29, 30, 31, 32, 74, 33, 34, 35, 36, 37, 38, 39, 40, 41, 77, 42, 43, 44, 45, 46, 47, 48, 76, 50, 51, 52, 53, 54, 55, 56, 57, 58, 49, 59, 60, 61, 62, 63, 64, 65, 66, 67, 68, 69, 70, 71, 78, 72, 73]
index list energy: 152293.52169419697
Done


iterations: 100000000 temp: 1000000.0 exponent: 0.9 eif: 300.0
time taken (sec): 8766.669100046158
number of iterations: 100000000
final temperature: 159.26791088519815
og index list: [71, 10, 62, 70, 26, 35, 27, 59, 77, 39, 49, 63, 11, 56, 74, 23, 6, 60, 67, 69, 47, 52, 43, 13, 21, 31, 5, 33, 75, 65, 53, 57, 9, 34, 50, 55, 78, 28, 58, 7, 17, 61, 51, 72, 3, 79, 45, 73, 48, 19, 20, 38, 41, 64, 16, 46, 18, 4, 8, 40, 24, 66, 36, 12, 25, 68, 29, 2, 1, 22, 42, 32, 0, 37, 14, 76, 30, 54, 15, 44]
og index list energy: 160816520.48863623
index list: [72, 1, 2, 3, 4, 5, 6, 7, 8, 9, 10, 11, 12, 13, 16, 74, 42, 70, 79, 17, 18, 19, 20, 21, 22, 23, 24, 25, 26, 27, 28, 29, 30, 31, 32, 49, 33, 34, 35, 36, 37, 38, 39, 40, 41, 71, 78, 43, 44, 45, 46, 47, 48, 77, 50, 51, 52, 53, 54, 55, 56, 57, 58, 75, 59, 60, 61, 62, 63, 64, 65, 66, 67, 68, 69, 76, 14, 15, 0, 73]
index list energy: 186452.65973732513
Done


iterations: 100000000 temp: 1000000.0 exponent: 0.9 eif: 300.0
time taken (sec): 9486.92642378807
number of iterations: 100000000
final temperature: 159.26791088519815
og index list: [21, 68, 25, 7, 13, 73, 33, 30, 67, 3, 16, 26, 72, 47, 24, 36, 43, 18, 49, 37, 23, 52, 59, 15, 28, 51, 40, 14, 74, 27, 55, 32, 76, 66, 38, 6, 77, 42, 63, 64, 2, 10, 11, 41, 9, 53, 57, 29, 58, 4, 71, 17, 79, 69, 5, 54, 39, 12, 31, 35, 1, 70, 62, 34, 0, 56, 8, 65, 45, 50, 22, 46, 60, 19, 78, 20, 44, 75, 48, 61]
og index list energy: 137071295.10130796
index list: [0, 1, 2, 3, 4, 5, 6, 7, 8, 9, 10, 11, 12, 13, 78, 14, 15, 16, 76, 17, 18, 19, 20, 21, 22, 23, 24, 25, 26, 27, 28, 29, 30, 31, 32, 49, 33, 34, 35, 36, 37, 38, 39, 40, 41, 75, 42, 43, 44, 45, 46, 47, 48, 79, 50, 51, 52, 53, 54, 55, 56, 57, 58, 74, 59, 60, 61, 62, 63, 64, 65, 66, 67, 68, 69, 70, 71, 77, 72, 73]
index list energy: 152293.52169419697
Done


iterations: 100000000 temp: 1000000.0 exponent: 0.9 eif: 300.0
time taken (sec): 8641.324640750885
number of iterations: 100000000
final temperature: 159.26791088519815
og index list: [53, 59, 58, 5, 1, 65, 17, 2, 3, 70, 61, 8, 27, 15, 32, 67, 23, 78, 14, 42, 26, 71, 43, 30, 41, 47, 54, 10, 36, 38, 48, 49, 16, 24, 12, 66, 44, 31, 29, 55, 28, 6, 45, 64, 9, 74, 4, 56, 22, 34, 63, 11, 75, 77, 19, 50, 62, 60, 7, 18, 69, 72, 13, 68, 52, 57, 51, 79, 46, 21, 76, 25, 73, 35, 20, 0, 40, 33, 39, 37]
og index list energy: 108365812.82625681
index list: [72, 1, 2, 3, 4, 5, 6, 7, 8, 9, 10, 11, 12, 13, 76, 14, 15, 16, 78, 17, 18, 19, 20, 21, 22, 23, 24, 25, 26, 27, 28, 29, 30, 31, 79, 42, 33, 34, 35, 36, 37, 38, 39, 40, 41, 71, 75, 43, 44, 45, 46, 47, 48, 77, 50, 51, 52, 53, 54, 55, 56, 57, 58, 49, 59, 60, 61, 62, 63, 64, 65, 66, 67, 68, 69, 70, 74, 32, 0, 73]
index list energy: 171577.16464737442
Done


iterations: 100000000 temp: 1000000.0 exponent: 0.9 eif: 300.0
time taken (sec): 6536.3453104496
number of iterations: 76022101
final temperature: 626.5787482177979
og index list: [10, 39, 77, 14, 69, 11, 53, 71, 68, 54, 76, 8, 9, 5, 55, 30, 25, 66, 44, 29, 52, 22, 32, 17, 57, 7, 59, 41, 33, 79, 20, 63, 38, 48, 78, 49, 65, 27, 15, 18, 64, 23, 24, 1, 26, 75, 61, 13, 12, 0, 34, 45, 50, 43, 31, 60, 73, 42, 37, 4, 51, 35, 62, 67, 3, 72, 74, 6, 16, 40, 28, 19, 56, 70, 58, 21, 36, 46, 2, 47]
og index list energy: 128627409.02291153
index list: [72, 1, 2, 3, 4, 5, 6, 7, 8, 9, 10, 11, 12, 13, 79, 14, 15, 16, 49, 17, 18, 19, 20, 21, 22, 23, 24, 25, 26, 27, 28, 29, 30, 31, 32, 77, 33, 34, 35, 36, 37, 38, 39, 40, 41, 74, 42, 43, 44, 45, 46, 47, 48, 76, 50, 51, 52, 53, 54, 55, 56, 57, 58, 75, 59, 60, 61, 62, 63, 64, 65, 66, 67, 68, 69, 78, 70, 71, 0, 73]
index list energy: 152290.42158758297
Done


program ended at: 2020-03-30 09:19:50.793425 
 time delta: 11:57:59.999429
