## SLURM PROLOG ###############################################################
##    Job ID : 11508591
##  Job Name : verifying_2np4_works
##  Nodelist : node1302
##      CPUs : 1
##  Mem/Node : 1024 MB
## Directory : /gpfs/data/nfawzi/skale/Fawzi_pycharm_project
##   Started : Sun Mar 29 21:21:21 EDT 2020
###############################################################################
program started at:2020-03-29 21:21:21.985177
iterations: 100000000 temp: 1000000.0 exponent: 0.9 eif: 300.0
time taken (sec): 7869.835365533829
number of iterations: 100000000
final temperature: 159.26791088519815
og index list: [66, 30, 44, 8, 77, 72, 4, 47, 78, 27, 3, 22, 68, 75, 48, 40, 60, 16, 57, 5, 71, 0, 38, 31, 42, 14, 15, 79, 37, 41, 46, 10, 25, 39, 26, 28, 59, 54, 19, 58, 53, 24, 50, 1, 65, 35, 21, 36, 17, 6, 52, 76, 63, 56, 7, 69, 55, 49, 74, 9, 32, 61, 12, 70, 34, 20, 23, 64, 51, 29, 18, 11, 73, 45, 33, 62, 67, 2, 13, 43]
og index list energy: 159225923.38126686
index list: [72, 1, 2, 3, 4, 5, 6, 7, 8, 9, 10, 11, 12, 13, 74, 14, 15, 16, 78, 17, 18, 19, 20, 21, 22, 23, 24, 25, 26, 27, 28, 29, 30, 31, 32, 79, 33, 34, 35, 36, 37, 38, 39, 40, 41, 77, 42, 43, 44, 45, 46, 47, 48, 49, 50, 51, 52, 53, 54, 55, 56, 57, 58, 75, 59, 60, 61, 62, 63, 64, 65, 66, 67, 68, 69, 76, 70, 71, 0, 73]
index list energy: 151991.621587583
Done


iterations: 100000000 temp: 1000000.0 exponent: 0.9 eif: 300.0
time taken (sec): 8650.644862651825
number of iterations: 100000000
final temperature: 159.26791088519815
og index list: [12, 15, 13, 66, 51, 36, 42, 27, 33, 32, 64, 74, 54, 76, 41, 8, 68, 19, 6, 17, 75, 77, 67, 58, 62, 56, 2, 7, 37, 60, 22, 59, 63, 46, 11, 39, 35, 25, 10, 72, 78, 49, 44, 40, 53, 55, 24, 29, 26, 3, 69, 1, 48, 9, 52, 45, 18, 31, 5, 20, 57, 38, 47, 61, 30, 0, 65, 14, 43, 50, 34, 21, 70, 28, 73, 16, 4, 79, 71, 23]
og index list energy: 144269486.60554007
index list: [0, 1, 2, 3, 4, 5, 6, 7, 8, 9, 10, 11, 12, 13, 74, 14, 15, 16, 77, 17, 18, 19, 20, 21, 22, 23, 24, 25, 26, 27, 28, 29, 30, 31, 32, 49, 33, 34, 35, 36, 37, 38, 39, 40, 41, 79, 42, 43, 44, 45, 46, 47, 48, 75, 50, 51, 52, 53, 54, 55, 56, 57, 58, 76, 59, 60, 61, 62, 63, 64, 65, 66, 67, 68, 69, 70, 71, 78, 72, 73]
index list energy: 152293.52169419697
Done


iterations: 100000000 temp: 1000000.0 exponent: 0.9 eif: 300.0
time taken (sec): 7882.123191833496
number of iterations: 100000000
final temperature: 159.26791088519815
og index list: [14, 74, 6, 37, 4, 15, 58, 35, 38, 61, 17, 53, 32, 66, 67, 77, 28, 62, 21, 55, 20, 26, 24, 73, 12, 47, 2, 49, 79, 44, 50, 59, 46, 68, 42, 22, 7, 41, 30, 64, 29, 70, 1, 54, 56, 33, 18, 57, 34, 23, 72, 60, 31, 25, 3, 52, 65, 16, 51, 78, 5, 11, 69, 36, 8, 27, 75, 10, 40, 48, 39, 63, 0, 71, 9, 19, 43, 76, 45, 13]
og index list energy: 146859995.18811107
index list: [72, 1, 2, 3, 4, 5, 6, 7, 8, 9, 10, 11, 12, 13, 75, 14, 15, 16, 78, 17, 18, 19, 20, 21, 22, 23, 24, 25, 26, 27, 28, 29, 30, 31, 32, 79, 33, 34, 35, 36, 37, 38, 39, 40, 41, 76, 42, 43, 44, 45, 46, 47, 48, 77, 50, 51, 52, 53, 54, 55, 56, 57, 58, 49, 59, 60, 61, 62, 63, 64, 65, 66, 67, 68, 69, 74, 70, 71, 0, 73]
index list energy: 152290.42158758297
Done


iterations: 100000000 temp: 1000000.0 exponent: 0.9 eif: 300.0
time taken (sec): 7849.627170562744
number of iterations: 100000000
final temperature: 159.26791088519815
og index list: [38, 20, 35, 64, 51, 66, 49, 53, 50, 29, 78, 19, 54, 37, 0, 73, 1, 12, 41, 45, 46, 77, 22, 71, 31, 56, 6, 14, 32, 23, 65, 47, 11, 52, 3, 55, 39, 69, 16, 76, 60, 33, 72, 26, 13, 62, 70, 17, 24, 74, 57, 67, 7, 9, 61, 43, 28, 10, 15, 27, 79, 58, 48, 4, 8, 18, 44, 30, 34, 68, 21, 42, 40, 36, 2, 25, 5, 59, 75, 63]
og index list energy: 165414756.67573488
index list: [72, 1, 2, 3, 4, 5, 6, 7, 8, 9, 10, 11, 12, 13, 77, 14, 15, 16, 76, 17, 18, 19, 20, 21, 22, 23, 24, 25, 26, 27, 28, 29, 30, 31, 32, 79, 33, 34, 35, 36, 37, 38, 39, 40, 41, 78, 42, 43, 44, 45, 46, 47, 48, 75, 50, 51, 52, 53, 54, 55, 56, 57, 58, 49, 59, 60, 61, 62, 63, 64, 65, 66, 67, 68, 69, 74, 70, 71, 0, 73]
index list energy: 152290.42158758297
Done


iterations: 100000000 temp: 1000000.0 exponent: 0.9 eif: 300.0
time taken (sec): 7849.348489522934
number of iterations: 100000000
final temperature: 159.26791088519815
og index list: [16, 17, 0, 51, 48, 28, 30, 57, 22, 12, 20, 56, 21, 37, 23, 41, 50, 66, 75, 55, 4, 73, 42, 46, 34, 15, 49, 7, 76, 18, 78, 35, 61, 70, 62, 27, 74, 77, 79, 25, 65, 54, 59, 67, 19, 11, 2, 52, 5, 68, 29, 45, 24, 1, 3, 36, 13, 71, 14, 72, 47, 60, 43, 26, 10, 9, 53, 6, 69, 32, 63, 58, 8, 33, 44, 64, 38, 31, 39, 40]
og index list energy: 157323721.1413209
index list: [72, 1, 2, 3, 4, 5, 6, 7, 8, 9, 10, 11, 12, 13, 77, 14, 15, 16, 79, 17, 18, 19, 20, 21, 22, 23, 24, 25, 26, 27, 28, 29, 30, 31, 32, 49, 33, 34, 35, 36, 37, 38, 39, 40, 41, 75, 42, 43, 44, 45, 46, 47, 48, 76, 50, 51, 52, 53, 54, 55, 56, 57, 58, 74, 59, 60, 61, 62, 63, 64, 65, 66, 67, 68, 69, 78, 70, 71, 0, 73]
index list energy: 152290.42158758297
Done


iterations: 100000000 temp: 1000000.0 exponent: 0.9 eif: 300.0
time taken (sec): 2978.286761522293
number of iterations: 47438173
final temperature: 5726.416897022352
og index list: [6, 24, 43, 40, 55, 78, 56, 19, 45, 60, 64, 72, 38, 70, 10, 51, 32, 11, 49, 47, 25, 46, 28, 50, 67, 52, 31, 21, 63, 42, 14, 12, 58, 74, 17, 57, 76, 68, 8, 65, 20, 27, 48, 79, 4, 2, 5, 44, 22, 39, 36, 77, 71, 7, 16, 73, 34, 0, 33, 62, 61, 1, 26, 29, 54, 23, 41, 9, 30, 37, 69, 66, 15, 13, 59, 35, 18, 3, 53, 75]
og index list energy: 144163489.80024156
index list: [72, 1, 2, 3, 4, 5, 6, 7, 8, 9, 10, 11, 12, 13, 74, 14, 15, 16, 49, 17, 18, 19, 20, 21, 22, 23, 24, 25, 26, 27, 28, 29, 30, 31, 32, 77, 33, 34, 35, 36, 37, 38, 39, 40, 41, 78, 42, 43, 44, 45, 46, 47, 48, 79, 50, 51, 52, 53, 54, 55, 56, 57, 58, 76, 59, 60, 61, 62, 63, 64, 65, 66, 67, 68, 69, 75, 70, 71, 0, 73]
index list energy: 152290.42158758297
Done


program ended at: 2020-03-30 09:19:21.977777 
 time delta: 11:57:59.992600
