## SLURM PROLOG ###############################################################
##    Job ID : 11508680
##  Job Name : verifying_2np4_works
##  Nodelist : node1117
##      CPUs : 1
##  Mem/Node : 1024 MB
## Directory : /gpfs/data/nfawzi/skale/Fawzi_pycharm_project
##   Started : Sun Mar 29 21:22:28 EDT 2020
###############################################################################
program started at:2020-03-29 21:22:28.408896
iterations: 100000000 temp: 1000000.0 exponent: 0.9 eif: 300.0
time taken (sec): 7991.686774969101
number of iterations: 100000000
final temperature: 159.26791088519815
og index list: [62, 32, 58, 50, 36, 22, 24, 34, 33, 61, 66, 8, 70, 48, 43, 31, 16, 56, 55, 7, 15, 35, 11, 27, 52, 75, 77, 10, 45, 67, 21, 29, 79, 71, 6, 14, 47, 20, 78, 73, 25, 23, 63, 74, 0, 18, 40, 4, 12, 46, 60, 72, 39, 41, 49, 3, 53, 69, 42, 76, 1, 30, 17, 37, 64, 26, 57, 2, 68, 44, 19, 54, 28, 38, 65, 13, 9, 59, 5, 51]
og index list energy: 112372553.53077622
index list: [0, 1, 2, 3, 4, 5, 6, 7, 8, 9, 10, 11, 12, 13, 78, 14, 15, 16, 74, 17, 18, 19, 20, 21, 22, 23, 24, 25, 26, 27, 28, 29, 30, 31, 32, 79, 33, 34, 35, 36, 37, 38, 39, 40, 41, 75, 42, 43, 44, 45, 46, 47, 48, 76, 50, 51, 52, 53, 54, 55, 56, 57, 58, 77, 59, 60, 61, 62, 63, 64, 65, 66, 67, 68, 69, 70, 71, 49, 72, 73]
index list energy: 152293.52169419697
Done


iterations: 100000000 temp: 1000000.0 exponent: 0.9 eif: 300.0
time taken (sec): 7998.144227981567
number of iterations: 100000000
final temperature: 159.26791088519815
og index list: [51, 27, 58, 5, 39, 8, 37, 20, 4, 36, 30, 75, 49, 60, 59, 6, 57, 33, 32, 25, 64, 21, 1, 23, 41, 61, 63, 26, 0, 67, 34, 76, 62, 9, 47, 18, 50, 43, 28, 54, 70, 2, 56, 38, 65, 31, 10, 12, 55, 22, 29, 40, 78, 11, 35, 69, 17, 73, 77, 15, 13, 19, 52, 68, 24, 44, 7, 3, 46, 74, 45, 72, 53, 71, 16, 79, 14, 48, 42, 66]
og index list energy: 140971735.8373098
index list: [0, 1, 2, 3, 4, 5, 6, 7, 8, 9, 10, 11, 12, 13, 79, 14, 15, 16, 76, 17, 18, 19, 20, 21, 22, 23, 24, 25, 26, 27, 28, 29, 30, 31, 32, 75, 33, 34, 35, 36, 37, 38, 39, 40, 41, 49, 42, 43, 44, 45, 46, 47, 48, 74, 50, 51, 52, 53, 54, 55, 56, 57, 58, 78, 59, 60, 61, 62, 63, 64, 65, 66, 67, 68, 69, 70, 71, 77, 72, 73]
index list energy: 152293.52169419697
Done


iterations: 100000000 temp: 1000000.0 exponent: 0.9 eif: 300.0
time taken (sec): 7475.386108636856
number of iterations: 100000000
final temperature: 159.26791088519815
og index list: [39, 47, 50, 70, 9, 41, 15, 14, 72, 71, 77, 34, 6, 43, 76, 69, 5, 21, 79, 36, 28, 48, 27, 65, 26, 12, 55, 64, 38, 30, 52, 53, 19, 7, 22, 61, 66, 73, 45, 32, 29, 63, 78, 42, 59, 54, 16, 8, 46, 37, 25, 56, 51, 11, 60, 2, 44, 4, 31, 57, 74, 58, 23, 75, 17, 62, 10, 67, 1, 40, 24, 20, 0, 3, 33, 18, 49, 68, 35, 13]
og index list energy: 215102452.72855195
index list: [72, 1, 2, 3, 4, 5, 6, 7, 8, 9, 10, 11, 12, 13, 49, 14, 15, 16, 78, 17, 18, 19, 20, 21, 22, 23, 24, 25, 26, 27, 28, 29, 30, 31, 32, 77, 33, 34, 35, 36, 37, 38, 39, 40, 41, 79, 42, 43, 44, 45, 46, 47, 48, 75, 50, 51, 52, 53, 54, 55, 56, 57, 58, 74, 59, 60, 61, 62, 63, 64, 65, 66, 67, 68, 69, 76, 70, 71, 0, 73]
index list energy: 152290.42158758297
Done


iterations: 100000000 temp: 1000000.0 exponent: 0.9 eif: 300.0
time taken (sec): 7375.62465763092
number of iterations: 100000000
final temperature: 159.26791088519815
og index list: [1, 12, 0, 48, 37, 23, 61, 73, 7, 77, 49, 17, 33, 9, 20, 3, 67, 8, 36, 51, 39, 59, 57, 44, 47, 32, 42, 22, 19, 72, 16, 38, 56, 58, 78, 45, 29, 79, 53, 31, 14, 60, 15, 66, 34, 5, 43, 50, 46, 75, 26, 35, 6, 65, 62, 30, 10, 64, 4, 25, 18, 71, 70, 28, 21, 24, 74, 76, 68, 55, 54, 63, 69, 13, 41, 2, 40, 27, 11, 52]
og index list energy: 174122412.7351051
index list: [72, 1, 2, 3, 4, 5, 6, 7, 8, 9, 10, 11, 12, 13, 78, 14, 15, 16, 74, 17, 18, 19, 20, 21, 22, 23, 24, 25, 26, 27, 28, 29, 30, 31, 32, 76, 33, 34, 35, 36, 37, 38, 39, 40, 41, 71, 75, 43, 44, 45, 46, 47, 48, 79, 50, 51, 52, 53, 54, 55, 56, 57, 58, 49, 59, 60, 61, 62, 63, 64, 65, 66, 67, 68, 69, 77, 42, 70, 0, 73]
index list energy: 179619.31346347023
Done


iterations: 100000000 temp: 1000000.0 exponent: 0.9 eif: 300.0
time taken (sec): 6984.2055995464325
number of iterations: 100000000
final temperature: 159.26791088519815
og index list: [67, 28, 27, 70, 52, 54, 1, 51, 40, 23, 69, 55, 79, 43, 50, 3, 56, 48, 38, 12, 75, 16, 76, 77, 20, 71, 46, 41, 45, 11, 68, 5, 33, 53, 65, 24, 49, 7, 8, 37, 35, 36, 73, 39, 34, 47, 21, 19, 57, 44, 6, 25, 64, 10, 14, 63, 15, 42, 18, 26, 30, 66, 74, 58, 32, 17, 29, 9, 2, 22, 59, 13, 62, 4, 61, 31, 60, 78, 72, 0]
og index list energy: 137681243.25922272
index list: [72, 1, 2, 3, 4, 5, 6, 7, 8, 9, 10, 11, 12, 13, 76, 14, 15, 16, 75, 17, 18, 19, 20, 21, 22, 23, 24, 25, 26, 27, 28, 29, 30, 31, 32, 49, 33, 34, 35, 36, 37, 38, 39, 40, 41, 78, 42, 43, 44, 45, 46, 47, 48, 74, 50, 51, 52, 53, 54, 55, 56, 57, 58, 77, 59, 60, 61, 62, 63, 64, 65, 66, 67, 68, 69, 79, 70, 71, 0, 73]
index list energy: 152290.42158758297
Done


iterations: 100000000 temp: 1000000.0 exponent: 0.9 eif: 300.0
time taken (sec): 5254.824924468994
number of iterations: 79585395
final temperature: 507.5287860564163
og index list: [49, 8, 70, 11, 21, 19, 78, 52, 33, 54, 34, 9, 71, 10, 3, 1, 64, 45, 58, 73, 24, 7, 36, 28, 2, 42, 27, 23, 20, 37, 75, 66, 72, 53, 16, 60, 40, 4, 77, 13, 65, 17, 43, 61, 15, 67, 74, 39, 31, 18, 6, 44, 47, 50, 25, 38, 35, 56, 41, 68, 59, 30, 0, 46, 22, 69, 14, 48, 55, 26, 32, 51, 62, 79, 57, 12, 29, 63, 5, 76]
og index list energy: 135628865.3893676
index list: [72, 1, 2, 3, 4, 5, 6, 7, 8, 9, 10, 11, 12, 13, 75, 14, 15, 16, 76, 17, 18, 19, 20, 21, 22, 23, 24, 25, 26, 27, 28, 29, 30, 31, 32, 49, 33, 34, 35, 36, 37, 38, 39, 40, 41, 78, 42, 43, 44, 45, 46, 47, 48, 77, 50, 51, 52, 53, 54, 55, 56, 57, 58, 74, 59, 60, 61, 62, 63, 64, 65, 66, 67, 68, 69, 79, 70, 71, 0, 73]
index list energy: 152290.42158758297
Done


program ended at: 2020-03-30 09:20:28.403821 
 time delta: 11:57:59.994925
