## SLURM PROLOG ###############################################################
##    Job ID : 11508666
##  Job Name : verifying_2np4_works
##  Nodelist : node1107
##      CPUs : 1
##  Mem/Node : 1024 MB
## Directory : /gpfs/data/nfawzi/skale/Fawzi_pycharm_project
##   Started : Sun Mar 29 21:21:50 EDT 2020
###############################################################################
program started at:2020-03-29 21:21:51.330347
iterations: 100000000 temp: 1000000.0 exponent: 0.9 eif: 300.0
time taken (sec): 9104.119495868683
number of iterations: 100000000
final temperature: 159.26791088519815
og index list: [74, 17, 28, 20, 45, 63, 9, 13, 78, 1, 2, 72, 79, 56, 24, 21, 31, 33, 5, 46, 59, 32, 36, 43, 57, 51, 19, 35, 40, 70, 14, 52, 11, 44, 75, 69, 27, 68, 42, 29, 61, 71, 3, 41, 4, 23, 64, 18, 60, 50, 73, 34, 65, 77, 53, 54, 10, 67, 25, 38, 26, 6, 8, 37, 62, 66, 47, 76, 7, 55, 49, 39, 30, 12, 22, 48, 0, 16, 15, 58]
og index list energy: 139317307.26633045
index list: [0, 1, 2, 3, 4, 5, 6, 7, 8, 9, 10, 11, 12, 13, 49, 14, 15, 16, 76, 17, 18, 19, 20, 21, 22, 23, 24, 25, 26, 27, 28, 29, 30, 31, 32, 78, 33, 34, 35, 36, 37, 38, 39, 40, 41, 77, 42, 43, 44, 45, 46, 47, 48, 75, 50, 51, 52, 53, 54, 55, 56, 57, 58, 74, 59, 60, 61, 62, 63, 64, 65, 66, 67, 68, 69, 70, 71, 79, 72, 73]
index list energy: 152293.52169419697
Done


iterations: 100000000 temp: 1000000.0 exponent: 0.9 eif: 300.0
time taken (sec): 8763.651503324509
number of iterations: 100000000
final temperature: 159.26791088519815
og index list: [56, 54, 29, 79, 71, 63, 59, 25, 38, 69, 14, 49, 75, 9, 46, 20, 66, 16, 13, 42, 11, 45, 74, 6, 48, 44, 58, 24, 47, 76, 51, 19, 33, 28, 68, 1, 73, 78, 67, 32, 10, 40, 30, 65, 17, 43, 15, 4, 52, 8, 61, 39, 62, 72, 70, 35, 36, 53, 55, 64, 2, 5, 57, 12, 77, 41, 23, 22, 50, 7, 18, 27, 26, 3, 34, 37, 60, 21, 31, 0]
og index list energy: 142725460.0396325
index list: [72, 1, 2, 3, 4, 5, 6, 7, 8, 9, 10, 11, 12, 13, 49, 14, 15, 16, 78, 17, 18, 19, 20, 21, 22, 23, 24, 25, 26, 27, 28, 29, 30, 31, 32, 77, 33, 34, 35, 36, 37, 38, 39, 40, 41, 0, 73, 76, 44, 45, 46, 47, 48, 75, 50, 51, 52, 53, 54, 55, 56, 57, 58, 74, 59, 60, 61, 62, 63, 64, 65, 66, 67, 68, 69, 70, 71, 79, 42, 43]
index list energy: 173495.1778064098
Done


iterations: 100000000 temp: 1000000.0 exponent: 0.9 eif: 300.0
time taken (sec): 8861.073400259018
number of iterations: 100000000
final temperature: 159.26791088519815
og index list: [16, 42, 43, 78, 41, 18, 63, 47, 68, 71, 40, 67, 1, 59, 27, 24, 74, 23, 31, 61, 50, 6, 22, 25, 73, 56, 7, 28, 14, 33, 76, 70, 75, 38, 58, 26, 19, 79, 55, 30, 62, 11, 35, 13, 3, 72, 37, 39, 2, 20, 60, 21, 57, 10, 77, 66, 36, 44, 0, 52, 64, 12, 8, 46, 15, 29, 54, 4, 51, 34, 53, 17, 32, 48, 9, 49, 5, 65, 69, 45]
og index list energy: 143737652.69687107
index list: [0, 1, 2, 3, 4, 5, 6, 7, 8, 9, 10, 11, 12, 13, 75, 14, 15, 16, 78, 17, 18, 19, 20, 21, 22, 23, 24, 25, 26, 27, 28, 29, 30, 31, 32, 74, 33, 34, 35, 36, 37, 38, 39, 40, 41, 49, 42, 43, 44, 45, 46, 47, 48, 76, 50, 51, 52, 53, 54, 55, 56, 57, 58, 77, 59, 60, 61, 62, 63, 64, 65, 66, 67, 68, 69, 70, 71, 79, 72, 73]
index list energy: 152293.52169419697
Done


iterations: 100000000 temp: 1000000.0 exponent: 0.9 eif: 300.0
time taken (sec): 8500.099108695984
number of iterations: 100000000
final temperature: 159.26791088519815
og index list: [16, 76, 26, 5, 70, 12, 54, 50, 45, 10, 56, 69, 40, 58, 11, 28, 30, 44, 8, 2, 78, 63, 73, 61, 31, 24, 34, 47, 13, 77, 38, 49, 48, 21, 41, 3, 64, 32, 68, 53, 75, 72, 20, 67, 60, 1, 6, 62, 36, 79, 65, 55, 33, 39, 59, 7, 74, 18, 46, 15, 43, 19, 4, 51, 35, 71, 42, 27, 23, 37, 9, 17, 52, 0, 14, 57, 66, 25, 22, 29]
og index list energy: 130718820.30553038
index list: [72, 1, 2, 3, 4, 5, 6, 7, 8, 9, 10, 11, 12, 13, 75, 14, 15, 16, 77, 17, 18, 19, 20, 21, 22, 23, 24, 25, 26, 27, 28, 29, 30, 31, 32, 76, 33, 34, 35, 36, 37, 38, 39, 40, 41, 78, 42, 43, 44, 45, 46, 47, 48, 49, 50, 51, 52, 53, 54, 55, 56, 57, 58, 74, 59, 60, 61, 62, 63, 64, 65, 66, 67, 68, 69, 79, 70, 71, 0, 73]
index list energy: 151991.621587583
Done


iterations: 100000000 temp: 1000000.0 exponent: 0.9 eif: 300.0
time taken (sec): 7850.930337667465
number of iterations: 93506887
final temperature: 242.74944503154717
og index list: [66, 72, 30, 60, 35, 41, 71, 36, 6, 39, 77, 2, 28, 51, 20, 13, 29, 0, 18, 32, 21, 22, 69, 52, 42, 59, 7, 78, 24, 5, 33, 73, 4, 43, 34, 54, 49, 10, 67, 62, 3, 11, 1, 26, 61, 47, 64, 44, 53, 25, 65, 40, 46, 56, 14, 37, 55, 57, 50, 79, 19, 23, 70, 15, 12, 48, 16, 74, 63, 8, 68, 75, 17, 38, 27, 9, 58, 31, 76, 45]
og index list energy: 147077598.6965019
index list: [72, 1, 2, 3, 4, 5, 6, 7, 8, 9, 10, 11, 12, 13, 76, 14, 15, 16, 49, 17, 18, 19, 20, 21, 22, 23, 24, 25, 26, 27, 28, 29, 30, 31, 32, 74, 33, 34, 35, 36, 37, 38, 39, 40, 41, 79, 42, 43, 44, 45, 46, 47, 48, 75, 50, 51, 52, 53, 54, 55, 56, 57, 58, 78, 59, 60, 61, 62, 63, 64, 65, 66, 67, 68, 69, 77, 70, 71, 0, 73]
index list energy: 152290.42158758297
Done


program ended at: 2020-03-30 09:19:51.326215 
 time delta: 11:57:59.995868
