## SLURM PROLOG ###############################################################
##    Job ID : 11508673
##  Job Name : verifying_2np4_works
##  Nodelist : node1101
##      CPUs : 1
##  Mem/Node : 1024 MB
## Directory : /gpfs/data/nfawzi/skale/Fawzi_pycharm_project
##   Started : Sun Mar 29 21:21:52 EDT 2020
###############################################################################
program started at:2020-03-29 21:21:53.086357
iterations: 100000000 temp: 1000000.0 exponent: 0.9 eif: 300.0
time taken (sec): 9383.63300204277
number of iterations: 100000000
final temperature: 159.26791088519815
og index list: [47, 38, 34, 44, 0, 70, 25, 5, 49, 37, 32, 53, 77, 45, 13, 66, 73, 51, 56, 74, 67, 42, 64, 28, 62, 46, 57, 41, 1, 54, 68, 60, 71, 14, 65, 36, 19, 58, 9, 48, 52, 69, 61, 50, 20, 17, 29, 55, 78, 43, 63, 39, 72, 76, 23, 18, 33, 11, 12, 24, 3, 2, 27, 75, 40, 26, 10, 4, 6, 7, 79, 31, 21, 15, 8, 30, 22, 16, 35, 59]
og index list energy: 126944978.97762004
index list: [72, 1, 2, 3, 4, 5, 6, 7, 8, 9, 10, 11, 12, 13, 79, 14, 15, 16, 74, 17, 18, 19, 20, 21, 22, 23, 24, 25, 26, 27, 28, 29, 30, 31, 32, 49, 33, 34, 35, 36, 37, 38, 39, 40, 41, 77, 42, 43, 44, 45, 46, 47, 48, 78, 50, 51, 52, 53, 54, 55, 56, 57, 58, 75, 59, 60, 61, 62, 63, 64, 65, 66, 67, 68, 69, 76, 70, 71, 0, 73]
index list energy: 152290.42158758297
Done


iterations: 100000000 temp: 1000000.0 exponent: 0.9 eif: 300.0
time taken (sec): 8906.805631399155
number of iterations: 100000000
final temperature: 159.26791088519815
og index list: [25, 21, 31, 16, 63, 38, 60, 57, 1, 15, 27, 17, 20, 58, 51, 18, 62, 39, 44, 77, 73, 41, 8, 24, 13, 43, 14, 65, 56, 0, 28, 76, 37, 71, 78, 34, 67, 35, 53, 70, 47, 61, 48, 32, 54, 36, 55, 11, 3, 10, 49, 4, 59, 79, 9, 26, 64, 50, 75, 7, 69, 74, 22, 68, 2, 45, 46, 42, 52, 23, 19, 6, 30, 29, 33, 40, 72, 66, 5, 12]
og index list energy: 138016971.6896345
index list: [72, 1, 2, 3, 4, 5, 6, 7, 8, 9, 10, 11, 12, 13, 79, 14, 15, 16, 78, 17, 18, 19, 20, 21, 22, 23, 24, 25, 26, 27, 28, 29, 30, 31, 32, 76, 33, 34, 35, 36, 37, 38, 39, 40, 41, 74, 42, 43, 44, 45, 46, 47, 48, 77, 50, 51, 52, 53, 54, 55, 56, 57, 58, 49, 59, 60, 61, 62, 63, 64, 65, 66, 67, 68, 69, 75, 70, 71, 0, 73]
index list energy: 152290.42158758297
Done


iterations: 100000000 temp: 1000000.0 exponent: 0.9 eif: 300.0
time taken (sec): 8804.539723396301
number of iterations: 100000000
final temperature: 159.26791088519815
og index list: [19, 75, 39, 58, 51, 66, 45, 14, 21, 78, 68, 43, 16, 55, 47, 9, 73, 33, 69, 50, 71, 65, 62, 77, 12, 20, 15, 48, 57, 2, 0, 17, 11, 1, 32, 76, 46, 5, 56, 70, 38, 28, 74, 3, 37, 60, 67, 41, 18, 36, 4, 24, 23, 44, 52, 31, 29, 42, 6, 54, 22, 79, 49, 64, 8, 34, 72, 30, 59, 10, 7, 63, 53, 40, 26, 25, 13, 35, 61, 27]
og index list energy: 132875389.80828261
index list: [72, 1, 2, 3, 4, 5, 6, 7, 8, 9, 10, 11, 12, 13, 74, 14, 15, 16, 75, 17, 18, 19, 20, 21, 22, 23, 24, 25, 26, 27, 28, 29, 30, 31, 32, 79, 33, 34, 35, 36, 37, 38, 39, 40, 41, 49, 42, 43, 44, 45, 46, 47, 48, 76, 50, 51, 52, 53, 54, 55, 56, 57, 58, 78, 59, 60, 61, 62, 63, 64, 65, 66, 67, 68, 69, 77, 70, 71, 0, 73]
index list energy: 152290.42158758297
Done


iterations: 100000000 temp: 1000000.0 exponent: 0.9 eif: 300.0
time taken (sec): 9177.57304263115
number of iterations: 100000000
final temperature: 159.26791088519815
og index list: [26, 27, 6, 29, 48, 33, 32, 38, 0, 31, 65, 24, 59, 15, 10, 40, 30, 58, 67, 23, 1, 77, 53, 61, 45, 3, 56, 79, 74, 4, 50, 64, 60, 37, 12, 43, 70, 7, 62, 16, 71, 22, 8, 39, 35, 14, 52, 18, 54, 51, 41, 21, 17, 57, 13, 47, 68, 5, 49, 2, 76, 25, 72, 36, 11, 73, 66, 75, 9, 55, 78, 19, 69, 28, 42, 34, 46, 20, 63, 44]
og index list energy: 101129623.56741223
index list: [0, 1, 2, 3, 4, 5, 6, 7, 8, 9, 10, 11, 12, 13, 79, 14, 15, 16, 77, 17, 18, 19, 20, 21, 22, 23, 24, 25, 26, 27, 28, 29, 30, 31, 32, 74, 33, 34, 35, 36, 37, 38, 39, 40, 41, 49, 42, 43, 44, 45, 46, 47, 48, 75, 50, 51, 52, 53, 54, 55, 56, 57, 58, 76, 59, 60, 61, 62, 63, 64, 65, 66, 67, 68, 69, 70, 71, 78, 72, 73]
index list energy: 152293.52169419697
Done


iterations: 100000000 temp: 1000000.0 exponent: 0.9 eif: 300.0
time taken (sec): 6807.306090831757
number of iterations: 80000032
final temperature: 507.5287860564163
og index list: [15, 31, 18, 42, 44, 76, 2, 30, 68, 61, 56, 40, 21, 26, 57, 67, 38, 37, 63, 36, 46, 62, 54, 66, 14, 59, 33, 53, 17, 35, 7, 50, 73, 11, 51, 45, 47, 22, 60, 78, 39, 25, 69, 28, 75, 9, 55, 6, 71, 24, 34, 58, 10, 5, 79, 72, 29, 20, 23, 27, 48, 52, 32, 1, 49, 74, 77, 8, 3, 43, 70, 19, 0, 4, 65, 64, 16, 12, 13, 41]
og index list energy: 151552671.91224483
index list: [72, 1, 2, 3, 4, 5, 6, 7, 8, 9, 10, 11, 12, 13, 49, 14, 15, 16, 77, 17, 18, 19, 20, 21, 22, 23, 24, 25, 26, 27, 28, 29, 30, 31, 32, 76, 33, 34, 35, 36, 37, 38, 39, 40, 41, 74, 42, 43, 44, 45, 46, 47, 48, 78, 50, 51, 52, 53, 54, 55, 56, 57, 58, 79, 59, 60, 61, 62, 63, 64, 65, 66, 67, 68, 69, 75, 70, 71, 0, 73]
index list energy: 152290.42158758297
Done


program ended at: 2020-03-30 09:19:53.079806 
 time delta: 11:57:59.993449
