## SLURM PROLOG ###############################################################
##    Job ID : 11508649
##  Job Name : verifying_2np4_works
##  Nodelist : node1164
##      CPUs : 1
##  Mem/Node : 1024 MB
## Directory : /gpfs/data/nfawzi/skale/Fawzi_pycharm_project
##   Started : Sun Mar 29 21:21:22 EDT 2020
###############################################################################
program started at:2020-03-29 21:21:23.246694
iterations: 100000000 temp: 1000000.0 exponent: 0.9 eif: 300.0
time taken (sec): 9157.391777038574
number of iterations: 100000000
final temperature: 159.26791088519815
og index list: [6, 21, 78, 20, 23, 28, 58, 66, 33, 47, 17, 45, 11, 79, 60, 18, 75, 62, 54, 65, 7, 30, 61, 72, 57, 52, 27, 43, 34, 22, 12, 8, 68, 70, 31, 71, 69, 19, 49, 36, 51, 41, 42, 56, 74, 53, 48, 44, 76, 39, 46, 3, 14, 0, 5, 40, 73, 1, 38, 77, 59, 2, 50, 9, 15, 37, 29, 63, 24, 32, 67, 55, 25, 26, 35, 64, 16, 13, 4, 10]
og index list energy: 186444526.42883262
index list: [0, 1, 2, 3, 4, 5, 6, 7, 8, 9, 10, 11, 12, 13, 74, 14, 15, 16, 77, 17, 18, 19, 20, 21, 22, 23, 24, 25, 26, 27, 28, 29, 30, 31, 32, 78, 33, 34, 35, 36, 37, 38, 39, 40, 41, 75, 42, 43, 44, 45, 46, 47, 48, 49, 50, 51, 52, 53, 54, 55, 56, 57, 58, 79, 59, 60, 61, 62, 63, 64, 65, 66, 67, 68, 69, 70, 71, 76, 72, 73]
index list energy: 151994.72169419698
Done


iterations: 100000000 temp: 1000000.0 exponent: 0.9 eif: 300.0
time taken (sec): 8915.194303274155
number of iterations: 100000000
final temperature: 159.26791088519815
og index list: [4, 47, 37, 61, 71, 28, 49, 36, 7, 9, 79, 74, 26, 31, 1, 76, 24, 60, 21, 57, 39, 77, 66, 54, 73, 67, 34, 65, 48, 22, 15, 27, 44, 43, 53, 5, 62, 12, 51, 38, 0, 33, 78, 69, 72, 16, 50, 40, 42, 35, 18, 25, 75, 11, 64, 17, 2, 46, 10, 3, 70, 13, 52, 19, 20, 56, 68, 32, 41, 14, 23, 55, 29, 59, 8, 30, 63, 45, 6, 58]
og index list energy: 145604333.33715174
index list: [0, 1, 2, 3, 4, 5, 6, 7, 8, 9, 10, 11, 12, 13, 49, 14, 15, 16, 78, 17, 18, 19, 20, 21, 22, 23, 24, 25, 26, 27, 28, 29, 30, 31, 32, 77, 33, 34, 35, 36, 37, 38, 39, 40, 41, 71, 75, 43, 44, 45, 46, 47, 48, 79, 50, 51, 52, 53, 54, 55, 56, 57, 58, 74, 59, 60, 61, 62, 63, 64, 65, 66, 67, 68, 69, 70, 76, 42, 72, 73]
index list energy: 160416.50127390915
Done


iterations: 100000000 temp: 1000000.0 exponent: 0.9 eif: 300.0
time taken (sec): 8522.872746944427
number of iterations: 100000000
final temperature: 159.26791088519815
og index list: [11, 26, 53, 13, 6, 44, 62, 15, 45, 16, 54, 14, 66, 0, 29, 78, 61, 71, 52, 40, 36, 76, 9, 51, 21, 67, 30, 65, 7, 19, 64, 31, 28, 34, 33, 50, 69, 5, 10, 8, 25, 38, 79, 43, 17, 2, 20, 47, 24, 72, 1, 73, 49, 68, 74, 3, 60, 32, 4, 55, 35, 18, 63, 58, 70, 41, 56, 39, 48, 23, 12, 57, 22, 59, 37, 42, 77, 75, 46, 27]
og index list energy: 140924345.62863946
index list: [72, 1, 2, 3, 4, 5, 6, 7, 8, 9, 10, 11, 12, 13, 78, 14, 15, 16, 76, 17, 18, 19, 20, 21, 22, 23, 24, 25, 26, 27, 28, 29, 30, 31, 74, 42, 33, 34, 35, 36, 37, 38, 39, 40, 41, 71, 77, 43, 44, 45, 46, 47, 48, 75, 50, 51, 52, 53, 54, 55, 56, 57, 58, 49, 59, 60, 61, 62, 63, 64, 65, 66, 67, 68, 69, 70, 79, 32, 0, 73]
index list energy: 171577.16464737442
Done


iterations: 100000000 temp: 1000000.0 exponent: 0.9 eif: 300.0
time taken (sec): 8431.596902370453
number of iterations: 100000000
final temperature: 159.26791088519815
og index list: [24, 71, 16, 74, 9, 5, 47, 45, 69, 73, 48, 25, 17, 11, 35, 1, 66, 14, 52, 42, 41, 38, 0, 13, 79, 58, 72, 62, 7, 31, 51, 49, 3, 10, 53, 60, 18, 54, 6, 27, 43, 59, 46, 37, 2, 8, 26, 57, 78, 63, 32, 33, 68, 75, 15, 29, 65, 19, 50, 77, 76, 4, 20, 44, 30, 12, 39, 55, 23, 28, 64, 61, 70, 22, 21, 40, 36, 34, 67, 56]
og index list energy: 201352160.71351293
index list: [72, 1, 2, 3, 4, 5, 6, 7, 8, 9, 10, 11, 12, 13, 78, 14, 15, 16, 79, 17, 18, 19, 20, 21, 22, 23, 24, 25, 26, 27, 28, 29, 30, 31, 75, 42, 33, 34, 35, 36, 37, 38, 39, 40, 41, 76, 32, 74, 44, 45, 46, 47, 48, 77, 43, 51, 52, 53, 54, 55, 56, 57, 58, 49, 59, 60, 61, 62, 63, 64, 65, 66, 67, 68, 69, 70, 71, 50, 0, 73]
index list energy: 203167.0519209829
Done


iterations: 100000000 temp: 1000000.0 exponent: 0.9 eif: 300.0
time taken (sec): 8052.782498121262
number of iterations: 90343166
final temperature: 269.72160559060796
og index list: [44, 73, 72, 74, 15, 5, 71, 3, 56, 75, 12, 76, 64, 10, 54, 58, 65, 16, 48, 8, 4, 47, 35, 78, 6, 62, 61, 9, 40, 43, 18, 29, 68, 38, 55, 69, 7, 70, 45, 31, 50, 46, 42, 14, 36, 37, 20, 32, 22, 63, 13, 34, 2, 21, 28, 30, 41, 27, 66, 17, 25, 1, 77, 26, 33, 19, 79, 39, 57, 49, 52, 60, 0, 53, 51, 59, 11, 24, 67, 23]
og index list energy: 162531110.15975273
index list: [0, 1, 2, 3, 4, 5, 6, 7, 8, 9, 10, 11, 12, 13, 76, 14, 15, 16, 74, 17, 18, 19, 20, 21, 22, 23, 24, 25, 26, 27, 28, 29, 30, 31, 32, 75, 33, 34, 35, 36, 37, 38, 39, 40, 41, 77, 42, 43, 44, 45, 46, 47, 48, 49, 50, 51, 52, 53, 54, 55, 56, 57, 58, 79, 59, 60, 61, 62, 63, 64, 65, 66, 67, 68, 69, 70, 71, 78, 72, 73]
index list energy: 151994.72169419698
Done


program ended at: 2020-03-30 09:19:23.205503 
 time delta: 11:57:59.958809
