## SLURM PROLOG ###############################################################
##    Job ID : 11508635
##  Job Name : verifying_2np4_works
##  Nodelist : node1140
##      CPUs : 1
##  Mem/Node : 1024 MB
## Directory : /gpfs/data/nfawzi/skale/Fawzi_pycharm_project
##   Started : Sun Mar 29 21:21:21 EDT 2020
###############################################################################
program started at:2020-03-29 21:21:22.075336
iterations: 100000000 temp: 1000000.0 exponent: 0.9 eif: 300.0
time taken (sec): 9408.422818183899
number of iterations: 100000000
final temperature: 159.26791088519815
og index list: [0, 9, 70, 6, 24, 63, 41, 69, 71, 37, 26, 28, 61, 79, 25, 11, 60, 55, 67, 32, 20, 5, 35, 13, 48, 14, 46, 17, 27, 64, 76, 47, 33, 3, 15, 77, 58, 52, 53, 42, 1, 39, 16, 51, 78, 59, 18, 44, 22, 8, 36, 72, 62, 49, 4, 30, 43, 21, 73, 56, 45, 31, 12, 2, 23, 38, 54, 10, 40, 34, 50, 57, 75, 29, 68, 66, 65, 7, 19, 74]
og index list energy: 112941908.11064745
index list: [0, 1, 2, 3, 4, 5, 6, 7, 8, 9, 10, 11, 12, 13, 76, 14, 15, 16, 49, 17, 18, 19, 20, 21, 22, 23, 24, 25, 26, 27, 28, 29, 30, 31, 32, 74, 33, 34, 35, 36, 37, 38, 39, 40, 41, 71, 75, 43, 44, 45, 46, 47, 48, 79, 50, 51, 52, 53, 54, 55, 56, 57, 58, 77, 59, 60, 61, 62, 63, 64, 65, 66, 67, 68, 69, 70, 78, 42, 72, 73]
index list energy: 160416.50127390915
Done


iterations: 100000000 temp: 1000000.0 exponent: 0.9 eif: 300.0
time taken (sec): 9701.367182970047
number of iterations: 100000000
final temperature: 159.26791088519815
og index list: [17, 26, 42, 70, 34, 19, 62, 66, 22, 16, 63, 49, 73, 24, 4, 8, 43, 36, 41, 71, 45, 68, 78, 79, 12, 53, 39, 6, 50, 37, 5, 18, 47, 13, 57, 59, 0, 21, 60, 20, 15, 9, 25, 38, 64, 75, 28, 30, 10, 40, 29, 23, 69, 61, 52, 11, 67, 14, 35, 74, 65, 51, 32, 76, 7, 1, 58, 55, 77, 56, 44, 27, 33, 54, 72, 2, 31, 46, 3, 48]
og index list energy: 146802495.3753069
index list: [0, 1, 2, 3, 4, 5, 6, 7, 8, 9, 10, 11, 12, 13, 77, 14, 15, 16, 49, 17, 18, 19, 20, 21, 22, 23, 24, 25, 26, 27, 28, 29, 30, 31, 32, 78, 33, 34, 35, 36, 37, 38, 39, 40, 41, 75, 42, 43, 44, 45, 46, 47, 48, 74, 50, 51, 52, 53, 54, 55, 56, 57, 58, 76, 59, 60, 61, 62, 63, 64, 65, 66, 67, 68, 69, 70, 71, 79, 72, 73]
index list energy: 152293.52169419697
Done


iterations: 100000000 temp: 1000000.0 exponent: 0.9 eif: 300.0
time taken (sec): 9183.143617153168
number of iterations: 100000000
final temperature: 159.26791088519815
og index list: [36, 21, 38, 45, 30, 47, 1, 20, 46, 10, 58, 42, 44, 68, 55, 72, 61, 11, 62, 39, 50, 25, 17, 0, 74, 31, 56, 18, 27, 67, 7, 26, 24, 4, 23, 40, 32, 14, 3, 73, 71, 66, 48, 13, 34, 79, 78, 2, 51, 19, 70, 53, 65, 5, 41, 57, 43, 28, 54, 49, 15, 37, 6, 64, 29, 16, 33, 75, 35, 69, 12, 8, 63, 52, 76, 9, 60, 22, 59, 77]
og index list energy: 138003661.83815902
index list: [72, 1, 2, 3, 4, 5, 6, 7, 8, 9, 10, 11, 12, 13, 49, 14, 15, 16, 78, 17, 18, 19, 20, 21, 22, 23, 24, 25, 26, 27, 28, 29, 30, 31, 32, 75, 33, 34, 35, 36, 37, 38, 39, 40, 41, 76, 42, 43, 44, 45, 46, 47, 48, 79, 50, 51, 52, 53, 54, 55, 56, 57, 58, 74, 59, 60, 61, 62, 63, 64, 65, 66, 67, 68, 69, 77, 70, 71, 0, 73]
index list energy: 152290.42158758297
Done


iterations: 100000000 temp: 1000000.0 exponent: 0.9 eif: 300.0
time taken (sec): 8486.406912326813
number of iterations: 100000000
final temperature: 159.26791088519815
og index list: [43, 44, 42, 32, 51, 74, 34, 75, 55, 48, 18, 78, 26, 2, 49, 63, 1, 68, 22, 12, 7, 15, 5, 37, 54, 39, 27, 28, 64, 56, 6, 23, 47, 13, 21, 14, 35, 3, 60, 25, 19, 61, 8, 9, 31, 58, 59, 69, 73, 57, 45, 52, 24, 41, 4, 11, 66, 16, 0, 72, 10, 36, 20, 70, 77, 40, 79, 38, 29, 67, 33, 62, 17, 46, 30, 65, 53, 71, 76, 50]
og index list energy: 143421826.81360877
index list: [0, 1, 2, 3, 4, 5, 6, 7, 8, 9, 10, 11, 12, 13, 77, 14, 15, 16, 78, 17, 18, 19, 20, 21, 22, 23, 24, 25, 26, 27, 28, 29, 30, 31, 32, 74, 33, 34, 35, 36, 37, 38, 39, 40, 41, 71, 79, 43, 44, 45, 46, 47, 48, 49, 50, 51, 52, 53, 54, 55, 56, 57, 58, 76, 59, 60, 61, 62, 63, 64, 65, 66, 67, 68, 69, 72, 73, 75, 42, 70]
index list energy: 175211.3990452382
Done


iterations: 100000000 temp: 1000000.0 exponent: 0.9 eif: 300.0
time taken (sec): 6300.530763864517
number of iterations: 77755559
final temperature: 563.9208733960181
og index list: [39, 38, 60, 62, 1, 41, 33, 40, 79, 53, 23, 35, 16, 9, 56, 34, 15, 71, 58, 5, 48, 77, 45, 30, 36, 6, 42, 43, 67, 32, 12, 26, 22, 27, 25, 59, 78, 54, 51, 72, 49, 46, 37, 29, 4, 63, 52, 76, 2, 11, 73, 8, 47, 66, 64, 21, 10, 13, 69, 57, 20, 3, 68, 18, 28, 70, 7, 50, 74, 19, 17, 65, 75, 24, 14, 31, 0, 61, 44, 55]
og index list energy: 132072011.27942514
index list: [0, 1, 2, 3, 4, 5, 6, 7, 8, 9, 10, 11, 12, 13, 78, 14, 15, 16, 79, 17, 18, 19, 20, 21, 22, 23, 24, 25, 26, 27, 28, 29, 30, 31, 32, 77, 33, 34, 35, 36, 37, 38, 39, 40, 41, 71, 76, 43, 44, 45, 46, 47, 48, 49, 50, 51, 52, 53, 54, 55, 56, 57, 58, 74, 59, 60, 61, 62, 63, 64, 65, 66, 67, 68, 69, 70, 75, 42, 72, 73]
index list energy: 160117.70127390913
Done


program ended at: 2020-03-30 09:19:22.069014 
 time delta: 11:57:59.993678
