## SLURM PROLOG ###############################################################
##    Job ID : 11508640
##  Job Name : verifying_2np4_works
##  Nodelist : node1143
##      CPUs : 1
##  Mem/Node : 1024 MB
## Directory : /gpfs/data/nfawzi/skale/Fawzi_pycharm_project
##   Started : Sun Mar 29 21:21:22 EDT 2020
###############################################################################
program started at:2020-03-29 21:21:23.295921
iterations: 100000000 temp: 1000000.0 exponent: 0.9 eif: 300.0
time taken (sec): 8928.261054039001
number of iterations: 100000000
final temperature: 159.26791088519815
og index list: [1, 51, 39, 57, 18, 8, 77, 0, 9, 52, 25, 3, 7, 50, 65, 63, 44, 32, 23, 66, 14, 38, 70, 40, 49, 75, 17, 78, 74, 34, 35, 36, 33, 47, 42, 45, 19, 79, 11, 60, 27, 4, 26, 56, 41, 10, 64, 43, 30, 48, 31, 28, 6, 13, 12, 37, 20, 15, 62, 46, 24, 61, 16, 58, 76, 2, 72, 55, 67, 59, 73, 22, 21, 71, 68, 29, 5, 69, 54, 53]
og index list energy: 136620974.31125695
index list: [72, 1, 2, 3, 4, 5, 6, 7, 8, 9, 10, 11, 12, 13, 76, 14, 15, 16, 75, 17, 18, 19, 20, 21, 22, 23, 24, 25, 26, 27, 28, 29, 30, 31, 32, 74, 33, 34, 35, 36, 37, 38, 39, 40, 41, 49, 42, 43, 44, 45, 46, 47, 48, 78, 50, 51, 52, 53, 54, 55, 56, 57, 58, 79, 59, 60, 61, 62, 63, 64, 65, 66, 67, 68, 69, 77, 70, 71, 0, 73]
index list energy: 152290.42158758297
Done


iterations: 100000000 temp: 1000000.0 exponent: 0.9 eif: 300.0
time taken (sec): 8929.266535043716
number of iterations: 100000000
final temperature: 159.26791088519815
og index list: [69, 19, 43, 64, 2, 7, 63, 73, 48, 65, 49, 11, 10, 58, 77, 42, 14, 76, 53, 22, 71, 79, 66, 23, 70, 28, 44, 9, 0, 25, 30, 8, 56, 27, 39, 21, 47, 55, 75, 41, 5, 46, 38, 32, 24, 52, 1, 16, 3, 37, 35, 45, 36, 57, 54, 31, 68, 20, 4, 33, 60, 34, 74, 72, 12, 26, 18, 6, 50, 59, 15, 29, 17, 13, 78, 61, 40, 51, 62, 67]
og index list energy: 137325420.21815068
index list: [72, 1, 2, 3, 4, 5, 6, 7, 8, 9, 10, 11, 12, 13, 79, 14, 15, 16, 78, 17, 18, 19, 20, 21, 22, 23, 24, 25, 26, 27, 28, 29, 30, 31, 32, 75, 33, 34, 35, 36, 37, 38, 39, 40, 41, 49, 42, 43, 44, 45, 46, 47, 48, 77, 50, 51, 52, 53, 54, 55, 56, 57, 58, 74, 59, 60, 61, 62, 63, 64, 65, 66, 67, 68, 69, 76, 70, 71, 0, 73]
index list energy: 152290.42158758297
Done


iterations: 100000000 temp: 1000000.0 exponent: 0.9 eif: 300.0
time taken (sec): 9062.573654651642
number of iterations: 100000000
final temperature: 159.26791088519815
og index list: [6, 15, 16, 41, 50, 42, 74, 23, 14, 0, 39, 63, 22, 32, 19, 34, 46, 51, 27, 26, 48, 60, 64, 75, 25, 30, 68, 5, 33, 9, 37, 17, 40, 4, 29, 20, 52, 38, 12, 43, 54, 3, 61, 53, 8, 47, 55, 69, 7, 10, 13, 24, 77, 57, 28, 58, 62, 56, 59, 65, 1, 66, 2, 72, 67, 45, 11, 78, 71, 35, 76, 44, 70, 73, 79, 18, 31, 21, 49, 36]
og index list energy: 141492871.75251836
index list: [72, 1, 2, 3, 4, 5, 6, 7, 8, 9, 10, 11, 12, 13, 49, 14, 15, 16, 79, 17, 18, 19, 20, 21, 22, 23, 24, 25, 26, 27, 28, 29, 30, 31, 32, 75, 33, 34, 35, 36, 37, 38, 39, 40, 41, 0, 73, 78, 44, 45, 46, 47, 48, 74, 50, 51, 52, 53, 54, 55, 56, 57, 58, 76, 59, 60, 61, 62, 63, 64, 65, 66, 67, 68, 69, 70, 71, 77, 42, 43]
index list energy: 173495.1778064098
Done


iterations: 100000000 temp: 1000000.0 exponent: 0.9 eif: 300.0
time taken (sec): 8829.668641090393
number of iterations: 100000000
final temperature: 159.26791088519815
og index list: [57, 50, 73, 1, 24, 65, 42, 41, 69, 11, 71, 32, 6, 28, 4, 60, 29, 30, 53, 12, 51, 2, 39, 44, 76, 49, 15, 27, 20, 43, 31, 9, 77, 62, 75, 78, 68, 26, 56, 67, 8, 18, 0, 55, 14, 10, 33, 66, 35, 23, 72, 52, 63, 19, 58, 34, 22, 74, 17, 54, 3, 25, 21, 79, 13, 38, 7, 70, 48, 64, 45, 36, 59, 61, 5, 16, 46, 40, 47, 37]
og index list energy: 124164191.83613646
index list: [72, 1, 2, 3, 4, 5, 6, 7, 8, 9, 10, 11, 12, 13, 79, 14, 15, 16, 49, 17, 18, 19, 20, 21, 22, 23, 24, 25, 26, 27, 28, 29, 30, 31, 32, 74, 33, 34, 35, 36, 37, 38, 39, 40, 41, 76, 42, 43, 44, 45, 46, 47, 48, 75, 50, 51, 52, 53, 54, 55, 56, 57, 58, 77, 59, 60, 61, 62, 63, 64, 65, 66, 67, 68, 69, 78, 70, 71, 0, 73]
index list energy: 152290.42158758297
Done


iterations: 100000000 temp: 1000000.0 exponent: 0.9 eif: 300.0
time taken (sec): 7330.049628734589
number of iterations: 83174129
final temperature: 411.09831670569724
og index list: [46, 53, 51, 3, 6, 38, 34, 70, 17, 66, 33, 10, 13, 42, 41, 0, 43, 77, 25, 11, 79, 74, 37, 16, 5, 35, 31, 47, 49, 32, 72, 39, 69, 67, 57, 68, 14, 8, 22, 21, 61, 58, 55, 24, 19, 65, 30, 18, 7, 29, 20, 45, 54, 73, 56, 52, 50, 59, 71, 27, 44, 12, 78, 75, 76, 28, 63, 2, 36, 4, 48, 62, 9, 40, 1, 15, 26, 23, 60, 64]
og index list energy: 132926512.68157254
index list: [0, 1, 2, 3, 4, 5, 6, 7, 8, 9, 10, 11, 12, 13, 79, 14, 15, 16, 78, 17, 18, 19, 20, 21, 22, 23, 24, 25, 26, 27, 28, 29, 30, 31, 32, 77, 33, 34, 35, 36, 37, 38, 39, 40, 41, 76, 42, 43, 44, 45, 46, 47, 48, 75, 50, 51, 52, 53, 54, 55, 56, 57, 58, 49, 59, 60, 61, 62, 63, 64, 65, 66, 67, 68, 69, 70, 71, 74, 72, 73]
index list energy: 152293.52169419697
Done


program ended at: 2020-03-30 09:19:23.244105 
 time delta: 11:57:59.948184
