## SLURM PROLOG ###############################################################
##    Job ID : 11508687
##  Job Name : verifying_2np4_works
##  Nodelist : node1109
##      CPUs : 1
##  Mem/Node : 1024 MB
## Directory : /gpfs/data/nfawzi/skale/Fawzi_pycharm_project
##   Started : Sun Mar 29 21:21:57 EDT 2020
###############################################################################
program started at:2020-03-29 21:21:58.362556
iterations: 100000000 temp: 1000000.0 exponent: 0.9 eif: 300.0
time taken (sec): 8392.048993587494
number of iterations: 100000000
final temperature: 159.26791088519815
og index list: [11, 22, 33, 35, 30, 27, 59, 62, 60, 65, 12, 53, 13, 18, 0, 25, 45, 43, 73, 37, 56, 74, 36, 38, 1, 68, 16, 54, 55, 10, 76, 47, 7, 46, 26, 2, 78, 20, 19, 5, 31, 75, 14, 40, 24, 66, 28, 42, 49, 3, 79, 50, 4, 61, 48, 52, 51, 39, 41, 29, 69, 63, 57, 17, 67, 44, 15, 32, 21, 72, 34, 6, 77, 64, 23, 9, 58, 8, 70, 71]
og index list energy: 191273865.58219063
index list: [0, 1, 2, 3, 4, 5, 6, 7, 8, 9, 10, 11, 12, 13, 75, 14, 15, 16, 76, 17, 18, 19, 20, 21, 22, 23, 24, 25, 26, 27, 28, 29, 30, 31, 32, 79, 33, 34, 35, 36, 37, 38, 39, 40, 41, 71, 78, 43, 44, 45, 46, 47, 48, 74, 50, 51, 52, 53, 54, 55, 56, 57, 58, 49, 59, 60, 61, 62, 63, 64, 65, 66, 67, 68, 69, 70, 77, 42, 72, 73]
index list energy: 160416.50127390915
Done


iterations: 100000000 temp: 1000000.0 exponent: 0.9 eif: 300.0
time taken (sec): 8529.306646347046
number of iterations: 100000000
final temperature: 159.26791088519815
og index list: [17, 47, 36, 68, 39, 33, 24, 79, 46, 5, 57, 26, 7, 67, 34, 51, 61, 40, 55, 30, 19, 22, 2, 44, 63, 54, 21, 70, 20, 11, 59, 18, 28, 75, 31, 42, 49, 76, 65, 50, 53, 23, 66, 3, 16, 6, 37, 41, 14, 0, 35, 1, 62, 43, 32, 25, 56, 10, 71, 27, 58, 45, 29, 60, 77, 64, 74, 8, 12, 69, 4, 15, 72, 78, 48, 52, 73, 9, 13, 38]
og index list energy: 127027645.22420463
index list: [0, 1, 2, 3, 4, 5, 6, 7, 8, 9, 10, 11, 12, 13, 74, 14, 15, 16, 49, 17, 18, 19, 20, 21, 22, 23, 24, 25, 26, 27, 28, 29, 30, 31, 32, 77, 33, 34, 35, 36, 37, 38, 39, 40, 41, 79, 42, 43, 44, 45, 46, 47, 48, 76, 50, 51, 52, 53, 54, 55, 56, 57, 58, 75, 59, 60, 61, 62, 63, 64, 65, 66, 67, 68, 69, 70, 71, 78, 72, 73]
index list energy: 152293.52169419697
Done


iterations: 100000000 temp: 1000000.0 exponent: 0.9 eif: 300.0
time taken (sec): 8128.913815021515
number of iterations: 100000000
final temperature: 159.26791088519815
og index list: [3, 57, 52, 59, 40, 54, 38, 30, 36, 64, 16, 6, 11, 34, 23, 8, 5, 72, 15, 9, 20, 71, 31, 50, 43, 0, 18, 2, 69, 65, 70, 22, 42, 41, 78, 13, 14, 46, 63, 62, 39, 44, 35, 26, 79, 29, 12, 47, 25, 24, 74, 45, 37, 32, 60, 55, 67, 49, 77, 21, 73, 58, 68, 17, 76, 51, 56, 66, 75, 53, 61, 33, 19, 27, 4, 1, 28, 48, 10, 7]
og index list energy: 155372555.30437365
index list: [72, 1, 2, 3, 4, 5, 6, 7, 8, 9, 10, 11, 12, 13, 78, 14, 15, 16, 75, 17, 18, 19, 20, 21, 22, 23, 24, 25, 26, 27, 28, 29, 30, 31, 32, 49, 33, 34, 35, 36, 37, 38, 39, 40, 41, 79, 42, 43, 44, 45, 46, 47, 48, 76, 50, 51, 52, 53, 54, 55, 56, 57, 58, 77, 59, 60, 61, 62, 63, 64, 65, 66, 67, 68, 69, 74, 70, 71, 0, 73]
index list energy: 152290.42158758297
Done


iterations: 100000000 temp: 1000000.0 exponent: 0.9 eif: 300.0
time taken (sec): 8127.591996192932
number of iterations: 100000000
final temperature: 159.26791088519815
og index list: [74, 34, 56, 52, 25, 15, 33, 1, 73, 48, 66, 16, 21, 12, 4, 5, 76, 23, 61, 31, 38, 49, 22, 11, 59, 40, 35, 2, 71, 42, 28, 17, 36, 27, 75, 0, 19, 45, 64, 14, 18, 26, 6, 57, 65, 29, 62, 63, 50, 60, 3, 8, 32, 70, 9, 77, 51, 20, 30, 47, 55, 46, 79, 67, 53, 13, 78, 58, 10, 24, 72, 54, 37, 68, 39, 7, 41, 44, 69, 43]
og index list energy: 167253139.139297
index list: [72, 1, 2, 3, 4, 5, 6, 7, 8, 9, 10, 11, 12, 13, 49, 14, 15, 16, 78, 17, 18, 19, 20, 21, 22, 23, 24, 25, 26, 27, 28, 29, 30, 31, 32, 76, 33, 34, 35, 36, 37, 38, 39, 40, 41, 74, 42, 43, 44, 45, 46, 47, 48, 77, 50, 51, 52, 53, 54, 55, 56, 57, 58, 75, 59, 60, 61, 62, 63, 64, 65, 66, 67, 68, 69, 79, 70, 71, 0, 73]
index list energy: 152290.42158758297
Done


iterations: 100000000 temp: 1000000.0 exponent: 0.9 eif: 300.0
time taken (sec): 8107.276773452759
number of iterations: 100000000
final temperature: 159.26791088519815
og index list: [58, 73, 4, 61, 74, 36, 24, 43, 45, 78, 2, 14, 69, 64, 13, 7, 21, 63, 15, 23, 42, 0, 28, 8, 65, 50, 37, 12, 6, 54, 57, 55, 52, 62, 16, 25, 77, 76, 66, 47, 10, 48, 32, 72, 31, 75, 56, 33, 49, 67, 9, 68, 5, 51, 20, 60, 40, 70, 29, 44, 39, 11, 53, 17, 38, 79, 26, 27, 3, 22, 41, 46, 35, 19, 34, 30, 59, 71, 18, 1]
og index list energy: 160718681.21343902
index list: [72, 1, 2, 3, 4, 5, 6, 7, 8, 9, 10, 11, 12, 13, 77, 14, 15, 16, 49, 17, 18, 19, 20, 21, 22, 23, 24, 25, 26, 27, 28, 29, 30, 31, 32, 75, 33, 34, 35, 36, 37, 38, 39, 40, 41, 76, 42, 43, 44, 45, 46, 47, 48, 78, 50, 51, 52, 53, 54, 55, 56, 57, 58, 79, 59, 60, 61, 62, 63, 64, 65, 66, 67, 68, 69, 74, 70, 71, 0, 73]
index list energy: 152290.42158758297
Done


iterations: 100000000 temp: 1000000.0 exponent: 0.9 eif: 300.0
time taken (sec): 1794.7273559570312
number of iterations: 34026014
final temperature: 20275.559590445268
og index list: [27, 52, 35, 41, 46, 0, 19, 16, 49, 31, 36, 15, 8, 53, 71, 12, 45, 26, 77, 58, 2, 30, 72, 21, 38, 20, 29, 60, 62, 51, 57, 25, 4, 76, 55, 13, 40, 33, 39, 32, 69, 23, 5, 6, 75, 59, 1, 74, 44, 42, 10, 22, 68, 67, 28, 47, 34, 70, 43, 17, 37, 11, 18, 9, 78, 3, 63, 79, 48, 14, 54, 50, 56, 65, 66, 64, 73, 24, 61, 7]
og index list energy: 149808506.5779677
index list: [10, 16, 12, 13, 79, 15, 6, 7, 8, 14, 0, 3, 4, 5, 1, 2, 41, 65, 66, 17, 18, 19, 20, 21, 22, 23, 24, 25, 26, 27, 28, 29, 30, 31, 32, 74, 33, 34, 35, 36, 37, 38, 39, 75, 42, 72, 44, 45, 46, 73, 40, 47, 48, 64, 50, 51, 52, 53, 54, 55, 56, 57, 58, 49, 59, 60, 61, 62, 63, 78, 11, 76, 67, 68, 69, 70, 71, 77, 43, 9]
index list energy: 717787.1508781302
Done


program ended at: 2020-03-30 09:19:58.353656 
 time delta: 11:57:59.991100
