## SLURM PROLOG ###############################################################
##    Job ID : 11508621
##  Job Name : verifying_2np4_works
##  Nodelist : node1137
##      CPUs : 1
##  Mem/Node : 1024 MB
## Directory : /gpfs/data/nfawzi/skale/Fawzi_pycharm_project
##   Started : Sun Mar 29 21:21:22 EDT 2020
###############################################################################
program started at:2020-03-29 21:21:22.697754
iterations: 100000000 temp: 1000000.0 exponent: 0.9 eif: 300.0
time taken (sec): 8666.740972042084
number of iterations: 100000000
final temperature: 159.26791088519815
og index list: [1, 5, 52, 79, 6, 57, 4, 72, 19, 78, 29, 20, 47, 40, 64, 33, 66, 61, 35, 7, 46, 71, 69, 37, 17, 49, 43, 8, 55, 53, 63, 67, 75, 21, 59, 38, 31, 32, 25, 70, 34, 27, 14, 10, 24, 36, 9, 28, 74, 13, 73, 11, 16, 62, 30, 50, 41, 42, 77, 68, 15, 48, 54, 3, 60, 76, 51, 44, 45, 65, 26, 58, 23, 56, 2, 0, 39, 18, 22, 12]
og index list energy: 197899858.75641614
index list: [72, 1, 2, 3, 4, 5, 6, 7, 8, 9, 10, 11, 12, 13, 74, 14, 15, 16, 77, 17, 18, 19, 20, 21, 22, 23, 24, 25, 26, 27, 28, 29, 30, 31, 32, 78, 33, 34, 35, 36, 37, 38, 39, 40, 41, 75, 42, 43, 44, 45, 46, 47, 48, 49, 50, 51, 52, 53, 54, 55, 56, 57, 58, 79, 59, 60, 61, 62, 63, 64, 65, 66, 67, 68, 69, 76, 70, 71, 0, 73]
index list energy: 151991.621587583
Done


iterations: 100000000 temp: 1000000.0 exponent: 0.9 eif: 300.0
time taken (sec): 8742.516534090042
number of iterations: 100000000
final temperature: 159.26791088519815
og index list: [77, 49, 6, 39, 63, 2, 76, 62, 40, 22, 54, 38, 58, 66, 5, 67, 28, 61, 50, 72, 74, 57, 16, 68, 43, 34, 48, 55, 71, 32, 23, 4, 35, 79, 19, 11, 21, 70, 44, 8, 37, 1, 29, 33, 51, 3, 30, 56, 65, 26, 0, 60, 45, 24, 75, 53, 12, 73, 27, 7, 36, 9, 10, 20, 64, 42, 47, 14, 69, 13, 17, 78, 46, 59, 18, 15, 41, 25, 31, 52]
og index list energy: 162297867.191128
index list: [0, 1, 2, 3, 4, 5, 6, 7, 8, 9, 10, 11, 12, 13, 77, 14, 15, 16, 49, 17, 18, 19, 20, 21, 22, 23, 24, 25, 26, 27, 28, 29, 30, 31, 32, 78, 33, 34, 35, 36, 37, 38, 39, 40, 41, 79, 42, 43, 44, 45, 46, 47, 48, 75, 50, 51, 52, 53, 54, 55, 56, 57, 58, 74, 59, 60, 61, 62, 63, 64, 65, 66, 67, 68, 69, 70, 71, 76, 72, 73]
index list energy: 152293.52169419697
Done


iterations: 100000000 temp: 1000000.0 exponent: 0.9 eif: 300.0
time taken (sec): 8391.511096715927
number of iterations: 100000000
final temperature: 159.26791088519815
og index list: [3, 56, 27, 61, 19, 48, 31, 5, 30, 4, 44, 60, 68, 41, 52, 6, 11, 62, 10, 77, 35, 63, 65, 15, 42, 22, 38, 69, 59, 57, 39, 23, 14, 70, 40, 76, 58, 0, 1, 9, 72, 34, 32, 26, 64, 13, 7, 55, 2, 8, 29, 45, 20, 74, 33, 73, 25, 36, 49, 75, 46, 37, 71, 43, 50, 12, 47, 53, 16, 54, 28, 67, 17, 66, 21, 51, 78, 18, 79, 24]
og index list energy: 154453912.73665398
index list: [14, 75, 2, 3, 4, 5, 6, 7, 8, 9, 10, 11, 12, 13, 16, 76, 72, 73, 79, 17, 18, 19, 20, 21, 22, 23, 24, 25, 26, 27, 28, 29, 30, 31, 32, 49, 33, 34, 35, 36, 37, 38, 39, 40, 41, 77, 42, 43, 44, 45, 46, 47, 48, 78, 50, 51, 52, 53, 54, 55, 56, 57, 58, 74, 59, 60, 61, 62, 63, 64, 65, 66, 67, 68, 69, 70, 71, 15, 0, 1]
index list energy: 198842.12434260122
Done


iterations: 100000000 temp: 1000000.0 exponent: 0.9 eif: 300.0
time taken (sec): 8525.292617082596
number of iterations: 100000000
final temperature: 159.26791088519815
og index list: [2, 62, 64, 45, 43, 0, 74, 9, 12, 54, 39, 69, 48, 6, 61, 16, 21, 17, 28, 10, 68, 47, 27, 57, 55, 50, 34, 40, 22, 56, 67, 73, 51, 58, 26, 36, 66, 4, 1, 53, 79, 7, 49, 19, 32, 13, 20, 8, 15, 76, 60, 5, 42, 35, 52, 72, 25, 78, 70, 23, 38, 59, 37, 18, 30, 24, 63, 11, 33, 77, 31, 71, 75, 3, 29, 41, 46, 14, 44, 65]
og index list energy: 147237147.43941113
index list: [0, 1, 2, 3, 4, 5, 6, 7, 8, 9, 10, 11, 12, 13, 77, 14, 15, 16, 74, 17, 18, 19, 20, 21, 22, 23, 24, 25, 26, 27, 28, 29, 30, 31, 32, 76, 33, 34, 35, 36, 37, 38, 39, 40, 41, 79, 42, 43, 44, 45, 46, 47, 48, 49, 50, 51, 52, 53, 54, 55, 56, 57, 58, 78, 59, 60, 61, 62, 63, 64, 65, 66, 67, 68, 69, 70, 71, 75, 72, 73]
index list energy: 151994.72169419698
Done


iterations: 100000000 temp: 1000000.0 exponent: 0.9 eif: 300.0
time taken (sec): 7501.075314283371
number of iterations: 100000000
final temperature: 159.26791088519815
og index list: [74, 13, 14, 28, 68, 77, 31, 16, 5, 66, 64, 39, 19, 29, 41, 79, 32, 78, 22, 9, 6, 7, 76, 71, 70, 46, 11, 54, 59, 55, 67, 53, 34, 48, 56, 36, 72, 60, 3, 51, 52, 24, 47, 25, 17, 27, 26, 33, 12, 15, 63, 30, 65, 49, 58, 10, 20, 2, 40, 18, 44, 50, 75, 21, 38, 45, 8, 37, 35, 61, 43, 0, 23, 42, 62, 73, 69, 1, 57, 4]
og index list energy: 176719096.48673058
index list: [72, 1, 2, 3, 4, 5, 6, 7, 8, 9, 10, 11, 12, 13, 77, 14, 15, 16, 74, 17, 18, 19, 20, 21, 22, 23, 24, 25, 26, 27, 28, 29, 30, 31, 32, 79, 33, 34, 35, 36, 37, 38, 39, 40, 41, 49, 42, 43, 44, 45, 46, 47, 48, 75, 50, 51, 52, 53, 54, 55, 56, 57, 58, 78, 59, 60, 61, 62, 63, 64, 65, 66, 67, 68, 69, 76, 70, 71, 0, 73]
index list energy: 152290.42158758297
Done


iterations: 100000000 temp: 1000000.0 exponent: 0.9 eif: 300.0
time taken (sec): 1252.7230327129364
number of iterations: 28226291
final temperature: 34336.83820292514
og index list: [68, 55, 43, 41, 12, 13, 46, 25, 38, 11, 9, 71, 33, 70, 52, 27, 2, 5, 63, 10, 69, 14, 78, 23, 34, 76, 47, 74, 50, 48, 26, 60, 56, 39, 19, 64, 58, 30, 24, 37, 6, 28, 22, 67, 3, 42, 45, 77, 21, 16, 65, 4, 7, 17, 36, 57, 1, 72, 79, 8, 20, 49, 35, 54, 0, 18, 66, 62, 53, 59, 73, 51, 15, 40, 61, 29, 44, 75, 31, 32]
og index list energy: 156064014.56035444
index list: [67, 15, 46, 16, 71, 57, 39, 4, 50, 9, 74, 10, 11, 12, 13, 6, 7, 8, 78, 17, 18, 3, 20, 21, 22, 23, 24, 25, 26, 27, 28, 29, 30, 31, 75, 47, 48, 76, 72, 58, 0, 69, 36, 64, 65, 66, 70, 79, 43, 32, 77, 42, 33, 34, 35, 51, 52, 53, 54, 55, 56, 49, 14, 68, 59, 60, 61, 62, 63, 37, 38, 73, 40, 44, 45, 1, 2, 19, 5, 41]
index list energy: 1516853.8245712516
Done


program ended at: 2020-03-30 09:19:22.692478 
 time delta: 11:57:59.994724
