## SLURM PROLOG ###############################################################
##    Job ID : 11508636
##  Job Name : verifying_2np4_works
##  Nodelist : node1143
##      CPUs : 1
##  Mem/Node : 1024 MB
## Directory : /gpfs/data/nfawzi/skale/Fawzi_pycharm_project
##   Started : Sun Mar 29 21:21:23 EDT 2020
###############################################################################
program started at:2020-03-29 21:21:23.653207
iterations: 100000000 temp: 1000000.0 exponent: 0.9 eif: 300.0
time taken (sec): 9286.150445699692
number of iterations: 100000000
final temperature: 159.26791088519815
og index list: [75, 10, 8, 39, 60, 18, 11, 57, 52, 74, 13, 0, 16, 73, 54, 43, 34, 36, 23, 76, 32, 33, 58, 69, 42, 44, 17, 29, 27, 59, 38, 50, 70, 41, 20, 53, 14, 30, 3, 40, 66, 9, 12, 48, 62, 1, 67, 63, 6, 2, 47, 26, 21, 7, 55, 31, 15, 72, 19, 24, 49, 68, 56, 51, 35, 77, 5, 65, 64, 22, 79, 4, 45, 61, 78, 25, 46, 71, 28, 37]
og index list energy: 129565019.9149376
index list: [0, 1, 2, 3, 4, 5, 6, 7, 8, 9, 10, 11, 12, 13, 75, 14, 15, 16, 74, 17, 18, 19, 20, 21, 22, 23, 24, 25, 26, 27, 28, 29, 30, 31, 32, 79, 33, 34, 35, 36, 37, 38, 39, 40, 41, 49, 42, 43, 44, 45, 46, 47, 48, 76, 50, 51, 52, 53, 54, 55, 56, 57, 58, 77, 59, 60, 61, 62, 63, 64, 65, 66, 67, 68, 69, 70, 71, 78, 72, 73]
index list energy: 152293.52169419697
Done


iterations: 100000000 temp: 1000000.0 exponent: 0.9 eif: 300.0
time taken (sec): 9130.595685243607
number of iterations: 100000000
final temperature: 159.26791088519815
og index list: [42, 21, 8, 47, 28, 1, 14, 50, 23, 36, 37, 56, 20, 41, 55, 4, 13, 10, 5, 16, 45, 6, 66, 52, 63, 49, 61, 57, 26, 44, 51, 17, 35, 15, 18, 24, 33, 79, 69, 22, 40, 38, 59, 27, 54, 75, 65, 25, 19, 9, 67, 2, 48, 71, 29, 64, 62, 70, 73, 31, 43, 72, 30, 78, 11, 34, 76, 0, 46, 60, 68, 7, 12, 53, 39, 3, 58, 32, 74, 77]
og index list energy: 164638867.03838184
index list: [0, 1, 2, 3, 4, 5, 6, 7, 8, 9, 10, 11, 12, 13, 78, 14, 15, 16, 75, 17, 18, 19, 20, 21, 22, 23, 24, 25, 26, 27, 28, 29, 30, 31, 32, 49, 33, 34, 35, 36, 37, 38, 39, 40, 41, 71, 76, 43, 44, 45, 46, 47, 48, 77, 50, 51, 52, 53, 54, 55, 56, 57, 58, 79, 59, 60, 61, 62, 63, 64, 65, 66, 67, 68, 69, 70, 74, 42, 72, 73]
index list energy: 160416.50127390915
Done


iterations: 100000000 temp: 1000000.0 exponent: 0.9 eif: 300.0
time taken (sec): 9003.45338511467
number of iterations: 100000000
final temperature: 159.26791088519815
og index list: [65, 30, 6, 0, 62, 49, 70, 4, 2, 14, 1, 15, 57, 55, 51, 50, 66, 43, 58, 31, 73, 60, 19, 44, 20, 9, 36, 40, 26, 35, 48, 37, 59, 54, 33, 7, 74, 3, 77, 64, 76, 28, 41, 75, 16, 69, 17, 78, 42, 68, 23, 46, 56, 47, 63, 21, 61, 39, 79, 22, 29, 71, 27, 24, 11, 32, 67, 10, 45, 8, 38, 12, 25, 72, 13, 52, 18, 53, 5, 34]
og index list energy: 141133200.29210037
index list: [0, 1, 2, 3, 4, 5, 6, 7, 8, 9, 10, 11, 12, 13, 49, 14, 15, 16, 76, 17, 18, 19, 20, 21, 22, 23, 24, 25, 26, 27, 28, 29, 30, 31, 32, 79, 33, 34, 35, 36, 37, 38, 39, 40, 41, 71, 74, 43, 44, 45, 46, 47, 48, 78, 50, 51, 52, 53, 54, 55, 56, 57, 58, 75, 59, 60, 61, 62, 63, 64, 65, 66, 67, 68, 69, 70, 77, 42, 72, 73]
index list energy: 160416.50127390915
Done


iterations: 100000000 temp: 1000000.0 exponent: 0.9 eif: 300.0
time taken (sec): 8899.154931306839
number of iterations: 100000000
final temperature: 159.26791088519815
og index list: [57, 54, 24, 67, 27, 29, 58, 15, 66, 70, 50, 36, 72, 35, 62, 19, 78, 43, 23, 46, 42, 3, 5, 6, 31, 16, 49, 11, 65, 13, 55, 59, 45, 8, 53, 12, 56, 61, 77, 25, 51, 9, 38, 30, 41, 68, 71, 22, 0, 17, 44, 47, 2, 18, 69, 39, 60, 74, 21, 48, 10, 20, 7, 52, 34, 32, 26, 37, 40, 64, 76, 33, 73, 1, 63, 4, 75, 79, 28, 14]
og index list energy: 142675981.0876452
index list: [0, 1, 2, 3, 4, 5, 6, 7, 8, 9, 10, 11, 12, 13, 74, 14, 15, 16, 49, 17, 18, 19, 20, 21, 22, 23, 24, 25, 26, 27, 28, 29, 30, 31, 32, 75, 33, 34, 35, 36, 37, 38, 39, 40, 41, 71, 79, 43, 44, 45, 46, 47, 48, 76, 50, 51, 52, 53, 54, 55, 56, 57, 58, 77, 59, 60, 61, 62, 63, 64, 65, 66, 67, 68, 69, 72, 73, 78, 42, 70]
index list energy: 175510.19904523817
Done


iterations: 100000000 temp: 1000000.0 exponent: 0.9 eif: 300.0
time taken (sec): 6760.521420478821
number of iterations: 77413113
final temperature: 626.5787482177979
og index list: [25, 7, 29, 57, 74, 5, 70, 13, 30, 52, 53, 11, 43, 49, 28, 31, 22, 12, 1, 42, 0, 65, 4, 62, 19, 32, 21, 72, 36, 51, 24, 18, 77, 37, 14, 44, 35, 33, 59, 3, 61, 34, 40, 63, 45, 6, 17, 78, 79, 66, 76, 15, 39, 41, 46, 67, 50, 2, 20, 71, 8, 10, 54, 60, 69, 38, 16, 73, 23, 26, 56, 55, 47, 48, 75, 9, 64, 27, 58, 68]
og index list energy: 159697939.65511158
index list: [0, 1, 2, 3, 4, 5, 6, 7, 8, 9, 10, 11, 12, 13, 78, 14, 15, 16, 75, 17, 18, 19, 20, 21, 22, 23, 24, 25, 26, 27, 28, 29, 30, 31, 32, 77, 33, 34, 35, 36, 37, 38, 39, 40, 41, 79, 42, 43, 44, 45, 46, 47, 48, 76, 50, 51, 52, 53, 54, 55, 56, 57, 58, 49, 59, 60, 61, 62, 63, 64, 65, 66, 67, 68, 69, 70, 71, 74, 72, 73]
index list energy: 152293.52169419697
Done


program ended at: 2020-03-30 09:19:23.655789 
 time delta: 11:58:00.002582
