## SLURM PROLOG ###############################################################
##    Job ID : 11508630
##  Job Name : verifying_2np4_works
##  Nodelist : node1140
##      CPUs : 1
##  Mem/Node : 1024 MB
## Directory : /gpfs/data/nfawzi/skale/Fawzi_pycharm_project
##   Started : Sun Mar 29 21:21:22 EDT 2020
###############################################################################
program started at:2020-03-29 21:21:22.633539
iterations: 100000000 temp: 1000000.0 exponent: 0.9 eif: 300.0
time taken (sec): 9463.554250240326
number of iterations: 100000000
final temperature: 159.26791088519815
og index list: [10, 46, 26, 55, 48, 53, 70, 77, 24, 22, 0, 8, 61, 34, 74, 43, 20, 19, 39, 57, 42, 40, 14, 36, 16, 18, 69, 9, 75, 67, 58, 4, 5, 38, 21, 41, 28, 6, 33, 59, 60, 12, 63, 54, 35, 3, 27, 7, 71, 73, 31, 44, 56, 13, 72, 51, 64, 47, 49, 79, 23, 2, 25, 29, 52, 15, 45, 62, 1, 11, 65, 78, 30, 17, 50, 68, 37, 76, 66, 32]
og index list energy: 123105050.14054468
index list: [72, 1, 2, 3, 4, 5, 6, 7, 8, 9, 10, 11, 12, 13, 75, 14, 15, 16, 74, 17, 18, 19, 20, 21, 22, 23, 24, 25, 26, 27, 28, 29, 30, 31, 32, 76, 33, 34, 35, 36, 37, 38, 39, 40, 41, 0, 73, 77, 44, 45, 46, 47, 48, 78, 50, 51, 52, 53, 54, 55, 56, 57, 58, 49, 59, 60, 61, 62, 63, 64, 65, 66, 67, 68, 69, 70, 71, 79, 42, 43]
index list energy: 173495.1778064098
Done


iterations: 100000000 temp: 1000000.0 exponent: 0.9 eif: 300.0
time taken (sec): 9399.926948547363
number of iterations: 100000000
final temperature: 159.26791088519815
og index list: [32, 45, 34, 15, 6, 77, 69, 3, 23, 42, 49, 48, 0, 26, 29, 79, 27, 75, 11, 63, 35, 8, 37, 50, 74, 19, 66, 41, 5, 10, 59, 38, 76, 16, 17, 51, 4, 13, 67, 1, 28, 58, 44, 53, 43, 73, 56, 78, 47, 31, 61, 57, 39, 18, 25, 24, 30, 40, 20, 36, 64, 46, 12, 60, 21, 72, 22, 70, 54, 9, 71, 52, 7, 33, 65, 55, 14, 68, 62, 2]
og index list energy: 140937648.5833126
index list: [0, 1, 2, 3, 4, 5, 6, 7, 8, 9, 10, 11, 12, 13, 75, 14, 15, 16, 49, 17, 18, 19, 20, 21, 22, 23, 24, 25, 26, 27, 28, 29, 30, 31, 32, 78, 33, 34, 35, 36, 37, 38, 39, 40, 41, 71, 79, 43, 44, 45, 46, 47, 48, 77, 50, 51, 52, 53, 54, 55, 56, 57, 58, 76, 59, 60, 61, 62, 63, 64, 65, 66, 67, 68, 69, 70, 74, 42, 72, 73]
index list energy: 160416.50127390915
Done


iterations: 100000000 temp: 1000000.0 exponent: 0.9 eif: 300.0
time taken (sec): 9209.906429290771
number of iterations: 100000000
final temperature: 159.26791088519815
og index list: [76, 13, 5, 43, 38, 3, 79, 74, 58, 32, 75, 59, 14, 54, 4, 12, 44, 18, 30, 47, 77, 60, 28, 69, 46, 17, 49, 63, 52, 29, 23, 2, 25, 70, 22, 16, 68, 62, 64, 34, 71, 45, 26, 37, 19, 11, 36, 65, 73, 33, 8, 7, 15, 42, 0, 41, 40, 10, 53, 31, 21, 39, 57, 35, 6, 72, 78, 61, 27, 50, 67, 55, 24, 51, 66, 48, 1, 20, 9, 56]
og index list energy: 132419389.4209137
index list: [72, 1, 2, 3, 4, 5, 6, 7, 8, 9, 10, 11, 12, 13, 76, 14, 15, 16, 74, 17, 18, 19, 20, 21, 22, 23, 24, 25, 26, 27, 28, 29, 30, 31, 32, 49, 33, 34, 35, 36, 37, 38, 39, 40, 41, 75, 42, 43, 44, 45, 46, 47, 48, 79, 50, 51, 52, 53, 54, 55, 56, 57, 58, 78, 59, 60, 61, 62, 63, 64, 65, 66, 67, 68, 69, 77, 70, 71, 0, 73]
index list energy: 152290.42158758297
Done


iterations: 100000000 temp: 1000000.0 exponent: 0.9 eif: 300.0
time taken (sec): 8940.36307144165
number of iterations: 100000000
final temperature: 159.26791088519815
og index list: [2, 78, 27, 77, 3, 44, 32, 11, 13, 51, 49, 21, 12, 26, 48, 67, 74, 60, 15, 43, 79, 38, 30, 19, 61, 25, 20, 59, 50, 22, 65, 10, 29, 41, 24, 62, 1, 64, 14, 71, 66, 69, 17, 31, 54, 18, 7, 76, 63, 9, 39, 52, 58, 55, 57, 37, 36, 53, 70, 16, 46, 73, 56, 68, 28, 47, 35, 34, 5, 45, 23, 72, 4, 8, 42, 6, 33, 0, 75, 40]
og index list energy: 134595711.63197276
index list: [0, 1, 2, 3, 4, 5, 6, 7, 8, 9, 10, 11, 12, 13, 75, 14, 15, 16, 78, 17, 18, 19, 20, 21, 22, 23, 24, 25, 26, 27, 28, 29, 30, 31, 32, 77, 33, 34, 35, 36, 37, 38, 39, 40, 41, 79, 42, 43, 44, 45, 46, 47, 48, 74, 50, 51, 52, 53, 54, 55, 56, 57, 58, 49, 59, 60, 61, 62, 63, 64, 65, 66, 67, 68, 69, 70, 71, 76, 72, 73]
index list energy: 152293.52169419697
Done


iterations: 100000000 temp: 1000000.0 exponent: 0.9 eif: 300.0
time taken (sec): 6066.101278305054
number of iterations: 73977764
final temperature: 773.5540101454294
og index list: [73, 24, 25, 65, 76, 70, 54, 51, 20, 15, 27, 59, 4, 38, 72, 36, 33, 66, 6, 16, 48, 28, 44, 53, 47, 34, 77, 67, 19, 18, 64, 40, 39, 37, 10, 49, 31, 60, 21, 56, 55, 30, 13, 79, 58, 52, 5, 7, 23, 2, 69, 17, 71, 14, 8, 9, 45, 0, 3, 63, 29, 43, 74, 78, 26, 35, 50, 32, 11, 61, 1, 41, 75, 46, 22, 62, 42, 57, 68, 12]
og index list energy: 151923341.99125183
index list: [0, 1, 2, 3, 4, 5, 6, 7, 8, 9, 10, 11, 12, 13, 77, 14, 15, 16, 74, 17, 18, 19, 20, 21, 22, 23, 24, 25, 26, 27, 28, 29, 30, 31, 32, 75, 33, 34, 35, 36, 37, 38, 39, 40, 41, 78, 42, 43, 44, 45, 46, 47, 48, 49, 50, 51, 52, 53, 54, 55, 56, 57, 58, 76, 59, 60, 61, 62, 63, 64, 65, 66, 67, 68, 69, 70, 71, 79, 72, 73]
index list energy: 151994.72169419698
Done


program ended at: 2020-03-30 09:19:22.628253 
 time delta: 11:57:59.994714
