## SLURM PROLOG ###############################################################
##    Job ID : 11508641
##  Job Name : verifying_2np4_works
##  Nodelist : node1143
##      CPUs : 1
##  Mem/Node : 1024 MB
## Directory : /gpfs/data/nfawzi/skale/Fawzi_pycharm_project
##   Started : Sun Mar 29 21:21:23 EDT 2020
###############################################################################
program started at:2020-03-29 21:21:23.914321
iterations: 100000000 temp: 1000000.0 exponent: 0.9 eif: 300.0
time taken (sec): 8640.326632976532
number of iterations: 100000000
final temperature: 159.26791088519815
og index list: [33, 19, 20, 1, 61, 15, 10, 32, 28, 36, 76, 49, 46, 50, 51, 11, 8, 47, 77, 44, 48, 43, 59, 38, 14, 27, 78, 39, 42, 62, 52, 23, 58, 26, 75, 9, 35, 71, 6, 22, 55, 17, 56, 79, 31, 54, 3, 53, 73, 7, 37, 24, 18, 29, 57, 30, 60, 41, 65, 68, 34, 12, 0, 4, 40, 69, 5, 45, 16, 66, 63, 72, 64, 74, 2, 13, 67, 21, 70, 25]
og index list energy: 143665164.08918437
index list: [72, 1, 2, 3, 4, 5, 6, 7, 8, 9, 10, 11, 12, 13, 75, 14, 15, 16, 49, 17, 18, 19, 20, 21, 22, 23, 24, 25, 26, 27, 28, 29, 30, 31, 32, 74, 33, 34, 35, 36, 37, 38, 39, 40, 41, 77, 42, 43, 44, 45, 46, 47, 48, 79, 50, 51, 52, 53, 54, 55, 56, 57, 58, 76, 59, 60, 61, 62, 63, 64, 65, 66, 67, 68, 69, 78, 70, 71, 0, 73]
index list energy: 152290.42158758297
Done


iterations: 100000000 temp: 1000000.0 exponent: 0.9 eif: 300.0
time taken (sec): 8806.734867095947
number of iterations: 100000000
final temperature: 159.26791088519815
og index list: [0, 55, 27, 6, 18, 69, 70, 79, 78, 37, 71, 34, 49, 22, 54, 74, 12, 1, 72, 35, 64, 5, 30, 45, 15, 61, 20, 3, 29, 16, 57, 67, 44, 8, 56, 40, 39, 65, 66, 68, 26, 60, 46, 59, 4, 24, 50, 36, 52, 47, 13, 51, 17, 75, 53, 73, 43, 76, 48, 77, 9, 28, 63, 23, 33, 2, 42, 25, 21, 58, 14, 31, 38, 41, 32, 62, 19, 7, 10, 11]
og index list energy: 138398418.19296014
index list: [0, 1, 2, 3, 4, 5, 6, 7, 8, 9, 10, 11, 12, 13, 78, 14, 15, 16, 79, 17, 18, 19, 20, 21, 22, 23, 24, 25, 26, 27, 28, 29, 30, 31, 32, 76, 33, 34, 35, 36, 37, 38, 39, 40, 41, 75, 42, 43, 44, 45, 46, 47, 48, 49, 50, 51, 52, 53, 54, 55, 56, 57, 58, 74, 59, 60, 61, 62, 63, 64, 65, 66, 67, 68, 69, 70, 71, 77, 72, 73]
index list energy: 151994.72169419698
Done


iterations: 100000000 temp: 1000000.0 exponent: 0.9 eif: 300.0
time taken (sec): 8528.47472000122
number of iterations: 100000000
final temperature: 159.26791088519815
og index list: [33, 77, 46, 6, 68, 50, 66, 64, 42, 39, 48, 72, 59, 20, 56, 26, 40, 65, 58, 67, 43, 1, 8, 31, 0, 54, 34, 49, 22, 13, 19, 28, 79, 37, 74, 23, 78, 41, 53, 9, 76, 17, 60, 27, 47, 4, 24, 57, 7, 36, 16, 15, 44, 69, 21, 75, 3, 71, 12, 11, 73, 61, 45, 62, 55, 32, 10, 63, 5, 25, 2, 51, 70, 52, 18, 29, 38, 14, 35, 30]
og index list energy: 169955613.92577
index list: [72, 1, 2, 3, 4, 5, 6, 7, 8, 9, 10, 11, 12, 13, 76, 14, 15, 16, 78, 17, 18, 19, 20, 21, 22, 23, 24, 25, 26, 27, 28, 29, 30, 31, 32, 49, 33, 34, 35, 36, 37, 38, 39, 40, 41, 79, 42, 43, 44, 45, 46, 47, 48, 75, 50, 51, 52, 53, 54, 55, 56, 57, 58, 74, 59, 60, 61, 62, 63, 64, 65, 66, 67, 68, 69, 77, 70, 71, 0, 73]
index list energy: 152290.42158758297
Done


iterations: 100000000 temp: 1000000.0 exponent: 0.9 eif: 300.0
time taken (sec): 8511.578915834427
number of iterations: 100000000
final temperature: 159.26791088519815
og index list: [14, 11, 2, 21, 1, 42, 79, 22, 67, 37, 48, 19, 28, 6, 64, 72, 30, 36, 4, 40, 16, 49, 74, 52, 25, 77, 44, 73, 78, 8, 10, 34, 12, 17, 24, 27, 31, 13, 41, 5, 66, 35, 69, 9, 45, 20, 50, 62, 33, 55, 38, 3, 68, 29, 71, 47, 53, 61, 75, 26, 57, 54, 7, 56, 0, 65, 39, 15, 58, 18, 32, 43, 60, 51, 23, 59, 63, 76, 46, 70]
og index list energy: 158534709.5010878
index list: [72, 1, 2, 3, 4, 5, 6, 7, 8, 9, 10, 11, 12, 13, 75, 14, 15, 16, 78, 17, 18, 19, 20, 21, 22, 23, 24, 25, 26, 27, 28, 29, 30, 31, 32, 77, 33, 34, 35, 36, 37, 38, 39, 40, 41, 74, 42, 43, 44, 45, 46, 47, 48, 49, 50, 51, 52, 53, 54, 55, 56, 57, 58, 79, 59, 60, 61, 62, 63, 64, 65, 66, 67, 68, 69, 76, 70, 71, 0, 73]
index list energy: 151991.621587583
Done


iterations: 100000000 temp: 1000000.0 exponent: 0.9 eif: 300.0
time taken (sec): 8592.75045132637
number of iterations: 97786618
final temperature: 176.96434542799793
og index list: [9, 57, 40, 50, 26, 21, 62, 42, 60, 70, 31, 72, 17, 12, 51, 76, 29, 78, 1, 2, 24, 53, 14, 47, 59, 69, 65, 74, 61, 43, 19, 46, 25, 54, 27, 38, 52, 35, 48, 3, 0, 8, 20, 15, 16, 63, 39, 41, 55, 64, 66, 67, 33, 28, 45, 79, 5, 71, 4, 11, 77, 7, 56, 68, 44, 34, 75, 37, 49, 22, 10, 58, 36, 32, 18, 6, 73, 30, 23, 13]
og index list energy: 139855087.72879747
index list: [0, 1, 2, 3, 4, 5, 6, 7, 8, 9, 10, 11, 12, 13, 74, 14, 15, 16, 49, 17, 18, 19, 20, 21, 22, 23, 24, 25, 26, 27, 28, 29, 30, 31, 32, 79, 33, 34, 35, 36, 37, 38, 39, 40, 41, 78, 42, 43, 44, 45, 46, 47, 48, 76, 50, 51, 52, 53, 54, 55, 56, 57, 58, 75, 59, 60, 61, 62, 63, 64, 65, 66, 67, 68, 69, 70, 71, 77, 72, 73]
index list energy: 152293.52169419697
Done


program ended at: 2020-03-30 09:19:23.909085 
 time delta: 11:57:59.994764
