## SLURM PROLOG ###############################################################
##    Job ID : 11508667
##  Job Name : verifying_2np4_works
##  Nodelist : node1107
##      CPUs : 1
##  Mem/Node : 1024 MB
## Directory : /gpfs/data/nfawzi/skale/Fawzi_pycharm_project
##   Started : Sun Mar 29 21:21:51 EDT 2020
###############################################################################
program started at:2020-03-29 21:21:51.801684
iterations: 100000000 temp: 1000000.0 exponent: 0.9 eif: 300.0
time taken (sec): 8288.762518882751
number of iterations: 100000000
final temperature: 159.26791088519815
og index list: [55, 61, 24, 0, 71, 19, 52, 57, 27, 76, 26, 69, 9, 17, 25, 72, 35, 29, 16, 64, 51, 44, 70, 14, 53, 20, 73, 68, 15, 32, 42, 48, 65, 13, 5, 75, 30, 31, 56, 67, 45, 47, 8, 41, 36, 6, 79, 37, 54, 12, 49, 7, 33, 78, 28, 11, 74, 22, 38, 46, 58, 10, 40, 23, 59, 2, 62, 60, 18, 43, 21, 50, 1, 34, 4, 39, 63, 77, 66, 3]
og index list energy: 160351205.45904288
index list: [72, 1, 2, 3, 4, 5, 6, 7, 8, 9, 10, 11, 12, 13, 74, 14, 15, 16, 79, 17, 18, 19, 20, 21, 22, 23, 24, 25, 26, 27, 28, 29, 30, 31, 32, 75, 33, 34, 35, 36, 37, 38, 39, 40, 41, 78, 42, 43, 44, 45, 46, 47, 48, 77, 50, 51, 52, 53, 54, 55, 56, 57, 58, 49, 59, 60, 61, 62, 63, 64, 65, 66, 67, 68, 69, 76, 70, 71, 0, 73]
index list energy: 152290.42158758297
Done


iterations: 100000000 temp: 1000000.0 exponent: 0.9 eif: 300.0
time taken (sec): 8210.722582578659
number of iterations: 100000000
final temperature: 159.26791088519815
og index list: [51, 37, 49, 30, 68, 5, 26, 35, 7, 19, 45, 31, 63, 36, 57, 15, 22, 34, 67, 66, 25, 3, 42, 9, 48, 74, 10, 2, 18, 8, 4, 28, 78, 14, 24, 79, 43, 72, 23, 50, 53, 47, 59, 11, 39, 62, 0, 41, 1, 65, 56, 16, 61, 44, 21, 6, 46, 20, 38, 76, 58, 64, 52, 27, 13, 29, 33, 77, 12, 73, 69, 17, 75, 71, 54, 70, 55, 32, 40, 60]
og index list energy: 170066657.71303043
index list: [72, 1, 2, 3, 4, 5, 6, 7, 8, 9, 10, 11, 12, 13, 79, 14, 15, 16, 78, 17, 18, 19, 20, 21, 22, 23, 24, 25, 26, 27, 28, 29, 30, 31, 32, 75, 33, 34, 35, 36, 37, 38, 39, 40, 41, 77, 42, 43, 44, 45, 46, 47, 48, 74, 50, 51, 52, 53, 54, 55, 56, 57, 58, 49, 59, 60, 61, 62, 63, 64, 65, 66, 67, 68, 69, 76, 70, 71, 0, 73]
index list energy: 152290.42158758297
Done


iterations: 100000000 temp: 1000000.0 exponent: 0.9 eif: 300.0
time taken (sec): 8224.965830564499
number of iterations: 100000000
final temperature: 159.26791088519815
og index list: [39, 79, 45, 56, 7, 66, 63, 15, 33, 19, 42, 25, 41, 73, 49, 76, 28, 1, 13, 11, 65, 55, 12, 77, 18, 53, 17, 60, 43, 32, 47, 52, 16, 24, 67, 34, 29, 44, 64, 35, 5, 40, 37, 26, 58, 27, 31, 3, 74, 50, 10, 2, 38, 4, 23, 22, 59, 78, 20, 21, 46, 61, 57, 14, 69, 36, 0, 70, 75, 71, 8, 48, 6, 9, 68, 54, 72, 30, 51, 62]
og index list energy: 175762306.37028325
index list: [0, 1, 2, 3, 4, 5, 6, 7, 8, 9, 10, 11, 12, 13, 79, 14, 15, 16, 74, 17, 18, 19, 20, 21, 22, 23, 24, 25, 26, 27, 28, 29, 30, 31, 32, 75, 33, 34, 35, 36, 37, 38, 39, 40, 41, 71, 76, 43, 44, 45, 46, 47, 48, 49, 50, 51, 52, 53, 54, 55, 56, 57, 58, 77, 59, 60, 61, 62, 63, 64, 65, 66, 67, 68, 69, 70, 78, 42, 72, 73]
index list energy: 160117.70127390913
Done


iterations: 100000000 temp: 1000000.0 exponent: 0.9 eif: 300.0
time taken (sec): 8470.726217508316
number of iterations: 100000000
final temperature: 159.26791088519815
og index list: [61, 47, 9, 36, 20, 15, 18, 8, 6, 42, 44, 45, 62, 69, 10, 14, 68, 22, 71, 1, 48, 25, 17, 76, 49, 4, 66, 60, 40, 46, 2, 29, 78, 41, 59, 55, 52, 72, 37, 63, 43, 58, 57, 73, 51, 35, 27, 39, 26, 75, 0, 11, 77, 23, 12, 70, 79, 32, 28, 34, 54, 19, 3, 33, 5, 74, 16, 7, 21, 64, 13, 30, 53, 38, 67, 50, 65, 24, 56, 31]
og index list energy: 149848109.6181788
index list: [0, 1, 2, 3, 4, 5, 6, 7, 8, 9, 10, 11, 12, 13, 79, 14, 15, 16, 77, 17, 18, 19, 20, 21, 22, 23, 24, 25, 26, 27, 28, 29, 30, 31, 32, 78, 33, 34, 35, 36, 37, 38, 39, 40, 41, 75, 42, 43, 44, 45, 46, 47, 48, 49, 50, 51, 52, 53, 54, 55, 56, 57, 58, 74, 59, 60, 61, 62, 63, 64, 65, 66, 67, 68, 69, 70, 71, 76, 72, 73]
index list energy: 151994.72169419698
Done


iterations: 100000000 temp: 1000000.0 exponent: 0.9 eif: 300.0
time taken (sec): 8211.01663517952
number of iterations: 100000000
final temperature: 159.26791088519815
og index list: [57, 53, 25, 45, 7, 47, 38, 78, 61, 72, 62, 30, 39, 34, 66, 59, 14, 36, 22, 75, 46, 15, 50, 68, 60, 48, 20, 42, 9, 76, 63, 5, 65, 24, 64, 37, 27, 44, 6, 17, 32, 77, 67, 52, 79, 26, 10, 3, 16, 2, 56, 55, 40, 58, 8, 33, 31, 11, 4, 12, 51, 41, 13, 0, 54, 69, 1, 29, 19, 71, 43, 35, 23, 28, 73, 74, 21, 18, 70, 49]
og index list energy: 158860301.39853197
index list: [72, 1, 2, 3, 4, 5, 6, 7, 8, 9, 10, 11, 12, 13, 76, 14, 15, 16, 74, 17, 18, 19, 20, 21, 22, 23, 24, 25, 26, 27, 28, 29, 30, 31, 32, 75, 33, 34, 35, 36, 37, 38, 39, 40, 41, 78, 42, 43, 44, 45, 46, 47, 48, 79, 50, 51, 52, 53, 54, 55, 56, 57, 58, 49, 59, 60, 61, 62, 63, 64, 65, 66, 67, 68, 69, 77, 70, 71, 0, 73]
index list energy: 152290.42158758297
Done


iterations: 100000000 temp: 1000000.0 exponent: 0.9 eif: 300.0
time taken (sec): 1673.6779696941376
number of iterations: 32827102
final temperature: 22528.399544939184
og index list: [74, 53, 64, 8, 57, 49, 15, 68, 9, 56, 43, 75, 24, 48, 10, 69, 17, 71, 54, 20, 0, 1, 33, 65, 13, 22, 60, 70, 47, 50, 73, 39, 5, 14, 46, 31, 23, 16, 4, 61, 41, 77, 52, 29, 34, 7, 76, 30, 55, 78, 38, 58, 79, 28, 21, 11, 67, 45, 25, 62, 3, 63, 66, 18, 32, 37, 40, 36, 51, 72, 42, 2, 12, 44, 6, 59, 35, 27, 19, 26]
og index list energy: 137994261.87317425
index list: [43, 16, 78, 23, 24, 40, 6, 7, 8, 70, 71, 4, 68, 69, 14, 5, 73, 49, 42, 17, 18, 19, 20, 21, 37, 38, 39, 25, 26, 27, 28, 29, 30, 31, 41, 76, 33, 34, 35, 36, 22, 75, 57, 58, 77, 72, 1, 2, 44, 45, 32, 79, 48, 50, 0, 51, 52, 53, 54, 55, 56, 74, 9, 10, 59, 60, 61, 62, 63, 64, 65, 66, 67, 15, 11, 12, 13, 46, 47, 3]
index list energy: 1172118.9597686792
Done


program ended at: 2020-03-30 09:19:51.796797 
 time delta: 11:57:59.995113
