## SLURM PROLOG ###############################################################
##    Job ID : 11508602
##  Job Name : verifying_2np4_works
##  Nodelist : node1324
##      CPUs : 1
##  Mem/Node : 1024 MB
## Directory : /gpfs/data/nfawzi/skale/Fawzi_pycharm_project
##   Started : Sun Mar 29 21:21:22 EDT 2020
###############################################################################
program started at:2020-03-29 21:21:23.305877
iterations: 100000000 temp: 1000000.0 exponent: 0.9 eif: 300.0
time taken (sec): 8448.34919309616
number of iterations: 100000000
final temperature: 159.26791088519815
og index list: [16, 20, 75, 18, 77, 55, 56, 74, 29, 65, 61, 37, 9, 51, 35, 21, 79, 1, 31, 12, 14, 19, 57, 41, 28, 23, 5, 25, 0, 64, 8, 40, 63, 13, 15, 54, 71, 27, 52, 24, 39, 46, 60, 70, 17, 44, 66, 34, 76, 22, 2, 62, 50, 73, 26, 10, 67, 32, 3, 45, 53, 69, 11, 7, 43, 47, 6, 4, 36, 30, 49, 58, 33, 78, 42, 48, 59, 68, 38, 72]
og index list energy: 124820638.60136847
index list: [43, 1, 2, 3, 4, 5, 6, 7, 8, 9, 10, 11, 12, 13, 76, 14, 15, 16, 77, 17, 18, 19, 20, 21, 22, 23, 24, 25, 26, 27, 28, 29, 30, 31, 32, 49, 33, 34, 35, 36, 37, 38, 39, 40, 41, 71, 75, 42, 70, 74, 46, 47, 48, 79, 50, 51, 52, 53, 54, 55, 56, 57, 58, 78, 59, 60, 61, 62, 63, 64, 65, 66, 67, 68, 69, 72, 73, 0, 44, 45]
index list energy: 193174.6316067163
Done


iterations: 100000000 temp: 1000000.0 exponent: 0.9 eif: 300.0
time taken (sec): 8755.553349018097
number of iterations: 100000000
final temperature: 159.26791088519815
og index list: [28, 22, 21, 55, 15, 2, 66, 67, 39, 10, 36, 69, 11, 77, 79, 30, 57, 53, 23, 68, 60, 31, 25, 45, 44, 5, 16, 9, 59, 40, 41, 24, 78, 27, 42, 17, 29, 61, 46, 34, 51, 71, 19, 73, 4, 38, 47, 48, 1, 75, 13, 50, 70, 76, 49, 72, 3, 26, 43, 12, 58, 74, 54, 14, 65, 8, 52, 20, 18, 62, 63, 32, 33, 56, 64, 37, 6, 7, 35, 0]
og index list energy: 177347463.04906407
index list: [72, 1, 2, 3, 4, 5, 6, 7, 8, 9, 10, 11, 12, 13, 76, 14, 15, 16, 77, 17, 18, 19, 20, 21, 22, 23, 24, 25, 26, 27, 28, 29, 30, 31, 32, 75, 33, 34, 35, 36, 37, 38, 39, 40, 41, 49, 42, 43, 44, 45, 46, 47, 48, 79, 50, 51, 52, 53, 54, 55, 56, 57, 58, 78, 59, 60, 61, 62, 63, 64, 65, 66, 67, 68, 69, 74, 70, 71, 0, 73]
index list energy: 152290.42158758297
Done


iterations: 100000000 temp: 1000000.0 exponent: 0.9 eif: 300.0
time taken (sec): 8638.66174864769
number of iterations: 100000000
final temperature: 159.26791088519815
og index list: [24, 2, 51, 57, 33, 59, 44, 62, 29, 66, 3, 4, 69, 68, 60, 1, 0, 12, 16, 40, 54, 38, 21, 37, 41, 74, 36, 7, 11, 43, 75, 32, 39, 71, 47, 18, 13, 64, 19, 5, 15, 27, 70, 34, 9, 49, 48, 77, 31, 72, 42, 53, 28, 14, 25, 23, 56, 17, 55, 76, 65, 30, 52, 78, 58, 46, 10, 67, 6, 79, 8, 45, 50, 20, 61, 73, 63, 26, 35, 22]
og index list energy: 157297738.70047712
index list: [72, 1, 2, 3, 4, 5, 6, 7, 8, 9, 10, 11, 12, 13, 49, 14, 15, 16, 76, 17, 18, 19, 20, 21, 22, 23, 24, 25, 26, 27, 28, 29, 30, 31, 32, 77, 33, 34, 35, 36, 37, 38, 39, 40, 41, 79, 42, 43, 44, 45, 46, 47, 48, 75, 50, 51, 52, 53, 54, 55, 56, 57, 58, 78, 59, 60, 61, 62, 63, 64, 65, 66, 67, 68, 69, 74, 70, 71, 0, 73]
index list energy: 152290.42158758297
Done


iterations: 100000000 temp: 1000000.0 exponent: 0.9 eif: 300.0
time taken (sec): 8922.726859092712
number of iterations: 100000000
final temperature: 159.26791088519815
og index list: [40, 45, 57, 13, 41, 46, 75, 14, 59, 79, 55, 24, 49, 70, 4, 67, 37, 65, 18, 66, 35, 64, 8, 10, 26, 22, 76, 48, 62, 17, 21, 61, 3, 78, 56, 19, 32, 16, 12, 72, 54, 1, 52, 69, 51, 53, 63, 5, 2, 73, 31, 25, 43, 39, 38, 7, 77, 11, 33, 58, 47, 9, 29, 50, 6, 34, 23, 20, 15, 74, 36, 44, 71, 28, 60, 30, 0, 27, 68, 42]
og index list energy: 149403394.44123834
index list: [0, 1, 2, 3, 4, 5, 6, 7, 8, 9, 10, 11, 12, 13, 77, 14, 15, 16, 76, 17, 18, 19, 20, 21, 22, 23, 24, 25, 26, 27, 28, 29, 30, 31, 32, 74, 33, 34, 35, 36, 37, 38, 39, 40, 41, 79, 42, 43, 44, 45, 46, 47, 48, 75, 50, 51, 52, 53, 54, 55, 56, 57, 58, 78, 59, 60, 61, 62, 63, 64, 65, 66, 67, 68, 69, 70, 71, 49, 72, 73]
index list energy: 152293.52169419697
Done


iterations: 100000000 temp: 1000000.0 exponent: 0.9 eif: 300.0
time taken (sec): 8314.485688447952
number of iterations: 98246748
final temperature: 176.96434542799793
og index list: [56, 7, 48, 45, 54, 77, 31, 66, 8, 17, 25, 64, 46, 79, 5, 72, 78, 52, 0, 28, 6, 13, 20, 2, 41, 11, 42, 49, 30, 62, 21, 71, 74, 60, 22, 44, 16, 39, 4, 15, 61, 26, 50, 32, 58, 37, 67, 3, 1, 69, 57, 65, 19, 33, 23, 53, 12, 18, 55, 9, 14, 10, 63, 35, 43, 24, 47, 76, 68, 59, 38, 75, 29, 73, 36, 70, 27, 40, 51, 34]
og index list energy: 146861446.70547557
index list: [72, 1, 2, 3, 4, 5, 6, 7, 8, 9, 10, 11, 12, 13, 74, 14, 15, 16, 77, 17, 18, 19, 20, 21, 22, 23, 24, 25, 26, 27, 28, 29, 30, 31, 32, 75, 33, 34, 35, 36, 37, 38, 39, 40, 41, 76, 42, 43, 44, 45, 46, 47, 48, 79, 50, 51, 52, 53, 54, 55, 56, 57, 58, 49, 59, 60, 61, 62, 63, 64, 65, 66, 67, 68, 69, 78, 70, 71, 0, 73]
index list energy: 152290.42158758297
Done


program ended at: 2020-03-30 09:19:23.203932 
 time delta: 11:57:59.898055
