## SLURM PROLOG ###############################################################
##    Job ID : 11508592
##  Job Name : verifying_2np4_works
##  Nodelist : node1302
##      CPUs : 1
##  Mem/Node : 1024 MB
## Directory : /gpfs/data/nfawzi/skale/Fawzi_pycharm_project
##   Started : Sun Mar 29 21:21:21 EDT 2020
###############################################################################
program started at:2020-03-29 21:21:21.550120
iterations: 100000000 temp: 1000000.0 exponent: 0.9 eif: 300.0
time taken (sec): 7793.262989521027
number of iterations: 100000000
final temperature: 159.26791088519815
og index list: [48, 18, 6, 19, 20, 25, 56, 16, 59, 33, 14, 76, 24, 54, 11, 17, 77, 2, 64, 35, 45, 27, 31, 72, 65, 75, 7, 29, 36, 4, 38, 10, 15, 71, 22, 55, 67, 9, 79, 12, 26, 57, 13, 39, 28, 32, 0, 78, 66, 37, 62, 74, 23, 30, 34, 41, 73, 40, 50, 46, 42, 43, 68, 63, 70, 47, 51, 69, 8, 61, 44, 58, 49, 53, 1, 3, 60, 21, 52, 5]
og index list energy: 125736408.77825794
index list: [72, 1, 2, 3, 4, 5, 6, 7, 8, 9, 10, 11, 12, 13, 76, 14, 15, 16, 74, 17, 18, 19, 20, 21, 22, 23, 24, 25, 26, 27, 28, 29, 30, 31, 32, 49, 33, 34, 35, 36, 37, 38, 39, 40, 41, 79, 42, 43, 44, 45, 46, 47, 48, 78, 50, 51, 52, 53, 54, 55, 56, 57, 58, 75, 59, 60, 61, 62, 63, 64, 65, 66, 67, 68, 69, 77, 70, 71, 0, 73]
index list energy: 152290.42158758297
Done


iterations: 100000000 temp: 1000000.0 exponent: 0.9 eif: 300.0
time taken (sec): 8298.523309469223
number of iterations: 100000000
final temperature: 159.26791088519815
og index list: [44, 12, 17, 46, 33, 63, 61, 52, 16, 5, 31, 60, 18, 73, 54, 57, 74, 70, 55, 56, 66, 32, 49, 42, 23, 37, 14, 41, 15, 7, 62, 0, 51, 75, 47, 45, 1, 58, 30, 8, 59, 39, 6, 79, 24, 13, 22, 26, 3, 67, 34, 2, 78, 9, 38, 29, 21, 4, 50, 48, 25, 20, 10, 40, 72, 68, 53, 64, 36, 28, 11, 69, 27, 77, 19, 71, 65, 35, 43, 76]
og index list energy: 224837984.5313418
index list: [72, 1, 2, 3, 4, 5, 6, 7, 8, 9, 10, 11, 12, 13, 49, 14, 15, 16, 75, 17, 18, 19, 20, 21, 22, 23, 24, 25, 26, 27, 28, 29, 30, 31, 32, 79, 33, 34, 35, 36, 37, 38, 39, 40, 41, 77, 42, 43, 44, 45, 46, 47, 48, 76, 50, 51, 52, 53, 54, 55, 56, 57, 58, 78, 59, 60, 61, 62, 63, 64, 65, 66, 67, 68, 69, 74, 70, 71, 0, 73]
index list energy: 152290.42158758297
Done


iterations: 100000000 temp: 1000000.0 exponent: 0.9 eif: 300.0
time taken (sec): 8257.636560678482
number of iterations: 100000000
final temperature: 159.26791088519815
og index list: [37, 79, 58, 74, 69, 20, 14, 40, 76, 68, 17, 19, 23, 24, 31, 51, 7, 57, 42, 33, 50, 16, 18, 26, 64, 15, 53, 13, 72, 62, 55, 41, 70, 30, 25, 78, 67, 59, 73, 3, 34, 29, 36, 65, 9, 21, 45, 77, 11, 61, 38, 60, 2, 75, 35, 5, 44, 39, 8, 71, 47, 0, 66, 52, 56, 28, 49, 43, 63, 12, 4, 54, 27, 6, 10, 48, 32, 22, 46, 1]
og index list energy: 173532810.3889716
index list: [0, 1, 2, 3, 4, 5, 6, 7, 8, 9, 10, 11, 12, 13, 79, 14, 15, 16, 49, 17, 18, 19, 20, 21, 22, 23, 24, 25, 26, 27, 28, 29, 30, 31, 32, 75, 33, 34, 35, 36, 37, 38, 39, 40, 41, 77, 42, 43, 44, 45, 46, 47, 48, 78, 50, 51, 52, 53, 54, 55, 56, 57, 58, 74, 59, 60, 61, 62, 63, 64, 65, 66, 67, 68, 69, 70, 71, 76, 72, 73]
index list energy: 152293.52169419697
Done


iterations: 100000000 temp: 1000000.0 exponent: 0.9 eif: 300.0
time taken (sec): 8202.878224611282
number of iterations: 100000000
final temperature: 159.26791088519815
og index list: [61, 48, 63, 55, 75, 67, 27, 2, 57, 32, 26, 42, 73, 53, 24, 77, 79, 74, 58, 25, 66, 68, 39, 64, 0, 13, 35, 36, 65, 22, 11, 60, 30, 18, 7, 38, 14, 19, 23, 3, 9, 70, 34, 41, 45, 78, 4, 49, 52, 29, 20, 51, 21, 47, 17, 56, 5, 54, 37, 16, 31, 28, 44, 1, 71, 76, 46, 69, 33, 40, 12, 43, 15, 6, 72, 50, 62, 59, 10, 8]
og index list energy: 178192270.98390916
index list: [0, 1, 2, 3, 4, 5, 6, 7, 8, 9, 10, 11, 12, 13, 78, 14, 15, 16, 77, 17, 18, 19, 20, 21, 22, 23, 24, 25, 26, 27, 28, 29, 30, 31, 32, 76, 33, 34, 35, 36, 37, 38, 39, 40, 41, 74, 42, 43, 44, 45, 46, 47, 48, 49, 50, 51, 52, 53, 54, 55, 56, 57, 58, 75, 59, 60, 61, 62, 63, 64, 65, 66, 67, 68, 69, 70, 71, 79, 72, 73]
index list energy: 151994.72169419698
Done


iterations: 100000000 temp: 1000000.0 exponent: 0.9 eif: 300.0
time taken (sec): 7919.940673351288
number of iterations: 100000000
final temperature: 159.26791088519815
og index list: [31, 9, 77, 48, 39, 42, 14, 78, 4, 62, 60, 71, 52, 54, 5, 64, 28, 46, 8, 70, 66, 55, 65, 51, 16, 50, 29, 2, 79, 73, 47, 43, 13, 12, 34, 74, 27, 33, 49, 69, 72, 15, 41, 19, 17, 1, 20, 26, 58, 53, 68, 18, 3, 11, 76, 23, 67, 38, 35, 45, 25, 10, 44, 40, 57, 56, 22, 24, 63, 0, 30, 61, 32, 6, 7, 37, 36, 75, 59, 21]
og index list energy: 117493623.3422929
index list: [72, 1, 2, 3, 4, 5, 6, 7, 8, 9, 10, 11, 12, 13, 78, 14, 15, 16, 75, 17, 18, 19, 20, 21, 22, 23, 24, 25, 26, 27, 28, 29, 30, 31, 32, 74, 33, 34, 35, 36, 37, 38, 39, 40, 41, 76, 42, 43, 44, 45, 46, 47, 48, 77, 50, 51, 52, 53, 54, 55, 56, 57, 58, 49, 59, 60, 61, 62, 63, 64, 65, 66, 67, 68, 69, 79, 70, 71, 0, 73]
index list energy: 152290.42158758297
Done


iterations: 100000000 temp: 1000000.0 exponent: 0.9 eif: 300.0
time taken (sec): 2607.629196882248
number of iterations: 43749835
final temperature: 7855.1672112789465
og index list: [16, 18, 15, 34, 47, 79, 63, 4, 24, 56, 17, 48, 55, 70, 33, 22, 23, 54, 65, 59, 49, 78, 53, 42, 29, 60, 25, 67, 35, 51, 75, 2, 46, 68, 50, 27, 71, 8, 57, 62, 3, 74, 61, 6, 9, 45, 36, 73, 28, 64, 43, 12, 37, 13, 66, 77, 72, 52, 69, 58, 7, 14, 20, 21, 76, 5, 40, 11, 31, 10, 38, 44, 26, 41, 30, 32, 39, 1, 19, 0]
og index list energy: 138910579.80796194
index list: [0, 1, 2, 3, 4, 5, 6, 7, 8, 9, 10, 11, 12, 13, 76, 14, 15, 16, 75, 17, 18, 19, 20, 21, 22, 23, 24, 25, 26, 27, 28, 29, 30, 31, 32, 49, 33, 34, 35, 36, 37, 38, 39, 40, 41, 77, 42, 43, 44, 45, 46, 47, 48, 79, 50, 51, 52, 53, 54, 55, 56, 57, 58, 74, 59, 60, 61, 62, 63, 64, 65, 66, 67, 68, 69, 70, 71, 78, 72, 73]
index list energy: 152293.52169419697
Done


program ended at: 2020-03-30 09:19:21.551787 
 time delta: 11:58:00.001667
