## SLURM PROLOG ###############################################################
##    Job ID : 11508600
##  Job Name : verifying_2np4_works
##  Nodelist : node1324
##      CPUs : 1
##  Mem/Node : 1024 MB
## Directory : /gpfs/data/nfawzi/skale/Fawzi_pycharm_project
##   Started : Sun Mar 29 21:21:21 EDT 2020
###############################################################################
program started at:2020-03-29 21:21:23.229401
iterations: 100000000 temp: 1000000.0 exponent: 0.9 eif: 300.0
time taken (sec): 8432.926243066788
number of iterations: 100000000
final temperature: 159.26791088519815
og index list: [6, 70, 15, 67, 49, 23, 47, 34, 3, 48, 29, 38, 28, 73, 25, 74, 16, 10, 0, 37, 45, 52, 7, 19, 54, 11, 18, 13, 20, 32, 71, 63, 42, 51, 14, 56, 55, 40, 43, 33, 5, 76, 8, 66, 17, 31, 26, 57, 1, 62, 77, 68, 60, 22, 2, 39, 59, 79, 21, 69, 53, 30, 65, 9, 12, 64, 72, 41, 78, 75, 35, 24, 44, 46, 27, 50, 61, 58, 36, 4]
og index list energy: 134783638.38953355
index list: [72, 1, 2, 3, 4, 5, 6, 7, 8, 9, 10, 11, 12, 13, 78, 14, 15, 16, 49, 17, 18, 19, 20, 21, 22, 23, 24, 25, 26, 27, 28, 29, 30, 31, 32, 76, 33, 34, 35, 36, 37, 38, 39, 40, 41, 77, 42, 43, 44, 45, 46, 47, 48, 74, 50, 51, 52, 53, 54, 55, 56, 57, 58, 75, 59, 60, 61, 62, 63, 64, 65, 66, 67, 68, 69, 79, 70, 71, 0, 73]
index list energy: 152290.42158758297
Done


iterations: 100000000 temp: 1000000.0 exponent: 0.9 eif: 300.0
time taken (sec): 8713.004612922668
number of iterations: 100000000
final temperature: 159.26791088519815
og index list: [3, 45, 63, 48, 61, 35, 54, 32, 58, 70, 18, 47, 60, 39, 37, 46, 38, 72, 50, 49, 76, 26, 30, 68, 33, 57, 75, 28, 7, 9, 36, 56, 4, 51, 78, 15, 24, 23, 2, 14, 8, 5, 66, 13, 6, 29, 42, 1, 59, 34, 65, 74, 22, 16, 41, 53, 79, 40, 19, 31, 62, 52, 71, 21, 77, 67, 0, 20, 44, 73, 12, 43, 69, 27, 10, 25, 55, 11, 17, 64]
og index list energy: 145999811.92999896
index list: [0, 1, 2, 3, 4, 5, 6, 7, 8, 9, 10, 11, 12, 13, 79, 14, 15, 16, 77, 17, 18, 19, 20, 21, 22, 23, 24, 25, 26, 27, 28, 29, 30, 31, 32, 74, 33, 34, 35, 36, 37, 38, 39, 40, 41, 76, 42, 43, 44, 45, 46, 47, 48, 75, 50, 51, 52, 53, 54, 55, 56, 57, 58, 78, 59, 60, 61, 62, 63, 64, 65, 66, 67, 68, 69, 70, 71, 49, 72, 73]
index list energy: 152293.52169419697
Done


iterations: 100000000 temp: 1000000.0 exponent: 0.9 eif: 300.0
time taken (sec): 8483.923090457916
number of iterations: 100000000
final temperature: 159.26791088519815
og index list: [58, 45, 2, 36, 70, 30, 46, 34, 64, 51, 61, 48, 10, 60, 7, 56, 15, 38, 16, 11, 65, 1, 47, 43, 41, 29, 55, 77, 50, 54, 20, 8, 28, 37, 13, 52, 35, 31, 22, 63, 3, 9, 6, 57, 19, 14, 32, 67, 5, 0, 26, 79, 25, 12, 74, 33, 71, 53, 78, 69, 39, 23, 62, 44, 66, 17, 40, 42, 72, 76, 49, 18, 27, 24, 75, 68, 59, 21, 4, 73]
og index list energy: 148519481.24424845
index list: [72, 1, 2, 3, 4, 5, 6, 7, 8, 9, 10, 11, 12, 13, 78, 14, 15, 16, 77, 17, 18, 19, 20, 21, 22, 23, 24, 25, 26, 27, 28, 29, 30, 31, 32, 74, 33, 34, 35, 36, 37, 38, 39, 40, 41, 79, 42, 43, 44, 45, 46, 47, 48, 75, 50, 51, 52, 53, 54, 55, 56, 57, 58, 49, 59, 60, 61, 62, 63, 64, 65, 66, 67, 68, 69, 76, 70, 71, 0, 73]
index list energy: 152290.42158758297
Done


iterations: 100000000 temp: 1000000.0 exponent: 0.9 eif: 300.0
time taken (sec): 8458.124123334885
number of iterations: 100000000
final temperature: 159.26791088519815
og index list: [62, 10, 37, 25, 20, 40, 26, 38, 31, 51, 18, 29, 70, 27, 60, 46, 58, 23, 14, 8, 11, 30, 34, 61, 12, 72, 79, 9, 65, 2, 0, 17, 75, 56, 74, 44, 43, 45, 47, 3, 68, 66, 5, 16, 24, 78, 67, 15, 41, 73, 22, 7, 57, 42, 32, 35, 77, 21, 28, 54, 53, 55, 36, 4, 63, 69, 71, 19, 1, 50, 48, 49, 33, 76, 13, 6, 39, 64, 52, 59]
og index list energy: 128761121.84223625
index list: [72, 1, 2, 3, 4, 5, 6, 7, 8, 9, 10, 11, 12, 13, 75, 14, 15, 16, 76, 17, 18, 19, 20, 21, 22, 23, 24, 25, 26, 27, 28, 29, 30, 31, 32, 77, 33, 34, 35, 36, 37, 38, 39, 40, 41, 49, 42, 43, 44, 45, 46, 47, 48, 79, 50, 51, 52, 53, 54, 55, 56, 57, 58, 78, 59, 60, 61, 62, 63, 64, 65, 66, 67, 68, 69, 74, 70, 71, 0, 73]
index list energy: 152290.42158758297
Done


iterations: 100000000 temp: 1000000.0 exponent: 0.9 eif: 300.0
time taken (sec): 8339.173770904541
number of iterations: 100000000
final temperature: 159.26791088519815
og index list: [64, 35, 58, 30, 23, 7, 12, 61, 69, 13, 28, 22, 4, 78, 21, 68, 67, 79, 3, 52, 46, 37, 11, 42, 45, 48, 34, 40, 9, 16, 15, 24, 18, 56, 57, 32, 47, 50, 27, 5, 26, 73, 59, 70, 36, 20, 54, 10, 51, 2, 31, 65, 41, 29, 25, 75, 44, 77, 17, 53, 62, 8, 60, 49, 74, 0, 39, 63, 1, 43, 71, 55, 14, 76, 72, 66, 38, 6, 33, 19]
og index list energy: 210458470.06168205
index list: [72, 1, 2, 3, 4, 5, 6, 7, 8, 9, 10, 11, 12, 13, 78, 14, 15, 16, 79, 17, 18, 19, 20, 21, 22, 23, 24, 25, 26, 27, 28, 29, 30, 31, 32, 76, 33, 34, 35, 36, 37, 38, 39, 40, 41, 49, 42, 43, 44, 45, 46, 47, 48, 75, 50, 51, 52, 53, 54, 55, 56, 57, 58, 74, 59, 60, 61, 62, 63, 64, 65, 66, 67, 68, 69, 77, 70, 71, 0, 73]
index list energy: 152290.42158758297
Done


iterations: 100000000 temp: 1000000.0 exponent: 0.9 eif: 300.0
time taken (sec): 652.69673204422
number of iterations: 15075167
final temperature: 150094.63529699916
og index list: [68, 47, 63, 76, 44, 56, 71, 65, 14, 20, 23, 2, 22, 31, 43, 18, 4, 66, 29, 33, 78, 49, 64, 10, 15, 67, 73, 79, 26, 57, 52, 21, 55, 45, 11, 1, 19, 7, 59, 35, 42, 53, 32, 46, 40, 50, 75, 16, 61, 17, 36, 3, 70, 77, 37, 30, 6, 8, 41, 39, 72, 5, 58, 60, 51, 74, 24, 12, 48, 69, 0, 25, 13, 54, 34, 38, 62, 28, 27, 9]
og index list energy: 183330027.32308733
index list: [71, 13, 73, 4, 20, 78, 55, 7, 8, 51, 10, 11, 40, 36, 50, 46, 63, 77, 42, 17, 74, 27, 28, 33, 62, 6, 29, 30, 31, 49, 18, 47, 69, 72, 19, 53, 45, 16, 24, 5, 37, 38, 59, 60, 61, 34, 35, 44, 54, 22, 23, 43, 48, 75, 39, 56, 57, 32, 79, 68, 14, 1, 2, 3, 26, 0, 58, 64, 21, 52, 70, 12, 15, 41, 65, 76, 9, 66, 67, 25]
index list energy: 6976613.066774395
Done


program ended at: 2020-03-30 09:19:23.203832 
 time delta: 11:57:59.974431
