## SLURM PROLOG ###############################################################
##    Job ID : 11508610
##  Job Name : verifying_2np4_works
##  Nodelist : node1324
##      CPUs : 1
##  Mem/Node : 1024 MB
## Directory : /gpfs/data/nfawzi/skale/Fawzi_pycharm_project
##   Started : Sun Mar 29 21:21:22 EDT 2020
###############################################################################
program started at:2020-03-29 21:21:23.278474
iterations: 100000000 temp: 1000000.0 exponent: 0.9 eif: 300.0
time taken (sec): 8790.132935523987
number of iterations: 100000000
final temperature: 159.26791088519815
og index list: [61, 8, 44, 9, 26, 12, 78, 30, 70, 77, 41, 17, 32, 47, 49, 57, 13, 36, 39, 16, 37, 59, 42, 5, 35, 79, 31, 1, 3, 76, 14, 65, 53, 46, 48, 51, 52, 7, 69, 63, 56, 20, 50, 6, 27, 67, 34, 38, 22, 29, 40, 62, 58, 60, 68, 19, 66, 45, 2, 54, 74, 24, 64, 43, 71, 55, 23, 25, 11, 15, 0, 18, 75, 72, 4, 21, 10, 28, 73, 33]
og index list energy: 162922961.33487216
index list: [72, 1, 2, 3, 4, 5, 6, 7, 8, 9, 10, 11, 12, 13, 76, 14, 15, 16, 74, 17, 18, 19, 20, 21, 22, 23, 24, 25, 26, 27, 28, 29, 30, 31, 32, 78, 33, 34, 35, 36, 37, 38, 39, 40, 41, 49, 42, 43, 44, 45, 46, 47, 48, 79, 50, 51, 52, 53, 54, 55, 56, 57, 58, 75, 59, 60, 61, 62, 63, 64, 65, 66, 67, 68, 69, 77, 70, 71, 0, 73]
index list energy: 152290.42158758297
Done


iterations: 100000000 temp: 1000000.0 exponent: 0.9 eif: 300.0
time taken (sec): 9174.040924310684
number of iterations: 100000000
final temperature: 159.26791088519815
og index list: [56, 30, 61, 47, 19, 37, 14, 45, 70, 75, 76, 16, 21, 11, 13, 27, 26, 63, 69, 36, 42, 43, 77, 32, 48, 3, 38, 5, 2, 25, 7, 12, 65, 66, 49, 29, 35, 79, 67, 55, 52, 6, 60, 0, 72, 4, 58, 33, 73, 34, 9, 17, 44, 68, 10, 59, 74, 39, 1, 78, 15, 41, 20, 64, 40, 23, 24, 8, 57, 28, 53, 18, 50, 31, 54, 51, 62, 22, 46, 71]
og index list energy: 189591809.50291356
index list: [0, 1, 2, 3, 4, 5, 6, 7, 8, 9, 10, 11, 12, 13, 79, 14, 15, 16, 49, 17, 18, 19, 20, 21, 22, 23, 24, 25, 26, 27, 28, 29, 30, 31, 32, 77, 33, 34, 35, 36, 37, 38, 39, 40, 41, 76, 42, 43, 44, 45, 46, 47, 48, 78, 50, 51, 52, 53, 54, 55, 56, 57, 58, 74, 59, 60, 61, 62, 63, 64, 65, 66, 67, 68, 69, 70, 71, 75, 72, 73]
index list energy: 152293.52169419697
Done


iterations: 100000000 temp: 1000000.0 exponent: 0.9 eif: 300.0
time taken (sec): 8737.619475841522
number of iterations: 100000000
final temperature: 159.26791088519815
og index list: [11, 17, 63, 42, 55, 79, 49, 10, 25, 45, 71, 14, 47, 53, 66, 29, 2, 23, 77, 44, 9, 32, 75, 6, 24, 61, 50, 51, 70, 16, 0, 52, 48, 73, 40, 65, 35, 1, 8, 56, 12, 67, 20, 64, 69, 30, 15, 59, 74, 27, 19, 3, 33, 54, 41, 43, 39, 22, 58, 76, 34, 4, 21, 26, 36, 46, 62, 28, 60, 57, 7, 5, 68, 72, 38, 37, 78, 13, 31, 18]
og index list energy: 146862587.7947472
index list: [0, 1, 2, 3, 4, 5, 6, 7, 8, 9, 10, 11, 12, 13, 75, 14, 15, 16, 74, 17, 18, 19, 20, 21, 22, 23, 24, 25, 26, 27, 28, 29, 30, 31, 32, 49, 33, 34, 35, 36, 37, 38, 39, 40, 41, 71, 76, 43, 44, 45, 46, 47, 48, 79, 50, 51, 52, 53, 54, 55, 56, 57, 58, 78, 59, 60, 61, 62, 63, 64, 65, 66, 67, 68, 69, 70, 77, 42, 72, 73]
index list energy: 160416.50127390915
Done


iterations: 100000000 temp: 1000000.0 exponent: 0.9 eif: 300.0
time taken (sec): 8567.480660200119
number of iterations: 100000000
final temperature: 159.26791088519815
og index list: [37, 79, 12, 46, 1, 52, 26, 54, 4, 7, 65, 62, 29, 76, 72, 6, 51, 78, 19, 9, 33, 70, 57, 49, 21, 27, 74, 36, 38, 10, 13, 34, 16, 8, 56, 35, 71, 20, 48, 68, 40, 60, 77, 39, 5, 47, 58, 67, 53, 55, 25, 69, 42, 50, 63, 15, 64, 43, 28, 66, 18, 17, 45, 2, 24, 61, 14, 44, 32, 0, 11, 22, 30, 23, 3, 41, 31, 73, 75, 59]
og index list energy: 175073064.36683002
index list: [72, 1, 2, 3, 4, 5, 6, 7, 8, 9, 10, 11, 12, 13, 74, 14, 15, 16, 49, 17, 18, 19, 20, 21, 22, 23, 24, 25, 26, 27, 28, 29, 30, 31, 32, 77, 33, 34, 35, 36, 37, 38, 39, 40, 41, 79, 42, 43, 44, 45, 46, 47, 48, 78, 50, 51, 52, 53, 54, 55, 56, 57, 58, 75, 59, 60, 61, 62, 63, 64, 65, 66, 67, 68, 69, 76, 70, 71, 0, 73]
index list energy: 152290.42158758297
Done


iterations: 100000000 temp: 1000000.0 exponent: 0.9 eif: 300.0
time taken (sec): 7810.530570268631
number of iterations: 92311851
final temperature: 242.74944503154717
og index list: [27, 78, 1, 77, 70, 48, 55, 5, 8, 61, 12, 33, 51, 76, 50, 32, 60, 31, 44, 56, 46, 49, 3, 37, 63, 66, 23, 6, 26, 0, 21, 39, 68, 17, 58, 25, 9, 59, 7, 54, 65, 40, 16, 64, 62, 79, 43, 45, 35, 71, 75, 69, 15, 11, 22, 30, 36, 19, 53, 20, 74, 42, 18, 24, 52, 10, 14, 47, 34, 38, 13, 67, 57, 73, 4, 2, 41, 29, 72, 28]
og index list energy: 136361484.4309739
index list: [72, 1, 2, 3, 4, 5, 6, 7, 8, 9, 10, 11, 12, 13, 79, 14, 15, 16, 77, 17, 18, 19, 20, 21, 22, 23, 24, 25, 26, 27, 28, 29, 30, 31, 32, 49, 33, 34, 35, 36, 37, 38, 39, 40, 41, 76, 42, 43, 44, 45, 46, 47, 48, 74, 50, 51, 52, 53, 54, 55, 56, 57, 58, 78, 59, 60, 61, 62, 63, 64, 65, 66, 67, 68, 69, 75, 70, 71, 0, 73]
index list energy: 152290.42158758297
Done


program ended at: 2020-03-30 09:19:23.203875 
 time delta: 11:57:59.925401
