## SLURM PROLOG ###############################################################
##    Job ID : 11508603
##  Job Name : verifying_2np4_works
##  Nodelist : node1324
##      CPUs : 1
##  Mem/Node : 1024 MB
## Directory : /gpfs/data/nfawzi/skale/Fawzi_pycharm_project
##   Started : Sun Mar 29 21:21:23 EDT 2020
###############################################################################
program started at:2020-03-29 21:21:23.986559
iterations: 100000000 temp: 1000000.0 exponent: 0.9 eif: 300.0
time taken (sec): 8422.149438619614
number of iterations: 100000000
final temperature: 159.26791088519815
og index list: [28, 49, 63, 21, 57, 50, 34, 66, 77, 47, 68, 46, 59, 5, 17, 29, 36, 13, 58, 64, 35, 70, 37, 72, 26, 16, 45, 67, 53, 9, 11, 75, 33, 79, 32, 19, 78, 7, 10, 51, 44, 15, 40, 43, 25, 22, 69, 1, 4, 52, 20, 71, 12, 6, 41, 2, 48, 73, 56, 65, 60, 8, 14, 24, 61, 54, 38, 3, 55, 39, 76, 42, 27, 0, 23, 30, 62, 31, 18, 74]
og index list energy: 160936369.68138885
index list: [0, 1, 2, 3, 4, 5, 6, 7, 8, 9, 10, 11, 12, 13, 75, 14, 15, 16, 77, 17, 18, 19, 20, 21, 22, 23, 24, 25, 26, 27, 28, 29, 30, 31, 32, 49, 33, 34, 35, 36, 37, 38, 39, 40, 41, 71, 79, 43, 44, 45, 46, 47, 48, 74, 50, 51, 52, 53, 54, 55, 56, 57, 58, 76, 59, 60, 61, 62, 63, 64, 65, 66, 67, 68, 69, 70, 78, 42, 72, 73]
index list energy: 160416.50127390915
Done


iterations: 100000000 temp: 1000000.0 exponent: 0.9 eif: 300.0
time taken (sec): 8638.40963101387
number of iterations: 100000000
final temperature: 159.26791088519815
og index list: [74, 57, 58, 15, 67, 24, 55, 65, 12, 59, 4, 0, 53, 17, 56, 32, 61, 73, 52, 79, 37, 47, 26, 5, 78, 43, 41, 54, 16, 3, 10, 9, 33, 13, 75, 51, 18, 45, 39, 49, 11, 30, 64, 8, 69, 63, 77, 42, 72, 25, 44, 50, 71, 40, 22, 14, 76, 2, 68, 7, 28, 62, 36, 70, 20, 27, 34, 38, 29, 31, 35, 6, 19, 48, 46, 21, 23, 60, 1, 66]
og index list energy: 121312656.83054373
index list: [0, 1, 2, 3, 4, 5, 6, 7, 8, 9, 10, 11, 12, 13, 78, 14, 15, 16, 75, 17, 18, 19, 20, 21, 22, 23, 24, 25, 26, 27, 28, 29, 30, 31, 32, 49, 33, 34, 35, 36, 37, 38, 39, 40, 41, 79, 42, 43, 44, 45, 46, 47, 48, 76, 50, 51, 52, 53, 54, 55, 56, 57, 58, 74, 59, 60, 61, 62, 63, 64, 65, 66, 67, 68, 69, 70, 71, 77, 72, 73]
index list energy: 152293.52169419697
Done


iterations: 100000000 temp: 1000000.0 exponent: 0.9 eif: 300.0
time taken (sec): 8402.667429447174
number of iterations: 100000000
final temperature: 159.26791088519815
og index list: [50, 19, 5, 42, 16, 27, 75, 20, 10, 3, 61, 18, 45, 66, 46, 47, 32, 7, 4, 36, 70, 13, 30, 62, 74, 73, 49, 35, 58, 76, 51, 31, 11, 72, 0, 15, 9, 6, 28, 37, 40, 77, 54, 65, 2, 69, 53, 26, 43, 68, 48, 14, 56, 17, 12, 79, 1, 44, 8, 39, 55, 23, 63, 57, 67, 29, 71, 64, 21, 78, 34, 33, 22, 60, 25, 38, 24, 52, 41, 59]
og index list energy: 150371375.09162578
index list: [72, 1, 2, 3, 4, 5, 6, 7, 8, 9, 10, 11, 12, 13, 74, 14, 15, 16, 79, 17, 18, 19, 20, 21, 22, 23, 24, 25, 26, 27, 28, 29, 30, 31, 32, 49, 33, 34, 35, 36, 37, 38, 39, 40, 41, 0, 73, 78, 44, 45, 46, 47, 48, 77, 50, 51, 52, 53, 54, 55, 56, 57, 58, 75, 59, 60, 61, 62, 63, 64, 65, 66, 67, 68, 69, 70, 71, 76, 42, 43]
index list energy: 173495.1778064098
Done


iterations: 100000000 temp: 1000000.0 exponent: 0.9 eif: 300.0
time taken (sec): 8279.578200817108
number of iterations: 100000000
final temperature: 159.26791088519815
og index list: [73, 18, 74, 22, 59, 44, 20, 8, 17, 65, 9, 0, 2, 54, 37, 35, 46, 12, 47, 6, 39, 27, 67, 56, 36, 10, 52, 15, 41, 31, 16, 55, 23, 49, 48, 70, 1, 7, 45, 57, 50, 53, 28, 38, 60, 77, 11, 14, 69, 5, 21, 13, 25, 51, 43, 32, 66, 71, 42, 40, 63, 62, 79, 76, 30, 24, 34, 68, 72, 3, 64, 33, 26, 19, 61, 58, 29, 75, 4, 78]
og index list energy: 184384531.12819266
index list: [0, 1, 2, 3, 4, 5, 6, 7, 8, 9, 10, 11, 12, 13, 78, 14, 15, 16, 75, 17, 18, 19, 20, 21, 22, 23, 24, 25, 26, 27, 28, 29, 30, 31, 32, 49, 33, 34, 35, 36, 37, 38, 39, 40, 41, 71, 74, 43, 44, 45, 46, 47, 48, 76, 50, 51, 52, 53, 54, 55, 56, 57, 58, 79, 59, 60, 61, 62, 63, 64, 65, 66, 67, 68, 69, 70, 77, 42, 72, 73]
index list energy: 160416.50127390915
Done


iterations: 100000000 temp: 1000000.0 exponent: 0.9 eif: 300.0
time taken (sec): 7788.159939527512
number of iterations: 100000000
final temperature: 159.26791088519815
og index list: [17, 74, 1, 33, 28, 6, 65, 3, 10, 60, 73, 76, 63, 56, 15, 61, 26, 59, 64, 42, 47, 31, 36, 66, 49, 13, 30, 75, 54, 44, 27, 38, 4, 32, 58, 12, 14, 25, 48, 21, 9, 24, 50, 45, 79, 11, 5, 0, 52, 40, 68, 71, 8, 57, 19, 29, 70, 20, 78, 62, 7, 2, 53, 41, 35, 69, 72, 39, 16, 37, 43, 22, 51, 23, 18, 46, 67, 77, 34, 55]
og index list energy: 124855637.31602813
index list: [14, 5, 1, 2, 3, 75, 13, 76, 72, 6, 7, 8, 9, 10, 11, 12, 0, 73, 79, 17, 18, 19, 20, 21, 22, 23, 24, 25, 26, 27, 28, 29, 30, 31, 32, 77, 33, 34, 35, 36, 37, 38, 39, 40, 41, 78, 42, 43, 44, 45, 46, 47, 48, 49, 50, 51, 52, 53, 54, 55, 56, 57, 58, 74, 59, 60, 61, 62, 63, 64, 65, 66, 67, 68, 69, 70, 71, 4, 15, 16]
index list energy: 300291.8504401162
Done


iterations: 100000000 temp: 1000000.0 exponent: 0.9 eif: 300.0
time taken (sec): 1548.906453371048
number of iterations: 30790871
final temperature: 27812.838944369363
og index list: [1, 13, 5, 42, 8, 79, 7, 10, 48, 41, 34, 75, 4, 58, 61, 19, 22, 68, 32, 55, 39, 44, 52, 11, 65, 51, 31, 57, 66, 45, 49, 24, 64, 72, 38, 27, 12, 78, 33, 47, 74, 67, 40, 46, 73, 50, 2, 0, 36, 69, 28, 56, 53, 21, 76, 17, 9, 30, 26, 59, 15, 77, 18, 71, 20, 14, 60, 43, 6, 63, 16, 25, 70, 37, 3, 62, 29, 23, 54, 35]
og index list energy: 142728089.33951506
index list: [72, 73, 40, 6, 70, 71, 15, 1, 2, 3, 5, 44, 45, 41, 75, 7, 8, 16, 78, 17, 18, 19, 20, 21, 22, 23, 24, 25, 26, 27, 28, 29, 30, 31, 46, 47, 48, 34, 35, 36, 77, 52, 43, 79, 9, 10, 11, 12, 13, 32, 74, 42, 33, 0, 51, 50, 69, 53, 54, 55, 56, 57, 58, 76, 59, 60, 61, 62, 63, 64, 65, 66, 67, 68, 14, 49, 37, 38, 39, 4]
index list energy: 1019955.0318615079
Done


program ended at: 2020-03-30 09:19:23.989233 
 time delta: 11:58:00.002674
