## SLURM PROLOG ###############################################################
##    Job ID : 11508609
##  Job Name : verifying_2np4_works
##  Nodelist : node1324
##      CPUs : 1
##  Mem/Node : 1024 MB
## Directory : /gpfs/data/nfawzi/skale/Fawzi_pycharm_project
##   Started : Sun Mar 29 21:21:24 EDT 2020
###############################################################################
program started at:2020-03-29 21:21:24.569206
iterations: 100000000 temp: 1000000.0 exponent: 0.9 eif: 300.0
time taken (sec): 8316.578099250793
number of iterations: 100000000
final temperature: 159.26791088519815
og index list: [12, 43, 67, 22, 51, 13, 74, 58, 38, 70, 7, 55, 39, 34, 65, 37, 40, 66, 79, 54, 23, 77, 25, 33, 68, 72, 21, 11, 17, 4, 49, 16, 0, 44, 50, 26, 31, 59, 5, 61, 2, 64, 53, 35, 19, 75, 27, 8, 15, 14, 76, 63, 1, 48, 9, 45, 47, 29, 32, 73, 20, 60, 41, 30, 42, 6, 52, 24, 69, 62, 71, 3, 36, 78, 18, 57, 46, 28, 10, 56]
og index list energy: 112169337.60746135
index list: [72, 1, 2, 3, 4, 5, 6, 7, 8, 9, 10, 11, 12, 13, 74, 14, 15, 16, 75, 17, 18, 19, 20, 21, 22, 23, 24, 25, 26, 27, 28, 29, 30, 31, 32, 49, 33, 34, 35, 36, 37, 38, 39, 40, 41, 78, 42, 43, 44, 45, 46, 47, 48, 77, 50, 51, 52, 53, 54, 55, 56, 57, 58, 76, 59, 60, 61, 62, 63, 64, 65, 66, 67, 68, 69, 79, 70, 71, 0, 73]
index list energy: 152290.42158758297
Done


iterations: 100000000 temp: 1000000.0 exponent: 0.9 eif: 300.0
time taken (sec): 8273.918359279633
number of iterations: 100000000
final temperature: 159.26791088519815
og index list: [79, 22, 6, 78, 19, 56, 57, 34, 50, 5, 39, 45, 65, 28, 10, 32, 53, 40, 37, 29, 48, 74, 13, 67, 63, 47, 8, 20, 3, 38, 0, 2, 35, 72, 70, 14, 58, 77, 52, 44, 49, 55, 12, 69, 64, 9, 36, 25, 66, 11, 17, 23, 18, 27, 24, 1, 4, 31, 62, 43, 73, 26, 46, 30, 42, 60, 71, 15, 68, 41, 21, 61, 16, 59, 76, 51, 33, 54, 75, 7]
og index list energy: 139594297.57052913
index list: [72, 1, 2, 3, 4, 5, 6, 7, 8, 9, 10, 11, 12, 13, 75, 14, 15, 16, 79, 17, 18, 19, 20, 21, 22, 23, 24, 25, 26, 27, 28, 29, 30, 31, 32, 78, 33, 34, 35, 36, 37, 38, 39, 40, 41, 49, 42, 43, 44, 45, 46, 47, 48, 77, 50, 51, 52, 53, 54, 55, 56, 57, 58, 76, 59, 60, 61, 62, 63, 64, 65, 66, 67, 68, 69, 74, 70, 71, 0, 73]
index list energy: 152290.42158758297
Done


iterations: 100000000 temp: 1000000.0 exponent: 0.9 eif: 300.0
time taken (sec): 8552.053342580795
number of iterations: 100000000
final temperature: 159.26791088519815
og index list: [41, 44, 8, 27, 26, 3, 32, 51, 70, 55, 14, 13, 0, 59, 17, 36, 67, 62, 4, 34, 47, 33, 78, 6, 20, 19, 15, 58, 56, 25, 75, 57, 40, 52, 21, 10, 9, 50, 71, 49, 54, 43, 73, 61, 69, 38, 16, 37, 28, 12, 45, 77, 76, 42, 39, 30, 79, 11, 29, 64, 60, 53, 31, 2, 72, 22, 48, 18, 5, 63, 24, 23, 74, 46, 68, 66, 35, 65, 7, 1]
og index list energy: 155595659.87086108
index list: [0, 1, 2, 3, 4, 5, 6, 7, 8, 9, 10, 11, 12, 13, 79, 14, 15, 16, 76, 17, 18, 19, 20, 21, 22, 23, 24, 25, 26, 27, 28, 29, 30, 31, 32, 78, 33, 34, 35, 36, 37, 38, 39, 40, 41, 75, 42, 43, 44, 45, 46, 47, 48, 77, 50, 51, 52, 53, 54, 55, 56, 57, 58, 74, 59, 60, 61, 62, 63, 64, 65, 66, 67, 68, 69, 70, 71, 49, 72, 73]
index list energy: 152293.52169419697
Done


iterations: 100000000 temp: 1000000.0 exponent: 0.9 eif: 300.0
time taken (sec): 8260.923679351807
number of iterations: 100000000
final temperature: 159.26791088519815
og index list: [49, 4, 14, 31, 8, 6, 46, 44, 77, 15, 55, 21, 71, 28, 56, 78, 19, 32, 72, 50, 23, 10, 43, 76, 17, 1, 62, 57, 9, 65, 12, 34, 13, 54, 64, 36, 75, 27, 5, 52, 60, 59, 79, 41, 51, 45, 61, 24, 33, 30, 29, 53, 18, 40, 47, 74, 0, 48, 26, 37, 70, 66, 42, 20, 68, 73, 69, 3, 16, 39, 35, 11, 2, 7, 25, 22, 67, 58, 63, 38]
og index list energy: 141107134.1515592
index list: [0, 1, 2, 3, 4, 5, 6, 7, 8, 9, 10, 11, 12, 13, 75, 14, 15, 16, 49, 17, 18, 19, 20, 21, 22, 23, 24, 25, 26, 27, 28, 29, 30, 31, 32, 79, 33, 34, 35, 36, 37, 38, 39, 40, 41, 71, 76, 43, 44, 45, 46, 47, 48, 77, 50, 51, 52, 53, 54, 55, 56, 57, 58, 78, 59, 60, 61, 62, 63, 64, 65, 66, 67, 68, 69, 70, 74, 42, 72, 73]
index list energy: 160416.50127390915
Done


iterations: 100000000 temp: 1000000.0 exponent: 0.9 eif: 300.0
time taken (sec): 8117.387591838837
number of iterations: 100000000
final temperature: 159.26791088519815
og index list: [9, 75, 29, 76, 14, 36, 0, 49, 62, 28, 79, 1, 40, 7, 59, 50, 17, 11, 46, 23, 41, 61, 48, 52, 58, 78, 20, 6, 32, 3, 2, 24, 55, 12, 77, 65, 63, 51, 72, 47, 45, 4, 8, 34, 33, 16, 70, 21, 57, 74, 10, 19, 73, 31, 39, 68, 35, 69, 5, 44, 13, 18, 26, 38, 53, 27, 66, 37, 15, 54, 67, 71, 42, 30, 22, 60, 25, 56, 43, 64]
og index list energy: 173116354.2658097
index list: [72, 1, 2, 3, 4, 5, 6, 7, 8, 9, 10, 11, 12, 13, 74, 14, 15, 16, 78, 17, 18, 19, 20, 21, 22, 23, 24, 25, 26, 27, 28, 29, 30, 31, 32, 79, 33, 34, 35, 36, 37, 38, 39, 40, 41, 77, 42, 43, 44, 45, 46, 47, 48, 76, 50, 51, 52, 53, 54, 55, 56, 57, 58, 49, 59, 60, 61, 62, 63, 64, 65, 66, 67, 68, 69, 75, 70, 71, 0, 73]
index list energy: 152290.42158758297
Done


iterations: 100000000 temp: 1000000.0 exponent: 0.9 eif: 300.0
time taken (sec): 1559.0075898170471
number of iterations: 30921565
final temperature: 25031.555049932427
og index list: [28, 58, 64, 5, 68, 30, 66, 7, 26, 34, 59, 6, 46, 14, 39, 72, 19, 12, 23, 51, 15, 35, 18, 53, 3, 13, 77, 57, 67, 20, 79, 33, 44, 73, 65, 8, 21, 22, 36, 54, 47, 16, 60, 55, 69, 45, 71, 42, 29, 4, 11, 78, 61, 10, 9, 37, 43, 17, 75, 48, 27, 24, 62, 1, 52, 38, 40, 25, 31, 50, 49, 56, 76, 2, 74, 32, 70, 41, 63, 0]
og index list energy: 116053882.80699702
index list: [72, 1, 2, 6, 7, 8, 9, 76, 17, 18, 32, 12, 13, 41, 50, 51, 10, 11, 0, 74, 70, 71, 20, 21, 22, 23, 24, 25, 26, 27, 28, 29, 30, 31, 46, 47, 48, 34, 35, 36, 77, 73, 40, 58, 49, 44, 45, 16, 75, 52, 14, 15, 54, 37, 38, 39, 79, 42, 33, 55, 56, 57, 19, 68, 59, 60, 61, 62, 63, 64, 65, 66, 43, 69, 53, 78, 67, 5, 3, 4]
index list energy: 1159826.4916922827
Done


program ended at: 2020-03-30 09:19:24.564689 
 time delta: 11:57:59.995483
