## SLURM PROLOG ###############################################################
##    Job ID : 11508598
##  Job Name : verifying_2np4_works
##  Nodelist : node1326
##      CPUs : 1
##  Mem/Node : 1024 MB
## Directory : /gpfs/data/nfawzi/skale/Fawzi_pycharm_project
##   Started : Sun Mar 29 21:21:21 EDT 2020
###############################################################################
program started at:2020-03-29 21:21:23.262763
iterations: 100000000 temp: 1000000.0 exponent: 0.9 eif: 300.0
time taken (sec): 8454.332428693771
number of iterations: 100000000
final temperature: 159.26791088519815
og index list: [36, 14, 39, 44, 8, 3, 52, 47, 32, 10, 23, 78, 74, 70, 20, 6, 56, 4, 28, 48, 12, 51, 63, 45, 29, 27, 60, 77, 53, 50, 16, 41, 76, 1, 43, 55, 65, 30, 42, 61, 34, 71, 7, 57, 22, 68, 13, 11, 38, 31, 25, 37, 79, 35, 17, 72, 46, 40, 18, 21, 59, 75, 24, 66, 54, 58, 73, 62, 49, 5, 2, 15, 64, 69, 33, 26, 0, 67, 9, 19]
og index list energy: 153218719.08714098
index list: [0, 1, 2, 3, 4, 5, 6, 7, 8, 9, 10, 11, 12, 13, 74, 14, 15, 16, 75, 17, 18, 19, 20, 21, 22, 23, 24, 25, 26, 27, 28, 29, 30, 31, 32, 77, 33, 34, 35, 36, 37, 38, 39, 40, 41, 71, 79, 43, 44, 45, 46, 47, 48, 76, 50, 51, 52, 53, 54, 55, 56, 57, 58, 49, 59, 60, 61, 62, 63, 64, 65, 66, 67, 68, 69, 70, 78, 42, 72, 73]
index list energy: 160416.50127390915
Done


iterations: 100000000 temp: 1000000.0 exponent: 0.9 eif: 300.0
time taken (sec): 8349.489951133728
number of iterations: 100000000
final temperature: 159.26791088519815
og index list: [72, 13, 44, 57, 39, 25, 15, 12, 78, 53, 22, 68, 63, 40, 60, 36, 51, 54, 23, 34, 38, 26, 14, 5, 6, 46, 32, 47, 11, 59, 28, 71, 74, 75, 31, 49, 45, 30, 41, 62, 17, 20, 52, 70, 27, 10, 7, 69, 18, 77, 21, 48, 4, 16, 0, 8, 2, 33, 58, 3, 65, 55, 76, 29, 66, 79, 19, 43, 1, 9, 73, 67, 56, 42, 24, 37, 64, 61, 50, 35]
og index list energy: 157308155.50443935
index list: [72, 1, 2, 3, 4, 5, 6, 7, 8, 9, 10, 11, 12, 13, 74, 14, 15, 16, 75, 17, 18, 19, 20, 21, 22, 23, 24, 25, 26, 27, 28, 29, 30, 31, 32, 49, 33, 34, 35, 36, 37, 38, 39, 40, 41, 76, 42, 43, 44, 45, 46, 47, 48, 77, 50, 51, 52, 53, 54, 55, 56, 57, 58, 79, 59, 60, 61, 62, 63, 64, 65, 66, 67, 68, 69, 78, 70, 71, 0, 73]
index list energy: 152290.42158758297
Done


iterations: 100000000 temp: 1000000.0 exponent: 0.9 eif: 300.0
time taken (sec): 8060.182861566544
number of iterations: 100000000
final temperature: 159.26791088519815
og index list: [42, 50, 17, 11, 21, 53, 58, 67, 19, 57, 25, 65, 15, 60, 27, 12, 9, 22, 24, 18, 78, 72, 13, 39, 54, 56, 20, 44, 3, 26, 68, 62, 73, 40, 61, 2, 5, 77, 29, 34, 75, 4, 46, 36, 38, 33, 31, 79, 30, 28, 69, 14, 7, 10, 66, 63, 74, 55, 41, 71, 51, 0, 47, 32, 8, 52, 48, 6, 45, 59, 16, 37, 43, 35, 64, 23, 1, 76, 49, 70]
og index list energy: 157497033.3521432
index list: [72, 1, 2, 3, 4, 5, 6, 7, 8, 9, 10, 11, 12, 13, 77, 14, 15, 16, 49, 17, 18, 19, 20, 21, 22, 23, 24, 25, 26, 27, 28, 29, 30, 31, 32, 78, 33, 34, 35, 36, 37, 38, 39, 40, 41, 75, 42, 43, 44, 45, 46, 47, 48, 79, 50, 51, 52, 53, 54, 55, 56, 57, 58, 74, 59, 60, 61, 62, 63, 64, 65, 66, 67, 68, 69, 76, 70, 71, 0, 73]
index list energy: 152290.42158758297
Done


iterations: 100000000 temp: 1000000.0 exponent: 0.9 eif: 300.0
time taken (sec): 8067.864836215973
number of iterations: 100000000
final temperature: 159.26791088519815
og index list: [29, 46, 79, 52, 62, 15, 60, 73, 27, 74, 76, 26, 11, 69, 58, 59, 17, 28, 65, 42, 31, 47, 67, 21, 68, 49, 71, 25, 2, 61, 4, 63, 34, 6, 24, 3, 9, 8, 44, 51, 39, 77, 16, 14, 53, 48, 13, 78, 75, 72, 54, 36, 23, 37, 70, 66, 38, 50, 19, 41, 10, 35, 43, 20, 30, 57, 45, 56, 40, 0, 7, 33, 32, 5, 18, 55, 64, 12, 22, 1]
og index list energy: 142046485.17169222
index list: [72, 1, 2, 3, 4, 5, 6, 7, 8, 9, 10, 11, 12, 13, 79, 14, 15, 16, 74, 17, 18, 19, 20, 21, 22, 23, 24, 25, 26, 27, 28, 29, 30, 31, 32, 49, 33, 34, 35, 36, 37, 38, 39, 40, 41, 76, 42, 43, 44, 45, 46, 47, 48, 77, 50, 51, 52, 53, 54, 55, 56, 57, 58, 78, 59, 60, 61, 62, 63, 64, 65, 66, 67, 68, 69, 75, 70, 71, 0, 73]
index list energy: 152290.42158758297
Done


iterations: 100000000 temp: 1000000.0 exponent: 0.9 eif: 300.0
time taken (sec): 7993.671758413315
number of iterations: 100000000
final temperature: 159.26791088519815
og index list: [67, 50, 41, 48, 74, 62, 1, 75, 38, 55, 79, 17, 40, 43, 76, 35, 45, 42, 59, 2, 29, 56, 4, 64, 24, 30, 14, 39, 53, 11, 22, 51, 47, 31, 68, 36, 15, 5, 61, 57, 19, 34, 49, 70, 20, 9, 33, 6, 0, 27, 32, 16, 23, 73, 72, 25, 44, 37, 46, 69, 71, 3, 26, 54, 13, 8, 58, 63, 7, 21, 28, 18, 78, 12, 65, 77, 60, 66, 10, 52]
og index list energy: 159885046.89268348
index list: [72, 1, 2, 3, 4, 5, 6, 7, 8, 9, 10, 11, 12, 13, 75, 14, 15, 16, 77, 17, 18, 19, 20, 21, 22, 23, 24, 25, 26, 27, 28, 29, 30, 31, 32, 49, 33, 34, 35, 36, 37, 38, 39, 40, 41, 76, 42, 43, 44, 45, 46, 47, 48, 74, 50, 51, 52, 53, 54, 55, 56, 57, 58, 78, 59, 60, 61, 62, 63, 64, 65, 66, 67, 68, 69, 79, 70, 71, 0, 73]
index list energy: 152290.42158758297
Done


iterations: 100000000 temp: 1000000.0 exponent: 0.9 eif: 300.0
time taken (sec): 2154.2772743701935
number of iterations: 38448430
final temperature: 11972.515182562027
og index list: [55, 72, 59, 26, 30, 54, 0, 32, 37, 63, 12, 74, 34, 8, 6, 71, 16, 20, 57, 43, 73, 48, 66, 75, 45, 33, 78, 42, 18, 77, 52, 62, 5, 7, 38, 44, 65, 68, 70, 11, 23, 21, 2, 60, 39, 49, 47, 31, 53, 36, 1, 25, 27, 35, 67, 46, 69, 50, 4, 61, 41, 58, 22, 51, 19, 79, 56, 40, 28, 3, 17, 24, 64, 13, 14, 29, 76, 10, 15, 9]
og index list energy: 153833582.29717287
index list: [72, 1, 2, 3, 4, 5, 6, 7, 8, 9, 10, 11, 12, 13, 0, 75, 67, 68, 69, 17, 18, 19, 20, 21, 22, 23, 24, 25, 26, 27, 28, 29, 30, 31, 32, 74, 33, 34, 35, 36, 37, 38, 39, 40, 41, 49, 42, 43, 44, 45, 46, 47, 48, 77, 50, 51, 52, 53, 54, 55, 56, 57, 58, 76, 59, 60, 61, 62, 63, 64, 65, 66, 70, 78, 73, 79, 14, 15, 16, 71]
index list energy: 277049.95557636215
Done


program ended at: 2020-03-30 09:19:23.204395 
 time delta: 11:57:59.941632
