## SLURM PROLOG ###############################################################
##    Job ID : 11508615
##  Job Name : verifying_2np4_works
##  Nodelist : node1161
##      CPUs : 1
##  Mem/Node : 1024 MB
## Directory : /gpfs/data/nfawzi/skale/Fawzi_pycharm_project
##   Started : Sun Mar 29 21:21:24 EDT 2020
###############################################################################
program started at:2020-03-29 21:21:24.196865
iterations: 100000000 temp: 1000000.0 exponent: 0.9 eif: 300.0
time taken (sec): 8310.13176727295
number of iterations: 100000000
final temperature: 159.26791088519815
og index list: [15, 41, 33, 60, 7, 72, 65, 18, 21, 79, 51, 28, 19, 9, 58, 61, 68, 11, 16, 67, 77, 27, 12, 23, 32, 25, 0, 69, 49, 29, 42, 44, 74, 37, 38, 52, 31, 70, 22, 47, 54, 34, 3, 46, 40, 26, 78, 4, 62, 8, 53, 30, 14, 71, 48, 57, 17, 45, 1, 43, 24, 50, 59, 55, 10, 66, 6, 35, 2, 63, 73, 75, 56, 76, 20, 64, 39, 13, 36, 5]
og index list energy: 164953095.2906658
index list: [72, 1, 2, 3, 4, 5, 6, 7, 8, 9, 10, 11, 12, 13, 77, 14, 15, 16, 78, 17, 18, 19, 20, 21, 22, 23, 24, 25, 26, 27, 28, 29, 30, 31, 32, 76, 33, 34, 35, 36, 37, 38, 39, 40, 41, 75, 42, 43, 44, 45, 46, 47, 48, 49, 50, 51, 52, 53, 54, 55, 56, 57, 58, 79, 59, 60, 61, 62, 63, 64, 65, 66, 67, 68, 69, 74, 70, 71, 0, 73]
index list energy: 151991.621587583
Done


iterations: 100000000 temp: 1000000.0 exponent: 0.9 eif: 300.0
time taken (sec): 8228.283854722977
number of iterations: 100000000
final temperature: 159.26791088519815
og index list: [7, 2, 68, 51, 65, 45, 10, 26, 41, 73, 25, 12, 23, 17, 42, 9, 67, 13, 61, 22, 1, 57, 74, 49, 76, 37, 15, 6, 35, 71, 43, 44, 69, 3, 28, 16, 40, 54, 36, 60, 47, 59, 79, 62, 0, 24, 21, 27, 20, 78, 39, 66, 31, 32, 77, 33, 18, 38, 70, 8, 64, 5, 50, 53, 55, 72, 11, 48, 4, 46, 52, 34, 56, 63, 75, 19, 29, 58, 14, 30]
og index list energy: 125405765.09267442
index list: [72, 1, 2, 3, 4, 5, 6, 7, 8, 9, 10, 11, 12, 13, 78, 14, 15, 16, 77, 17, 18, 19, 20, 21, 22, 23, 24, 25, 26, 27, 28, 29, 30, 31, 32, 75, 33, 34, 35, 36, 37, 38, 39, 40, 41, 49, 42, 43, 44, 45, 46, 47, 48, 76, 50, 51, 52, 53, 54, 55, 56, 57, 58, 74, 59, 60, 61, 62, 63, 64, 65, 66, 67, 68, 69, 79, 70, 71, 0, 73]
index list energy: 152290.42158758297
Done


iterations: 100000000 temp: 1000000.0 exponent: 0.9 eif: 300.0
time taken (sec): 8394.381106853485
number of iterations: 100000000
final temperature: 159.26791088519815
og index list: [16, 72, 10, 58, 54, 76, 39, 25, 28, 17, 74, 43, 73, 22, 69, 68, 24, 5, 2, 79, 12, 7, 60, 18, 8, 52, 56, 41, 61, 6, 44, 38, 34, 57, 14, 51, 64, 46, 67, 62, 78, 23, 47, 21, 9, 45, 59, 27, 48, 65, 0, 3, 42, 53, 36, 63, 70, 71, 55, 11, 19, 20, 29, 13, 50, 30, 40, 75, 33, 49, 26, 35, 31, 4, 15, 1, 77, 66, 37, 32]
og index list energy: 178482642.59114954
index list: [0, 1, 2, 3, 4, 5, 6, 7, 8, 9, 10, 11, 12, 13, 77, 14, 15, 16, 75, 17, 18, 19, 20, 21, 22, 23, 24, 25, 26, 27, 28, 29, 30, 31, 32, 76, 33, 34, 35, 36, 37, 38, 39, 40, 41, 79, 42, 43, 44, 45, 46, 47, 48, 74, 50, 51, 52, 53, 54, 55, 56, 57, 58, 78, 59, 60, 61, 62, 63, 64, 65, 66, 67, 68, 69, 70, 71, 49, 72, 73]
index list energy: 152293.52169419697
Done


iterations: 100000000 temp: 1000000.0 exponent: 0.9 eif: 300.0
time taken (sec): 8011.04465341568
number of iterations: 100000000
final temperature: 159.26791088519815
og index list: [24, 65, 42, 62, 77, 13, 53, 4, 45, 79, 56, 25, 30, 17, 54, 7, 71, 3, 60, 9, 33, 34, 32, 5, 20, 44, 75, 22, 35, 0, 61, 1, 10, 72, 28, 12, 69, 67, 18, 48, 21, 70, 78, 16, 27, 43, 46, 38, 11, 6, 58, 57, 76, 14, 29, 50, 47, 15, 23, 73, 37, 8, 2, 49, 63, 52, 68, 66, 19, 59, 39, 64, 36, 55, 31, 41, 51, 26, 74, 40]
og index list energy: 151480196.8904886
index list: [72, 1, 2, 3, 4, 5, 6, 7, 8, 9, 10, 11, 12, 13, 49, 14, 15, 16, 79, 17, 18, 19, 20, 21, 22, 23, 24, 25, 26, 27, 28, 29, 30, 31, 32, 78, 33, 34, 35, 36, 37, 38, 39, 40, 41, 77, 42, 43, 44, 45, 46, 47, 48, 75, 50, 51, 52, 53, 54, 55, 56, 57, 58, 76, 59, 60, 61, 62, 63, 64, 65, 66, 67, 68, 69, 74, 70, 71, 0, 73]
index list energy: 152290.42158758297
Done


iterations: 100000000 temp: 1000000.0 exponent: 0.9 eif: 300.0
time taken (sec): 7939.4945611953735
number of iterations: 100000000
final temperature: 159.26791088519815
og index list: [66, 49, 20, 42, 10, 8, 72, 53, 40, 64, 26, 9, 69, 5, 79, 48, 39, 44, 57, 58, 50, 35, 71, 18, 33, 14, 56, 75, 4, 52, 77, 63, 61, 27, 22, 60, 65, 37, 24, 54, 34, 45, 3, 59, 51, 70, 55, 12, 23, 32, 29, 62, 41, 11, 0, 1, 19, 21, 78, 74, 17, 31, 7, 15, 68, 43, 28, 67, 25, 2, 47, 36, 13, 38, 6, 30, 76, 16, 46, 73]
og index list energy: 150494754.74392688
index list: [72, 1, 2, 3, 4, 5, 6, 7, 8, 9, 10, 11, 12, 13, 76, 14, 15, 16, 78, 17, 18, 19, 20, 21, 22, 23, 24, 25, 26, 27, 28, 29, 30, 31, 32, 74, 33, 34, 35, 36, 37, 38, 39, 40, 41, 75, 42, 43, 44, 45, 46, 47, 48, 77, 50, 51, 52, 53, 54, 55, 56, 57, 58, 49, 59, 60, 61, 62, 63, 64, 65, 66, 67, 68, 69, 79, 70, 71, 0, 73]
index list energy: 152290.42158758297
Done


iterations: 100000000 temp: 1000000.0 exponent: 0.9 eif: 300.0
time taken (sec): 2196.5281043052673
number of iterations: 40163676
final temperature: 10775.263664305825
og index list: [53, 24, 57, 0, 41, 7, 13, 51, 40, 65, 28, 10, 43, 70, 11, 76, 36, 23, 44, 63, 34, 1, 19, 20, 58, 18, 59, 5, 48, 26, 49, 16, 64, 33, 21, 37, 75, 73, 15, 3, 56, 71, 8, 74, 52, 12, 61, 72, 68, 4, 17, 77, 55, 45, 14, 60, 6, 2, 42, 39, 31, 30, 46, 32, 38, 27, 47, 69, 66, 22, 79, 25, 54, 67, 9, 62, 35, 29, 78, 50]
og index list energy: 148558367.475889
index list: [72, 1, 2, 3, 4, 5, 6, 7, 8, 9, 10, 11, 12, 13, 75, 14, 15, 16, 78, 17, 18, 19, 20, 21, 22, 23, 24, 25, 26, 27, 28, 29, 30, 31, 32, 77, 33, 34, 35, 36, 37, 38, 39, 40, 41, 74, 42, 43, 44, 45, 46, 47, 48, 79, 50, 51, 52, 53, 54, 55, 56, 57, 58, 76, 59, 60, 61, 62, 63, 64, 65, 66, 67, 68, 69, 70, 71, 49, 73, 0]
index list energy: 155911.56801534686
Done


program ended at: 2020-03-30 09:19:24.191797 
 time delta: 11:57:59.994932
