## SLURM PROLOG ###############################################################
##    Job ID : 2089322
##  Job Name : HNCACB_50
##  Nodelist : node1161
##      CPUs : 1
##  Mem/Node : 1024 MB
## Directory : /gpfs/data/nfawzi/skale/Fawzi_pycharm_project
##   Started : Fri Jan 18 23:44:20 EST 2019
###############################################################################
iterations: 10000000 temp: 1000000.0 exponent: 0.7 eif: 300.0
time taken (sec): 997.8820774555206
number of iterations: 10000000
og index list: [(0, 29), (1, 41), (2, 33), (3, 75), (4, 45), (5, 23), (6, 61), (7, 48), (8, 18), (9, 7), (10, 70), (11, 40), (12, 63), (13, 28), (79, 14), (14, 74), (15, 5), (16, 77), (78, 47), (17, 43), (18, 79), (19, 64), (20, 11), (21, 10), (22, 67), (23, 9), (24, 44), (25, 66), (26, 27), (27, 16), (28, 37), (29, 8), (30, 68), (31, 72), (32, 12), (77, 38), (33, 39), (34, 56), (35, 62), (36, 46), (37, 21), (38, 54), (39, 36), (40, 30), (41, 52), (76, 50), (42, 49), (43, 25), (44, 65), (45, 1), (46, 4), (47, 22), (48, 19), (49, 73), (50, 71), (51, 51), (52, 24), (53, 55), (54, 0), (55, 6), (56, 76), (57, 13), (58, 59), (75, 57), (59, 31), (60, 42), (61, 53), (62, 60), (63, 3), (64, 26), (65, 58), (66, 15), (67, 34), (68, 2), (69, 35), (70, 69), (71, 17), (74, 20), (72, 32), (73, 78)]
og index list energy: 123398929.79865453
index_list: [(0, 0), (1, 1), (2, 2), (3, 3), (4, 4), (5, 5), (6, 6), (7, 7), (8, 8), (9, 9), (10, 10), (11, 11), (12, 12), (13, 13), (79, 79), (14, 14), (15, 15), (16, 16), (78, 77), (17, 17), (18, 18), (19, 19), (20, 20), (21, 21), (22, 22), (23, 23), (24, 24), (25, 25), (26, 26), (27, 27), (28, 28), (29, 29), (30, 30), (31, 31), (32, 32), (77, 74), (33, 33), (34, 34), (35, 35), (36, 36), (37, 37), (38, 38), (39, 39), (40, 40), (41, 41), (76, 78), (42, 42), (43, 43), (44, 44), (45, 45), (46, 46), (47, 47), (48, 48), (49, 75), (50, 50), (51, 51), (52, 52), (53, 53), (54, 54), (55, 55), (56, 56), (57, 57), (58, 58), (75, 76), (59, 59), (60, 60), (61, 61), (62, 62), (63, 63), (64, 64), (65, 65), (66, 66), (67, 67), (68, 68), (69, 69), (70, 70), (71, 71), (74, 49), (72, 72), (73, 73)]
index list: [0, 1, 2, 3, 4, 5, 6, 7, 8, 9, 10, 11, 12, 13, 79, 14, 15, 16, 77, 17, 18, 19, 20, 21, 22, 23, 24, 25, 26, 27, 28, 29, 30, 31, 32, 74, 33, 34, 35, 36, 37, 38, 39, 40, 41, 78, 42, 43, 44, 45, 46, 47, 48, 75, 50, 51, 52, 53, 54, 55, 56, 57, 58, 76, 59, 60, 61, 62, 63, 64, 65, 66, 67, 68, 69, 70, 71, 49, 72, 73]
index list energy: 98209.82393678775
Done


iterations: 10000000 temp: 1000000.0 exponent: 0.7 eif: 300.0
time taken (sec): 900.8614645004272
number of iterations: 10000000
og index list: [(0, 36), (1, 58), (2, 61), (3, 38), (4, 23), (5, 54), (6, 1), (7, 46), (8, 25), (9, 14), (10, 27), (11, 21), (12, 5), (13, 37), (79, 7), (14, 8), (15, 26), (16, 31), (78, 0), (17, 64), (18, 28), (19, 72), (20, 70), (21, 33), (22, 63), (23, 45), (24, 65), (25, 67), (26, 74), (27, 17), (28, 60), (29, 4), (30, 35), (31, 71), (32, 44), (77, 40), (33, 12), (34, 13), (35, 18), (36, 16), (37, 34), (38, 79), (39, 47), (40, 42), (41, 19), (76, 22), (42, 29), (43, 10), (44, 6), (45, 50), (46, 48), (47, 73), (48, 52), (49, 62), (50, 78), (51, 24), (52, 3), (53, 49), (54, 15), (55, 69), (56, 76), (57, 39), (58, 66), (75, 51), (59, 77), (60, 43), (61, 30), (62, 2), (63, 68), (64, 75), (65, 11), (66, 20), (67, 57), (68, 59), (69, 53), (70, 9), (71, 55), (74, 41), (72, 56), (73, 32)]
og index list energy: 115203828.36866486
index_list: [(0, 43), (1, 1), (2, 2), (3, 3), (4, 4), (5, 5), (6, 6), (7, 7), (8, 8), (9, 9), (10, 10), (11, 11), (12, 78), (13, 14), (79, 15), (14, 44), (15, 45), (16, 16), (78, 74), (17, 17), (18, 18), (19, 19), (20, 20), (21, 21), (22, 22), (23, 23), (24, 24), (25, 25), (26, 26), (27, 27), (28, 28), (29, 29), (30, 30), (31, 31), (32, 32), (77, 79), (33, 33), (34, 34), (35, 35), (36, 36), (37, 37), (38, 38), (39, 39), (40, 40), (41, 41), (76, 71), (42, 0), (43, 75), (44, 12), (45, 13), (46, 46), (47, 47), (48, 48), (49, 49), (50, 50), (51, 51), (52, 52), (53, 53), (54, 54), (55, 55), (56, 56), (57, 57), (58, 58), (75, 77), (59, 59), (60, 60), (61, 61), (62, 62), (63, 63), (64, 64), (65, 65), (66, 66), (67, 67), (68, 68), (69, 69), (70, 72), (71, 73), (74, 76), (72, 42), (73, 70)]
index list: [43, 1, 2, 3, 4, 5, 6, 7, 8, 9, 10, 11, 78, 14, 15, 44, 45, 16, 74, 17, 18, 19, 20, 21, 22, 23, 24, 25, 26, 27, 28, 29, 30, 31, 32, 79, 33, 34, 35, 36, 37, 38, 39, 40, 41, 71, 0, 75, 12, 13, 46, 47, 48, 49, 50, 51, 52, 53, 54, 55, 56, 57, 58, 77, 59, 60, 61, 62, 63, 64, 65, 66, 67, 68, 69, 72, 73, 76, 42, 70]
index list energy: 172639.17792046894
Done


iterations: 10000000 temp: 1000000.0 exponent: 0.7 eif: 300.0
time taken (sec): 964.5933423042297
number of iterations: 10000000
og index list: [(0, 23), (1, 1), (2, 55), (3, 20), (4, 73), (5, 78), (6, 42), (7, 21), (8, 38), (9, 5), (10, 8), (11, 39), (12, 36), (13, 66), (79, 53), (14, 64), (15, 67), (16, 26), (78, 71), (17, 57), (18, 63), (19, 25), (20, 28), (21, 61), (22, 74), (23, 77), (24, 4), (25, 51), (26, 34), (27, 16), (28, 7), (29, 37), (30, 10), (31, 15), (32, 43), (77, 31), (33, 41), (34, 76), (35, 47), (36, 60), (37, 35), (38, 13), (39, 22), (40, 79), (41, 62), (76, 45), (42, 9), (43, 30), (44, 52), (45, 49), (46, 6), (47, 58), (48, 44), (49, 70), (50, 11), (51, 46), (52, 65), (53, 12), (54, 18), (55, 68), (56, 24), (57, 40), (58, 72), (75, 0), (59, 75), (60, 56), (61, 48), (62, 33), (63, 32), (64, 59), (65, 50), (66, 14), (67, 29), (68, 27), (69, 54), (70, 19), (71, 3), (74, 17), (72, 2), (73, 69)]
og index list energy: 68583168.92536823
index_list: [(0, 0), (1, 1), (2, 2), (3, 3), (4, 4), (5, 5), (6, 6), (7, 7), (8, 8), (9, 9), (10, 10), (11, 11), (12, 12), (13, 13), (79, 75), (14, 14), (15, 15), (16, 16), (78, 77), (17, 17), (18, 18), (19, 19), (20, 20), (21, 21), (22, 22), (23, 23), (24, 24), (25, 25), (26, 26), (27, 27), (28, 28), (29, 29), (30, 30), (31, 31), (32, 32), (77, 78), (33, 33), (34, 34), (35, 35), (36, 36), (37, 37), (38, 38), (39, 39), (40, 40), (41, 41), (76, 74), (42, 42), (43, 43), (44, 44), (45, 45), (46, 46), (47, 47), (48, 48), (49, 49), (50, 50), (51, 51), (52, 52), (53, 53), (54, 54), (55, 55), (56, 56), (57, 57), (58, 58), (75, 76), (59, 59), (60, 60), (61, 61), (62, 62), (63, 63), (64, 64), (65, 65), (66, 66), (67, 67), (68, 68), (69, 69), (70, 70), (71, 71), (74, 79), (72, 72), (73, 73)]
index list: [0, 1, 2, 3, 4, 5, 6, 7, 8, 9, 10, 11, 12, 13, 75, 14, 15, 16, 77, 17, 18, 19, 20, 21, 22, 23, 24, 25, 26, 27, 28, 29, 30, 31, 32, 78, 33, 34, 35, 36, 37, 38, 39, 40, 41, 74, 42, 43, 44, 45, 46, 47, 48, 49, 50, 51, 52, 53, 54, 55, 56, 57, 58, 76, 59, 60, 61, 62, 63, 64, 65, 66, 67, 68, 69, 70, 71, 79, 72, 73]
index list energy: 97911.32412903158
Done


iterations: 10000000 temp: 1000000.0 exponent: 0.7 eif: 300.0
time taken (sec): 955.9828555583954
number of iterations: 10000000
og index list: [(0, 65), (1, 6), (2, 53), (3, 30), (4, 79), (5, 66), (6, 70), (7, 69), (8, 5), (9, 52), (10, 37), (11, 67), (12, 19), (13, 4), (79, 7), (14, 49), (15, 39), (16, 26), (78, 62), (17, 77), (18, 74), (19, 11), (20, 40), (21, 72), (22, 28), (23, 13), (24, 43), (25, 21), (26, 47), (27, 0), (28, 32), (29, 22), (30, 41), (31, 27), (32, 23), (77, 56), (33, 57), (34, 24), (35, 59), (36, 38), (37, 2), (38, 60), (39, 34), (40, 8), (41, 16), (76, 75), (42, 12), (43, 20), (44, 36), (45, 9), (46, 63), (47, 48), (48, 44), (49, 45), (50, 61), (51, 3), (52, 71), (53, 33), (54, 17), (55, 58), (56, 46), (57, 15), (58, 64), (75, 29), (59, 14), (60, 50), (61, 76), (62, 68), (63, 25), (64, 54), (65, 18), (66, 10), (67, 42), (68, 35), (69, 31), (70, 1), (71, 51), (74, 73), (72, 55), (73, 78)]
og index list energy: 108274701.34839113
index_list: [(0, 0), (1, 1), (2, 2), (3, 3), (4, 4), (5, 5), (6, 6), (7, 7), (8, 8), (9, 9), (10, 10), (11, 11), (12, 12), (13, 13), (79, 76), (14, 14), (15, 15), (16, 16), (78, 78), (17, 17), (18, 18), (19, 19), (20, 20), (21, 21), (22, 22), (23, 23), (24, 24), (25, 25), (26, 26), (27, 27), (28, 28), (29, 29), (30, 30), (31, 31), (32, 32), (77, 74), (33, 33), (34, 34), (35, 35), (36, 36), (37, 37), (38, 38), (39, 39), (40, 40), (41, 41), (76, 79), (42, 42), (43, 43), (44, 44), (45, 45), (46, 46), (47, 47), (48, 48), (49, 49), (50, 50), (51, 51), (52, 52), (53, 53), (54, 54), (55, 55), (56, 56), (57, 57), (58, 58), (75, 75), (59, 59), (60, 60), (61, 61), (62, 62), (63, 63), (64, 64), (65, 65), (66, 66), (67, 67), (68, 68), (69, 69), (70, 70), (71, 71), (74, 77), (72, 72), (73, 73)]
index list: [0, 1, 2, 3, 4, 5, 6, 7, 8, 9, 10, 11, 12, 13, 76, 14, 15, 16, 78, 17, 18, 19, 20, 21, 22, 23, 24, 25, 26, 27, 28, 29, 30, 31, 32, 74, 33, 34, 35, 36, 37, 38, 39, 40, 41, 79, 42, 43, 44, 45, 46, 47, 48, 49, 50, 51, 52, 53, 54, 55, 56, 57, 58, 75, 59, 60, 61, 62, 63, 64, 65, 66, 67, 68, 69, 70, 71, 77, 72, 73]
index list energy: 97911.32412903158
Done


iterations: 10000000 temp: 1000000.0 exponent: 0.7 eif: 300.0
time taken (sec): 965.7781863212585
number of iterations: 10000000
og index list: [(0, 21), (1, 38), (2, 14), (3, 28), (4, 42), (5, 16), (6, 32), (7, 60), (8, 36), (9, 59), (10, 25), (11, 54), (12, 77), (13, 13), (79, 26), (14, 73), (15, 56), (16, 35), (78, 17), (17, 29), (18, 67), (19, 68), (20, 63), (21, 61), (22, 49), (23, 33), (24, 0), (25, 2), (26, 10), (27, 31), (28, 27), (29, 7), (30, 46), (31, 69), (32, 53), (77, 1), (33, 71), (34, 22), (35, 43), (36, 52), (37, 79), (38, 45), (39, 8), (40, 47), (41, 48), (76, 62), (42, 18), (43, 19), (44, 4), (45, 20), (46, 5), (47, 6), (48, 57), (49, 30), (50, 34), (51, 50), (52, 66), (53, 75), (54, 37), (55, 40), (56, 44), (57, 70), (58, 74), (75, 39), (59, 9), (60, 64), (61, 55), (62, 65), (63, 51), (64, 58), (65, 24), (66, 12), (67, 72), (68, 41), (69, 76), (70, 3), (71, 11), (74, 23), (72, 15), (73, 78)]
og index list energy: 128969439.94278136
index_list: [(0, 0), (1, 1), (2, 2), (3, 3), (4, 4), (5, 5), (6, 6), (7, 7), (8, 8), (9, 9), (10, 10), (11, 11), (12, 12), (13, 13), (79, 75), (14, 14), (15, 15), (16, 16), (78, 74), (17, 17), (18, 18), (19, 19), (20, 20), (21, 21), (22, 22), (23, 23), (24, 24), (25, 25), (26, 26), (27, 27), (28, 28), (29, 29), (30, 30), (31, 31), (32, 32), (77, 78), (33, 33), (34, 34), (35, 35), (36, 36), (37, 37), (38, 38), (39, 39), (40, 40), (41, 41), (76, 76), (42, 42), (43, 43), (44, 44), (45, 45), (46, 46), (47, 47), (48, 48), (49, 49), (50, 50), (51, 51), (52, 52), (53, 53), (54, 54), (55, 55), (56, 56), (57, 57), (58, 58), (75, 77), (59, 59), (60, 60), (61, 61), (62, 62), (63, 63), (64, 64), (65, 65), (66, 66), (67, 67), (68, 68), (69, 69), (70, 70), (71, 71), (74, 79), (72, 72), (73, 73)]
index list: [0, 1, 2, 3, 4, 5, 6, 7, 8, 9, 10, 11, 12, 13, 75, 14, 15, 16, 74, 17, 18, 19, 20, 21, 22, 23, 24, 25, 26, 27, 28, 29, 30, 31, 32, 78, 33, 34, 35, 36, 37, 38, 39, 40, 41, 76, 42, 43, 44, 45, 46, 47, 48, 49, 50, 51, 52, 53, 54, 55, 56, 57, 58, 77, 59, 60, 61, 62, 63, 64, 65, 66, 67, 68, 69, 70, 71, 79, 72, 73]
index list energy: 97911.32412903158
Done


iterations: 10000000 temp: 1000000.0 exponent: 0.7 eif: 300.0
time taken (sec): 916.8795702457428
number of iterations: 10000000
og index list: [(0, 61), (1, 53), (2, 1), (3, 3), (4, 70), (5, 56), (6, 48), (7, 69), (8, 62), (9, 23), (10, 5), (11, 76), (12, 21), (13, 25), (79, 27), (14, 31), (15, 54), (16, 60), (78, 77), (17, 74), (18, 72), (19, 45), (20, 9), (21, 34), (22, 0), (23, 36), (24, 44), (25, 13), (26, 33), (27, 57), (28, 52), (29, 63), (30, 43), (31, 71), (32, 50), (77, 40), (33, 47), (34, 16), (35, 14), (36, 11), (37, 55), (38, 68), (39, 42), (40, 32), (41, 12), (76, 35), (42, 28), (43, 8), (44, 39), (45, 26), (46, 30), (47, 41), (48, 65), (49, 67), (50, 73), (51, 22), (52, 64), (53, 51), (54, 79), (55, 20), (56, 46), (57, 4), (58, 19), (75, 78), (59, 58), (60, 66), (61, 10), (62, 6), (63, 2), (64, 75), (65, 7), (66, 49), (67, 15), (68, 59), (69, 24), (70, 38), (71, 17), (74, 29), (72, 37), (73, 18)]
og index list energy: 97914002.11810718
index_list: [(0, 14), (1, 0), (2, 1), (3, 2), (4, 75), (5, 5), (6, 6), (7, 7), (8, 8), (9, 9), (10, 10), (11, 11), (12, 12), (13, 13), (79, 16), (14, 79), (15, 72), (16, 73), (78, 74), (17, 17), (18, 18), (19, 19), (20, 20), (21, 21), (22, 22), (23, 23), (24, 24), (25, 25), (26, 26), (27, 27), (28, 28), (29, 29), (30, 30), (31, 31), (32, 32), (77, 77), (33, 33), (34, 34), (35, 35), (36, 36), (37, 37), (38, 38), (39, 39), (40, 40), (41, 41), (76, 49), (42, 42), (43, 43), (44, 44), (45, 45), (46, 46), (47, 47), (48, 48), (49, 76), (50, 50), (51, 51), (52, 52), (53, 53), (54, 54), (55, 55), (56, 56), (57, 57), (58, 58), (75, 78), (59, 59), (60, 60), (61, 61), (62, 62), (63, 63), (64, 64), (65, 65), (66, 66), (67, 67), (68, 68), (69, 69), (70, 70), (71, 71), (74, 4), (72, 15), (73, 3)]
index list: [14, 0, 1, 2, 75, 5, 6, 7, 8, 9, 10, 11, 12, 13, 16, 79, 72, 73, 74, 17, 18, 19, 20, 21, 22, 23, 24, 25, 26, 27, 28, 29, 30, 31, 32, 77, 33, 34, 35, 36, 37, 38, 39, 40, 41, 49, 42, 43, 44, 45, 46, 47, 48, 76, 50, 51, 52, 53, 54, 55, 56, 57, 58, 78, 59, 60, 61, 62, 63, 64, 65, 66, 67, 68, 69, 70, 71, 4, 15, 3]
index list energy: 151596.2914900368
Done


iterations: 10000000 temp: 1000000.0 exponent: 0.7 eif: 300.0
time taken (sec): 967.6952359676361
number of iterations: 10000000
og index list: [(0, 36), (1, 8), (2, 32), (3, 12), (4, 78), (5, 24), (6, 11), (7, 62), (8, 9), (9, 48), (10, 3), (11, 42), (12, 6), (13, 54), (79, 70), (14, 26), (15, 16), (16, 10), (78, 73), (17, 79), (18, 20), (19, 47), (20, 60), (21, 18), (22, 57), (23, 1), (24, 46), (25, 72), (26, 58), (27, 64), (28, 25), (29, 30), (30, 2), (31, 44), (32, 37), (77, 49), (33, 50), (34, 76), (35, 14), (36, 71), (37, 53), (38, 17), (39, 19), (40, 77), (41, 59), (76, 35), (42, 21), (43, 56), (44, 4), (45, 66), (46, 51), (47, 34), (48, 55), (49, 75), (50, 23), (51, 29), (52, 27), (53, 39), (54, 7), (55, 5), (56, 52), (57, 68), (58, 63), (75, 31), (59, 0), (60, 28), (61, 74), (62, 45), (63, 67), (64, 65), (65, 22), (66, 13), (67, 40), (68, 69), (69, 61), (70, 33), (71, 15), (74, 41), (72, 38), (73, 43)]
og index list energy: 119776043.80665812
index_list: [(0, 0), (1, 1), (2, 2), (3, 3), (4, 4), (5, 5), (6, 6), (7, 7), (8, 8), (9, 9), (10, 10), (11, 11), (12, 12), (13, 13), (79, 74), (14, 14), (15, 15), (16, 16), (78, 77), (17, 17), (18, 18), (19, 19), (20, 20), (21, 21), (22, 22), (23, 23), (24, 24), (25, 25), (26, 26), (27, 27), (28, 28), (29, 29), (30, 30), (31, 31), (32, 32), (77, 75), (33, 33), (34, 34), (35, 35), (36, 36), (37, 37), (38, 38), (39, 39), (40, 40), (41, 41), (76, 49), (42, 42), (43, 43), (44, 44), (45, 45), (46, 46), (47, 47), (48, 48), (49, 79), (50, 50), (51, 51), (52, 52), (53, 53), (54, 54), (55, 55), (56, 56), (57, 57), (58, 58), (75, 76), (59, 59), (60, 60), (61, 61), (62, 62), (63, 63), (64, 64), (65, 65), (66, 66), (67, 67), (68, 68), (69, 69), (70, 70), (71, 71), (74, 78), (72, 72), (73, 73)]
index list: [0, 1, 2, 3, 4, 5, 6, 7, 8, 9, 10, 11, 12, 13, 74, 14, 15, 16, 77, 17, 18, 19, 20, 21, 22, 23, 24, 25, 26, 27, 28, 29, 30, 31, 32, 75, 33, 34, 35, 36, 37, 38, 39, 40, 41, 49, 42, 43, 44, 45, 46, 47, 48, 79, 50, 51, 52, 53, 54, 55, 56, 57, 58, 76, 59, 60, 61, 62, 63, 64, 65, 66, 67, 68, 69, 70, 71, 78, 72, 73]
index list energy: 98209.82393678775
Done


iterations: 10000000 temp: 1000000.0 exponent: 0.7 eif: 300.0
time taken (sec): 879.819304227829
number of iterations: 10000000
og index list: [(0, 21), (1, 10), (2, 70), (3, 72), (4, 49), (5, 15), (6, 45), (7, 6), (8, 51), (9, 42), (10, 65), (11, 3), (12, 24), (13, 58), (79, 41), (14, 55), (15, 5), (16, 38), (78, 14), (17, 20), (18, 4), (19, 60), (20, 59), (21, 11), (22, 64), (23, 7), (24, 22), (25, 63), (26, 54), (27, 43), (28, 44), (29, 57), (30, 18), (31, 25), (32, 2), (77, 29), (33, 46), (34, 26), (35, 31), (36, 12), (37, 17), (38, 48), (39, 35), (40, 36), (41, 30), (76, 71), (42, 27), (43, 52), (44, 23), (45, 34), (46, 53), (47, 47), (48, 50), (49, 69), (50, 33), (51, 1), (52, 13), (53, 62), (54, 78), (55, 77), (56, 67), (57, 28), (58, 32), (75, 76), (59, 79), (60, 0), (61, 75), (62, 19), (63, 73), (64, 9), (65, 68), (66, 37), (67, 16), (68, 66), (69, 39), (70, 8), (71, 61), (74, 74), (72, 56), (73, 40)]
og index list energy: 105261562.37659103
index_list: [(0, 72), (1, 1), (2, 2), (3, 3), (4, 4), (5, 5), (6, 6), (7, 7), (8, 8), (9, 9), (10, 10), (11, 11), (12, 12), (13, 13), (79, 49), (14, 14), (15, 15), (16, 16), (78, 75), (17, 17), (18, 18), (19, 19), (20, 20), (21, 21), (22, 22), (23, 23), (24, 24), (25, 25), (26, 26), (27, 27), (28, 28), (29, 29), (30, 30), (31, 31), (32, 74), (77, 42), (33, 33), (34, 34), (35, 35), (36, 36), (37, 37), (38, 38), (39, 39), (40, 40), (41, 41), (76, 71), (42, 78), (43, 43), (44, 44), (45, 45), (46, 46), (47, 47), (48, 48), (49, 76), (50, 50), (51, 51), (52, 52), (53, 53), (54, 54), (55, 55), (56, 56), (57, 57), (58, 58), (75, 79), (59, 59), (60, 60), (61, 61), (62, 62), (63, 63), (64, 64), (65, 65), (66, 66), (67, 67), (68, 68), (69, 69), (70, 70), (71, 77), (74, 32), (72, 0), (73, 73)]
index list: [72, 1, 2, 3, 4, 5, 6, 7, 8, 9, 10, 11, 12, 13, 49, 14, 15, 16, 75, 17, 18, 19, 20, 21, 22, 23, 24, 25, 26, 27, 28, 29, 30, 31, 74, 42, 33, 34, 35, 36, 37, 38, 39, 40, 41, 71, 78, 43, 44, 45, 46, 47, 48, 76, 50, 51, 52, 53, 54, 55, 56, 57, 58, 79, 59, 60, 61, 62, 63, 64, 65, 66, 67, 68, 69, 70, 77, 32, 0, 73]
index list energy: 116274.79190342824
Done


iterations: 10000000 temp: 1000000.0 exponent: 0.7 eif: 300.0
time taken (sec): 890.5008251667023
number of iterations: 10000000
og index list: [(0, 36), (1, 66), (2, 43), (3, 49), (4, 62), (5, 71), (6, 78), (7, 9), (8, 2), (9, 52), (10, 45), (11, 44), (12, 31), (13, 77), (79, 21), (14, 1), (15, 40), (16, 26), (78, 8), (17, 65), (18, 35), (19, 60), (20, 0), (21, 12), (22, 32), (23, 74), (24, 63), (25, 64), (26, 17), (27, 6), (28, 25), (29, 54), (30, 75), (31, 34), (32, 50), (77, 58), (33, 3), (34, 23), (35, 14), (36, 16), (37, 27), (38, 59), (39, 68), (40, 56), (41, 61), (76, 46), (42, 70), (43, 28), (44, 19), (45, 57), (46, 72), (47, 53), (48, 13), (49, 24), (50, 22), (51, 55), (52, 67), (53, 11), (54, 7), (55, 10), (56, 69), (57, 48), (58, 15), (75, 47), (59, 37), (60, 51), (61, 42), (62, 33), (63, 76), (64, 39), (65, 4), (66, 30), (67, 5), (68, 38), (69, 79), (70, 18), (71, 29), (74, 20), (72, 41), (73, 73)]
og index list energy: 84973320.12083004
index_list: [(0, 0), (1, 1), (2, 2), (3, 3), (4, 4), (5, 5), (6, 6), (7, 7), (8, 8), (9, 9), (10, 10), (11, 11), (12, 12), (13, 13), (79, 77), (14, 14), (15, 15), (16, 16), (78, 79), (17, 17), (18, 18), (19, 19), (20, 20), (21, 21), (22, 22), (23, 23), (24, 24), (25, 25), (26, 26), (27, 27), (28, 28), (29, 29), (30, 30), (31, 31), (32, 32), (77, 74), (33, 33), (34, 34), (35, 35), (36, 36), (37, 37), (38, 38), (39, 39), (40, 40), (41, 41), (76, 75), (42, 42), (43, 43), (44, 44), (45, 45), (46, 46), (47, 47), (48, 48), (49, 78), (50, 50), (51, 51), (52, 52), (53, 53), (54, 54), (55, 55), (56, 56), (57, 57), (58, 58), (75, 49), (59, 59), (60, 60), (61, 61), (62, 62), (63, 63), (64, 64), (65, 65), (66, 66), (67, 67), (68, 68), (69, 69), (70, 70), (71, 71), (74, 76), (72, 72), (73, 73)]
index list: [0, 1, 2, 3, 4, 5, 6, 7, 8, 9, 10, 11, 12, 13, 77, 14, 15, 16, 79, 17, 18, 19, 20, 21, 22, 23, 24, 25, 26, 27, 28, 29, 30, 31, 32, 74, 33, 34, 35, 36, 37, 38, 39, 40, 41, 75, 42, 43, 44, 45, 46, 47, 48, 78, 50, 51, 52, 53, 54, 55, 56, 57, 58, 49, 59, 60, 61, 62, 63, 64, 65, 66, 67, 68, 69, 70, 71, 76, 72, 73]
index list energy: 98209.82393678775
Done


iterations: 10000000 temp: 1000000.0 exponent: 0.7 eif: 300.0
time taken (sec): 857.8652565479279
number of iterations: 10000000
og index list: [(0, 0), (1, 44), (2, 77), (3, 24), (4, 38), (5, 23), (6, 75), (7, 17), (8, 18), (9, 10), (10, 71), (11, 54), (12, 29), (13, 39), (79, 55), (14, 8), (15, 33), (16, 70), (78, 32), (17, 73), (18, 63), (19, 49), (20, 5), (21, 16), (22, 68), (23, 43), (24, 69), (25, 9), (26, 66), (27, 72), (28, 47), (29, 14), (30, 27), (31, 57), (32, 65), (77, 79), (33, 52), (34, 2), (35, 26), (36, 50), (37, 67), (38, 51), (39, 4), (40, 45), (41, 3), (76, 19), (42, 64), (43, 25), (44, 59), (45, 48), (46, 56), (47, 41), (48, 21), (49, 6), (50, 36), (51, 42), (52, 34), (53, 7), (54, 74), (55, 60), (56, 15), (57, 46), (58, 20), (75, 62), (59, 40), (60, 53), (61, 31), (62, 35), (63, 61), (64, 76), (65, 13), (66, 28), (67, 37), (68, 58), (69, 1), (70, 12), (71, 30), (74, 11), (72, 78), (73, 22)]
og index list energy: 98259490.47184244
index_list: [(0, 0), (1, 1), (2, 2), (3, 3), (4, 4), (5, 5), (6, 6), (7, 7), (8, 8), (9, 9), (10, 10), (11, 11), (12, 12), (13, 13), (79, 78), (14, 14), (15, 15), (16, 16), (78, 77), (17, 17), (18, 18), (19, 19), (20, 20), (21, 21), (22, 22), (23, 23), (24, 24), (25, 25), (26, 26), (27, 27), (28, 28), (29, 29), (30, 30), (31, 31), (32, 32), (77, 76), (33, 33), (34, 34), (35, 35), (36, 36), (37, 37), (38, 38), (39, 39), (40, 40), (41, 41), (76, 75), (42, 42), (43, 43), (44, 44), (45, 45), (46, 46), (47, 47), (48, 48), (49, 49), (50, 50), (51, 51), (52, 52), (53, 53), (54, 54), (55, 55), (56, 56), (57, 57), (58, 58), (75, 79), (59, 59), (60, 60), (61, 61), (62, 62), (63, 63), (64, 64), (65, 65), (66, 66), (67, 67), (68, 68), (69, 69), (70, 70), (71, 71), (74, 74), (72, 72), (73, 73)]
index list: [0, 1, 2, 3, 4, 5, 6, 7, 8, 9, 10, 11, 12, 13, 78, 14, 15, 16, 77, 17, 18, 19, 20, 21, 22, 23, 24, 25, 26, 27, 28, 29, 30, 31, 32, 76, 33, 34, 35, 36, 37, 38, 39, 40, 41, 75, 42, 43, 44, 45, 46, 47, 48, 49, 50, 51, 52, 53, 54, 55, 56, 57, 58, 79, 59, 60, 61, 62, 63, 64, 65, 66, 67, 68, 69, 70, 71, 74, 72, 73]
index list energy: 97911.32412903158
Done


iterations: 10000000 temp: 1000000.0 exponent: 0.7 eif: 300.0
time taken (sec): 796.9721949100494
number of iterations: 10000000
og index list: [(0, 73), (1, 72), (2, 41), (3, 23), (4, 24), (5, 71), (6, 4), (7, 45), (8, 62), (9, 5), (10, 78), (11, 59), (12, 14), (13, 13), (79, 27), (14, 21), (15, 68), (16, 60), (78, 18), (17, 66), (18, 77), (19, 22), (20, 51), (21, 67), (22, 28), (23, 12), (24, 7), (25, 56), (26, 32), (27, 65), (28, 25), (29, 11), (30, 50), (31, 69), (32, 15), (77, 48), (33, 17), (34, 9), (35, 42), (36, 44), (37, 58), (38, 16), (39, 8), (40, 57), (41, 79), (76, 37), (42, 10), (43, 52), (44, 43), (45, 46), (46, 20), (47, 75), (48, 47), (49, 70), (50, 36), (51, 2), (52, 38), (53, 54), (54, 6), (55, 40), (56, 33), (57, 26), (58, 76), (75, 30), (59, 55), (60, 61), (61, 64), (62, 39), (63, 74), (64, 29), (65, 49), (66, 31), (67, 3), (68, 1), (69, 0), (70, 19), (71, 63), (74, 34), (72, 35), (73, 53)]
og index list energy: 102999285.35428391
index_list: [(0, 72), (1, 1), (2, 2), (3, 3), (4, 4), (5, 5), (6, 6), (7, 7), (8, 8), (9, 9), (10, 75), (11, 14), (12, 15), (13, 46), (79, 47), (14, 39), (15, 40), (16, 16), (78, 49), (17, 17), (18, 18), (19, 19), (20, 20), (21, 21), (22, 22), (23, 23), (24, 24), (25, 25), (26, 26), (27, 27), (28, 28), (29, 29), (30, 30), (31, 31), (32, 32), (77, 78), (33, 33), (34, 37), (35, 38), (36, 48), (37, 79), (38, 12), (39, 13), (40, 41), (41, 71), (76, 50), (42, 11), (43, 74), (44, 42), (45, 43), (46, 44), (47, 45), (48, 36), (49, 34), (50, 35), (51, 51), (52, 52), (53, 53), (54, 54), (55, 55), (56, 56), (57, 57), (58, 58), (75, 77), (59, 59), (60, 60), (61, 61), (62, 62), (63, 63), (64, 64), (65, 65), (66, 66), (67, 67), (68, 68), (69, 69), (70, 70), (71, 76), (74, 10), (72, 0), (73, 73)]
index list: [72, 1, 2, 3, 4, 5, 6, 7, 8, 9, 75, 14, 15, 46, 47, 39, 40, 16, 49, 17, 18, 19, 20, 21, 22, 23, 24, 25, 26, 27, 28, 29, 30, 31, 32, 78, 33, 37, 38, 48, 79, 12, 13, 41, 71, 50, 11, 74, 42, 43, 44, 45, 36, 34, 35, 51, 52, 53, 54, 55, 56, 57, 58, 77, 59, 60, 61, 62, 63, 64, 65, 66, 67, 68, 69, 70, 76, 10, 0, 73]
index list energy: 287171.38780142425
Done


iterations: 10000000 temp: 1000000.0 exponent: 0.7 eif: 300.0
time taken (sec): 841.1982953548431
number of iterations: 10000000
og index list: [(0, 76), (1, 40), (2, 21), (3, 1), (4, 25), (5, 31), (6, 20), (7, 46), (8, 15), (9, 75), (10, 58), (11, 65), (12, 8), (13, 35), (79, 74), (14, 3), (15, 62), (16, 47), (78, 36), (17, 43), (18, 41), (19, 71), (20, 70), (21, 45), (22, 14), (23, 12), (24, 48), (25, 44), (26, 13), (27, 52), (28, 33), (29, 69), (30, 77), (31, 53), (32, 17), (77, 59), (33, 6), (34, 73), (35, 27), (36, 7), (37, 42), (38, 56), (39, 2), (40, 64), (41, 22), (76, 5), (42, 32), (43, 68), (44, 54), (45, 39), (46, 9), (47, 4), (48, 60), (49, 19), (50, 26), (51, 16), (52, 50), (53, 37), (54, 18), (55, 30), (56, 79), (57, 49), (58, 78), (75, 61), (59, 34), (60, 11), (61, 57), (62, 24), (63, 10), (64, 0), (65, 63), (66, 28), (67, 29), (68, 67), (69, 72), (70, 23), (71, 55), (74, 51), (72, 66), (73, 38)]
og index list energy: 113489392.83175482
index_list: [(0, 0), (1, 1), (2, 2), (3, 3), (4, 4), (5, 5), (6, 6), (7, 7), (8, 8), (9, 9), (10, 10), (11, 11), (12, 12), (13, 13), (79, 74), (14, 14), (15, 15), (16, 16), (78, 78), (17, 17), (18, 18), (19, 19), (20, 20), (21, 21), (22, 22), (23, 23), (24, 24), (25, 25), (26, 26), (27, 27), (28, 28), (29, 29), (30, 30), (31, 31), (32, 32), (77, 76), (33, 33), (34, 34), (35, 35), (36, 36), (37, 37), (38, 38), (39, 39), (40, 40), (41, 41), (76, 71), (42, 75), (43, 43), (44, 44), (45, 45), (46, 46), (47, 47), (48, 48), (49, 77), (50, 50), (51, 51), (52, 52), (53, 53), (54, 54), (55, 55), (56, 56), (57, 57), (58, 58), (75, 49), (59, 59), (60, 60), (61, 61), (62, 62), (63, 63), (64, 64), (65, 65), (66, 66), (67, 67), (68, 68), (69, 69), (70, 70), (71, 79), (74, 42), (72, 72), (73, 73)]
index list: [0, 1, 2, 3, 4, 5, 6, 7, 8, 9, 10, 11, 12, 13, 74, 14, 15, 16, 78, 17, 18, 19, 20, 21, 22, 23, 24, 25, 26, 27, 28, 29, 30, 31, 32, 76, 33, 34, 35, 36, 37, 38, 39, 40, 41, 71, 75, 43, 44, 45, 46, 47, 48, 77, 50, 51, 52, 53, 54, 55, 56, 57, 58, 49, 59, 60, 61, 62, 63, 64, 65, 66, 67, 68, 69, 70, 79, 42, 72, 73]
index list energy: 108070.45780373304
Done


iterations: 10000000 temp: 1000000.0 exponent: 0.7 eif: 300.0
time taken (sec): 742.3366057872772
number of iterations: 10000000
og index list: [(0, 31), (1, 32), (2, 59), (3, 49), (4, 11), (5, 58), (6, 12), (7, 2), (8, 37), (9, 3), (10, 14), (11, 52), (12, 76), (13, 53), (79, 55), (14, 36), (15, 41), (16, 72), (78, 56), (17, 79), (18, 73), (19, 70), (20, 1), (21, 57), (22, 38), (23, 34), (24, 25), (25, 67), (26, 35), (27, 43), (28, 19), (29, 7), (30, 47), (31, 10), (32, 63), (77, 39), (33, 23), (34, 22), (35, 30), (36, 64), (37, 75), (38, 4), (39, 62), (40, 27), (41, 6), (76, 42), (42, 15), (43, 13), (44, 17), (45, 54), (46, 61), (47, 78), (48, 5), (49, 16), (50, 26), (51, 0), (52, 48), (53, 65), (54, 28), (55, 29), (56, 44), (57, 66), (58, 68), (75, 74), (59, 77), (60, 33), (61, 8), (62, 18), (63, 50), (64, 51), (65, 9), (66, 45), (67, 69), (68, 20), (69, 21), (70, 71), (71, 40), (74, 60), (72, 24), (73, 46)]
og index list energy: 100031425.8995568
index_list: [(0, 33), (1, 76), (2, 14), (3, 78), (4, 42), (5, 72), (6, 73), (7, 79), (8, 43), (9, 6), (10, 7), (11, 8), (12, 9), (13, 10), (79, 11), (14, 12), (15, 13), (16, 32), (78, 74), (17, 17), (18, 18), (19, 19), (20, 20), (21, 21), (22, 22), (23, 23), (24, 24), (25, 40), (26, 3), (27, 26), (28, 75), (29, 27), (30, 28), (31, 29), (32, 30), (77, 31), (33, 58), (34, 77), (35, 35), (36, 36), (37, 37), (38, 38), (39, 39), (40, 4), (41, 5), (76, 0), (42, 1), (43, 2), (44, 44), (45, 45), (46, 46), (47, 47), (48, 48), (49, 34), (50, 50), (51, 51), (52, 52), (53, 53), (54, 54), (55, 55), (56, 56), (57, 57), (58, 41), (75, 49), (59, 59), (60, 60), (61, 61), (62, 62), (63, 63), (64, 64), (65, 65), (66, 66), (67, 67), (68, 68), (69, 69), (70, 70), (71, 71), (74, 15), (72, 16), (73, 25)]
index list: [33, 76, 14, 78, 42, 72, 73, 79, 43, 6, 7, 8, 9, 10, 11, 12, 13, 32, 74, 17, 18, 19, 20, 21, 22, 23, 24, 40, 3, 26, 75, 27, 28, 29, 30, 31, 58, 77, 35, 36, 37, 38, 39, 4, 5, 0, 1, 2, 44, 45, 46, 47, 48, 34, 50, 51, 52, 53, 54, 55, 56, 57, 41, 49, 59, 60, 61, 62, 63, 64, 65, 66, 67, 68, 69, 70, 71, 15, 16, 25]
index list energy: 749734.1632620748
Done


iterations: 10000000 temp: 1000000.0 exponent: 0.7 eif: 300.0
time taken (sec): 869.2929241657257
number of iterations: 10000000
og index list: [(0, 33), (1, 26), (2, 79), (3, 37), (4, 48), (5, 9), (6, 53), (7, 74), (8, 78), (9, 52), (10, 46), (11, 63), (12, 61), (13, 27), (79, 34), (14, 39), (15, 75), (16, 6), (78, 8), (17, 32), (18, 17), (19, 60), (20, 56), (21, 1), (22, 70), (23, 15), (24, 64), (25, 13), (26, 73), (27, 7), (28, 40), (29, 43), (30, 65), (31, 71), (32, 51), (77, 11), (33, 44), (34, 54), (35, 55), (36, 36), (37, 2), (38, 0), (39, 57), (40, 20), (41, 67), (76, 76), (42, 62), (43, 25), (44, 18), (45, 77), (46, 58), (47, 66), (48, 49), (49, 5), (50, 16), (51, 10), (52, 3), (53, 69), (54, 42), (55, 30), (56, 28), (57, 68), (58, 50), (75, 4), (59, 24), (60, 38), (61, 31), (62, 22), (63, 47), (64, 14), (65, 59), (66, 45), (67, 23), (68, 35), (69, 29), (70, 21), (71, 19), (74, 72), (72, 41), (73, 12)]
og index list energy: 120773978.18229276
index_list: [(0, 0), (1, 1), (2, 2), (3, 3), (4, 4), (5, 5), (6, 6), (7, 7), (8, 8), (9, 9), (10, 10), (11, 11), (12, 12), (13, 13), (79, 49), (14, 14), (15, 15), (16, 16), (78, 75), (17, 17), (18, 18), (19, 19), (20, 20), (21, 21), (22, 22), (23, 23), (24, 24), (25, 25), (26, 26), (27, 27), (28, 28), (29, 29), (30, 30), (31, 31), (32, 32), (77, 77), (33, 33), (34, 34), (35, 35), (36, 36), (37, 37), (38, 38), (39, 39), (40, 40), (41, 41), (76, 79), (42, 42), (43, 43), (44, 44), (45, 45), (46, 46), (47, 47), (48, 48), (49, 76), (50, 50), (51, 51), (52, 52), (53, 53), (54, 54), (55, 55), (56, 56), (57, 57), (58, 58), (75, 74), (59, 59), (60, 60), (61, 61), (62, 62), (63, 63), (64, 64), (65, 65), (66, 66), (67, 67), (68, 68), (69, 69), (70, 70), (71, 71), (74, 78), (72, 72), (73, 73)]
index list: [0, 1, 2, 3, 4, 5, 6, 7, 8, 9, 10, 11, 12, 13, 49, 14, 15, 16, 75, 17, 18, 19, 20, 21, 22, 23, 24, 25, 26, 27, 28, 29, 30, 31, 32, 77, 33, 34, 35, 36, 37, 38, 39, 40, 41, 79, 42, 43, 44, 45, 46, 47, 48, 76, 50, 51, 52, 53, 54, 55, 56, 57, 58, 74, 59, 60, 61, 62, 63, 64, 65, 66, 67, 68, 69, 70, 71, 78, 72, 73]
index list energy: 98209.82393678775
Done


iterations: 10000000 temp: 1000000.0 exponent: 0.7 eif: 300.0
time taken (sec): 856.8882105350494
number of iterations: 10000000
og index list: [(0, 73), (1, 29), (2, 46), (3, 11), (4, 65), (5, 8), (6, 27), (7, 64), (8, 68), (9, 55), (10, 30), (11, 42), (12, 66), (13, 57), (79, 53), (14, 43), (15, 2), (16, 71), (78, 77), (17, 40), (18, 6), (19, 72), (20, 32), (21, 25), (22, 33), (23, 74), (24, 0), (25, 50), (26, 7), (27, 28), (28, 14), (29, 39), (30, 13), (31, 15), (32, 62), (77, 16), (33, 78), (34, 52), (35, 79), (36, 76), (37, 17), (38, 1), (39, 24), (40, 59), (41, 69), (76, 23), (42, 36), (43, 3), (44, 41), (45, 58), (46, 31), (47, 61), (48, 63), (49, 20), (50, 35), (51, 19), (52, 67), (53, 44), (54, 51), (55, 75), (56, 4), (57, 37), (58, 54), (75, 45), (59, 70), (60, 5), (61, 56), (62, 34), (63, 26), (64, 12), (65, 10), (66, 9), (67, 18), (68, 22), (69, 48), (70, 21), (71, 47), (74, 49), (72, 38), (73, 60)]
og index list energy: 101020509.36958727
index_list: [(0, 0), (1, 1), (2, 2), (3, 3), (4, 4), (5, 5), (6, 6), (7, 7), (8, 8), (9, 9), (10, 10), (11, 11), (12, 12), (13, 13), (79, 77), (14, 14), (15, 15), (16, 16), (78, 78), (17, 17), (18, 18), (19, 19), (20, 20), (21, 21), (22, 22), (23, 23), (24, 24), (25, 25), (26, 26), (27, 27), (28, 28), (29, 29), (30, 30), (31, 31), (32, 32), (77, 76), (33, 33), (34, 34), (35, 35), (36, 36), (37, 37), (38, 38), (39, 39), (40, 40), (41, 41), (76, 74), (42, 42), (43, 43), (44, 44), (45, 45), (46, 46), (47, 47), (48, 48), (49, 79), (50, 50), (51, 51), (52, 52), (53, 53), (54, 54), (55, 55), (56, 56), (57, 57), (58, 58), (75, 75), (59, 59), (60, 60), (61, 61), (62, 62), (63, 63), (64, 64), (65, 65), (66, 66), (67, 67), (68, 68), (69, 69), (70, 70), (71, 71), (74, 49), (72, 72), (73, 73)]
index list: [0, 1, 2, 3, 4, 5, 6, 7, 8, 9, 10, 11, 12, 13, 77, 14, 15, 16, 78, 17, 18, 19, 20, 21, 22, 23, 24, 25, 26, 27, 28, 29, 30, 31, 32, 76, 33, 34, 35, 36, 37, 38, 39, 40, 41, 74, 42, 43, 44, 45, 46, 47, 48, 79, 50, 51, 52, 53, 54, 55, 56, 57, 58, 75, 59, 60, 61, 62, 63, 64, 65, 66, 67, 68, 69, 70, 71, 49, 72, 73]
index list energy: 98209.82393678775
Done


iterations: 10000000 temp: 1000000.0 exponent: 0.7 eif: 300.0
time taken (sec): 862.461324930191
number of iterations: 10000000
og index list: [(0, 64), (1, 44), (2, 40), (3, 19), (4, 65), (5, 3), (6, 29), (7, 13), (8, 51), (9, 57), (10, 49), (11, 47), (12, 45), (13, 72), (79, 53), (14, 15), (15, 62), (16, 77), (78, 55), (17, 17), (18, 79), (19, 2), (20, 37), (21, 1), (22, 38), (23, 52), (24, 27), (25, 69), (26, 48), (27, 59), (28, 61), (29, 74), (30, 76), (31, 8), (32, 39), (77, 6), (33, 71), (34, 0), (35, 58), (36, 14), (37, 30), (38, 73), (39, 35), (40, 31), (41, 36), (76, 23), (42, 21), (43, 4), (44, 7), (45, 28), (46, 5), (47, 41), (48, 70), (49, 12), (50, 24), (51, 22), (52, 56), (53, 10), (54, 18), (55, 11), (56, 67), (57, 66), (58, 75), (75, 9), (59, 34), (60, 32), (61, 16), (62, 42), (63, 20), (64, 78), (65, 46), (66, 43), (67, 68), (68, 60), (69, 63), (70, 26), (71, 25), (74, 33), (72, 50), (73, 54)]
og index list energy: 85522407.5569147
index_list: [(0, 72), (1, 1), (2, 2), (3, 3), (4, 4), (5, 5), (6, 6), (7, 7), (8, 8), (9, 73), (10, 79), (11, 9), (12, 10), (13, 11), (79, 78), (14, 14), (15, 15), (16, 16), (78, 49), (17, 17), (18, 18), (19, 19), (20, 20), (21, 21), (22, 22), (23, 23), (24, 24), (25, 25), (26, 26), (27, 27), (28, 28), (29, 29), (30, 30), (31, 31), (32, 32), (77, 74), (33, 33), (34, 34), (35, 35), (36, 36), (37, 37), (38, 38), (39, 39), (40, 40), (41, 41), (76, 77), (42, 42), (43, 43), (44, 44), (45, 45), (46, 46), (47, 47), (48, 48), (49, 0), (50, 50), (51, 51), (52, 52), (53, 53), (54, 54), (55, 55), (56, 56), (57, 57), (58, 58), (75, 76), (59, 59), (60, 60), (61, 61), (62, 62), (63, 63), (64, 64), (65, 65), (66, 66), (67, 67), (68, 68), (69, 69), (70, 70), (71, 71), (74, 75), (72, 12), (73, 13)]
index list: [72, 1, 2, 3, 4, 5, 6, 7, 8, 73, 79, 9, 10, 11, 78, 14, 15, 16, 49, 17, 18, 19, 20, 21, 22, 23, 24, 25, 26, 27, 28, 29, 30, 31, 32, 74, 33, 34, 35, 36, 37, 38, 39, 40, 41, 77, 42, 43, 44, 45, 46, 47, 48, 0, 50, 51, 52, 53, 54, 55, 56, 57, 58, 76, 59, 60, 61, 62, 63, 64, 65, 66, 67, 68, 69, 70, 71, 75, 12, 13]
index list energy: 149956.79679883932
Done


iterations: 10000000 temp: 1000000.0 exponent: 0.7 eif: 300.0
time taken (sec): 869.2110805511475
number of iterations: 10000000
og index list: [(0, 78), (1, 27), (2, 61), (3, 38), (4, 35), (5, 11), (6, 3), (7, 79), (8, 26), (9, 30), (10, 56), (11, 17), (12, 70), (13, 48), (79, 8), (14, 36), (15, 59), (16, 47), (78, 16), (17, 57), (18, 4), (19, 63), (20, 62), (21, 72), (22, 22), (23, 67), (24, 74), (25, 66), (26, 44), (27, 60), (28, 34), (29, 53), (30, 24), (31, 32), (32, 28), (77, 39), (33, 25), (34, 76), (35, 18), (36, 49), (37, 33), (38, 42), (39, 75), (40, 12), (41, 41), (76, 52), (42, 5), (43, 1), (44, 14), (45, 13), (46, 9), (47, 10), (48, 64), (49, 77), (50, 73), (51, 20), (52, 2), (53, 15), (54, 45), (55, 23), (56, 40), (57, 51), (58, 65), (75, 54), (59, 71), (60, 58), (61, 6), (62, 19), (63, 0), (64, 46), (65, 7), (66, 69), (67, 55), (68, 21), (69, 68), (70, 29), (71, 50), (74, 31), (72, 37), (73, 43)]
og index list energy: 106026112.73947832
index_list: [(0, 72), (1, 1), (2, 2), (3, 3), (4, 4), (5, 5), (6, 6), (7, 7), (8, 8), (9, 9), (10, 10), (11, 11), (12, 12), (13, 13), (79, 76), (14, 14), (15, 15), (16, 16), (78, 49), (17, 17), (18, 18), (19, 19), (20, 20), (21, 21), (22, 22), (23, 23), (24, 24), (25, 25), (26, 26), (27, 27), (28, 28), (29, 29), (30, 30), (31, 31), (32, 32), (77, 77), (33, 33), (34, 34), (35, 35), (36, 36), (37, 37), (38, 38), (39, 39), (40, 40), (41, 41), (76, 74), (42, 42), (43, 43), (44, 44), (45, 45), (46, 46), (47, 47), (48, 48), (49, 79), (50, 50), (51, 51), (52, 52), (53, 53), (54, 54), (55, 55), (56, 56), (57, 57), (58, 58), (75, 78), (59, 59), (60, 60), (61, 61), (62, 62), (63, 63), (64, 64), (65, 65), (66, 66), (67, 67), (68, 68), (69, 69), (70, 70), (71, 71), (74, 0), (72, 75), (73, 73)]
index list: [72, 1, 2, 3, 4, 5, 6, 7, 8, 9, 10, 11, 12, 13, 76, 14, 15, 16, 49, 17, 18, 19, 20, 21, 22, 23, 24, 25, 26, 27, 28, 29, 30, 31, 32, 77, 33, 34, 35, 36, 37, 38, 39, 40, 41, 74, 42, 43, 44, 45, 46, 47, 48, 79, 50, 51, 52, 53, 54, 55, 56, 57, 58, 78, 59, 60, 61, 62, 63, 64, 65, 66, 67, 68, 69, 70, 71, 0, 75, 73]
index list energy: 100415.02532256568
Done


iterations: 10000000 temp: 1000000.0 exponent: 0.7 eif: 300.0
time taken (sec): 835.1736533641815
number of iterations: 10000000
og index list: [(0, 40), (1, 51), (2, 58), (3, 45), (4, 28), (5, 11), (6, 47), (7, 33), (8, 57), (9, 1), (10, 35), (11, 76), (12, 22), (13, 63), (79, 59), (14, 37), (15, 0), (16, 26), (78, 6), (17, 23), (18, 32), (19, 70), (20, 73), (21, 34), (22, 55), (23, 53), (24, 54), (25, 50), (26, 42), (27, 79), (28, 75), (29, 77), (30, 52), (31, 12), (32, 10), (77, 67), (33, 8), (34, 62), (35, 24), (36, 21), (37, 17), (38, 78), (39, 71), (40, 68), (41, 64), (76, 20), (42, 65), (43, 44), (44, 16), (45, 9), (46, 38), (47, 18), (48, 61), (49, 60), (50, 41), (51, 2), (52, 3), (53, 36), (54, 66), (55, 29), (56, 15), (57, 49), (58, 4), (75, 5), (59, 30), (60, 14), (61, 7), (62, 31), (63, 69), (64, 72), (65, 46), (66, 56), (67, 48), (68, 25), (69, 39), (70, 74), (71, 19), (74, 43), (72, 13), (73, 27)]
og index list energy: 120878958.34801261
index_list: [(0, 0), (1, 1), (2, 2), (3, 3), (4, 4), (5, 5), (6, 6), (7, 7), (8, 8), (9, 9), (10, 10), (11, 11), (12, 12), (13, 13), (79, 76), (14, 14), (15, 15), (16, 16), (78, 78), (17, 17), (18, 18), (19, 19), (20, 20), (21, 21), (22, 22), (23, 23), (24, 24), (25, 25), (26, 26), (27, 27), (28, 28), (29, 29), (30, 30), (31, 31), (32, 32), (77, 74), (33, 33), (34, 34), (35, 35), (36, 36), (37, 37), (38, 38), (39, 39), (40, 40), (41, 41), (76, 71), (42, 79), (43, 43), (44, 44), (45, 45), (46, 46), (47, 47), (48, 48), (49, 77), (50, 50), (51, 51), (52, 52), (53, 53), (54, 54), (55, 55), (56, 56), (57, 57), (58, 58), (75, 49), (59, 59), (60, 60), (61, 61), (62, 62), (63, 63), (64, 64), (65, 65), (66, 66), (67, 67), (68, 68), (69, 69), (70, 72), (71, 73), (74, 75), (72, 42), (73, 70)]
index list: [0, 1, 2, 3, 4, 5, 6, 7, 8, 9, 10, 11, 12, 13, 76, 14, 15, 16, 78, 17, 18, 19, 20, 21, 22, 23, 24, 25, 26, 27, 28, 29, 30, 31, 32, 74, 33, 34, 35, 36, 37, 38, 39, 40, 41, 71, 79, 43, 44, 45, 46, 47, 48, 77, 50, 51, 52, 53, 54, 55, 56, 57, 58, 49, 59, 60, 61, 62, 63, 64, 65, 66, 67, 68, 69, 72, 73, 75, 42, 70]
index list energy: 117778.2679746308
Done


iterations: 10000000 temp: 1000000.0 exponent: 0.7 eif: 300.0
time taken (sec): 864.810040473938
number of iterations: 10000000
og index list: [(0, 28), (1, 64), (2, 56), (3, 30), (4, 27), (5, 60), (6, 62), (7, 4), (8, 25), (9, 33), (10, 50), (11, 42), (12, 23), (13, 1), (79, 75), (14, 72), (15, 68), (16, 58), (78, 51), (17, 13), (18, 52), (19, 69), (20, 53), (21, 55), (22, 12), (23, 26), (24, 49), (25, 39), (26, 67), (27, 78), (28, 20), (29, 11), (30, 22), (31, 71), (32, 65), (77, 66), (33, 8), (34, 6), (35, 46), (36, 77), (37, 61), (38, 43), (39, 57), (40, 5), (41, 45), (76, 74), (42, 32), (43, 63), (44, 73), (45, 24), (46, 48), (47, 34), (48, 54), (49, 2), (50, 59), (51, 35), (52, 40), (53, 10), (54, 79), (55, 37), (56, 47), (57, 9), (58, 70), (75, 3), (59, 15), (60, 76), (61, 19), (62, 0), (63, 44), (64, 29), (65, 7), (66, 31), (67, 41), (68, 16), (69, 36), (70, 21), (71, 17), (74, 38), (72, 18), (73, 14)]
og index list energy: 109569035.85742868
index_list: [(0, 0), (1, 1), (2, 2), (3, 3), (4, 4), (5, 5), (6, 6), (7, 7), (8, 8), (9, 9), (10, 10), (11, 11), (12, 12), (13, 13), (79, 75), (14, 14), (15, 15), (16, 16), (78, 78), (17, 17), (18, 18), (19, 19), (20, 20), (21, 21), (22, 22), (23, 23), (24, 24), (25, 25), (26, 26), (27, 27), (28, 28), (29, 29), (30, 30), (31, 31), (32, 32), (77, 74), (33, 33), (34, 34), (35, 35), (36, 36), (37, 37), (38, 38), (39, 39), (40, 40), (41, 41), (76, 77), (42, 42), (43, 43), (44, 44), (45, 45), (46, 46), (47, 47), (48, 48), (49, 79), (50, 50), (51, 51), (52, 52), (53, 53), (54, 54), (55, 55), (56, 56), (57, 57), (58, 58), (75, 76), (59, 59), (60, 60), (61, 61), (62, 62), (63, 63), (64, 64), (65, 65), (66, 66), (67, 67), (68, 68), (69, 69), (70, 70), (71, 71), (74, 49), (72, 72), (73, 73)]
index list: [0, 1, 2, 3, 4, 5, 6, 7, 8, 9, 10, 11, 12, 13, 75, 14, 15, 16, 78, 17, 18, 19, 20, 21, 22, 23, 24, 25, 26, 27, 28, 29, 30, 31, 32, 74, 33, 34, 35, 36, 37, 38, 39, 40, 41, 77, 42, 43, 44, 45, 46, 47, 48, 79, 50, 51, 52, 53, 54, 55, 56, 57, 58, 76, 59, 60, 61, 62, 63, 64, 65, 66, 67, 68, 69, 70, 71, 49, 72, 73]
index list energy: 98209.82393678775
Done


iterations: 10000000 temp: 1000000.0 exponent: 0.7 eif: 300.0
time taken (sec): 861.3206603527069
number of iterations: 10000000
og index list: [(0, 24), (1, 73), (2, 65), (3, 35), (4, 53), (5, 79), (6, 68), (7, 9), (8, 20), (9, 17), (10, 23), (11, 38), (12, 60), (13, 4), (79, 48), (14, 16), (15, 56), (16, 41), (78, 63), (17, 22), (18, 76), (19, 15), (20, 33), (21, 31), (22, 3), (23, 6), (24, 72), (25, 30), (26, 45), (27, 64), (28, 2), (29, 59), (30, 28), (31, 54), (32, 0), (77, 69), (33, 44), (34, 27), (35, 14), (36, 34), (37, 67), (38, 11), (39, 50), (40, 46), (41, 78), (76, 39), (42, 19), (43, 8), (44, 7), (45, 13), (46, 42), (47, 36), (48, 58), (49, 77), (50, 29), (51, 10), (52, 40), (53, 25), (54, 49), (55, 71), (56, 26), (57, 61), (58, 62), (75, 57), (59, 47), (60, 55), (61, 43), (62, 75), (63, 51), (64, 18), (65, 37), (66, 1), (67, 66), (68, 52), (69, 21), (70, 12), (71, 74), (74, 32), (72, 70), (73, 5)]
og index list energy: 100434756.02493535
index_list: [(0, 0), (1, 1), (2, 2), (3, 3), (4, 4), (5, 5), (6, 6), (7, 7), (8, 8), (9, 9), (10, 10), (11, 11), (12, 12), (13, 13), (79, 75), (14, 14), (15, 15), (16, 16), (78, 49), (17, 17), (18, 18), (19, 19), (20, 20), (21, 21), (22, 22), (23, 23), (24, 24), (25, 25), (26, 26), (27, 27), (28, 28), (29, 29), (30, 30), (31, 31), (32, 32), (77, 77), (33, 33), (34, 34), (35, 35), (36, 36), (37, 37), (38, 38), (39, 39), (40, 40), (41, 41), (76, 78), (42, 42), (43, 43), (44, 44), (45, 45), (46, 46), (47, 47), (48, 48), (49, 79), (50, 50), (51, 51), (52, 52), (53, 53), (54, 54), (55, 55), (56, 56), (57, 57), (58, 58), (75, 76), (59, 59), (60, 60), (61, 61), (62, 62), (63, 63), (64, 64), (65, 65), (66, 66), (67, 67), (68, 68), (69, 69), (70, 70), (71, 71), (74, 74), (72, 72), (73, 73)]
index list: [0, 1, 2, 3, 4, 5, 6, 7, 8, 9, 10, 11, 12, 13, 75, 14, 15, 16, 49, 17, 18, 19, 20, 21, 22, 23, 24, 25, 26, 27, 28, 29, 30, 31, 32, 77, 33, 34, 35, 36, 37, 38, 39, 40, 41, 78, 42, 43, 44, 45, 46, 47, 48, 79, 50, 51, 52, 53, 54, 55, 56, 57, 58, 76, 59, 60, 61, 62, 63, 64, 65, 66, 67, 68, 69, 70, 71, 74, 72, 73]
index list energy: 98209.82393678775
Done


iterations: 10000000 temp: 1000000.0 exponent: 0.7 eif: 300.0
time taken (sec): 785.0831890106201
number of iterations: 10000000
og index list: [(0, 9), (1, 56), (2, 59), (3, 47), (4, 6), (5, 49), (6, 17), (7, 54), (8, 27), (9, 10), (10, 62), (11, 4), (12, 35), (13, 42), (79, 7), (14, 16), (15, 45), (16, 63), (78, 61), (17, 64), (18, 37), (19, 53), (20, 30), (21, 29), (22, 71), (23, 11), (24, 74), (25, 38), (26, 69), (27, 24), (28, 1), (29, 70), (30, 58), (31, 48), (32, 13), (77, 55), (33, 65), (34, 33), (35, 60), (36, 76), (37, 8), (38, 66), (39, 79), (40, 19), (41, 2), (76, 78), (42, 15), (43, 0), (44, 51), (45, 41), (46, 3), (47, 18), (48, 52), (49, 72), (50, 44), (51, 73), (52, 36), (53, 12), (54, 75), (55, 46), (56, 68), (57, 20), (58, 22), (75, 57), (59, 50), (60, 77), (61, 32), (62, 25), (63, 21), (64, 26), (65, 43), (66, 40), (67, 5), (68, 31), (69, 14), (70, 28), (71, 67), (74, 39), (72, 23), (73, 34)]
og index list energy: 103436450.11926287
index_list: [(0, 72), (1, 1), (2, 2), (3, 3), (4, 4), (5, 5), (6, 6), (7, 7), (8, 8), (9, 9), (10, 10), (11, 11), (12, 12), (13, 13), (79, 75), (14, 14), (15, 15), (16, 32), (78, 74), (17, 17), (18, 18), (19, 19), (20, 20), (21, 21), (22, 22), (23, 23), (24, 24), (25, 25), (26, 26), (27, 27), (28, 28), (29, 29), (30, 30), (31, 31), (32, 79), (77, 42), (33, 33), (34, 34), (35, 35), (36, 36), (37, 37), (38, 38), (39, 39), (40, 40), (41, 41), (76, 0), (42, 73), (43, 78), (44, 44), (45, 45), (46, 46), (47, 47), (48, 48), (49, 77), (50, 50), (51, 51), (52, 52), (53, 53), (54, 54), (55, 55), (56, 56), (57, 57), (58, 58), (75, 76), (59, 59), (60, 60), (61, 61), (62, 62), (63, 63), (64, 64), (65, 65), (66, 66), (67, 67), (68, 68), (69, 69), (70, 70), (71, 71), (74, 49), (72, 43), (73, 16)]
index list: [72, 1, 2, 3, 4, 5, 6, 7, 8, 9, 10, 11, 12, 13, 75, 14, 15, 32, 74, 17, 18, 19, 20, 21, 22, 23, 24, 25, 26, 27, 28, 29, 30, 31, 79, 42, 33, 34, 35, 36, 37, 38, 39, 40, 41, 0, 73, 78, 44, 45, 46, 47, 48, 77, 50, 51, 52, 53, 54, 55, 56, 57, 58, 76, 59, 60, 61, 62, 63, 64, 65, 66, 67, 68, 69, 70, 71, 49, 43, 16]
index list energy: 133712.52235282495
Done


iterations: 10000000 temp: 1000000.0 exponent: 0.7 eif: 300.0
time taken (sec): 757.0815284252167
number of iterations: 10000000
og index list: [(0, 8), (1, 70), (2, 52), (3, 60), (4, 74), (5, 14), (6, 68), (7, 6), (8, 36), (9, 54), (10, 76), (11, 37), (12, 50), (13, 58), (79, 21), (14, 16), (15, 71), (16, 17), (78, 45), (17, 55), (18, 31), (19, 12), (20, 22), (21, 32), (22, 61), (23, 53), (24, 42), (25, 19), (26, 77), (27, 29), (28, 57), (29, 72), (30, 62), (31, 24), (32, 1), (77, 35), (33, 59), (34, 2), (35, 65), (36, 30), (37, 39), (38, 44), (39, 18), (40, 38), (41, 73), (76, 27), (42, 26), (43, 41), (44, 63), (45, 28), (46, 0), (47, 10), (48, 67), (49, 13), (50, 48), (51, 9), (52, 15), (53, 64), (54, 34), (55, 46), (56, 56), (57, 23), (58, 3), (75, 47), (59, 5), (60, 69), (61, 11), (62, 79), (63, 20), (64, 49), (65, 7), (66, 4), (67, 51), (68, 33), (69, 78), (70, 40), (71, 43), (74, 25), (72, 66), (73, 75)]
og index list energy: 115843530.5262956
index_list: [(0, 42), (1, 17), (2, 18), (3, 41), (4, 74), (5, 72), (6, 73), (7, 75), (8, 43), (9, 6), (10, 7), (11, 8), (12, 9), (13, 10), (79, 11), (14, 12), (15, 13), (16, 16), (78, 0), (17, 1), (18, 2), (19, 19), (20, 20), (21, 21), (22, 22), (23, 23), (24, 24), (25, 25), (26, 26), (27, 27), (28, 28), (29, 29), (30, 30), (31, 31), (32, 32), (77, 49), (33, 33), (34, 34), (35, 35), (36, 36), (37, 37), (38, 38), (39, 39), (40, 40), (41, 77), (76, 14), (42, 15), (43, 76), (44, 44), (45, 45), (46, 46), (47, 47), (48, 48), (49, 78), (50, 50), (51, 51), (52, 52), (53, 53), (54, 54), (55, 55), (56, 56), (57, 57), (58, 58), (75, 79), (59, 59), (60, 60), (61, 61), (62, 62), (63, 63), (64, 64), (65, 65), (66, 66), (67, 67), (68, 68), (69, 69), (70, 70), (71, 71), (74, 4), (72, 5), (73, 3)]
index list: [42, 17, 18, 41, 74, 72, 73, 75, 43, 6, 7, 8, 9, 10, 11, 12, 13, 16, 0, 1, 2, 19, 20, 21, 22, 23, 24, 25, 26, 27, 28, 29, 30, 31, 32, 49, 33, 34, 35, 36, 37, 38, 39, 40, 77, 14, 15, 76, 44, 45, 46, 47, 48, 78, 50, 51, 52, 53, 54, 55, 56, 57, 58, 79, 59, 60, 61, 62, 63, 64, 65, 66, 67, 68, 69, 70, 71, 4, 5, 3]
index list energy: 235997.490509018
Done


iterations: 10000000 temp: 1000000.0 exponent: 0.7 eif: 300.0
time taken (sec): 830.7687525749207
number of iterations: 10000000
og index list: [(0, 70), (1, 79), (2, 38), (3, 49), (4, 45), (5, 75), (6, 78), (7, 54), (8, 77), (9, 69), (10, 52), (11, 18), (12, 65), (13, 41), (79, 4), (14, 21), (15, 51), (16, 36), (78, 27), (17, 63), (18, 30), (19, 29), (20, 66), (21, 42), (22, 39), (23, 10), (24, 13), (25, 72), (26, 37), (27, 57), (28, 3), (29, 53), (30, 35), (31, 28), (32, 17), (77, 67), (33, 50), (34, 47), (35, 8), (36, 22), (37, 11), (38, 58), (39, 33), (40, 59), (41, 2), (76, 24), (42, 7), (43, 19), (44, 5), (45, 1), (46, 73), (47, 23), (48, 15), (49, 14), (50, 71), (51, 12), (52, 31), (53, 76), (54, 20), (55, 25), (56, 64), (57, 44), (58, 16), (75, 62), (59, 6), (60, 40), (61, 9), (62, 60), (63, 56), (64, 32), (65, 68), (66, 48), (67, 55), (68, 61), (69, 74), (70, 0), (71, 34), (74, 26), (72, 46), (73, 43)]
og index list energy: 132149680.51667617
index_list: [(0, 0), (1, 1), (2, 2), (3, 3), (4, 4), (5, 5), (6, 6), (7, 7), (8, 8), (9, 9), (10, 10), (11, 11), (12, 12), (13, 13), (79, 16), (14, 74), (15, 72), (16, 73), (78, 77), (17, 17), (18, 18), (19, 19), (20, 20), (21, 21), (22, 22), (23, 23), (24, 24), (25, 25), (26, 26), (27, 27), (28, 28), (29, 29), (30, 30), (31, 31), (32, 32), (77, 78), (33, 33), (34, 34), (35, 35), (36, 36), (37, 37), (38, 38), (39, 39), (40, 40), (41, 41), (76, 76), (42, 42), (43, 43), (44, 44), (45, 45), (46, 46), (47, 47), (48, 48), (49, 75), (50, 50), (51, 51), (52, 52), (53, 53), (54, 54), (55, 55), (56, 56), (57, 57), (58, 58), (75, 49), (59, 59), (60, 60), (61, 61), (62, 62), (63, 63), (64, 64), (65, 65), (66, 66), (67, 67), (68, 68), (69, 69), (70, 70), (71, 71), (74, 79), (72, 14), (73, 15)]
index list: [0, 1, 2, 3, 4, 5, 6, 7, 8, 9, 10, 11, 12, 13, 16, 74, 72, 73, 77, 17, 18, 19, 20, 21, 22, 23, 24, 25, 26, 27, 28, 29, 30, 31, 32, 78, 33, 34, 35, 36, 37, 38, 39, 40, 41, 76, 42, 43, 44, 45, 46, 47, 48, 75, 50, 51, 52, 53, 54, 55, 56, 57, 58, 49, 59, 60, 61, 62, 63, 64, 65, 66, 67, 68, 69, 70, 71, 79, 14, 15]
index list energy: 128197.06509037674
Done


iterations: 10000000 temp: 1000000.0 exponent: 0.7 eif: 300.0
time taken (sec): 768.6305241584778
number of iterations: 10000000
og index list: [(0, 64), (1, 30), (2, 56), (3, 21), (4, 52), (5, 72), (6, 55), (7, 68), (8, 40), (9, 75), (10, 14), (11, 34), (12, 20), (13, 46), (79, 12), (14, 35), (15, 48), (16, 36), (78, 74), (17, 57), (18, 41), (19, 16), (20, 65), (21, 24), (22, 3), (23, 19), (24, 79), (25, 37), (26, 43), (27, 13), (28, 23), (29, 9), (30, 28), (31, 73), (32, 33), (77, 62), (33, 7), (34, 59), (35, 38), (36, 58), (37, 50), (38, 53), (39, 42), (40, 67), (41, 32), (76, 22), (42, 66), (43, 47), (44, 18), (45, 54), (46, 69), (47, 78), (48, 6), (49, 76), (50, 29), (51, 0), (52, 71), (53, 26), (54, 25), (55, 70), (56, 8), (57, 39), (58, 5), (75, 49), (59, 1), (60, 27), (61, 45), (62, 31), (63, 61), (64, 44), (65, 51), (66, 63), (67, 60), (68, 11), (69, 77), (70, 17), (71, 2), (74, 4), (72, 15), (73, 10)]
og index list energy: 97167278.00252394
index_list: [(0, 38), (1, 39), (2, 40), (3, 41), (4, 76), (5, 14), (6, 15), (7, 1), (8, 2), (9, 6), (10, 7), (11, 8), (12, 9), (13, 10), (79, 11), (14, 79), (15, 72), (16, 73), (78, 74), (17, 17), (18, 18), (19, 19), (20, 20), (21, 21), (22, 22), (23, 23), (24, 24), (25, 25), (26, 26), (27, 27), (28, 28), (29, 29), (30, 30), (31, 31), (32, 32), (77, 49), (33, 48), (34, 37), (35, 77), (36, 33), (37, 34), (38, 35), (39, 46), (40, 47), (41, 75), (76, 42), (42, 43), (43, 44), (44, 45), (45, 16), (46, 12), (47, 13), (48, 36), (49, 0), (50, 50), (51, 51), (52, 52), (53, 53), (54, 54), (55, 55), (56, 56), (57, 57), (58, 58), (75, 78), (59, 59), (60, 60), (61, 61), (62, 62), (63, 63), (64, 64), (65, 65), (66, 66), (67, 67), (68, 68), (69, 69), (70, 70), (71, 71), (74, 4), (72, 5), (73, 3)]
index list: [38, 39, 40, 41, 76, 14, 15, 1, 2, 6, 7, 8, 9, 10, 11, 79, 72, 73, 74, 17, 18, 19, 20, 21, 22, 23, 24, 25, 26, 27, 28, 29, 30, 31, 32, 49, 48, 37, 77, 33, 34, 35, 46, 47, 75, 42, 43, 44, 45, 16, 12, 13, 36, 0, 50, 51, 52, 53, 54, 55, 56, 57, 58, 78, 59, 60, 61, 62, 63, 64, 65, 66, 67, 68, 69, 70, 71, 4, 5, 3]
index list energy: 308611.23941552505
Done


iterations: 10000000 temp: 1000000.0 exponent: 0.7 eif: 300.0
time taken (sec): 803.1215083599091
number of iterations: 10000000
og index list: [(0, 0), (1, 22), (2, 60), (3, 76), (4, 17), (5, 62), (6, 70), (7, 38), (8, 15), (9, 23), (10, 54), (11, 68), (12, 50), (13, 19), (79, 12), (14, 79), (15, 47), (16, 57), (78, 7), (17, 61), (18, 3), (19, 2), (20, 36), (21, 30), (22, 58), (23, 10), (24, 42), (25, 24), (26, 11), (27, 27), (28, 46), (29, 71), (30, 53), (31, 67), (32, 63), (77, 77), (33, 1), (34, 6), (35, 16), (36, 72), (37, 56), (38, 52), (39, 32), (40, 18), (41, 65), (76, 13), (42, 4), (43, 41), (44, 29), (45, 33), (46, 51), (47, 74), (48, 9), (49, 73), (50, 20), (51, 78), (52, 25), (53, 69), (54, 43), (55, 37), (56, 8), (57, 35), (58, 28), (75, 55), (59, 49), (60, 48), (61, 34), (62, 40), (63, 66), (64, 21), (65, 64), (66, 5), (67, 39), (68, 31), (69, 45), (70, 26), (71, 75), (74, 44), (72, 59), (73, 14)]
og index list energy: 126567993.85624507
index_list: [(0, 0), (1, 1), (2, 2), (3, 3), (4, 4), (5, 5), (6, 6), (7, 7), (8, 8), (9, 9), (10, 10), (11, 11), (12, 12), (13, 13), (79, 49), (14, 14), (15, 15), (16, 16), (78, 79), (17, 17), (18, 18), (19, 19), (20, 20), (21, 21), (22, 22), (23, 23), (24, 24), (25, 25), (26, 26), (27, 27), (28, 28), (29, 29), (30, 30), (31, 31), (32, 32), (77, 76), (33, 33), (34, 34), (35, 35), (36, 36), (37, 37), (38, 38), (39, 39), (40, 40), (41, 41), (76, 71), (42, 75), (43, 43), (44, 44), (45, 45), (46, 46), (47, 47), (48, 48), (49, 78), (50, 50), (51, 51), (52, 52), (53, 53), (54, 54), (55, 55), (56, 56), (57, 57), (58, 58), (75, 77), (59, 59), (60, 60), (61, 61), (62, 62), (63, 63), (64, 64), (65, 65), (66, 66), (67, 67), (68, 68), (69, 69), (70, 72), (71, 73), (74, 74), (72, 42), (73, 70)]
index list: [0, 1, 2, 3, 4, 5, 6, 7, 8, 9, 10, 11, 12, 13, 49, 14, 15, 16, 79, 17, 18, 19, 20, 21, 22, 23, 24, 25, 26, 27, 28, 29, 30, 31, 32, 76, 33, 34, 35, 36, 37, 38, 39, 40, 41, 71, 75, 43, 44, 45, 46, 47, 48, 78, 50, 51, 52, 53, 54, 55, 56, 57, 58, 77, 59, 60, 61, 62, 63, 64, 65, 66, 67, 68, 69, 72, 73, 74, 42, 70]
index list energy: 117778.2679746308
Done


iterations: 10000000 temp: 1000000.0 exponent: 0.7 eif: 300.0
time taken (sec): 843.1605205535889
number of iterations: 10000000
og index list: [(0, 72), (1, 36), (2, 13), (3, 68), (4, 63), (5, 2), (6, 40), (7, 41), (8, 25), (9, 45), (10, 73), (11, 39), (12, 34), (13, 27), (79, 3), (14, 0), (15, 66), (16, 24), (78, 21), (17, 11), (18, 1), (19, 62), (20, 69), (21, 75), (22, 18), (23, 15), (24, 53), (25, 76), (26, 54), (27, 37), (28, 20), (29, 29), (30, 51), (31, 67), (32, 42), (77, 4), (33, 35), (34, 71), (35, 58), (36, 61), (37, 59), (38, 28), (39, 77), (40, 12), (41, 9), (76, 70), (42, 33), (43, 44), (44, 16), (45, 43), (46, 64), (47, 49), (48, 30), (49, 7), (50, 8), (51, 57), (52, 48), (53, 74), (54, 10), (55, 65), (56, 38), (57, 14), (58, 32), (75, 31), (59, 47), (60, 26), (61, 52), (62, 55), (63, 50), (64, 5), (65, 6), (66, 60), (67, 22), (68, 56), (69, 46), (70, 79), (71, 17), (74, 23), (72, 78), (73, 19)]
og index list energy: 77317853.49007694
index_list: [(0, 0), (1, 1), (2, 2), (3, 3), (4, 4), (5, 5), (6, 6), (7, 7), (8, 8), (9, 9), (10, 10), (11, 11), (12, 12), (13, 13), (79, 74), (14, 14), (15, 15), (16, 16), (78, 77), (17, 17), (18, 18), (19, 19), (20, 20), (21, 21), (22, 22), (23, 23), (24, 24), (25, 25), (26, 26), (27, 27), (28, 28), (29, 29), (30, 30), (31, 31), (32, 32), (77, 79), (33, 33), (34, 34), (35, 35), (36, 36), (37, 37), (38, 38), (39, 39), (40, 40), (41, 41), (76, 49), (42, 42), (43, 43), (44, 44), (45, 45), (46, 46), (47, 47), (48, 48), (49, 76), (50, 50), (51, 51), (52, 52), (53, 53), (54, 54), (55, 55), (56, 56), (57, 57), (58, 58), (75, 78), (59, 59), (60, 60), (61, 61), (62, 62), (63, 63), (64, 64), (65, 65), (66, 66), (67, 67), (68, 68), (69, 69), (70, 70), (71, 71), (74, 75), (72, 72), (73, 73)]
index list: [0, 1, 2, 3, 4, 5, 6, 7, 8, 9, 10, 11, 12, 13, 74, 14, 15, 16, 77, 17, 18, 19, 20, 21, 22, 23, 24, 25, 26, 27, 28, 29, 30, 31, 32, 79, 33, 34, 35, 36, 37, 38, 39, 40, 41, 49, 42, 43, 44, 45, 46, 47, 48, 76, 50, 51, 52, 53, 54, 55, 56, 57, 58, 78, 59, 60, 61, 62, 63, 64, 65, 66, 67, 68, 69, 70, 71, 75, 72, 73]
index list energy: 98209.82393678775
Done


iterations: 10000000 temp: 1000000.0 exponent: 0.7 eif: 300.0
time taken (sec): 816.6121289730072
number of iterations: 10000000
og index list: [(0, 75), (1, 52), (2, 6), (3, 79), (4, 10), (5, 46), (6, 66), (7, 22), (8, 36), (9, 64), (10, 11), (11, 37), (12, 73), (13, 47), (79, 3), (14, 58), (15, 63), (16, 12), (78, 70), (17, 59), (18, 50), (19, 71), (20, 45), (21, 8), (22, 2), (23, 31), (24, 51), (25, 68), (26, 13), (27, 53), (28, 23), (29, 1), (30, 69), (31, 33), (32, 57), (77, 32), (33, 28), (34, 55), (35, 7), (36, 78), (37, 62), (38, 29), (39, 19), (40, 27), (41, 43), (76, 74), (42, 17), (43, 14), (44, 39), (45, 26), (46, 4), (47, 24), (48, 77), (49, 54), (50, 20), (51, 16), (52, 41), (53, 65), (54, 38), (55, 49), (56, 42), (57, 76), (58, 44), (75, 21), (59, 18), (60, 0), (61, 30), (62, 72), (63, 67), (64, 61), (65, 15), (66, 56), (67, 5), (68, 48), (69, 60), (70, 40), (71, 34), (74, 9), (72, 25), (73, 35)]
og index list energy: 124684017.52303602
index_list: [(0, 72), (1, 1), (2, 2), (3, 3), (4, 4), (5, 5), (6, 6), (7, 7), (8, 8), (9, 9), (10, 10), (11, 11), (12, 12), (13, 13), (79, 75), (14, 14), (15, 15), (16, 16), (78, 74), (17, 17), (18, 18), (19, 19), (20, 20), (21, 21), (22, 22), (23, 23), (24, 24), (25, 25), (26, 26), (27, 27), (28, 28), (29, 29), (30, 30), (31, 31), (32, 32), (77, 49), (33, 33), (34, 34), (35, 35), (36, 36), (37, 37), (38, 38), (39, 39), (40, 40), (41, 41), (76, 0), (42, 44), (43, 45), (44, 46), (45, 73), (46, 76), (47, 47), (48, 48), (49, 77), (50, 50), (51, 51), (52, 52), (53, 53), (54, 54), (55, 55), (56, 56), (57, 57), (58, 58), (75, 79), (59, 59), (60, 60), (61, 61), (62, 62), (63, 63), (64, 64), (65, 65), (66, 66), (67, 67), (68, 68), (69, 69), (70, 70), (71, 71), (74, 78), (72, 42), (73, 43)]
index list: [72, 1, 2, 3, 4, 5, 6, 7, 8, 9, 10, 11, 12, 13, 75, 14, 15, 16, 74, 17, 18, 19, 20, 21, 22, 23, 24, 25, 26, 27, 28, 29, 30, 31, 32, 49, 33, 34, 35, 36, 37, 38, 39, 40, 41, 0, 44, 45, 46, 73, 76, 47, 48, 77, 50, 51, 52, 53, 54, 55, 56, 57, 58, 79, 59, 60, 61, 62, 63, 64, 65, 66, 67, 68, 69, 70, 71, 78, 42, 43]
index list energy: 141546.6205124153
Done


iterations: 10000000 temp: 1000000.0 exponent: 0.7 eif: 300.0
time taken (sec): 753.5405333042145
number of iterations: 10000000
og index list: [(0, 68), (1, 22), (2, 8), (3, 76), (4, 19), (5, 23), (6, 69), (7, 9), (8, 77), (9, 13), (10, 29), (11, 16), (12, 46), (13, 1), (79, 15), (14, 0), (15, 12), (16, 50), (78, 17), (17, 32), (18, 24), (19, 61), (20, 5), (21, 26), (22, 39), (23, 4), (24, 66), (25, 79), (26, 49), (27, 2), (28, 18), (29, 38), (30, 70), (31, 36), (32, 3), (77, 14), (33, 54), (34, 75), (35, 45), (36, 62), (37, 59), (38, 56), (39, 78), (40, 28), (41, 52), (76, 34), (42, 47), (43, 60), (44, 7), (45, 65), (46, 35), (47, 11), (48, 55), (49, 41), (50, 42), (51, 64), (52, 72), (53, 43), (54, 10), (55, 44), (56, 25), (57, 40), (58, 58), (75, 31), (59, 6), (60, 21), (61, 48), (62, 33), (63, 20), (64, 73), (65, 51), (66, 57), (67, 53), (68, 71), (69, 67), (70, 63), (71, 74), (74, 37), (72, 27), (73, 30)]
og index list energy: 85492463.63051468
index_list: [(0, 14), (1, 78), (2, 2), (3, 3), (4, 4), (5, 5), (6, 6), (7, 7), (8, 8), (9, 9), (10, 10), (11, 11), (12, 12), (13, 13), (79, 32), (14, 74), (15, 72), (16, 73), (78, 49), (17, 17), (18, 18), (19, 19), (20, 20), (21, 21), (22, 22), (23, 23), (24, 24), (25, 25), (26, 26), (27, 27), (28, 28), (29, 29), (30, 30), (31, 31), (32, 77), (77, 42), (33, 33), (34, 34), (35, 35), (36, 36), (37, 37), (38, 38), (39, 39), (40, 40), (41, 41), (76, 0), (42, 1), (43, 79), (44, 44), (45, 45), (46, 46), (47, 47), (48, 48), (49, 75), (50, 43), (51, 51), (52, 52), (53, 53), (54, 54), (55, 55), (56, 56), (57, 57), (58, 58), (75, 76), (59, 59), (60, 60), (61, 61), (62, 62), (63, 63), (64, 64), (65, 65), (66, 66), (67, 67), (68, 68), (69, 69), (70, 70), (71, 71), (74, 15), (72, 16), (73, 50)]
index list: [14, 78, 2, 3, 4, 5, 6, 7, 8, 9, 10, 11, 12, 13, 32, 74, 72, 73, 49, 17, 18, 19, 20, 21, 22, 23, 24, 25, 26, 27, 28, 29, 30, 31, 77, 42, 33, 34, 35, 36, 37, 38, 39, 40, 41, 0, 1, 79, 44, 45, 46, 47, 48, 75, 43, 51, 52, 53, 54, 55, 56, 57, 58, 76, 59, 60, 61, 62, 63, 64, 65, 66, 67, 68, 69, 70, 71, 15, 16, 50]
index list energy: 170200.13224571315
Done


iterations: 10000000 temp: 1000000.0 exponent: 0.7 eif: 300.0
time taken (sec): 838.3875346183777
number of iterations: 10000000
og index list: [(0, 79), (1, 30), (2, 19), (3, 38), (4, 53), (5, 65), (6, 68), (7, 15), (8, 62), (9, 78), (10, 64), (11, 44), (12, 48), (13, 57), (79, 16), (14, 56), (15, 33), (16, 42), (78, 27), (17, 5), (18, 61), (19, 71), (20, 9), (21, 47), (22, 76), (23, 50), (24, 77), (25, 0), (26, 67), (27, 59), (28, 72), (29, 12), (30, 70), (31, 1), (32, 6), (77, 75), (33, 3), (34, 24), (35, 60), (36, 20), (37, 74), (38, 31), (39, 49), (40, 39), (41, 55), (76, 66), (42, 26), (43, 63), (44, 73), (45, 29), (46, 54), (47, 51), (48, 11), (49, 41), (50, 21), (51, 10), (52, 18), (53, 37), (54, 25), (55, 43), (56, 36), (57, 2), (58, 8), (75, 40), (59, 32), (60, 7), (61, 52), (62, 23), (63, 58), (64, 28), (65, 13), (66, 17), (67, 35), (68, 45), (69, 34), (70, 4), (71, 69), (74, 46), (72, 14), (73, 22)]
og index list energy: 131952918.4560346
index_list: [(0, 0), (1, 1), (2, 2), (3, 3), (4, 4), (5, 5), (6, 6), (7, 7), (8, 8), (9, 9), (10, 10), (11, 11), (12, 12), (13, 13), (79, 75), (14, 14), (15, 15), (16, 16), (78, 49), (17, 17), (18, 18), (19, 19), (20, 20), (21, 21), (22, 22), (23, 23), (24, 24), (25, 25), (26, 26), (27, 27), (28, 28), (29, 29), (30, 30), (31, 31), (32, 32), (77, 78), (33, 33), (34, 34), (35, 35), (36, 36), (37, 37), (38, 38), (39, 39), (40, 40), (41, 41), (76, 77), (42, 42), (43, 43), (44, 44), (45, 45), (46, 46), (47, 47), (48, 48), (49, 76), (50, 50), (51, 51), (52, 52), (53, 53), (54, 54), (55, 55), (56, 56), (57, 57), (58, 58), (75, 74), (59, 59), (60, 60), (61, 61), (62, 62), (63, 63), (64, 64), (65, 65), (66, 66), (67, 67), (68, 68), (69, 69), (70, 70), (71, 71), (74, 79), (72, 72), (73, 73)]
index list: [0, 1, 2, 3, 4, 5, 6, 7, 8, 9, 10, 11, 12, 13, 75, 14, 15, 16, 49, 17, 18, 19, 20, 21, 22, 23, 24, 25, 26, 27, 28, 29, 30, 31, 32, 78, 33, 34, 35, 36, 37, 38, 39, 40, 41, 77, 42, 43, 44, 45, 46, 47, 48, 76, 50, 51, 52, 53, 54, 55, 56, 57, 58, 74, 59, 60, 61, 62, 63, 64, 65, 66, 67, 68, 69, 70, 71, 79, 72, 73]
index list energy: 98209.82393678775
Done


iterations: 10000000 temp: 1000000.0 exponent: 0.7 eif: 300.0
time taken (sec): 772.6920948028564
number of iterations: 10000000
og index list: [(0, 79), (1, 59), (2, 61), (3, 28), (4, 40), (5, 78), (6, 57), (7, 54), (8, 67), (9, 32), (10, 62), (11, 36), (12, 65), (13, 31), (79, 47), (14, 74), (15, 38), (16, 14), (78, 48), (17, 53), (18, 9), (19, 19), (20, 11), (21, 71), (22, 76), (23, 21), (24, 7), (25, 46), (26, 44), (27, 8), (28, 50), (29, 15), (30, 37), (31, 0), (32, 25), (77, 63), (33, 13), (34, 72), (35, 10), (36, 69), (37, 34), (38, 1), (39, 43), (40, 55), (41, 16), (76, 24), (42, 52), (43, 29), (44, 49), (45, 56), (46, 64), (47, 20), (48, 30), (49, 26), (50, 18), (51, 45), (52, 39), (53, 58), (54, 41), (55, 5), (56, 70), (57, 4), (58, 12), (75, 27), (59, 51), (60, 77), (61, 35), (62, 17), (63, 42), (64, 22), (65, 33), (66, 2), (67, 23), (68, 75), (69, 3), (70, 73), (71, 6), (74, 60), (72, 68), (73, 66)]
og index list energy: 121660236.61226417
index_list: [(0, 14), (1, 15), (2, 78), (3, 42), (4, 72), (5, 73), (6, 74), (7, 1), (8, 2), (9, 6), (10, 7), (11, 8), (12, 9), (13, 10), (79, 11), (14, 12), (15, 13), (16, 16), (78, 79), (17, 17), (18, 18), (19, 19), (20, 20), (21, 21), (22, 22), (23, 23), (24, 24), (25, 25), (26, 26), (27, 27), (28, 28), (29, 29), (30, 30), (31, 31), (32, 32), (77, 76), (33, 33), (34, 34), (35, 35), (36, 36), (37, 37), (38, 38), (39, 39), (40, 40), (41, 41), (76, 0), (42, 75), (43, 43), (44, 44), (45, 45), (46, 46), (47, 47), (48, 48), (49, 77), (50, 50), (51, 51), (52, 52), (53, 53), (54, 54), (55, 55), (56, 56), (57, 57), (58, 58), (75, 49), (59, 59), (60, 60), (61, 61), (62, 62), (63, 63), (64, 64), (65, 65), (66, 66), (67, 67), (68, 68), (69, 69), (70, 70), (71, 71), (74, 4), (72, 5), (73, 3)]
index list: [14, 15, 78, 42, 72, 73, 74, 1, 2, 6, 7, 8, 9, 10, 11, 12, 13, 16, 79, 17, 18, 19, 20, 21, 22, 23, 24, 25, 26, 27, 28, 29, 30, 31, 32, 76, 33, 34, 35, 36, 37, 38, 39, 40, 41, 0, 75, 43, 44, 45, 46, 47, 48, 77, 50, 51, 52, 53, 54, 55, 56, 57, 58, 49, 59, 60, 61, 62, 63, 64, 65, 66, 67, 68, 69, 70, 71, 4, 5, 3]
index list energy: 181551.70858493165
Done


iterations: 10000000 temp: 1000000.0 exponent: 0.7 eif: 300.0
time taken (sec): 845.1452860832214
number of iterations: 10000000
og index list: [(0, 63), (1, 58), (2, 30), (3, 72), (4, 18), (5, 57), (6, 76), (7, 36), (8, 22), (9, 55), (10, 6), (11, 27), (12, 41), (13, 69), (79, 23), (14, 71), (15, 25), (16, 19), (78, 78), (17, 66), (18, 31), (19, 37), (20, 14), (21, 60), (22, 4), (23, 17), (24, 77), (25, 73), (26, 61), (27, 20), (28, 75), (29, 52), (30, 53), (31, 44), (32, 70), (77, 43), (33, 12), (34, 34), (35, 49), (36, 16), (37, 5), (38, 65), (39, 54), (40, 74), (41, 2), (76, 29), (42, 10), (43, 62), (44, 28), (45, 21), (46, 32), (47, 24), (48, 15), (49, 39), (50, 40), (51, 35), (52, 48), (53, 50), (54, 13), (55, 11), (56, 67), (57, 51), (58, 79), (75, 26), (59, 7), (60, 3), (61, 1), (62, 47), (63, 56), (64, 42), (65, 45), (66, 8), (67, 59), (68, 46), (69, 33), (70, 68), (71, 64), (74, 38), (72, 0), (73, 9)]
og index list energy: 125715235.5639048
index_list: [(0, 0), (1, 1), (2, 2), (3, 3), (4, 4), (5, 5), (6, 6), (7, 7), (8, 8), (9, 9), (10, 10), (11, 11), (12, 12), (13, 13), (79, 76), (14, 14), (15, 15), (16, 16), (78, 77), (17, 17), (18, 18), (19, 19), (20, 20), (21, 21), (22, 22), (23, 23), (24, 24), (25, 25), (26, 26), (27, 27), (28, 28), (29, 29), (30, 30), (31, 31), (32, 32), (77, 49), (33, 33), (34, 34), (35, 35), (36, 36), (37, 37), (38, 38), (39, 39), (40, 40), (41, 41), (76, 75), (42, 42), (43, 43), (44, 44), (45, 45), (46, 46), (47, 47), (48, 48), (49, 74), (50, 50), (51, 51), (52, 52), (53, 53), (54, 54), (55, 55), (56, 56), (57, 57), (58, 58), (75, 78), (59, 59), (60, 60), (61, 61), (62, 62), (63, 63), (64, 64), (65, 65), (66, 66), (67, 67), (68, 68), (69, 69), (70, 70), (71, 71), (74, 79), (72, 72), (73, 73)]
index list: [0, 1, 2, 3, 4, 5, 6, 7, 8, 9, 10, 11, 12, 13, 76, 14, 15, 16, 77, 17, 18, 19, 20, 21, 22, 23, 24, 25, 26, 27, 28, 29, 30, 31, 32, 49, 33, 34, 35, 36, 37, 38, 39, 40, 41, 75, 42, 43, 44, 45, 46, 47, 48, 74, 50, 51, 52, 53, 54, 55, 56, 57, 58, 78, 59, 60, 61, 62, 63, 64, 65, 66, 67, 68, 69, 70, 71, 79, 72, 73]
index list energy: 98209.82393678775
Done


iterations: 10000000 temp: 1000000.0 exponent: 0.7 eif: 300.0
time taken (sec): 802.8768012523651
number of iterations: 10000000
og index list: [(0, 67), (1, 0), (2, 50), (3, 74), (4, 38), (5, 15), (6, 49), (7, 17), (8, 5), (9, 9), (10, 16), (11, 69), (12, 34), (13, 51), (79, 45), (14, 29), (15, 2), (16, 64), (78, 10), (17, 33), (18, 60), (19, 46), (20, 41), (21, 72), (22, 62), (23, 77), (24, 48), (25, 44), (26, 1), (27, 58), (28, 53), (29, 40), (30, 42), (31, 56), (32, 36), (77, 20), (33, 55), (34, 12), (35, 3), (36, 57), (37, 65), (38, 76), (39, 19), (40, 39), (41, 14), (76, 18), (42, 35), (43, 32), (44, 66), (45, 43), (46, 13), (47, 54), (48, 47), (49, 11), (50, 71), (51, 63), (52, 23), (53, 25), (54, 78), (55, 30), (56, 73), (57, 24), (58, 6), (75, 26), (59, 68), (60, 31), (61, 75), (62, 22), (63, 7), (64, 27), (65, 21), (66, 59), (67, 61), (68, 70), (69, 4), (70, 28), (71, 8), (74, 79), (72, 37), (73, 52)]
og index list energy: 88264474.75326334
index_list: [(0, 0), (1, 1), (2, 2), (3, 3), (4, 4), (5, 5), (6, 6), (7, 7), (8, 8), (9, 9), (10, 10), (11, 11), (12, 12), (13, 13), (79, 76), (14, 14), (15, 15), (16, 16), (78, 74), (17, 17), (18, 18), (19, 19), (20, 20), (21, 21), (22, 22), (23, 23), (24, 24), (25, 25), (26, 26), (27, 27), (28, 28), (29, 29), (30, 30), (31, 31), (32, 32), (77, 78), (33, 33), (34, 34), (35, 35), (36, 36), (37, 37), (38, 38), (39, 39), (40, 40), (41, 41), (76, 71), (42, 79), (43, 43), (44, 44), (45, 45), (46, 46), (47, 47), (48, 48), (49, 49), (50, 50), (51, 51), (52, 52), (53, 53), (54, 54), (55, 55), (56, 56), (57, 57), (58, 58), (75, 75), (59, 59), (60, 60), (61, 61), (62, 62), (63, 63), (64, 64), (65, 65), (66, 66), (67, 67), (68, 68), (69, 69), (70, 72), (71, 73), (74, 77), (72, 42), (73, 70)]
index list: [0, 1, 2, 3, 4, 5, 6, 7, 8, 9, 10, 11, 12, 13, 76, 14, 15, 16, 74, 17, 18, 19, 20, 21, 22, 23, 24, 25, 26, 27, 28, 29, 30, 31, 32, 78, 33, 34, 35, 36, 37, 38, 39, 40, 41, 71, 79, 43, 44, 45, 46, 47, 48, 49, 50, 51, 52, 53, 54, 55, 56, 57, 58, 75, 59, 60, 61, 62, 63, 64, 65, 66, 67, 68, 69, 72, 73, 77, 42, 70]
index list energy: 117479.76816687462
Done


iterations: 10000000 temp: 1000000.0 exponent: 0.7 eif: 300.0
time taken (sec): 828.9106032848358
number of iterations: 10000000
og index list: [(0, 43), (1, 11), (2, 52), (3, 65), (4, 13), (5, 27), (6, 78), (7, 15), (8, 29), (9, 47), (10, 61), (11, 0), (12, 2), (13, 77), (79, 36), (14, 42), (15, 23), (16, 66), (78, 44), (17, 31), (18, 67), (19, 41), (20, 18), (21, 26), (22, 55), (23, 22), (24, 4), (25, 46), (26, 76), (27, 30), (28, 39), (29, 25), (30, 10), (31, 73), (32, 45), (77, 79), (33, 7), (34, 40), (35, 5), (36, 6), (37, 70), (38, 71), (39, 60), (40, 24), (41, 49), (76, 72), (42, 35), (43, 63), (44, 54), (45, 56), (46, 20), (47, 68), (48, 21), (49, 3), (50, 51), (51, 12), (52, 59), (53, 19), (54, 57), (55, 58), (56, 75), (57, 34), (58, 62), (75, 8), (59, 50), (60, 33), (61, 9), (62, 64), (63, 16), (64, 37), (65, 53), (66, 69), (67, 28), (68, 38), (69, 14), (70, 74), (71, 1), (74, 17), (72, 48), (73, 32)]
og index list energy: 112440551.81657574
index_list: [(0, 72), (1, 1), (2, 2), (3, 3), (4, 4), (5, 5), (6, 6), (7, 7), (8, 8), (9, 9), (10, 10), (11, 11), (12, 12), (13, 13), (79, 78), (14, 14), (15, 15), (16, 16), (78, 74), (17, 17), (18, 18), (19, 19), (20, 20), (21, 21), (22, 22), (23, 23), (24, 24), (25, 25), (26, 26), (27, 27), (28, 28), (29, 29), (30, 30), (31, 31), (32, 32), (77, 76), (33, 33), (34, 34), (35, 35), (36, 36), (37, 37), (38, 38), (39, 39), (40, 40), (41, 41), (76, 49), (42, 42), (43, 43), (44, 44), (45, 45), (46, 46), (47, 47), (48, 48), (49, 75), (50, 50), (51, 51), (52, 52), (53, 53), (54, 54), (55, 55), (56, 56), (57, 57), (58, 58), (75, 79), (59, 59), (60, 60), (61, 61), (62, 62), (63, 63), (64, 64), (65, 65), (66, 66), (67, 67), (68, 68), (69, 69), (70, 70), (71, 71), (74, 77), (72, 73), (73, 0)]
index list: [72, 1, 2, 3, 4, 5, 6, 7, 8, 9, 10, 11, 12, 13, 78, 14, 15, 16, 74, 17, 18, 19, 20, 21, 22, 23, 24, 25, 26, 27, 28, 29, 30, 31, 32, 76, 33, 34, 35, 36, 37, 38, 39, 40, 41, 49, 42, 43, 44, 45, 46, 47, 48, 75, 50, 51, 52, 53, 54, 55, 56, 57, 58, 79, 59, 60, 61, 62, 63, 64, 65, 66, 67, 68, 69, 70, 71, 77, 73, 0]
index list energy: 101496.76386437901
Done


iterations: 10000000 temp: 1000000.0 exponent: 0.7 eif: 300.0
time taken (sec): 846.3066799640656
number of iterations: 10000000
og index list: [(0, 59), (1, 41), (2, 51), (3, 76), (4, 20), (5, 13), (6, 15), (7, 69), (8, 16), (9, 31), (10, 55), (11, 17), (12, 11), (13, 4), (79, 57), (14, 72), (15, 36), (16, 64), (78, 25), (17, 52), (18, 63), (19, 61), (20, 65), (21, 47), (22, 33), (23, 28), (24, 78), (25, 27), (26, 7), (27, 77), (28, 62), (29, 66), (30, 40), (31, 53), (32, 2), (77, 49), (33, 44), (34, 56), (35, 26), (36, 10), (37, 0), (38, 46), (39, 50), (40, 24), (41, 68), (76, 48), (42, 9), (43, 43), (44, 35), (45, 67), (46, 5), (47, 60), (48, 37), (49, 23), (50, 74), (51, 19), (52, 54), (53, 34), (54, 71), (55, 38), (56, 73), (57, 22), (58, 1), (75, 21), (59, 6), (60, 32), (61, 39), (62, 79), (63, 3), (64, 30), (65, 12), (66, 29), (67, 8), (68, 18), (69, 70), (70, 14), (71, 45), (74, 42), (72, 58), (73, 75)]
og index list energy: 90280857.26993695
index_list: [(0, 0), (1, 1), (2, 2), (3, 3), (4, 4), (5, 5), (6, 6), (7, 7), (8, 8), (9, 9), (10, 10), (11, 11), (12, 12), (13, 13), (79, 76), (14, 14), (15, 15), (16, 16), (78, 49), (17, 17), (18, 18), (19, 19), (20, 20), (21, 21), (22, 22), (23, 23), (24, 24), (25, 25), (26, 26), (27, 27), (28, 28), (29, 29), (30, 30), (31, 31), (32, 32), (77, 77), (33, 33), (34, 34), (35, 35), (36, 36), (37, 37), (38, 38), (39, 39), (40, 40), (41, 41), (76, 74), (42, 42), (43, 43), (44, 44), (45, 45), (46, 46), (47, 47), (48, 48), (49, 75), (50, 50), (51, 51), (52, 52), (53, 53), (54, 54), (55, 55), (56, 56), (57, 57), (58, 58), (75, 78), (59, 59), (60, 60), (61, 61), (62, 62), (63, 63), (64, 64), (65, 65), (66, 66), (67, 67), (68, 68), (69, 69), (70, 70), (71, 71), (74, 79), (72, 72), (73, 73)]
index list: [0, 1, 2, 3, 4, 5, 6, 7, 8, 9, 10, 11, 12, 13, 76, 14, 15, 16, 49, 17, 18, 19, 20, 21, 22, 23, 24, 25, 26, 27, 28, 29, 30, 31, 32, 77, 33, 34, 35, 36, 37, 38, 39, 40, 41, 74, 42, 43, 44, 45, 46, 47, 48, 75, 50, 51, 52, 53, 54, 55, 56, 57, 58, 78, 59, 60, 61, 62, 63, 64, 65, 66, 67, 68, 69, 70, 71, 79, 72, 73]
index list energy: 98209.82393678775
Done


iterations: 10000000 temp: 1000000.0 exponent: 0.7 eif: 300.0
time taken (sec): 837.8055689334869
number of iterations: 10000000
og index list: [(0, 77), (1, 47), (2, 9), (3, 21), (4, 73), (5, 75), (6, 71), (7, 16), (8, 39), (9, 8), (10, 4), (11, 23), (12, 22), (13, 3), (79, 35), (14, 32), (15, 30), (16, 62), (78, 34), (17, 69), (18, 5), (19, 18), (20, 0), (21, 33), (22, 64), (23, 61), (24, 42), (25, 25), (26, 29), (27, 54), (28, 70), (29, 15), (30, 60), (31, 56), (32, 67), (77, 58), (33, 1), (34, 10), (35, 26), (36, 48), (37, 37), (38, 43), (39, 51), (40, 55), (41, 78), (76, 72), (42, 17), (43, 49), (44, 79), (45, 11), (46, 45), (47, 41), (48, 57), (49, 63), (50, 36), (51, 59), (52, 12), (53, 27), (54, 28), (55, 31), (56, 2), (57, 40), (58, 20), (75, 65), (59, 24), (60, 53), (61, 19), (62, 13), (63, 76), (64, 66), (65, 46), (66, 74), (67, 14), (68, 6), (69, 44), (70, 7), (71, 38), (74, 52), (72, 50), (73, 68)]
og index list energy: 102012988.76521978
index_list: [(0, 0), (1, 1), (2, 2), (3, 3), (4, 4), (5, 5), (6, 6), (7, 7), (8, 8), (9, 9), (10, 10), (11, 11), (12, 12), (13, 13), (79, 49), (14, 14), (15, 15), (16, 16), (78, 77), (17, 17), (18, 18), (19, 19), (20, 20), (21, 21), (22, 22), (23, 23), (24, 24), (25, 25), (26, 26), (27, 27), (28, 28), (29, 29), (30, 30), (31, 31), (32, 32), (77, 76), (33, 33), (34, 34), (35, 35), (36, 36), (37, 37), (38, 38), (39, 39), (40, 40), (41, 41), (76, 79), (42, 42), (43, 43), (44, 44), (45, 45), (46, 46), (47, 47), (48, 48), (49, 78), (50, 50), (51, 51), (52, 52), (53, 53), (54, 54), (55, 55), (56, 56), (57, 57), (58, 58), (75, 75), (59, 59), (60, 60), (61, 61), (62, 62), (63, 63), (64, 64), (65, 65), (66, 66), (67, 67), (68, 68), (69, 69), (70, 70), (71, 71), (74, 74), (72, 72), (73, 73)]
index list: [0, 1, 2, 3, 4, 5, 6, 7, 8, 9, 10, 11, 12, 13, 49, 14, 15, 16, 77, 17, 18, 19, 20, 21, 22, 23, 24, 25, 26, 27, 28, 29, 30, 31, 32, 76, 33, 34, 35, 36, 37, 38, 39, 40, 41, 79, 42, 43, 44, 45, 46, 47, 48, 78, 50, 51, 52, 53, 54, 55, 56, 57, 58, 75, 59, 60, 61, 62, 63, 64, 65, 66, 67, 68, 69, 70, 71, 74, 72, 73]
index list energy: 98209.82393678775
Done


iterations: 10000000 temp: 1000000.0 exponent: 0.7 eif: 300.0
time taken (sec): 793.5315403938293
number of iterations: 10000000
og index list: [(0, 50), (1, 56), (2, 13), (3, 35), (4, 77), (5, 24), (6, 48), (7, 59), (8, 32), (9, 46), (10, 41), (11, 60), (12, 63), (13, 9), (79, 17), (14, 51), (15, 12), (16, 75), (78, 3), (17, 36), (18, 68), (19, 1), (20, 30), (21, 64), (22, 71), (23, 58), (24, 10), (25, 49), (26, 2), (27, 7), (28, 67), (29, 0), (30, 16), (31, 42), (32, 38), (77, 47), (33, 53), (34, 21), (35, 33), (36, 73), (37, 44), (38, 8), (39, 62), (40, 11), (41, 14), (76, 4), (42, 66), (43, 54), (44, 29), (45, 39), (46, 72), (47, 18), (48, 5), (49, 65), (50, 69), (51, 6), (52, 61), (53, 43), (54, 34), (55, 19), (56, 78), (57, 45), (58, 55), (75, 37), (59, 79), (60, 70), (61, 40), (62, 27), (63, 15), (64, 74), (65, 57), (66, 23), (67, 31), (68, 28), (69, 22), (70, 25), (71, 20), (74, 76), (72, 52), (73, 26)]
og index list energy: 106956348.75231564
index_list: [(0, 43), (1, 1), (2, 2), (3, 3), (4, 4), (5, 5), (6, 6), (7, 7), (8, 8), (9, 9), (10, 10), (11, 74), (12, 14), (13, 15), (79, 0), (14, 44), (15, 45), (16, 16), (78, 49), (17, 17), (18, 18), (19, 19), (20, 20), (21, 21), (22, 22), (23, 23), (24, 24), (25, 25), (26, 26), (27, 27), (28, 28), (29, 29), (30, 30), (31, 31), (32, 32), (77, 77), (33, 33), (34, 34), (35, 35), (36, 36), (37, 37), (38, 38), (39, 39), (40, 40), (41, 41), (76, 71), (42, 78), (43, 11), (44, 12), (45, 13), (46, 46), (47, 47), (48, 48), (49, 75), (50, 50), (51, 51), (52, 52), (53, 53), (54, 54), (55, 55), (56, 56), (57, 57), (58, 58), (75, 76), (59, 59), (60, 60), (61, 61), (62, 62), (63, 63), (64, 64), (65, 65), (66, 66), (67, 67), (68, 68), (69, 69), (70, 70), (71, 79), (74, 42), (72, 72), (73, 73)]
index list: [43, 1, 2, 3, 4, 5, 6, 7, 8, 9, 10, 74, 14, 15, 0, 44, 45, 16, 49, 17, 18, 19, 20, 21, 22, 23, 24, 25, 26, 27, 28, 29, 30, 31, 32, 77, 33, 34, 35, 36, 37, 38, 39, 40, 41, 71, 78, 11, 12, 13, 46, 47, 48, 75, 50, 51, 52, 53, 54, 55, 56, 57, 58, 76, 59, 60, 61, 62, 63, 64, 65, 66, 67, 68, 69, 70, 79, 42, 72, 73]
index list energy: 159501.9257553529
Done


iterations: 10000000 temp: 1000000.0 exponent: 0.7 eif: 300.0
time taken (sec): 777.8027038574219
number of iterations: 10000000
og index list: [(0, 45), (1, 40), (2, 55), (3, 35), (4, 79), (5, 58), (6, 67), (7, 12), (8, 0), (9, 64), (10, 14), (11, 17), (12, 65), (13, 8), (79, 72), (14, 37), (15, 22), (16, 57), (78, 15), (17, 71), (18, 53), (19, 26), (20, 51), (21, 56), (22, 11), (23, 46), (24, 41), (25, 23), (26, 3), (27, 9), (28, 5), (29, 32), (30, 20), (31, 76), (32, 70), (77, 60), (33, 4), (34, 34), (35, 30), (36, 73), (37, 78), (38, 2), (39, 48), (40, 75), (41, 29), (76, 33), (42, 25), (43, 62), (44, 36), (45, 43), (46, 18), (47, 63), (48, 66), (49, 38), (50, 50), (51, 7), (52, 28), (53, 59), (54, 49), (55, 44), (56, 42), (57, 16), (58, 61), (75, 21), (59, 6), (60, 27), (61, 13), (62, 31), (63, 52), (64, 74), (65, 68), (66, 10), (67, 54), (68, 47), (69, 77), (70, 19), (71, 39), (74, 1), (72, 24), (73, 69)]
og index list energy: 107214514.06934282
index_list: [(0, 72), (1, 1), (2, 2), (3, 3), (4, 4), (5, 5), (6, 6), (7, 7), (8, 8), (9, 9), (10, 10), (11, 11), (12, 12), (13, 13), (79, 74), (14, 14), (15, 15), (16, 16), (78, 77), (17, 17), (18, 18), (19, 19), (20, 20), (21, 21), (22, 22), (23, 23), (24, 24), (25, 25), (26, 26), (27, 27), (28, 28), (29, 29), (30, 30), (31, 31), (32, 75), (77, 42), (33, 33), (34, 34), (35, 35), (36, 36), (37, 37), (38, 38), (39, 39), (40, 40), (41, 41), (76, 71), (42, 79), (43, 43), (44, 44), (45, 45), (46, 46), (47, 47), (48, 48), (49, 49), (50, 50), (51, 51), (52, 52), (53, 53), (54, 54), (55, 55), (56, 56), (57, 57), (58, 58), (75, 76), (59, 59), (60, 60), (61, 61), (62, 62), (63, 63), (64, 64), (65, 65), (66, 66), (67, 67), (68, 68), (69, 69), (70, 70), (71, 0), (74, 73), (72, 78), (73, 32)]
index list: [72, 1, 2, 3, 4, 5, 6, 7, 8, 9, 10, 11, 12, 13, 74, 14, 15, 16, 77, 17, 18, 19, 20, 21, 22, 23, 24, 25, 26, 27, 28, 29, 30, 31, 75, 42, 33, 34, 35, 36, 37, 38, 39, 40, 41, 71, 79, 43, 44, 45, 46, 47, 48, 49, 50, 51, 52, 53, 54, 55, 56, 57, 58, 76, 59, 60, 61, 62, 63, 64, 65, 66, 67, 68, 69, 70, 0, 73, 78, 32]
index list energy: 125858.93272799821
Done


iterations: 10000000 temp: 1000000.0 exponent: 0.7 eif: 300.0
time taken (sec): 822.5300130844116
number of iterations: 10000000
og index list: [(0, 1), (1, 7), (2, 62), (3, 44), (4, 74), (5, 57), (6, 2), (7, 33), (8, 53), (9, 69), (10, 31), (11, 66), (12, 77), (13, 52), (79, 30), (14, 63), (15, 11), (16, 68), (78, 21), (17, 76), (18, 17), (19, 8), (20, 25), (21, 79), (22, 64), (23, 48), (24, 23), (25, 13), (26, 42), (27, 14), (28, 29), (29, 54), (30, 72), (31, 67), (32, 36), (77, 37), (33, 12), (34, 5), (35, 55), (36, 51), (37, 10), (38, 58), (39, 22), (40, 32), (41, 71), (76, 39), (42, 70), (43, 4), (44, 16), (45, 56), (46, 35), (47, 73), (48, 24), (49, 20), (50, 43), (51, 18), (52, 41), (53, 75), (54, 15), (55, 40), (56, 28), (57, 78), (58, 45), (75, 6), (59, 46), (60, 3), (61, 26), (62, 0), (63, 65), (64, 38), (65, 19), (66, 49), (67, 34), (68, 47), (69, 61), (70, 59), (71, 50), (74, 27), (72, 60), (73, 9)]
og index list energy: 106505402.0018913
index_list: [(0, 0), (1, 1), (2, 2), (3, 3), (4, 4), (5, 5), (6, 6), (7, 7), (8, 8), (9, 9), (10, 10), (11, 11), (12, 12), (13, 13), (79, 49), (14, 14), (15, 15), (16, 16), (78, 79), (17, 17), (18, 18), (19, 19), (20, 20), (21, 21), (22, 22), (23, 23), (24, 24), (25, 25), (26, 26), (27, 27), (28, 28), (29, 29), (30, 30), (31, 31), (32, 32), (77, 74), (33, 33), (34, 34), (35, 35), (36, 36), (37, 37), (38, 38), (39, 39), (40, 40), (41, 41), (76, 71), (42, 77), (43, 43), (44, 44), (45, 45), (46, 46), (47, 47), (48, 48), (49, 78), (50, 50), (51, 51), (52, 52), (53, 53), (54, 54), (55, 55), (56, 56), (57, 57), (58, 58), (75, 76), (59, 59), (60, 60), (61, 61), (62, 62), (63, 63), (64, 64), (65, 65), (66, 66), (67, 67), (68, 68), (69, 69), (70, 70), (71, 75), (74, 42), (72, 72), (73, 73)]
index list: [0, 1, 2, 3, 4, 5, 6, 7, 8, 9, 10, 11, 12, 13, 49, 14, 15, 16, 79, 17, 18, 19, 20, 21, 22, 23, 24, 25, 26, 27, 28, 29, 30, 31, 32, 74, 33, 34, 35, 36, 37, 38, 39, 40, 41, 71, 77, 43, 44, 45, 46, 47, 48, 78, 50, 51, 52, 53, 54, 55, 56, 57, 58, 76, 59, 60, 61, 62, 63, 64, 65, 66, 67, 68, 69, 70, 75, 42, 72, 73]
index list energy: 108070.45780373304
Done


iterations: 10000000 temp: 1000000.0 exponent: 0.7 eif: 300.0
time taken (sec): 761.755131483078
number of iterations: 10000000
og index list: [(0, 53), (1, 61), (2, 16), (3, 8), (4, 47), (5, 57), (6, 37), (7, 72), (8, 26), (9, 59), (10, 27), (11, 28), (12, 31), (13, 17), (79, 43), (14, 64), (15, 42), (16, 73), (78, 77), (17, 78), (18, 29), (19, 40), (20, 25), (21, 11), (22, 71), (23, 13), (24, 10), (25, 15), (26, 44), (27, 21), (28, 14), (29, 35), (30, 68), (31, 46), (32, 5), (77, 20), (33, 67), (34, 6), (35, 50), (36, 63), (37, 79), (38, 76), (39, 39), (40, 48), (41, 62), (76, 38), (42, 1), (43, 36), (44, 9), (45, 24), (46, 4), (47, 58), (48, 56), (49, 69), (50, 2), (51, 33), (52, 66), (53, 0), (54, 22), (55, 60), (56, 23), (57, 75), (58, 51), (75, 74), (59, 52), (60, 19), (61, 70), (62, 3), (63, 7), (64, 54), (65, 45), (66, 18), (67, 12), (68, 49), (69, 30), (70, 41), (71, 65), (74, 32), (72, 55), (73, 34)]
og index list energy: 132455168.45659858
index_list: [(0, 43), (1, 1), (2, 2), (3, 3), (4, 4), (5, 5), (6, 6), (7, 7), (8, 8), (9, 9), (10, 10), (11, 11), (12, 12), (13, 13), (79, 32), (14, 76), (15, 72), (16, 73), (78, 49), (17, 17), (18, 18), (19, 19), (20, 20), (21, 21), (22, 22), (23, 23), (24, 24), (25, 25), (26, 26), (27, 27), (28, 28), (29, 29), (30, 30), (31, 31), (32, 79), (77, 42), (33, 33), (34, 34), (35, 35), (36, 36), (37, 37), (38, 38), (39, 74), (40, 14), (41, 75), (76, 47), (42, 39), (43, 40), (44, 44), (45, 45), (46, 16), (47, 77), (48, 48), (49, 0), (50, 50), (51, 51), (52, 52), (53, 53), (54, 54), (55, 55), (56, 56), (57, 57), (58, 58), (75, 78), (59, 59), (60, 60), (61, 61), (62, 62), (63, 63), (64, 64), (65, 65), (66, 66), (67, 67), (68, 68), (69, 69), (70, 70), (71, 71), (74, 15), (72, 46), (73, 41)]
index list: [43, 1, 2, 3, 4, 5, 6, 7, 8, 9, 10, 11, 12, 13, 32, 76, 72, 73, 49, 17, 18, 19, 20, 21, 22, 23, 24, 25, 26, 27, 28, 29, 30, 31, 79, 42, 33, 34, 35, 36, 37, 38, 74, 14, 75, 47, 39, 40, 44, 45, 16, 77, 48, 0, 50, 51, 52, 53, 54, 55, 56, 57, 58, 78, 59, 60, 61, 62, 63, 64, 65, 66, 67, 68, 69, 70, 71, 15, 46, 41]
index list energy: 196509.89823121892
Done


iterations: 10000000 temp: 1000000.0 exponent: 0.7 eif: 300.0
time taken (sec): 829.8470032215118
number of iterations: 10000000
og index list: [(0, 58), (1, 67), (2, 38), (3, 4), (4, 41), (5, 5), (6, 28), (7, 44), (8, 71), (9, 1), (10, 36), (11, 75), (12, 63), (13, 55), (79, 43), (14, 39), (15, 69), (16, 40), (78, 64), (17, 17), (18, 23), (19, 61), (20, 74), (21, 46), (22, 25), (23, 49), (24, 32), (25, 78), (26, 79), (27, 76), (28, 68), (29, 12), (30, 26), (31, 16), (32, 31), (77, 42), (33, 62), (34, 51), (35, 3), (36, 14), (37, 60), (38, 20), (39, 57), (40, 22), (41, 6), (76, 24), (42, 52), (43, 56), (44, 0), (45, 70), (46, 54), (47, 65), (48, 34), (49, 19), (50, 10), (51, 47), (52, 48), (53, 50), (54, 30), (55, 37), (56, 2), (57, 13), (58, 21), (75, 66), (59, 77), (60, 11), (61, 73), (62, 9), (63, 7), (64, 15), (65, 35), (66, 53), (67, 33), (68, 27), (69, 8), (70, 45), (71, 59), (74, 18), (72, 29), (73, 72)]
og index list energy: 86488751.74006288
index_list: [(0, 43), (1, 1), (2, 2), (3, 3), (4, 4), (5, 5), (6, 6), (7, 7), (8, 8), (9, 9), (10, 10), (11, 11), (12, 12), (13, 13), (79, 74), (14, 14), (15, 15), (16, 16), (78, 76), (17, 17), (18, 18), (19, 19), (20, 20), (21, 21), (22, 22), (23, 23), (24, 24), (25, 25), (26, 26), (27, 27), (28, 28), (29, 29), (30, 30), (31, 31), (32, 32), (77, 49), (33, 33), (34, 34), (35, 35), (36, 36), (37, 37), (38, 38), (39, 39), (40, 79), (41, 42), (76, 72), (42, 73), (43, 75), (44, 44), (45, 45), (46, 46), (47, 47), (48, 48), (49, 77), (50, 50), (51, 51), (52, 52), (53, 53), (54, 54), (55, 55), (56, 56), (57, 57), (58, 58), (75, 78), (59, 59), (60, 60), (61, 61), (62, 62), (63, 63), (64, 64), (65, 65), (66, 66), (67, 67), (68, 68), (69, 69), (70, 70), (71, 71), (74, 40), (72, 41), (73, 0)]
index list: [43, 1, 2, 3, 4, 5, 6, 7, 8, 9, 10, 11, 12, 13, 74, 14, 15, 16, 76, 17, 18, 19, 20, 21, 22, 23, 24, 25, 26, 27, 28, 29, 30, 31, 32, 49, 33, 34, 35, 36, 37, 38, 39, 79, 42, 72, 73, 75, 44, 45, 46, 47, 48, 77, 50, 51, 52, 53, 54, 55, 56, 57, 58, 78, 59, 60, 61, 62, 63, 64, 65, 66, 67, 68, 69, 70, 71, 40, 41, 0]
index list energy: 148841.05788017446
Done


iterations: 10000000 temp: 1000000.0 exponent: 0.7 eif: 300.0
time taken (sec): 850.0723333358765
number of iterations: 10000000
og index list: [(0, 17), (1, 47), (2, 76), (3, 67), (4, 10), (5, 49), (6, 70), (7, 65), (8, 78), (9, 44), (10, 27), (11, 62), (12, 68), (13, 38), (79, 19), (14, 26), (15, 8), (16, 31), (78, 16), (17, 77), (18, 71), (19, 1), (20, 20), (21, 75), (22, 46), (23, 2), (24, 22), (25, 24), (26, 40), (27, 72), (28, 61), (29, 63), (30, 25), (31, 55), (32, 60), (77, 52), (33, 64), (34, 45), (35, 6), (36, 69), (37, 74), (38, 5), (39, 30), (40, 48), (41, 39), (76, 51), (42, 18), (43, 54), (44, 79), (45, 42), (46, 37), (47, 36), (48, 41), (49, 56), (50, 57), (51, 59), (52, 29), (53, 3), (54, 32), (55, 23), (56, 13), (57, 21), (58, 43), (75, 50), (59, 7), (60, 66), (61, 28), (62, 35), (63, 58), (64, 4), (65, 11), (66, 15), (67, 9), (68, 53), (69, 33), (70, 12), (71, 14), (74, 0), (72, 73), (73, 34)]
og index list energy: 98587765.31945553
index_list: [(0, 0), (1, 1), (2, 2), (3, 3), (4, 4), (5, 5), (6, 6), (7, 7), (8, 8), (9, 9), (10, 10), (11, 11), (12, 12), (13, 13), (79, 75), (14, 14), (15, 15), (16, 16), (78, 74), (17, 17), (18, 18), (19, 19), (20, 20), (21, 21), (22, 22), (23, 23), (24, 24), (25, 25), (26, 26), (27, 27), (28, 28), (29, 29), (30, 30), (31, 31), (32, 32), (77, 78), (33, 33), (34, 34), (35, 35), (36, 36), (37, 37), (38, 38), (39, 39), (40, 40), (41, 41), (76, 79), (42, 42), (43, 43), (44, 44), (45, 45), (46, 46), (47, 47), (48, 48), (49, 77), (50, 50), (51, 51), (52, 52), (53, 53), (54, 54), (55, 55), (56, 56), (57, 57), (58, 58), (75, 49), (59, 59), (60, 60), (61, 61), (62, 62), (63, 63), (64, 64), (65, 65), (66, 66), (67, 67), (68, 68), (69, 69), (70, 70), (71, 71), (74, 76), (72, 72), (73, 73)]
index list: [0, 1, 2, 3, 4, 5, 6, 7, 8, 9, 10, 11, 12, 13, 75, 14, 15, 16, 74, 17, 18, 19, 20, 21, 22, 23, 24, 25, 26, 27, 28, 29, 30, 31, 32, 78, 33, 34, 35, 36, 37, 38, 39, 40, 41, 79, 42, 43, 44, 45, 46, 47, 48, 77, 50, 51, 52, 53, 54, 55, 56, 57, 58, 49, 59, 60, 61, 62, 63, 64, 65, 66, 67, 68, 69, 70, 71, 76, 72, 73]
index list energy: 98209.82393678775
Done


iterations: 10000000 temp: 1000000.0 exponent: 0.7 eif: 300.0
time taken (sec): 807.6441974639893
number of iterations: 10000000
og index list: [(0, 32), (1, 5), (2, 42), (3, 71), (4, 61), (5, 47), (6, 21), (7, 72), (8, 36), (9, 26), (10, 68), (11, 17), (12, 41), (13, 28), (79, 64), (14, 77), (15, 73), (16, 13), (78, 78), (17, 65), (18, 48), (19, 45), (20, 24), (21, 58), (22, 44), (23, 4), (24, 60), (25, 2), (26, 57), (27, 55), (28, 3), (29, 1), (30, 40), (31, 16), (32, 43), (77, 50), (33, 33), (34, 56), (35, 6), (36, 59), (37, 29), (38, 34), (39, 31), (40, 35), (41, 76), (76, 37), (42, 8), (43, 67), (44, 0), (45, 79), (46, 18), (47, 66), (48, 19), (49, 75), (50, 38), (51, 63), (52, 23), (53, 69), (54, 12), (55, 74), (56, 11), (57, 27), (58, 14), (75, 7), (59, 22), (60, 20), (61, 39), (62, 25), (63, 30), (64, 9), (65, 51), (66, 46), (67, 70), (68, 52), (69, 49), (70, 15), (71, 62), (74, 10), (72, 53), (73, 54)]
og index list energy: 103429791.14212918
index_list: [(0, 43), (1, 1), (2, 2), (3, 3), (4, 4), (5, 5), (6, 6), (7, 7), (8, 8), (9, 9), (10, 77), (11, 72), (12, 73), (13, 78), (79, 14), (14, 15), (15, 16), (16, 76), (78, 42), (17, 17), (18, 18), (19, 19), (20, 20), (21, 21), (22, 22), (23, 23), (24, 24), (25, 25), (26, 26), (27, 27), (28, 28), (29, 29), (30, 30), (31, 31), (32, 32), (77, 79), (33, 33), (34, 34), (35, 35), (36, 36), (37, 37), (38, 38), (39, 39), (40, 40), (41, 41), (76, 75), (42, 10), (43, 11), (44, 12), (45, 13), (46, 46), (47, 47), (48, 48), (49, 49), (50, 50), (51, 51), (52, 52), (53, 53), (54, 54), (55, 55), (56, 56), (57, 57), (58, 58), (75, 74), (59, 59), (60, 60), (61, 61), (62, 62), (63, 63), (64, 64), (65, 65), (66, 66), (67, 67), (68, 68), (69, 69), (70, 70), (71, 71), (74, 0), (72, 44), (73, 45)]
index list: [43, 1, 2, 3, 4, 5, 6, 7, 8, 9, 77, 72, 73, 78, 14, 15, 16, 76, 42, 17, 18, 19, 20, 21, 22, 23, 24, 25, 26, 27, 28, 29, 30, 31, 32, 79, 33, 34, 35, 36, 37, 38, 39, 40, 41, 75, 10, 11, 12, 13, 46, 47, 48, 49, 50, 51, 52, 53, 54, 55, 56, 57, 58, 74, 59, 60, 61, 62, 63, 64, 65, 66, 67, 68, 69, 70, 71, 0, 44, 45]
index list energy: 189279.6858927616
Done


iterations: 10000000 temp: 1000000.0 exponent: 0.7 eif: 300.0
time taken (sec): 456.8985025882721
number of iterations: 6688964
og index list: [(0, 47), (1, 17), (2, 16), (3, 42), (4, 54), (5, 76), (6, 59), (7, 8), (8, 64), (9, 0), (10, 29), (11, 24), (12, 69), (13, 52), (79, 45), (14, 66), (15, 55), (16, 53), (78, 10), (17, 75), (18, 25), (19, 62), (20, 14), (21, 6), (22, 23), (23, 5), (24, 27), (25, 58), (26, 67), (27, 4), (28, 21), (29, 74), (30, 61), (31, 41), (32, 19), (77, 1), (33, 77), (34, 50), (35, 73), (36, 57), (37, 49), (38, 78), (39, 33), (40, 37), (41, 71), (76, 48), (42, 36), (43, 65), (44, 60), (45, 40), (46, 44), (47, 3), (48, 38), (49, 43), (50, 68), (51, 34), (52, 31), (53, 2), (54, 32), (55, 26), (56, 35), (57, 46), (58, 63), (75, 56), (59, 9), (60, 18), (61, 30), (62, 51), (63, 39), (64, 72), (65, 15), (66, 12), (67, 20), (68, 70), (69, 79), (70, 22), (71, 11), (74, 7), (72, 28), (73, 13)]
og index list energy: 116828178.25949597
index_list: [(0, 72), (1, 1), (2, 2), (3, 77), (4, 14), (5, 5), (6, 6), (7, 7), (8, 8), (9, 9), (10, 10), (11, 11), (12, 12), (13, 13), (79, 16), (14, 79), (15, 43), (16, 3), (78, 78), (17, 17), (18, 18), (19, 19), (20, 20), (21, 21), (22, 22), (23, 23), (24, 24), (25, 25), (26, 26), (27, 27), (28, 28), (29, 29), (30, 30), (31, 31), (32, 75), (77, 42), (33, 33), (34, 34), (35, 35), (36, 36), (37, 37), (38, 38), (39, 39), (40, 40), (41, 41), (76, 0), (42, 73), (43, 74), (44, 44), (45, 45), (46, 46), (47, 47), (48, 48), (49, 76), (50, 50), (51, 51), (52, 52), (53, 53), (54, 54), (55, 55), (56, 56), (57, 57), (58, 58), (75, 49), (59, 59), (60, 60), (61, 61), (62, 62), (63, 63), (64, 64), (65, 65), (66, 66), (67, 67), (68, 68), (69, 69), (70, 70), (71, 71), (74, 4), (72, 15), (73, 32)]
index list: [72, 1, 2, 77, 14, 5, 6, 7, 8, 9, 10, 11, 12, 13, 16, 79, 43, 3, 78, 17, 18, 19, 20, 21, 22, 23, 24, 25, 26, 27, 28, 29, 30, 31, 75, 42, 33, 34, 35, 36, 37, 38, 39, 40, 41, 0, 73, 74, 44, 45, 46, 47, 48, 76, 50, 51, 52, 53, 54, 55, 56, 57, 58, 49, 59, 60, 61, 62, 63, 64, 65, 66, 67, 68, 69, 70, 71, 4, 15, 32]
index list energy: 152301.1173886196
Done


