## SLURM PROLOG ###############################################################
##    Job ID : 2089313
##  Job Name : HNCA_75
##  Nodelist : node1158
##      CPUs : 1
##  Mem/Node : 1024 MB
## Directory : /gpfs/data/nfawzi/skale/Fawzi_pycharm_project
##   Started : Fri Jan 18 23:38:12 EST 2019
###############################################################################
iterations: 10000000 temp: 1000000.0 exponent: 0.7 eif: 300.0
time taken (sec): 876.8508508205414
number of iterations: 10000000
og index list: [(0, 8), (1, 51), (2, 76), (3, 1), (4, 28), (5, 32), (6, 26), (7, 37), (8, 36), (9, 44), (10, 68), (11, 70), (12, 43), (13, 77), (79, 27), (14, 7), (15, 14), (16, 56), (78, 25), (17, 79), (18, 71), (19, 65), (20, 66), (21, 24), (22, 5), (23, 57), (24, 42), (25, 38), (26, 49), (27, 17), (28, 47), (29, 63), (30, 69), (31, 61), (32, 16), (77, 4), (33, 41), (34, 46), (35, 29), (36, 48), (37, 23), (38, 3), (39, 2), (40, 78), (41, 30), (76, 9), (42, 31), (43, 58), (44, 55), (45, 34), (46, 0), (47, 74), (48, 67), (49, 73), (50, 12), (51, 11), (52, 40), (53, 72), (54, 52), (55, 13), (56, 59), (57, 18), (58, 53), (75, 22), (59, 60), (60, 39), (61, 35), (62, 54), (63, 6), (64, 21), (65, 45), (66, 20), (67, 75), (68, 62), (69, 10), (70, 15), (71, 19), (74, 50), (72, 64), (73, 33)]
og index list energy: 88454963.75152287
index_list: [(0, 64), (1, 65), (2, 66), (3, 14), (4, 15), (5, 3), (6, 77), (7, 17), (8, 18), (9, 6), (10, 7), (11, 8), (12, 9), (13, 10), (79, 11), (14, 12), (15, 13), (16, 16), (78, 0), (17, 1), (18, 2), (19, 19), (20, 20), (21, 21), (22, 22), (23, 23), (24, 24), (25, 25), (26, 26), (27, 27), (28, 28), (29, 29), (30, 30), (31, 31), (32, 32), (77, 49), (33, 33), (34, 34), (35, 35), (36, 36), (37, 37), (38, 38), (39, 39), (40, 4), (41, 5), (76, 44), (42, 45), (43, 46), (44, 47), (45, 74), (46, 70), (47, 76), (48, 48), (49, 75), (50, 43), (51, 51), (52, 52), (53, 53), (54, 54), (55, 55), (56, 56), (57, 57), (58, 58), (75, 79), (59, 59), (60, 60), (61, 61), (62, 62), (63, 63), (64, 50), (65, 78), (66, 67), (67, 68), (68, 69), (69, 42), (70, 72), (71, 73), (74, 40), (72, 41), (73, 71)]
index list: [64, 65, 66, 14, 15, 3, 77, 17, 18, 6, 7, 8, 9, 10, 11, 12, 13, 16, 0, 1, 2, 19, 20, 21, 22, 23, 24, 25, 26, 27, 28, 29, 30, 31, 32, 49, 33, 34, 35, 36, 37, 38, 39, 4, 5, 44, 45, 46, 47, 74, 70, 76, 48, 75, 43, 51, 52, 53, 54, 55, 56, 57, 58, 79, 59, 60, 61, 62, 63, 50, 78, 67, 68, 69, 42, 72, 73, 40, 41, 71]
index list energy: 320786.0980056225
Done


iterations: 10000000 temp: 1000000.0 exponent: 0.7 eif: 300.0
time taken (sec): 1036.824145078659
number of iterations: 10000000
og index list: [(0, 56), (1, 20), (2, 33), (3, 36), (4, 62), (5, 0), (6, 76), (7, 35), (8, 55), (9, 61), (10, 72), (11, 2), (12, 37), (13, 39), (79, 44), (14, 4), (15, 40), (16, 16), (78, 22), (17, 3), (18, 6), (19, 26), (20, 27), (21, 18), (22, 74), (23, 43), (24, 45), (25, 52), (26, 5), (27, 1), (28, 66), (29, 46), (30, 23), (31, 47), (32, 25), (77, 38), (33, 68), (34, 10), (35, 30), (36, 53), (37, 7), (38, 63), (39, 9), (40, 42), (41, 24), (76, 60), (42, 21), (43, 78), (44, 41), (45, 79), (46, 29), (47, 57), (48, 75), (49, 49), (50, 19), (51, 64), (52, 70), (53, 11), (54, 59), (55, 71), (56, 28), (57, 15), (58, 77), (75, 31), (59, 8), (60, 50), (61, 73), (62, 65), (63, 14), (64, 32), (65, 48), (66, 69), (67, 13), (68, 34), (69, 67), (70, 12), (71, 58), (74, 54), (72, 51), (73, 17)]
og index list energy: 93340987.41892745
index_list: [(0, 0), (1, 1), (2, 2), (3, 3), (4, 4), (5, 5), (6, 6), (7, 7), (8, 8), (9, 9), (10, 10), (11, 11), (12, 12), (13, 13), (79, 79), (14, 14), (15, 15), (16, 16), (78, 74), (17, 17), (18, 18), (19, 19), (20, 20), (21, 21), (22, 22), (23, 23), (24, 24), (25, 25), (26, 26), (27, 27), (28, 28), (29, 29), (30, 30), (31, 31), (32, 32), (77, 77), (33, 33), (34, 34), (35, 35), (36, 36), (37, 37), (38, 38), (39, 39), (40, 40), (41, 41), (76, 75), (42, 42), (43, 43), (44, 44), (45, 45), (46, 46), (47, 47), (48, 48), (49, 49), (50, 50), (51, 51), (52, 52), (53, 53), (54, 54), (55, 55), (56, 56), (57, 57), (58, 58), (75, 76), (59, 59), (60, 60), (61, 61), (62, 62), (63, 63), (64, 64), (65, 65), (66, 66), (67, 67), (68, 68), (69, 69), (70, 70), (71, 71), (74, 78), (72, 72), (73, 73)]
index list: [0, 1, 2, 3, 4, 5, 6, 7, 8, 9, 10, 11, 12, 13, 79, 14, 15, 16, 74, 17, 18, 19, 20, 21, 22, 23, 24, 25, 26, 27, 28, 29, 30, 31, 32, 77, 33, 34, 35, 36, 37, 38, 39, 40, 41, 75, 42, 43, 44, 45, 46, 47, 48, 49, 50, 51, 52, 53, 54, 55, 56, 57, 58, 76, 59, 60, 61, 62, 63, 64, 65, 66, 67, 68, 69, 70, 71, 78, 72, 73]
index list energy: 97911.32412903158
Done


iterations: 10000000 temp: 1000000.0 exponent: 0.7 eif: 300.0
time taken (sec): 963.7485604286194
number of iterations: 10000000
og index list: [(0, 27), (1, 53), (2, 68), (3, 2), (4, 21), (5, 55), (6, 38), (7, 47), (8, 50), (9, 35), (10, 58), (11, 19), (12, 52), (13, 42), (79, 54), (14, 39), (15, 13), (16, 40), (78, 22), (17, 65), (18, 37), (19, 31), (20, 7), (21, 61), (22, 76), (23, 3), (24, 33), (25, 79), (26, 16), (27, 56), (28, 64), (29, 45), (30, 69), (31, 0), (32, 4), (77, 74), (33, 11), (34, 25), (35, 63), (36, 78), (37, 24), (38, 60), (39, 14), (40, 49), (41, 20), (76, 10), (42, 70), (43, 72), (44, 9), (45, 1), (46, 48), (47, 23), (48, 34), (49, 28), (50, 8), (51, 26), (52, 66), (53, 43), (54, 15), (55, 46), (56, 18), (57, 44), (58, 73), (75, 51), (59, 29), (60, 17), (61, 67), (62, 77), (63, 6), (64, 71), (65, 32), (66, 5), (67, 36), (68, 59), (69, 41), (70, 12), (71, 57), (74, 30), (72, 75), (73, 62)]
og index list energy: 131848170.11851376
index_list: [(0, 2), (1, 9), (2, 10), (3, 11), (4, 12), (5, 13), (6, 6), (7, 7), (8, 8), (9, 77), (10, 72), (11, 73), (12, 0), (13, 1), (79, 74), (14, 14), (15, 15), (16, 16), (78, 75), (17, 17), (18, 18), (19, 19), (20, 20), (21, 21), (22, 22), (23, 23), (24, 24), (25, 25), (26, 26), (27, 27), (28, 28), (29, 29), (30, 30), (31, 31), (32, 32), (77, 76), (33, 33), (34, 34), (35, 35), (36, 36), (37, 37), (38, 38), (39, 39), (40, 40), (41, 41), (76, 49), (42, 42), (43, 43), (44, 44), (45, 45), (46, 46), (47, 47), (48, 48), (49, 79), (50, 50), (51, 51), (52, 52), (53, 53), (54, 54), (55, 55), (56, 56), (57, 57), (58, 58), (75, 78), (59, 59), (60, 60), (61, 61), (62, 62), (63, 63), (64, 64), (65, 65), (66, 66), (67, 67), (68, 68), (69, 69), (70, 70), (71, 71), (74, 4), (72, 5), (73, 3)]
index list: [2, 9, 10, 11, 12, 13, 6, 7, 8, 77, 72, 73, 0, 1, 74, 14, 15, 16, 75, 17, 18, 19, 20, 21, 22, 23, 24, 25, 26, 27, 28, 29, 30, 31, 32, 76, 33, 34, 35, 36, 37, 38, 39, 40, 41, 49, 42, 43, 44, 45, 46, 47, 48, 79, 50, 51, 52, 53, 54, 55, 56, 57, 58, 78, 59, 60, 61, 62, 63, 64, 65, 66, 67, 68, 69, 70, 71, 4, 5, 3]
index list energy: 178413.83739833746
Done


iterations: 10000000 temp: 1000000.0 exponent: 0.7 eif: 300.0
time taken (sec): 961.3643214702606
number of iterations: 10000000
og index list: [(0, 2), (1, 77), (2, 17), (3, 25), (4, 78), (5, 55), (6, 39), (7, 4), (8, 54), (9, 64), (10, 56), (11, 32), (12, 63), (13, 20), (79, 6), (14, 57), (15, 16), (16, 59), (78, 75), (17, 42), (18, 9), (19, 62), (20, 35), (21, 26), (22, 48), (23, 61), (24, 76), (25, 72), (26, 5), (27, 30), (28, 12), (29, 8), (30, 37), (31, 66), (32, 28), (77, 31), (33, 51), (34, 40), (35, 7), (36, 34), (37, 50), (38, 79), (39, 1), (40, 27), (41, 58), (76, 10), (42, 68), (43, 36), (44, 65), (45, 43), (46, 74), (47, 38), (48, 19), (49, 23), (50, 3), (51, 47), (52, 67), (53, 71), (54, 13), (55, 60), (56, 69), (57, 52), (58, 44), (75, 0), (59, 29), (60, 18), (61, 73), (62, 46), (63, 11), (64, 24), (65, 33), (66, 22), (67, 49), (68, 45), (69, 15), (70, 70), (71, 21), (74, 53), (72, 41), (73, 14)]
og index list energy: 87393910.7046737
index_list: [(0, 0), (1, 1), (2, 2), (3, 3), (4, 4), (5, 5), (6, 6), (7, 7), (8, 8), (9, 9), (10, 10), (11, 11), (12, 12), (13, 13), (79, 16), (14, 79), (15, 72), (16, 73), (78, 77), (17, 17), (18, 18), (19, 19), (20, 20), (21, 21), (22, 22), (23, 23), (24, 24), (25, 25), (26, 26), (27, 27), (28, 28), (29, 29), (30, 30), (31, 31), (32, 32), (77, 49), (33, 33), (34, 34), (35, 35), (36, 36), (37, 37), (38, 38), (39, 39), (40, 40), (41, 41), (76, 78), (42, 42), (43, 43), (44, 44), (45, 45), (46, 46), (47, 47), (48, 48), (49, 75), (50, 50), (51, 51), (52, 52), (53, 53), (54, 54), (55, 55), (56, 56), (57, 57), (58, 58), (75, 76), (59, 59), (60, 60), (61, 61), (62, 62), (63, 63), (64, 64), (65, 65), (66, 66), (67, 67), (68, 68), (69, 69), (70, 70), (71, 71), (74, 74), (72, 14), (73, 15)]
index list: [0, 1, 2, 3, 4, 5, 6, 7, 8, 9, 10, 11, 12, 13, 16, 79, 72, 73, 77, 17, 18, 19, 20, 21, 22, 23, 24, 25, 26, 27, 28, 29, 30, 31, 32, 49, 33, 34, 35, 36, 37, 38, 39, 40, 41, 78, 42, 43, 44, 45, 46, 47, 48, 75, 50, 51, 52, 53, 54, 55, 56, 57, 58, 76, 59, 60, 61, 62, 63, 64, 65, 66, 67, 68, 69, 70, 71, 74, 14, 15]
index list energy: 128197.06509037674
Done


iterations: 10000000 temp: 1000000.0 exponent: 0.7 eif: 300.0
time taken (sec): 956.6101756095886
number of iterations: 10000000
og index list: [(0, 19), (1, 55), (2, 14), (3, 57), (4, 0), (5, 30), (6, 75), (7, 52), (8, 71), (9, 36), (10, 31), (11, 50), (12, 40), (13, 17), (79, 29), (14, 41), (15, 58), (16, 33), (78, 65), (17, 15), (18, 6), (19, 3), (20, 37), (21, 44), (22, 43), (23, 22), (24, 51), (25, 46), (26, 21), (27, 8), (28, 20), (29, 74), (30, 62), (31, 53), (32, 9), (77, 34), (33, 66), (34, 13), (35, 23), (36, 18), (37, 38), (38, 10), (39, 2), (40, 5), (41, 54), (76, 1), (42, 42), (43, 73), (44, 16), (45, 48), (46, 64), (47, 59), (48, 27), (49, 4), (50, 12), (51, 78), (52, 56), (53, 68), (54, 49), (55, 45), (56, 70), (57, 7), (58, 11), (75, 67), (59, 79), (60, 69), (61, 61), (62, 77), (63, 35), (64, 60), (65, 28), (66, 39), (67, 63), (68, 24), (69, 76), (70, 47), (71, 25), (74, 26), (72, 72), (73, 32)]
og index list energy: 140161788.2383041
index_list: [(0, 72), (1, 1), (2, 2), (3, 0), (4, 73), (5, 75), (6, 6), (7, 7), (8, 8), (9, 9), (10, 10), (11, 11), (12, 12), (13, 13), (79, 78), (14, 14), (15, 15), (16, 16), (78, 49), (17, 17), (18, 18), (19, 19), (20, 20), (21, 21), (22, 22), (23, 23), (24, 24), (25, 25), (26, 26), (27, 27), (28, 28), (29, 29), (30, 30), (31, 31), (32, 32), (77, 79), (33, 33), (34, 34), (35, 35), (36, 36), (37, 37), (38, 38), (39, 39), (40, 40), (41, 41), (76, 77), (42, 42), (43, 43), (44, 44), (45, 45), (46, 46), (47, 47), (48, 48), (49, 74), (50, 50), (51, 51), (52, 52), (53, 53), (54, 54), (55, 55), (56, 56), (57, 57), (58, 58), (75, 76), (59, 59), (60, 60), (61, 61), (62, 62), (63, 63), (64, 64), (65, 65), (66, 66), (67, 67), (68, 68), (69, 69), (70, 70), (71, 71), (74, 4), (72, 5), (73, 3)]
index list: [72, 1, 2, 0, 73, 75, 6, 7, 8, 9, 10, 11, 12, 13, 78, 14, 15, 16, 49, 17, 18, 19, 20, 21, 22, 23, 24, 25, 26, 27, 28, 29, 30, 31, 32, 79, 33, 34, 35, 36, 37, 38, 39, 40, 41, 77, 42, 43, 44, 45, 46, 47, 48, 74, 50, 51, 52, 53, 54, 55, 56, 57, 58, 76, 59, 60, 61, 62, 63, 64, 65, 66, 67, 68, 69, 70, 71, 4, 5, 3]
index list energy: 121336.90490276847
Done


iterations: 10000000 temp: 1000000.0 exponent: 0.7 eif: 300.0
time taken (sec): 889.6277370452881
number of iterations: 10000000
og index list: [(0, 67), (1, 17), (2, 36), (3, 10), (4, 1), (5, 35), (6, 49), (7, 23), (8, 64), (9, 53), (10, 57), (11, 60), (12, 54), (13, 33), (79, 40), (14, 38), (15, 41), (16, 19), (78, 71), (17, 44), (18, 4), (19, 51), (20, 14), (21, 48), (22, 74), (23, 58), (24, 65), (25, 62), (26, 69), (27, 34), (28, 75), (29, 79), (30, 73), (31, 12), (32, 47), (77, 11), (33, 31), (34, 76), (35, 42), (36, 29), (37, 72), (38, 46), (39, 59), (40, 37), (41, 8), (76, 13), (42, 32), (43, 25), (44, 22), (45, 66), (46, 6), (47, 78), (48, 50), (49, 30), (50, 18), (51, 15), (52, 3), (53, 5), (54, 7), (55, 26), (56, 0), (57, 61), (58, 55), (75, 9), (59, 28), (60, 63), (61, 52), (62, 39), (63, 27), (64, 24), (65, 56), (66, 77), (67, 70), (68, 16), (69, 43), (70, 2), (71, 68), (74, 21), (72, 45), (73, 20)]
og index list energy: 124230540.08072738
index_list: [(0, 8), (1, 51), (2, 0), (3, 73), (4, 74), (5, 69), (6, 72), (7, 1), (8, 2), (9, 6), (10, 7), (11, 77), (12, 14), (13, 5), (79, 3), (14, 4), (15, 15), (16, 16), (78, 79), (17, 17), (18, 18), (19, 19), (20, 20), (21, 21), (22, 22), (23, 23), (24, 24), (25, 25), (26, 26), (27, 27), (28, 28), (29, 29), (30, 30), (31, 31), (32, 32), (77, 49), (33, 33), (34, 34), (35, 35), (36, 36), (37, 37), (38, 38), (39, 39), (40, 40), (41, 44), (76, 45), (42, 9), (43, 10), (44, 76), (45, 42), (46, 43), (47, 47), (48, 48), (49, 75), (50, 70), (51, 71), (52, 52), (53, 53), (54, 54), (55, 55), (56, 56), (57, 57), (58, 58), (75, 78), (59, 59), (60, 60), (61, 61), (62, 62), (63, 63), (64, 64), (65, 65), (66, 66), (67, 67), (68, 68), (69, 50), (70, 11), (71, 12), (74, 13), (72, 46), (73, 41)]
index list: [8, 51, 0, 73, 74, 69, 72, 1, 2, 6, 7, 77, 14, 5, 3, 4, 15, 16, 79, 17, 18, 19, 20, 21, 22, 23, 24, 25, 26, 27, 28, 29, 30, 31, 32, 49, 33, 34, 35, 36, 37, 38, 39, 40, 44, 45, 9, 10, 76, 42, 43, 47, 48, 75, 70, 71, 52, 53, 54, 55, 56, 57, 58, 78, 59, 60, 61, 62, 63, 64, 65, 66, 67, 68, 50, 11, 12, 13, 46, 41]
index list energy: 357268.69696125586
Done


iterations: 10000000 temp: 1000000.0 exponent: 0.7 eif: 300.0
time taken (sec): 973.209130525589
number of iterations: 10000000
og index list: [(0, 42), (1, 53), (2, 55), (3, 51), (4, 54), (5, 23), (6, 67), (7, 61), (8, 73), (9, 29), (10, 16), (11, 6), (12, 21), (13, 74), (79, 79), (14, 1), (15, 37), (16, 48), (78, 56), (17, 75), (18, 30), (19, 69), (20, 46), (21, 24), (22, 50), (23, 43), (24, 31), (25, 8), (26, 15), (27, 25), (28, 7), (29, 12), (30, 63), (31, 76), (32, 44), (77, 59), (33, 65), (34, 33), (35, 45), (36, 60), (37, 20), (38, 34), (39, 64), (40, 3), (41, 38), (76, 27), (42, 2), (43, 68), (44, 19), (45, 13), (46, 52), (47, 28), (48, 49), (49, 36), (50, 32), (51, 35), (52, 47), (53, 10), (54, 41), (55, 18), (56, 70), (57, 17), (58, 58), (75, 78), (59, 9), (60, 5), (61, 77), (62, 26), (63, 22), (64, 57), (65, 11), (66, 0), (67, 66), (68, 39), (69, 71), (70, 72), (71, 4), (74, 14), (72, 40), (73, 62)]
og index list energy: 97146924.97420126
index_list: [(0, 72), (1, 1), (2, 2), (3, 3), (4, 4), (5, 5), (6, 6), (7, 7), (8, 8), (9, 9), (10, 10), (11, 11), (12, 12), (13, 13), (79, 74), (14, 14), (15, 15), (16, 16), (78, 77), (17, 17), (18, 18), (19, 19), (20, 20), (21, 21), (22, 22), (23, 23), (24, 24), (25, 25), (26, 26), (27, 27), (28, 28), (29, 29), (30, 30), (31, 31), (32, 32), (77, 76), (33, 33), (34, 34), (35, 35), (36, 36), (37, 37), (38, 38), (39, 39), (40, 40), (41, 41), (76, 0), (42, 73), (43, 78), (44, 44), (45, 45), (46, 46), (47, 47), (48, 48), (49, 75), (50, 50), (51, 51), (52, 52), (53, 53), (54, 54), (55, 55), (56, 56), (57, 57), (58, 58), (75, 79), (59, 59), (60, 60), (61, 61), (62, 62), (63, 63), (64, 64), (65, 65), (66, 66), (67, 67), (68, 68), (69, 69), (70, 70), (71, 71), (74, 49), (72, 42), (73, 43)]
index list: [72, 1, 2, 3, 4, 5, 6, 7, 8, 9, 10, 11, 12, 13, 74, 14, 15, 16, 77, 17, 18, 19, 20, 21, 22, 23, 24, 25, 26, 27, 28, 29, 30, 31, 32, 76, 33, 34, 35, 36, 37, 38, 39, 40, 41, 0, 73, 78, 44, 45, 46, 47, 48, 75, 50, 51, 52, 53, 54, 55, 56, 57, 58, 79, 59, 60, 61, 62, 63, 64, 65, 66, 67, 68, 69, 70, 71, 49, 42, 43]
index list energy: 116896.14165151541
Done


iterations: 10000000 temp: 1000000.0 exponent: 0.7 eif: 300.0
time taken (sec): 972.4582946300507
number of iterations: 10000000
og index list: [(0, 12), (1, 64), (2, 28), (3, 37), (4, 79), (5, 39), (6, 52), (7, 7), (8, 14), (9, 26), (10, 51), (11, 66), (12, 73), (13, 11), (79, 2), (14, 20), (15, 47), (16, 72), (78, 57), (17, 65), (18, 30), (19, 50), (20, 67), (21, 1), (22, 5), (23, 29), (24, 9), (25, 15), (26, 21), (27, 36), (28, 60), (29, 40), (30, 27), (31, 58), (32, 44), (77, 76), (33, 4), (34, 41), (35, 43), (36, 0), (37, 3), (38, 16), (39, 6), (40, 75), (41, 42), (76, 68), (42, 18), (43, 74), (44, 22), (45, 46), (46, 19), (47, 69), (48, 13), (49, 55), (50, 78), (51, 45), (52, 24), (53, 25), (54, 48), (55, 38), (56, 59), (57, 23), (58, 35), (75, 34), (59, 71), (60, 32), (61, 53), (62, 54), (63, 63), (64, 62), (65, 56), (66, 49), (67, 70), (68, 77), (69, 33), (70, 8), (71, 17), (74, 10), (72, 61), (73, 31)]
og index list energy: 109572992.24793929
index_list: [(0, 0), (1, 1), (2, 2), (3, 75), (4, 14), (5, 5), (6, 6), (7, 7), (8, 8), (9, 9), (10, 10), (11, 11), (12, 12), (13, 13), (79, 16), (14, 78), (15, 72), (16, 73), (78, 49), (17, 17), (18, 18), (19, 19), (20, 20), (21, 21), (22, 22), (23, 23), (24, 24), (25, 25), (26, 26), (27, 27), (28, 28), (29, 29), (30, 30), (31, 31), (32, 32), (77, 74), (33, 33), (34, 34), (35, 35), (36, 36), (37, 37), (38, 38), (39, 39), (40, 40), (41, 41), (76, 79), (42, 42), (43, 43), (44, 44), (45, 45), (46, 46), (47, 47), (48, 48), (49, 76), (50, 50), (51, 51), (52, 52), (53, 53), (54, 54), (55, 55), (56, 56), (57, 57), (58, 58), (75, 77), (59, 59), (60, 60), (61, 61), (62, 62), (63, 63), (64, 64), (65, 65), (66, 66), (67, 67), (68, 68), (69, 69), (70, 70), (71, 71), (74, 4), (72, 15), (73, 3)]
index list: [0, 1, 2, 75, 14, 5, 6, 7, 8, 9, 10, 11, 12, 13, 16, 78, 72, 73, 49, 17, 18, 19, 20, 21, 22, 23, 24, 25, 26, 27, 28, 29, 30, 31, 32, 74, 33, 34, 35, 36, 37, 38, 39, 40, 41, 79, 42, 43, 44, 45, 46, 47, 48, 76, 50, 51, 52, 53, 54, 55, 56, 57, 58, 77, 59, 60, 61, 62, 63, 64, 65, 66, 67, 68, 69, 70, 71, 4, 15, 3]
index list energy: 129341.60004846798
Done


iterations: 10000000 temp: 1000000.0 exponent: 0.7 eif: 300.0
time taken (sec): 994.6104118824005
number of iterations: 10000000
og index list: [(0, 19), (1, 16), (2, 57), (3, 14), (4, 78), (5, 64), (6, 53), (7, 48), (8, 56), (9, 0), (10, 25), (11, 18), (12, 6), (13, 77), (79, 32), (14, 40), (15, 22), (16, 24), (78, 43), (17, 42), (18, 30), (19, 28), (20, 44), (21, 20), (22, 55), (23, 71), (24, 36), (25, 73), (26, 59), (27, 61), (28, 35), (29, 10), (30, 74), (31, 65), (32, 54), (77, 37), (33, 23), (34, 52), (35, 66), (36, 33), (37, 70), (38, 9), (39, 39), (40, 2), (41, 75), (76, 76), (42, 69), (43, 11), (44, 63), (45, 13), (46, 31), (47, 41), (48, 68), (49, 47), (50, 58), (51, 17), (52, 4), (53, 5), (54, 51), (55, 34), (56, 72), (57, 50), (58, 79), (75, 15), (59, 67), (60, 26), (61, 49), (62, 45), (63, 38), (64, 12), (65, 46), (66, 60), (67, 3), (68, 62), (69, 8), (70, 7), (71, 27), (74, 21), (72, 29), (73, 1)]
og index list energy: 100507560.53870392
index_list: [(0, 0), (1, 1), (2, 2), (3, 3), (4, 4), (5, 5), (6, 6), (7, 7), (8, 8), (9, 9), (10, 10), (11, 11), (12, 12), (13, 13), (79, 78), (14, 14), (15, 15), (16, 16), (78, 75), (17, 17), (18, 18), (19, 19), (20, 20), (21, 21), (22, 22), (23, 23), (24, 24), (25, 25), (26, 26), (27, 27), (28, 28), (29, 29), (30, 30), (31, 31), (32, 32), (77, 79), (33, 33), (34, 34), (35, 35), (36, 36), (37, 37), (38, 38), (39, 39), (40, 40), (41, 41), (76, 74), (42, 42), (43, 43), (44, 44), (45, 45), (46, 46), (47, 47), (48, 48), (49, 76), (50, 50), (51, 51), (52, 52), (53, 53), (54, 54), (55, 55), (56, 56), (57, 57), (58, 58), (75, 49), (59, 59), (60, 60), (61, 61), (62, 62), (63, 63), (64, 64), (65, 65), (66, 66), (67, 67), (68, 68), (69, 69), (70, 70), (71, 71), (74, 77), (72, 72), (73, 73)]
index list: [0, 1, 2, 3, 4, 5, 6, 7, 8, 9, 10, 11, 12, 13, 78, 14, 15, 16, 75, 17, 18, 19, 20, 21, 22, 23, 24, 25, 26, 27, 28, 29, 30, 31, 32, 79, 33, 34, 35, 36, 37, 38, 39, 40, 41, 74, 42, 43, 44, 45, 46, 47, 48, 76, 50, 51, 52, 53, 54, 55, 56, 57, 58, 49, 59, 60, 61, 62, 63, 64, 65, 66, 67, 68, 69, 70, 71, 77, 72, 73]
index list energy: 98209.82393678775
Done


iterations: 10000000 temp: 1000000.0 exponent: 0.7 eif: 300.0
time taken (sec): 999.8583149909973
number of iterations: 10000000
og index list: [(0, 31), (1, 6), (2, 34), (3, 50), (4, 41), (5, 35), (6, 67), (7, 8), (8, 4), (9, 36), (10, 55), (11, 74), (12, 17), (13, 18), (79, 43), (14, 75), (15, 64), (16, 56), (78, 32), (17, 39), (18, 11), (19, 70), (20, 48), (21, 23), (22, 20), (23, 58), (24, 27), (25, 65), (26, 38), (27, 28), (28, 30), (29, 10), (30, 16), (31, 26), (32, 72), (77, 25), (33, 62), (34, 73), (35, 42), (36, 69), (37, 24), (38, 12), (39, 76), (40, 61), (41, 53), (76, 49), (42, 59), (43, 52), (44, 14), (45, 33), (46, 46), (47, 22), (48, 15), (49, 7), (50, 19), (51, 66), (52, 40), (53, 21), (54, 0), (55, 68), (56, 9), (57, 71), (58, 3), (75, 2), (59, 1), (60, 5), (61, 60), (62, 29), (63, 13), (64, 57), (65, 44), (66, 79), (67, 63), (68, 51), (69, 77), (70, 45), (71, 54), (74, 37), (72, 78), (73, 47)]
og index list energy: 112340571.2219462
index_list: [(0, 0), (1, 1), (2, 2), (3, 3), (4, 4), (5, 5), (6, 6), (7, 7), (8, 8), (9, 9), (10, 10), (11, 11), (12, 12), (13, 13), (79, 77), (14, 14), (15, 15), (16, 16), (78, 75), (17, 17), (18, 18), (19, 19), (20, 20), (21, 21), (22, 22), (23, 23), (24, 24), (25, 25), (26, 26), (27, 27), (28, 28), (29, 29), (30, 30), (31, 31), (32, 32), (77, 79), (33, 33), (34, 34), (35, 35), (36, 36), (37, 37), (38, 38), (39, 39), (40, 40), (41, 41), (76, 74), (42, 42), (43, 43), (44, 44), (45, 45), (46, 46), (47, 47), (48, 48), (49, 78), (50, 50), (51, 51), (52, 52), (53, 53), (54, 54), (55, 55), (56, 56), (57, 57), (58, 58), (75, 76), (59, 59), (60, 60), (61, 61), (62, 62), (63, 63), (64, 64), (65, 65), (66, 66), (67, 67), (68, 68), (69, 69), (70, 70), (71, 71), (74, 49), (72, 72), (73, 73)]
index list: [0, 1, 2, 3, 4, 5, 6, 7, 8, 9, 10, 11, 12, 13, 77, 14, 15, 16, 75, 17, 18, 19, 20, 21, 22, 23, 24, 25, 26, 27, 28, 29, 30, 31, 32, 79, 33, 34, 35, 36, 37, 38, 39, 40, 41, 74, 42, 43, 44, 45, 46, 47, 48, 78, 50, 51, 52, 53, 54, 55, 56, 57, 58, 76, 59, 60, 61, 62, 63, 64, 65, 66, 67, 68, 69, 70, 71, 49, 72, 73]
index list energy: 98209.82393678775
Done


iterations: 10000000 temp: 1000000.0 exponent: 0.7 eif: 300.0
time taken (sec): 973.8879742622375
number of iterations: 10000000
og index list: [(0, 68), (1, 40), (2, 27), (3, 75), (4, 61), (5, 18), (6, 36), (7, 13), (8, 63), (9, 71), (10, 15), (11, 38), (12, 28), (13, 0), (79, 39), (14, 34), (15, 4), (16, 8), (78, 21), (17, 19), (18, 32), (19, 55), (20, 20), (21, 54), (22, 42), (23, 30), (24, 26), (25, 76), (26, 3), (27, 73), (28, 50), (29, 70), (30, 64), (31, 10), (32, 23), (77, 59), (33, 52), (34, 2), (35, 69), (36, 25), (37, 49), (38, 12), (39, 22), (40, 60), (41, 17), (76, 29), (42, 65), (43, 72), (44, 46), (45, 35), (46, 79), (47, 62), (48, 1), (49, 56), (50, 44), (51, 66), (52, 45), (53, 47), (54, 14), (55, 67), (56, 77), (57, 48), (58, 37), (75, 53), (59, 31), (60, 43), (61, 24), (62, 78), (63, 74), (64, 16), (65, 33), (66, 41), (67, 11), (68, 7), (69, 57), (70, 5), (71, 9), (74, 58), (72, 51), (73, 6)]
og index list energy: 105281009.21151975
index_list: [(0, 72), (1, 1), (2, 2), (3, 3), (4, 4), (5, 5), (6, 6), (7, 7), (8, 8), (9, 9), (10, 10), (11, 11), (12, 12), (13, 13), (79, 75), (14, 14), (15, 15), (16, 16), (78, 74), (17, 17), (18, 18), (19, 19), (20, 20), (21, 21), (22, 22), (23, 23), (24, 24), (25, 25), (26, 26), (27, 27), (28, 28), (29, 29), (30, 30), (31, 31), (32, 32), (77, 49), (33, 33), (34, 34), (35, 35), (36, 36), (37, 37), (38, 38), (39, 39), (40, 40), (41, 41), (76, 0), (42, 44), (43, 45), (44, 46), (45, 47), (46, 58), (47, 76), (48, 48), (49, 78), (50, 50), (51, 51), (52, 52), (53, 53), (54, 54), (55, 55), (56, 56), (57, 57), (58, 73), (75, 77), (59, 59), (60, 60), (61, 61), (62, 62), (63, 63), (64, 64), (65, 65), (66, 66), (67, 67), (68, 68), (69, 69), (70, 70), (71, 71), (74, 79), (72, 42), (73, 43)]
index list: [72, 1, 2, 3, 4, 5, 6, 7, 8, 9, 10, 11, 12, 13, 75, 14, 15, 16, 74, 17, 18, 19, 20, 21, 22, 23, 24, 25, 26, 27, 28, 29, 30, 31, 32, 49, 33, 34, 35, 36, 37, 38, 39, 40, 41, 0, 44, 45, 46, 47, 58, 76, 48, 78, 50, 51, 52, 53, 54, 55, 56, 57, 73, 77, 59, 60, 61, 62, 63, 64, 65, 66, 67, 68, 69, 70, 71, 79, 42, 43]
index list energy: 158409.47199297417
Done


iterations: 10000000 temp: 1000000.0 exponent: 0.7 eif: 300.0
time taken (sec): 958.474127292633
number of iterations: 10000000
og index list: [(0, 61), (1, 10), (2, 76), (3, 62), (4, 67), (5, 17), (6, 9), (7, 77), (8, 5), (9, 25), (10, 24), (11, 51), (12, 18), (13, 11), (79, 59), (14, 15), (15, 56), (16, 21), (78, 42), (17, 39), (18, 74), (19, 22), (20, 71), (21, 78), (22, 30), (23, 33), (24, 49), (25, 7), (26, 55), (27, 63), (28, 68), (29, 36), (30, 20), (31, 44), (32, 2), (77, 8), (33, 28), (34, 29), (35, 45), (36, 47), (37, 57), (38, 32), (39, 75), (40, 58), (41, 70), (76, 31), (42, 19), (43, 3), (44, 27), (45, 37), (46, 43), (47, 50), (48, 14), (49, 41), (50, 6), (51, 72), (52, 0), (53, 53), (54, 1), (55, 79), (56, 46), (57, 54), (58, 16), (75, 69), (59, 52), (60, 48), (61, 26), (62, 12), (63, 34), (64, 66), (65, 64), (66, 40), (67, 73), (68, 38), (69, 60), (70, 4), (71, 13), (74, 23), (72, 65), (73, 35)]
og index list energy: 123333137.09382264
index_list: [(0, 46), (1, 1), (2, 2), (3, 3), (4, 4), (5, 5), (6, 6), (7, 7), (8, 8), (9, 9), (10, 10), (11, 11), (12, 12), (13, 13), (79, 47), (14, 39), (15, 40), (16, 41), (78, 75), (17, 17), (18, 18), (19, 19), (20, 20), (21, 21), (22, 22), (23, 23), (24, 24), (25, 25), (26, 26), (27, 27), (28, 28), (29, 29), (30, 30), (31, 31), (32, 32), (77, 49), (33, 48), (34, 34), (35, 35), (36, 36), (37, 37), (38, 38), (39, 74), (40, 43), (41, 44), (76, 45), (42, 16), (43, 78), (44, 72), (45, 73), (46, 79), (47, 42), (48, 33), (49, 0), (50, 50), (51, 51), (52, 52), (53, 53), (54, 54), (55, 55), (56, 56), (57, 57), (58, 58), (75, 76), (59, 59), (60, 60), (61, 61), (62, 62), (63, 63), (64, 64), (65, 65), (66, 66), (67, 67), (68, 68), (69, 69), (70, 70), (71, 71), (74, 77), (72, 14), (73, 15)]
index list: [46, 1, 2, 3, 4, 5, 6, 7, 8, 9, 10, 11, 12, 13, 47, 39, 40, 41, 75, 17, 18, 19, 20, 21, 22, 23, 24, 25, 26, 27, 28, 29, 30, 31, 32, 49, 48, 34, 35, 36, 37, 38, 74, 43, 44, 45, 16, 78, 72, 73, 79, 42, 33, 0, 50, 51, 52, 53, 54, 55, 56, 57, 58, 76, 59, 60, 61, 62, 63, 64, 65, 66, 67, 68, 69, 70, 71, 77, 14, 15]
index list energy: 228196.4162983028
Done


iterations: 10000000 temp: 1000000.0 exponent: 0.7 eif: 300.0
time taken (sec): 961.4625964164734
number of iterations: 10000000
og index list: [(0, 61), (1, 73), (2, 37), (3, 25), (4, 11), (5, 38), (6, 35), (7, 58), (8, 45), (9, 4), (10, 76), (11, 42), (12, 16), (13, 49), (79, 30), (14, 40), (15, 10), (16, 69), (78, 1), (17, 43), (18, 53), (19, 21), (20, 48), (21, 78), (22, 19), (23, 17), (24, 46), (25, 6), (26, 77), (27, 5), (28, 0), (29, 27), (30, 59), (31, 68), (32, 41), (77, 74), (33, 34), (34, 26), (35, 67), (36, 50), (37, 22), (38, 54), (39, 32), (40, 9), (41, 24), (76, 63), (42, 36), (43, 51), (44, 18), (45, 65), (46, 3), (47, 13), (48, 55), (49, 7), (50, 72), (51, 15), (52, 31), (53, 71), (54, 39), (55, 56), (56, 12), (57, 64), (58, 52), (75, 47), (59, 66), (60, 29), (61, 28), (62, 44), (63, 57), (64, 2), (65, 23), (66, 75), (67, 60), (68, 8), (69, 79), (70, 20), (71, 70), (74, 62), (72, 14), (73, 33)]
og index list energy: 129513083.9305042
index_list: [(0, 2), (1, 1), (2, 77), (3, 72), (4, 73), (5, 74), (6, 6), (7, 7), (8, 8), (9, 9), (10, 10), (11, 11), (12, 12), (13, 13), (79, 78), (14, 14), (15, 15), (16, 16), (78, 49), (17, 17), (18, 18), (19, 19), (20, 20), (21, 21), (22, 22), (23, 23), (24, 24), (25, 25), (26, 26), (27, 27), (28, 28), (29, 29), (30, 30), (31, 31), (32, 32), (77, 76), (33, 33), (34, 34), (35, 35), (36, 36), (37, 37), (38, 38), (39, 39), (40, 40), (41, 41), (76, 79), (42, 42), (43, 43), (44, 44), (45, 45), (46, 46), (47, 47), (48, 48), (49, 0), (50, 50), (51, 51), (52, 52), (53, 53), (54, 54), (55, 55), (56, 56), (57, 57), (58, 58), (75, 75), (59, 59), (60, 60), (61, 61), (62, 62), (63, 63), (64, 64), (65, 65), (66, 66), (67, 67), (68, 68), (69, 69), (70, 70), (71, 71), (74, 4), (72, 5), (73, 3)]
index list: [2, 1, 77, 72, 73, 74, 6, 7, 8, 9, 10, 11, 12, 13, 78, 14, 15, 16, 49, 17, 18, 19, 20, 21, 22, 23, 24, 25, 26, 27, 28, 29, 30, 31, 32, 76, 33, 34, 35, 36, 37, 38, 39, 40, 41, 79, 42, 43, 44, 45, 46, 47, 48, 0, 50, 51, 52, 53, 54, 55, 56, 57, 58, 75, 59, 60, 61, 62, 63, 64, 65, 66, 67, 68, 69, 70, 71, 4, 5, 3]
index list energy: 141223.9935198716
Done


iterations: 10000000 temp: 1000000.0 exponent: 0.7 eif: 300.0
time taken (sec): 952.14240026474
number of iterations: 10000000
og index list: [(0, 44), (1, 70), (2, 47), (3, 1), (4, 14), (5, 60), (6, 66), (7, 50), (8, 51), (9, 27), (10, 21), (11, 78), (12, 6), (13, 24), (79, 65), (14, 63), (15, 7), (16, 75), (78, 74), (17, 28), (18, 11), (19, 15), (20, 13), (21, 33), (22, 62), (23, 59), (24, 73), (25, 8), (26, 58), (27, 37), (28, 22), (29, 18), (30, 71), (31, 26), (32, 31), (77, 68), (33, 40), (34, 57), (35, 48), (36, 0), (37, 67), (38, 64), (39, 79), (40, 52), (41, 76), (76, 34), (42, 35), (43, 17), (44, 20), (45, 5), (46, 2), (47, 29), (48, 36), (49, 12), (50, 49), (51, 45), (52, 9), (53, 16), (54, 32), (55, 46), (56, 4), (57, 23), (58, 25), (75, 77), (59, 69), (60, 55), (61, 19), (62, 42), (63, 30), (64, 56), (65, 53), (66, 41), (67, 61), (68, 54), (69, 10), (70, 3), (71, 43), (74, 39), (72, 72), (73, 38)]
og index list energy: 104920435.24225634
index_list: [(0, 0), (1, 1), (2, 2), (3, 3), (4, 4), (5, 5), (6, 6), (7, 7), (8, 8), (9, 9), (10, 10), (11, 11), (12, 12), (13, 13), (79, 78), (14, 72), (15, 73), (16, 74), (78, 42), (17, 17), (18, 18), (19, 19), (20, 20), (21, 21), (22, 22), (23, 23), (24, 24), (25, 25), (26, 26), (27, 27), (28, 28), (29, 29), (30, 30), (31, 31), (32, 32), (77, 49), (33, 33), (34, 34), (35, 35), (36, 36), (37, 37), (38, 38), (39, 39), (40, 40), (41, 41), (76, 71), (42, 77), (43, 43), (44, 44), (45, 45), (46, 46), (47, 47), (48, 48), (49, 76), (50, 50), (51, 51), (52, 52), (53, 53), (54, 54), (55, 55), (56, 56), (57, 57), (58, 58), (75, 79), (59, 59), (60, 60), (61, 61), (62, 62), (63, 63), (64, 64), (65, 65), (66, 66), (67, 67), (68, 68), (69, 69), (70, 70), (71, 75), (74, 14), (72, 15), (73, 16)]
index list: [0, 1, 2, 3, 4, 5, 6, 7, 8, 9, 10, 11, 12, 13, 78, 72, 73, 74, 42, 17, 18, 19, 20, 21, 22, 23, 24, 25, 26, 27, 28, 29, 30, 31, 32, 49, 33, 34, 35, 36, 37, 38, 39, 40, 41, 71, 77, 43, 44, 45, 46, 47, 48, 76, 50, 51, 52, 53, 54, 55, 56, 57, 58, 79, 59, 60, 61, 62, 63, 64, 65, 66, 67, 68, 69, 70, 75, 14, 15, 16]
index list energy: 133040.1512186975
Done


iterations: 10000000 temp: 1000000.0 exponent: 0.7 eif: 300.0
time taken (sec): 1013.7389168739319
number of iterations: 10000000
og index list: [(0, 6), (1, 72), (2, 46), (3, 3), (4, 77), (5, 68), (6, 38), (7, 34), (8, 9), (9, 79), (10, 20), (11, 11), (12, 2), (13, 64), (79, 52), (14, 71), (15, 24), (16, 37), (78, 41), (17, 40), (18, 49), (19, 27), (20, 21), (21, 13), (22, 60), (23, 26), (24, 61), (25, 10), (26, 67), (27, 47), (28, 66), (29, 56), (30, 43), (31, 50), (32, 31), (77, 23), (33, 18), (34, 76), (35, 57), (36, 22), (37, 4), (38, 44), (39, 19), (40, 51), (41, 55), (76, 36), (42, 28), (43, 33), (44, 15), (45, 14), (46, 54), (47, 25), (48, 70), (49, 69), (50, 48), (51, 17), (52, 32), (53, 30), (54, 45), (55, 29), (56, 65), (57, 35), (58, 53), (75, 39), (59, 63), (60, 59), (61, 74), (62, 7), (63, 12), (64, 73), (65, 58), (66, 62), (67, 0), (68, 16), (69, 75), (70, 8), (71, 1), (74, 42), (72, 78), (73, 5)]
og index list energy: 134012464.964409
index_list: [(0, 0), (1, 1), (2, 2), (3, 3), (4, 4), (5, 5), (6, 6), (7, 7), (8, 8), (9, 9), (10, 10), (11, 11), (12, 12), (13, 13), (79, 79), (14, 14), (15, 15), (16, 16), (78, 76), (17, 17), (18, 18), (19, 19), (20, 20), (21, 21), (22, 22), (23, 23), (24, 24), (25, 25), (26, 26), (27, 27), (28, 28), (29, 29), (30, 30), (31, 31), (32, 32), (77, 74), (33, 33), (34, 34), (35, 35), (36, 36), (37, 37), (38, 38), (39, 39), (40, 40), (41, 41), (76, 77), (42, 42), (43, 43), (44, 44), (45, 45), (46, 46), (47, 47), (48, 48), (49, 75), (50, 50), (51, 51), (52, 52), (53, 53), (54, 54), (55, 55), (56, 56), (57, 57), (58, 58), (75, 78), (59, 59), (60, 60), (61, 61), (62, 62), (63, 63), (64, 64), (65, 65), (66, 66), (67, 67), (68, 68), (69, 69), (70, 70), (71, 71), (74, 49), (72, 72), (73, 73)]
index list: [0, 1, 2, 3, 4, 5, 6, 7, 8, 9, 10, 11, 12, 13, 79, 14, 15, 16, 76, 17, 18, 19, 20, 21, 22, 23, 24, 25, 26, 27, 28, 29, 30, 31, 32, 74, 33, 34, 35, 36, 37, 38, 39, 40, 41, 77, 42, 43, 44, 45, 46, 47, 48, 75, 50, 51, 52, 53, 54, 55, 56, 57, 58, 78, 59, 60, 61, 62, 63, 64, 65, 66, 67, 68, 69, 70, 71, 49, 72, 73]
index list energy: 98209.82393678775
Done


iterations: 10000000 temp: 1000000.0 exponent: 0.7 eif: 300.0
time taken (sec): 988.157933473587
number of iterations: 10000000
og index list: [(0, 26), (1, 76), (2, 15), (3, 56), (4, 62), (5, 5), (6, 43), (7, 53), (8, 24), (9, 42), (10, 50), (11, 0), (12, 3), (13, 13), (79, 39), (14, 7), (15, 58), (16, 25), (78, 38), (17, 16), (18, 35), (19, 70), (20, 41), (21, 75), (22, 54), (23, 21), (24, 69), (25, 44), (26, 52), (27, 65), (28, 29), (29, 1), (30, 20), (31, 59), (32, 78), (77, 28), (33, 46), (34, 4), (35, 51), (36, 6), (37, 8), (38, 30), (39, 40), (40, 63), (41, 67), (76, 32), (42, 66), (43, 47), (44, 55), (45, 19), (46, 79), (47, 17), (48, 9), (49, 37), (50, 77), (51, 61), (52, 34), (53, 71), (54, 33), (55, 12), (56, 2), (57, 68), (58, 74), (75, 48), (59, 72), (60, 36), (61, 22), (62, 10), (63, 14), (64, 60), (65, 11), (66, 64), (67, 73), (68, 45), (69, 57), (70, 23), (71, 18), (74, 49), (72, 27), (73, 31)]
og index list energy: 113636380.93844017
index_list: [(0, 0), (1, 1), (2, 2), (3, 3), (4, 4), (5, 5), (6, 6), (7, 7), (8, 8), (9, 9), (10, 10), (11, 11), (12, 12), (13, 13), (79, 78), (14, 14), (15, 15), (16, 16), (78, 77), (17, 17), (18, 18), (19, 19), (20, 20), (21, 21), (22, 22), (23, 23), (24, 24), (25, 25), (26, 26), (27, 27), (28, 28), (29, 29), (30, 30), (31, 31), (32, 32), (77, 79), (33, 33), (34, 34), (35, 35), (36, 36), (37, 37), (38, 38), (39, 39), (40, 40), (41, 41), (76, 49), (42, 42), (43, 43), (44, 44), (45, 45), (46, 46), (47, 47), (48, 48), (49, 76), (50, 50), (51, 51), (52, 52), (53, 53), (54, 54), (55, 55), (56, 56), (57, 57), (58, 58), (75, 74), (59, 59), (60, 60), (61, 61), (62, 62), (63, 63), (64, 64), (65, 65), (66, 66), (67, 67), (68, 68), (69, 69), (70, 70), (71, 71), (74, 75), (72, 72), (73, 73)]
index list: [0, 1, 2, 3, 4, 5, 6, 7, 8, 9, 10, 11, 12, 13, 78, 14, 15, 16, 77, 17, 18, 19, 20, 21, 22, 23, 24, 25, 26, 27, 28, 29, 30, 31, 32, 79, 33, 34, 35, 36, 37, 38, 39, 40, 41, 49, 42, 43, 44, 45, 46, 47, 48, 76, 50, 51, 52, 53, 54, 55, 56, 57, 58, 74, 59, 60, 61, 62, 63, 64, 65, 66, 67, 68, 69, 70, 71, 75, 72, 73]
index list energy: 98209.82393678775
Done


iterations: 10000000 temp: 1000000.0 exponent: 0.7 eif: 300.0
time taken (sec): 1012.8508992195129
number of iterations: 10000000
og index list: [(0, 11), (1, 34), (2, 61), (3, 73), (4, 65), (5, 14), (6, 66), (7, 0), (8, 57), (9, 74), (10, 39), (11, 58), (12, 76), (13, 48), (79, 64), (14, 36), (15, 79), (16, 55), (78, 44), (17, 30), (18, 18), (19, 62), (20, 33), (21, 41), (22, 75), (23, 1), (24, 45), (25, 63), (26, 38), (27, 29), (28, 51), (29, 22), (30, 23), (31, 78), (32, 59), (77, 35), (33, 16), (34, 31), (35, 49), (36, 70), (37, 67), (38, 9), (39, 24), (40, 56), (41, 27), (76, 25), (42, 4), (43, 54), (44, 6), (45, 68), (46, 40), (47, 3), (48, 26), (49, 77), (50, 52), (51, 20), (52, 46), (53, 7), (54, 8), (55, 32), (56, 71), (57, 17), (58, 43), (75, 19), (59, 28), (60, 53), (61, 47), (62, 12), (63, 15), (64, 5), (65, 69), (66, 10), (67, 37), (68, 42), (69, 50), (70, 13), (71, 72), (74, 21), (72, 2), (73, 60)]
og index list energy: 88033901.54910886
index_list: [(0, 0), (1, 1), (2, 2), (3, 3), (4, 4), (5, 5), (6, 6), (7, 7), (8, 8), (9, 9), (10, 10), (11, 11), (12, 12), (13, 13), (79, 75), (14, 14), (15, 15), (16, 16), (78, 76), (17, 17), (18, 18), (19, 19), (20, 20), (21, 21), (22, 22), (23, 23), (24, 24), (25, 25), (26, 26), (27, 27), (28, 28), (29, 29), (30, 30), (31, 31), (32, 32), (77, 74), (33, 33), (34, 34), (35, 35), (36, 36), (37, 37), (38, 38), (39, 39), (40, 40), (41, 41), (76, 79), (42, 42), (43, 43), (44, 44), (45, 45), (46, 46), (47, 47), (48, 48), (49, 49), (50, 50), (51, 51), (52, 52), (53, 53), (54, 54), (55, 55), (56, 56), (57, 57), (58, 58), (75, 77), (59, 59), (60, 60), (61, 61), (62, 62), (63, 63), (64, 64), (65, 65), (66, 66), (67, 67), (68, 68), (69, 69), (70, 70), (71, 71), (74, 78), (72, 72), (73, 73)]
index list: [0, 1, 2, 3, 4, 5, 6, 7, 8, 9, 10, 11, 12, 13, 75, 14, 15, 16, 76, 17, 18, 19, 20, 21, 22, 23, 24, 25, 26, 27, 28, 29, 30, 31, 32, 74, 33, 34, 35, 36, 37, 38, 39, 40, 41, 79, 42, 43, 44, 45, 46, 47, 48, 49, 50, 51, 52, 53, 54, 55, 56, 57, 58, 77, 59, 60, 61, 62, 63, 64, 65, 66, 67, 68, 69, 70, 71, 78, 72, 73]
index list energy: 97911.32412903158
Done


iterations: 10000000 temp: 1000000.0 exponent: 0.7 eif: 300.0
time taken (sec): 970.144570350647
number of iterations: 10000000
og index list: [(0, 64), (1, 76), (2, 24), (3, 2), (4, 5), (5, 44), (6, 65), (7, 33), (8, 21), (9, 57), (10, 60), (11, 48), (12, 15), (13, 26), (79, 55), (14, 46), (15, 40), (16, 43), (78, 45), (17, 22), (18, 29), (19, 42), (20, 52), (21, 38), (22, 28), (23, 79), (24, 49), (25, 3), (26, 36), (27, 11), (28, 54), (29, 66), (30, 39), (31, 19), (32, 68), (77, 72), (33, 13), (34, 63), (35, 7), (36, 75), (37, 74), (38, 78), (39, 59), (40, 10), (41, 0), (76, 34), (42, 16), (43, 35), (44, 6), (45, 18), (46, 9), (47, 56), (48, 31), (49, 58), (50, 69), (51, 61), (52, 51), (53, 41), (54, 37), (55, 53), (56, 14), (57, 67), (58, 47), (75, 25), (59, 77), (60, 32), (61, 8), (62, 70), (63, 23), (64, 30), (65, 4), (66, 62), (67, 1), (68, 17), (69, 27), (70, 71), (71, 12), (74, 50), (72, 73), (73, 20)]
og index list energy: 103157187.75128888
index_list: [(0, 0), (1, 1), (2, 2), (3, 3), (4, 4), (5, 5), (6, 6), (7, 7), (8, 8), (9, 9), (10, 10), (11, 11), (12, 12), (13, 13), (79, 79), (14, 14), (15, 15), (16, 16), (78, 49), (17, 17), (18, 18), (19, 19), (20, 20), (21, 21), (22, 22), (23, 23), (24, 24), (25, 25), (26, 26), (27, 27), (28, 28), (29, 29), (30, 30), (31, 31), (32, 32), (77, 75), (33, 33), (34, 34), (35, 35), (36, 36), (37, 37), (38, 38), (39, 39), (40, 40), (41, 41), (76, 71), (42, 77), (43, 43), (44, 44), (45, 45), (46, 46), (47, 47), (48, 48), (49, 78), (50, 50), (51, 51), (52, 52), (53, 53), (54, 54), (55, 55), (56, 56), (57, 57), (58, 58), (75, 76), (59, 59), (60, 60), (61, 61), (62, 62), (63, 63), (64, 64), (65, 65), (66, 66), (67, 67), (68, 68), (69, 69), (70, 70), (71, 74), (74, 42), (72, 72), (73, 73)]
index list: [0, 1, 2, 3, 4, 5, 6, 7, 8, 9, 10, 11, 12, 13, 79, 14, 15, 16, 49, 17, 18, 19, 20, 21, 22, 23, 24, 25, 26, 27, 28, 29, 30, 31, 32, 75, 33, 34, 35, 36, 37, 38, 39, 40, 41, 71, 77, 43, 44, 45, 46, 47, 48, 78, 50, 51, 52, 53, 54, 55, 56, 57, 58, 76, 59, 60, 61, 62, 63, 64, 65, 66, 67, 68, 69, 70, 74, 42, 72, 73]
index list energy: 108070.45780373304
Done


iterations: 10000000 temp: 1000000.0 exponent: 0.7 eif: 300.0
time taken (sec): 1004.2248084545135
number of iterations: 10000000
og index list: [(0, 34), (1, 66), (2, 56), (3, 76), (4, 68), (5, 17), (6, 31), (7, 29), (8, 1), (9, 9), (10, 39), (11, 37), (12, 5), (13, 16), (79, 58), (14, 14), (15, 71), (16, 50), (78, 77), (17, 12), (18, 33), (19, 32), (20, 43), (21, 60), (22, 18), (23, 73), (24, 69), (25, 55), (26, 54), (27, 49), (28, 67), (29, 26), (30, 38), (31, 44), (32, 10), (77, 59), (33, 11), (34, 21), (35, 4), (36, 13), (37, 6), (38, 15), (39, 65), (40, 64), (41, 61), (76, 8), (42, 20), (43, 79), (44, 42), (45, 30), (46, 23), (47, 19), (48, 24), (49, 53), (50, 52), (51, 27), (52, 75), (53, 45), (54, 2), (55, 22), (56, 57), (57, 72), (58, 0), (75, 3), (59, 36), (60, 63), (61, 62), (62, 47), (63, 40), (64, 74), (65, 7), (66, 41), (67, 25), (68, 28), (69, 46), (70, 78), (71, 48), (74, 35), (72, 51), (73, 70)]
og index list energy: 128299900.91513483
index_list: [(0, 0), (1, 1), (2, 2), (3, 3), (4, 4), (5, 5), (6, 6), (7, 7), (8, 8), (9, 9), (10, 10), (11, 11), (12, 12), (13, 13), (79, 76), (14, 14), (15, 15), (16, 16), (78, 78), (17, 17), (18, 18), (19, 19), (20, 20), (21, 21), (22, 22), (23, 23), (24, 24), (25, 25), (26, 26), (27, 27), (28, 28), (29, 29), (30, 30), (31, 31), (32, 32), (77, 49), (33, 33), (34, 34), (35, 35), (36, 36), (37, 37), (38, 38), (39, 39), (40, 40), (41, 41), (76, 79), (42, 42), (43, 43), (44, 44), (45, 45), (46, 46), (47, 47), (48, 48), (49, 75), (50, 50), (51, 51), (52, 52), (53, 53), (54, 54), (55, 55), (56, 56), (57, 57), (58, 58), (75, 77), (59, 59), (60, 60), (61, 61), (62, 62), (63, 63), (64, 64), (65, 65), (66, 66), (67, 67), (68, 68), (69, 69), (70, 70), (71, 71), (74, 74), (72, 72), (73, 73)]
index list: [0, 1, 2, 3, 4, 5, 6, 7, 8, 9, 10, 11, 12, 13, 76, 14, 15, 16, 78, 17, 18, 19, 20, 21, 22, 23, 24, 25, 26, 27, 28, 29, 30, 31, 32, 49, 33, 34, 35, 36, 37, 38, 39, 40, 41, 79, 42, 43, 44, 45, 46, 47, 48, 75, 50, 51, 52, 53, 54, 55, 56, 57, 58, 77, 59, 60, 61, 62, 63, 64, 65, 66, 67, 68, 69, 70, 71, 74, 72, 73]
index list energy: 98209.82393678775
Done


iterations: 10000000 temp: 1000000.0 exponent: 0.7 eif: 300.0
time taken (sec): 996.5588550567627
number of iterations: 10000000
og index list: [(0, 12), (1, 19), (2, 29), (3, 9), (4, 49), (5, 6), (6, 61), (7, 68), (8, 37), (9, 55), (10, 69), (11, 10), (12, 20), (13, 24), (79, 27), (14, 73), (15, 18), (16, 57), (78, 7), (17, 66), (18, 34), (19, 11), (20, 41), (21, 62), (22, 4), (23, 21), (24, 52), (25, 23), (26, 70), (27, 14), (28, 65), (29, 28), (30, 33), (31, 48), (32, 1), (77, 56), (33, 74), (34, 0), (35, 79), (36, 50), (37, 42), (38, 26), (39, 60), (40, 53), (41, 3), (76, 45), (42, 2), (43, 75), (44, 64), (45, 25), (46, 51), (47, 46), (48, 22), (49, 76), (50, 13), (51, 78), (52, 39), (53, 16), (54, 63), (55, 67), (56, 71), (57, 44), (58, 72), (75, 32), (59, 15), (60, 54), (61, 43), (62, 36), (63, 8), (64, 40), (65, 38), (66, 17), (67, 59), (68, 31), (69, 5), (70, 47), (71, 30), (74, 35), (72, 77), (73, 58)]
og index list energy: 122178106.49467382
index_list: [(0, 0), (1, 1), (2, 2), (3, 3), (4, 4), (5, 5), (6, 6), (7, 7), (8, 8), (9, 9), (10, 10), (11, 11), (12, 12), (13, 13), (79, 76), (14, 14), (15, 15), (16, 16), (78, 74), (17, 17), (18, 18), (19, 19), (20, 20), (21, 21), (22, 22), (23, 23), (24, 24), (25, 25), (26, 26), (27, 27), (28, 28), (29, 29), (30, 30), (31, 31), (32, 32), (77, 77), (33, 33), (34, 34), (35, 35), (36, 36), (37, 37), (38, 38), (39, 39), (40, 40), (41, 41), (76, 78), (42, 42), (43, 43), (44, 44), (45, 45), (46, 46), (47, 47), (48, 48), (49, 49), (50, 50), (51, 51), (52, 52), (53, 53), (54, 54), (55, 55), (56, 56), (57, 57), (58, 58), (75, 79), (59, 59), (60, 60), (61, 61), (62, 62), (63, 63), (64, 64), (65, 65), (66, 66), (67, 67), (68, 68), (69, 69), (70, 70), (71, 71), (74, 75), (72, 72), (73, 73)]
index list: [0, 1, 2, 3, 4, 5, 6, 7, 8, 9, 10, 11, 12, 13, 76, 14, 15, 16, 74, 17, 18, 19, 20, 21, 22, 23, 24, 25, 26, 27, 28, 29, 30, 31, 32, 77, 33, 34, 35, 36, 37, 38, 39, 40, 41, 78, 42, 43, 44, 45, 46, 47, 48, 49, 50, 51, 52, 53, 54, 55, 56, 57, 58, 79, 59, 60, 61, 62, 63, 64, 65, 66, 67, 68, 69, 70, 71, 75, 72, 73]
index list energy: 97911.32412903158
Done


iterations: 10000000 temp: 1000000.0 exponent: 0.7 eif: 300.0
time taken (sec): 997.6926212310791
number of iterations: 10000000
og index list: [(0, 58), (1, 14), (2, 21), (3, 20), (4, 41), (5, 72), (6, 23), (7, 9), (8, 49), (9, 2), (10, 27), (11, 57), (12, 16), (13, 68), (79, 25), (14, 30), (15, 24), (16, 31), (78, 62), (17, 1), (18, 19), (19, 74), (20, 36), (21, 64), (22, 8), (23, 47), (24, 33), (25, 18), (26, 40), (27, 69), (28, 5), (29, 4), (30, 63), (31, 55), (32, 51), (77, 44), (33, 7), (34, 17), (35, 39), (36, 67), (37, 3), (38, 60), (39, 53), (40, 15), (41, 13), (76, 76), (42, 65), (43, 37), (44, 29), (45, 54), (46, 70), (47, 6), (48, 45), (49, 10), (50, 61), (51, 26), (52, 11), (53, 75), (54, 32), (55, 22), (56, 0), (57, 71), (58, 43), (75, 28), (59, 77), (60, 35), (61, 34), (62, 38), (63, 78), (64, 12), (65, 46), (66, 79), (67, 50), (68, 73), (69, 66), (70, 59), (71, 42), (74, 56), (72, 52), (73, 48)]
og index list energy: 112453628.28660628
index_list: [(0, 0), (1, 1), (2, 2), (3, 3), (4, 4), (5, 5), (6, 6), (7, 7), (8, 8), (9, 9), (10, 10), (11, 11), (12, 12), (13, 13), (79, 77), (14, 14), (15, 15), (16, 16), (78, 78), (17, 17), (18, 18), (19, 19), (20, 20), (21, 21), (22, 22), (23, 23), (24, 24), (25, 25), (26, 26), (27, 27), (28, 28), (29, 29), (30, 30), (31, 31), (32, 32), (77, 79), (33, 33), (34, 34), (35, 35), (36, 36), (37, 37), (38, 38), (39, 39), (40, 40), (41, 41), (76, 76), (42, 42), (43, 43), (44, 44), (45, 45), (46, 46), (47, 47), (48, 48), (49, 74), (50, 50), (51, 51), (52, 52), (53, 53), (54, 54), (55, 55), (56, 56), (57, 57), (58, 58), (75, 75), (59, 59), (60, 60), (61, 61), (62, 62), (63, 63), (64, 64), (65, 65), (66, 66), (67, 67), (68, 68), (69, 69), (70, 70), (71, 71), (74, 49), (72, 72), (73, 73)]
index list: [0, 1, 2, 3, 4, 5, 6, 7, 8, 9, 10, 11, 12, 13, 77, 14, 15, 16, 78, 17, 18, 19, 20, 21, 22, 23, 24, 25, 26, 27, 28, 29, 30, 31, 32, 79, 33, 34, 35, 36, 37, 38, 39, 40, 41, 76, 42, 43, 44, 45, 46, 47, 48, 74, 50, 51, 52, 53, 54, 55, 56, 57, 58, 75, 59, 60, 61, 62, 63, 64, 65, 66, 67, 68, 69, 70, 71, 49, 72, 73]
index list energy: 98209.82393678775
Done


iterations: 10000000 temp: 1000000.0 exponent: 0.7 eif: 300.0
time taken (sec): 989.5836052894592
number of iterations: 10000000
og index list: [(0, 2), (1, 37), (2, 73), (3, 69), (4, 6), (5, 71), (6, 31), (7, 39), (8, 41), (9, 21), (10, 29), (11, 19), (12, 49), (13, 28), (79, 30), (14, 60), (15, 43), (16, 52), (78, 76), (17, 42), (18, 10), (19, 64), (20, 68), (21, 16), (22, 78), (23, 27), (24, 77), (25, 20), (26, 63), (27, 24), (28, 25), (29, 47), (30, 62), (31, 32), (32, 67), (77, 5), (33, 4), (34, 18), (35, 26), (36, 22), (37, 74), (38, 53), (39, 36), (40, 72), (41, 51), (76, 8), (42, 79), (43, 3), (44, 46), (45, 57), (46, 35), (47, 54), (48, 50), (49, 7), (50, 61), (51, 14), (52, 40), (53, 23), (54, 34), (55, 48), (56, 75), (57, 9), (58, 55), (75, 65), (59, 33), (60, 56), (61, 44), (62, 12), (63, 1), (64, 15), (65, 59), (66, 0), (67, 58), (68, 11), (69, 45), (70, 38), (71, 17), (74, 70), (72, 13), (73, 66)]
og index list energy: 117651070.34743084
index_list: [(0, 0), (1, 1), (2, 2), (3, 3), (4, 4), (5, 5), (6, 6), (7, 7), (8, 8), (9, 9), (10, 10), (11, 11), (12, 12), (13, 13), (79, 77), (14, 14), (15, 15), (16, 16), (78, 79), (17, 17), (18, 18), (19, 19), (20, 20), (21, 21), (22, 22), (23, 23), (24, 24), (25, 25), (26, 26), (27, 27), (28, 28), (29, 29), (30, 30), (31, 31), (32, 32), (77, 49), (33, 33), (34, 34), (35, 35), (36, 36), (37, 37), (38, 38), (39, 39), (40, 40), (41, 41), (76, 71), (42, 75), (43, 43), (44, 44), (45, 45), (46, 46), (47, 47), (48, 48), (49, 76), (50, 50), (51, 51), (52, 52), (53, 53), (54, 54), (55, 55), (56, 56), (57, 57), (58, 58), (75, 74), (59, 59), (60, 60), (61, 61), (62, 62), (63, 63), (64, 64), (65, 65), (66, 66), (67, 67), (68, 68), (69, 69), (70, 70), (71, 78), (74, 42), (72, 72), (73, 73)]
index list: [0, 1, 2, 3, 4, 5, 6, 7, 8, 9, 10, 11, 12, 13, 77, 14, 15, 16, 79, 17, 18, 19, 20, 21, 22, 23, 24, 25, 26, 27, 28, 29, 30, 31, 32, 49, 33, 34, 35, 36, 37, 38, 39, 40, 41, 71, 75, 43, 44, 45, 46, 47, 48, 76, 50, 51, 52, 53, 54, 55, 56, 57, 58, 74, 59, 60, 61, 62, 63, 64, 65, 66, 67, 68, 69, 70, 78, 42, 72, 73]
index list energy: 108070.45780373304
Done


iterations: 10000000 temp: 1000000.0 exponent: 0.7 eif: 300.0
time taken (sec): 886.9101595878601
number of iterations: 10000000
og index list: [(0, 16), (1, 57), (2, 41), (3, 18), (4, 50), (5, 19), (6, 7), (7, 42), (8, 4), (9, 3), (10, 27), (11, 33), (12, 66), (13, 74), (79, 29), (14, 2), (15, 38), (16, 76), (78, 70), (17, 71), (18, 0), (19, 72), (20, 51), (21, 54), (22, 73), (23, 11), (24, 45), (25, 40), (26, 77), (27, 49), (28, 5), (29, 63), (30, 1), (31, 32), (32, 25), (77, 36), (33, 13), (34, 39), (35, 60), (36, 6), (37, 61), (38, 46), (39, 14), (40, 10), (41, 26), (76, 78), (42, 8), (43, 62), (44, 35), (45, 34), (46, 23), (47, 31), (48, 67), (49, 75), (50, 12), (51, 44), (52, 59), (53, 24), (54, 56), (55, 21), (56, 48), (57, 15), (58, 79), (75, 30), (59, 22), (60, 28), (61, 69), (62, 65), (63, 55), (64, 68), (65, 58), (66, 37), (67, 20), (68, 43), (69, 64), (70, 53), (71, 9), (74, 47), (72, 17), (73, 52)]
og index list energy: 94297764.91798797
index_list: [(0, 43), (1, 1), (2, 50), (3, 0), (4, 73), (5, 77), (6, 14), (7, 75), (8, 2), (9, 6), (10, 7), (11, 8), (12, 9), (13, 10), (79, 11), (14, 12), (15, 13), (16, 16), (78, 78), (17, 17), (18, 18), (19, 19), (20, 20), (21, 21), (22, 22), (23, 23), (24, 24), (25, 25), (26, 26), (27, 27), (28, 28), (29, 29), (30, 30), (31, 31), (32, 32), (77, 76), (33, 33), (34, 34), (35, 35), (36, 36), (37, 37), (38, 38), (39, 39), (40, 40), (41, 44), (76, 45), (42, 46), (43, 41), (44, 79), (45, 42), (46, 72), (47, 47), (48, 48), (49, 74), (50, 15), (51, 51), (52, 52), (53, 53), (54, 54), (55, 55), (56, 56), (57, 57), (58, 58), (75, 49), (59, 59), (60, 60), (61, 61), (62, 62), (63, 63), (64, 64), (65, 65), (66, 66), (67, 67), (68, 68), (69, 69), (70, 70), (71, 71), (74, 4), (72, 5), (73, 3)]
index list: [43, 1, 50, 0, 73, 77, 14, 75, 2, 6, 7, 8, 9, 10, 11, 12, 13, 16, 78, 17, 18, 19, 20, 21, 22, 23, 24, 25, 26, 27, 28, 29, 30, 31, 32, 76, 33, 34, 35, 36, 37, 38, 39, 40, 44, 45, 46, 41, 79, 42, 72, 47, 48, 74, 15, 51, 52, 53, 54, 55, 56, 57, 58, 49, 59, 60, 61, 62, 63, 64, 65, 66, 67, 68, 69, 70, 71, 4, 5, 3]
index list energy: 245824.18243901673
Done


iterations: 10000000 temp: 1000000.0 exponent: 0.7 eif: 300.0
time taken (sec): 905.5419766902924
number of iterations: 10000000
og index list: [(0, 52), (1, 10), (2, 77), (3, 42), (4, 20), (5, 45), (6, 0), (7, 68), (8, 47), (9, 66), (10, 34), (11, 51), (12, 7), (13, 71), (79, 76), (14, 44), (15, 43), (16, 27), (78, 69), (17, 64), (18, 58), (19, 14), (20, 73), (21, 54), (22, 6), (23, 15), (24, 72), (25, 21), (26, 55), (27, 13), (28, 38), (29, 28), (30, 75), (31, 17), (32, 11), (77, 19), (33, 32), (34, 26), (35, 50), (36, 74), (37, 24), (38, 46), (39, 33), (40, 61), (41, 8), (76, 31), (42, 59), (43, 48), (44, 12), (45, 35), (46, 22), (47, 1), (48, 41), (49, 5), (50, 29), (51, 9), (52, 63), (53, 49), (54, 40), (55, 23), (56, 79), (57, 2), (58, 36), (75, 3), (59, 70), (60, 65), (61, 30), (62, 18), (63, 78), (64, 57), (65, 25), (66, 67), (67, 56), (68, 4), (69, 62), (70, 16), (71, 39), (74, 53), (72, 37), (73, 60)]
og index list energy: 126578639.07444534
index_list: [(0, 14), (1, 5), (2, 1), (3, 2), (4, 3), (5, 40), (6, 6), (7, 7), (8, 8), (9, 9), (10, 10), (11, 11), (12, 12), (13, 13), (79, 77), (14, 46), (15, 47), (16, 39), (78, 74), (17, 17), (18, 18), (19, 19), (20, 20), (21, 21), (22, 22), (23, 23), (24, 24), (25, 25), (26, 26), (27, 27), (28, 28), (29, 29), (30, 30), (31, 31), (32, 32), (77, 78), (33, 33), (34, 37), (35, 38), (36, 48), (37, 34), (38, 76), (39, 70), (40, 79), (41, 35), (76, 41), (42, 71), (43, 75), (44, 42), (45, 43), (46, 44), (47, 45), (48, 36), (49, 0), (50, 50), (51, 51), (52, 52), (53, 53), (54, 54), (55, 55), (56, 56), (57, 57), (58, 58), (75, 49), (59, 59), (60, 60), (61, 61), (62, 62), (63, 63), (64, 64), (65, 65), (66, 66), (67, 67), (68, 68), (69, 69), (70, 72), (71, 73), (74, 4), (72, 15), (73, 16)]
index list: [14, 5, 1, 2, 3, 40, 6, 7, 8, 9, 10, 11, 12, 13, 77, 46, 47, 39, 74, 17, 18, 19, 20, 21, 22, 23, 24, 25, 26, 27, 28, 29, 30, 31, 32, 78, 33, 37, 38, 48, 34, 76, 70, 79, 35, 41, 71, 75, 42, 43, 44, 45, 36, 0, 50, 51, 52, 53, 54, 55, 56, 57, 58, 49, 59, 60, 61, 62, 63, 64, 65, 66, 67, 68, 69, 72, 73, 4, 15, 16]
index list energy: 312268.82130651677
Done


iterations: 10000000 temp: 1000000.0 exponent: 0.7 eif: 300.0
time taken (sec): 958.1423051357269
number of iterations: 10000000
og index list: [(0, 52), (1, 41), (2, 20), (3, 32), (4, 65), (5, 24), (6, 39), (7, 3), (8, 15), (9, 6), (10, 68), (11, 29), (12, 73), (13, 12), (79, 50), (14, 2), (15, 25), (16, 74), (78, 63), (17, 54), (18, 67), (19, 22), (20, 31), (21, 16), (22, 40), (23, 61), (24, 26), (25, 38), (26, 72), (27, 21), (28, 66), (29, 27), (30, 0), (31, 59), (32, 48), (77, 33), (33, 34), (34, 46), (35, 8), (36, 42), (37, 75), (38, 11), (39, 47), (40, 64), (41, 17), (76, 35), (42, 70), (43, 30), (44, 58), (45, 57), (46, 45), (47, 53), (48, 76), (49, 56), (50, 69), (51, 43), (52, 36), (53, 9), (54, 71), (55, 78), (56, 5), (57, 7), (58, 44), (75, 51), (59, 37), (60, 4), (61, 14), (62, 13), (63, 19), (64, 55), (65, 1), (66, 10), (67, 60), (68, 79), (69, 77), (70, 62), (71, 49), (74, 23), (72, 18), (73, 28)]
og index list energy: 113694441.49645151
index_list: [(0, 43), (1, 1), (2, 2), (3, 3), (4, 4), (5, 5), (6, 6), (7, 7), (8, 8), (9, 9), (10, 10), (11, 11), (12, 74), (13, 14), (79, 15), (14, 16), (15, 12), (16, 13), (78, 76), (17, 17), (18, 18), (19, 19), (20, 20), (21, 21), (22, 22), (23, 23), (24, 24), (25, 25), (26, 26), (27, 27), (28, 28), (29, 29), (30, 30), (31, 31), (32, 32), (77, 79), (33, 48), (34, 34), (35, 35), (36, 36), (37, 37), (38, 38), (39, 78), (40, 72), (41, 47), (76, 39), (42, 40), (43, 41), (44, 77), (45, 44), (46, 45), (47, 46), (48, 58), (49, 0), (50, 50), (51, 51), (52, 52), (53, 53), (54, 54), (55, 55), (56, 56), (57, 57), (58, 73), (75, 49), (59, 59), (60, 60), (61, 61), (62, 62), (63, 63), (64, 64), (65, 65), (66, 66), (67, 67), (68, 68), (69, 69), (70, 70), (71, 71), (74, 75), (72, 42), (73, 33)]
index list: [43, 1, 2, 3, 4, 5, 6, 7, 8, 9, 10, 11, 74, 14, 15, 16, 12, 13, 76, 17, 18, 19, 20, 21, 22, 23, 24, 25, 26, 27, 28, 29, 30, 31, 32, 79, 48, 34, 35, 36, 37, 38, 78, 72, 47, 39, 40, 41, 77, 44, 45, 46, 58, 0, 50, 51, 52, 53, 54, 55, 56, 57, 73, 49, 59, 60, 61, 62, 63, 64, 65, 66, 67, 68, 69, 70, 71, 75, 42, 33]
index list energy: 296737.1329474086
Done


iterations: 10000000 temp: 1000000.0 exponent: 0.7 eif: 300.0
time taken (sec): 998.382660150528
number of iterations: 10000000
og index list: [(0, 66), (1, 35), (2, 74), (3, 27), (4, 70), (5, 72), (6, 43), (7, 73), (8, 7), (9, 49), (10, 79), (11, 21), (12, 34), (13, 13), (79, 53), (14, 69), (15, 4), (16, 23), (78, 77), (17, 26), (18, 58), (19, 3), (20, 33), (21, 68), (22, 24), (23, 30), (24, 1), (25, 64), (26, 71), (27, 9), (28, 47), (29, 32), (30, 22), (31, 41), (32, 44), (77, 60), (33, 16), (34, 36), (35, 28), (36, 52), (37, 63), (38, 50), (39, 20), (40, 46), (41, 2), (76, 75), (42, 17), (43, 19), (44, 56), (45, 67), (46, 31), (47, 6), (48, 57), (49, 54), (50, 59), (51, 45), (52, 0), (53, 39), (54, 10), (55, 65), (56, 15), (57, 12), (58, 14), (75, 11), (59, 62), (60, 37), (61, 78), (62, 40), (63, 55), (64, 29), (65, 51), (66, 61), (67, 42), (68, 38), (69, 18), (70, 25), (71, 48), (74, 5), (72, 8), (73, 76)]
og index list energy: 100475908.1890813
index_list: [(0, 0), (1, 1), (2, 2), (3, 3), (4, 4), (5, 5), (6, 6), (7, 7), (8, 8), (9, 9), (10, 10), (11, 11), (12, 12), (13, 13), (79, 75), (14, 14), (15, 15), (16, 16), (78, 79), (17, 17), (18, 18), (19, 19), (20, 20), (21, 21), (22, 22), (23, 23), (24, 24), (25, 25), (26, 26), (27, 27), (28, 28), (29, 29), (30, 30), (31, 31), (32, 32), (77, 74), (33, 33), (34, 34), (35, 35), (36, 36), (37, 37), (38, 38), (39, 39), (40, 40), (41, 41), (76, 49), (42, 42), (43, 43), (44, 44), (45, 45), (46, 46), (47, 47), (48, 48), (49, 76), (50, 50), (51, 51), (52, 52), (53, 53), (54, 54), (55, 55), (56, 56), (57, 57), (58, 58), (75, 77), (59, 59), (60, 60), (61, 61), (62, 62), (63, 63), (64, 64), (65, 65), (66, 66), (67, 67), (68, 68), (69, 69), (70, 70), (71, 71), (74, 78), (72, 72), (73, 73)]
index list: [0, 1, 2, 3, 4, 5, 6, 7, 8, 9, 10, 11, 12, 13, 75, 14, 15, 16, 79, 17, 18, 19, 20, 21, 22, 23, 24, 25, 26, 27, 28, 29, 30, 31, 32, 74, 33, 34, 35, 36, 37, 38, 39, 40, 41, 49, 42, 43, 44, 45, 46, 47, 48, 76, 50, 51, 52, 53, 54, 55, 56, 57, 58, 77, 59, 60, 61, 62, 63, 64, 65, 66, 67, 68, 69, 70, 71, 78, 72, 73]
index list energy: 98209.82393678775
Done


iterations: 10000000 temp: 1000000.0 exponent: 0.7 eif: 300.0
time taken (sec): 1002.1627204418182
number of iterations: 10000000
og index list: [(0, 73), (1, 15), (2, 50), (3, 2), (4, 58), (5, 51), (6, 43), (7, 16), (8, 36), (9, 22), (10, 53), (11, 40), (12, 4), (13, 38), (79, 57), (14, 0), (15, 65), (16, 39), (78, 72), (17, 71), (18, 17), (19, 46), (20, 49), (21, 14), (22, 21), (23, 59), (24, 64), (25, 1), (26, 67), (27, 76), (28, 70), (29, 3), (30, 28), (31, 20), (32, 5), (77, 69), (33, 34), (34, 60), (35, 32), (36, 42), (37, 79), (38, 45), (39, 62), (40, 12), (41, 56), (76, 55), (42, 35), (43, 10), (44, 26), (45, 33), (46, 24), (47, 8), (48, 18), (49, 48), (50, 7), (51, 11), (52, 52), (53, 31), (54, 29), (55, 61), (56, 23), (57, 37), (58, 9), (75, 78), (59, 27), (60, 77), (61, 63), (62, 25), (63, 75), (64, 47), (65, 30), (66, 19), (67, 41), (68, 44), (69, 6), (70, 74), (71, 66), (74, 13), (72, 68), (73, 54)]
og index list energy: 138416144.34824872
index_list: [(0, 0), (1, 1), (2, 2), (3, 3), (4, 4), (5, 5), (6, 6), (7, 7), (8, 8), (9, 9), (10, 10), (11, 11), (12, 12), (13, 13), (79, 77), (14, 14), (15, 15), (16, 16), (78, 75), (17, 17), (18, 18), (19, 19), (20, 20), (21, 21), (22, 22), (23, 23), (24, 24), (25, 25), (26, 26), (27, 27), (28, 28), (29, 29), (30, 30), (31, 31), (32, 32), (77, 49), (33, 33), (34, 34), (35, 35), (36, 36), (37, 37), (38, 38), (39, 39), (40, 40), (41, 41), (76, 78), (42, 42), (43, 43), (44, 44), (45, 45), (46, 46), (47, 47), (48, 48), (49, 74), (50, 50), (51, 51), (52, 52), (53, 53), (54, 54), (55, 55), (56, 56), (57, 57), (58, 58), (75, 79), (59, 59), (60, 60), (61, 61), (62, 62), (63, 63), (64, 64), (65, 65), (66, 66), (67, 67), (68, 68), (69, 69), (70, 70), (71, 71), (74, 76), (72, 72), (73, 73)]
index list: [0, 1, 2, 3, 4, 5, 6, 7, 8, 9, 10, 11, 12, 13, 77, 14, 15, 16, 75, 17, 18, 19, 20, 21, 22, 23, 24, 25, 26, 27, 28, 29, 30, 31, 32, 49, 33, 34, 35, 36, 37, 38, 39, 40, 41, 78, 42, 43, 44, 45, 46, 47, 48, 74, 50, 51, 52, 53, 54, 55, 56, 57, 58, 79, 59, 60, 61, 62, 63, 64, 65, 66, 67, 68, 69, 70, 71, 76, 72, 73]
index list energy: 98209.82393678775
Done


iterations: 10000000 temp: 1000000.0 exponent: 0.7 eif: 300.0
time taken (sec): 1004.1365070343018
number of iterations: 10000000
og index list: [(0, 56), (1, 51), (2, 57), (3, 52), (4, 77), (5, 20), (6, 27), (7, 19), (8, 32), (9, 45), (10, 49), (11, 73), (12, 34), (13, 9), (79, 46), (14, 68), (15, 5), (16, 38), (78, 53), (17, 50), (18, 43), (19, 54), (20, 61), (21, 26), (22, 7), (23, 30), (24, 47), (25, 41), (26, 3), (27, 64), (28, 2), (29, 40), (30, 79), (31, 6), (32, 36), (77, 18), (33, 24), (34, 44), (35, 71), (36, 39), (37, 75), (38, 59), (39, 17), (40, 28), (41, 66), (76, 1), (42, 33), (43, 0), (44, 4), (45, 12), (46, 37), (47, 16), (48, 60), (49, 78), (50, 63), (51, 8), (52, 31), (53, 10), (54, 29), (55, 42), (56, 15), (57, 58), (58, 72), (75, 23), (59, 70), (60, 74), (61, 35), (62, 13), (63, 22), (64, 48), (65, 55), (66, 62), (67, 25), (68, 11), (69, 14), (70, 76), (71, 67), (74, 21), (72, 65), (73, 69)]
og index list energy: 85785009.08744435
index_list: [(0, 0), (1, 1), (2, 2), (3, 3), (4, 4), (5, 5), (6, 6), (7, 7), (8, 8), (9, 9), (10, 10), (11, 11), (12, 12), (13, 13), (79, 76), (14, 14), (15, 15), (16, 16), (78, 75), (17, 17), (18, 18), (19, 19), (20, 20), (21, 21), (22, 22), (23, 23), (24, 24), (25, 25), (26, 26), (27, 27), (28, 28), (29, 29), (30, 30), (31, 31), (32, 32), (77, 78), (33, 33), (34, 34), (35, 35), (36, 36), (37, 37), (38, 38), (39, 39), (40, 40), (41, 41), (76, 79), (42, 42), (43, 43), (44, 44), (45, 45), (46, 46), (47, 47), (48, 48), (49, 74), (50, 50), (51, 51), (52, 52), (53, 53), (54, 54), (55, 55), (56, 56), (57, 57), (58, 58), (75, 49), (59, 59), (60, 60), (61, 61), (62, 62), (63, 63), (64, 64), (65, 65), (66, 66), (67, 67), (68, 68), (69, 69), (70, 70), (71, 71), (74, 77), (72, 72), (73, 73)]
index list: [0, 1, 2, 3, 4, 5, 6, 7, 8, 9, 10, 11, 12, 13, 76, 14, 15, 16, 75, 17, 18, 19, 20, 21, 22, 23, 24, 25, 26, 27, 28, 29, 30, 31, 32, 78, 33, 34, 35, 36, 37, 38, 39, 40, 41, 79, 42, 43, 44, 45, 46, 47, 48, 74, 50, 51, 52, 53, 54, 55, 56, 57, 58, 49, 59, 60, 61, 62, 63, 64, 65, 66, 67, 68, 69, 70, 71, 77, 72, 73]
index list energy: 98209.82393678775
Done


iterations: 10000000 temp: 1000000.0 exponent: 0.7 eif: 300.0
time taken (sec): 941.803032875061
number of iterations: 10000000
og index list: [(0, 15), (1, 63), (2, 74), (3, 12), (4, 78), (5, 47), (6, 60), (7, 62), (8, 57), (9, 41), (10, 14), (11, 76), (12, 77), (13, 33), (79, 18), (14, 2), (15, 25), (16, 31), (78, 64), (17, 22), (18, 51), (19, 4), (20, 66), (21, 27), (22, 1), (23, 32), (24, 38), (25, 6), (26, 73), (27, 16), (28, 8), (29, 13), (30, 36), (31, 45), (32, 20), (77, 68), (33, 24), (34, 53), (35, 29), (36, 75), (37, 65), (38, 11), (39, 48), (40, 52), (41, 42), (76, 59), (42, 5), (43, 17), (44, 21), (45, 55), (46, 9), (47, 26), (48, 44), (49, 40), (50, 50), (51, 30), (52, 71), (53, 72), (54, 49), (55, 43), (56, 23), (57, 67), (58, 39), (75, 35), (59, 69), (60, 19), (61, 0), (62, 7), (63, 61), (64, 56), (65, 70), (66, 79), (67, 34), (68, 37), (69, 10), (70, 3), (71, 54), (74, 58), (72, 28), (73, 46)]
og index list energy: 150476063.1099912
index_list: [(0, 43), (1, 1), (2, 2), (3, 3), (4, 4), (5, 5), (6, 6), (7, 7), (8, 8), (9, 79), (10, 72), (11, 39), (12, 40), (13, 41), (79, 71), (14, 78), (15, 73), (16, 75), (78, 42), (17, 17), (18, 18), (19, 19), (20, 20), (21, 21), (22, 22), (23, 23), (24, 24), (25, 25), (26, 26), (27, 27), (28, 28), (29, 29), (30, 30), (31, 31), (32, 32), (77, 49), (33, 33), (34, 34), (35, 35), (36, 36), (37, 37), (38, 38), (39, 76), (40, 9), (41, 10), (76, 11), (42, 12), (43, 13), (44, 44), (45, 45), (46, 46), (47, 47), (48, 48), (49, 0), (50, 50), (51, 51), (52, 52), (53, 53), (54, 54), (55, 55), (56, 56), (57, 57), (58, 58), (75, 77), (59, 59), (60, 60), (61, 61), (62, 62), (63, 63), (64, 64), (65, 65), (66, 66), (67, 67), (68, 68), (69, 69), (70, 70), (71, 74), (74, 14), (72, 15), (73, 16)]
index list: [43, 1, 2, 3, 4, 5, 6, 7, 8, 79, 72, 39, 40, 41, 71, 78, 73, 75, 42, 17, 18, 19, 20, 21, 22, 23, 24, 25, 26, 27, 28, 29, 30, 31, 32, 49, 33, 34, 35, 36, 37, 38, 76, 9, 10, 11, 12, 13, 44, 45, 46, 47, 48, 0, 50, 51, 52, 53, 54, 55, 56, 57, 58, 77, 59, 60, 61, 62, 63, 64, 65, 66, 67, 68, 69, 70, 74, 14, 15, 16]
index list energy: 276433.20617861
Done


iterations: 10000000 temp: 1000000.0 exponent: 0.7 eif: 300.0
time taken (sec): 924.8413534164429
number of iterations: 10000000
og index list: [(0, 14), (1, 46), (2, 23), (3, 61), (4, 19), (5, 13), (6, 11), (7, 29), (8, 78), (9, 0), (10, 68), (11, 36), (12, 41), (13, 22), (79, 73), (14, 65), (15, 47), (16, 76), (78, 7), (17, 32), (18, 51), (19, 69), (20, 63), (21, 44), (22, 70), (23, 5), (24, 62), (25, 79), (26, 66), (27, 10), (28, 75), (29, 52), (30, 57), (31, 39), (32, 45), (77, 20), (33, 33), (34, 55), (35, 77), (36, 9), (37, 37), (38, 38), (39, 17), (40, 1), (41, 54), (76, 40), (42, 74), (43, 15), (44, 18), (45, 6), (46, 31), (47, 2), (48, 60), (49, 4), (50, 53), (51, 8), (52, 24), (53, 71), (54, 27), (55, 72), (56, 42), (57, 16), (58, 21), (75, 58), (59, 30), (60, 35), (61, 26), (62, 25), (63, 49), (64, 50), (65, 28), (66, 56), (67, 34), (68, 48), (69, 64), (70, 43), (71, 3), (74, 12), (72, 59), (73, 67)]
og index list energy: 128033473.60018517
index_list: [(0, 72), (1, 1), (2, 2), (3, 3), (4, 4), (5, 5), (6, 6), (7, 7), (8, 8), (9, 9), (10, 10), (11, 11), (12, 12), (13, 13), (79, 78), (14, 14), (15, 15), (16, 16), (78, 75), (17, 17), (18, 18), (19, 19), (20, 20), (21, 21), (22, 22), (23, 23), (24, 24), (25, 25), (26, 26), (27, 27), (28, 28), (29, 29), (30, 30), (31, 31), (32, 77), (77, 42), (33, 33), (34, 34), (35, 35), (36, 36), (37, 37), (38, 38), (39, 39), (40, 40), (41, 41), (76, 71), (42, 76), (43, 43), (44, 44), (45, 45), (46, 46), (47, 47), (48, 48), (49, 79), (50, 50), (51, 51), (52, 52), (53, 53), (54, 54), (55, 55), (56, 56), (57, 57), (58, 58), (75, 49), (59, 59), (60, 60), (61, 61), (62, 62), (63, 63), (64, 64), (65, 65), (66, 66), (67, 67), (68, 68), (69, 69), (70, 70), (71, 74), (74, 32), (72, 0), (73, 73)]
index list: [72, 1, 2, 3, 4, 5, 6, 7, 8, 9, 10, 11, 12, 13, 78, 14, 15, 16, 75, 17, 18, 19, 20, 21, 22, 23, 24, 25, 26, 27, 28, 29, 30, 31, 77, 42, 33, 34, 35, 36, 37, 38, 39, 40, 41, 71, 76, 43, 44, 45, 46, 47, 48, 79, 50, 51, 52, 53, 54, 55, 56, 57, 58, 49, 59, 60, 61, 62, 63, 64, 65, 66, 67, 68, 69, 70, 74, 32, 0, 73]
index list energy: 116274.79190342824
Done


iterations: 10000000 temp: 1000000.0 exponent: 0.7 eif: 300.0
time taken (sec): 903.7841064929962
number of iterations: 10000000
og index list: [(0, 39), (1, 61), (2, 12), (3, 55), (4, 47), (5, 60), (6, 11), (7, 74), (8, 76), (9, 20), (10, 41), (11, 26), (12, 46), (13, 16), (79, 65), (14, 52), (15, 62), (16, 22), (78, 15), (17, 70), (18, 48), (19, 23), (20, 66), (21, 25), (22, 10), (23, 40), (24, 7), (25, 21), (26, 58), (27, 17), (28, 9), (29, 75), (30, 79), (31, 24), (32, 44), (77, 33), (33, 68), (34, 8), (35, 57), (36, 4), (37, 28), (38, 38), (39, 67), (40, 5), (41, 59), (76, 63), (42, 72), (43, 45), (44, 78), (45, 49), (46, 73), (47, 32), (48, 19), (49, 71), (50, 56), (51, 30), (52, 3), (53, 77), (54, 2), (55, 53), (56, 50), (57, 14), (58, 35), (75, 34), (59, 1), (60, 37), (61, 29), (62, 43), (63, 54), (64, 6), (65, 36), (66, 13), (67, 18), (68, 0), (69, 27), (70, 64), (71, 42), (74, 51), (72, 31), (73, 69)]
og index list energy: 118309624.75624584
index_list: [(0, 42), (1, 72), (2, 1), (3, 2), (4, 3), (5, 40), (6, 6), (7, 7), (8, 8), (9, 75), (10, 43), (11, 44), (12, 45), (13, 41), (79, 50), (14, 9), (15, 10), (16, 11), (78, 79), (17, 17), (18, 18), (19, 19), (20, 20), (21, 21), (22, 22), (23, 23), (24, 24), (25, 25), (26, 26), (27, 27), (28, 28), (29, 29), (30, 30), (31, 31), (32, 32), (77, 78), (33, 33), (34, 34), (35, 35), (36, 36), (37, 37), (38, 38), (39, 39), (40, 76), (41, 14), (76, 15), (42, 16), (43, 74), (44, 12), (45, 13), (46, 46), (47, 47), (48, 48), (49, 77), (50, 5), (51, 51), (52, 52), (53, 53), (54, 54), (55, 55), (56, 56), (57, 57), (58, 58), (75, 49), (59, 59), (60, 60), (61, 61), (62, 62), (63, 63), (64, 64), (65, 65), (66, 66), (67, 67), (68, 68), (69, 69), (70, 70), (71, 71), (74, 4), (72, 0), (73, 73)]
index list: [42, 72, 1, 2, 3, 40, 6, 7, 8, 75, 43, 44, 45, 41, 50, 9, 10, 11, 79, 17, 18, 19, 20, 21, 22, 23, 24, 25, 26, 27, 28, 29, 30, 31, 32, 78, 33, 34, 35, 36, 37, 38, 39, 76, 14, 15, 16, 74, 12, 13, 46, 47, 48, 77, 5, 51, 52, 53, 54, 55, 56, 57, 58, 49, 59, 60, 61, 62, 63, 64, 65, 66, 67, 68, 69, 70, 71, 4, 0, 73]
index list energy: 259563.15164325552
Done


iterations: 10000000 temp: 1000000.0 exponent: 0.7 eif: 300.0
time taken (sec): 830.5598809719086
number of iterations: 10000000
og index list: [(0, 5), (1, 6), (2, 56), (3, 53), (4, 76), (5, 1), (6, 12), (7, 38), (8, 70), (9, 64), (10, 11), (11, 23), (12, 67), (13, 47), (79, 42), (14, 32), (15, 71), (16, 65), (78, 69), (17, 39), (18, 79), (19, 33), (20, 35), (21, 31), (22, 28), (23, 75), (24, 20), (25, 63), (26, 21), (27, 46), (28, 45), (29, 34), (30, 7), (31, 2), (32, 4), (77, 30), (33, 36), (34, 55), (35, 59), (36, 49), (37, 78), (38, 62), (39, 10), (40, 25), (41, 9), (76, 73), (42, 17), (43, 51), (44, 54), (45, 37), (46, 16), (47, 13), (48, 44), (49, 14), (50, 52), (51, 40), (52, 57), (53, 68), (54, 24), (55, 19), (56, 72), (57, 29), (58, 8), (75, 22), (59, 74), (60, 61), (61, 66), (62, 15), (63, 58), (64, 60), (65, 77), (66, 50), (67, 48), (68, 18), (69, 3), (70, 26), (71, 43), (74, 0), (72, 41), (73, 27)]
og index list energy: 68610396.05621769
index_list: [(0, 72), (1, 1), (2, 2), (3, 3), (4, 4), (5, 5), (6, 6), (7, 7), (8, 8), (9, 73), (10, 76), (11, 9), (12, 10), (13, 11), (79, 79), (14, 14), (15, 15), (16, 16), (78, 49), (17, 17), (18, 18), (19, 19), (20, 20), (21, 21), (22, 22), (23, 23), (24, 24), (25, 25), (26, 26), (27, 27), (28, 28), (29, 29), (30, 30), (31, 31), (32, 74), (77, 42), (33, 33), (34, 34), (35, 35), (36, 36), (37, 37), (38, 38), (39, 39), (40, 40), (41, 41), (76, 50), (42, 78), (43, 32), (44, 12), (45, 13), (46, 46), (47, 47), (48, 48), (49, 75), (50, 43), (51, 51), (52, 52), (53, 53), (54, 54), (55, 55), (56, 56), (57, 57), (58, 58), (75, 77), (59, 59), (60, 60), (61, 61), (62, 62), (63, 63), (64, 64), (65, 65), (66, 66), (67, 67), (68, 68), (69, 69), (70, 70), (71, 71), (74, 0), (72, 44), (73, 45)]
index list: [72, 1, 2, 3, 4, 5, 6, 7, 8, 73, 76, 9, 10, 11, 79, 14, 15, 16, 49, 17, 18, 19, 20, 21, 22, 23, 24, 25, 26, 27, 28, 29, 30, 31, 74, 42, 33, 34, 35, 36, 37, 38, 39, 40, 41, 50, 78, 32, 12, 13, 46, 47, 48, 75, 43, 51, 52, 53, 54, 55, 56, 57, 58, 77, 59, 60, 61, 62, 63, 64, 65, 66, 67, 68, 69, 70, 71, 0, 44, 45]
index list energy: 177509.90261672882
Done


iterations: 10000000 temp: 1000000.0 exponent: 0.7 eif: 300.0
time taken (sec): 799.1137413978577
number of iterations: 10000000
og index list: [(0, 41), (1, 39), (2, 12), (3, 26), (4, 13), (5, 70), (6, 29), (7, 77), (8, 6), (9, 56), (10, 65), (11, 66), (12, 10), (13, 20), (79, 5), (14, 49), (15, 47), (16, 15), (78, 18), (17, 63), (18, 33), (19, 4), (20, 35), (21, 16), (22, 21), (23, 62), (24, 58), (25, 22), (26, 40), (27, 3), (28, 34), (29, 1), (30, 43), (31, 52), (32, 60), (77, 38), (33, 11), (34, 0), (35, 71), (36, 44), (37, 23), (38, 72), (39, 7), (40, 30), (41, 42), (76, 14), (42, 8), (43, 78), (44, 79), (45, 9), (46, 25), (47, 53), (48, 37), (49, 27), (50, 64), (51, 19), (52, 76), (53, 68), (54, 32), (55, 2), (56, 48), (57, 17), (58, 36), (75, 73), (59, 67), (60, 54), (61, 51), (62, 50), (63, 59), (64, 75), (65, 61), (66, 31), (67, 69), (68, 46), (69, 28), (70, 55), (71, 74), (74, 24), (72, 45), (73, 57)]
og index list energy: 94459422.15918495
index_list: [(0, 43), (1, 1), (2, 2), (3, 3), (4, 4), (5, 5), (6, 6), (7, 7), (8, 8), (9, 9), (10, 10), (11, 11), (12, 12), (13, 13), (79, 32), (14, 75), (15, 15), (16, 16), (78, 79), (17, 17), (18, 18), (19, 19), (20, 20), (21, 21), (22, 22), (23, 23), (24, 24), (25, 25), (26, 26), (27, 27), (28, 28), (29, 29), (30, 30), (31, 31), (32, 76), (77, 42), (33, 33), (34, 34), (35, 35), (36, 36), (37, 37), (38, 38), (39, 39), (40, 40), (41, 41), (76, 77), (42, 14), (43, 78), (44, 44), (45, 45), (46, 46), (47, 47), (48, 48), (49, 0), (50, 50), (51, 51), (52, 52), (53, 53), (54, 54), (55, 55), (56, 56), (57, 57), (58, 58), (75, 74), (59, 59), (60, 60), (61, 61), (62, 62), (63, 63), (64, 64), (65, 65), (66, 66), (67, 67), (68, 68), (69, 69), (70, 70), (71, 71), (74, 49), (72, 72), (73, 73)]
index list: [43, 1, 2, 3, 4, 5, 6, 7, 8, 9, 10, 11, 12, 13, 32, 75, 15, 16, 79, 17, 18, 19, 20, 21, 22, 23, 24, 25, 26, 27, 28, 29, 30, 31, 76, 42, 33, 34, 35, 36, 37, 38, 39, 40, 41, 77, 14, 78, 44, 45, 46, 47, 48, 0, 50, 51, 52, 53, 54, 55, 56, 57, 58, 74, 59, 60, 61, 62, 63, 64, 65, 66, 67, 68, 69, 70, 71, 49, 72, 73]
index list energy: 143618.65363076332
Done


iterations: 10000000 temp: 1000000.0 exponent: 0.7 eif: 300.0
time taken (sec): 847.5057365894318
number of iterations: 10000000
og index list: [(0, 3), (1, 60), (2, 56), (3, 61), (4, 67), (5, 22), (6, 78), (7, 37), (8, 69), (9, 40), (10, 46), (11, 23), (12, 75), (13, 64), (79, 29), (14, 1), (15, 33), (16, 76), (78, 32), (17, 6), (18, 20), (19, 8), (20, 62), (21, 68), (22, 57), (23, 41), (24, 0), (25, 5), (26, 31), (27, 51), (28, 49), (29, 55), (30, 73), (31, 42), (32, 48), (77, 10), (33, 4), (34, 72), (35, 34), (36, 45), (37, 13), (38, 63), (39, 59), (40, 70), (41, 9), (76, 35), (42, 21), (43, 24), (44, 54), (45, 25), (46, 28), (47, 16), (48, 38), (49, 14), (50, 19), (51, 66), (52, 50), (53, 15), (54, 27), (55, 2), (56, 43), (57, 7), (58, 58), (75, 18), (59, 26), (60, 17), (61, 65), (62, 39), (63, 79), (64, 53), (65, 36), (66, 74), (67, 77), (68, 52), (69, 11), (70, 44), (71, 47), (74, 12), (72, 30), (73, 71)]
og index list energy: 132041462.68564746
index_list: [(0, 0), (1, 1), (2, 2), (3, 3), (4, 4), (5, 5), (6, 6), (7, 7), (8, 8), (9, 9), (10, 10), (11, 11), (12, 12), (13, 13), (79, 75), (14, 14), (15, 15), (16, 16), (78, 79), (17, 17), (18, 18), (19, 19), (20, 20), (21, 21), (22, 22), (23, 23), (24, 24), (25, 25), (26, 26), (27, 27), (28, 28), (29, 29), (30, 30), (31, 31), (32, 32), (77, 76), (33, 33), (34, 34), (35, 35), (36, 36), (37, 37), (38, 38), (39, 39), (40, 40), (41, 41), (76, 78), (42, 42), (43, 43), (44, 44), (45, 45), (46, 46), (47, 47), (48, 48), (49, 74), (50, 50), (51, 51), (52, 52), (53, 53), (54, 54), (55, 55), (56, 56), (57, 57), (58, 58), (75, 77), (59, 59), (60, 60), (61, 61), (62, 62), (63, 63), (64, 64), (65, 65), (66, 66), (67, 67), (68, 68), (69, 69), (70, 70), (71, 71), (74, 49), (72, 72), (73, 73)]
index list: [0, 1, 2, 3, 4, 5, 6, 7, 8, 9, 10, 11, 12, 13, 75, 14, 15, 16, 79, 17, 18, 19, 20, 21, 22, 23, 24, 25, 26, 27, 28, 29, 30, 31, 32, 76, 33, 34, 35, 36, 37, 38, 39, 40, 41, 78, 42, 43, 44, 45, 46, 47, 48, 74, 50, 51, 52, 53, 54, 55, 56, 57, 58, 77, 59, 60, 61, 62, 63, 64, 65, 66, 67, 68, 69, 70, 71, 49, 72, 73]
index list energy: 98209.82393678775
Done


iterations: 10000000 temp: 1000000.0 exponent: 0.7 eif: 300.0
time taken (sec): 788.5898795127869
number of iterations: 10000000
og index list: [(0, 6), (1, 1), (2, 74), (3, 23), (4, 54), (5, 44), (6, 26), (7, 47), (8, 16), (9, 52), (10, 65), (11, 77), (12, 56), (13, 27), (79, 73), (14, 7), (15, 68), (16, 5), (78, 3), (17, 4), (18, 79), (19, 62), (20, 66), (21, 12), (22, 22), (23, 28), (24, 17), (25, 51), (26, 32), (27, 2), (28, 70), (29, 13), (30, 33), (31, 48), (32, 39), (77, 60), (33, 21), (34, 35), (35, 38), (36, 18), (37, 59), (38, 0), (39, 34), (40, 53), (41, 9), (76, 78), (42, 55), (43, 15), (44, 10), (45, 69), (46, 45), (47, 14), (48, 42), (49, 30), (50, 11), (51, 61), (52, 71), (53, 36), (54, 58), (55, 41), (56, 20), (57, 57), (58, 72), (75, 67), (59, 75), (60, 25), (61, 29), (62, 46), (63, 19), (64, 40), (65, 50), (66, 37), (67, 24), (68, 8), (69, 63), (70, 31), (71, 64), (74, 76), (72, 49), (73, 43)]
og index list energy: 99237413.62521261
index_list: [(0, 72), (1, 1), (2, 2), (3, 3), (4, 4), (5, 5), (6, 6), (7, 7), (8, 8), (9, 9), (10, 10), (11, 11), (12, 12), (13, 13), (79, 79), (14, 14), (15, 15), (16, 16), (78, 74), (17, 17), (18, 18), (19, 19), (20, 20), (21, 21), (22, 22), (23, 23), (24, 24), (25, 25), (26, 26), (27, 27), (28, 28), (29, 29), (30, 30), (31, 31), (32, 78), (77, 42), (33, 33), (34, 34), (35, 35), (36, 36), (37, 37), (38, 38), (39, 39), (40, 40), (41, 41), (76, 0), (42, 73), (43, 75), (44, 44), (45, 45), (46, 46), (47, 47), (48, 48), (49, 77), (50, 43), (51, 51), (52, 52), (53, 53), (54, 54), (55, 55), (56, 56), (57, 57), (58, 58), (75, 49), (59, 59), (60, 60), (61, 61), (62, 62), (63, 63), (64, 64), (65, 65), (66, 66), (67, 67), (68, 68), (69, 69), (70, 70), (71, 71), (74, 50), (72, 76), (73, 32)]
index list: [72, 1, 2, 3, 4, 5, 6, 7, 8, 9, 10, 11, 12, 13, 79, 14, 15, 16, 74, 17, 18, 19, 20, 21, 22, 23, 24, 25, 26, 27, 28, 29, 30, 31, 78, 42, 33, 34, 35, 36, 37, 38, 39, 40, 41, 0, 73, 75, 44, 45, 46, 47, 48, 77, 43, 51, 52, 53, 54, 55, 56, 57, 58, 49, 59, 60, 61, 62, 63, 64, 65, 66, 67, 68, 69, 70, 71, 50, 76, 32]
index list energy: 126984.44156874093
Done


iterations: 10000000 temp: 1000000.0 exponent: 0.7 eif: 300.0
time taken (sec): 753.7221159934998
number of iterations: 10000000
og index list: [(0, 43), (1, 23), (2, 38), (3, 32), (4, 19), (5, 26), (6, 59), (7, 40), (8, 74), (9, 77), (10, 2), (11, 39), (12, 20), (13, 18), (79, 1), (14, 14), (15, 36), (16, 24), (78, 28), (17, 6), (18, 47), (19, 49), (20, 16), (21, 70), (22, 30), (23, 55), (24, 78), (25, 27), (26, 35), (27, 71), (28, 63), (29, 48), (30, 12), (31, 72), (32, 57), (77, 8), (33, 76), (34, 75), (35, 0), (36, 41), (37, 10), (38, 67), (39, 42), (40, 17), (41, 50), (76, 46), (42, 51), (43, 61), (44, 34), (45, 22), (46, 21), (47, 5), (48, 11), (49, 64), (50, 33), (51, 62), (52, 73), (53, 3), (54, 7), (55, 25), (56, 31), (57, 69), (58, 79), (75, 68), (59, 60), (60, 65), (61, 45), (62, 9), (63, 54), (64, 13), (65, 4), (66, 44), (67, 37), (68, 56), (69, 58), (70, 53), (71, 29), (74, 15), (72, 66), (73, 52)]
og index list energy: 106575938.08960572
index_list: [(0, 7), (1, 0), (2, 73), (3, 50), (4, 11), (5, 12), (6, 13), (7, 76), (8, 72), (9, 1), (10, 2), (11, 3), (12, 75), (13, 23), (79, 14), (14, 5), (15, 6), (16, 24), (78, 77), (17, 17), (18, 18), (19, 19), (20, 20), (21, 21), (22, 22), (23, 8), (24, 16), (25, 25), (26, 26), (27, 27), (28, 28), (29, 29), (30, 30), (31, 31), (32, 32), (77, 74), (33, 33), (34, 34), (35, 35), (36, 36), (37, 37), (38, 38), (39, 39), (40, 40), (41, 41), (76, 49), (42, 42), (43, 43), (44, 44), (45, 45), (46, 46), (47, 47), (48, 48), (49, 79), (50, 10), (51, 51), (52, 52), (53, 53), (54, 54), (55, 55), (56, 56), (57, 57), (58, 58), (75, 78), (59, 59), (60, 60), (61, 61), (62, 62), (63, 63), (64, 64), (65, 65), (66, 66), (67, 67), (68, 68), (69, 69), (70, 70), (71, 71), (74, 4), (72, 15), (73, 9)]
index list: [7, 0, 73, 50, 11, 12, 13, 76, 72, 1, 2, 3, 75, 23, 14, 5, 6, 24, 77, 17, 18, 19, 20, 21, 22, 8, 16, 25, 26, 27, 28, 29, 30, 31, 32, 74, 33, 34, 35, 36, 37, 38, 39, 40, 41, 49, 42, 43, 44, 45, 46, 47, 48, 79, 10, 51, 52, 53, 54, 55, 56, 57, 58, 78, 59, 60, 61, 62, 63, 64, 65, 66, 67, 68, 69, 70, 71, 4, 15, 9]
index list energy: 454335.94091063214
Done


iterations: 10000000 temp: 1000000.0 exponent: 0.7 eif: 300.0
time taken (sec): 872.2217583656311
number of iterations: 10000000
og index list: [(0, 11), (1, 59), (2, 49), (3, 45), (4, 31), (5, 50), (6, 4), (7, 61), (8, 53), (9, 15), (10, 62), (11, 79), (12, 69), (13, 68), (79, 35), (14, 2), (15, 47), (16, 26), (78, 41), (17, 76), (18, 18), (19, 8), (20, 71), (21, 34), (22, 5), (23, 36), (24, 0), (25, 55), (26, 22), (27, 17), (28, 44), (29, 20), (30, 46), (31, 14), (32, 37), (77, 32), (33, 33), (34, 12), (35, 67), (36, 24), (37, 57), (38, 52), (39, 6), (40, 28), (41, 63), (76, 23), (42, 30), (43, 73), (44, 9), (45, 43), (46, 19), (47, 58), (48, 7), (49, 74), (50, 72), (51, 16), (52, 54), (53, 1), (54, 51), (55, 78), (56, 25), (57, 75), (58, 38), (75, 56), (59, 65), (60, 10), (61, 3), (62, 64), (63, 66), (64, 13), (65, 60), (66, 48), (67, 39), (68, 29), (69, 40), (70, 27), (71, 42), (74, 21), (72, 77), (73, 70)]
og index list energy: 121189076.2205129
index_list: [(0, 0), (1, 1), (2, 2), (3, 3), (4, 4), (5, 5), (6, 6), (7, 7), (8, 8), (9, 9), (10, 10), (11, 11), (12, 12), (13, 13), (79, 74), (14, 14), (15, 15), (16, 16), (78, 76), (17, 17), (18, 18), (19, 19), (20, 20), (21, 21), (22, 22), (23, 23), (24, 24), (25, 25), (26, 26), (27, 27), (28, 28), (29, 29), (30, 30), (31, 31), (32, 32), (77, 75), (33, 33), (34, 34), (35, 35), (36, 36), (37, 37), (38, 38), (39, 39), (40, 40), (41, 41), (76, 78), (42, 42), (43, 43), (44, 44), (45, 45), (46, 46), (47, 47), (48, 48), (49, 77), (50, 50), (51, 51), (52, 52), (53, 53), (54, 54), (55, 55), (56, 56), (57, 57), (58, 58), (75, 79), (59, 59), (60, 60), (61, 61), (62, 62), (63, 63), (64, 64), (65, 65), (66, 66), (67, 67), (68, 68), (69, 69), (70, 70), (71, 71), (74, 49), (72, 72), (73, 73)]
index list: [0, 1, 2, 3, 4, 5, 6, 7, 8, 9, 10, 11, 12, 13, 74, 14, 15, 16, 76, 17, 18, 19, 20, 21, 22, 23, 24, 25, 26, 27, 28, 29, 30, 31, 32, 75, 33, 34, 35, 36, 37, 38, 39, 40, 41, 78, 42, 43, 44, 45, 46, 47, 48, 77, 50, 51, 52, 53, 54, 55, 56, 57, 58, 79, 59, 60, 61, 62, 63, 64, 65, 66, 67, 68, 69, 70, 71, 49, 72, 73]
index list energy: 98209.82393678775
Done


iterations: 10000000 temp: 1000000.0 exponent: 0.7 eif: 300.0
time taken (sec): 861.504768371582
number of iterations: 10000000
og index list: [(0, 45), (1, 29), (2, 59), (3, 52), (4, 31), (5, 36), (6, 53), (7, 42), (8, 72), (9, 20), (10, 65), (11, 60), (12, 76), (13, 48), (79, 79), (14, 58), (15, 51), (16, 25), (78, 41), (17, 4), (18, 69), (19, 33), (20, 7), (21, 6), (22, 54), (23, 16), (24, 9), (25, 27), (26, 64), (27, 62), (28, 21), (29, 43), (30, 2), (31, 75), (32, 0), (77, 11), (33, 38), (34, 22), (35, 49), (36, 63), (37, 73), (38, 78), (39, 35), (40, 1), (41, 32), (76, 26), (42, 34), (43, 70), (44, 56), (45, 68), (46, 28), (47, 55), (48, 77), (49, 57), (50, 10), (51, 37), (52, 24), (53, 3), (54, 50), (55, 74), (56, 66), (57, 47), (58, 14), (75, 13), (59, 8), (60, 23), (61, 5), (62, 71), (63, 19), (64, 46), (65, 15), (66, 12), (67, 39), (68, 67), (69, 17), (70, 30), (71, 40), (74, 61), (72, 44), (73, 18)]
og index list energy: 100272494.15840156
index_list: [(0, 0), (1, 1), (2, 2), (3, 3), (4, 4), (5, 5), (6, 6), (7, 7), (8, 8), (9, 9), (10, 10), (11, 11), (12, 12), (13, 13), (79, 74), (14, 14), (15, 15), (16, 16), (78, 78), (17, 17), (18, 18), (19, 19), (20, 20), (21, 21), (22, 22), (23, 23), (24, 24), (25, 25), (26, 26), (27, 27), (28, 28), (29, 29), (30, 30), (31, 31), (32, 32), (77, 76), (33, 33), (34, 34), (35, 35), (36, 36), (37, 37), (38, 38), (39, 39), (40, 40), (41, 41), (76, 49), (42, 42), (43, 43), (44, 44), (45, 45), (46, 46), (47, 47), (48, 48), (49, 77), (50, 50), (51, 51), (52, 52), (53, 53), (54, 54), (55, 55), (56, 56), (57, 57), (58, 58), (75, 79), (59, 59), (60, 60), (61, 61), (62, 62), (63, 63), (64, 64), (65, 65), (66, 66), (67, 67), (68, 68), (69, 69), (70, 70), (71, 71), (74, 75), (72, 72), (73, 73)]
index list: [0, 1, 2, 3, 4, 5, 6, 7, 8, 9, 10, 11, 12, 13, 74, 14, 15, 16, 78, 17, 18, 19, 20, 21, 22, 23, 24, 25, 26, 27, 28, 29, 30, 31, 32, 76, 33, 34, 35, 36, 37, 38, 39, 40, 41, 49, 42, 43, 44, 45, 46, 47, 48, 77, 50, 51, 52, 53, 54, 55, 56, 57, 58, 79, 59, 60, 61, 62, 63, 64, 65, 66, 67, 68, 69, 70, 71, 75, 72, 73]
index list energy: 98209.82393678775
Done


iterations: 10000000 temp: 1000000.0 exponent: 0.7 eif: 300.0
time taken (sec): 204.56167578697205
number of iterations: 3770044
og index list: [(0, 45), (1, 23), (2, 21), (3, 49), (4, 4), (5, 0), (6, 11), (7, 38), (8, 52), (9, 56), (10, 3), (11, 17), (12, 69), (13, 19), (79, 28), (14, 10), (15, 50), (16, 9), (78, 30), (17, 71), (18, 41), (19, 1), (20, 39), (21, 12), (22, 64), (23, 25), (24, 51), (25, 16), (26, 26), (27, 74), (28, 70), (29, 20), (30, 42), (31, 57), (32, 2), (77, 32), (33, 40), (34, 67), (35, 72), (36, 13), (37, 54), (38, 14), (39, 62), (40, 55), (41, 31), (76, 77), (42, 34), (43, 29), (44, 5), (45, 15), (46, 73), (47, 7), (48, 36), (49, 46), (50, 33), (51, 47), (52, 22), (53, 76), (54, 8), (55, 6), (56, 63), (57, 59), (58, 68), (75, 27), (59, 58), (60, 43), (61, 37), (62, 44), (63, 75), (64, 79), (65, 24), (66, 66), (67, 53), (68, 61), (69, 65), (70, 48), (71, 60), (74, 78), (72, 18), (73, 35)]
og index list energy: 108688185.19115295
index_list: [(0, 44), (1, 45), (2, 46), (3, 41), (4, 71), (5, 40), (6, 6), (7, 7), (8, 8), (9, 69), (10, 70), (11, 77), (12, 14), (13, 5), (79, 3), (14, 4), (15, 15), (16, 19), (78, 68), (17, 17), (18, 18), (19, 32), (20, 20), (21, 21), (22, 22), (23, 23), (24, 24), (25, 25), (26, 26), (27, 27), (28, 28), (29, 29), (30, 30), (31, 31), (32, 78), (77, 43), (33, 36), (34, 37), (35, 38), (36, 48), (37, 50), (38, 49), (39, 16), (40, 0), (41, 1), (76, 2), (42, 9), (43, 10), (44, 11), (45, 12), (46, 13), (47, 76), (48, 33), (49, 34), (50, 35), (51, 51), (52, 52), (53, 53), (54, 54), (55, 55), (56, 56), (57, 57), (58, 58), (75, 75), (59, 59), (60, 60), (61, 61), (62, 62), (63, 63), (64, 64), (65, 65), (66, 66), (67, 67), (68, 79), (69, 47), (70, 39), (71, 74), (74, 42), (72, 72), (73, 73)]
index list: [44, 45, 46, 41, 71, 40, 6, 7, 8, 69, 70, 77, 14, 5, 3, 4, 15, 19, 68, 17, 18, 32, 20, 21, 22, 23, 24, 25, 26, 27, 28, 29, 30, 31, 78, 43, 36, 37, 38, 48, 50, 49, 16, 0, 1, 2, 9, 10, 11, 12, 13, 76, 33, 34, 35, 51, 52, 53, 54, 55, 56, 57, 58, 75, 59, 60, 61, 62, 63, 64, 65, 66, 67, 79, 47, 39, 74, 42, 72, 73]
index list energy: 564076.6578372153
Done


