## SLURM PROLOG ###############################################################
##    Job ID : 2089314
##  Job Name : HNCA_50
##  Nodelist : node1158
##      CPUs : 1
##  Mem/Node : 1024 MB
## Directory : /gpfs/data/nfawzi/skale/Fawzi_pycharm_project
##   Started : Fri Jan 18 23:39:10 EST 2019
###############################################################################
iterations: 10000000 temp: 1000000.0 exponent: 0.7 eif: 300.0
time taken (sec): 922.9023396968842
number of iterations: 10000000
og index list: [(0, 59), (1, 0), (2, 36), (3, 61), (4, 55), (5, 33), (6, 41), (7, 50), (8, 24), (9, 37), (10, 29), (11, 48), (12, 6), (13, 25), (79, 32), (14, 49), (15, 13), (16, 40), (78, 19), (17, 15), (18, 60), (19, 54), (20, 23), (21, 35), (22, 70), (23, 75), (24, 17), (25, 58), (26, 9), (27, 47), (28, 39), (29, 11), (30, 7), (31, 26), (32, 69), (77, 43), (33, 64), (34, 28), (35, 76), (36, 38), (37, 42), (38, 63), (39, 56), (40, 10), (41, 4), (76, 67), (42, 77), (43, 78), (44, 21), (45, 71), (46, 22), (47, 44), (48, 72), (49, 5), (50, 52), (51, 20), (52, 57), (53, 31), (54, 8), (55, 27), (56, 30), (57, 45), (58, 3), (75, 18), (59, 66), (60, 34), (61, 14), (62, 2), (63, 46), (64, 65), (65, 62), (66, 73), (67, 74), (68, 1), (69, 12), (70, 16), (71, 51), (74, 79), (72, 68), (73, 53)]
og index list energy: 91369527.6315906
index_list: [(0, 72), (1, 1), (2, 2), (3, 3), (4, 4), (5, 5), (6, 6), (7, 7), (8, 8), (9, 9), (10, 10), (11, 11), (12, 12), (13, 13), (79, 77), (14, 14), (15, 15), (16, 16), (78, 76), (17, 17), (18, 18), (19, 19), (20, 20), (21, 21), (22, 22), (23, 23), (24, 24), (25, 25), (26, 26), (27, 27), (28, 28), (29, 29), (30, 30), (31, 31), (32, 75), (77, 42), (33, 33), (34, 34), (35, 35), (36, 36), (37, 37), (38, 38), (39, 39), (40, 40), (41, 41), (76, 79), (42, 32), (43, 74), (44, 44), (45, 45), (46, 46), (47, 47), (48, 48), (49, 78), (50, 43), (51, 51), (52, 52), (53, 53), (54, 54), (55, 55), (56, 56), (57, 57), (58, 58), (75, 49), (59, 59), (60, 60), (61, 61), (62, 62), (63, 63), (64, 64), (65, 65), (66, 66), (67, 67), (68, 68), (69, 69), (70, 70), (71, 71), (74, 0), (72, 73), (73, 50)]
index list: [72, 1, 2, 3, 4, 5, 6, 7, 8, 9, 10, 11, 12, 13, 77, 14, 15, 16, 76, 17, 18, 19, 20, 21, 22, 23, 24, 25, 26, 27, 28, 29, 30, 31, 75, 42, 33, 34, 35, 36, 37, 38, 39, 40, 41, 79, 32, 74, 44, 45, 46, 47, 48, 78, 43, 51, 52, 53, 54, 55, 56, 57, 58, 49, 59, 60, 61, 62, 63, 64, 65, 66, 67, 68, 69, 70, 71, 0, 73, 50]
index list energy: 129754.84923514191
Done


iterations: 10000000 temp: 1000000.0 exponent: 0.7 eif: 300.0
time taken (sec): 1013.2441990375519
number of iterations: 10000000
og index list: [(0, 61), (1, 58), (2, 60), (3, 32), (4, 76), (5, 21), (6, 59), (7, 4), (8, 44), (9, 37), (10, 16), (11, 53), (12, 49), (13, 0), (79, 34), (14, 48), (15, 64), (16, 15), (78, 20), (17, 1), (18, 54), (19, 45), (20, 41), (21, 70), (22, 27), (23, 42), (24, 74), (25, 75), (26, 30), (27, 36), (28, 79), (29, 40), (30, 2), (31, 29), (32, 24), (77, 56), (33, 43), (34, 47), (35, 28), (36, 14), (37, 8), (38, 55), (39, 5), (40, 33), (41, 51), (76, 65), (42, 67), (43, 9), (44, 17), (45, 52), (46, 62), (47, 66), (48, 57), (49, 73), (50, 69), (51, 7), (52, 22), (53, 35), (54, 25), (55, 46), (56, 78), (57, 6), (58, 38), (75, 13), (59, 18), (60, 68), (61, 23), (62, 71), (63, 10), (64, 72), (65, 31), (66, 11), (67, 19), (68, 12), (69, 50), (70, 26), (71, 63), (74, 3), (72, 39), (73, 77)]
og index list energy: 130764292.57022619
index_list: [(0, 0), (1, 1), (2, 2), (3, 3), (4, 4), (5, 5), (6, 6), (7, 7), (8, 8), (9, 9), (10, 10), (11, 11), (12, 12), (13, 13), (79, 74), (14, 14), (15, 15), (16, 16), (78, 79), (17, 17), (18, 18), (19, 19), (20, 20), (21, 21), (22, 22), (23, 23), (24, 24), (25, 25), (26, 26), (27, 27), (28, 28), (29, 29), (30, 30), (31, 31), (32, 32), (77, 77), (33, 33), (34, 34), (35, 35), (36, 36), (37, 37), (38, 38), (39, 39), (40, 40), (41, 41), (76, 78), (42, 42), (43, 43), (44, 44), (45, 45), (46, 46), (47, 47), (48, 48), (49, 75), (50, 50), (51, 51), (52, 52), (53, 53), (54, 54), (55, 55), (56, 56), (57, 57), (58, 58), (75, 76), (59, 59), (60, 60), (61, 61), (62, 62), (63, 63), (64, 64), (65, 65), (66, 66), (67, 67), (68, 68), (69, 69), (70, 70), (71, 71), (74, 49), (72, 72), (73, 73)]
index list: [0, 1, 2, 3, 4, 5, 6, 7, 8, 9, 10, 11, 12, 13, 74, 14, 15, 16, 79, 17, 18, 19, 20, 21, 22, 23, 24, 25, 26, 27, 28, 29, 30, 31, 32, 77, 33, 34, 35, 36, 37, 38, 39, 40, 41, 78, 42, 43, 44, 45, 46, 47, 48, 75, 50, 51, 52, 53, 54, 55, 56, 57, 58, 76, 59, 60, 61, 62, 63, 64, 65, 66, 67, 68, 69, 70, 71, 49, 72, 73]
index list energy: 98209.82393678775
Done


iterations: 10000000 temp: 1000000.0 exponent: 0.7 eif: 300.0
time taken (sec): 989.449960231781
number of iterations: 10000000
og index list: [(0, 24), (1, 72), (2, 51), (3, 66), (4, 60), (5, 39), (6, 56), (7, 62), (8, 1), (9, 8), (10, 43), (11, 57), (12, 49), (13, 12), (79, 54), (14, 15), (15, 41), (16, 34), (78, 75), (17, 10), (18, 11), (19, 48), (20, 35), (21, 28), (22, 20), (23, 71), (24, 70), (25, 37), (26, 5), (27, 67), (28, 64), (29, 42), (30, 4), (31, 55), (32, 21), (77, 26), (33, 73), (34, 18), (35, 30), (36, 17), (37, 3), (38, 44), (39, 52), (40, 25), (41, 0), (76, 16), (42, 76), (43, 61), (44, 36), (45, 74), (46, 78), (47, 14), (48, 6), (49, 58), (50, 31), (51, 32), (52, 13), (53, 22), (54, 53), (55, 9), (56, 33), (57, 46), (58, 23), (75, 19), (59, 65), (60, 68), (61, 38), (62, 29), (63, 2), (64, 40), (65, 47), (66, 63), (67, 27), (68, 50), (69, 7), (70, 45), (71, 77), (74, 59), (72, 79), (73, 69)]
og index list energy: 108772876.071894
index_list: [(0, 0), (1, 1), (2, 2), (3, 3), (4, 4), (5, 5), (6, 6), (7, 7), (8, 8), (9, 9), (10, 10), (11, 11), (12, 12), (13, 13), (79, 77), (14, 14), (15, 15), (16, 16), (78, 79), (17, 17), (18, 18), (19, 19), (20, 20), (21, 21), (22, 22), (23, 23), (24, 24), (25, 25), (26, 26), (27, 27), (28, 28), (29, 29), (30, 30), (31, 31), (32, 32), (77, 76), (33, 33), (34, 34), (35, 35), (36, 36), (37, 37), (38, 38), (39, 39), (40, 40), (41, 41), (76, 75), (42, 42), (43, 43), (44, 44), (45, 45), (46, 46), (47, 47), (48, 48), (49, 78), (50, 50), (51, 51), (52, 52), (53, 53), (54, 54), (55, 55), (56, 56), (57, 57), (58, 58), (75, 49), (59, 59), (60, 60), (61, 61), (62, 62), (63, 63), (64, 64), (65, 65), (66, 66), (67, 67), (68, 68), (69, 69), (70, 70), (71, 71), (74, 74), (72, 72), (73, 73)]
index list: [0, 1, 2, 3, 4, 5, 6, 7, 8, 9, 10, 11, 12, 13, 77, 14, 15, 16, 79, 17, 18, 19, 20, 21, 22, 23, 24, 25, 26, 27, 28, 29, 30, 31, 32, 76, 33, 34, 35, 36, 37, 38, 39, 40, 41, 75, 42, 43, 44, 45, 46, 47, 48, 78, 50, 51, 52, 53, 54, 55, 56, 57, 58, 49, 59, 60, 61, 62, 63, 64, 65, 66, 67, 68, 69, 70, 71, 74, 72, 73]
index list energy: 98209.82393678775
Done


iterations: 10000000 temp: 1000000.0 exponent: 0.7 eif: 300.0
time taken (sec): 889.0278778076172
number of iterations: 10000000
og index list: [(0, 8), (1, 56), (2, 25), (3, 43), (4, 52), (5, 60), (6, 33), (7, 71), (8, 24), (9, 19), (10, 55), (11, 28), (12, 47), (13, 2), (79, 46), (14, 67), (15, 78), (16, 22), (78, 74), (17, 14), (18, 6), (19, 35), (20, 5), (21, 16), (22, 64), (23, 58), (24, 18), (25, 17), (26, 48), (27, 38), (28, 69), (29, 3), (30, 23), (31, 15), (32, 62), (77, 9), (33, 61), (34, 30), (35, 41), (36, 44), (37, 34), (38, 77), (39, 79), (40, 54), (41, 70), (76, 20), (42, 68), (43, 65), (44, 72), (45, 51), (46, 27), (47, 40), (48, 4), (49, 49), (50, 12), (51, 7), (52, 75), (53, 63), (54, 37), (55, 29), (56, 53), (57, 31), (58, 45), (75, 57), (59, 21), (60, 76), (61, 59), (62, 11), (63, 39), (64, 0), (65, 1), (66, 50), (67, 32), (68, 73), (69, 10), (70, 42), (71, 36), (74, 26), (72, 66), (73, 13)]
og index list energy: 90120118.20111954
index_list: [(0, 72), (1, 1), (2, 2), (3, 3), (4, 4), (5, 5), (6, 6), (7, 7), (8, 8), (9, 41), (10, 71), (11, 74), (12, 14), (13, 15), (79, 16), (14, 40), (15, 47), (16, 39), (78, 76), (17, 17), (18, 18), (19, 19), (20, 20), (21, 21), (22, 22), (23, 23), (24, 24), (25, 25), (26, 26), (27, 27), (28, 28), (29, 29), (30, 30), (31, 31), (32, 32), (77, 77), (33, 33), (34, 34), (35, 35), (36, 36), (37, 37), (38, 38), (39, 78), (40, 42), (41, 43), (76, 44), (42, 45), (43, 9), (44, 10), (45, 11), (46, 12), (47, 75), (48, 48), (49, 0), (50, 50), (51, 51), (52, 52), (53, 53), (54, 54), (55, 55), (56, 56), (57, 57), (58, 58), (75, 49), (59, 59), (60, 60), (61, 61), (62, 62), (63, 63), (64, 64), (65, 65), (66, 66), (67, 67), (68, 68), (69, 69), (70, 70), (71, 79), (74, 13), (72, 46), (73, 73)]
index list: [72, 1, 2, 3, 4, 5, 6, 7, 8, 41, 71, 74, 14, 15, 16, 40, 47, 39, 76, 17, 18, 19, 20, 21, 22, 23, 24, 25, 26, 27, 28, 29, 30, 31, 32, 77, 33, 34, 35, 36, 37, 38, 78, 42, 43, 44, 45, 9, 10, 11, 12, 75, 48, 0, 50, 51, 52, 53, 54, 55, 56, 57, 58, 49, 59, 60, 61, 62, 63, 64, 65, 66, 67, 68, 69, 70, 79, 13, 46, 73]
index list energy: 289294.06336263346
Done


iterations: 10000000 temp: 1000000.0 exponent: 0.7 eif: 300.0
time taken (sec): 918.1727402210236
number of iterations: 10000000
og index list: [(0, 72), (1, 21), (2, 64), (3, 44), (4, 48), (5, 34), (6, 31), (7, 7), (8, 32), (9, 33), (10, 5), (11, 35), (12, 49), (13, 43), (79, 47), (14, 6), (15, 51), (16, 20), (78, 46), (17, 30), (18, 74), (19, 16), (20, 23), (21, 66), (22, 59), (23, 60), (24, 50), (25, 25), (26, 57), (27, 78), (28, 29), (29, 77), (30, 11), (31, 67), (32, 9), (77, 61), (33, 45), (34, 10), (35, 37), (36, 28), (37, 17), (38, 4), (39, 55), (40, 53), (41, 19), (76, 56), (42, 1), (43, 65), (44, 12), (45, 63), (46, 2), (47, 69), (48, 0), (49, 38), (50, 75), (51, 79), (52, 8), (53, 73), (54, 52), (55, 70), (56, 14), (57, 27), (58, 58), (75, 15), (59, 22), (60, 68), (61, 40), (62, 13), (63, 54), (64, 71), (65, 18), (66, 36), (67, 62), (68, 26), (69, 76), (70, 24), (71, 41), (74, 3), (72, 42), (73, 39)]
og index list energy: 84104863.9163206
index_list: [(0, 72), (1, 1), (2, 2), (3, 3), (4, 4), (5, 5), (6, 6), (7, 7), (8, 8), (9, 9), (10, 10), (11, 11), (12, 12), (13, 13), (79, 79), (14, 14), (15, 15), (16, 16), (78, 49), (17, 17), (18, 18), (19, 19), (20, 20), (21, 21), (22, 22), (23, 23), (24, 24), (25, 25), (26, 26), (27, 27), (28, 28), (29, 29), (30, 30), (31, 31), (32, 32), (77, 75), (33, 33), (34, 34), (35, 35), (36, 36), (37, 37), (38, 38), (39, 39), (40, 40), (41, 41), (76, 65), (42, 78), (43, 43), (44, 44), (45, 45), (46, 46), (47, 47), (48, 48), (49, 64), (50, 50), (51, 51), (52, 52), (53, 53), (54, 54), (55, 55), (56, 56), (57, 57), (58, 58), (75, 76), (59, 59), (60, 60), (61, 61), (62, 62), (63, 63), (64, 77), (65, 73), (66, 66), (67, 67), (68, 68), (69, 69), (70, 70), (71, 71), (74, 74), (72, 42), (73, 0)]
index list: [72, 1, 2, 3, 4, 5, 6, 7, 8, 9, 10, 11, 12, 13, 79, 14, 15, 16, 49, 17, 18, 19, 20, 21, 22, 23, 24, 25, 26, 27, 28, 29, 30, 31, 32, 75, 33, 34, 35, 36, 37, 38, 39, 40, 41, 65, 78, 43, 44, 45, 46, 47, 48, 64, 50, 51, 52, 53, 54, 55, 56, 57, 58, 76, 59, 60, 61, 62, 63, 77, 73, 66, 67, 68, 69, 70, 71, 74, 42, 0]
index list energy: 167265.21968802204
Done


iterations: 10000000 temp: 1000000.0 exponent: 0.7 eif: 300.0
time taken (sec): 997.552549123764
number of iterations: 10000000
og index list: [(0, 29), (1, 44), (2, 45), (3, 70), (4, 65), (5, 56), (6, 77), (7, 55), (8, 24), (9, 2), (10, 58), (11, 32), (12, 10), (13, 6), (79, 60), (14, 54), (15, 27), (16, 15), (78, 38), (17, 71), (18, 75), (19, 68), (20, 52), (21, 7), (22, 26), (23, 36), (24, 62), (25, 19), (26, 69), (27, 46), (28, 1), (29, 73), (30, 14), (31, 31), (32, 47), (77, 64), (33, 37), (34, 53), (35, 50), (36, 33), (37, 20), (38, 11), (39, 35), (40, 21), (41, 67), (76, 74), (42, 17), (43, 25), (44, 5), (45, 23), (46, 30), (47, 41), (48, 48), (49, 9), (50, 78), (51, 72), (52, 63), (53, 40), (54, 0), (55, 8), (56, 61), (57, 59), (58, 22), (75, 66), (59, 13), (60, 18), (61, 76), (62, 39), (63, 57), (64, 49), (65, 43), (66, 34), (67, 42), (68, 28), (69, 4), (70, 3), (71, 16), (74, 51), (72, 79), (73, 12)]
og index list energy: 124362153.89821894
index_list: [(0, 0), (1, 1), (2, 2), (3, 3), (4, 4), (5, 5), (6, 6), (7, 7), (8, 8), (9, 9), (10, 10), (11, 11), (12, 12), (13, 13), (79, 79), (14, 14), (15, 15), (16, 16), (78, 75), (17, 17), (18, 18), (19, 19), (20, 20), (21, 21), (22, 22), (23, 23), (24, 24), (25, 25), (26, 26), (27, 27), (28, 28), (29, 29), (30, 30), (31, 31), (32, 32), (77, 76), (33, 33), (34, 34), (35, 35), (36, 36), (37, 37), (38, 38), (39, 39), (40, 40), (41, 41), (76, 49), (42, 42), (43, 43), (44, 44), (45, 45), (46, 46), (47, 47), (48, 48), (49, 78), (50, 50), (51, 51), (52, 52), (53, 53), (54, 54), (55, 55), (56, 56), (57, 57), (58, 58), (75, 77), (59, 59), (60, 60), (61, 61), (62, 62), (63, 63), (64, 64), (65, 65), (66, 66), (67, 67), (68, 68), (69, 69), (70, 70), (71, 71), (74, 74), (72, 72), (73, 73)]
index list: [0, 1, 2, 3, 4, 5, 6, 7, 8, 9, 10, 11, 12, 13, 79, 14, 15, 16, 75, 17, 18, 19, 20, 21, 22, 23, 24, 25, 26, 27, 28, 29, 30, 31, 32, 76, 33, 34, 35, 36, 37, 38, 39, 40, 41, 49, 42, 43, 44, 45, 46, 47, 48, 78, 50, 51, 52, 53, 54, 55, 56, 57, 58, 77, 59, 60, 61, 62, 63, 64, 65, 66, 67, 68, 69, 70, 71, 74, 72, 73]
index list energy: 98209.82393678775
Done


iterations: 10000000 temp: 1000000.0 exponent: 0.7 eif: 300.0
time taken (sec): 861.7493784427643
number of iterations: 10000000
og index list: [(0, 69), (1, 25), (2, 60), (3, 20), (4, 38), (5, 22), (6, 9), (7, 4), (8, 7), (9, 27), (10, 21), (11, 5), (12, 58), (13, 11), (79, 18), (14, 37), (15, 36), (16, 14), (78, 65), (17, 23), (18, 15), (19, 67), (20, 28), (21, 44), (22, 31), (23, 57), (24, 71), (25, 64), (26, 76), (27, 13), (28, 2), (29, 43), (30, 34), (31, 24), (32, 8), (77, 73), (33, 61), (34, 6), (35, 55), (36, 48), (37, 41), (38, 72), (39, 42), (40, 70), (41, 17), (76, 30), (42, 68), (43, 75), (44, 63), (45, 46), (46, 33), (47, 47), (48, 79), (49, 16), (50, 3), (51, 50), (52, 74), (53, 12), (54, 52), (55, 10), (56, 35), (57, 54), (58, 19), (75, 53), (59, 78), (60, 62), (61, 32), (62, 40), (63, 49), (64, 56), (65, 77), (66, 1), (67, 45), (68, 0), (69, 29), (70, 51), (71, 66), (74, 26), (72, 39), (73, 59)]
og index list energy: 123357971.4399374
index_list: [(0, 72), (1, 73), (2, 50), (3, 79), (4, 14), (5, 5), (6, 6), (7, 7), (8, 8), (9, 9), (10, 10), (11, 11), (12, 12), (13, 13), (79, 32), (14, 75), (15, 17), (16, 76), (78, 16), (17, 77), (18, 18), (19, 19), (20, 20), (21, 21), (22, 22), (23, 23), (24, 24), (25, 25), (26, 26), (27, 27), (28, 28), (29, 29), (30, 30), (31, 31), (32, 74), (77, 42), (33, 33), (34, 34), (35, 35), (36, 36), (37, 37), (38, 38), (39, 39), (40, 40), (41, 41), (76, 0), (42, 1), (43, 2), (44, 44), (45, 45), (46, 46), (47, 47), (48, 48), (49, 78), (50, 43), (51, 51), (52, 52), (53, 53), (54, 54), (55, 55), (56, 56), (57, 57), (58, 58), (75, 49), (59, 59), (60, 60), (61, 61), (62, 62), (63, 63), (64, 64), (65, 65), (66, 66), (67, 67), (68, 68), (69, 69), (70, 70), (71, 71), (74, 4), (72, 15), (73, 3)]
index list: [72, 73, 50, 79, 14, 5, 6, 7, 8, 9, 10, 11, 12, 13, 32, 75, 17, 76, 16, 77, 18, 19, 20, 21, 22, 23, 24, 25, 26, 27, 28, 29, 30, 31, 74, 42, 33, 34, 35, 36, 37, 38, 39, 40, 41, 0, 1, 2, 44, 45, 46, 47, 48, 78, 43, 51, 52, 53, 54, 55, 56, 57, 58, 49, 59, 60, 61, 62, 63, 64, 65, 66, 67, 68, 69, 70, 71, 4, 15, 3]
index list energy: 208374.8005811311
Done


iterations: 10000000 temp: 1000000.0 exponent: 0.7 eif: 300.0
time taken (sec): 910.6972286701202
number of iterations: 10000000
og index list: [(0, 34), (1, 36), (2, 17), (3, 57), (4, 25), (5, 24), (6, 27), (7, 50), (8, 59), (9, 61), (10, 41), (11, 30), (12, 79), (13, 6), (79, 29), (14, 18), (15, 66), (16, 11), (78, 5), (17, 52), (18, 2), (19, 49), (20, 3), (21, 74), (22, 26), (23, 44), (24, 78), (25, 4), (26, 76), (27, 62), (28, 75), (29, 45), (30, 56), (31, 1), (32, 72), (77, 43), (33, 46), (34, 70), (35, 32), (36, 38), (37, 47), (38, 67), (39, 33), (40, 16), (41, 77), (76, 15), (42, 28), (43, 64), (44, 8), (45, 7), (46, 69), (47, 63), (48, 37), (49, 21), (50, 65), (51, 9), (52, 12), (53, 14), (54, 68), (55, 58), (56, 19), (57, 10), (58, 20), (75, 73), (59, 42), (60, 0), (61, 54), (62, 60), (63, 35), (64, 23), (65, 22), (66, 48), (67, 40), (68, 53), (69, 31), (70, 39), (71, 13), (74, 71), (72, 55), (73, 51)]
og index list energy: 104899418.28078301
index_list: [(0, 72), (1, 1), (2, 2), (3, 3), (4, 4), (5, 5), (6, 6), (7, 7), (8, 8), (9, 9), (10, 10), (11, 11), (12, 12), (13, 13), (79, 49), (14, 14), (15, 15), (16, 16), (78, 76), (17, 17), (18, 18), (19, 19), (20, 20), (21, 21), (22, 22), (23, 23), (24, 24), (25, 25), (26, 26), (27, 27), (28, 28), (29, 29), (30, 30), (31, 31), (32, 77), (77, 42), (33, 33), (34, 34), (35, 35), (36, 36), (37, 37), (38, 38), (39, 39), (40, 40), (41, 41), (76, 71), (42, 78), (43, 43), (44, 44), (45, 45), (46, 46), (47, 47), (48, 48), (49, 79), (50, 50), (51, 51), (52, 52), (53, 53), (54, 54), (55, 55), (56, 56), (57, 57), (58, 58), (75, 75), (59, 59), (60, 60), (61, 61), (62, 62), (63, 63), (64, 64), (65, 65), (66, 66), (67, 67), (68, 68), (69, 69), (70, 70), (71, 74), (74, 32), (72, 0), (73, 73)]
index list: [72, 1, 2, 3, 4, 5, 6, 7, 8, 9, 10, 11, 12, 13, 49, 14, 15, 16, 76, 17, 18, 19, 20, 21, 22, 23, 24, 25, 26, 27, 28, 29, 30, 31, 77, 42, 33, 34, 35, 36, 37, 38, 39, 40, 41, 71, 78, 43, 44, 45, 46, 47, 48, 79, 50, 51, 52, 53, 54, 55, 56, 57, 58, 75, 59, 60, 61, 62, 63, 64, 65, 66, 67, 68, 69, 70, 74, 32, 0, 73]
index list energy: 116274.79190342824
Done


iterations: 10000000 temp: 1000000.0 exponent: 0.7 eif: 300.0
time taken (sec): 927.5647933483124
number of iterations: 10000000
og index list: [(0, 42), (1, 7), (2, 62), (3, 73), (4, 28), (5, 47), (6, 79), (7, 10), (8, 68), (9, 8), (10, 43), (11, 50), (12, 67), (13, 5), (79, 41), (14, 30), (15, 11), (16, 6), (78, 32), (17, 14), (18, 69), (19, 21), (20, 52), (21, 2), (22, 54), (23, 23), (24, 18), (25, 51), (26, 55), (27, 76), (28, 34), (29, 57), (30, 40), (31, 31), (32, 16), (77, 36), (33, 48), (34, 49), (35, 63), (36, 71), (37, 26), (38, 0), (39, 17), (40, 64), (41, 65), (76, 44), (42, 13), (43, 29), (44, 25), (45, 19), (46, 15), (47, 9), (48, 61), (49, 45), (50, 27), (51, 66), (52, 35), (53, 72), (54, 3), (55, 53), (56, 56), (57, 33), (58, 4), (75, 20), (59, 39), (60, 22), (61, 78), (62, 58), (63, 77), (64, 24), (65, 70), (66, 37), (67, 12), (68, 74), (69, 75), (70, 59), (71, 46), (74, 38), (72, 60), (73, 1)]
og index list energy: 91485103.88072066
index_list: [(0, 0), (1, 1), (2, 2), (3, 76), (4, 14), (5, 5), (6, 6), (7, 7), (8, 8), (9, 9), (10, 10), (11, 11), (12, 12), (13, 13), (79, 16), (14, 77), (15, 72), (16, 73), (78, 74), (17, 17), (18, 18), (19, 19), (20, 20), (21, 21), (22, 22), (23, 23), (24, 24), (25, 25), (26, 26), (27, 27), (28, 28), (29, 29), (30, 30), (31, 31), (32, 32), (77, 49), (33, 33), (34, 34), (35, 35), (36, 36), (37, 37), (38, 38), (39, 39), (40, 40), (41, 41), (76, 79), (42, 42), (43, 43), (44, 44), (45, 45), (46, 46), (47, 47), (48, 48), (49, 75), (50, 50), (51, 51), (52, 52), (53, 53), (54, 54), (55, 55), (56, 56), (57, 57), (58, 58), (75, 78), (59, 59), (60, 60), (61, 61), (62, 62), (63, 63), (64, 64), (65, 65), (66, 66), (67, 67), (68, 68), (69, 69), (70, 70), (71, 71), (74, 4), (72, 15), (73, 3)]
index list: [0, 1, 2, 76, 14, 5, 6, 7, 8, 9, 10, 11, 12, 13, 16, 77, 72, 73, 74, 17, 18, 19, 20, 21, 22, 23, 24, 25, 26, 27, 28, 29, 30, 31, 32, 49, 33, 34, 35, 36, 37, 38, 39, 40, 41, 79, 42, 43, 44, 45, 46, 47, 48, 75, 50, 51, 52, 53, 54, 55, 56, 57, 58, 78, 59, 60, 61, 62, 63, 64, 65, 66, 67, 68, 69, 70, 71, 4, 15, 3]
index list energy: 129341.60004846798
Done


iterations: 10000000 temp: 1000000.0 exponent: 0.7 eif: 300.0
time taken (sec): 986.6658041477203
number of iterations: 10000000
og index list: [(0, 44), (1, 73), (2, 36), (3, 32), (4, 74), (5, 62), (6, 67), (7, 38), (8, 31), (9, 0), (10, 49), (11, 25), (12, 45), (13, 15), (79, 1), (14, 68), (15, 13), (16, 9), (78, 57), (17, 77), (18, 63), (19, 35), (20, 16), (21, 11), (22, 4), (23, 12), (24, 66), (25, 51), (26, 50), (27, 5), (28, 46), (29, 37), (30, 39), (31, 17), (32, 41), (77, 72), (33, 43), (34, 8), (35, 7), (36, 24), (37, 6), (38, 3), (39, 10), (40, 34), (41, 60), (76, 26), (42, 79), (43, 29), (44, 61), (45, 19), (46, 21), (47, 59), (48, 76), (49, 52), (50, 28), (51, 78), (52, 20), (53, 14), (54, 23), (55, 30), (56, 2), (57, 64), (58, 69), (75, 54), (59, 47), (60, 42), (61, 22), (62, 56), (63, 65), (64, 75), (65, 40), (66, 58), (67, 48), (68, 55), (69, 18), (70, 70), (71, 27), (74, 53), (72, 33), (73, 71)]
og index list energy: 133585050.35088305
index_list: [(0, 0), (1, 1), (2, 2), (3, 3), (4, 4), (5, 5), (6, 6), (7, 7), (8, 8), (9, 9), (10, 10), (11, 11), (12, 12), (13, 13), (79, 78), (14, 14), (15, 15), (16, 16), (78, 74), (17, 17), (18, 18), (19, 19), (20, 20), (21, 21), (22, 22), (23, 23), (24, 24), (25, 25), (26, 26), (27, 27), (28, 28), (29, 29), (30, 30), (31, 31), (32, 32), (77, 79), (33, 33), (34, 34), (35, 35), (36, 36), (37, 37), (38, 38), (39, 39), (40, 40), (41, 41), (76, 76), (42, 42), (43, 43), (44, 44), (45, 45), (46, 46), (47, 47), (48, 48), (49, 75), (50, 50), (51, 51), (52, 52), (53, 53), (54, 54), (55, 55), (56, 56), (57, 57), (58, 58), (75, 77), (59, 59), (60, 60), (61, 61), (62, 62), (63, 63), (64, 64), (65, 65), (66, 66), (67, 67), (68, 68), (69, 69), (70, 70), (71, 71), (74, 49), (72, 72), (73, 73)]
index list: [0, 1, 2, 3, 4, 5, 6, 7, 8, 9, 10, 11, 12, 13, 78, 14, 15, 16, 74, 17, 18, 19, 20, 21, 22, 23, 24, 25, 26, 27, 28, 29, 30, 31, 32, 79, 33, 34, 35, 36, 37, 38, 39, 40, 41, 76, 42, 43, 44, 45, 46, 47, 48, 75, 50, 51, 52, 53, 54, 55, 56, 57, 58, 77, 59, 60, 61, 62, 63, 64, 65, 66, 67, 68, 69, 70, 71, 49, 72, 73]
index list energy: 98209.82393678775
Done


iterations: 10000000 temp: 1000000.0 exponent: 0.7 eif: 300.0
time taken (sec): 938.6321160793304
number of iterations: 10000000
og index list: [(0, 11), (1, 39), (2, 18), (3, 44), (4, 16), (5, 4), (6, 59), (7, 23), (8, 71), (9, 62), (10, 6), (11, 14), (12, 56), (13, 26), (79, 27), (14, 5), (15, 37), (16, 79), (78, 68), (17, 36), (18, 74), (19, 55), (20, 51), (21, 69), (22, 0), (23, 65), (24, 50), (25, 32), (26, 66), (27, 29), (28, 76), (29, 60), (30, 75), (31, 52), (32, 41), (77, 38), (33, 53), (34, 47), (35, 20), (36, 78), (37, 15), (38, 13), (39, 31), (40, 70), (41, 61), (76, 42), (42, 33), (43, 7), (44, 35), (45, 28), (46, 46), (47, 64), (48, 2), (49, 49), (50, 77), (51, 67), (52, 17), (53, 9), (54, 57), (55, 48), (56, 54), (57, 21), (58, 40), (75, 25), (59, 10), (60, 72), (61, 12), (62, 22), (63, 1), (64, 34), (65, 30), (66, 63), (67, 8), (68, 58), (69, 73), (70, 19), (71, 45), (74, 43), (72, 24), (73, 3)]
og index list energy: 117206216.89845264
index_list: [(0, 0), (1, 1), (2, 2), (3, 3), (4, 4), (5, 5), (6, 6), (7, 7), (8, 8), (9, 9), (10, 10), (11, 11), (12, 12), (13, 13), (79, 77), (14, 14), (15, 15), (16, 16), (78, 49), (17, 17), (18, 18), (19, 19), (20, 20), (21, 21), (22, 22), (23, 23), (24, 24), (25, 25), (26, 26), (27, 27), (28, 28), (29, 29), (30, 30), (31, 31), (32, 32), (77, 79), (33, 33), (34, 34), (35, 35), (36, 36), (37, 37), (38, 38), (39, 39), (40, 40), (41, 41), (76, 71), (42, 75), (43, 43), (44, 44), (45, 45), (46, 46), (47, 47), (48, 48), (49, 74), (50, 50), (51, 51), (52, 52), (53, 53), (54, 54), (55, 55), (56, 56), (57, 57), (58, 58), (75, 76), (59, 59), (60, 60), (61, 61), (62, 62), (63, 63), (64, 64), (65, 65), (66, 66), (67, 67), (68, 68), (69, 69), (70, 72), (71, 73), (74, 78), (72, 42), (73, 70)]
index list: [0, 1, 2, 3, 4, 5, 6, 7, 8, 9, 10, 11, 12, 13, 77, 14, 15, 16, 49, 17, 18, 19, 20, 21, 22, 23, 24, 25, 26, 27, 28, 29, 30, 31, 32, 79, 33, 34, 35, 36, 37, 38, 39, 40, 41, 71, 75, 43, 44, 45, 46, 47, 48, 74, 50, 51, 52, 53, 54, 55, 56, 57, 58, 76, 59, 60, 61, 62, 63, 64, 65, 66, 67, 68, 69, 72, 73, 78, 42, 70]
index list energy: 117778.2679746308
Done


iterations: 10000000 temp: 1000000.0 exponent: 0.7 eif: 300.0
time taken (sec): 981.0059449672699
number of iterations: 10000000
og index list: [(0, 16), (1, 30), (2, 6), (3, 21), (4, 75), (5, 31), (6, 61), (7, 8), (8, 50), (9, 35), (10, 76), (11, 45), (12, 0), (13, 65), (79, 23), (14, 56), (15, 39), (16, 64), (78, 79), (17, 18), (18, 55), (19, 48), (20, 13), (21, 53), (22, 69), (23, 14), (24, 9), (25, 25), (26, 17), (27, 5), (28, 7), (29, 33), (30, 42), (31, 46), (32, 41), (77, 27), (33, 78), (34, 12), (35, 32), (36, 59), (37, 71), (38, 11), (39, 34), (40, 37), (41, 40), (76, 62), (42, 10), (43, 38), (44, 72), (45, 2), (46, 70), (47, 22), (48, 4), (49, 19), (50, 68), (51, 60), (52, 43), (53, 24), (54, 66), (55, 58), (56, 3), (57, 67), (58, 51), (75, 20), (59, 57), (60, 47), (61, 63), (62, 15), (63, 52), (64, 29), (65, 73), (66, 36), (67, 49), (68, 44), (69, 54), (70, 74), (71, 77), (74, 26), (72, 1), (73, 28)]
og index list energy: 97089500.56355321
index_list: [(0, 0), (1, 1), (2, 2), (3, 3), (4, 4), (5, 5), (6, 6), (7, 7), (8, 8), (9, 9), (10, 10), (11, 11), (12, 12), (13, 13), (79, 75), (14, 14), (15, 15), (16, 16), (78, 78), (17, 17), (18, 18), (19, 19), (20, 20), (21, 21), (22, 22), (23, 23), (24, 24), (25, 25), (26, 26), (27, 27), (28, 28), (29, 29), (30, 30), (31, 31), (32, 32), (77, 77), (33, 33), (34, 34), (35, 35), (36, 36), (37, 37), (38, 38), (39, 39), (40, 40), (41, 41), (76, 76), (42, 42), (43, 43), (44, 44), (45, 45), (46, 46), (47, 47), (48, 48), (49, 74), (50, 50), (51, 51), (52, 52), (53, 53), (54, 54), (55, 55), (56, 56), (57, 57), (58, 58), (75, 79), (59, 59), (60, 60), (61, 61), (62, 62), (63, 63), (64, 64), (65, 65), (66, 66), (67, 67), (68, 68), (69, 69), (70, 70), (71, 71), (74, 49), (72, 72), (73, 73)]
index list: [0, 1, 2, 3, 4, 5, 6, 7, 8, 9, 10, 11, 12, 13, 75, 14, 15, 16, 78, 17, 18, 19, 20, 21, 22, 23, 24, 25, 26, 27, 28, 29, 30, 31, 32, 77, 33, 34, 35, 36, 37, 38, 39, 40, 41, 76, 42, 43, 44, 45, 46, 47, 48, 74, 50, 51, 52, 53, 54, 55, 56, 57, 58, 79, 59, 60, 61, 62, 63, 64, 65, 66, 67, 68, 69, 70, 71, 49, 72, 73]
index list energy: 98209.82393678775
Done


iterations: 10000000 temp: 1000000.0 exponent: 0.7 eif: 300.0
time taken (sec): 991.8133056163788
number of iterations: 10000000
og index list: [(0, 6), (1, 37), (2, 27), (3, 69), (4, 18), (5, 47), (6, 56), (7, 79), (8, 17), (9, 23), (10, 64), (11, 58), (12, 70), (13, 38), (79, 50), (14, 41), (15, 72), (16, 54), (78, 43), (17, 59), (18, 40), (19, 67), (20, 77), (21, 76), (22, 10), (23, 61), (24, 55), (25, 51), (26, 32), (27, 39), (28, 68), (29, 25), (30, 34), (31, 11), (32, 5), (77, 1), (33, 2), (34, 52), (35, 19), (36, 36), (37, 66), (38, 74), (39, 16), (40, 30), (41, 73), (76, 45), (42, 29), (43, 14), (44, 49), (45, 13), (46, 24), (47, 44), (48, 62), (49, 57), (50, 9), (51, 78), (52, 3), (53, 12), (54, 28), (55, 71), (56, 60), (57, 53), (58, 7), (75, 0), (59, 15), (60, 4), (61, 31), (62, 46), (63, 8), (64, 21), (65, 48), (66, 35), (67, 33), (68, 20), (69, 26), (70, 63), (71, 22), (74, 42), (72, 65), (73, 75)]
og index list energy: 81495550.31885138
index_list: [(0, 0), (1, 1), (2, 2), (3, 3), (4, 4), (5, 5), (6, 6), (7, 7), (8, 8), (9, 9), (10, 10), (11, 11), (12, 12), (13, 13), (79, 77), (14, 14), (15, 15), (16, 16), (78, 78), (17, 17), (18, 18), (19, 19), (20, 20), (21, 21), (22, 22), (23, 23), (24, 24), (25, 25), (26, 26), (27, 27), (28, 28), (29, 29), (30, 30), (31, 31), (32, 32), (77, 79), (33, 33), (34, 34), (35, 35), (36, 36), (37, 37), (38, 38), (39, 39), (40, 40), (41, 41), (76, 76), (42, 42), (43, 43), (44, 44), (45, 45), (46, 46), (47, 47), (48, 48), (49, 49), (50, 50), (51, 51), (52, 52), (53, 53), (54, 54), (55, 55), (56, 56), (57, 57), (58, 58), (75, 74), (59, 59), (60, 60), (61, 61), (62, 62), (63, 63), (64, 64), (65, 65), (66, 66), (67, 67), (68, 68), (69, 69), (70, 70), (71, 71), (74, 75), (72, 72), (73, 73)]
index list: [0, 1, 2, 3, 4, 5, 6, 7, 8, 9, 10, 11, 12, 13, 77, 14, 15, 16, 78, 17, 18, 19, 20, 21, 22, 23, 24, 25, 26, 27, 28, 29, 30, 31, 32, 79, 33, 34, 35, 36, 37, 38, 39, 40, 41, 76, 42, 43, 44, 45, 46, 47, 48, 49, 50, 51, 52, 53, 54, 55, 56, 57, 58, 74, 59, 60, 61, 62, 63, 64, 65, 66, 67, 68, 69, 70, 71, 75, 72, 73]
index list energy: 97911.32412903158
Done


iterations: 10000000 temp: 1000000.0 exponent: 0.7 eif: 300.0
time taken (sec): 981.3903312683105
number of iterations: 10000000
og index list: [(0, 9), (1, 8), (2, 4), (3, 48), (4, 14), (5, 26), (6, 30), (7, 72), (8, 53), (9, 54), (10, 65), (11, 76), (12, 58), (13, 27), (79, 40), (14, 59), (15, 10), (16, 16), (78, 44), (17, 41), (18, 1), (19, 12), (20, 66), (21, 29), (22, 31), (23, 25), (24, 75), (25, 43), (26, 5), (27, 62), (28, 23), (29, 6), (30, 38), (31, 56), (32, 7), (77, 49), (33, 15), (34, 35), (35, 71), (36, 32), (37, 79), (38, 2), (39, 73), (40, 55), (41, 77), (76, 13), (42, 57), (43, 0), (44, 3), (45, 28), (46, 78), (47, 67), (48, 42), (49, 18), (50, 64), (51, 47), (52, 69), (53, 68), (54, 21), (55, 51), (56, 74), (57, 17), (58, 60), (75, 11), (59, 61), (60, 39), (61, 22), (62, 52), (63, 50), (64, 33), (65, 70), (66, 19), (67, 24), (68, 37), (69, 34), (70, 36), (71, 46), (74, 63), (72, 45), (73, 20)]
og index list energy: 108175410.28924353
index_list: [(0, 0), (1, 1), (2, 2), (3, 3), (4, 4), (5, 5), (6, 6), (7, 7), (8, 8), (9, 9), (10, 10), (11, 11), (12, 12), (13, 13), (79, 79), (14, 14), (15, 15), (16, 16), (78, 78), (17, 17), (18, 18), (19, 19), (20, 20), (21, 21), (22, 22), (23, 23), (24, 24), (25, 25), (26, 26), (27, 27), (28, 28), (29, 29), (30, 30), (31, 31), (32, 32), (77, 75), (33, 33), (34, 34), (35, 35), (36, 36), (37, 37), (38, 38), (39, 39), (40, 40), (41, 41), (76, 49), (42, 42), (43, 43), (44, 44), (45, 45), (46, 46), (47, 47), (48, 48), (49, 77), (50, 50), (51, 51), (52, 52), (53, 53), (54, 54), (55, 55), (56, 56), (57, 57), (58, 58), (75, 74), (59, 59), (60, 60), (61, 61), (62, 62), (63, 63), (64, 64), (65, 65), (66, 66), (67, 67), (68, 68), (69, 69), (70, 70), (71, 71), (74, 76), (72, 72), (73, 73)]
index list: [0, 1, 2, 3, 4, 5, 6, 7, 8, 9, 10, 11, 12, 13, 79, 14, 15, 16, 78, 17, 18, 19, 20, 21, 22, 23, 24, 25, 26, 27, 28, 29, 30, 31, 32, 75, 33, 34, 35, 36, 37, 38, 39, 40, 41, 49, 42, 43, 44, 45, 46, 47, 48, 77, 50, 51, 52, 53, 54, 55, 56, 57, 58, 74, 59, 60, 61, 62, 63, 64, 65, 66, 67, 68, 69, 70, 71, 76, 72, 73]
index list energy: 98209.82393678775
Done


iterations: 10000000 temp: 1000000.0 exponent: 0.7 eif: 300.0
time taken (sec): 990.9842352867126
number of iterations: 10000000
og index list: [(0, 19), (1, 30), (2, 49), (3, 39), (4, 75), (5, 64), (6, 14), (7, 45), (8, 61), (9, 32), (10, 48), (11, 18), (12, 6), (13, 20), (79, 56), (14, 10), (15, 58), (16, 50), (78, 43), (17, 68), (18, 29), (19, 36), (20, 22), (21, 2), (22, 69), (23, 62), (24, 54), (25, 59), (26, 11), (27, 60), (28, 71), (29, 78), (30, 37), (31, 5), (32, 40), (77, 25), (33, 44), (34, 28), (35, 57), (36, 16), (37, 9), (38, 53), (39, 23), (40, 65), (41, 70), (76, 21), (42, 34), (43, 77), (44, 4), (45, 38), (46, 13), (47, 41), (48, 33), (49, 66), (50, 8), (51, 31), (52, 63), (53, 67), (54, 24), (55, 27), (56, 0), (57, 47), (58, 79), (75, 17), (59, 35), (60, 42), (61, 76), (62, 74), (63, 51), (64, 7), (65, 3), (66, 15), (67, 52), (68, 72), (69, 46), (70, 55), (71, 73), (74, 26), (72, 12), (73, 1)]
og index list energy: 107742920.03158683
index_list: [(0, 0), (1, 1), (2, 2), (3, 3), (4, 4), (5, 5), (6, 6), (7, 7), (8, 8), (9, 9), (10, 10), (11, 11), (12, 12), (13, 13), (79, 77), (14, 14), (15, 15), (16, 16), (78, 74), (17, 17), (18, 18), (19, 19), (20, 20), (21, 21), (22, 22), (23, 23), (24, 24), (25, 25), (26, 26), (27, 27), (28, 28), (29, 29), (30, 30), (31, 31), (32, 32), (77, 76), (33, 33), (34, 34), (35, 35), (36, 36), (37, 37), (38, 38), (39, 39), (40, 40), (41, 41), (76, 79), (42, 42), (43, 43), (44, 44), (45, 45), (46, 46), (47, 47), (48, 48), (49, 49), (50, 50), (51, 51), (52, 52), (53, 53), (54, 54), (55, 55), (56, 56), (57, 57), (58, 58), (75, 75), (59, 59), (60, 60), (61, 61), (62, 62), (63, 63), (64, 64), (65, 65), (66, 66), (67, 67), (68, 68), (69, 69), (70, 70), (71, 71), (74, 78), (72, 72), (73, 73)]
index list: [0, 1, 2, 3, 4, 5, 6, 7, 8, 9, 10, 11, 12, 13, 77, 14, 15, 16, 74, 17, 18, 19, 20, 21, 22, 23, 24, 25, 26, 27, 28, 29, 30, 31, 32, 76, 33, 34, 35, 36, 37, 38, 39, 40, 41, 79, 42, 43, 44, 45, 46, 47, 48, 49, 50, 51, 52, 53, 54, 55, 56, 57, 58, 75, 59, 60, 61, 62, 63, 64, 65, 66, 67, 68, 69, 70, 71, 78, 72, 73]
index list energy: 97911.32412903158
Done


iterations: 10000000 temp: 1000000.0 exponent: 0.7 eif: 300.0
time taken (sec): 952.5377812385559
number of iterations: 10000000
og index list: [(0, 78), (1, 77), (2, 75), (3, 73), (4, 79), (5, 4), (6, 32), (7, 0), (8, 33), (9, 63), (10, 29), (11, 45), (12, 59), (13, 60), (79, 18), (14, 67), (15, 43), (16, 10), (78, 56), (17, 76), (18, 25), (19, 72), (20, 42), (21, 48), (22, 69), (23, 49), (24, 16), (25, 52), (26, 71), (27, 20), (28, 64), (29, 68), (30, 9), (31, 39), (32, 55), (77, 38), (33, 58), (34, 53), (35, 1), (36, 34), (37, 30), (38, 27), (39, 17), (40, 41), (41, 28), (76, 61), (42, 54), (43, 37), (44, 22), (45, 40), (46, 62), (47, 70), (48, 11), (49, 13), (50, 66), (51, 3), (52, 19), (53, 36), (54, 47), (55, 21), (56, 14), (57, 6), (58, 24), (75, 57), (59, 2), (60, 8), (61, 46), (62, 51), (63, 50), (64, 23), (65, 35), (66, 44), (67, 26), (68, 74), (69, 65), (70, 12), (71, 7), (74, 31), (72, 15), (73, 5)]
og index list energy: 168247096.08240622
index_list: [(0, 72), (1, 1), (2, 2), (3, 3), (4, 4), (5, 5), (6, 6), (7, 7), (8, 8), (9, 9), (10, 10), (11, 11), (12, 12), (13, 0), (79, 73), (14, 79), (15, 13), (16, 16), (78, 78), (17, 17), (18, 18), (19, 19), (20, 20), (21, 21), (22, 22), (23, 23), (24, 24), (25, 25), (26, 26), (27, 27), (28, 28), (29, 29), (30, 30), (31, 31), (32, 32), (77, 76), (33, 33), (34, 34), (35, 35), (36, 36), (37, 37), (38, 38), (39, 39), (40, 40), (41, 41), (76, 74), (42, 42), (43, 43), (44, 44), (45, 45), (46, 46), (47, 47), (48, 48), (49, 75), (50, 50), (51, 51), (52, 52), (53, 53), (54, 54), (55, 55), (56, 56), (57, 57), (58, 58), (75, 77), (59, 59), (60, 60), (61, 61), (62, 62), (63, 63), (64, 64), (65, 65), (66, 66), (67, 67), (68, 68), (69, 69), (70, 70), (71, 71), (74, 49), (72, 14), (73, 15)]
index list: [72, 1, 2, 3, 4, 5, 6, 7, 8, 9, 10, 11, 12, 0, 73, 79, 13, 16, 78, 17, 18, 19, 20, 21, 22, 23, 24, 25, 26, 27, 28, 29, 30, 31, 32, 76, 33, 34, 35, 36, 37, 38, 39, 40, 41, 74, 42, 43, 44, 45, 46, 47, 48, 75, 50, 51, 52, 53, 54, 55, 56, 57, 58, 77, 59, 60, 61, 62, 63, 64, 65, 66, 67, 68, 69, 70, 71, 49, 14, 15]
index list energy: 137605.12878095894
Done


iterations: 10000000 temp: 1000000.0 exponent: 0.7 eif: 300.0
time taken (sec): 987.2791118621826
number of iterations: 10000000
og index list: [(0, 47), (1, 67), (2, 37), (3, 23), (4, 66), (5, 35), (6, 70), (7, 0), (8, 53), (9, 4), (10, 19), (11, 48), (12, 15), (13, 59), (79, 31), (14, 25), (15, 79), (16, 68), (78, 5), (17, 38), (18, 49), (19, 26), (20, 9), (21, 17), (22, 8), (23, 46), (24, 36), (25, 11), (26, 65), (27, 74), (28, 22), (29, 57), (30, 71), (31, 40), (32, 77), (77, 24), (33, 50), (34, 7), (35, 28), (36, 63), (37, 16), (38, 29), (39, 13), (40, 58), (41, 45), (76, 30), (42, 72), (43, 10), (44, 34), (45, 73), (46, 2), (47, 56), (48, 14), (49, 41), (50, 32), (51, 42), (52, 51), (53, 3), (54, 18), (55, 75), (56, 1), (57, 44), (58, 78), (75, 76), (59, 6), (60, 12), (61, 64), (62, 39), (63, 27), (64, 61), (65, 21), (66, 55), (67, 69), (68, 20), (69, 60), (70, 54), (71, 33), (74, 52), (72, 43), (73, 62)]
og index list energy: 112849576.87244776
index_list: [(0, 0), (1, 1), (2, 2), (3, 3), (4, 4), (5, 5), (6, 6), (7, 7), (8, 8), (9, 9), (10, 10), (11, 11), (12, 12), (13, 13), (79, 74), (14, 14), (15, 15), (16, 16), (78, 79), (17, 17), (18, 18), (19, 19), (20, 20), (21, 21), (22, 22), (23, 23), (24, 24), (25, 25), (26, 26), (27, 27), (28, 28), (29, 29), (30, 30), (31, 31), (32, 32), (77, 75), (33, 33), (34, 34), (35, 35), (36, 36), (37, 37), (38, 38), (39, 39), (40, 40), (41, 41), (76, 49), (42, 42), (43, 43), (44, 44), (45, 45), (46, 46), (47, 47), (48, 48), (49, 76), (50, 50), (51, 51), (52, 52), (53, 53), (54, 54), (55, 55), (56, 56), (57, 57), (58, 58), (75, 78), (59, 59), (60, 60), (61, 61), (62, 62), (63, 63), (64, 64), (65, 65), (66, 66), (67, 67), (68, 68), (69, 69), (70, 70), (71, 71), (74, 77), (72, 72), (73, 73)]
index list: [0, 1, 2, 3, 4, 5, 6, 7, 8, 9, 10, 11, 12, 13, 74, 14, 15, 16, 79, 17, 18, 19, 20, 21, 22, 23, 24, 25, 26, 27, 28, 29, 30, 31, 32, 75, 33, 34, 35, 36, 37, 38, 39, 40, 41, 49, 42, 43, 44, 45, 46, 47, 48, 76, 50, 51, 52, 53, 54, 55, 56, 57, 58, 78, 59, 60, 61, 62, 63, 64, 65, 66, 67, 68, 69, 70, 71, 77, 72, 73]
index list energy: 98209.82393678775
Done


iterations: 10000000 temp: 1000000.0 exponent: 0.7 eif: 300.0
time taken (sec): 985.7747519016266
number of iterations: 10000000
og index list: [(0, 18), (1, 11), (2, 27), (3, 2), (4, 55), (5, 66), (6, 34), (7, 31), (8, 46), (9, 44), (10, 75), (11, 7), (12, 28), (13, 16), (79, 8), (14, 48), (15, 50), (16, 47), (78, 37), (17, 62), (18, 12), (19, 63), (20, 70), (21, 77), (22, 17), (23, 26), (24, 9), (25, 76), (26, 6), (27, 52), (28, 67), (29, 41), (30, 32), (31, 72), (32, 79), (77, 10), (33, 4), (34, 23), (35, 29), (36, 20), (37, 60), (38, 19), (39, 5), (40, 61), (41, 0), (76, 73), (42, 30), (43, 24), (44, 56), (45, 35), (46, 22), (47, 58), (48, 42), (49, 3), (50, 69), (51, 33), (52, 71), (53, 39), (54, 21), (55, 25), (56, 53), (57, 57), (58, 13), (75, 49), (59, 40), (60, 15), (61, 38), (62, 68), (63, 36), (64, 1), (65, 65), (66, 54), (67, 78), (68, 51), (69, 14), (70, 43), (71, 45), (74, 64), (72, 59), (73, 74)]
og index list energy: 104131293.61385241
index_list: [(0, 0), (1, 1), (2, 2), (3, 3), (4, 4), (5, 5), (6, 6), (7, 7), (8, 8), (9, 9), (10, 10), (11, 11), (12, 12), (13, 13), (79, 77), (14, 14), (15, 15), (16, 16), (78, 79), (17, 17), (18, 18), (19, 19), (20, 20), (21, 21), (22, 22), (23, 23), (24, 24), (25, 25), (26, 26), (27, 27), (28, 28), (29, 29), (30, 30), (31, 31), (32, 32), (77, 49), (33, 33), (34, 34), (35, 35), (36, 36), (37, 37), (38, 38), (39, 39), (40, 40), (41, 41), (76, 74), (42, 42), (43, 43), (44, 44), (45, 45), (46, 46), (47, 47), (48, 48), (49, 76), (50, 50), (51, 51), (52, 52), (53, 53), (54, 54), (55, 55), (56, 56), (57, 57), (58, 58), (75, 78), (59, 59), (60, 60), (61, 61), (62, 62), (63, 63), (64, 64), (65, 65), (66, 66), (67, 67), (68, 68), (69, 69), (70, 70), (71, 71), (74, 75), (72, 72), (73, 73)]
index list: [0, 1, 2, 3, 4, 5, 6, 7, 8, 9, 10, 11, 12, 13, 77, 14, 15, 16, 79, 17, 18, 19, 20, 21, 22, 23, 24, 25, 26, 27, 28, 29, 30, 31, 32, 49, 33, 34, 35, 36, 37, 38, 39, 40, 41, 74, 42, 43, 44, 45, 46, 47, 48, 76, 50, 51, 52, 53, 54, 55, 56, 57, 58, 78, 59, 60, 61, 62, 63, 64, 65, 66, 67, 68, 69, 70, 71, 75, 72, 73]
index list energy: 98209.82393678775
Done


iterations: 10000000 temp: 1000000.0 exponent: 0.7 eif: 300.0
time taken (sec): 906.6432828903198
number of iterations: 10000000
og index list: [(0, 17), (1, 64), (2, 48), (3, 55), (4, 2), (5, 27), (6, 41), (7, 15), (8, 51), (9, 68), (10, 40), (11, 63), (12, 76), (13, 13), (79, 14), (14, 23), (15, 71), (16, 22), (78, 36), (17, 38), (18, 42), (19, 75), (20, 4), (21, 28), (22, 12), (23, 54), (24, 43), (25, 30), (26, 9), (27, 72), (28, 25), (29, 21), (30, 77), (31, 56), (32, 46), (77, 19), (33, 60), (34, 65), (35, 70), (36, 53), (37, 73), (38, 66), (39, 74), (40, 45), (41, 52), (76, 61), (42, 20), (43, 39), (44, 58), (45, 8), (46, 7), (47, 47), (48, 11), (49, 24), (50, 16), (51, 0), (52, 50), (53, 35), (54, 31), (55, 44), (56, 1), (57, 37), (58, 67), (75, 62), (59, 3), (60, 78), (61, 18), (62, 33), (63, 57), (64, 10), (65, 69), (66, 49), (67, 5), (68, 34), (69, 59), (70, 29), (71, 26), (74, 79), (72, 6), (73, 32)]
og index list energy: 115608007.0789417
index_list: [(0, 72), (1, 73), (2, 79), (3, 14), (4, 15), (5, 74), (6, 78), (7, 17), (8, 18), (9, 6), (10, 7), (11, 8), (12, 9), (13, 10), (79, 11), (14, 12), (15, 13), (16, 16), (78, 0), (17, 1), (18, 2), (19, 19), (20, 20), (21, 21), (22, 22), (23, 23), (24, 24), (25, 25), (26, 26), (27, 27), (28, 28), (29, 29), (30, 30), (31, 31), (32, 32), (77, 77), (33, 33), (34, 34), (35, 35), (36, 36), (37, 37), (38, 38), (39, 39), (40, 40), (41, 41), (76, 49), (42, 42), (43, 43), (44, 44), (45, 45), (46, 46), (47, 47), (48, 48), (49, 76), (50, 50), (51, 51), (52, 52), (53, 53), (54, 54), (55, 55), (56, 56), (57, 57), (58, 58), (75, 75), (59, 59), (60, 60), (61, 61), (62, 62), (63, 63), (64, 64), (65, 65), (66, 66), (67, 67), (68, 68), (69, 69), (70, 70), (71, 71), (74, 4), (72, 5), (73, 3)]
index list: [72, 73, 79, 14, 15, 74, 78, 17, 18, 6, 7, 8, 9, 10, 11, 12, 13, 16, 0, 1, 2, 19, 20, 21, 22, 23, 24, 25, 26, 27, 28, 29, 30, 31, 32, 77, 33, 34, 35, 36, 37, 38, 39, 40, 41, 49, 42, 43, 44, 45, 46, 47, 48, 76, 50, 51, 52, 53, 54, 55, 56, 57, 58, 75, 59, 60, 61, 62, 63, 64, 65, 66, 67, 68, 69, 70, 71, 4, 5, 3]
index list energy: 179373.05451120436
Done


iterations: 10000000 temp: 1000000.0 exponent: 0.7 eif: 300.0
time taken (sec): 989.4771387577057
number of iterations: 10000000
og index list: [(0, 12), (1, 15), (2, 69), (3, 10), (4, 73), (5, 31), (6, 48), (7, 52), (8, 61), (9, 29), (10, 56), (11, 3), (12, 18), (13, 53), (79, 4), (14, 59), (15, 47), (16, 24), (78, 25), (17, 19), (18, 21), (19, 5), (20, 33), (21, 7), (22, 0), (23, 45), (24, 36), (25, 58), (26, 26), (27, 39), (28, 63), (29, 22), (30, 68), (31, 37), (32, 74), (77, 50), (33, 64), (34, 44), (35, 16), (36, 8), (37, 42), (38, 2), (39, 67), (40, 75), (41, 40), (76, 30), (42, 43), (43, 78), (44, 65), (45, 46), (46, 79), (47, 57), (48, 72), (49, 66), (50, 41), (51, 76), (52, 1), (53, 11), (54, 23), (55, 60), (56, 6), (57, 71), (58, 62), (75, 17), (59, 34), (60, 55), (61, 35), (62, 27), (63, 32), (64, 28), (65, 38), (66, 13), (67, 49), (68, 77), (69, 20), (70, 70), (71, 51), (74, 9), (72, 54), (73, 14)]
og index list energy: 124160632.75221127
index_list: [(0, 0), (1, 1), (2, 2), (3, 3), (4, 4), (5, 5), (6, 6), (7, 7), (8, 8), (9, 9), (10, 10), (11, 11), (12, 12), (13, 13), (79, 78), (14, 14), (15, 15), (16, 16), (78, 79), (17, 17), (18, 18), (19, 19), (20, 20), (21, 21), (22, 22), (23, 23), (24, 24), (25, 25), (26, 26), (27, 27), (28, 28), (29, 29), (30, 30), (31, 31), (32, 32), (77, 74), (33, 33), (34, 34), (35, 35), (36, 36), (37, 37), (38, 38), (39, 39), (40, 40), (41, 41), (76, 76), (42, 42), (43, 43), (44, 44), (45, 45), (46, 46), (47, 47), (48, 48), (49, 49), (50, 50), (51, 51), (52, 52), (53, 53), (54, 54), (55, 55), (56, 56), (57, 57), (58, 58), (75, 77), (59, 59), (60, 60), (61, 61), (62, 62), (63, 63), (64, 64), (65, 65), (66, 66), (67, 67), (68, 68), (69, 69), (70, 70), (71, 71), (74, 75), (72, 72), (73, 73)]
index list: [0, 1, 2, 3, 4, 5, 6, 7, 8, 9, 10, 11, 12, 13, 78, 14, 15, 16, 79, 17, 18, 19, 20, 21, 22, 23, 24, 25, 26, 27, 28, 29, 30, 31, 32, 74, 33, 34, 35, 36, 37, 38, 39, 40, 41, 76, 42, 43, 44, 45, 46, 47, 48, 49, 50, 51, 52, 53, 54, 55, 56, 57, 58, 77, 59, 60, 61, 62, 63, 64, 65, 66, 67, 68, 69, 70, 71, 75, 72, 73]
index list energy: 97911.32412903158
Done


iterations: 10000000 temp: 1000000.0 exponent: 0.7 eif: 300.0
time taken (sec): 930.0380058288574
number of iterations: 10000000
og index list: [(0, 6), (1, 21), (2, 38), (3, 9), (4, 35), (5, 0), (6, 62), (7, 30), (8, 46), (9, 67), (10, 40), (11, 42), (12, 48), (13, 55), (79, 44), (14, 29), (15, 13), (16, 76), (78, 28), (17, 20), (18, 54), (19, 12), (20, 77), (21, 50), (22, 61), (23, 1), (24, 4), (25, 49), (26, 56), (27, 17), (28, 72), (29, 68), (30, 60), (31, 3), (32, 69), (77, 36), (33, 37), (34, 19), (35, 7), (36, 5), (37, 73), (38, 71), (39, 53), (40, 10), (41, 66), (76, 45), (42, 58), (43, 23), (44, 16), (45, 65), (46, 32), (47, 22), (48, 43), (49, 57), (50, 33), (51, 79), (52, 78), (53, 27), (54, 52), (55, 59), (56, 39), (57, 24), (58, 11), (75, 2), (59, 15), (60, 75), (61, 70), (62, 63), (63, 8), (64, 14), (65, 64), (66, 41), (67, 47), (68, 18), (69, 51), (70, 74), (71, 34), (74, 26), (72, 25), (73, 31)]
og index list energy: 113467703.7405297
index_list: [(0, 43), (1, 1), (2, 2), (3, 3), (4, 4), (5, 5), (6, 6), (7, 7), (8, 8), (9, 9), (10, 10), (11, 11), (12, 12), (13, 13), (79, 74), (14, 14), (15, 15), (16, 16), (78, 49), (17, 17), (18, 18), (19, 19), (20, 20), (21, 21), (22, 22), (23, 23), (24, 24), (25, 25), (26, 26), (27, 27), (28, 28), (29, 29), (30, 30), (31, 31), (32, 77), (77, 42), (33, 33), (34, 34), (35, 35), (36, 36), (37, 37), (38, 38), (39, 39), (40, 40), (41, 41), (76, 75), (42, 32), (43, 76), (44, 44), (45, 45), (46, 46), (47, 47), (48, 48), (49, 0), (50, 50), (51, 51), (52, 52), (53, 53), (54, 54), (55, 55), (56, 56), (57, 57), (58, 58), (75, 79), (59, 59), (60, 60), (61, 61), (62, 62), (63, 63), (64, 64), (65, 65), (66, 66), (67, 67), (68, 68), (69, 69), (70, 70), (71, 71), (74, 78), (72, 72), (73, 73)]
index list: [43, 1, 2, 3, 4, 5, 6, 7, 8, 9, 10, 11, 12, 13, 74, 14, 15, 16, 49, 17, 18, 19, 20, 21, 22, 23, 24, 25, 26, 27, 28, 29, 30, 31, 77, 42, 33, 34, 35, 36, 37, 38, 39, 40, 41, 75, 32, 76, 44, 45, 46, 47, 48, 0, 50, 51, 52, 53, 54, 55, 56, 57, 58, 79, 59, 60, 61, 62, 63, 64, 65, 66, 67, 68, 69, 70, 71, 78, 72, 73]
index list energy: 132470.00517148053
Done


iterations: 10000000 temp: 1000000.0 exponent: 0.7 eif: 300.0
time taken (sec): 983.1152853965759
number of iterations: 10000000
og index list: [(0, 19), (1, 66), (2, 37), (3, 70), (4, 53), (5, 44), (6, 16), (7, 45), (8, 32), (9, 49), (10, 15), (11, 27), (12, 1), (13, 64), (79, 73), (14, 40), (15, 61), (16, 29), (78, 54), (17, 74), (18, 5), (19, 11), (20, 56), (21, 68), (22, 36), (23, 17), (24, 28), (25, 65), (26, 21), (27, 46), (28, 30), (29, 60), (30, 9), (31, 58), (32, 47), (77, 52), (33, 75), (34, 41), (35, 25), (36, 12), (37, 51), (38, 67), (39, 24), (40, 50), (41, 14), (76, 38), (42, 43), (43, 10), (44, 0), (45, 34), (46, 62), (47, 3), (48, 6), (49, 4), (50, 63), (51, 57), (52, 35), (53, 76), (54, 59), (55, 18), (56, 48), (57, 13), (58, 78), (75, 33), (59, 20), (60, 71), (61, 55), (62, 42), (63, 39), (64, 72), (65, 8), (66, 31), (67, 77), (68, 22), (69, 23), (70, 7), (71, 79), (74, 2), (72, 69), (73, 26)]
og index list energy: 74294056.36615726
index_list: [(0, 0), (1, 1), (2, 2), (3, 3), (4, 4), (5, 5), (6, 6), (7, 7), (8, 8), (9, 9), (10, 10), (11, 11), (12, 12), (13, 13), (79, 76), (14, 14), (15, 15), (16, 16), (78, 74), (17, 17), (18, 18), (19, 19), (20, 20), (21, 21), (22, 22), (23, 23), (24, 24), (25, 25), (26, 26), (27, 27), (28, 28), (29, 29), (30, 30), (31, 31), (32, 32), (77, 78), (33, 33), (34, 34), (35, 35), (36, 36), (37, 37), (38, 38), (39, 39), (40, 40), (41, 41), (76, 49), (42, 42), (43, 43), (44, 44), (45, 45), (46, 46), (47, 47), (48, 48), (49, 77), (50, 50), (51, 51), (52, 52), (53, 53), (54, 54), (55, 55), (56, 56), (57, 57), (58, 58), (75, 75), (59, 59), (60, 60), (61, 61), (62, 62), (63, 63), (64, 64), (65, 65), (66, 66), (67, 67), (68, 68), (69, 69), (70, 70), (71, 71), (74, 79), (72, 72), (73, 73)]
index list: [0, 1, 2, 3, 4, 5, 6, 7, 8, 9, 10, 11, 12, 13, 76, 14, 15, 16, 74, 17, 18, 19, 20, 21, 22, 23, 24, 25, 26, 27, 28, 29, 30, 31, 32, 78, 33, 34, 35, 36, 37, 38, 39, 40, 41, 49, 42, 43, 44, 45, 46, 47, 48, 77, 50, 51, 52, 53, 54, 55, 56, 57, 58, 75, 59, 60, 61, 62, 63, 64, 65, 66, 67, 68, 69, 70, 71, 79, 72, 73]
index list energy: 98209.82393678775
Done


iterations: 10000000 temp: 1000000.0 exponent: 0.7 eif: 300.0
time taken (sec): 942.2443301677704
number of iterations: 10000000
og index list: [(0, 34), (1, 47), (2, 8), (3, 62), (4, 66), (5, 27), (6, 74), (7, 24), (8, 13), (9, 75), (10, 14), (11, 33), (12, 50), (13, 68), (79, 6), (14, 18), (15, 19), (16, 43), (78, 1), (17, 46), (18, 48), (19, 64), (20, 29), (21, 56), (22, 65), (23, 73), (24, 44), (25, 21), (26, 67), (27, 59), (28, 37), (29, 60), (30, 35), (31, 16), (32, 58), (77, 2), (33, 28), (34, 10), (35, 9), (36, 70), (37, 7), (38, 36), (39, 79), (40, 3), (41, 53), (76, 30), (42, 42), (43, 61), (44, 31), (45, 77), (46, 54), (47, 78), (48, 5), (49, 20), (50, 71), (51, 40), (52, 52), (53, 22), (54, 26), (55, 4), (56, 12), (57, 39), (58, 23), (75, 76), (59, 63), (60, 49), (61, 57), (62, 72), (63, 38), (64, 41), (65, 32), (66, 25), (67, 15), (68, 45), (69, 17), (70, 55), (71, 51), (74, 69), (72, 0), (73, 11)]
og index list energy: 130355438.64902985
index_list: [(0, 72), (1, 1), (2, 2), (3, 0), (4, 73), (5, 78), (6, 6), (7, 7), (8, 8), (9, 9), (10, 10), (11, 11), (12, 12), (13, 13), (79, 77), (14, 14), (15, 15), (16, 16), (78, 76), (17, 17), (18, 18), (19, 19), (20, 20), (21, 21), (22, 22), (23, 23), (24, 24), (25, 25), (26, 26), (27, 27), (28, 28), (29, 29), (30, 30), (31, 31), (32, 32), (77, 49), (33, 33), (34, 34), (35, 35), (36, 36), (37, 37), (38, 38), (39, 39), (40, 40), (41, 41), (76, 79), (42, 42), (43, 43), (44, 44), (45, 45), (46, 46), (47, 47), (48, 48), (49, 74), (50, 50), (51, 51), (52, 52), (53, 53), (54, 54), (55, 55), (56, 56), (57, 57), (58, 58), (75, 75), (59, 59), (60, 60), (61, 61), (62, 62), (63, 63), (64, 64), (65, 65), (66, 66), (67, 67), (68, 68), (69, 69), (70, 70), (71, 71), (74, 4), (72, 5), (73, 3)]
index list: [72, 1, 2, 0, 73, 78, 6, 7, 8, 9, 10, 11, 12, 13, 77, 14, 15, 16, 76, 17, 18, 19, 20, 21, 22, 23, 24, 25, 26, 27, 28, 29, 30, 31, 32, 49, 33, 34, 35, 36, 37, 38, 39, 40, 41, 79, 42, 43, 44, 45, 46, 47, 48, 74, 50, 51, 52, 53, 54, 55, 56, 57, 58, 75, 59, 60, 61, 62, 63, 64, 65, 66, 67, 68, 69, 70, 71, 4, 5, 3]
index list energy: 121336.90490276847
Done


iterations: 10000000 temp: 1000000.0 exponent: 0.7 eif: 300.0
time taken (sec): 812.6923813819885
number of iterations: 10000000
og index list: [(0, 0), (1, 26), (2, 66), (3, 27), (4, 74), (5, 14), (6, 41), (7, 21), (8, 22), (9, 13), (10, 8), (11, 59), (12, 69), (13, 6), (79, 37), (14, 71), (15, 32), (16, 72), (78, 64), (17, 7), (18, 62), (19, 44), (20, 76), (21, 60), (22, 67), (23, 75), (24, 78), (25, 39), (26, 28), (27, 19), (28, 51), (29, 48), (30, 54), (31, 77), (32, 52), (77, 16), (33, 47), (34, 29), (35, 56), (36, 5), (37, 25), (38, 50), (39, 43), (40, 45), (41, 23), (76, 49), (42, 57), (43, 70), (44, 33), (45, 53), (46, 10), (47, 34), (48, 24), (49, 17), (50, 12), (51, 68), (52, 36), (53, 15), (54, 73), (55, 35), (56, 11), (57, 40), (58, 38), (75, 3), (59, 9), (60, 2), (61, 61), (62, 63), (63, 58), (64, 20), (65, 1), (66, 42), (67, 4), (68, 65), (69, 18), (70, 55), (71, 30), (74, 79), (72, 46), (73, 31)]
og index list energy: 122546016.0301971
index_list: [(0, 72), (1, 1), (2, 2), (3, 3), (4, 4), (5, 5), (6, 78), (7, 17), (8, 18), (9, 6), (10, 7), (11, 8), (12, 9), (13, 10), (79, 11), (14, 12), (15, 13), (16, 16), (78, 0), (17, 73), (18, 77), (19, 19), (20, 20), (21, 21), (22, 22), (23, 23), (24, 24), (25, 25), (26, 26), (27, 27), (28, 28), (29, 29), (30, 30), (31, 31), (32, 32), (77, 49), (33, 33), (34, 34), (35, 35), (36, 36), (37, 37), (38, 38), (39, 39), (40, 40), (41, 41), (76, 76), (42, 42), (43, 43), (44, 44), (45, 45), (46, 46), (47, 47), (48, 48), (49, 75), (50, 15), (51, 51), (52, 52), (53, 53), (54, 54), (55, 55), (56, 56), (57, 57), (58, 58), (75, 79), (59, 59), (60, 60), (61, 61), (62, 62), (63, 63), (64, 64), (65, 65), (66, 66), (67, 70), (68, 71), (69, 50), (70, 74), (71, 67), (74, 68), (72, 69), (73, 14)]
index list: [72, 1, 2, 3, 4, 5, 78, 17, 18, 6, 7, 8, 9, 10, 11, 12, 13, 16, 0, 73, 77, 19, 20, 21, 22, 23, 24, 25, 26, 27, 28, 29, 30, 31, 32, 49, 33, 34, 35, 36, 37, 38, 39, 40, 41, 76, 42, 43, 44, 45, 46, 47, 48, 75, 15, 51, 52, 53, 54, 55, 56, 57, 58, 79, 59, 60, 61, 62, 63, 64, 65, 66, 70, 71, 50, 74, 67, 68, 69, 14]
index list energy: 204945.5706094654
Done


iterations: 10000000 temp: 1000000.0 exponent: 0.7 eif: 300.0
time taken (sec): 949.6843981742859
number of iterations: 10000000
og index list: [(0, 22), (1, 34), (2, 2), (3, 71), (4, 11), (5, 79), (6, 41), (7, 59), (8, 14), (9, 77), (10, 65), (11, 20), (12, 51), (13, 16), (79, 61), (14, 23), (15, 24), (16, 49), (78, 76), (17, 52), (18, 6), (19, 30), (20, 13), (21, 0), (22, 67), (23, 36), (24, 15), (25, 38), (26, 32), (27, 46), (28, 19), (29, 64), (30, 31), (31, 48), (32, 69), (77, 44), (33, 55), (34, 17), (35, 56), (36, 73), (37, 8), (38, 50), (39, 43), (40, 60), (41, 66), (76, 37), (42, 78), (43, 74), (44, 26), (45, 1), (46, 58), (47, 45), (48, 62), (49, 42), (50, 3), (51, 7), (52, 28), (53, 75), (54, 54), (55, 63), (56, 12), (57, 25), (58, 5), (75, 35), (59, 39), (60, 47), (61, 27), (62, 29), (63, 9), (64, 70), (65, 72), (66, 21), (67, 33), (68, 10), (69, 4), (70, 68), (71, 57), (74, 40), (72, 18), (73, 53)]
og index list energy: 125317838.44041547
index_list: [(0, 0), (1, 1), (2, 2), (3, 3), (4, 4), (5, 5), (6, 6), (7, 7), (8, 8), (9, 9), (10, 10), (11, 11), (12, 12), (13, 13), (79, 78), (14, 14), (15, 15), (16, 16), (78, 76), (17, 17), (18, 18), (19, 19), (20, 20), (21, 21), (22, 22), (23, 23), (24, 24), (25, 25), (26, 26), (27, 27), (28, 28), (29, 29), (30, 30), (31, 31), (32, 32), (77, 74), (33, 33), (34, 34), (35, 35), (36, 36), (37, 37), (38, 38), (39, 39), (40, 40), (41, 41), (76, 71), (42, 77), (43, 43), (44, 44), (45, 45), (46, 46), (47, 47), (48, 48), (49, 49), (50, 50), (51, 51), (52, 52), (53, 53), (54, 54), (55, 55), (56, 56), (57, 57), (58, 58), (75, 79), (59, 59), (60, 60), (61, 61), (62, 62), (63, 63), (64, 64), (65, 65), (66, 66), (67, 67), (68, 68), (69, 69), (70, 70), (71, 75), (74, 42), (72, 72), (73, 73)]
index list: [0, 1, 2, 3, 4, 5, 6, 7, 8, 9, 10, 11, 12, 13, 78, 14, 15, 16, 76, 17, 18, 19, 20, 21, 22, 23, 24, 25, 26, 27, 28, 29, 30, 31, 32, 74, 33, 34, 35, 36, 37, 38, 39, 40, 41, 71, 77, 43, 44, 45, 46, 47, 48, 49, 50, 51, 52, 53, 54, 55, 56, 57, 58, 79, 59, 60, 61, 62, 63, 64, 65, 66, 67, 68, 69, 70, 75, 42, 72, 73]
index list energy: 107771.95799597686
Done


iterations: 10000000 temp: 1000000.0 exponent: 0.7 eif: 300.0
time taken (sec): 900.3557643890381
number of iterations: 10000000
og index list: [(0, 15), (1, 7), (2, 71), (3, 69), (4, 36), (5, 14), (6, 21), (7, 19), (8, 9), (9, 2), (10, 41), (11, 66), (12, 3), (13, 42), (79, 25), (14, 30), (15, 68), (16, 61), (78, 48), (17, 33), (18, 58), (19, 17), (20, 45), (21, 24), (22, 55), (23, 59), (24, 35), (25, 49), (26, 75), (27, 4), (28, 6), (29, 53), (30, 52), (31, 23), (32, 1), (77, 44), (33, 5), (34, 31), (35, 65), (36, 27), (37, 50), (38, 64), (39, 79), (40, 60), (41, 37), (76, 20), (42, 63), (43, 18), (44, 46), (45, 73), (46, 78), (47, 51), (48, 32), (49, 22), (50, 12), (51, 56), (52, 0), (53, 16), (54, 10), (55, 74), (56, 34), (57, 77), (58, 28), (75, 40), (59, 38), (60, 72), (61, 13), (62, 76), (63, 43), (64, 26), (65, 67), (66, 54), (67, 29), (68, 62), (69, 8), (70, 39), (71, 47), (74, 57), (72, 11), (73, 70)]
og index list energy: 120557994.84030633
index_list: [(0, 14), (1, 15), (2, 44), (3, 45), (4, 16), (5, 40), (6, 6), (7, 7), (8, 8), (9, 76), (10, 17), (11, 18), (12, 41), (13, 78), (79, 42), (14, 72), (15, 73), (16, 77), (78, 43), (17, 1), (18, 2), (19, 19), (20, 20), (21, 21), (22, 22), (23, 23), (24, 24), (25, 25), (26, 26), (27, 27), (28, 28), (29, 29), (30, 30), (31, 31), (32, 32), (77, 49), (33, 33), (34, 34), (35, 35), (36, 36), (37, 37), (38, 38), (39, 39), (40, 75), (41, 9), (76, 10), (42, 11), (43, 12), (44, 13), (45, 79), (46, 46), (47, 47), (48, 48), (49, 0), (50, 50), (51, 51), (52, 52), (53, 53), (54, 54), (55, 55), (56, 56), (57, 57), (58, 58), (75, 74), (59, 59), (60, 60), (61, 61), (62, 62), (63, 63), (64, 64), (65, 65), (66, 66), (67, 67), (68, 68), (69, 69), (70, 70), (71, 71), (74, 4), (72, 5), (73, 3)]
index list: [14, 15, 44, 45, 16, 40, 6, 7, 8, 76, 17, 18, 41, 78, 42, 72, 73, 77, 43, 1, 2, 19, 20, 21, 22, 23, 24, 25, 26, 27, 28, 29, 30, 31, 32, 49, 33, 34, 35, 36, 37, 38, 39, 75, 9, 10, 11, 12, 13, 79, 46, 47, 48, 0, 50, 51, 52, 53, 54, 55, 56, 57, 58, 74, 59, 60, 61, 62, 63, 64, 65, 66, 67, 68, 69, 70, 71, 4, 5, 3]
index list energy: 262963.2509991362
Done


iterations: 10000000 temp: 1000000.0 exponent: 0.7 eif: 300.0
time taken (sec): 962.6330959796906
number of iterations: 10000000
og index list: [(0, 62), (1, 73), (2, 50), (3, 64), (4, 27), (5, 4), (6, 65), (7, 18), (8, 21), (9, 71), (10, 33), (11, 19), (12, 40), (13, 20), (79, 16), (14, 24), (15, 43), (16, 32), (78, 26), (17, 45), (18, 42), (19, 23), (20, 29), (21, 69), (22, 68), (23, 51), (24, 13), (25, 77), (26, 30), (27, 58), (28, 56), (29, 46), (30, 17), (31, 7), (32, 61), (77, 11), (33, 66), (34, 8), (35, 54), (36, 35), (37, 34), (38, 36), (39, 78), (40, 28), (41, 0), (76, 63), (42, 1), (43, 49), (44, 79), (45, 47), (46, 57), (47, 53), (48, 2), (49, 48), (50, 70), (51, 14), (52, 44), (53, 25), (54, 72), (55, 9), (56, 75), (57, 60), (58, 76), (75, 59), (59, 74), (60, 38), (61, 55), (62, 41), (63, 39), (64, 15), (65, 5), (66, 3), (67, 67), (68, 12), (69, 52), (70, 22), (71, 10), (74, 31), (72, 37), (73, 6)]
og index list energy: 136444406.04010385
index_list: [(0, 72), (1, 1), (2, 2), (3, 3), (4, 4), (5, 5), (6, 6), (7, 7), (8, 8), (9, 9), (10, 0), (11, 73), (12, 79), (13, 10), (79, 11), (14, 12), (15, 13), (16, 16), (78, 76), (17, 17), (18, 18), (19, 19), (20, 20), (21, 21), (22, 22), (23, 23), (24, 24), (25, 25), (26, 26), (27, 27), (28, 28), (29, 29), (30, 30), (31, 31), (32, 32), (77, 78), (33, 33), (34, 34), (35, 35), (36, 36), (37, 37), (38, 38), (39, 39), (40, 40), (41, 41), (76, 74), (42, 42), (43, 43), (44, 44), (45, 45), (46, 46), (47, 47), (48, 48), (49, 75), (50, 50), (51, 51), (52, 52), (53, 53), (54, 54), (55, 55), (56, 56), (57, 57), (58, 58), (75, 49), (59, 59), (60, 60), (61, 61), (62, 62), (63, 63), (64, 64), (65, 65), (66, 66), (67, 67), (68, 68), (69, 69), (70, 70), (71, 71), (74, 77), (72, 14), (73, 15)]
index list: [72, 1, 2, 3, 4, 5, 6, 7, 8, 9, 0, 73, 79, 10, 11, 12, 13, 16, 76, 17, 18, 19, 20, 21, 22, 23, 24, 25, 26, 27, 28, 29, 30, 31, 32, 78, 33, 34, 35, 36, 37, 38, 39, 40, 41, 74, 42, 43, 44, 45, 46, 47, 48, 75, 50, 51, 52, 53, 54, 55, 56, 57, 58, 49, 59, 60, 61, 62, 63, 64, 65, 66, 67, 68, 69, 70, 71, 77, 14, 15]
index list energy: 150668.33689877018
Done


iterations: 10000000 temp: 1000000.0 exponent: 0.7 eif: 300.0
time taken (sec): 979.9020509719849
number of iterations: 10000000
og index list: [(0, 63), (1, 55), (2, 35), (3, 29), (4, 27), (5, 50), (6, 0), (7, 45), (8, 19), (9, 9), (10, 31), (11, 67), (12, 2), (13, 5), (79, 6), (14, 37), (15, 43), (16, 17), (78, 18), (17, 68), (18, 33), (19, 66), (20, 38), (21, 20), (22, 24), (23, 53), (24, 34), (25, 64), (26, 42), (27, 39), (28, 4), (29, 72), (30, 65), (31, 77), (32, 25), (77, 59), (33, 21), (34, 56), (35, 11), (36, 78), (37, 70), (38, 52), (39, 61), (40, 49), (41, 47), (76, 51), (42, 76), (43, 22), (44, 62), (45, 15), (46, 54), (47, 41), (48, 79), (49, 69), (50, 44), (51, 73), (52, 71), (53, 3), (54, 48), (55, 13), (56, 46), (57, 10), (58, 30), (75, 58), (59, 60), (60, 16), (61, 28), (62, 12), (63, 32), (64, 23), (65, 36), (66, 8), (67, 75), (68, 57), (69, 1), (70, 26), (71, 40), (74, 7), (72, 74), (73, 14)]
og index list energy: 78093956.60194567
index_list: [(0, 0), (1, 1), (2, 2), (3, 3), (4, 4), (5, 5), (6, 6), (7, 7), (8, 8), (9, 9), (10, 10), (11, 11), (12, 12), (13, 13), (79, 79), (14, 14), (15, 15), (16, 16), (78, 75), (17, 17), (18, 18), (19, 19), (20, 20), (21, 21), (22, 22), (23, 23), (24, 24), (25, 25), (26, 26), (27, 27), (28, 28), (29, 29), (30, 30), (31, 31), (32, 32), (77, 49), (33, 33), (34, 34), (35, 35), (36, 36), (37, 37), (38, 38), (39, 39), (40, 40), (41, 41), (76, 74), (42, 42), (43, 43), (44, 44), (45, 45), (46, 46), (47, 47), (48, 48), (49, 76), (50, 50), (51, 51), (52, 52), (53, 53), (54, 54), (55, 55), (56, 56), (57, 57), (58, 58), (75, 78), (59, 59), (60, 60), (61, 61), (62, 62), (63, 63), (64, 64), (65, 65), (66, 66), (67, 67), (68, 68), (69, 69), (70, 70), (71, 71), (74, 77), (72, 72), (73, 73)]
index list: [0, 1, 2, 3, 4, 5, 6, 7, 8, 9, 10, 11, 12, 13, 79, 14, 15, 16, 75, 17, 18, 19, 20, 21, 22, 23, 24, 25, 26, 27, 28, 29, 30, 31, 32, 49, 33, 34, 35, 36, 37, 38, 39, 40, 41, 74, 42, 43, 44, 45, 46, 47, 48, 76, 50, 51, 52, 53, 54, 55, 56, 57, 58, 78, 59, 60, 61, 62, 63, 64, 65, 66, 67, 68, 69, 70, 71, 77, 72, 73]
index list energy: 98209.82393678775
Done


iterations: 10000000 temp: 1000000.0 exponent: 0.7 eif: 300.0
time taken (sec): 987.5331909656525
number of iterations: 10000000
og index list: [(0, 3), (1, 40), (2, 6), (3, 23), (4, 76), (5, 25), (6, 60), (7, 74), (8, 32), (9, 30), (10, 8), (11, 21), (12, 36), (13, 18), (79, 35), (14, 15), (15, 0), (16, 4), (78, 48), (17, 78), (18, 41), (19, 34), (20, 77), (21, 65), (22, 42), (23, 9), (24, 27), (25, 29), (26, 7), (27, 58), (28, 56), (29, 53), (30, 57), (31, 10), (32, 59), (77, 66), (33, 64), (34, 26), (35, 47), (36, 20), (37, 39), (38, 28), (39, 2), (40, 12), (41, 11), (76, 62), (42, 43), (43, 31), (44, 61), (45, 16), (46, 50), (47, 13), (48, 73), (49, 45), (50, 69), (51, 33), (52, 24), (53, 52), (54, 19), (55, 55), (56, 22), (57, 38), (58, 63), (75, 37), (59, 70), (60, 72), (61, 79), (62, 46), (63, 17), (64, 51), (65, 49), (66, 68), (67, 5), (68, 75), (69, 67), (70, 54), (71, 14), (74, 71), (72, 44), (73, 1)]
og index list energy: 108807237.19070566
index_list: [(0, 0), (1, 1), (2, 2), (3, 3), (4, 4), (5, 5), (6, 6), (7, 7), (8, 8), (9, 9), (10, 10), (11, 11), (12, 12), (13, 13), (79, 78), (14, 14), (15, 15), (16, 16), (78, 49), (17, 17), (18, 18), (19, 19), (20, 20), (21, 21), (22, 22), (23, 23), (24, 24), (25, 25), (26, 26), (27, 27), (28, 28), (29, 29), (30, 30), (31, 31), (32, 32), (77, 79), (33, 33), (34, 34), (35, 35), (36, 36), (37, 37), (38, 38), (39, 39), (40, 40), (41, 41), (76, 76), (42, 42), (43, 43), (44, 44), (45, 45), (46, 46), (47, 47), (48, 48), (49, 77), (50, 50), (51, 51), (52, 52), (53, 53), (54, 54), (55, 55), (56, 56), (57, 57), (58, 58), (75, 74), (59, 59), (60, 60), (61, 61), (62, 62), (63, 63), (64, 64), (65, 65), (66, 66), (67, 67), (68, 68), (69, 69), (70, 70), (71, 71), (74, 75), (72, 72), (73, 73)]
index list: [0, 1, 2, 3, 4, 5, 6, 7, 8, 9, 10, 11, 12, 13, 78, 14, 15, 16, 49, 17, 18, 19, 20, 21, 22, 23, 24, 25, 26, 27, 28, 29, 30, 31, 32, 79, 33, 34, 35, 36, 37, 38, 39, 40, 41, 76, 42, 43, 44, 45, 46, 47, 48, 77, 50, 51, 52, 53, 54, 55, 56, 57, 58, 74, 59, 60, 61, 62, 63, 64, 65, 66, 67, 68, 69, 70, 71, 75, 72, 73]
index list energy: 98209.82393678775
Done


iterations: 10000000 temp: 1000000.0 exponent: 0.7 eif: 300.0
time taken (sec): 894.2760899066925
number of iterations: 10000000
og index list: [(0, 0), (1, 40), (2, 55), (3, 54), (4, 6), (5, 51), (6, 26), (7, 67), (8, 62), (9, 78), (10, 46), (11, 19), (12, 36), (13, 31), (79, 14), (14, 77), (15, 2), (16, 65), (78, 63), (17, 70), (18, 61), (19, 56), (20, 21), (21, 38), (22, 20), (23, 45), (24, 15), (25, 5), (26, 76), (27, 58), (28, 24), (29, 9), (30, 1), (31, 75), (32, 34), (77, 73), (33, 30), (34, 28), (35, 72), (36, 13), (37, 37), (38, 29), (39, 60), (40, 11), (41, 57), (76, 79), (42, 8), (43, 3), (44, 52), (45, 42), (46, 10), (47, 50), (48, 47), (49, 48), (50, 49), (51, 39), (52, 74), (53, 18), (54, 23), (55, 16), (56, 59), (57, 41), (58, 4), (75, 44), (59, 25), (60, 12), (61, 17), (62, 66), (63, 43), (64, 32), (65, 71), (66, 64), (67, 7), (68, 69), (69, 22), (70, 27), (71, 33), (74, 53), (72, 68), (73, 35)]
og index list energy: 97663868.78169301
index_list: [(0, 14), (1, 74), (2, 8), (3, 9), (4, 10), (5, 11), (6, 0), (7, 1), (8, 2), (9, 3), (10, 40), (11, 32), (12, 12), (13, 13), (79, 16), (14, 75), (15, 72), (16, 73), (78, 78), (17, 17), (18, 18), (19, 19), (20, 20), (21, 21), (22, 22), (23, 23), (24, 24), (25, 25), (26, 26), (27, 27), (28, 28), (29, 29), (30, 30), (31, 31), (32, 77), (77, 42), (33, 33), (34, 34), (35, 35), (36, 36), (37, 37), (38, 38), (39, 39), (40, 4), (41, 5), (76, 41), (42, 50), (43, 79), (44, 44), (45, 45), (46, 46), (47, 47), (48, 48), (49, 76), (50, 43), (51, 51), (52, 52), (53, 53), (54, 54), (55, 55), (56, 56), (57, 57), (58, 58), (75, 49), (59, 59), (60, 60), (61, 61), (62, 62), (63, 63), (64, 64), (65, 65), (66, 66), (67, 67), (68, 68), (69, 69), (70, 70), (71, 71), (74, 15), (72, 6), (73, 7)]
index list: [14, 74, 8, 9, 10, 11, 0, 1, 2, 3, 40, 32, 12, 13, 16, 75, 72, 73, 78, 17, 18, 19, 20, 21, 22, 23, 24, 25, 26, 27, 28, 29, 30, 31, 77, 42, 33, 34, 35, 36, 37, 38, 39, 4, 5, 41, 50, 79, 44, 45, 46, 47, 48, 76, 43, 51, 52, 53, 54, 55, 56, 57, 58, 49, 59, 60, 61, 62, 63, 64, 65, 66, 67, 68, 69, 70, 71, 15, 6, 7]
index list energy: 262381.79106539907
Done


iterations: 10000000 temp: 1000000.0 exponent: 0.7 eif: 300.0
time taken (sec): 982.9366745948792
number of iterations: 10000000
og index list: [(0, 44), (1, 13), (2, 20), (3, 56), (4, 50), (5, 14), (6, 45), (7, 2), (8, 1), (9, 30), (10, 34), (11, 53), (12, 38), (13, 18), (79, 66), (14, 46), (15, 58), (16, 67), (78, 39), (17, 9), (18, 31), (19, 19), (20, 48), (21, 73), (22, 24), (23, 22), (24, 0), (25, 74), (26, 16), (27, 54), (28, 55), (29, 49), (30, 6), (31, 32), (32, 35), (77, 52), (33, 51), (34, 23), (35, 41), (36, 29), (37, 68), (38, 71), (39, 43), (40, 5), (41, 76), (76, 11), (42, 77), (43, 37), (44, 25), (45, 26), (46, 57), (47, 75), (48, 33), (49, 10), (50, 72), (51, 61), (52, 78), (53, 4), (54, 7), (55, 79), (56, 60), (57, 59), (58, 3), (75, 8), (59, 17), (60, 27), (61, 40), (62, 42), (63, 36), (64, 69), (65, 64), (66, 21), (67, 63), (68, 15), (69, 47), (70, 62), (71, 28), (74, 70), (72, 65), (73, 12)]
og index list energy: 94452339.42988738
index_list: [(0, 0), (1, 1), (2, 2), (3, 3), (4, 4), (5, 5), (6, 6), (7, 7), (8, 8), (9, 9), (10, 10), (11, 11), (12, 12), (13, 13), (79, 79), (14, 14), (15, 15), (16, 16), (78, 75), (17, 17), (18, 18), (19, 19), (20, 20), (21, 21), (22, 22), (23, 23), (24, 24), (25, 25), (26, 26), (27, 27), (28, 28), (29, 29), (30, 30), (31, 31), (32, 32), (77, 76), (33, 33), (34, 34), (35, 35), (36, 36), (37, 37), (38, 38), (39, 39), (40, 40), (41, 41), (76, 78), (42, 42), (43, 43), (44, 44), (45, 45), (46, 46), (47, 47), (48, 48), (49, 49), (50, 50), (51, 51), (52, 52), (53, 53), (54, 54), (55, 55), (56, 56), (57, 57), (58, 58), (75, 74), (59, 59), (60, 60), (61, 61), (62, 62), (63, 63), (64, 64), (65, 65), (66, 66), (67, 67), (68, 68), (69, 69), (70, 70), (71, 71), (74, 77), (72, 72), (73, 73)]
index list: [0, 1, 2, 3, 4, 5, 6, 7, 8, 9, 10, 11, 12, 13, 79, 14, 15, 16, 75, 17, 18, 19, 20, 21, 22, 23, 24, 25, 26, 27, 28, 29, 30, 31, 32, 76, 33, 34, 35, 36, 37, 38, 39, 40, 41, 78, 42, 43, 44, 45, 46, 47, 48, 49, 50, 51, 52, 53, 54, 55, 56, 57, 58, 74, 59, 60, 61, 62, 63, 64, 65, 66, 67, 68, 69, 70, 71, 77, 72, 73]
index list energy: 97911.32412903158
Done


iterations: 10000000 temp: 1000000.0 exponent: 0.7 eif: 300.0
time taken (sec): 906.7513554096222
number of iterations: 10000000
og index list: [(0, 62), (1, 71), (2, 61), (3, 22), (4, 9), (5, 48), (6, 29), (7, 39), (8, 31), (9, 40), (10, 20), (11, 11), (12, 79), (13, 74), (79, 65), (14, 4), (15, 70), (16, 41), (78, 55), (17, 30), (18, 21), (19, 53), (20, 0), (21, 46), (22, 68), (23, 26), (24, 43), (25, 6), (26, 3), (27, 16), (28, 12), (29, 19), (30, 56), (31, 45), (32, 38), (77, 77), (33, 15), (34, 58), (35, 33), (36, 34), (37, 2), (38, 78), (39, 47), (40, 64), (41, 25), (76, 60), (42, 59), (43, 23), (44, 63), (45, 10), (46, 72), (47, 1), (48, 51), (49, 24), (50, 7), (51, 52), (52, 14), (53, 67), (54, 5), (55, 32), (56, 54), (57, 57), (58, 50), (75, 37), (59, 18), (60, 76), (61, 35), (62, 17), (63, 44), (64, 66), (65, 75), (66, 69), (67, 49), (68, 42), (69, 27), (70, 28), (71, 8), (74, 73), (72, 36), (73, 13)]
og index list energy: 131185902.82903692
index_list: [(0, 72), (1, 73), (2, 75), (3, 11), (4, 12), (5, 13), (6, 6), (7, 7), (8, 8), (9, 9), (10, 76), (11, 43), (12, 1), (13, 2), (79, 3), (14, 79), (15, 10), (16, 74), (78, 42), (17, 17), (18, 18), (19, 19), (20, 20), (21, 21), (22, 22), (23, 23), (24, 24), (25, 25), (26, 26), (27, 27), (28, 28), (29, 29), (30, 30), (31, 31), (32, 32), (77, 49), (33, 33), (34, 34), (35, 35), (36, 36), (37, 37), (38, 38), (39, 39), (40, 40), (41, 41), (76, 77), (42, 14), (43, 5), (44, 44), (45, 45), (46, 46), (47, 47), (48, 48), (49, 0), (50, 50), (51, 51), (52, 52), (53, 53), (54, 54), (55, 55), (56, 56), (57, 57), (58, 58), (75, 78), (59, 59), (60, 60), (61, 61), (62, 62), (63, 63), (64, 64), (65, 65), (66, 66), (67, 67), (68, 68), (69, 69), (70, 70), (71, 71), (74, 4), (72, 15), (73, 16)]
index list: [72, 73, 75, 11, 12, 13, 6, 7, 8, 9, 76, 43, 1, 2, 3, 79, 10, 74, 42, 17, 18, 19, 20, 21, 22, 23, 24, 25, 26, 27, 28, 29, 30, 31, 32, 49, 33, 34, 35, 36, 37, 38, 39, 40, 41, 77, 14, 5, 44, 45, 46, 47, 48, 0, 50, 51, 52, 53, 54, 55, 56, 57, 58, 78, 59, 60, 61, 62, 63, 64, 65, 66, 67, 68, 69, 70, 71, 4, 15, 16]
index list energy: 228343.97244028057
Done


iterations: 10000000 temp: 1000000.0 exponent: 0.7 eif: 300.0
time taken (sec): 773.5047779083252
number of iterations: 10000000
og index list: [(0, 8), (1, 73), (2, 51), (3, 48), (4, 49), (5, 3), (6, 56), (7, 5), (8, 66), (9, 77), (10, 25), (11, 30), (12, 27), (13, 44), (79, 19), (14, 33), (15, 29), (16, 68), (78, 59), (17, 63), (18, 50), (19, 58), (20, 16), (21, 70), (22, 23), (23, 13), (24, 75), (25, 46), (26, 35), (27, 45), (28, 78), (29, 79), (30, 4), (31, 76), (32, 36), (77, 21), (33, 61), (34, 74), (35, 31), (36, 60), (37, 34), (38, 7), (39, 32), (40, 17), (41, 65), (76, 42), (42, 9), (43, 15), (44, 69), (45, 10), (46, 26), (47, 54), (48, 71), (49, 28), (50, 47), (51, 18), (52, 41), (53, 64), (54, 2), (55, 24), (56, 11), (57, 57), (58, 6), (75, 53), (59, 62), (60, 55), (61, 20), (62, 1), (63, 12), (64, 43), (65, 52), (66, 14), (67, 37), (68, 67), (69, 72), (70, 38), (71, 22), (74, 40), (72, 39), (73, 0)]
og index list energy: 126759938.42715585
index_list: [(0, 72), (1, 1), (2, 2), (3, 3), (4, 4), (5, 5), (6, 6), (7, 7), (8, 8), (9, 9), (10, 10), (11, 11), (12, 12), (13, 13), (79, 77), (14, 14), (15, 15), (16, 16), (78, 79), (17, 17), (18, 18), (19, 19), (20, 20), (21, 21), (22, 22), (23, 23), (24, 24), (25, 25), (26, 26), (27, 27), (28, 28), (29, 29), (30, 30), (31, 31), (32, 32), (77, 75), (33, 33), (34, 34), (35, 35), (36, 36), (37, 37), (38, 38), (39, 39), (40, 40), (41, 41), (76, 71), (42, 68), (43, 69), (44, 70), (45, 78), (46, 46), (47, 47), (48, 48), (49, 0), (50, 50), (51, 51), (52, 52), (53, 53), (54, 54), (55, 55), (56, 56), (57, 57), (58, 58), (75, 49), (59, 59), (60, 60), (61, 61), (62, 62), (63, 63), (64, 64), (65, 65), (66, 66), (67, 67), (68, 76), (69, 73), (70, 74), (71, 42), (74, 43), (72, 44), (73, 45)]
index list: [72, 1, 2, 3, 4, 5, 6, 7, 8, 9, 10, 11, 12, 13, 77, 14, 15, 16, 79, 17, 18, 19, 20, 21, 22, 23, 24, 25, 26, 27, 28, 29, 30, 31, 32, 75, 33, 34, 35, 36, 37, 38, 39, 40, 41, 71, 68, 69, 70, 78, 46, 47, 48, 0, 50, 51, 52, 53, 54, 55, 56, 57, 58, 49, 59, 60, 61, 62, 63, 64, 65, 66, 67, 76, 73, 74, 42, 43, 44, 45]
index list energy: 168720.82401824495
Done


iterations: 10000000 temp: 1000000.0 exponent: 0.7 eif: 300.0
time taken (sec): 820.0472776889801
number of iterations: 10000000
og index list: [(0, 26), (1, 58), (2, 24), (3, 72), (4, 54), (5, 60), (6, 59), (7, 27), (8, 79), (9, 64), (10, 38), (11, 41), (12, 40), (13, 16), (79, 36), (14, 1), (15, 32), (16, 5), (78, 34), (17, 78), (18, 51), (19, 37), (20, 70), (21, 4), (22, 61), (23, 56), (24, 71), (25, 42), (26, 75), (27, 11), (28, 73), (29, 14), (30, 17), (31, 31), (32, 68), (77, 25), (33, 12), (34, 65), (35, 76), (36, 18), (37, 69), (38, 66), (39, 10), (40, 19), (41, 15), (76, 29), (42, 55), (43, 35), (44, 6), (45, 30), (46, 53), (47, 67), (48, 47), (49, 0), (50, 63), (51, 23), (52, 13), (53, 49), (54, 39), (55, 62), (56, 45), (57, 46), (58, 44), (75, 50), (59, 8), (60, 52), (61, 77), (62, 57), (63, 20), (64, 9), (65, 22), (66, 3), (67, 48), (68, 74), (69, 28), (70, 33), (71, 2), (74, 7), (72, 21), (73, 43)]
og index list energy: 103932696.89437696
index_list: [(0, 0), (1, 1), (2, 2), (3, 3), (4, 4), (5, 5), (6, 6), (7, 7), (8, 8), (9, 9), (10, 10), (11, 11), (12, 12), (13, 13), (79, 74), (14, 14), (15, 15), (16, 16), (78, 79), (17, 17), (18, 18), (19, 19), (20, 20), (21, 21), (22, 22), (23, 23), (24, 24), (25, 25), (26, 26), (27, 27), (28, 28), (29, 29), (30, 30), (31, 31), (32, 32), (77, 49), (33, 33), (34, 34), (35, 35), (36, 36), (37, 37), (38, 38), (39, 39), (40, 40), (41, 41), (76, 71), (42, 78), (43, 43), (44, 44), (45, 45), (46, 46), (47, 47), (48, 48), (49, 75), (50, 50), (51, 51), (52, 52), (53, 53), (54, 54), (55, 55), (56, 56), (57, 57), (58, 58), (75, 77), (59, 59), (60, 60), (61, 61), (62, 62), (63, 63), (64, 64), (65, 65), (66, 66), (67, 67), (68, 68), (69, 69), (70, 70), (71, 76), (74, 42), (72, 72), (73, 73)]
index list: [0, 1, 2, 3, 4, 5, 6, 7, 8, 9, 10, 11, 12, 13, 74, 14, 15, 16, 79, 17, 18, 19, 20, 21, 22, 23, 24, 25, 26, 27, 28, 29, 30, 31, 32, 49, 33, 34, 35, 36, 37, 38, 39, 40, 41, 71, 78, 43, 44, 45, 46, 47, 48, 75, 50, 51, 52, 53, 54, 55, 56, 57, 58, 77, 59, 60, 61, 62, 63, 64, 65, 66, 67, 68, 69, 70, 76, 42, 72, 73]
index list energy: 108070.45780373304
Done


iterations: 10000000 temp: 1000000.0 exponent: 0.7 eif: 300.0
time taken (sec): 774.7494874000549
number of iterations: 10000000
og index list: [(0, 77), (1, 23), (2, 40), (3, 34), (4, 39), (5, 60), (6, 74), (7, 20), (8, 10), (9, 30), (10, 2), (11, 13), (12, 49), (13, 7), (79, 18), (14, 44), (15, 38), (16, 79), (78, 37), (17, 73), (18, 75), (19, 21), (20, 36), (21, 32), (22, 9), (23, 63), (24, 67), (25, 11), (26, 1), (27, 68), (28, 56), (29, 46), (30, 78), (31, 41), (32, 70), (77, 43), (33, 28), (34, 15), (35, 27), (36, 5), (37, 53), (38, 4), (39, 64), (40, 26), (41, 35), (76, 12), (42, 76), (43, 55), (44, 65), (45, 59), (46, 52), (47, 72), (48, 16), (49, 47), (50, 62), (51, 50), (52, 51), (53, 48), (54, 69), (55, 22), (56, 0), (57, 42), (58, 19), (75, 45), (59, 61), (60, 71), (61, 14), (62, 33), (63, 29), (64, 8), (65, 17), (66, 66), (67, 58), (68, 31), (69, 25), (70, 3), (71, 6), (74, 24), (72, 57), (73, 54)]
og index list energy: 110860893.22181399
index_list: [(0, 72), (1, 73), (2, 74), (3, 14), (4, 15), (5, 75), (6, 79), (7, 17), (8, 18), (9, 6), (10, 7), (11, 8), (12, 9), (13, 10), (79, 11), (14, 12), (15, 13), (16, 16), (78, 0), (17, 1), (18, 2), (19, 19), (20, 20), (21, 21), (22, 22), (23, 23), (24, 24), (25, 25), (26, 26), (27, 27), (28, 28), (29, 29), (30, 30), (31, 31), (32, 32), (77, 77), (33, 33), (34, 34), (35, 35), (36, 36), (37, 37), (38, 38), (39, 39), (40, 40), (41, 41), (76, 76), (42, 42), (43, 43), (44, 44), (45, 45), (46, 46), (47, 47), (48, 48), (49, 78), (50, 50), (51, 51), (52, 52), (53, 53), (54, 54), (55, 55), (56, 56), (57, 57), (58, 58), (75, 49), (59, 59), (60, 60), (61, 61), (62, 62), (63, 63), (64, 64), (65, 65), (66, 66), (67, 67), (68, 68), (69, 69), (70, 70), (71, 71), (74, 4), (72, 5), (73, 3)]
index list: [72, 73, 74, 14, 15, 75, 79, 17, 18, 6, 7, 8, 9, 10, 11, 12, 13, 16, 0, 1, 2, 19, 20, 21, 22, 23, 24, 25, 26, 27, 28, 29, 30, 31, 32, 77, 33, 34, 35, 36, 37, 38, 39, 40, 41, 76, 42, 43, 44, 45, 46, 47, 48, 78, 50, 51, 52, 53, 54, 55, 56, 57, 58, 49, 59, 60, 61, 62, 63, 64, 65, 66, 67, 68, 69, 70, 71, 4, 5, 3]
index list energy: 179373.05451120436
Done


iterations: 10000000 temp: 1000000.0 exponent: 0.7 eif: 300.0
time taken (sec): 785.4946258068085
number of iterations: 10000000
og index list: [(0, 15), (1, 52), (2, 22), (3, 10), (4, 58), (5, 41), (6, 43), (7, 65), (8, 13), (9, 55), (10, 19), (11, 67), (12, 56), (13, 32), (79, 42), (14, 31), (15, 4), (16, 18), (78, 57), (17, 79), (18, 30), (19, 34), (20, 68), (21, 27), (22, 50), (23, 44), (24, 60), (25, 20), (26, 64), (27, 36), (28, 71), (29, 73), (30, 12), (31, 69), (32, 61), (77, 8), (33, 54), (34, 28), (35, 6), (36, 66), (37, 7), (38, 5), (39, 49), (40, 1), (41, 78), (76, 25), (42, 53), (43, 51), (44, 11), (45, 9), (46, 33), (47, 45), (48, 38), (49, 35), (50, 29), (51, 74), (52, 37), (53, 16), (54, 76), (55, 3), (56, 21), (57, 0), (58, 47), (75, 2), (59, 77), (60, 39), (61, 40), (62, 75), (63, 72), (64, 17), (65, 24), (66, 70), (67, 14), (68, 48), (69, 46), (70, 23), (71, 59), (74, 62), (72, 26), (73, 63)]
og index list energy: 88039298.04900505
index_list: [(0, 46), (1, 1), (2, 2), (3, 3), (4, 4), (5, 5), (6, 6), (7, 7), (8, 8), (9, 9), (10, 10), (11, 11), (12, 12), (13, 13), (79, 75), (14, 14), (15, 15), (16, 16), (78, 77), (17, 17), (18, 18), (19, 19), (20, 20), (21, 21), (22, 22), (23, 23), (24, 24), (25, 25), (26, 26), (27, 27), (28, 28), (29, 29), (30, 30), (31, 31), (32, 32), (77, 74), (33, 33), (34, 34), (35, 35), (36, 36), (37, 37), (38, 38), (39, 39), (40, 40), (41, 41), (76, 50), (42, 76), (43, 42), (44, 72), (45, 73), (46, 78), (47, 47), (48, 48), (49, 79), (50, 43), (51, 51), (52, 52), (53, 53), (54, 54), (55, 55), (56, 56), (57, 57), (58, 58), (75, 49), (59, 59), (60, 60), (61, 61), (62, 62), (63, 63), (64, 64), (65, 65), (66, 66), (67, 67), (68, 68), (69, 69), (70, 70), (71, 71), (74, 0), (72, 44), (73, 45)]
index list: [46, 1, 2, 3, 4, 5, 6, 7, 8, 9, 10, 11, 12, 13, 75, 14, 15, 16, 77, 17, 18, 19, 20, 21, 22, 23, 24, 25, 26, 27, 28, 29, 30, 31, 32, 74, 33, 34, 35, 36, 37, 38, 39, 40, 41, 50, 76, 42, 72, 73, 78, 47, 48, 79, 43, 51, 52, 53, 54, 55, 56, 57, 58, 49, 59, 60, 61, 62, 63, 64, 65, 66, 67, 68, 69, 70, 71, 0, 44, 45]
index list energy: 134461.69189133774
Done


iterations: 10000000 temp: 1000000.0 exponent: 0.7 eif: 300.0
time taken (sec): 814.4413022994995
number of iterations: 10000000
og index list: [(0, 57), (1, 34), (2, 19), (3, 53), (4, 47), (5, 73), (6, 58), (7, 40), (8, 65), (9, 1), (10, 36), (11, 68), (12, 42), (13, 33), (79, 11), (14, 14), (15, 9), (16, 10), (78, 13), (17, 30), (18, 32), (19, 25), (20, 5), (21, 48), (22, 76), (23, 8), (24, 62), (25, 17), (26, 41), (27, 78), (28, 0), (29, 71), (30, 72), (31, 3), (32, 45), (77, 26), (33, 18), (34, 51), (35, 21), (36, 27), (37, 46), (38, 52), (39, 67), (40, 28), (41, 6), (76, 56), (42, 44), (43, 77), (44, 12), (45, 60), (46, 69), (47, 75), (48, 20), (49, 37), (50, 31), (51, 38), (52, 79), (53, 16), (54, 49), (55, 2), (56, 70), (57, 39), (58, 22), (75, 59), (59, 55), (60, 50), (61, 4), (62, 54), (63, 24), (64, 35), (65, 15), (66, 63), (67, 23), (68, 29), (69, 61), (70, 74), (71, 7), (74, 66), (72, 43), (73, 64)]
og index list energy: 115137245.82982767
index_list: [(0, 72), (1, 1), (2, 2), (3, 3), (4, 4), (5, 5), (6, 6), (7, 7), (8, 8), (9, 9), (10, 10), (11, 11), (12, 12), (13, 79), (79, 42), (14, 14), (15, 15), (16, 41), (78, 49), (17, 17), (18, 18), (19, 19), (20, 20), (21, 21), (22, 22), (23, 23), (24, 24), (25, 25), (26, 26), (27, 27), (28, 28), (29, 29), (30, 30), (31, 31), (32, 32), (77, 77), (33, 33), (34, 34), (35, 35), (36, 36), (37, 37), (38, 38), (39, 39), (40, 74), (41, 13), (76, 16), (42, 75), (43, 43), (44, 44), (45, 45), (46, 46), (47, 47), (48, 48), (49, 76), (50, 50), (51, 51), (52, 52), (53, 53), (54, 54), (55, 55), (56, 56), (57, 57), (58, 58), (75, 78), (59, 59), (60, 60), (61, 61), (62, 62), (63, 63), (64, 64), (65, 65), (66, 66), (67, 67), (68, 68), (69, 69), (70, 70), (71, 71), (74, 40), (72, 0), (73, 73)]
index list: [72, 1, 2, 3, 4, 5, 6, 7, 8, 9, 10, 11, 12, 79, 42, 14, 15, 41, 49, 17, 18, 19, 20, 21, 22, 23, 24, 25, 26, 27, 28, 29, 30, 31, 32, 77, 33, 34, 35, 36, 37, 38, 39, 74, 13, 16, 75, 43, 44, 45, 46, 47, 48, 76, 50, 51, 52, 53, 54, 55, 56, 57, 58, 78, 59, 60, 61, 62, 63, 64, 65, 66, 67, 68, 69, 70, 71, 40, 0, 73]
index list energy: 175156.00892793352
Done


iterations: 10000000 temp: 1000000.0 exponent: 0.7 eif: 300.0
time taken (sec): 705.7192842960358
number of iterations: 10000000
og index list: [(0, 35), (1, 52), (2, 45), (3, 60), (4, 23), (5, 61), (6, 2), (7, 72), (8, 24), (9, 55), (10, 38), (11, 34), (12, 41), (13, 69), (79, 3), (14, 31), (15, 33), (16, 19), (78, 13), (17, 76), (18, 78), (19, 5), (20, 26), (21, 48), (22, 37), (23, 16), (24, 39), (25, 28), (26, 44), (27, 8), (28, 18), (29, 7), (30, 12), (31, 75), (32, 21), (77, 0), (33, 47), (34, 4), (35, 6), (36, 40), (37, 43), (38, 66), (39, 30), (40, 22), (41, 54), (76, 58), (42, 25), (43, 56), (44, 65), (45, 64), (46, 1), (47, 14), (48, 63), (49, 68), (50, 51), (51, 50), (52, 42), (53, 62), (54, 29), (55, 53), (56, 74), (57, 71), (58, 10), (75, 77), (59, 59), (60, 67), (61, 11), (62, 36), (63, 17), (64, 46), (65, 32), (66, 9), (67, 27), (68, 57), (69, 70), (70, 49), (71, 73), (74, 79), (72, 20), (73, 15)]
og index list energy: 138810282.30280718
index_list: [(0, 14), (1, 15), (2, 16), (3, 77), (4, 72), (5, 73), (6, 79), (7, 17), (8, 18), (9, 6), (10, 7), (11, 8), (12, 9), (13, 10), (79, 49), (14, 39), (15, 40), (16, 41), (78, 0), (17, 1), (18, 2), (19, 19), (20, 20), (21, 21), (22, 22), (23, 23), (24, 24), (25, 25), (26, 26), (27, 27), (28, 28), (29, 29), (30, 30), (31, 31), (32, 76), (77, 42), (33, 33), (34, 34), (35, 35), (36, 36), (37, 37), (38, 38), (39, 47), (40, 50), (41, 11), (76, 12), (42, 13), (43, 46), (44, 44), (45, 45), (46, 32), (47, 74), (48, 48), (49, 75), (50, 43), (51, 51), (52, 52), (53, 53), (54, 54), (55, 55), (56, 56), (57, 57), (58, 58), (75, 78), (59, 59), (60, 60), (61, 61), (62, 62), (63, 63), (64, 64), (65, 65), (66, 66), (67, 67), (68, 68), (69, 69), (70, 70), (71, 71), (74, 4), (72, 5), (73, 3)]
index list: [14, 15, 16, 77, 72, 73, 79, 17, 18, 6, 7, 8, 9, 10, 49, 39, 40, 41, 0, 1, 2, 19, 20, 21, 22, 23, 24, 25, 26, 27, 28, 29, 30, 31, 76, 42, 33, 34, 35, 36, 37, 38, 47, 50, 11, 12, 13, 46, 44, 45, 32, 74, 48, 75, 43, 51, 52, 53, 54, 55, 56, 57, 58, 78, 59, 60, 61, 62, 63, 64, 65, 66, 67, 68, 69, 70, 71, 4, 5, 3]
index list energy: 323438.1516085839
Done


iterations: 10000000 temp: 1000000.0 exponent: 0.7 eif: 300.0
time taken (sec): 796.3420016765594
number of iterations: 10000000
og index list: [(0, 71), (1, 40), (2, 46), (3, 47), (4, 29), (5, 17), (6, 13), (7, 26), (8, 24), (9, 64), (10, 60), (11, 67), (12, 4), (13, 1), (79, 7), (14, 79), (15, 54), (16, 10), (78, 30), (17, 55), (18, 51), (19, 3), (20, 58), (21, 36), (22, 41), (23, 66), (24, 11), (25, 21), (26, 65), (27, 19), (28, 5), (29, 48), (30, 28), (31, 73), (32, 32), (77, 2), (33, 9), (34, 43), (35, 6), (36, 49), (37, 14), (38, 78), (39, 74), (40, 76), (41, 34), (76, 52), (42, 69), (43, 18), (44, 57), (45, 37), (46, 77), (47, 75), (48, 22), (49, 16), (50, 56), (51, 15), (52, 50), (53, 39), (54, 63), (55, 38), (56, 20), (57, 68), (58, 27), (75, 42), (59, 35), (60, 62), (61, 72), (62, 0), (63, 23), (64, 44), (65, 25), (66, 59), (67, 61), (68, 8), (69, 70), (70, 12), (71, 31), (74, 45), (72, 33), (73, 53)]
og index list energy: 105309916.1999774
index_list: [(0, 14), (1, 15), (2, 75), (3, 42), (4, 72), (5, 73), (6, 79), (7, 1), (8, 2), (9, 6), (10, 7), (11, 8), (12, 9), (13, 10), (79, 11), (14, 12), (15, 13), (16, 16), (78, 78), (17, 17), (18, 18), (19, 19), (20, 20), (21, 21), (22, 22), (23, 23), (24, 24), (25, 25), (26, 26), (27, 27), (28, 28), (29, 29), (30, 30), (31, 31), (32, 32), (77, 49), (33, 33), (34, 34), (35, 35), (36, 36), (37, 37), (38, 38), (39, 39), (40, 40), (41, 41), (76, 0), (42, 77), (43, 43), (44, 44), (45, 45), (46, 46), (47, 47), (48, 48), (49, 74), (50, 50), (51, 51), (52, 52), (53, 53), (54, 54), (55, 55), (56, 56), (57, 57), (58, 58), (75, 76), (59, 59), (60, 60), (61, 61), (62, 62), (63, 63), (64, 64), (65, 65), (66, 66), (67, 67), (68, 68), (69, 69), (70, 70), (71, 71), (74, 4), (72, 5), (73, 3)]
index list: [14, 15, 75, 42, 72, 73, 79, 1, 2, 6, 7, 8, 9, 10, 11, 12, 13, 16, 78, 17, 18, 19, 20, 21, 22, 23, 24, 25, 26, 27, 28, 29, 30, 31, 32, 49, 33, 34, 35, 36, 37, 38, 39, 40, 41, 0, 77, 43, 44, 45, 46, 47, 48, 74, 50, 51, 52, 53, 54, 55, 56, 57, 58, 76, 59, 60, 61, 62, 63, 64, 65, 66, 67, 68, 69, 70, 71, 4, 5, 3]
index list energy: 181551.70858493165
Done


iterations: 10000000 temp: 1000000.0 exponent: 0.7 eif: 300.0
time taken (sec): 102.71425724029541
number of iterations: 2333702
og index list: [(0, 35), (1, 22), (2, 6), (3, 43), (4, 55), (5, 34), (6, 9), (7, 12), (8, 49), (9, 44), (10, 67), (11, 1), (12, 10), (13, 69), (79, 2), (14, 18), (15, 13), (16, 53), (78, 46), (17, 72), (18, 28), (19, 45), (20, 14), (21, 15), (22, 5), (23, 0), (24, 30), (25, 36), (26, 74), (27, 71), (28, 4), (29, 29), (30, 59), (31, 27), (32, 16), (77, 66), (33, 48), (34, 39), (35, 61), (36, 25), (37, 54), (38, 21), (39, 33), (40, 62), (41, 56), (76, 63), (42, 26), (43, 79), (44, 38), (45, 76), (46, 20), (47, 11), (48, 19), (49, 77), (50, 3), (51, 40), (52, 52), (53, 32), (54, 65), (55, 58), (56, 50), (57, 70), (58, 73), (75, 8), (59, 41), (60, 75), (61, 47), (62, 78), (63, 23), (64, 60), (65, 57), (66, 51), (67, 31), (68, 64), (69, 42), (70, 68), (71, 37), (74, 7), (72, 24), (73, 17)]
og index list energy: 107983833.20158526
index_list: [(0, 6), (1, 56), (2, 57), (3, 39), (4, 75), (5, 18), (6, 69), (7, 29), (8, 28), (9, 42), (10, 33), (11, 34), (12, 0), (13, 47), (79, 1), (14, 2), (15, 16), (16, 12), (78, 13), (17, 3), (18, 52), (19, 72), (20, 46), (21, 48), (22, 22), (23, 23), (24, 70), (25, 25), (26, 26), (27, 27), (28, 77), (29, 10), (30, 14), (31, 68), (32, 44), (77, 45), (33, 36), (34, 37), (35, 38), (36, 58), (37, 31), (38, 51), (39, 65), (40, 76), (41, 7), (76, 8), (42, 73), (43, 66), (44, 67), (45, 20), (46, 21), (47, 50), (48, 63), (49, 64), (50, 71), (51, 41), (52, 49), (53, 30), (54, 61), (55, 62), (56, 17), (57, 79), (58, 9), (75, 74), (59, 15), (60, 59), (61, 60), (62, 35), (63, 54), (64, 55), (65, 53), (66, 19), (67, 4), (68, 5), (69, 11), (70, 78), (71, 43), (74, 32), (72, 24), (73, 40)]
index list: [6, 56, 57, 39, 75, 18, 69, 29, 28, 42, 33, 34, 0, 47, 1, 2, 16, 12, 13, 3, 52, 72, 46, 48, 22, 23, 70, 25, 26, 27, 77, 10, 14, 68, 44, 45, 36, 37, 38, 58, 31, 51, 65, 76, 7, 8, 73, 66, 67, 20, 21, 50, 63, 64, 71, 41, 49, 30, 61, 62, 17, 79, 9, 74, 15, 59, 60, 35, 54, 55, 53, 19, 4, 5, 11, 78, 43, 32, 24, 40]
index list energy: 3100066.4478368205
Done


