## SLURM PROLOG ###############################################################
##    Job ID : 2089315
##  Job Name : HNCOCA_75
##  Nodelist : node1158
##      CPUs : 1
##  Mem/Node : 1024 MB
## Directory : /gpfs/data/nfawzi/skale/Fawzi_pycharm_project
##   Started : Fri Jan 18 23:40:12 EST 2019
###############################################################################
iterations: 10000000 temp: 1000000.0 exponent: 0.7 eif: 300.0
time taken (sec): 967.7761054039001
number of iterations: 10000000
og index list: [(0, 7), (1, 30), (2, 51), (3, 44), (4, 39), (5, 79), (6, 5), (7, 18), (8, 16), (9, 0), (10, 17), (11, 27), (12, 47), (13, 56), (79, 75), (14, 70), (15, 29), (16, 71), (78, 10), (17, 64), (18, 32), (19, 57), (20, 19), (21, 41), (22, 15), (23, 63), (24, 74), (25, 49), (26, 20), (27, 36), (28, 77), (29, 4), (30, 67), (31, 26), (32, 31), (77, 54), (33, 52), (34, 25), (35, 14), (36, 8), (37, 11), (38, 22), (39, 37), (40, 43), (41, 61), (76, 46), (42, 78), (43, 21), (44, 2), (45, 9), (46, 76), (47, 65), (48, 45), (49, 53), (50, 23), (51, 42), (52, 3), (53, 48), (54, 58), (55, 33), (56, 1), (57, 34), (58, 38), (75, 60), (59, 13), (60, 24), (61, 12), (62, 6), (63, 40), (64, 72), (65, 28), (66, 69), (67, 50), (68, 55), (69, 59), (70, 68), (71, 35), (74, 62), (72, 73), (73, 66)]
og index list energy: 88523942.70182286
index_list: [(0, 0), (1, 1), (2, 2), (3, 3), (4, 4), (5, 5), (6, 6), (7, 7), (8, 8), (9, 9), (10, 10), (11, 11), (12, 12), (13, 13), (79, 74), (14, 14), (15, 15), (16, 16), (78, 79), (17, 17), (18, 18), (19, 19), (20, 20), (21, 21), (22, 22), (23, 23), (24, 24), (25, 25), (26, 26), (27, 27), (28, 28), (29, 29), (30, 30), (31, 31), (32, 32), (77, 78), (33, 33), (34, 34), (35, 35), (36, 36), (37, 37), (38, 38), (39, 39), (40, 40), (41, 41), (76, 71), (42, 76), (43, 43), (44, 44), (45, 45), (46, 46), (47, 47), (48, 48), (49, 75), (50, 50), (51, 51), (52, 52), (53, 53), (54, 54), (55, 55), (56, 56), (57, 57), (58, 58), (75, 49), (59, 59), (60, 60), (61, 61), (62, 62), (63, 63), (64, 64), (65, 65), (66, 66), (67, 67), (68, 68), (69, 69), (70, 72), (71, 73), (74, 77), (72, 42), (73, 70)]
index list: [0, 1, 2, 3, 4, 5, 6, 7, 8, 9, 10, 11, 12, 13, 74, 14, 15, 16, 79, 17, 18, 19, 20, 21, 22, 23, 24, 25, 26, 27, 28, 29, 30, 31, 32, 78, 33, 34, 35, 36, 37, 38, 39, 40, 41, 71, 76, 43, 44, 45, 46, 47, 48, 75, 50, 51, 52, 53, 54, 55, 56, 57, 58, 49, 59, 60, 61, 62, 63, 64, 65, 66, 67, 68, 69, 72, 73, 77, 42, 70]
index list energy: 117778.2679746308
Done


iterations: 10000000 temp: 1000000.0 exponent: 0.7 eif: 300.0
time taken (sec): 1004.0786671638489
number of iterations: 10000000
og index list: [(0, 28), (1, 22), (2, 46), (3, 12), (4, 37), (5, 61), (6, 20), (7, 77), (8, 40), (9, 43), (10, 19), (11, 10), (12, 2), (13, 18), (79, 67), (14, 41), (15, 65), (16, 33), (78, 7), (17, 4), (18, 54), (19, 8), (20, 64), (21, 79), (22, 34), (23, 14), (24, 25), (25, 69), (26, 11), (27, 0), (28, 74), (29, 6), (30, 9), (31, 49), (32, 72), (77, 29), (33, 17), (34, 24), (35, 68), (36, 5), (37, 53), (38, 73), (39, 27), (40, 21), (41, 15), (76, 52), (42, 70), (43, 30), (44, 78), (45, 36), (46, 76), (47, 75), (48, 58), (49, 32), (50, 57), (51, 42), (52, 47), (53, 60), (54, 1), (55, 66), (56, 55), (57, 35), (58, 26), (75, 59), (59, 16), (60, 71), (61, 23), (62, 44), (63, 39), (64, 50), (65, 45), (66, 3), (67, 31), (68, 48), (69, 62), (70, 56), (71, 13), (74, 38), (72, 51), (73, 63)]
og index list energy: 116528329.06852007
index_list: [(0, 72), (1, 1), (2, 2), (3, 3), (4, 4), (5, 5), (6, 6), (7, 7), (8, 8), (9, 9), (10, 10), (11, 11), (12, 12), (13, 13), (79, 49), (14, 14), (15, 15), (16, 16), (78, 77), (17, 17), (18, 18), (19, 19), (20, 20), (21, 21), (22, 22), (23, 23), (24, 24), (25, 25), (26, 26), (27, 27), (28, 28), (29, 29), (30, 30), (31, 31), (32, 32), (77, 75), (33, 33), (34, 34), (35, 35), (36, 36), (37, 37), (38, 38), (39, 39), (40, 40), (41, 41), (76, 0), (42, 73), (43, 76), (44, 44), (45, 45), (46, 46), (47, 47), (48, 48), (49, 79), (50, 50), (51, 51), (52, 52), (53, 53), (54, 54), (55, 55), (56, 56), (57, 57), (58, 58), (75, 74), (59, 59), (60, 60), (61, 61), (62, 62), (63, 63), (64, 64), (65, 65), (66, 66), (67, 67), (68, 68), (69, 69), (70, 70), (71, 71), (74, 78), (72, 42), (73, 43)]
index list: [72, 1, 2, 3, 4, 5, 6, 7, 8, 9, 10, 11, 12, 13, 49, 14, 15, 16, 77, 17, 18, 19, 20, 21, 22, 23, 24, 25, 26, 27, 28, 29, 30, 31, 32, 75, 33, 34, 35, 36, 37, 38, 39, 40, 41, 0, 73, 76, 44, 45, 46, 47, 48, 79, 50, 51, 52, 53, 54, 55, 56, 57, 58, 74, 59, 60, 61, 62, 63, 64, 65, 66, 67, 68, 69, 70, 71, 78, 42, 43]
index list energy: 116896.14165151541
Done


iterations: 10000000 temp: 1000000.0 exponent: 0.7 eif: 300.0
time taken (sec): 1006.1551854610443
number of iterations: 10000000
og index list: [(0, 53), (1, 58), (2, 37), (3, 32), (4, 11), (5, 35), (6, 70), (7, 26), (8, 62), (9, 23), (10, 63), (11, 41), (12, 34), (13, 21), (79, 16), (14, 38), (15, 36), (16, 30), (78, 19), (17, 28), (18, 48), (19, 71), (20, 65), (21, 76), (22, 51), (23, 5), (24, 17), (25, 49), (26, 18), (27, 46), (28, 45), (29, 61), (30, 40), (31, 9), (32, 57), (77, 52), (33, 13), (34, 25), (35, 39), (36, 10), (37, 8), (38, 44), (39, 78), (40, 1), (41, 4), (76, 20), (42, 3), (43, 27), (44, 6), (45, 22), (46, 64), (47, 56), (48, 15), (49, 79), (50, 73), (51, 75), (52, 7), (53, 12), (54, 72), (55, 59), (56, 42), (57, 67), (58, 55), (75, 14), (59, 68), (60, 33), (61, 0), (62, 31), (63, 24), (64, 54), (65, 47), (66, 2), (67, 66), (68, 77), (69, 74), (70, 29), (71, 60), (74, 43), (72, 50), (73, 69)]
og index list energy: 101269910.53762566
index_list: [(0, 0), (1, 1), (2, 2), (3, 3), (4, 4), (5, 5), (6, 6), (7, 7), (8, 8), (9, 9), (10, 10), (11, 11), (12, 12), (13, 13), (79, 76), (14, 14), (15, 15), (16, 16), (78, 79), (17, 17), (18, 18), (19, 19), (20, 20), (21, 21), (22, 22), (23, 23), (24, 24), (25, 25), (26, 26), (27, 27), (28, 28), (29, 29), (30, 30), (31, 31), (32, 32), (77, 77), (33, 33), (34, 34), (35, 35), (36, 36), (37, 37), (38, 38), (39, 39), (40, 40), (41, 41), (76, 74), (42, 42), (43, 43), (44, 44), (45, 45), (46, 46), (47, 47), (48, 48), (49, 78), (50, 50), (51, 51), (52, 52), (53, 53), (54, 54), (55, 55), (56, 56), (57, 57), (58, 58), (75, 75), (59, 59), (60, 60), (61, 61), (62, 62), (63, 63), (64, 64), (65, 65), (66, 66), (67, 67), (68, 68), (69, 69), (70, 70), (71, 71), (74, 49), (72, 72), (73, 73)]
index list: [0, 1, 2, 3, 4, 5, 6, 7, 8, 9, 10, 11, 12, 13, 76, 14, 15, 16, 79, 17, 18, 19, 20, 21, 22, 23, 24, 25, 26, 27, 28, 29, 30, 31, 32, 77, 33, 34, 35, 36, 37, 38, 39, 40, 41, 74, 42, 43, 44, 45, 46, 47, 48, 78, 50, 51, 52, 53, 54, 55, 56, 57, 58, 75, 59, 60, 61, 62, 63, 64, 65, 66, 67, 68, 69, 70, 71, 49, 72, 73]
index list energy: 98209.82393678775
Done


iterations: 10000000 temp: 1000000.0 exponent: 0.7 eif: 300.0
time taken (sec): 962.0699746608734
number of iterations: 10000000
og index list: [(0, 25), (1, 41), (2, 68), (3, 16), (4, 42), (5, 33), (6, 10), (7, 28), (8, 67), (9, 9), (10, 40), (11, 76), (12, 70), (13, 11), (79, 20), (14, 64), (15, 31), (16, 47), (78, 65), (17, 49), (18, 24), (19, 3), (20, 27), (21, 26), (22, 12), (23, 32), (24, 59), (25, 15), (26, 74), (27, 48), (28, 0), (29, 46), (30, 62), (31, 21), (32, 36), (77, 14), (33, 2), (34, 52), (35, 79), (36, 57), (37, 30), (38, 45), (39, 1), (40, 43), (41, 77), (76, 18), (42, 44), (43, 39), (44, 13), (45, 8), (46, 4), (47, 54), (48, 56), (49, 7), (50, 78), (51, 51), (52, 50), (53, 53), (54, 35), (55, 63), (56, 6), (57, 72), (58, 19), (75, 34), (59, 58), (60, 71), (61, 69), (62, 73), (63, 29), (64, 5), (65, 38), (66, 37), (67, 75), (68, 17), (69, 23), (70, 61), (71, 55), (74, 22), (72, 60), (73, 66)]
og index list energy: 105324734.69887146
index_list: [(0, 0), (1, 1), (2, 2), (3, 3), (4, 4), (5, 5), (6, 6), (7, 7), (8, 8), (9, 9), (10, 10), (11, 11), (12, 12), (13, 13), (79, 79), (14, 14), (15, 15), (16, 16), (78, 75), (17, 17), (18, 18), (19, 19), (20, 20), (21, 21), (22, 22), (23, 23), (24, 24), (25, 25), (26, 26), (27, 27), (28, 28), (29, 29), (30, 30), (31, 31), (32, 32), (77, 74), (33, 33), (34, 34), (35, 35), (36, 36), (37, 37), (38, 38), (39, 39), (40, 40), (41, 41), (76, 71), (42, 78), (43, 43), (44, 44), (45, 45), (46, 46), (47, 47), (48, 48), (49, 49), (50, 50), (51, 51), (52, 52), (53, 53), (54, 54), (55, 55), (56, 56), (57, 57), (58, 58), (75, 77), (59, 59), (60, 60), (61, 61), (62, 62), (63, 63), (64, 64), (65, 65), (66, 66), (67, 67), (68, 68), (69, 69), (70, 70), (71, 76), (74, 42), (72, 72), (73, 73)]
index list: [0, 1, 2, 3, 4, 5, 6, 7, 8, 9, 10, 11, 12, 13, 79, 14, 15, 16, 75, 17, 18, 19, 20, 21, 22, 23, 24, 25, 26, 27, 28, 29, 30, 31, 32, 74, 33, 34, 35, 36, 37, 38, 39, 40, 41, 71, 78, 43, 44, 45, 46, 47, 48, 49, 50, 51, 52, 53, 54, 55, 56, 57, 58, 77, 59, 60, 61, 62, 63, 64, 65, 66, 67, 68, 69, 70, 76, 42, 72, 73]
index list energy: 107771.95799597686
Done


iterations: 10000000 temp: 1000000.0 exponent: 0.7 eif: 300.0
time taken (sec): 926.11248087883
number of iterations: 10000000
og index list: [(0, 74), (1, 7), (2, 0), (3, 20), (4, 77), (5, 56), (6, 48), (7, 23), (8, 45), (9, 71), (10, 27), (11, 34), (12, 76), (13, 18), (79, 60), (14, 53), (15, 35), (16, 40), (78, 28), (17, 32), (18, 70), (19, 25), (20, 66), (21, 19), (22, 29), (23, 10), (24, 12), (25, 51), (26, 5), (27, 17), (28, 42), (29, 44), (30, 64), (31, 65), (32, 8), (77, 33), (33, 49), (34, 36), (35, 4), (36, 30), (37, 57), (38, 54), (39, 79), (40, 59), (41, 14), (76, 68), (42, 52), (43, 3), (44, 6), (45, 41), (46, 61), (47, 38), (48, 63), (49, 26), (50, 22), (51, 50), (52, 46), (53, 11), (54, 78), (55, 24), (56, 2), (57, 47), (58, 67), (75, 43), (59, 58), (60, 9), (61, 16), (62, 72), (63, 75), (64, 55), (65, 39), (66, 73), (67, 21), (68, 1), (69, 15), (70, 31), (71, 13), (74, 62), (72, 37), (73, 69)]
og index list energy: 88653607.86453202
index_list: [(0, 72), (1, 73), (2, 75), (3, 14), (4, 15), (5, 78), (6, 76), (7, 17), (8, 18), (9, 6), (10, 7), (11, 8), (12, 9), (13, 10), (79, 11), (14, 12), (15, 13), (16, 16), (78, 0), (17, 1), (18, 2), (19, 19), (20, 20), (21, 21), (22, 22), (23, 23), (24, 24), (25, 25), (26, 26), (27, 27), (28, 28), (29, 29), (30, 30), (31, 31), (32, 32), (77, 74), (33, 33), (34, 34), (35, 35), (36, 36), (37, 37), (38, 38), (39, 39), (40, 40), (41, 41), (76, 49), (42, 42), (43, 43), (44, 44), (45, 45), (46, 46), (47, 47), (48, 48), (49, 79), (50, 50), (51, 51), (52, 52), (53, 53), (54, 54), (55, 55), (56, 56), (57, 57), (58, 58), (75, 77), (59, 59), (60, 60), (61, 61), (62, 62), (63, 63), (64, 64), (65, 65), (66, 66), (67, 67), (68, 68), (69, 69), (70, 70), (71, 71), (74, 4), (72, 5), (73, 3)]
index list: [72, 73, 75, 14, 15, 78, 76, 17, 18, 6, 7, 8, 9, 10, 11, 12, 13, 16, 0, 1, 2, 19, 20, 21, 22, 23, 24, 25, 26, 27, 28, 29, 30, 31, 32, 74, 33, 34, 35, 36, 37, 38, 39, 40, 41, 49, 42, 43, 44, 45, 46, 47, 48, 79, 50, 51, 52, 53, 54, 55, 56, 57, 58, 77, 59, 60, 61, 62, 63, 64, 65, 66, 67, 68, 69, 70, 71, 4, 5, 3]
index list energy: 179373.05451120436
Done


iterations: 10000000 temp: 1000000.0 exponent: 0.7 eif: 300.0
time taken (sec): 957.8796627521515
number of iterations: 10000000
og index list: [(0, 6), (1, 21), (2, 10), (3, 2), (4, 30), (5, 79), (6, 59), (7, 13), (8, 36), (9, 39), (10, 49), (11, 56), (12, 18), (13, 48), (79, 28), (14, 67), (15, 25), (16, 74), (78, 47), (17, 33), (18, 46), (19, 66), (20, 19), (21, 24), (22, 16), (23, 65), (24, 37), (25, 71), (26, 78), (27, 5), (28, 41), (29, 53), (30, 45), (31, 3), (32, 32), (77, 50), (33, 40), (34, 38), (35, 76), (36, 57), (37, 22), (38, 63), (39, 51), (40, 27), (41, 58), (76, 29), (42, 44), (43, 62), (44, 20), (45, 14), (46, 23), (47, 26), (48, 60), (49, 77), (50, 52), (51, 34), (52, 69), (53, 17), (54, 55), (55, 7), (56, 54), (57, 12), (58, 43), (75, 35), (59, 42), (60, 61), (61, 11), (62, 15), (63, 64), (64, 75), (65, 1), (66, 4), (67, 31), (68, 8), (69, 9), (70, 0), (71, 68), (74, 73), (72, 72), (73, 70)]
og index list energy: 116892218.71794647
index_list: [(0, 43), (1, 1), (2, 2), (3, 41), (4, 71), (5, 40), (6, 6), (7, 7), (8, 8), (9, 9), (10, 10), (11, 11), (12, 12), (13, 13), (79, 16), (14, 79), (15, 72), (16, 73), (78, 74), (17, 17), (18, 18), (19, 19), (20, 20), (21, 21), (22, 22), (23, 23), (24, 24), (25, 25), (26, 26), (27, 27), (28, 28), (29, 29), (30, 30), (31, 31), (32, 32), (77, 49), (33, 33), (34, 34), (35, 35), (36, 36), (37, 37), (38, 38), (39, 39), (40, 4), (41, 5), (76, 44), (42, 45), (43, 46), (44, 47), (45, 76), (46, 42), (47, 78), (48, 48), (49, 0), (50, 50), (51, 51), (52, 52), (53, 53), (54, 54), (55, 55), (56, 56), (57, 57), (58, 58), (75, 75), (59, 59), (60, 60), (61, 61), (62, 62), (63, 63), (64, 64), (65, 65), (66, 66), (67, 67), (68, 68), (69, 69), (70, 70), (71, 77), (74, 14), (72, 15), (73, 3)]
index list: [43, 1, 2, 41, 71, 40, 6, 7, 8, 9, 10, 11, 12, 13, 16, 79, 72, 73, 74, 17, 18, 19, 20, 21, 22, 23, 24, 25, 26, 27, 28, 29, 30, 31, 32, 49, 33, 34, 35, 36, 37, 38, 39, 4, 5, 44, 45, 46, 47, 76, 42, 78, 48, 0, 50, 51, 52, 53, 54, 55, 56, 57, 58, 75, 59, 60, 61, 62, 63, 64, 65, 66, 67, 68, 69, 70, 77, 14, 15, 3]
index list energy: 206938.47447997637
Done


iterations: 10000000 temp: 1000000.0 exponent: 0.7 eif: 300.0
time taken (sec): 1004.028183221817
number of iterations: 10000000
og index list: [(0, 41), (1, 18), (2, 39), (3, 56), (4, 8), (5, 38), (6, 26), (7, 37), (8, 14), (9, 78), (10, 52), (11, 28), (12, 54), (13, 79), (79, 15), (14, 5), (15, 12), (16, 42), (78, 48), (17, 58), (18, 65), (19, 24), (20, 44), (21, 45), (22, 75), (23, 0), (24, 11), (25, 76), (26, 59), (27, 46), (28, 3), (29, 74), (30, 71), (31, 20), (32, 77), (77, 55), (33, 49), (34, 29), (35, 6), (36, 53), (37, 64), (38, 66), (39, 25), (40, 22), (41, 72), (76, 7), (42, 62), (43, 35), (44, 70), (45, 69), (46, 13), (47, 47), (48, 2), (49, 21), (50, 33), (51, 43), (52, 67), (53, 32), (54, 40), (55, 27), (56, 1), (57, 57), (58, 9), (75, 61), (59, 73), (60, 10), (61, 51), (62, 63), (63, 30), (64, 17), (65, 68), (66, 16), (67, 50), (68, 23), (69, 19), (70, 60), (71, 4), (74, 36), (72, 34), (73, 31)]
og index list energy: 112163630.87895986
index_list: [(0, 0), (1, 1), (2, 2), (3, 3), (4, 4), (5, 5), (6, 6), (7, 7), (8, 8), (9, 9), (10, 10), (11, 11), (12, 12), (13, 13), (79, 78), (14, 14), (15, 15), (16, 16), (78, 76), (17, 17), (18, 18), (19, 19), (20, 20), (21, 21), (22, 22), (23, 23), (24, 24), (25, 25), (26, 26), (27, 27), (28, 28), (29, 29), (30, 30), (31, 31), (32, 32), (77, 49), (33, 33), (34, 34), (35, 35), (36, 36), (37, 37), (38, 38), (39, 39), (40, 40), (41, 41), (76, 77), (42, 42), (43, 43), (44, 44), (45, 45), (46, 46), (47, 47), (48, 48), (49, 75), (50, 50), (51, 51), (52, 52), (53, 53), (54, 54), (55, 55), (56, 56), (57, 57), (58, 58), (75, 79), (59, 59), (60, 60), (61, 61), (62, 62), (63, 63), (64, 64), (65, 65), (66, 66), (67, 67), (68, 68), (69, 69), (70, 70), (71, 71), (74, 74), (72, 72), (73, 73)]
index list: [0, 1, 2, 3, 4, 5, 6, 7, 8, 9, 10, 11, 12, 13, 78, 14, 15, 16, 76, 17, 18, 19, 20, 21, 22, 23, 24, 25, 26, 27, 28, 29, 30, 31, 32, 49, 33, 34, 35, 36, 37, 38, 39, 40, 41, 77, 42, 43, 44, 45, 46, 47, 48, 75, 50, 51, 52, 53, 54, 55, 56, 57, 58, 79, 59, 60, 61, 62, 63, 64, 65, 66, 67, 68, 69, 70, 71, 74, 72, 73]
index list energy: 98209.82393678775
Done


iterations: 10000000 temp: 1000000.0 exponent: 0.7 eif: 300.0
time taken (sec): 952.8855619430542
number of iterations: 10000000
og index list: [(0, 44), (1, 1), (2, 8), (3, 53), (4, 11), (5, 51), (6, 17), (7, 45), (8, 29), (9, 46), (10, 63), (11, 71), (12, 55), (13, 6), (79, 10), (14, 62), (15, 4), (16, 33), (78, 67), (17, 22), (18, 57), (19, 50), (20, 21), (21, 19), (22, 9), (23, 34), (24, 52), (25, 77), (26, 48), (27, 32), (28, 41), (29, 42), (30, 68), (31, 47), (32, 24), (77, 18), (33, 61), (34, 66), (35, 72), (36, 59), (37, 64), (38, 5), (39, 14), (40, 78), (41, 70), (76, 7), (42, 39), (43, 75), (44, 54), (45, 65), (46, 25), (47, 3), (48, 16), (49, 0), (50, 69), (51, 30), (52, 20), (53, 12), (54, 2), (55, 40), (56, 28), (57, 38), (58, 49), (75, 13), (59, 36), (60, 58), (61, 23), (62, 37), (63, 73), (64, 56), (65, 35), (66, 15), (67, 79), (68, 31), (69, 60), (70, 27), (71, 74), (74, 76), (72, 26), (73, 43)]
og index list energy: 135926485.67374197
index_list: [(0, 42), (1, 43), (2, 1), (3, 2), (4, 3), (5, 40), (6, 6), (7, 7), (8, 8), (9, 73), (10, 0), (11, 44), (12, 45), (13, 46), (79, 79), (14, 14), (15, 15), (16, 16), (78, 76), (17, 17), (18, 18), (19, 19), (20, 20), (21, 21), (22, 22), (23, 23), (24, 24), (25, 25), (26, 26), (27, 27), (28, 28), (29, 29), (30, 30), (31, 31), (32, 32), (77, 75), (33, 33), (34, 34), (35, 35), (36, 36), (37, 37), (38, 38), (39, 39), (40, 74), (41, 9), (76, 10), (42, 11), (43, 12), (44, 13), (45, 77), (46, 72), (47, 47), (48, 48), (49, 49), (50, 50), (51, 51), (52, 52), (53, 53), (54, 54), (55, 55), (56, 56), (57, 57), (58, 58), (75, 78), (59, 59), (60, 60), (61, 61), (62, 62), (63, 63), (64, 64), (65, 65), (66, 66), (67, 67), (68, 68), (69, 69), (70, 70), (71, 71), (74, 4), (72, 5), (73, 41)]
index list: [42, 43, 1, 2, 3, 40, 6, 7, 8, 73, 0, 44, 45, 46, 79, 14, 15, 16, 76, 17, 18, 19, 20, 21, 22, 23, 24, 25, 26, 27, 28, 29, 30, 31, 32, 75, 33, 34, 35, 36, 37, 38, 39, 74, 9, 10, 11, 12, 13, 77, 72, 47, 48, 49, 50, 51, 52, 53, 54, 55, 56, 57, 58, 78, 59, 60, 61, 62, 63, 64, 65, 66, 67, 68, 69, 70, 71, 4, 5, 41]
index list energy: 275934.92432038643
Done


iterations: 10000000 temp: 1000000.0 exponent: 0.7 eif: 300.0
time taken (sec): 1002.6515603065491
number of iterations: 10000000
og index list: [(0, 65), (1, 0), (2, 54), (3, 45), (4, 78), (5, 2), (6, 50), (7, 51), (8, 22), (9, 32), (10, 16), (11, 75), (12, 70), (13, 72), (79, 62), (14, 49), (15, 48), (16, 6), (78, 11), (17, 71), (18, 52), (19, 23), (20, 69), (21, 4), (22, 37), (23, 41), (24, 18), (25, 3), (26, 53), (27, 61), (28, 63), (29, 10), (30, 59), (31, 40), (32, 44), (77, 5), (33, 29), (34, 60), (35, 33), (36, 68), (37, 36), (38, 26), (39, 74), (40, 79), (41, 20), (76, 14), (42, 55), (43, 64), (44, 67), (45, 25), (46, 57), (47, 19), (48, 39), (49, 77), (50, 42), (51, 43), (52, 1), (53, 24), (54, 21), (55, 12), (56, 9), (57, 30), (58, 66), (75, 34), (59, 46), (60, 13), (61, 31), (62, 15), (63, 56), (64, 38), (65, 8), (66, 47), (67, 73), (68, 35), (69, 7), (70, 76), (71, 17), (74, 27), (72, 58), (73, 28)]
og index list energy: 104211739.3860644
index_list: [(0, 0), (1, 1), (2, 2), (3, 3), (4, 4), (5, 5), (6, 6), (7, 7), (8, 8), (9, 9), (10, 10), (11, 11), (12, 12), (13, 13), (79, 76), (14, 14), (15, 15), (16, 16), (78, 75), (17, 17), (18, 18), (19, 19), (20, 20), (21, 21), (22, 22), (23, 23), (24, 24), (25, 25), (26, 26), (27, 27), (28, 28), (29, 29), (30, 30), (31, 31), (32, 32), (77, 49), (33, 33), (34, 34), (35, 35), (36, 36), (37, 37), (38, 38), (39, 39), (40, 40), (41, 41), (76, 77), (42, 42), (43, 43), (44, 44), (45, 45), (46, 46), (47, 47), (48, 48), (49, 79), (50, 50), (51, 51), (52, 52), (53, 53), (54, 54), (55, 55), (56, 56), (57, 57), (58, 58), (75, 78), (59, 59), (60, 60), (61, 61), (62, 62), (63, 63), (64, 64), (65, 65), (66, 66), (67, 67), (68, 68), (69, 69), (70, 70), (71, 71), (74, 74), (72, 72), (73, 73)]
index list: [0, 1, 2, 3, 4, 5, 6, 7, 8, 9, 10, 11, 12, 13, 76, 14, 15, 16, 75, 17, 18, 19, 20, 21, 22, 23, 24, 25, 26, 27, 28, 29, 30, 31, 32, 49, 33, 34, 35, 36, 37, 38, 39, 40, 41, 77, 42, 43, 44, 45, 46, 47, 48, 79, 50, 51, 52, 53, 54, 55, 56, 57, 58, 78, 59, 60, 61, 62, 63, 64, 65, 66, 67, 68, 69, 70, 71, 74, 72, 73]
index list energy: 98209.82393678775
Done


iterations: 10000000 temp: 1000000.0 exponent: 0.7 eif: 300.0
time taken (sec): 971.6011731624603
number of iterations: 10000000
og index list: [(0, 0), (1, 29), (2, 15), (3, 8), (4, 22), (5, 67), (6, 21), (7, 50), (8, 70), (9, 53), (10, 45), (11, 55), (12, 13), (13, 64), (79, 30), (14, 25), (15, 48), (16, 2), (78, 58), (17, 69), (18, 49), (19, 16), (20, 57), (21, 44), (22, 19), (23, 40), (24, 56), (25, 4), (26, 46), (27, 75), (28, 34), (29, 27), (30, 3), (31, 59), (32, 60), (77, 63), (33, 42), (34, 36), (35, 28), (36, 10), (37, 68), (38, 6), (39, 38), (40, 74), (41, 47), (76, 1), (42, 76), (43, 37), (44, 73), (45, 43), (46, 78), (47, 20), (48, 5), (49, 35), (50, 18), (51, 26), (52, 33), (53, 62), (54, 71), (55, 31), (56, 51), (57, 24), (58, 77), (75, 66), (59, 39), (60, 65), (61, 61), (62, 72), (63, 14), (64, 54), (65, 79), (66, 23), (67, 7), (68, 12), (69, 41), (70, 9), (71, 52), (74, 17), (72, 32), (73, 11)]
og index list energy: 121712248.61522204
index_list: [(0, 0), (1, 1), (2, 2), (3, 3), (4, 4), (5, 5), (6, 6), (7, 7), (8, 8), (9, 9), (10, 10), (11, 11), (12, 12), (13, 13), (79, 75), (14, 14), (15, 15), (16, 16), (78, 79), (17, 17), (18, 18), (19, 19), (20, 20), (21, 21), (22, 22), (23, 23), (24, 24), (25, 25), (26, 26), (27, 27), (28, 28), (29, 29), (30, 30), (31, 31), (32, 32), (77, 49), (33, 33), (34, 34), (35, 35), (36, 36), (37, 37), (38, 38), (39, 39), (40, 40), (41, 41), (76, 71), (42, 74), (43, 43), (44, 44), (45, 45), (46, 46), (47, 47), (48, 48), (49, 78), (50, 50), (51, 51), (52, 52), (53, 53), (54, 54), (55, 55), (56, 56), (57, 57), (58, 58), (75, 77), (59, 59), (60, 60), (61, 61), (62, 62), (63, 63), (64, 64), (65, 65), (66, 66), (67, 67), (68, 68), (69, 69), (70, 70), (71, 76), (74, 42), (72, 72), (73, 73)]
index list: [0, 1, 2, 3, 4, 5, 6, 7, 8, 9, 10, 11, 12, 13, 75, 14, 15, 16, 79, 17, 18, 19, 20, 21, 22, 23, 24, 25, 26, 27, 28, 29, 30, 31, 32, 49, 33, 34, 35, 36, 37, 38, 39, 40, 41, 71, 74, 43, 44, 45, 46, 47, 48, 78, 50, 51, 52, 53, 54, 55, 56, 57, 58, 77, 59, 60, 61, 62, 63, 64, 65, 66, 67, 68, 69, 70, 76, 42, 72, 73]
index list energy: 108070.45780373304
Done


iterations: 10000000 temp: 1000000.0 exponent: 0.7 eif: 300.0
time taken (sec): 993.3461937904358
number of iterations: 10000000
og index list: [(0, 38), (1, 26), (2, 21), (3, 57), (4, 51), (5, 0), (6, 49), (7, 9), (8, 66), (9, 28), (10, 4), (11, 27), (12, 40), (13, 15), (79, 3), (14, 44), (15, 48), (16, 1), (78, 42), (17, 60), (18, 43), (19, 33), (20, 29), (21, 76), (22, 72), (23, 77), (24, 18), (25, 5), (26, 78), (27, 45), (28, 46), (29, 37), (30, 59), (31, 8), (32, 24), (77, 61), (33, 12), (34, 75), (35, 55), (36, 52), (37, 19), (38, 36), (39, 22), (40, 34), (41, 35), (76, 17), (42, 16), (43, 69), (44, 7), (45, 23), (46, 58), (47, 73), (48, 68), (49, 14), (50, 53), (51, 20), (52, 63), (53, 11), (54, 32), (55, 64), (56, 39), (57, 65), (58, 41), (75, 13), (59, 6), (60, 74), (61, 2), (62, 62), (63, 50), (64, 54), (65, 71), (66, 10), (67, 30), (68, 70), (69, 56), (70, 47), (71, 31), (74, 67), (72, 25), (73, 79)]
og index list energy: 76104755.33533071
index_list: [(0, 0), (1, 1), (2, 2), (3, 3), (4, 4), (5, 5), (6, 6), (7, 7), (8, 8), (9, 9), (10, 10), (11, 11), (12, 12), (13, 13), (79, 76), (14, 14), (15, 15), (16, 16), (78, 77), (17, 17), (18, 18), (19, 19), (20, 20), (21, 21), (22, 22), (23, 23), (24, 24), (25, 25), (26, 26), (27, 27), (28, 28), (29, 29), (30, 30), (31, 31), (32, 32), (77, 75), (33, 33), (34, 34), (35, 35), (36, 36), (37, 37), (38, 38), (39, 39), (40, 40), (41, 41), (76, 78), (42, 42), (43, 43), (44, 44), (45, 45), (46, 46), (47, 47), (48, 48), (49, 74), (50, 50), (51, 51), (52, 52), (53, 53), (54, 54), (55, 55), (56, 56), (57, 57), (58, 58), (75, 79), (59, 59), (60, 60), (61, 61), (62, 62), (63, 63), (64, 64), (65, 65), (66, 66), (67, 67), (68, 68), (69, 69), (70, 70), (71, 71), (74, 49), (72, 72), (73, 73)]
index list: [0, 1, 2, 3, 4, 5, 6, 7, 8, 9, 10, 11, 12, 13, 76, 14, 15, 16, 77, 17, 18, 19, 20, 21, 22, 23, 24, 25, 26, 27, 28, 29, 30, 31, 32, 75, 33, 34, 35, 36, 37, 38, 39, 40, 41, 78, 42, 43, 44, 45, 46, 47, 48, 74, 50, 51, 52, 53, 54, 55, 56, 57, 58, 79, 59, 60, 61, 62, 63, 64, 65, 66, 67, 68, 69, 70, 71, 49, 72, 73]
index list energy: 98209.82393678775
Done


iterations: 10000000 temp: 1000000.0 exponent: 0.7 eif: 300.0
time taken (sec): 924.7382068634033
number of iterations: 10000000
og index list: [(0, 22), (1, 17), (2, 59), (3, 65), (4, 77), (5, 75), (6, 54), (7, 35), (8, 11), (9, 60), (10, 66), (11, 38), (12, 16), (13, 70), (79, 36), (14, 1), (15, 79), (16, 50), (78, 15), (17, 26), (18, 71), (19, 23), (20, 5), (21, 78), (22, 49), (23, 62), (24, 72), (25, 58), (26, 9), (27, 63), (28, 7), (29, 44), (30, 3), (31, 67), (32, 68), (77, 48), (33, 64), (34, 27), (35, 73), (36, 43), (37, 6), (38, 51), (39, 2), (40, 46), (41, 19), (76, 74), (42, 34), (43, 21), (44, 40), (45, 31), (46, 69), (47, 45), (48, 30), (49, 18), (50, 39), (51, 76), (52, 52), (53, 13), (54, 29), (55, 42), (56, 24), (57, 12), (58, 57), (75, 10), (59, 47), (60, 25), (61, 56), (62, 33), (63, 53), (64, 41), (65, 14), (66, 28), (67, 37), (68, 61), (69, 4), (70, 32), (71, 55), (74, 8), (72, 20), (73, 0)]
og index list energy: 130753431.56173792
index_list: [(0, 14), (1, 15), (2, 74), (3, 73), (4, 77), (5, 72), (6, 79), (7, 17), (8, 18), (9, 6), (10, 7), (11, 8), (12, 9), (13, 10), (79, 11), (14, 12), (15, 13), (16, 16), (78, 0), (17, 1), (18, 2), (19, 19), (20, 20), (21, 21), (22, 22), (23, 23), (24, 24), (25, 25), (26, 26), (27, 27), (28, 28), (29, 29), (30, 30), (31, 31), (32, 32), (77, 76), (33, 33), (34, 34), (35, 35), (36, 36), (37, 37), (38, 38), (39, 39), (40, 40), (41, 41), (76, 75), (42, 42), (43, 43), (44, 44), (45, 45), (46, 46), (47, 47), (48, 48), (49, 78), (50, 50), (51, 51), (52, 52), (53, 53), (54, 54), (55, 55), (56, 56), (57, 57), (58, 58), (75, 49), (59, 59), (60, 60), (61, 61), (62, 62), (63, 63), (64, 64), (65, 65), (66, 66), (67, 67), (68, 68), (69, 69), (70, 70), (71, 71), (74, 4), (72, 5), (73, 3)]
index list: [14, 15, 74, 73, 77, 72, 79, 17, 18, 6, 7, 8, 9, 10, 11, 12, 13, 16, 0, 1, 2, 19, 20, 21, 22, 23, 24, 25, 26, 27, 28, 29, 30, 31, 32, 76, 33, 34, 35, 36, 37, 38, 39, 40, 41, 75, 42, 43, 44, 45, 46, 47, 48, 78, 50, 51, 52, 53, 54, 55, 56, 57, 58, 49, 59, 60, 61, 62, 63, 64, 65, 66, 67, 68, 69, 70, 71, 4, 5, 3]
index list energy: 184337.6650422231
Done


iterations: 10000000 temp: 1000000.0 exponent: 0.7 eif: 300.0
time taken (sec): 937.5851185321808
number of iterations: 10000000
og index list: [(0, 53), (1, 19), (2, 14), (3, 3), (4, 60), (5, 38), (6, 51), (7, 43), (8, 1), (9, 0), (10, 12), (11, 24), (12, 42), (13, 28), (79, 32), (14, 49), (15, 56), (16, 79), (78, 46), (17, 76), (18, 63), (19, 34), (20, 58), (21, 36), (22, 75), (23, 22), (24, 11), (25, 6), (26, 4), (27, 20), (28, 48), (29, 17), (30, 62), (31, 30), (32, 74), (77, 66), (33, 44), (34, 65), (35, 54), (36, 39), (37, 64), (38, 13), (39, 77), (40, 67), (41, 27), (76, 69), (42, 68), (43, 45), (44, 7), (45, 15), (46, 40), (47, 71), (48, 35), (49, 50), (50, 8), (51, 2), (52, 33), (53, 16), (54, 57), (55, 21), (56, 61), (57, 55), (58, 52), (75, 73), (59, 10), (60, 78), (61, 70), (62, 9), (63, 5), (64, 72), (65, 31), (66, 26), (67, 47), (68, 18), (69, 37), (70, 41), (71, 25), (74, 23), (72, 59), (73, 29)]
og index list energy: 104655420.2256705
index_list: [(0, 72), (1, 1), (2, 2), (3, 3), (4, 4), (5, 5), (6, 16), (7, 77), (8, 14), (9, 15), (10, 6), (11, 7), (12, 8), (13, 9), (79, 10), (14, 11), (15, 0), (16, 73), (78, 78), (17, 17), (18, 18), (19, 19), (20, 20), (21, 21), (22, 22), (23, 23), (24, 24), (25, 25), (26, 26), (27, 27), (28, 28), (29, 29), (30, 30), (31, 31), (32, 32), (77, 75), (33, 33), (34, 34), (35, 35), (36, 36), (37, 37), (38, 38), (39, 39), (40, 40), (41, 41), (76, 74), (42, 42), (43, 43), (44, 44), (45, 45), (46, 46), (47, 47), (48, 48), (49, 79), (50, 50), (51, 51), (52, 52), (53, 53), (54, 54), (55, 55), (56, 56), (57, 57), (58, 58), (75, 49), (59, 59), (60, 60), (61, 61), (62, 62), (63, 63), (64, 64), (65, 65), (66, 66), (67, 67), (68, 68), (69, 69), (70, 70), (71, 71), (74, 76), (72, 12), (73, 13)]
index list: [72, 1, 2, 3, 4, 5, 16, 77, 14, 15, 6, 7, 8, 9, 10, 11, 0, 73, 78, 17, 18, 19, 20, 21, 22, 23, 24, 25, 26, 27, 28, 29, 30, 31, 32, 75, 33, 34, 35, 36, 37, 38, 39, 40, 41, 74, 42, 43, 44, 45, 46, 47, 48, 79, 50, 51, 52, 53, 54, 55, 56, 57, 58, 49, 59, 60, 61, 62, 63, 64, 65, 66, 67, 68, 69, 70, 71, 76, 12, 13]
index list energy: 262961.3069708752
Done


iterations: 10000000 temp: 1000000.0 exponent: 0.7 eif: 300.0
time taken (sec): 975.7714207172394
number of iterations: 10000000
og index list: [(0, 45), (1, 63), (2, 9), (3, 72), (4, 22), (5, 31), (6, 11), (7, 58), (8, 41), (9, 10), (10, 36), (11, 34), (12, 50), (13, 12), (79, 25), (14, 64), (15, 60), (16, 67), (78, 43), (17, 28), (18, 39), (19, 55), (20, 27), (21, 44), (22, 0), (23, 56), (24, 51), (25, 18), (26, 29), (27, 2), (28, 16), (29, 62), (30, 8), (31, 21), (32, 69), (77, 3), (33, 73), (34, 78), (35, 57), (36, 14), (37, 6), (38, 70), (39, 77), (40, 37), (41, 65), (76, 13), (42, 42), (43, 15), (44, 17), (45, 35), (46, 19), (47, 33), (48, 24), (49, 54), (50, 52), (51, 5), (52, 79), (53, 47), (54, 66), (55, 74), (56, 4), (57, 68), (58, 49), (75, 59), (59, 46), (60, 76), (61, 40), (62, 20), (63, 26), (64, 30), (65, 7), (66, 71), (67, 53), (68, 1), (69, 48), (70, 23), (71, 32), (74, 75), (72, 61), (73, 38)]
og index list energy: 104742388.60978642
index_list: [(0, 0), (1, 1), (2, 2), (3, 3), (4, 4), (5, 5), (6, 6), (7, 7), (8, 8), (9, 9), (10, 10), (11, 11), (12, 12), (13, 13), (79, 16), (14, 77), (15, 72), (16, 73), (78, 49), (17, 17), (18, 18), (19, 19), (20, 20), (21, 21), (22, 22), (23, 23), (24, 24), (25, 25), (26, 26), (27, 27), (28, 28), (29, 29), (30, 30), (31, 31), (32, 32), (77, 76), (33, 33), (34, 34), (35, 35), (36, 36), (37, 37), (38, 38), (39, 39), (40, 40), (41, 41), (76, 74), (42, 42), (43, 43), (44, 44), (45, 45), (46, 46), (47, 47), (48, 48), (49, 75), (50, 50), (51, 51), (52, 52), (53, 53), (54, 54), (55, 55), (56, 56), (57, 57), (58, 58), (75, 78), (59, 59), (60, 60), (61, 61), (62, 62), (63, 63), (64, 64), (65, 65), (66, 66), (67, 67), (68, 68), (69, 69), (70, 70), (71, 71), (74, 79), (72, 14), (73, 15)]
index list: [0, 1, 2, 3, 4, 5, 6, 7, 8, 9, 10, 11, 12, 13, 16, 77, 72, 73, 49, 17, 18, 19, 20, 21, 22, 23, 24, 25, 26, 27, 28, 29, 30, 31, 32, 76, 33, 34, 35, 36, 37, 38, 39, 40, 41, 74, 42, 43, 44, 45, 46, 47, 48, 75, 50, 51, 52, 53, 54, 55, 56, 57, 58, 78, 59, 60, 61, 62, 63, 64, 65, 66, 67, 68, 69, 70, 71, 79, 14, 15]
index list energy: 128197.06509037674
Done


iterations: 10000000 temp: 1000000.0 exponent: 0.7 eif: 300.0
time taken (sec): 1007.3525397777557
number of iterations: 10000000
og index list: [(0, 13), (1, 47), (2, 46), (3, 49), (4, 61), (5, 42), (6, 31), (7, 73), (8, 0), (9, 37), (10, 6), (11, 50), (12, 29), (13, 44), (79, 74), (14, 68), (15, 4), (16, 69), (78, 40), (17, 23), (18, 22), (19, 79), (20, 64), (21, 63), (22, 75), (23, 3), (24, 38), (25, 66), (26, 18), (27, 45), (28, 39), (29, 36), (30, 62), (31, 59), (32, 76), (77, 20), (33, 55), (34, 78), (35, 56), (36, 8), (37, 21), (38, 25), (39, 70), (40, 17), (41, 48), (76, 77), (42, 41), (43, 24), (44, 2), (45, 58), (46, 11), (47, 32), (48, 43), (49, 60), (50, 67), (51, 72), (52, 14), (53, 19), (54, 65), (55, 9), (56, 33), (57, 51), (58, 53), (75, 7), (59, 35), (60, 12), (61, 16), (62, 15), (63, 30), (64, 57), (65, 26), (66, 54), (67, 34), (68, 52), (69, 1), (70, 27), (71, 5), (74, 28), (72, 71), (73, 10)]
og index list energy: 115608020.86397547
index_list: [(0, 0), (1, 1), (2, 2), (3, 3), (4, 4), (5, 5), (6, 6), (7, 7), (8, 8), (9, 9), (10, 10), (11, 11), (12, 12), (13, 13), (79, 74), (14, 14), (15, 15), (16, 16), (78, 75), (17, 17), (18, 18), (19, 19), (20, 20), (21, 21), (22, 22), (23, 23), (24, 24), (25, 25), (26, 26), (27, 27), (28, 28), (29, 29), (30, 30), (31, 31), (32, 32), (77, 78), (33, 33), (34, 34), (35, 35), (36, 36), (37, 37), (38, 38), (39, 39), (40, 40), (41, 41), (76, 49), (42, 42), (43, 43), (44, 44), (45, 45), (46, 46), (47, 47), (48, 48), (49, 79), (50, 50), (51, 51), (52, 52), (53, 53), (54, 54), (55, 55), (56, 56), (57, 57), (58, 58), (75, 77), (59, 59), (60, 60), (61, 61), (62, 62), (63, 63), (64, 64), (65, 65), (66, 66), (67, 67), (68, 68), (69, 69), (70, 70), (71, 71), (74, 76), (72, 72), (73, 73)]
index list: [0, 1, 2, 3, 4, 5, 6, 7, 8, 9, 10, 11, 12, 13, 74, 14, 15, 16, 75, 17, 18, 19, 20, 21, 22, 23, 24, 25, 26, 27, 28, 29, 30, 31, 32, 78, 33, 34, 35, 36, 37, 38, 39, 40, 41, 49, 42, 43, 44, 45, 46, 47, 48, 79, 50, 51, 52, 53, 54, 55, 56, 57, 58, 77, 59, 60, 61, 62, 63, 64, 65, 66, 67, 68, 69, 70, 71, 76, 72, 73]
index list energy: 98209.82393678775
Done


iterations: 10000000 temp: 1000000.0 exponent: 0.7 eif: 300.0
time taken (sec): 957.397572517395
number of iterations: 10000000
og index list: [(0, 58), (1, 29), (2, 4), (3, 45), (4, 66), (5, 21), (6, 34), (7, 20), (8, 33), (9, 37), (10, 61), (11, 30), (12, 11), (13, 77), (79, 28), (14, 16), (15, 46), (16, 73), (78, 2), (17, 64), (18, 67), (19, 65), (20, 48), (21, 40), (22, 13), (23, 24), (24, 62), (25, 68), (26, 19), (27, 47), (28, 69), (29, 35), (30, 22), (31, 60), (32, 39), (77, 53), (33, 36), (34, 3), (35, 23), (36, 43), (37, 51), (38, 54), (39, 15), (40, 12), (41, 42), (76, 25), (42, 56), (43, 7), (44, 52), (45, 59), (46, 74), (47, 79), (48, 6), (49, 63), (50, 49), (51, 57), (52, 78), (53, 55), (54, 10), (55, 41), (56, 26), (57, 44), (58, 76), (75, 50), (59, 32), (60, 18), (61, 17), (62, 27), (63, 8), (64, 72), (65, 31), (66, 14), (67, 38), (68, 5), (69, 71), (70, 75), (71, 1), (74, 9), (72, 0), (73, 70)]
og index list energy: 98194051.39562531
index_list: [(0, 72), (1, 1), (2, 2), (3, 3), (4, 4), (5, 5), (6, 6), (7, 7), (8, 8), (9, 9), (10, 10), (11, 11), (12, 12), (13, 13), (79, 74), (14, 14), (15, 15), (16, 75), (78, 42), (17, 17), (18, 18), (19, 19), (20, 20), (21, 21), (22, 22), (23, 23), (24, 24), (25, 25), (26, 26), (27, 27), (28, 28), (29, 29), (30, 30), (31, 31), (32, 32), (77, 76), (33, 33), (34, 34), (35, 35), (36, 36), (37, 37), (38, 38), (39, 39), (40, 40), (41, 41), (76, 0), (42, 73), (43, 77), (44, 44), (45, 45), (46, 46), (47, 47), (48, 48), (49, 49), (50, 50), (51, 51), (52, 52), (53, 53), (54, 54), (55, 55), (56, 56), (57, 57), (58, 58), (75, 78), (59, 59), (60, 60), (61, 61), (62, 62), (63, 63), (64, 64), (65, 65), (66, 66), (67, 67), (68, 68), (69, 69), (70, 70), (71, 71), (74, 79), (72, 43), (73, 16)]
index list: [72, 1, 2, 3, 4, 5, 6, 7, 8, 9, 10, 11, 12, 13, 74, 14, 15, 75, 42, 17, 18, 19, 20, 21, 22, 23, 24, 25, 26, 27, 28, 29, 30, 31, 32, 76, 33, 34, 35, 36, 37, 38, 39, 40, 41, 0, 73, 77, 44, 45, 46, 47, 48, 49, 50, 51, 52, 53, 54, 55, 56, 57, 58, 78, 59, 60, 61, 62, 63, 64, 65, 66, 67, 68, 69, 70, 71, 79, 43, 16]
index list energy: 134920.15055633965
Done


iterations: 10000000 temp: 1000000.0 exponent: 0.7 eif: 300.0
time taken (sec): 973.1982488632202
number of iterations: 10000000
og index list: [(0, 53), (1, 44), (2, 11), (3, 79), (4, 36), (5, 29), (6, 1), (7, 51), (8, 49), (9, 0), (10, 50), (11, 48), (12, 78), (13, 35), (79, 7), (14, 14), (15, 32), (16, 27), (78, 45), (17, 42), (18, 23), (19, 54), (20, 43), (21, 59), (22, 55), (23, 68), (24, 8), (25, 57), (26, 18), (27, 30), (28, 63), (29, 9), (30, 21), (31, 6), (32, 2), (77, 17), (33, 64), (34, 4), (35, 5), (36, 47), (37, 60), (38, 72), (39, 24), (40, 70), (41, 25), (76, 67), (42, 69), (43, 73), (44, 22), (45, 46), (46, 16), (47, 61), (48, 33), (49, 10), (50, 12), (51, 75), (52, 52), (53, 71), (54, 19), (55, 56), (56, 20), (57, 58), (58, 66), (75, 62), (59, 31), (60, 26), (61, 34), (62, 38), (63, 13), (64, 74), (65, 41), (66, 28), (67, 37), (68, 40), (69, 65), (70, 15), (71, 77), (74, 76), (72, 39), (73, 3)]
og index list energy: 132269939.60149276
index_list: [(0, 0), (1, 1), (2, 2), (3, 3), (4, 4), (5, 5), (6, 6), (7, 7), (8, 8), (9, 9), (10, 10), (11, 11), (12, 12), (13, 13), (79, 79), (14, 14), (15, 15), (16, 16), (78, 74), (17, 17), (18, 18), (19, 19), (20, 20), (21, 21), (22, 22), (23, 23), (24, 24), (25, 25), (26, 26), (27, 27), (28, 28), (29, 29), (30, 30), (31, 31), (32, 32), (77, 75), (33, 33), (34, 34), (35, 35), (36, 36), (37, 37), (38, 38), (39, 39), (40, 40), (41, 41), (76, 71), (42, 77), (43, 43), (44, 44), (45, 45), (46, 46), (47, 47), (48, 48), (49, 78), (50, 50), (51, 51), (52, 52), (53, 53), (54, 54), (55, 55), (56, 56), (57, 57), (58, 58), (75, 49), (59, 59), (60, 60), (61, 61), (62, 62), (63, 63), (64, 64), (65, 65), (66, 66), (67, 67), (68, 68), (69, 69), (70, 70), (71, 76), (74, 42), (72, 72), (73, 73)]
index list: [0, 1, 2, 3, 4, 5, 6, 7, 8, 9, 10, 11, 12, 13, 79, 14, 15, 16, 74, 17, 18, 19, 20, 21, 22, 23, 24, 25, 26, 27, 28, 29, 30, 31, 32, 75, 33, 34, 35, 36, 37, 38, 39, 40, 41, 71, 77, 43, 44, 45, 46, 47, 48, 78, 50, 51, 52, 53, 54, 55, 56, 57, 58, 49, 59, 60, 61, 62, 63, 64, 65, 66, 67, 68, 69, 70, 76, 42, 72, 73]
index list energy: 108070.45780373304
Done


iterations: 10000000 temp: 1000000.0 exponent: 0.7 eif: 300.0
time taken (sec): 1003.0619747638702
number of iterations: 10000000
og index list: [(0, 44), (1, 16), (2, 72), (3, 9), (4, 17), (5, 54), (6, 78), (7, 58), (8, 76), (9, 77), (10, 65), (11, 62), (12, 29), (13, 12), (79, 45), (14, 69), (15, 55), (16, 47), (78, 63), (17, 25), (18, 28), (19, 53), (20, 23), (21, 10), (22, 0), (23, 49), (24, 22), (25, 43), (26, 56), (27, 67), (28, 21), (29, 35), (30, 52), (31, 71), (32, 8), (77, 66), (33, 70), (34, 37), (35, 75), (36, 68), (37, 57), (38, 30), (39, 33), (40, 40), (41, 4), (76, 32), (42, 60), (43, 42), (44, 39), (45, 11), (46, 41), (47, 27), (48, 46), (49, 1), (50, 36), (51, 13), (52, 59), (53, 15), (54, 73), (55, 24), (56, 26), (57, 7), (58, 3), (75, 34), (59, 61), (60, 79), (61, 6), (62, 51), (63, 2), (64, 64), (65, 50), (66, 38), (67, 31), (68, 14), (69, 18), (70, 19), (71, 5), (74, 48), (72, 20), (73, 74)]
og index list energy: 113757508.54334526
index_list: [(0, 0), (1, 1), (2, 2), (3, 3), (4, 4), (5, 5), (6, 6), (7, 7), (8, 8), (9, 9), (10, 10), (11, 11), (12, 12), (13, 13), (79, 78), (14, 14), (15, 15), (16, 16), (78, 49), (17, 17), (18, 18), (19, 19), (20, 20), (21, 21), (22, 22), (23, 23), (24, 24), (25, 25), (26, 26), (27, 27), (28, 28), (29, 29), (30, 30), (31, 31), (32, 32), (77, 75), (33, 33), (34, 34), (35, 35), (36, 36), (37, 37), (38, 38), (39, 39), (40, 40), (41, 41), (76, 77), (42, 42), (43, 43), (44, 44), (45, 45), (46, 46), (47, 47), (48, 48), (49, 76), (50, 50), (51, 51), (52, 52), (53, 53), (54, 54), (55, 55), (56, 56), (57, 57), (58, 58), (75, 79), (59, 59), (60, 60), (61, 61), (62, 62), (63, 63), (64, 64), (65, 65), (66, 66), (67, 67), (68, 68), (69, 69), (70, 70), (71, 71), (74, 74), (72, 72), (73, 73)]
index list: [0, 1, 2, 3, 4, 5, 6, 7, 8, 9, 10, 11, 12, 13, 78, 14, 15, 16, 49, 17, 18, 19, 20, 21, 22, 23, 24, 25, 26, 27, 28, 29, 30, 31, 32, 75, 33, 34, 35, 36, 37, 38, 39, 40, 41, 77, 42, 43, 44, 45, 46, 47, 48, 76, 50, 51, 52, 53, 54, 55, 56, 57, 58, 79, 59, 60, 61, 62, 63, 64, 65, 66, 67, 68, 69, 70, 71, 74, 72, 73]
index list energy: 98209.82393678775
Done


iterations: 10000000 temp: 1000000.0 exponent: 0.7 eif: 300.0
time taken (sec): 1005.7527997493744
number of iterations: 10000000
og index list: [(0, 34), (1, 5), (2, 38), (3, 12), (4, 50), (5, 11), (6, 6), (7, 79), (8, 0), (9, 74), (10, 65), (11, 37), (12, 60), (13, 30), (79, 31), (14, 17), (15, 13), (16, 29), (78, 46), (17, 76), (18, 66), (19, 36), (20, 58), (21, 1), (22, 61), (23, 47), (24, 75), (25, 32), (26, 55), (27, 67), (28, 2), (29, 59), (30, 49), (31, 73), (32, 70), (77, 57), (33, 40), (34, 21), (35, 25), (36, 69), (37, 62), (38, 3), (39, 18), (40, 41), (41, 53), (76, 51), (42, 16), (43, 20), (44, 72), (45, 23), (46, 24), (47, 43), (48, 9), (49, 35), (50, 27), (51, 71), (52, 52), (53, 54), (54, 8), (55, 15), (56, 77), (57, 48), (58, 39), (75, 28), (59, 10), (60, 68), (61, 26), (62, 22), (63, 63), (64, 64), (65, 78), (66, 42), (67, 33), (68, 44), (69, 19), (70, 4), (71, 14), (74, 56), (72, 45), (73, 7)]
og index list energy: 124628759.32066926
index_list: [(0, 0), (1, 1), (2, 2), (3, 3), (4, 4), (5, 5), (6, 6), (7, 7), (8, 8), (9, 9), (10, 10), (11, 11), (12, 12), (13, 13), (79, 49), (14, 14), (15, 15), (16, 16), (78, 77), (17, 17), (18, 18), (19, 19), (20, 20), (21, 21), (22, 22), (23, 23), (24, 24), (25, 25), (26, 26), (27, 27), (28, 28), (29, 29), (30, 30), (31, 31), (32, 32), (77, 76), (33, 33), (34, 34), (35, 35), (36, 36), (37, 37), (38, 38), (39, 39), (40, 40), (41, 41), (76, 74), (42, 42), (43, 43), (44, 44), (45, 45), (46, 46), (47, 47), (48, 48), (49, 79), (50, 50), (51, 51), (52, 52), (53, 53), (54, 54), (55, 55), (56, 56), (57, 57), (58, 58), (75, 78), (59, 59), (60, 60), (61, 61), (62, 62), (63, 63), (64, 64), (65, 65), (66, 66), (67, 67), (68, 68), (69, 69), (70, 70), (71, 71), (74, 75), (72, 72), (73, 73)]
index list: [0, 1, 2, 3, 4, 5, 6, 7, 8, 9, 10, 11, 12, 13, 49, 14, 15, 16, 77, 17, 18, 19, 20, 21, 22, 23, 24, 25, 26, 27, 28, 29, 30, 31, 32, 76, 33, 34, 35, 36, 37, 38, 39, 40, 41, 74, 42, 43, 44, 45, 46, 47, 48, 79, 50, 51, 52, 53, 54, 55, 56, 57, 58, 78, 59, 60, 61, 62, 63, 64, 65, 66, 67, 68, 69, 70, 71, 75, 72, 73]
index list energy: 98209.82393678775
Done


iterations: 10000000 temp: 1000000.0 exponent: 0.7 eif: 300.0
time taken (sec): 992.3838272094727
number of iterations: 10000000
og index list: [(0, 35), (1, 4), (2, 8), (3, 27), (4, 1), (5, 51), (6, 70), (7, 61), (8, 25), (9, 33), (10, 46), (11, 76), (12, 16), (13, 20), (79, 31), (14, 2), (15, 68), (16, 9), (78, 6), (17, 44), (18, 28), (19, 55), (20, 19), (21, 58), (22, 3), (23, 77), (24, 43), (25, 11), (26, 67), (27, 26), (28, 64), (29, 74), (30, 13), (31, 12), (32, 0), (77, 52), (33, 17), (34, 53), (35, 57), (36, 72), (37, 69), (38, 22), (39, 62), (40, 14), (41, 37), (76, 15), (42, 5), (43, 23), (44, 24), (45, 29), (46, 79), (47, 18), (48, 66), (49, 32), (50, 38), (51, 63), (52, 39), (53, 71), (54, 34), (55, 50), (56, 30), (57, 60), (58, 40), (75, 41), (59, 49), (60, 54), (61, 78), (62, 75), (63, 7), (64, 42), (65, 59), (66, 36), (67, 48), (68, 10), (69, 73), (70, 65), (71, 47), (74, 45), (72, 21), (73, 56)]
og index list energy: 105996612.36464286
index_list: [(0, 0), (1, 1), (2, 2), (3, 3), (4, 4), (5, 5), (6, 6), (7, 7), (8, 8), (9, 9), (10, 10), (11, 11), (12, 12), (13, 13), (79, 49), (14, 14), (15, 15), (16, 16), (78, 78), (17, 17), (18, 18), (19, 19), (20, 20), (21, 21), (22, 22), (23, 23), (24, 24), (25, 25), (26, 26), (27, 27), (28, 28), (29, 29), (30, 30), (31, 31), (32, 32), (77, 77), (33, 33), (34, 34), (35, 35), (36, 36), (37, 37), (38, 38), (39, 39), (40, 40), (41, 41), (76, 74), (42, 42), (43, 43), (44, 44), (45, 45), (46, 46), (47, 47), (48, 48), (49, 75), (50, 50), (51, 51), (52, 52), (53, 53), (54, 54), (55, 55), (56, 56), (57, 57), (58, 58), (75, 76), (59, 59), (60, 60), (61, 61), (62, 62), (63, 63), (64, 64), (65, 65), (66, 66), (67, 67), (68, 68), (69, 69), (70, 70), (71, 71), (74, 79), (72, 72), (73, 73)]
index list: [0, 1, 2, 3, 4, 5, 6, 7, 8, 9, 10, 11, 12, 13, 49, 14, 15, 16, 78, 17, 18, 19, 20, 21, 22, 23, 24, 25, 26, 27, 28, 29, 30, 31, 32, 77, 33, 34, 35, 36, 37, 38, 39, 40, 41, 74, 42, 43, 44, 45, 46, 47, 48, 75, 50, 51, 52, 53, 54, 55, 56, 57, 58, 76, 59, 60, 61, 62, 63, 64, 65, 66, 67, 68, 69, 70, 71, 79, 72, 73]
index list energy: 98209.82393678775
Done


iterations: 10000000 temp: 1000000.0 exponent: 0.7 eif: 300.0
time taken (sec): 1001.6440467834473
number of iterations: 10000000
og index list: [(0, 27), (1, 61), (2, 47), (3, 64), (4, 76), (5, 1), (6, 21), (7, 46), (8, 0), (9, 5), (10, 78), (11, 16), (12, 41), (13, 32), (79, 29), (14, 25), (15, 6), (16, 30), (78, 72), (17, 58), (18, 15), (19, 74), (20, 4), (21, 33), (22, 65), (23, 37), (24, 48), (25, 68), (26, 35), (27, 12), (28, 31), (29, 26), (30, 10), (31, 71), (32, 66), (77, 17), (33, 70), (34, 11), (35, 42), (36, 3), (37, 60), (38, 75), (39, 56), (40, 79), (41, 73), (76, 8), (42, 62), (43, 34), (44, 43), (45, 18), (46, 45), (47, 13), (48, 23), (49, 59), (50, 52), (51, 38), (52, 63), (53, 69), (54, 2), (55, 54), (56, 51), (57, 9), (58, 55), (75, 20), (59, 57), (60, 19), (61, 36), (62, 44), (63, 24), (64, 67), (65, 28), (66, 77), (67, 53), (68, 14), (69, 40), (70, 22), (71, 7), (74, 49), (72, 50), (73, 39)]
og index list energy: 125088536.65915805
index_list: [(0, 0), (1, 1), (2, 2), (3, 3), (4, 4), (5, 5), (6, 6), (7, 7), (8, 8), (9, 9), (10, 10), (11, 11), (12, 12), (13, 13), (79, 77), (14, 14), (15, 15), (16, 16), (78, 79), (17, 17), (18, 18), (19, 19), (20, 20), (21, 21), (22, 22), (23, 23), (24, 24), (25, 25), (26, 26), (27, 27), (28, 28), (29, 29), (30, 30), (31, 31), (32, 32), (77, 78), (33, 33), (34, 34), (35, 35), (36, 36), (37, 37), (38, 38), (39, 39), (40, 40), (41, 41), (76, 49), (42, 42), (43, 43), (44, 44), (45, 45), (46, 46), (47, 47), (48, 48), (49, 76), (50, 50), (51, 51), (52, 52), (53, 53), (54, 54), (55, 55), (56, 56), (57, 57), (58, 58), (75, 75), (59, 59), (60, 60), (61, 61), (62, 62), (63, 63), (64, 64), (65, 65), (66, 66), (67, 67), (68, 68), (69, 69), (70, 70), (71, 71), (74, 74), (72, 72), (73, 73)]
index list: [0, 1, 2, 3, 4, 5, 6, 7, 8, 9, 10, 11, 12, 13, 77, 14, 15, 16, 79, 17, 18, 19, 20, 21, 22, 23, 24, 25, 26, 27, 28, 29, 30, 31, 32, 78, 33, 34, 35, 36, 37, 38, 39, 40, 41, 49, 42, 43, 44, 45, 46, 47, 48, 76, 50, 51, 52, 53, 54, 55, 56, 57, 58, 75, 59, 60, 61, 62, 63, 64, 65, 66, 67, 68, 69, 70, 71, 74, 72, 73]
index list energy: 98209.82393678775
Done


iterations: 10000000 temp: 1000000.0 exponent: 0.7 eif: 300.0
time taken (sec): 1006.6807532310486
number of iterations: 10000000
og index list: [(0, 61), (1, 55), (2, 57), (3, 40), (4, 10), (5, 76), (6, 31), (7, 2), (8, 44), (9, 53), (10, 8), (11, 63), (12, 73), (13, 65), (79, 6), (14, 20), (15, 34), (16, 79), (78, 35), (17, 51), (18, 37), (19, 4), (20, 29), (21, 18), (22, 39), (23, 38), (24, 11), (25, 45), (26, 23), (27, 52), (28, 9), (29, 77), (30, 13), (31, 36), (32, 1), (77, 48), (33, 0), (34, 49), (35, 15), (36, 72), (37, 22), (38, 19), (39, 70), (40, 59), (41, 47), (76, 12), (42, 16), (43, 24), (44, 7), (45, 28), (46, 75), (47, 69), (48, 33), (49, 32), (50, 60), (51, 26), (52, 5), (53, 58), (54, 3), (55, 30), (56, 46), (57, 25), (58, 27), (75, 62), (59, 56), (60, 54), (61, 14), (62, 42), (63, 74), (64, 21), (65, 66), (66, 78), (67, 71), (68, 17), (69, 41), (70, 67), (71, 68), (74, 50), (72, 43), (73, 64)]
og index list energy: 92406328.95077129
index_list: [(0, 0), (1, 1), (2, 2), (3, 3), (4, 4), (5, 5), (6, 6), (7, 7), (8, 8), (9, 9), (10, 10), (11, 11), (12, 12), (13, 13), (79, 79), (14, 14), (15, 15), (16, 16), (78, 75), (17, 17), (18, 18), (19, 19), (20, 20), (21, 21), (22, 22), (23, 23), (24, 24), (25, 25), (26, 26), (27, 27), (28, 28), (29, 29), (30, 30), (31, 31), (32, 32), (77, 78), (33, 33), (34, 34), (35, 35), (36, 36), (37, 37), (38, 38), (39, 39), (40, 40), (41, 41), (76, 76), (42, 42), (43, 43), (44, 44), (45, 45), (46, 46), (47, 47), (48, 48), (49, 74), (50, 50), (51, 51), (52, 52), (53, 53), (54, 54), (55, 55), (56, 56), (57, 57), (58, 58), (75, 77), (59, 59), (60, 60), (61, 61), (62, 62), (63, 63), (64, 64), (65, 65), (66, 66), (67, 67), (68, 68), (69, 69), (70, 70), (71, 71), (74, 49), (72, 72), (73, 73)]
index list: [0, 1, 2, 3, 4, 5, 6, 7, 8, 9, 10, 11, 12, 13, 79, 14, 15, 16, 75, 17, 18, 19, 20, 21, 22, 23, 24, 25, 26, 27, 28, 29, 30, 31, 32, 78, 33, 34, 35, 36, 37, 38, 39, 40, 41, 76, 42, 43, 44, 45, 46, 47, 48, 74, 50, 51, 52, 53, 54, 55, 56, 57, 58, 77, 59, 60, 61, 62, 63, 64, 65, 66, 67, 68, 69, 70, 71, 49, 72, 73]
index list energy: 98209.82393678775
Done


iterations: 10000000 temp: 1000000.0 exponent: 0.7 eif: 300.0
time taken (sec): 939.6193442344666
number of iterations: 10000000
og index list: [(0, 57), (1, 22), (2, 14), (3, 62), (4, 23), (5, 79), (6, 74), (7, 68), (8, 63), (9, 46), (10, 15), (11, 41), (12, 34), (13, 59), (79, 52), (14, 72), (15, 78), (16, 17), (78, 50), (17, 45), (18, 29), (19, 55), (20, 28), (21, 3), (22, 47), (23, 12), (24, 8), (25, 30), (26, 36), (27, 33), (28, 18), (29, 9), (30, 67), (31, 10), (32, 76), (77, 39), (33, 73), (34, 54), (35, 6), (36, 38), (37, 0), (38, 11), (39, 20), (40, 49), (41, 5), (76, 37), (42, 19), (43, 56), (44, 16), (45, 61), (46, 64), (47, 66), (48, 35), (49, 40), (50, 58), (51, 32), (52, 24), (53, 69), (54, 42), (55, 70), (56, 71), (57, 26), (58, 48), (75, 44), (59, 1), (60, 53), (61, 27), (62, 43), (63, 75), (64, 13), (65, 7), (66, 65), (67, 2), (68, 77), (69, 4), (70, 51), (71, 31), (74, 25), (72, 60), (73, 21)]
og index list energy: 105596835.00610213
index_list: [(0, 47), (1, 1), (2, 2), (3, 3), (4, 4), (5, 5), (6, 6), (7, 7), (8, 8), (9, 9), (10, 10), (11, 11), (12, 12), (13, 13), (79, 77), (14, 14), (15, 15), (16, 16), (78, 75), (17, 17), (18, 18), (19, 19), (20, 20), (21, 21), (22, 22), (23, 23), (24, 24), (25, 25), (26, 26), (27, 27), (28, 28), (29, 29), (30, 30), (31, 31), (32, 78), (77, 42), (33, 33), (34, 34), (35, 35), (36, 36), (37, 37), (38, 38), (39, 39), (40, 40), (41, 41), (76, 76), (42, 32), (43, 79), (44, 43), (45, 44), (46, 45), (47, 46), (48, 48), (49, 0), (50, 50), (51, 51), (52, 52), (53, 53), (54, 54), (55, 55), (56, 56), (57, 57), (58, 58), (75, 74), (59, 59), (60, 60), (61, 61), (62, 62), (63, 63), (64, 64), (65, 65), (66, 66), (67, 67), (68, 68), (69, 69), (70, 70), (71, 71), (74, 49), (72, 72), (73, 73)]
index list: [47, 1, 2, 3, 4, 5, 6, 7, 8, 9, 10, 11, 12, 13, 77, 14, 15, 16, 75, 17, 18, 19, 20, 21, 22, 23, 24, 25, 26, 27, 28, 29, 30, 31, 78, 42, 33, 34, 35, 36, 37, 38, 39, 40, 41, 76, 32, 79, 43, 44, 45, 46, 48, 0, 50, 51, 52, 53, 54, 55, 56, 57, 58, 74, 59, 60, 61, 62, 63, 64, 65, 66, 67, 68, 69, 70, 71, 49, 72, 73]
index list energy: 145967.86773713987
Done


iterations: 10000000 temp: 1000000.0 exponent: 0.7 eif: 300.0
time taken (sec): 957.418924331665
number of iterations: 10000000
og index list: [(0, 42), (1, 63), (2, 18), (3, 48), (4, 55), (5, 26), (6, 68), (7, 27), (8, 46), (9, 32), (10, 59), (11, 51), (12, 8), (13, 64), (79, 35), (14, 20), (15, 4), (16, 45), (78, 67), (17, 3), (18, 70), (19, 72), (20, 78), (21, 74), (22, 17), (23, 47), (24, 23), (25, 19), (26, 15), (27, 28), (28, 13), (29, 57), (30, 50), (31, 56), (32, 41), (77, 61), (33, 53), (34, 75), (35, 54), (36, 44), (37, 76), (38, 1), (39, 73), (40, 40), (41, 62), (76, 30), (42, 12), (43, 49), (44, 33), (45, 34), (46, 36), (47, 52), (48, 16), (49, 43), (50, 5), (51, 38), (52, 71), (53, 14), (54, 77), (55, 39), (56, 24), (57, 9), (58, 58), (75, 25), (59, 79), (60, 65), (61, 7), (62, 69), (63, 2), (64, 60), (65, 37), (66, 66), (67, 29), (68, 11), (69, 6), (70, 22), (71, 21), (74, 31), (72, 0), (73, 10)]
og index list energy: 122320239.48607205
index_list: [(0, 0), (1, 1), (2, 2), (3, 3), (4, 4), (5, 5), (6, 6), (7, 7), (8, 8), (9, 9), (10, 10), (11, 11), (12, 12), (13, 13), (79, 78), (14, 14), (15, 15), (16, 16), (78, 74), (17, 17), (18, 18), (19, 19), (20, 20), (21, 21), (22, 22), (23, 23), (24, 24), (25, 25), (26, 26), (27, 27), (28, 28), (29, 29), (30, 30), (31, 31), (32, 32), (77, 76), (33, 33), (34, 34), (35, 35), (36, 36), (37, 37), (38, 38), (39, 39), (40, 40), (41, 41), (76, 71), (42, 77), (43, 43), (44, 44), (45, 45), (46, 46), (47, 47), (48, 48), (49, 49), (50, 50), (51, 51), (52, 52), (53, 53), (54, 54), (55, 55), (56, 56), (57, 57), (58, 58), (75, 75), (59, 59), (60, 60), (61, 61), (62, 62), (63, 63), (64, 64), (65, 65), (66, 66), (67, 67), (68, 68), (69, 69), (70, 72), (71, 73), (74, 79), (72, 42), (73, 70)]
index list: [0, 1, 2, 3, 4, 5, 6, 7, 8, 9, 10, 11, 12, 13, 78, 14, 15, 16, 74, 17, 18, 19, 20, 21, 22, 23, 24, 25, 26, 27, 28, 29, 30, 31, 32, 76, 33, 34, 35, 36, 37, 38, 39, 40, 41, 71, 77, 43, 44, 45, 46, 47, 48, 49, 50, 51, 52, 53, 54, 55, 56, 57, 58, 75, 59, 60, 61, 62, 63, 64, 65, 66, 67, 68, 69, 72, 73, 79, 42, 70]
index list energy: 117479.76816687462
Done


iterations: 10000000 temp: 1000000.0 exponent: 0.7 eif: 300.0
time taken (sec): 990.6035137176514
number of iterations: 10000000
og index list: [(0, 10), (1, 68), (2, 17), (3, 46), (4, 4), (5, 31), (6, 20), (7, 38), (8, 9), (9, 3), (10, 65), (11, 49), (12, 29), (13, 71), (79, 76), (14, 7), (15, 14), (16, 53), (78, 67), (17, 47), (18, 52), (19, 16), (20, 73), (21, 70), (22, 57), (23, 30), (24, 61), (25, 72), (26, 28), (27, 63), (28, 26), (29, 74), (30, 54), (31, 37), (32, 39), (77, 21), (33, 25), (34, 23), (35, 33), (36, 62), (37, 13), (38, 43), (39, 56), (40, 50), (41, 45), (76, 22), (42, 15), (43, 69), (44, 51), (45, 0), (46, 78), (47, 48), (48, 77), (49, 75), (50, 58), (51, 66), (52, 79), (53, 12), (54, 59), (55, 35), (56, 60), (57, 1), (58, 44), (75, 41), (59, 6), (60, 24), (61, 34), (62, 32), (63, 36), (64, 55), (65, 18), (66, 40), (67, 2), (68, 42), (69, 5), (70, 27), (71, 11), (74, 19), (72, 64), (73, 8)]
og index list energy: 111273502.18091044
index_list: [(0, 0), (1, 1), (2, 2), (3, 3), (4, 4), (5, 5), (6, 6), (7, 7), (8, 8), (9, 9), (10, 10), (11, 11), (12, 12), (13, 13), (79, 74), (14, 14), (15, 15), (16, 16), (78, 78), (17, 17), (18, 18), (19, 19), (20, 20), (21, 21), (22, 22), (23, 23), (24, 24), (25, 25), (26, 26), (27, 27), (28, 28), (29, 29), (30, 30), (31, 31), (32, 32), (77, 49), (33, 33), (34, 34), (35, 35), (36, 36), (37, 37), (38, 38), (39, 39), (40, 40), (41, 41), (76, 77), (42, 42), (43, 43), (44, 44), (45, 45), (46, 46), (47, 47), (48, 48), (49, 75), (50, 50), (51, 51), (52, 52), (53, 53), (54, 54), (55, 55), (56, 56), (57, 57), (58, 58), (75, 76), (59, 59), (60, 60), (61, 61), (62, 62), (63, 63), (64, 64), (65, 65), (66, 66), (67, 67), (68, 68), (69, 69), (70, 70), (71, 71), (74, 79), (72, 72), (73, 73)]
index list: [0, 1, 2, 3, 4, 5, 6, 7, 8, 9, 10, 11, 12, 13, 74, 14, 15, 16, 78, 17, 18, 19, 20, 21, 22, 23, 24, 25, 26, 27, 28, 29, 30, 31, 32, 49, 33, 34, 35, 36, 37, 38, 39, 40, 41, 77, 42, 43, 44, 45, 46, 47, 48, 75, 50, 51, 52, 53, 54, 55, 56, 57, 58, 76, 59, 60, 61, 62, 63, 64, 65, 66, 67, 68, 69, 70, 71, 79, 72, 73]
index list energy: 98209.82393678775
Done


iterations: 10000000 temp: 1000000.0 exponent: 0.7 eif: 300.0
time taken (sec): 1007.2663700580597
number of iterations: 10000000
og index list: [(0, 17), (1, 48), (2, 20), (3, 56), (4, 18), (5, 69), (6, 2), (7, 32), (8, 62), (9, 34), (10, 61), (11, 13), (12, 1), (13, 60), (79, 55), (14, 41), (15, 0), (16, 16), (78, 71), (17, 47), (18, 64), (19, 9), (20, 24), (21, 63), (22, 26), (23, 53), (24, 3), (25, 36), (26, 31), (27, 67), (28, 21), (29, 42), (30, 51), (31, 43), (32, 57), (77, 65), (33, 4), (34, 12), (35, 74), (36, 50), (37, 58), (38, 7), (39, 66), (40, 14), (41, 15), (76, 38), (42, 40), (43, 11), (44, 22), (45, 52), (46, 5), (47, 79), (48, 10), (49, 54), (50, 35), (51, 46), (52, 19), (53, 70), (54, 6), (55, 72), (56, 29), (57, 30), (58, 77), (75, 8), (59, 25), (60, 27), (61, 49), (62, 33), (63, 23), (64, 78), (65, 39), (66, 28), (67, 37), (68, 59), (69, 75), (70, 44), (71, 76), (74, 68), (72, 45), (73, 73)]
og index list energy: 84208945.91137137
index_list: [(0, 0), (1, 1), (2, 2), (3, 3), (4, 4), (5, 5), (6, 6), (7, 7), (8, 8), (9, 9), (10, 10), (11, 11), (12, 12), (13, 13), (79, 75), (14, 14), (15, 15), (16, 16), (78, 74), (17, 17), (18, 18), (19, 19), (20, 20), (21, 21), (22, 22), (23, 23), (24, 24), (25, 25), (26, 26), (27, 27), (28, 28), (29, 29), (30, 30), (31, 31), (32, 32), (77, 79), (33, 33), (34, 34), (35, 35), (36, 36), (37, 37), (38, 38), (39, 39), (40, 40), (41, 41), (76, 78), (42, 42), (43, 43), (44, 44), (45, 45), (46, 46), (47, 47), (48, 48), (49, 77), (50, 50), (51, 51), (52, 52), (53, 53), (54, 54), (55, 55), (56, 56), (57, 57), (58, 58), (75, 76), (59, 59), (60, 60), (61, 61), (62, 62), (63, 63), (64, 64), (65, 65), (66, 66), (67, 67), (68, 68), (69, 69), (70, 70), (71, 71), (74, 49), (72, 72), (73, 73)]
index list: [0, 1, 2, 3, 4, 5, 6, 7, 8, 9, 10, 11, 12, 13, 75, 14, 15, 16, 74, 17, 18, 19, 20, 21, 22, 23, 24, 25, 26, 27, 28, 29, 30, 31, 32, 79, 33, 34, 35, 36, 37, 38, 39, 40, 41, 78, 42, 43, 44, 45, 46, 47, 48, 77, 50, 51, 52, 53, 54, 55, 56, 57, 58, 76, 59, 60, 61, 62, 63, 64, 65, 66, 67, 68, 69, 70, 71, 49, 72, 73]
index list energy: 98209.82393678775
Done


iterations: 10000000 temp: 1000000.0 exponent: 0.7 eif: 300.0
time taken (sec): 994.8202457427979
number of iterations: 10000000
og index list: [(0, 69), (1, 39), (2, 65), (3, 51), (4, 28), (5, 37), (6, 5), (7, 45), (8, 60), (9, 66), (10, 49), (11, 7), (12, 15), (13, 54), (79, 38), (14, 73), (15, 44), (16, 20), (78, 40), (17, 30), (18, 19), (19, 1), (20, 29), (21, 62), (22, 67), (23, 52), (24, 26), (25, 23), (26, 43), (27, 0), (28, 42), (29, 47), (30, 14), (31, 46), (32, 63), (77, 17), (33, 61), (34, 8), (35, 3), (36, 71), (37, 10), (38, 13), (39, 74), (40, 24), (41, 35), (76, 27), (42, 48), (43, 57), (44, 12), (45, 33), (46, 56), (47, 4), (48, 59), (49, 11), (50, 50), (51, 32), (52, 76), (53, 77), (54, 72), (55, 6), (56, 55), (57, 68), (58, 22), (75, 34), (59, 53), (60, 75), (61, 41), (62, 58), (63, 36), (64, 18), (65, 70), (66, 16), (67, 64), (68, 78), (69, 9), (70, 25), (71, 79), (74, 21), (72, 2), (73, 31)]
og index list energy: 94169596.89656451
index_list: [(0, 0), (1, 1), (2, 2), (3, 3), (4, 4), (5, 5), (6, 6), (7, 7), (8, 8), (9, 9), (10, 10), (11, 11), (12, 12), (13, 13), (79, 74), (14, 14), (15, 15), (16, 16), (78, 78), (17, 17), (18, 18), (19, 19), (20, 20), (21, 21), (22, 22), (23, 23), (24, 24), (25, 25), (26, 26), (27, 27), (28, 28), (29, 29), (30, 30), (31, 31), (32, 32), (77, 49), (33, 33), (34, 34), (35, 35), (36, 36), (37, 37), (38, 38), (39, 39), (40, 40), (41, 41), (76, 79), (42, 42), (43, 43), (44, 44), (45, 45), (46, 46), (47, 47), (48, 48), (49, 77), (50, 50), (51, 51), (52, 52), (53, 53), (54, 54), (55, 55), (56, 56), (57, 57), (58, 58), (75, 75), (59, 59), (60, 60), (61, 61), (62, 62), (63, 63), (64, 64), (65, 65), (66, 66), (67, 67), (68, 68), (69, 69), (70, 70), (71, 71), (74, 76), (72, 72), (73, 73)]
index list: [0, 1, 2, 3, 4, 5, 6, 7, 8, 9, 10, 11, 12, 13, 74, 14, 15, 16, 78, 17, 18, 19, 20, 21, 22, 23, 24, 25, 26, 27, 28, 29, 30, 31, 32, 49, 33, 34, 35, 36, 37, 38, 39, 40, 41, 79, 42, 43, 44, 45, 46, 47, 48, 77, 50, 51, 52, 53, 54, 55, 56, 57, 58, 75, 59, 60, 61, 62, 63, 64, 65, 66, 67, 68, 69, 70, 71, 76, 72, 73]
index list energy: 98209.82393678775
Done


iterations: 10000000 temp: 1000000.0 exponent: 0.7 eif: 300.0
time taken (sec): 1002.6454613208771
number of iterations: 10000000
og index list: [(0, 28), (1, 57), (2, 4), (3, 66), (4, 1), (5, 6), (6, 32), (7, 35), (8, 33), (9, 50), (10, 43), (11, 64), (12, 11), (13, 14), (79, 77), (14, 30), (15, 79), (16, 37), (78, 44), (17, 60), (18, 53), (19, 25), (20, 73), (21, 71), (22, 9), (23, 40), (24, 59), (25, 42), (26, 19), (27, 67), (28, 72), (29, 62), (30, 2), (31, 69), (32, 15), (77, 12), (33, 21), (34, 58), (35, 31), (36, 56), (37, 24), (38, 61), (39, 54), (40, 3), (41, 7), (76, 0), (42, 52), (43, 39), (44, 29), (45, 17), (46, 26), (47, 22), (48, 38), (49, 27), (50, 46), (51, 13), (52, 65), (53, 20), (54, 23), (55, 8), (56, 47), (57, 10), (58, 76), (75, 74), (59, 45), (60, 51), (61, 5), (62, 48), (63, 68), (64, 18), (65, 41), (66, 34), (67, 36), (68, 49), (69, 16), (70, 78), (71, 75), (74, 63), (72, 55), (73, 70)]
og index list energy: 100397096.64659399
index_list: [(0, 0), (1, 1), (2, 2), (3, 3), (4, 4), (5, 5), (6, 6), (7, 7), (8, 8), (9, 9), (10, 10), (11, 11), (12, 12), (13, 13), (79, 77), (14, 14), (15, 15), (16, 16), (78, 76), (17, 17), (18, 18), (19, 19), (20, 20), (21, 21), (22, 22), (23, 23), (24, 24), (25, 25), (26, 26), (27, 27), (28, 28), (29, 29), (30, 30), (31, 31), (32, 32), (77, 49), (33, 33), (34, 34), (35, 35), (36, 36), (37, 37), (38, 38), (39, 39), (40, 40), (41, 41), (76, 75), (42, 42), (43, 43), (44, 44), (45, 45), (46, 46), (47, 47), (48, 48), (49, 74), (50, 50), (51, 51), (52, 52), (53, 53), (54, 54), (55, 55), (56, 56), (57, 57), (58, 58), (75, 79), (59, 59), (60, 60), (61, 61), (62, 62), (63, 63), (64, 64), (65, 65), (66, 66), (67, 67), (68, 68), (69, 69), (70, 70), (71, 71), (74, 78), (72, 72), (73, 73)]
index list: [0, 1, 2, 3, 4, 5, 6, 7, 8, 9, 10, 11, 12, 13, 77, 14, 15, 16, 76, 17, 18, 19, 20, 21, 22, 23, 24, 25, 26, 27, 28, 29, 30, 31, 32, 49, 33, 34, 35, 36, 37, 38, 39, 40, 41, 75, 42, 43, 44, 45, 46, 47, 48, 74, 50, 51, 52, 53, 54, 55, 56, 57, 58, 79, 59, 60, 61, 62, 63, 64, 65, 66, 67, 68, 69, 70, 71, 78, 72, 73]
index list energy: 98209.82393678775
Done


iterations: 10000000 temp: 1000000.0 exponent: 0.7 eif: 300.0
time taken (sec): 989.1254813671112
number of iterations: 10000000
og index list: [(0, 23), (1, 66), (2, 3), (3, 69), (4, 39), (5, 22), (6, 5), (7, 50), (8, 61), (9, 33), (10, 74), (11, 32), (12, 41), (13, 78), (79, 14), (14, 52), (15, 72), (16, 16), (78, 13), (17, 18), (18, 17), (19, 48), (20, 28), (21, 2), (22, 45), (23, 79), (24, 47), (25, 46), (26, 55), (27, 77), (28, 6), (29, 34), (30, 25), (31, 9), (32, 42), (77, 4), (33, 40), (34, 54), (35, 1), (36, 0), (37, 43), (38, 20), (39, 76), (40, 21), (41, 7), (76, 58), (42, 63), (43, 12), (44, 51), (45, 15), (46, 68), (47, 36), (48, 67), (49, 75), (50, 64), (51, 70), (52, 65), (53, 24), (54, 37), (55, 59), (56, 56), (57, 44), (58, 53), (75, 60), (59, 38), (60, 27), (61, 31), (62, 10), (63, 30), (64, 11), (65, 35), (66, 8), (67, 73), (68, 19), (69, 62), (70, 49), (71, 71), (74, 26), (72, 57), (73, 29)]
og index list energy: 119349108.32778266
index_list: [(0, 72), (1, 1), (2, 2), (3, 3), (4, 4), (5, 5), (6, 6), (7, 7), (8, 8), (9, 9), (10, 10), (11, 11), (12, 12), (13, 13), (79, 49), (14, 14), (15, 15), (16, 16), (78, 79), (17, 17), (18, 18), (19, 19), (20, 20), (21, 21), (22, 22), (23, 23), (24, 24), (25, 25), (26, 26), (27, 27), (28, 28), (29, 29), (30, 30), (31, 31), (32, 32), (77, 74), (33, 33), (34, 34), (35, 35), (36, 36), (37, 37), (38, 38), (39, 39), (40, 40), (41, 41), (76, 0), (42, 73), (43, 77), (44, 44), (45, 45), (46, 46), (47, 47), (48, 48), (49, 76), (50, 50), (51, 51), (52, 52), (53, 53), (54, 54), (55, 55), (56, 56), (57, 57), (58, 58), (75, 75), (59, 59), (60, 60), (61, 61), (62, 62), (63, 63), (64, 64), (65, 65), (66, 66), (67, 67), (68, 68), (69, 69), (70, 70), (71, 71), (74, 78), (72, 42), (73, 43)]
index list: [72, 1, 2, 3, 4, 5, 6, 7, 8, 9, 10, 11, 12, 13, 49, 14, 15, 16, 79, 17, 18, 19, 20, 21, 22, 23, 24, 25, 26, 27, 28, 29, 30, 31, 32, 74, 33, 34, 35, 36, 37, 38, 39, 40, 41, 0, 73, 77, 44, 45, 46, 47, 48, 76, 50, 51, 52, 53, 54, 55, 56, 57, 58, 75, 59, 60, 61, 62, 63, 64, 65, 66, 67, 68, 69, 70, 71, 78, 42, 43]
index list energy: 116896.14165151541
Done


iterations: 10000000 temp: 1000000.0 exponent: 0.7 eif: 300.0
time taken (sec): 909.89497590065
number of iterations: 10000000
og index list: [(0, 66), (1, 47), (2, 65), (3, 32), (4, 26), (5, 29), (6, 30), (7, 72), (8, 18), (9, 49), (10, 57), (11, 58), (12, 1), (13, 76), (79, 9), (14, 19), (15, 15), (16, 16), (78, 13), (17, 78), (18, 40), (19, 51), (20, 79), (21, 52), (22, 59), (23, 39), (24, 56), (25, 75), (26, 42), (27, 35), (28, 44), (29, 0), (30, 20), (31, 60), (32, 48), (77, 10), (33, 22), (34, 41), (35, 61), (36, 34), (37, 38), (38, 25), (39, 23), (40, 8), (41, 73), (76, 45), (42, 31), (43, 67), (44, 28), (45, 37), (46, 5), (47, 55), (48, 50), (49, 64), (50, 33), (51, 36), (52, 14), (53, 46), (54, 6), (55, 24), (56, 11), (57, 4), (58, 69), (75, 77), (59, 53), (60, 12), (61, 17), (62, 63), (63, 21), (64, 74), (65, 7), (66, 68), (67, 43), (68, 62), (69, 3), (70, 27), (71, 54), (74, 2), (72, 70), (73, 71)]
og index list energy: 102017759.64252402
index_list: [(0, 35), (1, 0), (2, 1), (3, 2), (4, 3), (5, 40), (6, 6), (7, 7), (8, 8), (9, 9), (10, 10), (11, 11), (12, 12), (13, 13), (79, 16), (14, 75), (15, 72), (16, 73), (78, 77), (17, 17), (18, 18), (19, 19), (20, 20), (21, 21), (22, 22), (23, 23), (24, 24), (25, 25), (26, 26), (27, 27), (28, 28), (29, 29), (30, 30), (31, 31), (32, 46), (77, 47), (33, 48), (34, 34), (35, 78), (36, 33), (37, 37), (38, 38), (39, 39), (40, 79), (41, 14), (76, 15), (42, 32), (43, 76), (44, 42), (45, 43), (46, 44), (47, 45), (48, 36), (49, 74), (50, 50), (51, 51), (52, 52), (53, 53), (54, 54), (55, 55), (56, 56), (57, 57), (58, 58), (75, 49), (59, 59), (60, 60), (61, 61), (62, 62), (63, 63), (64, 64), (65, 65), (66, 66), (67, 67), (68, 68), (69, 69), (70, 70), (71, 71), (74, 4), (72, 5), (73, 41)]
index list: [35, 0, 1, 2, 3, 40, 6, 7, 8, 9, 10, 11, 12, 13, 16, 75, 72, 73, 77, 17, 18, 19, 20, 21, 22, 23, 24, 25, 26, 27, 28, 29, 30, 31, 46, 47, 48, 34, 78, 33, 37, 38, 39, 79, 14, 15, 32, 76, 42, 43, 44, 45, 36, 74, 50, 51, 52, 53, 54, 55, 56, 57, 58, 49, 59, 60, 61, 62, 63, 64, 65, 66, 67, 68, 69, 70, 71, 4, 5, 41]
index list energy: 233367.39194850984
Done


iterations: 10000000 temp: 1000000.0 exponent: 0.7 eif: 300.0
time taken (sec): 899.4732964038849
number of iterations: 10000000
og index list: [(0, 31), (1, 8), (2, 76), (3, 15), (4, 41), (5, 21), (6, 63), (7, 69), (8, 32), (9, 42), (10, 16), (11, 19), (12, 17), (13, 52), (79, 29), (14, 43), (15, 62), (16, 37), (78, 61), (17, 24), (18, 60), (19, 53), (20, 35), (21, 51), (22, 72), (23, 50), (24, 33), (25, 6), (26, 13), (27, 59), (28, 0), (29, 18), (30, 46), (31, 27), (32, 1), (77, 55), (33, 11), (34, 39), (35, 26), (36, 47), (37, 25), (38, 78), (39, 66), (40, 44), (41, 14), (76, 20), (42, 38), (43, 34), (44, 58), (45, 68), (46, 77), (47, 49), (48, 12), (49, 22), (50, 70), (51, 75), (52, 2), (53, 67), (54, 56), (55, 79), (56, 73), (57, 45), (58, 65), (75, 4), (59, 57), (60, 9), (61, 23), (62, 36), (63, 40), (64, 30), (65, 3), (66, 54), (67, 74), (68, 64), (69, 7), (70, 71), (71, 48), (74, 28), (72, 10), (73, 5)]
og index list energy: 104652718.42297536
index_list: [(0, 72), (1, 1), (2, 2), (3, 3), (4, 4), (5, 5), (6, 6), (7, 7), (8, 8), (9, 9), (10, 10), (11, 11), (12, 12), (13, 13), (79, 79), (14, 14), (15, 15), (16, 16), (78, 75), (17, 17), (18, 18), (19, 19), (20, 20), (21, 21), (22, 22), (23, 23), (24, 24), (25, 25), (26, 26), (27, 27), (28, 28), (29, 29), (30, 30), (31, 31), (32, 77), (77, 42), (33, 33), (34, 34), (35, 35), (36, 36), (37, 37), (38, 38), (39, 39), (40, 40), (41, 41), (76, 0), (42, 73), (43, 78), (44, 44), (45, 45), (46, 46), (47, 47), (48, 48), (49, 74), (50, 43), (51, 51), (52, 52), (53, 53), (54, 54), (55, 55), (56, 56), (57, 57), (58, 58), (75, 49), (59, 59), (60, 60), (61, 61), (62, 62), (63, 63), (64, 64), (65, 65), (66, 66), (67, 67), (68, 68), (69, 69), (70, 70), (71, 71), (74, 76), (72, 32), (73, 50)]
index list: [72, 1, 2, 3, 4, 5, 6, 7, 8, 9, 10, 11, 12, 13, 79, 14, 15, 16, 75, 17, 18, 19, 20, 21, 22, 23, 24, 25, 26, 27, 28, 29, 30, 31, 77, 42, 33, 34, 35, 36, 37, 38, 39, 40, 41, 0, 73, 78, 44, 45, 46, 47, 48, 74, 43, 51, 52, 53, 54, 55, 56, 57, 58, 49, 59, 60, 61, 62, 63, 64, 65, 66, 67, 68, 69, 70, 71, 76, 32, 50]
index list energy: 127968.3725027778
Done


iterations: 10000000 temp: 1000000.0 exponent: 0.7 eif: 300.0
time taken (sec): 874.7227671146393
number of iterations: 10000000
og index list: [(0, 71), (1, 40), (2, 19), (3, 57), (4, 65), (5, 22), (6, 74), (7, 9), (8, 39), (9, 35), (10, 10), (11, 66), (12, 46), (13, 34), (79, 53), (14, 36), (15, 12), (16, 54), (78, 27), (17, 16), (18, 45), (19, 25), (20, 5), (21, 47), (22, 72), (23, 7), (24, 3), (25, 21), (26, 69), (27, 14), (28, 78), (29, 26), (30, 60), (31, 48), (32, 67), (77, 68), (33, 13), (34, 43), (35, 31), (36, 23), (37, 70), (38, 28), (39, 33), (40, 49), (41, 18), (76, 55), (42, 63), (43, 75), (44, 20), (45, 1), (46, 56), (47, 62), (48, 79), (49, 61), (50, 44), (51, 17), (52, 37), (53, 4), (54, 24), (55, 38), (56, 50), (57, 32), (58, 41), (75, 0), (59, 77), (60, 42), (61, 73), (62, 58), (63, 2), (64, 59), (65, 52), (66, 51), (67, 15), (68, 76), (69, 8), (70, 64), (71, 6), (74, 11), (72, 30), (73, 29)]
og index list energy: 114224096.59148812
index_list: [(0, 0), (1, 1), (2, 2), (3, 3), (4, 4), (5, 5), (6, 6), (7, 7), (8, 8), (9, 9), (10, 10), (11, 11), (12, 12), (13, 13), (79, 74), (14, 14), (15, 15), (16, 16), (78, 75), (17, 17), (18, 18), (19, 19), (20, 20), (21, 21), (22, 22), (23, 23), (24, 24), (25, 25), (26, 26), (27, 27), (28, 28), (29, 29), (30, 30), (31, 31), (32, 32), (77, 78), (33, 33), (34, 34), (35, 35), (36, 36), (37, 37), (38, 38), (39, 39), (40, 40), (41, 41), (76, 76), (42, 42), (43, 43), (44, 44), (45, 45), (46, 46), (47, 47), (48, 48), (49, 77), (50, 50), (51, 51), (52, 52), (53, 53), (54, 54), (55, 55), (56, 56), (57, 57), (58, 58), (75, 79), (59, 59), (60, 60), (61, 61), (62, 62), (63, 63), (64, 64), (65, 65), (66, 66), (67, 67), (68, 68), (69, 69), (70, 70), (71, 71), (74, 49), (72, 72), (73, 73)]
index list: [0, 1, 2, 3, 4, 5, 6, 7, 8, 9, 10, 11, 12, 13, 74, 14, 15, 16, 75, 17, 18, 19, 20, 21, 22, 23, 24, 25, 26, 27, 28, 29, 30, 31, 32, 78, 33, 34, 35, 36, 37, 38, 39, 40, 41, 76, 42, 43, 44, 45, 46, 47, 48, 77, 50, 51, 52, 53, 54, 55, 56, 57, 58, 79, 59, 60, 61, 62, 63, 64, 65, 66, 67, 68, 69, 70, 71, 49, 72, 73]
index list energy: 98209.82393678775
Done


iterations: 10000000 temp: 1000000.0 exponent: 0.7 eif: 300.0
time taken (sec): 849.4082157611847
number of iterations: 10000000
og index list: [(0, 9), (1, 55), (2, 79), (3, 68), (4, 20), (5, 24), (6, 12), (7, 30), (8, 52), (9, 33), (10, 56), (11, 38), (12, 1), (13, 63), (79, 16), (14, 8), (15, 27), (16, 36), (78, 40), (17, 2), (18, 45), (19, 39), (20, 58), (21, 76), (22, 15), (23, 31), (24, 25), (25, 10), (26, 22), (27, 0), (28, 57), (29, 60), (30, 7), (31, 23), (32, 66), (77, 72), (33, 51), (34, 62), (35, 64), (36, 77), (37, 71), (38, 21), (39, 73), (40, 14), (41, 78), (76, 35), (42, 54), (43, 5), (44, 18), (45, 50), (46, 69), (47, 3), (48, 28), (49, 41), (50, 37), (51, 47), (52, 4), (53, 13), (54, 59), (55, 49), (56, 67), (57, 75), (58, 65), (75, 34), (59, 43), (60, 53), (61, 44), (62, 19), (63, 32), (64, 42), (65, 6), (66, 48), (67, 17), (68, 74), (69, 26), (70, 11), (71, 61), (74, 29), (72, 70), (73, 46)]
og index list energy: 99569965.26790427
index_list: [(0, 0), (1, 1), (2, 2), (3, 3), (4, 4), (5, 5), (6, 6), (7, 7), (8, 8), (9, 9), (10, 10), (11, 11), (12, 12), (13, 13), (79, 77), (14, 14), (15, 15), (16, 16), (78, 74), (17, 17), (18, 18), (19, 19), (20, 20), (21, 21), (22, 22), (23, 23), (24, 24), (25, 25), (26, 26), (27, 27), (28, 28), (29, 29), (30, 30), (31, 31), (32, 32), (77, 75), (33, 33), (34, 34), (35, 35), (36, 36), (37, 37), (38, 38), (39, 39), (40, 40), (41, 41), (76, 78), (42, 42), (43, 43), (44, 44), (45, 45), (46, 46), (47, 47), (48, 48), (49, 79), (50, 50), (51, 51), (52, 52), (53, 53), (54, 54), (55, 55), (56, 56), (57, 57), (58, 58), (75, 49), (59, 59), (60, 60), (61, 61), (62, 62), (63, 63), (64, 64), (65, 65), (66, 66), (67, 67), (68, 68), (69, 69), (70, 70), (71, 71), (74, 76), (72, 72), (73, 73)]
index list: [0, 1, 2, 3, 4, 5, 6, 7, 8, 9, 10, 11, 12, 13, 77, 14, 15, 16, 74, 17, 18, 19, 20, 21, 22, 23, 24, 25, 26, 27, 28, 29, 30, 31, 32, 75, 33, 34, 35, 36, 37, 38, 39, 40, 41, 78, 42, 43, 44, 45, 46, 47, 48, 79, 50, 51, 52, 53, 54, 55, 56, 57, 58, 49, 59, 60, 61, 62, 63, 64, 65, 66, 67, 68, 69, 70, 71, 76, 72, 73]
index list energy: 98209.82393678775
Done


iterations: 10000000 temp: 1000000.0 exponent: 0.7 eif: 300.0
time taken (sec): 858.3329169750214
number of iterations: 10000000
og index list: [(0, 9), (1, 58), (2, 69), (3, 30), (4, 40), (5, 60), (6, 21), (7, 61), (8, 47), (9, 22), (10, 31), (11, 64), (12, 37), (13, 73), (79, 0), (14, 7), (15, 42), (16, 44), (78, 79), (17, 36), (18, 45), (19, 26), (20, 41), (21, 49), (22, 54), (23, 51), (24, 57), (25, 16), (26, 17), (27, 63), (28, 50), (29, 77), (30, 46), (31, 28), (32, 12), (77, 19), (33, 68), (34, 53), (35, 13), (36, 70), (37, 35), (38, 27), (39, 25), (40, 11), (41, 78), (76, 75), (42, 29), (43, 71), (44, 18), (45, 14), (46, 62), (47, 66), (48, 32), (49, 65), (50, 67), (51, 59), (52, 15), (53, 76), (54, 24), (55, 34), (56, 6), (57, 43), (58, 48), (75, 5), (59, 20), (60, 33), (61, 72), (62, 55), (63, 2), (64, 74), (65, 52), (66, 56), (67, 39), (68, 38), (69, 4), (70, 8), (71, 23), (74, 1), (72, 10), (73, 3)]
og index list energy: 123567159.53016807
index_list: [(0, 0), (1, 1), (2, 2), (3, 3), (4, 4), (5, 5), (6, 6), (7, 7), (8, 8), (9, 9), (10, 10), (11, 11), (12, 12), (13, 13), (79, 49), (14, 14), (15, 15), (16, 16), (78, 77), (17, 17), (18, 18), (19, 19), (20, 20), (21, 21), (22, 22), (23, 23), (24, 24), (25, 25), (26, 26), (27, 27), (28, 28), (29, 29), (30, 30), (31, 31), (32, 32), (77, 74), (33, 33), (34, 34), (35, 35), (36, 36), (37, 37), (38, 38), (39, 39), (40, 40), (41, 41), (76, 75), (42, 42), (43, 43), (44, 44), (45, 45), (46, 46), (47, 47), (48, 48), (49, 78), (50, 50), (51, 51), (52, 52), (53, 53), (54, 54), (55, 55), (56, 56), (57, 57), (58, 58), (75, 79), (59, 59), (60, 60), (61, 61), (62, 62), (63, 63), (64, 64), (65, 65), (66, 66), (67, 67), (68, 68), (69, 69), (70, 70), (71, 71), (74, 76), (72, 72), (73, 73)]
index list: [0, 1, 2, 3, 4, 5, 6, 7, 8, 9, 10, 11, 12, 13, 49, 14, 15, 16, 77, 17, 18, 19, 20, 21, 22, 23, 24, 25, 26, 27, 28, 29, 30, 31, 32, 74, 33, 34, 35, 36, 37, 38, 39, 40, 41, 75, 42, 43, 44, 45, 46, 47, 48, 78, 50, 51, 52, 53, 54, 55, 56, 57, 58, 79, 59, 60, 61, 62, 63, 64, 65, 66, 67, 68, 69, 70, 71, 76, 72, 73]
index list energy: 98209.82393678775
Done


iterations: 10000000 temp: 1000000.0 exponent: 0.7 eif: 300.0
time taken (sec): 859.2872710227966
number of iterations: 10000000
og index list: [(0, 37), (1, 61), (2, 69), (3, 2), (4, 45), (5, 64), (6, 51), (7, 14), (8, 70), (9, 11), (10, 73), (11, 40), (12, 43), (13, 72), (79, 57), (14, 20), (15, 22), (16, 76), (78, 48), (17, 77), (18, 10), (19, 8), (20, 66), (21, 3), (22, 47), (23, 6), (24, 0), (25, 1), (26, 50), (27, 34), (28, 56), (29, 29), (30, 71), (31, 25), (32, 31), (77, 5), (33, 52), (34, 63), (35, 68), (36, 74), (37, 19), (38, 12), (39, 55), (40, 75), (41, 18), (76, 42), (42, 79), (43, 28), (44, 7), (45, 46), (46, 33), (47, 44), (48, 16), (49, 26), (50, 59), (51, 60), (52, 36), (53, 65), (54, 39), (55, 35), (56, 30), (57, 41), (58, 4), (75, 17), (59, 54), (60, 49), (61, 15), (62, 32), (63, 21), (64, 38), (65, 24), (66, 58), (67, 9), (68, 67), (69, 53), (70, 78), (71, 13), (74, 27), (72, 62), (73, 23)]
og index list energy: 116541348.14790511
index_list: [(0, 0), (1, 1), (2, 2), (3, 3), (4, 4), (5, 5), (6, 6), (7, 7), (8, 8), (9, 9), (10, 10), (11, 11), (12, 12), (13, 13), (79, 78), (14, 14), (15, 15), (16, 16), (78, 75), (17, 17), (18, 18), (19, 19), (20, 20), (21, 21), (22, 22), (23, 23), (24, 24), (25, 25), (26, 26), (27, 27), (28, 28), (29, 29), (30, 30), (31, 31), (32, 32), (77, 79), (33, 33), (34, 34), (35, 35), (36, 36), (37, 37), (38, 38), (39, 39), (40, 40), (41, 41), (76, 74), (42, 42), (43, 43), (44, 44), (45, 45), (46, 46), (47, 47), (48, 48), (49, 76), (50, 50), (51, 51), (52, 52), (53, 53), (54, 54), (55, 55), (56, 56), (57, 57), (58, 58), (75, 77), (59, 59), (60, 60), (61, 61), (62, 62), (63, 63), (64, 64), (65, 65), (66, 66), (67, 67), (68, 68), (69, 69), (70, 70), (71, 71), (74, 49), (72, 72), (73, 73)]
index list: [0, 1, 2, 3, 4, 5, 6, 7, 8, 9, 10, 11, 12, 13, 78, 14, 15, 16, 75, 17, 18, 19, 20, 21, 22, 23, 24, 25, 26, 27, 28, 29, 30, 31, 32, 79, 33, 34, 35, 36, 37, 38, 39, 40, 41, 74, 42, 43, 44, 45, 46, 47, 48, 76, 50, 51, 52, 53, 54, 55, 56, 57, 58, 77, 59, 60, 61, 62, 63, 64, 65, 66, 67, 68, 69, 70, 71, 49, 72, 73]
index list energy: 98209.82393678775
Done


iterations: 10000000 temp: 1000000.0 exponent: 0.7 eif: 300.0
time taken (sec): 836.2967200279236
number of iterations: 10000000
og index list: [(0, 51), (1, 44), (2, 50), (3, 59), (4, 22), (5, 20), (6, 1), (7, 62), (8, 60), (9, 49), (10, 54), (11, 6), (12, 52), (13, 79), (79, 21), (14, 37), (15, 63), (16, 73), (78, 7), (17, 17), (18, 18), (19, 27), (20, 32), (21, 55), (22, 29), (23, 16), (24, 58), (25, 67), (26, 70), (27, 12), (28, 64), (29, 75), (30, 23), (31, 14), (32, 30), (77, 25), (33, 0), (34, 68), (35, 38), (36, 40), (37, 45), (38, 65), (39, 48), (40, 76), (41, 47), (76, 74), (42, 34), (43, 19), (44, 11), (45, 3), (46, 72), (47, 69), (48, 77), (49, 43), (50, 46), (51, 33), (52, 61), (53, 2), (54, 53), (55, 42), (56, 8), (57, 66), (58, 57), (75, 36), (59, 31), (60, 9), (61, 13), (62, 39), (63, 10), (64, 26), (65, 35), (66, 4), (67, 28), (68, 71), (69, 15), (70, 5), (71, 41), (74, 56), (72, 24), (73, 78)]
og index list energy: 101883829.9716998
index_list: [(0, 72), (1, 1), (2, 2), (3, 3), (4, 4), (5, 5), (6, 6), (7, 7), (8, 8), (9, 9), (10, 10), (11, 11), (12, 12), (13, 13), (79, 78), (14, 14), (15, 15), (16, 79), (78, 42), (17, 17), (18, 18), (19, 19), (20, 20), (21, 21), (22, 22), (23, 23), (24, 24), (25, 25), (26, 26), (27, 27), (28, 28), (29, 29), (30, 30), (31, 31), (32, 32), (77, 75), (33, 33), (34, 34), (35, 35), (36, 36), (37, 37), (38, 38), (39, 39), (40, 40), (41, 41), (76, 0), (42, 73), (43, 74), (44, 44), (45, 45), (46, 46), (47, 47), (48, 48), (49, 76), (50, 50), (51, 51), (52, 52), (53, 53), (54, 54), (55, 55), (56, 56), (57, 57), (58, 58), (75, 49), (59, 59), (60, 60), (61, 61), (62, 62), (63, 63), (64, 64), (65, 65), (66, 66), (67, 67), (68, 68), (69, 69), (70, 70), (71, 71), (74, 77), (72, 43), (73, 16)]
index list: [72, 1, 2, 3, 4, 5, 6, 7, 8, 9, 10, 11, 12, 13, 78, 14, 15, 79, 42, 17, 18, 19, 20, 21, 22, 23, 24, 25, 26, 27, 28, 29, 30, 31, 32, 75, 33, 34, 35, 36, 37, 38, 39, 40, 41, 0, 73, 74, 44, 45, 46, 47, 48, 76, 50, 51, 52, 53, 54, 55, 56, 57, 58, 49, 59, 60, 61, 62, 63, 64, 65, 66, 67, 68, 69, 70, 71, 77, 43, 16]
index list energy: 135218.65036409578
Done


iterations: 10000000 temp: 1000000.0 exponent: 0.7 eif: 300.0
time taken (sec): 856.9979031085968
number of iterations: 10000000
og index list: [(0, 57), (1, 15), (2, 68), (3, 50), (4, 76), (5, 33), (6, 31), (7, 13), (8, 53), (9, 45), (10, 71), (11, 69), (12, 3), (13, 37), (79, 47), (14, 49), (15, 59), (16, 32), (78, 20), (17, 75), (18, 35), (19, 63), (20, 14), (21, 0), (22, 22), (23, 5), (24, 2), (25, 70), (26, 54), (27, 67), (28, 66), (29, 60), (30, 58), (31, 46), (32, 36), (77, 78), (33, 1), (34, 73), (35, 25), (36, 77), (37, 64), (38, 29), (39, 28), (40, 21), (41, 62), (76, 26), (42, 12), (43, 19), (44, 39), (45, 48), (46, 38), (47, 61), (48, 10), (49, 4), (50, 7), (51, 65), (52, 30), (53, 79), (54, 72), (55, 34), (56, 6), (57, 16), (58, 42), (75, 9), (59, 8), (60, 74), (61, 18), (62, 40), (63, 17), (64, 44), (65, 41), (66, 24), (67, 52), (68, 27), (69, 56), (70, 23), (71, 11), (74, 55), (72, 51), (73, 43)]
og index list energy: 96500096.19204725
index_list: [(0, 0), (1, 1), (2, 2), (3, 3), (4, 4), (5, 5), (6, 6), (7, 7), (8, 8), (9, 9), (10, 10), (11, 11), (12, 12), (13, 13), (79, 76), (14, 14), (15, 15), (16, 16), (78, 49), (17, 17), (18, 18), (19, 19), (20, 20), (21, 21), (22, 22), (23, 23), (24, 24), (25, 25), (26, 26), (27, 27), (28, 28), (29, 29), (30, 30), (31, 31), (32, 32), (77, 78), (33, 33), (34, 34), (35, 35), (36, 36), (37, 37), (38, 38), (39, 39), (40, 40), (41, 41), (76, 75), (42, 42), (43, 43), (44, 44), (45, 45), (46, 46), (47, 47), (48, 48), (49, 77), (50, 50), (51, 51), (52, 52), (53, 53), (54, 54), (55, 55), (56, 56), (57, 57), (58, 58), (75, 74), (59, 59), (60, 60), (61, 61), (62, 62), (63, 63), (64, 64), (65, 65), (66, 66), (67, 67), (68, 68), (69, 69), (70, 70), (71, 71), (74, 79), (72, 72), (73, 73)]
index list: [0, 1, 2, 3, 4, 5, 6, 7, 8, 9, 10, 11, 12, 13, 76, 14, 15, 16, 49, 17, 18, 19, 20, 21, 22, 23, 24, 25, 26, 27, 28, 29, 30, 31, 32, 78, 33, 34, 35, 36, 37, 38, 39, 40, 41, 75, 42, 43, 44, 45, 46, 47, 48, 77, 50, 51, 52, 53, 54, 55, 56, 57, 58, 74, 59, 60, 61, 62, 63, 64, 65, 66, 67, 68, 69, 70, 71, 79, 72, 73]
index list energy: 98209.82393678775
Done


iterations: 10000000 temp: 1000000.0 exponent: 0.7 eif: 300.0
time taken (sec): 567.6708102226257
number of iterations: 7500972
og index list: [(0, 34), (1, 36), (2, 46), (3, 25), (4, 26), (5, 11), (6, 45), (7, 37), (8, 40), (9, 16), (10, 65), (11, 21), (12, 44), (13, 61), (79, 23), (14, 41), (15, 47), (16, 12), (78, 6), (17, 68), (18, 76), (19, 63), (20, 13), (21, 57), (22, 19), (23, 20), (24, 5), (25, 31), (26, 10), (27, 62), (28, 55), (29, 59), (30, 71), (31, 73), (32, 39), (77, 64), (33, 69), (34, 8), (35, 18), (36, 7), (37, 22), (38, 30), (39, 4), (40, 35), (41, 74), (76, 49), (42, 58), (43, 32), (44, 1), (45, 70), (46, 0), (47, 28), (48, 17), (49, 66), (50, 75), (51, 78), (52, 33), (53, 79), (54, 14), (55, 53), (56, 60), (57, 29), (58, 9), (75, 48), (59, 43), (60, 50), (61, 15), (62, 42), (63, 51), (64, 24), (65, 77), (66, 27), (67, 52), (68, 72), (69, 56), (70, 54), (71, 2), (74, 38), (72, 3), (73, 67)]
og index list energy: 85660971.07601632
index_list: [(0, 72), (1, 1), (2, 2), (3, 3), (4, 4), (5, 5), (6, 6), (7, 7), (8, 8), (9, 9), (10, 10), (11, 11), (12, 12), (13, 13), (79, 16), (14, 77), (15, 73), (16, 79), (78, 42), (17, 17), (18, 18), (19, 19), (20, 20), (21, 21), (22, 22), (23, 23), (24, 24), (25, 25), (26, 26), (27, 27), (28, 28), (29, 29), (30, 30), (31, 31), (32, 32), (77, 78), (33, 33), (34, 34), (35, 35), (36, 36), (37, 37), (38, 38), (39, 39), (40, 40), (41, 41), (76, 0), (42, 76), (43, 43), (44, 44), (45, 45), (46, 46), (47, 47), (48, 48), (49, 74), (50, 50), (51, 51), (52, 52), (53, 53), (54, 54), (55, 55), (56, 56), (57, 57), (58, 58), (75, 49), (59, 59), (60, 60), (61, 61), (62, 62), (63, 63), (64, 64), (65, 65), (66, 66), (67, 67), (68, 68), (69, 69), (70, 70), (71, 71), (74, 75), (72, 14), (73, 15)]
index list: [72, 1, 2, 3, 4, 5, 6, 7, 8, 9, 10, 11, 12, 13, 16, 77, 73, 79, 42, 17, 18, 19, 20, 21, 22, 23, 24, 25, 26, 27, 28, 29, 30, 31, 32, 78, 33, 34, 35, 36, 37, 38, 39, 40, 41, 0, 76, 43, 44, 45, 46, 47, 48, 74, 50, 51, 52, 53, 54, 55, 56, 57, 58, 49, 59, 60, 61, 62, 63, 64, 65, 66, 67, 68, 69, 70, 71, 75, 14, 15]
index list energy: 143391.352114717
Done


