## SLURM PROLOG ###############################################################
##    Job ID : 2089320
##  Job Name : HNCOCACB_50
##  Nodelist : node1161
##      CPUs : 1
##  Mem/Node : 1024 MB
## Directory : /gpfs/data/nfawzi/skale/Fawzi_pycharm_project
##   Started : Fri Jan 18 23:42:47 EST 2019
###############################################################################
iterations: 10000000 temp: 1000000.0 exponent: 0.7 eif: 300.0
time taken (sec): 874.9553725719452
number of iterations: 10000000
og index list: [(0, 6), (1, 14), (2, 48), (3, 17), (4, 19), (5, 41), (6, 39), (7, 8), (8, 70), (9, 7), (10, 67), (11, 50), (12, 74), (13, 66), (79, 46), (14, 57), (15, 32), (16, 25), (78, 55), (17, 54), (18, 71), (19, 22), (20, 53), (21, 61), (22, 21), (23, 4), (24, 75), (25, 73), (26, 11), (27, 36), (28, 78), (29, 10), (30, 60), (31, 52), (32, 13), (77, 0), (33, 51), (34, 44), (35, 76), (36, 5), (37, 43), (38, 47), (39, 16), (40, 77), (41, 40), (76, 9), (42, 20), (43, 2), (44, 64), (45, 62), (46, 63), (47, 33), (48, 30), (49, 15), (50, 29), (51, 24), (52, 23), (53, 18), (54, 38), (55, 65), (56, 3), (57, 31), (58, 58), (75, 68), (59, 56), (60, 42), (61, 26), (62, 12), (63, 59), (64, 79), (65, 72), (66, 45), (67, 69), (68, 27), (69, 49), (70, 37), (71, 1), (74, 35), (72, 34), (73, 28)]
og index list energy: 125119151.0738132
index_list: [(0, 5), (1, 9), (2, 10), (3, 11), (4, 12), (5, 13), (6, 6), (7, 7), (8, 8), (9, 79), (10, 17), (11, 18), (12, 41), (13, 71), (79, 75), (14, 14), (15, 15), (16, 16), (78, 0), (17, 1), (18, 2), (19, 19), (20, 20), (21, 21), (22, 22), (23, 23), (24, 24), (25, 25), (26, 26), (27, 27), (28, 28), (29, 29), (30, 30), (31, 31), (32, 32), (77, 76), (33, 33), (34, 34), (35, 35), (36, 36), (37, 37), (38, 38), (39, 39), (40, 40), (41, 3), (76, 78), (42, 42), (43, 43), (44, 44), (45, 45), (46, 46), (47, 47), (48, 48), (49, 49), (50, 50), (51, 51), (52, 52), (53, 53), (54, 54), (55, 55), (56, 56), (57, 57), (58, 58), (75, 74), (59, 59), (60, 60), (61, 61), (62, 62), (63, 63), (64, 64), (65, 65), (66, 66), (67, 67), (68, 77), (69, 72), (70, 73), (71, 4), (74, 68), (72, 69), (73, 70)]
index list: [5, 9, 10, 11, 12, 13, 6, 7, 8, 79, 17, 18, 41, 71, 75, 14, 15, 16, 0, 1, 2, 19, 20, 21, 22, 23, 24, 25, 26, 27, 28, 29, 30, 31, 32, 76, 33, 34, 35, 36, 37, 38, 39, 40, 3, 78, 42, 43, 44, 45, 46, 47, 48, 49, 50, 51, 52, 53, 54, 55, 56, 57, 58, 74, 59, 60, 61, 62, 63, 64, 65, 66, 67, 77, 72, 73, 4, 68, 69, 70]
index list energy: 276875.45969574293
Done


iterations: 10000000 temp: 1000000.0 exponent: 0.7 eif: 300.0
time taken (sec): 1005.2842457294464
number of iterations: 10000000
og index list: [(0, 1), (1, 19), (2, 53), (3, 60), (4, 28), (5, 16), (6, 63), (7, 23), (8, 76), (9, 41), (10, 61), (11, 77), (12, 69), (13, 44), (79, 46), (14, 4), (15, 24), (16, 25), (78, 7), (17, 3), (18, 52), (19, 38), (20, 50), (21, 71), (22, 14), (23, 13), (24, 34), (25, 65), (26, 20), (27, 27), (28, 49), (29, 42), (30, 17), (31, 54), (32, 11), (77, 72), (33, 35), (34, 40), (35, 6), (36, 62), (37, 29), (38, 47), (39, 79), (40, 31), (41, 18), (76, 68), (42, 5), (43, 2), (44, 36), (45, 64), (46, 75), (47, 66), (48, 15), (49, 56), (50, 26), (51, 9), (52, 22), (53, 57), (54, 51), (55, 73), (56, 70), (57, 55), (58, 0), (75, 67), (59, 30), (60, 43), (61, 78), (62, 48), (63, 58), (64, 37), (65, 32), (66, 21), (67, 33), (68, 39), (69, 12), (70, 45), (71, 74), (74, 59), (72, 8), (73, 10)]
og index list energy: 121838089.1826635
index_list: [(0, 0), (1, 1), (2, 2), (3, 3), (4, 4), (5, 5), (6, 6), (7, 7), (8, 8), (9, 9), (10, 10), (11, 11), (12, 12), (13, 13), (79, 78), (14, 14), (15, 15), (16, 16), (78, 49), (17, 17), (18, 18), (19, 19), (20, 20), (21, 21), (22, 22), (23, 23), (24, 24), (25, 25), (26, 26), (27, 27), (28, 28), (29, 29), (30, 30), (31, 31), (32, 32), (77, 76), (33, 33), (34, 34), (35, 35), (36, 36), (37, 37), (38, 38), (39, 39), (40, 40), (41, 41), (76, 74), (42, 42), (43, 43), (44, 44), (45, 45), (46, 46), (47, 47), (48, 48), (49, 77), (50, 50), (51, 51), (52, 52), (53, 53), (54, 54), (55, 55), (56, 56), (57, 57), (58, 58), (75, 75), (59, 59), (60, 60), (61, 61), (62, 62), (63, 63), (64, 64), (65, 65), (66, 66), (67, 67), (68, 68), (69, 69), (70, 70), (71, 71), (74, 79), (72, 72), (73, 73)]
index list: [0, 1, 2, 3, 4, 5, 6, 7, 8, 9, 10, 11, 12, 13, 78, 14, 15, 16, 49, 17, 18, 19, 20, 21, 22, 23, 24, 25, 26, 27, 28, 29, 30, 31, 32, 76, 33, 34, 35, 36, 37, 38, 39, 40, 41, 74, 42, 43, 44, 45, 46, 47, 48, 77, 50, 51, 52, 53, 54, 55, 56, 57, 58, 75, 59, 60, 61, 62, 63, 64, 65, 66, 67, 68, 69, 70, 71, 79, 72, 73]
index list energy: 98209.82393678775
Done


iterations: 10000000 temp: 1000000.0 exponent: 0.7 eif: 300.0
time taken (sec): 951.7202231884003
number of iterations: 10000000
og index list: [(0, 65), (1, 64), (2, 3), (3, 51), (4, 44), (5, 45), (6, 53), (7, 0), (8, 73), (9, 74), (10, 38), (11, 68), (12, 70), (13, 6), (79, 17), (14, 11), (15, 63), (16, 2), (78, 66), (17, 40), (18, 30), (19, 25), (20, 39), (21, 48), (22, 24), (23, 78), (24, 1), (25, 55), (26, 54), (27, 16), (28, 50), (29, 52), (30, 8), (31, 56), (32, 5), (77, 18), (33, 75), (34, 58), (35, 72), (36, 14), (37, 47), (38, 22), (39, 12), (40, 60), (41, 77), (76, 59), (42, 69), (43, 20), (44, 67), (45, 57), (46, 7), (47, 23), (48, 31), (49, 15), (50, 79), (51, 32), (52, 33), (53, 34), (54, 62), (55, 76), (56, 46), (57, 41), (58, 10), (75, 21), (59, 9), (60, 29), (61, 36), (62, 26), (63, 42), (64, 13), (65, 71), (66, 35), (67, 4), (68, 43), (69, 28), (70, 27), (71, 49), (74, 19), (72, 61), (73, 37)]
og index list energy: 110229633.97078332
index_list: [(0, 0), (1, 1), (2, 2), (3, 3), (4, 4), (5, 5), (6, 6), (7, 7), (8, 8), (9, 9), (10, 10), (11, 11), (12, 12), (13, 13), (79, 78), (14, 14), (15, 15), (16, 16), (78, 49), (17, 17), (18, 18), (19, 19), (20, 20), (21, 21), (22, 22), (23, 23), (24, 24), (25, 25), (26, 26), (27, 27), (28, 28), (29, 29), (30, 30), (31, 31), (32, 32), (77, 74), (33, 33), (34, 34), (35, 35), (36, 36), (37, 37), (38, 38), (39, 39), (40, 40), (41, 41), (76, 71), (42, 77), (43, 43), (44, 44), (45, 45), (46, 46), (47, 47), (48, 48), (49, 76), (50, 50), (51, 51), (52, 52), (53, 53), (54, 54), (55, 55), (56, 56), (57, 57), (58, 58), (75, 79), (59, 59), (60, 60), (61, 61), (62, 62), (63, 63), (64, 64), (65, 65), (66, 66), (67, 67), (68, 68), (69, 69), (70, 70), (71, 75), (74, 42), (72, 72), (73, 73)]
index list: [0, 1, 2, 3, 4, 5, 6, 7, 8, 9, 10, 11, 12, 13, 78, 14, 15, 16, 49, 17, 18, 19, 20, 21, 22, 23, 24, 25, 26, 27, 28, 29, 30, 31, 32, 74, 33, 34, 35, 36, 37, 38, 39, 40, 41, 71, 77, 43, 44, 45, 46, 47, 48, 76, 50, 51, 52, 53, 54, 55, 56, 57, 58, 79, 59, 60, 61, 62, 63, 64, 65, 66, 67, 68, 69, 70, 75, 42, 72, 73]
index list energy: 108070.45780373304
Done


iterations: 10000000 temp: 1000000.0 exponent: 0.7 eif: 300.0
time taken (sec): 970.691974401474
number of iterations: 10000000
og index list: [(0, 34), (1, 24), (2, 70), (3, 58), (4, 16), (5, 6), (6, 11), (7, 67), (8, 30), (9, 28), (10, 61), (11, 23), (12, 42), (13, 63), (79, 40), (14, 37), (15, 41), (16, 21), (78, 71), (17, 26), (18, 12), (19, 47), (20, 38), (21, 4), (22, 72), (23, 52), (24, 3), (25, 1), (26, 27), (27, 64), (28, 29), (29, 22), (30, 55), (31, 62), (32, 39), (77, 17), (33, 73), (34, 20), (35, 75), (36, 49), (37, 74), (38, 14), (39, 19), (40, 60), (41, 56), (76, 8), (42, 69), (43, 77), (44, 13), (45, 79), (46, 76), (47, 33), (48, 66), (49, 15), (50, 45), (51, 2), (52, 36), (53, 9), (54, 59), (55, 35), (56, 31), (57, 32), (58, 7), (75, 10), (59, 78), (60, 44), (61, 43), (62, 5), (63, 50), (64, 51), (65, 0), (66, 65), (67, 54), (68, 18), (69, 48), (70, 46), (71, 68), (74, 25), (72, 53), (73, 57)]
og index list energy: 103580507.58879732
index_list: [(0, 0), (1, 1), (2, 2), (3, 3), (4, 4), (5, 5), (6, 6), (7, 7), (8, 8), (9, 9), (10, 10), (11, 11), (12, 12), (13, 13), (79, 79), (14, 14), (15, 15), (16, 16), (78, 75), (17, 17), (18, 18), (19, 19), (20, 20), (21, 21), (22, 22), (23, 23), (24, 24), (25, 25), (26, 26), (27, 27), (28, 28), (29, 29), (30, 30), (31, 31), (32, 32), (77, 49), (33, 33), (34, 34), (35, 35), (36, 36), (37, 37), (38, 38), (39, 39), (40, 40), (41, 41), (76, 74), (42, 42), (43, 43), (44, 44), (45, 45), (46, 46), (47, 47), (48, 48), (49, 76), (50, 50), (51, 51), (52, 52), (53, 53), (54, 54), (55, 55), (56, 56), (57, 57), (58, 58), (75, 77), (59, 59), (60, 60), (61, 61), (62, 62), (63, 63), (64, 64), (65, 65), (66, 66), (67, 67), (68, 68), (69, 69), (70, 70), (71, 71), (74, 78), (72, 72), (73, 73)]
index list: [0, 1, 2, 3, 4, 5, 6, 7, 8, 9, 10, 11, 12, 13, 79, 14, 15, 16, 75, 17, 18, 19, 20, 21, 22, 23, 24, 25, 26, 27, 28, 29, 30, 31, 32, 49, 33, 34, 35, 36, 37, 38, 39, 40, 41, 74, 42, 43, 44, 45, 46, 47, 48, 76, 50, 51, 52, 53, 54, 55, 56, 57, 58, 77, 59, 60, 61, 62, 63, 64, 65, 66, 67, 68, 69, 70, 71, 78, 72, 73]
index list energy: 98209.82393678775
Done


iterations: 10000000 temp: 1000000.0 exponent: 0.7 eif: 300.0
time taken (sec): 942.7270708084106
number of iterations: 10000000
og index list: [(0, 1), (1, 71), (2, 58), (3, 69), (4, 56), (5, 17), (6, 64), (7, 4), (8, 35), (9, 57), (10, 72), (11, 55), (12, 44), (13, 11), (79, 31), (14, 38), (15, 50), (16, 49), (78, 33), (17, 43), (18, 66), (19, 0), (20, 8), (21, 63), (22, 3), (23, 20), (24, 75), (25, 65), (26, 61), (27, 29), (28, 22), (29, 45), (30, 52), (31, 76), (32, 32), (77, 73), (33, 16), (34, 42), (35, 39), (36, 78), (37, 21), (38, 18), (39, 34), (40, 62), (41, 46), (76, 9), (42, 13), (43, 37), (44, 51), (45, 47), (46, 41), (47, 15), (48, 40), (49, 24), (50, 54), (51, 77), (52, 27), (53, 59), (54, 14), (55, 60), (56, 6), (57, 48), (58, 19), (75, 79), (59, 67), (60, 5), (61, 30), (62, 26), (63, 12), (64, 70), (65, 68), (66, 23), (67, 28), (68, 10), (69, 53), (70, 7), (71, 25), (74, 36), (72, 2), (73, 74)]
og index list energy: 114908398.81100127
index_list: [(0, 72), (1, 1), (2, 2), (3, 3), (4, 4), (5, 5), (6, 6), (7, 7), (8, 8), (9, 9), (10, 10), (11, 11), (12, 76), (13, 43), (79, 44), (14, 45), (15, 16), (16, 75), (78, 42), (17, 17), (18, 18), (19, 19), (20, 20), (21, 21), (22, 22), (23, 23), (24, 24), (25, 25), (26, 26), (27, 27), (28, 28), (29, 29), (30, 30), (31, 31), (32, 32), (77, 49), (33, 33), (34, 34), (35, 35), (36, 36), (37, 37), (38, 38), (39, 39), (40, 40), (41, 41), (76, 0), (42, 73), (43, 74), (44, 12), (45, 13), (46, 46), (47, 47), (48, 48), (49, 79), (50, 50), (51, 51), (52, 52), (53, 53), (54, 54), (55, 55), (56, 56), (57, 57), (58, 58), (75, 78), (59, 59), (60, 60), (61, 61), (62, 62), (63, 63), (64, 64), (65, 65), (66, 66), (67, 67), (68, 68), (69, 69), (70, 70), (71, 71), (74, 77), (72, 14), (73, 15)]
index list: [72, 1, 2, 3, 4, 5, 6, 7, 8, 9, 10, 11, 76, 43, 44, 45, 16, 75, 42, 17, 18, 19, 20, 21, 22, 23, 24, 25, 26, 27, 28, 29, 30, 31, 32, 49, 33, 34, 35, 36, 37, 38, 39, 40, 41, 0, 73, 74, 12, 13, 46, 47, 48, 79, 50, 51, 52, 53, 54, 55, 56, 57, 58, 78, 59, 60, 61, 62, 63, 64, 65, 66, 67, 68, 69, 70, 71, 77, 14, 15]
index list energy: 170652.65891712217
Done


iterations: 10000000 temp: 1000000.0 exponent: 0.7 eif: 300.0
time taken (sec): 966.8200528621674
number of iterations: 10000000
og index list: [(0, 36), (1, 22), (2, 9), (3, 58), (4, 24), (5, 39), (6, 55), (7, 68), (8, 73), (9, 35), (10, 49), (11, 59), (12, 67), (13, 14), (79, 27), (14, 5), (15, 16), (16, 2), (78, 38), (17, 12), (18, 64), (19, 13), (20, 57), (21, 26), (22, 53), (23, 40), (24, 6), (25, 70), (26, 71), (27, 62), (28, 74), (29, 78), (30, 42), (31, 3), (32, 69), (77, 23), (33, 19), (34, 41), (35, 46), (36, 30), (37, 54), (38, 21), (39, 1), (40, 79), (41, 65), (76, 4), (42, 15), (43, 18), (44, 60), (45, 17), (46, 48), (47, 45), (48, 44), (49, 47), (50, 61), (51, 66), (52, 33), (53, 32), (54, 51), (55, 0), (56, 8), (57, 31), (58, 10), (75, 20), (59, 52), (60, 63), (61, 37), (62, 7), (63, 25), (64, 29), (65, 56), (66, 75), (67, 50), (68, 28), (69, 34), (70, 77), (71, 72), (74, 11), (72, 76), (73, 43)]
og index list energy: 119325875.57005566
index_list: [(0, 0), (1, 1), (2, 2), (3, 3), (4, 4), (5, 5), (6, 6), (7, 7), (8, 8), (9, 9), (10, 10), (11, 11), (12, 12), (13, 13), (79, 75), (14, 14), (15, 15), (16, 16), (78, 76), (17, 17), (18, 18), (19, 19), (20, 20), (21, 21), (22, 22), (23, 23), (24, 24), (25, 25), (26, 26), (27, 27), (28, 28), (29, 29), (30, 30), (31, 31), (32, 32), (77, 77), (33, 33), (34, 34), (35, 35), (36, 36), (37, 37), (38, 38), (39, 39), (40, 40), (41, 41), (76, 49), (42, 42), (43, 43), (44, 44), (45, 45), (46, 46), (47, 47), (48, 48), (49, 78), (50, 50), (51, 51), (52, 52), (53, 53), (54, 54), (55, 55), (56, 56), (57, 57), (58, 58), (75, 74), (59, 59), (60, 60), (61, 61), (62, 62), (63, 63), (64, 64), (65, 65), (66, 66), (67, 67), (68, 68), (69, 69), (70, 70), (71, 71), (74, 79), (72, 72), (73, 73)]
index list: [0, 1, 2, 3, 4, 5, 6, 7, 8, 9, 10, 11, 12, 13, 75, 14, 15, 16, 76, 17, 18, 19, 20, 21, 22, 23, 24, 25, 26, 27, 28, 29, 30, 31, 32, 77, 33, 34, 35, 36, 37, 38, 39, 40, 41, 49, 42, 43, 44, 45, 46, 47, 48, 78, 50, 51, 52, 53, 54, 55, 56, 57, 58, 74, 59, 60, 61, 62, 63, 64, 65, 66, 67, 68, 69, 70, 71, 79, 72, 73]
index list energy: 98209.82393678775
Done


iterations: 10000000 temp: 1000000.0 exponent: 0.7 eif: 300.0
time taken (sec): 976.9940841197968
number of iterations: 10000000
og index list: [(0, 0), (1, 60), (2, 37), (3, 13), (4, 27), (5, 41), (6, 14), (7, 71), (8, 19), (9, 55), (10, 64), (11, 68), (12, 11), (13, 70), (79, 1), (14, 15), (15, 39), (16, 65), (78, 52), (17, 4), (18, 46), (19, 79), (20, 73), (21, 29), (22, 51), (23, 35), (24, 43), (25, 30), (26, 10), (27, 66), (28, 5), (29, 36), (30, 57), (31, 3), (32, 72), (77, 62), (33, 12), (34, 33), (35, 56), (36, 69), (37, 20), (38, 23), (39, 54), (40, 34), (41, 44), (76, 59), (42, 24), (43, 32), (44, 49), (45, 75), (46, 58), (47, 16), (48, 31), (49, 38), (50, 78), (51, 67), (52, 7), (53, 45), (54, 25), (55, 9), (56, 42), (57, 47), (58, 50), (75, 53), (59, 48), (60, 22), (61, 28), (62, 17), (63, 8), (64, 74), (65, 76), (66, 18), (67, 77), (68, 6), (69, 26), (70, 21), (71, 40), (74, 63), (72, 2), (73, 61)]
og index list energy: 102314333.26187395
index_list: [(0, 0), (1, 1), (2, 2), (3, 3), (4, 4), (5, 5), (6, 6), (7, 7), (8, 8), (9, 9), (10, 10), (11, 11), (12, 12), (13, 13), (79, 79), (14, 14), (15, 15), (16, 16), (78, 49), (17, 17), (18, 18), (19, 19), (20, 20), (21, 21), (22, 22), (23, 23), (24, 24), (25, 25), (26, 26), (27, 27), (28, 28), (29, 29), (30, 30), (31, 31), (32, 32), (77, 78), (33, 33), (34, 34), (35, 35), (36, 36), (37, 37), (38, 38), (39, 39), (40, 40), (41, 41), (76, 75), (42, 42), (43, 43), (44, 44), (45, 45), (46, 46), (47, 47), (48, 48), (49, 77), (50, 50), (51, 51), (52, 52), (53, 53), (54, 54), (55, 55), (56, 56), (57, 57), (58, 58), (75, 74), (59, 59), (60, 60), (61, 61), (62, 62), (63, 63), (64, 64), (65, 65), (66, 66), (67, 67), (68, 68), (69, 69), (70, 70), (71, 71), (74, 76), (72, 72), (73, 73)]
index list: [0, 1, 2, 3, 4, 5, 6, 7, 8, 9, 10, 11, 12, 13, 79, 14, 15, 16, 49, 17, 18, 19, 20, 21, 22, 23, 24, 25, 26, 27, 28, 29, 30, 31, 32, 78, 33, 34, 35, 36, 37, 38, 39, 40, 41, 75, 42, 43, 44, 45, 46, 47, 48, 77, 50, 51, 52, 53, 54, 55, 56, 57, 58, 74, 59, 60, 61, 62, 63, 64, 65, 66, 67, 68, 69, 70, 71, 76, 72, 73]
index list energy: 98209.82393678775
Done


iterations: 10000000 temp: 1000000.0 exponent: 0.7 eif: 300.0
time taken (sec): 974.17711186409
number of iterations: 10000000
og index list: [(0, 17), (1, 33), (2, 1), (3, 59), (4, 75), (5, 49), (6, 71), (7, 45), (8, 51), (9, 37), (10, 41), (11, 43), (12, 11), (13, 18), (79, 78), (14, 47), (15, 4), (16, 8), (78, 65), (17, 61), (18, 20), (19, 7), (20, 60), (21, 63), (22, 64), (23, 24), (24, 58), (25, 39), (26, 36), (27, 70), (28, 9), (29, 72), (30, 42), (31, 69), (32, 6), (77, 3), (33, 21), (34, 57), (35, 38), (36, 62), (37, 2), (38, 26), (39, 31), (40, 10), (41, 14), (76, 28), (42, 29), (43, 35), (44, 30), (45, 55), (46, 73), (47, 50), (48, 0), (49, 34), (50, 13), (51, 68), (52, 56), (53, 79), (54, 19), (55, 54), (56, 25), (57, 52), (58, 5), (75, 22), (59, 40), (60, 46), (61, 23), (62, 27), (63, 76), (64, 53), (65, 32), (66, 44), (67, 67), (68, 77), (69, 66), (70, 15), (71, 74), (74, 16), (72, 48), (73, 12)]
og index list energy: 137554114.65301934
index_list: [(0, 0), (1, 1), (2, 2), (3, 3), (4, 4), (5, 5), (6, 6), (7, 7), (8, 8), (9, 9), (10, 10), (11, 11), (12, 12), (13, 13), (79, 78), (14, 14), (15, 15), (16, 16), (78, 77), (17, 17), (18, 18), (19, 19), (20, 20), (21, 21), (22, 22), (23, 23), (24, 24), (25, 25), (26, 26), (27, 27), (28, 28), (29, 29), (30, 30), (31, 31), (32, 32), (77, 74), (33, 33), (34, 34), (35, 35), (36, 36), (37, 37), (38, 38), (39, 39), (40, 40), (41, 41), (76, 75), (42, 42), (43, 43), (44, 44), (45, 45), (46, 46), (47, 47), (48, 48), (49, 49), (50, 50), (51, 51), (52, 52), (53, 53), (54, 54), (55, 55), (56, 56), (57, 57), (58, 58), (75, 76), (59, 59), (60, 60), (61, 61), (62, 62), (63, 63), (64, 64), (65, 65), (66, 66), (67, 67), (68, 68), (69, 69), (70, 70), (71, 71), (74, 79), (72, 72), (73, 73)]
index list: [0, 1, 2, 3, 4, 5, 6, 7, 8, 9, 10, 11, 12, 13, 78, 14, 15, 16, 77, 17, 18, 19, 20, 21, 22, 23, 24, 25, 26, 27, 28, 29, 30, 31, 32, 74, 33, 34, 35, 36, 37, 38, 39, 40, 41, 75, 42, 43, 44, 45, 46, 47, 48, 49, 50, 51, 52, 53, 54, 55, 56, 57, 58, 76, 59, 60, 61, 62, 63, 64, 65, 66, 67, 68, 69, 70, 71, 79, 72, 73]
index list energy: 97911.32412903158
Done


iterations: 10000000 temp: 1000000.0 exponent: 0.7 eif: 300.0
time taken (sec): 895.7106165885925
number of iterations: 10000000
og index list: [(0, 5), (1, 36), (2, 56), (3, 66), (4, 0), (5, 1), (6, 72), (7, 13), (8, 21), (9, 17), (10, 12), (11, 42), (12, 67), (13, 29), (79, 40), (14, 39), (15, 22), (16, 24), (78, 50), (17, 64), (18, 61), (19, 79), (20, 9), (21, 58), (22, 55), (23, 15), (24, 23), (25, 35), (26, 25), (27, 31), (28, 49), (29, 52), (30, 46), (31, 71), (32, 43), (77, 70), (33, 44), (34, 4), (35, 69), (36, 8), (37, 51), (38, 57), (39, 18), (40, 74), (41, 45), (76, 54), (42, 78), (43, 14), (44, 62), (45, 60), (46, 48), (47, 3), (48, 30), (49, 37), (50, 47), (51, 59), (52, 41), (53, 68), (54, 28), (55, 11), (56, 2), (57, 7), (58, 16), (75, 20), (59, 26), (60, 76), (61, 34), (62, 65), (63, 75), (64, 6), (65, 32), (66, 38), (67, 33), (68, 63), (69, 77), (70, 73), (71, 53), (74, 10), (72, 27), (73, 19)]
og index list energy: 111793932.29010057
index_list: [(0, 0), (1, 1), (2, 2), (3, 3), (4, 4), (5, 5), (6, 6), (7, 7), (8, 8), (9, 9), (10, 10), (11, 11), (12, 12), (13, 13), (79, 76), (14, 14), (15, 15), (16, 16), (78, 77), (17, 17), (18, 18), (19, 19), (20, 20), (21, 21), (22, 22), (23, 23), (24, 24), (25, 25), (26, 26), (27, 27), (28, 28), (29, 29), (30, 30), (31, 31), (32, 32), (77, 49), (33, 33), (34, 34), (35, 35), (36, 36), (37, 37), (38, 38), (39, 39), (40, 40), (41, 41), (76, 79), (42, 42), (43, 43), (44, 44), (45, 45), (46, 46), (47, 47), (48, 48), (49, 74), (50, 50), (51, 51), (52, 52), (53, 53), (54, 54), (55, 55), (56, 56), (57, 57), (58, 58), (75, 78), (59, 59), (60, 60), (61, 61), (62, 62), (63, 63), (64, 64), (65, 65), (66, 66), (67, 67), (68, 68), (69, 69), (70, 70), (71, 71), (74, 75), (72, 72), (73, 73)]
index list: [0, 1, 2, 3, 4, 5, 6, 7, 8, 9, 10, 11, 12, 13, 76, 14, 15, 16, 77, 17, 18, 19, 20, 21, 22, 23, 24, 25, 26, 27, 28, 29, 30, 31, 32, 49, 33, 34, 35, 36, 37, 38, 39, 40, 41, 79, 42, 43, 44, 45, 46, 47, 48, 74, 50, 51, 52, 53, 54, 55, 56, 57, 58, 78, 59, 60, 61, 62, 63, 64, 65, 66, 67, 68, 69, 70, 71, 75, 72, 73]
index list energy: 98209.82393678775
Done


iterations: 10000000 temp: 1000000.0 exponent: 0.7 eif: 300.0
time taken (sec): 822.8704407215118
number of iterations: 10000000
og index list: [(0, 43), (1, 27), (2, 28), (3, 24), (4, 54), (5, 35), (6, 70), (7, 8), (8, 13), (9, 79), (10, 76), (11, 58), (12, 10), (13, 25), (79, 22), (14, 16), (15, 40), (16, 23), (78, 52), (17, 66), (18, 34), (19, 0), (20, 1), (21, 62), (22, 33), (23, 32), (24, 21), (25, 4), (26, 2), (27, 44), (28, 67), (29, 60), (30, 72), (31, 7), (32, 31), (77, 29), (33, 11), (34, 57), (35, 77), (36, 15), (37, 30), (38, 12), (39, 46), (40, 42), (41, 18), (76, 38), (42, 9), (43, 59), (44, 56), (45, 39), (46, 50), (47, 73), (48, 74), (49, 47), (50, 68), (51, 63), (52, 78), (53, 19), (54, 17), (55, 65), (56, 45), (57, 14), (58, 6), (75, 41), (59, 36), (60, 49), (61, 26), (62, 64), (63, 53), (64, 3), (65, 20), (66, 61), (67, 55), (68, 51), (69, 71), (70, 37), (71, 48), (74, 75), (72, 5), (73, 69)]
og index list energy: 125747402.54156108
index_list: [(0, 14), (1, 15), (2, 77), (3, 73), (4, 76), (5, 72), (6, 75), (7, 17), (8, 18), (9, 6), (10, 7), (11, 8), (12, 9), (13, 10), (79, 11), (14, 12), (15, 13), (16, 16), (78, 0), (17, 1), (18, 2), (19, 19), (20, 20), (21, 21), (22, 22), (23, 23), (24, 24), (25, 25), (26, 26), (27, 27), (28, 28), (29, 29), (30, 30), (31, 31), (32, 32), (77, 78), (33, 33), (34, 34), (35, 35), (36, 36), (37, 37), (38, 38), (39, 39), (40, 40), (41, 41), (76, 74), (42, 42), (43, 43), (44, 44), (45, 45), (46, 46), (47, 47), (48, 48), (49, 79), (50, 50), (51, 51), (52, 52), (53, 53), (54, 54), (55, 55), (56, 56), (57, 57), (58, 58), (75, 49), (59, 59), (60, 60), (61, 61), (62, 62), (63, 63), (64, 64), (65, 65), (66, 66), (67, 67), (68, 68), (69, 69), (70, 70), (71, 71), (74, 4), (72, 5), (73, 3)]
index list: [14, 15, 77, 73, 76, 72, 75, 17, 18, 6, 7, 8, 9, 10, 11, 12, 13, 16, 0, 1, 2, 19, 20, 21, 22, 23, 24, 25, 26, 27, 28, 29, 30, 31, 32, 78, 33, 34, 35, 36, 37, 38, 39, 40, 41, 74, 42, 43, 44, 45, 46, 47, 48, 79, 50, 51, 52, 53, 54, 55, 56, 57, 58, 49, 59, 60, 61, 62, 63, 64, 65, 66, 67, 68, 69, 70, 71, 4, 5, 3]
index list energy: 184337.6650422231
Done


iterations: 10000000 temp: 1000000.0 exponent: 0.7 eif: 300.0
time taken (sec): 789.376184463501
number of iterations: 10000000
og index list: [(0, 6), (1, 61), (2, 15), (3, 65), (4, 33), (5, 73), (6, 44), (7, 74), (8, 30), (9, 76), (10, 10), (11, 48), (12, 77), (13, 72), (79, 51), (14, 71), (15, 17), (16, 70), (78, 47), (17, 8), (18, 25), (19, 20), (20, 24), (21, 58), (22, 62), (23, 37), (24, 56), (25, 1), (26, 66), (27, 69), (28, 43), (29, 45), (30, 27), (31, 67), (32, 32), (77, 63), (33, 55), (34, 46), (35, 18), (36, 21), (37, 16), (38, 13), (39, 68), (40, 31), (41, 78), (76, 3), (42, 9), (43, 57), (44, 11), (45, 5), (46, 39), (47, 28), (48, 53), (49, 54), (50, 36), (51, 23), (52, 40), (53, 64), (54, 29), (55, 7), (56, 34), (57, 59), (58, 35), (75, 4), (59, 75), (60, 22), (61, 79), (62, 50), (63, 12), (64, 0), (65, 60), (66, 52), (67, 49), (68, 38), (69, 2), (70, 41), (71, 19), (74, 26), (72, 14), (73, 42)]
og index list energy: 87504624.5735773
index_list: [(0, 72), (1, 1), (2, 2), (3, 3), (4, 4), (5, 5), (6, 6), (7, 7), (8, 8), (9, 73), (10, 79), (11, 43), (12, 9), (13, 10), (79, 11), (14, 12), (15, 13), (16, 16), (78, 49), (17, 17), (18, 18), (19, 19), (20, 20), (21, 21), (22, 22), (23, 23), (24, 24), (25, 25), (26, 26), (27, 27), (28, 28), (29, 29), (30, 30), (31, 31), (32, 74), (77, 42), (33, 33), (34, 34), (35, 35), (36, 36), (37, 37), (38, 38), (39, 77), (40, 41), (41, 71), (76, 75), (42, 39), (43, 40), (44, 44), (45, 45), (46, 46), (47, 47), (48, 48), (49, 0), (50, 50), (51, 51), (52, 52), (53, 53), (54, 54), (55, 55), (56, 56), (57, 57), (58, 58), (75, 76), (59, 59), (60, 60), (61, 61), (62, 62), (63, 63), (64, 64), (65, 65), (66, 66), (67, 67), (68, 68), (69, 69), (70, 70), (71, 78), (74, 14), (72, 15), (73, 32)]
index list: [72, 1, 2, 3, 4, 5, 6, 7, 8, 73, 79, 43, 9, 10, 11, 12, 13, 16, 49, 17, 18, 19, 20, 21, 22, 23, 24, 25, 26, 27, 28, 29, 30, 31, 74, 42, 33, 34, 35, 36, 37, 38, 77, 41, 71, 75, 39, 40, 44, 45, 46, 47, 48, 0, 50, 51, 52, 53, 54, 55, 56, 57, 58, 76, 59, 60, 61, 62, 63, 64, 65, 66, 67, 68, 69, 70, 78, 14, 15, 32]
index list energy: 223135.35353601218
Done


iterations: 10000000 temp: 1000000.0 exponent: 0.7 eif: 300.0
time taken (sec): 890.2945618629456
number of iterations: 10000000
og index list: [(0, 64), (1, 21), (2, 48), (3, 18), (4, 38), (5, 57), (6, 45), (7, 47), (8, 65), (9, 75), (10, 76), (11, 39), (12, 0), (13, 73), (79, 1), (14, 13), (15, 77), (16, 22), (78, 53), (17, 14), (18, 10), (19, 56), (20, 66), (21, 24), (22, 71), (23, 2), (24, 32), (25, 72), (26, 16), (27, 28), (28, 23), (29, 68), (30, 33), (31, 8), (32, 49), (77, 50), (33, 43), (34, 25), (35, 6), (36, 26), (37, 62), (38, 19), (39, 52), (40, 20), (41, 27), (76, 60), (42, 35), (43, 79), (44, 42), (45, 74), (46, 78), (47, 67), (48, 54), (49, 11), (50, 29), (51, 4), (52, 34), (53, 46), (54, 12), (55, 15), (56, 51), (57, 3), (58, 31), (75, 17), (59, 7), (60, 37), (61, 58), (62, 9), (63, 5), (64, 70), (65, 61), (66, 69), (67, 63), (68, 40), (69, 44), (70, 59), (71, 41), (74, 36), (72, 55), (73, 30)]
og index list energy: 84651401.14568731
index_list: [(0, 0), (1, 1), (2, 2), (3, 3), (4, 4), (5, 5), (6, 6), (7, 7), (8, 8), (9, 9), (10, 10), (11, 11), (12, 12), (13, 13), (79, 76), (14, 14), (15, 15), (16, 16), (78, 75), (17, 17), (18, 18), (19, 19), (20, 20), (21, 21), (22, 22), (23, 23), (24, 24), (25, 25), (26, 26), (27, 27), (28, 28), (29, 29), (30, 30), (31, 31), (32, 32), (77, 74), (33, 33), (34, 34), (35, 35), (36, 36), (37, 37), (38, 38), (39, 39), (40, 40), (41, 41), (76, 78), (42, 42), (43, 43), (44, 44), (45, 45), (46, 46), (47, 47), (48, 48), (49, 79), (50, 50), (51, 51), (52, 52), (53, 53), (54, 54), (55, 55), (56, 56), (57, 57), (58, 58), (75, 49), (59, 59), (60, 60), (61, 61), (62, 62), (63, 63), (64, 64), (65, 65), (66, 66), (67, 67), (68, 68), (69, 69), (70, 70), (71, 71), (74, 77), (72, 72), (73, 73)]
index list: [0, 1, 2, 3, 4, 5, 6, 7, 8, 9, 10, 11, 12, 13, 76, 14, 15, 16, 75, 17, 18, 19, 20, 21, 22, 23, 24, 25, 26, 27, 28, 29, 30, 31, 32, 74, 33, 34, 35, 36, 37, 38, 39, 40, 41, 78, 42, 43, 44, 45, 46, 47, 48, 79, 50, 51, 52, 53, 54, 55, 56, 57, 58, 49, 59, 60, 61, 62, 63, 64, 65, 66, 67, 68, 69, 70, 71, 77, 72, 73]
index list energy: 98209.82393678775
Done


iterations: 10000000 temp: 1000000.0 exponent: 0.7 eif: 300.0
time taken (sec): 823.7415058612823
number of iterations: 10000000
og index list: [(0, 48), (1, 73), (2, 5), (3, 38), (4, 6), (5, 17), (6, 79), (7, 15), (8, 51), (9, 74), (10, 11), (11, 16), (12, 8), (13, 65), (79, 45), (14, 62), (15, 2), (16, 41), (78, 72), (17, 40), (18, 56), (19, 76), (20, 26), (21, 20), (22, 68), (23, 75), (24, 35), (25, 57), (26, 0), (27, 33), (28, 25), (29, 22), (30, 58), (31, 52), (32, 44), (77, 43), (33, 66), (34, 18), (35, 9), (36, 61), (37, 49), (38, 39), (39, 78), (40, 29), (41, 34), (76, 64), (42, 3), (43, 14), (44, 53), (45, 60), (46, 47), (47, 77), (48, 42), (49, 70), (50, 71), (51, 13), (52, 67), (53, 30), (54, 32), (55, 19), (56, 46), (57, 59), (58, 50), (75, 69), (59, 55), (60, 27), (61, 21), (62, 12), (63, 7), (64, 24), (65, 23), (66, 54), (67, 1), (68, 63), (69, 4), (70, 31), (71, 10), (74, 36), (72, 37), (73, 28)]
og index list energy: 112603859.08522606
index_list: [(0, 14), (1, 15), (2, 77), (3, 3), (4, 4), (5, 5), (6, 6), (7, 7), (8, 8), (9, 9), (10, 10), (11, 11), (12, 12), (13, 13), (79, 16), (14, 74), (15, 72), (16, 73), (78, 0), (17, 1), (18, 18), (19, 19), (20, 20), (21, 21), (22, 22), (23, 23), (24, 24), (25, 25), (26, 26), (27, 27), (28, 28), (29, 29), (30, 30), (31, 31), (32, 32), (77, 76), (33, 33), (34, 34), (35, 35), (36, 36), (37, 37), (38, 38), (39, 39), (40, 40), (41, 41), (76, 49), (42, 42), (43, 43), (44, 44), (45, 45), (46, 46), (47, 47), (48, 48), (49, 78), (50, 2), (51, 51), (52, 52), (53, 53), (54, 54), (55, 55), (56, 56), (57, 57), (58, 58), (75, 79), (59, 59), (60, 60), (61, 61), (62, 62), (63, 63), (64, 64), (65, 65), (66, 66), (67, 67), (68, 68), (69, 69), (70, 70), (71, 71), (74, 75), (72, 17), (73, 50)]
index list: [14, 15, 77, 3, 4, 5, 6, 7, 8, 9, 10, 11, 12, 13, 16, 74, 72, 73, 0, 1, 18, 19, 20, 21, 22, 23, 24, 25, 26, 27, 28, 29, 30, 31, 32, 76, 33, 34, 35, 36, 37, 38, 39, 40, 41, 49, 42, 43, 44, 45, 46, 47, 48, 78, 2, 51, 52, 53, 54, 55, 56, 57, 58, 79, 59, 60, 61, 62, 63, 64, 65, 66, 67, 68, 69, 70, 71, 75, 17, 50]
index list energy: 183265.25641890318
Done


iterations: 10000000 temp: 1000000.0 exponent: 0.7 eif: 300.0
time taken (sec): 843.4185092449188
number of iterations: 10000000
og index list: [(0, 59), (1, 35), (2, 11), (3, 44), (4, 75), (5, 43), (6, 2), (7, 28), (8, 48), (9, 19), (10, 34), (11, 36), (12, 56), (13, 3), (79, 23), (14, 52), (15, 27), (16, 4), (78, 62), (17, 77), (18, 40), (19, 32), (20, 30), (21, 58), (22, 18), (23, 60), (24, 29), (25, 61), (26, 55), (27, 21), (28, 37), (29, 38), (30, 31), (31, 53), (32, 79), (77, 6), (33, 41), (34, 7), (35, 15), (36, 73), (37, 49), (38, 0), (39, 42), (40, 25), (41, 39), (76, 78), (42, 65), (43, 10), (44, 17), (45, 47), (46, 67), (47, 63), (48, 20), (49, 72), (50, 68), (51, 5), (52, 26), (53, 12), (54, 14), (55, 70), (56, 8), (57, 45), (58, 50), (75, 51), (59, 13), (60, 1), (61, 64), (62, 74), (63, 71), (64, 46), (65, 54), (66, 33), (67, 24), (68, 57), (69, 22), (70, 66), (71, 76), (74, 9), (72, 69), (73, 16)]
og index list energy: 139178943.03665575
index_list: [(0, 72), (1, 1), (2, 2), (3, 3), (4, 4), (5, 5), (6, 6), (7, 7), (8, 8), (9, 9), (10, 10), (11, 11), (12, 12), (13, 13), (79, 79), (14, 14), (15, 15), (16, 16), (78, 49), (17, 17), (18, 18), (19, 19), (20, 20), (21, 21), (22, 22), (23, 23), (24, 24), (25, 25), (26, 26), (27, 27), (28, 28), (29, 29), (30, 30), (31, 31), (32, 32), (77, 77), (33, 33), (34, 34), (35, 35), (36, 36), (37, 37), (38, 38), (39, 39), (40, 40), (41, 41), (76, 71), (42, 78), (43, 42), (44, 43), (45, 44), (46, 45), (47, 46), (48, 48), (49, 76), (50, 50), (51, 51), (52, 52), (53, 53), (54, 54), (55, 55), (56, 56), (57, 57), (58, 58), (75, 75), (59, 59), (60, 60), (61, 61), (62, 62), (63, 63), (64, 64), (65, 65), (66, 66), (67, 67), (68, 68), (69, 69), (70, 70), (71, 74), (74, 47), (72, 0), (73, 73)]
index list: [72, 1, 2, 3, 4, 5, 6, 7, 8, 9, 10, 11, 12, 13, 79, 14, 15, 16, 49, 17, 18, 19, 20, 21, 22, 23, 24, 25, 26, 27, 28, 29, 30, 31, 32, 77, 33, 34, 35, 36, 37, 38, 39, 40, 41, 71, 78, 42, 43, 44, 45, 46, 48, 76, 50, 51, 52, 53, 54, 55, 56, 57, 58, 75, 59, 60, 61, 62, 63, 64, 65, 66, 67, 68, 69, 70, 74, 47, 0, 73]
index list energy: 118988.26741825513
Done


iterations: 10000000 temp: 1000000.0 exponent: 0.7 eif: 300.0
time taken (sec): 688.0812270641327
number of iterations: 10000000
og index list: [(0, 69), (1, 79), (2, 11), (3, 19), (4, 2), (5, 45), (6, 23), (7, 46), (8, 57), (9, 39), (10, 25), (11, 28), (12, 70), (13, 58), (79, 73), (14, 31), (15, 44), (16, 21), (78, 49), (17, 37), (18, 7), (19, 16), (20, 30), (21, 22), (22, 18), (23, 43), (24, 42), (25, 27), (26, 5), (27, 33), (28, 15), (29, 17), (30, 12), (31, 32), (32, 50), (77, 62), (33, 76), (34, 59), (35, 64), (36, 67), (37, 1), (38, 61), (39, 6), (40, 41), (41, 74), (76, 20), (42, 34), (43, 35), (44, 10), (45, 66), (46, 52), (47, 29), (48, 38), (49, 8), (50, 4), (51, 40), (52, 47), (53, 60), (54, 53), (55, 56), (56, 77), (57, 48), (58, 3), (75, 0), (59, 9), (60, 78), (61, 24), (62, 26), (63, 75), (64, 13), (65, 36), (66, 65), (67, 68), (68, 55), (69, 72), (70, 54), (71, 51), (74, 14), (72, 71), (73, 63)]
og index list energy: 113315891.80127595
index_list: [(0, 6), (1, 24), (2, 25), (3, 68), (4, 69), (5, 70), (6, 75), (7, 7), (8, 8), (9, 9), (10, 10), (11, 11), (12, 12), (13, 13), (79, 41), (14, 71), (15, 40), (16, 16), (78, 77), (17, 17), (18, 18), (19, 19), (20, 20), (21, 21), (22, 22), (23, 23), (24, 14), (25, 5), (26, 73), (27, 79), (28, 72), (29, 1), (30, 2), (31, 3), (32, 78), (77, 42), (33, 33), (34, 34), (35, 35), (36, 36), (37, 37), (38, 38), (39, 39), (40, 4), (41, 76), (76, 26), (42, 27), (43, 28), (44, 43), (45, 44), (46, 45), (47, 46), (48, 48), (49, 0), (50, 50), (51, 51), (52, 52), (53, 53), (54, 54), (55, 55), (56, 56), (57, 57), (58, 58), (75, 49), (59, 59), (60, 60), (61, 61), (62, 62), (63, 63), (64, 64), (65, 65), (66, 66), (67, 67), (68, 15), (69, 47), (70, 74), (71, 29), (74, 30), (72, 31), (73, 32)]
index list: [6, 24, 25, 68, 69, 70, 75, 7, 8, 9, 10, 11, 12, 13, 41, 71, 40, 16, 77, 17, 18, 19, 20, 21, 22, 23, 14, 5, 73, 79, 72, 1, 2, 3, 78, 42, 33, 34, 35, 36, 37, 38, 39, 4, 76, 26, 27, 28, 43, 44, 45, 46, 48, 0, 50, 51, 52, 53, 54, 55, 56, 57, 58, 49, 59, 60, 61, 62, 63, 64, 65, 66, 67, 15, 47, 74, 29, 30, 31, 32]
index list energy: 622393.982653864
Done


iterations: 10000000 temp: 1000000.0 exponent: 0.7 eif: 300.0
time taken (sec): 789.4663968086243
number of iterations: 10000000
og index list: [(0, 33), (1, 16), (2, 10), (3, 11), (4, 19), (5, 68), (6, 21), (7, 62), (8, 30), (9, 2), (10, 53), (11, 49), (12, 9), (13, 57), (79, 67), (14, 20), (15, 51), (16, 59), (78, 23), (17, 63), (18, 72), (19, 35), (20, 75), (21, 13), (22, 18), (23, 36), (24, 41), (25, 61), (26, 60), (27, 1), (28, 77), (29, 74), (30, 4), (31, 31), (32, 43), (77, 15), (33, 39), (34, 17), (35, 34), (36, 66), (37, 44), (38, 12), (39, 47), (40, 64), (41, 3), (76, 29), (42, 24), (43, 79), (44, 56), (45, 58), (46, 25), (47, 69), (48, 73), (49, 42), (50, 38), (51, 76), (52, 55), (53, 46), (54, 65), (55, 45), (56, 32), (57, 14), (58, 40), (75, 54), (59, 37), (60, 0), (61, 48), (62, 7), (63, 28), (64, 22), (65, 26), (66, 8), (67, 27), (68, 6), (69, 50), (70, 52), (71, 70), (74, 5), (72, 71), (73, 78)]
og index list energy: 119248380.70792753
index_list: [(0, 70), (1, 76), (2, 14), (3, 15), (4, 78), (5, 71), (6, 77), (7, 17), (8, 18), (9, 6), (10, 7), (11, 8), (12, 9), (13, 10), (79, 11), (14, 12), (15, 13), (16, 16), (78, 0), (17, 1), (18, 2), (19, 19), (20, 20), (21, 21), (22, 22), (23, 23), (24, 24), (25, 25), (26, 26), (27, 27), (28, 28), (29, 29), (30, 30), (31, 31), (32, 32), (77, 74), (33, 33), (34, 34), (35, 35), (36, 36), (37, 37), (38, 38), (39, 39), (40, 40), (41, 41), (76, 79), (42, 42), (43, 43), (44, 44), (45, 45), (46, 46), (47, 47), (48, 48), (49, 75), (50, 50), (51, 51), (52, 52), (53, 53), (54, 54), (55, 55), (56, 56), (57, 57), (58, 58), (75, 49), (59, 59), (60, 60), (61, 61), (62, 62), (63, 63), (64, 64), (65, 65), (66, 66), (67, 67), (68, 68), (69, 69), (70, 72), (71, 73), (74, 4), (72, 5), (73, 3)]
index list: [70, 76, 14, 15, 78, 71, 77, 17, 18, 6, 7, 8, 9, 10, 11, 12, 13, 16, 0, 1, 2, 19, 20, 21, 22, 23, 24, 25, 26, 27, 28, 29, 30, 31, 32, 74, 33, 34, 35, 36, 37, 38, 39, 40, 41, 79, 42, 43, 44, 45, 46, 47, 48, 75, 50, 51, 52, 53, 54, 55, 56, 57, 58, 49, 59, 60, 61, 62, 63, 64, 65, 66, 67, 68, 69, 72, 73, 4, 5, 3]
index list energy: 219592.6417783184
Done


iterations: 10000000 temp: 1000000.0 exponent: 0.7 eif: 300.0
time taken (sec): 895.3970851898193
number of iterations: 10000000
og index list: [(0, 71), (1, 66), (2, 2), (3, 15), (4, 33), (5, 43), (6, 58), (7, 3), (8, 40), (9, 55), (10, 49), (11, 50), (12, 77), (13, 28), (79, 6), (14, 47), (15, 32), (16, 65), (78, 30), (17, 69), (18, 12), (19, 42), (20, 26), (21, 67), (22, 76), (23, 25), (24, 24), (25, 5), (26, 18), (27, 51), (28, 36), (29, 29), (30, 74), (31, 75), (32, 59), (77, 9), (33, 79), (34, 60), (35, 63), (36, 45), (37, 53), (38, 17), (39, 22), (40, 13), (41, 68), (76, 19), (42, 23), (43, 52), (44, 4), (45, 62), (46, 56), (47, 39), (48, 37), (49, 41), (50, 1), (51, 70), (52, 35), (53, 64), (54, 78), (55, 20), (56, 31), (57, 73), (58, 38), (75, 7), (59, 34), (60, 14), (61, 72), (62, 8), (63, 44), (64, 16), (65, 61), (66, 21), (67, 10), (68, 0), (69, 11), (70, 27), (71, 57), (74, 48), (72, 46), (73, 54)]
og index list energy: 95925402.04872204
index_list: [(0, 0), (1, 1), (2, 2), (3, 3), (4, 4), (5, 5), (6, 6), (7, 7), (8, 8), (9, 9), (10, 10), (11, 11), (12, 12), (13, 13), (79, 49), (14, 14), (15, 15), (16, 16), (78, 77), (17, 17), (18, 18), (19, 19), (20, 20), (21, 21), (22, 22), (23, 23), (24, 24), (25, 25), (26, 26), (27, 27), (28, 28), (29, 29), (30, 30), (31, 31), (32, 32), (77, 75), (33, 33), (34, 34), (35, 35), (36, 36), (37, 37), (38, 38), (39, 39), (40, 40), (41, 41), (76, 79), (42, 42), (43, 43), (44, 44), (45, 45), (46, 46), (47, 47), (48, 48), (49, 76), (50, 50), (51, 51), (52, 52), (53, 53), (54, 54), (55, 55), (56, 56), (57, 57), (58, 58), (75, 78), (59, 59), (60, 60), (61, 61), (62, 62), (63, 63), (64, 64), (65, 65), (66, 66), (67, 67), (68, 68), (69, 69), (70, 70), (71, 71), (74, 74), (72, 72), (73, 73)]
index list: [0, 1, 2, 3, 4, 5, 6, 7, 8, 9, 10, 11, 12, 13, 49, 14, 15, 16, 77, 17, 18, 19, 20, 21, 22, 23, 24, 25, 26, 27, 28, 29, 30, 31, 32, 75, 33, 34, 35, 36, 37, 38, 39, 40, 41, 79, 42, 43, 44, 45, 46, 47, 48, 76, 50, 51, 52, 53, 54, 55, 56, 57, 58, 78, 59, 60, 61, 62, 63, 64, 65, 66, 67, 68, 69, 70, 71, 74, 72, 73]
index list energy: 98209.82393678775
Done


iterations: 10000000 temp: 1000000.0 exponent: 0.7 eif: 300.0
time taken (sec): 817.9597809314728
number of iterations: 10000000
og index list: [(0, 0), (1, 12), (2, 10), (3, 36), (4, 77), (5, 65), (6, 23), (7, 18), (8, 41), (9, 21), (10, 70), (11, 42), (12, 27), (13, 55), (79, 62), (14, 66), (15, 35), (16, 72), (78, 17), (17, 34), (18, 59), (19, 11), (20, 68), (21, 61), (22, 8), (23, 26), (24, 7), (25, 69), (26, 5), (27, 56), (28, 44), (29, 47), (30, 52), (31, 38), (32, 67), (77, 78), (33, 40), (34, 31), (35, 16), (36, 76), (37, 51), (38, 58), (39, 25), (40, 45), (41, 3), (76, 32), (42, 6), (43, 37), (44, 19), (45, 63), (46, 9), (47, 74), (48, 13), (49, 71), (50, 46), (51, 33), (52, 30), (53, 1), (54, 79), (55, 50), (56, 20), (57, 48), (58, 15), (75, 2), (59, 4), (60, 75), (61, 43), (62, 53), (63, 39), (64, 54), (65, 28), (66, 57), (67, 24), (68, 73), (69, 29), (70, 14), (71, 60), (74, 22), (72, 64), (73, 49)]
og index list energy: 89027769.19195953
index_list: [(0, 72), (1, 1), (2, 2), (3, 3), (4, 4), (5, 5), (6, 6), (7, 7), (8, 8), (9, 9), (10, 10), (11, 11), (12, 12), (13, 13), (79, 77), (14, 14), (15, 15), (16, 16), (78, 75), (17, 17), (18, 18), (19, 19), (20, 20), (21, 21), (22, 22), (23, 23), (24, 24), (25, 25), (26, 26), (27, 27), (28, 28), (29, 29), (30, 30), (31, 31), (32, 78), (77, 42), (33, 33), (34, 34), (35, 35), (36, 36), (37, 37), (38, 38), (39, 39), (40, 40), (41, 41), (76, 71), (42, 76), (43, 43), (44, 44), (45, 45), (46, 46), (47, 47), (48, 48), (49, 49), (50, 50), (51, 51), (52, 52), (53, 53), (54, 54), (55, 55), (56, 56), (57, 57), (58, 58), (75, 79), (59, 59), (60, 60), (61, 61), (62, 62), (63, 63), (64, 64), (65, 65), (66, 66), (67, 67), (68, 68), (69, 69), (70, 70), (71, 74), (74, 32), (72, 0), (73, 73)]
index list: [72, 1, 2, 3, 4, 5, 6, 7, 8, 9, 10, 11, 12, 13, 77, 14, 15, 16, 75, 17, 18, 19, 20, 21, 22, 23, 24, 25, 26, 27, 28, 29, 30, 31, 78, 42, 33, 34, 35, 36, 37, 38, 39, 40, 41, 71, 76, 43, 44, 45, 46, 47, 48, 49, 50, 51, 52, 53, 54, 55, 56, 57, 58, 79, 59, 60, 61, 62, 63, 64, 65, 66, 67, 68, 69, 70, 74, 32, 0, 73]
index list energy: 115976.29209567203
Done


iterations: 10000000 temp: 1000000.0 exponent: 0.7 eif: 300.0
time taken (sec): 867.0853807926178
number of iterations: 10000000
og index list: [(0, 51), (1, 54), (2, 3), (3, 77), (4, 4), (5, 64), (6, 31), (7, 46), (8, 37), (9, 43), (10, 30), (11, 18), (12, 75), (13, 42), (79, 52), (14, 29), (15, 71), (16, 68), (78, 72), (17, 5), (18, 45), (19, 66), (20, 73), (21, 56), (22, 74), (23, 11), (24, 22), (25, 49), (26, 15), (27, 38), (28, 48), (29, 33), (30, 23), (31, 61), (32, 34), (77, 27), (33, 36), (34, 58), (35, 20), (36, 14), (37, 50), (38, 28), (39, 63), (40, 35), (41, 7), (76, 79), (42, 55), (43, 76), (44, 62), (45, 9), (46, 57), (47, 59), (48, 65), (49, 16), (50, 70), (51, 25), (52, 69), (53, 67), (54, 8), (55, 32), (56, 17), (57, 2), (58, 39), (75, 1), (59, 41), (60, 53), (61, 12), (62, 6), (63, 40), (64, 24), (65, 44), (66, 19), (67, 60), (68, 47), (69, 0), (70, 78), (71, 21), (74, 13), (72, 10), (73, 26)]
og index list energy: 108697660.45639873
index_list: [(0, 0), (1, 1), (2, 2), (3, 3), (4, 4), (5, 5), (6, 6), (7, 7), (8, 8), (9, 9), (10, 10), (11, 11), (12, 12), (13, 13), (79, 76), (14, 14), (15, 15), (16, 16), (78, 75), (17, 17), (18, 18), (19, 19), (20, 20), (21, 21), (22, 22), (23, 23), (24, 24), (25, 25), (26, 26), (27, 27), (28, 28), (29, 29), (30, 30), (31, 31), (32, 32), (77, 79), (33, 33), (34, 34), (35, 35), (36, 36), (37, 37), (38, 38), (39, 39), (40, 40), (41, 41), (76, 71), (42, 74), (43, 43), (44, 44), (45, 45), (46, 46), (47, 47), (48, 48), (49, 78), (50, 50), (51, 51), (52, 52), (53, 53), (54, 54), (55, 55), (56, 56), (57, 57), (58, 58), (75, 49), (59, 59), (60, 60), (61, 61), (62, 62), (63, 63), (64, 64), (65, 65), (66, 66), (67, 67), (68, 68), (69, 69), (70, 70), (71, 77), (74, 42), (72, 72), (73, 73)]
index list: [0, 1, 2, 3, 4, 5, 6, 7, 8, 9, 10, 11, 12, 13, 76, 14, 15, 16, 75, 17, 18, 19, 20, 21, 22, 23, 24, 25, 26, 27, 28, 29, 30, 31, 32, 79, 33, 34, 35, 36, 37, 38, 39, 40, 41, 71, 74, 43, 44, 45, 46, 47, 48, 78, 50, 51, 52, 53, 54, 55, 56, 57, 58, 49, 59, 60, 61, 62, 63, 64, 65, 66, 67, 68, 69, 70, 77, 42, 72, 73]
index list energy: 108070.45780373304
Done


iterations: 10000000 temp: 1000000.0 exponent: 0.7 eif: 300.0
time taken (sec): 800.7272546291351
number of iterations: 10000000
og index list: [(0, 40), (1, 77), (2, 3), (3, 18), (4, 37), (5, 45), (6, 42), (7, 2), (8, 41), (9, 13), (10, 39), (11, 19), (12, 28), (13, 17), (79, 30), (14, 21), (15, 16), (16, 62), (78, 76), (17, 54), (18, 0), (19, 38), (20, 72), (21, 7), (22, 68), (23, 22), (24, 25), (25, 26), (26, 14), (27, 78), (28, 15), (29, 79), (30, 61), (31, 11), (32, 1), (77, 50), (33, 75), (34, 46), (35, 47), (36, 4), (37, 71), (38, 10), (39, 8), (40, 5), (41, 23), (76, 55), (42, 65), (43, 36), (44, 29), (45, 58), (46, 32), (47, 52), (48, 33), (49, 31), (50, 24), (51, 73), (52, 20), (53, 70), (54, 49), (55, 66), (56, 74), (57, 69), (58, 53), (75, 12), (59, 44), (60, 59), (61, 63), (62, 6), (63, 27), (64, 60), (65, 51), (66, 35), (67, 34), (68, 43), (69, 67), (70, 64), (71, 56), (74, 57), (72, 9), (73, 48)]
og index list energy: 123944957.17191821
index_list: [(0, 72), (1, 1), (2, 2), (3, 78), (4, 14), (5, 5), (6, 75), (7, 17), (8, 18), (9, 6), (10, 7), (11, 8), (12, 9), (13, 10), (79, 11), (14, 12), (15, 13), (16, 16), (78, 0), (17, 73), (18, 77), (19, 19), (20, 20), (21, 21), (22, 22), (23, 23), (24, 24), (25, 25), (26, 26), (27, 27), (28, 28), (29, 29), (30, 30), (31, 31), (32, 32), (77, 76), (33, 33), (34, 34), (35, 35), (36, 36), (37, 37), (38, 38), (39, 39), (40, 40), (41, 41), (76, 49), (42, 42), (43, 43), (44, 44), (45, 45), (46, 46), (47, 47), (48, 48), (49, 74), (50, 50), (51, 51), (52, 52), (53, 53), (54, 54), (55, 55), (56, 56), (57, 57), (58, 58), (75, 79), (59, 59), (60, 60), (61, 61), (62, 62), (63, 63), (64, 64), (65, 65), (66, 66), (67, 67), (68, 68), (69, 69), (70, 70), (71, 71), (74, 4), (72, 15), (73, 3)]
index list: [72, 1, 2, 78, 14, 5, 75, 17, 18, 6, 7, 8, 9, 10, 11, 12, 13, 16, 0, 73, 77, 19, 20, 21, 22, 23, 24, 25, 26, 27, 28, 29, 30, 31, 32, 76, 33, 34, 35, 36, 37, 38, 39, 40, 41, 49, 42, 43, 44, 45, 46, 47, 48, 74, 50, 51, 52, 53, 54, 55, 56, 57, 58, 79, 59, 60, 61, 62, 63, 64, 65, 66, 67, 68, 69, 70, 71, 4, 15, 3]
index list energy: 176149.7300441736
Done


iterations: 10000000 temp: 1000000.0 exponent: 0.7 eif: 300.0
time taken (sec): 858.729593038559
number of iterations: 10000000
og index list: [(0, 34), (1, 5), (2, 11), (3, 71), (4, 54), (5, 35), (6, 55), (7, 76), (8, 43), (9, 30), (10, 32), (11, 42), (12, 70), (13, 62), (79, 22), (14, 18), (15, 67), (16, 23), (78, 20), (17, 57), (18, 15), (19, 27), (20, 9), (21, 63), (22, 37), (23, 3), (24, 75), (25, 36), (26, 21), (27, 0), (28, 10), (29, 79), (30, 33), (31, 12), (32, 61), (77, 1), (33, 25), (34, 77), (35, 68), (36, 41), (37, 58), (38, 6), (39, 73), (40, 17), (41, 16), (76, 46), (42, 45), (43, 72), (44, 14), (45, 74), (46, 4), (47, 51), (48, 13), (49, 56), (50, 59), (51, 66), (52, 50), (53, 28), (54, 47), (55, 2), (56, 53), (57, 52), (58, 78), (75, 48), (59, 31), (60, 69), (61, 38), (62, 8), (63, 49), (64, 29), (65, 19), (66, 44), (67, 7), (68, 60), (69, 24), (70, 40), (71, 26), (74, 64), (72, 65), (73, 39)]
og index list energy: 109020237.52722213
index_list: [(0, 0), (1, 1), (2, 2), (3, 3), (4, 4), (5, 5), (6, 6), (7, 7), (8, 8), (9, 9), (10, 10), (11, 11), (12, 12), (13, 13), (79, 77), (14, 14), (15, 15), (16, 16), (78, 75), (17, 17), (18, 18), (19, 19), (20, 20), (21, 21), (22, 22), (23, 23), (24, 24), (25, 25), (26, 26), (27, 27), (28, 28), (29, 29), (30, 30), (31, 31), (32, 32), (77, 49), (33, 33), (34, 34), (35, 35), (36, 36), (37, 37), (38, 38), (39, 39), (40, 40), (41, 41), (76, 79), (42, 42), (43, 43), (44, 44), (45, 45), (46, 46), (47, 47), (48, 48), (49, 78), (50, 50), (51, 51), (52, 52), (53, 53), (54, 54), (55, 55), (56, 56), (57, 57), (58, 58), (75, 74), (59, 59), (60, 60), (61, 61), (62, 62), (63, 63), (64, 64), (65, 65), (66, 66), (67, 67), (68, 68), (69, 69), (70, 70), (71, 71), (74, 76), (72, 72), (73, 73)]
index list: [0, 1, 2, 3, 4, 5, 6, 7, 8, 9, 10, 11, 12, 13, 77, 14, 15, 16, 75, 17, 18, 19, 20, 21, 22, 23, 24, 25, 26, 27, 28, 29, 30, 31, 32, 49, 33, 34, 35, 36, 37, 38, 39, 40, 41, 79, 42, 43, 44, 45, 46, 47, 48, 78, 50, 51, 52, 53, 54, 55, 56, 57, 58, 74, 59, 60, 61, 62, 63, 64, 65, 66, 67, 68, 69, 70, 71, 76, 72, 73]
index list energy: 98209.82393678775
Done


iterations: 10000000 temp: 1000000.0 exponent: 0.7 eif: 300.0
time taken (sec): 804.8662066459656
number of iterations: 10000000
og index list: [(0, 20), (1, 74), (2, 1), (3, 25), (4, 30), (5, 45), (6, 26), (7, 35), (8, 59), (9, 22), (10, 73), (11, 21), (12, 60), (13, 70), (79, 67), (14, 69), (15, 39), (16, 51), (78, 29), (17, 41), (18, 46), (19, 71), (20, 27), (21, 42), (22, 76), (23, 15), (24, 64), (25, 43), (26, 61), (27, 72), (28, 38), (29, 5), (30, 77), (31, 48), (32, 4), (77, 40), (33, 3), (34, 36), (35, 56), (36, 11), (37, 32), (38, 12), (39, 24), (40, 17), (41, 75), (76, 50), (42, 55), (43, 68), (44, 58), (45, 9), (46, 34), (47, 28), (48, 65), (49, 31), (50, 6), (51, 0), (52, 2), (53, 23), (54, 47), (55, 78), (56, 62), (57, 37), (58, 54), (75, 49), (59, 14), (60, 44), (61, 16), (62, 33), (63, 57), (64, 66), (65, 19), (66, 63), (67, 18), (68, 13), (69, 10), (70, 8), (71, 79), (74, 7), (72, 52), (73, 53)]
og index list energy: 144396818.97727832
index_list: [(0, 42), (1, 43), (2, 44), (3, 45), (4, 41), (5, 77), (6, 6), (7, 7), (8, 8), (9, 9), (10, 10), (11, 11), (12, 12), (13, 13), (79, 74), (14, 14), (15, 15), (16, 16), (78, 49), (17, 17), (18, 18), (19, 19), (20, 20), (21, 21), (22, 22), (23, 23), (24, 24), (25, 25), (26, 26), (27, 27), (28, 28), (29, 29), (30, 30), (31, 31), (32, 32), (77, 75), (33, 33), (34, 34), (35, 35), (36, 36), (37, 37), (38, 38), (39, 39), (40, 40), (41, 78), (76, 72), (42, 73), (43, 0), (44, 1), (45, 2), (46, 46), (47, 47), (48, 48), (49, 79), (50, 50), (51, 51), (52, 52), (53, 53), (54, 54), (55, 55), (56, 56), (57, 57), (58, 58), (75, 76), (59, 59), (60, 60), (61, 61), (62, 62), (63, 63), (64, 64), (65, 65), (66, 66), (67, 67), (68, 68), (69, 69), (70, 70), (71, 71), (74, 4), (72, 5), (73, 3)]
index list: [42, 43, 44, 45, 41, 77, 6, 7, 8, 9, 10, 11, 12, 13, 74, 14, 15, 16, 49, 17, 18, 19, 20, 21, 22, 23, 24, 25, 26, 27, 28, 29, 30, 31, 32, 75, 33, 34, 35, 36, 37, 38, 39, 40, 78, 72, 73, 0, 1, 2, 46, 47, 48, 79, 50, 51, 52, 53, 54, 55, 56, 57, 58, 76, 59, 60, 61, 62, 63, 64, 65, 66, 67, 68, 69, 70, 71, 4, 5, 3]
index list energy: 188489.43781691295
Done


iterations: 10000000 temp: 1000000.0 exponent: 0.7 eif: 300.0
time taken (sec): 850.3640127182007
number of iterations: 10000000
og index list: [(0, 20), (1, 4), (2, 56), (3, 6), (4, 39), (5, 37), (6, 9), (7, 36), (8, 31), (9, 23), (10, 0), (11, 51), (12, 32), (13, 55), (79, 64), (14, 44), (15, 5), (16, 42), (78, 57), (17, 72), (18, 33), (19, 66), (20, 69), (21, 28), (22, 3), (23, 10), (24, 34), (25, 16), (26, 73), (27, 35), (28, 12), (29, 53), (30, 29), (31, 38), (32, 49), (77, 7), (33, 11), (34, 68), (35, 2), (36, 63), (37, 41), (38, 79), (39, 50), (40, 1), (41, 74), (76, 21), (42, 62), (43, 13), (44, 19), (45, 58), (46, 14), (47, 77), (48, 43), (49, 30), (50, 75), (51, 48), (52, 8), (53, 52), (54, 15), (55, 46), (56, 18), (57, 40), (58, 61), (75, 67), (59, 25), (60, 60), (61, 54), (62, 24), (63, 71), (64, 45), (65, 22), (66, 27), (67, 65), (68, 59), (69, 26), (70, 17), (71, 78), (74, 76), (72, 70), (73, 47)]
og index list energy: 100960321.065854
index_list: [(0, 0), (1, 1), (2, 2), (3, 3), (4, 4), (5, 5), (6, 6), (7, 7), (8, 8), (9, 9), (10, 10), (11, 11), (12, 12), (13, 13), (79, 49), (14, 14), (15, 15), (16, 16), (78, 76), (17, 17), (18, 18), (19, 19), (20, 20), (21, 21), (22, 22), (23, 23), (24, 24), (25, 25), (26, 26), (27, 27), (28, 28), (29, 29), (30, 30), (31, 31), (32, 32), (77, 74), (33, 33), (34, 34), (35, 35), (36, 36), (37, 37), (38, 38), (39, 39), (40, 40), (41, 41), (76, 79), (42, 42), (43, 43), (44, 44), (45, 45), (46, 46), (47, 47), (48, 48), (49, 77), (50, 50), (51, 51), (52, 52), (53, 53), (54, 54), (55, 55), (56, 56), (57, 57), (58, 58), (75, 78), (59, 59), (60, 60), (61, 61), (62, 62), (63, 63), (64, 64), (65, 65), (66, 66), (67, 67), (68, 68), (69, 69), (70, 70), (71, 71), (74, 75), (72, 72), (73, 73)]
index list: [0, 1, 2, 3, 4, 5, 6, 7, 8, 9, 10, 11, 12, 13, 49, 14, 15, 16, 76, 17, 18, 19, 20, 21, 22, 23, 24, 25, 26, 27, 28, 29, 30, 31, 32, 74, 33, 34, 35, 36, 37, 38, 39, 40, 41, 79, 42, 43, 44, 45, 46, 47, 48, 77, 50, 51, 52, 53, 54, 55, 56, 57, 58, 78, 59, 60, 61, 62, 63, 64, 65, 66, 67, 68, 69, 70, 71, 75, 72, 73]
index list energy: 98209.82393678775
Done


iterations: 10000000 temp: 1000000.0 exponent: 0.7 eif: 300.0
time taken (sec): 863.1157057285309
number of iterations: 10000000
og index list: [(0, 75), (1, 16), (2, 41), (3, 71), (4, 69), (5, 50), (6, 23), (7, 76), (8, 8), (9, 13), (10, 38), (11, 30), (12, 39), (13, 67), (79, 40), (14, 12), (15, 20), (16, 62), (78, 65), (17, 3), (18, 74), (19, 5), (20, 60), (21, 49), (22, 14), (23, 32), (24, 28), (25, 26), (26, 37), (27, 70), (28, 22), (29, 19), (30, 59), (31, 21), (32, 27), (77, 47), (33, 72), (34, 11), (35, 66), (36, 54), (37, 61), (38, 17), (39, 63), (40, 44), (41, 57), (76, 4), (42, 45), (43, 15), (44, 79), (45, 7), (46, 35), (47, 24), (48, 25), (49, 42), (50, 33), (51, 6), (52, 48), (53, 68), (54, 0), (55, 55), (56, 58), (57, 36), (58, 53), (75, 78), (59, 1), (60, 77), (61, 18), (62, 34), (63, 29), (64, 51), (65, 43), (66, 10), (67, 52), (68, 64), (69, 73), (70, 56), (71, 46), (74, 9), (72, 31), (73, 2)]
og index list energy: 115993561.82073222
index_list: [(0, 0), (1, 1), (2, 2), (3, 3), (4, 4), (5, 5), (6, 6), (7, 7), (8, 8), (9, 9), (10, 10), (11, 11), (12, 12), (13, 13), (79, 76), (14, 14), (15, 15), (16, 16), (78, 79), (17, 17), (18, 18), (19, 19), (20, 20), (21, 21), (22, 22), (23, 23), (24, 24), (25, 25), (26, 26), (27, 27), (28, 28), (29, 29), (30, 30), (31, 31), (32, 32), (77, 77), (33, 33), (34, 34), (35, 35), (36, 36), (37, 37), (38, 38), (39, 39), (40, 40), (41, 41), (76, 74), (42, 42), (43, 43), (44, 44), (45, 45), (46, 46), (47, 47), (48, 48), (49, 75), (50, 50), (51, 51), (52, 52), (53, 53), (54, 54), (55, 55), (56, 56), (57, 57), (58, 58), (75, 78), (59, 59), (60, 60), (61, 61), (62, 62), (63, 63), (64, 64), (65, 65), (66, 66), (67, 67), (68, 68), (69, 69), (70, 70), (71, 71), (74, 49), (72, 72), (73, 73)]
index list: [0, 1, 2, 3, 4, 5, 6, 7, 8, 9, 10, 11, 12, 13, 76, 14, 15, 16, 79, 17, 18, 19, 20, 21, 22, 23, 24, 25, 26, 27, 28, 29, 30, 31, 32, 77, 33, 34, 35, 36, 37, 38, 39, 40, 41, 74, 42, 43, 44, 45, 46, 47, 48, 75, 50, 51, 52, 53, 54, 55, 56, 57, 58, 78, 59, 60, 61, 62, 63, 64, 65, 66, 67, 68, 69, 70, 71, 49, 72, 73]
index list energy: 98209.82393678775
Done


iterations: 10000000 temp: 1000000.0 exponent: 0.7 eif: 300.0
time taken (sec): 786.3419783115387
number of iterations: 10000000
og index list: [(0, 14), (1, 78), (2, 30), (3, 19), (4, 62), (5, 25), (6, 50), (7, 35), (8, 49), (9, 41), (10, 79), (11, 39), (12, 37), (13, 58), (79, 16), (14, 71), (15, 18), (16, 47), (78, 7), (17, 11), (18, 2), (19, 0), (20, 26), (21, 61), (22, 64), (23, 9), (24, 69), (25, 75), (26, 65), (27, 4), (28, 77), (29, 40), (30, 68), (31, 67), (32, 46), (77, 43), (33, 55), (34, 38), (35, 52), (36, 45), (37, 33), (38, 63), (39, 21), (40, 29), (41, 72), (76, 51), (42, 73), (43, 20), (44, 48), (45, 17), (46, 36), (47, 10), (48, 34), (49, 28), (50, 66), (51, 27), (52, 1), (53, 76), (54, 59), (55, 24), (56, 44), (57, 54), (58, 31), (75, 15), (59, 5), (60, 32), (61, 56), (62, 23), (63, 74), (64, 13), (65, 70), (66, 12), (67, 8), (68, 60), (69, 6), (70, 57), (71, 53), (74, 3), (72, 42), (73, 22)]
og index list energy: 132092607.08745638
index_list: [(0, 72), (1, 1), (2, 2), (3, 3), (4, 4), (5, 5), (6, 6), (7, 7), (8, 8), (9, 9), (10, 10), (11, 11), (12, 12), (13, 13), (79, 32), (14, 78), (15, 45), (16, 16), (78, 74), (17, 17), (18, 18), (19, 19), (20, 20), (21, 21), (22, 22), (23, 23), (24, 24), (25, 25), (26, 26), (27, 27), (28, 28), (29, 29), (30, 30), (31, 31), (32, 76), (77, 42), (33, 33), (34, 34), (35, 35), (36, 36), (37, 37), (38, 38), (39, 39), (40, 40), (41, 41), (76, 49), (42, 44), (43, 77), (44, 14), (45, 15), (46, 46), (47, 47), (48, 48), (49, 79), (50, 43), (51, 51), (52, 52), (53, 53), (54, 54), (55, 55), (56, 56), (57, 57), (58, 58), (75, 75), (59, 59), (60, 60), (61, 61), (62, 62), (63, 63), (64, 64), (65, 65), (66, 66), (67, 67), (68, 68), (69, 69), (70, 70), (71, 71), (74, 50), (72, 0), (73, 73)]
index list: [72, 1, 2, 3, 4, 5, 6, 7, 8, 9, 10, 11, 12, 13, 32, 78, 45, 16, 74, 17, 18, 19, 20, 21, 22, 23, 24, 25, 26, 27, 28, 29, 30, 31, 76, 42, 33, 34, 35, 36, 37, 38, 39, 40, 41, 49, 44, 77, 14, 15, 46, 47, 48, 79, 43, 51, 52, 53, 54, 55, 56, 57, 58, 75, 59, 60, 61, 62, 63, 64, 65, 66, 67, 68, 69, 70, 71, 50, 0, 73]
index list energy: 155320.3152070305
Done


iterations: 10000000 temp: 1000000.0 exponent: 0.7 eif: 300.0
time taken (sec): 854.2150228023529
number of iterations: 10000000
og index list: [(0, 41), (1, 28), (2, 44), (3, 20), (4, 23), (5, 43), (6, 55), (7, 48), (8, 66), (9, 36), (10, 0), (11, 67), (12, 10), (13, 13), (79, 63), (14, 79), (15, 32), (16, 56), (78, 35), (17, 76), (18, 2), (19, 78), (20, 75), (21, 39), (22, 61), (23, 69), (24, 42), (25, 29), (26, 52), (27, 53), (28, 70), (29, 14), (30, 22), (31, 59), (32, 47), (77, 71), (33, 24), (34, 46), (35, 73), (36, 5), (37, 1), (38, 50), (39, 11), (40, 3), (41, 68), (76, 40), (42, 9), (43, 33), (44, 49), (45, 57), (46, 31), (47, 18), (48, 62), (49, 6), (50, 8), (51, 21), (52, 27), (53, 60), (54, 54), (55, 16), (56, 77), (57, 74), (58, 34), (75, 38), (59, 30), (60, 58), (61, 45), (62, 65), (63, 51), (64, 7), (65, 19), (66, 17), (67, 26), (68, 4), (69, 25), (70, 64), (71, 37), (74, 15), (72, 12), (73, 72)]
og index list energy: 108042494.3175428
index_list: [(0, 0), (1, 1), (2, 2), (3, 3), (4, 4), (5, 5), (6, 6), (7, 7), (8, 8), (9, 9), (10, 10), (11, 11), (12, 12), (13, 13), (79, 75), (14, 14), (15, 15), (16, 16), (78, 78), (17, 17), (18, 18), (19, 19), (20, 20), (21, 21), (22, 22), (23, 23), (24, 24), (25, 25), (26, 26), (27, 27), (28, 28), (29, 29), (30, 30), (31, 31), (32, 32), (77, 49), (33, 33), (34, 34), (35, 35), (36, 36), (37, 37), (38, 38), (39, 39), (40, 40), (41, 41), (76, 77), (42, 42), (43, 43), (44, 44), (45, 45), (46, 46), (47, 47), (48, 48), (49, 76), (50, 50), (51, 51), (52, 52), (53, 53), (54, 54), (55, 55), (56, 56), (57, 57), (58, 58), (75, 79), (59, 59), (60, 60), (61, 61), (62, 62), (63, 63), (64, 64), (65, 65), (66, 66), (67, 67), (68, 68), (69, 69), (70, 70), (71, 71), (74, 74), (72, 72), (73, 73)]
index list: [0, 1, 2, 3, 4, 5, 6, 7, 8, 9, 10, 11, 12, 13, 75, 14, 15, 16, 78, 17, 18, 19, 20, 21, 22, 23, 24, 25, 26, 27, 28, 29, 30, 31, 32, 49, 33, 34, 35, 36, 37, 38, 39, 40, 41, 77, 42, 43, 44, 45, 46, 47, 48, 76, 50, 51, 52, 53, 54, 55, 56, 57, 58, 79, 59, 60, 61, 62, 63, 64, 65, 66, 67, 68, 69, 70, 71, 74, 72, 73]
index list energy: 98209.82393678775
Done


iterations: 10000000 temp: 1000000.0 exponent: 0.7 eif: 300.0
time taken (sec): 866.0855348110199
number of iterations: 10000000
og index list: [(0, 9), (1, 18), (2, 47), (3, 29), (4, 75), (5, 49), (6, 63), (7, 39), (8, 65), (9, 19), (10, 60), (11, 16), (12, 58), (13, 23), (79, 35), (14, 25), (15, 45), (16, 46), (78, 41), (17, 40), (18, 20), (19, 13), (20, 66), (21, 50), (22, 51), (23, 78), (24, 4), (25, 73), (26, 52), (27, 22), (28, 74), (29, 3), (30, 38), (31, 30), (32, 71), (77, 32), (33, 31), (34, 44), (35, 1), (36, 5), (37, 62), (38, 69), (39, 42), (40, 8), (41, 77), (76, 17), (42, 11), (43, 55), (44, 27), (45, 12), (46, 10), (47, 6), (48, 72), (49, 43), (50, 64), (51, 61), (52, 0), (53, 79), (54, 56), (55, 59), (56, 24), (57, 76), (58, 14), (75, 2), (59, 28), (60, 48), (61, 37), (62, 7), (63, 15), (64, 36), (65, 21), (66, 67), (67, 53), (68, 34), (69, 33), (70, 54), (71, 26), (74, 68), (72, 70), (73, 57)]
og index list energy: 121790046.7265426
index_list: [(0, 0), (1, 1), (2, 2), (3, 3), (4, 4), (5, 5), (6, 6), (7, 7), (8, 8), (9, 9), (10, 10), (11, 11), (12, 12), (13, 13), (79, 74), (14, 14), (15, 15), (16, 16), (78, 78), (17, 17), (18, 18), (19, 19), (20, 20), (21, 21), (22, 22), (23, 23), (24, 24), (25, 25), (26, 26), (27, 27), (28, 28), (29, 29), (30, 30), (31, 31), (32, 32), (77, 49), (33, 33), (34, 34), (35, 35), (36, 36), (37, 37), (38, 38), (39, 39), (40, 40), (41, 41), (76, 76), (42, 42), (43, 43), (44, 44), (45, 45), (46, 46), (47, 47), (48, 48), (49, 75), (50, 50), (51, 51), (52, 52), (53, 53), (54, 54), (55, 55), (56, 56), (57, 57), (58, 58), (75, 77), (59, 59), (60, 60), (61, 61), (62, 62), (63, 63), (64, 64), (65, 65), (66, 66), (67, 67), (68, 68), (69, 69), (70, 70), (71, 71), (74, 79), (72, 72), (73, 73)]
index list: [0, 1, 2, 3, 4, 5, 6, 7, 8, 9, 10, 11, 12, 13, 74, 14, 15, 16, 78, 17, 18, 19, 20, 21, 22, 23, 24, 25, 26, 27, 28, 29, 30, 31, 32, 49, 33, 34, 35, 36, 37, 38, 39, 40, 41, 76, 42, 43, 44, 45, 46, 47, 48, 75, 50, 51, 52, 53, 54, 55, 56, 57, 58, 77, 59, 60, 61, 62, 63, 64, 65, 66, 67, 68, 69, 70, 71, 79, 72, 73]
index list energy: 98209.82393678775
Done


iterations: 10000000 temp: 1000000.0 exponent: 0.7 eif: 300.0
time taken (sec): 840.522088766098
number of iterations: 10000000
og index list: [(0, 61), (1, 0), (2, 35), (3, 6), (4, 33), (5, 54), (6, 31), (7, 11), (8, 44), (9, 17), (10, 5), (11, 7), (12, 8), (13, 73), (79, 66), (14, 65), (15, 37), (16, 27), (78, 42), (17, 18), (18, 38), (19, 25), (20, 46), (21, 41), (22, 1), (23, 69), (24, 51), (25, 34), (26, 55), (27, 9), (28, 43), (29, 72), (30, 36), (31, 20), (32, 63), (77, 67), (33, 12), (34, 56), (35, 13), (36, 58), (37, 39), (38, 77), (39, 48), (40, 29), (41, 53), (76, 49), (42, 57), (43, 30), (44, 40), (45, 10), (46, 32), (47, 50), (48, 60), (49, 78), (50, 14), (51, 4), (52, 19), (53, 3), (54, 74), (55, 26), (56, 22), (57, 47), (58, 15), (75, 52), (59, 59), (60, 70), (61, 76), (62, 75), (63, 28), (64, 21), (65, 23), (66, 64), (67, 24), (68, 16), (69, 2), (70, 68), (71, 79), (74, 45), (72, 62), (73, 71)]
og index list energy: 79258967.17755832
index_list: [(0, 0), (1, 1), (2, 2), (3, 3), (4, 4), (5, 5), (6, 6), (7, 7), (8, 8), (9, 9), (10, 10), (11, 11), (12, 12), (13, 13), (79, 74), (14, 14), (15, 15), (16, 16), (78, 76), (17, 17), (18, 18), (19, 19), (20, 20), (21, 21), (22, 22), (23, 23), (24, 24), (25, 25), (26, 26), (27, 27), (28, 28), (29, 29), (30, 30), (31, 31), (32, 32), (77, 77), (33, 33), (34, 34), (35, 35), (36, 36), (37, 37), (38, 38), (39, 39), (40, 40), (41, 41), (76, 71), (42, 79), (43, 43), (44, 44), (45, 45), (46, 46), (47, 47), (48, 48), (49, 78), (50, 50), (51, 51), (52, 52), (53, 53), (54, 54), (55, 55), (56, 56), (57, 57), (58, 58), (75, 49), (59, 59), (60, 60), (61, 61), (62, 62), (63, 63), (64, 64), (65, 65), (66, 66), (67, 67), (68, 68), (69, 69), (70, 70), (71, 75), (74, 42), (72, 72), (73, 73)]
index list: [0, 1, 2, 3, 4, 5, 6, 7, 8, 9, 10, 11, 12, 13, 74, 14, 15, 16, 76, 17, 18, 19, 20, 21, 22, 23, 24, 25, 26, 27, 28, 29, 30, 31, 32, 77, 33, 34, 35, 36, 37, 38, 39, 40, 41, 71, 79, 43, 44, 45, 46, 47, 48, 78, 50, 51, 52, 53, 54, 55, 56, 57, 58, 49, 59, 60, 61, 62, 63, 64, 65, 66, 67, 68, 69, 70, 75, 42, 72, 73]
index list energy: 108070.45780373304
Done


iterations: 10000000 temp: 1000000.0 exponent: 0.7 eif: 300.0
time taken (sec): 857.268935918808
number of iterations: 10000000
og index list: [(0, 72), (1, 3), (2, 57), (3, 12), (4, 65), (5, 53), (6, 23), (7, 1), (8, 36), (9, 50), (10, 32), (11, 37), (12, 42), (13, 77), (79, 30), (14, 10), (15, 47), (16, 6), (78, 24), (17, 7), (18, 49), (19, 35), (20, 27), (21, 26), (22, 48), (23, 78), (24, 66), (25, 40), (26, 74), (27, 73), (28, 2), (29, 68), (30, 29), (31, 17), (32, 62), (77, 60), (33, 41), (34, 4), (35, 0), (36, 71), (37, 15), (38, 79), (39, 61), (40, 63), (41, 69), (76, 67), (42, 22), (43, 5), (44, 21), (45, 20), (46, 25), (47, 19), (48, 39), (49, 13), (50, 55), (51, 75), (52, 34), (53, 58), (54, 56), (55, 16), (56, 18), (57, 51), (58, 44), (75, 76), (59, 11), (60, 8), (61, 31), (62, 52), (63, 14), (64, 33), (65, 9), (66, 54), (67, 64), (68, 45), (69, 46), (70, 70), (71, 28), (74, 59), (72, 38), (73, 43)]
og index list energy: 103570910.37666923
index_list: [(0, 72), (1, 1), (2, 2), (3, 3), (4, 4), (5, 5), (6, 6), (7, 7), (8, 8), (9, 9), (10, 10), (11, 11), (12, 12), (13, 13), (79, 79), (14, 14), (15, 15), (16, 16), (78, 77), (17, 17), (18, 18), (19, 19), (20, 20), (21, 21), (22, 22), (23, 23), (24, 24), (25, 25), (26, 26), (27, 27), (28, 28), (29, 29), (30, 30), (31, 31), (32, 32), (77, 75), (33, 33), (34, 34), (35, 35), (36, 36), (37, 37), (38, 38), (39, 39), (40, 40), (41, 41), (76, 49), (42, 42), (43, 43), (44, 44), (45, 45), (46, 46), (47, 47), (48, 48), (49, 78), (50, 50), (51, 51), (52, 52), (53, 53), (54, 54), (55, 55), (56, 56), (57, 57), (58, 58), (75, 76), (59, 59), (60, 60), (61, 61), (62, 62), (63, 63), (64, 64), (65, 65), (66, 66), (67, 67), (68, 68), (69, 69), (70, 70), (71, 71), (74, 0), (72, 74), (73, 73)]
index list: [72, 1, 2, 3, 4, 5, 6, 7, 8, 9, 10, 11, 12, 13, 79, 14, 15, 16, 77, 17, 18, 19, 20, 21, 22, 23, 24, 25, 26, 27, 28, 29, 30, 31, 32, 75, 33, 34, 35, 36, 37, 38, 39, 40, 41, 49, 42, 43, 44, 45, 46, 47, 48, 78, 50, 51, 52, 53, 54, 55, 56, 57, 58, 76, 59, 60, 61, 62, 63, 64, 65, 66, 67, 68, 69, 70, 71, 0, 74, 73]
index list energy: 100415.02532256568
Done


iterations: 10000000 temp: 1000000.0 exponent: 0.7 eif: 300.0
time taken (sec): 862.802515745163
number of iterations: 10000000
og index list: [(0, 41), (1, 69), (2, 44), (3, 3), (4, 77), (5, 36), (6, 59), (7, 66), (8, 1), (9, 7), (10, 13), (11, 15), (12, 71), (13, 16), (79, 22), (14, 19), (15, 28), (16, 65), (78, 72), (17, 60), (18, 73), (19, 75), (20, 52), (21, 67), (22, 4), (23, 50), (24, 68), (25, 70), (26, 0), (27, 30), (28, 56), (29, 33), (30, 9), (31, 31), (32, 38), (77, 2), (33, 6), (34, 27), (35, 48), (36, 63), (37, 42), (38, 25), (39, 17), (40, 20), (41, 39), (76, 32), (42, 14), (43, 62), (44, 61), (45, 5), (46, 57), (47, 74), (48, 49), (49, 26), (50, 64), (51, 78), (52, 29), (53, 21), (54, 54), (55, 12), (56, 53), (57, 35), (58, 46), (75, 34), (59, 8), (60, 55), (61, 24), (62, 23), (63, 37), (64, 18), (65, 51), (66, 79), (67, 10), (68, 45), (69, 11), (70, 40), (71, 58), (74, 47), (72, 43), (73, 76)]
og index list energy: 136905908.74404207
index_list: [(0, 0), (1, 1), (2, 2), (3, 3), (4, 4), (5, 5), (6, 6), (7, 7), (8, 8), (9, 9), (10, 10), (11, 11), (12, 12), (13, 13), (79, 77), (14, 14), (15, 15), (16, 16), (78, 75), (17, 17), (18, 18), (19, 19), (20, 20), (21, 21), (22, 22), (23, 23), (24, 24), (25, 25), (26, 26), (27, 27), (28, 28), (29, 29), (30, 30), (31, 31), (32, 32), (77, 78), (33, 33), (34, 34), (35, 35), (36, 36), (37, 37), (38, 38), (39, 39), (40, 40), (41, 41), (76, 74), (42, 42), (43, 43), (44, 44), (45, 45), (46, 46), (47, 47), (48, 48), (49, 76), (50, 50), (51, 51), (52, 52), (53, 53), (54, 54), (55, 55), (56, 56), (57, 57), (58, 58), (75, 79), (59, 59), (60, 60), (61, 61), (62, 62), (63, 63), (64, 64), (65, 65), (66, 66), (67, 67), (68, 68), (69, 69), (70, 70), (71, 71), (74, 49), (72, 72), (73, 73)]
index list: [0, 1, 2, 3, 4, 5, 6, 7, 8, 9, 10, 11, 12, 13, 77, 14, 15, 16, 75, 17, 18, 19, 20, 21, 22, 23, 24, 25, 26, 27, 28, 29, 30, 31, 32, 78, 33, 34, 35, 36, 37, 38, 39, 40, 41, 74, 42, 43, 44, 45, 46, 47, 48, 76, 50, 51, 52, 53, 54, 55, 56, 57, 58, 79, 59, 60, 61, 62, 63, 64, 65, 66, 67, 68, 69, 70, 71, 49, 72, 73]
index list energy: 98209.82393678775
Done


iterations: 10000000 temp: 1000000.0 exponent: 0.7 eif: 300.0
time taken (sec): 837.1934976577759
number of iterations: 10000000
og index list: [(0, 31), (1, 12), (2, 62), (3, 40), (4, 14), (5, 2), (6, 26), (7, 27), (8, 72), (9, 20), (10, 3), (11, 77), (12, 59), (13, 38), (79, 7), (14, 54), (15, 65), (16, 1), (78, 75), (17, 79), (18, 34), (19, 71), (20, 56), (21, 53), (22, 44), (23, 13), (24, 32), (25, 69), (26, 5), (27, 4), (28, 76), (29, 60), (30, 25), (31, 30), (32, 6), (77, 21), (33, 19), (34, 10), (35, 8), (36, 36), (37, 35), (38, 0), (39, 16), (40, 29), (41, 28), (76, 24), (42, 41), (43, 39), (44, 55), (45, 61), (46, 18), (47, 73), (48, 51), (49, 33), (50, 47), (51, 74), (52, 67), (53, 46), (54, 43), (55, 68), (56, 52), (57, 50), (58, 70), (75, 17), (59, 48), (60, 23), (61, 37), (62, 57), (63, 11), (64, 15), (65, 9), (66, 42), (67, 78), (68, 66), (69, 49), (70, 63), (71, 22), (74, 45), (72, 58), (73, 64)]
og index list energy: 97379059.95293699
index_list: [(0, 0), (1, 1), (2, 2), (3, 3), (4, 4), (5, 5), (6, 6), (7, 7), (8, 8), (9, 9), (10, 10), (11, 11), (12, 12), (13, 13), (79, 76), (14, 14), (15, 15), (16, 16), (78, 49), (17, 17), (18, 18), (19, 19), (20, 20), (21, 21), (22, 22), (23, 23), (24, 24), (25, 25), (26, 26), (27, 27), (28, 28), (29, 29), (30, 30), (31, 31), (32, 32), (77, 77), (33, 33), (34, 34), (35, 35), (36, 36), (37, 37), (38, 38), (39, 39), (40, 40), (41, 41), (76, 71), (42, 78), (43, 43), (44, 44), (45, 45), (46, 46), (47, 47), (48, 48), (49, 75), (50, 50), (51, 51), (52, 52), (53, 53), (54, 54), (55, 55), (56, 56), (57, 57), (58, 58), (75, 74), (59, 59), (60, 60), (61, 61), (62, 62), (63, 63), (64, 64), (65, 65), (66, 66), (67, 67), (68, 68), (69, 69), (70, 70), (71, 79), (74, 42), (72, 72), (73, 73)]
index list: [0, 1, 2, 3, 4, 5, 6, 7, 8, 9, 10, 11, 12, 13, 76, 14, 15, 16, 49, 17, 18, 19, 20, 21, 22, 23, 24, 25, 26, 27, 28, 29, 30, 31, 32, 77, 33, 34, 35, 36, 37, 38, 39, 40, 41, 71, 78, 43, 44, 45, 46, 47, 48, 75, 50, 51, 52, 53, 54, 55, 56, 57, 58, 74, 59, 60, 61, 62, 63, 64, 65, 66, 67, 68, 69, 70, 79, 42, 72, 73]
index list energy: 108070.45780373304
Done


iterations: 10000000 temp: 1000000.0 exponent: 0.7 eif: 300.0
time taken (sec): 864.8495371341705
number of iterations: 10000000
og index list: [(0, 64), (1, 20), (2, 31), (3, 45), (4, 75), (5, 37), (6, 59), (7, 60), (8, 6), (9, 35), (10, 68), (11, 53), (12, 62), (13, 49), (79, 29), (14, 63), (15, 51), (16, 34), (78, 39), (17, 78), (18, 32), (19, 7), (20, 43), (21, 1), (22, 71), (23, 30), (24, 56), (25, 27), (26, 44), (27, 13), (28, 42), (29, 25), (30, 24), (31, 8), (32, 33), (77, 79), (33, 55), (34, 12), (35, 0), (36, 58), (37, 61), (38, 14), (39, 28), (40, 73), (41, 54), (76, 67), (42, 57), (43, 9), (44, 11), (45, 17), (46, 46), (47, 21), (48, 38), (49, 10), (50, 5), (51, 15), (52, 77), (53, 47), (54, 4), (55, 26), (56, 18), (57, 22), (58, 48), (75, 66), (59, 65), (60, 2), (61, 3), (62, 74), (63, 69), (64, 52), (65, 72), (66, 50), (67, 41), (68, 36), (69, 16), (70, 19), (71, 70), (74, 40), (72, 23), (73, 76)]
og index list energy: 106687035.14842449
index_list: [(0, 0), (1, 1), (2, 2), (3, 3), (4, 4), (5, 5), (6, 6), (7, 7), (8, 8), (9, 9), (10, 10), (11, 11), (12, 12), (13, 13), (79, 78), (14, 14), (15, 15), (16, 16), (78, 79), (17, 17), (18, 18), (19, 19), (20, 20), (21, 21), (22, 22), (23, 23), (24, 24), (25, 25), (26, 26), (27, 27), (28, 28), (29, 29), (30, 30), (31, 31), (32, 32), (77, 49), (33, 33), (34, 34), (35, 35), (36, 36), (37, 37), (38, 38), (39, 39), (40, 40), (41, 41), (76, 77), (42, 42), (43, 43), (44, 44), (45, 45), (46, 46), (47, 47), (48, 48), (49, 74), (50, 50), (51, 51), (52, 52), (53, 53), (54, 54), (55, 55), (56, 56), (57, 57), (58, 58), (75, 75), (59, 59), (60, 60), (61, 61), (62, 62), (63, 63), (64, 64), (65, 65), (66, 66), (67, 67), (68, 68), (69, 69), (70, 70), (71, 71), (74, 76), (72, 72), (73, 73)]
index list: [0, 1, 2, 3, 4, 5, 6, 7, 8, 9, 10, 11, 12, 13, 78, 14, 15, 16, 79, 17, 18, 19, 20, 21, 22, 23, 24, 25, 26, 27, 28, 29, 30, 31, 32, 49, 33, 34, 35, 36, 37, 38, 39, 40, 41, 77, 42, 43, 44, 45, 46, 47, 48, 74, 50, 51, 52, 53, 54, 55, 56, 57, 58, 75, 59, 60, 61, 62, 63, 64, 65, 66, 67, 68, 69, 70, 71, 76, 72, 73]
index list energy: 98209.82393678775
Done


iterations: 10000000 temp: 1000000.0 exponent: 0.7 eif: 300.0
time taken (sec): 846.4674274921417
number of iterations: 10000000
og index list: [(0, 36), (1, 34), (2, 73), (3, 41), (4, 54), (5, 21), (6, 22), (7, 39), (8, 3), (9, 50), (10, 51), (11, 57), (12, 40), (13, 15), (79, 69), (14, 68), (15, 16), (16, 12), (78, 72), (17, 35), (18, 0), (19, 9), (20, 62), (21, 10), (22, 31), (23, 18), (24, 26), (25, 2), (26, 79), (27, 1), (28, 23), (29, 42), (30, 47), (31, 27), (32, 63), (77, 13), (33, 67), (34, 58), (35, 46), (36, 78), (37, 61), (38, 60), (39, 53), (40, 30), (41, 71), (76, 52), (42, 28), (43, 6), (44, 19), (45, 64), (46, 75), (47, 29), (48, 43), (49, 45), (50, 76), (51, 38), (52, 5), (53, 65), (54, 70), (55, 25), (56, 49), (57, 48), (58, 14), (75, 4), (59, 7), (60, 17), (61, 66), (62, 33), (63, 11), (64, 74), (65, 56), (66, 77), (67, 32), (68, 20), (69, 8), (70, 55), (71, 59), (74, 37), (72, 44), (73, 24)]
og index list energy: 97610436.18687952
index_list: [(0, 47), (1, 1), (2, 2), (3, 3), (4, 4), (5, 5), (6, 6), (7, 7), (8, 8), (9, 9), (10, 10), (11, 11), (12, 12), (13, 13), (79, 79), (14, 14), (15, 15), (16, 16), (78, 76), (17, 17), (18, 18), (19, 19), (20, 20), (21, 21), (22, 22), (23, 23), (24, 24), (25, 25), (26, 26), (27, 27), (28, 28), (29, 29), (30, 30), (31, 31), (32, 32), (77, 49), (33, 33), (34, 34), (35, 35), (36, 36), (37, 37), (38, 38), (39, 39), (40, 40), (41, 41), (76, 0), (42, 75), (43, 42), (44, 43), (45, 44), (46, 45), (47, 46), (48, 48), (49, 78), (50, 50), (51, 51), (52, 52), (53, 53), (54, 54), (55, 55), (56, 56), (57, 57), (58, 58), (75, 74), (59, 59), (60, 60), (61, 61), (62, 62), (63, 63), (64, 64), (65, 65), (66, 66), (67, 67), (68, 68), (69, 69), (70, 70), (71, 71), (74, 77), (72, 72), (73, 73)]
index list: [47, 1, 2, 3, 4, 5, 6, 7, 8, 9, 10, 11, 12, 13, 79, 14, 15, 16, 76, 17, 18, 19, 20, 21, 22, 23, 24, 25, 26, 27, 28, 29, 30, 31, 32, 49, 33, 34, 35, 36, 37, 38, 39, 40, 41, 0, 75, 42, 43, 44, 45, 46, 48, 78, 50, 51, 52, 53, 54, 55, 56, 57, 58, 74, 59, 60, 61, 62, 63, 64, 65, 66, 67, 68, 69, 70, 71, 77, 72, 73]
index list energy: 120175.44357107127
Done


iterations: 10000000 temp: 1000000.0 exponent: 0.7 eif: 300.0
time taken (sec): 710.1407299041748
number of iterations: 10000000
og index list: [(0, 43), (1, 70), (2, 50), (3, 1), (4, 23), (5, 59), (6, 76), (7, 52), (8, 63), (9, 21), (10, 14), (11, 55), (12, 57), (13, 66), (79, 13), (14, 22), (15, 73), (16, 36), (78, 56), (17, 40), (18, 20), (19, 5), (20, 9), (21, 4), (22, 41), (23, 42), (24, 17), (25, 29), (26, 11), (27, 60), (28, 8), (29, 3), (30, 28), (31, 33), (32, 15), (77, 24), (33, 2), (34, 72), (35, 71), (36, 45), (37, 77), (38, 75), (39, 54), (40, 68), (41, 44), (76, 78), (42, 12), (43, 18), (44, 46), (45, 58), (46, 16), (47, 47), (48, 69), (49, 38), (50, 10), (51, 35), (52, 31), (53, 6), (54, 19), (55, 32), (56, 65), (57, 34), (58, 79), (75, 49), (59, 39), (60, 7), (61, 61), (62, 27), (63, 0), (64, 25), (65, 37), (66, 53), (67, 48), (68, 67), (69, 62), (70, 74), (71, 64), (74, 51), (72, 26), (73, 30)]
og index list energy: 132344270.43534946
index_list: [(0, 21), (1, 22), (2, 23), (3, 24), (4, 25), (5, 5), (6, 6), (7, 7), (8, 8), (9, 3), (10, 77), (11, 72), (12, 73), (13, 4), (79, 15), (14, 9), (15, 10), (16, 11), (78, 0), (17, 1), (18, 2), (19, 41), (20, 71), (21, 79), (22, 50), (23, 75), (24, 42), (25, 14), (26, 26), (27, 27), (28, 28), (29, 29), (30, 30), (31, 31), (32, 32), (77, 49), (33, 33), (34, 34), (35, 35), (36, 36), (37, 37), (38, 38), (39, 39), (40, 40), (41, 44), (76, 45), (42, 16), (43, 20), (44, 74), (45, 17), (46, 18), (47, 47), (48, 48), (49, 76), (50, 43), (51, 51), (52, 52), (53, 53), (54, 54), (55, 55), (56, 56), (57, 57), (58, 58), (75, 78), (59, 59), (60, 60), (61, 61), (62, 62), (63, 63), (64, 64), (65, 65), (66, 66), (67, 67), (68, 68), (69, 69), (70, 70), (71, 12), (74, 13), (72, 46), (73, 19)]
index list: [21, 22, 23, 24, 25, 5, 6, 7, 8, 3, 77, 72, 73, 4, 15, 9, 10, 11, 0, 1, 2, 41, 71, 79, 50, 75, 42, 14, 26, 27, 28, 29, 30, 31, 32, 49, 33, 34, 35, 36, 37, 38, 39, 40, 44, 45, 16, 20, 74, 17, 18, 47, 48, 76, 43, 51, 52, 53, 54, 55, 56, 57, 58, 78, 59, 60, 61, 62, 63, 64, 65, 66, 67, 68, 69, 70, 12, 13, 46, 19]
index list energy: 428354.32803363923
Done


iterations: 10000000 temp: 1000000.0 exponent: 0.7 eif: 300.0
time taken (sec): 855.9596419334412
number of iterations: 10000000
og index list: [(0, 7), (1, 24), (2, 42), (3, 72), (4, 12), (5, 11), (6, 30), (7, 56), (8, 19), (9, 26), (10, 66), (11, 5), (12, 54), (13, 23), (79, 58), (14, 4), (15, 74), (16, 71), (78, 60), (17, 21), (18, 34), (19, 32), (20, 25), (21, 38), (22, 68), (23, 31), (24, 16), (25, 64), (26, 33), (27, 2), (28, 40), (29, 22), (30, 6), (31, 62), (32, 39), (77, 9), (33, 13), (34, 78), (35, 46), (36, 49), (37, 8), (38, 0), (39, 10), (40, 55), (41, 37), (76, 44), (42, 70), (43, 28), (44, 18), (45, 57), (46, 69), (47, 17), (48, 48), (49, 63), (50, 67), (51, 27), (52, 65), (53, 35), (54, 73), (55, 41), (56, 36), (57, 15), (58, 76), (75, 29), (59, 1), (60, 77), (61, 47), (62, 3), (63, 52), (64, 20), (65, 45), (66, 14), (67, 51), (68, 50), (69, 53), (70, 59), (71, 75), (74, 61), (72, 79), (73, 43)]
og index list energy: 107148156.72344398
index_list: [(0, 0), (1, 1), (2, 2), (3, 3), (4, 4), (5, 5), (6, 6), (7, 7), (8, 8), (9, 9), (10, 10), (11, 11), (12, 12), (13, 13), (79, 49), (14, 14), (15, 15), (16, 16), (78, 78), (17, 17), (18, 18), (19, 19), (20, 20), (21, 21), (22, 22), (23, 23), (24, 24), (25, 25), (26, 26), (27, 27), (28, 28), (29, 29), (30, 30), (31, 31), (32, 32), (77, 77), (33, 33), (34, 34), (35, 35), (36, 36), (37, 37), (38, 38), (39, 39), (40, 40), (41, 41), (76, 79), (42, 42), (43, 43), (44, 44), (45, 45), (46, 46), (47, 47), (48, 48), (49, 74), (50, 50), (51, 51), (52, 52), (53, 53), (54, 54), (55, 55), (56, 56), (57, 57), (58, 58), (75, 75), (59, 59), (60, 60), (61, 61), (62, 62), (63, 63), (64, 64), (65, 65), (66, 66), (67, 67), (68, 68), (69, 69), (70, 70), (71, 71), (74, 76), (72, 72), (73, 73)]
index list: [0, 1, 2, 3, 4, 5, 6, 7, 8, 9, 10, 11, 12, 13, 49, 14, 15, 16, 78, 17, 18, 19, 20, 21, 22, 23, 24, 25, 26, 27, 28, 29, 30, 31, 32, 77, 33, 34, 35, 36, 37, 38, 39, 40, 41, 79, 42, 43, 44, 45, 46, 47, 48, 74, 50, 51, 52, 53, 54, 55, 56, 57, 58, 75, 59, 60, 61, 62, 63, 64, 65, 66, 67, 68, 69, 70, 71, 76, 72, 73]
index list energy: 98209.82393678775
Done


iterations: 10000000 temp: 1000000.0 exponent: 0.7 eif: 300.0
time taken (sec): 863.295417547226
number of iterations: 10000000
og index list: [(0, 14), (1, 50), (2, 22), (3, 4), (4, 2), (5, 25), (6, 10), (7, 74), (8, 75), (9, 65), (10, 20), (11, 44), (12, 71), (13, 45), (79, 42), (14, 0), (15, 24), (16, 3), (78, 39), (17, 46), (18, 79), (19, 35), (20, 41), (21, 5), (22, 30), (23, 8), (24, 27), (25, 43), (26, 56), (27, 29), (28, 31), (29, 48), (30, 18), (31, 54), (32, 37), (77, 72), (33, 52), (34, 28), (35, 12), (36, 77), (37, 70), (38, 53), (39, 6), (40, 55), (41, 61), (76, 67), (42, 21), (43, 7), (44, 57), (45, 38), (46, 36), (47, 73), (48, 59), (49, 33), (50, 26), (51, 32), (52, 47), (53, 1), (54, 51), (55, 66), (56, 40), (57, 9), (58, 63), (75, 23), (59, 68), (60, 49), (61, 62), (62, 76), (63, 19), (64, 15), (65, 78), (66, 34), (67, 16), (68, 17), (69, 13), (70, 69), (71, 11), (74, 64), (72, 58), (73, 60)]
og index list energy: 121158492.26395775
index_list: [(0, 0), (1, 1), (2, 2), (3, 3), (4, 4), (5, 5), (6, 6), (7, 7), (8, 8), (9, 9), (10, 10), (11, 11), (12, 12), (13, 13), (79, 74), (14, 14), (15, 15), (16, 16), (78, 77), (17, 17), (18, 18), (19, 19), (20, 20), (21, 21), (22, 22), (23, 23), (24, 24), (25, 25), (26, 26), (27, 27), (28, 28), (29, 29), (30, 30), (31, 31), (32, 32), (77, 76), (33, 33), (34, 34), (35, 35), (36, 36), (37, 37), (38, 38), (39, 39), (40, 40), (41, 41), (76, 78), (42, 42), (43, 43), (44, 44), (45, 45), (46, 46), (47, 47), (48, 48), (49, 75), (50, 50), (51, 51), (52, 52), (53, 53), (54, 54), (55, 55), (56, 56), (57, 57), (58, 58), (75, 49), (59, 59), (60, 60), (61, 61), (62, 62), (63, 63), (64, 64), (65, 65), (66, 66), (67, 67), (68, 68), (69, 69), (70, 70), (71, 71), (74, 79), (72, 72), (73, 73)]
index list: [0, 1, 2, 3, 4, 5, 6, 7, 8, 9, 10, 11, 12, 13, 74, 14, 15, 16, 77, 17, 18, 19, 20, 21, 22, 23, 24, 25, 26, 27, 28, 29, 30, 31, 32, 76, 33, 34, 35, 36, 37, 38, 39, 40, 41, 78, 42, 43, 44, 45, 46, 47, 48, 75, 50, 51, 52, 53, 54, 55, 56, 57, 58, 49, 59, 60, 61, 62, 63, 64, 65, 66, 67, 68, 69, 70, 71, 79, 72, 73]
index list energy: 98209.82393678775
Done


iterations: 10000000 temp: 1000000.0 exponent: 0.7 eif: 300.0
time taken (sec): 859.1815984249115
number of iterations: 10000000
og index list: [(0, 10), (1, 38), (2, 0), (3, 32), (4, 41), (5, 6), (6, 62), (7, 76), (8, 21), (9, 22), (10, 31), (11, 14), (12, 42), (13, 40), (79, 15), (14, 73), (15, 50), (16, 45), (78, 54), (17, 71), (18, 37), (19, 20), (20, 66), (21, 11), (22, 30), (23, 33), (24, 65), (25, 3), (26, 72), (27, 4), (28, 23), (29, 24), (30, 48), (31, 27), (32, 67), (77, 56), (33, 44), (34, 68), (35, 70), (36, 5), (37, 55), (38, 35), (39, 63), (40, 52), (41, 43), (76, 53), (42, 39), (43, 17), (44, 13), (45, 28), (46, 79), (47, 8), (48, 36), (49, 25), (50, 60), (51, 58), (52, 9), (53, 78), (54, 2), (55, 77), (56, 26), (57, 75), (58, 57), (75, 49), (59, 19), (60, 61), (61, 18), (62, 16), (63, 34), (64, 1), (65, 51), (66, 59), (67, 46), (68, 64), (69, 47), (70, 29), (71, 12), (74, 69), (72, 74), (73, 7)]
og index list energy: 92105068.65727808
index_list: [(0, 72), (1, 1), (2, 2), (3, 3), (4, 4), (5, 5), (6, 6), (7, 7), (8, 8), (9, 9), (10, 10), (11, 11), (12, 12), (13, 13), (79, 79), (14, 14), (15, 15), (16, 16), (78, 78), (17, 17), (18, 18), (19, 19), (20, 20), (21, 21), (22, 22), (23, 23), (24, 24), (25, 25), (26, 26), (27, 27), (28, 28), (29, 29), (30, 30), (31, 31), (32, 32), (77, 49), (33, 33), (34, 34), (35, 35), (36, 36), (37, 37), (38, 38), (39, 39), (40, 40), (41, 41), (76, 77), (42, 42), (43, 43), (44, 44), (45, 45), (46, 46), (47, 47), (48, 48), (49, 75), (50, 50), (51, 51), (52, 52), (53, 53), (54, 54), (55, 55), (56, 56), (57, 57), (58, 58), (75, 74), (59, 59), (60, 60), (61, 61), (62, 62), (63, 63), (64, 64), (65, 65), (66, 66), (67, 67), (68, 68), (69, 69), (70, 70), (71, 71), (74, 76), (72, 73), (73, 0)]
index list: [72, 1, 2, 3, 4, 5, 6, 7, 8, 9, 10, 11, 12, 13, 79, 14, 15, 16, 78, 17, 18, 19, 20, 21, 22, 23, 24, 25, 26, 27, 28, 29, 30, 31, 32, 49, 33, 34, 35, 36, 37, 38, 39, 40, 41, 77, 42, 43, 44, 45, 46, 47, 48, 75, 50, 51, 52, 53, 54, 55, 56, 57, 58, 74, 59, 60, 61, 62, 63, 64, 65, 66, 67, 68, 69, 70, 71, 76, 73, 0]
index list energy: 101496.76386437901
Done


iterations: 10000000 temp: 1000000.0 exponent: 0.7 eif: 300.0
time taken (sec): 864.7864844799042
number of iterations: 10000000
og index list: [(0, 67), (1, 47), (2, 52), (3, 50), (4, 54), (5, 10), (6, 72), (7, 40), (8, 21), (9, 39), (10, 36), (11, 9), (12, 20), (13, 76), (79, 22), (14, 53), (15, 16), (16, 1), (78, 18), (17, 59), (18, 58), (19, 14), (20, 44), (21, 28), (22, 78), (23, 29), (24, 5), (25, 24), (26, 55), (27, 60), (28, 75), (29, 46), (30, 66), (31, 6), (32, 43), (77, 25), (33, 79), (34, 77), (35, 33), (36, 19), (37, 13), (38, 8), (39, 35), (40, 17), (41, 45), (76, 49), (42, 51), (43, 57), (44, 38), (45, 74), (46, 31), (47, 61), (48, 0), (49, 2), (50, 15), (51, 42), (52, 26), (53, 30), (54, 65), (55, 11), (56, 27), (57, 73), (58, 56), (75, 71), (59, 12), (60, 70), (61, 63), (62, 48), (63, 69), (64, 41), (65, 3), (66, 23), (67, 32), (68, 68), (69, 37), (70, 64), (71, 4), (74, 62), (72, 34), (73, 7)]
og index list energy: 107885461.41560596
index_list: [(0, 0), (1, 1), (2, 2), (3, 3), (4, 4), (5, 5), (6, 6), (7, 7), (8, 8), (9, 9), (10, 10), (11, 11), (12, 12), (13, 13), (79, 79), (14, 14), (15, 15), (16, 16), (78, 78), (17, 17), (18, 18), (19, 19), (20, 20), (21, 21), (22, 22), (23, 23), (24, 24), (25, 25), (26, 26), (27, 27), (28, 28), (29, 29), (30, 30), (31, 31), (32, 32), (77, 49), (33, 33), (34, 34), (35, 35), (36, 36), (37, 37), (38, 38), (39, 39), (40, 40), (41, 41), (76, 76), (42, 42), (43, 43), (44, 44), (45, 45), (46, 46), (47, 47), (48, 48), (49, 74), (50, 50), (51, 51), (52, 52), (53, 53), (54, 54), (55, 55), (56, 56), (57, 57), (58, 58), (75, 75), (59, 59), (60, 60), (61, 61), (62, 62), (63, 63), (64, 64), (65, 65), (66, 66), (67, 67), (68, 68), (69, 69), (70, 70), (71, 71), (74, 77), (72, 72), (73, 73)]
index list: [0, 1, 2, 3, 4, 5, 6, 7, 8, 9, 10, 11, 12, 13, 79, 14, 15, 16, 78, 17, 18, 19, 20, 21, 22, 23, 24, 25, 26, 27, 28, 29, 30, 31, 32, 49, 33, 34, 35, 36, 37, 38, 39, 40, 41, 76, 42, 43, 44, 45, 46, 47, 48, 74, 50, 51, 52, 53, 54, 55, 56, 57, 58, 75, 59, 60, 61, 62, 63, 64, 65, 66, 67, 68, 69, 70, 71, 77, 72, 73]
index list energy: 98209.82393678775
Done


iterations: 10000000 temp: 1000000.0 exponent: 0.7 eif: 300.0
time taken (sec): 837.5580425262451
number of iterations: 10000000
og index list: [(0, 47), (1, 76), (2, 72), (3, 30), (4, 54), (5, 5), (6, 26), (7, 52), (8, 75), (9, 29), (10, 12), (11, 37), (12, 8), (13, 43), (79, 16), (14, 61), (15, 46), (16, 6), (78, 71), (17, 40), (18, 21), (19, 78), (20, 74), (21, 13), (22, 1), (23, 38), (24, 53), (25, 33), (26, 39), (27, 18), (28, 23), (29, 63), (30, 17), (31, 35), (32, 69), (77, 48), (33, 73), (34, 66), (35, 7), (36, 11), (37, 64), (38, 42), (39, 31), (40, 51), (41, 25), (76, 4), (42, 49), (43, 65), (44, 22), (45, 28), (46, 2), (47, 58), (48, 62), (49, 9), (50, 19), (51, 56), (52, 45), (53, 55), (54, 50), (55, 0), (56, 70), (57, 68), (58, 59), (75, 24), (59, 67), (60, 57), (61, 15), (62, 77), (63, 36), (64, 14), (65, 10), (66, 60), (67, 32), (68, 79), (69, 34), (70, 3), (71, 20), (74, 27), (72, 41), (73, 44)]
og index list energy: 103092525.26834458
index_list: [(0, 72), (1, 1), (2, 2), (3, 3), (4, 4), (5, 5), (6, 6), (7, 7), (8, 8), (9, 9), (10, 10), (11, 11), (12, 74), (13, 42), (79, 43), (14, 44), (15, 45), (16, 16), (78, 49), (17, 17), (18, 18), (19, 19), (20, 20), (21, 21), (22, 22), (23, 23), (24, 24), (25, 25), (26, 26), (27, 27), (28, 28), (29, 29), (30, 30), (31, 31), (32, 32), (77, 78), (33, 33), (34, 34), (35, 35), (36, 36), (37, 37), (38, 38), (39, 39), (40, 40), (41, 41), (76, 0), (42, 73), (43, 76), (44, 12), (45, 13), (46, 46), (47, 47), (48, 48), (49, 77), (50, 50), (51, 51), (52, 52), (53, 53), (54, 54), (55, 55), (56, 56), (57, 57), (58, 58), (75, 75), (59, 59), (60, 60), (61, 61), (62, 62), (63, 63), (64, 64), (65, 65), (66, 66), (67, 67), (68, 68), (69, 69), (70, 70), (71, 71), (74, 79), (72, 14), (73, 15)]
index list: [72, 1, 2, 3, 4, 5, 6, 7, 8, 9, 10, 11, 74, 42, 43, 44, 45, 16, 49, 17, 18, 19, 20, 21, 22, 23, 24, 25, 26, 27, 28, 29, 30, 31, 32, 78, 33, 34, 35, 36, 37, 38, 39, 40, 41, 0, 73, 76, 12, 13, 46, 47, 48, 77, 50, 51, 52, 53, 54, 55, 56, 57, 58, 75, 59, 60, 61, 62, 63, 64, 65, 66, 67, 68, 69, 70, 71, 79, 14, 15]
index list energy: 159104.9478142109
Done


iterations: 10000000 temp: 1000000.0 exponent: 0.7 eif: 300.0
time taken (sec): 870.3975138664246
number of iterations: 10000000
og index list: [(0, 72), (1, 1), (2, 28), (3, 65), (4, 0), (5, 49), (6, 16), (7, 64), (8, 44), (9, 19), (10, 11), (11, 2), (12, 8), (13, 36), (79, 56), (14, 35), (15, 50), (16, 66), (78, 73), (17, 20), (18, 31), (19, 68), (20, 47), (21, 77), (22, 18), (23, 3), (24, 78), (25, 12), (26, 62), (27, 38), (28, 55), (29, 39), (30, 10), (31, 13), (32, 33), (77, 63), (33, 6), (34, 53), (35, 32), (36, 42), (37, 9), (38, 48), (39, 75), (40, 5), (41, 23), (76, 15), (42, 54), (43, 17), (44, 61), (45, 29), (46, 30), (47, 41), (48, 57), (49, 40), (50, 14), (51, 51), (52, 69), (53, 46), (54, 22), (55, 4), (56, 45), (57, 70), (58, 27), (75, 60), (59, 25), (60, 7), (61, 58), (62, 21), (63, 59), (64, 37), (65, 24), (66, 79), (67, 34), (68, 71), (69, 67), (70, 26), (71, 43), (74, 74), (72, 76), (73, 52)]
og index list energy: 127718803.45809877
index_list: [(0, 0), (1, 1), (2, 2), (3, 3), (4, 4), (5, 5), (6, 6), (7, 7), (8, 8), (9, 9), (10, 10), (11, 11), (12, 12), (13, 13), (79, 79), (14, 14), (15, 15), (16, 16), (78, 77), (17, 17), (18, 18), (19, 19), (20, 20), (21, 21), (22, 22), (23, 23), (24, 24), (25, 25), (26, 26), (27, 27), (28, 28), (29, 29), (30, 30), (31, 31), (32, 32), (77, 76), (33, 33), (34, 34), (35, 35), (36, 36), (37, 37), (38, 38), (39, 39), (40, 40), (41, 41), (76, 75), (42, 42), (43, 43), (44, 44), (45, 45), (46, 46), (47, 47), (48, 48), (49, 74), (50, 50), (51, 51), (52, 52), (53, 53), (54, 54), (55, 55), (56, 56), (57, 57), (58, 58), (75, 78), (59, 59), (60, 60), (61, 61), (62, 62), (63, 63), (64, 64), (65, 65), (66, 66), (67, 67), (68, 68), (69, 69), (70, 70), (71, 71), (74, 49), (72, 72), (73, 73)]
index list: [0, 1, 2, 3, 4, 5, 6, 7, 8, 9, 10, 11, 12, 13, 79, 14, 15, 16, 77, 17, 18, 19, 20, 21, 22, 23, 24, 25, 26, 27, 28, 29, 30, 31, 32, 76, 33, 34, 35, 36, 37, 38, 39, 40, 41, 75, 42, 43, 44, 45, 46, 47, 48, 74, 50, 51, 52, 53, 54, 55, 56, 57, 58, 78, 59, 60, 61, 62, 63, 64, 65, 66, 67, 68, 69, 70, 71, 49, 72, 73]
index list energy: 98209.82393678775
Done


iterations: 10000000 temp: 1000000.0 exponent: 0.7 eif: 300.0
time taken (sec): 821.7534036636353
number of iterations: 10000000
og index list: [(0, 1), (1, 15), (2, 9), (3, 65), (4, 47), (5, 58), (6, 54), (7, 67), (8, 79), (9, 60), (10, 4), (11, 0), (12, 23), (13, 24), (79, 72), (14, 14), (15, 21), (16, 59), (78, 29), (17, 32), (18, 2), (19, 35), (20, 39), (21, 48), (22, 45), (23, 42), (24, 26), (25, 76), (26, 49), (27, 37), (28, 77), (29, 43), (30, 6), (31, 30), (32, 63), (77, 55), (33, 46), (34, 3), (35, 66), (36, 40), (37, 56), (38, 19), (39, 62), (40, 78), (41, 33), (76, 16), (42, 10), (43, 41), (44, 50), (45, 38), (46, 12), (47, 7), (48, 18), (49, 70), (50, 28), (51, 75), (52, 64), (53, 17), (54, 52), (55, 11), (56, 69), (57, 34), (58, 27), (75, 13), (59, 8), (60, 71), (61, 57), (62, 5), (63, 20), (64, 61), (65, 36), (66, 53), (67, 68), (68, 44), (69, 73), (70, 22), (71, 25), (74, 51), (72, 31), (73, 74)]
og index list energy: 118734802.65960808
index_list: [(0, 43), (1, 1), (2, 2), (3, 3), (4, 4), (5, 5), (6, 6), (7, 7), (8, 8), (9, 9), (10, 10), (11, 11), (12, 12), (13, 13), (79, 79), (14, 14), (15, 15), (16, 16), (78, 77), (17, 17), (18, 18), (19, 19), (20, 20), (21, 21), (22, 22), (23, 23), (24, 24), (25, 25), (26, 26), (27, 27), (28, 28), (29, 29), (30, 30), (31, 31), (32, 75), (77, 42), (33, 33), (34, 34), (35, 35), (36, 36), (37, 37), (38, 38), (39, 39), (40, 40), (41, 41), (76, 49), (42, 32), (43, 78), (44, 44), (45, 45), (46, 46), (47, 47), (48, 48), (49, 0), (50, 50), (51, 51), (52, 52), (53, 53), (54, 54), (55, 55), (56, 56), (57, 57), (58, 58), (75, 74), (59, 59), (60, 60), (61, 61), (62, 62), (63, 63), (64, 64), (65, 65), (66, 66), (67, 67), (68, 68), (69, 69), (70, 70), (71, 71), (74, 76), (72, 72), (73, 73)]
index list: [43, 1, 2, 3, 4, 5, 6, 7, 8, 9, 10, 11, 12, 13, 79, 14, 15, 16, 77, 17, 18, 19, 20, 21, 22, 23, 24, 25, 26, 27, 28, 29, 30, 31, 75, 42, 33, 34, 35, 36, 37, 38, 39, 40, 41, 49, 32, 78, 44, 45, 46, 47, 48, 0, 50, 51, 52, 53, 54, 55, 56, 57, 58, 74, 59, 60, 61, 62, 63, 64, 65, 66, 67, 68, 69, 70, 71, 76, 72, 73]
index list energy: 132470.00517148053
Done


iterations: 10000000 temp: 1000000.0 exponent: 0.7 eif: 300.0
time taken (sec): 664.3573117256165
number of iterations: 8486745
og index list: [(0, 36), (1, 23), (2, 4), (3, 34), (4, 29), (5, 12), (6, 44), (7, 24), (8, 25), (9, 5), (10, 30), (11, 67), (12, 66), (13, 39), (79, 50), (14, 33), (15, 75), (16, 64), (78, 26), (17, 8), (18, 72), (19, 68), (20, 20), (21, 45), (22, 57), (23, 9), (24, 18), (25, 21), (26, 51), (27, 7), (28, 15), (29, 22), (30, 54), (31, 16), (32, 11), (77, 76), (33, 14), (34, 27), (35, 60), (36, 73), (37, 2), (38, 49), (39, 77), (40, 55), (41, 31), (76, 43), (42, 19), (43, 13), (44, 62), (45, 65), (46, 3), (47, 6), (48, 28), (49, 79), (50, 1), (51, 56), (52, 10), (53, 35), (54, 32), (55, 59), (56, 40), (57, 48), (58, 42), (75, 69), (59, 78), (60, 17), (61, 37), (62, 0), (63, 46), (64, 58), (65, 63), (66, 74), (67, 38), (68, 70), (69, 52), (70, 41), (71, 61), (74, 71), (72, 47), (73, 53)]
og index list energy: 98476797.89702533
index_list: [(0, 1), (1, 2), (2, 41), (3, 71), (4, 4), (5, 5), (6, 6), (7, 7), (8, 8), (9, 9), (10, 10), (11, 11), (12, 12), (13, 13), (79, 75), (14, 14), (15, 15), (16, 16), (78, 49), (17, 17), (18, 18), (19, 19), (20, 20), (21, 21), (22, 22), (23, 23), (24, 24), (25, 25), (26, 26), (27, 27), (28, 28), (29, 29), (30, 30), (31, 31), (32, 32), (77, 79), (33, 33), (34, 34), (35, 35), (36, 36), (37, 37), (38, 38), (39, 76), (40, 72), (41, 73), (76, 77), (42, 42), (43, 43), (44, 44), (45, 45), (46, 46), (47, 47), (48, 48), (49, 0), (50, 50), (51, 51), (52, 52), (53, 53), (54, 54), (55, 55), (56, 56), (57, 57), (58, 58), (75, 74), (59, 59), (60, 60), (61, 61), (62, 62), (63, 63), (64, 64), (65, 65), (66, 66), (67, 67), (68, 68), (69, 69), (70, 70), (71, 78), (74, 39), (72, 40), (73, 3)]
index list: [1, 2, 41, 71, 4, 5, 6, 7, 8, 9, 10, 11, 12, 13, 75, 14, 15, 16, 49, 17, 18, 19, 20, 21, 22, 23, 24, 25, 26, 27, 28, 29, 30, 31, 32, 79, 33, 34, 35, 36, 37, 38, 76, 72, 73, 77, 42, 43, 44, 45, 46, 47, 48, 0, 50, 51, 52, 53, 54, 55, 56, 57, 58, 74, 59, 60, 61, 62, 63, 64, 65, 66, 67, 68, 69, 70, 78, 39, 40, 3]
index list energy: 202060.33155139652
Done


