## SLURM PROLOG ###############################################################
##    Job ID : 2089316
##  Job Name : HNCOCA_50
##  Nodelist : node1158
##      CPUs : 1
##  Mem/Node : 1024 MB
## Directory : /gpfs/data/nfawzi/skale/Fawzi_pycharm_project
##   Started : Fri Jan 18 23:40:43 EST 2019
###############################################################################
iterations: 10000000 temp: 1000000.0 exponent: 0.7 eif: 300.0
time taken (sec): 1016.0034308433533
number of iterations: 10000000
og index list: [(0, 64), (1, 16), (2, 41), (3, 59), (4, 10), (5, 73), (6, 37), (7, 55), (8, 6), (9, 43), (10, 61), (11, 9), (12, 51), (13, 40), (79, 20), (14, 21), (15, 44), (16, 35), (78, 70), (17, 67), (18, 23), (19, 50), (20, 0), (21, 7), (22, 48), (23, 36), (24, 76), (25, 34), (26, 26), (27, 25), (28, 60), (29, 77), (30, 47), (31, 39), (32, 19), (77, 12), (33, 32), (34, 54), (35, 28), (36, 57), (37, 27), (38, 42), (39, 30), (40, 14), (41, 11), (76, 75), (42, 22), (43, 2), (44, 72), (45, 1), (46, 53), (47, 46), (48, 15), (49, 63), (50, 62), (51, 56), (52, 68), (53, 31), (54, 45), (55, 4), (56, 69), (57, 38), (58, 24), (75, 18), (59, 66), (60, 78), (61, 52), (62, 3), (63, 8), (64, 13), (65, 49), (66, 17), (67, 74), (68, 65), (69, 5), (70, 29), (71, 33), (74, 58), (72, 71), (73, 79)]
og index list energy: 91286003.34684974
index_list: [(0, 0), (1, 1), (2, 2), (3, 78), (4, 14), (5, 5), (6, 6), (7, 7), (8, 8), (9, 9), (10, 10), (11, 11), (12, 12), (13, 13), (79, 16), (14, 75), (15, 72), (16, 73), (78, 77), (17, 17), (18, 18), (19, 19), (20, 20), (21, 21), (22, 22), (23, 23), (24, 24), (25, 25), (26, 26), (27, 27), (28, 28), (29, 29), (30, 30), (31, 31), (32, 32), (77, 74), (33, 33), (34, 34), (35, 35), (36, 36), (37, 37), (38, 38), (39, 39), (40, 40), (41, 41), (76, 76), (42, 42), (43, 43), (44, 44), (45, 45), (46, 46), (47, 47), (48, 48), (49, 79), (50, 50), (51, 51), (52, 52), (53, 53), (54, 54), (55, 55), (56, 56), (57, 57), (58, 58), (75, 49), (59, 59), (60, 60), (61, 61), (62, 62), (63, 63), (64, 64), (65, 65), (66, 66), (67, 67), (68, 68), (69, 69), (70, 70), (71, 71), (74, 4), (72, 15), (73, 3)]
index list: [0, 1, 2, 78, 14, 5, 6, 7, 8, 9, 10, 11, 12, 13, 16, 75, 72, 73, 77, 17, 18, 19, 20, 21, 22, 23, 24, 25, 26, 27, 28, 29, 30, 31, 32, 74, 33, 34, 35, 36, 37, 38, 39, 40, 41, 76, 42, 43, 44, 45, 46, 47, 48, 79, 50, 51, 52, 53, 54, 55, 56, 57, 58, 49, 59, 60, 61, 62, 63, 64, 65, 66, 67, 68, 69, 70, 71, 4, 15, 3]
index list energy: 129341.60004846798
Done


iterations: 10000000 temp: 1000000.0 exponent: 0.7 eif: 300.0
time taken (sec): 1087.5896980762482
number of iterations: 10000000
og index list: [(0, 41), (1, 32), (2, 3), (3, 2), (4, 48), (5, 17), (6, 46), (7, 9), (8, 26), (9, 20), (10, 72), (11, 39), (12, 15), (13, 66), (79, 68), (14, 49), (15, 14), (16, 73), (78, 45), (17, 34), (18, 54), (19, 23), (20, 57), (21, 50), (22, 71), (23, 10), (24, 76), (25, 53), (26, 31), (27, 52), (28, 56), (29, 0), (30, 59), (31, 55), (32, 21), (77, 64), (33, 42), (34, 11), (35, 36), (36, 47), (37, 67), (38, 22), (39, 6), (40, 1), (41, 65), (76, 77), (42, 37), (43, 13), (44, 60), (45, 74), (46, 63), (47, 40), (48, 27), (49, 44), (50, 70), (51, 58), (52, 8), (53, 7), (54, 62), (55, 35), (56, 4), (57, 51), (58, 19), (75, 16), (59, 78), (60, 25), (61, 30), (62, 33), (63, 79), (64, 18), (65, 5), (66, 29), (67, 43), (68, 38), (69, 69), (70, 24), (71, 61), (74, 75), (72, 12), (73, 28)]
og index list energy: 120162740.83873126
index_list: [(0, 0), (1, 1), (2, 2), (3, 3), (4, 4), (5, 5), (6, 6), (7, 7), (8, 8), (9, 9), (10, 10), (11, 11), (12, 12), (13, 13), (79, 74), (14, 14), (15, 15), (16, 16), (78, 78), (17, 17), (18, 18), (19, 19), (20, 20), (21, 21), (22, 22), (23, 23), (24, 24), (25, 25), (26, 26), (27, 27), (28, 28), (29, 29), (30, 30), (31, 31), (32, 32), (77, 79), (33, 33), (34, 34), (35, 35), (36, 36), (37, 37), (38, 38), (39, 39), (40, 40), (41, 41), (76, 76), (42, 42), (43, 43), (44, 44), (45, 45), (46, 46), (47, 47), (48, 48), (49, 49), (50, 50), (51, 51), (52, 52), (53, 53), (54, 54), (55, 55), (56, 56), (57, 57), (58, 58), (75, 75), (59, 59), (60, 60), (61, 61), (62, 62), (63, 63), (64, 64), (65, 65), (66, 66), (67, 67), (68, 68), (69, 69), (70, 70), (71, 71), (74, 77), (72, 72), (73, 73)]
index list: [0, 1, 2, 3, 4, 5, 6, 7, 8, 9, 10, 11, 12, 13, 74, 14, 15, 16, 78, 17, 18, 19, 20, 21, 22, 23, 24, 25, 26, 27, 28, 29, 30, 31, 32, 79, 33, 34, 35, 36, 37, 38, 39, 40, 41, 76, 42, 43, 44, 45, 46, 47, 48, 49, 50, 51, 52, 53, 54, 55, 56, 57, 58, 75, 59, 60, 61, 62, 63, 64, 65, 66, 67, 68, 69, 70, 71, 77, 72, 73]
index list energy: 97911.32412903158
Done


iterations: 10000000 temp: 1000000.0 exponent: 0.7 eif: 300.0
time taken (sec): 1031.3063914775848
number of iterations: 10000000
og index list: [(0, 59), (1, 79), (2, 13), (3, 30), (4, 46), (5, 11), (6, 24), (7, 60), (8, 8), (9, 42), (10, 53), (11, 75), (12, 41), (13, 12), (79, 74), (14, 26), (15, 34), (16, 22), (78, 77), (17, 10), (18, 39), (19, 63), (20, 66), (21, 78), (22, 17), (23, 65), (24, 57), (25, 33), (26, 31), (27, 2), (28, 70), (29, 61), (30, 71), (31, 50), (32, 3), (77, 48), (33, 23), (34, 55), (35, 54), (36, 15), (37, 52), (38, 68), (39, 40), (40, 9), (41, 44), (76, 43), (42, 72), (43, 64), (44, 1), (45, 7), (46, 28), (47, 37), (48, 35), (49, 73), (50, 51), (51, 20), (52, 58), (53, 4), (54, 47), (55, 45), (56, 21), (57, 36), (58, 29), (75, 25), (59, 19), (60, 5), (61, 14), (62, 67), (63, 32), (64, 27), (65, 0), (66, 38), (67, 6), (68, 76), (69, 18), (70, 16), (71, 62), (74, 69), (72, 49), (73, 56)]
og index list energy: 99499457.54520702
index_list: [(0, 72), (1, 1), (2, 2), (3, 3), (4, 4), (5, 5), (6, 6), (7, 7), (8, 8), (9, 9), (10, 10), (11, 11), (12, 78), (13, 42), (79, 43), (14, 44), (15, 45), (16, 16), (78, 76), (17, 17), (18, 18), (19, 19), (20, 20), (21, 21), (22, 22), (23, 23), (24, 24), (25, 25), (26, 26), (27, 27), (28, 28), (29, 29), (30, 30), (31, 31), (32, 32), (77, 49), (33, 33), (34, 34), (35, 35), (36, 36), (37, 37), (38, 38), (39, 39), (40, 40), (41, 41), (76, 0), (42, 73), (43, 77), (44, 12), (45, 13), (46, 46), (47, 47), (48, 48), (49, 79), (50, 50), (51, 51), (52, 52), (53, 53), (54, 54), (55, 55), (56, 56), (57, 57), (58, 58), (75, 74), (59, 59), (60, 60), (61, 61), (62, 62), (63, 63), (64, 64), (65, 65), (66, 66), (67, 67), (68, 68), (69, 69), (70, 70), (71, 71), (74, 75), (72, 14), (73, 15)]
index list: [72, 1, 2, 3, 4, 5, 6, 7, 8, 9, 10, 11, 78, 42, 43, 44, 45, 16, 76, 17, 18, 19, 20, 21, 22, 23, 24, 25, 26, 27, 28, 29, 30, 31, 32, 49, 33, 34, 35, 36, 37, 38, 39, 40, 41, 0, 73, 77, 12, 13, 46, 47, 48, 79, 50, 51, 52, 53, 54, 55, 56, 57, 58, 74, 59, 60, 61, 62, 63, 64, 65, 66, 67, 68, 69, 70, 71, 75, 14, 15]
index list energy: 159104.9478142109
Done


iterations: 10000000 temp: 1000000.0 exponent: 0.7 eif: 300.0
time taken (sec): 1040.9665768146515
number of iterations: 10000000
og index list: [(0, 63), (1, 44), (2, 29), (3, 26), (4, 62), (5, 75), (6, 32), (7, 27), (8, 76), (9, 22), (10, 55), (11, 21), (12, 39), (13, 9), (79, 17), (14, 78), (15, 67), (16, 53), (78, 40), (17, 50), (18, 2), (19, 49), (20, 18), (21, 73), (22, 7), (23, 4), (24, 71), (25, 77), (26, 24), (27, 57), (28, 31), (29, 23), (30, 38), (31, 37), (32, 74), (77, 12), (33, 13), (34, 33), (35, 72), (36, 58), (37, 64), (38, 70), (39, 42), (40, 14), (41, 8), (76, 41), (42, 16), (43, 47), (44, 10), (45, 56), (46, 48), (47, 5), (48, 30), (49, 66), (50, 19), (51, 34), (52, 0), (53, 79), (54, 69), (55, 3), (56, 61), (57, 20), (58, 11), (75, 46), (59, 52), (60, 35), (61, 65), (62, 68), (63, 1), (64, 54), (65, 6), (66, 36), (67, 43), (68, 28), (69, 51), (70, 45), (71, 60), (74, 15), (72, 25), (73, 59)]
og index list energy: 94339866.5222828
index_list: [(0, 0), (1, 1), (2, 2), (3, 3), (4, 4), (5, 5), (6, 6), (7, 7), (8, 8), (9, 9), (10, 10), (11, 11), (12, 12), (13, 13), (79, 79), (14, 14), (15, 15), (16, 16), (78, 76), (17, 17), (18, 18), (19, 19), (20, 20), (21, 21), (22, 22), (23, 23), (24, 24), (25, 25), (26, 26), (27, 27), (28, 28), (29, 29), (30, 30), (31, 31), (32, 32), (77, 77), (33, 33), (34, 34), (35, 35), (36, 36), (37, 37), (38, 38), (39, 39), (40, 40), (41, 41), (76, 49), (42, 42), (43, 43), (44, 44), (45, 45), (46, 46), (47, 47), (48, 48), (49, 75), (50, 50), (51, 51), (52, 52), (53, 53), (54, 54), (55, 55), (56, 56), (57, 57), (58, 58), (75, 74), (59, 59), (60, 60), (61, 61), (62, 62), (63, 63), (64, 64), (65, 65), (66, 66), (67, 67), (68, 68), (69, 69), (70, 70), (71, 71), (74, 78), (72, 72), (73, 73)]
index list: [0, 1, 2, 3, 4, 5, 6, 7, 8, 9, 10, 11, 12, 13, 79, 14, 15, 16, 76, 17, 18, 19, 20, 21, 22, 23, 24, 25, 26, 27, 28, 29, 30, 31, 32, 77, 33, 34, 35, 36, 37, 38, 39, 40, 41, 49, 42, 43, 44, 45, 46, 47, 48, 75, 50, 51, 52, 53, 54, 55, 56, 57, 58, 74, 59, 60, 61, 62, 63, 64, 65, 66, 67, 68, 69, 70, 71, 78, 72, 73]
index list energy: 98209.82393678775
Done


iterations: 10000000 temp: 1000000.0 exponent: 0.7 eif: 300.0
time taken (sec): 1056.2133169174194
number of iterations: 10000000
og index list: [(0, 72), (1, 65), (2, 70), (3, 73), (4, 66), (5, 0), (6, 5), (7, 4), (8, 53), (9, 37), (10, 55), (11, 29), (12, 20), (13, 42), (79, 59), (14, 12), (15, 41), (16, 32), (78, 18), (17, 79), (18, 24), (19, 45), (20, 6), (21, 77), (22, 52), (23, 48), (24, 62), (25, 35), (26, 78), (27, 15), (28, 75), (29, 38), (30, 11), (31, 40), (32, 10), (77, 30), (33, 33), (34, 14), (35, 2), (36, 64), (37, 23), (38, 27), (39, 67), (40, 61), (41, 49), (76, 31), (42, 8), (43, 46), (44, 47), (45, 44), (46, 7), (47, 21), (48, 26), (49, 36), (50, 60), (51, 51), (52, 34), (53, 3), (54, 63), (55, 22), (56, 13), (57, 69), (58, 56), (75, 50), (59, 68), (60, 25), (61, 58), (62, 9), (63, 1), (64, 71), (65, 74), (66, 57), (67, 16), (68, 19), (69, 17), (70, 54), (71, 76), (74, 28), (72, 43), (73, 39)]
og index list energy: 115124862.95513742
index_list: [(0, 0), (1, 1), (2, 2), (3, 3), (4, 4), (5, 5), (6, 6), (7, 7), (8, 8), (9, 9), (10, 10), (11, 11), (12, 12), (13, 13), (79, 74), (14, 14), (15, 15), (16, 16), (78, 75), (17, 17), (18, 18), (19, 19), (20, 20), (21, 21), (22, 22), (23, 23), (24, 24), (25, 25), (26, 26), (27, 27), (28, 28), (29, 29), (30, 30), (31, 31), (32, 32), (77, 49), (33, 33), (34, 34), (35, 35), (36, 36), (37, 37), (38, 38), (39, 39), (40, 40), (41, 41), (76, 76), (42, 42), (43, 43), (44, 44), (45, 45), (46, 46), (47, 47), (48, 48), (49, 77), (50, 50), (51, 51), (52, 52), (53, 53), (54, 54), (55, 55), (56, 56), (57, 57), (58, 58), (75, 78), (59, 59), (60, 60), (61, 61), (62, 62), (63, 63), (64, 64), (65, 65), (66, 66), (67, 67), (68, 68), (69, 69), (70, 70), (71, 71), (74, 79), (72, 72), (73, 73)]
index list: [0, 1, 2, 3, 4, 5, 6, 7, 8, 9, 10, 11, 12, 13, 74, 14, 15, 16, 75, 17, 18, 19, 20, 21, 22, 23, 24, 25, 26, 27, 28, 29, 30, 31, 32, 49, 33, 34, 35, 36, 37, 38, 39, 40, 41, 76, 42, 43, 44, 45, 46, 47, 48, 77, 50, 51, 52, 53, 54, 55, 56, 57, 58, 78, 59, 60, 61, 62, 63, 64, 65, 66, 67, 68, 69, 70, 71, 79, 72, 73]
index list energy: 98209.82393678775
Done


iterations: 10000000 temp: 1000000.0 exponent: 0.7 eif: 300.0
time taken (sec): 1035.1658251285553
number of iterations: 10000000
og index list: [(0, 9), (1, 49), (2, 33), (3, 23), (4, 15), (5, 54), (6, 51), (7, 19), (8, 48), (9, 0), (10, 46), (11, 35), (12, 78), (13, 36), (79, 63), (14, 64), (15, 18), (16, 34), (78, 74), (17, 38), (18, 1), (19, 29), (20, 75), (21, 43), (22, 47), (23, 39), (24, 73), (25, 2), (26, 60), (27, 32), (28, 50), (29, 5), (30, 7), (31, 12), (32, 14), (77, 17), (33, 68), (34, 4), (35, 24), (36, 30), (37, 37), (38, 67), (39, 76), (40, 20), (41, 40), (76, 27), (42, 57), (43, 53), (44, 45), (45, 10), (46, 42), (47, 70), (48, 55), (49, 28), (50, 52), (51, 26), (52, 25), (53, 61), (54, 6), (55, 56), (56, 59), (57, 79), (58, 31), (75, 66), (59, 13), (60, 58), (61, 3), (62, 11), (63, 77), (64, 69), (65, 16), (66, 65), (67, 8), (68, 72), (69, 44), (70, 21), (71, 71), (74, 62), (72, 41), (73, 22)]
og index list energy: 94869791.18575025
index_list: [(0, 0), (1, 1), (2, 2), (3, 3), (4, 4), (5, 5), (6, 6), (7, 7), (8, 8), (9, 9), (10, 10), (11, 11), (12, 12), (13, 13), (79, 75), (14, 14), (15, 15), (16, 16), (78, 78), (17, 17), (18, 18), (19, 19), (20, 20), (21, 21), (22, 22), (23, 23), (24, 24), (25, 25), (26, 26), (27, 27), (28, 28), (29, 29), (30, 30), (31, 31), (32, 32), (77, 76), (33, 33), (34, 34), (35, 35), (36, 36), (37, 37), (38, 38), (39, 39), (40, 40), (41, 41), (76, 74), (42, 42), (43, 43), (44, 44), (45, 45), (46, 46), (47, 47), (48, 48), (49, 77), (50, 50), (51, 51), (52, 52), (53, 53), (54, 54), (55, 55), (56, 56), (57, 57), (58, 58), (75, 49), (59, 59), (60, 60), (61, 61), (62, 62), (63, 63), (64, 64), (65, 65), (66, 66), (67, 67), (68, 68), (69, 69), (70, 70), (71, 71), (74, 79), (72, 72), (73, 73)]
index list: [0, 1, 2, 3, 4, 5, 6, 7, 8, 9, 10, 11, 12, 13, 75, 14, 15, 16, 78, 17, 18, 19, 20, 21, 22, 23, 24, 25, 26, 27, 28, 29, 30, 31, 32, 76, 33, 34, 35, 36, 37, 38, 39, 40, 41, 74, 42, 43, 44, 45, 46, 47, 48, 77, 50, 51, 52, 53, 54, 55, 56, 57, 58, 49, 59, 60, 61, 62, 63, 64, 65, 66, 67, 68, 69, 70, 71, 79, 72, 73]
index list energy: 98209.82393678775
Done


iterations: 10000000 temp: 1000000.0 exponent: 0.7 eif: 300.0
time taken (sec): 1068.316101551056
number of iterations: 10000000
og index list: [(0, 10), (1, 27), (2, 20), (3, 65), (4, 57), (5, 69), (6, 32), (7, 46), (8, 59), (9, 66), (10, 29), (11, 22), (12, 18), (13, 17), (79, 33), (14, 79), (15, 2), (16, 23), (78, 3), (17, 38), (18, 71), (19, 34), (20, 14), (21, 53), (22, 15), (23, 8), (24, 36), (25, 40), (26, 19), (27, 76), (28, 25), (29, 60), (30, 42), (31, 78), (32, 75), (77, 68), (33, 12), (34, 41), (35, 39), (36, 73), (37, 6), (38, 63), (39, 52), (40, 24), (41, 1), (76, 7), (42, 70), (43, 64), (44, 44), (45, 62), (46, 61), (47, 47), (48, 0), (49, 72), (50, 13), (51, 48), (52, 45), (53, 51), (54, 31), (55, 28), (56, 54), (57, 16), (58, 58), (75, 35), (59, 55), (60, 49), (61, 4), (62, 50), (63, 56), (64, 9), (65, 21), (66, 77), (67, 67), (68, 11), (69, 74), (70, 26), (71, 5), (74, 43), (72, 30), (73, 37)]
og index list energy: 92735343.90641697
index_list: [(0, 0), (1, 1), (2, 2), (3, 3), (4, 4), (5, 5), (6, 6), (7, 7), (8, 8), (9, 9), (10, 10), (11, 11), (12, 12), (13, 13), (79, 49), (14, 14), (15, 15), (16, 16), (78, 79), (17, 17), (18, 18), (19, 19), (20, 20), (21, 21), (22, 22), (23, 23), (24, 24), (25, 25), (26, 26), (27, 27), (28, 28), (29, 29), (30, 30), (31, 31), (32, 32), (77, 78), (33, 33), (34, 34), (35, 35), (36, 36), (37, 37), (38, 38), (39, 39), (40, 40), (41, 41), (76, 75), (42, 42), (43, 43), (44, 44), (45, 45), (46, 46), (47, 47), (48, 48), (49, 74), (50, 50), (51, 51), (52, 52), (53, 53), (54, 54), (55, 55), (56, 56), (57, 57), (58, 58), (75, 76), (59, 59), (60, 60), (61, 61), (62, 62), (63, 63), (64, 64), (65, 65), (66, 66), (67, 67), (68, 68), (69, 69), (70, 70), (71, 71), (74, 77), (72, 72), (73, 73)]
index list: [0, 1, 2, 3, 4, 5, 6, 7, 8, 9, 10, 11, 12, 13, 49, 14, 15, 16, 79, 17, 18, 19, 20, 21, 22, 23, 24, 25, 26, 27, 28, 29, 30, 31, 32, 78, 33, 34, 35, 36, 37, 38, 39, 40, 41, 75, 42, 43, 44, 45, 46, 47, 48, 74, 50, 51, 52, 53, 54, 55, 56, 57, 58, 76, 59, 60, 61, 62, 63, 64, 65, 66, 67, 68, 69, 70, 71, 77, 72, 73]
index list energy: 98209.82393678775
Done


iterations: 10000000 temp: 1000000.0 exponent: 0.7 eif: 300.0
time taken (sec): 1053.695354938507
number of iterations: 10000000
og index list: [(0, 64), (1, 13), (2, 71), (3, 5), (4, 16), (5, 1), (6, 6), (7, 23), (8, 53), (9, 75), (10, 37), (11, 20), (12, 19), (13, 65), (79, 17), (14, 52), (15, 66), (16, 55), (78, 49), (17, 51), (18, 26), (19, 45), (20, 15), (21, 7), (22, 62), (23, 2), (24, 25), (25, 14), (26, 57), (27, 60), (28, 21), (29, 54), (30, 40), (31, 28), (32, 24), (77, 61), (33, 3), (34, 34), (35, 22), (36, 9), (37, 59), (38, 43), (39, 44), (40, 12), (41, 63), (76, 42), (42, 77), (43, 18), (44, 27), (45, 67), (46, 33), (47, 50), (48, 58), (49, 10), (50, 29), (51, 70), (52, 0), (53, 4), (54, 8), (55, 79), (56, 35), (57, 36), (58, 11), (75, 41), (59, 73), (60, 78), (61, 76), (62, 69), (63, 47), (64, 48), (65, 72), (66, 56), (67, 32), (68, 31), (69, 74), (70, 68), (71, 46), (74, 39), (72, 38), (73, 30)]
og index list energy: 139262247.34723625
index_list: [(0, 0), (1, 1), (2, 2), (3, 3), (4, 4), (5, 5), (6, 6), (7, 7), (8, 8), (9, 9), (10, 10), (11, 11), (12, 12), (13, 13), (79, 49), (14, 14), (15, 15), (16, 16), (78, 75), (17, 17), (18, 18), (19, 19), (20, 20), (21, 21), (22, 22), (23, 23), (24, 24), (25, 25), (26, 26), (27, 27), (28, 28), (29, 29), (30, 30), (31, 31), (32, 32), (77, 74), (33, 33), (34, 34), (35, 35), (36, 36), (37, 37), (38, 38), (39, 39), (40, 40), (41, 41), (76, 78), (42, 42), (43, 43), (44, 44), (45, 45), (46, 46), (47, 47), (48, 48), (49, 77), (50, 50), (51, 51), (52, 52), (53, 53), (54, 54), (55, 55), (56, 56), (57, 57), (58, 58), (75, 79), (59, 59), (60, 60), (61, 61), (62, 62), (63, 63), (64, 64), (65, 65), (66, 66), (67, 67), (68, 68), (69, 69), (70, 70), (71, 71), (74, 76), (72, 72), (73, 73)]
index list: [0, 1, 2, 3, 4, 5, 6, 7, 8, 9, 10, 11, 12, 13, 49, 14, 15, 16, 75, 17, 18, 19, 20, 21, 22, 23, 24, 25, 26, 27, 28, 29, 30, 31, 32, 74, 33, 34, 35, 36, 37, 38, 39, 40, 41, 78, 42, 43, 44, 45, 46, 47, 48, 77, 50, 51, 52, 53, 54, 55, 56, 57, 58, 79, 59, 60, 61, 62, 63, 64, 65, 66, 67, 68, 69, 70, 71, 76, 72, 73]
index list energy: 98209.82393678775
Done


iterations: 10000000 temp: 1000000.0 exponent: 0.7 eif: 300.0
time taken (sec): 987.0012173652649
number of iterations: 10000000
og index list: [(0, 47), (1, 4), (2, 26), (3, 9), (4, 62), (5, 18), (6, 21), (7, 56), (8, 74), (9, 1), (10, 64), (11, 12), (12, 50), (13, 34), (79, 0), (14, 38), (15, 8), (16, 28), (78, 20), (17, 19), (18, 40), (19, 13), (20, 71), (21, 17), (22, 70), (23, 57), (24, 48), (25, 52), (26, 33), (27, 45), (28, 44), (29, 32), (30, 54), (31, 35), (32, 65), (77, 42), (33, 10), (34, 15), (35, 77), (36, 69), (37, 6), (38, 46), (39, 37), (40, 24), (41, 14), (76, 41), (42, 43), (43, 29), (44, 49), (45, 53), (46, 73), (47, 76), (48, 36), (49, 63), (50, 51), (51, 5), (52, 59), (53, 2), (54, 78), (55, 68), (56, 25), (57, 61), (58, 60), (75, 11), (59, 27), (60, 75), (61, 67), (62, 23), (63, 79), (64, 31), (65, 55), (66, 66), (67, 39), (68, 22), (69, 72), (70, 7), (71, 3), (74, 58), (72, 30), (73, 16)]
og index list energy: 123764011.97445555
index_list: [(0, 72), (1, 1), (2, 2), (3, 3), (4, 4), (5, 5), (6, 6), (7, 7), (8, 8), (9, 9), (10, 10), (11, 11), (12, 12), (13, 13), (79, 77), (14, 14), (15, 15), (16, 16), (78, 49), (17, 17), (18, 18), (19, 19), (20, 20), (21, 21), (22, 22), (23, 23), (24, 24), (25, 25), (26, 26), (27, 27), (28, 28), (29, 29), (30, 30), (31, 31), (32, 32), (77, 79), (33, 36), (34, 37), (35, 38), (36, 48), (37, 78), (38, 40), (39, 41), (40, 74), (41, 42), (76, 43), (42, 44), (43, 45), (44, 46), (45, 47), (46, 39), (47, 76), (48, 33), (49, 34), (50, 35), (51, 51), (52, 52), (53, 53), (54, 54), (55, 55), (56, 56), (57, 57), (58, 58), (75, 75), (59, 59), (60, 60), (61, 61), (62, 62), (63, 63), (64, 64), (65, 65), (66, 66), (67, 67), (68, 68), (69, 69), (70, 70), (71, 71), (74, 0), (72, 73), (73, 50)]
index list: [72, 1, 2, 3, 4, 5, 6, 7, 8, 9, 10, 11, 12, 13, 77, 14, 15, 16, 49, 17, 18, 19, 20, 21, 22, 23, 24, 25, 26, 27, 28, 29, 30, 31, 32, 79, 36, 37, 38, 48, 78, 40, 41, 74, 42, 43, 44, 45, 46, 47, 39, 76, 33, 34, 35, 51, 52, 53, 54, 55, 56, 57, 58, 75, 59, 60, 61, 62, 63, 64, 65, 66, 67, 68, 69, 70, 71, 0, 73, 50]
index list energy: 234038.50082259192
Done


iterations: 10000000 temp: 1000000.0 exponent: 0.7 eif: 300.0
time taken (sec): 1020.8928093910217
number of iterations: 10000000
og index list: [(0, 2), (1, 6), (2, 64), (3, 57), (4, 12), (5, 9), (6, 17), (7, 69), (8, 21), (9, 50), (10, 49), (11, 65), (12, 66), (13, 18), (79, 23), (14, 62), (15, 44), (16, 63), (78, 68), (17, 20), (18, 56), (19, 75), (20, 79), (21, 46), (22, 74), (23, 39), (24, 67), (25, 45), (26, 70), (27, 55), (28, 77), (29, 36), (30, 11), (31, 16), (32, 47), (77, 22), (33, 26), (34, 71), (35, 72), (36, 19), (37, 33), (38, 7), (39, 61), (40, 78), (41, 54), (76, 60), (42, 58), (43, 5), (44, 76), (45, 29), (46, 27), (47, 59), (48, 48), (49, 13), (50, 52), (51, 14), (52, 73), (53, 3), (54, 8), (55, 1), (56, 35), (57, 15), (58, 34), (75, 24), (59, 38), (60, 53), (61, 42), (62, 25), (63, 4), (64, 10), (65, 41), (66, 40), (67, 32), (68, 31), (69, 30), (70, 43), (71, 28), (74, 51), (72, 37), (73, 0)]
og index list energy: 136011898.8423977
index_list: [(0, 72), (1, 1), (2, 2), (3, 3), (4, 4), (5, 5), (6, 6), (7, 7), (8, 8), (9, 9), (10, 10), (11, 11), (12, 12), (13, 13), (79, 77), (14, 14), (15, 15), (16, 16), (78, 49), (17, 17), (18, 18), (19, 19), (20, 20), (21, 21), (22, 22), (23, 23), (24, 24), (25, 25), (26, 26), (27, 27), (28, 28), (29, 29), (30, 30), (31, 31), (32, 32), (77, 79), (33, 33), (34, 34), (35, 35), (36, 36), (37, 37), (38, 38), (39, 39), (40, 40), (41, 41), (76, 76), (42, 42), (43, 43), (44, 44), (45, 45), (46, 46), (47, 47), (48, 48), (49, 78), (50, 50), (51, 51), (52, 52), (53, 53), (54, 54), (55, 55), (56, 56), (57, 57), (58, 58), (75, 74), (59, 59), (60, 60), (61, 61), (62, 62), (63, 63), (64, 64), (65, 65), (66, 66), (67, 67), (68, 68), (69, 69), (70, 75), (71, 70), (74, 71), (72, 0), (73, 73)]
index list: [72, 1, 2, 3, 4, 5, 6, 7, 8, 9, 10, 11, 12, 13, 77, 14, 15, 16, 49, 17, 18, 19, 20, 21, 22, 23, 24, 25, 26, 27, 28, 29, 30, 31, 32, 79, 33, 34, 35, 36, 37, 38, 39, 40, 41, 76, 42, 43, 44, 45, 46, 47, 48, 78, 50, 51, 52, 53, 54, 55, 56, 57, 58, 74, 59, 60, 61, 62, 63, 64, 65, 66, 67, 68, 69, 75, 70, 71, 0, 73]
index list energy: 107296.47380722837
Done


iterations: 10000000 temp: 1000000.0 exponent: 0.7 eif: 300.0
time taken (sec): 980.1433501243591
number of iterations: 10000000
og index list: [(0, 20), (1, 2), (2, 15), (3, 34), (4, 14), (5, 9), (6, 26), (7, 58), (8, 29), (9, 74), (10, 3), (11, 43), (12, 19), (13, 46), (79, 63), (14, 11), (15, 25), (16, 4), (78, 69), (17, 61), (18, 73), (19, 31), (20, 53), (21, 33), (22, 5), (23, 51), (24, 59), (25, 68), (26, 22), (27, 57), (28, 44), (29, 76), (30, 36), (31, 64), (32, 77), (77, 21), (33, 49), (34, 30), (35, 23), (36, 17), (37, 0), (38, 66), (39, 65), (40, 52), (41, 37), (76, 12), (42, 45), (43, 47), (44, 75), (45, 50), (46, 42), (47, 6), (48, 24), (49, 56), (50, 67), (51, 7), (52, 10), (53, 8), (54, 79), (55, 48), (56, 55), (57, 27), (58, 35), (75, 41), (59, 1), (60, 72), (61, 18), (62, 78), (63, 60), (64, 54), (65, 32), (66, 13), (67, 39), (68, 38), (69, 16), (70, 62), (71, 28), (74, 70), (72, 71), (73, 40)]
og index list energy: 119559386.63039629
index_list: [(0, 72), (1, 1), (2, 2), (3, 3), (4, 4), (5, 5), (6, 6), (7, 7), (8, 8), (9, 9), (10, 10), (11, 11), (12, 12), (13, 13), (79, 77), (14, 14), (15, 15), (16, 16), (78, 74), (17, 17), (18, 18), (19, 19), (20, 20), (21, 21), (22, 22), (23, 23), (24, 24), (25, 25), (26, 26), (27, 27), (28, 28), (29, 29), (30, 30), (31, 31), (32, 46), (77, 47), (33, 48), (34, 34), (35, 75), (36, 33), (37, 37), (38, 38), (39, 39), (40, 40), (41, 41), (76, 0), (42, 73), (43, 78), (44, 42), (45, 43), (46, 44), (47, 45), (48, 36), (49, 76), (50, 50), (51, 51), (52, 52), (53, 53), (54, 54), (55, 55), (56, 56), (57, 57), (58, 58), (75, 79), (59, 59), (60, 60), (61, 61), (62, 62), (63, 63), (64, 64), (65, 65), (66, 66), (67, 67), (68, 68), (69, 69), (70, 70), (71, 71), (74, 49), (72, 35), (73, 32)]
index list: [72, 1, 2, 3, 4, 5, 6, 7, 8, 9, 10, 11, 12, 13, 77, 14, 15, 16, 74, 17, 18, 19, 20, 21, 22, 23, 24, 25, 26, 27, 28, 29, 30, 31, 46, 47, 48, 34, 75, 33, 37, 38, 39, 40, 41, 0, 73, 78, 42, 43, 44, 45, 36, 76, 50, 51, 52, 53, 54, 55, 56, 57, 58, 79, 59, 60, 61, 62, 63, 64, 65, 66, 67, 68, 69, 70, 71, 49, 35, 32]
index list energy: 176499.9047532292
Done


iterations: 10000000 temp: 1000000.0 exponent: 0.7 eif: 300.0
time taken (sec): 1060.258379459381
number of iterations: 10000000
og index list: [(0, 50), (1, 26), (2, 15), (3, 20), (4, 40), (5, 65), (6, 79), (7, 38), (8, 54), (9, 8), (10, 62), (11, 77), (12, 48), (13, 43), (79, 75), (14, 29), (15, 24), (16, 19), (78, 22), (17, 17), (18, 60), (19, 5), (20, 6), (21, 12), (22, 45), (23, 53), (24, 46), (25, 58), (26, 64), (27, 67), (28, 39), (29, 14), (30, 21), (31, 32), (32, 78), (77, 74), (33, 28), (34, 7), (35, 69), (36, 66), (37, 34), (38, 35), (39, 1), (40, 56), (41, 37), (76, 31), (42, 73), (43, 0), (44, 30), (45, 59), (46, 9), (47, 44), (48, 10), (49, 13), (50, 36), (51, 55), (52, 72), (53, 25), (54, 47), (55, 2), (56, 42), (57, 11), (58, 76), (75, 71), (59, 33), (60, 16), (61, 52), (62, 23), (63, 4), (64, 70), (65, 68), (66, 18), (67, 49), (68, 3), (69, 51), (70, 61), (71, 41), (74, 63), (72, 57), (73, 27)]
og index list energy: 100570431.72748557
index_list: [(0, 0), (1, 1), (2, 2), (3, 3), (4, 4), (5, 5), (6, 6), (7, 7), (8, 8), (9, 9), (10, 10), (11, 11), (12, 12), (13, 13), (79, 77), (14, 14), (15, 15), (16, 16), (78, 76), (17, 17), (18, 18), (19, 19), (20, 20), (21, 21), (22, 22), (23, 23), (24, 24), (25, 25), (26, 26), (27, 27), (28, 28), (29, 29), (30, 30), (31, 31), (32, 32), (77, 49), (33, 33), (34, 34), (35, 35), (36, 36), (37, 37), (38, 38), (39, 39), (40, 40), (41, 41), (76, 74), (42, 42), (43, 43), (44, 44), (45, 45), (46, 46), (47, 47), (48, 48), (49, 79), (50, 50), (51, 51), (52, 52), (53, 53), (54, 54), (55, 55), (56, 56), (57, 57), (58, 58), (75, 78), (59, 59), (60, 60), (61, 61), (62, 62), (63, 63), (64, 64), (65, 65), (66, 66), (67, 67), (68, 68), (69, 69), (70, 70), (71, 71), (74, 75), (72, 72), (73, 73)]
index list: [0, 1, 2, 3, 4, 5, 6, 7, 8, 9, 10, 11, 12, 13, 77, 14, 15, 16, 76, 17, 18, 19, 20, 21, 22, 23, 24, 25, 26, 27, 28, 29, 30, 31, 32, 49, 33, 34, 35, 36, 37, 38, 39, 40, 41, 74, 42, 43, 44, 45, 46, 47, 48, 79, 50, 51, 52, 53, 54, 55, 56, 57, 58, 78, 59, 60, 61, 62, 63, 64, 65, 66, 67, 68, 69, 70, 71, 75, 72, 73]
index list energy: 98209.82393678775
Done


iterations: 10000000 temp: 1000000.0 exponent: 0.7 eif: 300.0
time taken (sec): 1061.2071318626404
number of iterations: 10000000
og index list: [(0, 36), (1, 0), (2, 32), (3, 19), (4, 29), (5, 42), (6, 23), (7, 5), (8, 49), (9, 70), (10, 45), (11, 57), (12, 27), (13, 67), (79, 56), (14, 79), (15, 71), (16, 16), (78, 20), (17, 64), (18, 1), (19, 7), (20, 35), (21, 61), (22, 34), (23, 33), (24, 18), (25, 30), (26, 62), (27, 37), (28, 40), (29, 25), (30, 15), (31, 74), (32, 41), (77, 58), (33, 38), (34, 78), (35, 3), (36, 9), (37, 65), (38, 4), (39, 13), (40, 54), (41, 26), (76, 10), (42, 73), (43, 11), (44, 44), (45, 53), (46, 63), (47, 17), (48, 46), (49, 31), (50, 66), (51, 75), (52, 72), (53, 21), (54, 47), (55, 22), (56, 12), (57, 28), (58, 76), (75, 69), (59, 77), (60, 39), (61, 6), (62, 52), (63, 51), (64, 55), (65, 50), (66, 60), (67, 24), (68, 43), (69, 48), (70, 14), (71, 68), (74, 59), (72, 8), (73, 2)]
og index list energy: 131121039.49199423
index_list: [(0, 0), (1, 1), (2, 2), (3, 3), (4, 4), (5, 5), (6, 6), (7, 7), (8, 8), (9, 9), (10, 10), (11, 11), (12, 12), (13, 13), (79, 74), (14, 14), (15, 15), (16, 16), (78, 49), (17, 17), (18, 18), (19, 19), (20, 20), (21, 21), (22, 22), (23, 23), (24, 24), (25, 25), (26, 26), (27, 27), (28, 28), (29, 29), (30, 30), (31, 31), (32, 32), (77, 75), (33, 33), (34, 34), (35, 35), (36, 36), (37, 37), (38, 38), (39, 39), (40, 40), (41, 41), (76, 76), (42, 42), (43, 43), (44, 44), (45, 45), (46, 46), (47, 47), (48, 48), (49, 77), (50, 50), (51, 51), (52, 52), (53, 53), (54, 54), (55, 55), (56, 56), (57, 57), (58, 58), (75, 78), (59, 59), (60, 60), (61, 61), (62, 62), (63, 63), (64, 64), (65, 65), (66, 66), (67, 67), (68, 68), (69, 69), (70, 70), (71, 71), (74, 79), (72, 72), (73, 73)]
index list: [0, 1, 2, 3, 4, 5, 6, 7, 8, 9, 10, 11, 12, 13, 74, 14, 15, 16, 49, 17, 18, 19, 20, 21, 22, 23, 24, 25, 26, 27, 28, 29, 30, 31, 32, 75, 33, 34, 35, 36, 37, 38, 39, 40, 41, 76, 42, 43, 44, 45, 46, 47, 48, 77, 50, 51, 52, 53, 54, 55, 56, 57, 58, 78, 59, 60, 61, 62, 63, 64, 65, 66, 67, 68, 69, 70, 71, 79, 72, 73]
index list energy: 98209.82393678775
Done


iterations: 10000000 temp: 1000000.0 exponent: 0.7 eif: 300.0
time taken (sec): 960.087598323822
number of iterations: 10000000
og index list: [(0, 22), (1, 51), (2, 75), (3, 73), (4, 55), (5, 48), (6, 27), (7, 16), (8, 30), (9, 14), (10, 58), (11, 15), (12, 46), (13, 67), (79, 50), (14, 68), (15, 61), (16, 70), (78, 65), (17, 79), (18, 9), (19, 62), (20, 66), (21, 17), (22, 32), (23, 7), (24, 52), (25, 13), (26, 11), (27, 19), (28, 47), (29, 64), (30, 57), (31, 69), (32, 24), (77, 40), (33, 20), (34, 72), (35, 44), (36, 45), (37, 56), (38, 43), (39, 41), (40, 78), (41, 25), (76, 54), (42, 42), (43, 34), (44, 3), (45, 35), (46, 60), (47, 31), (48, 18), (49, 6), (50, 37), (51, 1), (52, 28), (53, 23), (54, 12), (55, 36), (56, 8), (57, 59), (58, 71), (75, 63), (59, 26), (60, 76), (61, 5), (62, 74), (63, 49), (64, 4), (65, 33), (66, 38), (67, 0), (68, 77), (69, 29), (70, 10), (71, 39), (74, 53), (72, 21), (73, 2)]
og index list energy: 89159284.41997725
index_list: [(0, 72), (1, 1), (2, 2), (3, 3), (4, 4), (5, 5), (6, 76), (7, 17), (8, 18), (9, 6), (10, 7), (11, 8), (12, 9), (13, 10), (79, 11), (14, 12), (15, 13), (16, 16), (78, 0), (17, 73), (18, 78), (19, 19), (20, 20), (21, 21), (22, 22), (23, 23), (24, 24), (25, 25), (26, 26), (27, 27), (28, 28), (29, 29), (30, 30), (31, 31), (32, 32), (77, 79), (33, 33), (34, 34), (35, 35), (36, 36), (37, 37), (38, 38), (39, 39), (40, 40), (41, 41), (76, 49), (42, 42), (43, 43), (44, 44), (45, 45), (46, 46), (47, 47), (48, 48), (49, 75), (50, 15), (51, 51), (52, 52), (53, 53), (54, 54), (55, 55), (56, 56), (57, 57), (58, 58), (75, 74), (59, 59), (60, 60), (61, 61), (62, 62), (63, 63), (64, 64), (65, 65), (66, 66), (67, 67), (68, 68), (69, 69), (70, 70), (71, 71), (74, 50), (72, 77), (73, 14)]
index list: [72, 1, 2, 3, 4, 5, 76, 17, 18, 6, 7, 8, 9, 10, 11, 12, 13, 16, 0, 73, 78, 19, 20, 21, 22, 23, 24, 25, 26, 27, 28, 29, 30, 31, 32, 79, 33, 34, 35, 36, 37, 38, 39, 40, 41, 49, 42, 43, 44, 45, 46, 47, 48, 75, 15, 51, 52, 53, 54, 55, 56, 57, 58, 74, 59, 60, 61, 62, 63, 64, 65, 66, 67, 68, 69, 70, 71, 50, 77, 14]
index list energy: 174472.3004992676
Done


iterations: 10000000 temp: 1000000.0 exponent: 0.7 eif: 300.0
time taken (sec): 1048.561410188675
number of iterations: 10000000
og index list: [(0, 26), (1, 15), (2, 51), (3, 19), (4, 66), (5, 8), (6, 0), (7, 7), (8, 59), (9, 78), (10, 61), (11, 16), (12, 5), (13, 14), (79, 27), (14, 48), (15, 28), (16, 36), (78, 76), (17, 17), (18, 32), (19, 73), (20, 50), (21, 22), (22, 1), (23, 29), (24, 10), (25, 70), (26, 64), (27, 68), (28, 31), (29, 20), (30, 75), (31, 11), (32, 30), (77, 38), (33, 49), (34, 63), (35, 9), (36, 65), (37, 67), (38, 44), (39, 52), (40, 47), (41, 23), (76, 69), (42, 58), (43, 43), (44, 60), (45, 79), (46, 40), (47, 46), (48, 45), (49, 33), (50, 57), (51, 41), (52, 77), (53, 53), (54, 25), (55, 37), (56, 6), (57, 54), (58, 12), (75, 35), (59, 72), (60, 4), (61, 3), (62, 24), (63, 56), (64, 39), (65, 42), (66, 71), (67, 2), (68, 21), (69, 74), (70, 62), (71, 13), (74, 18), (72, 34), (73, 55)]
og index list energy: 111233381.23560417
index_list: [(0, 0), (1, 1), (2, 2), (3, 3), (4, 4), (5, 5), (6, 6), (7, 7), (8, 8), (9, 9), (10, 10), (11, 11), (12, 12), (13, 13), (79, 74), (14, 14), (15, 15), (16, 16), (78, 78), (17, 17), (18, 18), (19, 19), (20, 20), (21, 21), (22, 22), (23, 23), (24, 24), (25, 25), (26, 26), (27, 27), (28, 28), (29, 29), (30, 30), (31, 31), (32, 32), (77, 76), (33, 33), (34, 34), (35, 35), (36, 36), (37, 37), (38, 38), (39, 39), (40, 40), (41, 41), (76, 77), (42, 42), (43, 43), (44, 44), (45, 45), (46, 46), (47, 47), (48, 48), (49, 79), (50, 50), (51, 51), (52, 52), (53, 53), (54, 54), (55, 55), (56, 56), (57, 57), (58, 58), (75, 75), (59, 59), (60, 60), (61, 61), (62, 62), (63, 63), (64, 64), (65, 65), (66, 66), (67, 67), (68, 68), (69, 69), (70, 70), (71, 71), (74, 49), (72, 72), (73, 73)]
index list: [0, 1, 2, 3, 4, 5, 6, 7, 8, 9, 10, 11, 12, 13, 74, 14, 15, 16, 78, 17, 18, 19, 20, 21, 22, 23, 24, 25, 26, 27, 28, 29, 30, 31, 32, 76, 33, 34, 35, 36, 37, 38, 39, 40, 41, 77, 42, 43, 44, 45, 46, 47, 48, 79, 50, 51, 52, 53, 54, 55, 56, 57, 58, 75, 59, 60, 61, 62, 63, 64, 65, 66, 67, 68, 69, 70, 71, 49, 72, 73]
index list energy: 98209.82393678775
Done


iterations: 10000000 temp: 1000000.0 exponent: 0.7 eif: 300.0
time taken (sec): 1012.5403203964233
number of iterations: 10000000
og index list: [(0, 23), (1, 14), (2, 43), (3, 52), (4, 6), (5, 71), (6, 10), (7, 15), (8, 61), (9, 62), (10, 21), (11, 45), (12, 35), (13, 65), (79, 73), (14, 22), (15, 1), (16, 54), (78, 50), (17, 11), (18, 75), (19, 32), (20, 24), (21, 33), (22, 67), (23, 0), (24, 41), (25, 66), (26, 38), (27, 28), (28, 68), (29, 16), (30, 26), (31, 49), (32, 76), (77, 13), (33, 37), (34, 5), (35, 53), (36, 39), (37, 78), (38, 25), (39, 31), (40, 69), (41, 60), (76, 70), (42, 4), (43, 72), (44, 44), (45, 19), (46, 29), (47, 3), (48, 48), (49, 2), (50, 12), (51, 74), (52, 9), (53, 8), (54, 47), (55, 64), (56, 34), (57, 40), (58, 7), (75, 58), (59, 30), (60, 46), (61, 79), (62, 57), (63, 42), (64, 36), (65, 56), (66, 59), (67, 77), (68, 20), (69, 63), (70, 17), (71, 51), (74, 27), (72, 55), (73, 18)]
og index list energy: 112891908.72329894
index_list: [(0, 72), (1, 1), (2, 2), (3, 3), (4, 4), (5, 5), (6, 6), (7, 7), (8, 8), (9, 9), (10, 10), (11, 11), (12, 12), (13, 13), (79, 77), (14, 14), (15, 15), (16, 16), (78, 75), (17, 17), (18, 18), (19, 19), (20, 20), (21, 21), (22, 22), (23, 23), (24, 24), (25, 25), (26, 26), (27, 27), (28, 28), (29, 29), (30, 30), (31, 31), (32, 32), (77, 78), (33, 33), (34, 34), (35, 35), (36, 36), (37, 37), (38, 38), (39, 39), (40, 40), (41, 41), (76, 71), (42, 74), (43, 42), (44, 43), (45, 44), (46, 45), (47, 46), (48, 48), (49, 49), (50, 50), (51, 51), (52, 52), (53, 53), (54, 54), (55, 55), (56, 56), (57, 57), (58, 58), (75, 76), (59, 59), (60, 60), (61, 61), (62, 62), (63, 63), (64, 64), (65, 65), (66, 66), (67, 67), (68, 68), (69, 69), (70, 70), (71, 79), (74, 47), (72, 0), (73, 73)]
index list: [72, 1, 2, 3, 4, 5, 6, 7, 8, 9, 10, 11, 12, 13, 77, 14, 15, 16, 75, 17, 18, 19, 20, 21, 22, 23, 24, 25, 26, 27, 28, 29, 30, 31, 32, 78, 33, 34, 35, 36, 37, 38, 39, 40, 41, 71, 74, 42, 43, 44, 45, 46, 48, 49, 50, 51, 52, 53, 54, 55, 56, 57, 58, 76, 59, 60, 61, 62, 63, 64, 65, 66, 67, 68, 69, 70, 79, 47, 0, 73]
index list energy: 118689.76761049895
Done


iterations: 10000000 temp: 1000000.0 exponent: 0.7 eif: 300.0
time taken (sec): 1022.5969669818878
number of iterations: 10000000
og index list: [(0, 60), (1, 36), (2, 54), (3, 29), (4, 45), (5, 11), (6, 70), (7, 24), (8, 78), (9, 62), (10, 14), (11, 8), (12, 68), (13, 1), (79, 77), (14, 12), (15, 34), (16, 10), (78, 44), (17, 2), (18, 22), (19, 38), (20, 66), (21, 57), (22, 30), (23, 58), (24, 7), (25, 31), (26, 49), (27, 56), (28, 76), (29, 47), (30, 15), (31, 46), (32, 28), (77, 40), (33, 43), (34, 33), (35, 59), (36, 74), (37, 21), (38, 79), (39, 71), (40, 23), (41, 42), (76, 72), (42, 32), (43, 67), (44, 6), (45, 51), (46, 39), (47, 9), (48, 35), (49, 3), (50, 18), (51, 26), (52, 41), (53, 52), (54, 20), (55, 5), (56, 37), (57, 63), (58, 16), (75, 61), (59, 13), (60, 75), (61, 4), (62, 27), (63, 73), (64, 50), (65, 64), (66, 48), (67, 65), (68, 53), (69, 69), (70, 25), (71, 17), (74, 19), (72, 0), (73, 55)]
og index list energy: 128872977.88260038
index_list: [(0, 0), (1, 1), (2, 2), (3, 3), (4, 4), (5, 5), (6, 6), (7, 7), (8, 8), (9, 9), (10, 10), (11, 11), (12, 12), (13, 13), (79, 49), (14, 14), (15, 15), (16, 16), (78, 76), (17, 17), (18, 18), (19, 19), (20, 20), (21, 21), (22, 22), (23, 23), (24, 24), (25, 25), (26, 26), (27, 27), (28, 28), (29, 29), (30, 30), (31, 31), (32, 32), (77, 77), (33, 33), (34, 34), (35, 35), (36, 36), (37, 37), (38, 38), (39, 39), (40, 40), (41, 41), (76, 71), (42, 75), (43, 43), (44, 44), (45, 45), (46, 46), (47, 47), (48, 48), (49, 74), (50, 50), (51, 51), (52, 52), (53, 53), (54, 54), (55, 55), (56, 56), (57, 57), (58, 58), (75, 79), (59, 59), (60, 60), (61, 61), (62, 62), (63, 63), (64, 64), (65, 65), (66, 66), (67, 67), (68, 68), (69, 69), (70, 70), (71, 78), (74, 42), (72, 72), (73, 73)]
index list: [0, 1, 2, 3, 4, 5, 6, 7, 8, 9, 10, 11, 12, 13, 49, 14, 15, 16, 76, 17, 18, 19, 20, 21, 22, 23, 24, 25, 26, 27, 28, 29, 30, 31, 32, 77, 33, 34, 35, 36, 37, 38, 39, 40, 41, 71, 75, 43, 44, 45, 46, 47, 48, 74, 50, 51, 52, 53, 54, 55, 56, 57, 58, 79, 59, 60, 61, 62, 63, 64, 65, 66, 67, 68, 69, 70, 78, 42, 72, 73]
index list energy: 108070.45780373304
Done


iterations: 10000000 temp: 1000000.0 exponent: 0.7 eif: 300.0
time taken (sec): 1022.9690425395966
number of iterations: 10000000
og index list: [(0, 46), (1, 3), (2, 23), (3, 54), (4, 31), (5, 47), (6, 40), (7, 61), (8, 26), (9, 2), (10, 36), (11, 50), (12, 17), (13, 65), (79, 20), (14, 56), (15, 71), (16, 0), (78, 60), (17, 39), (18, 35), (19, 10), (20, 49), (21, 59), (22, 77), (23, 53), (24, 66), (25, 76), (26, 15), (27, 11), (28, 52), (29, 19), (30, 78), (31, 4), (32, 44), (77, 28), (33, 30), (34, 25), (35, 24), (36, 29), (37, 43), (38, 7), (39, 27), (40, 70), (41, 68), (76, 1), (42, 62), (43, 37), (44, 72), (45, 33), (46, 38), (47, 13), (48, 57), (49, 64), (50, 74), (51, 69), (52, 79), (53, 73), (54, 75), (55, 34), (56, 63), (57, 5), (58, 22), (75, 67), (59, 6), (60, 58), (61, 12), (62, 45), (63, 16), (64, 21), (65, 14), (66, 18), (67, 8), (68, 51), (69, 32), (70, 9), (71, 41), (74, 48), (72, 42), (73, 55)]
og index list energy: 110561049.93142742
index_list: [(0, 0), (1, 1), (2, 2), (3, 3), (4, 4), (5, 5), (6, 6), (7, 7), (8, 8), (9, 9), (10, 10), (11, 11), (12, 12), (13, 13), (79, 78), (14, 14), (15, 15), (16, 16), (78, 49), (17, 17), (18, 18), (19, 19), (20, 20), (21, 21), (22, 22), (23, 23), (24, 24), (25, 25), (26, 26), (27, 27), (28, 28), (29, 29), (30, 30), (31, 31), (32, 32), (77, 77), (33, 33), (34, 34), (35, 35), (36, 36), (37, 37), (38, 38), (39, 39), (40, 40), (41, 41), (76, 71), (42, 75), (43, 43), (44, 44), (45, 45), (46, 46), (47, 47), (48, 48), (49, 74), (50, 50), (51, 51), (52, 52), (53, 53), (54, 54), (55, 55), (56, 56), (57, 57), (58, 58), (75, 76), (59, 59), (60, 60), (61, 61), (62, 62), (63, 63), (64, 64), (65, 65), (66, 66), (67, 67), (68, 68), (69, 69), (70, 70), (71, 79), (74, 42), (72, 72), (73, 73)]
index list: [0, 1, 2, 3, 4, 5, 6, 7, 8, 9, 10, 11, 12, 13, 78, 14, 15, 16, 49, 17, 18, 19, 20, 21, 22, 23, 24, 25, 26, 27, 28, 29, 30, 31, 32, 77, 33, 34, 35, 36, 37, 38, 39, 40, 41, 71, 75, 43, 44, 45, 46, 47, 48, 74, 50, 51, 52, 53, 54, 55, 56, 57, 58, 76, 59, 60, 61, 62, 63, 64, 65, 66, 67, 68, 69, 70, 79, 42, 72, 73]
index list energy: 108070.45780373304
Done


iterations: 10000000 temp: 1000000.0 exponent: 0.7 eif: 300.0
time taken (sec): 1050.5640454292297
number of iterations: 10000000
og index list: [(0, 14), (1, 6), (2, 45), (3, 57), (4, 78), (5, 1), (6, 39), (7, 46), (8, 17), (9, 9), (10, 75), (11, 47), (12, 36), (13, 10), (79, 26), (14, 59), (15, 55), (16, 3), (78, 31), (17, 32), (18, 21), (19, 4), (20, 70), (21, 18), (22, 72), (23, 25), (24, 58), (25, 35), (26, 8), (27, 44), (28, 27), (29, 74), (30, 12), (31, 71), (32, 41), (77, 40), (33, 54), (34, 50), (35, 62), (36, 7), (37, 76), (38, 65), (39, 56), (40, 16), (41, 52), (76, 64), (42, 51), (43, 77), (44, 37), (45, 34), (46, 38), (47, 0), (48, 28), (49, 42), (50, 2), (51, 63), (52, 53), (53, 60), (54, 15), (55, 61), (56, 19), (57, 29), (58, 68), (75, 5), (59, 33), (60, 13), (61, 48), (62, 30), (63, 43), (64, 73), (65, 66), (66, 67), (67, 79), (68, 23), (69, 20), (70, 69), (71, 49), (74, 11), (72, 22), (73, 24)]
og index list energy: 110556718.97615138
index_list: [(0, 0), (1, 1), (2, 2), (3, 3), (4, 4), (5, 5), (6, 6), (7, 7), (8, 8), (9, 9), (10, 10), (11, 11), (12, 12), (13, 13), (79, 76), (14, 14), (15, 15), (16, 16), (78, 77), (17, 17), (18, 18), (19, 19), (20, 20), (21, 21), (22, 22), (23, 23), (24, 24), (25, 25), (26, 26), (27, 27), (28, 28), (29, 29), (30, 30), (31, 31), (32, 32), (77, 74), (33, 33), (34, 34), (35, 35), (36, 36), (37, 37), (38, 38), (39, 39), (40, 40), (41, 41), (76, 75), (42, 42), (43, 43), (44, 44), (45, 45), (46, 46), (47, 47), (48, 48), (49, 78), (50, 50), (51, 51), (52, 52), (53, 53), (54, 54), (55, 55), (56, 56), (57, 57), (58, 58), (75, 49), (59, 59), (60, 60), (61, 61), (62, 62), (63, 63), (64, 64), (65, 65), (66, 66), (67, 67), (68, 68), (69, 69), (70, 70), (71, 71), (74, 79), (72, 72), (73, 73)]
index list: [0, 1, 2, 3, 4, 5, 6, 7, 8, 9, 10, 11, 12, 13, 76, 14, 15, 16, 77, 17, 18, 19, 20, 21, 22, 23, 24, 25, 26, 27, 28, 29, 30, 31, 32, 74, 33, 34, 35, 36, 37, 38, 39, 40, 41, 75, 42, 43, 44, 45, 46, 47, 48, 78, 50, 51, 52, 53, 54, 55, 56, 57, 58, 49, 59, 60, 61, 62, 63, 64, 65, 66, 67, 68, 69, 70, 71, 79, 72, 73]
index list energy: 98209.82393678775
Done


iterations: 10000000 temp: 1000000.0 exponent: 0.7 eif: 300.0
time taken (sec): 1052.0426671504974
number of iterations: 10000000
og index list: [(0, 34), (1, 46), (2, 40), (3, 1), (4, 68), (5, 44), (6, 43), (7, 71), (8, 62), (9, 8), (10, 17), (11, 0), (12, 14), (13, 38), (79, 41), (14, 63), (15, 79), (16, 7), (78, 64), (17, 73), (18, 48), (19, 37), (20, 67), (21, 78), (22, 39), (23, 50), (24, 13), (25, 21), (26, 2), (27, 23), (28, 26), (29, 32), (30, 4), (31, 10), (32, 19), (77, 69), (33, 27), (34, 5), (35, 60), (36, 31), (37, 24), (38, 35), (39, 49), (40, 11), (41, 70), (76, 47), (42, 6), (43, 58), (44, 28), (45, 55), (46, 33), (47, 36), (48, 18), (49, 3), (50, 57), (51, 77), (52, 45), (53, 75), (54, 65), (55, 30), (56, 12), (57, 72), (58, 22), (75, 61), (59, 52), (60, 9), (61, 59), (62, 54), (63, 53), (64, 51), (65, 15), (66, 16), (67, 76), (68, 29), (69, 74), (70, 56), (71, 42), (74, 25), (72, 66), (73, 20)]
og index list energy: 128201683.05209485
index_list: [(0, 0), (1, 1), (2, 2), (3, 3), (4, 4), (5, 5), (6, 6), (7, 7), (8, 8), (9, 9), (10, 10), (11, 11), (12, 12), (13, 13), (79, 77), (14, 14), (15, 15), (16, 16), (78, 74), (17, 17), (18, 18), (19, 19), (20, 20), (21, 21), (22, 22), (23, 23), (24, 24), (25, 25), (26, 26), (27, 27), (28, 28), (29, 29), (30, 30), (31, 31), (32, 32), (77, 78), (33, 33), (34, 34), (35, 35), (36, 36), (37, 37), (38, 38), (39, 39), (40, 40), (41, 41), (76, 79), (42, 42), (43, 43), (44, 44), (45, 45), (46, 46), (47, 47), (48, 48), (49, 75), (50, 50), (51, 51), (52, 52), (53, 53), (54, 54), (55, 55), (56, 56), (57, 57), (58, 58), (75, 49), (59, 59), (60, 60), (61, 61), (62, 62), (63, 63), (64, 64), (65, 65), (66, 66), (67, 67), (68, 68), (69, 69), (70, 70), (71, 71), (74, 76), (72, 72), (73, 73)]
index list: [0, 1, 2, 3, 4, 5, 6, 7, 8, 9, 10, 11, 12, 13, 77, 14, 15, 16, 74, 17, 18, 19, 20, 21, 22, 23, 24, 25, 26, 27, 28, 29, 30, 31, 32, 78, 33, 34, 35, 36, 37, 38, 39, 40, 41, 79, 42, 43, 44, 45, 46, 47, 48, 75, 50, 51, 52, 53, 54, 55, 56, 57, 58, 49, 59, 60, 61, 62, 63, 64, 65, 66, 67, 68, 69, 70, 71, 76, 72, 73]
index list energy: 98209.82393678775
Done


iterations: 10000000 temp: 1000000.0 exponent: 0.7 eif: 300.0
time taken (sec): 978.1796689033508
number of iterations: 10000000
og index list: [(0, 7), (1, 37), (2, 21), (3, 26), (4, 78), (5, 44), (6, 32), (7, 40), (8, 30), (9, 10), (10, 55), (11, 6), (12, 28), (13, 24), (79, 74), (14, 11), (15, 68), (16, 71), (78, 38), (17, 34), (18, 48), (19, 15), (20, 3), (21, 1), (22, 35), (23, 42), (24, 76), (25, 23), (26, 41), (27, 59), (28, 66), (29, 36), (30, 27), (31, 56), (32, 61), (77, 58), (33, 50), (34, 62), (35, 69), (36, 52), (37, 75), (38, 47), (39, 46), (40, 64), (41, 39), (76, 25), (42, 22), (43, 19), (44, 60), (45, 57), (46, 31), (47, 4), (48, 20), (49, 13), (50, 65), (51, 67), (52, 77), (53, 72), (54, 0), (55, 63), (56, 70), (57, 16), (58, 49), (75, 45), (59, 9), (60, 79), (61, 2), (62, 73), (63, 8), (64, 43), (65, 53), (66, 29), (67, 14), (68, 12), (69, 51), (70, 5), (71, 18), (74, 33), (72, 17), (73, 54)]
og index list energy: 106924726.77911904
index_list: [(0, 70), (1, 74), (2, 2), (3, 3), (4, 4), (5, 5), (6, 6), (7, 7), (8, 8), (9, 9), (10, 10), (11, 11), (12, 12), (13, 13), (79, 49), (14, 14), (15, 15), (16, 16), (78, 78), (17, 17), (18, 18), (19, 19), (20, 20), (21, 21), (22, 22), (23, 23), (24, 24), (25, 25), (26, 26), (27, 27), (28, 28), (29, 29), (30, 30), (31, 31), (32, 32), (77, 75), (33, 33), (34, 34), (35, 35), (36, 36), (37, 37), (38, 38), (39, 39), (40, 40), (41, 41), (76, 71), (42, 50), (43, 76), (44, 44), (45, 45), (46, 46), (47, 47), (48, 48), (49, 77), (50, 43), (51, 51), (52, 52), (53, 53), (54, 54), (55, 55), (56, 56), (57, 57), (58, 58), (75, 79), (59, 59), (60, 60), (61, 61), (62, 62), (63, 63), (64, 64), (65, 65), (66, 66), (67, 67), (68, 68), (69, 69), (70, 42), (71, 72), (74, 73), (72, 0), (73, 1)]
index list: [70, 74, 2, 3, 4, 5, 6, 7, 8, 9, 10, 11, 12, 13, 49, 14, 15, 16, 78, 17, 18, 19, 20, 21, 22, 23, 24, 25, 26, 27, 28, 29, 30, 31, 32, 75, 33, 34, 35, 36, 37, 38, 39, 40, 41, 71, 50, 76, 44, 45, 46, 47, 48, 77, 43, 51, 52, 53, 54, 55, 56, 57, 58, 79, 59, 60, 61, 62, 63, 64, 65, 66, 67, 68, 69, 42, 72, 73, 0, 1]
index list energy: 161370.0083774767
Done


iterations: 10000000 temp: 1000000.0 exponent: 0.7 eif: 300.0
time taken (sec): 965.5728459358215
number of iterations: 10000000
og index list: [(0, 16), (1, 57), (2, 3), (3, 33), (4, 76), (5, 71), (6, 27), (7, 59), (8, 32), (9, 29), (10, 78), (11, 35), (12, 43), (13, 49), (79, 34), (14, 50), (15, 37), (16, 17), (78, 22), (17, 11), (18, 15), (19, 54), (20, 1), (21, 46), (22, 39), (23, 6), (24, 12), (25, 31), (26, 21), (27, 63), (28, 58), (29, 24), (30, 77), (31, 51), (32, 38), (77, 28), (33, 53), (34, 73), (35, 30), (36, 10), (37, 61), (38, 36), (39, 4), (40, 56), (41, 70), (76, 8), (42, 44), (43, 5), (44, 55), (45, 47), (46, 79), (47, 7), (48, 23), (49, 42), (50, 26), (51, 2), (52, 52), (53, 72), (54, 60), (55, 74), (56, 18), (57, 41), (58, 45), (75, 66), (59, 62), (60, 65), (61, 48), (62, 69), (63, 9), (64, 19), (65, 20), (66, 40), (67, 75), (68, 25), (69, 0), (70, 67), (71, 68), (74, 14), (72, 13), (73, 64)]
og index list energy: 87387230.2141779
index_list: [(0, 72), (1, 73), (2, 75), (3, 14), (4, 77), (5, 5), (6, 79), (7, 17), (8, 18), (9, 6), (10, 7), (11, 8), (12, 9), (13, 10), (79, 11), (14, 12), (15, 13), (16, 16), (78, 0), (17, 1), (18, 2), (19, 19), (20, 20), (21, 21), (22, 22), (23, 23), (24, 24), (25, 25), (26, 26), (27, 27), (28, 28), (29, 29), (30, 30), (31, 31), (32, 32), (77, 74), (33, 33), (34, 34), (35, 35), (36, 36), (37, 37), (38, 38), (39, 39), (40, 40), (41, 41), (76, 76), (42, 42), (43, 43), (44, 44), (45, 45), (46, 46), (47, 47), (48, 48), (49, 49), (50, 50), (51, 51), (52, 52), (53, 53), (54, 54), (55, 55), (56, 56), (57, 57), (58, 58), (75, 78), (59, 59), (60, 60), (61, 61), (62, 62), (63, 63), (64, 64), (65, 65), (66, 66), (67, 67), (68, 68), (69, 69), (70, 70), (71, 71), (74, 15), (72, 3), (73, 4)]
index list: [72, 73, 75, 14, 77, 5, 79, 17, 18, 6, 7, 8, 9, 10, 11, 12, 13, 16, 0, 1, 2, 19, 20, 21, 22, 23, 24, 25, 26, 27, 28, 29, 30, 31, 32, 74, 33, 34, 35, 36, 37, 38, 39, 40, 41, 76, 42, 43, 44, 45, 46, 47, 48, 49, 50, 51, 52, 53, 54, 55, 56, 57, 58, 78, 59, 60, 61, 62, 63, 64, 65, 66, 67, 68, 69, 70, 71, 15, 3, 4]
index list energy: 192410.73718996785
Done


iterations: 10000000 temp: 1000000.0 exponent: 0.7 eif: 300.0
time taken (sec): 990.9567153453827
number of iterations: 10000000
og index list: [(0, 74), (1, 19), (2, 3), (3, 72), (4, 35), (5, 76), (6, 61), (7, 79), (8, 40), (9, 56), (10, 39), (11, 55), (12, 54), (13, 69), (79, 27), (14, 60), (15, 66), (16, 29), (78, 31), (17, 58), (18, 9), (19, 48), (20, 21), (21, 10), (22, 2), (23, 0), (24, 65), (25, 6), (26, 63), (27, 20), (28, 18), (29, 50), (30, 23), (31, 17), (32, 8), (77, 28), (33, 53), (34, 5), (35, 37), (36, 51), (37, 47), (38, 14), (39, 75), (40, 52), (41, 64), (76, 34), (42, 16), (43, 26), (44, 68), (45, 41), (46, 78), (47, 24), (48, 71), (49, 12), (50, 30), (51, 45), (52, 57), (53, 38), (54, 36), (55, 33), (56, 4), (57, 22), (58, 70), (75, 44), (59, 15), (60, 77), (61, 13), (62, 73), (63, 67), (64, 62), (65, 46), (66, 25), (67, 1), (68, 7), (69, 11), (70, 49), (71, 43), (74, 32), (72, 42), (73, 59)]
og index list energy: 118026365.35768604
index_list: [(0, 43), (1, 1), (2, 2), (3, 3), (4, 4), (5, 5), (6, 6), (7, 7), (8, 8), (9, 9), (10, 10), (11, 11), (12, 12), (13, 13), (79, 75), (14, 14), (15, 15), (16, 16), (78, 76), (17, 17), (18, 18), (19, 19), (20, 20), (21, 21), (22, 22), (23, 23), (24, 24), (25, 25), (26, 26), (27, 27), (28, 28), (29, 29), (30, 30), (31, 31), (32, 32), (77, 49), (33, 33), (34, 34), (35, 35), (36, 36), (37, 37), (38, 38), (39, 39), (40, 40), (41, 41), (76, 0), (42, 73), (43, 74), (44, 44), (45, 45), (46, 46), (47, 47), (48, 48), (49, 79), (50, 50), (51, 51), (52, 52), (53, 53), (54, 54), (55, 55), (56, 56), (57, 57), (58, 58), (75, 77), (59, 59), (60, 60), (61, 61), (62, 62), (63, 63), (64, 64), (65, 65), (66, 66), (67, 67), (68, 68), (69, 69), (70, 72), (71, 78), (74, 42), (72, 70), (73, 71)]
index list: [43, 1, 2, 3, 4, 5, 6, 7, 8, 9, 10, 11, 12, 13, 75, 14, 15, 16, 76, 17, 18, 19, 20, 21, 22, 23, 24, 25, 26, 27, 28, 29, 30, 31, 32, 49, 33, 34, 35, 36, 37, 38, 39, 40, 41, 0, 73, 74, 44, 45, 46, 47, 48, 79, 50, 51, 52, 53, 54, 55, 56, 57, 58, 77, 59, 60, 61, 62, 63, 64, 65, 66, 67, 68, 69, 72, 78, 42, 70, 71]
index list energy: 134673.34937430982
Done


iterations: 10000000 temp: 1000000.0 exponent: 0.7 eif: 300.0
time taken (sec): 964.8649687767029
number of iterations: 10000000
og index list: [(0, 57), (1, 38), (2, 52), (3, 12), (4, 74), (5, 7), (6, 77), (7, 69), (8, 53), (9, 30), (10, 56), (11, 40), (12, 20), (13, 39), (79, 72), (14, 5), (15, 26), (16, 64), (78, 43), (17, 19), (18, 6), (19, 51), (20, 59), (21, 61), (22, 75), (23, 25), (24, 8), (25, 33), (26, 0), (27, 10), (28, 18), (29, 4), (30, 62), (31, 44), (32, 65), (77, 42), (33, 78), (34, 11), (35, 16), (36, 28), (37, 32), (38, 46), (39, 70), (40, 1), (41, 63), (76, 24), (42, 34), (43, 55), (44, 3), (45, 22), (46, 29), (47, 54), (48, 79), (49, 17), (50, 31), (51, 45), (52, 21), (53, 50), (54, 15), (55, 47), (56, 36), (57, 35), (58, 41), (75, 9), (59, 58), (60, 37), (61, 60), (62, 67), (63, 23), (64, 13), (65, 27), (66, 76), (67, 71), (68, 68), (69, 2), (70, 66), (71, 73), (74, 48), (72, 49), (73, 14)]
og index list energy: 117013657.6783844
index_list: [(0, 0), (1, 1), (2, 2), (3, 3), (4, 4), (5, 5), (6, 6), (7, 7), (8, 8), (9, 9), (10, 10), (11, 11), (12, 12), (13, 13), (79, 32), (14, 78), (15, 72), (16, 73), (78, 75), (17, 17), (18, 18), (19, 19), (20, 20), (21, 21), (22, 22), (23, 23), (24, 24), (25, 25), (26, 26), (27, 27), (28, 28), (29, 29), (30, 30), (31, 31), (32, 74), (77, 42), (33, 33), (34, 34), (35, 35), (36, 36), (37, 37), (38, 38), (39, 39), (40, 40), (41, 41), (76, 71), (42, 77), (43, 43), (44, 44), (45, 45), (46, 46), (47, 47), (48, 48), (49, 76), (50, 50), (51, 51), (52, 52), (53, 53), (54, 54), (55, 55), (56, 56), (57, 57), (58, 58), (75, 49), (59, 59), (60, 60), (61, 61), (62, 62), (63, 63), (64, 64), (65, 65), (66, 66), (67, 67), (68, 68), (69, 69), (70, 70), (71, 79), (74, 14), (72, 15), (73, 16)]
index list: [0, 1, 2, 3, 4, 5, 6, 7, 8, 9, 10, 11, 12, 13, 32, 78, 72, 73, 75, 17, 18, 19, 20, 21, 22, 23, 24, 25, 26, 27, 28, 29, 30, 31, 74, 42, 33, 34, 35, 36, 37, 38, 39, 40, 41, 71, 77, 43, 44, 45, 46, 47, 48, 76, 50, 51, 52, 53, 54, 55, 56, 57, 58, 49, 59, 60, 61, 62, 63, 64, 65, 66, 67, 68, 69, 70, 79, 14, 15, 16]
index list energy: 125578.29668588693
Done


iterations: 10000000 temp: 1000000.0 exponent: 0.7 eif: 300.0
time taken (sec): 1012.0069077014923
number of iterations: 10000000
og index list: [(0, 27), (1, 76), (2, 36), (3, 67), (4, 7), (5, 59), (6, 45), (7, 34), (8, 3), (9, 50), (10, 43), (11, 2), (12, 22), (13, 58), (79, 13), (14, 12), (15, 25), (16, 63), (78, 54), (17, 19), (18, 57), (19, 66), (20, 48), (21, 10), (22, 35), (23, 6), (24, 4), (25, 30), (26, 46), (27, 32), (28, 62), (29, 60), (30, 64), (31, 31), (32, 40), (77, 9), (33, 47), (34, 51), (35, 70), (36, 73), (37, 38), (38, 71), (39, 52), (40, 75), (41, 8), (76, 39), (42, 1), (43, 28), (44, 11), (45, 33), (46, 14), (47, 24), (48, 26), (49, 0), (50, 17), (51, 65), (52, 29), (53, 55), (54, 15), (55, 72), (56, 68), (57, 61), (58, 42), (75, 56), (59, 18), (60, 16), (61, 44), (62, 74), (63, 78), (64, 69), (65, 49), (66, 53), (67, 77), (68, 20), (69, 21), (70, 23), (71, 5), (74, 79), (72, 41), (73, 37)]
og index list energy: 93521739.77763925
index_list: [(0, 72), (1, 73), (2, 74), (3, 42), (4, 43), (5, 77), (6, 6), (7, 7), (8, 8), (9, 9), (10, 10), (11, 11), (12, 12), (13, 13), (79, 49), (14, 14), (15, 15), (16, 16), (78, 76), (17, 17), (18, 18), (19, 19), (20, 20), (21, 21), (22, 22), (23, 23), (24, 24), (25, 25), (26, 26), (27, 27), (28, 28), (29, 29), (30, 30), (31, 31), (32, 32), (77, 78), (33, 33), (34, 34), (35, 35), (36, 36), (37, 37), (38, 38), (39, 39), (40, 40), (41, 41), (76, 0), (42, 1), (43, 2), (44, 44), (45, 45), (46, 46), (47, 47), (48, 48), (49, 79), (50, 50), (51, 51), (52, 52), (53, 53), (54, 54), (55, 55), (56, 56), (57, 57), (58, 58), (75, 75), (59, 59), (60, 60), (61, 61), (62, 62), (63, 63), (64, 64), (65, 65), (66, 66), (67, 67), (68, 68), (69, 69), (70, 70), (71, 71), (74, 4), (72, 5), (73, 3)]
index list: [72, 73, 74, 42, 43, 77, 6, 7, 8, 9, 10, 11, 12, 13, 49, 14, 15, 16, 76, 17, 18, 19, 20, 21, 22, 23, 24, 25, 26, 27, 28, 29, 30, 31, 32, 78, 33, 34, 35, 36, 37, 38, 39, 40, 41, 0, 1, 2, 44, 45, 46, 47, 48, 79, 50, 51, 52, 53, 54, 55, 56, 57, 58, 75, 59, 60, 61, 62, 63, 64, 65, 66, 67, 68, 69, 70, 71, 4, 5, 3]
index list energy: 156355.5678776855
Done


iterations: 10000000 temp: 1000000.0 exponent: 0.7 eif: 300.0
time taken (sec): 1059.3585832118988
number of iterations: 10000000
og index list: [(0, 33), (1, 78), (2, 36), (3, 52), (4, 7), (5, 59), (6, 28), (7, 45), (8, 66), (9, 20), (10, 74), (11, 29), (12, 31), (13, 46), (79, 2), (14, 57), (15, 37), (16, 71), (78, 64), (17, 4), (18, 62), (19, 55), (20, 19), (21, 56), (22, 3), (23, 25), (24, 11), (25, 18), (26, 68), (27, 40), (28, 5), (29, 79), (30, 48), (31, 14), (32, 35), (77, 50), (33, 77), (34, 54), (35, 38), (36, 49), (37, 8), (38, 15), (39, 65), (40, 67), (41, 42), (76, 61), (42, 27), (43, 75), (44, 39), (45, 17), (46, 51), (47, 44), (48, 76), (49, 63), (50, 0), (51, 21), (52, 26), (53, 58), (54, 72), (55, 70), (56, 69), (57, 10), (58, 6), (75, 73), (59, 1), (60, 30), (61, 22), (62, 60), (63, 12), (64, 32), (65, 53), (66, 24), (67, 43), (68, 16), (69, 41), (70, 23), (71, 13), (74, 9), (72, 47), (73, 34)]
og index list energy: 101657476.837214
index_list: [(0, 0), (1, 1), (2, 2), (3, 3), (4, 4), (5, 5), (6, 6), (7, 7), (8, 8), (9, 9), (10, 10), (11, 11), (12, 12), (13, 13), (79, 49), (14, 14), (15, 15), (16, 16), (78, 78), (17, 17), (18, 18), (19, 19), (20, 20), (21, 21), (22, 22), (23, 23), (24, 24), (25, 25), (26, 26), (27, 27), (28, 28), (29, 29), (30, 30), (31, 31), (32, 32), (77, 79), (33, 33), (34, 34), (35, 35), (36, 36), (37, 37), (38, 38), (39, 39), (40, 40), (41, 41), (76, 77), (42, 42), (43, 43), (44, 44), (45, 45), (46, 46), (47, 47), (48, 48), (49, 76), (50, 50), (51, 51), (52, 52), (53, 53), (54, 54), (55, 55), (56, 56), (57, 57), (58, 58), (75, 75), (59, 59), (60, 60), (61, 61), (62, 62), (63, 63), (64, 64), (65, 65), (66, 66), (67, 67), (68, 68), (69, 69), (70, 70), (71, 71), (74, 74), (72, 72), (73, 73)]
index list: [0, 1, 2, 3, 4, 5, 6, 7, 8, 9, 10, 11, 12, 13, 49, 14, 15, 16, 78, 17, 18, 19, 20, 21, 22, 23, 24, 25, 26, 27, 28, 29, 30, 31, 32, 79, 33, 34, 35, 36, 37, 38, 39, 40, 41, 77, 42, 43, 44, 45, 46, 47, 48, 76, 50, 51, 52, 53, 54, 55, 56, 57, 58, 75, 59, 60, 61, 62, 63, 64, 65, 66, 67, 68, 69, 70, 71, 74, 72, 73]
index list energy: 98209.82393678775
Done


iterations: 10000000 temp: 1000000.0 exponent: 0.7 eif: 300.0
time taken (sec): 1027.2429320812225
number of iterations: 10000000
og index list: [(0, 10), (1, 35), (2, 37), (3, 34), (4, 72), (5, 74), (6, 27), (7, 75), (8, 26), (9, 46), (10, 4), (11, 24), (12, 36), (13, 60), (79, 62), (14, 51), (15, 15), (16, 48), (78, 67), (17, 16), (18, 71), (19, 73), (20, 33), (21, 32), (22, 56), (23, 31), (24, 52), (25, 55), (26, 40), (27, 45), (28, 41), (29, 39), (30, 42), (31, 21), (32, 25), (77, 17), (33, 77), (34, 28), (35, 7), (36, 0), (37, 49), (38, 1), (39, 3), (40, 43), (41, 12), (76, 78), (42, 8), (43, 64), (44, 54), (45, 53), (46, 11), (47, 2), (48, 23), (49, 50), (50, 47), (51, 57), (52, 65), (53, 44), (54, 9), (55, 18), (56, 5), (57, 22), (58, 14), (75, 29), (59, 19), (60, 76), (61, 58), (62, 6), (63, 59), (64, 38), (65, 63), (66, 79), (67, 30), (68, 20), (69, 13), (70, 66), (71, 69), (74, 68), (72, 70), (73, 61)]
og index list energy: 96926677.92287363
index_list: [(0, 0), (1, 1), (2, 2), (3, 3), (4, 4), (5, 5), (6, 6), (7, 7), (8, 8), (9, 9), (10, 10), (11, 11), (12, 12), (13, 13), (79, 76), (14, 14), (15, 15), (16, 16), (78, 49), (17, 17), (18, 18), (19, 19), (20, 20), (21, 21), (22, 22), (23, 23), (24, 24), (25, 25), (26, 26), (27, 27), (28, 28), (29, 29), (30, 30), (31, 31), (32, 32), (77, 75), (33, 33), (34, 34), (35, 35), (36, 36), (37, 37), (38, 38), (39, 39), (40, 40), (41, 41), (76, 71), (42, 79), (43, 43), (44, 44), (45, 45), (46, 46), (47, 47), (48, 48), (49, 74), (50, 50), (51, 51), (52, 52), (53, 53), (54, 54), (55, 55), (56, 56), (57, 57), (58, 58), (75, 78), (59, 59), (60, 60), (61, 61), (62, 62), (63, 63), (64, 64), (65, 65), (66, 66), (67, 67), (68, 68), (69, 69), (70, 70), (71, 77), (74, 42), (72, 72), (73, 73)]
index list: [0, 1, 2, 3, 4, 5, 6, 7, 8, 9, 10, 11, 12, 13, 76, 14, 15, 16, 49, 17, 18, 19, 20, 21, 22, 23, 24, 25, 26, 27, 28, 29, 30, 31, 32, 75, 33, 34, 35, 36, 37, 38, 39, 40, 41, 71, 79, 43, 44, 45, 46, 47, 48, 74, 50, 51, 52, 53, 54, 55, 56, 57, 58, 78, 59, 60, 61, 62, 63, 64, 65, 66, 67, 68, 69, 70, 77, 42, 72, 73]
index list energy: 108070.45780373304
Done


iterations: 10000000 temp: 1000000.0 exponent: 0.7 eif: 300.0
time taken (sec): 983.6104981899261
number of iterations: 10000000
og index list: [(0, 25), (1, 63), (2, 51), (3, 43), (4, 7), (5, 53), (6, 65), (7, 61), (8, 36), (9, 27), (10, 38), (11, 49), (12, 54), (13, 4), (79, 0), (14, 73), (15, 79), (16, 18), (78, 45), (17, 47), (18, 5), (19, 34), (20, 62), (21, 11), (22, 17), (23, 20), (24, 58), (25, 71), (26, 48), (27, 52), (28, 35), (29, 13), (30, 28), (31, 64), (32, 56), (77, 3), (33, 21), (34, 74), (35, 22), (36, 76), (37, 24), (38, 42), (39, 26), (40, 44), (41, 72), (76, 12), (42, 66), (43, 29), (44, 39), (45, 6), (46, 10), (47, 2), (48, 59), (49, 57), (50, 46), (51, 9), (52, 14), (53, 33), (54, 75), (55, 67), (56, 16), (57, 60), (58, 70), (75, 77), (59, 30), (60, 19), (61, 15), (62, 40), (63, 68), (64, 37), (65, 41), (66, 8), (67, 69), (68, 1), (69, 31), (70, 50), (71, 55), (74, 78), (72, 23), (73, 32)]
og index list energy: 101407815.38340291
index_list: [(0, 10), (1, 11), (2, 12), (3, 13), (4, 16), (5, 74), (6, 72), (7, 1), (8, 2), (9, 6), (10, 7), (11, 8), (12, 9), (13, 79), (79, 14), (14, 15), (15, 0), (16, 73), (78, 49), (17, 17), (18, 18), (19, 19), (20, 20), (21, 21), (22, 22), (23, 23), (24, 24), (25, 25), (26, 26), (27, 27), (28, 28), (29, 29), (30, 30), (31, 31), (32, 32), (77, 77), (33, 33), (34, 34), (35, 35), (36, 36), (37, 37), (38, 38), (39, 39), (40, 40), (41, 41), (76, 78), (42, 42), (43, 43), (44, 44), (45, 45), (46, 46), (47, 47), (48, 48), (49, 75), (50, 50), (51, 51), (52, 52), (53, 53), (54, 54), (55, 55), (56, 56), (57, 57), (58, 58), (75, 76), (59, 59), (60, 60), (61, 61), (62, 62), (63, 63), (64, 64), (65, 65), (66, 66), (67, 67), (68, 68), (69, 69), (70, 70), (71, 71), (74, 4), (72, 5), (73, 3)]
index list: [10, 11, 12, 13, 16, 74, 72, 1, 2, 6, 7, 8, 9, 79, 14, 15, 0, 73, 49, 17, 18, 19, 20, 21, 22, 23, 24, 25, 26, 27, 28, 29, 30, 31, 32, 77, 33, 34, 35, 36, 37, 38, 39, 40, 41, 78, 42, 43, 44, 45, 46, 47, 48, 75, 50, 51, 52, 53, 54, 55, 56, 57, 58, 76, 59, 60, 61, 62, 63, 64, 65, 66, 67, 68, 69, 70, 71, 4, 5, 3]
index list energy: 197911.52664545813
Done


iterations: 10000000 temp: 1000000.0 exponent: 0.7 eif: 300.0
time taken (sec): 1049.2012090682983
number of iterations: 10000000
og index list: [(0, 36), (1, 61), (2, 71), (3, 22), (4, 6), (5, 62), (6, 67), (7, 63), (8, 17), (9, 60), (10, 12), (11, 18), (12, 47), (13, 58), (79, 31), (14, 50), (15, 52), (16, 48), (78, 34), (17, 57), (18, 38), (19, 49), (20, 25), (21, 11), (22, 39), (23, 55), (24, 23), (25, 5), (26, 42), (27, 41), (28, 74), (29, 3), (30, 76), (31, 4), (32, 54), (77, 9), (33, 72), (34, 56), (35, 32), (36, 69), (37, 27), (38, 78), (39, 24), (40, 65), (41, 30), (76, 44), (42, 79), (43, 68), (44, 29), (45, 21), (46, 75), (47, 37), (48, 45), (49, 53), (50, 43), (51, 19), (52, 46), (53, 7), (54, 10), (55, 35), (56, 73), (57, 20), (58, 66), (75, 8), (59, 2), (60, 26), (61, 13), (62, 70), (63, 33), (64, 16), (65, 40), (66, 28), (67, 51), (68, 0), (69, 1), (70, 77), (71, 15), (74, 64), (72, 59), (73, 14)]
og index list energy: 115807365.88147278
index_list: [(0, 0), (1, 1), (2, 2), (3, 3), (4, 4), (5, 5), (6, 6), (7, 7), (8, 8), (9, 9), (10, 10), (11, 11), (12, 12), (13, 13), (79, 49), (14, 14), (15, 15), (16, 16), (78, 78), (17, 17), (18, 18), (19, 19), (20, 20), (21, 21), (22, 22), (23, 23), (24, 24), (25, 25), (26, 26), (27, 27), (28, 28), (29, 29), (30, 30), (31, 31), (32, 32), (77, 77), (33, 33), (34, 34), (35, 35), (36, 36), (37, 37), (38, 38), (39, 39), (40, 40), (41, 41), (76, 76), (42, 42), (43, 43), (44, 44), (45, 45), (46, 46), (47, 47), (48, 48), (49, 75), (50, 50), (51, 51), (52, 52), (53, 53), (54, 54), (55, 55), (56, 56), (57, 57), (58, 58), (75, 74), (59, 59), (60, 60), (61, 61), (62, 62), (63, 63), (64, 64), (65, 65), (66, 66), (67, 67), (68, 68), (69, 69), (70, 70), (71, 71), (74, 79), (72, 72), (73, 73)]
index list: [0, 1, 2, 3, 4, 5, 6, 7, 8, 9, 10, 11, 12, 13, 49, 14, 15, 16, 78, 17, 18, 19, 20, 21, 22, 23, 24, 25, 26, 27, 28, 29, 30, 31, 32, 77, 33, 34, 35, 36, 37, 38, 39, 40, 41, 76, 42, 43, 44, 45, 46, 47, 48, 75, 50, 51, 52, 53, 54, 55, 56, 57, 58, 74, 59, 60, 61, 62, 63, 64, 65, 66, 67, 68, 69, 70, 71, 79, 72, 73]
index list energy: 98209.82393678775
Done


iterations: 10000000 temp: 1000000.0 exponent: 0.7 eif: 300.0
time taken (sec): 890.5527698993683
number of iterations: 10000000
og index list: [(0, 57), (1, 71), (2, 2), (3, 56), (4, 39), (5, 69), (6, 1), (7, 31), (8, 29), (9, 40), (10, 73), (11, 42), (12, 51), (13, 78), (79, 46), (14, 5), (15, 15), (16, 45), (78, 27), (17, 52), (18, 53), (19, 37), (20, 7), (21, 30), (22, 32), (23, 35), (24, 13), (25, 54), (26, 44), (27, 26), (28, 17), (29, 50), (30, 43), (31, 47), (32, 34), (77, 77), (33, 3), (34, 10), (35, 70), (36, 76), (37, 8), (38, 68), (39, 12), (40, 20), (41, 61), (76, 49), (42, 14), (43, 11), (44, 33), (45, 0), (46, 18), (47, 74), (48, 58), (49, 62), (50, 59), (51, 22), (52, 48), (53, 6), (54, 38), (55, 66), (56, 41), (57, 55), (58, 63), (75, 21), (59, 64), (60, 9), (61, 65), (62, 16), (63, 72), (64, 36), (65, 24), (66, 23), (67, 28), (68, 67), (69, 79), (70, 60), (71, 19), (74, 75), (72, 25), (73, 4)]
og index list energy: 92823218.55301325
index_list: [(0, 72), (1, 1), (2, 2), (3, 3), (4, 4), (5, 5), (6, 6), (7, 7), (8, 8), (9, 9), (10, 10), (11, 11), (12, 12), (13, 13), (79, 49), (14, 14), (15, 15), (16, 16), (78, 78), (17, 17), (18, 18), (19, 19), (20, 20), (21, 21), (22, 22), (23, 23), (24, 24), (25, 25), (26, 26), (27, 27), (28, 28), (29, 29), (30, 30), (31, 31), (32, 79), (77, 42), (33, 33), (34, 34), (35, 35), (36, 36), (37, 37), (38, 38), (39, 39), (40, 40), (41, 41), (76, 0), (42, 73), (43, 76), (44, 44), (45, 45), (46, 46), (47, 47), (48, 48), (49, 75), (50, 43), (51, 51), (52, 52), (53, 53), (54, 54), (55, 55), (56, 56), (57, 57), (58, 58), (75, 77), (59, 59), (60, 60), (61, 61), (62, 62), (63, 63), (64, 64), (65, 65), (66, 66), (67, 67), (68, 68), (69, 69), (70, 70), (71, 71), (74, 74), (72, 32), (73, 50)]
index list: [72, 1, 2, 3, 4, 5, 6, 7, 8, 9, 10, 11, 12, 13, 49, 14, 15, 16, 78, 17, 18, 19, 20, 21, 22, 23, 24, 25, 26, 27, 28, 29, 30, 31, 79, 42, 33, 34, 35, 36, 37, 38, 39, 40, 41, 0, 73, 76, 44, 45, 46, 47, 48, 75, 43, 51, 52, 53, 54, 55, 56, 57, 58, 77, 59, 60, 61, 62, 63, 64, 65, 66, 67, 68, 69, 70, 71, 74, 32, 50]
index list energy: 127968.3725027778
Done


iterations: 10000000 temp: 1000000.0 exponent: 0.7 eif: 300.0
time taken (sec): 880.285521030426
number of iterations: 10000000
og index list: [(0, 32), (1, 10), (2, 52), (3, 51), (4, 6), (5, 66), (6, 31), (7, 46), (8, 69), (9, 2), (10, 78), (11, 50), (12, 39), (13, 13), (79, 73), (14, 35), (15, 63), (16, 70), (78, 11), (17, 56), (18, 53), (19, 8), (20, 79), (21, 58), (22, 75), (23, 18), (24, 74), (25, 47), (26, 65), (27, 4), (28, 25), (29, 26), (30, 12), (31, 41), (32, 14), (77, 68), (33, 72), (34, 29), (35, 76), (36, 15), (37, 20), (38, 43), (39, 33), (40, 67), (41, 17), (76, 9), (42, 38), (43, 59), (44, 49), (45, 27), (46, 1), (47, 0), (48, 45), (49, 7), (50, 28), (51, 23), (52, 48), (53, 62), (54, 55), (55, 21), (56, 44), (57, 36), (58, 42), (75, 61), (59, 5), (60, 22), (61, 19), (62, 3), (63, 16), (64, 40), (65, 60), (66, 77), (67, 34), (68, 30), (69, 24), (70, 57), (71, 37), (74, 64), (72, 54), (73, 71)]
og index list energy: 114653967.67119683
index_list: [(0, 72), (1, 1), (2, 2), (3, 3), (4, 4), (5, 5), (6, 6), (7, 7), (8, 8), (9, 9), (10, 10), (11, 11), (12, 12), (13, 13), (79, 79), (14, 14), (15, 15), (16, 16), (78, 76), (17, 17), (18, 18), (19, 19), (20, 20), (21, 21), (22, 22), (23, 23), (24, 24), (25, 25), (26, 26), (27, 27), (28, 28), (29, 29), (30, 30), (31, 31), (32, 32), (77, 49), (33, 33), (34, 34), (35, 35), (36, 36), (37, 37), (38, 38), (39, 39), (40, 40), (41, 41), (76, 77), (42, 42), (43, 43), (44, 44), (45, 45), (46, 46), (47, 47), (48, 48), (49, 75), (50, 50), (51, 51), (52, 52), (53, 53), (54, 54), (55, 55), (56, 56), (57, 57), (58, 58), (75, 78), (59, 59), (60, 60), (61, 61), (62, 62), (63, 63), (64, 64), (65, 65), (66, 66), (67, 67), (68, 68), (69, 69), (70, 70), (71, 71), (74, 0), (72, 74), (73, 73)]
index list: [72, 1, 2, 3, 4, 5, 6, 7, 8, 9, 10, 11, 12, 13, 79, 14, 15, 16, 76, 17, 18, 19, 20, 21, 22, 23, 24, 25, 26, 27, 28, 29, 30, 31, 32, 49, 33, 34, 35, 36, 37, 38, 39, 40, 41, 77, 42, 43, 44, 45, 46, 47, 48, 75, 50, 51, 52, 53, 54, 55, 56, 57, 58, 78, 59, 60, 61, 62, 63, 64, 65, 66, 67, 68, 69, 70, 71, 0, 74, 73]
index list energy: 100415.02532256568
Done


iterations: 10000000 temp: 1000000.0 exponent: 0.7 eif: 300.0
time taken (sec): 863.249184846878
number of iterations: 10000000
og index list: [(0, 76), (1, 34), (2, 9), (3, 41), (4, 61), (5, 71), (6, 74), (7, 69), (8, 2), (9, 14), (10, 65), (11, 53), (12, 60), (13, 42), (79, 64), (14, 7), (15, 58), (16, 79), (78, 4), (17, 72), (18, 20), (19, 70), (20, 43), (21, 15), (22, 38), (23, 10), (24, 32), (25, 47), (26, 29), (27, 57), (28, 37), (29, 48), (30, 16), (31, 66), (32, 6), (77, 3), (33, 67), (34, 19), (35, 21), (36, 11), (37, 1), (38, 55), (39, 27), (40, 22), (41, 56), (76, 18), (42, 25), (43, 73), (44, 78), (45, 77), (46, 0), (47, 63), (48, 39), (49, 49), (50, 13), (51, 30), (52, 35), (53, 45), (54, 36), (55, 33), (56, 52), (57, 26), (58, 54), (75, 68), (59, 50), (60, 62), (61, 46), (62, 5), (63, 40), (64, 12), (65, 31), (66, 17), (67, 59), (68, 23), (69, 75), (70, 51), (71, 44), (74, 24), (72, 8), (73, 28)]
og index list energy: 113178580.2607337
index_list: [(0, 0), (1, 1), (2, 2), (3, 3), (4, 4), (5, 5), (6, 6), (7, 7), (8, 8), (9, 9), (10, 10), (11, 11), (12, 12), (13, 13), (79, 78), (14, 14), (15, 15), (16, 16), (78, 77), (17, 17), (18, 18), (19, 19), (20, 20), (21, 21), (22, 22), (23, 23), (24, 24), (25, 25), (26, 26), (27, 27), (28, 28), (29, 29), (30, 30), (31, 31), (32, 32), (77, 76), (33, 33), (34, 34), (35, 35), (36, 36), (37, 37), (38, 38), (39, 39), (40, 40), (41, 41), (76, 71), (42, 74), (43, 43), (44, 44), (45, 45), (46, 46), (47, 47), (48, 48), (49, 79), (50, 50), (51, 51), (52, 52), (53, 53), (54, 54), (55, 55), (56, 56), (57, 57), (58, 58), (75, 49), (59, 59), (60, 60), (61, 61), (62, 62), (63, 63), (64, 64), (65, 65), (66, 66), (67, 67), (68, 68), (69, 69), (70, 70), (71, 75), (74, 42), (72, 72), (73, 73)]
index list: [0, 1, 2, 3, 4, 5, 6, 7, 8, 9, 10, 11, 12, 13, 78, 14, 15, 16, 77, 17, 18, 19, 20, 21, 22, 23, 24, 25, 26, 27, 28, 29, 30, 31, 32, 76, 33, 34, 35, 36, 37, 38, 39, 40, 41, 71, 74, 43, 44, 45, 46, 47, 48, 79, 50, 51, 52, 53, 54, 55, 56, 57, 58, 49, 59, 60, 61, 62, 63, 64, 65, 66, 67, 68, 69, 70, 75, 42, 72, 73]
index list energy: 108070.45780373304
Done


iterations: 10000000 temp: 1000000.0 exponent: 0.7 eif: 300.0
time taken (sec): 813.8150026798248
number of iterations: 10000000
og index list: [(0, 69), (1, 42), (2, 18), (3, 50), (4, 10), (5, 56), (6, 31), (7, 22), (8, 32), (9, 37), (10, 67), (11, 26), (12, 40), (13, 48), (79, 54), (14, 3), (15, 23), (16, 33), (78, 79), (17, 47), (18, 12), (19, 21), (20, 76), (21, 39), (22, 43), (23, 25), (24, 68), (25, 5), (26, 45), (27, 70), (28, 2), (29, 41), (30, 46), (31, 55), (32, 77), (77, 74), (33, 73), (34, 60), (35, 16), (36, 61), (37, 72), (38, 59), (39, 53), (40, 57), (41, 24), (76, 34), (42, 78), (43, 7), (44, 63), (45, 13), (46, 38), (47, 52), (48, 14), (49, 0), (50, 75), (51, 51), (52, 36), (53, 62), (54, 19), (55, 6), (56, 27), (57, 66), (58, 20), (75, 11), (59, 49), (60, 64), (61, 1), (62, 4), (63, 58), (64, 65), (65, 17), (66, 29), (67, 71), (68, 35), (69, 30), (70, 28), (71, 9), (74, 15), (72, 44), (73, 8)]
og index list energy: 131616324.01464276
index_list: [(0, 72), (1, 73), (2, 77), (3, 14), (4, 15), (5, 75), (6, 76), (7, 17), (8, 18), (9, 6), (10, 7), (11, 8), (12, 9), (13, 10), (79, 11), (14, 12), (15, 13), (16, 16), (78, 0), (17, 1), (18, 2), (19, 19), (20, 20), (21, 21), (22, 22), (23, 23), (24, 24), (25, 25), (26, 26), (27, 27), (28, 28), (29, 29), (30, 30), (31, 31), (32, 32), (77, 49), (33, 33), (34, 34), (35, 35), (36, 36), (37, 37), (38, 38), (39, 39), (40, 40), (41, 41), (76, 74), (42, 42), (43, 43), (44, 44), (45, 45), (46, 46), (47, 47), (48, 48), (49, 78), (50, 50), (51, 51), (52, 52), (53, 53), (54, 54), (55, 55), (56, 56), (57, 57), (58, 58), (75, 79), (59, 59), (60, 60), (61, 61), (62, 62), (63, 63), (64, 64), (65, 65), (66, 66), (67, 67), (68, 68), (69, 69), (70, 70), (71, 71), (74, 4), (72, 5), (73, 3)]
index list: [72, 73, 77, 14, 15, 75, 76, 17, 18, 6, 7, 8, 9, 10, 11, 12, 13, 16, 0, 1, 2, 19, 20, 21, 22, 23, 24, 25, 26, 27, 28, 29, 30, 31, 32, 49, 33, 34, 35, 36, 37, 38, 39, 40, 41, 74, 42, 43, 44, 45, 46, 47, 48, 78, 50, 51, 52, 53, 54, 55, 56, 57, 58, 79, 59, 60, 61, 62, 63, 64, 65, 66, 67, 68, 69, 70, 71, 4, 5, 3]
index list energy: 179373.05451120436
Done


iterations: 10000000 temp: 1000000.0 exponent: 0.7 eif: 300.0
time taken (sec): 872.0565326213837
number of iterations: 10000000
og index list: [(0, 3), (1, 18), (2, 76), (3, 60), (4, 2), (5, 22), (6, 38), (7, 51), (8, 8), (9, 71), (10, 25), (11, 36), (12, 66), (13, 12), (79, 79), (14, 15), (15, 48), (16, 67), (78, 43), (17, 58), (18, 24), (19, 53), (20, 27), (21, 11), (22, 68), (23, 5), (24, 59), (25, 13), (26, 61), (27, 29), (28, 72), (29, 4), (30, 1), (31, 55), (32, 28), (77, 73), (33, 70), (34, 69), (35, 32), (36, 50), (37, 52), (38, 42), (39, 49), (40, 20), (41, 6), (76, 75), (42, 62), (43, 64), (44, 9), (45, 41), (46, 44), (47, 0), (48, 77), (49, 54), (50, 31), (51, 21), (52, 57), (53, 10), (54, 16), (55, 78), (56, 35), (57, 37), (58, 39), (75, 63), (59, 14), (60, 26), (61, 34), (62, 56), (63, 7), (64, 23), (65, 17), (66, 45), (67, 40), (68, 30), (69, 74), (70, 33), (71, 46), (74, 19), (72, 65), (73, 47)]
og index list energy: 120771766.1703728
index_list: [(0, 10), (1, 11), (2, 12), (3, 13), (4, 16), (5, 75), (6, 6), (7, 7), (8, 8), (9, 9), (10, 79), (11, 14), (12, 15), (13, 1), (79, 2), (14, 3), (15, 40), (16, 41), (78, 49), (17, 17), (18, 18), (19, 19), (20, 20), (21, 21), (22, 22), (23, 23), (24, 24), (25, 25), (26, 26), (27, 27), (28, 28), (29, 29), (30, 30), (31, 31), (32, 32), (77, 74), (33, 33), (34, 34), (35, 35), (36, 36), (37, 37), (38, 38), (39, 39), (40, 4), (41, 5), (76, 73), (42, 78), (43, 43), (44, 44), (45, 45), (46, 46), (47, 47), (48, 48), (49, 0), (50, 50), (51, 51), (52, 52), (53, 53), (54, 54), (55, 55), (56, 56), (57, 57), (58, 58), (75, 76), (59, 59), (60, 60), (61, 61), (62, 62), (63, 63), (64, 64), (65, 65), (66, 66), (67, 67), (68, 68), (69, 69), (70, 70), (71, 71), (74, 77), (72, 42), (73, 72)]
index list: [10, 11, 12, 13, 16, 75, 6, 7, 8, 9, 79, 14, 15, 1, 2, 3, 40, 41, 49, 17, 18, 19, 20, 21, 22, 23, 24, 25, 26, 27, 28, 29, 30, 31, 32, 74, 33, 34, 35, 36, 37, 38, 39, 4, 5, 73, 78, 43, 44, 45, 46, 47, 48, 0, 50, 51, 52, 53, 54, 55, 56, 57, 58, 76, 59, 60, 61, 62, 63, 64, 65, 66, 67, 68, 69, 70, 71, 77, 42, 72]
index list energy: 248595.0307019473
Done


iterations: 10000000 temp: 1000000.0 exponent: 0.7 eif: 300.0
time taken (sec): 818.7835211753845
number of iterations: 10000000
og index list: [(0, 75), (1, 56), (2, 6), (3, 11), (4, 36), (5, 13), (6, 67), (7, 63), (8, 5), (9, 77), (10, 29), (11, 61), (12, 66), (13, 22), (79, 34), (14, 40), (15, 43), (16, 26), (78, 71), (17, 3), (18, 16), (19, 37), (20, 0), (21, 12), (22, 19), (23, 45), (24, 2), (25, 4), (26, 72), (27, 62), (28, 21), (29, 28), (30, 65), (31, 55), (32, 78), (77, 46), (33, 39), (34, 32), (35, 51), (36, 69), (37, 74), (38, 23), (39, 31), (40, 58), (41, 7), (76, 79), (42, 15), (43, 33), (44, 27), (45, 76), (46, 20), (47, 64), (48, 54), (49, 59), (50, 57), (51, 68), (52, 10), (53, 60), (54, 1), (55, 24), (56, 17), (57, 38), (58, 42), (75, 70), (59, 35), (60, 9), (61, 73), (62, 53), (63, 50), (64, 8), (65, 47), (66, 18), (67, 49), (68, 25), (69, 52), (70, 41), (71, 48), (74, 44), (72, 14), (73, 30)]
og index list energy: 114687280.70063163
index_list: [(0, 42), (1, 72), (2, 1), (3, 2), (4, 3), (5, 5), (6, 6), (7, 7), (8, 8), (9, 9), (10, 10), (11, 11), (12, 12), (13, 13), (79, 50), (14, 77), (15, 71), (16, 4), (78, 75), (17, 17), (18, 18), (19, 19), (20, 20), (21, 21), (22, 22), (23, 23), (24, 24), (25, 25), (26, 26), (27, 27), (28, 28), (29, 29), (30, 30), (31, 31), (32, 32), (77, 49), (33, 33), (34, 34), (35, 35), (36, 36), (37, 37), (38, 38), (39, 39), (40, 40), (41, 41), (76, 0), (42, 73), (43, 79), (44, 44), (45, 45), (46, 46), (47, 47), (48, 48), (49, 74), (50, 43), (51, 51), (52, 52), (53, 53), (54, 54), (55, 55), (56, 56), (57, 57), (58, 58), (75, 78), (59, 59), (60, 60), (61, 61), (62, 62), (63, 63), (64, 64), (65, 65), (66, 66), (67, 67), (68, 68), (69, 69), (70, 70), (71, 76), (74, 14), (72, 15), (73, 16)]
index list: [42, 72, 1, 2, 3, 5, 6, 7, 8, 9, 10, 11, 12, 13, 50, 77, 71, 4, 75, 17, 18, 19, 20, 21, 22, 23, 24, 25, 26, 27, 28, 29, 30, 31, 32, 49, 33, 34, 35, 36, 37, 38, 39, 40, 41, 0, 73, 79, 44, 45, 46, 47, 48, 74, 43, 51, 52, 53, 54, 55, 56, 57, 58, 78, 59, 60, 61, 62, 63, 64, 65, 66, 67, 68, 69, 70, 76, 14, 15, 16]
index list energy: 232914.63307509423
Done


iterations: 10000000 temp: 1000000.0 exponent: 0.7 eif: 300.0
time taken (sec): 902.8757677078247
number of iterations: 10000000
og index list: [(0, 28), (1, 74), (2, 59), (3, 49), (4, 31), (5, 39), (6, 36), (7, 26), (8, 71), (9, 73), (10, 56), (11, 47), (12, 8), (13, 20), (79, 54), (14, 45), (15, 55), (16, 19), (78, 75), (17, 22), (18, 64), (19, 65), (20, 52), (21, 4), (22, 6), (23, 78), (24, 18), (25, 69), (26, 68), (27, 1), (28, 5), (29, 70), (30, 32), (31, 67), (32, 38), (77, 21), (33, 15), (34, 30), (35, 53), (36, 35), (37, 77), (38, 3), (39, 2), (40, 50), (41, 7), (76, 9), (42, 66), (43, 40), (44, 60), (45, 0), (46, 24), (47, 16), (48, 48), (49, 72), (50, 14), (51, 41), (52, 44), (53, 58), (54, 23), (55, 33), (56, 79), (57, 61), (58, 11), (75, 13), (59, 10), (60, 63), (61, 25), (62, 62), (63, 34), (64, 42), (65, 46), (66, 57), (67, 76), (68, 43), (69, 51), (70, 27), (71, 12), (74, 17), (72, 37), (73, 29)]
og index list energy: 105306299.30139491
index_list: [(0, 0), (1, 1), (2, 2), (3, 3), (4, 4), (5, 5), (6, 6), (7, 7), (8, 8), (9, 9), (10, 10), (11, 11), (12, 12), (13, 13), (79, 49), (14, 14), (15, 15), (16, 16), (78, 79), (17, 17), (18, 18), (19, 19), (20, 20), (21, 21), (22, 22), (23, 23), (24, 24), (25, 25), (26, 26), (27, 27), (28, 28), (29, 29), (30, 30), (31, 31), (32, 32), (77, 77), (33, 33), (34, 34), (35, 35), (36, 36), (37, 37), (38, 38), (39, 39), (40, 40), (41, 41), (76, 75), (42, 42), (43, 43), (44, 44), (45, 45), (46, 46), (47, 47), (48, 48), (49, 78), (50, 50), (51, 51), (52, 52), (53, 53), (54, 54), (55, 55), (56, 56), (57, 57), (58, 58), (75, 76), (59, 59), (60, 60), (61, 61), (62, 62), (63, 63), (64, 64), (65, 65), (66, 66), (67, 67), (68, 68), (69, 69), (70, 70), (71, 71), (74, 74), (72, 72), (73, 73)]
index list: [0, 1, 2, 3, 4, 5, 6, 7, 8, 9, 10, 11, 12, 13, 49, 14, 15, 16, 79, 17, 18, 19, 20, 21, 22, 23, 24, 25, 26, 27, 28, 29, 30, 31, 32, 77, 33, 34, 35, 36, 37, 38, 39, 40, 41, 75, 42, 43, 44, 45, 46, 47, 48, 78, 50, 51, 52, 53, 54, 55, 56, 57, 58, 76, 59, 60, 61, 62, 63, 64, 65, 66, 67, 68, 69, 70, 71, 74, 72, 73]
index list energy: 98209.82393678775
Done


iterations: 10000000 temp: 1000000.0 exponent: 0.7 eif: 300.0
time taken (sec): 186.98873257637024
number of iterations: 3696619
og index list: [(0, 41), (1, 17), (2, 30), (3, 39), (4, 40), (5, 29), (6, 53), (7, 24), (8, 12), (9, 75), (10, 2), (11, 76), (12, 13), (13, 65), (79, 3), (14, 51), (15, 20), (16, 47), (78, 71), (17, 66), (18, 46), (19, 8), (20, 79), (21, 57), (22, 70), (23, 9), (24, 59), (25, 78), (26, 35), (27, 36), (28, 10), (29, 22), (30, 4), (31, 64), (32, 72), (77, 73), (33, 62), (34, 63), (35, 37), (36, 54), (37, 55), (38, 32), (39, 68), (40, 11), (41, 27), (76, 0), (42, 49), (43, 38), (44, 31), (45, 18), (46, 44), (47, 33), (48, 67), (49, 43), (50, 28), (51, 15), (52, 23), (53, 69), (54, 58), (55, 25), (56, 6), (57, 19), (58, 60), (75, 7), (59, 48), (60, 42), (61, 16), (62, 26), (63, 14), (64, 77), (65, 1), (66, 61), (67, 21), (68, 52), (69, 56), (70, 74), (71, 5), (74, 34), (72, 45), (73, 50)]
og index list energy: 98256084.30282633
index_list: [(0, 72), (1, 73), (2, 50), (3, 51), (4, 10), (5, 11), (6, 0), (7, 1), (8, 2), (9, 32), (10, 12), (11, 13), (12, 75), (13, 43), (79, 44), (14, 45), (15, 16), (16, 65), (78, 66), (17, 17), (18, 18), (19, 19), (20, 20), (21, 21), (22, 22), (23, 23), (24, 24), (25, 25), (26, 26), (27, 27), (28, 28), (29, 29), (30, 30), (31, 31), (32, 9), (77, 49), (33, 33), (34, 34), (35, 35), (36, 36), (37, 37), (38, 38), (39, 39), (40, 4), (41, 5), (76, 6), (42, 7), (43, 8), (44, 41), (45, 76), (46, 15), (47, 46), (48, 58), (49, 78), (50, 42), (51, 70), (52, 52), (53, 53), (54, 54), (55, 77), (56, 48), (57, 64), (58, 71), (75, 40), (59, 3), (60, 60), (61, 61), (62, 62), (63, 63), (64, 55), (65, 56), (66, 57), (67, 47), (68, 74), (69, 67), (70, 79), (71, 59), (74, 68), (72, 69), (73, 14)]
index list: [72, 73, 50, 51, 10, 11, 0, 1, 2, 32, 12, 13, 75, 43, 44, 45, 16, 65, 66, 17, 18, 19, 20, 21, 22, 23, 24, 25, 26, 27, 28, 29, 30, 31, 9, 49, 33, 34, 35, 36, 37, 38, 39, 4, 5, 6, 7, 8, 41, 76, 15, 46, 58, 78, 42, 70, 52, 53, 54, 77, 48, 64, 71, 40, 3, 60, 61, 62, 63, 55, 56, 57, 47, 74, 67, 79, 59, 68, 69, 14]
index list energy: 650299.2589063025
Done


