## SLURM PROLOG ###############################################################
##    Job ID : 2089325
##  Job Name : NOESY_80
##  Nodelist : node1164
##      CPUs : 1
##  Mem/Node : 1024 MB
## Directory : /gpfs/data/nfawzi/skale/Fawzi_pycharm_project
##   Started : Fri Jan 18 23:45:53 EST 2019
###############################################################################
iterations: 10000000 temp: 1000000.0 exponent: 0.7 eif: 300.0
time taken (sec): 982.3820135593414
number of iterations: 10000000
og index list: [(0, 79), (1, 14), (2, 12), (3, 41), (4, 30), (5, 43), (6, 27), (7, 65), (8, 42), (9, 18), (10, 28), (11, 21), (12, 64), (13, 55), (79, 1), (14, 39), (15, 46), (16, 7), (78, 38), (17, 70), (18, 8), (19, 73), (20, 76), (21, 2), (22, 35), (23, 48), (24, 47), (25, 31), (26, 4), (27, 72), (28, 69), (29, 52), (30, 77), (31, 6), (32, 22), (77, 5), (33, 16), (34, 32), (35, 59), (36, 57), (37, 74), (38, 26), (39, 23), (40, 56), (41, 40), (76, 62), (42, 51), (43, 54), (44, 10), (45, 49), (46, 9), (47, 34), (48, 33), (49, 24), (50, 67), (51, 17), (52, 19), (53, 25), (54, 63), (55, 68), (56, 15), (57, 50), (58, 13), (75, 0), (59, 11), (60, 71), (61, 20), (62, 60), (63, 61), (64, 75), (65, 44), (66, 66), (67, 78), (68, 45), (69, 3), (70, 53), (71, 36), (74, 37), (72, 58), (73, 29)]
og index list energy: 86134917.17018306
index_list: [(0, 0), (1, 1), (2, 2), (3, 3), (4, 4), (5, 5), (6, 6), (7, 7), (8, 8), (9, 9), (10, 10), (11, 11), (12, 12), (13, 13), (79, 49), (14, 14), (15, 15), (16, 16), (78, 77), (17, 17), (18, 18), (19, 19), (20, 20), (21, 21), (22, 22), (23, 23), (24, 24), (25, 25), (26, 26), (27, 27), (28, 28), (29, 29), (30, 30), (31, 31), (32, 32), (77, 79), (33, 33), (34, 34), (35, 35), (36, 36), (37, 37), (38, 38), (39, 39), (40, 40), (41, 41), (76, 78), (42, 42), (43, 43), (44, 44), (45, 45), (46, 46), (47, 47), (48, 48), (49, 75), (50, 50), (51, 51), (52, 52), (53, 53), (54, 54), (55, 55), (56, 56), (57, 57), (58, 58), (75, 76), (59, 59), (60, 60), (61, 61), (62, 62), (63, 63), (64, 64), (65, 65), (66, 66), (67, 67), (68, 68), (69, 69), (70, 70), (71, 71), (74, 74), (72, 72), (73, 73)]
index list: [0, 1, 2, 3, 4, 5, 6, 7, 8, 9, 10, 11, 12, 13, 49, 14, 15, 16, 77, 17, 18, 19, 20, 21, 22, 23, 24, 25, 26, 27, 28, 29, 30, 31, 32, 79, 33, 34, 35, 36, 37, 38, 39, 40, 41, 78, 42, 43, 44, 45, 46, 47, 48, 75, 50, 51, 52, 53, 54, 55, 56, 57, 58, 76, 59, 60, 61, 62, 63, 64, 65, 66, 67, 68, 69, 70, 71, 74, 72, 73]
index list energy: 98209.82393678775
Done


iterations: 10000000 temp: 1000000.0 exponent: 0.7 eif: 300.0
time taken (sec): 937.9619154930115
number of iterations: 10000000
og index list: [(0, 65), (1, 34), (2, 8), (3, 16), (4, 9), (5, 61), (6, 75), (7, 37), (8, 10), (9, 72), (10, 14), (11, 66), (12, 49), (13, 4), (79, 59), (14, 27), (15, 55), (16, 43), (78, 20), (17, 60), (18, 17), (19, 45), (20, 46), (21, 22), (22, 3), (23, 54), (24, 7), (25, 76), (26, 48), (27, 5), (28, 18), (29, 47), (30, 56), (31, 74), (32, 11), (77, 52), (33, 39), (34, 26), (35, 19), (36, 79), (37, 62), (38, 71), (39, 51), (40, 33), (41, 31), (76, 15), (42, 28), (43, 73), (44, 40), (45, 35), (46, 1), (47, 30), (48, 44), (49, 58), (50, 64), (51, 36), (52, 12), (53, 69), (54, 41), (55, 21), (56, 42), (57, 24), (58, 67), (75, 53), (59, 77), (60, 6), (61, 57), (62, 70), (63, 0), (64, 63), (65, 2), (66, 68), (67, 32), (68, 13), (69, 38), (70, 78), (71, 23), (74, 29), (72, 50), (73, 25)]
og index list energy: 103127353.61892831
index_list: [(0, 0), (1, 1), (2, 2), (3, 3), (4, 4), (5, 5), (6, 6), (7, 7), (8, 8), (9, 9), (10, 10), (11, 11), (12, 12), (13, 13), (79, 76), (14, 14), (15, 15), (16, 16), (78, 79), (17, 17), (18, 18), (19, 19), (20, 20), (21, 21), (22, 22), (23, 23), (24, 24), (25, 25), (26, 26), (27, 27), (28, 28), (29, 29), (30, 30), (31, 31), (32, 32), (77, 77), (33, 33), (34, 34), (35, 35), (36, 36), (37, 37), (38, 38), (39, 39), (40, 40), (41, 41), (76, 78), (42, 42), (43, 43), (44, 44), (45, 45), (46, 46), (47, 47), (48, 48), (49, 49), (50, 50), (51, 51), (52, 52), (53, 53), (54, 54), (55, 55), (56, 56), (57, 57), (58, 58), (75, 75), (59, 59), (60, 60), (61, 61), (62, 62), (63, 63), (64, 64), (65, 65), (66, 66), (67, 67), (68, 68), (69, 69), (70, 70), (71, 71), (74, 74), (72, 72), (73, 73)]
index list: [0, 1, 2, 3, 4, 5, 6, 7, 8, 9, 10, 11, 12, 13, 76, 14, 15, 16, 79, 17, 18, 19, 20, 21, 22, 23, 24, 25, 26, 27, 28, 29, 30, 31, 32, 77, 33, 34, 35, 36, 37, 38, 39, 40, 41, 78, 42, 43, 44, 45, 46, 47, 48, 49, 50, 51, 52, 53, 54, 55, 56, 57, 58, 75, 59, 60, 61, 62, 63, 64, 65, 66, 67, 68, 69, 70, 71, 74, 72, 73]
index list energy: 97911.32412903158
Done


iterations: 10000000 temp: 1000000.0 exponent: 0.7 eif: 300.0
time taken (sec): 650.1009032726288
number of iterations: 10000000
og index list: [(0, 44), (1, 76), (2, 37), (3, 69), (4, 19), (5, 58), (6, 13), (7, 63), (8, 17), (9, 65), (10, 64), (11, 51), (12, 36), (13, 2), (79, 14), (14, 5), (15, 6), (16, 24), (78, 75), (17, 25), (18, 49), (19, 23), (20, 46), (21, 72), (22, 62), (23, 16), (24, 27), (25, 0), (26, 60), (27, 70), (28, 26), (29, 59), (30, 71), (31, 11), (32, 48), (77, 18), (33, 56), (34, 32), (35, 73), (36, 15), (37, 43), (38, 29), (39, 42), (40, 68), (41, 41), (76, 20), (42, 1), (43, 61), (44, 74), (45, 50), (46, 45), (47, 67), (48, 39), (49, 10), (50, 28), (51, 40), (52, 34), (53, 54), (54, 21), (55, 66), (56, 38), (57, 3), (58, 79), (75, 30), (59, 57), (60, 77), (61, 9), (62, 35), (63, 33), (64, 52), (65, 55), (66, 4), (67, 8), (68, 22), (69, 78), (70, 31), (71, 53), (74, 47), (72, 7), (73, 12)]
og index list energy: 101468559.26415859
index_list: [(0, 43), (1, 16), (2, 12), (3, 13), (4, 41), (5, 71), (6, 68), (7, 69), (8, 70), (9, 65), (10, 66), (11, 67), (12, 5), (13, 9), (79, 10), (14, 11), (15, 76), (16, 59), (78, 26), (17, 27), (18, 30), (19, 31), (20, 47), (21, 48), (22, 22), (23, 23), (24, 24), (25, 25), (26, 74), (27, 17), (28, 18), (29, 1), (30, 2), (31, 44), (32, 45), (77, 46), (33, 58), (34, 77), (35, 40), (36, 36), (37, 34), (38, 35), (39, 6), (40, 7), (41, 8), (76, 49), (42, 42), (43, 33), (44, 78), (45, 72), (46, 19), (47, 20), (48, 21), (49, 64), (50, 50), (51, 51), (52, 52), (53, 53), (54, 54), (55, 55), (56, 56), (57, 57), (58, 73), (75, 0), (59, 3), (60, 60), (61, 61), (62, 62), (63, 63), (64, 37), (65, 38), (66, 39), (67, 79), (68, 28), (69, 29), (70, 75), (71, 14), (74, 15), (72, 32), (73, 4)]
index list: [43, 16, 12, 13, 41, 71, 68, 69, 70, 65, 66, 67, 5, 9, 10, 11, 76, 59, 26, 27, 30, 31, 47, 48, 22, 23, 24, 25, 74, 17, 18, 1, 2, 44, 45, 46, 58, 77, 40, 36, 34, 35, 6, 7, 8, 49, 42, 33, 78, 72, 19, 20, 21, 64, 50, 51, 52, 53, 54, 55, 56, 57, 73, 0, 3, 60, 61, 62, 63, 37, 38, 39, 79, 28, 29, 75, 14, 15, 32, 4]
index list energy: 841416.5550952762
Done


iterations: 10000000 temp: 1000000.0 exponent: 0.7 eif: 300.0
time taken (sec): 873.911139011383
number of iterations: 10000000
og index list: [(0, 2), (1, 20), (2, 37), (3, 66), (4, 41), (5, 62), (6, 79), (7, 73), (8, 68), (9, 22), (10, 30), (11, 44), (12, 9), (13, 65), (79, 54), (14, 69), (15, 43), (16, 28), (78, 35), (17, 26), (18, 39), (19, 46), (20, 74), (21, 49), (22, 12), (23, 58), (24, 24), (25, 36), (26, 47), (27, 59), (28, 67), (29, 21), (30, 25), (31, 7), (32, 48), (77, 57), (33, 70), (34, 13), (35, 32), (36, 17), (37, 75), (38, 6), (39, 34), (40, 29), (41, 15), (76, 0), (42, 50), (43, 40), (44, 56), (45, 53), (46, 14), (47, 64), (48, 38), (49, 55), (50, 11), (51, 19), (52, 61), (53, 4), (54, 5), (55, 33), (56, 52), (57, 10), (58, 72), (75, 18), (59, 76), (60, 16), (61, 1), (62, 3), (63, 31), (64, 8), (65, 77), (66, 78), (67, 63), (68, 51), (69, 71), (70, 27), (71, 23), (74, 45), (72, 60), (73, 42)]
og index list energy: 83977550.82589568
index_list: [(0, 0), (1, 1), (2, 2), (3, 3), (4, 4), (5, 5), (6, 6), (7, 7), (8, 8), (9, 9), (10, 10), (11, 11), (12, 12), (13, 13), (79, 49), (14, 14), (15, 15), (16, 16), (78, 78), (17, 17), (18, 18), (19, 19), (20, 20), (21, 21), (22, 22), (23, 23), (24, 24), (25, 25), (26, 26), (27, 27), (28, 28), (29, 29), (30, 30), (31, 31), (32, 32), (77, 74), (33, 33), (34, 34), (35, 35), (36, 36), (37, 37), (38, 38), (39, 39), (40, 40), (41, 41), (76, 71), (42, 76), (43, 43), (44, 44), (45, 45), (46, 46), (47, 47), (48, 48), (49, 77), (50, 50), (51, 51), (52, 52), (53, 53), (54, 54), (55, 55), (56, 56), (57, 57), (58, 58), (75, 75), (59, 59), (60, 60), (61, 61), (62, 62), (63, 63), (64, 64), (65, 65), (66, 66), (67, 67), (68, 68), (69, 69), (70, 72), (71, 73), (74, 79), (72, 42), (73, 70)]
index list: [0, 1, 2, 3, 4, 5, 6, 7, 8, 9, 10, 11, 12, 13, 49, 14, 15, 16, 78, 17, 18, 19, 20, 21, 22, 23, 24, 25, 26, 27, 28, 29, 30, 31, 32, 74, 33, 34, 35, 36, 37, 38, 39, 40, 41, 71, 76, 43, 44, 45, 46, 47, 48, 77, 50, 51, 52, 53, 54, 55, 56, 57, 58, 75, 59, 60, 61, 62, 63, 64, 65, 66, 67, 68, 69, 72, 73, 79, 42, 70]
index list energy: 117778.2679746308
Done


iterations: 10000000 temp: 1000000.0 exponent: 0.7 eif: 300.0
time taken (sec): 875.8003077507019
number of iterations: 10000000
og index list: [(0, 46), (1, 68), (2, 31), (3, 70), (4, 43), (5, 40), (6, 21), (7, 7), (8, 39), (9, 37), (10, 71), (11, 14), (12, 18), (13, 16), (79, 36), (14, 77), (15, 69), (16, 22), (78, 38), (17, 25), (18, 3), (19, 56), (20, 53), (21, 33), (22, 66), (23, 67), (24, 74), (25, 73), (26, 32), (27, 58), (28, 24), (29, 55), (30, 34), (31, 62), (32, 17), (77, 10), (33, 63), (34, 47), (35, 1), (36, 30), (37, 79), (38, 65), (39, 60), (40, 27), (41, 50), (76, 54), (42, 9), (43, 8), (44, 64), (45, 42), (46, 57), (47, 41), (48, 29), (49, 72), (50, 5), (51, 11), (52, 23), (53, 12), (54, 35), (55, 13), (56, 44), (57, 59), (58, 75), (75, 2), (59, 4), (60, 61), (61, 28), (62, 6), (63, 20), (64, 49), (65, 51), (66, 52), (67, 15), (68, 78), (69, 0), (70, 45), (71, 19), (74, 48), (72, 76), (73, 26)]
og index list energy: 111662279.52291627
index_list: [(0, 0), (1, 1), (2, 2), (3, 3), (4, 4), (5, 5), (6, 6), (7, 7), (8, 8), (9, 9), (10, 10), (11, 11), (12, 12), (13, 13), (79, 77), (14, 14), (15, 15), (16, 16), (78, 79), (17, 17), (18, 18), (19, 19), (20, 20), (21, 21), (22, 22), (23, 23), (24, 24), (25, 25), (26, 26), (27, 27), (28, 28), (29, 29), (30, 30), (31, 31), (32, 32), (77, 75), (33, 33), (34, 34), (35, 35), (36, 36), (37, 37), (38, 38), (39, 39), (40, 40), (41, 41), (76, 71), (42, 74), (43, 43), (44, 44), (45, 45), (46, 46), (47, 47), (48, 48), (49, 76), (50, 50), (51, 51), (52, 52), (53, 53), (54, 54), (55, 55), (56, 56), (57, 57), (58, 58), (75, 49), (59, 59), (60, 60), (61, 61), (62, 62), (63, 63), (64, 64), (65, 65), (66, 66), (67, 67), (68, 68), (69, 69), (70, 70), (71, 78), (74, 42), (72, 72), (73, 73)]
index list: [0, 1, 2, 3, 4, 5, 6, 7, 8, 9, 10, 11, 12, 13, 77, 14, 15, 16, 79, 17, 18, 19, 20, 21, 22, 23, 24, 25, 26, 27, 28, 29, 30, 31, 32, 75, 33, 34, 35, 36, 37, 38, 39, 40, 41, 71, 74, 43, 44, 45, 46, 47, 48, 76, 50, 51, 52, 53, 54, 55, 56, 57, 58, 49, 59, 60, 61, 62, 63, 64, 65, 66, 67, 68, 69, 70, 78, 42, 72, 73]
index list energy: 108070.45780373304
Done


iterations: 10000000 temp: 1000000.0 exponent: 0.7 eif: 300.0
time taken (sec): 887.4993929862976
number of iterations: 10000000
og index list: [(0, 17), (1, 35), (2, 71), (3, 36), (4, 13), (5, 59), (6, 2), (7, 38), (8, 30), (9, 55), (10, 60), (11, 53), (12, 39), (13, 0), (79, 61), (14, 50), (15, 19), (16, 12), (78, 58), (17, 42), (18, 47), (19, 34), (20, 28), (21, 64), (22, 46), (23, 24), (24, 27), (25, 52), (26, 67), (27, 77), (28, 4), (29, 51), (30, 5), (31, 3), (32, 68), (77, 70), (33, 56), (34, 57), (35, 18), (36, 29), (37, 1), (38, 10), (39, 76), (40, 44), (41, 72), (76, 21), (42, 54), (43, 22), (44, 43), (45, 78), (46, 11), (47, 32), (48, 23), (49, 41), (50, 6), (51, 74), (52, 8), (53, 40), (54, 75), (55, 37), (56, 48), (57, 20), (58, 31), (75, 63), (59, 62), (60, 45), (61, 14), (62, 49), (63, 7), (64, 79), (65, 69), (66, 25), (67, 33), (68, 65), (69, 66), (70, 16), (71, 26), (74, 73), (72, 9), (73, 15)]
og index list energy: 114620015.76669401
index_list: [(0, 0), (1, 1), (2, 2), (3, 3), (4, 4), (5, 5), (6, 6), (7, 7), (8, 8), (9, 9), (10, 10), (11, 11), (12, 12), (13, 13), (79, 74), (14, 14), (15, 15), (16, 16), (78, 79), (17, 17), (18, 18), (19, 19), (20, 20), (21, 21), (22, 22), (23, 23), (24, 24), (25, 25), (26, 26), (27, 27), (28, 28), (29, 29), (30, 30), (31, 31), (32, 32), (77, 77), (33, 33), (34, 34), (35, 35), (36, 36), (37, 37), (38, 38), (39, 39), (40, 40), (41, 41), (76, 76), (42, 42), (43, 43), (44, 44), (45, 45), (46, 46), (47, 47), (48, 48), (49, 75), (50, 50), (51, 51), (52, 52), (53, 53), (54, 54), (55, 55), (56, 56), (57, 57), (58, 58), (75, 49), (59, 59), (60, 60), (61, 61), (62, 62), (63, 63), (64, 64), (65, 65), (66, 66), (67, 67), (68, 68), (69, 69), (70, 70), (71, 71), (74, 78), (72, 72), (73, 73)]
index list: [0, 1, 2, 3, 4, 5, 6, 7, 8, 9, 10, 11, 12, 13, 74, 14, 15, 16, 79, 17, 18, 19, 20, 21, 22, 23, 24, 25, 26, 27, 28, 29, 30, 31, 32, 77, 33, 34, 35, 36, 37, 38, 39, 40, 41, 76, 42, 43, 44, 45, 46, 47, 48, 75, 50, 51, 52, 53, 54, 55, 56, 57, 58, 49, 59, 60, 61, 62, 63, 64, 65, 66, 67, 68, 69, 70, 71, 78, 72, 73]
index list energy: 98209.82393678775
Done


iterations: 10000000 temp: 1000000.0 exponent: 0.7 eif: 300.0
time taken (sec): 858.8481590747833
number of iterations: 10000000
og index list: [(0, 38), (1, 22), (2, 48), (3, 4), (4, 61), (5, 0), (6, 70), (7, 17), (8, 18), (9, 46), (10, 69), (11, 42), (12, 72), (13, 3), (79, 26), (14, 11), (15, 63), (16, 15), (78, 31), (17, 51), (18, 57), (19, 71), (20, 19), (21, 68), (22, 65), (23, 12), (24, 56), (25, 2), (26, 14), (27, 10), (28, 35), (29, 66), (30, 20), (31, 73), (32, 25), (77, 8), (33, 21), (34, 50), (35, 45), (36, 32), (37, 23), (38, 6), (39, 37), (40, 76), (41, 62), (76, 44), (42, 30), (43, 52), (44, 16), (45, 36), (46, 54), (47, 29), (48, 79), (49, 59), (50, 67), (51, 64), (52, 74), (53, 33), (54, 28), (55, 77), (56, 7), (57, 39), (58, 40), (75, 53), (59, 47), (60, 78), (61, 24), (62, 1), (63, 34), (64, 5), (65, 9), (66, 60), (67, 75), (68, 55), (69, 41), (70, 27), (71, 43), (74, 49), (72, 58), (73, 13)]
og index list energy: 100437306.50688629
index_list: [(0, 0), (1, 1), (2, 2), (3, 3), (4, 4), (5, 5), (6, 6), (7, 7), (8, 8), (9, 9), (10, 10), (11, 11), (12, 12), (13, 13), (79, 79), (14, 14), (15, 15), (16, 16), (78, 77), (17, 17), (18, 18), (19, 19), (20, 20), (21, 21), (22, 22), (23, 23), (24, 24), (25, 25), (26, 26), (27, 27), (28, 28), (29, 29), (30, 30), (31, 31), (32, 32), (77, 78), (33, 33), (34, 34), (35, 35), (36, 36), (37, 37), (38, 38), (39, 39), (40, 40), (41, 41), (76, 71), (42, 74), (43, 43), (44, 44), (45, 45), (46, 46), (47, 47), (48, 48), (49, 49), (50, 50), (51, 51), (52, 52), (53, 53), (54, 54), (55, 55), (56, 56), (57, 57), (58, 58), (75, 76), (59, 59), (60, 60), (61, 61), (62, 62), (63, 63), (64, 64), (65, 65), (66, 66), (67, 67), (68, 68), (69, 69), (70, 70), (71, 75), (74, 42), (72, 72), (73, 73)]
index list: [0, 1, 2, 3, 4, 5, 6, 7, 8, 9, 10, 11, 12, 13, 79, 14, 15, 16, 77, 17, 18, 19, 20, 21, 22, 23, 24, 25, 26, 27, 28, 29, 30, 31, 32, 78, 33, 34, 35, 36, 37, 38, 39, 40, 41, 71, 74, 43, 44, 45, 46, 47, 48, 49, 50, 51, 52, 53, 54, 55, 56, 57, 58, 76, 59, 60, 61, 62, 63, 64, 65, 66, 67, 68, 69, 70, 75, 42, 72, 73]
index list energy: 107771.95799597686
Done


iterations: 10000000 temp: 1000000.0 exponent: 0.7 eif: 300.0
time taken (sec): 891.3203001022339
number of iterations: 10000000
og index list: [(0, 14), (1, 32), (2, 9), (3, 74), (4, 51), (5, 43), (6, 26), (7, 40), (8, 8), (9, 4), (10, 46), (11, 55), (12, 36), (13, 37), (79, 56), (14, 10), (15, 19), (16, 41), (78, 28), (17, 60), (18, 0), (19, 69), (20, 34), (21, 17), (22, 73), (23, 38), (24, 39), (25, 22), (26, 35), (27, 11), (28, 27), (29, 70), (30, 49), (31, 79), (32, 31), (77, 13), (33, 53), (34, 47), (35, 33), (36, 20), (37, 25), (38, 62), (39, 58), (40, 66), (41, 68), (76, 1), (42, 65), (43, 16), (44, 18), (45, 77), (46, 45), (47, 64), (48, 50), (49, 23), (50, 42), (51, 24), (52, 72), (53, 44), (54, 15), (55, 5), (56, 7), (57, 57), (58, 67), (75, 76), (59, 78), (60, 61), (61, 63), (62, 52), (63, 30), (64, 48), (65, 12), (66, 3), (67, 71), (68, 6), (69, 21), (70, 2), (71, 75), (74, 29), (72, 59), (73, 54)]
og index list energy: 131340459.81167579
index_list: [(0, 0), (1, 1), (2, 2), (3, 3), (4, 4), (5, 5), (6, 6), (7, 7), (8, 8), (9, 9), (10, 10), (11, 11), (12, 12), (13, 13), (79, 74), (14, 14), (15, 15), (16, 16), (78, 78), (17, 17), (18, 18), (19, 19), (20, 20), (21, 21), (22, 22), (23, 23), (24, 24), (25, 25), (26, 26), (27, 27), (28, 28), (29, 29), (30, 30), (31, 31), (32, 32), (77, 76), (33, 33), (34, 34), (35, 35), (36, 36), (37, 37), (38, 38), (39, 39), (40, 40), (41, 41), (76, 79), (42, 42), (43, 43), (44, 44), (45, 45), (46, 46), (47, 47), (48, 48), (49, 75), (50, 50), (51, 51), (52, 52), (53, 53), (54, 54), (55, 55), (56, 56), (57, 57), (58, 58), (75, 49), (59, 59), (60, 60), (61, 61), (62, 62), (63, 63), (64, 64), (65, 65), (66, 66), (67, 67), (68, 68), (69, 69), (70, 70), (71, 71), (74, 77), (72, 72), (73, 73)]
index list: [0, 1, 2, 3, 4, 5, 6, 7, 8, 9, 10, 11, 12, 13, 74, 14, 15, 16, 78, 17, 18, 19, 20, 21, 22, 23, 24, 25, 26, 27, 28, 29, 30, 31, 32, 76, 33, 34, 35, 36, 37, 38, 39, 40, 41, 79, 42, 43, 44, 45, 46, 47, 48, 75, 50, 51, 52, 53, 54, 55, 56, 57, 58, 49, 59, 60, 61, 62, 63, 64, 65, 66, 67, 68, 69, 70, 71, 77, 72, 73]
index list energy: 98209.82393678775
Done


iterations: 10000000 temp: 1000000.0 exponent: 0.7 eif: 300.0
time taken (sec): 849.5942203998566
number of iterations: 10000000
og index list: [(0, 68), (1, 60), (2, 11), (3, 22), (4, 53), (5, 72), (6, 43), (7, 51), (8, 48), (9, 46), (10, 63), (11, 27), (12, 74), (13, 19), (79, 26), (14, 24), (15, 58), (16, 13), (78, 49), (17, 21), (18, 3), (19, 69), (20, 77), (21, 9), (22, 65), (23, 31), (24, 54), (25, 32), (26, 71), (27, 40), (28, 14), (29, 50), (30, 59), (31, 33), (32, 45), (77, 62), (33, 64), (34, 29), (35, 10), (36, 52), (37, 20), (38, 79), (39, 36), (40, 37), (41, 15), (76, 66), (42, 67), (43, 17), (44, 76), (45, 44), (46, 6), (47, 28), (48, 75), (49, 7), (50, 61), (51, 2), (52, 38), (53, 23), (54, 73), (55, 35), (56, 1), (57, 5), (58, 78), (75, 56), (59, 16), (60, 55), (61, 57), (62, 25), (63, 47), (64, 41), (65, 4), (66, 70), (67, 12), (68, 39), (69, 18), (70, 34), (71, 0), (74, 42), (72, 8), (73, 30)]
og index list energy: 126809672.9046901
index_list: [(0, 72), (1, 1), (2, 2), (3, 3), (4, 4), (5, 5), (6, 6), (7, 7), (8, 8), (9, 9), (10, 10), (11, 11), (12, 12), (13, 13), (79, 0), (14, 73), (15, 40), (16, 41), (78, 49), (17, 17), (18, 18), (19, 19), (20, 20), (21, 21), (22, 22), (23, 23), (24, 24), (25, 25), (26, 26), (27, 27), (28, 28), (29, 29), (30, 30), (31, 31), (32, 32), (77, 75), (33, 33), (34, 34), (35, 35), (36, 36), (37, 37), (38, 38), (39, 39), (40, 78), (41, 42), (76, 14), (42, 77), (43, 43), (44, 44), (45, 45), (46, 46), (47, 47), (48, 48), (49, 79), (50, 50), (51, 51), (52, 52), (53, 53), (54, 54), (55, 55), (56, 56), (57, 57), (58, 58), (75, 76), (59, 59), (60, 60), (61, 61), (62, 62), (63, 63), (64, 64), (65, 65), (66, 66), (67, 67), (68, 68), (69, 69), (70, 70), (71, 71), (74, 74), (72, 15), (73, 16)]
index list: [72, 1, 2, 3, 4, 5, 6, 7, 8, 9, 10, 11, 12, 13, 0, 73, 40, 41, 49, 17, 18, 19, 20, 21, 22, 23, 24, 25, 26, 27, 28, 29, 30, 31, 32, 75, 33, 34, 35, 36, 37, 38, 39, 78, 42, 14, 77, 43, 44, 45, 46, 47, 48, 79, 50, 51, 52, 53, 54, 55, 56, 57, 58, 76, 59, 60, 61, 62, 63, 64, 65, 66, 67, 68, 69, 70, 71, 74, 15, 16]
index list energy: 178518.6081304873
Done


iterations: 10000000 temp: 1000000.0 exponent: 0.7 eif: 300.0
time taken (sec): 874.3564236164093
number of iterations: 10000000
og index list: [(0, 25), (1, 8), (2, 22), (3, 66), (4, 18), (5, 6), (6, 40), (7, 5), (8, 53), (9, 24), (10, 39), (11, 68), (12, 62), (13, 3), (79, 4), (14, 17), (15, 41), (16, 36), (78, 32), (17, 1), (18, 12), (19, 23), (20, 42), (21, 59), (22, 63), (23, 73), (24, 60), (25, 15), (26, 50), (27, 56), (28, 79), (29, 77), (30, 51), (31, 13), (32, 10), (77, 76), (33, 74), (34, 72), (35, 49), (36, 71), (37, 67), (38, 21), (39, 30), (40, 9), (41, 38), (76, 19), (42, 75), (43, 70), (44, 48), (45, 16), (46, 34), (47, 58), (48, 27), (49, 14), (50, 57), (51, 26), (52, 35), (53, 0), (54, 44), (55, 61), (56, 37), (57, 45), (58, 78), (75, 2), (59, 52), (60, 46), (61, 20), (62, 43), (63, 11), (64, 31), (65, 33), (66, 7), (67, 28), (68, 55), (69, 69), (70, 54), (71, 64), (74, 65), (72, 47), (73, 29)]
og index list energy: 114016243.79565603
index_list: [(0, 0), (1, 1), (2, 2), (3, 3), (4, 4), (5, 5), (6, 6), (7, 7), (8, 8), (9, 9), (10, 10), (11, 11), (12, 12), (13, 13), (79, 78), (14, 14), (15, 15), (16, 16), (78, 79), (17, 17), (18, 18), (19, 19), (20, 20), (21, 21), (22, 22), (23, 23), (24, 24), (25, 25), (26, 26), (27, 27), (28, 28), (29, 29), (30, 30), (31, 31), (32, 32), (77, 76), (33, 33), (34, 34), (35, 35), (36, 36), (37, 37), (38, 38), (39, 39), (40, 40), (41, 41), (76, 75), (42, 42), (43, 43), (44, 44), (45, 45), (46, 46), (47, 47), (48, 48), (49, 49), (50, 50), (51, 51), (52, 52), (53, 53), (54, 54), (55, 55), (56, 56), (57, 57), (58, 58), (75, 77), (59, 59), (60, 60), (61, 61), (62, 62), (63, 63), (64, 64), (65, 65), (66, 66), (67, 67), (68, 68), (69, 69), (70, 70), (71, 71), (74, 74), (72, 72), (73, 73)]
index list: [0, 1, 2, 3, 4, 5, 6, 7, 8, 9, 10, 11, 12, 13, 78, 14, 15, 16, 79, 17, 18, 19, 20, 21, 22, 23, 24, 25, 26, 27, 28, 29, 30, 31, 32, 76, 33, 34, 35, 36, 37, 38, 39, 40, 41, 75, 42, 43, 44, 45, 46, 47, 48, 49, 50, 51, 52, 53, 54, 55, 56, 57, 58, 77, 59, 60, 61, 62, 63, 64, 65, 66, 67, 68, 69, 70, 71, 74, 72, 73]
index list energy: 97911.32412903158
Done


iterations: 10000000 temp: 1000000.0 exponent: 0.7 eif: 300.0
time taken (sec): 877.761786699295
number of iterations: 10000000
og index list: [(0, 79), (1, 20), (2, 49), (3, 33), (4, 16), (5, 39), (6, 40), (7, 43), (8, 45), (9, 5), (10, 70), (11, 10), (12, 1), (13, 14), (79, 28), (14, 62), (15, 21), (16, 31), (78, 78), (17, 12), (18, 37), (19, 55), (20, 53), (21, 68), (22, 6), (23, 52), (24, 4), (25, 32), (26, 17), (27, 34), (28, 8), (29, 54), (30, 7), (31, 74), (32, 30), (77, 44), (33, 59), (34, 29), (35, 57), (36, 64), (37, 47), (38, 69), (39, 41), (40, 38), (41, 25), (76, 18), (42, 73), (43, 2), (44, 48), (45, 51), (46, 76), (47, 19), (48, 26), (49, 50), (50, 67), (51, 77), (52, 13), (53, 15), (54, 35), (55, 66), (56, 24), (57, 27), (58, 56), (75, 0), (59, 61), (60, 72), (61, 9), (62, 60), (63, 11), (64, 23), (65, 46), (66, 58), (67, 65), (68, 63), (69, 75), (70, 36), (71, 3), (74, 42), (72, 22), (73, 71)]
og index list energy: 106311579.0906103
index_list: [(0, 0), (1, 1), (2, 2), (3, 3), (4, 4), (5, 5), (6, 6), (7, 7), (8, 8), (9, 9), (10, 10), (11, 11), (12, 12), (13, 13), (79, 79), (14, 14), (15, 15), (16, 16), (78, 78), (17, 17), (18, 18), (19, 19), (20, 20), (21, 21), (22, 22), (23, 23), (24, 24), (25, 25), (26, 26), (27, 27), (28, 28), (29, 29), (30, 30), (31, 31), (32, 32), (77, 75), (33, 33), (34, 34), (35, 35), (36, 36), (37, 37), (38, 38), (39, 39), (40, 40), (41, 41), (76, 74), (42, 42), (43, 43), (44, 44), (45, 45), (46, 46), (47, 47), (48, 48), (49, 76), (50, 50), (51, 51), (52, 52), (53, 53), (54, 54), (55, 55), (56, 56), (57, 57), (58, 58), (75, 49), (59, 59), (60, 60), (61, 61), (62, 62), (63, 63), (64, 64), (65, 65), (66, 66), (67, 67), (68, 68), (69, 69), (70, 70), (71, 71), (74, 77), (72, 72), (73, 73)]
index list: [0, 1, 2, 3, 4, 5, 6, 7, 8, 9, 10, 11, 12, 13, 79, 14, 15, 16, 78, 17, 18, 19, 20, 21, 22, 23, 24, 25, 26, 27, 28, 29, 30, 31, 32, 75, 33, 34, 35, 36, 37, 38, 39, 40, 41, 74, 42, 43, 44, 45, 46, 47, 48, 76, 50, 51, 52, 53, 54, 55, 56, 57, 58, 49, 59, 60, 61, 62, 63, 64, 65, 66, 67, 68, 69, 70, 71, 77, 72, 73]
index list energy: 98209.82393678775
Done


iterations: 10000000 temp: 1000000.0 exponent: 0.7 eif: 300.0
time taken (sec): 879.9465470314026
number of iterations: 10000000
og index list: [(0, 24), (1, 57), (2, 74), (3, 13), (4, 30), (5, 54), (6, 60), (7, 35), (8, 47), (9, 3), (10, 48), (11, 77), (12, 69), (13, 58), (79, 44), (14, 12), (15, 5), (16, 34), (78, 49), (17, 39), (18, 46), (19, 14), (20, 2), (21, 23), (22, 20), (23, 51), (24, 43), (25, 16), (26, 50), (27, 7), (28, 22), (29, 38), (30, 42), (31, 62), (32, 11), (77, 73), (33, 45), (34, 65), (35, 75), (36, 67), (37, 28), (38, 64), (39, 41), (40, 25), (41, 72), (76, 9), (42, 8), (43, 40), (44, 33), (45, 32), (46, 76), (47, 4), (48, 79), (49, 56), (50, 55), (51, 26), (52, 21), (53, 19), (54, 53), (55, 31), (56, 61), (57, 59), (58, 68), (75, 0), (59, 15), (60, 66), (61, 29), (62, 37), (63, 1), (64, 36), (65, 10), (66, 70), (67, 27), (68, 6), (69, 78), (70, 71), (71, 18), (74, 17), (72, 63), (73, 52)]
og index list energy: 106363081.58712097
index_list: [(0, 0), (1, 1), (2, 2), (3, 3), (4, 4), (5, 5), (6, 6), (7, 7), (8, 8), (9, 9), (10, 10), (11, 11), (12, 12), (13, 13), (79, 49), (14, 14), (15, 15), (16, 16), (78, 78), (17, 17), (18, 18), (19, 19), (20, 20), (21, 21), (22, 22), (23, 23), (24, 24), (25, 25), (26, 26), (27, 27), (28, 28), (29, 29), (30, 30), (31, 31), (32, 32), (77, 79), (33, 33), (34, 34), (35, 35), (36, 36), (37, 37), (38, 38), (39, 39), (40, 40), (41, 41), (76, 75), (42, 42), (43, 43), (44, 44), (45, 45), (46, 46), (47, 47), (48, 48), (49, 74), (50, 50), (51, 51), (52, 52), (53, 53), (54, 54), (55, 55), (56, 56), (57, 57), (58, 58), (75, 76), (59, 59), (60, 60), (61, 61), (62, 62), (63, 63), (64, 64), (65, 65), (66, 66), (67, 67), (68, 68), (69, 69), (70, 70), (71, 71), (74, 77), (72, 72), (73, 73)]
index list: [0, 1, 2, 3, 4, 5, 6, 7, 8, 9, 10, 11, 12, 13, 49, 14, 15, 16, 78, 17, 18, 19, 20, 21, 22, 23, 24, 25, 26, 27, 28, 29, 30, 31, 32, 79, 33, 34, 35, 36, 37, 38, 39, 40, 41, 75, 42, 43, 44, 45, 46, 47, 48, 74, 50, 51, 52, 53, 54, 55, 56, 57, 58, 76, 59, 60, 61, 62, 63, 64, 65, 66, 67, 68, 69, 70, 71, 77, 72, 73]
index list energy: 98209.82393678775
Done


iterations: 10000000 temp: 1000000.0 exponent: 0.7 eif: 300.0
time taken (sec): 778.1065983772278
number of iterations: 10000000
og index list: [(0, 19), (1, 10), (2, 65), (3, 16), (4, 59), (5, 27), (6, 21), (7, 14), (8, 53), (9, 26), (10, 34), (11, 71), (12, 11), (13, 35), (79, 75), (14, 79), (15, 36), (16, 74), (78, 5), (17, 7), (18, 18), (19, 62), (20, 52), (21, 60), (22, 42), (23, 25), (24, 6), (25, 0), (26, 57), (27, 58), (28, 47), (29, 67), (30, 4), (31, 72), (32, 13), (77, 50), (33, 31), (34, 38), (35, 76), (36, 12), (37, 20), (38, 70), (39, 22), (40, 48), (41, 9), (76, 17), (42, 49), (43, 32), (44, 43), (45, 37), (46, 33), (47, 3), (48, 78), (49, 68), (50, 64), (51, 45), (52, 30), (53, 40), (54, 63), (55, 28), (56, 29), (57, 54), (58, 15), (75, 46), (59, 73), (60, 66), (61, 61), (62, 56), (63, 51), (64, 55), (65, 24), (66, 41), (67, 8), (68, 2), (69, 69), (70, 39), (71, 77), (74, 1), (72, 44), (73, 23)]
og index list energy: 110837580.90663387
index_list: [(0, 43), (1, 1), (2, 2), (3, 3), (4, 4), (5, 5), (6, 6), (7, 7), (8, 8), (9, 9), (10, 10), (11, 11), (12, 12), (13, 13), (79, 32), (14, 75), (15, 72), (16, 73), (78, 49), (17, 17), (18, 18), (19, 19), (20, 20), (21, 21), (22, 22), (23, 23), (24, 24), (25, 25), (26, 26), (27, 27), (28, 28), (29, 29), (30, 30), (31, 31), (32, 76), (77, 42), (33, 33), (34, 34), (35, 35), (36, 36), (37, 37), (38, 38), (39, 79), (40, 41), (41, 74), (76, 14), (42, 15), (43, 16), (44, 78), (45, 44), (46, 45), (47, 46), (48, 48), (49, 0), (50, 50), (51, 51), (52, 52), (53, 53), (54, 54), (55, 55), (56, 56), (57, 57), (58, 58), (75, 77), (59, 59), (60, 60), (61, 61), (62, 62), (63, 63), (64, 64), (65, 65), (66, 66), (67, 67), (68, 68), (69, 69), (70, 70), (71, 71), (74, 40), (72, 47), (73, 39)]
index list: [43, 1, 2, 3, 4, 5, 6, 7, 8, 9, 10, 11, 12, 13, 32, 75, 72, 73, 49, 17, 18, 19, 20, 21, 22, 23, 24, 25, 26, 27, 28, 29, 30, 31, 76, 42, 33, 34, 35, 36, 37, 38, 79, 41, 74, 14, 15, 16, 78, 44, 45, 46, 48, 0, 50, 51, 52, 53, 54, 55, 56, 57, 58, 77, 59, 60, 61, 62, 63, 64, 65, 66, 67, 68, 69, 70, 71, 40, 47, 39]
index list energy: 196885.22470951165
Done


iterations: 10000000 temp: 1000000.0 exponent: 0.7 eif: 300.0
time taken (sec): 879.0386252403259
number of iterations: 10000000
og index list: [(0, 12), (1, 38), (2, 49), (3, 71), (4, 33), (5, 8), (6, 65), (7, 9), (8, 5), (9, 79), (10, 22), (11, 77), (12, 29), (13, 68), (79, 16), (14, 31), (15, 69), (16, 0), (78, 42), (17, 3), (18, 10), (19, 15), (20, 48), (21, 60), (22, 46), (23, 35), (24, 39), (25, 64), (26, 53), (27, 21), (28, 1), (29, 18), (30, 51), (31, 74), (32, 44), (77, 63), (33, 54), (34, 27), (35, 47), (36, 59), (37, 36), (38, 26), (39, 2), (40, 52), (41, 32), (76, 58), (42, 75), (43, 19), (44, 72), (45, 66), (46, 73), (47, 30), (48, 6), (49, 34), (50, 70), (51, 11), (52, 55), (53, 17), (54, 4), (55, 61), (56, 78), (57, 20), (58, 76), (75, 24), (59, 37), (60, 23), (61, 14), (62, 40), (63, 50), (64, 25), (65, 56), (66, 13), (67, 28), (68, 41), (69, 57), (70, 43), (71, 45), (74, 67), (72, 7), (73, 62)]
og index list energy: 72831280.0476007
index_list: [(0, 0), (1, 1), (2, 2), (3, 3), (4, 4), (5, 5), (6, 6), (7, 7), (8, 8), (9, 9), (10, 10), (11, 11), (12, 12), (13, 13), (79, 74), (14, 14), (15, 15), (16, 16), (78, 77), (17, 17), (18, 18), (19, 19), (20, 20), (21, 21), (22, 22), (23, 23), (24, 24), (25, 25), (26, 26), (27, 27), (28, 28), (29, 29), (30, 30), (31, 31), (32, 32), (77, 75), (33, 33), (34, 34), (35, 35), (36, 36), (37, 37), (38, 38), (39, 39), (40, 40), (41, 41), (76, 76), (42, 42), (43, 43), (44, 44), (45, 45), (46, 46), (47, 47), (48, 48), (49, 49), (50, 50), (51, 51), (52, 52), (53, 53), (54, 54), (55, 55), (56, 56), (57, 57), (58, 58), (75, 79), (59, 59), (60, 60), (61, 61), (62, 62), (63, 63), (64, 64), (65, 65), (66, 66), (67, 67), (68, 68), (69, 69), (70, 70), (71, 71), (74, 78), (72, 72), (73, 73)]
index list: [0, 1, 2, 3, 4, 5, 6, 7, 8, 9, 10, 11, 12, 13, 74, 14, 15, 16, 77, 17, 18, 19, 20, 21, 22, 23, 24, 25, 26, 27, 28, 29, 30, 31, 32, 75, 33, 34, 35, 36, 37, 38, 39, 40, 41, 76, 42, 43, 44, 45, 46, 47, 48, 49, 50, 51, 52, 53, 54, 55, 56, 57, 58, 79, 59, 60, 61, 62, 63, 64, 65, 66, 67, 68, 69, 70, 71, 78, 72, 73]
index list energy: 97911.32412903158
Done


iterations: 10000000 temp: 1000000.0 exponent: 0.7 eif: 300.0
time taken (sec): 881.3630950450897
number of iterations: 10000000
og index list: [(0, 42), (1, 51), (2, 13), (3, 14), (4, 17), (5, 15), (6, 8), (7, 72), (8, 63), (9, 31), (10, 39), (11, 79), (12, 25), (13, 71), (79, 32), (14, 70), (15, 41), (16, 10), (78, 68), (17, 37), (18, 26), (19, 56), (20, 24), (21, 20), (22, 69), (23, 52), (24, 67), (25, 0), (26, 11), (27, 1), (28, 38), (29, 61), (30, 9), (31, 74), (32, 12), (77, 77), (33, 4), (34, 6), (35, 64), (36, 43), (37, 5), (38, 23), (39, 53), (40, 21), (41, 46), (76, 62), (42, 34), (43, 30), (44, 19), (45, 29), (46, 18), (47, 2), (48, 7), (49, 55), (50, 66), (51, 28), (52, 44), (53, 58), (54, 36), (55, 22), (56, 45), (57, 35), (58, 76), (75, 50), (59, 54), (60, 48), (61, 75), (62, 78), (63, 3), (64, 16), (65, 49), (66, 40), (67, 65), (68, 60), (69, 33), (70, 27), (71, 73), (74, 57), (72, 47), (73, 59)]
og index list energy: 116154144.31875099
index_list: [(0, 0), (1, 1), (2, 2), (3, 3), (4, 4), (5, 5), (6, 6), (7, 7), (8, 8), (9, 9), (10, 10), (11, 11), (12, 12), (13, 13), (79, 49), (14, 14), (15, 15), (16, 16), (78, 76), (17, 17), (18, 18), (19, 19), (20, 20), (21, 21), (22, 22), (23, 23), (24, 24), (25, 25), (26, 26), (27, 27), (28, 28), (29, 29), (30, 30), (31, 31), (32, 32), (77, 74), (33, 33), (34, 34), (35, 35), (36, 36), (37, 37), (38, 38), (39, 39), (40, 40), (41, 41), (76, 79), (42, 42), (43, 43), (44, 44), (45, 45), (46, 46), (47, 47), (48, 48), (49, 77), (50, 50), (51, 51), (52, 52), (53, 53), (54, 54), (55, 55), (56, 56), (57, 57), (58, 58), (75, 75), (59, 59), (60, 60), (61, 61), (62, 62), (63, 63), (64, 64), (65, 65), (66, 66), (67, 67), (68, 68), (69, 69), (70, 70), (71, 71), (74, 78), (72, 72), (73, 73)]
index list: [0, 1, 2, 3, 4, 5, 6, 7, 8, 9, 10, 11, 12, 13, 49, 14, 15, 16, 76, 17, 18, 19, 20, 21, 22, 23, 24, 25, 26, 27, 28, 29, 30, 31, 32, 74, 33, 34, 35, 36, 37, 38, 39, 40, 41, 79, 42, 43, 44, 45, 46, 47, 48, 77, 50, 51, 52, 53, 54, 55, 56, 57, 58, 75, 59, 60, 61, 62, 63, 64, 65, 66, 67, 68, 69, 70, 71, 78, 72, 73]
index list energy: 98209.82393678775
Done


iterations: 10000000 temp: 1000000.0 exponent: 0.7 eif: 300.0
time taken (sec): 672.974534034729
number of iterations: 10000000
og index list: [(0, 8), (1, 71), (2, 28), (3, 50), (4, 3), (5, 29), (6, 61), (7, 74), (8, 2), (9, 42), (10, 7), (11, 64), (12, 20), (13, 56), (79, 72), (14, 31), (15, 41), (16, 32), (78, 75), (17, 19), (18, 34), (19, 58), (20, 59), (21, 10), (22, 35), (23, 43), (24, 11), (25, 36), (26, 45), (27, 21), (28, 22), (29, 69), (30, 30), (31, 77), (32, 4), (77, 55), (33, 68), (34, 39), (35, 15), (36, 44), (37, 57), (38, 26), (39, 48), (40, 12), (41, 54), (76, 78), (42, 52), (43, 40), (44, 27), (45, 70), (46, 5), (47, 37), (48, 25), (49, 46), (50, 65), (51, 66), (52, 24), (53, 33), (54, 17), (55, 73), (56, 13), (57, 60), (58, 76), (75, 47), (59, 53), (60, 38), (61, 1), (62, 49), (63, 23), (64, 67), (65, 0), (66, 9), (67, 62), (68, 63), (69, 51), (70, 14), (71, 16), (74, 79), (72, 18), (73, 6)]
og index list energy: 94229317.57434675
index_list: [(0, 38), (1, 39), (2, 40), (3, 32), (4, 12), (5, 13), (6, 6), (7, 7), (8, 8), (9, 75), (10, 17), (11, 18), (12, 19), (13, 68), (79, 69), (14, 14), (15, 15), (16, 41), (78, 0), (17, 1), (18, 2), (19, 3), (20, 20), (21, 21), (22, 22), (23, 23), (24, 24), (25, 25), (26, 26), (27, 27), (28, 28), (29, 29), (30, 30), (31, 31), (32, 46), (77, 47), (33, 48), (34, 34), (35, 35), (36, 36), (37, 37), (38, 76), (39, 42), (40, 70), (41, 71), (76, 78), (42, 43), (43, 44), (44, 45), (45, 16), (46, 4), (47, 5), (48, 58), (49, 77), (50, 72), (51, 51), (52, 52), (53, 53), (54, 54), (55, 55), (56, 56), (57, 57), (58, 73), (75, 49), (59, 59), (60, 60), (61, 61), (62, 62), (63, 63), (64, 79), (65, 33), (66, 64), (67, 65), (68, 66), (69, 67), (70, 74), (71, 9), (74, 10), (72, 11), (73, 50)]
index list: [38, 39, 40, 32, 12, 13, 6, 7, 8, 75, 17, 18, 19, 68, 69, 14, 15, 41, 0, 1, 2, 3, 20, 21, 22, 23, 24, 25, 26, 27, 28, 29, 30, 31, 46, 47, 48, 34, 35, 36, 37, 76, 42, 70, 71, 78, 43, 44, 45, 16, 4, 5, 58, 77, 72, 51, 52, 53, 54, 55, 56, 57, 73, 49, 59, 60, 61, 62, 63, 79, 33, 64, 65, 66, 67, 74, 9, 10, 11, 50]
index list energy: 413630.7315241423
Done


iterations: 10000000 temp: 1000000.0 exponent: 0.7 eif: 300.0
time taken (sec): 849.195027589798
number of iterations: 10000000
og index list: [(0, 54), (1, 8), (2, 46), (3, 29), (4, 74), (5, 24), (6, 14), (7, 28), (8, 3), (9, 17), (10, 4), (11, 52), (12, 38), (13, 13), (79, 23), (14, 55), (15, 20), (16, 61), (78, 32), (17, 68), (18, 22), (19, 35), (20, 57), (21, 43), (22, 75), (23, 41), (24, 44), (25, 31), (26, 51), (27, 65), (28, 5), (29, 39), (30, 71), (31, 77), (32, 53), (77, 25), (33, 18), (34, 16), (35, 40), (36, 59), (37, 78), (38, 62), (39, 6), (40, 72), (41, 42), (76, 37), (42, 15), (43, 9), (44, 12), (45, 10), (46, 47), (47, 34), (48, 33), (49, 64), (50, 67), (51, 60), (52, 58), (53, 49), (54, 50), (55, 11), (56, 1), (57, 2), (58, 21), (75, 70), (59, 36), (60, 69), (61, 73), (62, 7), (63, 63), (64, 48), (65, 79), (66, 45), (67, 56), (68, 66), (69, 26), (70, 0), (71, 76), (74, 30), (72, 27), (73, 19)]
og index list energy: 120876570.09247074
index_list: [(0, 0), (1, 1), (2, 2), (3, 3), (4, 4), (5, 5), (6, 6), (7, 7), (8, 8), (9, 9), (10, 10), (11, 11), (12, 12), (13, 13), (79, 78), (14, 14), (15, 15), (16, 16), (78, 77), (17, 17), (18, 18), (19, 19), (20, 20), (21, 21), (22, 22), (23, 23), (24, 24), (25, 25), (26, 26), (27, 27), (28, 28), (29, 29), (30, 30), (31, 31), (32, 32), (77, 49), (33, 33), (34, 34), (35, 35), (36, 36), (37, 37), (38, 38), (39, 39), (40, 40), (41, 41), (76, 71), (42, 74), (43, 43), (44, 44), (45, 45), (46, 46), (47, 47), (48, 48), (49, 76), (50, 50), (51, 51), (52, 52), (53, 53), (54, 54), (55, 55), (56, 56), (57, 57), (58, 58), (75, 79), (59, 59), (60, 60), (61, 61), (62, 62), (63, 63), (64, 64), (65, 65), (66, 66), (67, 67), (68, 68), (69, 69), (70, 70), (71, 75), (74, 42), (72, 72), (73, 73)]
index list: [0, 1, 2, 3, 4, 5, 6, 7, 8, 9, 10, 11, 12, 13, 78, 14, 15, 16, 77, 17, 18, 19, 20, 21, 22, 23, 24, 25, 26, 27, 28, 29, 30, 31, 32, 49, 33, 34, 35, 36, 37, 38, 39, 40, 41, 71, 74, 43, 44, 45, 46, 47, 48, 76, 50, 51, 52, 53, 54, 55, 56, 57, 58, 79, 59, 60, 61, 62, 63, 64, 65, 66, 67, 68, 69, 70, 75, 42, 72, 73]
index list energy: 108070.45780373304
Done


iterations: 10000000 temp: 1000000.0 exponent: 0.7 eif: 300.0
time taken (sec): 792.2160320281982
number of iterations: 10000000
og index list: [(0, 66), (1, 17), (2, 71), (3, 75), (4, 10), (5, 6), (6, 30), (7, 28), (8, 22), (9, 79), (10, 42), (11, 41), (12, 37), (13, 59), (79, 76), (14, 78), (15, 57), (16, 19), (78, 5), (17, 65), (18, 63), (19, 68), (20, 13), (21, 53), (22, 25), (23, 43), (24, 11), (25, 69), (26, 60), (27, 44), (28, 32), (29, 15), (30, 0), (31, 61), (32, 1), (77, 31), (33, 40), (34, 24), (35, 52), (36, 72), (37, 33), (38, 8), (39, 56), (40, 45), (41, 29), (76, 73), (42, 14), (43, 35), (44, 58), (45, 39), (46, 36), (47, 48), (48, 77), (49, 7), (50, 21), (51, 20), (52, 26), (53, 51), (54, 64), (55, 9), (56, 62), (57, 49), (58, 54), (75, 23), (59, 74), (60, 46), (61, 38), (62, 70), (63, 4), (64, 18), (65, 12), (66, 47), (67, 34), (68, 2), (69, 55), (70, 50), (71, 3), (74, 67), (72, 27), (73, 16)]
og index list energy: 128405960.86395891
index_list: [(0, 72), (1, 1), (2, 2), (3, 3), (4, 4), (5, 5), (6, 6), (7, 7), (8, 8), (9, 9), (10, 10), (11, 11), (12, 12), (13, 79), (79, 14), (14, 15), (15, 16), (16, 74), (78, 66), (17, 17), (18, 18), (19, 19), (20, 20), (21, 21), (22, 22), (23, 23), (24, 24), (25, 25), (26, 26), (27, 27), (28, 28), (29, 29), (30, 30), (31, 31), (32, 32), (77, 49), (33, 33), (34, 34), (35, 35), (36, 36), (37, 37), (38, 38), (39, 39), (40, 40), (41, 41), (76, 71), (42, 75), (43, 43), (44, 44), (45, 45), (46, 46), (47, 47), (48, 48), (49, 0), (50, 50), (51, 51), (52, 52), (53, 53), (54, 54), (55, 55), (56, 56), (57, 57), (58, 58), (75, 76), (59, 59), (60, 60), (61, 61), (62, 62), (63, 63), (64, 64), (65, 65), (66, 77), (67, 73), (68, 78), (69, 67), (70, 68), (71, 69), (74, 42), (72, 70), (73, 13)]
index list: [72, 1, 2, 3, 4, 5, 6, 7, 8, 9, 10, 11, 12, 79, 14, 15, 16, 74, 66, 17, 18, 19, 20, 21, 22, 23, 24, 25, 26, 27, 28, 29, 30, 31, 32, 49, 33, 34, 35, 36, 37, 38, 39, 40, 41, 71, 75, 43, 44, 45, 46, 47, 48, 0, 50, 51, 52, 53, 54, 55, 56, 57, 58, 76, 59, 60, 61, 62, 63, 64, 65, 77, 73, 78, 67, 68, 69, 42, 70, 13]
index list energy: 232060.99026469013
Done


iterations: 10000000 temp: 1000000.0 exponent: 0.7 eif: 300.0
time taken (sec): 876.1925201416016
number of iterations: 10000000
og index list: [(0, 66), (1, 71), (2, 53), (3, 16), (4, 32), (5, 10), (6, 21), (7, 74), (8, 72), (9, 15), (10, 34), (11, 22), (12, 8), (13, 47), (79, 4), (14, 65), (15, 54), (16, 28), (78, 11), (17, 38), (18, 43), (19, 79), (20, 49), (21, 50), (22, 40), (23, 7), (24, 51), (25, 63), (26, 27), (27, 17), (28, 19), (29, 67), (30, 18), (31, 6), (32, 25), (77, 33), (33, 41), (34, 14), (35, 69), (36, 13), (37, 46), (38, 39), (39, 68), (40, 60), (41, 29), (76, 61), (42, 55), (43, 0), (44, 70), (45, 64), (46, 23), (47, 59), (48, 78), (49, 58), (50, 12), (51, 20), (52, 3), (53, 36), (54, 35), (55, 5), (56, 2), (57, 73), (58, 77), (75, 45), (59, 48), (60, 76), (61, 52), (62, 37), (63, 42), (64, 9), (65, 62), (66, 44), (67, 24), (68, 30), (69, 26), (70, 75), (71, 56), (74, 57), (72, 1), (73, 31)]
og index list energy: 98752760.36453259
index_list: [(0, 0), (1, 1), (2, 2), (3, 3), (4, 4), (5, 5), (6, 6), (7, 7), (8, 8), (9, 9), (10, 10), (11, 11), (12, 12), (13, 13), (79, 75), (14, 14), (15, 15), (16, 16), (78, 74), (17, 17), (18, 18), (19, 19), (20, 20), (21, 21), (22, 22), (23, 23), (24, 24), (25, 25), (26, 26), (27, 27), (28, 28), (29, 29), (30, 30), (31, 31), (32, 32), (77, 79), (33, 33), (34, 34), (35, 35), (36, 36), (37, 37), (38, 38), (39, 39), (40, 40), (41, 41), (76, 76), (42, 42), (43, 43), (44, 44), (45, 45), (46, 46), (47, 47), (48, 48), (49, 49), (50, 50), (51, 51), (52, 52), (53, 53), (54, 54), (55, 55), (56, 56), (57, 57), (58, 58), (75, 77), (59, 59), (60, 60), (61, 61), (62, 62), (63, 63), (64, 64), (65, 65), (66, 66), (67, 67), (68, 68), (69, 69), (70, 70), (71, 71), (74, 78), (72, 72), (73, 73)]
index list: [0, 1, 2, 3, 4, 5, 6, 7, 8, 9, 10, 11, 12, 13, 75, 14, 15, 16, 74, 17, 18, 19, 20, 21, 22, 23, 24, 25, 26, 27, 28, 29, 30, 31, 32, 79, 33, 34, 35, 36, 37, 38, 39, 40, 41, 76, 42, 43, 44, 45, 46, 47, 48, 49, 50, 51, 52, 53, 54, 55, 56, 57, 58, 77, 59, 60, 61, 62, 63, 64, 65, 66, 67, 68, 69, 70, 71, 78, 72, 73]
index list energy: 97911.32412903158
Done


iterations: 10000000 temp: 1000000.0 exponent: 0.7 eif: 300.0
time taken (sec): 833.3477213382721
number of iterations: 10000000
og index list: [(0, 14), (1, 28), (2, 17), (3, 4), (4, 12), (5, 57), (6, 20), (7, 29), (8, 76), (9, 5), (10, 37), (11, 60), (12, 62), (13, 70), (79, 7), (14, 33), (15, 24), (16, 31), (78, 69), (17, 30), (18, 77), (19, 38), (20, 75), (21, 27), (22, 65), (23, 23), (24, 50), (25, 45), (26, 41), (27, 66), (28, 13), (29, 54), (30, 40), (31, 16), (32, 68), (77, 39), (33, 44), (34, 61), (35, 64), (36, 22), (37, 3), (38, 46), (39, 35), (40, 55), (41, 73), (76, 79), (42, 49), (43, 71), (44, 53), (45, 72), (46, 34), (47, 47), (48, 74), (49, 10), (50, 56), (51, 15), (52, 0), (53, 8), (54, 21), (55, 78), (56, 11), (57, 42), (58, 51), (75, 36), (59, 25), (60, 2), (61, 48), (62, 59), (63, 19), (64, 9), (65, 26), (66, 1), (67, 58), (68, 43), (69, 6), (70, 52), (71, 67), (74, 18), (72, 32), (73, 63)]
og index list energy: 100345209.87705468
index_list: [(0, 72), (1, 1), (2, 2), (3, 0), (4, 73), (5, 76), (6, 6), (7, 7), (8, 8), (9, 9), (10, 10), (11, 11), (12, 12), (13, 13), (79, 74), (14, 14), (15, 15), (16, 16), (78, 49), (17, 17), (18, 18), (19, 19), (20, 20), (21, 21), (22, 22), (23, 23), (24, 24), (25, 25), (26, 26), (27, 27), (28, 28), (29, 29), (30, 30), (31, 31), (32, 32), (77, 75), (33, 33), (34, 34), (35, 35), (36, 36), (37, 37), (38, 38), (39, 39), (40, 40), (41, 41), (76, 78), (42, 42), (43, 43), (44, 44), (45, 45), (46, 46), (47, 47), (48, 48), (49, 79), (50, 50), (51, 51), (52, 52), (53, 53), (54, 54), (55, 55), (56, 56), (57, 57), (58, 58), (75, 77), (59, 59), (60, 60), (61, 61), (62, 62), (63, 63), (64, 64), (65, 65), (66, 66), (67, 67), (68, 68), (69, 69), (70, 70), (71, 71), (74, 4), (72, 5), (73, 3)]
index list: [72, 1, 2, 0, 73, 76, 6, 7, 8, 9, 10, 11, 12, 13, 74, 14, 15, 16, 49, 17, 18, 19, 20, 21, 22, 23, 24, 25, 26, 27, 28, 29, 30, 31, 32, 75, 33, 34, 35, 36, 37, 38, 39, 40, 41, 78, 42, 43, 44, 45, 46, 47, 48, 79, 50, 51, 52, 53, 54, 55, 56, 57, 58, 77, 59, 60, 61, 62, 63, 64, 65, 66, 67, 68, 69, 70, 71, 4, 5, 3]
index list energy: 121336.90490276847
Done


iterations: 10000000 temp: 1000000.0 exponent: 0.7 eif: 300.0
time taken (sec): 838.4678974151611
number of iterations: 10000000
og index list: [(0, 30), (1, 28), (2, 47), (3, 62), (4, 38), (5, 72), (6, 10), (7, 2), (8, 65), (9, 1), (10, 20), (11, 69), (12, 52), (13, 25), (79, 70), (14, 50), (15, 61), (16, 34), (78, 57), (17, 31), (18, 23), (19, 6), (20, 36), (21, 55), (22, 63), (23, 14), (24, 73), (25, 18), (26, 42), (27, 24), (28, 27), (29, 40), (30, 76), (31, 68), (32, 71), (77, 22), (33, 44), (34, 67), (35, 46), (36, 9), (37, 74), (38, 78), (39, 16), (40, 12), (41, 19), (76, 21), (42, 17), (43, 79), (44, 59), (45, 8), (46, 54), (47, 13), (48, 45), (49, 4), (50, 35), (51, 51), (52, 58), (53, 29), (54, 49), (55, 77), (56, 11), (57, 7), (58, 33), (75, 37), (59, 53), (60, 41), (61, 0), (62, 48), (63, 60), (64, 56), (65, 26), (66, 32), (67, 15), (68, 39), (69, 43), (70, 3), (71, 5), (74, 64), (72, 75), (73, 66)]
og index list energy: 113590384.06177473
index_list: [(0, 72), (1, 1), (2, 2), (3, 3), (4, 4), (5, 5), (6, 6), (7, 7), (8, 8), (9, 9), (10, 10), (11, 11), (12, 12), (13, 13), (79, 78), (14, 14), (15, 15), (16, 16), (78, 77), (17, 17), (18, 18), (19, 19), (20, 20), (21, 21), (22, 22), (23, 23), (24, 24), (25, 25), (26, 26), (27, 27), (28, 28), (29, 29), (30, 30), (31, 31), (32, 32), (77, 75), (33, 33), (34, 34), (35, 35), (36, 36), (37, 37), (38, 38), (39, 39), (40, 0), (41, 73), (76, 49), (42, 42), (43, 43), (44, 44), (45, 45), (46, 46), (47, 47), (48, 48), (49, 79), (50, 50), (51, 51), (52, 52), (53, 53), (54, 54), (55, 55), (56, 56), (57, 57), (58, 58), (75, 74), (59, 59), (60, 60), (61, 61), (62, 62), (63, 63), (64, 64), (65, 65), (66, 66), (67, 67), (68, 68), (69, 69), (70, 70), (71, 76), (74, 41), (72, 71), (73, 40)]
index list: [72, 1, 2, 3, 4, 5, 6, 7, 8, 9, 10, 11, 12, 13, 78, 14, 15, 16, 77, 17, 18, 19, 20, 21, 22, 23, 24, 25, 26, 27, 28, 29, 30, 31, 32, 75, 33, 34, 35, 36, 37, 38, 39, 0, 73, 49, 42, 43, 44, 45, 46, 47, 48, 79, 50, 51, 52, 53, 54, 55, 56, 57, 58, 74, 59, 60, 61, 62, 63, 64, 65, 66, 67, 68, 69, 70, 76, 41, 71, 40]
index list energy: 154635.88161894947
Done


iterations: 10000000 temp: 1000000.0 exponent: 0.7 eif: 300.0
time taken (sec): 798.2569172382355
number of iterations: 10000000
og index list: [(0, 42), (1, 28), (2, 73), (3, 3), (4, 78), (5, 20), (6, 21), (7, 66), (8, 67), (9, 64), (10, 31), (11, 57), (12, 49), (13, 68), (79, 60), (14, 52), (15, 27), (16, 13), (78, 44), (17, 69), (18, 43), (19, 71), (20, 4), (21, 51), (22, 77), (23, 14), (24, 10), (25, 54), (26, 63), (27, 9), (28, 32), (29, 40), (30, 46), (31, 35), (32, 2), (77, 24), (33, 6), (34, 65), (35, 7), (36, 11), (37, 70), (38, 74), (39, 17), (40, 53), (41, 23), (76, 36), (42, 72), (43, 19), (44, 75), (45, 18), (46, 59), (47, 0), (48, 5), (49, 48), (50, 55), (51, 34), (52, 62), (53, 26), (54, 16), (55, 29), (56, 39), (57, 41), (58, 61), (75, 76), (59, 56), (60, 33), (61, 12), (62, 8), (63, 50), (64, 15), (65, 58), (66, 1), (67, 22), (68, 37), (69, 30), (70, 79), (71, 25), (74, 47), (72, 38), (73, 45)]
og index list energy: 120675531.65855399
index_list: [(0, 72), (1, 73), (2, 74), (3, 14), (4, 15), (5, 78), (6, 77), (7, 17), (8, 18), (9, 6), (10, 7), (11, 8), (12, 9), (13, 10), (79, 11), (14, 12), (15, 13), (16, 16), (78, 0), (17, 1), (18, 2), (19, 19), (20, 20), (21, 21), (22, 22), (23, 23), (24, 24), (25, 25), (26, 26), (27, 27), (28, 28), (29, 29), (30, 30), (31, 31), (32, 32), (77, 76), (33, 33), (34, 34), (35, 35), (36, 36), (37, 37), (38, 38), (39, 39), (40, 40), (41, 41), (76, 79), (42, 42), (43, 43), (44, 44), (45, 45), (46, 46), (47, 47), (48, 48), (49, 75), (50, 50), (51, 51), (52, 52), (53, 53), (54, 54), (55, 55), (56, 56), (57, 57), (58, 58), (75, 49), (59, 59), (60, 60), (61, 61), (62, 62), (63, 63), (64, 64), (65, 65), (66, 66), (67, 67), (68, 68), (69, 69), (70, 70), (71, 71), (74, 4), (72, 5), (73, 3)]
index list: [72, 73, 74, 14, 15, 78, 77, 17, 18, 6, 7, 8, 9, 10, 11, 12, 13, 16, 0, 1, 2, 19, 20, 21, 22, 23, 24, 25, 26, 27, 28, 29, 30, 31, 32, 76, 33, 34, 35, 36, 37, 38, 39, 40, 41, 79, 42, 43, 44, 45, 46, 47, 48, 75, 50, 51, 52, 53, 54, 55, 56, 57, 58, 49, 59, 60, 61, 62, 63, 64, 65, 66, 67, 68, 69, 70, 71, 4, 5, 3]
index list energy: 179373.05451120436
Done


iterations: 10000000 temp: 1000000.0 exponent: 0.7 eif: 300.0
time taken (sec): 778.5871162414551
number of iterations: 10000000
og index list: [(0, 3), (1, 32), (2, 0), (3, 76), (4, 14), (5, 47), (6, 6), (7, 12), (8, 66), (9, 17), (10, 57), (11, 61), (12, 44), (13, 30), (79, 48), (14, 68), (15, 27), (16, 13), (78, 42), (17, 56), (18, 49), (19, 31), (20, 69), (21, 24), (22, 23), (23, 37), (24, 22), (25, 4), (26, 1), (27, 2), (28, 45), (29, 7), (30, 33), (31, 11), (32, 78), (77, 26), (33, 70), (34, 54), (35, 79), (36, 36), (37, 55), (38, 9), (39, 59), (40, 35), (41, 25), (76, 50), (42, 39), (43, 40), (44, 19), (45, 18), (46, 8), (47, 38), (48, 60), (49, 52), (50, 43), (51, 51), (52, 65), (53, 46), (54, 28), (55, 64), (56, 73), (57, 67), (58, 62), (75, 16), (59, 53), (60, 20), (61, 58), (62, 63), (63, 71), (64, 29), (65, 10), (66, 77), (67, 75), (68, 5), (69, 34), (70, 72), (71, 21), (74, 74), (72, 41), (73, 15)]
og index list energy: 113459357.53516836
index_list: [(0, 72), (1, 73), (2, 50), (3, 51), (4, 10), (5, 11), (6, 79), (7, 17), (8, 18), (9, 6), (10, 7), (11, 8), (12, 77), (13, 12), (79, 13), (14, 16), (15, 76), (16, 14), (78, 0), (17, 1), (18, 2), (19, 19), (20, 20), (21, 21), (22, 22), (23, 23), (24, 24), (25, 25), (26, 26), (27, 27), (28, 28), (29, 29), (30, 30), (31, 31), (32, 32), (77, 75), (33, 33), (34, 34), (35, 35), (36, 36), (37, 37), (38, 38), (39, 39), (40, 40), (41, 41), (76, 78), (42, 42), (43, 43), (44, 44), (45, 45), (46, 46), (47, 47), (48, 48), (49, 74), (50, 15), (51, 9), (52, 52), (53, 53), (54, 54), (55, 55), (56, 56), (57, 57), (58, 58), (75, 49), (59, 59), (60, 60), (61, 61), (62, 62), (63, 63), (64, 64), (65, 65), (66, 66), (67, 67), (68, 68), (69, 69), (70, 70), (71, 71), (74, 4), (72, 5), (73, 3)]
index list: [72, 73, 50, 51, 10, 11, 79, 17, 18, 6, 7, 8, 77, 12, 13, 16, 76, 14, 0, 1, 2, 19, 20, 21, 22, 23, 24, 25, 26, 27, 28, 29, 30, 31, 32, 75, 33, 34, 35, 36, 37, 38, 39, 40, 41, 78, 42, 43, 44, 45, 46, 47, 48, 74, 15, 9, 52, 53, 54, 55, 56, 57, 58, 49, 59, 60, 61, 62, 63, 64, 65, 66, 67, 68, 69, 70, 71, 4, 5, 3]
index list energy: 186696.18254353933
Done


iterations: 10000000 temp: 1000000.0 exponent: 0.7 eif: 300.0
time taken (sec): 791.1490569114685
number of iterations: 10000000
og index list: [(0, 55), (1, 77), (2, 24), (3, 2), (4, 35), (5, 30), (6, 23), (7, 3), (8, 66), (9, 36), (10, 9), (11, 41), (12, 57), (13, 13), (79, 73), (14, 43), (15, 78), (16, 10), (78, 62), (17, 4), (18, 67), (19, 61), (20, 65), (21, 69), (22, 8), (23, 5), (24, 68), (25, 16), (26, 74), (27, 17), (28, 18), (29, 12), (30, 14), (31, 54), (32, 32), (77, 75), (33, 34), (34, 48), (35, 1), (36, 11), (37, 0), (38, 53), (39, 22), (40, 20), (41, 47), (76, 44), (42, 28), (43, 72), (44, 21), (45, 58), (46, 27), (47, 79), (48, 49), (49, 19), (50, 59), (51, 52), (52, 51), (53, 50), (54, 7), (55, 39), (56, 45), (57, 46), (58, 63), (75, 76), (59, 40), (60, 6), (61, 71), (62, 25), (63, 33), (64, 64), (65, 37), (66, 29), (67, 70), (68, 56), (69, 31), (70, 38), (71, 26), (74, 42), (72, 60), (73, 15)]
og index list energy: 129287465.25451502
index_list: [(0, 43), (1, 1), (2, 2), (3, 3), (4, 4), (5, 5), (6, 6), (7, 7), (8, 8), (9, 77), (10, 42), (11, 70), (12, 71), (13, 76), (79, 72), (14, 73), (15, 40), (16, 41), (78, 49), (17, 17), (18, 18), (19, 19), (20, 20), (21, 21), (22, 22), (23, 23), (24, 24), (25, 25), (26, 26), (27, 27), (28, 28), (29, 29), (30, 30), (31, 31), (32, 32), (77, 74), (33, 33), (34, 34), (35, 35), (36, 36), (37, 37), (38, 38), (39, 39), (40, 79), (41, 9), (76, 10), (42, 11), (43, 12), (44, 13), (45, 75), (46, 46), (47, 47), (48, 48), (49, 0), (50, 50), (51, 51), (52, 52), (53, 53), (54, 54), (55, 55), (56, 56), (57, 57), (58, 58), (75, 78), (59, 59), (60, 60), (61, 61), (62, 62), (63, 63), (64, 64), (65, 65), (66, 66), (67, 67), (68, 68), (69, 69), (70, 14), (71, 15), (74, 44), (72, 45), (73, 16)]
index list: [43, 1, 2, 3, 4, 5, 6, 7, 8, 77, 42, 70, 71, 76, 72, 73, 40, 41, 49, 17, 18, 19, 20, 21, 22, 23, 24, 25, 26, 27, 28, 29, 30, 31, 32, 74, 33, 34, 35, 36, 37, 38, 39, 79, 9, 10, 11, 12, 13, 75, 46, 47, 48, 0, 50, 51, 52, 53, 54, 55, 56, 57, 58, 78, 59, 60, 61, 62, 63, 64, 65, 66, 67, 68, 69, 14, 15, 44, 45, 16]
index list energy: 202145.00584360678
Done


iterations: 10000000 temp: 1000000.0 exponent: 0.7 eif: 300.0
time taken (sec): 782.406343460083
number of iterations: 10000000
og index list: [(0, 68), (1, 30), (2, 71), (3, 56), (4, 23), (5, 37), (6, 19), (7, 4), (8, 36), (9, 47), (10, 58), (11, 41), (12, 44), (13, 22), (79, 29), (14, 25), (15, 62), (16, 43), (78, 35), (17, 18), (18, 34), (19, 7), (20, 38), (21, 61), (22, 60), (23, 55), (24, 10), (25, 15), (26, 75), (27, 53), (28, 16), (29, 65), (30, 14), (31, 9), (32, 26), (77, 21), (33, 42), (34, 1), (35, 70), (36, 11), (37, 24), (38, 20), (39, 72), (40, 48), (41, 79), (76, 51), (42, 54), (43, 67), (44, 3), (45, 74), (46, 76), (47, 59), (48, 66), (49, 13), (50, 52), (51, 57), (52, 0), (53, 63), (54, 32), (55, 45), (56, 31), (57, 28), (58, 49), (75, 27), (59, 40), (60, 6), (61, 78), (62, 39), (63, 77), (64, 2), (65, 64), (66, 33), (67, 46), (68, 5), (69, 73), (70, 12), (71, 69), (74, 17), (72, 8), (73, 50)]
og index list energy: 93981680.92712145
index_list: [(0, 10), (1, 11), (2, 12), (3, 13), (4, 41), (5, 71), (6, 79), (7, 7), (8, 8), (9, 9), (10, 75), (11, 14), (12, 5), (13, 1), (79, 2), (14, 3), (15, 40), (16, 6), (78, 77), (17, 17), (18, 18), (19, 19), (20, 20), (21, 21), (22, 22), (23, 23), (24, 24), (25, 25), (26, 26), (27, 27), (28, 28), (29, 29), (30, 30), (31, 31), (32, 32), (77, 49), (33, 33), (34, 34), (35, 35), (36, 36), (37, 37), (38, 38), (39, 39), (40, 74), (41, 70), (76, 78), (42, 42), (43, 43), (44, 44), (45, 45), (46, 46), (47, 47), (48, 48), (49, 0), (50, 50), (51, 51), (52, 52), (53, 53), (54, 54), (55, 55), (56, 56), (57, 57), (58, 58), (75, 76), (59, 59), (60, 60), (61, 61), (62, 62), (63, 63), (64, 64), (65, 65), (66, 66), (67, 67), (68, 68), (69, 69), (70, 72), (71, 73), (74, 4), (72, 15), (73, 16)]
index list: [10, 11, 12, 13, 41, 71, 79, 7, 8, 9, 75, 14, 5, 1, 2, 3, 40, 6, 77, 17, 18, 19, 20, 21, 22, 23, 24, 25, 26, 27, 28, 29, 30, 31, 32, 49, 33, 34, 35, 36, 37, 38, 39, 74, 70, 78, 42, 43, 44, 45, 46, 47, 48, 0, 50, 51, 52, 53, 54, 55, 56, 57, 58, 76, 59, 60, 61, 62, 63, 64, 65, 66, 67, 68, 69, 72, 73, 4, 15, 16]
index list energy: 233130.5962501151
Done


iterations: 10000000 temp: 1000000.0 exponent: 0.7 eif: 300.0
time taken (sec): 786.7720391750336
number of iterations: 10000000
og index list: [(0, 18), (1, 31), (2, 52), (3, 53), (4, 64), (5, 14), (6, 70), (7, 67), (8, 2), (9, 74), (10, 6), (11, 16), (12, 36), (13, 35), (79, 62), (14, 66), (15, 47), (16, 38), (78, 75), (17, 33), (18, 9), (19, 25), (20, 10), (21, 13), (22, 24), (23, 51), (24, 0), (25, 71), (26, 44), (27, 37), (28, 41), (29, 50), (30, 27), (31, 42), (32, 79), (77, 77), (33, 39), (34, 8), (35, 12), (36, 63), (37, 26), (38, 43), (39, 54), (40, 60), (41, 57), (76, 30), (42, 15), (43, 45), (44, 1), (45, 23), (46, 55), (47, 69), (48, 4), (49, 40), (50, 49), (51, 7), (52, 32), (53, 56), (54, 73), (55, 17), (56, 61), (57, 11), (58, 5), (75, 68), (59, 59), (60, 20), (61, 72), (62, 76), (63, 58), (64, 48), (65, 21), (66, 34), (67, 22), (68, 3), (69, 65), (70, 46), (71, 28), (74, 78), (72, 19), (73, 29)]
og index list energy: 110574622.88353117
index_list: [(0, 5), (1, 1), (2, 2), (3, 3), (4, 4), (5, 78), (6, 14), (7, 79), (8, 72), (9, 6), (10, 7), (11, 8), (12, 9), (13, 10), (79, 11), (14, 12), (15, 13), (16, 16), (78, 77), (17, 17), (18, 18), (19, 19), (20, 20), (21, 21), (22, 22), (23, 23), (24, 24), (25, 25), (26, 26), (27, 27), (28, 28), (29, 29), (30, 30), (31, 31), (32, 32), (77, 74), (33, 33), (34, 34), (35, 35), (36, 36), (37, 37), (38, 38), (39, 39), (40, 40), (41, 41), (76, 49), (42, 42), (43, 43), (44, 44), (45, 45), (46, 46), (47, 47), (48, 48), (49, 76), (50, 15), (51, 51), (52, 52), (53, 53), (54, 54), (55, 55), (56, 56), (57, 57), (58, 58), (75, 75), (59, 59), (60, 60), (61, 61), (62, 62), (63, 63), (64, 64), (65, 65), (66, 66), (67, 67), (68, 68), (69, 69), (70, 70), (71, 71), (74, 50), (72, 0), (73, 73)]
index list: [5, 1, 2, 3, 4, 78, 14, 79, 72, 6, 7, 8, 9, 10, 11, 12, 13, 16, 77, 17, 18, 19, 20, 21, 22, 23, 24, 25, 26, 27, 28, 29, 30, 31, 32, 74, 33, 34, 35, 36, 37, 38, 39, 40, 41, 49, 42, 43, 44, 45, 46, 47, 48, 76, 15, 51, 52, 53, 54, 55, 56, 57, 58, 75, 59, 60, 61, 62, 63, 64, 65, 66, 67, 68, 69, 70, 71, 50, 0, 73]
index list energy: 175757.95274586207
Done


iterations: 10000000 temp: 1000000.0 exponent: 0.7 eif: 300.0
time taken (sec): 804.7537982463837
number of iterations: 10000000
og index list: [(0, 6), (1, 32), (2, 48), (3, 55), (4, 25), (5, 30), (6, 49), (7, 61), (8, 70), (9, 43), (10, 28), (11, 4), (12, 75), (13, 14), (79, 3), (14, 52), (15, 39), (16, 36), (78, 57), (17, 2), (18, 69), (19, 63), (20, 62), (21, 18), (22, 42), (23, 64), (24, 7), (25, 78), (26, 71), (27, 76), (28, 1), (29, 5), (30, 44), (31, 51), (32, 45), (77, 68), (33, 34), (34, 19), (35, 8), (36, 33), (37, 72), (38, 0), (39, 16), (40, 12), (41, 60), (76, 29), (42, 26), (43, 50), (44, 40), (45, 47), (46, 66), (47, 24), (48, 77), (49, 37), (50, 74), (51, 11), (52, 21), (53, 38), (54, 46), (55, 9), (56, 73), (57, 58), (58, 53), (75, 54), (59, 31), (60, 23), (61, 41), (62, 27), (63, 22), (64, 59), (65, 15), (66, 17), (67, 13), (68, 35), (69, 56), (70, 65), (71, 20), (74, 10), (72, 79), (73, 67)]
og index list energy: 95977125.74114035
index_list: [(0, 14), (1, 15), (2, 78), (3, 42), (4, 72), (5, 73), (6, 77), (7, 1), (8, 2), (9, 6), (10, 7), (11, 8), (12, 9), (13, 10), (79, 11), (14, 12), (15, 13), (16, 16), (78, 76), (17, 17), (18, 18), (19, 19), (20, 20), (21, 21), (22, 22), (23, 23), (24, 24), (25, 25), (26, 26), (27, 27), (28, 28), (29, 29), (30, 30), (31, 31), (32, 32), (77, 79), (33, 33), (34, 34), (35, 35), (36, 36), (37, 37), (38, 38), (39, 39), (40, 40), (41, 41), (76, 0), (42, 75), (43, 43), (44, 44), (45, 45), (46, 46), (47, 47), (48, 48), (49, 49), (50, 50), (51, 51), (52, 52), (53, 53), (54, 54), (55, 55), (56, 56), (57, 57), (58, 58), (75, 74), (59, 59), (60, 60), (61, 61), (62, 62), (63, 63), (64, 64), (65, 65), (66, 66), (67, 67), (68, 68), (69, 69), (70, 70), (71, 71), (74, 4), (72, 5), (73, 3)]
index list: [14, 15, 78, 42, 72, 73, 77, 1, 2, 6, 7, 8, 9, 10, 11, 12, 13, 16, 76, 17, 18, 19, 20, 21, 22, 23, 24, 25, 26, 27, 28, 29, 30, 31, 32, 79, 33, 34, 35, 36, 37, 38, 39, 40, 41, 0, 75, 43, 44, 45, 46, 47, 48, 49, 50, 51, 52, 53, 54, 55, 56, 57, 58, 74, 59, 60, 61, 62, 63, 64, 65, 66, 67, 68, 69, 70, 71, 4, 5, 3]
index list energy: 181253.20877717552
Done


iterations: 10000000 temp: 1000000.0 exponent: 0.7 eif: 300.0
time taken (sec): 864.2699761390686
number of iterations: 10000000
og index list: [(0, 10), (1, 56), (2, 25), (3, 13), (4, 70), (5, 54), (6, 11), (7, 34), (8, 61), (9, 58), (10, 71), (11, 79), (12, 3), (13, 67), (79, 29), (14, 52), (15, 8), (16, 24), (78, 48), (17, 20), (18, 38), (19, 19), (20, 72), (21, 43), (22, 63), (23, 40), (24, 33), (25, 77), (26, 28), (27, 7), (28, 17), (29, 62), (30, 74), (31, 68), (32, 46), (77, 65), (33, 15), (34, 36), (35, 22), (36, 53), (37, 30), (38, 32), (39, 78), (40, 66), (41, 18), (76, 16), (42, 35), (43, 76), (44, 49), (45, 4), (46, 14), (47, 39), (48, 69), (49, 44), (50, 73), (51, 45), (52, 50), (53, 59), (54, 27), (55, 5), (56, 1), (57, 42), (58, 57), (75, 0), (59, 9), (60, 41), (61, 12), (62, 55), (63, 37), (64, 21), (65, 26), (66, 75), (67, 64), (68, 2), (69, 47), (70, 60), (71, 51), (74, 23), (72, 31), (73, 6)]
og index list energy: 101818440.98492172
index_list: [(0, 0), (1, 1), (2, 2), (3, 3), (4, 4), (5, 5), (6, 6), (7, 7), (8, 8), (9, 9), (10, 10), (11, 11), (12, 12), (13, 13), (79, 78), (14, 14), (15, 15), (16, 16), (78, 74), (17, 17), (18, 18), (19, 19), (20, 20), (21, 21), (22, 22), (23, 23), (24, 24), (25, 25), (26, 26), (27, 27), (28, 28), (29, 29), (30, 30), (31, 31), (32, 32), (77, 75), (33, 33), (34, 34), (35, 35), (36, 36), (37, 37), (38, 38), (39, 39), (40, 40), (41, 41), (76, 77), (42, 42), (43, 43), (44, 44), (45, 45), (46, 46), (47, 47), (48, 48), (49, 49), (50, 50), (51, 51), (52, 52), (53, 53), (54, 54), (55, 55), (56, 56), (57, 57), (58, 58), (75, 76), (59, 59), (60, 60), (61, 61), (62, 62), (63, 63), (64, 64), (65, 65), (66, 66), (67, 67), (68, 68), (69, 69), (70, 70), (71, 71), (74, 79), (72, 72), (73, 73)]
index list: [0, 1, 2, 3, 4, 5, 6, 7, 8, 9, 10, 11, 12, 13, 78, 14, 15, 16, 74, 17, 18, 19, 20, 21, 22, 23, 24, 25, 26, 27, 28, 29, 30, 31, 32, 75, 33, 34, 35, 36, 37, 38, 39, 40, 41, 77, 42, 43, 44, 45, 46, 47, 48, 49, 50, 51, 52, 53, 54, 55, 56, 57, 58, 76, 59, 60, 61, 62, 63, 64, 65, 66, 67, 68, 69, 70, 71, 79, 72, 73]
index list energy: 97911.32412903158
Done


iterations: 10000000 temp: 1000000.0 exponent: 0.7 eif: 300.0
time taken (sec): 857.1313495635986
number of iterations: 10000000
og index list: [(0, 33), (1, 70), (2, 55), (3, 46), (4, 45), (5, 53), (6, 78), (7, 24), (8, 54), (9, 71), (10, 5), (11, 7), (12, 44), (13, 48), (79, 9), (14, 47), (15, 0), (16, 51), (78, 14), (17, 38), (18, 58), (19, 60), (20, 56), (21, 50), (22, 10), (23, 11), (24, 62), (25, 1), (26, 22), (27, 17), (28, 65), (29, 37), (30, 64), (31, 35), (32, 75), (77, 12), (33, 40), (34, 39), (35, 34), (36, 77), (37, 4), (38, 15), (39, 68), (40, 2), (41, 43), (76, 73), (42, 23), (43, 18), (44, 29), (45, 42), (46, 69), (47, 26), (48, 79), (49, 20), (50, 67), (51, 49), (52, 74), (53, 30), (54, 16), (55, 41), (56, 36), (57, 76), (58, 21), (75, 19), (59, 31), (60, 25), (61, 6), (62, 57), (63, 61), (64, 13), (65, 3), (66, 59), (67, 28), (68, 32), (69, 52), (70, 66), (71, 63), (74, 72), (72, 27), (73, 8)]
og index list energy: 107009699.83866523
index_list: [(0, 0), (1, 1), (2, 2), (3, 3), (4, 4), (5, 5), (6, 6), (7, 7), (8, 8), (9, 9), (10, 10), (11, 11), (12, 12), (13, 13), (79, 75), (14, 14), (15, 15), (16, 16), (78, 74), (17, 17), (18, 18), (19, 19), (20, 20), (21, 21), (22, 22), (23, 23), (24, 24), (25, 25), (26, 26), (27, 27), (28, 28), (29, 29), (30, 30), (31, 31), (32, 32), (77, 49), (33, 33), (34, 34), (35, 35), (36, 36), (37, 37), (38, 38), (39, 39), (40, 40), (41, 41), (76, 78), (42, 42), (43, 43), (44, 44), (45, 45), (46, 46), (47, 47), (48, 48), (49, 76), (50, 50), (51, 51), (52, 52), (53, 53), (54, 54), (55, 55), (56, 56), (57, 57), (58, 58), (75, 79), (59, 59), (60, 60), (61, 61), (62, 62), (63, 63), (64, 64), (65, 65), (66, 66), (67, 67), (68, 68), (69, 69), (70, 70), (71, 71), (74, 77), (72, 72), (73, 73)]
index list: [0, 1, 2, 3, 4, 5, 6, 7, 8, 9, 10, 11, 12, 13, 75, 14, 15, 16, 74, 17, 18, 19, 20, 21, 22, 23, 24, 25, 26, 27, 28, 29, 30, 31, 32, 49, 33, 34, 35, 36, 37, 38, 39, 40, 41, 78, 42, 43, 44, 45, 46, 47, 48, 76, 50, 51, 52, 53, 54, 55, 56, 57, 58, 79, 59, 60, 61, 62, 63, 64, 65, 66, 67, 68, 69, 70, 71, 77, 72, 73]
index list energy: 98209.82393678775
Done


iterations: 10000000 temp: 1000000.0 exponent: 0.7 eif: 300.0
time taken (sec): 800.1020560264587
number of iterations: 10000000
og index list: [(0, 9), (1, 62), (2, 25), (3, 26), (4, 23), (5, 47), (6, 75), (7, 48), (8, 44), (9, 27), (10, 19), (11, 4), (12, 7), (13, 55), (79, 38), (14, 79), (15, 11), (16, 28), (78, 13), (17, 54), (18, 68), (19, 46), (20, 1), (21, 66), (22, 21), (23, 58), (24, 34), (25, 8), (26, 40), (27, 39), (28, 73), (29, 64), (30, 41), (31, 20), (32, 35), (77, 76), (33, 52), (34, 71), (35, 69), (36, 78), (37, 12), (38, 45), (39, 70), (40, 60), (41, 15), (76, 14), (42, 51), (43, 6), (44, 74), (45, 2), (46, 57), (47, 36), (48, 53), (49, 5), (50, 29), (51, 42), (52, 67), (53, 59), (54, 43), (55, 3), (56, 56), (57, 32), (58, 16), (75, 33), (59, 63), (60, 65), (61, 17), (62, 49), (63, 37), (64, 18), (65, 10), (66, 30), (67, 0), (68, 72), (69, 31), (70, 77), (71, 24), (74, 22), (72, 50), (73, 61)]
og index list energy: 98332865.57750072
index_list: [(0, 11), (1, 12), (2, 13), (3, 74), (4, 72), (5, 73), (6, 78), (7, 17), (8, 18), (9, 6), (10, 7), (11, 8), (12, 9), (13, 10), (79, 49), (14, 14), (15, 15), (16, 16), (78, 0), (17, 1), (18, 2), (19, 19), (20, 20), (21, 21), (22, 22), (23, 23), (24, 24), (25, 25), (26, 26), (27, 27), (28, 28), (29, 29), (30, 30), (31, 31), (32, 32), (77, 77), (33, 33), (34, 34), (35, 35), (36, 36), (37, 37), (38, 38), (39, 39), (40, 40), (41, 41), (76, 79), (42, 42), (43, 43), (44, 44), (45, 45), (46, 46), (47, 47), (48, 48), (49, 76), (50, 50), (51, 51), (52, 52), (53, 53), (54, 54), (55, 55), (56, 56), (57, 57), (58, 58), (75, 75), (59, 59), (60, 60), (61, 61), (62, 62), (63, 63), (64, 64), (65, 65), (66, 66), (67, 67), (68, 68), (69, 69), (70, 70), (71, 71), (74, 5), (72, 3), (73, 4)]
index list: [11, 12, 13, 74, 72, 73, 78, 17, 18, 6, 7, 8, 9, 10, 49, 14, 15, 16, 0, 1, 2, 19, 20, 21, 22, 23, 24, 25, 26, 27, 28, 29, 30, 31, 32, 77, 33, 34, 35, 36, 37, 38, 39, 40, 41, 79, 42, 43, 44, 45, 46, 47, 48, 76, 50, 51, 52, 53, 54, 55, 56, 57, 58, 75, 59, 60, 61, 62, 63, 64, 65, 66, 67, 68, 69, 70, 71, 5, 3, 4]
index list energy: 224510.40839226768
Done


iterations: 10000000 temp: 1000000.0 exponent: 0.7 eif: 300.0
time taken (sec): 797.0533218383789
number of iterations: 10000000
og index list: [(0, 63), (1, 47), (2, 42), (3, 51), (4, 73), (5, 64), (6, 70), (7, 1), (8, 62), (9, 8), (10, 17), (11, 38), (12, 55), (13, 57), (79, 33), (14, 14), (15, 13), (16, 10), (78, 6), (17, 16), (18, 67), (19, 43), (20, 75), (21, 36), (22, 3), (23, 66), (24, 72), (25, 71), (26, 74), (27, 27), (28, 23), (29, 69), (30, 56), (31, 52), (32, 77), (77, 46), (33, 40), (34, 19), (35, 58), (36, 44), (37, 53), (38, 41), (39, 34), (40, 32), (41, 60), (76, 4), (42, 0), (43, 11), (44, 21), (45, 54), (46, 59), (47, 28), (48, 2), (49, 18), (50, 49), (51, 78), (52, 65), (53, 31), (54, 30), (55, 22), (56, 76), (57, 50), (58, 7), (75, 25), (59, 12), (60, 61), (61, 26), (62, 5), (63, 68), (64, 45), (65, 29), (66, 15), (67, 37), (68, 24), (69, 48), (70, 20), (71, 9), (74, 35), (72, 39), (73, 79)]
og index list energy: 91708020.37995374
index_list: [(0, 5), (1, 1), (2, 2), (3, 3), (4, 40), (5, 76), (6, 14), (7, 77), (8, 72), (9, 6), (10, 7), (11, 8), (12, 9), (13, 10), (79, 11), (14, 12), (15, 13), (16, 16), (78, 78), (17, 17), (18, 18), (19, 19), (20, 20), (21, 21), (22, 22), (23, 23), (24, 24), (25, 25), (26, 26), (27, 27), (28, 28), (29, 29), (30, 30), (31, 31), (32, 32), (77, 75), (33, 33), (34, 34), (35, 35), (36, 36), (37, 37), (38, 38), (39, 39), (40, 0), (41, 73), (76, 74), (42, 42), (43, 43), (44, 44), (45, 45), (46, 46), (47, 47), (48, 48), (49, 79), (50, 50), (51, 51), (52, 52), (53, 53), (54, 54), (55, 55), (56, 56), (57, 57), (58, 58), (75, 49), (59, 59), (60, 60), (61, 61), (62, 62), (63, 63), (64, 64), (65, 65), (66, 66), (67, 67), (68, 68), (69, 69), (70, 70), (71, 71), (74, 4), (72, 15), (73, 41)]
index list: [5, 1, 2, 3, 40, 76, 14, 77, 72, 6, 7, 8, 9, 10, 11, 12, 13, 16, 78, 17, 18, 19, 20, 21, 22, 23, 24, 25, 26, 27, 28, 29, 30, 31, 32, 75, 33, 34, 35, 36, 37, 38, 39, 0, 73, 74, 42, 43, 44, 45, 46, 47, 48, 79, 50, 51, 52, 53, 54, 55, 56, 57, 58, 49, 59, 60, 61, 62, 63, 64, 65, 66, 67, 68, 69, 70, 71, 4, 15, 41]
index list energy: 199277.39897589543
Done


iterations: 10000000 temp: 1000000.0 exponent: 0.7 eif: 300.0
time taken (sec): 794.0771737098694
number of iterations: 10000000
og index list: [(0, 45), (1, 33), (2, 12), (3, 14), (4, 5), (5, 76), (6, 66), (7, 71), (8, 27), (9, 10), (10, 18), (11, 7), (12, 68), (13, 46), (79, 13), (14, 67), (15, 70), (16, 35), (78, 20), (17, 53), (18, 6), (19, 23), (20, 42), (21, 59), (22, 57), (23, 60), (24, 21), (25, 49), (26, 25), (27, 77), (28, 4), (29, 72), (30, 63), (31, 2), (32, 62), (77, 22), (33, 47), (34, 16), (35, 78), (36, 31), (37, 69), (38, 64), (39, 43), (40, 17), (41, 38), (76, 15), (42, 56), (43, 58), (44, 34), (45, 51), (46, 61), (47, 28), (48, 19), (49, 44), (50, 74), (51, 75), (52, 11), (53, 50), (54, 29), (55, 73), (56, 79), (57, 41), (58, 0), (75, 48), (59, 54), (60, 37), (61, 55), (62, 1), (63, 8), (64, 39), (65, 24), (66, 52), (67, 40), (68, 9), (69, 30), (70, 65), (71, 26), (74, 32), (72, 3), (73, 36)]
og index list energy: 97524093.85048419
index_list: [(0, 15), (1, 1), (2, 2), (3, 3), (4, 4), (5, 5), (6, 44), (7, 75), (8, 43), (9, 6), (10, 7), (11, 8), (12, 9), (13, 10), (79, 11), (14, 12), (15, 13), (16, 16), (78, 76), (17, 17), (18, 18), (19, 19), (20, 20), (21, 21), (22, 22), (23, 23), (24, 24), (25, 25), (26, 26), (27, 27), (28, 28), (29, 29), (30, 30), (31, 31), (32, 32), (77, 79), (33, 33), (34, 34), (35, 35), (36, 36), (37, 37), (38, 38), (39, 39), (40, 40), (41, 41), (76, 71), (42, 77), (43, 14), (44, 74), (45, 45), (46, 46), (47, 47), (48, 48), (49, 0), (50, 50), (51, 51), (52, 52), (53, 53), (54, 54), (55, 55), (56, 56), (57, 57), (58, 58), (75, 49), (59, 59), (60, 60), (61, 61), (62, 62), (63, 63), (64, 64), (65, 65), (66, 66), (67, 67), (68, 68), (69, 69), (70, 70), (71, 78), (74, 42), (72, 72), (73, 73)]
index list: [15, 1, 2, 3, 4, 5, 44, 75, 43, 6, 7, 8, 9, 10, 11, 12, 13, 16, 76, 17, 18, 19, 20, 21, 22, 23, 24, 25, 26, 27, 28, 29, 30, 31, 32, 79, 33, 34, 35, 36, 37, 38, 39, 40, 41, 71, 77, 14, 74, 45, 46, 47, 48, 0, 50, 51, 52, 53, 54, 55, 56, 57, 58, 49, 59, 60, 61, 62, 63, 64, 65, 66, 67, 68, 69, 70, 78, 42, 72, 73]
index list energy: 193756.71839764016
Done


iterations: 10000000 temp: 1000000.0 exponent: 0.7 eif: 300.0
time taken (sec): 869.2696187496185
number of iterations: 10000000
og index list: [(0, 74), (1, 15), (2, 64), (3, 1), (4, 50), (5, 59), (6, 21), (7, 48), (8, 12), (9, 8), (10, 11), (11, 19), (12, 51), (13, 18), (79, 45), (14, 47), (15, 35), (16, 10), (78, 22), (17, 49), (18, 23), (19, 39), (20, 58), (21, 57), (22, 70), (23, 9), (24, 32), (25, 2), (26, 37), (27, 36), (28, 53), (29, 55), (30, 79), (31, 67), (32, 31), (77, 17), (33, 4), (34, 71), (35, 13), (36, 44), (37, 46), (38, 20), (39, 26), (40, 76), (41, 16), (76, 5), (42, 66), (43, 56), (44, 40), (45, 78), (46, 14), (47, 42), (48, 61), (49, 28), (50, 65), (51, 52), (52, 34), (53, 27), (54, 38), (55, 6), (56, 3), (57, 43), (58, 25), (75, 0), (59, 33), (60, 41), (61, 69), (62, 75), (63, 24), (64, 29), (65, 60), (66, 77), (67, 62), (68, 30), (69, 63), (70, 72), (71, 7), (74, 68), (72, 73), (73, 54)]
og index list energy: 102232179.87027772
index_list: [(0, 0), (1, 1), (2, 2), (3, 3), (4, 4), (5, 5), (6, 6), (7, 7), (8, 8), (9, 9), (10, 10), (11, 11), (12, 12), (13, 13), (79, 74), (14, 14), (15, 15), (16, 16), (78, 49), (17, 17), (18, 18), (19, 19), (20, 20), (21, 21), (22, 22), (23, 23), (24, 24), (25, 25), (26, 26), (27, 27), (28, 28), (29, 29), (30, 30), (31, 31), (32, 32), (77, 77), (33, 33), (34, 34), (35, 35), (36, 36), (37, 37), (38, 38), (39, 39), (40, 40), (41, 41), (76, 75), (42, 42), (43, 43), (44, 44), (45, 45), (46, 46), (47, 47), (48, 48), (49, 79), (50, 50), (51, 51), (52, 52), (53, 53), (54, 54), (55, 55), (56, 56), (57, 57), (58, 58), (75, 76), (59, 59), (60, 60), (61, 61), (62, 62), (63, 63), (64, 64), (65, 65), (66, 66), (67, 67), (68, 68), (69, 69), (70, 70), (71, 71), (74, 78), (72, 72), (73, 73)]
index list: [0, 1, 2, 3, 4, 5, 6, 7, 8, 9, 10, 11, 12, 13, 74, 14, 15, 16, 49, 17, 18, 19, 20, 21, 22, 23, 24, 25, 26, 27, 28, 29, 30, 31, 32, 77, 33, 34, 35, 36, 37, 38, 39, 40, 41, 75, 42, 43, 44, 45, 46, 47, 48, 79, 50, 51, 52, 53, 54, 55, 56, 57, 58, 76, 59, 60, 61, 62, 63, 64, 65, 66, 67, 68, 69, 70, 71, 78, 72, 73]
index list energy: 98209.82393678775
Done


iterations: 10000000 temp: 1000000.0 exponent: 0.7 eif: 300.0
time taken (sec): 878.7224123477936
number of iterations: 10000000
og index list: [(0, 68), (1, 36), (2, 51), (3, 79), (4, 20), (5, 29), (6, 33), (7, 27), (8, 76), (9, 75), (10, 40), (11, 5), (12, 69), (13, 28), (79, 14), (14, 1), (15, 60), (16, 31), (78, 53), (17, 17), (18, 6), (19, 59), (20, 43), (21, 48), (22, 9), (23, 21), (24, 77), (25, 10), (26, 37), (27, 19), (28, 64), (29, 42), (30, 55), (31, 39), (32, 50), (77, 61), (33, 74), (34, 38), (35, 58), (36, 56), (37, 16), (38, 49), (39, 0), (40, 2), (41, 63), (76, 66), (42, 13), (43, 35), (44, 71), (45, 54), (46, 18), (47, 73), (48, 62), (49, 4), (50, 32), (51, 25), (52, 15), (53, 3), (54, 65), (55, 11), (56, 7), (57, 46), (58, 41), (75, 26), (59, 47), (60, 34), (61, 8), (62, 72), (63, 44), (64, 30), (65, 45), (66, 78), (67, 12), (68, 23), (69, 67), (70, 24), (71, 70), (74, 22), (72, 52), (73, 57)]
og index list energy: 121865816.52221306
index_list: [(0, 0), (1, 1), (2, 2), (3, 3), (4, 4), (5, 5), (6, 6), (7, 7), (8, 8), (9, 9), (10, 10), (11, 11), (12, 12), (13, 13), (79, 75), (14, 14), (15, 15), (16, 16), (78, 49), (17, 17), (18, 18), (19, 19), (20, 20), (21, 21), (22, 22), (23, 23), (24, 24), (25, 25), (26, 26), (27, 27), (28, 28), (29, 29), (30, 30), (31, 31), (32, 32), (77, 74), (33, 33), (34, 34), (35, 35), (36, 36), (37, 37), (38, 38), (39, 39), (40, 40), (41, 41), (76, 78), (42, 42), (43, 43), (44, 44), (45, 45), (46, 46), (47, 47), (48, 48), (49, 76), (50, 50), (51, 51), (52, 52), (53, 53), (54, 54), (55, 55), (56, 56), (57, 57), (58, 58), (75, 77), (59, 59), (60, 60), (61, 61), (62, 62), (63, 63), (64, 64), (65, 65), (66, 66), (67, 67), (68, 68), (69, 69), (70, 70), (71, 71), (74, 79), (72, 72), (73, 73)]
index list: [0, 1, 2, 3, 4, 5, 6, 7, 8, 9, 10, 11, 12, 13, 75, 14, 15, 16, 49, 17, 18, 19, 20, 21, 22, 23, 24, 25, 26, 27, 28, 29, 30, 31, 32, 74, 33, 34, 35, 36, 37, 38, 39, 40, 41, 78, 42, 43, 44, 45, 46, 47, 48, 76, 50, 51, 52, 53, 54, 55, 56, 57, 58, 77, 59, 60, 61, 62, 63, 64, 65, 66, 67, 68, 69, 70, 71, 79, 72, 73]
index list energy: 98209.82393678775
Done


iterations: 10000000 temp: 1000000.0 exponent: 0.7 eif: 300.0
time taken (sec): 880.1093699932098
number of iterations: 10000000
og index list: [(0, 15), (1, 3), (2, 62), (3, 76), (4, 68), (5, 44), (6, 23), (7, 14), (8, 21), (9, 8), (10, 55), (11, 45), (12, 74), (13, 63), (79, 52), (14, 50), (15, 65), (16, 25), (78, 0), (17, 57), (18, 1), (19, 36), (20, 47), (21, 79), (22, 13), (23, 2), (24, 71), (25, 26), (26, 7), (27, 40), (28, 70), (29, 72), (30, 46), (31, 58), (32, 49), (77, 9), (33, 77), (34, 34), (35, 67), (36, 60), (37, 69), (38, 5), (39, 16), (40, 28), (41, 22), (76, 11), (42, 31), (43, 37), (44, 43), (45, 27), (46, 20), (47, 54), (48, 24), (49, 64), (50, 66), (51, 35), (52, 78), (53, 6), (54, 56), (55, 51), (56, 48), (57, 73), (58, 29), (75, 17), (59, 61), (60, 42), (61, 10), (62, 59), (63, 33), (64, 39), (65, 41), (66, 30), (67, 4), (68, 19), (69, 38), (70, 75), (71, 53), (74, 18), (72, 12), (73, 32)]
og index list energy: 145974946.71476004
index_list: [(0, 72), (1, 1), (2, 2), (3, 3), (4, 4), (5, 5), (6, 6), (7, 7), (8, 8), (9, 73), (10, 78), (11, 9), (12, 10), (13, 11), (79, 49), (14, 14), (15, 15), (16, 16), (78, 76), (17, 17), (18, 18), (19, 19), (20, 20), (21, 21), (22, 22), (23, 23), (24, 24), (25, 25), (26, 26), (27, 27), (28, 28), (29, 29), (30, 30), (31, 31), (32, 32), (77, 74), (33, 33), (34, 34), (35, 35), (36, 36), (37, 37), (38, 38), (39, 39), (40, 40), (41, 41), (76, 77), (42, 42), (43, 43), (44, 44), (45, 45), (46, 46), (47, 47), (48, 48), (49, 0), (50, 50), (51, 51), (52, 52), (53, 53), (54, 54), (55, 55), (56, 56), (57, 57), (58, 58), (75, 75), (59, 59), (60, 60), (61, 61), (62, 62), (63, 63), (64, 64), (65, 65), (66, 66), (67, 67), (68, 68), (69, 69), (70, 70), (71, 71), (74, 79), (72, 12), (73, 13)]
index list: [72, 1, 2, 3, 4, 5, 6, 7, 8, 73, 78, 9, 10, 11, 49, 14, 15, 16, 76, 17, 18, 19, 20, 21, 22, 23, 24, 25, 26, 27, 28, 29, 30, 31, 32, 74, 33, 34, 35, 36, 37, 38, 39, 40, 41, 77, 42, 43, 44, 45, 46, 47, 48, 0, 50, 51, 52, 53, 54, 55, 56, 57, 58, 75, 59, 60, 61, 62, 63, 64, 65, 66, 67, 68, 69, 70, 71, 79, 12, 13]
index list energy: 149956.79679883932
Done


iterations: 10000000 temp: 1000000.0 exponent: 0.7 eif: 300.0
time taken (sec): 864.7880227565765
number of iterations: 10000000
og index list: [(0, 77), (1, 17), (2, 14), (3, 71), (4, 66), (5, 27), (6, 3), (7, 26), (8, 21), (9, 12), (10, 60), (11, 5), (12, 32), (13, 69), (79, 78), (14, 15), (15, 1), (16, 61), (78, 70), (17, 33), (18, 9), (19, 6), (20, 22), (21, 2), (22, 45), (23, 76), (24, 0), (25, 23), (26, 64), (27, 72), (28, 57), (29, 67), (30, 47), (31, 56), (32, 58), (77, 63), (33, 31), (34, 18), (35, 16), (36, 74), (37, 11), (38, 25), (39, 28), (40, 29), (41, 7), (76, 4), (42, 50), (43, 46), (44, 48), (45, 51), (46, 73), (47, 65), (48, 44), (49, 54), (50, 20), (51, 38), (52, 37), (53, 40), (54, 42), (55, 10), (56, 75), (57, 59), (58, 49), (75, 43), (59, 62), (60, 41), (61, 24), (62, 55), (63, 13), (64, 68), (65, 52), (66, 79), (67, 35), (68, 53), (69, 34), (70, 30), (71, 36), (74, 39), (72, 8), (73, 19)]
og index list energy: 119416524.74032971
index_list: [(0, 0), (1, 1), (2, 2), (3, 3), (4, 4), (5, 5), (6, 6), (7, 7), (8, 8), (9, 9), (10, 10), (11, 11), (12, 12), (13, 13), (79, 76), (14, 14), (15, 15), (16, 16), (78, 49), (17, 17), (18, 18), (19, 19), (20, 20), (21, 21), (22, 22), (23, 23), (24, 24), (25, 25), (26, 26), (27, 27), (28, 28), (29, 29), (30, 30), (31, 31), (32, 32), (77, 78), (33, 33), (34, 34), (35, 35), (36, 36), (37, 37), (38, 38), (39, 39), (40, 40), (41, 41), (76, 71), (42, 77), (43, 43), (44, 44), (45, 45), (46, 46), (47, 47), (48, 48), (49, 79), (50, 50), (51, 51), (52, 52), (53, 53), (54, 54), (55, 55), (56, 56), (57, 57), (58, 58), (75, 74), (59, 59), (60, 60), (61, 61), (62, 62), (63, 63), (64, 64), (65, 65), (66, 66), (67, 67), (68, 68), (69, 69), (70, 70), (71, 75), (74, 42), (72, 72), (73, 73)]
index list: [0, 1, 2, 3, 4, 5, 6, 7, 8, 9, 10, 11, 12, 13, 76, 14, 15, 16, 49, 17, 18, 19, 20, 21, 22, 23, 24, 25, 26, 27, 28, 29, 30, 31, 32, 78, 33, 34, 35, 36, 37, 38, 39, 40, 41, 71, 77, 43, 44, 45, 46, 47, 48, 79, 50, 51, 52, 53, 54, 55, 56, 57, 58, 74, 59, 60, 61, 62, 63, 64, 65, 66, 67, 68, 69, 70, 75, 42, 72, 73]
index list energy: 108070.45780373304
Done


iterations: 10000000 temp: 1000000.0 exponent: 0.7 eif: 300.0
time taken (sec): 896.258791923523
number of iterations: 10000000
og index list: [(0, 78), (1, 3), (2, 75), (3, 1), (4, 74), (5, 28), (6, 7), (7, 50), (8, 71), (9, 29), (10, 51), (11, 5), (12, 39), (13, 19), (79, 8), (14, 34), (15, 36), (16, 43), (78, 12), (17, 62), (18, 40), (19, 31), (20, 61), (21, 42), (22, 68), (23, 79), (24, 11), (25, 53), (26, 18), (27, 65), (28, 55), (29, 20), (30, 24), (31, 13), (32, 32), (77, 67), (33, 30), (34, 41), (35, 69), (36, 35), (37, 63), (38, 4), (39, 14), (40, 2), (41, 21), (76, 72), (42, 70), (43, 48), (44, 58), (45, 54), (46, 22), (47, 46), (48, 52), (49, 26), (50, 44), (51, 59), (52, 45), (53, 16), (54, 0), (55, 57), (56, 77), (57, 33), (58, 6), (75, 15), (59, 37), (60, 10), (61, 66), (62, 56), (63, 60), (64, 27), (65, 64), (66, 49), (67, 47), (68, 76), (69, 38), (70, 23), (71, 17), (74, 25), (72, 73), (73, 9)]
og index list energy: 121498564.40064916
index_list: [(0, 0), (1, 1), (2, 2), (3, 3), (4, 4), (5, 5), (6, 6), (7, 7), (8, 8), (9, 9), (10, 10), (11, 11), (12, 12), (13, 13), (79, 77), (14, 14), (15, 15), (16, 16), (78, 79), (17, 17), (18, 18), (19, 19), (20, 20), (21, 21), (22, 22), (23, 23), (24, 24), (25, 25), (26, 26), (27, 27), (28, 28), (29, 29), (30, 30), (31, 31), (32, 32), (77, 76), (33, 33), (34, 34), (35, 35), (36, 36), (37, 37), (38, 38), (39, 39), (40, 40), (41, 41), (76, 74), (42, 42), (43, 43), (44, 44), (45, 45), (46, 46), (47, 47), (48, 48), (49, 78), (50, 50), (51, 51), (52, 52), (53, 53), (54, 54), (55, 55), (56, 56), (57, 57), (58, 58), (75, 75), (59, 59), (60, 60), (61, 61), (62, 62), (63, 63), (64, 64), (65, 65), (66, 66), (67, 67), (68, 68), (69, 69), (70, 70), (71, 71), (74, 49), (72, 72), (73, 73)]
index list: [0, 1, 2, 3, 4, 5, 6, 7, 8, 9, 10, 11, 12, 13, 77, 14, 15, 16, 79, 17, 18, 19, 20, 21, 22, 23, 24, 25, 26, 27, 28, 29, 30, 31, 32, 76, 33, 34, 35, 36, 37, 38, 39, 40, 41, 74, 42, 43, 44, 45, 46, 47, 48, 78, 50, 51, 52, 53, 54, 55, 56, 57, 58, 75, 59, 60, 61, 62, 63, 64, 65, 66, 67, 68, 69, 70, 71, 49, 72, 73]
index list energy: 98209.82393678775
Done


iterations: 10000000 temp: 1000000.0 exponent: 0.7 eif: 300.0
time taken (sec): 887.4765539169312
number of iterations: 10000000
og index list: [(0, 17), (1, 50), (2, 51), (3, 36), (4, 8), (5, 63), (6, 24), (7, 48), (8, 15), (9, 7), (10, 18), (11, 20), (12, 25), (13, 61), (79, 5), (14, 29), (15, 10), (16, 78), (78, 44), (17, 23), (18, 12), (19, 42), (20, 52), (21, 38), (22, 16), (23, 1), (24, 6), (25, 67), (26, 74), (27, 62), (28, 28), (29, 2), (30, 66), (31, 40), (32, 21), (77, 33), (33, 58), (34, 65), (35, 71), (36, 79), (37, 47), (38, 57), (39, 34), (40, 59), (41, 70), (76, 54), (42, 39), (43, 43), (44, 30), (45, 3), (46, 32), (47, 9), (48, 76), (49, 75), (50, 73), (51, 4), (52, 31), (53, 19), (54, 26), (55, 77), (56, 11), (57, 41), (58, 35), (75, 49), (59, 64), (60, 72), (61, 60), (62, 27), (63, 0), (64, 55), (65, 13), (66, 14), (67, 56), (68, 46), (69, 69), (70, 22), (71, 53), (74, 68), (72, 37), (73, 45)]
og index list energy: 118200213.34950854
index_list: [(0, 0), (1, 1), (2, 2), (3, 3), (4, 4), (5, 5), (6, 6), (7, 7), (8, 8), (9, 9), (10, 10), (11, 11), (12, 12), (13, 13), (79, 78), (14, 14), (15, 15), (16, 16), (78, 74), (17, 17), (18, 18), (19, 19), (20, 20), (21, 21), (22, 22), (23, 23), (24, 24), (25, 25), (26, 26), (27, 27), (28, 28), (29, 29), (30, 30), (31, 31), (32, 32), (77, 75), (33, 33), (34, 34), (35, 35), (36, 36), (37, 37), (38, 38), (39, 39), (40, 40), (41, 41), (76, 77), (42, 42), (43, 43), (44, 44), (45, 45), (46, 46), (47, 47), (48, 48), (49, 76), (50, 50), (51, 51), (52, 52), (53, 53), (54, 54), (55, 55), (56, 56), (57, 57), (58, 58), (75, 79), (59, 59), (60, 60), (61, 61), (62, 62), (63, 63), (64, 64), (65, 65), (66, 66), (67, 67), (68, 68), (69, 69), (70, 70), (71, 71), (74, 49), (72, 72), (73, 73)]
index list: [0, 1, 2, 3, 4, 5, 6, 7, 8, 9, 10, 11, 12, 13, 78, 14, 15, 16, 74, 17, 18, 19, 20, 21, 22, 23, 24, 25, 26, 27, 28, 29, 30, 31, 32, 75, 33, 34, 35, 36, 37, 38, 39, 40, 41, 77, 42, 43, 44, 45, 46, 47, 48, 76, 50, 51, 52, 53, 54, 55, 56, 57, 58, 79, 59, 60, 61, 62, 63, 64, 65, 66, 67, 68, 69, 70, 71, 49, 72, 73]
index list energy: 98209.82393678775
Done


iterations: 10000000 temp: 1000000.0 exponent: 0.7 eif: 300.0
time taken (sec): 758.4712316989899
number of iterations: 10000000
og index list: [(0, 78), (1, 74), (2, 16), (3, 47), (4, 69), (5, 61), (6, 5), (7, 26), (8, 14), (9, 71), (10, 57), (11, 40), (12, 56), (13, 64), (79, 35), (14, 25), (15, 0), (16, 34), (78, 53), (17, 1), (18, 75), (19, 48), (20, 30), (21, 68), (22, 9), (23, 39), (24, 22), (25, 42), (26, 31), (27, 58), (28, 43), (29, 60), (30, 3), (31, 62), (32, 29), (77, 8), (33, 65), (34, 44), (35, 41), (36, 23), (37, 49), (38, 27), (39, 50), (40, 38), (41, 18), (76, 77), (42, 76), (43, 52), (44, 4), (45, 13), (46, 55), (47, 36), (48, 33), (49, 7), (50, 32), (51, 11), (52, 73), (53, 72), (54, 28), (55, 37), (56, 10), (57, 54), (58, 67), (75, 15), (59, 2), (60, 63), (61, 59), (62, 66), (63, 70), (64, 46), (65, 19), (66, 17), (67, 6), (68, 21), (69, 24), (70, 79), (71, 12), (74, 20), (72, 45), (73, 51)]
og index list energy: 106832876.27915487
index_list: [(0, 43), (1, 1), (2, 2), (3, 3), (4, 4), (5, 5), (6, 6), (7, 7), (8, 8), (9, 9), (10, 10), (11, 11), (12, 12), (13, 13), (79, 32), (14, 74), (15, 39), (16, 68), (78, 69), (17, 17), (18, 18), (19, 19), (20, 20), (21, 21), (22, 22), (23, 23), (24, 24), (25, 25), (26, 26), (27, 27), (28, 28), (29, 29), (30, 30), (31, 31), (32, 79), (77, 42), (33, 33), (34, 34), (35, 35), (36, 36), (37, 37), (38, 38), (39, 78), (40, 72), (41, 73), (76, 76), (42, 14), (43, 15), (44, 44), (45, 45), (46, 46), (47, 47), (48, 48), (49, 0), (50, 50), (51, 51), (52, 52), (53, 53), (54, 54), (55, 55), (56, 56), (57, 57), (58, 58), (75, 49), (59, 59), (60, 60), (61, 61), (62, 62), (63, 63), (64, 64), (65, 65), (66, 66), (67, 67), (68, 77), (69, 16), (70, 75), (71, 70), (74, 71), (72, 40), (73, 41)]
index list: [43, 1, 2, 3, 4, 5, 6, 7, 8, 9, 10, 11, 12, 13, 32, 74, 39, 68, 69, 17, 18, 19, 20, 21, 22, 23, 24, 25, 26, 27, 28, 29, 30, 31, 79, 42, 33, 34, 35, 36, 37, 38, 78, 72, 73, 76, 14, 15, 44, 45, 46, 47, 48, 0, 50, 51, 52, 53, 54, 55, 56, 57, 58, 49, 59, 60, 61, 62, 63, 64, 65, 66, 67, 77, 16, 75, 70, 71, 40, 41]
index list energy: 216348.99394853652
Done


iterations: 10000000 temp: 1000000.0 exponent: 0.7 eif: 300.0
time taken (sec): 802.2663028240204
number of iterations: 10000000
og index list: [(0, 54), (1, 63), (2, 42), (3, 56), (4, 40), (5, 44), (6, 47), (7, 64), (8, 61), (9, 41), (10, 7), (11, 27), (12, 50), (13, 24), (79, 28), (14, 22), (15, 9), (16, 2), (78, 19), (17, 15), (18, 79), (19, 51), (20, 60), (21, 21), (22, 69), (23, 48), (24, 34), (25, 4), (26, 36), (27, 78), (28, 55), (29, 38), (30, 30), (31, 74), (32, 59), (77, 0), (33, 5), (34, 32), (35, 52), (36, 33), (37, 70), (38, 73), (39, 13), (40, 6), (41, 53), (76, 57), (42, 68), (43, 17), (44, 37), (45, 43), (46, 1), (47, 35), (48, 18), (49, 66), (50, 11), (51, 75), (52, 26), (53, 8), (54, 39), (55, 23), (56, 49), (57, 45), (58, 29), (75, 20), (59, 62), (60, 31), (61, 25), (62, 72), (63, 71), (64, 58), (65, 14), (66, 77), (67, 76), (68, 65), (69, 12), (70, 16), (71, 10), (74, 46), (72, 67), (73, 3)]
og index list energy: 111945569.47107692
index_list: [(0, 14), (1, 77), (2, 72), (3, 73), (4, 76), (5, 5), (6, 16), (7, 79), (8, 43), (9, 6), (10, 7), (11, 8), (12, 9), (13, 10), (79, 11), (14, 12), (15, 13), (16, 32), (78, 49), (17, 17), (18, 18), (19, 19), (20, 20), (21, 21), (22, 22), (23, 23), (24, 24), (25, 25), (26, 26), (27, 27), (28, 28), (29, 29), (30, 30), (31, 31), (32, 74), (77, 42), (33, 33), (34, 34), (35, 35), (36, 36), (37, 37), (38, 38), (39, 39), (40, 40), (41, 41), (76, 0), (42, 1), (43, 2), (44, 44), (45, 45), (46, 46), (47, 47), (48, 48), (49, 75), (50, 50), (51, 51), (52, 52), (53, 53), (54, 54), (55, 55), (56, 56), (57, 57), (58, 58), (75, 78), (59, 59), (60, 60), (61, 61), (62, 62), (63, 63), (64, 64), (65, 65), (66, 66), (67, 67), (68, 68), (69, 69), (70, 70), (71, 71), (74, 4), (72, 15), (73, 3)]
index list: [14, 77, 72, 73, 76, 5, 16, 79, 43, 6, 7, 8, 9, 10, 11, 12, 13, 32, 49, 17, 18, 19, 20, 21, 22, 23, 24, 25, 26, 27, 28, 29, 30, 31, 74, 42, 33, 34, 35, 36, 37, 38, 39, 40, 41, 0, 1, 2, 44, 45, 46, 47, 48, 75, 50, 51, 52, 53, 54, 55, 56, 57, 58, 78, 59, 60, 61, 62, 63, 64, 65, 66, 67, 68, 69, 70, 71, 4, 15, 3]
index list energy: 246515.41021680293
Done


iterations: 10000000 temp: 1000000.0 exponent: 0.7 eif: 300.0
time taken (sec): 903.9114587306976
number of iterations: 10000000
og index list: [(0, 1), (1, 26), (2, 51), (3, 59), (4, 35), (5, 18), (6, 56), (7, 57), (8, 55), (9, 12), (10, 75), (11, 33), (12, 21), (13, 34), (79, 32), (14, 46), (15, 45), (16, 49), (78, 16), (17, 17), (18, 78), (19, 77), (20, 73), (21, 61), (22, 74), (23, 13), (24, 76), (25, 69), (26, 72), (27, 5), (28, 28), (29, 36), (30, 10), (31, 24), (32, 66), (77, 67), (33, 68), (34, 37), (35, 7), (36, 43), (37, 11), (38, 71), (39, 65), (40, 54), (41, 40), (76, 42), (42, 8), (43, 20), (44, 48), (45, 31), (46, 30), (47, 19), (48, 41), (49, 64), (50, 2), (51, 63), (52, 47), (53, 27), (54, 70), (55, 15), (56, 52), (57, 39), (58, 9), (75, 50), (59, 38), (60, 23), (61, 4), (62, 6), (63, 79), (64, 62), (65, 29), (66, 25), (67, 22), (68, 0), (69, 44), (70, 3), (71, 53), (74, 58), (72, 14), (73, 60)]
og index list energy: 95332585.83166644
index_list: [(0, 0), (1, 1), (2, 2), (3, 3), (4, 4), (5, 5), (6, 6), (7, 7), (8, 8), (9, 9), (10, 10), (11, 11), (12, 12), (13, 13), (79, 78), (14, 14), (15, 15), (16, 16), (78, 76), (17, 17), (18, 18), (19, 19), (20, 20), (21, 21), (22, 22), (23, 23), (24, 24), (25, 25), (26, 26), (27, 27), (28, 28), (29, 29), (30, 30), (31, 31), (32, 32), (77, 74), (33, 33), (34, 34), (35, 35), (36, 36), (37, 37), (38, 38), (39, 39), (40, 40), (41, 41), (76, 79), (42, 42), (43, 43), (44, 44), (45, 45), (46, 46), (47, 47), (48, 48), (49, 49), (50, 50), (51, 51), (52, 52), (53, 53), (54, 54), (55, 55), (56, 56), (57, 57), (58, 58), (75, 75), (59, 59), (60, 60), (61, 61), (62, 62), (63, 63), (64, 64), (65, 65), (66, 66), (67, 67), (68, 68), (69, 69), (70, 70), (71, 71), (74, 77), (72, 72), (73, 73)]
index list: [0, 1, 2, 3, 4, 5, 6, 7, 8, 9, 10, 11, 12, 13, 78, 14, 15, 16, 76, 17, 18, 19, 20, 21, 22, 23, 24, 25, 26, 27, 28, 29, 30, 31, 32, 74, 33, 34, 35, 36, 37, 38, 39, 40, 41, 79, 42, 43, 44, 45, 46, 47, 48, 49, 50, 51, 52, 53, 54, 55, 56, 57, 58, 75, 59, 60, 61, 62, 63, 64, 65, 66, 67, 68, 69, 70, 71, 77, 72, 73]
index list energy: 97911.32412903158
Done


iterations: 10000000 temp: 1000000.0 exponent: 0.7 eif: 300.0
time taken (sec): 840.1463544368744
number of iterations: 10000000
og index list: [(0, 1), (1, 25), (2, 36), (3, 13), (4, 17), (5, 62), (6, 7), (7, 53), (8, 76), (9, 55), (10, 52), (11, 21), (12, 14), (13, 0), (79, 34), (14, 24), (15, 32), (16, 2), (78, 5), (17, 37), (18, 15), (19, 77), (20, 40), (21, 9), (22, 48), (23, 20), (24, 78), (25, 72), (26, 45), (27, 60), (28, 49), (29, 39), (30, 73), (31, 33), (32, 18), (77, 44), (33, 4), (34, 43), (35, 68), (36, 47), (37, 74), (38, 22), (39, 61), (40, 79), (41, 71), (76, 59), (42, 30), (43, 41), (44, 16), (45, 54), (46, 38), (47, 12), (48, 50), (49, 10), (50, 69), (51, 75), (52, 51), (53, 65), (54, 11), (55, 23), (56, 8), (57, 42), (58, 29), (75, 66), (59, 58), (60, 27), (61, 6), (62, 19), (63, 67), (64, 64), (65, 63), (66, 3), (67, 35), (68, 57), (69, 28), (70, 70), (71, 56), (74, 31), (72, 26), (73, 46)]
og index list energy: 147792566.4573387
index_list: [(0, 42), (1, 17), (2, 18), (3, 3), (4, 4), (5, 5), (6, 6), (7, 7), (8, 8), (9, 9), (10, 10), (11, 11), (12, 12), (13, 13), (79, 75), (14, 14), (15, 15), (16, 16), (78, 0), (17, 1), (18, 2), (19, 19), (20, 20), (21, 21), (22, 22), (23, 23), (24, 24), (25, 25), (26, 26), (27, 27), (28, 28), (29, 29), (30, 30), (31, 31), (32, 32), (77, 76), (33, 33), (34, 34), (35, 35), (36, 36), (37, 37), (38, 38), (39, 79), (40, 43), (41, 44), (76, 45), (42, 46), (43, 41), (44, 78), (45, 39), (46, 40), (47, 47), (48, 48), (49, 77), (50, 50), (51, 51), (52, 52), (53, 53), (54, 54), (55, 55), (56, 56), (57, 57), (58, 58), (75, 74), (59, 59), (60, 60), (61, 61), (62, 62), (63, 63), (64, 64), (65, 65), (66, 66), (67, 67), (68, 68), (69, 69), (70, 70), (71, 71), (74, 49), (72, 72), (73, 73)]
index list: [42, 17, 18, 3, 4, 5, 6, 7, 8, 9, 10, 11, 12, 13, 75, 14, 15, 16, 0, 1, 2, 19, 20, 21, 22, 23, 24, 25, 26, 27, 28, 29, 30, 31, 32, 76, 33, 34, 35, 36, 37, 38, 79, 43, 44, 45, 46, 41, 78, 39, 40, 47, 48, 77, 50, 51, 52, 53, 54, 55, 56, 57, 58, 74, 59, 60, 61, 62, 63, 64, 65, 66, 67, 68, 69, 70, 71, 49, 72, 73]
index list energy: 216055.00325052268
Done


iterations: 10000000 temp: 1000000.0 exponent: 0.7 eif: 300.0
time taken (sec): 651.3623657226562
number of iterations: 7804914
og index list: [(0, 26), (1, 70), (2, 36), (3, 1), (4, 57), (5, 52), (6, 45), (7, 0), (8, 54), (9, 78), (10, 39), (11, 40), (12, 23), (13, 17), (79, 64), (14, 11), (15, 42), (16, 55), (78, 18), (17, 62), (18, 3), (19, 24), (20, 60), (21, 25), (22, 44), (23, 15), (24, 63), (25, 4), (26, 34), (27, 27), (28, 30), (29, 73), (30, 53), (31, 56), (32, 41), (77, 69), (33, 8), (34, 51), (35, 16), (36, 37), (37, 43), (38, 49), (39, 68), (40, 65), (41, 6), (76, 32), (42, 29), (43, 48), (44, 59), (45, 9), (46, 47), (47, 77), (48, 72), (49, 12), (50, 46), (51, 50), (52, 31), (53, 20), (54, 19), (55, 28), (56, 75), (57, 71), (58, 74), (75, 76), (59, 79), (60, 5), (61, 61), (62, 66), (63, 33), (64, 21), (65, 13), (66, 10), (67, 35), (68, 67), (69, 38), (70, 2), (71, 7), (74, 22), (72, 14), (73, 58)]
og index list energy: 109872500.11736257
index_list: [(0, 0), (1, 1), (2, 2), (3, 3), (4, 4), (5, 5), (6, 6), (7, 7), (8, 8), (9, 9), (10, 10), (11, 11), (12, 12), (13, 13), (79, 78), (14, 14), (15, 15), (16, 16), (78, 49), (17, 17), (18, 18), (19, 19), (20, 20), (21, 21), (22, 22), (23, 23), (24, 24), (25, 25), (26, 26), (27, 27), (28, 28), (29, 29), (30, 30), (31, 31), (32, 32), (77, 77), (33, 33), (34, 34), (35, 35), (36, 36), (37, 37), (38, 38), (39, 39), (40, 40), (41, 41), (76, 79), (42, 42), (43, 43), (44, 44), (45, 45), (46, 46), (47, 47), (48, 48), (49, 74), (50, 50), (51, 51), (52, 52), (53, 53), (54, 54), (55, 55), (56, 56), (57, 57), (58, 58), (75, 75), (59, 59), (60, 60), (61, 61), (62, 62), (63, 63), (64, 64), (65, 65), (66, 66), (67, 67), (68, 68), (69, 69), (70, 70), (71, 71), (74, 76), (72, 72), (73, 73)]
index list: [0, 1, 2, 3, 4, 5, 6, 7, 8, 9, 10, 11, 12, 13, 78, 14, 15, 16, 49, 17, 18, 19, 20, 21, 22, 23, 24, 25, 26, 27, 28, 29, 30, 31, 32, 77, 33, 34, 35, 36, 37, 38, 39, 40, 41, 79, 42, 43, 44, 45, 46, 47, 48, 74, 50, 51, 52, 53, 54, 55, 56, 57, 58, 75, 59, 60, 61, 62, 63, 64, 65, 66, 67, 68, 69, 70, 71, 76, 72, 73]
index list energy: 98209.82393678775
Done


