## SLURM PROLOG ###############################################################
##    Job ID : 2089324
##  Job Name : NOESY_90
##  Nodelist : node1164
##      CPUs : 1
##  Mem/Node : 1024 MB
## Directory : /gpfs/data/nfawzi/skale/Fawzi_pycharm_project
##   Started : Fri Jan 18 23:45:22 EST 2019
###############################################################################
iterations: 10000000 temp: 1000000.0 exponent: 0.7 eif: 300.0
time taken (sec): 939.1439938545227
number of iterations: 10000000
og index list: [(0, 68), (1, 73), (2, 24), (3, 19), (4, 54), (5, 46), (6, 12), (7, 9), (8, 20), (9, 71), (10, 56), (11, 16), (12, 45), (13, 48), (79, 29), (14, 21), (15, 69), (16, 22), (78, 60), (17, 66), (18, 30), (19, 0), (20, 36), (21, 42), (22, 70), (23, 32), (24, 57), (25, 63), (26, 15), (27, 25), (28, 75), (29, 47), (30, 35), (31, 26), (32, 62), (77, 52), (33, 3), (34, 51), (35, 38), (36, 17), (37, 40), (38, 18), (39, 4), (40, 61), (41, 11), (76, 14), (42, 58), (43, 39), (44, 31), (45, 13), (46, 79), (47, 5), (48, 55), (49, 7), (50, 74), (51, 53), (52, 59), (53, 67), (54, 78), (55, 23), (56, 2), (57, 10), (58, 33), (75, 77), (59, 76), (60, 37), (61, 44), (62, 64), (63, 1), (64, 43), (65, 6), (66, 50), (67, 41), (68, 8), (69, 65), (70, 28), (71, 27), (74, 72), (72, 49), (73, 34)]
og index list energy: 116816115.551001
index_list: [(0, 43), (1, 1), (2, 2), (3, 3), (4, 4), (5, 5), (6, 6), (7, 7), (8, 8), (9, 9), (10, 10), (11, 11), (12, 12), (13, 13), (79, 76), (14, 14), (15, 15), (16, 16), (78, 49), (17, 17), (18, 18), (19, 19), (20, 20), (21, 21), (22, 22), (23, 23), (24, 24), (25, 25), (26, 26), (27, 27), (28, 28), (29, 29), (30, 30), (31, 31), (32, 79), (77, 42), (33, 33), (34, 34), (35, 35), (36, 36), (37, 37), (38, 38), (39, 39), (40, 40), (41, 41), (76, 78), (42, 32), (43, 77), (44, 44), (45, 45), (46, 46), (47, 47), (48, 48), (49, 0), (50, 50), (51, 51), (52, 52), (53, 53), (54, 54), (55, 55), (56, 56), (57, 57), (58, 58), (75, 74), (59, 59), (60, 60), (61, 61), (62, 62), (63, 63), (64, 64), (65, 65), (66, 66), (67, 67), (68, 68), (69, 69), (70, 70), (71, 71), (74, 75), (72, 72), (73, 73)]
index list: [43, 1, 2, 3, 4, 5, 6, 7, 8, 9, 10, 11, 12, 13, 76, 14, 15, 16, 49, 17, 18, 19, 20, 21, 22, 23, 24, 25, 26, 27, 28, 29, 30, 31, 79, 42, 33, 34, 35, 36, 37, 38, 39, 40, 41, 78, 32, 77, 44, 45, 46, 47, 48, 0, 50, 51, 52, 53, 54, 55, 56, 57, 58, 74, 59, 60, 61, 62, 63, 64, 65, 66, 67, 68, 69, 70, 71, 75, 72, 73]
index list energy: 132470.00517148053
Done


iterations: 10000000 temp: 1000000.0 exponent: 0.7 eif: 300.0
time taken (sec): 939.2676668167114
number of iterations: 10000000
og index list: [(0, 70), (1, 10), (2, 72), (3, 45), (4, 57), (5, 52), (6, 3), (7, 2), (8, 28), (9, 36), (10, 19), (11, 77), (12, 76), (13, 16), (79, 31), (14, 61), (15, 48), (16, 7), (78, 20), (17, 4), (18, 56), (19, 8), (20, 39), (21, 68), (22, 75), (23, 54), (24, 15), (25, 33), (26, 41), (27, 67), (28, 5), (29, 42), (30, 44), (31, 35), (32, 18), (77, 21), (33, 22), (34, 6), (35, 1), (36, 27), (37, 73), (38, 24), (39, 74), (40, 29), (41, 47), (76, 14), (42, 40), (43, 65), (44, 66), (45, 23), (46, 32), (47, 64), (48, 59), (49, 69), (50, 0), (51, 55), (52, 60), (53, 26), (54, 13), (55, 62), (56, 79), (57, 38), (58, 46), (75, 34), (59, 43), (60, 9), (61, 71), (62, 30), (63, 49), (64, 17), (65, 51), (66, 11), (67, 37), (68, 12), (69, 63), (70, 53), (71, 25), (74, 58), (72, 50), (73, 78)]
og index list energy: 120335199.67028558
index_list: [(0, 0), (1, 1), (2, 2), (3, 3), (4, 4), (5, 5), (6, 6), (7, 7), (8, 8), (9, 9), (10, 10), (11, 11), (12, 12), (13, 13), (79, 78), (14, 14), (15, 15), (16, 16), (78, 75), (17, 17), (18, 18), (19, 19), (20, 20), (21, 21), (22, 22), (23, 23), (24, 24), (25, 25), (26, 26), (27, 27), (28, 28), (29, 29), (30, 30), (31, 31), (32, 32), (77, 49), (33, 33), (34, 34), (35, 35), (36, 36), (37, 37), (38, 38), (39, 39), (40, 40), (41, 41), (76, 77), (42, 42), (43, 43), (44, 44), (45, 45), (46, 46), (47, 47), (48, 48), (49, 79), (50, 50), (51, 51), (52, 52), (53, 53), (54, 54), (55, 55), (56, 56), (57, 57), (58, 58), (75, 74), (59, 59), (60, 60), (61, 61), (62, 62), (63, 63), (64, 64), (65, 65), (66, 66), (67, 67), (68, 68), (69, 69), (70, 70), (71, 71), (74, 76), (72, 72), (73, 73)]
index list: [0, 1, 2, 3, 4, 5, 6, 7, 8, 9, 10, 11, 12, 13, 78, 14, 15, 16, 75, 17, 18, 19, 20, 21, 22, 23, 24, 25, 26, 27, 28, 29, 30, 31, 32, 49, 33, 34, 35, 36, 37, 38, 39, 40, 41, 77, 42, 43, 44, 45, 46, 47, 48, 79, 50, 51, 52, 53, 54, 55, 56, 57, 58, 74, 59, 60, 61, 62, 63, 64, 65, 66, 67, 68, 69, 70, 71, 76, 72, 73]
index list energy: 98209.82393678775
Done


iterations: 10000000 temp: 1000000.0 exponent: 0.7 eif: 300.0
time taken (sec): 909.0834677219391
number of iterations: 10000000
og index list: [(0, 58), (1, 37), (2, 30), (3, 11), (4, 35), (5, 65), (6, 45), (7, 9), (8, 17), (9, 53), (10, 28), (11, 43), (12, 19), (13, 74), (79, 31), (14, 76), (15, 50), (16, 27), (78, 70), (17, 36), (18, 38), (19, 20), (20, 71), (21, 14), (22, 60), (23, 26), (24, 56), (25, 57), (26, 52), (27, 68), (28, 23), (29, 63), (30, 41), (31, 29), (32, 44), (77, 5), (33, 40), (34, 54), (35, 6), (36, 10), (37, 72), (38, 12), (39, 1), (40, 73), (41, 15), (76, 51), (42, 0), (43, 61), (44, 24), (45, 25), (46, 75), (47, 64), (48, 18), (49, 4), (50, 42), (51, 78), (52, 2), (53, 21), (54, 67), (55, 34), (56, 47), (57, 3), (58, 49), (75, 66), (59, 8), (60, 7), (61, 13), (62, 22), (63, 62), (64, 16), (65, 59), (66, 77), (67, 48), (68, 79), (69, 32), (70, 33), (71, 55), (74, 46), (72, 39), (73, 69)]
og index list energy: 112535021.63621774
index_list: [(0, 0), (1, 1), (2, 2), (3, 3), (4, 4), (5, 5), (6, 6), (7, 7), (8, 8), (9, 9), (10, 10), (11, 11), (12, 12), (13, 13), (79, 76), (14, 14), (15, 15), (16, 16), (78, 74), (17, 17), (18, 18), (19, 19), (20, 20), (21, 21), (22, 22), (23, 23), (24, 24), (25, 25), (26, 26), (27, 27), (28, 28), (29, 29), (30, 30), (31, 31), (32, 32), (77, 49), (33, 33), (34, 34), (35, 35), (36, 36), (37, 37), (38, 38), (39, 39), (40, 40), (41, 41), (76, 79), (42, 42), (43, 43), (44, 44), (45, 45), (46, 46), (47, 47), (48, 48), (49, 75), (50, 50), (51, 51), (52, 52), (53, 53), (54, 54), (55, 55), (56, 56), (57, 57), (58, 58), (75, 77), (59, 59), (60, 60), (61, 61), (62, 62), (63, 63), (64, 64), (65, 65), (66, 66), (67, 67), (68, 68), (69, 69), (70, 70), (71, 71), (74, 78), (72, 72), (73, 73)]
index list: [0, 1, 2, 3, 4, 5, 6, 7, 8, 9, 10, 11, 12, 13, 76, 14, 15, 16, 74, 17, 18, 19, 20, 21, 22, 23, 24, 25, 26, 27, 28, 29, 30, 31, 32, 49, 33, 34, 35, 36, 37, 38, 39, 40, 41, 79, 42, 43, 44, 45, 46, 47, 48, 75, 50, 51, 52, 53, 54, 55, 56, 57, 58, 77, 59, 60, 61, 62, 63, 64, 65, 66, 67, 68, 69, 70, 71, 78, 72, 73]
index list energy: 98209.82393678775
Done


iterations: 10000000 temp: 1000000.0 exponent: 0.7 eif: 300.0
time taken (sec): 880.6487884521484
number of iterations: 10000000
og index list: [(0, 31), (1, 21), (2, 25), (3, 76), (4, 59), (5, 2), (6, 14), (7, 18), (8, 68), (9, 1), (10, 9), (11, 39), (12, 56), (13, 62), (79, 35), (14, 8), (15, 12), (16, 55), (78, 46), (17, 43), (18, 63), (19, 75), (20, 41), (21, 69), (22, 34), (23, 60), (24, 26), (25, 42), (26, 45), (27, 58), (28, 15), (29, 71), (30, 22), (31, 7), (32, 23), (77, 27), (33, 48), (34, 38), (35, 54), (36, 28), (37, 4), (38, 40), (39, 3), (40, 6), (41, 29), (76, 33), (42, 20), (43, 53), (44, 10), (45, 64), (46, 5), (47, 32), (48, 44), (49, 13), (50, 11), (51, 49), (52, 52), (53, 0), (54, 57), (55, 61), (56, 17), (57, 67), (58, 65), (75, 16), (59, 72), (60, 78), (61, 73), (62, 70), (63, 19), (64, 51), (65, 47), (66, 79), (67, 30), (68, 24), (69, 36), (70, 50), (71, 66), (74, 37), (72, 77), (73, 74)]
og index list energy: 110802011.82653268
index_list: [(0, 0), (1, 1), (2, 2), (3, 3), (4, 4), (5, 5), (6, 6), (7, 7), (8, 8), (9, 9), (10, 10), (11, 11), (12, 12), (13, 13), (79, 78), (14, 14), (15, 15), (16, 16), (78, 76), (17, 17), (18, 18), (19, 19), (20, 20), (21, 21), (22, 22), (23, 23), (24, 24), (25, 25), (26, 26), (27, 27), (28, 28), (29, 29), (30, 30), (31, 31), (32, 32), (77, 75), (33, 33), (34, 34), (35, 35), (36, 36), (37, 37), (38, 38), (39, 39), (40, 40), (41, 41), (76, 71), (42, 77), (43, 43), (44, 44), (45, 45), (46, 46), (47, 47), (48, 48), (49, 49), (50, 50), (51, 51), (52, 52), (53, 53), (54, 54), (55, 55), (56, 56), (57, 57), (58, 58), (75, 74), (59, 59), (60, 60), (61, 61), (62, 62), (63, 63), (64, 64), (65, 65), (66, 66), (67, 67), (68, 68), (69, 69), (70, 70), (71, 79), (74, 42), (72, 72), (73, 73)]
index list: [0, 1, 2, 3, 4, 5, 6, 7, 8, 9, 10, 11, 12, 13, 78, 14, 15, 16, 76, 17, 18, 19, 20, 21, 22, 23, 24, 25, 26, 27, 28, 29, 30, 31, 32, 75, 33, 34, 35, 36, 37, 38, 39, 40, 41, 71, 77, 43, 44, 45, 46, 47, 48, 49, 50, 51, 52, 53, 54, 55, 56, 57, 58, 74, 59, 60, 61, 62, 63, 64, 65, 66, 67, 68, 69, 70, 79, 42, 72, 73]
index list energy: 107771.95799597686
Done


iterations: 10000000 temp: 1000000.0 exponent: 0.7 eif: 300.0
time taken (sec): 849.6979911327362
number of iterations: 10000000
og index list: [(0, 35), (1, 56), (2, 74), (3, 77), (4, 50), (5, 7), (6, 30), (7, 4), (8, 68), (9, 64), (10, 21), (11, 32), (12, 38), (13, 72), (79, 17), (14, 44), (15, 6), (16, 27), (78, 58), (17, 5), (18, 66), (19, 42), (20, 23), (21, 3), (22, 37), (23, 8), (24, 54), (25, 51), (26, 65), (27, 11), (28, 31), (29, 48), (30, 41), (31, 59), (32, 71), (77, 14), (33, 10), (34, 61), (35, 73), (36, 16), (37, 43), (38, 28), (39, 24), (40, 78), (41, 26), (76, 33), (42, 57), (43, 60), (44, 62), (45, 63), (46, 70), (47, 18), (48, 19), (49, 40), (50, 2), (51, 20), (52, 75), (53, 22), (54, 79), (55, 15), (56, 25), (57, 45), (58, 12), (75, 34), (59, 0), (60, 9), (61, 47), (62, 55), (63, 52), (64, 1), (65, 69), (66, 49), (67, 46), (68, 13), (69, 67), (70, 76), (71, 39), (74, 53), (72, 29), (73, 36)]
og index list energy: 103182951.01081774
index_list: [(0, 72), (1, 1), (2, 2), (3, 3), (4, 4), (5, 5), (6, 6), (7, 7), (8, 8), (9, 9), (10, 10), (11, 11), (12, 75), (13, 43), (79, 44), (14, 45), (15, 16), (16, 76), (78, 42), (17, 17), (18, 18), (19, 19), (20, 20), (21, 21), (22, 22), (23, 23), (24, 24), (25, 25), (26, 26), (27, 27), (28, 28), (29, 29), (30, 30), (31, 31), (32, 32), (77, 78), (33, 33), (34, 34), (35, 35), (36, 36), (37, 37), (38, 38), (39, 39), (40, 40), (41, 41), (76, 0), (42, 73), (43, 77), (44, 12), (45, 13), (46, 46), (47, 47), (48, 48), (49, 74), (50, 50), (51, 51), (52, 52), (53, 53), (54, 54), (55, 55), (56, 56), (57, 57), (58, 58), (75, 49), (59, 59), (60, 60), (61, 61), (62, 62), (63, 63), (64, 64), (65, 65), (66, 66), (67, 67), (68, 68), (69, 69), (70, 70), (71, 71), (74, 79), (72, 14), (73, 15)]
index list: [72, 1, 2, 3, 4, 5, 6, 7, 8, 9, 10, 11, 75, 43, 44, 45, 16, 76, 42, 17, 18, 19, 20, 21, 22, 23, 24, 25, 26, 27, 28, 29, 30, 31, 32, 78, 33, 34, 35, 36, 37, 38, 39, 40, 41, 0, 73, 77, 12, 13, 46, 47, 48, 74, 50, 51, 52, 53, 54, 55, 56, 57, 58, 49, 59, 60, 61, 62, 63, 64, 65, 66, 67, 68, 69, 70, 71, 79, 14, 15]
index list energy: 170652.65891712217
Done


iterations: 10000000 temp: 1000000.0 exponent: 0.7 eif: 300.0
time taken (sec): 809.4677152633667
number of iterations: 10000000
og index list: [(0, 46), (1, 35), (2, 3), (3, 56), (4, 31), (5, 40), (6, 19), (7, 23), (8, 59), (9, 16), (10, 5), (11, 6), (12, 22), (13, 0), (79, 69), (14, 38), (15, 15), (16, 50), (78, 64), (17, 42), (18, 1), (19, 25), (20, 48), (21, 73), (22, 67), (23, 30), (24, 10), (25, 26), (26, 58), (27, 36), (28, 18), (29, 61), (30, 11), (31, 24), (32, 45), (77, 49), (33, 34), (34, 29), (35, 76), (36, 13), (37, 14), (38, 20), (39, 57), (40, 39), (41, 53), (76, 41), (42, 66), (43, 74), (44, 37), (45, 54), (46, 44), (47, 68), (48, 12), (49, 43), (50, 8), (51, 70), (52, 52), (53, 72), (54, 79), (55, 75), (56, 9), (57, 2), (58, 55), (75, 47), (59, 17), (60, 78), (61, 4), (62, 65), (63, 71), (64, 32), (65, 77), (66, 62), (67, 60), (68, 27), (69, 63), (70, 33), (71, 28), (74, 21), (72, 51), (73, 7)]
og index list energy: 102863467.10436006
index_list: [(0, 72), (1, 73), (2, 77), (3, 14), (4, 15), (5, 75), (6, 76), (7, 17), (8, 18), (9, 6), (10, 7), (11, 8), (12, 9), (13, 10), (79, 11), (14, 12), (15, 13), (16, 16), (78, 0), (17, 1), (18, 2), (19, 19), (20, 20), (21, 21), (22, 22), (23, 23), (24, 24), (25, 25), (26, 26), (27, 27), (28, 28), (29, 29), (30, 30), (31, 31), (32, 32), (77, 74), (33, 33), (34, 34), (35, 35), (36, 36), (37, 37), (38, 38), (39, 39), (40, 40), (41, 41), (76, 49), (42, 42), (43, 43), (44, 44), (45, 45), (46, 46), (47, 47), (48, 48), (49, 79), (50, 50), (51, 51), (52, 52), (53, 53), (54, 54), (55, 55), (56, 56), (57, 57), (58, 58), (75, 78), (59, 59), (60, 60), (61, 61), (62, 62), (63, 63), (64, 64), (65, 65), (66, 66), (67, 67), (68, 68), (69, 69), (70, 70), (71, 71), (74, 4), (72, 5), (73, 3)]
index list: [72, 73, 77, 14, 15, 75, 76, 17, 18, 6, 7, 8, 9, 10, 11, 12, 13, 16, 0, 1, 2, 19, 20, 21, 22, 23, 24, 25, 26, 27, 28, 29, 30, 31, 32, 74, 33, 34, 35, 36, 37, 38, 39, 40, 41, 49, 42, 43, 44, 45, 46, 47, 48, 79, 50, 51, 52, 53, 54, 55, 56, 57, 58, 78, 59, 60, 61, 62, 63, 64, 65, 66, 67, 68, 69, 70, 71, 4, 5, 3]
index list energy: 179373.05451120436
Done


iterations: 10000000 temp: 1000000.0 exponent: 0.7 eif: 300.0
time taken (sec): 875.2181749343872
number of iterations: 10000000
og index list: [(0, 14), (1, 5), (2, 3), (3, 66), (4, 11), (5, 52), (6, 73), (7, 54), (8, 58), (9, 47), (10, 51), (11, 35), (12, 39), (13, 65), (79, 22), (14, 77), (15, 55), (16, 2), (78, 61), (17, 69), (18, 67), (19, 19), (20, 44), (21, 48), (22, 49), (23, 42), (24, 71), (25, 41), (26, 29), (27, 59), (28, 17), (29, 32), (30, 26), (31, 1), (32, 27), (77, 7), (33, 23), (34, 46), (35, 16), (36, 68), (37, 10), (38, 33), (39, 20), (40, 56), (41, 36), (76, 24), (42, 72), (43, 75), (44, 4), (45, 63), (46, 62), (47, 25), (48, 60), (49, 37), (50, 28), (51, 38), (52, 43), (53, 50), (54, 74), (55, 78), (56, 40), (57, 13), (58, 0), (75, 12), (59, 30), (60, 76), (61, 53), (62, 31), (63, 9), (64, 6), (65, 64), (66, 45), (67, 79), (68, 15), (69, 21), (70, 8), (71, 18), (74, 70), (72, 57), (73, 34)]
og index list energy: 75198665.88099578
index_list: [(0, 0), (1, 1), (2, 2), (3, 3), (4, 4), (5, 5), (6, 6), (7, 7), (8, 8), (9, 9), (10, 10), (11, 11), (12, 12), (13, 13), (79, 75), (14, 14), (15, 15), (16, 16), (78, 76), (17, 17), (18, 18), (19, 19), (20, 20), (21, 21), (22, 22), (23, 23), (24, 24), (25, 25), (26, 26), (27, 27), (28, 28), (29, 29), (30, 30), (31, 31), (32, 32), (77, 79), (33, 33), (34, 34), (35, 35), (36, 36), (37, 37), (38, 38), (39, 39), (40, 40), (41, 41), (76, 49), (42, 42), (43, 43), (44, 44), (45, 45), (46, 46), (47, 47), (48, 48), (49, 78), (50, 50), (51, 51), (52, 52), (53, 53), (54, 54), (55, 55), (56, 56), (57, 57), (58, 58), (75, 74), (59, 59), (60, 60), (61, 61), (62, 62), (63, 63), (64, 64), (65, 65), (66, 66), (67, 67), (68, 68), (69, 69), (70, 70), (71, 71), (74, 77), (72, 72), (73, 73)]
index list: [0, 1, 2, 3, 4, 5, 6, 7, 8, 9, 10, 11, 12, 13, 75, 14, 15, 16, 76, 17, 18, 19, 20, 21, 22, 23, 24, 25, 26, 27, 28, 29, 30, 31, 32, 79, 33, 34, 35, 36, 37, 38, 39, 40, 41, 49, 42, 43, 44, 45, 46, 47, 48, 78, 50, 51, 52, 53, 54, 55, 56, 57, 58, 74, 59, 60, 61, 62, 63, 64, 65, 66, 67, 68, 69, 70, 71, 77, 72, 73]
index list energy: 98209.82393678775
Done


iterations: 10000000 temp: 1000000.0 exponent: 0.7 eif: 300.0
time taken (sec): 876.0527305603027
number of iterations: 10000000
og index list: [(0, 21), (1, 24), (2, 71), (3, 39), (4, 27), (5, 68), (6, 3), (7, 14), (8, 57), (9, 31), (10, 78), (11, 42), (12, 5), (13, 34), (79, 37), (14, 70), (15, 25), (16, 17), (78, 53), (17, 19), (18, 16), (19, 73), (20, 62), (21, 49), (22, 32), (23, 7), (24, 41), (25, 6), (26, 33), (27, 51), (28, 43), (29, 44), (30, 28), (31, 30), (32, 11), (77, 26), (33, 54), (34, 45), (35, 2), (36, 67), (37, 55), (38, 65), (39, 61), (40, 10), (41, 58), (76, 74), (42, 66), (43, 8), (44, 29), (45, 56), (46, 35), (47, 12), (48, 76), (49, 20), (50, 46), (51, 52), (52, 13), (53, 15), (54, 79), (55, 22), (56, 69), (57, 75), (58, 36), (75, 40), (59, 1), (60, 50), (61, 72), (62, 18), (63, 48), (64, 9), (65, 64), (66, 59), (67, 77), (68, 4), (69, 38), (70, 60), (71, 23), (74, 63), (72, 47), (73, 0)]
og index list energy: 135398544.704741
index_list: [(0, 0), (1, 1), (2, 2), (3, 3), (4, 4), (5, 5), (6, 6), (7, 7), (8, 8), (9, 9), (10, 10), (11, 11), (12, 12), (13, 13), (79, 77), (14, 14), (15, 15), (16, 16), (78, 78), (17, 17), (18, 18), (19, 19), (20, 20), (21, 21), (22, 22), (23, 23), (24, 24), (25, 25), (26, 26), (27, 27), (28, 28), (29, 29), (30, 30), (31, 31), (32, 32), (77, 79), (33, 33), (34, 34), (35, 35), (36, 36), (37, 37), (38, 38), (39, 39), (40, 40), (41, 41), (76, 74), (42, 42), (43, 43), (44, 44), (45, 45), (46, 46), (47, 47), (48, 48), (49, 75), (50, 50), (51, 51), (52, 52), (53, 53), (54, 54), (55, 55), (56, 56), (57, 57), (58, 58), (75, 49), (59, 59), (60, 60), (61, 61), (62, 62), (63, 63), (64, 64), (65, 65), (66, 66), (67, 67), (68, 68), (69, 69), (70, 70), (71, 71), (74, 76), (72, 72), (73, 73)]
index list: [0, 1, 2, 3, 4, 5, 6, 7, 8, 9, 10, 11, 12, 13, 77, 14, 15, 16, 78, 17, 18, 19, 20, 21, 22, 23, 24, 25, 26, 27, 28, 29, 30, 31, 32, 79, 33, 34, 35, 36, 37, 38, 39, 40, 41, 74, 42, 43, 44, 45, 46, 47, 48, 75, 50, 51, 52, 53, 54, 55, 56, 57, 58, 49, 59, 60, 61, 62, 63, 64, 65, 66, 67, 68, 69, 70, 71, 76, 72, 73]
index list energy: 98209.82393678775
Done


iterations: 10000000 temp: 1000000.0 exponent: 0.7 eif: 300.0
time taken (sec): 841.9997551441193
number of iterations: 10000000
og index list: [(0, 41), (1, 39), (2, 7), (3, 62), (4, 42), (5, 46), (6, 68), (7, 27), (8, 8), (9, 5), (10, 38), (11, 61), (12, 21), (13, 78), (79, 37), (14, 79), (15, 14), (16, 71), (78, 29), (17, 11), (18, 72), (19, 44), (20, 33), (21, 76), (22, 77), (23, 53), (24, 9), (25, 75), (26, 67), (27, 12), (28, 1), (29, 13), (30, 59), (31, 2), (32, 0), (77, 74), (33, 24), (34, 22), (35, 3), (36, 51), (37, 56), (38, 10), (39, 65), (40, 30), (41, 25), (76, 55), (42, 52), (43, 34), (44, 66), (45, 20), (46, 54), (47, 70), (48, 23), (49, 16), (50, 48), (51, 69), (52, 40), (53, 63), (54, 31), (55, 58), (56, 57), (57, 50), (58, 26), (75, 4), (59, 36), (60, 73), (61, 18), (62, 35), (63, 45), (64, 6), (65, 64), (66, 32), (67, 15), (68, 43), (69, 60), (70, 19), (71, 28), (74, 47), (72, 49), (73, 17)]
og index list energy: 100698555.69269533
index_list: [(0, 0), (1, 1), (2, 2), (3, 3), (4, 4), (5, 5), (6, 6), (7, 7), (8, 8), (9, 9), (10, 10), (11, 11), (12, 12), (13, 13), (79, 74), (14, 14), (15, 15), (16, 16), (78, 76), (17, 17), (18, 18), (19, 19), (20, 20), (21, 21), (22, 22), (23, 23), (24, 24), (25, 25), (26, 26), (27, 27), (28, 28), (29, 29), (30, 30), (31, 31), (32, 32), (77, 75), (33, 33), (34, 34), (35, 35), (36, 36), (37, 37), (38, 38), (39, 39), (40, 40), (41, 41), (76, 71), (42, 79), (43, 43), (44, 44), (45, 45), (46, 46), (47, 47), (48, 48), (49, 49), (50, 50), (51, 51), (52, 52), (53, 53), (54, 54), (55, 55), (56, 56), (57, 57), (58, 58), (75, 77), (59, 59), (60, 60), (61, 61), (62, 62), (63, 63), (64, 64), (65, 65), (66, 66), (67, 67), (68, 68), (69, 69), (70, 70), (71, 78), (74, 42), (72, 72), (73, 73)]
index list: [0, 1, 2, 3, 4, 5, 6, 7, 8, 9, 10, 11, 12, 13, 74, 14, 15, 16, 76, 17, 18, 19, 20, 21, 22, 23, 24, 25, 26, 27, 28, 29, 30, 31, 32, 75, 33, 34, 35, 36, 37, 38, 39, 40, 41, 71, 79, 43, 44, 45, 46, 47, 48, 49, 50, 51, 52, 53, 54, 55, 56, 57, 58, 77, 59, 60, 61, 62, 63, 64, 65, 66, 67, 68, 69, 70, 78, 42, 72, 73]
index list energy: 107771.95799597686
Done


iterations: 10000000 temp: 1000000.0 exponent: 0.7 eif: 300.0
time taken (sec): 810.5898132324219
number of iterations: 10000000
og index list: [(0, 75), (1, 42), (2, 1), (3, 53), (4, 66), (5, 69), (6, 44), (7, 4), (8, 54), (9, 13), (10, 8), (11, 50), (12, 35), (13, 61), (79, 6), (14, 64), (15, 2), (16, 76), (78, 77), (17, 59), (18, 62), (19, 3), (20, 60), (21, 32), (22, 15), (23, 30), (24, 26), (25, 74), (26, 11), (27, 70), (28, 17), (29, 23), (30, 79), (31, 78), (32, 56), (77, 68), (33, 14), (34, 55), (35, 48), (36, 72), (37, 52), (38, 41), (39, 10), (40, 58), (41, 12), (76, 40), (42, 67), (43, 57), (44, 21), (45, 0), (46, 38), (47, 36), (48, 18), (49, 27), (50, 46), (51, 20), (52, 5), (53, 25), (54, 73), (55, 28), (56, 47), (57, 51), (58, 71), (75, 43), (59, 37), (60, 16), (61, 29), (62, 31), (63, 22), (64, 34), (65, 24), (66, 39), (67, 19), (68, 33), (69, 9), (70, 45), (71, 65), (74, 7), (72, 63), (73, 49)]
og index list energy: 115118846.39983326
index_list: [(0, 72), (1, 1), (2, 2), (3, 3), (4, 4), (5, 5), (6, 6), (7, 7), (8, 8), (9, 9), (10, 10), (11, 11), (12, 12), (13, 13), (79, 78), (14, 17), (15, 18), (16, 16), (78, 0), (17, 73), (18, 76), (19, 19), (20, 20), (21, 21), (22, 22), (23, 23), (24, 24), (25, 25), (26, 26), (27, 27), (28, 28), (29, 29), (30, 30), (31, 31), (32, 32), (77, 74), (33, 33), (34, 34), (35, 35), (36, 36), (37, 37), (38, 38), (39, 39), (40, 40), (41, 41), (76, 77), (42, 42), (43, 43), (44, 44), (45, 45), (46, 46), (47, 47), (48, 48), (49, 75), (50, 15), (51, 51), (52, 52), (53, 53), (54, 54), (55, 55), (56, 56), (57, 57), (58, 58), (75, 49), (59, 59), (60, 60), (61, 61), (62, 62), (63, 63), (64, 64), (65, 65), (66, 66), (67, 67), (68, 68), (69, 69), (70, 70), (71, 71), (74, 50), (72, 79), (73, 14)]
index list: [72, 1, 2, 3, 4, 5, 6, 7, 8, 9, 10, 11, 12, 13, 78, 17, 18, 16, 0, 73, 76, 19, 20, 21, 22, 23, 24, 25, 26, 27, 28, 29, 30, 31, 32, 74, 33, 34, 35, 36, 37, 38, 39, 40, 41, 77, 42, 43, 44, 45, 46, 47, 48, 75, 15, 51, 52, 53, 54, 55, 56, 57, 58, 49, 59, 60, 61, 62, 63, 64, 65, 66, 67, 68, 69, 70, 71, 50, 79, 14]
index list energy: 178982.76280695142
Done


iterations: 10000000 temp: 1000000.0 exponent: 0.7 eif: 300.0
time taken (sec): 866.2863237857819
number of iterations: 10000000
og index list: [(0, 36), (1, 77), (2, 18), (3, 7), (4, 60), (5, 11), (6, 62), (7, 37), (8, 40), (9, 16), (10, 14), (11, 48), (12, 59), (13, 1), (79, 78), (14, 67), (15, 28), (16, 64), (78, 12), (17, 47), (18, 5), (19, 39), (20, 21), (21, 34), (22, 70), (23, 79), (24, 42), (25, 8), (26, 20), (27, 43), (28, 68), (29, 66), (30, 55), (31, 19), (32, 2), (77, 38), (33, 63), (34, 25), (35, 73), (36, 61), (37, 49), (38, 57), (39, 74), (40, 30), (41, 17), (76, 26), (42, 24), (43, 22), (44, 72), (45, 27), (46, 71), (47, 33), (48, 54), (49, 13), (50, 53), (51, 41), (52, 46), (53, 6), (54, 0), (55, 23), (56, 4), (57, 35), (58, 15), (75, 29), (59, 9), (60, 45), (61, 69), (62, 52), (63, 31), (64, 58), (65, 76), (66, 10), (67, 75), (68, 51), (69, 3), (70, 65), (71, 44), (74, 56), (72, 50), (73, 32)]
og index list energy: 121002305.63684824
index_list: [(0, 72), (1, 1), (2, 2), (3, 3), (4, 4), (5, 5), (6, 6), (7, 7), (8, 8), (9, 73), (10, 78), (11, 9), (12, 10), (13, 11), (79, 77), (14, 14), (15, 15), (16, 16), (78, 76), (17, 17), (18, 18), (19, 19), (20, 20), (21, 21), (22, 22), (23, 23), (24, 24), (25, 25), (26, 26), (27, 27), (28, 28), (29, 29), (30, 30), (31, 31), (32, 32), (77, 75), (33, 33), (34, 34), (35, 35), (36, 36), (37, 37), (38, 38), (39, 39), (40, 40), (41, 41), (76, 74), (42, 42), (43, 43), (44, 44), (45, 45), (46, 46), (47, 47), (48, 48), (49, 0), (50, 50), (51, 51), (52, 52), (53, 53), (54, 54), (55, 55), (56, 56), (57, 57), (58, 58), (75, 49), (59, 59), (60, 60), (61, 61), (62, 62), (63, 63), (64, 64), (65, 65), (66, 66), (67, 67), (68, 68), (69, 69), (70, 70), (71, 71), (74, 79), (72, 12), (73, 13)]
index list: [72, 1, 2, 3, 4, 5, 6, 7, 8, 73, 78, 9, 10, 11, 77, 14, 15, 16, 76, 17, 18, 19, 20, 21, 22, 23, 24, 25, 26, 27, 28, 29, 30, 31, 32, 75, 33, 34, 35, 36, 37, 38, 39, 40, 41, 74, 42, 43, 44, 45, 46, 47, 48, 0, 50, 51, 52, 53, 54, 55, 56, 57, 58, 49, 59, 60, 61, 62, 63, 64, 65, 66, 67, 68, 69, 70, 71, 79, 12, 13]
index list energy: 149956.79679883932
Done


iterations: 10000000 temp: 1000000.0 exponent: 0.7 eif: 300.0
time taken (sec): 869.1867506504059
number of iterations: 10000000
og index list: [(0, 46), (1, 7), (2, 77), (3, 5), (4, 51), (5, 54), (6, 41), (7, 65), (8, 26), (9, 40), (10, 43), (11, 28), (12, 10), (13, 63), (79, 60), (14, 59), (15, 27), (16, 25), (78, 13), (17, 53), (18, 78), (19, 22), (20, 0), (21, 30), (22, 56), (23, 55), (24, 15), (25, 50), (26, 42), (27, 24), (28, 64), (29, 32), (30, 38), (31, 17), (32, 58), (77, 31), (33, 45), (34, 70), (35, 52), (36, 74), (37, 8), (38, 1), (39, 29), (40, 44), (41, 67), (76, 35), (42, 49), (43, 20), (44, 57), (45, 75), (46, 61), (47, 73), (48, 62), (49, 47), (50, 2), (51, 11), (52, 6), (53, 3), (54, 19), (55, 79), (56, 18), (57, 21), (58, 14), (75, 4), (59, 76), (60, 68), (61, 23), (62, 39), (63, 72), (64, 34), (65, 16), (66, 69), (67, 36), (68, 37), (69, 71), (70, 33), (71, 48), (74, 66), (72, 12), (73, 9)]
og index list energy: 88264617.27568664
index_list: [(0, 0), (1, 1), (2, 2), (3, 3), (4, 4), (5, 5), (6, 6), (7, 7), (8, 8), (9, 9), (10, 10), (11, 11), (12, 12), (13, 13), (79, 76), (14, 14), (15, 15), (16, 16), (78, 75), (17, 17), (18, 18), (19, 19), (20, 20), (21, 21), (22, 22), (23, 23), (24, 24), (25, 25), (26, 26), (27, 27), (28, 28), (29, 29), (30, 30), (31, 31), (32, 32), (77, 78), (33, 33), (34, 34), (35, 35), (36, 36), (37, 37), (38, 38), (39, 39), (40, 40), (41, 41), (76, 49), (42, 42), (43, 43), (44, 44), (45, 45), (46, 46), (47, 47), (48, 48), (49, 77), (50, 50), (51, 51), (52, 52), (53, 53), (54, 54), (55, 55), (56, 56), (57, 57), (58, 58), (75, 79), (59, 59), (60, 60), (61, 61), (62, 62), (63, 63), (64, 64), (65, 65), (66, 66), (67, 67), (68, 68), (69, 69), (70, 70), (71, 71), (74, 74), (72, 72), (73, 73)]
index list: [0, 1, 2, 3, 4, 5, 6, 7, 8, 9, 10, 11, 12, 13, 76, 14, 15, 16, 75, 17, 18, 19, 20, 21, 22, 23, 24, 25, 26, 27, 28, 29, 30, 31, 32, 78, 33, 34, 35, 36, 37, 38, 39, 40, 41, 49, 42, 43, 44, 45, 46, 47, 48, 77, 50, 51, 52, 53, 54, 55, 56, 57, 58, 79, 59, 60, 61, 62, 63, 64, 65, 66, 67, 68, 69, 70, 71, 74, 72, 73]
index list energy: 98209.82393678775
Done


iterations: 10000000 temp: 1000000.0 exponent: 0.7 eif: 300.0
time taken (sec): 827.0161910057068
number of iterations: 10000000
og index list: [(0, 64), (1, 29), (2, 11), (3, 54), (4, 53), (5, 27), (6, 15), (7, 22), (8, 49), (9, 60), (10, 68), (11, 46), (12, 4), (13, 16), (79, 25), (14, 63), (15, 1), (16, 39), (78, 55), (17, 65), (18, 24), (19, 77), (20, 42), (21, 38), (22, 57), (23, 7), (24, 5), (25, 61), (26, 34), (27, 19), (28, 28), (29, 44), (30, 67), (31, 75), (32, 79), (77, 73), (33, 76), (34, 23), (35, 40), (36, 18), (37, 66), (38, 43), (39, 41), (40, 20), (41, 26), (76, 12), (42, 71), (43, 31), (44, 56), (45, 50), (46, 70), (47, 52), (48, 48), (49, 47), (50, 45), (51, 17), (52, 14), (53, 2), (54, 72), (55, 10), (56, 33), (57, 0), (58, 13), (75, 6), (59, 3), (60, 37), (61, 69), (62, 36), (63, 8), (64, 30), (65, 62), (66, 21), (67, 59), (68, 58), (69, 32), (70, 74), (71, 51), (74, 78), (72, 9), (73, 35)]
og index list energy: 104715874.28743218
index_list: [(0, 43), (1, 1), (2, 2), (3, 3), (4, 4), (5, 5), (6, 6), (7, 7), (8, 8), (9, 9), (10, 10), (11, 11), (12, 12), (13, 13), (79, 75), (14, 14), (15, 15), (16, 16), (78, 79), (17, 17), (18, 18), (19, 19), (20, 20), (21, 21), (22, 22), (23, 23), (24, 24), (25, 25), (26, 26), (27, 27), (28, 28), (29, 29), (30, 30), (31, 31), (32, 77), (77, 42), (33, 33), (34, 34), (35, 35), (36, 36), (37, 37), (38, 38), (39, 39), (40, 40), (41, 41), (76, 76), (42, 32), (43, 74), (44, 44), (45, 45), (46, 46), (47, 47), (48, 48), (49, 0), (50, 50), (51, 51), (52, 52), (53, 53), (54, 54), (55, 55), (56, 56), (57, 57), (58, 58), (75, 78), (59, 59), (60, 60), (61, 61), (62, 62), (63, 63), (64, 64), (65, 65), (66, 66), (67, 67), (68, 68), (69, 69), (70, 70), (71, 71), (74, 49), (72, 72), (73, 73)]
index list: [43, 1, 2, 3, 4, 5, 6, 7, 8, 9, 10, 11, 12, 13, 75, 14, 15, 16, 79, 17, 18, 19, 20, 21, 22, 23, 24, 25, 26, 27, 28, 29, 30, 31, 77, 42, 33, 34, 35, 36, 37, 38, 39, 40, 41, 76, 32, 74, 44, 45, 46, 47, 48, 0, 50, 51, 52, 53, 54, 55, 56, 57, 58, 78, 59, 60, 61, 62, 63, 64, 65, 66, 67, 68, 69, 70, 71, 49, 72, 73]
index list energy: 132470.00517148053
Done


iterations: 10000000 temp: 1000000.0 exponent: 0.7 eif: 300.0
time taken (sec): 864.8346955776215
number of iterations: 10000000
og index list: [(0, 40), (1, 45), (2, 72), (3, 18), (4, 46), (5, 74), (6, 7), (7, 6), (8, 16), (9, 12), (10, 1), (11, 79), (12, 55), (13, 47), (79, 25), (14, 34), (15, 4), (16, 69), (78, 75), (17, 30), (18, 9), (19, 2), (20, 28), (21, 33), (22, 60), (23, 3), (24, 50), (25, 43), (26, 48), (27, 37), (28, 26), (29, 32), (30, 44), (31, 54), (32, 39), (77, 13), (33, 42), (34, 36), (35, 59), (36, 41), (37, 63), (38, 64), (39, 62), (40, 8), (41, 56), (76, 24), (42, 70), (43, 78), (44, 52), (45, 71), (46, 73), (47, 51), (48, 27), (49, 10), (50, 21), (51, 53), (52, 19), (53, 76), (54, 22), (55, 38), (56, 5), (57, 11), (58, 0), (75, 14), (59, 66), (60, 20), (61, 67), (62, 58), (63, 29), (64, 35), (65, 61), (66, 23), (67, 49), (68, 77), (69, 65), (70, 57), (71, 17), (74, 68), (72, 31), (73, 15)]
og index list energy: 113027986.28312527
index_list: [(0, 0), (1, 1), (2, 2), (3, 3), (4, 4), (5, 5), (6, 6), (7, 7), (8, 8), (9, 9), (10, 10), (11, 11), (12, 12), (13, 13), (79, 79), (14, 14), (15, 15), (16, 16), (78, 49), (17, 17), (18, 18), (19, 19), (20, 20), (21, 21), (22, 22), (23, 23), (24, 24), (25, 25), (26, 26), (27, 27), (28, 28), (29, 29), (30, 30), (31, 31), (32, 32), (77, 75), (33, 33), (34, 34), (35, 35), (36, 36), (37, 37), (38, 38), (39, 39), (40, 40), (41, 41), (76, 76), (42, 42), (43, 43), (44, 44), (45, 45), (46, 46), (47, 47), (48, 48), (49, 77), (50, 50), (51, 51), (52, 52), (53, 53), (54, 54), (55, 55), (56, 56), (57, 57), (58, 58), (75, 74), (59, 59), (60, 60), (61, 61), (62, 62), (63, 63), (64, 64), (65, 65), (66, 66), (67, 67), (68, 68), (69, 69), (70, 70), (71, 71), (74, 78), (72, 72), (73, 73)]
index list: [0, 1, 2, 3, 4, 5, 6, 7, 8, 9, 10, 11, 12, 13, 79, 14, 15, 16, 49, 17, 18, 19, 20, 21, 22, 23, 24, 25, 26, 27, 28, 29, 30, 31, 32, 75, 33, 34, 35, 36, 37, 38, 39, 40, 41, 76, 42, 43, 44, 45, 46, 47, 48, 77, 50, 51, 52, 53, 54, 55, 56, 57, 58, 74, 59, 60, 61, 62, 63, 64, 65, 66, 67, 68, 69, 70, 71, 78, 72, 73]
index list energy: 98209.82393678775
Done


iterations: 10000000 temp: 1000000.0 exponent: 0.7 eif: 300.0
time taken (sec): 830.6820521354675
number of iterations: 10000000
og index list: [(0, 35), (1, 72), (2, 39), (3, 18), (4, 62), (5, 41), (6, 14), (7, 36), (8, 58), (9, 17), (10, 55), (11, 22), (12, 12), (13, 63), (79, 76), (14, 43), (15, 3), (16, 68), (78, 13), (17, 15), (18, 8), (19, 16), (20, 51), (21, 67), (22, 69), (23, 20), (24, 30), (25, 32), (26, 78), (27, 70), (28, 46), (29, 48), (30, 25), (31, 0), (32, 40), (77, 45), (33, 79), (34, 34), (35, 23), (36, 19), (37, 1), (38, 61), (39, 28), (40, 73), (41, 9), (76, 64), (42, 29), (43, 77), (44, 53), (45, 44), (46, 42), (47, 26), (48, 74), (49, 66), (50, 31), (51, 6), (52, 21), (53, 56), (54, 47), (55, 5), (56, 50), (57, 24), (58, 7), (75, 57), (59, 75), (60, 49), (61, 37), (62, 4), (63, 60), (64, 52), (65, 27), (66, 71), (67, 10), (68, 65), (69, 38), (70, 59), (71, 54), (74, 33), (72, 2), (73, 11)]
og index list energy: 115038660.4973692
index_list: [(0, 72), (1, 1), (2, 2), (3, 0), (4, 73), (5, 75), (6, 6), (7, 7), (8, 8), (9, 9), (10, 10), (11, 11), (12, 12), (13, 13), (79, 49), (14, 14), (15, 15), (16, 16), (78, 74), (17, 17), (18, 18), (19, 19), (20, 20), (21, 21), (22, 22), (23, 23), (24, 24), (25, 25), (26, 26), (27, 27), (28, 28), (29, 29), (30, 30), (31, 31), (32, 32), (77, 77), (33, 33), (34, 34), (35, 35), (36, 36), (37, 37), (38, 38), (39, 39), (40, 40), (41, 41), (76, 79), (42, 42), (43, 43), (44, 44), (45, 45), (46, 46), (47, 47), (48, 48), (49, 78), (50, 50), (51, 51), (52, 52), (53, 53), (54, 54), (55, 55), (56, 56), (57, 57), (58, 58), (75, 76), (59, 59), (60, 60), (61, 61), (62, 62), (63, 63), (64, 64), (65, 65), (66, 66), (67, 67), (68, 68), (69, 69), (70, 70), (71, 71), (74, 4), (72, 5), (73, 3)]
index list: [72, 1, 2, 0, 73, 75, 6, 7, 8, 9, 10, 11, 12, 13, 49, 14, 15, 16, 74, 17, 18, 19, 20, 21, 22, 23, 24, 25, 26, 27, 28, 29, 30, 31, 32, 77, 33, 34, 35, 36, 37, 38, 39, 40, 41, 79, 42, 43, 44, 45, 46, 47, 48, 78, 50, 51, 52, 53, 54, 55, 56, 57, 58, 76, 59, 60, 61, 62, 63, 64, 65, 66, 67, 68, 69, 70, 71, 4, 5, 3]
index list energy: 121336.90490276847
Done


iterations: 10000000 temp: 1000000.0 exponent: 0.7 eif: 300.0
time taken (sec): 863.5837740898132
number of iterations: 10000000
og index list: [(0, 79), (1, 60), (2, 39), (3, 30), (4, 62), (5, 25), (6, 24), (7, 33), (8, 64), (9, 56), (10, 45), (11, 34), (12, 71), (13, 70), (79, 29), (14, 76), (15, 49), (16, 72), (78, 2), (17, 31), (18, 22), (19, 58), (20, 19), (21, 9), (22, 18), (23, 11), (24, 26), (25, 68), (26, 66), (27, 53), (28, 28), (29, 57), (30, 69), (31, 67), (32, 59), (77, 10), (33, 36), (34, 55), (35, 17), (36, 38), (37, 73), (38, 40), (39, 0), (40, 42), (41, 78), (76, 41), (42, 43), (43, 16), (44, 6), (45, 3), (46, 75), (47, 12), (48, 21), (49, 52), (50, 27), (51, 61), (52, 23), (53, 1), (54, 47), (55, 74), (56, 50), (57, 54), (58, 44), (75, 63), (59, 65), (60, 32), (61, 15), (62, 48), (63, 77), (64, 5), (65, 8), (66, 37), (67, 20), (68, 7), (69, 46), (70, 4), (71, 51), (74, 35), (72, 14), (73, 13)]
og index list energy: 119130492.41015424
index_list: [(0, 0), (1, 1), (2, 2), (3, 3), (4, 4), (5, 5), (6, 6), (7, 7), (8, 8), (9, 9), (10, 10), (11, 11), (12, 12), (13, 13), (79, 74), (14, 14), (15, 15), (16, 16), (78, 76), (17, 17), (18, 18), (19, 19), (20, 20), (21, 21), (22, 22), (23, 23), (24, 24), (25, 25), (26, 26), (27, 27), (28, 28), (29, 29), (30, 30), (31, 31), (32, 32), (77, 78), (33, 33), (34, 34), (35, 35), (36, 36), (37, 37), (38, 38), (39, 39), (40, 40), (41, 41), (76, 49), (42, 42), (43, 43), (44, 44), (45, 45), (46, 46), (47, 47), (48, 48), (49, 79), (50, 50), (51, 51), (52, 52), (53, 53), (54, 54), (55, 55), (56, 56), (57, 57), (58, 58), (75, 75), (59, 59), (60, 60), (61, 61), (62, 62), (63, 63), (64, 64), (65, 65), (66, 66), (67, 67), (68, 68), (69, 69), (70, 70), (71, 71), (74, 77), (72, 72), (73, 73)]
index list: [0, 1, 2, 3, 4, 5, 6, 7, 8, 9, 10, 11, 12, 13, 74, 14, 15, 16, 76, 17, 18, 19, 20, 21, 22, 23, 24, 25, 26, 27, 28, 29, 30, 31, 32, 78, 33, 34, 35, 36, 37, 38, 39, 40, 41, 49, 42, 43, 44, 45, 46, 47, 48, 79, 50, 51, 52, 53, 54, 55, 56, 57, 58, 75, 59, 60, 61, 62, 63, 64, 65, 66, 67, 68, 69, 70, 71, 77, 72, 73]
index list energy: 98209.82393678775
Done


iterations: 10000000 temp: 1000000.0 exponent: 0.7 eif: 300.0
time taken (sec): 800.0559570789337
number of iterations: 10000000
og index list: [(0, 74), (1, 46), (2, 25), (3, 31), (4, 26), (5, 49), (6, 57), (7, 28), (8, 68), (9, 19), (10, 14), (11, 52), (12, 22), (13, 66), (79, 76), (14, 8), (15, 5), (16, 2), (78, 13), (17, 45), (18, 61), (19, 15), (20, 78), (21, 65), (22, 48), (23, 36), (24, 35), (25, 71), (26, 44), (27, 32), (28, 59), (29, 30), (30, 60), (31, 7), (32, 16), (77, 42), (33, 3), (34, 37), (35, 79), (36, 51), (37, 33), (38, 11), (39, 67), (40, 58), (41, 34), (76, 53), (42, 29), (43, 1), (44, 17), (45, 70), (46, 77), (47, 41), (48, 27), (49, 69), (50, 56), (51, 75), (52, 23), (53, 64), (54, 38), (55, 47), (56, 62), (57, 63), (58, 0), (75, 4), (59, 18), (60, 20), (61, 72), (62, 55), (63, 43), (64, 24), (65, 21), (66, 50), (67, 9), (68, 12), (69, 40), (70, 73), (71, 54), (74, 10), (72, 6), (73, 39)]
og index list energy: 102153748.7570114
index_list: [(0, 72), (1, 1), (2, 2), (3, 3), (4, 4), (5, 5), (6, 6), (7, 7), (8, 8), (9, 9), (10, 10), (11, 11), (12, 12), (13, 13), (79, 32), (14, 74), (15, 43), (16, 77), (78, 42), (17, 17), (18, 18), (19, 19), (20, 20), (21, 21), (22, 22), (23, 23), (24, 24), (25, 25), (26, 26), (27, 27), (28, 28), (29, 29), (30, 30), (31, 31), (32, 44), (77, 45), (33, 36), (34, 34), (35, 79), (36, 33), (37, 37), (38, 38), (39, 39), (40, 40), (41, 41), (76, 0), (42, 73), (43, 75), (44, 14), (45, 15), (46, 46), (47, 47), (48, 48), (49, 49), (50, 50), (51, 51), (52, 52), (53, 53), (54, 54), (55, 55), (56, 56), (57, 57), (58, 58), (75, 78), (59, 59), (60, 60), (61, 61), (62, 62), (63, 63), (64, 64), (65, 65), (66, 66), (67, 67), (68, 68), (69, 69), (70, 70), (71, 71), (74, 76), (72, 35), (73, 16)]
index list: [72, 1, 2, 3, 4, 5, 6, 7, 8, 9, 10, 11, 12, 13, 32, 74, 43, 77, 42, 17, 18, 19, 20, 21, 22, 23, 24, 25, 26, 27, 28, 29, 30, 31, 44, 45, 36, 34, 79, 33, 37, 38, 39, 40, 41, 0, 73, 75, 14, 15, 46, 47, 48, 49, 50, 51, 52, 53, 54, 55, 56, 57, 58, 78, 59, 60, 61, 62, 63, 64, 65, 66, 67, 68, 69, 70, 71, 76, 35, 16]
index list energy: 215436.81689249058
Done


iterations: 10000000 temp: 1000000.0 exponent: 0.7 eif: 300.0
time taken (sec): 843.1310296058655
number of iterations: 10000000
og index list: [(0, 15), (1, 68), (2, 31), (3, 60), (4, 1), (5, 26), (6, 74), (7, 52), (8, 27), (9, 25), (10, 63), (11, 61), (12, 64), (13, 2), (79, 67), (14, 33), (15, 8), (16, 42), (78, 4), (17, 48), (18, 11), (19, 3), (20, 46), (21, 59), (22, 71), (23, 41), (24, 77), (25, 43), (26, 13), (27, 50), (28, 58), (29, 0), (30, 79), (31, 30), (32, 70), (77, 10), (33, 37), (34, 45), (35, 16), (36, 76), (37, 9), (38, 55), (39, 62), (40, 44), (41, 72), (76, 73), (42, 54), (43, 17), (44, 28), (45, 24), (46, 29), (47, 69), (48, 6), (49, 40), (50, 36), (51, 39), (52, 21), (53, 47), (54, 23), (55, 32), (56, 20), (57, 66), (58, 14), (75, 19), (59, 18), (60, 78), (61, 34), (62, 22), (63, 49), (64, 65), (65, 35), (66, 56), (67, 75), (68, 5), (69, 38), (70, 7), (71, 53), (74, 12), (72, 57), (73, 51)]
og index list energy: 79825826.0400088
index_list: [(0, 0), (1, 1), (2, 2), (3, 3), (4, 4), (5, 5), (6, 6), (7, 7), (8, 8), (9, 9), (10, 10), (11, 11), (12, 12), (13, 13), (79, 77), (14, 14), (15, 15), (16, 16), (78, 78), (17, 17), (18, 18), (19, 19), (20, 20), (21, 21), (22, 22), (23, 23), (24, 24), (25, 25), (26, 26), (27, 27), (28, 28), (29, 29), (30, 30), (31, 31), (32, 32), (77, 76), (33, 33), (34, 34), (35, 35), (36, 36), (37, 37), (38, 38), (39, 39), (40, 40), (41, 41), (76, 71), (42, 75), (43, 43), (44, 44), (45, 45), (46, 46), (47, 47), (48, 48), (49, 49), (50, 50), (51, 51), (52, 52), (53, 53), (54, 54), (55, 55), (56, 56), (57, 57), (58, 58), (75, 74), (59, 59), (60, 60), (61, 61), (62, 62), (63, 63), (64, 64), (65, 65), (66, 66), (67, 67), (68, 68), (69, 69), (70, 70), (71, 79), (74, 42), (72, 72), (73, 73)]
index list: [0, 1, 2, 3, 4, 5, 6, 7, 8, 9, 10, 11, 12, 13, 77, 14, 15, 16, 78, 17, 18, 19, 20, 21, 22, 23, 24, 25, 26, 27, 28, 29, 30, 31, 32, 76, 33, 34, 35, 36, 37, 38, 39, 40, 41, 71, 75, 43, 44, 45, 46, 47, 48, 49, 50, 51, 52, 53, 54, 55, 56, 57, 58, 74, 59, 60, 61, 62, 63, 64, 65, 66, 67, 68, 69, 70, 79, 42, 72, 73]
index list energy: 107771.95799597686
Done


iterations: 10000000 temp: 1000000.0 exponent: 0.7 eif: 300.0
time taken (sec): 769.2820401191711
number of iterations: 10000000
og index list: [(0, 60), (1, 8), (2, 31), (3, 5), (4, 51), (5, 6), (6, 12), (7, 25), (8, 32), (9, 15), (10, 78), (11, 56), (12, 21), (13, 70), (79, 23), (14, 0), (15, 38), (16, 13), (78, 62), (17, 39), (18, 37), (19, 47), (20, 36), (21, 55), (22, 69), (23, 72), (24, 50), (25, 33), (26, 64), (27, 74), (28, 26), (29, 44), (30, 77), (31, 40), (32, 58), (77, 43), (33, 52), (34, 59), (35, 79), (36, 35), (37, 63), (38, 73), (39, 22), (40, 71), (41, 68), (76, 42), (42, 46), (43, 17), (44, 9), (45, 14), (46, 20), (47, 48), (48, 41), (49, 18), (50, 76), (51, 29), (52, 53), (53, 61), (54, 2), (55, 65), (56, 28), (57, 4), (58, 30), (75, 57), (59, 49), (60, 54), (61, 75), (62, 45), (63, 66), (64, 24), (65, 11), (66, 1), (67, 10), (68, 19), (69, 16), (70, 67), (71, 34), (74, 3), (72, 7), (73, 27)]
og index list energy: 105014299.75132032
index_list: [(0, 2), (1, 16), (2, 12), (3, 13), (4, 78), (5, 42), (6, 70), (7, 75), (8, 72), (9, 73), (10, 76), (11, 9), (12, 10), (13, 11), (79, 0), (14, 6), (15, 7), (16, 8), (78, 69), (17, 17), (18, 18), (19, 19), (20, 20), (21, 21), (22, 22), (23, 23), (24, 24), (25, 25), (26, 26), (27, 27), (28, 28), (29, 29), (30, 30), (31, 31), (32, 32), (77, 79), (33, 33), (34, 34), (35, 35), (36, 36), (37, 37), (38, 38), (39, 39), (40, 40), (41, 41), (76, 71), (42, 74), (43, 43), (44, 44), (45, 45), (46, 46), (47, 47), (48, 48), (49, 77), (50, 50), (51, 51), (52, 52), (53, 53), (54, 54), (55, 55), (56, 56), (57, 57), (58, 58), (75, 49), (59, 59), (60, 60), (61, 61), (62, 62), (63, 63), (64, 64), (65, 65), (66, 66), (67, 67), (68, 68), (69, 14), (70, 15), (71, 3), (74, 4), (72, 5), (73, 1)]
index list: [2, 16, 12, 13, 78, 42, 70, 75, 72, 73, 76, 9, 10, 11, 0, 6, 7, 8, 69, 17, 18, 19, 20, 21, 22, 23, 24, 25, 26, 27, 28, 29, 30, 31, 32, 79, 33, 34, 35, 36, 37, 38, 39, 40, 41, 71, 74, 43, 44, 45, 46, 47, 48, 77, 50, 51, 52, 53, 54, 55, 56, 57, 58, 49, 59, 60, 61, 62, 63, 64, 65, 66, 67, 68, 14, 15, 3, 4, 5, 1]
index list energy: 291836.712812658
Done


iterations: 10000000 temp: 1000000.0 exponent: 0.7 eif: 300.0
time taken (sec): 873.8521420955658
number of iterations: 10000000
og index list: [(0, 65), (1, 8), (2, 9), (3, 52), (4, 31), (5, 14), (6, 63), (7, 50), (8, 22), (9, 69), (10, 32), (11, 2), (12, 6), (13, 45), (79, 42), (14, 24), (15, 78), (16, 0), (78, 62), (17, 10), (18, 55), (19, 15), (20, 35), (21, 28), (22, 75), (23, 41), (24, 48), (25, 19), (26, 44), (27, 18), (28, 37), (29, 76), (30, 77), (31, 64), (32, 1), (77, 12), (33, 7), (34, 21), (35, 40), (36, 68), (37, 5), (38, 43), (39, 17), (40, 54), (41, 11), (76, 70), (42, 58), (43, 61), (44, 33), (45, 66), (46, 38), (47, 74), (48, 26), (49, 25), (50, 16), (51, 20), (52, 51), (53, 46), (54, 3), (55, 39), (56, 59), (57, 49), (58, 4), (75, 79), (59, 29), (60, 71), (61, 57), (62, 13), (63, 36), (64, 27), (65, 73), (66, 72), (67, 23), (68, 56), (69, 67), (70, 34), (71, 30), (74, 53), (72, 47), (73, 60)]
og index list energy: 141064416.0439251
index_list: [(0, 0), (1, 1), (2, 2), (3, 3), (4, 4), (5, 5), (6, 6), (7, 7), (8, 8), (9, 9), (10, 10), (11, 11), (12, 12), (13, 13), (79, 74), (14, 14), (15, 15), (16, 16), (78, 75), (17, 17), (18, 18), (19, 19), (20, 20), (21, 21), (22, 22), (23, 23), (24, 24), (25, 25), (26, 26), (27, 27), (28, 28), (29, 29), (30, 30), (31, 31), (32, 32), (77, 77), (33, 33), (34, 34), (35, 35), (36, 36), (37, 37), (38, 38), (39, 39), (40, 40), (41, 41), (76, 79), (42, 42), (43, 43), (44, 44), (45, 45), (46, 46), (47, 47), (48, 48), (49, 76), (50, 50), (51, 51), (52, 52), (53, 53), (54, 54), (55, 55), (56, 56), (57, 57), (58, 58), (75, 49), (59, 59), (60, 60), (61, 61), (62, 62), (63, 63), (64, 64), (65, 65), (66, 66), (67, 67), (68, 68), (69, 69), (70, 70), (71, 71), (74, 78), (72, 72), (73, 73)]
index list: [0, 1, 2, 3, 4, 5, 6, 7, 8, 9, 10, 11, 12, 13, 74, 14, 15, 16, 75, 17, 18, 19, 20, 21, 22, 23, 24, 25, 26, 27, 28, 29, 30, 31, 32, 77, 33, 34, 35, 36, 37, 38, 39, 40, 41, 79, 42, 43, 44, 45, 46, 47, 48, 76, 50, 51, 52, 53, 54, 55, 56, 57, 58, 49, 59, 60, 61, 62, 63, 64, 65, 66, 67, 68, 69, 70, 71, 78, 72, 73]
index list energy: 98209.82393678775
Done


iterations: 10000000 temp: 1000000.0 exponent: 0.7 eif: 300.0
time taken (sec): 861.59539103508
number of iterations: 10000000
og index list: [(0, 79), (1, 57), (2, 55), (3, 25), (4, 29), (5, 8), (6, 61), (7, 46), (8, 14), (9, 7), (10, 11), (11, 4), (12, 75), (13, 73), (79, 21), (14, 56), (15, 12), (16, 20), (78, 1), (17, 66), (18, 17), (19, 48), (20, 70), (21, 65), (22, 6), (23, 53), (24, 63), (25, 40), (26, 43), (27, 72), (28, 45), (29, 50), (30, 39), (31, 38), (32, 60), (77, 58), (33, 35), (34, 71), (35, 77), (36, 36), (37, 49), (38, 23), (39, 44), (40, 51), (41, 68), (76, 19), (42, 13), (43, 26), (44, 37), (45, 64), (46, 2), (47, 3), (48, 42), (49, 67), (50, 10), (51, 32), (52, 5), (53, 31), (54, 33), (55, 0), (56, 62), (57, 74), (58, 9), (75, 15), (59, 27), (60, 34), (61, 69), (62, 47), (63, 54), (64, 18), (65, 16), (66, 76), (67, 52), (68, 22), (69, 24), (70, 41), (71, 28), (74, 59), (72, 30), (73, 78)]
og index list energy: 83940846.3625426
index_list: [(0, 0), (1, 1), (2, 2), (3, 3), (4, 4), (5, 5), (6, 6), (7, 7), (8, 8), (9, 9), (10, 10), (11, 11), (12, 12), (13, 13), (79, 77), (14, 14), (15, 15), (16, 16), (78, 75), (17, 17), (18, 18), (19, 19), (20, 20), (21, 21), (22, 22), (23, 23), (24, 24), (25, 25), (26, 26), (27, 27), (28, 28), (29, 29), (30, 30), (31, 31), (32, 32), (77, 76), (33, 33), (34, 34), (35, 35), (36, 36), (37, 37), (38, 38), (39, 39), (40, 40), (41, 41), (76, 78), (42, 42), (43, 43), (44, 44), (45, 45), (46, 46), (47, 47), (48, 48), (49, 74), (50, 50), (51, 51), (52, 52), (53, 53), (54, 54), (55, 55), (56, 56), (57, 57), (58, 58), (75, 49), (59, 59), (60, 60), (61, 61), (62, 62), (63, 63), (64, 64), (65, 65), (66, 66), (67, 67), (68, 68), (69, 69), (70, 70), (71, 71), (74, 79), (72, 72), (73, 73)]
index list: [0, 1, 2, 3, 4, 5, 6, 7, 8, 9, 10, 11, 12, 13, 77, 14, 15, 16, 75, 17, 18, 19, 20, 21, 22, 23, 24, 25, 26, 27, 28, 29, 30, 31, 32, 76, 33, 34, 35, 36, 37, 38, 39, 40, 41, 78, 42, 43, 44, 45, 46, 47, 48, 74, 50, 51, 52, 53, 54, 55, 56, 57, 58, 49, 59, 60, 61, 62, 63, 64, 65, 66, 67, 68, 69, 70, 71, 79, 72, 73]
index list energy: 98209.82393678775
Done


iterations: 10000000 temp: 1000000.0 exponent: 0.7 eif: 300.0
time taken (sec): 806.3428890705109
number of iterations: 10000000
og index list: [(0, 53), (1, 9), (2, 20), (3, 58), (4, 38), (5, 28), (6, 35), (7, 48), (8, 1), (9, 56), (10, 11), (11, 27), (12, 8), (13, 29), (79, 47), (14, 49), (15, 14), (16, 73), (78, 10), (17, 21), (18, 40), (19, 26), (20, 62), (21, 5), (22, 44), (23, 2), (24, 60), (25, 16), (26, 41), (27, 55), (28, 33), (29, 22), (30, 45), (31, 54), (32, 37), (77, 30), (33, 25), (34, 18), (35, 19), (36, 52), (37, 61), (38, 67), (39, 72), (40, 76), (41, 69), (76, 32), (42, 24), (43, 74), (44, 50), (45, 7), (46, 63), (47, 17), (48, 70), (49, 0), (50, 42), (51, 66), (52, 57), (53, 23), (54, 39), (55, 64), (56, 3), (57, 65), (58, 75), (75, 36), (59, 71), (60, 46), (61, 43), (62, 12), (63, 77), (64, 13), (65, 51), (66, 79), (67, 15), (68, 78), (69, 68), (70, 34), (71, 6), (74, 4), (72, 59), (73, 31)]
og index list energy: 124793725.79661253
index_list: [(0, 72), (1, 1), (2, 2), (3, 3), (4, 4), (5, 5), (6, 6), (7, 7), (8, 8), (9, 9), (10, 10), (11, 11), (12, 12), (13, 13), (79, 0), (14, 73), (15, 77), (16, 42), (78, 49), (17, 17), (18, 18), (19, 19), (20, 20), (21, 21), (22, 22), (23, 23), (24, 24), (25, 25), (26, 26), (27, 27), (28, 28), (29, 29), (30, 30), (31, 31), (32, 32), (77, 78), (33, 33), (34, 34), (35, 35), (36, 36), (37, 37), (38, 38), (39, 39), (40, 40), (41, 41), (76, 71), (42, 74), (43, 43), (44, 44), (45, 45), (46, 46), (47, 47), (48, 48), (49, 79), (50, 50), (51, 51), (52, 52), (53, 53), (54, 54), (55, 55), (56, 56), (57, 57), (58, 58), (75, 76), (59, 59), (60, 60), (61, 61), (62, 62), (63, 63), (64, 64), (65, 65), (66, 66), (67, 67), (68, 68), (69, 69), (70, 70), (71, 75), (74, 14), (72, 15), (73, 16)]
index list: [72, 1, 2, 3, 4, 5, 6, 7, 8, 9, 10, 11, 12, 13, 0, 73, 77, 42, 49, 17, 18, 19, 20, 21, 22, 23, 24, 25, 26, 27, 28, 29, 30, 31, 32, 78, 33, 34, 35, 36, 37, 38, 39, 40, 41, 71, 74, 43, 44, 45, 46, 47, 48, 79, 50, 51, 52, 53, 54, 55, 56, 57, 58, 76, 59, 60, 61, 62, 63, 64, 65, 66, 67, 68, 69, 70, 75, 14, 15, 16]
index list energy: 127641.54942859836
Done


iterations: 10000000 temp: 1000000.0 exponent: 0.7 eif: 300.0
time taken (sec): 815.9083740711212
number of iterations: 10000000
og index list: [(0, 39), (1, 6), (2, 51), (3, 78), (4, 71), (5, 56), (6, 63), (7, 79), (8, 55), (9, 69), (10, 62), (11, 59), (12, 22), (13, 26), (79, 17), (14, 10), (15, 33), (16, 54), (78, 29), (17, 12), (18, 15), (19, 32), (20, 16), (21, 70), (22, 23), (23, 37), (24, 57), (25, 13), (26, 50), (27, 24), (28, 42), (29, 35), (30, 34), (31, 58), (32, 7), (77, 1), (33, 46), (34, 21), (35, 64), (36, 14), (37, 43), (38, 60), (39, 27), (40, 8), (41, 18), (76, 44), (42, 74), (43, 77), (44, 76), (45, 19), (46, 0), (47, 49), (48, 68), (49, 41), (50, 28), (51, 47), (52, 9), (53, 73), (54, 30), (55, 53), (56, 72), (57, 65), (58, 36), (75, 31), (59, 75), (60, 52), (61, 48), (62, 20), (63, 40), (64, 5), (65, 38), (66, 66), (67, 3), (68, 25), (69, 61), (70, 11), (71, 67), (74, 2), (72, 45), (73, 4)]
og index list energy: 130307796.89614898
index_list: [(0, 72), (1, 1), (2, 2), (3, 3), (4, 4), (5, 5), (6, 6), (7, 7), (8, 8), (9, 9), (10, 10), (11, 11), (12, 12), (13, 13), (79, 49), (14, 14), (15, 15), (16, 78), (78, 42), (17, 17), (18, 18), (19, 19), (20, 20), (21, 21), (22, 22), (23, 23), (24, 24), (25, 25), (26, 26), (27, 27), (28, 28), (29, 29), (30, 30), (31, 31), (32, 32), (77, 79), (33, 33), (34, 34), (35, 35), (36, 36), (37, 37), (38, 38), (39, 39), (40, 40), (41, 41), (76, 0), (42, 73), (43, 76), (44, 44), (45, 45), (46, 46), (47, 47), (48, 48), (49, 74), (50, 50), (51, 51), (52, 52), (53, 53), (54, 54), (55, 55), (56, 56), (57, 57), (58, 58), (75, 77), (59, 59), (60, 60), (61, 61), (62, 62), (63, 63), (64, 64), (65, 65), (66, 66), (67, 67), (68, 68), (69, 69), (70, 70), (71, 71), (74, 75), (72, 43), (73, 16)]
index list: [72, 1, 2, 3, 4, 5, 6, 7, 8, 9, 10, 11, 12, 13, 49, 14, 15, 78, 42, 17, 18, 19, 20, 21, 22, 23, 24, 25, 26, 27, 28, 29, 30, 31, 32, 79, 33, 34, 35, 36, 37, 38, 39, 40, 41, 0, 73, 76, 44, 45, 46, 47, 48, 74, 50, 51, 52, 53, 54, 55, 56, 57, 58, 77, 59, 60, 61, 62, 63, 64, 65, 66, 67, 68, 69, 70, 71, 75, 43, 16]
index list energy: 135218.65036409578
Done


iterations: 10000000 temp: 1000000.0 exponent: 0.7 eif: 300.0
time taken (sec): 781.1573133468628
number of iterations: 10000000
og index list: [(0, 16), (1, 5), (2, 4), (3, 0), (4, 47), (5, 73), (6, 54), (7, 57), (8, 6), (9, 59), (10, 58), (11, 33), (12, 71), (13, 69), (79, 48), (14, 72), (15, 42), (16, 8), (78, 53), (17, 25), (18, 77), (19, 27), (20, 60), (21, 31), (22, 68), (23, 55), (24, 41), (25, 23), (26, 38), (27, 45), (28, 9), (29, 43), (30, 24), (31, 64), (32, 2), (77, 74), (33, 12), (34, 66), (35, 46), (36, 40), (37, 78), (38, 22), (39, 28), (40, 50), (41, 39), (76, 49), (42, 35), (43, 52), (44, 20), (45, 14), (46, 15), (47, 56), (48, 67), (49, 1), (50, 75), (51, 61), (52, 11), (53, 32), (54, 3), (55, 18), (56, 44), (57, 70), (58, 21), (75, 10), (59, 51), (60, 30), (61, 13), (62, 34), (63, 63), (64, 36), (65, 65), (66, 26), (67, 19), (68, 37), (69, 79), (70, 7), (71, 29), (74, 17), (72, 62), (73, 76)]
og index list energy: 88692613.35793371
index_list: [(0, 72), (1, 1), (2, 2), (3, 3), (4, 4), (5, 5), (6, 6), (7, 7), (8, 8), (9, 9), (10, 10), (11, 11), (12, 12), (13, 13), (79, 78), (14, 14), (15, 15), (16, 16), (78, 49), (17, 17), (18, 18), (19, 19), (20, 20), (21, 21), (22, 22), (23, 23), (24, 24), (25, 25), (26, 26), (27, 27), (28, 28), (29, 29), (30, 30), (31, 31), (32, 74), (77, 42), (33, 33), (34, 34), (35, 35), (36, 36), (37, 37), (38, 38), (39, 39), (40, 40), (41, 41), (76, 0), (42, 73), (43, 76), (44, 44), (45, 45), (46, 46), (47, 47), (48, 48), (49, 77), (50, 43), (51, 51), (52, 52), (53, 53), (54, 54), (55, 55), (56, 56), (57, 57), (58, 58), (75, 79), (59, 59), (60, 60), (61, 61), (62, 62), (63, 63), (64, 64), (65, 65), (66, 66), (67, 67), (68, 68), (69, 69), (70, 70), (71, 71), (74, 75), (72, 32), (73, 50)]
index list: [72, 1, 2, 3, 4, 5, 6, 7, 8, 9, 10, 11, 12, 13, 78, 14, 15, 16, 49, 17, 18, 19, 20, 21, 22, 23, 24, 25, 26, 27, 28, 29, 30, 31, 74, 42, 33, 34, 35, 36, 37, 38, 39, 40, 41, 0, 73, 76, 44, 45, 46, 47, 48, 77, 43, 51, 52, 53, 54, 55, 56, 57, 58, 79, 59, 60, 61, 62, 63, 64, 65, 66, 67, 68, 69, 70, 71, 75, 32, 50]
index list energy: 127968.3725027778
Done


iterations: 10000000 temp: 1000000.0 exponent: 0.7 eif: 300.0
time taken (sec): 853.8194854259491
number of iterations: 10000000
og index list: [(0, 5), (1, 18), (2, 39), (3, 48), (4, 28), (5, 75), (6, 51), (7, 22), (8, 68), (9, 74), (10, 1), (11, 4), (12, 45), (13, 14), (79, 32), (14, 23), (15, 16), (16, 19), (78, 73), (17, 13), (18, 43), (19, 12), (20, 76), (21, 9), (22, 36), (23, 37), (24, 24), (25, 47), (26, 6), (27, 15), (28, 57), (29, 58), (30, 46), (31, 31), (32, 53), (77, 72), (33, 17), (34, 21), (35, 77), (36, 42), (37, 78), (38, 27), (39, 0), (40, 79), (41, 41), (76, 33), (42, 63), (43, 7), (44, 35), (45, 38), (46, 25), (47, 60), (48, 20), (49, 71), (50, 67), (51, 3), (52, 59), (53, 61), (54, 50), (55, 8), (56, 10), (57, 40), (58, 30), (75, 34), (59, 69), (60, 66), (61, 56), (62, 55), (63, 64), (64, 62), (65, 54), (66, 49), (67, 44), (68, 26), (69, 52), (70, 65), (71, 11), (74, 70), (72, 29), (73, 2)]
og index list energy: 113487896.2630081
index_list: [(0, 0), (1, 1), (2, 2), (3, 3), (4, 4), (5, 5), (6, 6), (7, 7), (8, 8), (9, 9), (10, 10), (11, 11), (12, 12), (13, 13), (79, 75), (14, 14), (15, 15), (16, 16), (78, 76), (17, 17), (18, 18), (19, 19), (20, 20), (21, 21), (22, 22), (23, 23), (24, 24), (25, 25), (26, 26), (27, 27), (28, 28), (29, 29), (30, 30), (31, 31), (32, 32), (77, 49), (33, 33), (34, 34), (35, 35), (36, 36), (37, 37), (38, 38), (39, 39), (40, 40), (41, 41), (76, 77), (42, 42), (43, 43), (44, 44), (45, 45), (46, 46), (47, 47), (48, 48), (49, 78), (50, 50), (51, 51), (52, 52), (53, 53), (54, 54), (55, 55), (56, 56), (57, 57), (58, 58), (75, 74), (59, 59), (60, 60), (61, 61), (62, 62), (63, 63), (64, 64), (65, 65), (66, 66), (67, 67), (68, 68), (69, 69), (70, 70), (71, 71), (74, 79), (72, 72), (73, 73)]
index list: [0, 1, 2, 3, 4, 5, 6, 7, 8, 9, 10, 11, 12, 13, 75, 14, 15, 16, 76, 17, 18, 19, 20, 21, 22, 23, 24, 25, 26, 27, 28, 29, 30, 31, 32, 49, 33, 34, 35, 36, 37, 38, 39, 40, 41, 77, 42, 43, 44, 45, 46, 47, 48, 78, 50, 51, 52, 53, 54, 55, 56, 57, 58, 74, 59, 60, 61, 62, 63, 64, 65, 66, 67, 68, 69, 70, 71, 79, 72, 73]
index list energy: 98209.82393678775
Done


iterations: 10000000 temp: 1000000.0 exponent: 0.7 eif: 300.0
time taken (sec): 820.377016544342
number of iterations: 10000000
og index list: [(0, 79), (1, 70), (2, 74), (3, 53), (4, 75), (5, 67), (6, 52), (7, 21), (8, 77), (9, 69), (10, 58), (11, 62), (12, 32), (13, 14), (79, 45), (14, 24), (15, 9), (16, 55), (78, 61), (17, 3), (18, 16), (19, 71), (20, 12), (21, 30), (22, 8), (23, 65), (24, 35), (25, 36), (26, 38), (27, 54), (28, 19), (29, 40), (30, 60), (31, 0), (32, 17), (77, 57), (33, 5), (34, 7), (35, 63), (36, 59), (37, 42), (38, 18), (39, 15), (40, 51), (41, 68), (76, 2), (42, 31), (43, 64), (44, 48), (45, 44), (46, 28), (47, 50), (48, 47), (49, 72), (50, 66), (51, 20), (52, 29), (53, 73), (54, 23), (55, 6), (56, 78), (57, 39), (58, 46), (75, 37), (59, 13), (60, 27), (61, 56), (62, 34), (63, 25), (64, 4), (65, 49), (66, 22), (67, 76), (68, 1), (69, 43), (70, 26), (71, 10), (74, 33), (72, 11), (73, 41)]
og index list energy: 132078550.23179625
index_list: [(0, 72), (1, 1), (2, 2), (3, 3), (4, 4), (5, 5), (6, 6), (7, 7), (8, 8), (9, 9), (10, 10), (11, 11), (12, 74), (13, 14), (79, 78), (14, 12), (15, 13), (16, 16), (78, 79), (17, 17), (18, 18), (19, 19), (20, 20), (21, 21), (22, 22), (23, 23), (24, 24), (25, 25), (26, 26), (27, 27), (28, 28), (29, 29), (30, 30), (31, 31), (32, 32), (77, 75), (33, 33), (34, 34), (35, 35), (36, 36), (37, 37), (38, 38), (39, 39), (40, 40), (41, 41), (76, 77), (42, 42), (43, 43), (44, 44), (45, 45), (46, 46), (47, 47), (48, 48), (49, 76), (50, 15), (51, 51), (52, 52), (53, 53), (54, 54), (55, 55), (56, 56), (57, 57), (58, 58), (75, 49), (59, 59), (60, 60), (61, 61), (62, 62), (63, 63), (64, 64), (65, 65), (66, 66), (67, 67), (68, 68), (69, 69), (70, 70), (71, 71), (74, 50), (72, 0), (73, 73)]
index list: [72, 1, 2, 3, 4, 5, 6, 7, 8, 9, 10, 11, 74, 14, 78, 12, 13, 16, 79, 17, 18, 19, 20, 21, 22, 23, 24, 25, 26, 27, 28, 29, 30, 31, 32, 75, 33, 34, 35, 36, 37, 38, 39, 40, 41, 77, 42, 43, 44, 45, 46, 47, 48, 76, 15, 51, 52, 53, 54, 55, 56, 57, 58, 49, 59, 60, 61, 62, 63, 64, 65, 66, 67, 68, 69, 70, 71, 50, 0, 73]
index list energy: 145574.6356350164
Done


iterations: 10000000 temp: 1000000.0 exponent: 0.7 eif: 300.0
time taken (sec): 821.5414793491364
number of iterations: 10000000
og index list: [(0, 38), (1, 63), (2, 1), (3, 11), (4, 20), (5, 41), (6, 58), (7, 25), (8, 73), (9, 72), (10, 56), (11, 77), (12, 62), (13, 12), (79, 36), (14, 60), (15, 0), (16, 10), (78, 48), (17, 43), (18, 17), (19, 26), (20, 33), (21, 52), (22, 2), (23, 22), (24, 57), (25, 15), (26, 61), (27, 24), (28, 64), (29, 18), (30, 23), (31, 44), (32, 8), (77, 6), (33, 30), (34, 40), (35, 65), (36, 34), (37, 76), (38, 7), (39, 47), (40, 32), (41, 3), (76, 28), (42, 19), (43, 70), (44, 39), (45, 55), (46, 45), (47, 50), (48, 29), (49, 27), (50, 53), (51, 74), (52, 67), (53, 54), (54, 69), (55, 59), (56, 66), (57, 49), (58, 4), (75, 31), (59, 37), (60, 42), (61, 13), (62, 71), (63, 68), (64, 78), (65, 14), (66, 9), (67, 79), (68, 5), (69, 35), (70, 46), (71, 21), (74, 51), (72, 16), (73, 75)]
og index list energy: 122678811.52083649
index_list: [(0, 72), (1, 1), (2, 2), (3, 3), (4, 4), (5, 5), (6, 6), (7, 7), (8, 8), (9, 9), (10, 0), (11, 73), (12, 76), (13, 10), (79, 11), (14, 12), (15, 13), (16, 16), (78, 77), (17, 17), (18, 18), (19, 19), (20, 20), (21, 21), (22, 22), (23, 23), (24, 24), (25, 25), (26, 26), (27, 27), (28, 28), (29, 29), (30, 30), (31, 31), (32, 32), (77, 49), (33, 33), (34, 34), (35, 35), (36, 36), (37, 37), (38, 38), (39, 39), (40, 40), (41, 41), (76, 78), (42, 42), (43, 43), (44, 44), (45, 45), (46, 46), (47, 47), (48, 48), (49, 79), (50, 15), (51, 51), (52, 52), (53, 53), (54, 54), (55, 55), (56, 56), (57, 57), (58, 58), (75, 74), (59, 59), (60, 60), (61, 61), (62, 62), (63, 63), (64, 64), (65, 65), (66, 66), (67, 67), (68, 68), (69, 69), (70, 70), (71, 71), (74, 50), (72, 75), (73, 14)]
index list: [72, 1, 2, 3, 4, 5, 6, 7, 8, 9, 0, 73, 76, 10, 11, 12, 13, 16, 77, 17, 18, 19, 20, 21, 22, 23, 24, 25, 26, 27, 28, 29, 30, 31, 32, 49, 33, 34, 35, 36, 37, 38, 39, 40, 41, 78, 42, 43, 44, 45, 46, 47, 48, 79, 15, 51, 52, 53, 54, 55, 56, 57, 58, 74, 59, 60, 61, 62, 63, 64, 65, 66, 67, 68, 69, 70, 71, 50, 75, 14]
index list energy: 152221.3250055883
Done


iterations: 10000000 temp: 1000000.0 exponent: 0.7 eif: 300.0
time taken (sec): 840.6967561244965
number of iterations: 10000000
og index list: [(0, 1), (1, 3), (2, 46), (3, 53), (4, 21), (5, 26), (6, 54), (7, 2), (8, 39), (9, 13), (10, 38), (11, 27), (12, 44), (13, 51), (79, 35), (14, 29), (15, 40), (16, 71), (78, 57), (17, 72), (18, 62), (19, 31), (20, 9), (21, 60), (22, 8), (23, 69), (24, 17), (25, 77), (26, 45), (27, 52), (28, 63), (29, 73), (30, 19), (31, 16), (32, 56), (77, 42), (33, 10), (34, 47), (35, 48), (36, 78), (37, 79), (38, 37), (39, 76), (40, 24), (41, 11), (76, 18), (42, 66), (43, 15), (44, 4), (45, 33), (46, 70), (47, 25), (48, 43), (49, 34), (50, 68), (51, 32), (52, 58), (53, 5), (54, 14), (55, 49), (56, 65), (57, 59), (58, 50), (75, 0), (59, 67), (60, 30), (61, 36), (62, 61), (63, 74), (64, 75), (65, 6), (66, 23), (67, 12), (68, 7), (69, 41), (70, 20), (71, 28), (74, 22), (72, 55), (73, 64)]
og index list energy: 126864309.66195938
index_list: [(0, 0), (1, 1), (2, 2), (3, 3), (4, 4), (5, 5), (6, 6), (7, 7), (8, 8), (9, 9), (10, 10), (11, 11), (12, 12), (13, 13), (79, 78), (14, 14), (15, 15), (16, 16), (78, 77), (17, 17), (18, 18), (19, 19), (20, 20), (21, 21), (22, 22), (23, 23), (24, 24), (25, 25), (26, 26), (27, 27), (28, 28), (29, 29), (30, 30), (31, 31), (32, 32), (77, 75), (33, 33), (34, 34), (35, 35), (36, 36), (37, 37), (38, 38), (39, 39), (40, 40), (41, 41), (76, 79), (42, 42), (43, 43), (44, 44), (45, 45), (46, 46), (47, 47), (48, 48), (49, 74), (50, 50), (51, 51), (52, 52), (53, 53), (54, 54), (55, 55), (56, 56), (57, 57), (58, 58), (75, 76), (59, 59), (60, 60), (61, 61), (62, 62), (63, 63), (64, 64), (65, 65), (66, 66), (67, 67), (68, 68), (69, 69), (70, 70), (71, 71), (74, 49), (72, 72), (73, 73)]
index list: [0, 1, 2, 3, 4, 5, 6, 7, 8, 9, 10, 11, 12, 13, 78, 14, 15, 16, 77, 17, 18, 19, 20, 21, 22, 23, 24, 25, 26, 27, 28, 29, 30, 31, 32, 75, 33, 34, 35, 36, 37, 38, 39, 40, 41, 79, 42, 43, 44, 45, 46, 47, 48, 74, 50, 51, 52, 53, 54, 55, 56, 57, 58, 76, 59, 60, 61, 62, 63, 64, 65, 66, 67, 68, 69, 70, 71, 49, 72, 73]
index list energy: 98209.82393678775
Done


iterations: 10000000 temp: 1000000.0 exponent: 0.7 eif: 300.0
time taken (sec): 858.725423336029
number of iterations: 10000000
og index list: [(0, 9), (1, 46), (2, 64), (3, 35), (4, 2), (5, 12), (6, 32), (7, 3), (8, 26), (9, 33), (10, 72), (11, 51), (12, 22), (13, 37), (79, 57), (14, 20), (15, 76), (16, 29), (78, 43), (17, 17), (18, 7), (19, 28), (20, 69), (21, 74), (22, 71), (23, 42), (24, 31), (25, 19), (26, 13), (27, 5), (28, 77), (29, 70), (30, 52), (31, 36), (32, 63), (77, 75), (33, 0), (34, 30), (35, 55), (36, 53), (37, 16), (38, 47), (39, 24), (40, 34), (41, 48), (76, 56), (42, 6), (43, 45), (44, 4), (45, 21), (46, 14), (47, 65), (48, 18), (49, 8), (50, 60), (51, 62), (52, 54), (53, 59), (54, 39), (55, 58), (56, 67), (57, 68), (58, 49), (75, 25), (59, 66), (60, 1), (61, 38), (62, 44), (63, 11), (64, 15), (65, 78), (66, 73), (67, 23), (68, 10), (69, 50), (70, 61), (71, 41), (74, 40), (72, 79), (73, 27)]
og index list energy: 103491617.0134891
index_list: [(0, 0), (1, 1), (2, 2), (3, 3), (4, 4), (5, 5), (6, 6), (7, 7), (8, 8), (9, 9), (10, 10), (11, 11), (12, 12), (13, 13), (79, 78), (14, 14), (15, 15), (16, 16), (78, 74), (17, 17), (18, 18), (19, 19), (20, 20), (21, 21), (22, 22), (23, 23), (24, 24), (25, 25), (26, 26), (27, 27), (28, 28), (29, 29), (30, 30), (31, 31), (32, 32), (77, 76), (33, 33), (34, 34), (35, 35), (36, 36), (37, 37), (38, 38), (39, 39), (40, 40), (41, 41), (76, 77), (42, 42), (43, 43), (44, 44), (45, 45), (46, 46), (47, 47), (48, 48), (49, 79), (50, 50), (51, 51), (52, 52), (53, 53), (54, 54), (55, 55), (56, 56), (57, 57), (58, 58), (75, 75), (59, 59), (60, 60), (61, 61), (62, 62), (63, 63), (64, 64), (65, 65), (66, 66), (67, 67), (68, 68), (69, 69), (70, 70), (71, 71), (74, 49), (72, 72), (73, 73)]
index list: [0, 1, 2, 3, 4, 5, 6, 7, 8, 9, 10, 11, 12, 13, 78, 14, 15, 16, 74, 17, 18, 19, 20, 21, 22, 23, 24, 25, 26, 27, 28, 29, 30, 31, 32, 76, 33, 34, 35, 36, 37, 38, 39, 40, 41, 77, 42, 43, 44, 45, 46, 47, 48, 79, 50, 51, 52, 53, 54, 55, 56, 57, 58, 75, 59, 60, 61, 62, 63, 64, 65, 66, 67, 68, 69, 70, 71, 49, 72, 73]
index list energy: 98209.82393678775
Done


iterations: 10000000 temp: 1000000.0 exponent: 0.7 eif: 300.0
time taken (sec): 855.7262141704559
number of iterations: 10000000
og index list: [(0, 64), (1, 24), (2, 8), (3, 34), (4, 67), (5, 31), (6, 73), (7, 44), (8, 17), (9, 53), (10, 30), (11, 49), (12, 28), (13, 38), (79, 70), (14, 35), (15, 33), (16, 25), (78, 10), (17, 29), (18, 7), (19, 39), (20, 55), (21, 13), (22, 48), (23, 65), (24, 5), (25, 20), (26, 19), (27, 76), (28, 60), (29, 3), (30, 52), (31, 61), (32, 16), (77, 12), (33, 23), (34, 36), (35, 59), (36, 2), (37, 56), (38, 26), (39, 51), (40, 21), (41, 32), (76, 66), (42, 45), (43, 72), (44, 47), (45, 79), (46, 18), (47, 40), (48, 0), (49, 43), (50, 68), (51, 54), (52, 78), (53, 57), (54, 75), (55, 46), (56, 11), (57, 71), (58, 69), (75, 42), (59, 37), (60, 22), (61, 14), (62, 50), (63, 4), (64, 63), (65, 1), (66, 77), (67, 15), (68, 6), (69, 74), (70, 9), (71, 62), (74, 41), (72, 27), (73, 58)]
og index list energy: 101119705.18435085
index_list: [(0, 0), (1, 1), (2, 2), (3, 3), (4, 4), (5, 5), (6, 6), (7, 7), (8, 8), (9, 9), (10, 10), (11, 11), (12, 12), (13, 13), (79, 77), (14, 14), (15, 15), (16, 16), (78, 76), (17, 17), (18, 18), (19, 19), (20, 20), (21, 21), (22, 22), (23, 23), (24, 24), (25, 25), (26, 26), (27, 27), (28, 28), (29, 29), (30, 30), (31, 31), (32, 32), (77, 74), (33, 33), (34, 34), (35, 35), (36, 36), (37, 37), (38, 38), (39, 39), (40, 40), (41, 41), (76, 79), (42, 42), (43, 43), (44, 44), (45, 45), (46, 46), (47, 47), (48, 48), (49, 75), (50, 50), (51, 51), (52, 52), (53, 53), (54, 54), (55, 55), (56, 56), (57, 57), (58, 58), (75, 49), (59, 59), (60, 60), (61, 61), (62, 62), (63, 63), (64, 64), (65, 65), (66, 66), (67, 67), (68, 68), (69, 69), (70, 70), (71, 71), (74, 78), (72, 72), (73, 73)]
index list: [0, 1, 2, 3, 4, 5, 6, 7, 8, 9, 10, 11, 12, 13, 77, 14, 15, 16, 76, 17, 18, 19, 20, 21, 22, 23, 24, 25, 26, 27, 28, 29, 30, 31, 32, 74, 33, 34, 35, 36, 37, 38, 39, 40, 41, 79, 42, 43, 44, 45, 46, 47, 48, 75, 50, 51, 52, 53, 54, 55, 56, 57, 58, 49, 59, 60, 61, 62, 63, 64, 65, 66, 67, 68, 69, 70, 71, 78, 72, 73]
index list energy: 98209.82393678775
Done


iterations: 10000000 temp: 1000000.0 exponent: 0.7 eif: 300.0
time taken (sec): 861.2772195339203
number of iterations: 10000000
og index list: [(0, 54), (1, 57), (2, 66), (3, 65), (4, 73), (5, 69), (6, 67), (7, 26), (8, 11), (9, 62), (10, 0), (11, 39), (12, 55), (13, 28), (79, 18), (14, 5), (15, 60), (16, 77), (78, 4), (17, 43), (18, 25), (19, 34), (20, 9), (21, 15), (22, 53), (23, 35), (24, 22), (25, 12), (26, 48), (27, 49), (28, 61), (29, 74), (30, 64), (31, 63), (32, 71), (77, 68), (33, 79), (34, 38), (35, 51), (36, 33), (37, 78), (38, 8), (39, 16), (40, 24), (41, 46), (76, 70), (42, 30), (43, 1), (44, 6), (45, 42), (46, 40), (47, 32), (48, 56), (49, 7), (50, 2), (51, 45), (52, 59), (53, 13), (54, 19), (55, 50), (56, 23), (57, 29), (58, 47), (75, 31), (59, 14), (60, 17), (61, 27), (62, 44), (63, 21), (64, 37), (65, 52), (66, 76), (67, 36), (68, 20), (69, 3), (70, 72), (71, 10), (74, 75), (72, 58), (73, 41)]
og index list energy: 92461416.71021603
index_list: [(0, 0), (1, 1), (2, 2), (3, 3), (4, 4), (5, 5), (6, 6), (7, 7), (8, 8), (9, 9), (10, 10), (11, 11), (12, 12), (13, 13), (79, 75), (14, 14), (15, 15), (16, 16), (78, 77), (17, 17), (18, 18), (19, 19), (20, 20), (21, 21), (22, 22), (23, 23), (24, 24), (25, 25), (26, 26), (27, 27), (28, 28), (29, 29), (30, 30), (31, 31), (32, 32), (77, 74), (33, 33), (34, 34), (35, 35), (36, 36), (37, 37), (38, 38), (39, 39), (40, 40), (41, 41), (76, 79), (42, 42), (43, 43), (44, 44), (45, 45), (46, 46), (47, 47), (48, 48), (49, 76), (50, 50), (51, 51), (52, 52), (53, 53), (54, 54), (55, 55), (56, 56), (57, 57), (58, 58), (75, 78), (59, 59), (60, 60), (61, 61), (62, 62), (63, 63), (64, 64), (65, 65), (66, 66), (67, 67), (68, 68), (69, 69), (70, 70), (71, 71), (74, 49), (72, 72), (73, 73)]
index list: [0, 1, 2, 3, 4, 5, 6, 7, 8, 9, 10, 11, 12, 13, 75, 14, 15, 16, 77, 17, 18, 19, 20, 21, 22, 23, 24, 25, 26, 27, 28, 29, 30, 31, 32, 74, 33, 34, 35, 36, 37, 38, 39, 40, 41, 79, 42, 43, 44, 45, 46, 47, 48, 76, 50, 51, 52, 53, 54, 55, 56, 57, 58, 78, 59, 60, 61, 62, 63, 64, 65, 66, 67, 68, 69, 70, 71, 49, 72, 73]
index list energy: 98209.82393678775
Done


iterations: 10000000 temp: 1000000.0 exponent: 0.7 eif: 300.0
time taken (sec): 766.9133331775665
number of iterations: 10000000
og index list: [(0, 35), (1, 44), (2, 58), (3, 51), (4, 77), (5, 15), (6, 27), (7, 36), (8, 59), (9, 19), (10, 0), (11, 18), (12, 72), (13, 79), (79, 25), (14, 40), (15, 53), (16, 8), (78, 68), (17, 7), (18, 61), (19, 16), (20, 73), (21, 3), (22, 6), (23, 70), (24, 54), (25, 39), (26, 17), (27, 12), (28, 78), (29, 24), (30, 43), (31, 28), (32, 31), (77, 2), (33, 14), (34, 23), (35, 76), (36, 74), (37, 32), (38, 69), (39, 66), (40, 50), (41, 1), (76, 26), (42, 34), (43, 33), (44, 49), (45, 52), (46, 55), (47, 57), (48, 67), (49, 42), (50, 37), (51, 4), (52, 22), (53, 56), (54, 65), (55, 21), (56, 46), (57, 9), (58, 13), (75, 64), (59, 11), (60, 10), (61, 29), (62, 48), (63, 71), (64, 38), (65, 60), (66, 63), (67, 30), (68, 20), (69, 41), (70, 45), (71, 47), (74, 5), (72, 62), (73, 75)]
og index list energy: 144585490.14114454
index_list: [(0, 47), (1, 1), (2, 2), (3, 3), (4, 4), (5, 5), (6, 6), (7, 7), (8, 8), (9, 9), (10, 10), (11, 11), (12, 12), (13, 13), (79, 77), (14, 14), (15, 15), (16, 16), (78, 74), (17, 17), (18, 18), (19, 19), (20, 20), (21, 21), (22, 22), (23, 23), (24, 24), (25, 25), (26, 26), (27, 27), (28, 28), (29, 29), (30, 30), (31, 31), (32, 32), (77, 49), (33, 33), (34, 34), (35, 35), (36, 36), (37, 37), (38, 38), (39, 39), (40, 40), (41, 41), (76, 71), (42, 78), (43, 42), (44, 43), (45, 44), (46, 45), (47, 46), (48, 48), (49, 0), (50, 50), (51, 51), (52, 52), (53, 53), (54, 54), (55, 55), (56, 56), (57, 57), (58, 58), (75, 75), (59, 59), (60, 60), (61, 61), (62, 62), (63, 63), (64, 64), (65, 65), (66, 66), (67, 70), (68, 76), (69, 72), (70, 73), (71, 79), (74, 67), (72, 68), (73, 69)]
index list: [47, 1, 2, 3, 4, 5, 6, 7, 8, 9, 10, 11, 12, 13, 77, 14, 15, 16, 74, 17, 18, 19, 20, 21, 22, 23, 24, 25, 26, 27, 28, 29, 30, 31, 32, 49, 33, 34, 35, 36, 37, 38, 39, 40, 41, 71, 78, 42, 43, 44, 45, 46, 48, 0, 50, 51, 52, 53, 54, 55, 56, 57, 58, 75, 59, 60, 61, 62, 63, 64, 65, 66, 70, 76, 72, 73, 79, 67, 68, 69]
index list energy: 158361.71977052034
Done


iterations: 10000000 temp: 1000000.0 exponent: 0.7 eif: 300.0
time taken (sec): 809.1740984916687
number of iterations: 10000000
og index list: [(0, 29), (1, 56), (2, 15), (3, 25), (4, 39), (5, 77), (6, 76), (7, 79), (8, 72), (9, 61), (10, 64), (11, 54), (12, 10), (13, 75), (79, 8), (14, 22), (15, 60), (16, 52), (78, 59), (17, 26), (18, 48), (19, 73), (20, 66), (21, 32), (22, 46), (23, 13), (24, 19), (25, 47), (26, 55), (27, 42), (28, 49), (29, 58), (30, 21), (31, 51), (32, 45), (77, 53), (33, 37), (34, 38), (35, 2), (36, 23), (37, 36), (38, 43), (39, 35), (40, 27), (41, 7), (76, 40), (42, 5), (43, 70), (44, 18), (45, 63), (46, 9), (47, 30), (48, 6), (49, 67), (50, 41), (51, 0), (52, 65), (53, 69), (54, 31), (55, 24), (56, 78), (57, 33), (58, 28), (75, 68), (59, 50), (60, 74), (61, 62), (62, 12), (63, 71), (64, 17), (65, 57), (66, 34), (67, 14), (68, 11), (69, 44), (70, 1), (71, 16), (74, 4), (72, 3), (73, 20)]
og index list energy: 119107241.33076556
index_list: [(0, 15), (1, 1), (2, 2), (3, 3), (4, 4), (5, 5), (6, 6), (7, 7), (8, 8), (9, 9), (10, 10), (11, 11), (12, 76), (13, 42), (79, 72), (14, 73), (15, 75), (16, 14), (78, 74), (17, 17), (18, 18), (19, 19), (20, 20), (21, 21), (22, 22), (23, 23), (24, 24), (25, 25), (26, 26), (27, 27), (28, 28), (29, 29), (30, 30), (31, 31), (32, 32), (77, 78), (33, 33), (34, 34), (35, 35), (36, 36), (37, 37), (38, 38), (39, 39), (40, 40), (41, 41), (76, 71), (42, 77), (43, 43), (44, 44), (45, 45), (46, 46), (47, 47), (48, 48), (49, 0), (50, 50), (51, 51), (52, 52), (53, 53), (54, 54), (55, 55), (56, 56), (57, 57), (58, 58), (75, 49), (59, 59), (60, 60), (61, 61), (62, 62), (63, 63), (64, 64), (65, 65), (66, 66), (67, 67), (68, 68), (69, 69), (70, 70), (71, 79), (74, 13), (72, 16), (73, 12)]
index list: [15, 1, 2, 3, 4, 5, 6, 7, 8, 9, 10, 11, 76, 42, 72, 73, 75, 14, 74, 17, 18, 19, 20, 21, 22, 23, 24, 25, 26, 27, 28, 29, 30, 31, 32, 78, 33, 34, 35, 36, 37, 38, 39, 40, 41, 71, 77, 43, 44, 45, 46, 47, 48, 0, 50, 51, 52, 53, 54, 55, 56, 57, 58, 49, 59, 60, 61, 62, 63, 64, 65, 66, 67, 68, 69, 70, 79, 13, 16, 12]
index list energy: 169239.76024219443
Done


iterations: 10000000 temp: 1000000.0 exponent: 0.7 eif: 300.0
time taken (sec): 807.8996567726135
number of iterations: 10000000
og index list: [(0, 59), (1, 75), (2, 22), (3, 32), (4, 20), (5, 26), (6, 2), (7, 79), (8, 52), (9, 51), (10, 16), (11, 77), (12, 40), (13, 46), (79, 35), (14, 19), (15, 34), (16, 55), (78, 71), (17, 60), (18, 67), (19, 21), (20, 68), (21, 29), (22, 11), (23, 63), (24, 45), (25, 66), (26, 10), (27, 0), (28, 42), (29, 7), (30, 62), (31, 24), (32, 65), (77, 73), (33, 13), (34, 76), (35, 41), (36, 4), (37, 1), (38, 36), (39, 48), (40, 14), (41, 72), (76, 25), (42, 56), (43, 31), (44, 38), (45, 69), (46, 18), (47, 6), (48, 50), (49, 28), (50, 70), (51, 15), (52, 33), (53, 5), (54, 58), (55, 57), (56, 61), (57, 53), (58, 3), (75, 54), (59, 12), (60, 47), (61, 78), (62, 23), (63, 44), (64, 17), (65, 27), (66, 43), (67, 30), (68, 49), (69, 39), (70, 37), (71, 8), (74, 64), (72, 74), (73, 9)]
og index list energy: 89823083.53102817
index_list: [(0, 55), (1, 56), (2, 57), (3, 3), (4, 4), (5, 5), (6, 6), (7, 7), (8, 8), (9, 9), (10, 10), (11, 11), (12, 12), (13, 13), (79, 16), (14, 75), (15, 72), (16, 77), (78, 42), (17, 17), (18, 18), (19, 19), (20, 20), (21, 21), (22, 22), (23, 23), (24, 24), (25, 25), (26, 26), (27, 27), (28, 28), (29, 29), (30, 30), (31, 31), (32, 32), (77, 78), (33, 33), (34, 34), (35, 35), (36, 36), (37, 37), (38, 38), (39, 39), (40, 40), (41, 41), (76, 0), (42, 1), (43, 2), (44, 44), (45, 45), (46, 46), (47, 47), (48, 48), (49, 76), (50, 43), (51, 51), (52, 52), (53, 53), (54, 54), (55, 74), (56, 14), (57, 15), (58, 58), (75, 79), (59, 59), (60, 60), (61, 61), (62, 62), (63, 63), (64, 64), (65, 65), (66, 66), (67, 67), (68, 68), (69, 69), (70, 70), (71, 71), (74, 50), (72, 49), (73, 73)]
index list: [55, 56, 57, 3, 4, 5, 6, 7, 8, 9, 10, 11, 12, 13, 16, 75, 72, 77, 42, 17, 18, 19, 20, 21, 22, 23, 24, 25, 26, 27, 28, 29, 30, 31, 32, 78, 33, 34, 35, 36, 37, 38, 39, 40, 41, 0, 1, 2, 44, 45, 46, 47, 48, 76, 43, 51, 52, 53, 54, 74, 14, 15, 58, 79, 59, 60, 61, 62, 63, 64, 65, 66, 67, 68, 69, 70, 71, 50, 49, 73]
index list energy: 258579.77491231568
Done


iterations: 10000000 temp: 1000000.0 exponent: 0.7 eif: 300.0
time taken (sec): 803.6996629238129
number of iterations: 10000000
og index list: [(0, 56), (1, 58), (2, 75), (3, 52), (4, 72), (5, 67), (6, 69), (7, 23), (8, 3), (9, 21), (10, 13), (11, 28), (12, 61), (13, 10), (79, 24), (14, 65), (15, 53), (16, 55), (78, 41), (17, 39), (18, 51), (19, 30), (20, 76), (21, 17), (22, 49), (23, 74), (24, 44), (25, 37), (26, 42), (27, 47), (28, 50), (29, 46), (30, 29), (31, 2), (32, 77), (77, 64), (33, 73), (34, 7), (35, 70), (36, 26), (37, 34), (38, 78), (39, 40), (40, 57), (41, 25), (76, 6), (42, 38), (43, 5), (44, 12), (45, 66), (46, 31), (47, 22), (48, 62), (49, 45), (50, 35), (51, 54), (52, 0), (53, 63), (54, 79), (55, 59), (56, 36), (57, 71), (58, 27), (75, 48), (59, 11), (60, 20), (61, 15), (62, 19), (63, 14), (64, 8), (65, 33), (66, 16), (67, 68), (68, 9), (69, 43), (70, 4), (71, 32), (74, 18), (72, 60), (73, 1)]
og index list energy: 70146303.21515909
index_list: [(0, 0), (1, 1), (2, 2), (3, 3), (4, 4), (5, 5), (6, 6), (7, 7), (8, 8), (9, 9), (10, 10), (11, 11), (12, 12), (13, 13), (79, 32), (14, 74), (15, 72), (16, 73), (78, 78), (17, 17), (18, 18), (19, 19), (20, 20), (21, 21), (22, 22), (23, 23), (24, 24), (25, 25), (26, 26), (27, 27), (28, 28), (29, 29), (30, 30), (31, 31), (32, 77), (77, 42), (33, 33), (34, 34), (35, 35), (36, 36), (37, 37), (38, 38), (39, 39), (40, 40), (41, 41), (76, 71), (42, 75), (43, 43), (44, 44), (45, 45), (46, 46), (47, 47), (48, 48), (49, 79), (50, 50), (51, 51), (52, 52), (53, 53), (54, 54), (55, 55), (56, 56), (57, 57), (58, 58), (75, 49), (59, 59), (60, 60), (61, 61), (62, 62), (63, 63), (64, 64), (65, 65), (66, 66), (67, 67), (68, 68), (69, 69), (70, 70), (71, 76), (74, 14), (72, 15), (73, 16)]
index list: [0, 1, 2, 3, 4, 5, 6, 7, 8, 9, 10, 11, 12, 13, 32, 74, 72, 73, 78, 17, 18, 19, 20, 21, 22, 23, 24, 25, 26, 27, 28, 29, 30, 31, 77, 42, 33, 34, 35, 36, 37, 38, 39, 40, 41, 71, 75, 43, 44, 45, 46, 47, 48, 79, 50, 51, 52, 53, 54, 55, 56, 57, 58, 49, 59, 60, 61, 62, 63, 64, 65, 66, 67, 68, 69, 70, 76, 14, 15, 16]
index list energy: 125578.29668588693
Done


iterations: 10000000 temp: 1000000.0 exponent: 0.7 eif: 300.0
time taken (sec): 879.3638904094696
number of iterations: 10000000
og index list: [(0, 50), (1, 72), (2, 60), (3, 65), (4, 1), (5, 64), (6, 16), (7, 67), (8, 48), (9, 51), (10, 0), (11, 55), (12, 54), (13, 73), (79, 19), (14, 32), (15, 18), (16, 34), (78, 22), (17, 61), (18, 49), (19, 3), (20, 66), (21, 56), (22, 41), (23, 71), (24, 27), (25, 58), (26, 21), (27, 7), (28, 12), (29, 79), (30, 35), (31, 69), (32, 23), (77, 30), (33, 63), (34, 53), (35, 68), (36, 26), (37, 8), (38, 15), (39, 29), (40, 24), (41, 75), (76, 43), (42, 11), (43, 78), (44, 28), (45, 40), (46, 45), (47, 31), (48, 44), (49, 76), (50, 5), (51, 42), (52, 74), (53, 13), (54, 25), (55, 4), (56, 9), (57, 77), (58, 57), (75, 38), (59, 10), (60, 6), (61, 59), (62, 33), (63, 2), (64, 37), (65, 39), (66, 62), (67, 46), (68, 20), (69, 52), (70, 47), (71, 17), (74, 14), (72, 70), (73, 36)]
og index list energy: 123911784.93320851
index_list: [(0, 0), (1, 1), (2, 2), (3, 3), (4, 4), (5, 5), (6, 6), (7, 7), (8, 8), (9, 9), (10, 10), (11, 11), (12, 12), (13, 13), (79, 77), (14, 14), (15, 15), (16, 16), (78, 74), (17, 17), (18, 18), (19, 19), (20, 20), (21, 21), (22, 22), (23, 23), (24, 24), (25, 25), (26, 26), (27, 27), (28, 28), (29, 29), (30, 30), (31, 31), (32, 32), (77, 49), (33, 33), (34, 34), (35, 35), (36, 36), (37, 37), (38, 38), (39, 39), (40, 40), (41, 41), (76, 78), (42, 42), (43, 43), (44, 44), (45, 45), (46, 46), (47, 47), (48, 48), (49, 75), (50, 50), (51, 51), (52, 52), (53, 53), (54, 54), (55, 55), (56, 56), (57, 57), (58, 58), (75, 79), (59, 59), (60, 60), (61, 61), (62, 62), (63, 63), (64, 64), (65, 65), (66, 66), (67, 67), (68, 68), (69, 69), (70, 70), (71, 71), (74, 76), (72, 72), (73, 73)]
index list: [0, 1, 2, 3, 4, 5, 6, 7, 8, 9, 10, 11, 12, 13, 77, 14, 15, 16, 74, 17, 18, 19, 20, 21, 22, 23, 24, 25, 26, 27, 28, 29, 30, 31, 32, 49, 33, 34, 35, 36, 37, 38, 39, 40, 41, 78, 42, 43, 44, 45, 46, 47, 48, 75, 50, 51, 52, 53, 54, 55, 56, 57, 58, 79, 59, 60, 61, 62, 63, 64, 65, 66, 67, 68, 69, 70, 71, 76, 72, 73]
index list energy: 98209.82393678775
Done


iterations: 10000000 temp: 1000000.0 exponent: 0.7 eif: 300.0
time taken (sec): 888.3908724784851
number of iterations: 10000000
og index list: [(0, 27), (1, 75), (2, 53), (3, 39), (4, 46), (5, 12), (6, 38), (7, 57), (8, 51), (9, 14), (10, 61), (11, 32), (12, 6), (13, 35), (79, 77), (14, 76), (15, 70), (16, 41), (78, 8), (17, 29), (18, 25), (19, 59), (20, 23), (21, 7), (22, 1), (23, 42), (24, 72), (25, 36), (26, 20), (27, 0), (28, 66), (29, 18), (30, 2), (31, 78), (32, 65), (77, 79), (33, 34), (34, 26), (35, 13), (36, 30), (37, 10), (38, 43), (39, 17), (40, 11), (41, 37), (76, 44), (42, 69), (43, 9), (44, 24), (45, 4), (46, 28), (47, 54), (48, 49), (49, 60), (50, 21), (51, 56), (52, 40), (53, 3), (54, 71), (55, 31), (56, 15), (57, 68), (58, 58), (75, 73), (59, 45), (60, 50), (61, 33), (62, 16), (63, 74), (64, 62), (65, 67), (66, 5), (67, 22), (68, 48), (69, 47), (70, 52), (71, 55), (74, 19), (72, 63), (73, 64)]
og index list energy: 126097936.16807884
index_list: [(0, 0), (1, 1), (2, 2), (3, 3), (4, 4), (5, 5), (6, 6), (7, 7), (8, 8), (9, 9), (10, 10), (11, 11), (12, 12), (13, 13), (79, 79), (14, 14), (15, 15), (16, 16), (78, 76), (17, 17), (18, 18), (19, 19), (20, 20), (21, 21), (22, 22), (23, 23), (24, 24), (25, 25), (26, 26), (27, 27), (28, 28), (29, 29), (30, 30), (31, 31), (32, 32), (77, 78), (33, 33), (34, 34), (35, 35), (36, 36), (37, 37), (38, 38), (39, 39), (40, 40), (41, 41), (76, 49), (42, 42), (43, 43), (44, 44), (45, 45), (46, 46), (47, 47), (48, 48), (49, 77), (50, 50), (51, 51), (52, 52), (53, 53), (54, 54), (55, 55), (56, 56), (57, 57), (58, 58), (75, 75), (59, 59), (60, 60), (61, 61), (62, 62), (63, 63), (64, 64), (65, 65), (66, 66), (67, 67), (68, 68), (69, 69), (70, 70), (71, 71), (74, 74), (72, 72), (73, 73)]
index list: [0, 1, 2, 3, 4, 5, 6, 7, 8, 9, 10, 11, 12, 13, 79, 14, 15, 16, 76, 17, 18, 19, 20, 21, 22, 23, 24, 25, 26, 27, 28, 29, 30, 31, 32, 78, 33, 34, 35, 36, 37, 38, 39, 40, 41, 49, 42, 43, 44, 45, 46, 47, 48, 77, 50, 51, 52, 53, 54, 55, 56, 57, 58, 75, 59, 60, 61, 62, 63, 64, 65, 66, 67, 68, 69, 70, 71, 74, 72, 73]
index list energy: 98209.82393678775
Done


iterations: 10000000 temp: 1000000.0 exponent: 0.7 eif: 300.0
time taken (sec): 881.4860146045685
number of iterations: 10000000
og index list: [(0, 72), (1, 77), (2, 17), (3, 58), (4, 67), (5, 79), (6, 30), (7, 50), (8, 68), (9, 14), (10, 51), (11, 7), (12, 78), (13, 62), (79, 33), (14, 1), (15, 8), (16, 15), (78, 59), (17, 53), (18, 54), (19, 46), (20, 76), (21, 57), (22, 37), (23, 42), (24, 39), (25, 36), (26, 25), (27, 2), (28, 69), (29, 61), (30, 38), (31, 28), (32, 52), (77, 11), (33, 45), (34, 47), (35, 55), (36, 34), (37, 71), (38, 27), (39, 31), (40, 32), (41, 23), (76, 74), (42, 9), (43, 63), (44, 70), (45, 40), (46, 24), (47, 26), (48, 73), (49, 12), (50, 6), (51, 5), (52, 75), (53, 3), (54, 43), (55, 60), (56, 44), (57, 56), (58, 64), (75, 18), (59, 35), (60, 19), (61, 49), (62, 0), (63, 48), (64, 4), (65, 41), (66, 21), (67, 65), (68, 13), (69, 29), (70, 22), (71, 66), (74, 16), (72, 10), (73, 20)]
og index list energy: 89183029.475484
index_list: [(0, 72), (1, 1), (2, 2), (3, 3), (4, 4), (5, 5), (6, 6), (7, 7), (8, 8), (9, 73), (10, 74), (11, 9), (12, 10), (13, 11), (79, 78), (14, 14), (15, 15), (16, 16), (78, 75), (17, 17), (18, 18), (19, 19), (20, 20), (21, 21), (22, 22), (23, 23), (24, 24), (25, 25), (26, 26), (27, 27), (28, 28), (29, 29), (30, 30), (31, 31), (32, 32), (77, 77), (33, 33), (34, 34), (35, 35), (36, 36), (37, 37), (38, 38), (39, 39), (40, 40), (41, 41), (76, 49), (42, 42), (43, 43), (44, 44), (45, 45), (46, 46), (47, 47), (48, 48), (49, 0), (50, 50), (51, 51), (52, 52), (53, 53), (54, 54), (55, 55), (56, 56), (57, 57), (58, 58), (75, 79), (59, 59), (60, 60), (61, 61), (62, 62), (63, 63), (64, 64), (65, 65), (66, 66), (67, 67), (68, 68), (69, 69), (70, 70), (71, 71), (74, 76), (72, 12), (73, 13)]
index list: [72, 1, 2, 3, 4, 5, 6, 7, 8, 73, 74, 9, 10, 11, 78, 14, 15, 16, 75, 17, 18, 19, 20, 21, 22, 23, 24, 25, 26, 27, 28, 29, 30, 31, 32, 77, 33, 34, 35, 36, 37, 38, 39, 40, 41, 49, 42, 43, 44, 45, 46, 47, 48, 0, 50, 51, 52, 53, 54, 55, 56, 57, 58, 79, 59, 60, 61, 62, 63, 64, 65, 66, 67, 68, 69, 70, 71, 76, 12, 13]
index list energy: 149956.79679883932
Done


iterations: 10000000 temp: 1000000.0 exponent: 0.7 eif: 300.0
time taken (sec): 883.1036670207977
number of iterations: 10000000
og index list: [(0, 71), (1, 47), (2, 12), (3, 77), (4, 4), (5, 2), (6, 68), (7, 74), (8, 49), (9, 39), (10, 11), (11, 44), (12, 75), (13, 34), (79, 28), (14, 67), (15, 51), (16, 69), (78, 65), (17, 63), (18, 29), (19, 7), (20, 31), (21, 40), (22, 5), (23, 60), (24, 24), (25, 6), (26, 26), (27, 27), (28, 19), (29, 50), (30, 57), (31, 13), (32, 72), (77, 9), (33, 25), (34, 70), (35, 22), (36, 46), (37, 36), (38, 32), (39, 0), (40, 3), (41, 20), (76, 56), (42, 53), (43, 8), (44, 30), (45, 61), (46, 45), (47, 37), (48, 41), (49, 59), (50, 62), (51, 33), (52, 18), (53, 48), (54, 17), (55, 1), (56, 16), (57, 78), (58, 76), (75, 14), (59, 54), (60, 64), (61, 15), (62, 10), (63, 21), (64, 38), (65, 42), (66, 23), (67, 66), (68, 43), (69, 73), (70, 79), (71, 55), (74, 58), (72, 52), (73, 35)]
og index list energy: 123251818.761227
index_list: [(0, 0), (1, 1), (2, 2), (3, 3), (4, 4), (5, 5), (6, 6), (7, 7), (8, 8), (9, 9), (10, 10), (11, 11), (12, 12), (13, 13), (79, 79), (14, 14), (15, 15), (16, 16), (78, 78), (17, 17), (18, 18), (19, 19), (20, 20), (21, 21), (22, 22), (23, 23), (24, 24), (25, 25), (26, 26), (27, 27), (28, 28), (29, 29), (30, 30), (31, 31), (32, 32), (77, 74), (33, 33), (34, 34), (35, 35), (36, 36), (37, 37), (38, 38), (39, 39), (40, 40), (41, 41), (76, 75), (42, 42), (43, 43), (44, 44), (45, 45), (46, 46), (47, 47), (48, 48), (49, 76), (50, 50), (51, 51), (52, 52), (53, 53), (54, 54), (55, 55), (56, 56), (57, 57), (58, 58), (75, 49), (59, 59), (60, 60), (61, 61), (62, 62), (63, 63), (64, 64), (65, 65), (66, 66), (67, 67), (68, 68), (69, 69), (70, 70), (71, 71), (74, 77), (72, 72), (73, 73)]
index list: [0, 1, 2, 3, 4, 5, 6, 7, 8, 9, 10, 11, 12, 13, 79, 14, 15, 16, 78, 17, 18, 19, 20, 21, 22, 23, 24, 25, 26, 27, 28, 29, 30, 31, 32, 74, 33, 34, 35, 36, 37, 38, 39, 40, 41, 75, 42, 43, 44, 45, 46, 47, 48, 76, 50, 51, 52, 53, 54, 55, 56, 57, 58, 49, 59, 60, 61, 62, 63, 64, 65, 66, 67, 68, 69, 70, 71, 77, 72, 73]
index list energy: 98209.82393678775
Done


iterations: 10000000 temp: 1000000.0 exponent: 0.7 eif: 300.0
time taken (sec): 849.9959456920624
number of iterations: 10000000
og index list: [(0, 47), (1, 15), (2, 25), (3, 54), (4, 71), (5, 46), (6, 26), (7, 65), (8, 74), (9, 1), (10, 59), (11, 52), (12, 39), (13, 44), (79, 68), (14, 75), (15, 14), (16, 77), (78, 66), (17, 64), (18, 40), (19, 5), (20, 55), (21, 6), (22, 51), (23, 17), (24, 61), (25, 29), (26, 20), (27, 69), (28, 18), (29, 30), (30, 9), (31, 56), (32, 73), (77, 35), (33, 41), (34, 45), (35, 79), (36, 50), (37, 32), (38, 13), (39, 12), (40, 49), (41, 8), (76, 23), (42, 57), (43, 31), (44, 2), (45, 67), (46, 36), (47, 34), (48, 4), (49, 0), (50, 72), (51, 16), (52, 78), (53, 43), (54, 76), (55, 10), (56, 3), (57, 11), (58, 19), (75, 28), (59, 21), (60, 48), (61, 33), (62, 22), (63, 62), (64, 7), (65, 38), (66, 63), (67, 24), (68, 27), (69, 42), (70, 37), (71, 58), (74, 70), (72, 53), (73, 60)]
og index list energy: 129461463.04570691
index_list: [(0, 72), (1, 1), (2, 2), (3, 3), (4, 4), (5, 5), (6, 6), (7, 7), (8, 8), (9, 9), (10, 10), (11, 11), (12, 12), (13, 13), (79, 0), (14, 73), (15, 77), (16, 42), (78, 75), (17, 17), (18, 18), (19, 19), (20, 20), (21, 21), (22, 22), (23, 23), (24, 24), (25, 25), (26, 26), (27, 27), (28, 28), (29, 29), (30, 30), (31, 31), (32, 32), (77, 78), (33, 33), (34, 34), (35, 35), (36, 36), (37, 37), (38, 38), (39, 39), (40, 40), (41, 41), (76, 71), (42, 79), (43, 43), (44, 44), (45, 45), (46, 46), (47, 47), (48, 48), (49, 74), (50, 50), (51, 51), (52, 52), (53, 53), (54, 54), (55, 55), (56, 56), (57, 57), (58, 58), (75, 49), (59, 59), (60, 60), (61, 61), (62, 62), (63, 63), (64, 64), (65, 65), (66, 66), (67, 67), (68, 68), (69, 69), (70, 70), (71, 76), (74, 14), (72, 15), (73, 16)]
index list: [72, 1, 2, 3, 4, 5, 6, 7, 8, 9, 10, 11, 12, 13, 0, 73, 77, 42, 75, 17, 18, 19, 20, 21, 22, 23, 24, 25, 26, 27, 28, 29, 30, 31, 32, 78, 33, 34, 35, 36, 37, 38, 39, 40, 41, 71, 79, 43, 44, 45, 46, 47, 48, 74, 50, 51, 52, 53, 54, 55, 56, 57, 58, 49, 59, 60, 61, 62, 63, 64, 65, 66, 67, 68, 69, 70, 76, 14, 15, 16]
index list energy: 127641.54942859836
Done


iterations: 10000000 temp: 1000000.0 exponent: 0.7 eif: 300.0
time taken (sec): 905.1939523220062
number of iterations: 10000000
og index list: [(0, 46), (1, 68), (2, 33), (3, 19), (4, 4), (5, 3), (6, 61), (7, 1), (8, 28), (9, 71), (10, 32), (11, 53), (12, 50), (13, 11), (79, 54), (14, 76), (15, 31), (16, 35), (78, 27), (17, 23), (18, 43), (19, 48), (20, 17), (21, 10), (22, 22), (23, 41), (24, 66), (25, 2), (26, 56), (27, 65), (28, 21), (29, 67), (30, 72), (31, 24), (32, 16), (77, 64), (33, 78), (34, 39), (35, 5), (36, 34), (37, 12), (38, 79), (39, 69), (40, 74), (41, 25), (76, 37), (42, 52), (43, 15), (44, 8), (45, 47), (46, 73), (47, 30), (48, 38), (49, 77), (50, 75), (51, 7), (52, 29), (53, 40), (54, 6), (55, 18), (56, 62), (57, 58), (58, 49), (75, 45), (59, 9), (60, 51), (61, 57), (62, 20), (63, 70), (64, 13), (65, 60), (66, 55), (67, 42), (68, 44), (69, 14), (70, 63), (71, 59), (74, 36), (72, 26), (73, 0)]
og index list energy: 107156108.5193477
index_list: [(0, 0), (1, 1), (2, 2), (3, 3), (4, 4), (5, 5), (6, 6), (7, 7), (8, 8), (9, 9), (10, 10), (11, 11), (12, 12), (13, 13), (79, 75), (14, 14), (15, 15), (16, 16), (78, 77), (17, 17), (18, 18), (19, 19), (20, 20), (21, 21), (22, 22), (23, 23), (24, 24), (25, 25), (26, 26), (27, 27), (28, 28), (29, 29), (30, 30), (31, 31), (32, 32), (77, 79), (33, 33), (34, 34), (35, 35), (36, 36), (37, 37), (38, 38), (39, 39), (40, 40), (41, 41), (76, 49), (42, 42), (43, 43), (44, 44), (45, 45), (46, 46), (47, 47), (48, 48), (49, 76), (50, 50), (51, 51), (52, 52), (53, 53), (54, 54), (55, 55), (56, 56), (57, 57), (58, 58), (75, 74), (59, 59), (60, 60), (61, 61), (62, 62), (63, 63), (64, 64), (65, 65), (66, 66), (67, 67), (68, 68), (69, 69), (70, 70), (71, 71), (74, 78), (72, 72), (73, 73)]
index list: [0, 1, 2, 3, 4, 5, 6, 7, 8, 9, 10, 11, 12, 13, 75, 14, 15, 16, 77, 17, 18, 19, 20, 21, 22, 23, 24, 25, 26, 27, 28, 29, 30, 31, 32, 79, 33, 34, 35, 36, 37, 38, 39, 40, 41, 49, 42, 43, 44, 45, 46, 47, 48, 76, 50, 51, 52, 53, 54, 55, 56, 57, 58, 74, 59, 60, 61, 62, 63, 64, 65, 66, 67, 68, 69, 70, 71, 78, 72, 73]
index list energy: 98209.82393678775
Done


iterations: 10000000 temp: 1000000.0 exponent: 0.7 eif: 300.0
time taken (sec): 894.6912925243378
number of iterations: 10000000
og index list: [(0, 62), (1, 59), (2, 64), (3, 65), (4, 73), (5, 49), (6, 38), (7, 70), (8, 74), (9, 34), (10, 24), (11, 41), (12, 15), (13, 32), (79, 7), (14, 14), (15, 40), (16, 54), (78, 33), (17, 76), (18, 6), (19, 51), (20, 18), (21, 36), (22, 2), (23, 56), (24, 55), (25, 0), (26, 39), (27, 8), (28, 44), (29, 1), (30, 21), (31, 52), (32, 31), (77, 43), (33, 57), (34, 17), (35, 46), (36, 60), (37, 9), (38, 37), (39, 75), (40, 16), (41, 79), (76, 28), (42, 35), (43, 71), (44, 77), (45, 19), (46, 66), (47, 10), (48, 23), (49, 48), (50, 20), (51, 78), (52, 5), (53, 72), (54, 11), (55, 22), (56, 45), (57, 69), (58, 63), (75, 68), (59, 58), (60, 30), (61, 25), (62, 13), (63, 50), (64, 53), (65, 42), (66, 27), (67, 12), (68, 29), (69, 47), (70, 4), (71, 61), (74, 67), (72, 3), (73, 26)]
og index list energy: 128133102.72481385
index_list: [(0, 0), (1, 1), (2, 2), (3, 3), (4, 4), (5, 5), (6, 6), (7, 7), (8, 8), (9, 9), (10, 10), (11, 11), (12, 12), (13, 13), (79, 78), (14, 14), (15, 15), (16, 16), (78, 76), (17, 17), (18, 18), (19, 19), (20, 20), (21, 21), (22, 22), (23, 23), (24, 24), (25, 25), (26, 26), (27, 27), (28, 28), (29, 29), (30, 30), (31, 31), (32, 32), (77, 74), (33, 33), (34, 34), (35, 35), (36, 36), (37, 37), (38, 38), (39, 39), (40, 40), (41, 41), (76, 75), (42, 42), (43, 43), (44, 44), (45, 45), (46, 46), (47, 47), (48, 48), (49, 49), (50, 50), (51, 51), (52, 52), (53, 53), (54, 54), (55, 55), (56, 56), (57, 57), (58, 58), (75, 77), (59, 59), (60, 60), (61, 61), (62, 62), (63, 63), (64, 64), (65, 65), (66, 66), (67, 67), (68, 68), (69, 69), (70, 70), (71, 71), (74, 79), (72, 72), (73, 73)]
index list: [0, 1, 2, 3, 4, 5, 6, 7, 8, 9, 10, 11, 12, 13, 78, 14, 15, 16, 76, 17, 18, 19, 20, 21, 22, 23, 24, 25, 26, 27, 28, 29, 30, 31, 32, 74, 33, 34, 35, 36, 37, 38, 39, 40, 41, 75, 42, 43, 44, 45, 46, 47, 48, 49, 50, 51, 52, 53, 54, 55, 56, 57, 58, 77, 59, 60, 61, 62, 63, 64, 65, 66, 67, 68, 69, 70, 71, 79, 72, 73]
index list energy: 97911.32412903158
Done


iterations: 10000000 temp: 1000000.0 exponent: 0.7 eif: 300.0
time taken (sec): 241.57621264457703
number of iterations: 4140573
og index list: [(0, 69), (1, 65), (2, 75), (3, 36), (4, 41), (5, 21), (6, 31), (7, 34), (8, 56), (9, 12), (10, 11), (11, 13), (12, 14), (13, 67), (79, 6), (14, 9), (15, 15), (16, 74), (78, 51), (17, 61), (18, 64), (19, 20), (20, 0), (21, 42), (22, 66), (23, 62), (24, 49), (25, 71), (26, 58), (27, 22), (28, 38), (29, 76), (30, 78), (31, 59), (32, 33), (77, 19), (33, 2), (34, 48), (35, 35), (36, 40), (37, 5), (38, 7), (39, 55), (40, 63), (41, 10), (76, 52), (42, 45), (43, 46), (44, 18), (45, 29), (46, 28), (47, 68), (48, 27), (49, 73), (50, 72), (51, 53), (52, 17), (53, 25), (54, 77), (55, 70), (56, 44), (57, 8), (58, 30), (75, 50), (59, 23), (60, 3), (61, 39), (62, 43), (63, 79), (64, 37), (65, 16), (66, 4), (67, 26), (68, 57), (69, 54), (70, 47), (71, 60), (74, 1), (72, 32), (73, 24)]
og index list energy: 99726822.42914459
index_list: [(0, 72), (1, 1), (2, 2), (3, 3), (4, 4), (5, 5), (6, 32), (7, 79), (8, 43), (9, 6), (10, 7), (11, 8), (12, 9), (13, 10), (79, 11), (14, 12), (15, 13), (16, 49), (78, 69), (17, 17), (18, 18), (19, 19), (20, 20), (21, 21), (22, 22), (23, 23), (24, 24), (25, 25), (26, 26), (27, 27), (28, 28), (29, 29), (30, 30), (31, 31), (32, 77), (77, 42), (33, 33), (34, 34), (35, 35), (36, 36), (37, 37), (38, 38), (39, 39), (40, 40), (41, 41), (76, 75), (42, 73), (43, 74), (44, 44), (45, 45), (46, 46), (47, 47), (48, 48), (49, 0), (50, 50), (51, 51), (52, 52), (53, 53), (54, 54), (55, 55), (56, 56), (57, 57), (58, 58), (75, 76), (59, 59), (60, 60), (61, 61), (62, 62), (63, 63), (64, 64), (65, 65), (66, 66), (67, 67), (68, 68), (69, 14), (70, 78), (71, 70), (74, 71), (72, 15), (73, 16)]
index list: [72, 1, 2, 3, 4, 5, 32, 79, 43, 6, 7, 8, 9, 10, 11, 12, 13, 49, 69, 17, 18, 19, 20, 21, 22, 23, 24, 25, 26, 27, 28, 29, 30, 31, 77, 42, 33, 34, 35, 36, 37, 38, 39, 40, 41, 75, 73, 74, 44, 45, 46, 47, 48, 0, 50, 51, 52, 53, 54, 55, 56, 57, 58, 76, 59, 60, 61, 62, 63, 64, 65, 66, 67, 68, 14, 78, 70, 71, 15, 16]
index list energy: 253240.97444478824
Done


