## SLURM PROLOG ###############################################################
##    Job ID : 2089328
##  Job Name : NOESY_50
##  Nodelist : node1164
##      CPUs : 1
##  Mem/Node : 1024 MB
## Directory : /gpfs/data/nfawzi/skale/Fawzi_pycharm_project
##   Started : Fri Jan 18 23:47:58 EST 2019
###############################################################################
iterations: 10000000 temp: 1000000.0 exponent: 0.7 eif: 300.0
time taken (sec): 935.4072828292847
number of iterations: 10000000
og index list: [(0, 64), (1, 49), (2, 18), (3, 33), (4, 74), (5, 61), (6, 22), (7, 17), (8, 29), (9, 54), (10, 78), (11, 14), (12, 10), (13, 58), (79, 56), (14, 50), (15, 40), (16, 24), (78, 66), (17, 73), (18, 30), (19, 46), (20, 1), (21, 6), (22, 13), (23, 43), (24, 15), (25, 71), (26, 45), (27, 68), (28, 16), (29, 11), (30, 72), (31, 34), (32, 28), (77, 65), (33, 42), (34, 38), (35, 35), (36, 44), (37, 23), (38, 9), (39, 21), (40, 67), (41, 57), (76, 31), (42, 76), (43, 36), (44, 4), (45, 3), (46, 26), (47, 0), (48, 79), (49, 48), (50, 25), (51, 32), (52, 41), (53, 77), (54, 75), (55, 55), (56, 8), (57, 53), (58, 62), (75, 2), (59, 27), (60, 59), (61, 47), (62, 52), (63, 69), (64, 7), (65, 20), (66, 39), (67, 60), (68, 51), (69, 12), (70, 19), (71, 70), (74, 63), (72, 5), (73, 37)]
og index list energy: 130371017.86974305
index_list: [(0, 47), (1, 1), (2, 2), (3, 3), (4, 4), (5, 5), (6, 6), (7, 7), (8, 8), (9, 9), (10, 10), (11, 11), (12, 12), (13, 13), (79, 75), (14, 14), (15, 15), (16, 16), (78, 78), (17, 17), (18, 18), (19, 19), (20, 20), (21, 21), (22, 22), (23, 23), (24, 24), (25, 25), (26, 26), (27, 27), (28, 28), (29, 29), (30, 30), (31, 31), (32, 32), (77, 49), (33, 33), (34, 34), (35, 35), (36, 36), (37, 37), (38, 38), (39, 39), (40, 40), (41, 0), (76, 44), (42, 45), (43, 46), (44, 41), (45, 79), (46, 42), (47, 72), (48, 48), (49, 76), (50, 50), (51, 51), (52, 52), (53, 53), (54, 54), (55, 55), (56, 56), (57, 57), (58, 58), (75, 77), (59, 59), (60, 60), (61, 61), (62, 62), (63, 63), (64, 64), (65, 65), (66, 66), (67, 67), (68, 68), (69, 69), (70, 70), (71, 71), (74, 74), (72, 43), (73, 73)]
index list: [47, 1, 2, 3, 4, 5, 6, 7, 8, 9, 10, 11, 12, 13, 75, 14, 15, 16, 78, 17, 18, 19, 20, 21, 22, 23, 24, 25, 26, 27, 28, 29, 30, 31, 32, 49, 33, 34, 35, 36, 37, 38, 39, 40, 0, 44, 45, 46, 41, 79, 42, 72, 48, 76, 50, 51, 52, 53, 54, 55, 56, 57, 58, 77, 59, 60, 61, 62, 63, 64, 65, 66, 67, 68, 69, 70, 71, 74, 43, 73]
index list energy: 191669.05599646113
Done


iterations: 10000000 temp: 1000000.0 exponent: 0.7 eif: 300.0
time taken (sec): 934.2231488227844
number of iterations: 10000000
og index list: [(0, 18), (1, 63), (2, 21), (3, 61), (4, 26), (5, 50), (6, 78), (7, 57), (8, 32), (9, 29), (10, 25), (11, 6), (12, 77), (13, 43), (79, 45), (14, 60), (15, 69), (16, 31), (78, 64), (17, 48), (18, 2), (19, 41), (20, 65), (21, 68), (22, 27), (23, 9), (24, 33), (25, 38), (26, 75), (27, 35), (28, 71), (29, 49), (30, 5), (31, 74), (32, 13), (77, 73), (33, 67), (34, 11), (35, 36), (36, 47), (37, 55), (38, 58), (39, 23), (40, 20), (41, 40), (76, 54), (42, 19), (43, 30), (44, 46), (45, 10), (46, 17), (47, 28), (48, 76), (49, 22), (50, 39), (51, 12), (52, 42), (53, 24), (54, 51), (55, 56), (56, 7), (57, 3), (58, 1), (75, 8), (59, 44), (60, 59), (61, 72), (62, 52), (63, 16), (64, 4), (65, 14), (66, 37), (67, 62), (68, 79), (69, 15), (70, 53), (71, 70), (74, 66), (72, 0), (73, 34)]
og index list energy: 95819517.21955226
index_list: [(0, 0), (1, 1), (2, 2), (3, 3), (4, 4), (5, 5), (6, 6), (7, 7), (8, 8), (9, 9), (10, 10), (11, 11), (12, 12), (13, 13), (79, 49), (14, 14), (15, 15), (16, 16), (78, 74), (17, 17), (18, 18), (19, 19), (20, 20), (21, 21), (22, 22), (23, 23), (24, 24), (25, 25), (26, 26), (27, 27), (28, 28), (29, 29), (30, 30), (31, 31), (32, 32), (77, 75), (33, 33), (34, 34), (35, 35), (36, 36), (37, 37), (38, 38), (39, 39), (40, 40), (41, 41), (76, 77), (42, 42), (43, 43), (44, 44), (45, 45), (46, 46), (47, 47), (48, 48), (49, 76), (50, 50), (51, 51), (52, 52), (53, 53), (54, 54), (55, 55), (56, 56), (57, 57), (58, 58), (75, 79), (59, 59), (60, 60), (61, 61), (62, 62), (63, 63), (64, 64), (65, 65), (66, 66), (67, 67), (68, 68), (69, 69), (70, 70), (71, 71), (74, 78), (72, 72), (73, 73)]
index list: [0, 1, 2, 3, 4, 5, 6, 7, 8, 9, 10, 11, 12, 13, 49, 14, 15, 16, 74, 17, 18, 19, 20, 21, 22, 23, 24, 25, 26, 27, 28, 29, 30, 31, 32, 75, 33, 34, 35, 36, 37, 38, 39, 40, 41, 77, 42, 43, 44, 45, 46, 47, 48, 76, 50, 51, 52, 53, 54, 55, 56, 57, 58, 79, 59, 60, 61, 62, 63, 64, 65, 66, 67, 68, 69, 70, 71, 78, 72, 73]
index list energy: 98209.82393678775
Done


iterations: 10000000 temp: 1000000.0 exponent: 0.7 eif: 300.0
time taken (sec): 916.8636498451233
number of iterations: 10000000
og index list: [(0, 79), (1, 42), (2, 0), (3, 66), (4, 48), (5, 46), (6, 75), (7, 60), (8, 50), (9, 44), (10, 65), (11, 9), (12, 4), (13, 54), (79, 63), (14, 78), (15, 6), (16, 1), (78, 20), (17, 26), (18, 52), (19, 33), (20, 30), (21, 10), (22, 19), (23, 3), (24, 43), (25, 64), (26, 14), (27, 7), (28, 38), (29, 12), (30, 16), (31, 45), (32, 57), (77, 5), (33, 59), (34, 22), (35, 67), (36, 68), (37, 31), (38, 39), (39, 17), (40, 28), (41, 69), (76, 70), (42, 24), (43, 18), (44, 40), (45, 37), (46, 25), (47, 2), (48, 8), (49, 41), (50, 29), (51, 62), (52, 74), (53, 55), (54, 72), (55, 34), (56, 15), (57, 71), (58, 56), (75, 51), (59, 61), (60, 76), (61, 36), (62, 11), (63, 35), (64, 21), (65, 27), (66, 73), (67, 77), (68, 58), (69, 53), (70, 47), (71, 23), (74, 49), (72, 32), (73, 13)]
og index list energy: 96935822.37401293
index_list: [(0, 0), (1, 1), (2, 2), (3, 3), (4, 4), (5, 5), (6, 6), (7, 7), (8, 8), (9, 9), (10, 10), (11, 11), (12, 12), (13, 13), (79, 75), (14, 14), (15, 15), (16, 16), (78, 76), (17, 17), (18, 18), (19, 19), (20, 20), (21, 21), (22, 22), (23, 23), (24, 24), (25, 25), (26, 26), (27, 27), (28, 28), (29, 29), (30, 30), (31, 31), (32, 32), (77, 79), (33, 33), (34, 34), (35, 35), (36, 36), (37, 37), (38, 38), (39, 39), (40, 40), (41, 41), (76, 74), (42, 42), (43, 43), (44, 44), (45, 45), (46, 46), (47, 47), (48, 48), (49, 78), (50, 50), (51, 51), (52, 52), (53, 53), (54, 54), (55, 55), (56, 56), (57, 57), (58, 58), (75, 77), (59, 59), (60, 60), (61, 61), (62, 62), (63, 63), (64, 64), (65, 65), (66, 66), (67, 67), (68, 68), (69, 69), (70, 70), (71, 71), (74, 49), (72, 72), (73, 73)]
index list: [0, 1, 2, 3, 4, 5, 6, 7, 8, 9, 10, 11, 12, 13, 75, 14, 15, 16, 76, 17, 18, 19, 20, 21, 22, 23, 24, 25, 26, 27, 28, 29, 30, 31, 32, 79, 33, 34, 35, 36, 37, 38, 39, 40, 41, 74, 42, 43, 44, 45, 46, 47, 48, 78, 50, 51, 52, 53, 54, 55, 56, 57, 58, 77, 59, 60, 61, 62, 63, 64, 65, 66, 67, 68, 69, 70, 71, 49, 72, 73]
index list energy: 98209.82393678775
Done


iterations: 10000000 temp: 1000000.0 exponent: 0.7 eif: 300.0
time taken (sec): 909.2657663822174
number of iterations: 10000000
og index list: [(0, 35), (1, 71), (2, 14), (3, 75), (4, 26), (5, 32), (6, 77), (7, 69), (8, 17), (9, 18), (10, 21), (11, 44), (12, 34), (13, 54), (79, 29), (14, 22), (15, 43), (16, 13), (78, 7), (17, 73), (18, 64), (19, 27), (20, 19), (21, 16), (22, 25), (23, 66), (24, 63), (25, 40), (26, 56), (27, 23), (28, 61), (29, 6), (30, 55), (31, 60), (32, 3), (77, 45), (33, 59), (34, 70), (35, 0), (36, 10), (37, 5), (38, 67), (39, 15), (40, 30), (41, 38), (76, 74), (42, 4), (43, 39), (44, 37), (45, 1), (46, 76), (47, 2), (48, 65), (49, 42), (50, 52), (51, 48), (52, 46), (53, 8), (54, 57), (55, 9), (56, 62), (57, 36), (58, 72), (75, 31), (59, 12), (60, 58), (61, 33), (62, 11), (63, 51), (64, 41), (65, 53), (66, 68), (67, 79), (68, 24), (69, 50), (70, 28), (71, 78), (74, 20), (72, 47), (73, 49)]
og index list energy: 111289453.77432463
index_list: [(0, 0), (1, 1), (2, 2), (3, 3), (4, 4), (5, 5), (6, 6), (7, 7), (8, 8), (9, 9), (10, 10), (11, 11), (12, 12), (13, 13), (79, 77), (14, 14), (15, 15), (16, 16), (78, 76), (17, 17), (18, 18), (19, 19), (20, 20), (21, 21), (22, 22), (23, 23), (24, 24), (25, 25), (26, 26), (27, 27), (28, 28), (29, 29), (30, 30), (31, 31), (32, 32), (77, 78), (33, 33), (34, 34), (35, 35), (36, 36), (37, 37), (38, 38), (39, 39), (40, 40), (41, 41), (76, 74), (42, 42), (43, 43), (44, 44), (45, 45), (46, 46), (47, 47), (48, 48), (49, 49), (50, 50), (51, 51), (52, 52), (53, 53), (54, 54), (55, 55), (56, 56), (57, 57), (58, 58), (75, 79), (59, 59), (60, 60), (61, 61), (62, 62), (63, 63), (64, 64), (65, 65), (66, 66), (67, 67), (68, 68), (69, 69), (70, 70), (71, 71), (74, 75), (72, 72), (73, 73)]
index list: [0, 1, 2, 3, 4, 5, 6, 7, 8, 9, 10, 11, 12, 13, 77, 14, 15, 16, 76, 17, 18, 19, 20, 21, 22, 23, 24, 25, 26, 27, 28, 29, 30, 31, 32, 78, 33, 34, 35, 36, 37, 38, 39, 40, 41, 74, 42, 43, 44, 45, 46, 47, 48, 49, 50, 51, 52, 53, 54, 55, 56, 57, 58, 79, 59, 60, 61, 62, 63, 64, 65, 66, 67, 68, 69, 70, 71, 75, 72, 73]
index list energy: 97911.32412903158
Done


iterations: 10000000 temp: 1000000.0 exponent: 0.7 eif: 300.0
time taken (sec): 811.1052062511444
number of iterations: 10000000
og index list: [(0, 12), (1, 72), (2, 67), (3, 19), (4, 18), (5, 35), (6, 10), (7, 76), (8, 64), (9, 52), (10, 79), (11, 11), (12, 45), (13, 47), (79, 58), (14, 5), (15, 44), (16, 74), (78, 56), (17, 37), (18, 60), (19, 24), (20, 25), (21, 62), (22, 65), (23, 0), (24, 16), (25, 73), (26, 48), (27, 59), (28, 69), (29, 55), (30, 75), (31, 1), (32, 33), (77, 49), (33, 6), (34, 31), (35, 77), (36, 26), (37, 29), (38, 42), (39, 39), (40, 22), (41, 2), (76, 28), (42, 53), (43, 30), (44, 7), (45, 61), (46, 34), (47, 32), (48, 3), (49, 38), (50, 63), (51, 36), (52, 23), (53, 4), (54, 20), (55, 8), (56, 46), (57, 50), (58, 57), (75, 66), (59, 71), (60, 68), (61, 41), (62, 78), (63, 43), (64, 14), (65, 40), (66, 27), (67, 54), (68, 70), (69, 13), (70, 21), (71, 51), (74, 17), (72, 9), (73, 15)]
og index list energy: 138075534.82861724
index_list: [(0, 72), (1, 1), (2, 2), (3, 3), (4, 4), (5, 5), (6, 76), (7, 17), (8, 18), (9, 6), (10, 7), (11, 8), (12, 9), (13, 10), (79, 11), (14, 12), (15, 13), (16, 41), (78, 71), (17, 75), (18, 40), (19, 19), (20, 20), (21, 21), (22, 22), (23, 23), (24, 24), (25, 25), (26, 26), (27, 27), (28, 28), (29, 29), (30, 30), (31, 31), (32, 32), (77, 79), (33, 33), (34, 34), (35, 35), (36, 36), (37, 37), (38, 38), (39, 39), (40, 0), (41, 73), (76, 74), (42, 42), (43, 43), (44, 44), (45, 45), (46, 46), (47, 47), (48, 48), (49, 49), (50, 50), (51, 51), (52, 52), (53, 53), (54, 54), (55, 55), (56, 56), (57, 57), (58, 58), (75, 78), (59, 59), (60, 60), (61, 61), (62, 62), (63, 63), (64, 64), (65, 65), (66, 66), (67, 67), (68, 68), (69, 69), (70, 70), (71, 77), (74, 14), (72, 15), (73, 16)]
index list: [72, 1, 2, 3, 4, 5, 76, 17, 18, 6, 7, 8, 9, 10, 11, 12, 13, 41, 71, 75, 40, 19, 20, 21, 22, 23, 24, 25, 26, 27, 28, 29, 30, 31, 32, 79, 33, 34, 35, 36, 37, 38, 39, 0, 73, 74, 42, 43, 44, 45, 46, 47, 48, 49, 50, 51, 52, 53, 54, 55, 56, 57, 58, 78, 59, 60, 61, 62, 63, 64, 65, 66, 67, 68, 69, 70, 77, 14, 15, 16]
index list energy: 211421.09127339986
Done


iterations: 10000000 temp: 1000000.0 exponent: 0.7 eif: 300.0
time taken (sec): 810.3778760433197
number of iterations: 10000000
og index list: [(0, 59), (1, 61), (2, 24), (3, 16), (4, 29), (5, 77), (6, 8), (7, 6), (8, 30), (9, 53), (10, 38), (11, 19), (12, 12), (13, 62), (79, 14), (14, 18), (15, 5), (16, 55), (78, 47), (17, 36), (18, 74), (19, 32), (20, 37), (21, 2), (22, 23), (23, 65), (24, 34), (25, 78), (26, 10), (27, 66), (28, 20), (29, 15), (30, 3), (31, 60), (32, 64), (77, 27), (33, 49), (34, 41), (35, 50), (36, 46), (37, 28), (38, 35), (39, 72), (40, 67), (41, 75), (76, 63), (42, 22), (43, 40), (44, 54), (45, 26), (46, 58), (47, 42), (48, 33), (49, 52), (50, 73), (51, 71), (52, 51), (53, 17), (54, 31), (55, 68), (56, 7), (57, 44), (58, 1), (75, 48), (59, 69), (60, 0), (61, 43), (62, 79), (63, 13), (64, 25), (65, 45), (66, 56), (67, 21), (68, 70), (69, 4), (70, 57), (71, 39), (74, 76), (72, 11), (73, 9)]
og index list energy: 113981947.18035318
index_list: [(0, 72), (1, 1), (2, 2), (3, 3), (4, 4), (5, 5), (6, 6), (7, 7), (8, 8), (9, 9), (10, 10), (11, 11), (12, 12), (13, 13), (79, 78), (14, 14), (15, 15), (16, 16), (78, 49), (17, 17), (18, 18), (19, 19), (20, 20), (21, 21), (22, 22), (23, 23), (24, 24), (25, 25), (26, 26), (27, 27), (28, 28), (29, 29), (30, 30), (31, 31), (32, 74), (77, 42), (33, 33), (34, 34), (35, 35), (36, 36), (37, 37), (38, 38), (39, 39), (40, 40), (41, 41), (76, 75), (42, 32), (43, 77), (44, 44), (45, 45), (46, 46), (47, 47), (48, 48), (49, 76), (50, 43), (51, 51), (52, 52), (53, 53), (54, 54), (55, 55), (56, 56), (57, 57), (58, 58), (75, 79), (59, 59), (60, 60), (61, 61), (62, 62), (63, 63), (64, 64), (65, 65), (66, 66), (67, 67), (68, 68), (69, 69), (70, 70), (71, 71), (74, 0), (72, 73), (73, 50)]
index list: [72, 1, 2, 3, 4, 5, 6, 7, 8, 9, 10, 11, 12, 13, 78, 14, 15, 16, 49, 17, 18, 19, 20, 21, 22, 23, 24, 25, 26, 27, 28, 29, 30, 31, 74, 42, 33, 34, 35, 36, 37, 38, 39, 40, 41, 75, 32, 77, 44, 45, 46, 47, 48, 76, 43, 51, 52, 53, 54, 55, 56, 57, 58, 79, 59, 60, 61, 62, 63, 64, 65, 66, 67, 68, 69, 70, 71, 0, 73, 50]
index list energy: 129754.84923514191
Done


iterations: 10000000 temp: 1000000.0 exponent: 0.7 eif: 300.0
time taken (sec): 875.3908026218414
number of iterations: 10000000
og index list: [(0, 41), (1, 5), (2, 75), (3, 26), (4, 6), (5, 54), (6, 13), (7, 31), (8, 52), (9, 43), (10, 24), (11, 22), (12, 30), (13, 7), (79, 34), (14, 29), (15, 17), (16, 32), (78, 50), (17, 44), (18, 19), (19, 11), (20, 73), (21, 27), (22, 64), (23, 38), (24, 21), (25, 12), (26, 37), (27, 60), (28, 79), (29, 4), (30, 63), (31, 78), (32, 14), (77, 9), (33, 65), (34, 57), (35, 20), (36, 68), (37, 58), (38, 76), (39, 53), (40, 23), (41, 74), (76, 28), (42, 35), (43, 0), (44, 15), (45, 69), (46, 49), (47, 66), (48, 70), (49, 71), (50, 39), (51, 36), (52, 18), (53, 48), (54, 33), (55, 77), (56, 56), (57, 8), (58, 67), (75, 51), (59, 61), (60, 42), (61, 1), (62, 59), (63, 47), (64, 10), (65, 55), (66, 62), (67, 2), (68, 40), (69, 25), (70, 72), (71, 45), (74, 3), (72, 16), (73, 46)]
og index list energy: 93990238.33552065
index_list: [(0, 0), (1, 1), (2, 2), (3, 3), (4, 4), (5, 5), (6, 6), (7, 7), (8, 8), (9, 9), (10, 10), (11, 11), (12, 12), (13, 13), (79, 75), (14, 14), (15, 15), (16, 16), (78, 78), (17, 17), (18, 18), (19, 19), (20, 20), (21, 21), (22, 22), (23, 23), (24, 24), (25, 25), (26, 26), (27, 27), (28, 28), (29, 29), (30, 30), (31, 31), (32, 32), (77, 76), (33, 33), (34, 34), (35, 35), (36, 36), (37, 37), (38, 38), (39, 39), (40, 40), (41, 41), (76, 74), (42, 42), (43, 43), (44, 44), (45, 45), (46, 46), (47, 47), (48, 48), (49, 77), (50, 50), (51, 51), (52, 52), (53, 53), (54, 54), (55, 55), (56, 56), (57, 57), (58, 58), (75, 79), (59, 59), (60, 60), (61, 61), (62, 62), (63, 63), (64, 64), (65, 65), (66, 66), (67, 67), (68, 68), (69, 69), (70, 70), (71, 71), (74, 49), (72, 72), (73, 73)]
index list: [0, 1, 2, 3, 4, 5, 6, 7, 8, 9, 10, 11, 12, 13, 75, 14, 15, 16, 78, 17, 18, 19, 20, 21, 22, 23, 24, 25, 26, 27, 28, 29, 30, 31, 32, 76, 33, 34, 35, 36, 37, 38, 39, 40, 41, 74, 42, 43, 44, 45, 46, 47, 48, 77, 50, 51, 52, 53, 54, 55, 56, 57, 58, 79, 59, 60, 61, 62, 63, 64, 65, 66, 67, 68, 69, 70, 71, 49, 72, 73]
index list energy: 98209.82393678775
Done


iterations: 10000000 temp: 1000000.0 exponent: 0.7 eif: 300.0
time taken (sec): 870.6381506919861
number of iterations: 10000000
og index list: [(0, 65), (1, 30), (2, 4), (3, 56), (4, 79), (5, 34), (6, 44), (7, 2), (8, 0), (9, 63), (10, 24), (11, 72), (12, 41), (13, 50), (79, 58), (14, 61), (15, 21), (16, 31), (78, 46), (17, 32), (18, 71), (19, 36), (20, 3), (21, 26), (22, 13), (23, 45), (24, 27), (25, 52), (26, 55), (27, 40), (28, 60), (29, 10), (30, 39), (31, 76), (32, 35), (77, 17), (33, 28), (34, 54), (35, 29), (36, 18), (37, 70), (38, 48), (39, 49), (40, 68), (41, 6), (76, 22), (42, 74), (43, 78), (44, 66), (45, 1), (46, 15), (47, 53), (48, 77), (49, 69), (50, 47), (51, 8), (52, 20), (53, 62), (54, 43), (55, 51), (56, 67), (57, 12), (58, 14), (75, 37), (59, 5), (60, 7), (61, 9), (62, 16), (63, 11), (64, 23), (65, 42), (66, 38), (67, 33), (68, 73), (69, 75), (70, 64), (71, 19), (74, 59), (72, 25), (73, 57)]
og index list energy: 112539444.12161846
index_list: [(0, 0), (1, 1), (2, 2), (3, 3), (4, 4), (5, 5), (6, 6), (7, 7), (8, 8), (9, 9), (10, 10), (11, 11), (12, 12), (13, 13), (79, 75), (14, 14), (15, 15), (16, 16), (78, 78), (17, 17), (18, 18), (19, 19), (20, 20), (21, 21), (22, 22), (23, 23), (24, 24), (25, 25), (26, 26), (27, 27), (28, 28), (29, 29), (30, 30), (31, 31), (32, 32), (77, 76), (33, 33), (34, 34), (35, 35), (36, 36), (37, 37), (38, 38), (39, 39), (40, 40), (41, 41), (76, 74), (42, 42), (43, 43), (44, 44), (45, 45), (46, 46), (47, 47), (48, 48), (49, 49), (50, 50), (51, 51), (52, 52), (53, 53), (54, 54), (55, 55), (56, 56), (57, 57), (58, 58), (75, 79), (59, 59), (60, 60), (61, 61), (62, 62), (63, 63), (64, 64), (65, 65), (66, 66), (67, 67), (68, 68), (69, 69), (70, 70), (71, 71), (74, 77), (72, 72), (73, 73)]
index list: [0, 1, 2, 3, 4, 5, 6, 7, 8, 9, 10, 11, 12, 13, 75, 14, 15, 16, 78, 17, 18, 19, 20, 21, 22, 23, 24, 25, 26, 27, 28, 29, 30, 31, 32, 76, 33, 34, 35, 36, 37, 38, 39, 40, 41, 74, 42, 43, 44, 45, 46, 47, 48, 49, 50, 51, 52, 53, 54, 55, 56, 57, 58, 79, 59, 60, 61, 62, 63, 64, 65, 66, 67, 68, 69, 70, 71, 77, 72, 73]
index list energy: 97911.32412903158
Done


iterations: 10000000 temp: 1000000.0 exponent: 0.7 eif: 300.0
time taken (sec): 874.8747022151947
number of iterations: 10000000
og index list: [(0, 20), (1, 72), (2, 61), (3, 77), (4, 35), (5, 13), (6, 24), (7, 51), (8, 1), (9, 55), (10, 44), (11, 26), (12, 14), (13, 27), (79, 60), (14, 15), (15, 25), (16, 12), (78, 56), (17, 16), (18, 75), (19, 10), (20, 8), (21, 62), (22, 76), (23, 47), (24, 70), (25, 45), (26, 19), (27, 38), (28, 73), (29, 58), (30, 0), (31, 33), (32, 71), (77, 46), (33, 59), (34, 42), (35, 41), (36, 68), (37, 5), (38, 4), (39, 9), (40, 7), (41, 23), (76, 63), (42, 52), (43, 32), (44, 37), (45, 53), (46, 43), (47, 69), (48, 28), (49, 50), (50, 57), (51, 30), (52, 17), (53, 36), (54, 65), (55, 78), (56, 54), (57, 3), (58, 67), (75, 49), (59, 29), (60, 74), (61, 34), (62, 79), (63, 40), (64, 6), (65, 18), (66, 2), (67, 48), (68, 11), (69, 39), (70, 21), (71, 31), (74, 64), (72, 22), (73, 66)]
og index list energy: 89018304.904322
index_list: [(0, 72), (1, 1), (2, 2), (3, 3), (4, 4), (5, 5), (6, 6), (7, 7), (8, 8), (9, 9), (10, 10), (11, 11), (12, 12), (13, 13), (79, 49), (14, 14), (15, 15), (16, 16), (78, 79), (17, 17), (18, 18), (19, 19), (20, 20), (21, 21), (22, 22), (23, 23), (24, 24), (25, 25), (26, 26), (27, 27), (28, 28), (29, 29), (30, 30), (31, 31), (32, 32), (77, 74), (33, 33), (34, 34), (35, 35), (36, 36), (37, 37), (38, 38), (39, 39), (40, 40), (41, 41), (76, 78), (42, 42), (43, 43), (44, 44), (45, 45), (46, 46), (47, 47), (48, 48), (49, 77), (50, 50), (51, 51), (52, 52), (53, 53), (54, 54), (55, 55), (56, 56), (57, 57), (58, 58), (75, 76), (59, 59), (60, 60), (61, 61), (62, 62), (63, 63), (64, 64), (65, 65), (66, 66), (67, 67), (68, 68), (69, 69), (70, 70), (71, 71), (74, 75), (72, 73), (73, 0)]
index list: [72, 1, 2, 3, 4, 5, 6, 7, 8, 9, 10, 11, 12, 13, 49, 14, 15, 16, 79, 17, 18, 19, 20, 21, 22, 23, 24, 25, 26, 27, 28, 29, 30, 31, 32, 74, 33, 34, 35, 36, 37, 38, 39, 40, 41, 78, 42, 43, 44, 45, 46, 47, 48, 77, 50, 51, 52, 53, 54, 55, 56, 57, 58, 76, 59, 60, 61, 62, 63, 64, 65, 66, 67, 68, 69, 70, 71, 75, 73, 0]
index list energy: 101496.76386437901
Done


iterations: 10000000 temp: 1000000.0 exponent: 0.7 eif: 300.0
time taken (sec): 851.047934293747
number of iterations: 10000000
og index list: [(0, 39), (1, 11), (2, 40), (3, 7), (4, 32), (5, 12), (6, 46), (7, 77), (8, 50), (9, 20), (10, 9), (11, 69), (12, 61), (13, 48), (79, 19), (14, 13), (15, 33), (16, 75), (78, 42), (17, 8), (18, 45), (19, 49), (20, 54), (21, 56), (22, 22), (23, 24), (24, 31), (25, 36), (26, 23), (27, 4), (28, 44), (29, 15), (30, 37), (31, 27), (32, 29), (77, 1), (33, 5), (34, 52), (35, 35), (36, 18), (37, 64), (38, 26), (39, 21), (40, 10), (41, 57), (76, 16), (42, 70), (43, 30), (44, 51), (45, 6), (46, 74), (47, 78), (48, 17), (49, 79), (50, 73), (51, 28), (52, 65), (53, 47), (54, 25), (55, 66), (56, 3), (57, 72), (58, 38), (75, 76), (59, 34), (60, 59), (61, 58), (62, 53), (63, 55), (64, 41), (65, 67), (66, 71), (67, 43), (68, 63), (69, 60), (70, 14), (71, 62), (74, 68), (72, 2), (73, 0)]
og index list energy: 105379234.07105325
index_list: [(0, 0), (1, 1), (2, 2), (3, 3), (4, 4), (5, 5), (6, 6), (7, 7), (8, 8), (9, 9), (10, 10), (11, 11), (12, 12), (13, 13), (79, 16), (14, 75), (15, 72), (16, 73), (78, 79), (17, 17), (18, 18), (19, 19), (20, 20), (21, 21), (22, 22), (23, 23), (24, 24), (25, 25), (26, 26), (27, 27), (28, 28), (29, 29), (30, 30), (31, 31), (32, 32), (77, 49), (33, 33), (34, 34), (35, 35), (36, 36), (37, 37), (38, 38), (39, 39), (40, 40), (41, 41), (76, 78), (42, 42), (43, 43), (44, 44), (45, 45), (46, 46), (47, 47), (48, 48), (49, 77), (50, 50), (51, 51), (52, 52), (53, 53), (54, 54), (55, 55), (56, 56), (57, 57), (58, 58), (75, 76), (59, 59), (60, 60), (61, 61), (62, 62), (63, 63), (64, 64), (65, 65), (66, 66), (67, 67), (68, 68), (69, 69), (70, 70), (71, 71), (74, 74), (72, 14), (73, 15)]
index list: [0, 1, 2, 3, 4, 5, 6, 7, 8, 9, 10, 11, 12, 13, 16, 75, 72, 73, 79, 17, 18, 19, 20, 21, 22, 23, 24, 25, 26, 27, 28, 29, 30, 31, 32, 49, 33, 34, 35, 36, 37, 38, 39, 40, 41, 78, 42, 43, 44, 45, 46, 47, 48, 77, 50, 51, 52, 53, 54, 55, 56, 57, 58, 76, 59, 60, 61, 62, 63, 64, 65, 66, 67, 68, 69, 70, 71, 74, 14, 15]
index list energy: 128197.06509037674
Done


iterations: 10000000 temp: 1000000.0 exponent: 0.7 eif: 300.0
time taken (sec): 827.3638579845428
number of iterations: 10000000
og index list: [(0, 66), (1, 38), (2, 5), (3, 9), (4, 15), (5, 31), (6, 6), (7, 54), (8, 53), (9, 17), (10, 73), (11, 76), (12, 35), (13, 57), (79, 52), (14, 48), (15, 64), (16, 50), (78, 26), (17, 12), (18, 69), (19, 18), (20, 2), (21, 67), (22, 51), (23, 74), (24, 43), (25, 65), (26, 33), (27, 49), (28, 42), (29, 75), (30, 45), (31, 16), (32, 10), (77, 70), (33, 20), (34, 27), (35, 23), (36, 60), (37, 56), (38, 58), (39, 62), (40, 19), (41, 46), (76, 61), (42, 71), (43, 37), (44, 1), (45, 32), (46, 3), (47, 41), (48, 47), (49, 40), (50, 22), (51, 79), (52, 7), (53, 34), (54, 29), (55, 13), (56, 4), (57, 11), (58, 28), (75, 72), (59, 14), (60, 68), (61, 44), (62, 63), (63, 39), (64, 30), (65, 8), (66, 36), (67, 59), (68, 77), (69, 0), (70, 55), (71, 78), (74, 24), (72, 25), (73, 21)]
og index list energy: 111490912.05252007
index_list: [(0, 43), (1, 1), (2, 2), (3, 3), (4, 4), (5, 5), (6, 6), (7, 7), (8, 8), (9, 9), (10, 10), (11, 11), (12, 12), (13, 13), (79, 16), (14, 76), (15, 47), (16, 74), (78, 42), (17, 17), (18, 18), (19, 19), (20, 20), (21, 21), (22, 22), (23, 23), (24, 24), (25, 25), (26, 26), (27, 27), (28, 28), (29, 29), (30, 30), (31, 31), (32, 32), (77, 78), (33, 33), (34, 34), (35, 35), (36, 36), (37, 37), (38, 38), (39, 39), (40, 40), (41, 41), (76, 0), (42, 44), (43, 45), (44, 46), (45, 79), (46, 14), (47, 15), (48, 48), (49, 75), (50, 50), (51, 51), (52, 52), (53, 53), (54, 54), (55, 55), (56, 56), (57, 57), (58, 58), (75, 77), (59, 59), (60, 60), (61, 61), (62, 62), (63, 63), (64, 64), (65, 65), (66, 66), (67, 67), (68, 68), (69, 69), (70, 70), (71, 71), (74, 49), (72, 72), (73, 73)]
index list: [43, 1, 2, 3, 4, 5, 6, 7, 8, 9, 10, 11, 12, 13, 16, 76, 47, 74, 42, 17, 18, 19, 20, 21, 22, 23, 24, 25, 26, 27, 28, 29, 30, 31, 32, 78, 33, 34, 35, 36, 37, 38, 39, 40, 41, 0, 44, 45, 46, 79, 14, 15, 48, 75, 50, 51, 52, 53, 54, 55, 56, 57, 58, 77, 59, 60, 61, 62, 63, 64, 65, 66, 67, 68, 69, 70, 71, 49, 72, 73]
index list energy: 179118.012859147
Done


iterations: 10000000 temp: 1000000.0 exponent: 0.7 eif: 300.0
time taken (sec): 830.7978961467743
number of iterations: 10000000
og index list: [(0, 68), (1, 5), (2, 60), (3, 21), (4, 77), (5, 76), (6, 6), (7, 1), (8, 42), (9, 45), (10, 57), (11, 15), (12, 23), (13, 17), (79, 20), (14, 46), (15, 75), (16, 30), (78, 43), (17, 7), (18, 4), (19, 69), (20, 22), (21, 51), (22, 34), (23, 56), (24, 61), (25, 11), (26, 48), (27, 14), (28, 62), (29, 33), (30, 72), (31, 31), (32, 74), (77, 8), (33, 3), (34, 27), (35, 54), (36, 29), (37, 47), (38, 19), (39, 28), (40, 64), (41, 10), (76, 78), (42, 13), (43, 9), (44, 66), (45, 18), (46, 52), (47, 58), (48, 0), (49, 50), (50, 32), (51, 26), (52, 12), (53, 36), (54, 38), (55, 55), (56, 59), (57, 67), (58, 41), (75, 44), (59, 25), (60, 71), (61, 24), (62, 65), (63, 53), (64, 70), (65, 39), (66, 40), (67, 16), (68, 37), (69, 63), (70, 73), (71, 49), (74, 2), (72, 79), (73, 35)]
og index list energy: 111831978.2273195
index_list: [(0, 72), (1, 1), (2, 2), (3, 3), (4, 4), (5, 5), (6, 6), (7, 7), (8, 8), (9, 9), (10, 10), (11, 11), (12, 12), (13, 13), (79, 0), (14, 73), (15, 78), (16, 42), (78, 49), (17, 17), (18, 18), (19, 19), (20, 20), (21, 21), (22, 22), (23, 23), (24, 24), (25, 25), (26, 26), (27, 27), (28, 28), (29, 29), (30, 30), (31, 31), (32, 32), (77, 74), (33, 33), (34, 34), (35, 35), (36, 36), (37, 37), (38, 38), (39, 39), (40, 40), (41, 41), (76, 71), (42, 75), (43, 43), (44, 44), (45, 45), (46, 46), (47, 47), (48, 48), (49, 76), (50, 50), (51, 51), (52, 52), (53, 53), (54, 54), (55, 55), (56, 56), (57, 57), (58, 58), (75, 79), (59, 59), (60, 60), (61, 61), (62, 62), (63, 63), (64, 64), (65, 65), (66, 66), (67, 67), (68, 68), (69, 69), (70, 70), (71, 77), (74, 14), (72, 15), (73, 16)]
index list: [72, 1, 2, 3, 4, 5, 6, 7, 8, 9, 10, 11, 12, 13, 0, 73, 78, 42, 49, 17, 18, 19, 20, 21, 22, 23, 24, 25, 26, 27, 28, 29, 30, 31, 32, 74, 33, 34, 35, 36, 37, 38, 39, 40, 41, 71, 75, 43, 44, 45, 46, 47, 48, 76, 50, 51, 52, 53, 54, 55, 56, 57, 58, 79, 59, 60, 61, 62, 63, 64, 65, 66, 67, 68, 69, 70, 77, 14, 15, 16]
index list energy: 127641.54942859836
Done


iterations: 10000000 temp: 1000000.0 exponent: 0.7 eif: 300.0
time taken (sec): 846.479820728302
number of iterations: 10000000
og index list: [(0, 68), (1, 10), (2, 14), (3, 31), (4, 9), (5, 23), (6, 3), (7, 47), (8, 52), (9, 77), (10, 15), (11, 13), (12, 11), (13, 75), (79, 46), (14, 41), (15, 6), (16, 12), (78, 25), (17, 0), (18, 56), (19, 37), (20, 76), (21, 73), (22, 29), (23, 43), (24, 8), (25, 20), (26, 71), (27, 32), (28, 35), (29, 69), (30, 57), (31, 54), (32, 55), (77, 38), (33, 44), (34, 72), (35, 63), (36, 59), (37, 62), (38, 24), (39, 78), (40, 39), (41, 5), (76, 33), (42, 65), (43, 66), (44, 2), (45, 4), (46, 26), (47, 21), (48, 67), (49, 42), (50, 50), (51, 27), (52, 64), (53, 58), (54, 79), (55, 22), (56, 19), (57, 53), (58, 36), (75, 51), (59, 28), (60, 17), (61, 1), (62, 34), (63, 40), (64, 60), (65, 30), (66, 49), (67, 45), (68, 16), (69, 18), (70, 61), (71, 74), (74, 70), (72, 48), (73, 7)]
og index list energy: 114203753.25458436
index_list: [(0, 0), (1, 1), (2, 2), (3, 3), (4, 4), (5, 5), (6, 6), (7, 7), (8, 8), (9, 9), (10, 10), (11, 11), (12, 12), (13, 13), (79, 47), (14, 39), (15, 40), (16, 41), (78, 78), (17, 17), (18, 18), (19, 19), (20, 20), (21, 21), (22, 22), (23, 23), (24, 24), (25, 25), (26, 26), (27, 27), (28, 28), (29, 29), (30, 30), (31, 31), (32, 32), (77, 49), (33, 33), (34, 34), (35, 35), (36, 36), (37, 37), (38, 38), (39, 76), (40, 14), (41, 15), (76, 16), (42, 74), (43, 42), (44, 43), (45, 44), (46, 45), (47, 46), (48, 48), (49, 79), (50, 50), (51, 51), (52, 52), (53, 53), (54, 54), (55, 55), (56, 56), (57, 57), (58, 58), (75, 75), (59, 59), (60, 60), (61, 61), (62, 62), (63, 63), (64, 64), (65, 65), (66, 66), (67, 67), (68, 68), (69, 69), (70, 70), (71, 71), (74, 77), (72, 72), (73, 73)]
index list: [0, 1, 2, 3, 4, 5, 6, 7, 8, 9, 10, 11, 12, 13, 47, 39, 40, 41, 78, 17, 18, 19, 20, 21, 22, 23, 24, 25, 26, 27, 28, 29, 30, 31, 32, 49, 33, 34, 35, 36, 37, 38, 76, 14, 15, 16, 74, 42, 43, 44, 45, 46, 48, 79, 50, 51, 52, 53, 54, 55, 56, 57, 58, 75, 59, 60, 61, 62, 63, 64, 65, 66, 67, 68, 69, 70, 71, 77, 72, 73]
index list energy: 166514.30765502897
Done


iterations: 10000000 temp: 1000000.0 exponent: 0.7 eif: 300.0
time taken (sec): 834.6389660835266
number of iterations: 10000000
og index list: [(0, 26), (1, 35), (2, 12), (3, 62), (4, 31), (5, 23), (6, 67), (7, 36), (8, 34), (9, 45), (10, 4), (11, 2), (12, 10), (13, 65), (79, 39), (14, 11), (15, 40), (16, 56), (78, 17), (17, 55), (18, 79), (19, 21), (20, 52), (21, 42), (22, 50), (23, 77), (24, 15), (25, 41), (26, 28), (27, 66), (28, 1), (29, 75), (30, 47), (31, 76), (32, 63), (77, 72), (33, 37), (34, 29), (35, 49), (36, 69), (37, 59), (38, 61), (39, 0), (40, 48), (41, 5), (76, 24), (42, 54), (43, 22), (44, 78), (45, 33), (46, 13), (47, 18), (48, 19), (49, 6), (50, 51), (51, 43), (52, 64), (53, 32), (54, 53), (55, 73), (56, 7), (57, 68), (58, 60), (75, 9), (59, 58), (60, 14), (61, 38), (62, 3), (63, 27), (64, 25), (65, 70), (66, 44), (67, 16), (68, 30), (69, 74), (70, 71), (71, 46), (74, 57), (72, 8), (73, 20)]
og index list energy: 100661125.74329527
index_list: [(0, 72), (1, 1), (2, 2), (3, 3), (4, 4), (5, 5), (6, 6), (7, 7), (8, 8), (9, 9), (10, 10), (11, 11), (12, 75), (13, 14), (79, 77), (14, 12), (15, 13), (16, 16), (78, 74), (17, 17), (18, 18), (19, 19), (20, 20), (21, 21), (22, 22), (23, 23), (24, 24), (25, 25), (26, 26), (27, 27), (28, 28), (29, 29), (30, 30), (31, 31), (32, 32), (77, 49), (33, 33), (34, 34), (35, 35), (36, 36), (37, 37), (38, 38), (39, 39), (40, 40), (41, 41), (76, 78), (42, 42), (43, 43), (44, 44), (45, 45), (46, 46), (47, 47), (48, 48), (49, 76), (50, 15), (51, 51), (52, 52), (53, 53), (54, 54), (55, 55), (56, 56), (57, 57), (58, 58), (75, 79), (59, 59), (60, 60), (61, 61), (62, 62), (63, 63), (64, 64), (65, 65), (66, 66), (67, 67), (68, 68), (69, 69), (70, 70), (71, 71), (74, 50), (72, 0), (73, 73)]
index list: [72, 1, 2, 3, 4, 5, 6, 7, 8, 9, 10, 11, 75, 14, 77, 12, 13, 16, 74, 17, 18, 19, 20, 21, 22, 23, 24, 25, 26, 27, 28, 29, 30, 31, 32, 49, 33, 34, 35, 36, 37, 38, 39, 40, 41, 78, 42, 43, 44, 45, 46, 47, 48, 76, 15, 51, 52, 53, 54, 55, 56, 57, 58, 79, 59, 60, 61, 62, 63, 64, 65, 66, 67, 68, 69, 70, 71, 50, 0, 73]
index list energy: 145574.6356350164
Done


iterations: 10000000 temp: 1000000.0 exponent: 0.7 eif: 300.0
time taken (sec): 836.3646759986877
number of iterations: 10000000
og index list: [(0, 70), (1, 25), (2, 5), (3, 64), (4, 7), (5, 19), (6, 79), (7, 57), (8, 8), (9, 30), (10, 49), (11, 50), (12, 71), (13, 28), (79, 47), (14, 17), (15, 13), (16, 15), (78, 4), (17, 54), (18, 78), (19, 51), (20, 39), (21, 46), (22, 52), (23, 65), (24, 63), (25, 6), (26, 73), (27, 9), (28, 72), (29, 12), (30, 22), (31, 59), (32, 55), (77, 74), (33, 40), (34, 68), (35, 24), (36, 41), (37, 20), (38, 34), (39, 53), (40, 32), (41, 45), (76, 26), (42, 60), (43, 16), (44, 0), (45, 61), (46, 58), (47, 69), (48, 23), (49, 14), (50, 75), (51, 31), (52, 67), (53, 35), (54, 36), (55, 29), (56, 3), (57, 76), (58, 33), (75, 62), (59, 44), (60, 2), (61, 10), (62, 37), (63, 43), (64, 42), (65, 11), (66, 56), (67, 27), (68, 66), (69, 77), (70, 48), (71, 21), (74, 38), (72, 1), (73, 18)]
og index list energy: 108040353.99777631
index_list: [(0, 72), (1, 1), (2, 2), (3, 0), (4, 73), (5, 79), (6, 6), (7, 7), (8, 8), (9, 9), (10, 10), (11, 11), (12, 12), (13, 13), (79, 75), (14, 14), (15, 15), (16, 16), (78, 78), (17, 17), (18, 18), (19, 19), (20, 20), (21, 21), (22, 22), (23, 23), (24, 24), (25, 25), (26, 26), (27, 27), (28, 28), (29, 29), (30, 30), (31, 31), (32, 32), (77, 77), (33, 33), (34, 34), (35, 35), (36, 36), (37, 37), (38, 38), (39, 39), (40, 40), (41, 41), (76, 76), (42, 42), (43, 43), (44, 44), (45, 45), (46, 46), (47, 47), (48, 48), (49, 74), (50, 50), (51, 51), (52, 52), (53, 53), (54, 54), (55, 55), (56, 56), (57, 57), (58, 58), (75, 49), (59, 59), (60, 60), (61, 61), (62, 62), (63, 63), (64, 64), (65, 65), (66, 66), (67, 67), (68, 68), (69, 69), (70, 70), (71, 71), (74, 4), (72, 5), (73, 3)]
index list: [72, 1, 2, 0, 73, 79, 6, 7, 8, 9, 10, 11, 12, 13, 75, 14, 15, 16, 78, 17, 18, 19, 20, 21, 22, 23, 24, 25, 26, 27, 28, 29, 30, 31, 32, 77, 33, 34, 35, 36, 37, 38, 39, 40, 41, 76, 42, 43, 44, 45, 46, 47, 48, 74, 50, 51, 52, 53, 54, 55, 56, 57, 58, 49, 59, 60, 61, 62, 63, 64, 65, 66, 67, 68, 69, 70, 71, 4, 5, 3]
index list energy: 121336.90490276847
Done


iterations: 10000000 temp: 1000000.0 exponent: 0.7 eif: 300.0
time taken (sec): 873.0638456344604
number of iterations: 10000000
og index list: [(0, 55), (1, 63), (2, 31), (3, 70), (4, 33), (5, 54), (6, 35), (7, 42), (8, 58), (9, 39), (10, 20), (11, 9), (12, 41), (13, 16), (79, 49), (14, 46), (15, 79), (16, 12), (78, 34), (17, 66), (18, 2), (19, 0), (20, 48), (21, 17), (22, 25), (23, 45), (24, 30), (25, 13), (26, 71), (27, 59), (28, 75), (29, 50), (30, 73), (31, 10), (32, 22), (77, 44), (33, 77), (34, 51), (35, 61), (36, 27), (37, 69), (38, 40), (39, 24), (40, 76), (41, 78), (76, 47), (42, 23), (43, 37), (44, 3), (45, 64), (46, 52), (47, 72), (48, 18), (49, 57), (50, 38), (51, 15), (52, 53), (53, 4), (54, 28), (55, 1), (56, 74), (57, 32), (58, 11), (75, 36), (59, 19), (60, 7), (61, 26), (62, 29), (63, 6), (64, 68), (65, 62), (66, 65), (67, 56), (68, 60), (69, 8), (70, 5), (71, 67), (74, 21), (72, 14), (73, 43)]
og index list energy: 143658773.3992994
index_list: [(0, 0), (1, 1), (2, 2), (3, 3), (4, 4), (5, 5), (6, 6), (7, 7), (8, 8), (9, 9), (10, 10), (11, 11), (12, 12), (13, 13), (79, 75), (14, 14), (15, 15), (16, 16), (78, 78), (17, 17), (18, 18), (19, 19), (20, 20), (21, 21), (22, 22), (23, 23), (24, 24), (25, 25), (26, 26), (27, 27), (28, 28), (29, 29), (30, 30), (31, 31), (32, 32), (77, 74), (33, 33), (34, 34), (35, 35), (36, 36), (37, 37), (38, 38), (39, 39), (40, 40), (41, 41), (76, 77), (42, 42), (43, 43), (44, 44), (45, 45), (46, 46), (47, 47), (48, 48), (49, 49), (50, 50), (51, 51), (52, 52), (53, 53), (54, 54), (55, 55), (56, 56), (57, 57), (58, 58), (75, 79), (59, 59), (60, 60), (61, 61), (62, 62), (63, 63), (64, 64), (65, 65), (66, 66), (67, 67), (68, 68), (69, 69), (70, 70), (71, 71), (74, 76), (72, 72), (73, 73)]
index list: [0, 1, 2, 3, 4, 5, 6, 7, 8, 9, 10, 11, 12, 13, 75, 14, 15, 16, 78, 17, 18, 19, 20, 21, 22, 23, 24, 25, 26, 27, 28, 29, 30, 31, 32, 74, 33, 34, 35, 36, 37, 38, 39, 40, 41, 77, 42, 43, 44, 45, 46, 47, 48, 49, 50, 51, 52, 53, 54, 55, 56, 57, 58, 79, 59, 60, 61, 62, 63, 64, 65, 66, 67, 68, 69, 70, 71, 76, 72, 73]
index list energy: 97911.32412903158
Done


iterations: 10000000 temp: 1000000.0 exponent: 0.7 eif: 300.0
time taken (sec): 834.7412350177765
number of iterations: 10000000
og index list: [(0, 17), (1, 30), (2, 62), (3, 79), (4, 65), (5, 23), (6, 43), (7, 67), (8, 50), (9, 38), (10, 6), (11, 22), (12, 20), (13, 52), (79, 0), (14, 11), (15, 76), (16, 33), (78, 61), (17, 69), (18, 47), (19, 74), (20, 37), (21, 39), (22, 9), (23, 72), (24, 18), (25, 36), (26, 45), (27, 77), (28, 27), (29, 24), (30, 60), (31, 55), (32, 40), (77, 53), (33, 34), (34, 63), (35, 70), (36, 78), (37, 31), (38, 12), (39, 16), (40, 15), (41, 58), (76, 48), (42, 42), (43, 75), (44, 19), (45, 1), (46, 64), (47, 28), (48, 54), (49, 21), (50, 44), (51, 56), (52, 25), (53, 57), (54, 41), (55, 46), (56, 7), (57, 2), (58, 35), (75, 51), (59, 71), (60, 5), (61, 26), (62, 10), (63, 29), (64, 66), (65, 68), (66, 8), (67, 49), (68, 3), (69, 32), (70, 4), (71, 59), (74, 73), (72, 13), (73, 14)]
og index list energy: 81220451.265467
index_list: [(0, 72), (1, 1), (2, 2), (3, 3), (4, 4), (5, 5), (6, 6), (7, 7), (8, 8), (9, 9), (10, 10), (11, 11), (12, 12), (13, 13), (79, 77), (14, 14), (15, 15), (16, 75), (78, 42), (17, 17), (18, 18), (19, 19), (20, 20), (21, 21), (22, 22), (23, 23), (24, 24), (25, 25), (26, 26), (27, 27), (28, 28), (29, 29), (30, 30), (31, 31), (32, 32), (77, 49), (33, 33), (34, 34), (35, 35), (36, 36), (37, 37), (38, 38), (39, 39), (40, 40), (41, 41), (76, 78), (42, 16), (43, 79), (44, 44), (45, 45), (46, 46), (47, 47), (48, 48), (49, 76), (50, 43), (51, 51), (52, 52), (53, 53), (54, 54), (55, 55), (56, 56), (57, 57), (58, 58), (75, 74), (59, 59), (60, 60), (61, 61), (62, 62), (63, 63), (64, 64), (65, 65), (66, 66), (67, 67), (68, 68), (69, 69), (70, 70), (71, 71), (74, 0), (72, 73), (73, 50)]
index list: [72, 1, 2, 3, 4, 5, 6, 7, 8, 9, 10, 11, 12, 13, 77, 14, 15, 75, 42, 17, 18, 19, 20, 21, 22, 23, 24, 25, 26, 27, 28, 29, 30, 31, 32, 49, 33, 34, 35, 36, 37, 38, 39, 40, 41, 78, 16, 79, 44, 45, 46, 47, 48, 76, 43, 51, 52, 53, 54, 55, 56, 57, 58, 74, 59, 60, 61, 62, 63, 64, 65, 66, 67, 68, 69, 70, 71, 0, 73, 50]
index list energy: 144559.13084244935
Done


iterations: 10000000 temp: 1000000.0 exponent: 0.7 eif: 300.0
time taken (sec): 874.8305163383484
number of iterations: 10000000
og index list: [(0, 20), (1, 41), (2, 6), (3, 16), (4, 25), (5, 63), (6, 7), (7, 51), (8, 71), (9, 50), (10, 60), (11, 68), (12, 43), (13, 77), (79, 19), (14, 18), (15, 24), (16, 34), (78, 14), (17, 44), (18, 39), (19, 58), (20, 1), (21, 22), (22, 40), (23, 45), (24, 59), (25, 53), (26, 35), (27, 37), (28, 57), (29, 72), (30, 3), (31, 46), (32, 26), (77, 5), (33, 36), (34, 15), (35, 74), (36, 70), (37, 27), (38, 76), (39, 73), (40, 0), (41, 2), (76, 42), (42, 67), (43, 48), (44, 79), (45, 9), (46, 69), (47, 23), (48, 10), (49, 8), (50, 21), (51, 75), (52, 55), (53, 66), (54, 61), (55, 78), (56, 17), (57, 28), (58, 49), (75, 52), (59, 65), (60, 29), (61, 13), (62, 38), (63, 33), (64, 12), (65, 62), (66, 47), (67, 64), (68, 56), (69, 31), (70, 11), (71, 4), (74, 54), (72, 32), (73, 30)]
og index list energy: 93757323.24451064
index_list: [(0, 0), (1, 1), (2, 2), (3, 3), (4, 4), (5, 5), (6, 6), (7, 7), (8, 8), (9, 9), (10, 10), (11, 11), (12, 12), (13, 13), (79, 76), (14, 14), (15, 15), (16, 16), (78, 77), (17, 17), (18, 18), (19, 19), (20, 20), (21, 21), (22, 22), (23, 23), (24, 24), (25, 25), (26, 26), (27, 27), (28, 28), (29, 29), (30, 30), (31, 31), (32, 32), (77, 79), (33, 33), (34, 34), (35, 35), (36, 36), (37, 37), (38, 38), (39, 39), (40, 40), (41, 41), (76, 75), (42, 42), (43, 43), (44, 44), (45, 45), (46, 46), (47, 47), (48, 48), (49, 49), (50, 50), (51, 51), (52, 52), (53, 53), (54, 54), (55, 55), (56, 56), (57, 57), (58, 58), (75, 74), (59, 59), (60, 60), (61, 61), (62, 62), (63, 63), (64, 64), (65, 65), (66, 66), (67, 67), (68, 68), (69, 69), (70, 70), (71, 71), (74, 78), (72, 72), (73, 73)]
index list: [0, 1, 2, 3, 4, 5, 6, 7, 8, 9, 10, 11, 12, 13, 76, 14, 15, 16, 77, 17, 18, 19, 20, 21, 22, 23, 24, 25, 26, 27, 28, 29, 30, 31, 32, 79, 33, 34, 35, 36, 37, 38, 39, 40, 41, 75, 42, 43, 44, 45, 46, 47, 48, 49, 50, 51, 52, 53, 54, 55, 56, 57, 58, 74, 59, 60, 61, 62, 63, 64, 65, 66, 67, 68, 69, 70, 71, 78, 72, 73]
index list energy: 97911.32412903158
Done


iterations: 10000000 temp: 1000000.0 exponent: 0.7 eif: 300.0
time taken (sec): 805.5024657249451
number of iterations: 10000000
og index list: [(0, 45), (1, 74), (2, 39), (3, 41), (4, 44), (5, 29), (6, 15), (7, 37), (8, 26), (9, 58), (10, 27), (11, 61), (12, 32), (13, 16), (79, 38), (14, 46), (15, 49), (16, 20), (78, 72), (17, 33), (18, 23), (19, 18), (20, 78), (21, 21), (22, 40), (23, 35), (24, 65), (25, 51), (26, 54), (27, 66), (28, 68), (29, 77), (30, 0), (31, 57), (32, 56), (77, 9), (33, 50), (34, 53), (35, 67), (36, 75), (37, 43), (38, 1), (39, 4), (40, 36), (41, 48), (76, 59), (42, 2), (43, 52), (44, 25), (45, 64), (46, 55), (47, 69), (48, 5), (49, 79), (50, 60), (51, 73), (52, 22), (53, 76), (54, 8), (55, 6), (56, 42), (57, 24), (58, 34), (75, 28), (59, 19), (60, 47), (61, 63), (62, 17), (63, 31), (64, 3), (65, 62), (66, 14), (67, 7), (68, 10), (69, 13), (70, 12), (71, 71), (74, 11), (72, 70), (73, 30)]
og index list energy: 134720024.87916014
index_list: [(0, 72), (1, 73), (2, 78), (3, 14), (4, 75), (5, 5), (6, 76), (7, 17), (8, 18), (9, 6), (10, 7), (11, 8), (12, 9), (13, 10), (79, 11), (14, 12), (15, 13), (16, 16), (78, 0), (17, 1), (18, 2), (19, 19), (20, 20), (21, 21), (22, 22), (23, 23), (24, 24), (25, 25), (26, 26), (27, 27), (28, 28), (29, 29), (30, 30), (31, 31), (32, 32), (77, 74), (33, 33), (34, 34), (35, 35), (36, 36), (37, 37), (38, 38), (39, 39), (40, 40), (41, 41), (76, 79), (42, 42), (43, 43), (44, 44), (45, 45), (46, 46), (47, 47), (48, 48), (49, 49), (50, 50), (51, 51), (52, 52), (53, 53), (54, 54), (55, 55), (56, 56), (57, 57), (58, 58), (75, 77), (59, 59), (60, 60), (61, 61), (62, 62), (63, 63), (64, 64), (65, 65), (66, 66), (67, 67), (68, 68), (69, 69), (70, 70), (71, 71), (74, 4), (72, 15), (73, 3)]
index list: [72, 73, 78, 14, 75, 5, 76, 17, 18, 6, 7, 8, 9, 10, 11, 12, 13, 16, 0, 1, 2, 19, 20, 21, 22, 23, 24, 25, 26, 27, 28, 29, 30, 31, 32, 74, 33, 34, 35, 36, 37, 38, 39, 40, 41, 79, 42, 43, 44, 45, 46, 47, 48, 49, 50, 51, 52, 53, 54, 55, 56, 57, 58, 77, 59, 60, 61, 62, 63, 64, 65, 66, 67, 68, 69, 70, 71, 4, 15, 3]
index list energy: 175221.1273233665
Done


iterations: 10000000 temp: 1000000.0 exponent: 0.7 eif: 300.0
time taken (sec): 851.0793876647949
number of iterations: 10000000
og index list: [(0, 50), (1, 79), (2, 75), (3, 67), (4, 15), (5, 19), (6, 8), (7, 26), (8, 4), (9, 31), (10, 52), (11, 17), (12, 51), (13, 47), (79, 71), (14, 35), (15, 10), (16, 65), (78, 14), (17, 3), (18, 30), (19, 59), (20, 38), (21, 60), (22, 43), (23, 9), (24, 64), (25, 25), (26, 32), (27, 6), (28, 69), (29, 16), (30, 74), (31, 54), (32, 48), (77, 63), (33, 70), (34, 29), (35, 7), (36, 33), (37, 39), (38, 18), (39, 42), (40, 22), (41, 76), (76, 73), (42, 55), (43, 24), (44, 27), (45, 45), (46, 44), (47, 40), (48, 72), (49, 57), (50, 13), (51, 66), (52, 56), (53, 68), (54, 5), (55, 46), (56, 23), (57, 37), (58, 58), (75, 41), (59, 1), (60, 12), (61, 53), (62, 0), (63, 21), (64, 61), (65, 77), (66, 62), (67, 78), (68, 36), (69, 34), (70, 11), (71, 28), (74, 2), (72, 20), (73, 49)]
og index list energy: 110051504.39424272
index_list: [(0, 0), (1, 1), (2, 2), (3, 3), (4, 4), (5, 5), (6, 6), (7, 7), (8, 8), (9, 9), (10, 10), (11, 11), (12, 12), (13, 13), (79, 74), (14, 14), (15, 15), (16, 16), (78, 79), (17, 17), (18, 18), (19, 19), (20, 20), (21, 21), (22, 22), (23, 23), (24, 24), (25, 25), (26, 26), (27, 27), (28, 28), (29, 29), (30, 30), (31, 31), (32, 32), (77, 49), (33, 33), (34, 34), (35, 35), (36, 36), (37, 37), (38, 38), (39, 39), (40, 40), (41, 41), (76, 71), (42, 78), (43, 43), (44, 44), (45, 45), (46, 46), (47, 47), (48, 48), (49, 76), (50, 50), (51, 51), (52, 52), (53, 53), (54, 54), (55, 55), (56, 56), (57, 57), (58, 58), (75, 77), (59, 59), (60, 60), (61, 61), (62, 62), (63, 63), (64, 64), (65, 65), (66, 66), (67, 67), (68, 68), (69, 69), (70, 70), (71, 75), (74, 42), (72, 72), (73, 73)]
index list: [0, 1, 2, 3, 4, 5, 6, 7, 8, 9, 10, 11, 12, 13, 74, 14, 15, 16, 79, 17, 18, 19, 20, 21, 22, 23, 24, 25, 26, 27, 28, 29, 30, 31, 32, 49, 33, 34, 35, 36, 37, 38, 39, 40, 41, 71, 78, 43, 44, 45, 46, 47, 48, 76, 50, 51, 52, 53, 54, 55, 56, 57, 58, 77, 59, 60, 61, 62, 63, 64, 65, 66, 67, 68, 69, 70, 75, 42, 72, 73]
index list energy: 108070.45780373304
Done


iterations: 10000000 temp: 1000000.0 exponent: 0.7 eif: 300.0
time taken (sec): 812.2569341659546
number of iterations: 10000000
og index list: [(0, 6), (1, 54), (2, 36), (3, 62), (4, 3), (5, 21), (6, 56), (7, 10), (8, 31), (9, 8), (10, 19), (11, 77), (12, 74), (13, 20), (79, 30), (14, 78), (15, 1), (16, 60), (78, 2), (17, 45), (18, 14), (19, 52), (20, 68), (21, 40), (22, 44), (23, 69), (24, 53), (25, 34), (26, 66), (27, 28), (28, 16), (29, 58), (30, 70), (31, 18), (32, 63), (77, 47), (33, 57), (34, 49), (35, 76), (36, 61), (37, 51), (38, 32), (39, 13), (40, 72), (41, 11), (76, 24), (42, 29), (43, 41), (44, 23), (45, 35), (46, 12), (47, 25), (48, 33), (49, 39), (50, 48), (51, 65), (52, 7), (53, 9), (54, 17), (55, 15), (56, 43), (57, 5), (58, 46), (75, 27), (59, 26), (60, 67), (61, 71), (62, 73), (63, 38), (64, 79), (65, 50), (66, 4), (67, 42), (68, 55), (69, 0), (70, 22), (71, 37), (74, 75), (72, 64), (73, 59)]
og index list energy: 129034317.67063762
index_list: [(0, 14), (1, 15), (2, 77), (3, 42), (4, 72), (5, 73), (6, 76), (7, 1), (8, 2), (9, 6), (10, 7), (11, 8), (12, 9), (13, 10), (79, 11), (14, 12), (15, 13), (16, 16), (78, 75), (17, 17), (18, 18), (19, 19), (20, 20), (21, 21), (22, 22), (23, 23), (24, 24), (25, 25), (26, 26), (27, 27), (28, 28), (29, 29), (30, 30), (31, 31), (32, 32), (77, 74), (33, 33), (34, 34), (35, 35), (36, 36), (37, 37), (38, 38), (39, 39), (40, 40), (41, 41), (76, 0), (42, 79), (43, 43), (44, 44), (45, 45), (46, 46), (47, 47), (48, 48), (49, 49), (50, 50), (51, 51), (52, 52), (53, 53), (54, 54), (55, 55), (56, 56), (57, 57), (58, 58), (75, 78), (59, 59), (60, 60), (61, 61), (62, 62), (63, 63), (64, 64), (65, 65), (66, 66), (67, 67), (68, 68), (69, 69), (70, 70), (71, 71), (74, 4), (72, 5), (73, 3)]
index list: [14, 15, 77, 42, 72, 73, 76, 1, 2, 6, 7, 8, 9, 10, 11, 12, 13, 16, 75, 17, 18, 19, 20, 21, 22, 23, 24, 25, 26, 27, 28, 29, 30, 31, 32, 74, 33, 34, 35, 36, 37, 38, 39, 40, 41, 0, 79, 43, 44, 45, 46, 47, 48, 49, 50, 51, 52, 53, 54, 55, 56, 57, 58, 78, 59, 60, 61, 62, 63, 64, 65, 66, 67, 68, 69, 70, 71, 4, 5, 3]
index list energy: 181253.20877717552
Done


iterations: 10000000 temp: 1000000.0 exponent: 0.7 eif: 300.0
time taken (sec): 769.5409631729126
number of iterations: 10000000
og index list: [(0, 37), (1, 10), (2, 8), (3, 55), (4, 12), (5, 26), (6, 31), (7, 74), (8, 78), (9, 69), (10, 3), (11, 65), (12, 19), (13, 72), (79, 15), (14, 17), (15, 60), (16, 47), (78, 11), (17, 49), (18, 50), (19, 18), (20, 21), (21, 66), (22, 59), (23, 57), (24, 52), (25, 32), (26, 13), (27, 58), (28, 64), (29, 40), (30, 48), (31, 45), (32, 73), (77, 42), (33, 71), (34, 1), (35, 24), (36, 75), (37, 27), (38, 20), (39, 36), (40, 7), (41, 79), (76, 38), (42, 2), (43, 6), (44, 62), (45, 67), (46, 46), (47, 23), (48, 43), (49, 41), (50, 63), (51, 30), (52, 14), (53, 61), (54, 44), (55, 4), (56, 35), (57, 39), (58, 9), (75, 16), (59, 34), (60, 33), (61, 70), (62, 28), (63, 51), (64, 5), (65, 29), (66, 22), (67, 56), (68, 53), (69, 68), (70, 54), (71, 77), (74, 76), (72, 0), (73, 25)]
og index list energy: 111036502.620747
index_list: [(0, 33), (1, 0), (2, 1), (3, 2), (4, 3), (5, 40), (6, 6), (7, 7), (8, 8), (9, 16), (10, 76), (11, 14), (12, 15), (13, 9), (79, 10), (14, 11), (15, 12), (16, 78), (78, 42), (17, 17), (18, 18), (19, 19), (20, 20), (21, 21), (22, 22), (23, 23), (24, 24), (25, 25), (26, 26), (27, 27), (28, 28), (29, 29), (30, 30), (31, 31), (32, 79), (77, 72), (33, 58), (34, 75), (35, 13), (36, 36), (37, 37), (38, 38), (39, 39), (40, 50), (41, 51), (76, 52), (42, 77), (43, 43), (44, 44), (45, 45), (46, 46), (47, 47), (48, 48), (49, 34), (50, 35), (51, 32), (52, 74), (53, 53), (54, 54), (55, 55), (56, 56), (57, 57), (58, 73), (75, 49), (59, 59), (60, 60), (61, 61), (62, 62), (63, 63), (64, 64), (65, 65), (66, 66), (67, 67), (68, 68), (69, 69), (70, 70), (71, 71), (74, 4), (72, 5), (73, 41)]
index list: [33, 0, 1, 2, 3, 40, 6, 7, 8, 16, 76, 14, 15, 9, 10, 11, 12, 78, 42, 17, 18, 19, 20, 21, 22, 23, 24, 25, 26, 27, 28, 29, 30, 31, 79, 72, 58, 75, 13, 36, 37, 38, 39, 50, 51, 52, 77, 43, 44, 45, 46, 47, 48, 34, 35, 32, 74, 53, 54, 55, 56, 57, 73, 49, 59, 60, 61, 62, 63, 64, 65, 66, 67, 68, 69, 70, 71, 4, 5, 41]
index list energy: 371416.5743848562
Done


iterations: 10000000 temp: 1000000.0 exponent: 0.7 eif: 300.0
time taken (sec): 857.9916272163391
number of iterations: 10000000
og index list: [(0, 39), (1, 55), (2, 35), (3, 69), (4, 33), (5, 49), (6, 54), (7, 36), (8, 14), (9, 32), (10, 62), (11, 10), (12, 42), (13, 65), (79, 29), (14, 67), (15, 1), (16, 79), (78, 66), (17, 6), (18, 19), (19, 52), (20, 41), (21, 12), (22, 18), (23, 26), (24, 72), (25, 70), (26, 28), (27, 75), (28, 43), (29, 27), (30, 0), (31, 2), (32, 50), (77, 45), (33, 57), (34, 58), (35, 11), (36, 5), (37, 64), (38, 23), (39, 21), (40, 56), (41, 3), (76, 22), (42, 37), (43, 20), (44, 59), (45, 13), (46, 63), (47, 16), (48, 60), (49, 74), (50, 77), (51, 17), (52, 76), (53, 78), (54, 46), (55, 73), (56, 51), (57, 68), (58, 71), (75, 30), (59, 34), (60, 47), (61, 8), (62, 7), (63, 25), (64, 40), (65, 48), (66, 53), (67, 9), (68, 4), (69, 44), (70, 61), (71, 38), (74, 24), (72, 31), (73, 15)]
og index list energy: 98503575.49598196
index_list: [(0, 72), (1, 1), (2, 2), (3, 3), (4, 4), (5, 5), (6, 6), (7, 7), (8, 8), (9, 9), (10, 10), (11, 11), (12, 12), (13, 13), (79, 49), (14, 14), (15, 15), (16, 16), (78, 75), (17, 17), (18, 18), (19, 19), (20, 20), (21, 21), (22, 22), (23, 23), (24, 24), (25, 25), (26, 26), (27, 27), (28, 28), (29, 29), (30, 30), (31, 31), (32, 32), (77, 77), (33, 33), (34, 34), (35, 35), (36, 36), (37, 37), (38, 38), (39, 39), (40, 40), (41, 41), (76, 0), (42, 73), (43, 79), (44, 44), (45, 45), (46, 46), (47, 47), (48, 48), (49, 76), (50, 50), (51, 51), (52, 52), (53, 53), (54, 54), (55, 55), (56, 56), (57, 57), (58, 58), (75, 78), (59, 59), (60, 60), (61, 61), (62, 62), (63, 63), (64, 64), (65, 65), (66, 66), (67, 67), (68, 68), (69, 69), (70, 70), (71, 71), (74, 74), (72, 42), (73, 43)]
index list: [72, 1, 2, 3, 4, 5, 6, 7, 8, 9, 10, 11, 12, 13, 49, 14, 15, 16, 75, 17, 18, 19, 20, 21, 22, 23, 24, 25, 26, 27, 28, 29, 30, 31, 32, 77, 33, 34, 35, 36, 37, 38, 39, 40, 41, 0, 73, 79, 44, 45, 46, 47, 48, 76, 50, 51, 52, 53, 54, 55, 56, 57, 58, 78, 59, 60, 61, 62, 63, 64, 65, 66, 67, 68, 69, 70, 71, 74, 42, 43]
index list energy: 116896.14165151541
Done


iterations: 10000000 temp: 1000000.0 exponent: 0.7 eif: 300.0
time taken (sec): 816.6719298362732
number of iterations: 10000000
og index list: [(0, 17), (1, 65), (2, 42), (3, 1), (4, 46), (5, 22), (6, 44), (7, 3), (8, 78), (9, 62), (10, 47), (11, 79), (12, 11), (13, 30), (79, 56), (14, 55), (15, 16), (16, 9), (78, 21), (17, 14), (18, 64), (19, 72), (20, 51), (21, 37), (22, 77), (23, 5), (24, 27), (25, 32), (26, 26), (27, 7), (28, 60), (29, 6), (30, 70), (31, 76), (32, 29), (77, 54), (33, 18), (34, 33), (35, 39), (36, 15), (37, 0), (38, 36), (39, 49), (40, 68), (41, 69), (76, 25), (42, 23), (43, 50), (44, 73), (45, 34), (46, 13), (47, 52), (48, 45), (49, 71), (50, 19), (51, 67), (52, 28), (53, 12), (54, 8), (55, 61), (56, 48), (57, 66), (58, 75), (75, 41), (59, 31), (60, 2), (61, 38), (62, 24), (63, 59), (64, 4), (65, 10), (66, 40), (67, 74), (68, 20), (69, 57), (70, 35), (71, 63), (74, 53), (72, 43), (73, 58)]
og index list energy: 126524526.1864474
index_list: [(0, 72), (1, 1), (2, 2), (3, 3), (4, 4), (5, 5), (6, 6), (7, 7), (8, 8), (9, 74), (10, 71), (11, 50), (12, 51), (13, 10), (79, 11), (14, 12), (15, 13), (16, 16), (78, 78), (17, 17), (18, 18), (19, 19), (20, 20), (21, 21), (22, 22), (23, 23), (24, 24), (25, 25), (26, 26), (27, 27), (28, 28), (29, 29), (30, 30), (31, 31), (32, 32), (77, 76), (33, 33), (34, 34), (35, 35), (36, 36), (37, 37), (38, 38), (39, 39), (40, 40), (41, 41), (76, 49), (42, 42), (43, 43), (44, 44), (45, 45), (46, 46), (47, 47), (48, 48), (49, 77), (50, 15), (51, 9), (52, 52), (53, 53), (54, 54), (55, 55), (56, 56), (57, 57), (58, 58), (75, 79), (59, 59), (60, 60), (61, 61), (62, 62), (63, 63), (64, 64), (65, 65), (66, 66), (67, 67), (68, 68), (69, 69), (70, 70), (71, 75), (74, 14), (72, 0), (73, 73)]
index list: [72, 1, 2, 3, 4, 5, 6, 7, 8, 74, 71, 50, 51, 10, 11, 12, 13, 16, 78, 17, 18, 19, 20, 21, 22, 23, 24, 25, 26, 27, 28, 29, 30, 31, 32, 76, 33, 34, 35, 36, 37, 38, 39, 40, 41, 49, 42, 43, 44, 45, 46, 47, 48, 77, 15, 9, 52, 53, 54, 55, 56, 57, 58, 79, 59, 60, 61, 62, 63, 64, 65, 66, 67, 68, 69, 70, 75, 14, 0, 73]
index list energy: 153600.58590660183
Done


iterations: 10000000 temp: 1000000.0 exponent: 0.7 eif: 300.0
time taken (sec): 869.0422151088715
number of iterations: 10000000
og index list: [(0, 58), (1, 53), (2, 49), (3, 27), (4, 30), (5, 39), (6, 20), (7, 23), (8, 61), (9, 46), (10, 55), (11, 16), (12, 69), (13, 78), (79, 12), (14, 37), (15, 41), (16, 72), (78, 33), (17, 45), (18, 8), (19, 3), (20, 57), (21, 31), (22, 2), (23, 60), (24, 24), (25, 76), (26, 48), (27, 29), (28, 0), (29, 35), (30, 63), (31, 36), (32, 4), (77, 25), (33, 50), (34, 32), (35, 26), (36, 22), (37, 73), (38, 11), (39, 21), (40, 67), (41, 59), (76, 14), (42, 62), (43, 44), (44, 51), (45, 47), (46, 77), (47, 52), (48, 15), (49, 17), (50, 71), (51, 9), (52, 43), (53, 79), (54, 65), (55, 5), (56, 56), (57, 54), (58, 42), (75, 75), (59, 13), (60, 64), (61, 6), (62, 34), (63, 19), (64, 74), (65, 68), (66, 40), (67, 28), (68, 18), (69, 66), (70, 70), (71, 7), (74, 38), (72, 1), (73, 10)]
og index list energy: 114480946.53075948
index_list: [(0, 0), (1, 1), (2, 2), (3, 3), (4, 4), (5, 5), (6, 6), (7, 7), (8, 8), (9, 9), (10, 10), (11, 11), (12, 12), (13, 13), (79, 79), (14, 14), (15, 15), (16, 16), (78, 76), (17, 17), (18, 18), (19, 19), (20, 20), (21, 21), (22, 22), (23, 23), (24, 24), (25, 25), (26, 26), (27, 27), (28, 28), (29, 29), (30, 30), (31, 31), (32, 32), (77, 49), (33, 33), (34, 34), (35, 35), (36, 36), (37, 37), (38, 38), (39, 39), (40, 40), (41, 41), (76, 78), (42, 42), (43, 43), (44, 44), (45, 45), (46, 46), (47, 47), (48, 48), (49, 74), (50, 50), (51, 51), (52, 52), (53, 53), (54, 54), (55, 55), (56, 56), (57, 57), (58, 58), (75, 77), (59, 59), (60, 60), (61, 61), (62, 62), (63, 63), (64, 64), (65, 65), (66, 66), (67, 67), (68, 68), (69, 69), (70, 70), (71, 71), (74, 75), (72, 72), (73, 73)]
index list: [0, 1, 2, 3, 4, 5, 6, 7, 8, 9, 10, 11, 12, 13, 79, 14, 15, 16, 76, 17, 18, 19, 20, 21, 22, 23, 24, 25, 26, 27, 28, 29, 30, 31, 32, 49, 33, 34, 35, 36, 37, 38, 39, 40, 41, 78, 42, 43, 44, 45, 46, 47, 48, 74, 50, 51, 52, 53, 54, 55, 56, 57, 58, 77, 59, 60, 61, 62, 63, 64, 65, 66, 67, 68, 69, 70, 71, 75, 72, 73]
index list energy: 98209.82393678775
Done


iterations: 10000000 temp: 1000000.0 exponent: 0.7 eif: 300.0
time taken (sec): 871.5339868068695
number of iterations: 10000000
og index list: [(0, 34), (1, 46), (2, 9), (3, 64), (4, 52), (5, 15), (6, 3), (7, 23), (8, 38), (9, 67), (10, 20), (11, 72), (12, 73), (13, 6), (79, 57), (14, 78), (15, 51), (16, 62), (78, 26), (17, 61), (18, 74), (19, 56), (20, 21), (21, 49), (22, 13), (23, 68), (24, 50), (25, 48), (26, 66), (27, 47), (28, 53), (29, 41), (30, 55), (31, 0), (32, 8), (77, 2), (33, 71), (34, 42), (35, 22), (36, 39), (37, 58), (38, 44), (39, 10), (40, 65), (41, 17), (76, 32), (42, 79), (43, 33), (44, 29), (45, 70), (46, 11), (47, 16), (48, 36), (49, 18), (50, 1), (51, 60), (52, 12), (53, 25), (54, 59), (55, 5), (56, 30), (57, 45), (58, 77), (75, 43), (59, 40), (60, 31), (61, 24), (62, 75), (63, 28), (64, 76), (65, 19), (66, 69), (67, 7), (68, 14), (69, 37), (70, 63), (71, 27), (74, 54), (72, 35), (73, 4)]
og index list energy: 138271596.78104073
index_list: [(0, 0), (1, 1), (2, 2), (3, 3), (4, 4), (5, 5), (6, 6), (7, 7), (8, 8), (9, 9), (10, 10), (11, 11), (12, 12), (13, 13), (79, 49), (14, 14), (15, 15), (16, 16), (78, 78), (17, 17), (18, 18), (19, 19), (20, 20), (21, 21), (22, 22), (23, 23), (24, 24), (25, 25), (26, 26), (27, 27), (28, 28), (29, 29), (30, 30), (31, 31), (32, 32), (77, 76), (33, 33), (34, 34), (35, 35), (36, 36), (37, 37), (38, 38), (39, 39), (40, 40), (41, 41), (76, 77), (42, 42), (43, 43), (44, 44), (45, 45), (46, 46), (47, 47), (48, 48), (49, 75), (50, 50), (51, 51), (52, 52), (53, 53), (54, 54), (55, 55), (56, 56), (57, 57), (58, 58), (75, 74), (59, 59), (60, 60), (61, 61), (62, 62), (63, 63), (64, 64), (65, 65), (66, 66), (67, 67), (68, 68), (69, 69), (70, 70), (71, 71), (74, 79), (72, 72), (73, 73)]
index list: [0, 1, 2, 3, 4, 5, 6, 7, 8, 9, 10, 11, 12, 13, 49, 14, 15, 16, 78, 17, 18, 19, 20, 21, 22, 23, 24, 25, 26, 27, 28, 29, 30, 31, 32, 76, 33, 34, 35, 36, 37, 38, 39, 40, 41, 77, 42, 43, 44, 45, 46, 47, 48, 75, 50, 51, 52, 53, 54, 55, 56, 57, 58, 74, 59, 60, 61, 62, 63, 64, 65, 66, 67, 68, 69, 70, 71, 79, 72, 73]
index list energy: 98209.82393678775
Done


iterations: 10000000 temp: 1000000.0 exponent: 0.7 eif: 300.0
time taken (sec): 849.7405064105988
number of iterations: 10000000
og index list: [(0, 49), (1, 34), (2, 79), (3, 74), (4, 36), (5, 22), (6, 62), (7, 75), (8, 50), (9, 41), (10, 38), (11, 64), (12, 55), (13, 67), (79, 10), (14, 29), (15, 48), (16, 20), (78, 17), (17, 7), (18, 4), (19, 52), (20, 70), (21, 3), (22, 68), (23, 37), (24, 58), (25, 2), (26, 13), (27, 32), (28, 21), (29, 56), (30, 11), (31, 39), (32, 45), (77, 8), (33, 42), (34, 51), (35, 16), (36, 14), (37, 18), (38, 47), (39, 23), (40, 1), (41, 54), (76, 73), (42, 24), (43, 72), (44, 69), (45, 12), (46, 43), (47, 30), (48, 63), (49, 53), (50, 27), (51, 76), (52, 26), (53, 78), (54, 60), (55, 31), (56, 0), (57, 15), (58, 5), (75, 71), (59, 46), (60, 77), (61, 61), (62, 33), (63, 65), (64, 6), (65, 35), (66, 19), (67, 25), (68, 59), (69, 66), (70, 40), (71, 28), (74, 44), (72, 9), (73, 57)]
og index list energy: 128024550.7864179
index_list: [(0, 0), (1, 1), (2, 2), (3, 3), (4, 4), (5, 5), (6, 6), (7, 7), (8, 8), (9, 9), (10, 10), (11, 11), (12, 12), (13, 13), (79, 49), (14, 14), (15, 15), (16, 16), (78, 76), (17, 17), (18, 18), (19, 19), (20, 20), (21, 21), (22, 22), (23, 23), (24, 24), (25, 25), (26, 26), (27, 27), (28, 28), (29, 29), (30, 30), (31, 31), (32, 32), (77, 79), (33, 33), (34, 34), (35, 35), (36, 36), (37, 37), (38, 38), (39, 39), (40, 40), (41, 41), (76, 71), (42, 78), (43, 43), (44, 44), (45, 45), (46, 46), (47, 47), (48, 48), (49, 74), (50, 50), (51, 51), (52, 52), (53, 53), (54, 54), (55, 55), (56, 56), (57, 57), (58, 58), (75, 75), (59, 59), (60, 60), (61, 61), (62, 62), (63, 63), (64, 64), (65, 65), (66, 66), (67, 67), (68, 68), (69, 69), (70, 70), (71, 77), (74, 42), (72, 72), (73, 73)]
index list: [0, 1, 2, 3, 4, 5, 6, 7, 8, 9, 10, 11, 12, 13, 49, 14, 15, 16, 76, 17, 18, 19, 20, 21, 22, 23, 24, 25, 26, 27, 28, 29, 30, 31, 32, 79, 33, 34, 35, 36, 37, 38, 39, 40, 41, 71, 78, 43, 44, 45, 46, 47, 48, 74, 50, 51, 52, 53, 54, 55, 56, 57, 58, 75, 59, 60, 61, 62, 63, 64, 65, 66, 67, 68, 69, 70, 77, 42, 72, 73]
index list energy: 108070.45780373304
Done


iterations: 10000000 temp: 1000000.0 exponent: 0.7 eif: 300.0
time taken (sec): 875.0376262664795
number of iterations: 10000000
og index list: [(0, 71), (1, 3), (2, 77), (3, 61), (4, 70), (5, 6), (6, 20), (7, 37), (8, 45), (9, 38), (10, 43), (11, 1), (12, 41), (13, 49), (79, 39), (14, 60), (15, 0), (16, 36), (78, 34), (17, 19), (18, 30), (19, 10), (20, 69), (21, 72), (22, 54), (23, 59), (24, 14), (25, 31), (26, 32), (27, 75), (28, 26), (29, 46), (30, 65), (31, 21), (32, 66), (77, 29), (33, 27), (34, 73), (35, 56), (36, 58), (37, 33), (38, 55), (39, 42), (40, 67), (41, 17), (76, 35), (42, 2), (43, 44), (44, 22), (45, 4), (46, 62), (47, 68), (48, 57), (49, 40), (50, 76), (51, 24), (52, 13), (53, 52), (54, 48), (55, 18), (56, 47), (57, 23), (58, 16), (75, 78), (59, 53), (60, 9), (61, 25), (62, 7), (63, 11), (64, 5), (65, 12), (66, 8), (67, 63), (68, 15), (69, 28), (70, 79), (71, 64), (74, 51), (72, 50), (73, 74)]
og index list energy: 134316025.08885574
index_list: [(0, 0), (1, 1), (2, 2), (3, 3), (4, 4), (5, 5), (6, 6), (7, 7), (8, 8), (9, 9), (10, 10), (11, 11), (12, 12), (13, 13), (79, 78), (14, 14), (15, 15), (16, 16), (78, 76), (17, 17), (18, 18), (19, 19), (20, 20), (21, 21), (22, 22), (23, 23), (24, 24), (25, 25), (26, 26), (27, 27), (28, 28), (29, 29), (30, 30), (31, 31), (32, 32), (77, 74), (33, 33), (34, 34), (35, 35), (36, 36), (37, 37), (38, 38), (39, 39), (40, 40), (41, 41), (76, 77), (42, 42), (43, 43), (44, 44), (45, 45), (46, 46), (47, 47), (48, 48), (49, 79), (50, 50), (51, 51), (52, 52), (53, 53), (54, 54), (55, 55), (56, 56), (57, 57), (58, 58), (75, 75), (59, 59), (60, 60), (61, 61), (62, 62), (63, 63), (64, 64), (65, 65), (66, 66), (67, 67), (68, 68), (69, 69), (70, 70), (71, 71), (74, 49), (72, 72), (73, 73)]
index list: [0, 1, 2, 3, 4, 5, 6, 7, 8, 9, 10, 11, 12, 13, 78, 14, 15, 16, 76, 17, 18, 19, 20, 21, 22, 23, 24, 25, 26, 27, 28, 29, 30, 31, 32, 74, 33, 34, 35, 36, 37, 38, 39, 40, 41, 77, 42, 43, 44, 45, 46, 47, 48, 79, 50, 51, 52, 53, 54, 55, 56, 57, 58, 75, 59, 60, 61, 62, 63, 64, 65, 66, 67, 68, 69, 70, 71, 49, 72, 73]
index list energy: 98209.82393678775
Done


iterations: 10000000 temp: 1000000.0 exponent: 0.7 eif: 300.0
time taken (sec): 875.0544033050537
number of iterations: 10000000
og index list: [(0, 19), (1, 35), (2, 1), (3, 15), (4, 27), (5, 8), (6, 10), (7, 46), (8, 16), (9, 70), (10, 28), (11, 22), (12, 78), (13, 12), (79, 66), (14, 4), (15, 6), (16, 25), (78, 42), (17, 9), (18, 72), (19, 55), (20, 52), (21, 26), (22, 58), (23, 79), (24, 77), (25, 34), (26, 40), (27, 48), (28, 69), (29, 0), (30, 67), (31, 44), (32, 45), (77, 73), (33, 50), (34, 54), (35, 7), (36, 11), (37, 21), (38, 29), (39, 37), (40, 63), (41, 3), (76, 60), (42, 23), (43, 41), (44, 49), (45, 56), (46, 38), (47, 64), (48, 47), (49, 39), (50, 2), (51, 20), (52, 75), (53, 61), (54, 36), (55, 13), (56, 71), (57, 76), (58, 59), (75, 14), (59, 51), (60, 65), (61, 32), (62, 17), (63, 33), (64, 68), (65, 18), (66, 74), (67, 31), (68, 53), (69, 43), (70, 5), (71, 57), (74, 24), (72, 62), (73, 30)]
og index list energy: 111024055.8721541
index_list: [(0, 0), (1, 1), (2, 2), (3, 3), (4, 4), (5, 5), (6, 6), (7, 7), (8, 8), (9, 9), (10, 10), (11, 11), (12, 12), (13, 13), (79, 74), (14, 14), (15, 15), (16, 16), (78, 79), (17, 17), (18, 18), (19, 19), (20, 20), (21, 21), (22, 22), (23, 23), (24, 24), (25, 25), (26, 26), (27, 27), (28, 28), (29, 29), (30, 30), (31, 31), (32, 32), (77, 78), (33, 33), (34, 34), (35, 35), (36, 36), (37, 37), (38, 38), (39, 39), (40, 40), (41, 41), (76, 77), (42, 42), (43, 43), (44, 44), (45, 45), (46, 46), (47, 47), (48, 48), (49, 75), (50, 50), (51, 51), (52, 52), (53, 53), (54, 54), (55, 55), (56, 56), (57, 57), (58, 58), (75, 49), (59, 59), (60, 60), (61, 61), (62, 62), (63, 63), (64, 64), (65, 65), (66, 66), (67, 67), (68, 68), (69, 69), (70, 70), (71, 71), (74, 76), (72, 72), (73, 73)]
index list: [0, 1, 2, 3, 4, 5, 6, 7, 8, 9, 10, 11, 12, 13, 74, 14, 15, 16, 79, 17, 18, 19, 20, 21, 22, 23, 24, 25, 26, 27, 28, 29, 30, 31, 32, 78, 33, 34, 35, 36, 37, 38, 39, 40, 41, 77, 42, 43, 44, 45, 46, 47, 48, 75, 50, 51, 52, 53, 54, 55, 56, 57, 58, 49, 59, 60, 61, 62, 63, 64, 65, 66, 67, 68, 69, 70, 71, 76, 72, 73]
index list energy: 98209.82393678775
Done


iterations: 10000000 temp: 1000000.0 exponent: 0.7 eif: 300.0
time taken (sec): 823.2985923290253
number of iterations: 10000000
og index list: [(0, 26), (1, 48), (2, 11), (3, 29), (4, 44), (5, 28), (6, 61), (7, 78), (8, 5), (9, 39), (10, 12), (11, 69), (12, 62), (13, 38), (79, 3), (14, 63), (15, 1), (16, 16), (78, 71), (17, 34), (18, 18), (19, 51), (20, 76), (21, 20), (22, 68), (23, 13), (24, 33), (25, 45), (26, 32), (27, 50), (28, 35), (29, 19), (30, 15), (31, 65), (32, 57), (77, 4), (33, 60), (34, 31), (35, 52), (36, 24), (37, 47), (38, 67), (39, 17), (40, 43), (41, 79), (76, 70), (42, 49), (43, 59), (44, 72), (45, 55), (46, 37), (47, 64), (48, 23), (49, 10), (50, 73), (51, 58), (52, 2), (53, 36), (54, 75), (55, 22), (56, 7), (57, 30), (58, 14), (75, 27), (59, 0), (60, 54), (61, 6), (62, 9), (63, 77), (64, 25), (65, 74), (66, 8), (67, 21), (68, 46), (69, 53), (70, 56), (71, 41), (74, 40), (72, 66), (73, 42)]
og index list energy: 117530551.96726938
index_list: [(0, 72), (1, 73), (2, 75), (3, 3), (4, 4), (5, 5), (6, 6), (7, 7), (8, 8), (9, 9), (10, 10), (11, 11), (12, 12), (13, 13), (79, 74), (14, 14), (15, 15), (16, 16), (78, 0), (17, 1), (18, 18), (19, 19), (20, 20), (21, 21), (22, 22), (23, 23), (24, 24), (25, 25), (26, 26), (27, 27), (28, 28), (29, 29), (30, 30), (31, 31), (32, 32), (77, 49), (33, 33), (34, 34), (35, 35), (36, 36), (37, 37), (38, 38), (39, 39), (40, 40), (41, 41), (76, 79), (42, 42), (43, 43), (44, 44), (45, 45), (46, 46), (47, 47), (48, 48), (49, 78), (50, 2), (51, 51), (52, 52), (53, 53), (54, 54), (55, 55), (56, 56), (57, 57), (58, 58), (75, 76), (59, 59), (60, 60), (61, 61), (62, 62), (63, 63), (64, 64), (65, 65), (66, 66), (67, 67), (68, 68), (69, 69), (70, 70), (71, 71), (74, 77), (72, 17), (73, 50)]
index list: [72, 73, 75, 3, 4, 5, 6, 7, 8, 9, 10, 11, 12, 13, 74, 14, 15, 16, 0, 1, 18, 19, 20, 21, 22, 23, 24, 25, 26, 27, 28, 29, 30, 31, 32, 49, 33, 34, 35, 36, 37, 38, 39, 40, 41, 79, 42, 43, 44, 45, 46, 47, 48, 78, 2, 51, 52, 53, 54, 55, 56, 57, 58, 76, 59, 60, 61, 62, 63, 64, 65, 66, 67, 68, 69, 70, 71, 77, 17, 50]
index list energy: 160684.8235706433
Done


iterations: 10000000 temp: 1000000.0 exponent: 0.7 eif: 300.0
time taken (sec): 833.9649875164032
number of iterations: 10000000
og index list: [(0, 40), (1, 76), (2, 5), (3, 1), (4, 34), (5, 38), (6, 65), (7, 16), (8, 17), (9, 39), (10, 32), (11, 15), (12, 51), (13, 48), (79, 2), (14, 79), (15, 30), (16, 49), (78, 44), (17, 54), (18, 31), (19, 58), (20, 67), (21, 20), (22, 57), (23, 43), (24, 41), (25, 27), (26, 19), (27, 73), (28, 62), (29, 69), (30, 66), (31, 25), (32, 46), (77, 9), (33, 14), (34, 77), (35, 72), (36, 35), (37, 60), (38, 37), (39, 52), (40, 6), (41, 53), (76, 33), (42, 47), (43, 63), (44, 78), (45, 21), (46, 24), (47, 3), (48, 18), (49, 13), (50, 61), (51, 4), (52, 64), (53, 23), (54, 26), (55, 28), (56, 7), (57, 10), (58, 0), (75, 68), (59, 55), (60, 56), (61, 50), (62, 12), (63, 42), (64, 71), (65, 11), (66, 59), (67, 8), (68, 74), (69, 70), (70, 75), (71, 36), (74, 22), (72, 45), (73, 29)]
og index list energy: 99568941.07414266
index_list: [(0, 72), (1, 1), (2, 2), (3, 0), (4, 73), (5, 74), (6, 6), (7, 7), (8, 8), (9, 9), (10, 10), (11, 11), (12, 12), (13, 13), (79, 49), (14, 14), (15, 15), (16, 16), (78, 75), (17, 17), (18, 18), (19, 19), (20, 20), (21, 21), (22, 22), (23, 23), (24, 24), (25, 25), (26, 26), (27, 27), (28, 28), (29, 29), (30, 30), (31, 31), (32, 32), (77, 78), (33, 33), (34, 34), (35, 35), (36, 36), (37, 37), (38, 38), (39, 39), (40, 40), (41, 41), (76, 76), (42, 42), (43, 43), (44, 44), (45, 45), (46, 46), (47, 47), (48, 48), (49, 79), (50, 50), (51, 51), (52, 52), (53, 53), (54, 54), (55, 55), (56, 56), (57, 57), (58, 58), (75, 77), (59, 59), (60, 60), (61, 61), (62, 62), (63, 63), (64, 64), (65, 65), (66, 66), (67, 67), (68, 68), (69, 69), (70, 70), (71, 71), (74, 4), (72, 5), (73, 3)]
index list: [72, 1, 2, 0, 73, 74, 6, 7, 8, 9, 10, 11, 12, 13, 49, 14, 15, 16, 75, 17, 18, 19, 20, 21, 22, 23, 24, 25, 26, 27, 28, 29, 30, 31, 32, 78, 33, 34, 35, 36, 37, 38, 39, 40, 41, 76, 42, 43, 44, 45, 46, 47, 48, 79, 50, 51, 52, 53, 54, 55, 56, 57, 58, 77, 59, 60, 61, 62, 63, 64, 65, 66, 67, 68, 69, 70, 71, 4, 5, 3]
index list energy: 121336.90490276847
Done


iterations: 10000000 temp: 1000000.0 exponent: 0.7 eif: 300.0
time taken (sec): 864.5455448627472
number of iterations: 10000000
og index list: [(0, 1), (1, 46), (2, 8), (3, 73), (4, 40), (5, 45), (6, 49), (7, 63), (8, 2), (9, 17), (10, 30), (11, 11), (12, 24), (13, 74), (79, 21), (14, 18), (15, 43), (16, 33), (78, 10), (17, 64), (18, 67), (19, 58), (20, 14), (21, 36), (22, 26), (23, 42), (24, 65), (25, 12), (26, 6), (27, 52), (28, 0), (29, 78), (30, 34), (31, 56), (32, 79), (77, 5), (33, 68), (34, 38), (35, 31), (36, 57), (37, 70), (38, 66), (39, 9), (40, 39), (41, 19), (76, 23), (42, 62), (43, 72), (44, 48), (45, 44), (46, 75), (47, 61), (48, 28), (49, 20), (50, 32), (51, 47), (52, 69), (53, 7), (54, 60), (55, 22), (56, 4), (57, 27), (58, 3), (75, 50), (59, 71), (60, 54), (61, 29), (62, 16), (63, 35), (64, 76), (65, 53), (66, 41), (67, 59), (68, 13), (69, 51), (70, 15), (71, 37), (74, 55), (72, 25), (73, 77)]
og index list energy: 97083438.15022622
index_list: [(0, 0), (1, 1), (2, 2), (3, 3), (4, 4), (5, 5), (6, 6), (7, 7), (8, 8), (9, 9), (10, 10), (11, 11), (12, 12), (13, 13), (79, 76), (14, 14), (15, 15), (16, 16), (78, 79), (17, 17), (18, 18), (19, 19), (20, 20), (21, 21), (22, 22), (23, 23), (24, 24), (25, 25), (26, 26), (27, 27), (28, 28), (29, 29), (30, 30), (31, 31), (32, 32), (77, 74), (33, 33), (34, 34), (35, 35), (36, 36), (37, 37), (38, 38), (39, 39), (40, 40), (41, 41), (76, 78), (42, 42), (43, 43), (44, 44), (45, 45), (46, 46), (47, 47), (48, 48), (49, 75), (50, 50), (51, 51), (52, 52), (53, 53), (54, 54), (55, 55), (56, 56), (57, 57), (58, 58), (75, 77), (59, 59), (60, 60), (61, 61), (62, 62), (63, 63), (64, 64), (65, 65), (66, 66), (67, 67), (68, 68), (69, 69), (70, 70), (71, 71), (74, 49), (72, 72), (73, 73)]
index list: [0, 1, 2, 3, 4, 5, 6, 7, 8, 9, 10, 11, 12, 13, 76, 14, 15, 16, 79, 17, 18, 19, 20, 21, 22, 23, 24, 25, 26, 27, 28, 29, 30, 31, 32, 74, 33, 34, 35, 36, 37, 38, 39, 40, 41, 78, 42, 43, 44, 45, 46, 47, 48, 75, 50, 51, 52, 53, 54, 55, 56, 57, 58, 77, 59, 60, 61, 62, 63, 64, 65, 66, 67, 68, 69, 70, 71, 49, 72, 73]
index list energy: 98209.82393678775
Done


iterations: 10000000 temp: 1000000.0 exponent: 0.7 eif: 300.0
time taken (sec): 874.4250581264496
number of iterations: 10000000
og index list: [(0, 9), (1, 63), (2, 77), (3, 44), (4, 35), (5, 60), (6, 16), (7, 64), (8, 42), (9, 17), (10, 50), (11, 68), (12, 26), (13, 21), (79, 75), (14, 62), (15, 54), (16, 48), (78, 66), (17, 78), (18, 19), (19, 22), (20, 47), (21, 65), (22, 73), (23, 58), (24, 32), (25, 79), (26, 6), (27, 23), (28, 3), (29, 71), (30, 46), (31, 53), (32, 10), (77, 12), (33, 20), (34, 4), (35, 49), (36, 40), (37, 37), (38, 2), (39, 39), (40, 55), (41, 30), (76, 43), (42, 74), (43, 29), (44, 27), (45, 69), (46, 45), (47, 7), (48, 28), (49, 8), (50, 0), (51, 70), (52, 41), (53, 67), (54, 38), (55, 56), (56, 25), (57, 72), (58, 34), (75, 11), (59, 51), (60, 31), (61, 1), (62, 57), (63, 36), (64, 76), (65, 13), (66, 15), (67, 24), (68, 59), (69, 61), (70, 14), (71, 52), (74, 33), (72, 5), (73, 18)]
og index list energy: 79633860.33642858
index_list: [(0, 0), (1, 1), (2, 2), (3, 3), (4, 4), (5, 5), (6, 6), (7, 7), (8, 8), (9, 9), (10, 10), (11, 11), (12, 12), (13, 13), (79, 75), (14, 14), (15, 15), (16, 16), (78, 74), (17, 17), (18, 18), (19, 19), (20, 20), (21, 21), (22, 22), (23, 23), (24, 24), (25, 25), (26, 26), (27, 27), (28, 28), (29, 29), (30, 30), (31, 31), (32, 32), (77, 78), (33, 33), (34, 34), (35, 35), (36, 36), (37, 37), (38, 38), (39, 39), (40, 40), (41, 41), (76, 76), (42, 42), (43, 43), (44, 44), (45, 45), (46, 46), (47, 47), (48, 48), (49, 77), (50, 50), (51, 51), (52, 52), (53, 53), (54, 54), (55, 55), (56, 56), (57, 57), (58, 58), (75, 79), (59, 59), (60, 60), (61, 61), (62, 62), (63, 63), (64, 64), (65, 65), (66, 66), (67, 67), (68, 68), (69, 69), (70, 70), (71, 71), (74, 49), (72, 72), (73, 73)]
index list: [0, 1, 2, 3, 4, 5, 6, 7, 8, 9, 10, 11, 12, 13, 75, 14, 15, 16, 74, 17, 18, 19, 20, 21, 22, 23, 24, 25, 26, 27, 28, 29, 30, 31, 32, 78, 33, 34, 35, 36, 37, 38, 39, 40, 41, 76, 42, 43, 44, 45, 46, 47, 48, 77, 50, 51, 52, 53, 54, 55, 56, 57, 58, 79, 59, 60, 61, 62, 63, 64, 65, 66, 67, 68, 69, 70, 71, 49, 72, 73]
index list energy: 98209.82393678775
Done


iterations: 10000000 temp: 1000000.0 exponent: 0.7 eif: 300.0
time taken (sec): 875.832142829895
number of iterations: 10000000
og index list: [(0, 32), (1, 55), (2, 65), (3, 61), (4, 20), (5, 2), (6, 27), (7, 18), (8, 48), (9, 72), (10, 52), (11, 13), (12, 36), (13, 42), (79, 34), (14, 12), (15, 74), (16, 50), (78, 76), (17, 15), (18, 37), (19, 46), (20, 16), (21, 79), (22, 8), (23, 19), (24, 23), (25, 77), (26, 0), (27, 10), (28, 44), (29, 58), (30, 29), (31, 41), (32, 3), (77, 45), (33, 67), (34, 54), (35, 33), (36, 51), (37, 24), (38, 4), (39, 75), (40, 63), (41, 56), (76, 70), (42, 40), (43, 1), (44, 66), (45, 35), (46, 64), (47, 30), (48, 43), (49, 5), (50, 38), (51, 14), (52, 60), (53, 7), (54, 17), (55, 28), (56, 39), (57, 78), (58, 21), (75, 73), (59, 25), (60, 11), (61, 22), (62, 31), (63, 68), (64, 69), (65, 6), (66, 49), (67, 62), (68, 57), (69, 9), (70, 71), (71, 53), (74, 26), (72, 47), (73, 59)]
og index list energy: 131371645.752752
index_list: [(0, 0), (1, 1), (2, 2), (3, 3), (4, 4), (5, 5), (6, 6), (7, 7), (8, 8), (9, 9), (10, 10), (11, 11), (12, 12), (13, 13), (79, 74), (14, 14), (15, 15), (16, 16), (78, 79), (17, 17), (18, 18), (19, 19), (20, 20), (21, 21), (22, 22), (23, 23), (24, 24), (25, 25), (26, 26), (27, 27), (28, 28), (29, 29), (30, 30), (31, 31), (32, 32), (77, 78), (33, 33), (34, 34), (35, 35), (36, 36), (37, 37), (38, 38), (39, 39), (40, 40), (41, 41), (76, 76), (42, 42), (43, 43), (44, 44), (45, 45), (46, 46), (47, 47), (48, 48), (49, 49), (50, 50), (51, 51), (52, 52), (53, 53), (54, 54), (55, 55), (56, 56), (57, 57), (58, 58), (75, 77), (59, 59), (60, 60), (61, 61), (62, 62), (63, 63), (64, 64), (65, 65), (66, 66), (67, 67), (68, 68), (69, 69), (70, 70), (71, 71), (74, 75), (72, 72), (73, 73)]
index list: [0, 1, 2, 3, 4, 5, 6, 7, 8, 9, 10, 11, 12, 13, 74, 14, 15, 16, 79, 17, 18, 19, 20, 21, 22, 23, 24, 25, 26, 27, 28, 29, 30, 31, 32, 78, 33, 34, 35, 36, 37, 38, 39, 40, 41, 76, 42, 43, 44, 45, 46, 47, 48, 49, 50, 51, 52, 53, 54, 55, 56, 57, 58, 77, 59, 60, 61, 62, 63, 64, 65, 66, 67, 68, 69, 70, 71, 75, 72, 73]
index list energy: 97911.32412903158
Done


iterations: 10000000 temp: 1000000.0 exponent: 0.7 eif: 300.0
time taken (sec): 796.8401045799255
number of iterations: 10000000
og index list: [(0, 39), (1, 51), (2, 17), (3, 5), (4, 70), (5, 71), (6, 76), (7, 20), (8, 52), (9, 30), (10, 72), (11, 19), (12, 59), (13, 44), (79, 54), (14, 28), (15, 60), (16, 26), (78, 50), (17, 64), (18, 12), (19, 6), (20, 47), (21, 10), (22, 53), (23, 23), (24, 75), (25, 4), (26, 45), (27, 63), (28, 1), (29, 55), (30, 40), (31, 74), (32, 41), (77, 37), (33, 65), (34, 79), (35, 25), (36, 62), (37, 61), (38, 2), (39, 48), (40, 9), (41, 0), (76, 58), (42, 36), (43, 33), (44, 24), (45, 73), (46, 56), (47, 68), (48, 3), (49, 66), (50, 43), (51, 27), (52, 35), (53, 22), (54, 14), (55, 11), (56, 42), (57, 78), (58, 77), (75, 49), (59, 67), (60, 34), (61, 7), (62, 38), (63, 46), (64, 18), (65, 29), (66, 15), (67, 32), (68, 13), (69, 16), (70, 8), (71, 31), (74, 21), (72, 57), (73, 69)]
og index list energy: 99676916.6860629
index_list: [(0, 72), (1, 1), (2, 2), (3, 3), (4, 4), (5, 5), (6, 6), (7, 7), (8, 8), (9, 9), (10, 10), (11, 11), (12, 12), (13, 13), (79, 76), (14, 14), (15, 15), (16, 16), (78, 49), (17, 17), (18, 18), (19, 19), (20, 20), (21, 21), (22, 22), (23, 23), (24, 24), (25, 25), (26, 26), (27, 27), (28, 28), (29, 29), (30, 30), (31, 31), (32, 75), (77, 42), (33, 33), (34, 34), (35, 35), (36, 36), (37, 37), (38, 38), (39, 39), (40, 40), (41, 41), (76, 0), (42, 73), (43, 74), (44, 44), (45, 45), (46, 46), (47, 47), (48, 48), (49, 78), (50, 43), (51, 51), (52, 52), (53, 53), (54, 54), (55, 55), (56, 56), (57, 57), (58, 58), (75, 77), (59, 59), (60, 60), (61, 61), (62, 62), (63, 63), (64, 64), (65, 65), (66, 66), (67, 67), (68, 68), (69, 69), (70, 70), (71, 71), (74, 79), (72, 32), (73, 50)]
index list: [72, 1, 2, 3, 4, 5, 6, 7, 8, 9, 10, 11, 12, 13, 76, 14, 15, 16, 49, 17, 18, 19, 20, 21, 22, 23, 24, 25, 26, 27, 28, 29, 30, 31, 75, 42, 33, 34, 35, 36, 37, 38, 39, 40, 41, 0, 73, 74, 44, 45, 46, 47, 48, 78, 43, 51, 52, 53, 54, 55, 56, 57, 58, 77, 59, 60, 61, 62, 63, 64, 65, 66, 67, 68, 69, 70, 71, 79, 32, 50]
index list energy: 127968.3725027778
Done


iterations: 10000000 temp: 1000000.0 exponent: 0.7 eif: 300.0
time taken (sec): 872.6143388748169
number of iterations: 10000000
og index list: [(0, 26), (1, 65), (2, 69), (3, 28), (4, 41), (5, 68), (6, 66), (7, 15), (8, 37), (9, 9), (10, 76), (11, 12), (12, 51), (13, 21), (79, 14), (14, 35), (15, 31), (16, 48), (78, 25), (17, 32), (18, 57), (19, 8), (20, 39), (21, 11), (22, 44), (23, 70), (24, 10), (25, 33), (26, 61), (27, 49), (28, 29), (29, 2), (30, 75), (31, 59), (32, 20), (77, 73), (33, 63), (34, 62), (35, 0), (36, 47), (37, 60), (38, 64), (39, 4), (40, 53), (41, 42), (76, 6), (42, 24), (43, 54), (44, 13), (45, 17), (46, 16), (47, 1), (48, 46), (49, 77), (50, 23), (51, 27), (52, 79), (53, 52), (54, 5), (55, 55), (56, 30), (57, 72), (58, 36), (75, 43), (59, 45), (60, 71), (61, 34), (62, 67), (63, 56), (64, 38), (65, 19), (66, 40), (67, 58), (68, 50), (69, 78), (70, 18), (71, 7), (74, 3), (72, 22), (73, 74)]
og index list energy: 85332196.3457032
index_list: [(0, 0), (1, 1), (2, 2), (3, 3), (4, 4), (5, 5), (6, 6), (7, 7), (8, 8), (9, 9), (10, 10), (11, 11), (12, 12), (13, 13), (79, 49), (14, 14), (15, 15), (16, 16), (78, 78), (17, 17), (18, 18), (19, 19), (20, 20), (21, 21), (22, 22), (23, 23), (24, 24), (25, 25), (26, 26), (27, 27), (28, 28), (29, 29), (30, 30), (31, 31), (32, 32), (77, 77), (33, 33), (34, 34), (35, 35), (36, 36), (37, 37), (38, 38), (39, 39), (40, 40), (41, 41), (76, 79), (42, 42), (43, 43), (44, 44), (45, 45), (46, 46), (47, 47), (48, 48), (49, 76), (50, 50), (51, 51), (52, 52), (53, 53), (54, 54), (55, 55), (56, 56), (57, 57), (58, 58), (75, 75), (59, 59), (60, 60), (61, 61), (62, 62), (63, 63), (64, 64), (65, 65), (66, 66), (67, 67), (68, 68), (69, 69), (70, 70), (71, 71), (74, 74), (72, 72), (73, 73)]
index list: [0, 1, 2, 3, 4, 5, 6, 7, 8, 9, 10, 11, 12, 13, 49, 14, 15, 16, 78, 17, 18, 19, 20, 21, 22, 23, 24, 25, 26, 27, 28, 29, 30, 31, 32, 77, 33, 34, 35, 36, 37, 38, 39, 40, 41, 79, 42, 43, 44, 45, 46, 47, 48, 76, 50, 51, 52, 53, 54, 55, 56, 57, 58, 75, 59, 60, 61, 62, 63, 64, 65, 66, 67, 68, 69, 70, 71, 74, 72, 73]
index list energy: 98209.82393678775
Done


iterations: 10000000 temp: 1000000.0 exponent: 0.7 eif: 300.0
time taken (sec): 865.8264129161835
number of iterations: 10000000
og index list: [(0, 7), (1, 13), (2, 71), (3, 22), (4, 1), (5, 9), (6, 52), (7, 61), (8, 32), (9, 5), (10, 69), (11, 55), (12, 50), (13, 23), (79, 21), (14, 76), (15, 44), (16, 11), (78, 56), (17, 49), (18, 30), (19, 25), (20, 64), (21, 38), (22, 79), (23, 72), (24, 16), (25, 66), (26, 17), (27, 0), (28, 6), (29, 29), (30, 77), (31, 8), (32, 46), (77, 51), (33, 18), (34, 31), (35, 57), (36, 78), (37, 39), (38, 10), (39, 54), (40, 45), (41, 68), (76, 4), (42, 73), (43, 48), (44, 75), (45, 15), (46, 36), (47, 43), (48, 47), (49, 37), (50, 19), (51, 41), (52, 3), (53, 67), (54, 60), (55, 12), (56, 14), (57, 42), (58, 63), (75, 20), (59, 58), (60, 33), (61, 59), (62, 2), (63, 35), (64, 74), (65, 28), (66, 53), (67, 40), (68, 27), (69, 65), (70, 26), (71, 70), (74, 24), (72, 62), (73, 34)]
og index list energy: 95603539.55007748
index_list: [(0, 72), (1, 1), (2, 2), (3, 3), (4, 4), (5, 5), (6, 6), (7, 7), (8, 8), (9, 9), (10, 10), (11, 11), (12, 12), (13, 13), (79, 77), (14, 14), (15, 15), (16, 16), (78, 75), (17, 17), (18, 18), (19, 19), (20, 20), (21, 21), (22, 22), (23, 23), (24, 24), (25, 25), (26, 26), (27, 27), (28, 28), (29, 29), (30, 30), (31, 31), (32, 32), (77, 49), (33, 33), (34, 34), (35, 35), (36, 36), (37, 37), (38, 38), (39, 39), (40, 40), (41, 41), (76, 78), (42, 42), (43, 43), (44, 44), (45, 45), (46, 46), (47, 47), (48, 48), (49, 74), (50, 50), (51, 51), (52, 52), (53, 53), (54, 54), (55, 55), (56, 56), (57, 57), (58, 58), (75, 79), (59, 59), (60, 60), (61, 61), (62, 62), (63, 63), (64, 64), (65, 65), (66, 66), (67, 67), (68, 68), (69, 69), (70, 70), (71, 71), (74, 0), (72, 76), (73, 73)]
index list: [72, 1, 2, 3, 4, 5, 6, 7, 8, 9, 10, 11, 12, 13, 77, 14, 15, 16, 75, 17, 18, 19, 20, 21, 22, 23, 24, 25, 26, 27, 28, 29, 30, 31, 32, 49, 33, 34, 35, 36, 37, 38, 39, 40, 41, 78, 42, 43, 44, 45, 46, 47, 48, 74, 50, 51, 52, 53, 54, 55, 56, 57, 58, 79, 59, 60, 61, 62, 63, 64, 65, 66, 67, 68, 69, 70, 71, 0, 76, 73]
index list energy: 100415.02532256568
Done


iterations: 10000000 temp: 1000000.0 exponent: 0.7 eif: 300.0
time taken (sec): 810.4137156009674
number of iterations: 10000000
og index list: [(0, 53), (1, 17), (2, 7), (3, 12), (4, 10), (5, 39), (6, 69), (7, 75), (8, 25), (9, 31), (10, 22), (11, 38), (12, 50), (13, 32), (79, 73), (14, 51), (15, 26), (16, 56), (78, 72), (17, 5), (18, 59), (19, 65), (20, 35), (21, 1), (22, 67), (23, 13), (24, 36), (25, 57), (26, 0), (27, 29), (28, 30), (29, 58), (30, 60), (31, 24), (32, 79), (77, 16), (33, 33), (34, 48), (35, 28), (36, 61), (37, 6), (38, 41), (39, 23), (40, 45), (41, 40), (76, 66), (42, 64), (43, 44), (44, 8), (45, 54), (46, 18), (47, 74), (48, 49), (49, 63), (50, 55), (51, 27), (52, 19), (53, 15), (54, 46), (55, 11), (56, 47), (57, 71), (58, 62), (75, 68), (59, 21), (60, 4), (61, 43), (62, 14), (63, 76), (64, 70), (65, 3), (66, 9), (67, 34), (68, 77), (69, 78), (70, 37), (71, 20), (74, 2), (72, 52), (73, 42)]
og index list energy: 110061758.18690793
index_list: [(0, 42), (1, 43), (2, 44), (3, 45), (4, 41), (5, 75), (6, 6), (7, 7), (8, 8), (9, 9), (10, 10), (11, 11), (12, 12), (13, 13), (79, 79), (14, 14), (15, 15), (16, 16), (78, 77), (17, 17), (18, 18), (19, 19), (20, 20), (21, 21), (22, 22), (23, 23), (24, 24), (25, 25), (26, 26), (27, 27), (28, 28), (29, 29), (30, 30), (31, 31), (32, 32), (77, 76), (33, 33), (34, 34), (35, 35), (36, 36), (37, 37), (38, 38), (39, 39), (40, 40), (41, 78), (76, 72), (42, 73), (43, 0), (44, 1), (45, 2), (46, 46), (47, 47), (48, 48), (49, 49), (50, 50), (51, 51), (52, 52), (53, 53), (54, 54), (55, 55), (56, 56), (57, 57), (58, 58), (75, 74), (59, 59), (60, 60), (61, 61), (62, 62), (63, 63), (64, 64), (65, 65), (66, 66), (67, 67), (68, 68), (69, 69), (70, 70), (71, 71), (74, 4), (72, 5), (73, 3)]
index list: [42, 43, 44, 45, 41, 75, 6, 7, 8, 9, 10, 11, 12, 13, 79, 14, 15, 16, 77, 17, 18, 19, 20, 21, 22, 23, 24, 25, 26, 27, 28, 29, 30, 31, 32, 76, 33, 34, 35, 36, 37, 38, 39, 40, 78, 72, 73, 0, 1, 2, 46, 47, 48, 49, 50, 51, 52, 53, 54, 55, 56, 57, 58, 74, 59, 60, 61, 62, 63, 64, 65, 66, 67, 68, 69, 70, 71, 4, 5, 3]
index list energy: 188190.93800915682
Done


iterations: 10000000 temp: 1000000.0 exponent: 0.7 eif: 300.0
time taken (sec): 876.0930259227753
number of iterations: 10000000
og index list: [(0, 75), (1, 31), (2, 5), (3, 78), (4, 2), (5, 43), (6, 69), (7, 66), (8, 73), (9, 7), (10, 79), (11, 65), (12, 59), (13, 67), (79, 49), (14, 61), (15, 33), (16, 17), (78, 60), (17, 50), (18, 39), (19, 10), (20, 18), (21, 44), (22, 26), (23, 38), (24, 76), (25, 25), (26, 36), (27, 48), (28, 72), (29, 54), (30, 57), (31, 24), (32, 37), (77, 30), (33, 46), (34, 52), (35, 23), (36, 8), (37, 16), (38, 71), (39, 20), (40, 77), (41, 4), (76, 51), (42, 32), (43, 22), (44, 28), (45, 21), (46, 15), (47, 35), (48, 19), (49, 34), (50, 55), (51, 70), (52, 45), (53, 64), (54, 29), (55, 47), (56, 27), (57, 14), (58, 1), (75, 12), (59, 0), (60, 56), (61, 42), (62, 68), (63, 11), (64, 41), (65, 62), (66, 74), (67, 53), (68, 6), (69, 13), (70, 9), (71, 58), (74, 3), (72, 40), (73, 63)]
og index list energy: 81628152.44939607
index_list: [(0, 0), (1, 1), (2, 2), (3, 3), (4, 4), (5, 5), (6, 6), (7, 7), (8, 8), (9, 9), (10, 10), (11, 11), (12, 12), (13, 13), (79, 76), (14, 14), (15, 15), (16, 16), (78, 74), (17, 17), (18, 18), (19, 19), (20, 20), (21, 21), (22, 22), (23, 23), (24, 24), (25, 25), (26, 26), (27, 27), (28, 28), (29, 29), (30, 30), (31, 31), (32, 32), (77, 79), (33, 33), (34, 34), (35, 35), (36, 36), (37, 37), (38, 38), (39, 39), (40, 40), (41, 41), (76, 49), (42, 42), (43, 43), (44, 44), (45, 45), (46, 46), (47, 47), (48, 48), (49, 75), (50, 50), (51, 51), (52, 52), (53, 53), (54, 54), (55, 55), (56, 56), (57, 57), (58, 58), (75, 78), (59, 59), (60, 60), (61, 61), (62, 62), (63, 63), (64, 64), (65, 65), (66, 66), (67, 67), (68, 68), (69, 69), (70, 70), (71, 71), (74, 77), (72, 72), (73, 73)]
index list: [0, 1, 2, 3, 4, 5, 6, 7, 8, 9, 10, 11, 12, 13, 76, 14, 15, 16, 74, 17, 18, 19, 20, 21, 22, 23, 24, 25, 26, 27, 28, 29, 30, 31, 32, 79, 33, 34, 35, 36, 37, 38, 39, 40, 41, 49, 42, 43, 44, 45, 46, 47, 48, 75, 50, 51, 52, 53, 54, 55, 56, 57, 58, 78, 59, 60, 61, 62, 63, 64, 65, 66, 67, 68, 69, 70, 71, 77, 72, 73]
index list energy: 98209.82393678775
Done


iterations: 10000000 temp: 1000000.0 exponent: 0.7 eif: 300.0
time taken (sec): 865.7039244174957
number of iterations: 10000000
og index list: [(0, 70), (1, 28), (2, 64), (3, 40), (4, 7), (5, 53), (6, 0), (7, 73), (8, 44), (9, 2), (10, 41), (11, 27), (12, 1), (13, 66), (79, 72), (14, 13), (15, 60), (16, 52), (78, 47), (17, 69), (18, 50), (19, 17), (20, 14), (21, 4), (22, 48), (23, 51), (24, 5), (25, 6), (26, 58), (27, 39), (28, 65), (29, 35), (30, 42), (31, 11), (32, 54), (77, 78), (33, 62), (34, 10), (35, 76), (36, 36), (37, 19), (38, 34), (39, 20), (40, 79), (41, 29), (76, 22), (42, 63), (43, 18), (44, 45), (45, 75), (46, 46), (47, 33), (48, 3), (49, 49), (50, 38), (51, 32), (52, 26), (53, 31), (54, 77), (55, 12), (56, 8), (57, 67), (58, 56), (75, 43), (59, 59), (60, 61), (61, 15), (62, 68), (63, 74), (64, 57), (65, 24), (66, 30), (67, 16), (68, 71), (69, 55), (70, 37), (71, 21), (74, 25), (72, 23), (73, 9)]
og index list energy: 119256036.0037973
index_list: [(0, 0), (1, 1), (2, 2), (3, 3), (4, 4), (5, 5), (6, 6), (7, 7), (8, 8), (9, 9), (10, 10), (11, 11), (12, 12), (13, 13), (79, 76), (14, 14), (15, 15), (16, 16), (78, 79), (17, 17), (18, 18), (19, 19), (20, 20), (21, 21), (22, 22), (23, 23), (24, 24), (25, 25), (26, 26), (27, 27), (28, 28), (29, 29), (30, 30), (31, 31), (32, 32), (77, 49), (33, 33), (34, 34), (35, 35), (36, 36), (37, 37), (38, 38), (39, 39), (40, 40), (41, 41), (76, 71), (42, 74), (43, 43), (44, 44), (45, 45), (46, 46), (47, 47), (48, 48), (49, 78), (50, 50), (51, 51), (52, 52), (53, 53), (54, 54), (55, 55), (56, 56), (57, 57), (58, 58), (75, 77), (59, 59), (60, 60), (61, 61), (62, 62), (63, 63), (64, 64), (65, 65), (66, 66), (67, 67), (68, 68), (69, 69), (70, 70), (71, 75), (74, 42), (72, 72), (73, 73)]
index list: [0, 1, 2, 3, 4, 5, 6, 7, 8, 9, 10, 11, 12, 13, 76, 14, 15, 16, 79, 17, 18, 19, 20, 21, 22, 23, 24, 25, 26, 27, 28, 29, 30, 31, 32, 49, 33, 34, 35, 36, 37, 38, 39, 40, 41, 71, 74, 43, 44, 45, 46, 47, 48, 78, 50, 51, 52, 53, 54, 55, 56, 57, 58, 77, 59, 60, 61, 62, 63, 64, 65, 66, 67, 68, 69, 70, 75, 42, 72, 73]
index list energy: 108070.45780373304
Done


iterations: 10000000 temp: 1000000.0 exponent: 0.7 eif: 300.0
time taken (sec): 783.3687791824341
number of iterations: 10000000
og index list: [(0, 35), (1, 21), (2, 16), (3, 43), (4, 68), (5, 58), (6, 59), (7, 10), (8, 26), (9, 13), (10, 1), (11, 28), (12, 54), (13, 9), (79, 36), (14, 77), (15, 53), (16, 71), (78, 51), (17, 78), (18, 2), (19, 50), (20, 27), (21, 7), (22, 5), (23, 60), (24, 76), (25, 38), (26, 67), (27, 41), (28, 66), (29, 72), (30, 31), (31, 52), (32, 3), (77, 44), (33, 18), (34, 15), (35, 56), (36, 12), (37, 61), (38, 22), (39, 37), (40, 23), (41, 39), (76, 48), (42, 17), (43, 8), (44, 25), (45, 34), (46, 57), (47, 19), (48, 40), (49, 62), (50, 74), (51, 70), (52, 24), (53, 75), (54, 46), (55, 45), (56, 33), (57, 73), (58, 63), (75, 0), (59, 14), (60, 30), (61, 49), (62, 69), (63, 64), (64, 11), (65, 47), (66, 79), (67, 4), (68, 6), (69, 42), (70, 65), (71, 32), (74, 20), (72, 55), (73, 29)]
og index list energy: 73490221.57122125
index_list: [(0, 70), (1, 78), (2, 67), (3, 5), (4, 76), (5, 73), (6, 0), (7, 1), (8, 2), (9, 6), (10, 7), (11, 8), (12, 9), (13, 10), (79, 11), (14, 12), (15, 13), (16, 16), (78, 66), (17, 17), (18, 18), (19, 19), (20, 20), (21, 21), (22, 22), (23, 23), (24, 24), (25, 25), (26, 26), (27, 27), (28, 28), (29, 29), (30, 30), (31, 31), (32, 32), (77, 79), (33, 33), (34, 34), (35, 35), (36, 36), (37, 37), (38, 38), (39, 39), (40, 40), (41, 41), (76, 71), (42, 75), (43, 43), (44, 44), (45, 45), (46, 46), (47, 47), (48, 48), (49, 77), (50, 50), (51, 51), (52, 52), (53, 53), (54, 54), (55, 55), (56, 56), (57, 57), (58, 58), (75, 49), (59, 59), (60, 60), (61, 61), (62, 62), (63, 63), (64, 64), (65, 65), (66, 4), (67, 68), (68, 69), (69, 42), (70, 72), (71, 74), (74, 14), (72, 15), (73, 3)]
index list: [70, 78, 67, 5, 76, 73, 0, 1, 2, 6, 7, 8, 9, 10, 11, 12, 13, 16, 66, 17, 18, 19, 20, 21, 22, 23, 24, 25, 26, 27, 28, 29, 30, 31, 32, 79, 33, 34, 35, 36, 37, 38, 39, 40, 41, 71, 75, 43, 44, 45, 46, 47, 48, 77, 50, 51, 52, 53, 54, 55, 56, 57, 58, 49, 59, 60, 61, 62, 63, 64, 65, 4, 68, 69, 42, 72, 74, 14, 15, 3]
index list energy: 283091.0443267031
Done


iterations: 10000000 temp: 1000000.0 exponent: 0.7 eif: 300.0
time taken (sec): 826.6004118919373
number of iterations: 10000000
og index list: [(0, 9), (1, 36), (2, 79), (3, 51), (4, 63), (5, 44), (6, 71), (7, 18), (8, 35), (9, 48), (10, 76), (11, 69), (12, 61), (13, 53), (79, 47), (14, 7), (15, 12), (16, 57), (78, 19), (17, 45), (18, 62), (19, 67), (20, 8), (21, 50), (22, 33), (23, 65), (24, 77), (25, 58), (26, 20), (27, 11), (28, 4), (29, 2), (30, 49), (31, 25), (32, 54), (77, 55), (33, 32), (34, 3), (35, 59), (36, 42), (37, 73), (38, 6), (39, 52), (40, 56), (41, 37), (76, 24), (42, 17), (43, 34), (44, 28), (45, 10), (46, 26), (47, 74), (48, 23), (49, 46), (50, 41), (51, 16), (52, 64), (53, 14), (54, 22), (55, 1), (56, 39), (57, 40), (58, 75), (75, 72), (59, 43), (60, 29), (61, 13), (62, 27), (63, 31), (64, 30), (65, 38), (66, 78), (67, 66), (68, 21), (69, 5), (70, 15), (71, 70), (74, 60), (72, 68), (73, 0)]
og index list energy: 132734873.18328054
index_list: [(0, 43), (1, 1), (2, 2), (3, 3), (4, 4), (5, 5), (6, 6), (7, 7), (8, 8), (9, 9), (10, 10), (11, 11), (12, 12), (13, 13), (79, 78), (14, 14), (15, 15), (16, 16), (78, 74), (17, 17), (18, 18), (19, 19), (20, 20), (21, 21), (22, 22), (23, 23), (24, 24), (25, 25), (26, 26), (27, 27), (28, 28), (29, 29), (30, 30), (31, 31), (32, 77), (77, 42), (33, 33), (34, 34), (35, 35), (36, 36), (37, 37), (38, 38), (39, 39), (40, 40), (41, 46), (76, 44), (42, 45), (43, 41), (44, 76), (45, 32), (46, 79), (47, 47), (48, 48), (49, 0), (50, 50), (51, 51), (52, 52), (53, 53), (54, 54), (55, 55), (56, 56), (57, 57), (58, 58), (75, 49), (59, 59), (60, 60), (61, 61), (62, 62), (63, 63), (64, 64), (65, 65), (66, 66), (67, 67), (68, 68), (69, 69), (70, 70), (71, 71), (74, 75), (72, 72), (73, 73)]
index list: [43, 1, 2, 3, 4, 5, 6, 7, 8, 9, 10, 11, 12, 13, 78, 14, 15, 16, 74, 17, 18, 19, 20, 21, 22, 23, 24, 25, 26, 27, 28, 29, 30, 31, 77, 42, 33, 34, 35, 36, 37, 38, 39, 40, 46, 44, 45, 41, 76, 32, 79, 47, 48, 0, 50, 51, 52, 53, 54, 55, 56, 57, 58, 49, 59, 60, 61, 62, 63, 64, 65, 66, 67, 68, 69, 70, 71, 75, 72, 73]
index list energy: 165804.33376372792
Done


iterations: 10000000 temp: 1000000.0 exponent: 0.7 eif: 300.0
time taken (sec): 157.2752914428711
number of iterations: 3131467
og index list: [(0, 30), (1, 33), (2, 23), (3, 65), (4, 70), (5, 19), (6, 58), (7, 32), (8, 10), (9, 16), (10, 46), (11, 64), (12, 39), (13, 25), (79, 72), (14, 6), (15, 50), (16, 60), (78, 29), (17, 79), (18, 34), (19, 15), (20, 17), (21, 24), (22, 26), (23, 3), (24, 49), (25, 11), (26, 35), (27, 68), (28, 57), (29, 22), (30, 36), (31, 69), (32, 20), (77, 55), (33, 21), (34, 63), (35, 44), (36, 52), (37, 47), (38, 56), (39, 1), (40, 77), (41, 45), (76, 41), (42, 2), (43, 13), (44, 43), (45, 31), (46, 54), (47, 51), (48, 8), (49, 61), (50, 71), (51, 59), (52, 66), (53, 27), (54, 0), (55, 75), (56, 42), (57, 28), (58, 48), (75, 14), (59, 37), (60, 7), (61, 9), (62, 38), (63, 67), (64, 74), (65, 18), (66, 53), (67, 12), (68, 40), (69, 76), (70, 73), (71, 4), (74, 78), (72, 62), (73, 5)]
og index list energy: 90799926.12895301
index_list: [(0, 53), (1, 54), (2, 55), (3, 50), (4, 69), (5, 72), (6, 6), (7, 7), (8, 8), (9, 9), (10, 10), (11, 11), (12, 78), (13, 14), (79, 56), (14, 25), (15, 76), (16, 73), (78, 66), (17, 17), (18, 18), (19, 16), (20, 20), (21, 21), (22, 75), (23, 42), (24, 43), (25, 19), (26, 26), (27, 27), (28, 28), (29, 29), (30, 30), (31, 31), (32, 32), (77, 57), (33, 48), (34, 34), (35, 35), (36, 36), (37, 22), (38, 23), (39, 67), (40, 5), (41, 3), (76, 79), (42, 70), (43, 71), (44, 12), (45, 13), (46, 41), (47, 77), (48, 33), (49, 37), (50, 38), (51, 44), (52, 45), (53, 46), (54, 58), (55, 74), (56, 59), (57, 49), (58, 40), (75, 47), (59, 39), (60, 60), (61, 61), (62, 62), (63, 63), (64, 64), (65, 65), (66, 52), (67, 15), (68, 0), (69, 1), (70, 2), (71, 51), (74, 4), (72, 68), (73, 24)]
index list: [53, 54, 55, 50, 69, 72, 6, 7, 8, 9, 10, 11, 78, 14, 56, 25, 76, 73, 66, 17, 18, 16, 20, 21, 75, 42, 43, 19, 26, 27, 28, 29, 30, 31, 32, 57, 48, 34, 35, 36, 22, 23, 67, 5, 3, 79, 70, 71, 12, 13, 41, 77, 33, 37, 38, 44, 45, 46, 58, 74, 59, 49, 40, 47, 39, 60, 61, 62, 63, 64, 65, 52, 15, 0, 1, 2, 51, 4, 68, 24]
index list energy: 1399253.364285957
Done


