## SLURM PROLOG ###############################################################
##    Job ID : 2089327
##  Job Name : NOESY_60
##  Nodelist : node1164
##      CPUs : 1
##  Mem/Node : 1024 MB
## Directory : /gpfs/data/nfawzi/skale/Fawzi_pycharm_project
##   Started : Fri Jan 18 23:46:55 EST 2019
###############################################################################
iterations: 10000000 temp: 1000000.0 exponent: 0.7 eif: 300.0
time taken (sec): 966.5023653507233
number of iterations: 10000000
og index list: [(0, 56), (1, 49), (2, 68), (3, 33), (4, 69), (5, 1), (6, 10), (7, 27), (8, 28), (9, 71), (10, 12), (11, 15), (12, 24), (13, 50), (79, 52), (14, 43), (15, 26), (16, 21), (78, 5), (17, 60), (18, 41), (19, 45), (20, 29), (21, 9), (22, 17), (23, 14), (24, 64), (25, 61), (26, 23), (27, 22), (28, 55), (29, 2), (30, 31), (31, 16), (32, 57), (77, 77), (33, 39), (34, 11), (35, 58), (36, 62), (37, 47), (38, 70), (39, 67), (40, 44), (41, 65), (76, 46), (42, 36), (43, 35), (44, 20), (45, 42), (46, 63), (47, 40), (48, 6), (49, 0), (50, 73), (51, 74), (52, 8), (53, 79), (54, 38), (55, 54), (56, 59), (57, 48), (58, 51), (75, 25), (59, 13), (60, 76), (61, 78), (62, 19), (63, 37), (64, 75), (65, 32), (66, 3), (67, 34), (68, 7), (69, 72), (70, 18), (71, 66), (74, 4), (72, 30), (73, 53)]
og index list energy: 100345666.3549966
index_list: [(0, 0), (1, 1), (2, 2), (3, 3), (4, 4), (5, 5), (6, 6), (7, 7), (8, 8), (9, 9), (10, 10), (11, 11), (12, 12), (13, 13), (79, 77), (14, 14), (15, 15), (16, 16), (78, 76), (17, 17), (18, 18), (19, 19), (20, 20), (21, 21), (22, 22), (23, 23), (24, 24), (25, 25), (26, 26), (27, 27), (28, 28), (29, 29), (30, 30), (31, 31), (32, 32), (77, 78), (33, 33), (34, 34), (35, 35), (36, 36), (37, 37), (38, 38), (39, 39), (40, 40), (41, 41), (76, 74), (42, 42), (43, 43), (44, 44), (45, 45), (46, 46), (47, 47), (48, 48), (49, 49), (50, 50), (51, 51), (52, 52), (53, 53), (54, 54), (55, 55), (56, 56), (57, 57), (58, 58), (75, 79), (59, 59), (60, 60), (61, 61), (62, 62), (63, 63), (64, 64), (65, 65), (66, 66), (67, 67), (68, 68), (69, 69), (70, 70), (71, 71), (74, 75), (72, 72), (73, 73)]
index list: [0, 1, 2, 3, 4, 5, 6, 7, 8, 9, 10, 11, 12, 13, 77, 14, 15, 16, 76, 17, 18, 19, 20, 21, 22, 23, 24, 25, 26, 27, 28, 29, 30, 31, 32, 78, 33, 34, 35, 36, 37, 38, 39, 40, 41, 74, 42, 43, 44, 45, 46, 47, 48, 49, 50, 51, 52, 53, 54, 55, 56, 57, 58, 79, 59, 60, 61, 62, 63, 64, 65, 66, 67, 68, 69, 70, 71, 75, 72, 73]
index list energy: 97911.32412903158
Done


iterations: 10000000 temp: 1000000.0 exponent: 0.7 eif: 300.0
time taken (sec): 925.4804627895355
number of iterations: 10000000
og index list: [(0, 54), (1, 15), (2, 66), (3, 75), (4, 9), (5, 4), (6, 22), (7, 60), (8, 37), (9, 58), (10, 55), (11, 39), (12, 36), (13, 3), (79, 41), (14, 64), (15, 67), (16, 18), (78, 19), (17, 48), (18, 72), (19, 38), (20, 25), (21, 71), (22, 78), (23, 56), (24, 70), (25, 69), (26, 59), (27, 45), (28, 31), (29, 53), (30, 44), (31, 13), (32, 62), (77, 35), (33, 23), (34, 7), (35, 30), (36, 40), (37, 79), (38, 42), (39, 52), (40, 21), (41, 34), (76, 61), (42, 16), (43, 63), (44, 65), (45, 73), (46, 12), (47, 14), (48, 26), (49, 51), (50, 68), (51, 2), (52, 27), (53, 24), (54, 8), (55, 11), (56, 28), (57, 76), (58, 10), (75, 0), (59, 29), (60, 57), (61, 17), (62, 46), (63, 74), (64, 49), (65, 5), (66, 20), (67, 1), (68, 47), (69, 32), (70, 43), (71, 77), (74, 50), (72, 6), (73, 33)]
og index list energy: 103698934.93188947
index_list: [(0, 0), (1, 1), (2, 2), (3, 3), (4, 4), (5, 5), (6, 6), (7, 7), (8, 8), (9, 9), (10, 10), (11, 11), (12, 12), (13, 13), (79, 74), (14, 14), (15, 15), (16, 16), (78, 75), (17, 17), (18, 18), (19, 19), (20, 20), (21, 21), (22, 22), (23, 23), (24, 24), (25, 25), (26, 26), (27, 27), (28, 28), (29, 29), (30, 30), (31, 31), (32, 32), (77, 49), (33, 33), (34, 34), (35, 35), (36, 36), (37, 37), (38, 38), (39, 39), (40, 40), (41, 41), (76, 79), (42, 42), (43, 43), (44, 44), (45, 45), (46, 46), (47, 47), (48, 48), (49, 76), (50, 50), (51, 51), (52, 52), (53, 53), (54, 54), (55, 55), (56, 56), (57, 57), (58, 58), (75, 77), (59, 59), (60, 60), (61, 61), (62, 62), (63, 63), (64, 64), (65, 65), (66, 66), (67, 67), (68, 68), (69, 69), (70, 70), (71, 71), (74, 78), (72, 72), (73, 73)]
index list: [0, 1, 2, 3, 4, 5, 6, 7, 8, 9, 10, 11, 12, 13, 74, 14, 15, 16, 75, 17, 18, 19, 20, 21, 22, 23, 24, 25, 26, 27, 28, 29, 30, 31, 32, 49, 33, 34, 35, 36, 37, 38, 39, 40, 41, 79, 42, 43, 44, 45, 46, 47, 48, 76, 50, 51, 52, 53, 54, 55, 56, 57, 58, 77, 59, 60, 61, 62, 63, 64, 65, 66, 67, 68, 69, 70, 71, 78, 72, 73]
index list energy: 98209.82393678775
Done


iterations: 10000000 temp: 1000000.0 exponent: 0.7 eif: 300.0
time taken (sec): 845.7802441120148
number of iterations: 10000000
og index list: [(0, 29), (1, 17), (2, 49), (3, 59), (4, 26), (5, 66), (6, 28), (7, 78), (8, 64), (9, 16), (10, 5), (11, 14), (12, 6), (13, 76), (79, 70), (14, 46), (15, 51), (16, 2), (78, 36), (17, 34), (18, 8), (19, 55), (20, 1), (21, 13), (22, 25), (23, 61), (24, 20), (25, 58), (26, 35), (27, 44), (28, 71), (29, 22), (30, 0), (31, 23), (32, 65), (77, 31), (33, 40), (34, 39), (35, 41), (36, 32), (37, 63), (38, 18), (39, 9), (40, 72), (41, 24), (76, 11), (42, 54), (43, 73), (44, 27), (45, 57), (46, 77), (47, 60), (48, 79), (49, 47), (50, 15), (51, 21), (52, 12), (53, 37), (54, 67), (55, 69), (56, 43), (57, 4), (58, 53), (75, 42), (59, 74), (60, 62), (61, 10), (62, 33), (63, 56), (64, 68), (65, 38), (66, 45), (67, 50), (68, 3), (69, 30), (70, 75), (71, 19), (74, 52), (72, 7), (73, 48)]
og index list energy: 106027928.84769306
index_list: [(0, 14), (1, 78), (2, 10), (3, 11), (4, 12), (5, 13), (6, 6), (7, 7), (8, 8), (9, 9), (10, 0), (11, 1), (12, 2), (13, 16), (79, 74), (14, 72), (15, 73), (16, 50), (78, 75), (17, 17), (18, 18), (19, 19), (20, 20), (21, 21), (22, 22), (23, 23), (24, 24), (25, 25), (26, 26), (27, 27), (28, 28), (29, 29), (30, 30), (31, 31), (32, 32), (77, 49), (33, 33), (34, 34), (35, 35), (36, 36), (37, 37), (38, 38), (39, 39), (40, 40), (41, 41), (76, 77), (42, 42), (43, 43), (44, 44), (45, 45), (46, 46), (47, 47), (48, 48), (49, 76), (50, 15), (51, 51), (52, 52), (53, 53), (54, 54), (55, 55), (56, 56), (57, 57), (58, 58), (75, 79), (59, 59), (60, 60), (61, 61), (62, 62), (63, 63), (64, 64), (65, 65), (66, 66), (67, 67), (68, 68), (69, 69), (70, 70), (71, 71), (74, 4), (72, 5), (73, 3)]
index list: [14, 78, 10, 11, 12, 13, 6, 7, 8, 9, 0, 1, 2, 16, 74, 72, 73, 50, 75, 17, 18, 19, 20, 21, 22, 23, 24, 25, 26, 27, 28, 29, 30, 31, 32, 49, 33, 34, 35, 36, 37, 38, 39, 40, 41, 77, 42, 43, 44, 45, 46, 47, 48, 76, 15, 51, 52, 53, 54, 55, 56, 57, 58, 79, 59, 60, 61, 62, 63, 64, 65, 66, 67, 68, 69, 70, 71, 4, 5, 3]
index list energy: 236755.23615665815
Done


iterations: 10000000 temp: 1000000.0 exponent: 0.7 eif: 300.0
time taken (sec): 864.3198056221008
number of iterations: 10000000
og index list: [(0, 26), (1, 55), (2, 3), (3, 52), (4, 73), (5, 0), (6, 71), (7, 59), (8, 30), (9, 65), (10, 21), (11, 22), (12, 62), (13, 16), (79, 69), (14, 78), (15, 27), (16, 58), (78, 34), (17, 8), (18, 29), (19, 42), (20, 6), (21, 43), (22, 57), (23, 61), (24, 13), (25, 64), (26, 7), (27, 50), (28, 48), (29, 53), (30, 54), (31, 28), (32, 79), (77, 63), (33, 18), (34, 12), (35, 15), (36, 24), (37, 38), (38, 2), (39, 4), (40, 77), (41, 35), (76, 37), (42, 1), (43, 36), (44, 75), (45, 20), (46, 66), (47, 67), (48, 72), (49, 19), (50, 76), (51, 32), (52, 56), (53, 45), (54, 39), (55, 44), (56, 23), (57, 25), (58, 40), (75, 31), (59, 10), (60, 41), (61, 46), (62, 9), (63, 11), (64, 14), (65, 74), (66, 70), (67, 17), (68, 5), (69, 47), (70, 68), (71, 49), (74, 51), (72, 60), (73, 33)]
og index list energy: 97939143.7560384
index_list: [(0, 0), (1, 1), (2, 2), (3, 3), (4, 4), (5, 5), (6, 6), (7, 7), (8, 8), (9, 9), (10, 10), (11, 11), (12, 12), (13, 13), (79, 49), (14, 14), (15, 15), (16, 16), (78, 77), (17, 17), (18, 18), (19, 19), (20, 20), (21, 21), (22, 22), (23, 23), (24, 24), (25, 25), (26, 26), (27, 27), (28, 28), (29, 29), (30, 30), (31, 31), (32, 32), (77, 76), (33, 33), (34, 34), (35, 35), (36, 36), (37, 37), (38, 38), (39, 39), (40, 40), (41, 41), (76, 71), (42, 74), (43, 43), (44, 44), (45, 45), (46, 46), (47, 47), (48, 48), (49, 75), (50, 50), (51, 51), (52, 52), (53, 53), (54, 54), (55, 55), (56, 56), (57, 57), (58, 58), (75, 79), (59, 59), (60, 60), (61, 61), (62, 62), (63, 63), (64, 64), (65, 65), (66, 66), (67, 67), (68, 68), (69, 69), (70, 70), (71, 78), (74, 42), (72, 72), (73, 73)]
index list: [0, 1, 2, 3, 4, 5, 6, 7, 8, 9, 10, 11, 12, 13, 49, 14, 15, 16, 77, 17, 18, 19, 20, 21, 22, 23, 24, 25, 26, 27, 28, 29, 30, 31, 32, 76, 33, 34, 35, 36, 37, 38, 39, 40, 41, 71, 74, 43, 44, 45, 46, 47, 48, 75, 50, 51, 52, 53, 54, 55, 56, 57, 58, 79, 59, 60, 61, 62, 63, 64, 65, 66, 67, 68, 69, 70, 78, 42, 72, 73]
index list energy: 108070.45780373304
Done


iterations: 10000000 temp: 1000000.0 exponent: 0.7 eif: 300.0
time taken (sec): 861.24360871315
number of iterations: 10000000
og index list: [(0, 18), (1, 49), (2, 64), (3, 44), (4, 38), (5, 9), (6, 28), (7, 26), (8, 40), (9, 8), (10, 65), (11, 15), (12, 61), (13, 3), (79, 52), (14, 50), (15, 31), (16, 48), (78, 71), (17, 11), (18, 19), (19, 10), (20, 63), (21, 39), (22, 75), (23, 79), (24, 77), (25, 20), (26, 59), (27, 56), (28, 29), (29, 68), (30, 25), (31, 41), (32, 33), (77, 36), (33, 62), (34, 76), (35, 42), (36, 57), (37, 32), (38, 16), (39, 27), (40, 24), (41, 47), (76, 66), (42, 23), (43, 78), (44, 58), (45, 73), (46, 12), (47, 1), (48, 17), (49, 30), (50, 72), (51, 14), (52, 7), (53, 45), (54, 0), (55, 2), (56, 54), (57, 74), (58, 13), (75, 53), (59, 4), (60, 37), (61, 34), (62, 51), (63, 5), (64, 43), (65, 69), (66, 6), (67, 22), (68, 70), (69, 67), (70, 55), (71, 35), (74, 60), (72, 46), (73, 21)]
og index list energy: 113605942.65153947
index_list: [(0, 72), (1, 1), (2, 2), (3, 3), (4, 4), (5, 5), (6, 6), (7, 7), (8, 8), (9, 9), (10, 10), (11, 11), (12, 12), (13, 13), (79, 74), (14, 14), (15, 15), (16, 16), (78, 76), (17, 17), (18, 18), (19, 19), (20, 20), (21, 21), (22, 22), (23, 23), (24, 24), (25, 25), (26, 26), (27, 27), (28, 28), (29, 29), (30, 30), (31, 31), (32, 32), (77, 77), (33, 33), (34, 34), (35, 35), (36, 36), (37, 37), (38, 38), (39, 39), (40, 40), (41, 41), (76, 79), (42, 42), (43, 43), (44, 44), (45, 45), (46, 46), (47, 47), (48, 48), (49, 78), (50, 50), (51, 51), (52, 52), (53, 53), (54, 54), (55, 55), (56, 56), (57, 57), (58, 58), (75, 49), (59, 59), (60, 60), (61, 61), (62, 62), (63, 63), (64, 64), (65, 65), (66, 66), (67, 67), (68, 68), (69, 69), (70, 70), (71, 71), (74, 75), (72, 73), (73, 0)]
index list: [72, 1, 2, 3, 4, 5, 6, 7, 8, 9, 10, 11, 12, 13, 74, 14, 15, 16, 76, 17, 18, 19, 20, 21, 22, 23, 24, 25, 26, 27, 28, 29, 30, 31, 32, 77, 33, 34, 35, 36, 37, 38, 39, 40, 41, 79, 42, 43, 44, 45, 46, 47, 48, 78, 50, 51, 52, 53, 54, 55, 56, 57, 58, 49, 59, 60, 61, 62, 63, 64, 65, 66, 67, 68, 69, 70, 71, 75, 73, 0]
index list energy: 101496.76386437901
Done


iterations: 10000000 temp: 1000000.0 exponent: 0.7 eif: 300.0
time taken (sec): 859.4519410133362
number of iterations: 10000000
og index list: [(0, 70), (1, 11), (2, 45), (3, 63), (4, 34), (5, 64), (6, 56), (7, 50), (8, 37), (9, 60), (10, 58), (11, 68), (12, 53), (13, 49), (79, 15), (14, 8), (15, 59), (16, 10), (78, 66), (17, 19), (18, 54), (19, 75), (20, 24), (21, 14), (22, 27), (23, 38), (24, 39), (25, 74), (26, 73), (27, 6), (28, 78), (29, 36), (30, 1), (31, 0), (32, 71), (77, 18), (33, 47), (34, 17), (35, 69), (36, 55), (37, 26), (38, 72), (39, 52), (40, 76), (41, 30), (76, 43), (42, 61), (43, 16), (44, 5), (45, 20), (46, 22), (47, 12), (48, 40), (49, 3), (50, 46), (51, 13), (52, 32), (53, 57), (54, 23), (55, 29), (56, 9), (57, 79), (58, 65), (75, 67), (59, 33), (60, 7), (61, 48), (62, 35), (63, 21), (64, 28), (65, 62), (66, 31), (67, 4), (68, 44), (69, 41), (70, 51), (71, 25), (74, 42), (72, 77), (73, 2)]
og index list energy: 98491686.01863167
index_list: [(0, 72), (1, 1), (2, 2), (3, 3), (4, 4), (5, 5), (6, 6), (7, 7), (8, 8), (9, 9), (10, 10), (11, 11), (12, 12), (13, 13), (79, 74), (14, 14), (15, 15), (16, 16), (78, 76), (17, 17), (18, 18), (19, 19), (20, 20), (21, 21), (22, 22), (23, 23), (24, 24), (25, 25), (26, 26), (27, 27), (28, 28), (29, 29), (30, 30), (31, 31), (32, 32), (77, 79), (33, 33), (34, 34), (35, 35), (36, 36), (37, 37), (38, 38), (39, 39), (40, 40), (41, 41), (76, 77), (42, 42), (43, 43), (44, 44), (45, 45), (46, 46), (47, 47), (48, 48), (49, 75), (50, 50), (51, 51), (52, 52), (53, 53), (54, 54), (55, 55), (56, 56), (57, 57), (58, 58), (75, 49), (59, 59), (60, 60), (61, 61), (62, 62), (63, 63), (64, 64), (65, 65), (66, 66), (67, 67), (68, 68), (69, 69), (70, 70), (71, 71), (74, 0), (72, 78), (73, 73)]
index list: [72, 1, 2, 3, 4, 5, 6, 7, 8, 9, 10, 11, 12, 13, 74, 14, 15, 16, 76, 17, 18, 19, 20, 21, 22, 23, 24, 25, 26, 27, 28, 29, 30, 31, 32, 79, 33, 34, 35, 36, 37, 38, 39, 40, 41, 77, 42, 43, 44, 45, 46, 47, 48, 75, 50, 51, 52, 53, 54, 55, 56, 57, 58, 49, 59, 60, 61, 62, 63, 64, 65, 66, 67, 68, 69, 70, 71, 0, 78, 73]
index list energy: 100415.02532256568
Done


iterations: 10000000 temp: 1000000.0 exponent: 0.7 eif: 300.0
time taken (sec): 827.0854256153107
number of iterations: 10000000
og index list: [(0, 61), (1, 21), (2, 14), (3, 34), (4, 5), (5, 43), (6, 13), (7, 39), (8, 2), (9, 25), (10, 1), (11, 49), (12, 22), (13, 35), (79, 44), (14, 74), (15, 45), (16, 67), (78, 78), (17, 58), (18, 31), (19, 7), (20, 4), (21, 65), (22, 72), (23, 8), (24, 33), (25, 69), (26, 24), (27, 79), (28, 28), (29, 50), (30, 70), (31, 16), (32, 42), (77, 77), (33, 17), (34, 10), (35, 75), (36, 62), (37, 66), (38, 71), (39, 37), (40, 32), (41, 0), (76, 19), (42, 29), (43, 55), (44, 18), (45, 3), (46, 68), (47, 41), (48, 47), (49, 59), (50, 6), (51, 40), (52, 9), (53, 76), (54, 60), (55, 54), (56, 48), (57, 57), (58, 63), (75, 56), (59, 51), (60, 73), (61, 23), (62, 27), (63, 53), (64, 38), (65, 30), (66, 12), (67, 64), (68, 26), (69, 20), (70, 36), (71, 11), (74, 52), (72, 15), (73, 46)]
og index list energy: 115784363.91456315
index_list: [(0, 0), (1, 1), (2, 2), (3, 3), (4, 4), (5, 5), (6, 6), (7, 7), (8, 8), (9, 9), (10, 10), (11, 11), (12, 12), (13, 13), (79, 49), (14, 14), (15, 15), (16, 16), (78, 75), (17, 17), (18, 18), (19, 19), (20, 20), (21, 21), (22, 22), (23, 23), (24, 24), (25, 25), (26, 26), (27, 27), (28, 28), (29, 29), (30, 30), (31, 31), (32, 32), (77, 79), (33, 33), (34, 34), (35, 35), (36, 36), (37, 37), (38, 38), (39, 39), (40, 40), (41, 41), (76, 71), (42, 78), (43, 43), (44, 44), (45, 45), (46, 46), (47, 47), (48, 48), (49, 77), (50, 50), (51, 51), (52, 52), (53, 53), (54, 54), (55, 55), (56, 56), (57, 57), (58, 58), (75, 74), (59, 59), (60, 60), (61, 61), (62, 62), (63, 63), (64, 64), (65, 65), (66, 66), (67, 67), (68, 68), (69, 69), (70, 70), (71, 76), (74, 42), (72, 72), (73, 73)]
index list: [0, 1, 2, 3, 4, 5, 6, 7, 8, 9, 10, 11, 12, 13, 49, 14, 15, 16, 75, 17, 18, 19, 20, 21, 22, 23, 24, 25, 26, 27, 28, 29, 30, 31, 32, 79, 33, 34, 35, 36, 37, 38, 39, 40, 41, 71, 78, 43, 44, 45, 46, 47, 48, 77, 50, 51, 52, 53, 54, 55, 56, 57, 58, 74, 59, 60, 61, 62, 63, 64, 65, 66, 67, 68, 69, 70, 76, 42, 72, 73]
index list energy: 108070.45780373304
Done


iterations: 10000000 temp: 1000000.0 exponent: 0.7 eif: 300.0
time taken (sec): 777.3514714241028
number of iterations: 10000000
og index list: [(0, 38), (1, 59), (2, 44), (3, 35), (4, 36), (5, 25), (6, 3), (7, 49), (8, 63), (9, 23), (10, 58), (11, 69), (12, 55), (13, 40), (79, 77), (14, 10), (15, 45), (16, 70), (78, 72), (17, 73), (18, 75), (19, 51), (20, 34), (21, 57), (22, 61), (23, 32), (24, 7), (25, 37), (26, 71), (27, 65), (28, 48), (29, 67), (30, 2), (31, 29), (32, 14), (77, 0), (33, 16), (34, 50), (35, 24), (36, 28), (37, 33), (38, 52), (39, 21), (40, 66), (41, 4), (76, 9), (42, 47), (43, 56), (44, 27), (45, 74), (46, 46), (47, 31), (48, 5), (49, 76), (50, 15), (51, 41), (52, 78), (53, 20), (54, 22), (55, 13), (56, 26), (57, 62), (58, 42), (75, 17), (59, 11), (60, 18), (61, 19), (62, 64), (63, 6), (64, 1), (65, 12), (66, 60), (67, 43), (68, 68), (69, 54), (70, 39), (71, 79), (74, 30), (72, 53), (73, 8)]
og index list energy: 94792456.2447839
index_list: [(0, 72), (1, 1), (2, 2), (3, 3), (4, 4), (5, 5), (6, 6), (7, 7), (8, 8), (9, 9), (10, 10), (11, 11), (12, 12), (13, 13), (79, 0), (14, 73), (15, 78), (16, 16), (78, 75), (17, 17), (18, 18), (19, 19), (20, 20), (21, 21), (22, 22), (23, 23), (24, 24), (25, 25), (26, 26), (27, 27), (28, 28), (29, 29), (30, 30), (31, 31), (32, 74), (77, 42), (33, 33), (34, 34), (35, 35), (36, 36), (37, 37), (38, 38), (39, 39), (40, 40), (41, 41), (76, 71), (42, 76), (43, 43), (44, 44), (45, 45), (46, 46), (47, 47), (48, 48), (49, 77), (50, 50), (51, 51), (52, 52), (53, 53), (54, 54), (55, 55), (56, 56), (57, 57), (58, 58), (75, 49), (59, 59), (60, 60), (61, 61), (62, 62), (63, 63), (64, 64), (65, 65), (66, 66), (67, 67), (68, 68), (69, 69), (70, 14), (71, 15), (74, 32), (72, 79), (73, 70)]
index list: [72, 1, 2, 3, 4, 5, 6, 7, 8, 9, 10, 11, 12, 13, 0, 73, 78, 16, 75, 17, 18, 19, 20, 21, 22, 23, 24, 25, 26, 27, 28, 29, 30, 31, 74, 42, 33, 34, 35, 36, 37, 38, 39, 40, 41, 71, 76, 43, 44, 45, 46, 47, 48, 77, 50, 51, 52, 53, 54, 55, 56, 57, 58, 49, 59, 60, 61, 62, 63, 64, 65, 66, 67, 68, 69, 14, 15, 32, 79, 70]
index list energy: 146055.87528318568
Done


iterations: 10000000 temp: 1000000.0 exponent: 0.7 eif: 300.0
time taken (sec): 821.0677654743195
number of iterations: 10000000
og index list: [(0, 23), (1, 57), (2, 13), (3, 40), (4, 32), (5, 68), (6, 49), (7, 79), (8, 28), (9, 55), (10, 26), (11, 22), (12, 14), (13, 37), (79, 70), (14, 18), (15, 78), (16, 77), (78, 15), (17, 53), (18, 17), (19, 67), (20, 71), (21, 64), (22, 75), (23, 56), (24, 34), (25, 39), (26, 3), (27, 0), (28, 51), (29, 38), (30, 8), (31, 76), (32, 47), (77, 21), (33, 29), (34, 36), (35, 63), (36, 50), (37, 7), (38, 5), (39, 27), (40, 2), (41, 10), (76, 54), (42, 59), (43, 45), (44, 25), (45, 24), (46, 30), (47, 1), (48, 69), (49, 20), (50, 73), (51, 61), (52, 44), (53, 66), (54, 4), (55, 43), (56, 16), (57, 65), (58, 19), (75, 9), (59, 31), (60, 72), (61, 58), (62, 33), (63, 35), (64, 74), (65, 12), (66, 62), (67, 11), (68, 6), (69, 41), (70, 46), (71, 48), (74, 52), (72, 60), (73, 42)]
og index list energy: 106208873.08030555
index_list: [(0, 47), (1, 1), (2, 2), (3, 3), (4, 4), (5, 5), (6, 6), (7, 7), (8, 8), (9, 9), (10, 10), (11, 11), (12, 12), (13, 13), (79, 74), (14, 14), (15, 15), (16, 16), (78, 76), (17, 17), (18, 18), (19, 19), (20, 20), (21, 21), (22, 22), (23, 23), (24, 24), (25, 25), (26, 26), (27, 27), (28, 28), (29, 29), (30, 30), (31, 31), (32, 75), (77, 42), (33, 33), (34, 34), (35, 35), (36, 36), (37, 37), (38, 38), (39, 39), (40, 40), (41, 41), (76, 79), (42, 43), (43, 44), (44, 45), (45, 46), (46, 32), (47, 77), (48, 48), (49, 0), (50, 50), (51, 51), (52, 52), (53, 53), (54, 54), (55, 55), (56, 56), (57, 57), (58, 58), (75, 49), (59, 59), (60, 60), (61, 61), (62, 62), (63, 63), (64, 64), (65, 65), (66, 66), (67, 67), (68, 68), (69, 69), (70, 70), (71, 71), (74, 78), (72, 72), (73, 73)]
index list: [47, 1, 2, 3, 4, 5, 6, 7, 8, 9, 10, 11, 12, 13, 74, 14, 15, 16, 76, 17, 18, 19, 20, 21, 22, 23, 24, 25, 26, 27, 28, 29, 30, 31, 75, 42, 33, 34, 35, 36, 37, 38, 39, 40, 41, 79, 43, 44, 45, 46, 32, 77, 48, 0, 50, 51, 52, 53, 54, 55, 56, 57, 58, 49, 59, 60, 61, 62, 63, 64, 65, 66, 67, 68, 69, 70, 71, 78, 72, 73]
index list energy: 158038.34273299313
Done


iterations: 10000000 temp: 1000000.0 exponent: 0.7 eif: 300.0
time taken (sec): 793.1554939746857
number of iterations: 10000000
og index list: [(0, 66), (1, 62), (2, 70), (3, 69), (4, 13), (5, 3), (6, 20), (7, 49), (8, 17), (9, 43), (10, 53), (11, 30), (12, 24), (13, 11), (79, 8), (14, 25), (15, 34), (16, 38), (78, 46), (17, 67), (18, 37), (19, 54), (20, 44), (21, 78), (22, 9), (23, 18), (24, 5), (25, 21), (26, 74), (27, 41), (28, 32), (29, 29), (30, 26), (31, 39), (32, 28), (77, 56), (33, 58), (34, 27), (35, 51), (36, 45), (37, 7), (38, 6), (39, 79), (40, 47), (41, 31), (76, 10), (42, 33), (43, 57), (44, 35), (45, 48), (46, 16), (47, 72), (48, 19), (49, 64), (50, 61), (51, 52), (52, 14), (53, 50), (54, 55), (55, 75), (56, 1), (57, 36), (58, 42), (75, 77), (59, 0), (60, 22), (61, 71), (62, 23), (63, 4), (64, 73), (65, 65), (66, 76), (67, 60), (68, 40), (69, 2), (70, 15), (71, 12), (74, 59), (72, 68), (73, 63)]
og index list energy: 142825781.83968025
index_list: [(0, 14), (1, 5), (2, 44), (3, 45), (4, 46), (5, 47), (6, 6), (7, 7), (8, 8), (9, 78), (10, 42), (11, 72), (12, 1), (13, 2), (79, 3), (14, 4), (15, 15), (16, 16), (78, 49), (17, 17), (18, 18), (19, 19), (20, 20), (21, 21), (22, 22), (23, 23), (24, 24), (25, 25), (26, 26), (27, 27), (28, 28), (29, 29), (30, 30), (31, 31), (32, 32), (77, 77), (33, 33), (34, 34), (35, 35), (36, 36), (37, 37), (38, 38), (39, 39), (40, 40), (41, 41), (76, 71), (42, 50), (43, 51), (44, 10), (45, 11), (46, 12), (47, 74), (48, 48), (49, 76), (50, 43), (51, 9), (52, 52), (53, 53), (54, 54), (55, 55), (56, 56), (57, 57), (58, 58), (75, 79), (59, 59), (60, 60), (61, 61), (62, 62), (63, 63), (64, 64), (65, 65), (66, 66), (67, 67), (68, 68), (69, 69), (70, 70), (71, 75), (74, 13), (72, 0), (73, 73)]
index list: [14, 5, 44, 45, 46, 47, 6, 7, 8, 78, 42, 72, 1, 2, 3, 4, 15, 16, 49, 17, 18, 19, 20, 21, 22, 23, 24, 25, 26, 27, 28, 29, 30, 31, 32, 77, 33, 34, 35, 36, 37, 38, 39, 40, 41, 71, 50, 51, 10, 11, 12, 74, 48, 76, 43, 9, 52, 53, 54, 55, 56, 57, 58, 79, 59, 60, 61, 62, 63, 64, 65, 66, 67, 68, 69, 70, 75, 13, 0, 73]
index list energy: 252632.88171801934
Done


iterations: 10000000 temp: 1000000.0 exponent: 0.7 eif: 300.0
time taken (sec): 867.8607022762299
number of iterations: 10000000
og index list: [(0, 62), (1, 28), (2, 39), (3, 61), (4, 34), (5, 5), (6, 47), (7, 54), (8, 33), (9, 13), (10, 67), (11, 77), (12, 23), (13, 64), (79, 4), (14, 10), (15, 66), (16, 46), (78, 36), (17, 25), (18, 20), (19, 21), (20, 65), (21, 44), (22, 43), (23, 49), (24, 37), (25, 6), (26, 55), (27, 68), (28, 57), (29, 73), (30, 11), (31, 78), (32, 75), (77, 69), (33, 2), (34, 14), (35, 0), (36, 19), (37, 8), (38, 60), (39, 71), (40, 7), (41, 1), (76, 3), (42, 45), (43, 17), (44, 35), (45, 31), (46, 48), (47, 38), (48, 41), (49, 18), (50, 79), (51, 74), (52, 53), (53, 15), (54, 29), (55, 58), (56, 40), (57, 24), (58, 12), (75, 76), (59, 32), (60, 56), (61, 52), (62, 27), (63, 50), (64, 26), (65, 16), (66, 63), (67, 42), (68, 9), (69, 30), (70, 51), (71, 70), (74, 72), (72, 22), (73, 59)]
og index list energy: 125869072.96816084
index_list: [(0, 0), (1, 1), (2, 2), (3, 3), (4, 4), (5, 5), (6, 6), (7, 7), (8, 8), (9, 9), (10, 10), (11, 11), (12, 12), (13, 13), (79, 76), (14, 14), (15, 15), (16, 16), (78, 74), (17, 17), (18, 18), (19, 19), (20, 20), (21, 21), (22, 22), (23, 23), (24, 24), (25, 25), (26, 26), (27, 27), (28, 28), (29, 29), (30, 30), (31, 31), (32, 32), (77, 79), (33, 33), (34, 34), (35, 35), (36, 36), (37, 37), (38, 38), (39, 39), (40, 40), (41, 41), (76, 78), (42, 42), (43, 43), (44, 44), (45, 45), (46, 46), (47, 47), (48, 48), (49, 77), (50, 50), (51, 51), (52, 52), (53, 53), (54, 54), (55, 55), (56, 56), (57, 57), (58, 58), (75, 49), (59, 59), (60, 60), (61, 61), (62, 62), (63, 63), (64, 64), (65, 65), (66, 66), (67, 67), (68, 68), (69, 69), (70, 70), (71, 71), (74, 75), (72, 72), (73, 73)]
index list: [0, 1, 2, 3, 4, 5, 6, 7, 8, 9, 10, 11, 12, 13, 76, 14, 15, 16, 74, 17, 18, 19, 20, 21, 22, 23, 24, 25, 26, 27, 28, 29, 30, 31, 32, 79, 33, 34, 35, 36, 37, 38, 39, 40, 41, 78, 42, 43, 44, 45, 46, 47, 48, 77, 50, 51, 52, 53, 54, 55, 56, 57, 58, 49, 59, 60, 61, 62, 63, 64, 65, 66, 67, 68, 69, 70, 71, 75, 72, 73]
index list energy: 98209.82393678775
Done


iterations: 10000000 temp: 1000000.0 exponent: 0.7 eif: 300.0
time taken (sec): 850.0322253704071
number of iterations: 10000000
og index list: [(0, 44), (1, 4), (2, 35), (3, 16), (4, 70), (5, 73), (6, 9), (7, 38), (8, 75), (9, 25), (10, 61), (11, 7), (12, 2), (13, 14), (79, 18), (14, 12), (15, 72), (16, 6), (78, 5), (17, 71), (18, 79), (19, 22), (20, 17), (21, 76), (22, 33), (23, 57), (24, 49), (25, 28), (26, 65), (27, 43), (28, 24), (29, 64), (30, 78), (31, 8), (32, 54), (77, 47), (33, 55), (34, 10), (35, 27), (36, 60), (37, 36), (38, 50), (39, 48), (40, 34), (41, 52), (76, 69), (42, 66), (43, 29), (44, 21), (45, 58), (46, 68), (47, 42), (48, 31), (49, 13), (50, 56), (51, 1), (52, 26), (53, 23), (54, 15), (55, 30), (56, 37), (57, 53), (58, 74), (75, 59), (59, 11), (60, 39), (61, 51), (62, 62), (63, 40), (64, 41), (65, 32), (66, 0), (67, 63), (68, 67), (69, 45), (70, 19), (71, 20), (74, 46), (72, 77), (73, 3)]
og index list energy: 91043669.38662724
index_list: [(0, 0), (1, 1), (2, 2), (3, 3), (4, 4), (5, 5), (6, 6), (7, 7), (8, 8), (9, 9), (10, 10), (11, 11), (12, 12), (13, 13), (79, 74), (14, 14), (15, 15), (16, 16), (78, 79), (17, 17), (18, 18), (19, 19), (20, 20), (21, 21), (22, 22), (23, 23), (24, 24), (25, 25), (26, 26), (27, 27), (28, 28), (29, 29), (30, 30), (31, 31), (32, 32), (77, 49), (33, 33), (34, 34), (35, 35), (36, 36), (37, 37), (38, 38), (39, 39), (40, 40), (41, 41), (76, 78), (42, 42), (43, 43), (44, 44), (45, 45), (46, 46), (47, 47), (48, 48), (49, 77), (50, 50), (51, 51), (52, 52), (53, 53), (54, 54), (55, 55), (56, 56), (57, 57), (58, 58), (75, 76), (59, 59), (60, 60), (61, 61), (62, 62), (63, 63), (64, 64), (65, 65), (66, 66), (67, 67), (68, 68), (69, 69), (70, 70), (71, 71), (74, 75), (72, 72), (73, 73)]
index list: [0, 1, 2, 3, 4, 5, 6, 7, 8, 9, 10, 11, 12, 13, 74, 14, 15, 16, 79, 17, 18, 19, 20, 21, 22, 23, 24, 25, 26, 27, 28, 29, 30, 31, 32, 49, 33, 34, 35, 36, 37, 38, 39, 40, 41, 78, 42, 43, 44, 45, 46, 47, 48, 77, 50, 51, 52, 53, 54, 55, 56, 57, 58, 76, 59, 60, 61, 62, 63, 64, 65, 66, 67, 68, 69, 70, 71, 75, 72, 73]
index list energy: 98209.82393678775
Done


iterations: 10000000 temp: 1000000.0 exponent: 0.7 eif: 300.0
time taken (sec): 856.525918006897
number of iterations: 10000000
og index list: [(0, 46), (1, 1), (2, 20), (3, 73), (4, 56), (5, 22), (6, 54), (7, 32), (8, 67), (9, 77), (10, 25), (11, 49), (12, 7), (13, 4), (79, 36), (14, 38), (15, 8), (16, 66), (78, 59), (17, 71), (18, 21), (19, 9), (20, 3), (21, 24), (22, 23), (23, 55), (24, 29), (25, 78), (26, 52), (27, 5), (28, 26), (29, 19), (30, 51), (31, 10), (32, 76), (77, 28), (33, 58), (34, 17), (35, 72), (36, 62), (37, 43), (38, 34), (39, 44), (40, 48), (41, 2), (76, 18), (42, 57), (43, 27), (44, 61), (45, 31), (46, 45), (47, 39), (48, 68), (49, 69), (50, 74), (51, 70), (52, 35), (53, 6), (54, 65), (55, 33), (56, 47), (57, 0), (58, 63), (75, 30), (59, 11), (60, 37), (61, 42), (62, 75), (63, 79), (64, 60), (65, 16), (66, 41), (67, 15), (68, 14), (69, 40), (70, 50), (71, 12), (74, 53), (72, 64), (73, 13)]
og index list energy: 120690748.3897135
index_list: [(0, 72), (1, 1), (2, 2), (3, 3), (4, 4), (5, 5), (6, 6), (7, 7), (8, 8), (9, 9), (10, 10), (11, 11), (12, 12), (13, 13), (79, 76), (14, 14), (15, 15), (16, 16), (78, 78), (17, 17), (18, 18), (19, 19), (20, 20), (21, 21), (22, 22), (23, 23), (24, 24), (25, 25), (26, 26), (27, 27), (28, 28), (29, 29), (30, 30), (31, 31), (32, 32), (77, 75), (33, 33), (34, 34), (35, 35), (36, 36), (37, 37), (38, 38), (39, 39), (40, 40), (41, 41), (76, 49), (42, 42), (43, 43), (44, 44), (45, 45), (46, 46), (47, 47), (48, 48), (49, 77), (50, 50), (51, 51), (52, 52), (53, 53), (54, 54), (55, 55), (56, 56), (57, 57), (58, 58), (75, 74), (59, 59), (60, 60), (61, 61), (62, 62), (63, 63), (64, 64), (65, 65), (66, 66), (67, 67), (68, 68), (69, 69), (70, 70), (71, 71), (74, 0), (72, 79), (73, 73)]
index list: [72, 1, 2, 3, 4, 5, 6, 7, 8, 9, 10, 11, 12, 13, 76, 14, 15, 16, 78, 17, 18, 19, 20, 21, 22, 23, 24, 25, 26, 27, 28, 29, 30, 31, 32, 75, 33, 34, 35, 36, 37, 38, 39, 40, 41, 49, 42, 43, 44, 45, 46, 47, 48, 77, 50, 51, 52, 53, 54, 55, 56, 57, 58, 74, 59, 60, 61, 62, 63, 64, 65, 66, 67, 68, 69, 70, 71, 0, 79, 73]
index list energy: 100415.02532256568
Done


iterations: 10000000 temp: 1000000.0 exponent: 0.7 eif: 300.0
time taken (sec): 855.3102962970734
number of iterations: 10000000
og index list: [(0, 14), (1, 7), (2, 53), (3, 20), (4, 23), (5, 52), (6, 45), (7, 50), (8, 57), (9, 35), (10, 66), (11, 48), (12, 59), (13, 68), (79, 5), (14, 2), (15, 38), (16, 31), (78, 26), (17, 18), (18, 63), (19, 73), (20, 71), (21, 65), (22, 16), (23, 37), (24, 67), (25, 32), (26, 46), (27, 51), (28, 10), (29, 42), (30, 55), (31, 11), (32, 28), (77, 6), (33, 0), (34, 27), (35, 13), (36, 47), (37, 34), (38, 8), (39, 69), (40, 25), (41, 44), (76, 72), (42, 41), (43, 21), (44, 76), (45, 4), (46, 61), (47, 40), (48, 15), (49, 56), (50, 64), (51, 70), (52, 36), (53, 17), (54, 19), (55, 1), (56, 79), (57, 43), (58, 75), (75, 49), (59, 22), (60, 78), (61, 29), (62, 74), (63, 9), (64, 62), (65, 39), (66, 58), (67, 3), (68, 60), (69, 54), (70, 77), (71, 24), (74, 30), (72, 12), (73, 33)]
og index list energy: 119497380.79012305
index_list: [(0, 0), (1, 1), (2, 2), (3, 3), (4, 4), (5, 5), (6, 6), (7, 7), (8, 8), (9, 9), (10, 10), (11, 11), (12, 12), (13, 13), (79, 76), (14, 14), (15, 15), (16, 16), (78, 49), (17, 17), (18, 18), (19, 19), (20, 20), (21, 21), (22, 22), (23, 23), (24, 24), (25, 25), (26, 26), (27, 27), (28, 28), (29, 29), (30, 30), (31, 31), (32, 32), (77, 79), (33, 33), (34, 34), (35, 35), (36, 36), (37, 37), (38, 38), (39, 39), (40, 40), (41, 41), (76, 74), (42, 42), (43, 43), (44, 44), (45, 45), (46, 46), (47, 47), (48, 48), (49, 75), (50, 50), (51, 51), (52, 52), (53, 53), (54, 54), (55, 55), (56, 56), (57, 57), (58, 58), (75, 78), (59, 59), (60, 60), (61, 61), (62, 62), (63, 63), (64, 64), (65, 65), (66, 66), (67, 67), (68, 68), (69, 69), (70, 70), (71, 71), (74, 77), (72, 72), (73, 73)]
index list: [0, 1, 2, 3, 4, 5, 6, 7, 8, 9, 10, 11, 12, 13, 76, 14, 15, 16, 49, 17, 18, 19, 20, 21, 22, 23, 24, 25, 26, 27, 28, 29, 30, 31, 32, 79, 33, 34, 35, 36, 37, 38, 39, 40, 41, 74, 42, 43, 44, 45, 46, 47, 48, 75, 50, 51, 52, 53, 54, 55, 56, 57, 58, 78, 59, 60, 61, 62, 63, 64, 65, 66, 67, 68, 69, 70, 71, 77, 72, 73]
index list energy: 98209.82393678775
Done


iterations: 10000000 temp: 1000000.0 exponent: 0.7 eif: 300.0
time taken (sec): 859.8446574211121
number of iterations: 10000000
og index list: [(0, 9), (1, 52), (2, 0), (3, 1), (4, 22), (5, 18), (6, 37), (7, 10), (8, 57), (9, 76), (10, 78), (11, 29), (12, 3), (13, 56), (79, 66), (14, 74), (15, 34), (16, 21), (78, 51), (17, 67), (18, 42), (19, 60), (20, 75), (21, 61), (22, 24), (23, 28), (24, 2), (25, 30), (26, 5), (27, 43), (28, 31), (29, 13), (30, 8), (31, 35), (32, 47), (77, 11), (33, 7), (34, 68), (35, 6), (36, 73), (37, 55), (38, 54), (39, 17), (40, 26), (41, 45), (76, 32), (42, 49), (43, 72), (44, 53), (45, 23), (46, 69), (47, 48), (48, 27), (49, 36), (50, 38), (51, 33), (52, 46), (53, 41), (54, 64), (55, 59), (56, 58), (57, 12), (58, 39), (75, 4), (59, 44), (60, 19), (61, 16), (62, 50), (63, 40), (64, 14), (65, 62), (66, 79), (67, 77), (68, 15), (69, 71), (70, 63), (71, 70), (74, 65), (72, 20), (73, 25)]
og index list energy: 120193592.61045809
index_list: [(0, 0), (1, 1), (2, 2), (3, 3), (4, 4), (5, 5), (6, 6), (7, 7), (8, 8), (9, 9), (10, 10), (11, 11), (12, 12), (13, 13), (79, 78), (14, 14), (15, 15), (16, 16), (78, 75), (17, 17), (18, 18), (19, 19), (20, 20), (21, 21), (22, 22), (23, 23), (24, 24), (25, 25), (26, 26), (27, 27), (28, 28), (29, 29), (30, 30), (31, 31), (32, 32), (77, 79), (33, 33), (34, 34), (35, 35), (36, 36), (37, 37), (38, 38), (39, 39), (40, 40), (41, 41), (76, 49), (42, 42), (43, 43), (44, 44), (45, 45), (46, 46), (47, 47), (48, 48), (49, 74), (50, 50), (51, 51), (52, 52), (53, 53), (54, 54), (55, 55), (56, 56), (57, 57), (58, 58), (75, 77), (59, 59), (60, 60), (61, 61), (62, 62), (63, 63), (64, 64), (65, 65), (66, 66), (67, 67), (68, 68), (69, 69), (70, 70), (71, 71), (74, 76), (72, 72), (73, 73)]
index list: [0, 1, 2, 3, 4, 5, 6, 7, 8, 9, 10, 11, 12, 13, 78, 14, 15, 16, 75, 17, 18, 19, 20, 21, 22, 23, 24, 25, 26, 27, 28, 29, 30, 31, 32, 79, 33, 34, 35, 36, 37, 38, 39, 40, 41, 49, 42, 43, 44, 45, 46, 47, 48, 74, 50, 51, 52, 53, 54, 55, 56, 57, 58, 77, 59, 60, 61, 62, 63, 64, 65, 66, 67, 68, 69, 70, 71, 76, 72, 73]
index list energy: 98209.82393678775
Done


iterations: 10000000 temp: 1000000.0 exponent: 0.7 eif: 300.0
time taken (sec): 864.1102933883667
number of iterations: 10000000
og index list: [(0, 68), (1, 17), (2, 69), (3, 20), (4, 50), (5, 57), (6, 78), (7, 0), (8, 35), (9, 21), (10, 24), (11, 46), (12, 42), (13, 65), (79, 75), (14, 76), (15, 40), (16, 28), (78, 79), (17, 52), (18, 32), (19, 53), (20, 44), (21, 60), (22, 3), (23, 74), (24, 27), (25, 71), (26, 7), (27, 31), (28, 15), (29, 5), (30, 38), (31, 47), (32, 64), (77, 77), (33, 66), (34, 63), (35, 4), (36, 36), (37, 25), (38, 2), (39, 10), (40, 70), (41, 39), (76, 55), (42, 30), (43, 6), (44, 8), (45, 45), (46, 73), (47, 62), (48, 13), (49, 49), (50, 54), (51, 16), (52, 11), (53, 33), (54, 51), (55, 61), (56, 43), (57, 56), (58, 41), (75, 12), (59, 18), (60, 37), (61, 34), (62, 26), (63, 72), (64, 59), (65, 1), (66, 9), (67, 48), (68, 23), (69, 29), (70, 58), (71, 67), (74, 14), (72, 22), (73, 19)]
og index list energy: 132474486.39705506
index_list: [(0, 0), (1, 1), (2, 2), (3, 3), (4, 4), (5, 5), (6, 6), (7, 7), (8, 8), (9, 9), (10, 10), (11, 11), (12, 12), (13, 13), (79, 78), (14, 14), (15, 15), (16, 16), (78, 76), (17, 17), (18, 18), (19, 19), (20, 20), (21, 21), (22, 22), (23, 23), (24, 24), (25, 25), (26, 26), (27, 27), (28, 28), (29, 29), (30, 30), (31, 31), (32, 32), (77, 75), (33, 33), (34, 34), (35, 35), (36, 36), (37, 37), (38, 38), (39, 39), (40, 40), (41, 41), (76, 77), (42, 42), (43, 43), (44, 44), (45, 45), (46, 46), (47, 47), (48, 48), (49, 49), (50, 50), (51, 51), (52, 52), (53, 53), (54, 54), (55, 55), (56, 56), (57, 57), (58, 58), (75, 74), (59, 59), (60, 60), (61, 61), (62, 62), (63, 63), (64, 64), (65, 65), (66, 66), (67, 67), (68, 68), (69, 69), (70, 70), (71, 71), (74, 79), (72, 72), (73, 73)]
index list: [0, 1, 2, 3, 4, 5, 6, 7, 8, 9, 10, 11, 12, 13, 78, 14, 15, 16, 76, 17, 18, 19, 20, 21, 22, 23, 24, 25, 26, 27, 28, 29, 30, 31, 32, 75, 33, 34, 35, 36, 37, 38, 39, 40, 41, 77, 42, 43, 44, 45, 46, 47, 48, 49, 50, 51, 52, 53, 54, 55, 56, 57, 58, 74, 59, 60, 61, 62, 63, 64, 65, 66, 67, 68, 69, 70, 71, 79, 72, 73]
index list energy: 97911.32412903158
Done


iterations: 10000000 temp: 1000000.0 exponent: 0.7 eif: 300.0
time taken (sec): 851.7473812103271
number of iterations: 10000000
og index list: [(0, 78), (1, 72), (2, 35), (3, 56), (4, 69), (5, 44), (6, 60), (7, 63), (8, 65), (9, 47), (10, 46), (11, 23), (12, 42), (13, 54), (79, 18), (14, 19), (15, 48), (16, 49), (78, 31), (17, 12), (18, 30), (19, 2), (20, 36), (21, 34), (22, 11), (23, 7), (24, 24), (25, 38), (26, 75), (27, 32), (28, 66), (29, 9), (30, 50), (31, 33), (32, 41), (77, 45), (33, 76), (34, 37), (35, 14), (36, 25), (37, 55), (38, 28), (39, 68), (40, 43), (41, 77), (76, 13), (42, 27), (43, 20), (44, 71), (45, 61), (46, 79), (47, 53), (48, 21), (49, 29), (50, 10), (51, 16), (52, 26), (53, 52), (54, 51), (55, 17), (56, 70), (57, 3), (58, 8), (75, 74), (59, 5), (60, 1), (61, 59), (62, 0), (63, 39), (64, 6), (65, 4), (66, 67), (67, 15), (68, 62), (69, 40), (70, 73), (71, 57), (74, 22), (72, 58), (73, 64)]
og index list energy: 113304236.47447222
index_list: [(0, 0), (1, 1), (2, 2), (3, 3), (4, 4), (5, 5), (6, 6), (7, 7), (8, 8), (9, 9), (10, 10), (11, 11), (12, 12), (13, 13), (79, 79), (14, 14), (15, 15), (16, 16), (78, 49), (17, 17), (18, 18), (19, 19), (20, 20), (21, 21), (22, 22), (23, 23), (24, 24), (25, 25), (26, 26), (27, 27), (28, 28), (29, 29), (30, 30), (31, 31), (32, 32), (77, 77), (33, 33), (34, 34), (35, 35), (36, 36), (37, 37), (38, 38), (39, 39), (40, 40), (41, 41), (76, 75), (42, 42), (43, 43), (44, 44), (45, 45), (46, 46), (47, 47), (48, 48), (49, 74), (50, 50), (51, 51), (52, 52), (53, 53), (54, 54), (55, 55), (56, 56), (57, 57), (58, 58), (75, 78), (59, 59), (60, 60), (61, 61), (62, 62), (63, 63), (64, 64), (65, 65), (66, 66), (67, 67), (68, 68), (69, 69), (70, 70), (71, 71), (74, 76), (72, 72), (73, 73)]
index list: [0, 1, 2, 3, 4, 5, 6, 7, 8, 9, 10, 11, 12, 13, 79, 14, 15, 16, 49, 17, 18, 19, 20, 21, 22, 23, 24, 25, 26, 27, 28, 29, 30, 31, 32, 77, 33, 34, 35, 36, 37, 38, 39, 40, 41, 75, 42, 43, 44, 45, 46, 47, 48, 74, 50, 51, 52, 53, 54, 55, 56, 57, 58, 78, 59, 60, 61, 62, 63, 64, 65, 66, 67, 68, 69, 70, 71, 76, 72, 73]
index list energy: 98209.82393678775
Done


iterations: 10000000 temp: 1000000.0 exponent: 0.7 eif: 300.0
time taken (sec): 837.5556797981262
number of iterations: 10000000
og index list: [(0, 76), (1, 53), (2, 54), (3, 57), (4, 65), (5, 20), (6, 68), (7, 49), (8, 74), (9, 41), (10, 60), (11, 55), (12, 48), (13, 64), (79, 30), (14, 39), (15, 18), (16, 14), (78, 79), (17, 27), (18, 25), (19, 8), (20, 61), (21, 24), (22, 47), (23, 29), (24, 63), (25, 45), (26, 22), (27, 40), (28, 43), (29, 1), (30, 59), (31, 50), (32, 73), (77, 13), (33, 3), (34, 46), (35, 19), (36, 34), (37, 67), (38, 0), (39, 4), (40, 5), (41, 75), (76, 11), (42, 12), (43, 71), (44, 21), (45, 44), (46, 51), (47, 33), (48, 16), (49, 62), (50, 70), (51, 72), (52, 37), (53, 38), (54, 17), (55, 28), (56, 26), (57, 31), (58, 69), (75, 10), (59, 36), (60, 77), (61, 35), (62, 58), (63, 32), (64, 2), (65, 78), (66, 42), (67, 52), (68, 9), (69, 6), (70, 7), (71, 23), (74, 66), (72, 15), (73, 56)]
og index list energy: 88627778.21725741
index_list: [(0, 0), (1, 1), (2, 2), (3, 3), (4, 4), (5, 5), (6, 6), (7, 7), (8, 8), (9, 9), (10, 10), (11, 11), (12, 12), (13, 13), (79, 16), (14, 79), (15, 72), (16, 73), (78, 75), (17, 17), (18, 18), (19, 19), (20, 20), (21, 21), (22, 22), (23, 23), (24, 24), (25, 25), (26, 26), (27, 27), (28, 28), (29, 29), (30, 30), (31, 31), (32, 32), (77, 49), (33, 33), (34, 34), (35, 35), (36, 36), (37, 37), (38, 38), (39, 39), (40, 40), (41, 41), (76, 76), (42, 42), (43, 43), (44, 44), (45, 45), (46, 46), (47, 47), (48, 48), (49, 74), (50, 50), (51, 51), (52, 52), (53, 53), (54, 54), (55, 55), (56, 56), (57, 57), (58, 58), (75, 78), (59, 59), (60, 60), (61, 61), (62, 62), (63, 63), (64, 64), (65, 65), (66, 66), (67, 67), (68, 68), (69, 69), (70, 70), (71, 71), (74, 77), (72, 14), (73, 15)]
index list: [0, 1, 2, 3, 4, 5, 6, 7, 8, 9, 10, 11, 12, 13, 16, 79, 72, 73, 75, 17, 18, 19, 20, 21, 22, 23, 24, 25, 26, 27, 28, 29, 30, 31, 32, 49, 33, 34, 35, 36, 37, 38, 39, 40, 41, 76, 42, 43, 44, 45, 46, 47, 48, 74, 50, 51, 52, 53, 54, 55, 56, 57, 58, 78, 59, 60, 61, 62, 63, 64, 65, 66, 67, 68, 69, 70, 71, 77, 14, 15]
index list energy: 128197.06509037674
Done


iterations: 10000000 temp: 1000000.0 exponent: 0.7 eif: 300.0
time taken (sec): 852.2366015911102
number of iterations: 10000000
og index list: [(0, 20), (1, 68), (2, 1), (3, 8), (4, 55), (5, 7), (6, 23), (7, 76), (8, 75), (9, 3), (10, 38), (11, 37), (12, 58), (13, 59), (79, 36), (14, 74), (15, 34), (16, 66), (78, 28), (17, 79), (18, 44), (19, 61), (20, 72), (21, 48), (22, 16), (23, 73), (24, 51), (25, 18), (26, 42), (27, 77), (28, 10), (29, 47), (30, 39), (31, 78), (32, 26), (77, 33), (33, 65), (34, 0), (35, 60), (36, 31), (37, 35), (38, 50), (39, 4), (40, 46), (41, 57), (76, 30), (42, 62), (43, 64), (44, 70), (45, 43), (46, 29), (47, 53), (48, 41), (49, 63), (50, 19), (51, 71), (52, 67), (53, 11), (54, 13), (55, 12), (56, 45), (57, 6), (58, 40), (75, 5), (59, 14), (60, 21), (61, 27), (62, 52), (63, 9), (64, 24), (65, 49), (66, 17), (67, 15), (68, 22), (69, 69), (70, 56), (71, 2), (74, 54), (72, 32), (73, 25)]
og index list energy: 81635266.74020007
index_list: [(0, 0), (1, 1), (2, 2), (3, 3), (4, 4), (5, 5), (6, 6), (7, 7), (8, 8), (9, 9), (10, 10), (11, 11), (12, 12), (13, 13), (79, 79), (14, 14), (15, 15), (16, 16), (78, 76), (17, 17), (18, 18), (19, 19), (20, 20), (21, 21), (22, 22), (23, 23), (24, 24), (25, 25), (26, 26), (27, 27), (28, 28), (29, 29), (30, 30), (31, 31), (32, 32), (77, 78), (33, 33), (34, 34), (35, 35), (36, 36), (37, 37), (38, 38), (39, 39), (40, 40), (41, 41), (76, 49), (42, 42), (43, 43), (44, 44), (45, 45), (46, 46), (47, 47), (48, 48), (49, 74), (50, 50), (51, 51), (52, 52), (53, 53), (54, 54), (55, 55), (56, 56), (57, 57), (58, 58), (75, 77), (59, 59), (60, 60), (61, 61), (62, 62), (63, 63), (64, 64), (65, 65), (66, 66), (67, 67), (68, 68), (69, 69), (70, 70), (71, 71), (74, 75), (72, 72), (73, 73)]
index list: [0, 1, 2, 3, 4, 5, 6, 7, 8, 9, 10, 11, 12, 13, 79, 14, 15, 16, 76, 17, 18, 19, 20, 21, 22, 23, 24, 25, 26, 27, 28, 29, 30, 31, 32, 78, 33, 34, 35, 36, 37, 38, 39, 40, 41, 49, 42, 43, 44, 45, 46, 47, 48, 74, 50, 51, 52, 53, 54, 55, 56, 57, 58, 77, 59, 60, 61, 62, 63, 64, 65, 66, 67, 68, 69, 70, 71, 75, 72, 73]
index list energy: 98209.82393678775
Done


iterations: 10000000 temp: 1000000.0 exponent: 0.7 eif: 300.0
time taken (sec): 862.6134612560272
number of iterations: 10000000
og index list: [(0, 46), (1, 28), (2, 72), (3, 66), (4, 74), (5, 11), (6, 36), (7, 5), (8, 0), (9, 75), (10, 35), (11, 41), (12, 70), (13, 42), (79, 31), (14, 13), (15, 34), (16, 7), (78, 33), (17, 59), (18, 43), (19, 56), (20, 30), (21, 60), (22, 6), (23, 3), (24, 65), (25, 79), (26, 16), (27, 10), (28, 67), (29, 32), (30, 14), (31, 48), (32, 57), (77, 17), (33, 4), (34, 63), (35, 58), (36, 77), (37, 71), (38, 1), (39, 69), (40, 52), (41, 76), (76, 51), (42, 9), (43, 50), (44, 45), (45, 73), (46, 37), (47, 49), (48, 20), (49, 40), (50, 54), (51, 23), (52, 21), (53, 22), (54, 38), (55, 25), (56, 78), (57, 27), (58, 24), (75, 64), (59, 8), (60, 15), (61, 61), (62, 18), (63, 2), (64, 44), (65, 47), (66, 29), (67, 26), (68, 53), (69, 68), (70, 55), (71, 12), (74, 62), (72, 19), (73, 39)]
og index list energy: 89264307.38736981
index_list: [(0, 0), (1, 1), (2, 2), (3, 3), (4, 4), (5, 5), (6, 6), (7, 7), (8, 8), (9, 9), (10, 10), (11, 11), (12, 12), (13, 13), (79, 78), (14, 14), (15, 15), (16, 16), (78, 49), (17, 17), (18, 18), (19, 19), (20, 20), (21, 21), (22, 22), (23, 23), (24, 24), (25, 25), (26, 26), (27, 27), (28, 28), (29, 29), (30, 30), (31, 31), (32, 32), (77, 77), (33, 33), (34, 34), (35, 35), (36, 36), (37, 37), (38, 38), (39, 39), (40, 40), (41, 41), (76, 75), (42, 42), (43, 43), (44, 44), (45, 45), (46, 46), (47, 47), (48, 48), (49, 74), (50, 50), (51, 51), (52, 52), (53, 53), (54, 54), (55, 55), (56, 56), (57, 57), (58, 58), (75, 79), (59, 59), (60, 60), (61, 61), (62, 62), (63, 63), (64, 64), (65, 65), (66, 66), (67, 67), (68, 68), (69, 69), (70, 70), (71, 71), (74, 76), (72, 72), (73, 73)]
index list: [0, 1, 2, 3, 4, 5, 6, 7, 8, 9, 10, 11, 12, 13, 78, 14, 15, 16, 49, 17, 18, 19, 20, 21, 22, 23, 24, 25, 26, 27, 28, 29, 30, 31, 32, 77, 33, 34, 35, 36, 37, 38, 39, 40, 41, 75, 42, 43, 44, 45, 46, 47, 48, 74, 50, 51, 52, 53, 54, 55, 56, 57, 58, 79, 59, 60, 61, 62, 63, 64, 65, 66, 67, 68, 69, 70, 71, 76, 72, 73]
index list energy: 98209.82393678775
Done


iterations: 10000000 temp: 1000000.0 exponent: 0.7 eif: 300.0
time taken (sec): 853.6197066307068
number of iterations: 10000000
og index list: [(0, 42), (1, 8), (2, 16), (3, 63), (4, 17), (5, 36), (6, 79), (7, 41), (8, 67), (9, 24), (10, 43), (11, 10), (12, 4), (13, 2), (79, 29), (14, 35), (15, 15), (16, 39), (78, 32), (17, 62), (18, 60), (19, 55), (20, 6), (21, 44), (22, 59), (23, 27), (24, 64), (25, 28), (26, 9), (27, 58), (28, 19), (29, 31), (30, 72), (31, 54), (32, 70), (77, 78), (33, 1), (34, 74), (35, 51), (36, 53), (37, 30), (38, 76), (39, 66), (40, 52), (41, 69), (76, 48), (42, 34), (43, 33), (44, 13), (45, 47), (46, 68), (47, 75), (48, 18), (49, 26), (50, 73), (51, 20), (52, 12), (53, 14), (54, 37), (55, 21), (56, 56), (57, 5), (58, 71), (75, 49), (59, 0), (60, 40), (61, 57), (62, 3), (63, 23), (64, 46), (65, 22), (66, 25), (67, 45), (68, 11), (69, 65), (70, 50), (71, 38), (74, 77), (72, 61), (73, 7)]
og index list energy: 121440530.67056422
index_list: [(0, 0), (1, 1), (2, 2), (3, 3), (4, 4), (5, 5), (6, 6), (7, 7), (8, 8), (9, 9), (10, 10), (11, 11), (12, 12), (13, 13), (79, 75), (14, 14), (15, 15), (16, 16), (78, 74), (17, 17), (18, 18), (19, 19), (20, 20), (21, 21), (22, 22), (23, 23), (24, 24), (25, 25), (26, 26), (27, 27), (28, 28), (29, 29), (30, 30), (31, 31), (32, 32), (77, 49), (33, 33), (34, 34), (35, 35), (36, 36), (37, 37), (38, 38), (39, 39), (40, 40), (41, 41), (76, 78), (42, 42), (43, 43), (44, 44), (45, 45), (46, 46), (47, 47), (48, 48), (49, 76), (50, 50), (51, 51), (52, 52), (53, 53), (54, 54), (55, 55), (56, 56), (57, 57), (58, 58), (75, 79), (59, 59), (60, 60), (61, 61), (62, 62), (63, 63), (64, 64), (65, 65), (66, 66), (67, 67), (68, 68), (69, 69), (70, 70), (71, 71), (74, 77), (72, 72), (73, 73)]
index list: [0, 1, 2, 3, 4, 5, 6, 7, 8, 9, 10, 11, 12, 13, 75, 14, 15, 16, 74, 17, 18, 19, 20, 21, 22, 23, 24, 25, 26, 27, 28, 29, 30, 31, 32, 49, 33, 34, 35, 36, 37, 38, 39, 40, 41, 78, 42, 43, 44, 45, 46, 47, 48, 76, 50, 51, 52, 53, 54, 55, 56, 57, 58, 79, 59, 60, 61, 62, 63, 64, 65, 66, 67, 68, 69, 70, 71, 77, 72, 73]
index list energy: 98209.82393678775
Done


iterations: 10000000 temp: 1000000.0 exponent: 0.7 eif: 300.0
time taken (sec): 843.29967045784
number of iterations: 10000000
og index list: [(0, 37), (1, 22), (2, 28), (3, 75), (4, 50), (5, 12), (6, 53), (7, 29), (8, 16), (9, 9), (10, 17), (11, 42), (12, 62), (13, 30), (79, 19), (14, 31), (15, 6), (16, 4), (78, 48), (17, 3), (18, 7), (19, 55), (20, 25), (21, 65), (22, 47), (23, 66), (24, 54), (25, 21), (26, 0), (27, 71), (28, 72), (29, 69), (30, 18), (31, 63), (32, 46), (77, 34), (33, 20), (34, 33), (35, 59), (36, 60), (37, 68), (38, 44), (39, 23), (40, 79), (41, 51), (76, 41), (42, 10), (43, 15), (44, 49), (45, 14), (46, 40), (47, 78), (48, 11), (49, 38), (50, 56), (51, 76), (52, 24), (53, 36), (54, 45), (55, 77), (56, 32), (57, 2), (58, 5), (75, 8), (59, 1), (60, 74), (61, 70), (62, 35), (63, 26), (64, 39), (65, 27), (66, 52), (67, 73), (68, 58), (69, 67), (70, 43), (71, 13), (74, 57), (72, 61), (73, 64)]
og index list energy: 100681651.37697163
index_list: [(0, 0), (1, 1), (2, 2), (3, 3), (4, 4), (5, 5), (6, 6), (7, 7), (8, 8), (9, 9), (10, 10), (11, 11), (12, 12), (13, 13), (79, 75), (14, 14), (15, 15), (16, 16), (78, 74), (17, 17), (18, 18), (19, 19), (20, 20), (21, 21), (22, 22), (23, 23), (24, 24), (25, 25), (26, 26), (27, 27), (28, 28), (29, 29), (30, 30), (31, 31), (32, 32), (77, 49), (33, 33), (34, 34), (35, 35), (36, 36), (37, 37), (38, 38), (39, 39), (40, 40), (41, 41), (76, 76), (42, 42), (43, 43), (44, 44), (45, 45), (46, 46), (47, 47), (48, 48), (49, 78), (50, 50), (51, 51), (52, 52), (53, 53), (54, 54), (55, 55), (56, 56), (57, 57), (58, 58), (75, 77), (59, 59), (60, 60), (61, 61), (62, 62), (63, 63), (64, 64), (65, 65), (66, 66), (67, 67), (68, 68), (69, 69), (70, 70), (71, 71), (74, 79), (72, 72), (73, 73)]
index list: [0, 1, 2, 3, 4, 5, 6, 7, 8, 9, 10, 11, 12, 13, 75, 14, 15, 16, 74, 17, 18, 19, 20, 21, 22, 23, 24, 25, 26, 27, 28, 29, 30, 31, 32, 49, 33, 34, 35, 36, 37, 38, 39, 40, 41, 76, 42, 43, 44, 45, 46, 47, 48, 78, 50, 51, 52, 53, 54, 55, 56, 57, 58, 77, 59, 60, 61, 62, 63, 64, 65, 66, 67, 68, 69, 70, 71, 79, 72, 73]
index list energy: 98209.82393678775
Done


iterations: 10000000 temp: 1000000.0 exponent: 0.7 eif: 300.0
time taken (sec): 811.9046087265015
number of iterations: 10000000
og index list: [(0, 14), (1, 54), (2, 27), (3, 71), (4, 12), (5, 79), (6, 36), (7, 19), (8, 10), (9, 38), (10, 47), (11, 56), (12, 13), (13, 33), (79, 23), (14, 73), (15, 49), (16, 31), (78, 22), (17, 72), (18, 70), (19, 39), (20, 0), (21, 6), (22, 58), (23, 43), (24, 50), (25, 18), (26, 11), (27, 17), (28, 35), (29, 48), (30, 24), (31, 68), (32, 30), (77, 59), (33, 3), (34, 76), (35, 4), (36, 26), (37, 7), (38, 20), (39, 52), (40, 2), (41, 75), (76, 57), (42, 37), (43, 8), (44, 69), (45, 63), (46, 55), (47, 66), (48, 15), (49, 67), (50, 44), (51, 45), (52, 25), (53, 9), (54, 53), (55, 61), (56, 40), (57, 16), (58, 41), (75, 78), (59, 74), (60, 1), (61, 29), (62, 28), (63, 32), (64, 62), (65, 34), (66, 5), (67, 51), (68, 77), (69, 46), (70, 42), (71, 64), (74, 60), (72, 65), (73, 21)]
og index list energy: 105570040.64897825
index_list: [(0, 0), (1, 1), (2, 2), (3, 3), (4, 4), (5, 5), (6, 6), (7, 7), (8, 8), (9, 9), (10, 10), (11, 11), (12, 12), (13, 13), (79, 79), (14, 14), (15, 15), (16, 16), (78, 76), (17, 17), (18, 18), (19, 19), (20, 20), (21, 21), (22, 22), (23, 23), (24, 24), (25, 25), (26, 26), (27, 27), (28, 28), (29, 29), (30, 30), (31, 31), (32, 32), (77, 78), (33, 33), (34, 34), (35, 35), (36, 36), (37, 37), (38, 38), (39, 39), (40, 40), (41, 41), (76, 71), (42, 74), (43, 43), (44, 44), (45, 45), (46, 46), (47, 47), (48, 48), (49, 77), (50, 50), (51, 51), (52, 52), (53, 53), (54, 54), (55, 55), (56, 56), (57, 57), (58, 58), (75, 49), (59, 59), (60, 60), (61, 61), (62, 62), (63, 63), (64, 64), (65, 65), (66, 66), (67, 67), (68, 68), (69, 69), (70, 72), (71, 73), (74, 75), (72, 42), (73, 70)]
index list: [0, 1, 2, 3, 4, 5, 6, 7, 8, 9, 10, 11, 12, 13, 79, 14, 15, 16, 76, 17, 18, 19, 20, 21, 22, 23, 24, 25, 26, 27, 28, 29, 30, 31, 32, 78, 33, 34, 35, 36, 37, 38, 39, 40, 41, 71, 74, 43, 44, 45, 46, 47, 48, 77, 50, 51, 52, 53, 54, 55, 56, 57, 58, 49, 59, 60, 61, 62, 63, 64, 65, 66, 67, 68, 69, 72, 73, 75, 42, 70]
index list energy: 117778.2679746308
Done


iterations: 10000000 temp: 1000000.0 exponent: 0.7 eif: 300.0
time taken (sec): 826.8191275596619
number of iterations: 10000000
og index list: [(0, 57), (1, 77), (2, 54), (3, 37), (4, 79), (5, 34), (6, 26), (7, 2), (8, 47), (9, 10), (10, 38), (11, 63), (12, 56), (13, 75), (79, 23), (14, 13), (15, 33), (16, 71), (78, 0), (17, 20), (18, 17), (19, 6), (20, 59), (21, 30), (22, 66), (23, 48), (24, 46), (25, 45), (26, 68), (27, 58), (28, 51), (29, 18), (30, 8), (31, 49), (32, 19), (77, 78), (33, 11), (34, 53), (35, 61), (36, 73), (37, 21), (38, 14), (39, 15), (40, 4), (41, 52), (76, 69), (42, 24), (43, 16), (44, 3), (45, 76), (46, 35), (47, 9), (48, 70), (49, 62), (50, 74), (51, 67), (52, 7), (53, 12), (54, 65), (55, 64), (56, 50), (57, 43), (58, 29), (75, 32), (59, 44), (60, 40), (61, 55), (62, 25), (63, 31), (64, 41), (65, 42), (66, 1), (67, 72), (68, 27), (69, 28), (70, 39), (71, 22), (74, 36), (72, 5), (73, 60)]
og index list energy: 110078344.00453842
index_list: [(0, 47), (1, 1), (2, 2), (3, 3), (4, 4), (5, 5), (6, 6), (7, 7), (8, 8), (9, 9), (10, 10), (11, 11), (12, 12), (13, 13), (79, 77), (14, 14), (15, 15), (16, 16), (78, 79), (17, 17), (18, 18), (19, 19), (20, 20), (21, 21), (22, 22), (23, 23), (24, 24), (25, 25), (26, 26), (27, 27), (28, 28), (29, 29), (30, 30), (31, 31), (32, 32), (77, 75), (33, 33), (34, 34), (35, 35), (36, 36), (37, 37), (38, 38), (39, 39), (40, 40), (41, 41), (76, 0), (42, 76), (43, 42), (44, 43), (45, 44), (46, 45), (47, 46), (48, 48), (49, 74), (50, 50), (51, 51), (52, 52), (53, 53), (54, 54), (55, 55), (56, 56), (57, 57), (58, 58), (75, 78), (59, 59), (60, 60), (61, 61), (62, 62), (63, 63), (64, 64), (65, 65), (66, 66), (67, 67), (68, 68), (69, 69), (70, 70), (71, 71), (74, 49), (72, 72), (73, 73)]
index list: [47, 1, 2, 3, 4, 5, 6, 7, 8, 9, 10, 11, 12, 13, 77, 14, 15, 16, 79, 17, 18, 19, 20, 21, 22, 23, 24, 25, 26, 27, 28, 29, 30, 31, 32, 75, 33, 34, 35, 36, 37, 38, 39, 40, 41, 0, 76, 42, 43, 44, 45, 46, 48, 74, 50, 51, 52, 53, 54, 55, 56, 57, 58, 78, 59, 60, 61, 62, 63, 64, 65, 66, 67, 68, 69, 70, 71, 49, 72, 73]
index list energy: 120175.44357107127
Done


iterations: 10000000 temp: 1000000.0 exponent: 0.7 eif: 300.0
time taken (sec): 802.1694808006287
number of iterations: 10000000
og index list: [(0, 34), (1, 58), (2, 38), (3, 65), (4, 71), (5, 32), (6, 60), (7, 11), (8, 56), (9, 14), (10, 33), (11, 51), (12, 25), (13, 26), (79, 41), (14, 54), (15, 7), (16, 47), (78, 77), (17, 0), (18, 37), (19, 18), (20, 20), (21, 17), (22, 53), (23, 61), (24, 22), (25, 43), (26, 1), (27, 70), (28, 24), (29, 8), (30, 69), (31, 19), (32, 63), (77, 6), (33, 40), (34, 3), (35, 39), (36, 50), (37, 35), (38, 68), (39, 10), (40, 59), (41, 16), (76, 9), (42, 45), (43, 46), (44, 72), (45, 2), (46, 30), (47, 36), (48, 13), (49, 31), (50, 57), (51, 62), (52, 79), (53, 15), (54, 27), (55, 21), (56, 76), (57, 29), (58, 49), (75, 67), (59, 23), (60, 44), (61, 55), (62, 75), (63, 52), (64, 28), (65, 74), (66, 78), (67, 73), (68, 5), (69, 66), (70, 64), (71, 48), (74, 42), (72, 12), (73, 4)]
og index list energy: 107647228.11533587
index_list: [(0, 72), (1, 1), (2, 2), (3, 3), (4, 4), (5, 5), (6, 6), (7, 7), (8, 8), (9, 74), (10, 73), (11, 50), (12, 51), (13, 10), (79, 11), (14, 12), (15, 13), (16, 16), (78, 75), (17, 17), (18, 18), (19, 19), (20, 20), (21, 21), (22, 22), (23, 23), (24, 24), (25, 25), (26, 26), (27, 27), (28, 28), (29, 29), (30, 30), (31, 31), (32, 32), (77, 76), (33, 33), (34, 34), (35, 35), (36, 36), (37, 37), (38, 38), (39, 39), (40, 40), (41, 41), (76, 79), (42, 42), (43, 43), (44, 44), (45, 45), (46, 46), (47, 47), (48, 48), (49, 78), (50, 15), (51, 9), (52, 52), (53, 53), (54, 54), (55, 55), (56, 56), (57, 57), (58, 58), (75, 49), (59, 59), (60, 60), (61, 61), (62, 62), (63, 63), (64, 64), (65, 65), (66, 66), (67, 67), (68, 68), (69, 69), (70, 70), (71, 71), (74, 0), (72, 77), (73, 14)]
index list: [72, 1, 2, 3, 4, 5, 6, 7, 8, 74, 73, 50, 51, 10, 11, 12, 13, 16, 75, 17, 18, 19, 20, 21, 22, 23, 24, 25, 26, 27, 28, 29, 30, 31, 32, 76, 33, 34, 35, 36, 37, 38, 39, 40, 41, 79, 42, 43, 44, 45, 46, 47, 48, 78, 15, 9, 52, 53, 54, 55, 56, 57, 58, 49, 59, 60, 61, 62, 63, 64, 65, 66, 67, 68, 69, 70, 71, 0, 77, 14]
index list energy: 143814.658713231
Done


iterations: 10000000 temp: 1000000.0 exponent: 0.7 eif: 300.0
time taken (sec): 812.6183843612671
number of iterations: 10000000
og index list: [(0, 10), (1, 57), (2, 61), (3, 46), (4, 1), (5, 44), (6, 48), (7, 29), (8, 23), (9, 73), (10, 53), (11, 34), (12, 19), (13, 64), (79, 49), (14, 21), (15, 5), (16, 77), (78, 68), (17, 24), (18, 17), (19, 72), (20, 69), (21, 60), (22, 15), (23, 16), (24, 52), (25, 37), (26, 70), (27, 50), (28, 7), (29, 62), (30, 35), (31, 12), (32, 40), (77, 14), (33, 31), (34, 67), (35, 63), (36, 76), (37, 25), (38, 54), (39, 79), (40, 28), (41, 41), (76, 2), (42, 33), (43, 55), (44, 78), (45, 0), (46, 9), (47, 71), (48, 42), (49, 43), (50, 75), (51, 4), (52, 59), (53, 32), (54, 6), (55, 56), (56, 3), (57, 38), (58, 26), (75, 47), (59, 30), (60, 18), (61, 58), (62, 8), (63, 27), (64, 13), (65, 45), (66, 66), (67, 11), (68, 65), (69, 74), (70, 20), (71, 51), (74, 39), (72, 36), (73, 22)]
og index list energy: 105920344.61610068
index_list: [(0, 72), (1, 1), (2, 2), (3, 3), (4, 4), (5, 5), (6, 6), (7, 7), (8, 8), (9, 9), (10, 10), (11, 11), (12, 12), (13, 13), (79, 79), (14, 14), (15, 15), (16, 16), (78, 78), (17, 17), (18, 18), (19, 19), (20, 20), (21, 21), (22, 22), (23, 23), (24, 24), (25, 25), (26, 26), (27, 27), (28, 28), (29, 29), (30, 30), (31, 31), (32, 32), (77, 74), (33, 33), (34, 34), (35, 35), (36, 36), (37, 37), (38, 38), (39, 39), (40, 40), (41, 41), (76, 49), (42, 42), (43, 43), (44, 44), (45, 45), (46, 46), (47, 47), (48, 48), (49, 77), (50, 50), (51, 51), (52, 52), (53, 53), (54, 54), (55, 55), (56, 56), (57, 57), (58, 58), (75, 75), (59, 59), (60, 60), (61, 61), (62, 62), (63, 63), (64, 64), (65, 65), (66, 66), (67, 67), (68, 68), (69, 69), (70, 70), (71, 71), (74, 0), (72, 76), (73, 73)]
index list: [72, 1, 2, 3, 4, 5, 6, 7, 8, 9, 10, 11, 12, 13, 79, 14, 15, 16, 78, 17, 18, 19, 20, 21, 22, 23, 24, 25, 26, 27, 28, 29, 30, 31, 32, 74, 33, 34, 35, 36, 37, 38, 39, 40, 41, 49, 42, 43, 44, 45, 46, 47, 48, 77, 50, 51, 52, 53, 54, 55, 56, 57, 58, 75, 59, 60, 61, 62, 63, 64, 65, 66, 67, 68, 69, 70, 71, 0, 76, 73]
index list energy: 100415.02532256568
Done


iterations: 10000000 temp: 1000000.0 exponent: 0.7 eif: 300.0
time taken (sec): 845.7168147563934
number of iterations: 10000000
og index list: [(0, 41), (1, 7), (2, 39), (3, 23), (4, 25), (5, 76), (6, 18), (7, 77), (8, 15), (9, 51), (10, 21), (11, 79), (12, 78), (13, 14), (79, 68), (14, 66), (15, 0), (16, 2), (78, 6), (17, 29), (18, 34), (19, 9), (20, 24), (21, 49), (22, 52), (23, 65), (24, 26), (25, 56), (26, 73), (27, 62), (28, 45), (29, 8), (30, 11), (31, 67), (32, 12), (77, 55), (33, 31), (34, 70), (35, 20), (36, 72), (37, 53), (38, 54), (39, 59), (40, 30), (41, 42), (76, 27), (42, 74), (43, 61), (44, 48), (45, 13), (46, 47), (47, 50), (48, 38), (49, 33), (50, 44), (51, 57), (52, 75), (53, 37), (54, 60), (55, 63), (56, 43), (57, 5), (58, 22), (75, 36), (59, 71), (60, 64), (61, 17), (62, 4), (63, 16), (64, 28), (65, 10), (66, 58), (67, 40), (68, 3), (69, 32), (70, 69), (71, 1), (74, 35), (72, 19), (73, 46)]
og index list energy: 124977898.01056628
index_list: [(0, 0), (1, 1), (2, 2), (3, 3), (4, 4), (5, 5), (6, 6), (7, 7), (8, 8), (9, 9), (10, 10), (11, 11), (12, 12), (13, 13), (79, 77), (14, 14), (15, 15), (16, 16), (78, 76), (17, 17), (18, 18), (19, 19), (20, 20), (21, 21), (22, 22), (23, 23), (24, 24), (25, 25), (26, 26), (27, 27), (28, 28), (29, 29), (30, 30), (31, 31), (32, 32), (77, 49), (33, 33), (34, 34), (35, 35), (36, 36), (37, 37), (38, 38), (39, 39), (40, 40), (41, 41), (76, 79), (42, 42), (43, 43), (44, 44), (45, 45), (46, 46), (47, 47), (48, 48), (49, 74), (50, 50), (51, 51), (52, 52), (53, 53), (54, 54), (55, 55), (56, 56), (57, 57), (58, 58), (75, 78), (59, 59), (60, 60), (61, 61), (62, 62), (63, 63), (64, 64), (65, 65), (66, 66), (67, 67), (68, 68), (69, 69), (70, 70), (71, 71), (74, 75), (72, 72), (73, 73)]
index list: [0, 1, 2, 3, 4, 5, 6, 7, 8, 9, 10, 11, 12, 13, 77, 14, 15, 16, 76, 17, 18, 19, 20, 21, 22, 23, 24, 25, 26, 27, 28, 29, 30, 31, 32, 49, 33, 34, 35, 36, 37, 38, 39, 40, 41, 79, 42, 43, 44, 45, 46, 47, 48, 74, 50, 51, 52, 53, 54, 55, 56, 57, 58, 78, 59, 60, 61, 62, 63, 64, 65, 66, 67, 68, 69, 70, 71, 75, 72, 73]
index list energy: 98209.82393678775
Done


iterations: 10000000 temp: 1000000.0 exponent: 0.7 eif: 300.0
time taken (sec): 783.3475799560547
number of iterations: 10000000
og index list: [(0, 63), (1, 12), (2, 52), (3, 72), (4, 61), (5, 58), (6, 14), (7, 64), (8, 25), (9, 70), (10, 16), (11, 43), (12, 38), (13, 65), (79, 3), (14, 6), (15, 71), (16, 42), (78, 21), (17, 57), (18, 74), (19, 30), (20, 39), (21, 7), (22, 8), (23, 59), (24, 49), (25, 20), (26, 1), (27, 41), (28, 77), (29, 75), (30, 55), (31, 28), (32, 9), (77, 5), (33, 29), (34, 73), (35, 56), (36, 36), (37, 34), (38, 37), (39, 18), (40, 78), (41, 67), (76, 76), (42, 33), (43, 48), (44, 53), (45, 19), (46, 66), (47, 69), (48, 4), (49, 68), (50, 79), (51, 17), (52, 2), (53, 46), (54, 13), (55, 15), (56, 24), (57, 50), (58, 60), (75, 35), (59, 32), (60, 31), (61, 22), (62, 44), (63, 45), (64, 23), (65, 27), (66, 26), (67, 51), (68, 54), (69, 47), (70, 10), (71, 0), (74, 11), (72, 40), (73, 62)]
og index list energy: 92705968.89333542
index_list: [(0, 47), (1, 1), (2, 2), (3, 3), (4, 4), (5, 5), (6, 6), (7, 7), (8, 8), (9, 9), (10, 10), (11, 11), (12, 12), (13, 13), (79, 79), (14, 72), (15, 73), (16, 77), (78, 42), (17, 17), (18, 18), (19, 19), (20, 20), (21, 21), (22, 22), (23, 23), (24, 24), (25, 25), (26, 26), (27, 27), (28, 28), (29, 29), (30, 30), (31, 31), (32, 32), (77, 49), (33, 33), (34, 34), (35, 35), (36, 36), (37, 37), (38, 38), (39, 39), (40, 40), (41, 41), (76, 0), (42, 44), (43, 45), (44, 46), (45, 75), (46, 14), (47, 74), (48, 48), (49, 76), (50, 43), (51, 51), (52, 52), (53, 53), (54, 54), (55, 55), (56, 56), (57, 57), (58, 58), (75, 78), (59, 59), (60, 60), (61, 61), (62, 62), (63, 63), (64, 64), (65, 65), (66, 66), (67, 67), (68, 68), (69, 69), (70, 70), (71, 71), (74, 15), (72, 16), (73, 50)]
index list: [47, 1, 2, 3, 4, 5, 6, 7, 8, 9, 10, 11, 12, 13, 79, 72, 73, 77, 42, 17, 18, 19, 20, 21, 22, 23, 24, 25, 26, 27, 28, 29, 30, 31, 32, 49, 33, 34, 35, 36, 37, 38, 39, 40, 41, 0, 44, 45, 46, 75, 14, 74, 48, 76, 43, 51, 52, 53, 54, 55, 56, 57, 58, 78, 59, 60, 61, 62, 63, 64, 65, 66, 67, 68, 69, 70, 71, 15, 16, 50]
index list energy: 188282.96171978873
Done


iterations: 10000000 temp: 1000000.0 exponent: 0.7 eif: 300.0
time taken (sec): 819.0139377117157
number of iterations: 10000000
og index list: [(0, 55), (1, 12), (2, 7), (3, 0), (4, 51), (5, 45), (6, 69), (7, 14), (8, 28), (9, 33), (10, 77), (11, 68), (12, 10), (13, 24), (79, 56), (14, 74), (15, 21), (16, 43), (78, 16), (17, 9), (18, 42), (19, 17), (20, 75), (21, 71), (22, 64), (23, 59), (24, 19), (25, 76), (26, 22), (27, 29), (28, 25), (29, 23), (30, 46), (31, 39), (32, 44), (77, 27), (33, 78), (34, 20), (35, 38), (36, 8), (37, 65), (38, 48), (39, 4), (40, 50), (41, 41), (76, 60), (42, 18), (43, 62), (44, 2), (45, 34), (46, 47), (47, 13), (48, 30), (49, 15), (50, 72), (51, 52), (52, 40), (53, 1), (54, 32), (55, 66), (56, 61), (57, 49), (58, 53), (75, 3), (59, 36), (60, 5), (61, 26), (62, 35), (63, 6), (64, 57), (65, 11), (66, 73), (67, 67), (68, 58), (69, 70), (70, 31), (71, 79), (74, 54), (72, 37), (73, 63)]
og index list energy: 131240660.90206783
index_list: [(0, 0), (1, 1), (2, 2), (3, 3), (4, 4), (5, 5), (6, 6), (7, 7), (8, 8), (9, 9), (10, 10), (11, 11), (12, 12), (13, 13), (79, 75), (14, 14), (15, 15), (16, 16), (78, 76), (17, 17), (18, 18), (19, 19), (20, 20), (21, 21), (22, 22), (23, 23), (24, 24), (25, 25), (26, 26), (27, 27), (28, 28), (29, 29), (30, 30), (31, 31), (32, 32), (77, 78), (33, 33), (34, 34), (35, 35), (36, 36), (37, 37), (38, 38), (39, 39), (40, 40), (41, 41), (76, 71), (42, 77), (43, 43), (44, 44), (45, 45), (46, 46), (47, 47), (48, 48), (49, 49), (50, 50), (51, 51), (52, 52), (53, 53), (54, 54), (55, 55), (56, 56), (57, 57), (58, 58), (75, 74), (59, 59), (60, 60), (61, 61), (62, 62), (63, 63), (64, 64), (65, 65), (66, 66), (67, 67), (68, 68), (69, 69), (70, 70), (71, 79), (74, 42), (72, 72), (73, 73)]
index list: [0, 1, 2, 3, 4, 5, 6, 7, 8, 9, 10, 11, 12, 13, 75, 14, 15, 16, 76, 17, 18, 19, 20, 21, 22, 23, 24, 25, 26, 27, 28, 29, 30, 31, 32, 78, 33, 34, 35, 36, 37, 38, 39, 40, 41, 71, 77, 43, 44, 45, 46, 47, 48, 49, 50, 51, 52, 53, 54, 55, 56, 57, 58, 74, 59, 60, 61, 62, 63, 64, 65, 66, 67, 68, 69, 70, 79, 42, 72, 73]
index list energy: 107771.95799597686
Done


iterations: 10000000 temp: 1000000.0 exponent: 0.7 eif: 300.0
time taken (sec): 819.699793100357
number of iterations: 10000000
og index list: [(0, 38), (1, 78), (2, 7), (3, 77), (4, 22), (5, 24), (6, 23), (7, 69), (8, 48), (9, 63), (10, 9), (11, 34), (12, 35), (13, 18), (79, 50), (14, 13), (15, 53), (16, 75), (78, 31), (17, 43), (18, 62), (19, 0), (20, 6), (21, 58), (22, 54), (23, 19), (24, 41), (25, 37), (26, 4), (27, 74), (28, 39), (29, 3), (30, 59), (31, 12), (32, 60), (77, 70), (33, 2), (34, 67), (35, 10), (36, 28), (37, 44), (38, 25), (39, 64), (40, 79), (41, 20), (76, 65), (42, 73), (43, 32), (44, 36), (45, 14), (46, 30), (47, 46), (48, 49), (49, 15), (50, 57), (51, 47), (52, 27), (53, 55), (54, 42), (55, 21), (56, 52), (57, 17), (58, 1), (75, 68), (59, 40), (60, 51), (61, 16), (62, 76), (63, 5), (64, 71), (65, 11), (66, 66), (67, 61), (68, 56), (69, 45), (70, 33), (71, 26), (74, 72), (72, 29), (73, 8)]
og index list energy: 96833075.47996822
index_list: [(0, 72), (1, 1), (2, 2), (3, 3), (4, 4), (5, 5), (6, 6), (7, 7), (8, 8), (9, 9), (10, 10), (11, 11), (12, 12), (13, 13), (79, 75), (14, 14), (15, 15), (16, 16), (78, 74), (17, 17), (18, 18), (19, 19), (20, 20), (21, 21), (22, 22), (23, 23), (24, 24), (25, 25), (26, 26), (27, 27), (28, 28), (29, 29), (30, 30), (31, 31), (32, 32), (77, 49), (33, 33), (34, 34), (35, 35), (36, 36), (37, 37), (38, 38), (39, 39), (40, 0), (41, 73), (76, 77), (42, 42), (43, 43), (44, 44), (45, 45), (46, 46), (47, 47), (48, 48), (49, 79), (50, 50), (51, 51), (52, 52), (53, 53), (54, 54), (55, 55), (56, 56), (57, 57), (58, 58), (75, 76), (59, 59), (60, 60), (61, 61), (62, 62), (63, 63), (64, 64), (65, 65), (66, 66), (67, 67), (68, 68), (69, 69), (70, 70), (71, 78), (74, 41), (72, 71), (73, 40)]
index list: [72, 1, 2, 3, 4, 5, 6, 7, 8, 9, 10, 11, 12, 13, 75, 14, 15, 16, 74, 17, 18, 19, 20, 21, 22, 23, 24, 25, 26, 27, 28, 29, 30, 31, 32, 49, 33, 34, 35, 36, 37, 38, 39, 0, 73, 77, 42, 43, 44, 45, 46, 47, 48, 79, 50, 51, 52, 53, 54, 55, 56, 57, 58, 76, 59, 60, 61, 62, 63, 64, 65, 66, 67, 68, 69, 70, 78, 41, 71, 40]
index list energy: 154635.88161894947
Done


iterations: 10000000 temp: 1000000.0 exponent: 0.7 eif: 300.0
time taken (sec): 840.8551206588745
number of iterations: 10000000
og index list: [(0, 33), (1, 74), (2, 65), (3, 64), (4, 76), (5, 40), (6, 73), (7, 53), (8, 69), (9, 25), (10, 60), (11, 32), (12, 63), (13, 7), (79, 20), (14, 71), (15, 50), (16, 4), (78, 5), (17, 29), (18, 23), (19, 31), (20, 19), (21, 47), (22, 16), (23, 14), (24, 56), (25, 42), (26, 44), (27, 0), (28, 78), (29, 52), (30, 79), (31, 46), (32, 35), (77, 36), (33, 41), (34, 9), (35, 22), (36, 55), (37, 62), (38, 75), (39, 61), (40, 8), (41, 1), (76, 34), (42, 48), (43, 58), (44, 37), (45, 11), (46, 38), (47, 3), (48, 72), (49, 57), (50, 43), (51, 24), (52, 77), (53, 70), (54, 51), (55, 39), (56, 10), (57, 6), (58, 49), (75, 54), (59, 17), (60, 12), (61, 67), (62, 28), (63, 18), (64, 27), (65, 45), (66, 21), (67, 30), (68, 26), (69, 68), (70, 66), (71, 2), (74, 13), (72, 15), (73, 59)]
og index list energy: 112053007.90912259
index_list: [(0, 72), (1, 1), (2, 2), (3, 3), (4, 4), (5, 5), (6, 6), (7, 7), (8, 8), (9, 9), (10, 10), (11, 11), (12, 12), (13, 13), (79, 77), (14, 14), (15, 15), (16, 16), (78, 76), (17, 17), (18, 18), (19, 19), (20, 20), (21, 21), (22, 22), (23, 23), (24, 24), (25, 25), (26, 26), (27, 27), (28, 28), (29, 29), (30, 30), (31, 31), (32, 32), (77, 49), (33, 33), (34, 34), (35, 35), (36, 36), (37, 37), (38, 38), (39, 39), (40, 40), (41, 41), (76, 79), (42, 42), (43, 43), (44, 44), (45, 45), (46, 46), (47, 47), (48, 48), (49, 78), (50, 50), (51, 51), (52, 52), (53, 53), (54, 54), (55, 55), (56, 56), (57, 57), (58, 58), (75, 75), (59, 59), (60, 60), (61, 61), (62, 62), (63, 63), (64, 64), (65, 65), (66, 66), (67, 67), (68, 68), (69, 69), (70, 70), (71, 71), (74, 0), (72, 74), (73, 73)]
index list: [72, 1, 2, 3, 4, 5, 6, 7, 8, 9, 10, 11, 12, 13, 77, 14, 15, 16, 76, 17, 18, 19, 20, 21, 22, 23, 24, 25, 26, 27, 28, 29, 30, 31, 32, 49, 33, 34, 35, 36, 37, 38, 39, 40, 41, 79, 42, 43, 44, 45, 46, 47, 48, 78, 50, 51, 52, 53, 54, 55, 56, 57, 58, 75, 59, 60, 61, 62, 63, 64, 65, 66, 67, 68, 69, 70, 71, 0, 74, 73]
index list energy: 100415.02532256568
Done


iterations: 10000000 temp: 1000000.0 exponent: 0.7 eif: 300.0
time taken (sec): 803.4176390171051
number of iterations: 10000000
og index list: [(0, 57), (1, 55), (2, 19), (3, 49), (4, 15), (5, 51), (6, 25), (7, 38), (8, 12), (9, 41), (10, 46), (11, 50), (12, 45), (13, 47), (79, 77), (14, 75), (15, 2), (16, 34), (78, 79), (17, 62), (18, 11), (19, 3), (20, 18), (21, 33), (22, 21), (23, 43), (24, 54), (25, 23), (26, 60), (27, 14), (28, 74), (29, 1), (30, 44), (31, 8), (32, 72), (77, 31), (33, 42), (34, 16), (35, 22), (36, 29), (37, 27), (38, 67), (39, 53), (40, 65), (41, 28), (76, 63), (42, 68), (43, 40), (44, 13), (45, 10), (46, 6), (47, 20), (48, 26), (49, 52), (50, 7), (51, 30), (52, 32), (53, 48), (54, 69), (55, 9), (56, 71), (57, 35), (58, 78), (75, 37), (59, 66), (60, 5), (61, 56), (62, 73), (63, 24), (64, 36), (65, 61), (66, 76), (67, 4), (68, 64), (69, 39), (70, 58), (71, 0), (74, 59), (72, 70), (73, 17)]
og index list energy: 78238858.70238969
index_list: [(0, 72), (1, 1), (2, 2), (3, 3), (4, 4), (5, 5), (6, 6), (7, 7), (8, 8), (9, 9), (10, 10), (11, 11), (12, 12), (13, 13), (79, 76), (14, 14), (15, 15), (16, 16), (78, 75), (17, 17), (18, 18), (19, 19), (20, 20), (21, 21), (22, 22), (23, 23), (24, 24), (25, 25), (26, 26), (27, 27), (28, 28), (29, 29), (30, 30), (31, 31), (32, 32), (77, 78), (33, 33), (34, 34), (35, 35), (36, 36), (37, 37), (38, 38), (39, 39), (40, 40), (41, 41), (76, 71), (42, 74), (43, 42), (44, 43), (45, 44), (46, 45), (47, 46), (48, 48), (49, 49), (50, 50), (51, 51), (52, 52), (53, 53), (54, 54), (55, 55), (56, 56), (57, 57), (58, 58), (75, 79), (59, 59), (60, 60), (61, 61), (62, 62), (63, 63), (64, 64), (65, 65), (66, 66), (67, 67), (68, 68), (69, 69), (70, 70), (71, 77), (74, 47), (72, 0), (73, 73)]
index list: [72, 1, 2, 3, 4, 5, 6, 7, 8, 9, 10, 11, 12, 13, 76, 14, 15, 16, 75, 17, 18, 19, 20, 21, 22, 23, 24, 25, 26, 27, 28, 29, 30, 31, 32, 78, 33, 34, 35, 36, 37, 38, 39, 40, 41, 71, 74, 42, 43, 44, 45, 46, 48, 49, 50, 51, 52, 53, 54, 55, 56, 57, 58, 79, 59, 60, 61, 62, 63, 64, 65, 66, 67, 68, 69, 70, 77, 47, 0, 73]
index list energy: 118689.76761049895
Done


iterations: 10000000 temp: 1000000.0 exponent: 0.7 eif: 300.0
time taken (sec): 781.3824803829193
number of iterations: 10000000
og index list: [(0, 34), (1, 11), (2, 43), (3, 20), (4, 74), (5, 17), (6, 63), (7, 76), (8, 69), (9, 42), (10, 27), (11, 31), (12, 7), (13, 13), (79, 16), (14, 60), (15, 10), (16, 24), (78, 36), (17, 22), (18, 65), (19, 67), (20, 62), (21, 52), (22, 56), (23, 25), (24, 48), (25, 28), (26, 8), (27, 35), (28, 61), (29, 9), (30, 18), (31, 26), (32, 71), (77, 45), (33, 44), (34, 79), (35, 46), (36, 32), (37, 53), (38, 4), (39, 19), (40, 39), (41, 6), (76, 59), (42, 3), (43, 0), (44, 37), (45, 40), (46, 72), (47, 66), (48, 70), (49, 54), (50, 38), (51, 29), (52, 77), (53, 33), (54, 15), (55, 58), (56, 78), (57, 73), (58, 41), (75, 5), (59, 50), (60, 51), (61, 1), (62, 30), (63, 12), (64, 75), (65, 68), (66, 23), (67, 14), (68, 2), (69, 49), (70, 47), (71, 57), (74, 55), (72, 64), (73, 21)]
og index list energy: 110703350.46418051
index_list: [(0, 72), (1, 1), (2, 2), (3, 3), (4, 4), (5, 5), (6, 6), (7, 7), (8, 8), (9, 9), (10, 10), (11, 11), (12, 12), (13, 13), (79, 78), (14, 14), (15, 15), (16, 16), (78, 79), (17, 17), (18, 18), (19, 19), (20, 20), (21, 21), (22, 22), (23, 23), (24, 24), (25, 25), (26, 26), (27, 27), (28, 28), (29, 29), (30, 30), (31, 31), (32, 76), (77, 42), (33, 33), (34, 34), (35, 35), (36, 36), (37, 37), (38, 38), (39, 39), (40, 40), (41, 41), (76, 71), (42, 77), (43, 43), (44, 44), (45, 45), (46, 46), (47, 47), (48, 48), (49, 49), (50, 50), (51, 51), (52, 52), (53, 53), (54, 54), (55, 55), (56, 56), (57, 57), (58, 58), (75, 74), (59, 59), (60, 60), (61, 61), (62, 62), (63, 63), (64, 64), (65, 65), (66, 66), (67, 67), (68, 68), (69, 69), (70, 70), (71, 75), (74, 32), (72, 0), (73, 73)]
index list: [72, 1, 2, 3, 4, 5, 6, 7, 8, 9, 10, 11, 12, 13, 78, 14, 15, 16, 79, 17, 18, 19, 20, 21, 22, 23, 24, 25, 26, 27, 28, 29, 30, 31, 76, 42, 33, 34, 35, 36, 37, 38, 39, 40, 41, 71, 77, 43, 44, 45, 46, 47, 48, 49, 50, 51, 52, 53, 54, 55, 56, 57, 58, 74, 59, 60, 61, 62, 63, 64, 65, 66, 67, 68, 69, 70, 75, 32, 0, 73]
index list energy: 115976.29209567203
Done


iterations: 10000000 temp: 1000000.0 exponent: 0.7 eif: 300.0
time taken (sec): 873.7666432857513
number of iterations: 10000000
og index list: [(0, 40), (1, 61), (2, 7), (3, 28), (4, 26), (5, 41), (6, 51), (7, 66), (8, 54), (9, 33), (10, 18), (11, 56), (12, 22), (13, 77), (79, 39), (14, 47), (15, 75), (16, 36), (78, 9), (17, 57), (18, 58), (19, 19), (20, 69), (21, 70), (22, 24), (23, 27), (24, 34), (25, 52), (26, 14), (27, 30), (28, 74), (29, 8), (30, 10), (31, 55), (32, 60), (77, 29), (33, 46), (34, 76), (35, 5), (36, 37), (37, 38), (38, 0), (39, 1), (40, 35), (41, 67), (76, 45), (42, 11), (43, 12), (44, 3), (45, 73), (46, 42), (47, 48), (48, 63), (49, 49), (50, 59), (51, 64), (52, 16), (53, 78), (54, 62), (55, 31), (56, 15), (57, 79), (58, 53), (75, 72), (59, 4), (60, 65), (61, 71), (62, 20), (63, 32), (64, 44), (65, 2), (66, 6), (67, 23), (68, 50), (69, 13), (70, 21), (71, 25), (74, 43), (72, 68), (73, 17)]
og index list energy: 94380194.84934025
index_list: [(0, 0), (1, 1), (2, 2), (3, 3), (4, 4), (5, 5), (6, 6), (7, 7), (8, 8), (9, 9), (10, 10), (11, 11), (12, 12), (13, 13), (79, 76), (14, 14), (15, 15), (16, 16), (78, 78), (17, 17), (18, 18), (19, 19), (20, 20), (21, 21), (22, 22), (23, 23), (24, 24), (25, 25), (26, 26), (27, 27), (28, 28), (29, 29), (30, 30), (31, 31), (32, 32), (77, 79), (33, 33), (34, 34), (35, 35), (36, 36), (37, 37), (38, 38), (39, 39), (40, 40), (41, 41), (76, 74), (42, 42), (43, 43), (44, 44), (45, 45), (46, 46), (47, 47), (48, 48), (49, 49), (50, 50), (51, 51), (52, 52), (53, 53), (54, 54), (55, 55), (56, 56), (57, 57), (58, 58), (75, 77), (59, 59), (60, 60), (61, 61), (62, 62), (63, 63), (64, 64), (65, 65), (66, 66), (67, 67), (68, 68), (69, 69), (70, 70), (71, 71), (74, 75), (72, 72), (73, 73)]
index list: [0, 1, 2, 3, 4, 5, 6, 7, 8, 9, 10, 11, 12, 13, 76, 14, 15, 16, 78, 17, 18, 19, 20, 21, 22, 23, 24, 25, 26, 27, 28, 29, 30, 31, 32, 79, 33, 34, 35, 36, 37, 38, 39, 40, 41, 74, 42, 43, 44, 45, 46, 47, 48, 49, 50, 51, 52, 53, 54, 55, 56, 57, 58, 77, 59, 60, 61, 62, 63, 64, 65, 66, 67, 68, 69, 70, 71, 75, 72, 73]
index list energy: 97911.32412903158
Done


iterations: 10000000 temp: 1000000.0 exponent: 0.7 eif: 300.0
time taken (sec): 880.7260031700134
number of iterations: 10000000
og index list: [(0, 36), (1, 75), (2, 54), (3, 13), (4, 22), (5, 34), (6, 58), (7, 6), (8, 56), (9, 70), (10, 26), (11, 32), (12, 48), (13, 72), (79, 28), (14, 41), (15, 20), (16, 5), (78, 2), (17, 77), (18, 67), (19, 59), (20, 14), (21, 35), (22, 66), (23, 53), (24, 47), (25, 45), (26, 51), (27, 76), (28, 73), (29, 29), (30, 61), (31, 63), (32, 18), (77, 60), (33, 27), (34, 46), (35, 69), (36, 24), (37, 78), (38, 50), (39, 15), (40, 25), (41, 33), (76, 17), (42, 74), (43, 12), (44, 39), (45, 68), (46, 52), (47, 71), (48, 44), (49, 65), (50, 30), (51, 38), (52, 1), (53, 62), (54, 43), (55, 37), (56, 42), (57, 11), (58, 19), (75, 7), (59, 31), (60, 23), (61, 21), (62, 57), (63, 3), (64, 4), (65, 9), (66, 0), (67, 16), (68, 8), (69, 49), (70, 40), (71, 55), (74, 79), (72, 64), (73, 10)]
og index list energy: 133493756.35427837
index_list: [(0, 0), (1, 1), (2, 2), (3, 3), (4, 4), (5, 5), (6, 6), (7, 7), (8, 8), (9, 9), (10, 10), (11, 11), (12, 12), (13, 13), (79, 77), (14, 14), (15, 15), (16, 16), (78, 78), (17, 17), (18, 18), (19, 19), (20, 20), (21, 21), (22, 22), (23, 23), (24, 24), (25, 25), (26, 26), (27, 27), (28, 28), (29, 29), (30, 30), (31, 31), (32, 32), (77, 74), (33, 33), (34, 34), (35, 35), (36, 36), (37, 37), (38, 38), (39, 39), (40, 40), (41, 41), (76, 49), (42, 42), (43, 43), (44, 44), (45, 45), (46, 46), (47, 47), (48, 48), (49, 79), (50, 50), (51, 51), (52, 52), (53, 53), (54, 54), (55, 55), (56, 56), (57, 57), (58, 58), (75, 75), (59, 59), (60, 60), (61, 61), (62, 62), (63, 63), (64, 64), (65, 65), (66, 66), (67, 67), (68, 68), (69, 69), (70, 70), (71, 71), (74, 76), (72, 72), (73, 73)]
index list: [0, 1, 2, 3, 4, 5, 6, 7, 8, 9, 10, 11, 12, 13, 77, 14, 15, 16, 78, 17, 18, 19, 20, 21, 22, 23, 24, 25, 26, 27, 28, 29, 30, 31, 32, 74, 33, 34, 35, 36, 37, 38, 39, 40, 41, 49, 42, 43, 44, 45, 46, 47, 48, 79, 50, 51, 52, 53, 54, 55, 56, 57, 58, 75, 59, 60, 61, 62, 63, 64, 65, 66, 67, 68, 69, 70, 71, 76, 72, 73]
index list energy: 98209.82393678775
Done


iterations: 10000000 temp: 1000000.0 exponent: 0.7 eif: 300.0
time taken (sec): 855.5603189468384
number of iterations: 10000000
og index list: [(0, 69), (1, 78), (2, 46), (3, 62), (4, 45), (5, 26), (6, 25), (7, 51), (8, 50), (9, 67), (10, 5), (11, 56), (12, 11), (13, 52), (79, 37), (14, 36), (15, 33), (16, 75), (78, 4), (17, 28), (18, 61), (19, 63), (20, 43), (21, 7), (22, 41), (23, 13), (24, 71), (25, 44), (26, 57), (27, 40), (28, 17), (29, 70), (30, 12), (31, 30), (32, 22), (77, 73), (33, 19), (34, 2), (35, 29), (36, 27), (37, 32), (38, 49), (39, 34), (40, 58), (41, 59), (76, 79), (42, 6), (43, 14), (44, 9), (45, 24), (46, 8), (47, 68), (48, 60), (49, 38), (50, 20), (51, 15), (52, 18), (53, 23), (54, 35), (55, 47), (56, 21), (57, 48), (58, 0), (75, 54), (59, 39), (60, 53), (61, 66), (62, 16), (63, 74), (64, 72), (65, 77), (66, 64), (67, 42), (68, 65), (69, 10), (70, 76), (71, 55), (74, 1), (72, 31), (73, 3)]
og index list energy: 137621344.8820403
index_list: [(0, 0), (1, 1), (2, 2), (3, 3), (4, 4), (5, 5), (6, 6), (7, 7), (8, 8), (9, 9), (10, 10), (11, 11), (12, 12), (13, 13), (79, 16), (14, 78), (15, 72), (16, 73), (78, 76), (17, 17), (18, 18), (19, 19), (20, 20), (21, 21), (22, 22), (23, 23), (24, 24), (25, 25), (26, 26), (27, 27), (28, 28), (29, 29), (30, 30), (31, 31), (32, 32), (77, 74), (33, 33), (34, 34), (35, 35), (36, 36), (37, 37), (38, 38), (39, 39), (40, 40), (41, 41), (76, 79), (42, 42), (43, 43), (44, 44), (45, 45), (46, 46), (47, 47), (48, 48), (49, 77), (50, 50), (51, 51), (52, 52), (53, 53), (54, 54), (55, 55), (56, 56), (57, 57), (58, 58), (75, 75), (59, 59), (60, 60), (61, 61), (62, 62), (63, 63), (64, 64), (65, 65), (66, 66), (67, 67), (68, 68), (69, 69), (70, 70), (71, 71), (74, 49), (72, 14), (73, 15)]
index list: [0, 1, 2, 3, 4, 5, 6, 7, 8, 9, 10, 11, 12, 13, 16, 78, 72, 73, 76, 17, 18, 19, 20, 21, 22, 23, 24, 25, 26, 27, 28, 29, 30, 31, 32, 74, 33, 34, 35, 36, 37, 38, 39, 40, 41, 79, 42, 43, 44, 45, 46, 47, 48, 77, 50, 51, 52, 53, 54, 55, 56, 57, 58, 75, 59, 60, 61, 62, 63, 64, 65, 66, 67, 68, 69, 70, 71, 49, 14, 15]
index list energy: 128197.06509037674
Done


iterations: 10000000 temp: 1000000.0 exponent: 0.7 eif: 300.0
time taken (sec): 870.8344280719757
number of iterations: 10000000
og index list: [(0, 49), (1, 56), (2, 42), (3, 24), (4, 1), (5, 68), (6, 38), (7, 47), (8, 74), (9, 20), (10, 29), (11, 65), (12, 77), (13, 41), (79, 72), (14, 36), (15, 4), (16, 57), (78, 16), (17, 69), (18, 60), (19, 43), (20, 44), (21, 39), (22, 18), (23, 59), (24, 33), (25, 26), (26, 53), (27, 78), (28, 35), (29, 9), (30, 62), (31, 17), (32, 79), (77, 52), (33, 5), (34, 14), (35, 75), (36, 34), (37, 31), (38, 58), (39, 10), (40, 64), (41, 50), (76, 55), (42, 23), (43, 0), (44, 46), (45, 51), (46, 54), (47, 40), (48, 45), (49, 25), (50, 8), (51, 70), (52, 71), (53, 30), (54, 73), (55, 37), (56, 6), (57, 22), (58, 7), (75, 66), (59, 3), (60, 28), (61, 21), (62, 63), (63, 13), (64, 12), (65, 19), (66, 61), (67, 67), (68, 2), (69, 48), (70, 27), (71, 76), (74, 11), (72, 32), (73, 15)]
og index list energy: 103028227.82826109
index_list: [(0, 0), (1, 1), (2, 2), (3, 3), (4, 4), (5, 5), (6, 6), (7, 7), (8, 8), (9, 9), (10, 10), (11, 11), (12, 12), (13, 13), (79, 77), (14, 14), (15, 15), (16, 16), (78, 78), (17, 17), (18, 18), (19, 19), (20, 20), (21, 21), (22, 22), (23, 23), (24, 24), (25, 25), (26, 26), (27, 27), (28, 28), (29, 29), (30, 30), (31, 31), (32, 32), (77, 79), (33, 33), (34, 34), (35, 35), (36, 36), (37, 37), (38, 38), (39, 39), (40, 40), (41, 41), (76, 75), (42, 42), (43, 43), (44, 44), (45, 45), (46, 46), (47, 47), (48, 48), (49, 74), (50, 50), (51, 51), (52, 52), (53, 53), (54, 54), (55, 55), (56, 56), (57, 57), (58, 58), (75, 49), (59, 59), (60, 60), (61, 61), (62, 62), (63, 63), (64, 64), (65, 65), (66, 66), (67, 67), (68, 68), (69, 69), (70, 70), (71, 71), (74, 76), (72, 72), (73, 73)]
index list: [0, 1, 2, 3, 4, 5, 6, 7, 8, 9, 10, 11, 12, 13, 77, 14, 15, 16, 78, 17, 18, 19, 20, 21, 22, 23, 24, 25, 26, 27, 28, 29, 30, 31, 32, 79, 33, 34, 35, 36, 37, 38, 39, 40, 41, 75, 42, 43, 44, 45, 46, 47, 48, 74, 50, 51, 52, 53, 54, 55, 56, 57, 58, 49, 59, 60, 61, 62, 63, 64, 65, 66, 67, 68, 69, 70, 71, 76, 72, 73]
index list energy: 98209.82393678775
Done


iterations: 10000000 temp: 1000000.0 exponent: 0.7 eif: 300.0
time taken (sec): 878.5250730514526
number of iterations: 10000000
og index list: [(0, 17), (1, 56), (2, 12), (3, 63), (4, 72), (5, 44), (6, 39), (7, 18), (8, 66), (9, 47), (10, 3), (11, 71), (12, 1), (13, 54), (79, 64), (14, 43), (15, 68), (16, 19), (78, 75), (17, 45), (18, 29), (19, 8), (20, 48), (21, 78), (22, 67), (23, 30), (24, 65), (25, 25), (26, 42), (27, 31), (28, 74), (29, 57), (30, 15), (31, 23), (32, 77), (77, 50), (33, 38), (34, 69), (35, 28), (36, 13), (37, 73), (38, 24), (39, 22), (40, 14), (41, 27), (76, 26), (42, 61), (43, 46), (44, 35), (45, 5), (46, 58), (47, 36), (48, 53), (49, 52), (50, 9), (51, 2), (52, 6), (53, 7), (54, 41), (55, 10), (56, 16), (57, 34), (58, 11), (75, 4), (59, 62), (60, 32), (61, 51), (62, 49), (63, 59), (64, 20), (65, 76), (66, 70), (67, 21), (68, 55), (69, 33), (70, 37), (71, 60), (74, 0), (72, 79), (73, 40)]
og index list energy: 119066027.67095055
index_list: [(0, 0), (1, 1), (2, 2), (3, 3), (4, 4), (5, 5), (6, 6), (7, 7), (8, 8), (9, 9), (10, 10), (11, 11), (12, 12), (13, 13), (79, 79), (14, 14), (15, 15), (16, 16), (78, 75), (17, 17), (18, 18), (19, 19), (20, 20), (21, 21), (22, 22), (23, 23), (24, 24), (25, 25), (26, 26), (27, 27), (28, 28), (29, 29), (30, 30), (31, 31), (32, 32), (77, 74), (33, 33), (34, 34), (35, 35), (36, 36), (37, 37), (38, 38), (39, 39), (40, 40), (41, 41), (76, 77), (42, 42), (43, 43), (44, 44), (45, 45), (46, 46), (47, 47), (48, 48), (49, 76), (50, 50), (51, 51), (52, 52), (53, 53), (54, 54), (55, 55), (56, 56), (57, 57), (58, 58), (75, 49), (59, 59), (60, 60), (61, 61), (62, 62), (63, 63), (64, 64), (65, 65), (66, 66), (67, 67), (68, 68), (69, 69), (70, 70), (71, 71), (74, 78), (72, 72), (73, 73)]
index list: [0, 1, 2, 3, 4, 5, 6, 7, 8, 9, 10, 11, 12, 13, 79, 14, 15, 16, 75, 17, 18, 19, 20, 21, 22, 23, 24, 25, 26, 27, 28, 29, 30, 31, 32, 74, 33, 34, 35, 36, 37, 38, 39, 40, 41, 77, 42, 43, 44, 45, 46, 47, 48, 76, 50, 51, 52, 53, 54, 55, 56, 57, 58, 49, 59, 60, 61, 62, 63, 64, 65, 66, 67, 68, 69, 70, 71, 78, 72, 73]
index list energy: 98209.82393678775
Done


iterations: 10000000 temp: 1000000.0 exponent: 0.7 eif: 300.0
time taken (sec): 808.2116739749908
number of iterations: 10000000
og index list: [(0, 28), (1, 72), (2, 26), (3, 22), (4, 75), (5, 61), (6, 32), (7, 15), (8, 12), (9, 38), (10, 48), (11, 24), (12, 14), (13, 65), (79, 5), (14, 71), (15, 4), (16, 10), (78, 2), (17, 46), (18, 57), (19, 20), (20, 42), (21, 50), (22, 11), (23, 7), (24, 30), (25, 1), (26, 66), (27, 8), (28, 9), (29, 68), (30, 25), (31, 33), (32, 69), (77, 54), (33, 45), (34, 56), (35, 63), (36, 76), (37, 73), (38, 79), (39, 70), (40, 77), (41, 58), (76, 19), (42, 51), (43, 64), (44, 13), (45, 47), (46, 78), (47, 52), (48, 49), (49, 31), (50, 36), (51, 60), (52, 21), (53, 23), (54, 74), (55, 59), (56, 40), (57, 39), (58, 62), (75, 35), (59, 37), (60, 3), (61, 55), (62, 0), (63, 34), (64, 18), (65, 44), (66, 27), (67, 43), (68, 29), (69, 67), (70, 17), (71, 6), (74, 41), (72, 53), (73, 16)]
og index list energy: 100817609.45808539
index_list: [(0, 72), (1, 1), (2, 2), (3, 3), (4, 77), (5, 13), (6, 6), (7, 7), (8, 8), (9, 9), (10, 10), (11, 11), (12, 12), (13, 78), (79, 14), (14, 5), (15, 79), (16, 65), (78, 66), (17, 17), (18, 18), (19, 19), (20, 20), (21, 21), (22, 22), (23, 23), (24, 24), (25, 25), (26, 26), (27, 27), (28, 28), (29, 29), (30, 30), (31, 31), (32, 32), (77, 49), (33, 33), (34, 34), (35, 35), (36, 36), (37, 37), (38, 38), (39, 39), (40, 40), (41, 41), (76, 76), (42, 42), (43, 43), (44, 44), (45, 45), (46, 46), (47, 47), (48, 48), (49, 64), (50, 50), (51, 51), (52, 52), (53, 53), (54, 54), (55, 55), (56, 56), (57, 57), (58, 58), (75, 75), (59, 59), (60, 60), (61, 61), (62, 62), (63, 63), (64, 0), (65, 73), (66, 74), (67, 67), (68, 68), (69, 69), (70, 70), (71, 71), (74, 15), (72, 16), (73, 4)]
index list: [72, 1, 2, 3, 77, 13, 6, 7, 8, 9, 10, 11, 12, 78, 14, 5, 79, 65, 66, 17, 18, 19, 20, 21, 22, 23, 24, 25, 26, 27, 28, 29, 30, 31, 32, 49, 33, 34, 35, 36, 37, 38, 39, 40, 41, 76, 42, 43, 44, 45, 46, 47, 48, 64, 50, 51, 52, 53, 54, 55, 56, 57, 58, 75, 59, 60, 61, 62, 63, 0, 73, 74, 67, 68, 69, 70, 71, 15, 16, 4]
index list energy: 209106.6930495218
Done


iterations: 10000000 temp: 1000000.0 exponent: 0.7 eif: 300.0
time taken (sec): 888.8935878276825
number of iterations: 10000000
og index list: [(0, 18), (1, 40), (2, 31), (3, 52), (4, 71), (5, 1), (6, 48), (7, 51), (8, 74), (9, 32), (10, 20), (11, 19), (12, 15), (13, 43), (79, 30), (14, 3), (15, 10), (16, 46), (78, 36), (17, 23), (18, 8), (19, 64), (20, 57), (21, 44), (22, 22), (23, 33), (24, 47), (25, 38), (26, 9), (27, 11), (28, 0), (29, 2), (30, 17), (31, 49), (32, 76), (77, 56), (33, 26), (34, 6), (35, 59), (36, 41), (37, 14), (38, 37), (39, 70), (40, 54), (41, 79), (76, 42), (42, 53), (43, 78), (44, 66), (45, 34), (46, 60), (47, 39), (48, 68), (49, 69), (50, 62), (51, 63), (52, 35), (53, 5), (54, 75), (55, 72), (56, 77), (57, 50), (58, 21), (75, 28), (59, 58), (60, 45), (61, 65), (62, 61), (63, 55), (64, 29), (65, 24), (66, 7), (67, 12), (68, 27), (69, 67), (70, 73), (71, 25), (74, 16), (72, 4), (73, 13)]
og index list energy: 119939946.28631862
index_list: [(0, 0), (1, 1), (2, 2), (3, 3), (4, 4), (5, 5), (6, 6), (7, 7), (8, 8), (9, 9), (10, 10), (11, 11), (12, 12), (13, 13), (79, 79), (14, 14), (15, 15), (16, 16), (78, 76), (17, 17), (18, 18), (19, 19), (20, 20), (21, 21), (22, 22), (23, 23), (24, 24), (25, 25), (26, 26), (27, 27), (28, 28), (29, 29), (30, 30), (31, 31), (32, 32), (77, 74), (33, 33), (34, 34), (35, 35), (36, 36), (37, 37), (38, 38), (39, 39), (40, 40), (41, 41), (76, 75), (42, 42), (43, 43), (44, 44), (45, 45), (46, 46), (47, 47), (48, 48), (49, 78), (50, 50), (51, 51), (52, 52), (53, 53), (54, 54), (55, 55), (56, 56), (57, 57), (58, 58), (75, 49), (59, 59), (60, 60), (61, 61), (62, 62), (63, 63), (64, 64), (65, 65), (66, 66), (67, 67), (68, 68), (69, 69), (70, 70), (71, 71), (74, 77), (72, 72), (73, 73)]
index list: [0, 1, 2, 3, 4, 5, 6, 7, 8, 9, 10, 11, 12, 13, 79, 14, 15, 16, 76, 17, 18, 19, 20, 21, 22, 23, 24, 25, 26, 27, 28, 29, 30, 31, 32, 74, 33, 34, 35, 36, 37, 38, 39, 40, 41, 75, 42, 43, 44, 45, 46, 47, 48, 78, 50, 51, 52, 53, 54, 55, 56, 57, 58, 49, 59, 60, 61, 62, 63, 64, 65, 66, 67, 68, 69, 70, 71, 77, 72, 73]
index list energy: 98209.82393678775
Done


iterations: 10000000 temp: 1000000.0 exponent: 0.7 eif: 300.0
time taken (sec): 886.7657628059387
number of iterations: 10000000
og index list: [(0, 45), (1, 66), (2, 20), (3, 46), (4, 44), (5, 56), (6, 33), (7, 13), (8, 76), (9, 71), (10, 11), (11, 67), (12, 78), (13, 72), (79, 27), (14, 5), (15, 22), (16, 68), (78, 40), (17, 52), (18, 53), (19, 7), (20, 19), (21, 43), (22, 75), (23, 59), (24, 6), (25, 70), (26, 0), (27, 39), (28, 42), (29, 15), (30, 10), (31, 54), (32, 35), (77, 31), (33, 50), (34, 9), (35, 17), (36, 69), (37, 28), (38, 3), (39, 24), (40, 34), (41, 26), (76, 25), (42, 65), (43, 14), (44, 63), (45, 55), (46, 36), (47, 51), (48, 77), (49, 41), (50, 8), (51, 79), (52, 32), (53, 61), (54, 60), (55, 73), (56, 2), (57, 49), (58, 12), (75, 48), (59, 18), (60, 4), (61, 23), (62, 37), (63, 16), (64, 30), (65, 57), (66, 58), (67, 29), (68, 62), (69, 1), (70, 64), (71, 47), (74, 38), (72, 21), (73, 74)]
og index list energy: 107373735.7883767
index_list: [(0, 0), (1, 1), (2, 2), (3, 3), (4, 4), (5, 5), (6, 6), (7, 7), (8, 8), (9, 9), (10, 10), (11, 11), (12, 12), (13, 13), (79, 49), (14, 14), (15, 15), (16, 16), (78, 78), (17, 17), (18, 18), (19, 19), (20, 20), (21, 21), (22, 22), (23, 23), (24, 24), (25, 25), (26, 26), (27, 27), (28, 28), (29, 29), (30, 30), (31, 31), (32, 32), (77, 74), (33, 33), (34, 34), (35, 35), (36, 36), (37, 37), (38, 38), (39, 39), (40, 40), (41, 41), (76, 75), (42, 42), (43, 43), (44, 44), (45, 45), (46, 46), (47, 47), (48, 48), (49, 77), (50, 50), (51, 51), (52, 52), (53, 53), (54, 54), (55, 55), (56, 56), (57, 57), (58, 58), (75, 76), (59, 59), (60, 60), (61, 61), (62, 62), (63, 63), (64, 64), (65, 65), (66, 66), (67, 67), (68, 68), (69, 69), (70, 70), (71, 71), (74, 79), (72, 72), (73, 73)]
index list: [0, 1, 2, 3, 4, 5, 6, 7, 8, 9, 10, 11, 12, 13, 49, 14, 15, 16, 78, 17, 18, 19, 20, 21, 22, 23, 24, 25, 26, 27, 28, 29, 30, 31, 32, 74, 33, 34, 35, 36, 37, 38, 39, 40, 41, 75, 42, 43, 44, 45, 46, 47, 48, 77, 50, 51, 52, 53, 54, 55, 56, 57, 58, 76, 59, 60, 61, 62, 63, 64, 65, 66, 67, 68, 69, 70, 71, 79, 72, 73]
index list energy: 98209.82393678775
Done


iterations: 10000000 temp: 1000000.0 exponent: 0.7 eif: 300.0
time taken (sec): 888.4263887405396
number of iterations: 10000000
og index list: [(0, 55), (1, 68), (2, 3), (3, 75), (4, 51), (5, 37), (6, 34), (7, 59), (8, 50), (9, 8), (10, 66), (11, 56), (12, 74), (13, 15), (79, 40), (14, 27), (15, 21), (16, 1), (78, 70), (17, 65), (18, 46), (19, 54), (20, 42), (21, 26), (22, 61), (23, 52), (24, 72), (25, 76), (26, 2), (27, 6), (28, 71), (29, 69), (30, 23), (31, 73), (32, 67), (77, 13), (33, 31), (34, 60), (35, 16), (36, 64), (37, 39), (38, 14), (39, 20), (40, 7), (41, 4), (76, 9), (42, 38), (43, 49), (44, 48), (45, 79), (46, 43), (47, 53), (48, 63), (49, 32), (50, 24), (51, 44), (52, 18), (53, 47), (54, 25), (55, 12), (56, 35), (57, 62), (58, 17), (75, 19), (59, 36), (60, 33), (61, 41), (62, 0), (63, 30), (64, 5), (65, 77), (66, 57), (67, 22), (68, 78), (69, 45), (70, 11), (71, 58), (74, 10), (72, 28), (73, 29)]
og index list energy: 123371901.94527788
index_list: [(0, 0), (1, 1), (2, 2), (3, 3), (4, 4), (5, 5), (6, 6), (7, 7), (8, 8), (9, 9), (10, 10), (11, 11), (12, 12), (13, 13), (79, 75), (14, 14), (15, 15), (16, 16), (78, 78), (17, 17), (18, 18), (19, 19), (20, 20), (21, 21), (22, 22), (23, 23), (24, 24), (25, 25), (26, 26), (27, 27), (28, 28), (29, 29), (30, 30), (31, 31), (32, 32), (77, 76), (33, 33), (34, 34), (35, 35), (36, 36), (37, 37), (38, 38), (39, 39), (40, 40), (41, 41), (76, 49), (42, 42), (43, 43), (44, 44), (45, 45), (46, 46), (47, 47), (48, 48), (49, 79), (50, 50), (51, 51), (52, 52), (53, 53), (54, 54), (55, 55), (56, 56), (57, 57), (58, 58), (75, 74), (59, 59), (60, 60), (61, 61), (62, 62), (63, 63), (64, 64), (65, 65), (66, 66), (67, 67), (68, 68), (69, 69), (70, 70), (71, 71), (74, 77), (72, 72), (73, 73)]
index list: [0, 1, 2, 3, 4, 5, 6, 7, 8, 9, 10, 11, 12, 13, 75, 14, 15, 16, 78, 17, 18, 19, 20, 21, 22, 23, 24, 25, 26, 27, 28, 29, 30, 31, 32, 76, 33, 34, 35, 36, 37, 38, 39, 40, 41, 49, 42, 43, 44, 45, 46, 47, 48, 79, 50, 51, 52, 53, 54, 55, 56, 57, 58, 74, 59, 60, 61, 62, 63, 64, 65, 66, 67, 68, 69, 70, 71, 77, 72, 73]
index list energy: 98209.82393678775
Done


iterations: 10000000 temp: 1000000.0 exponent: 0.7 eif: 300.0
time taken (sec): 352.86541867256165
number of iterations: 5174791
og index list: [(0, 35), (1, 32), (2, 6), (3, 25), (4, 56), (5, 19), (6, 62), (7, 75), (8, 15), (9, 10), (10, 0), (11, 22), (12, 17), (13, 7), (79, 60), (14, 47), (15, 64), (16, 12), (78, 49), (17, 36), (18, 40), (19, 31), (20, 46), (21, 3), (22, 14), (23, 54), (24, 58), (25, 38), (26, 33), (27, 78), (28, 28), (29, 9), (30, 5), (31, 42), (32, 30), (77, 20), (33, 43), (34, 65), (35, 34), (36, 55), (37, 2), (38, 74), (39, 29), (40, 68), (41, 52), (76, 18), (42, 45), (43, 26), (44, 79), (45, 73), (46, 48), (47, 72), (48, 53), (49, 13), (50, 76), (51, 24), (52, 77), (53, 70), (54, 63), (55, 1), (56, 69), (57, 51), (58, 50), (75, 61), (59, 67), (60, 59), (61, 39), (62, 8), (63, 71), (64, 44), (65, 16), (66, 41), (67, 4), (68, 21), (69, 27), (70, 57), (71, 11), (74, 66), (72, 37), (73, 23)]
og index list energy: 109850356.81123376
index_list: [(0, 0), (1, 1), (2, 2), (3, 3), (4, 4), (5, 5), (6, 6), (7, 7), (8, 8), (9, 9), (10, 10), (11, 11), (12, 12), (13, 13), (79, 79), (14, 14), (15, 15), (16, 16), (78, 75), (17, 17), (18, 18), (19, 19), (20, 20), (21, 21), (22, 22), (23, 23), (24, 24), (25, 25), (26, 26), (27, 27), (28, 28), (29, 29), (30, 30), (31, 31), (32, 32), (77, 77), (33, 33), (34, 34), (35, 35), (36, 36), (37, 37), (38, 38), (39, 39), (40, 40), (41, 41), (76, 74), (42, 42), (43, 43), (44, 44), (45, 45), (46, 46), (47, 47), (48, 48), (49, 49), (50, 50), (51, 51), (52, 52), (53, 53), (54, 54), (55, 55), (56, 56), (57, 57), (58, 58), (75, 78), (59, 59), (60, 60), (61, 61), (62, 62), (63, 63), (64, 64), (65, 65), (66, 66), (67, 67), (68, 68), (69, 69), (70, 70), (71, 71), (74, 76), (72, 72), (73, 73)]
index list: [0, 1, 2, 3, 4, 5, 6, 7, 8, 9, 10, 11, 12, 13, 79, 14, 15, 16, 75, 17, 18, 19, 20, 21, 22, 23, 24, 25, 26, 27, 28, 29, 30, 31, 32, 77, 33, 34, 35, 36, 37, 38, 39, 40, 41, 74, 42, 43, 44, 45, 46, 47, 48, 49, 50, 51, 52, 53, 54, 55, 56, 57, 58, 78, 59, 60, 61, 62, 63, 64, 65, 66, 67, 68, 69, 70, 71, 76, 72, 73]
index list energy: 97911.32412903158
Done


