## SLURM PROLOG ###############################################################
##    Job ID : 2089326
##  Job Name : NOESY_70
##  Nodelist : node1164
##      CPUs : 1
##  Mem/Node : 1024 MB
## Directory : /gpfs/data/nfawzi/skale/Fawzi_pycharm_project
##   Started : Fri Jan 18 23:46:24 EST 2019
###############################################################################
iterations: 10000000 temp: 1000000.0 exponent: 0.7 eif: 300.0
time taken (sec): 939.9515264034271
number of iterations: 10000000
og index list: [(0, 39), (1, 28), (2, 37), (3, 32), (4, 48), (5, 18), (6, 61), (7, 62), (8, 11), (9, 52), (10, 36), (11, 45), (12, 57), (13, 76), (79, 21), (14, 75), (15, 33), (16, 4), (78, 26), (17, 68), (18, 9), (19, 24), (20, 53), (21, 15), (22, 51), (23, 64), (24, 31), (25, 16), (26, 43), (27, 10), (28, 7), (29, 19), (30, 38), (31, 29), (32, 13), (77, 79), (33, 44), (34, 34), (35, 63), (36, 71), (37, 78), (38, 0), (39, 14), (40, 74), (41, 73), (76, 3), (42, 47), (43, 6), (44, 46), (45, 35), (46, 60), (47, 5), (48, 50), (49, 30), (50, 20), (51, 77), (52, 17), (53, 49), (54, 54), (55, 65), (56, 25), (57, 1), (58, 66), (75, 67), (59, 56), (60, 12), (61, 8), (62, 40), (63, 2), (64, 59), (65, 22), (66, 58), (67, 41), (68, 42), (69, 70), (70, 55), (71, 72), (74, 69), (72, 27), (73, 23)]
og index list energy: 102248777.61141253
index_list: [(0, 0), (1, 1), (2, 2), (3, 3), (4, 4), (5, 5), (6, 6), (7, 7), (8, 8), (9, 9), (10, 10), (11, 11), (12, 12), (13, 13), (79, 16), (14, 79), (15, 72), (16, 73), (78, 74), (17, 17), (18, 18), (19, 19), (20, 20), (21, 21), (22, 22), (23, 23), (24, 24), (25, 25), (26, 26), (27, 27), (28, 28), (29, 29), (30, 30), (31, 31), (32, 32), (77, 78), (33, 33), (34, 34), (35, 35), (36, 36), (37, 37), (38, 38), (39, 39), (40, 40), (41, 41), (76, 49), (42, 42), (43, 43), (44, 44), (45, 45), (46, 46), (47, 47), (48, 48), (49, 76), (50, 50), (51, 51), (52, 52), (53, 53), (54, 54), (55, 55), (56, 56), (57, 57), (58, 58), (75, 77), (59, 59), (60, 60), (61, 61), (62, 62), (63, 63), (64, 64), (65, 65), (66, 66), (67, 67), (68, 68), (69, 69), (70, 70), (71, 71), (74, 75), (72, 14), (73, 15)]
index list: [0, 1, 2, 3, 4, 5, 6, 7, 8, 9, 10, 11, 12, 13, 16, 79, 72, 73, 74, 17, 18, 19, 20, 21, 22, 23, 24, 25, 26, 27, 28, 29, 30, 31, 32, 78, 33, 34, 35, 36, 37, 38, 39, 40, 41, 49, 42, 43, 44, 45, 46, 47, 48, 76, 50, 51, 52, 53, 54, 55, 56, 57, 58, 77, 59, 60, 61, 62, 63, 64, 65, 66, 67, 68, 69, 70, 71, 75, 14, 15]
index list energy: 128197.06509037674
Done


iterations: 10000000 temp: 1000000.0 exponent: 0.7 eif: 300.0
time taken (sec): 907.0045037269592
number of iterations: 10000000
og index list: [(0, 7), (1, 5), (2, 14), (3, 75), (4, 52), (5, 19), (6, 21), (7, 32), (8, 12), (9, 62), (10, 0), (11, 74), (12, 4), (13, 55), (79, 40), (14, 68), (15, 60), (16, 76), (78, 36), (17, 26), (18, 13), (19, 1), (20, 8), (21, 42), (22, 22), (23, 63), (24, 73), (25, 15), (26, 34), (27, 17), (28, 29), (29, 44), (30, 66), (31, 78), (32, 70), (77, 79), (33, 20), (34, 24), (35, 9), (36, 16), (37, 25), (38, 61), (39, 31), (40, 71), (41, 43), (76, 51), (42, 27), (43, 28), (44, 59), (45, 35), (46, 67), (47, 6), (48, 64), (49, 39), (50, 72), (51, 11), (52, 54), (53, 3), (54, 10), (55, 57), (56, 47), (57, 49), (58, 77), (75, 18), (59, 41), (60, 56), (61, 33), (62, 30), (63, 46), (64, 65), (65, 38), (66, 58), (67, 50), (68, 2), (69, 45), (70, 37), (71, 48), (74, 53), (72, 69), (73, 23)]
og index list energy: 87144129.8664097
index_list: [(0, 72), (1, 1), (2, 2), (3, 3), (4, 4), (5, 5), (6, 6), (7, 7), (8, 8), (9, 9), (10, 10), (11, 11), (12, 12), (13, 76), (79, 43), (14, 44), (15, 45), (16, 16), (78, 75), (17, 17), (18, 18), (19, 19), (20, 20), (21, 21), (22, 22), (23, 23), (24, 24), (25, 25), (26, 26), (27, 27), (28, 28), (29, 29), (30, 30), (31, 31), (32, 77), (77, 42), (33, 33), (34, 34), (35, 35), (36, 36), (37, 37), (38, 38), (39, 39), (40, 40), (41, 41), (76, 0), (42, 73), (43, 74), (44, 14), (45, 15), (46, 46), (47, 47), (48, 48), (49, 79), (50, 50), (51, 51), (52, 52), (53, 53), (54, 54), (55, 55), (56, 56), (57, 57), (58, 58), (75, 49), (59, 59), (60, 60), (61, 61), (62, 62), (63, 63), (64, 64), (65, 65), (66, 66), (67, 67), (68, 68), (69, 69), (70, 70), (71, 71), (74, 78), (72, 13), (73, 32)]
index list: [72, 1, 2, 3, 4, 5, 6, 7, 8, 9, 10, 11, 12, 76, 43, 44, 45, 16, 75, 17, 18, 19, 20, 21, 22, 23, 24, 25, 26, 27, 28, 29, 30, 31, 77, 42, 33, 34, 35, 36, 37, 38, 39, 40, 41, 0, 73, 74, 14, 15, 46, 47, 48, 79, 50, 51, 52, 53, 54, 55, 56, 57, 58, 49, 59, 60, 61, 62, 63, 64, 65, 66, 67, 68, 69, 70, 71, 78, 13, 32]
index list energy: 163405.01339201946
Done


iterations: 10000000 temp: 1000000.0 exponent: 0.7 eif: 300.0
time taken (sec): 892.5771052837372
number of iterations: 10000000
og index list: [(0, 30), (1, 74), (2, 17), (3, 41), (4, 75), (5, 46), (6, 42), (7, 7), (8, 38), (9, 5), (10, 58), (11, 26), (12, 61), (13, 56), (79, 71), (14, 9), (15, 0), (16, 10), (78, 8), (17, 55), (18, 34), (19, 69), (20, 73), (21, 23), (22, 76), (23, 57), (24, 51), (25, 44), (26, 15), (27, 31), (28, 49), (29, 3), (30, 52), (31, 39), (32, 72), (77, 28), (33, 35), (34, 79), (35, 1), (36, 24), (37, 19), (38, 36), (39, 45), (40, 18), (41, 22), (76, 66), (42, 63), (43, 14), (44, 12), (45, 37), (46, 62), (47, 4), (48, 25), (49, 48), (50, 2), (51, 60), (52, 65), (53, 43), (54, 47), (55, 67), (56, 59), (57, 53), (58, 13), (75, 64), (59, 29), (60, 70), (61, 20), (62, 50), (63, 21), (64, 32), (65, 27), (66, 68), (67, 54), (68, 16), (69, 11), (70, 77), (71, 33), (74, 6), (72, 40), (73, 78)]
og index list energy: 127920936.91806655
index_list: [(0, 0), (1, 1), (2, 2), (3, 3), (4, 4), (5, 5), (6, 6), (7, 7), (8, 8), (9, 9), (10, 10), (11, 11), (12, 12), (13, 13), (79, 75), (14, 14), (15, 15), (16, 16), (78, 49), (17, 17), (18, 18), (19, 19), (20, 20), (21, 21), (22, 22), (23, 23), (24, 24), (25, 25), (26, 26), (27, 27), (28, 28), (29, 29), (30, 30), (31, 31), (32, 32), (77, 78), (33, 33), (34, 34), (35, 35), (36, 36), (37, 37), (38, 38), (39, 39), (40, 40), (41, 41), (76, 71), (42, 79), (43, 43), (44, 44), (45, 45), (46, 46), (47, 47), (48, 48), (49, 76), (50, 50), (51, 51), (52, 52), (53, 53), (54, 54), (55, 55), (56, 56), (57, 57), (58, 58), (75, 74), (59, 59), (60, 60), (61, 61), (62, 62), (63, 63), (64, 64), (65, 65), (66, 66), (67, 67), (68, 68), (69, 69), (70, 70), (71, 77), (74, 42), (72, 72), (73, 73)]
index list: [0, 1, 2, 3, 4, 5, 6, 7, 8, 9, 10, 11, 12, 13, 75, 14, 15, 16, 49, 17, 18, 19, 20, 21, 22, 23, 24, 25, 26, 27, 28, 29, 30, 31, 32, 78, 33, 34, 35, 36, 37, 38, 39, 40, 41, 71, 79, 43, 44, 45, 46, 47, 48, 76, 50, 51, 52, 53, 54, 55, 56, 57, 58, 74, 59, 60, 61, 62, 63, 64, 65, 66, 67, 68, 69, 70, 77, 42, 72, 73]
index list energy: 108070.45780373304
Done


iterations: 10000000 temp: 1000000.0 exponent: 0.7 eif: 300.0
time taken (sec): 908.8782465457916
number of iterations: 10000000
og index list: [(0, 71), (1, 40), (2, 29), (3, 20), (4, 37), (5, 41), (6, 74), (7, 28), (8, 15), (9, 13), (10, 60), (11, 30), (12, 2), (13, 65), (79, 5), (14, 53), (15, 8), (16, 25), (78, 76), (17, 72), (18, 21), (19, 75), (20, 9), (21, 73), (22, 61), (23, 50), (24, 27), (25, 38), (26, 24), (27, 42), (28, 12), (29, 10), (30, 33), (31, 45), (32, 0), (77, 58), (33, 78), (34, 14), (35, 19), (36, 64), (37, 70), (38, 77), (39, 23), (40, 54), (41, 52), (76, 48), (42, 3), (43, 62), (44, 47), (45, 35), (46, 34), (47, 6), (48, 55), (49, 63), (50, 51), (51, 11), (52, 66), (53, 16), (54, 36), (55, 1), (56, 56), (57, 39), (58, 69), (75, 26), (59, 68), (60, 17), (61, 79), (62, 59), (63, 32), (64, 57), (65, 67), (66, 4), (67, 43), (68, 44), (69, 49), (70, 7), (71, 46), (74, 18), (72, 31), (73, 22)]
og index list energy: 131239357.6130457
index_list: [(0, 0), (1, 1), (2, 2), (3, 3), (4, 4), (5, 5), (6, 6), (7, 7), (8, 8), (9, 9), (10, 10), (11, 11), (12, 12), (13, 13), (79, 75), (14, 14), (15, 15), (16, 16), (78, 76), (17, 17), (18, 18), (19, 19), (20, 20), (21, 21), (22, 22), (23, 23), (24, 24), (25, 25), (26, 26), (27, 27), (28, 28), (29, 29), (30, 30), (31, 31), (32, 32), (77, 77), (33, 33), (34, 34), (35, 35), (36, 36), (37, 37), (38, 38), (39, 39), (40, 40), (41, 41), (76, 78), (42, 42), (43, 43), (44, 44), (45, 45), (46, 46), (47, 47), (48, 48), (49, 79), (50, 50), (51, 51), (52, 52), (53, 53), (54, 54), (55, 55), (56, 56), (57, 57), (58, 58), (75, 74), (59, 59), (60, 60), (61, 61), (62, 62), (63, 63), (64, 64), (65, 65), (66, 66), (67, 67), (68, 68), (69, 69), (70, 70), (71, 71), (74, 49), (72, 72), (73, 73)]
index list: [0, 1, 2, 3, 4, 5, 6, 7, 8, 9, 10, 11, 12, 13, 75, 14, 15, 16, 76, 17, 18, 19, 20, 21, 22, 23, 24, 25, 26, 27, 28, 29, 30, 31, 32, 77, 33, 34, 35, 36, 37, 38, 39, 40, 41, 78, 42, 43, 44, 45, 46, 47, 48, 79, 50, 51, 52, 53, 54, 55, 56, 57, 58, 74, 59, 60, 61, 62, 63, 64, 65, 66, 67, 68, 69, 70, 71, 49, 72, 73]
index list energy: 98209.82393678775
Done


iterations: 10000000 temp: 1000000.0 exponent: 0.7 eif: 300.0
time taken (sec): 891.8435225486755
number of iterations: 10000000
og index list: [(0, 66), (1, 12), (2, 8), (3, 60), (4, 47), (5, 15), (6, 53), (7, 40), (8, 25), (9, 49), (10, 58), (11, 57), (12, 32), (13, 61), (79, 74), (14, 9), (15, 1), (16, 19), (78, 43), (17, 20), (18, 31), (19, 34), (20, 38), (21, 21), (22, 7), (23, 5), (24, 56), (25, 51), (26, 11), (27, 3), (28, 46), (29, 50), (30, 62), (31, 2), (32, 22), (77, 73), (33, 28), (34, 70), (35, 17), (36, 45), (37, 78), (38, 41), (39, 24), (40, 79), (41, 68), (76, 16), (42, 35), (43, 76), (44, 37), (45, 63), (46, 44), (47, 36), (48, 18), (49, 72), (50, 10), (51, 29), (52, 54), (53, 26), (54, 39), (55, 30), (56, 71), (57, 77), (58, 27), (75, 14), (59, 65), (60, 64), (61, 42), (62, 52), (63, 75), (64, 13), (65, 48), (66, 4), (67, 59), (68, 0), (69, 33), (70, 6), (71, 67), (74, 23), (72, 55), (73, 69)]
og index list energy: 145629801.51843432
index_list: [(0, 0), (1, 1), (2, 2), (3, 3), (4, 4), (5, 5), (6, 6), (7, 7), (8, 8), (9, 9), (10, 10), (11, 11), (12, 12), (13, 13), (79, 77), (14, 14), (15, 15), (16, 16), (78, 49), (17, 17), (18, 18), (19, 19), (20, 20), (21, 21), (22, 22), (23, 23), (24, 24), (25, 25), (26, 26), (27, 27), (28, 28), (29, 29), (30, 30), (31, 31), (32, 32), (77, 74), (33, 33), (34, 34), (35, 35), (36, 36), (37, 37), (38, 38), (39, 39), (40, 40), (41, 41), (76, 78), (42, 42), (43, 43), (44, 44), (45, 45), (46, 46), (47, 47), (48, 48), (49, 76), (50, 50), (51, 51), (52, 52), (53, 53), (54, 54), (55, 55), (56, 56), (57, 57), (58, 58), (75, 79), (59, 59), (60, 60), (61, 61), (62, 62), (63, 63), (64, 64), (65, 65), (66, 66), (67, 67), (68, 68), (69, 69), (70, 70), (71, 71), (74, 75), (72, 72), (73, 73)]
index list: [0, 1, 2, 3, 4, 5, 6, 7, 8, 9, 10, 11, 12, 13, 77, 14, 15, 16, 49, 17, 18, 19, 20, 21, 22, 23, 24, 25, 26, 27, 28, 29, 30, 31, 32, 74, 33, 34, 35, 36, 37, 38, 39, 40, 41, 78, 42, 43, 44, 45, 46, 47, 48, 76, 50, 51, 52, 53, 54, 55, 56, 57, 58, 79, 59, 60, 61, 62, 63, 64, 65, 66, 67, 68, 69, 70, 71, 75, 72, 73]
index list energy: 98209.82393678775
Done


iterations: 10000000 temp: 1000000.0 exponent: 0.7 eif: 300.0
time taken (sec): 739.0859770774841
number of iterations: 10000000
og index list: [(0, 68), (1, 59), (2, 15), (3, 65), (4, 2), (5, 53), (6, 51), (7, 10), (8, 32), (9, 46), (10, 49), (11, 42), (12, 1), (13, 79), (79, 12), (14, 4), (15, 64), (16, 54), (78, 22), (17, 28), (18, 76), (19, 0), (20, 78), (21, 63), (22, 19), (23, 33), (24, 23), (25, 66), (26, 25), (27, 37), (28, 21), (29, 38), (30, 5), (31, 62), (32, 8), (77, 57), (33, 45), (34, 27), (35, 35), (36, 70), (37, 30), (38, 43), (39, 44), (40, 47), (41, 48), (76, 24), (42, 36), (43, 73), (44, 50), (45, 16), (46, 26), (47, 14), (48, 3), (49, 69), (50, 72), (51, 67), (52, 60), (53, 40), (54, 13), (55, 11), (56, 39), (57, 41), (58, 7), (75, 6), (59, 55), (60, 75), (61, 52), (62, 31), (63, 77), (64, 58), (65, 17), (66, 74), (67, 34), (68, 61), (69, 9), (70, 56), (71, 20), (74, 71), (72, 18), (73, 29)]
og index list energy: 107808540.29499047
index_list: [(0, 58), (1, 0), (2, 1), (3, 2), (4, 3), (5, 40), (6, 6), (7, 7), (8, 8), (9, 9), (10, 10), (11, 11), (12, 12), (13, 13), (79, 16), (14, 79), (15, 72), (16, 74), (78, 42), (17, 17), (18, 18), (19, 19), (20, 20), (21, 21), (22, 22), (23, 23), (24, 24), (25, 25), (26, 26), (27, 27), (28, 28), (29, 29), (30, 30), (31, 31), (32, 32), (77, 49), (33, 33), (34, 34), (35, 35), (36, 36), (37, 37), (38, 38), (39, 39), (40, 4), (41, 5), (76, 44), (42, 45), (43, 76), (44, 14), (45, 15), (46, 46), (47, 47), (48, 48), (49, 75), (50, 43), (51, 41), (52, 71), (53, 60), (54, 61), (55, 62), (56, 51), (57, 52), (58, 59), (75, 68), (59, 69), (60, 53), (61, 54), (62, 50), (63, 63), (64, 64), (65, 65), (66, 66), (67, 70), (68, 77), (69, 67), (70, 78), (71, 55), (74, 56), (72, 57), (73, 73)]
index list: [58, 0, 1, 2, 3, 40, 6, 7, 8, 9, 10, 11, 12, 13, 16, 79, 72, 74, 42, 17, 18, 19, 20, 21, 22, 23, 24, 25, 26, 27, 28, 29, 30, 31, 32, 49, 33, 34, 35, 36, 37, 38, 39, 4, 5, 44, 45, 76, 14, 15, 46, 47, 48, 75, 43, 41, 71, 60, 61, 62, 51, 52, 59, 68, 69, 53, 54, 50, 63, 64, 65, 66, 70, 77, 67, 78, 55, 56, 57, 73]
index list energy: 418450.58978905267
Done


iterations: 10000000 temp: 1000000.0 exponent: 0.7 eif: 300.0
time taken (sec): 868.0164246559143
number of iterations: 10000000
og index list: [(0, 44), (1, 53), (2, 40), (3, 51), (4, 24), (5, 74), (6, 73), (7, 63), (8, 9), (9, 62), (10, 23), (11, 7), (12, 14), (13, 34), (79, 48), (14, 55), (15, 47), (16, 13), (78, 20), (17, 52), (18, 35), (19, 43), (20, 42), (21, 46), (22, 54), (23, 71), (24, 6), (25, 25), (26, 12), (27, 65), (28, 21), (29, 78), (30, 19), (31, 29), (32, 28), (77, 1), (33, 68), (34, 36), (35, 27), (36, 75), (37, 3), (38, 59), (39, 4), (40, 61), (41, 60), (76, 49), (42, 26), (43, 58), (44, 30), (45, 5), (46, 79), (47, 0), (48, 56), (49, 32), (50, 22), (51, 15), (52, 33), (53, 37), (54, 11), (55, 50), (56, 8), (57, 16), (58, 66), (75, 76), (59, 10), (60, 39), (61, 31), (62, 57), (63, 2), (64, 77), (65, 45), (66, 17), (67, 38), (68, 64), (69, 41), (70, 67), (71, 72), (74, 70), (72, 69), (73, 18)]
og index list energy: 105275563.61153473
index_list: [(0, 0), (1, 1), (2, 2), (3, 3), (4, 4), (5, 5), (6, 6), (7, 7), (8, 8), (9, 9), (10, 10), (11, 11), (12, 12), (13, 13), (79, 76), (14, 14), (15, 15), (16, 16), (78, 77), (17, 17), (18, 18), (19, 19), (20, 20), (21, 21), (22, 22), (23, 23), (24, 24), (25, 25), (26, 26), (27, 27), (28, 28), (29, 29), (30, 30), (31, 31), (32, 32), (77, 78), (33, 33), (34, 34), (35, 35), (36, 36), (37, 37), (38, 38), (39, 39), (40, 40), (41, 41), (76, 49), (42, 42), (43, 43), (44, 44), (45, 45), (46, 46), (47, 47), (48, 48), (49, 75), (50, 50), (51, 51), (52, 52), (53, 53), (54, 54), (55, 55), (56, 56), (57, 57), (58, 58), (75, 79), (59, 59), (60, 60), (61, 61), (62, 62), (63, 63), (64, 64), (65, 65), (66, 66), (67, 67), (68, 68), (69, 69), (70, 70), (71, 71), (74, 74), (72, 72), (73, 73)]
index list: [0, 1, 2, 3, 4, 5, 6, 7, 8, 9, 10, 11, 12, 13, 76, 14, 15, 16, 77, 17, 18, 19, 20, 21, 22, 23, 24, 25, 26, 27, 28, 29, 30, 31, 32, 78, 33, 34, 35, 36, 37, 38, 39, 40, 41, 49, 42, 43, 44, 45, 46, 47, 48, 75, 50, 51, 52, 53, 54, 55, 56, 57, 58, 79, 59, 60, 61, 62, 63, 64, 65, 66, 67, 68, 69, 70, 71, 74, 72, 73]
index list energy: 98209.82393678775
Done


iterations: 10000000 temp: 1000000.0 exponent: 0.7 eif: 300.0
time taken (sec): 811.1429891586304
number of iterations: 10000000
og index list: [(0, 73), (1, 40), (2, 28), (3, 37), (4, 33), (5, 20), (6, 68), (7, 70), (8, 71), (9, 34), (10, 22), (11, 54), (12, 76), (13, 47), (79, 12), (14, 30), (15, 65), (16, 14), (78, 31), (17, 11), (18, 6), (19, 32), (20, 75), (21, 43), (22, 53), (23, 61), (24, 24), (25, 59), (26, 63), (27, 50), (28, 72), (29, 49), (30, 35), (31, 36), (32, 52), (77, 21), (33, 46), (34, 69), (35, 74), (36, 48), (37, 5), (38, 0), (39, 60), (40, 26), (41, 2), (76, 23), (42, 78), (43, 67), (44, 57), (45, 3), (46, 8), (47, 4), (48, 27), (49, 25), (50, 18), (51, 77), (52, 1), (53, 51), (54, 66), (55, 17), (56, 7), (57, 39), (58, 42), (75, 64), (59, 19), (60, 41), (61, 9), (62, 16), (63, 38), (64, 79), (65, 44), (66, 62), (67, 56), (68, 29), (69, 13), (70, 58), (71, 10), (74, 55), (72, 15), (73, 45)]
og index list energy: 128035256.52992287
index_list: [(0, 72), (1, 1), (2, 2), (3, 3), (4, 4), (5, 5), (6, 6), (7, 7), (8, 8), (9, 9), (10, 10), (11, 11), (12, 12), (13, 13), (79, 77), (14, 70), (15, 71), (16, 79), (78, 69), (17, 17), (18, 18), (19, 19), (20, 20), (21, 21), (22, 22), (23, 23), (24, 24), (25, 25), (26, 26), (27, 27), (28, 28), (29, 29), (30, 30), (31, 31), (32, 32), (77, 76), (33, 33), (34, 34), (35, 35), (36, 36), (37, 37), (38, 38), (39, 39), (40, 40), (41, 41), (76, 49), (42, 42), (43, 43), (44, 44), (45, 45), (46, 46), (47, 47), (48, 48), (49, 78), (50, 50), (51, 51), (52, 52), (53, 53), (54, 54), (55, 55), (56, 56), (57, 57), (58, 58), (75, 74), (59, 59), (60, 60), (61, 61), (62, 62), (63, 63), (64, 64), (65, 65), (66, 66), (67, 67), (68, 68), (69, 0), (70, 73), (71, 75), (74, 14), (72, 15), (73, 16)]
index list: [72, 1, 2, 3, 4, 5, 6, 7, 8, 9, 10, 11, 12, 13, 77, 70, 71, 79, 69, 17, 18, 19, 20, 21, 22, 23, 24, 25, 26, 27, 28, 29, 30, 31, 32, 76, 33, 34, 35, 36, 37, 38, 39, 40, 41, 49, 42, 43, 44, 45, 46, 47, 48, 78, 50, 51, 52, 53, 54, 55, 56, 57, 58, 74, 59, 60, 61, 62, 63, 64, 65, 66, 67, 68, 0, 73, 75, 14, 15, 16]
index list energy: 146103.2200452833
Done


iterations: 10000000 temp: 1000000.0 exponent: 0.7 eif: 300.0
time taken (sec): 855.9110941886902
number of iterations: 10000000
og index list: [(0, 29), (1, 40), (2, 64), (3, 4), (4, 55), (5, 16), (6, 6), (7, 26), (8, 25), (9, 44), (10, 27), (11, 78), (12, 56), (13, 28), (79, 50), (14, 67), (15, 42), (16, 14), (78, 15), (17, 65), (18, 11), (19, 19), (20, 31), (21, 58), (22, 36), (23, 37), (24, 46), (25, 59), (26, 45), (27, 57), (28, 17), (29, 7), (30, 74), (31, 22), (32, 39), (77, 72), (33, 3), (34, 8), (35, 12), (36, 79), (37, 53), (38, 73), (39, 62), (40, 41), (41, 18), (76, 54), (42, 71), (43, 49), (44, 66), (45, 5), (46, 33), (47, 2), (48, 77), (49, 68), (50, 10), (51, 60), (52, 24), (53, 13), (54, 70), (55, 61), (56, 76), (57, 75), (58, 1), (75, 52), (59, 21), (60, 23), (61, 35), (62, 34), (63, 47), (64, 38), (65, 9), (66, 63), (67, 43), (68, 51), (69, 32), (70, 69), (71, 30), (74, 48), (72, 20), (73, 0)]
og index list energy: 88601350.33941162
index_list: [(0, 47), (1, 1), (2, 2), (3, 3), (4, 4), (5, 5), (6, 6), (7, 7), (8, 8), (9, 9), (10, 10), (11, 11), (12, 12), (13, 13), (79, 77), (14, 14), (15, 15), (16, 16), (78, 49), (17, 17), (18, 18), (19, 19), (20, 20), (21, 21), (22, 22), (23, 23), (24, 24), (25, 25), (26, 26), (27, 27), (28, 28), (29, 29), (30, 30), (31, 31), (32, 32), (77, 78), (33, 33), (34, 34), (35, 35), (36, 36), (37, 37), (38, 38), (39, 39), (40, 40), (41, 41), (76, 0), (42, 75), (43, 42), (44, 43), (45, 44), (46, 45), (47, 46), (48, 48), (49, 76), (50, 50), (51, 51), (52, 52), (53, 53), (54, 54), (55, 55), (56, 56), (57, 57), (58, 58), (75, 74), (59, 59), (60, 60), (61, 61), (62, 62), (63, 63), (64, 64), (65, 65), (66, 66), (67, 67), (68, 68), (69, 69), (70, 70), (71, 71), (74, 79), (72, 72), (73, 73)]
index list: [47, 1, 2, 3, 4, 5, 6, 7, 8, 9, 10, 11, 12, 13, 77, 14, 15, 16, 49, 17, 18, 19, 20, 21, 22, 23, 24, 25, 26, 27, 28, 29, 30, 31, 32, 78, 33, 34, 35, 36, 37, 38, 39, 40, 41, 0, 75, 42, 43, 44, 45, 46, 48, 76, 50, 51, 52, 53, 54, 55, 56, 57, 58, 74, 59, 60, 61, 62, 63, 64, 65, 66, 67, 68, 69, 70, 71, 79, 72, 73]
index list energy: 120175.44357107127
Done


iterations: 10000000 temp: 1000000.0 exponent: 0.7 eif: 300.0
time taken (sec): 861.1019542217255
number of iterations: 10000000
og index list: [(0, 31), (1, 36), (2, 27), (3, 63), (4, 50), (5, 4), (6, 7), (7, 39), (8, 28), (9, 42), (10, 55), (11, 72), (12, 79), (13, 38), (79, 57), (14, 11), (15, 37), (16, 8), (78, 25), (17, 75), (18, 47), (19, 10), (20, 2), (21, 34), (22, 60), (23, 44), (24, 43), (25, 35), (26, 45), (27, 41), (28, 46), (29, 17), (30, 1), (31, 40), (32, 61), (77, 9), (33, 33), (34, 5), (35, 6), (36, 18), (37, 56), (38, 77), (39, 14), (40, 69), (41, 13), (76, 53), (42, 68), (43, 54), (44, 29), (45, 66), (46, 12), (47, 22), (48, 26), (49, 19), (50, 70), (51, 48), (52, 65), (53, 76), (54, 30), (55, 51), (56, 49), (57, 74), (58, 3), (75, 21), (59, 59), (60, 15), (61, 23), (62, 67), (63, 0), (64, 24), (65, 73), (66, 20), (67, 71), (68, 58), (69, 64), (70, 16), (71, 52), (74, 32), (72, 78), (73, 62)]
og index list energy: 102506696.66769929
index_list: [(0, 0), (1, 1), (2, 2), (3, 3), (4, 4), (5, 5), (6, 6), (7, 7), (8, 8), (9, 9), (10, 10), (11, 11), (12, 12), (13, 13), (79, 16), (14, 75), (15, 72), (16, 73), (78, 76), (17, 17), (18, 18), (19, 19), (20, 20), (21, 21), (22, 22), (23, 23), (24, 24), (25, 25), (26, 26), (27, 27), (28, 28), (29, 29), (30, 30), (31, 31), (32, 32), (77, 49), (33, 33), (34, 34), (35, 35), (36, 36), (37, 37), (38, 38), (39, 39), (40, 40), (41, 41), (76, 79), (42, 42), (43, 43), (44, 44), (45, 45), (46, 46), (47, 47), (48, 48), (49, 74), (50, 50), (51, 51), (52, 52), (53, 53), (54, 54), (55, 55), (56, 56), (57, 57), (58, 58), (75, 78), (59, 59), (60, 60), (61, 61), (62, 62), (63, 63), (64, 64), (65, 65), (66, 66), (67, 67), (68, 68), (69, 69), (70, 70), (71, 71), (74, 77), (72, 14), (73, 15)]
index list: [0, 1, 2, 3, 4, 5, 6, 7, 8, 9, 10, 11, 12, 13, 16, 75, 72, 73, 76, 17, 18, 19, 20, 21, 22, 23, 24, 25, 26, 27, 28, 29, 30, 31, 32, 49, 33, 34, 35, 36, 37, 38, 39, 40, 41, 79, 42, 43, 44, 45, 46, 47, 48, 74, 50, 51, 52, 53, 54, 55, 56, 57, 58, 78, 59, 60, 61, 62, 63, 64, 65, 66, 67, 68, 69, 70, 71, 77, 14, 15]
index list energy: 128197.06509037674
Done


iterations: 10000000 temp: 1000000.0 exponent: 0.7 eif: 300.0
time taken (sec): 824.9039776325226
number of iterations: 10000000
og index list: [(0, 64), (1, 43), (2, 22), (3, 66), (4, 3), (5, 39), (6, 8), (7, 27), (8, 42), (9, 6), (10, 52), (11, 78), (12, 35), (13, 57), (79, 44), (14, 46), (15, 47), (16, 34), (78, 31), (17, 7), (18, 70), (19, 74), (20, 56), (21, 55), (22, 15), (23, 79), (24, 25), (25, 45), (26, 2), (27, 40), (28, 54), (29, 21), (30, 38), (31, 17), (32, 62), (77, 61), (33, 37), (34, 60), (35, 20), (36, 75), (37, 73), (38, 77), (39, 10), (40, 24), (41, 26), (76, 71), (42, 13), (43, 51), (44, 33), (45, 59), (46, 36), (47, 50), (48, 68), (49, 69), (50, 49), (51, 14), (52, 11), (53, 63), (54, 4), (55, 5), (56, 12), (57, 23), (58, 16), (75, 76), (59, 0), (60, 19), (61, 18), (62, 1), (63, 32), (64, 41), (65, 65), (66, 58), (67, 30), (68, 67), (69, 48), (70, 53), (71, 29), (74, 28), (72, 72), (73, 9)]
og index list energy: 119601390.06806968
index_list: [(0, 72), (1, 1), (2, 2), (3, 3), (4, 4), (5, 5), (6, 6), (7, 7), (8, 8), (9, 9), (10, 0), (11, 73), (12, 79), (13, 10), (79, 11), (14, 12), (15, 13), (16, 76), (78, 42), (17, 17), (18, 18), (19, 19), (20, 20), (21, 21), (22, 22), (23, 23), (24, 24), (25, 25), (26, 26), (27, 27), (28, 28), (29, 29), (30, 30), (31, 31), (32, 32), (77, 74), (33, 33), (34, 34), (35, 35), (36, 36), (37, 37), (38, 38), (39, 39), (40, 40), (41, 41), (76, 71), (42, 78), (43, 43), (44, 44), (45, 45), (46, 46), (47, 47), (48, 48), (49, 49), (50, 50), (51, 51), (52, 52), (53, 53), (54, 54), (55, 55), (56, 56), (57, 57), (58, 58), (75, 75), (59, 59), (60, 60), (61, 61), (62, 62), (63, 63), (64, 64), (65, 65), (66, 66), (67, 67), (68, 68), (69, 69), (70, 70), (71, 77), (74, 14), (72, 15), (73, 16)]
index list: [72, 1, 2, 3, 4, 5, 6, 7, 8, 9, 0, 73, 79, 10, 11, 12, 13, 76, 42, 17, 18, 19, 20, 21, 22, 23, 24, 25, 26, 27, 28, 29, 30, 31, 32, 74, 33, 34, 35, 36, 37, 38, 39, 40, 41, 71, 78, 43, 44, 45, 46, 47, 48, 49, 50, 51, 52, 53, 54, 55, 56, 57, 58, 75, 59, 60, 61, 62, 63, 64, 65, 66, 67, 68, 69, 70, 77, 14, 15, 16]
index list energy: 157491.65729528337
Done


iterations: 10000000 temp: 1000000.0 exponent: 0.7 eif: 300.0
time taken (sec): 785.0577847957611
number of iterations: 10000000
og index list: [(0, 17), (1, 59), (2, 50), (3, 44), (4, 25), (5, 5), (6, 32), (7, 37), (8, 33), (9, 8), (10, 57), (11, 54), (12, 35), (13, 67), (79, 72), (14, 66), (15, 30), (16, 45), (78, 63), (17, 9), (18, 20), (19, 77), (20, 69), (21, 53), (22, 16), (23, 3), (24, 52), (25, 76), (26, 15), (27, 41), (28, 48), (29, 47), (30, 4), (31, 74), (32, 68), (77, 55), (33, 62), (34, 40), (35, 14), (36, 78), (37, 28), (38, 70), (39, 10), (40, 75), (41, 21), (76, 51), (42, 46), (43, 0), (44, 6), (45, 49), (46, 42), (47, 24), (48, 27), (49, 43), (50, 29), (51, 7), (52, 36), (53, 60), (54, 34), (55, 56), (56, 2), (57, 31), (58, 58), (75, 13), (59, 65), (60, 39), (61, 73), (62, 18), (63, 61), (64, 1), (65, 26), (66, 23), (67, 22), (68, 38), (69, 79), (70, 19), (71, 64), (74, 11), (72, 12), (73, 71)]
og index list energy: 101932308.4899178
index_list: [(0, 0), (1, 1), (2, 2), (3, 3), (4, 74), (5, 72), (6, 73), (7, 75), (8, 43), (9, 6), (10, 7), (11, 8), (12, 9), (13, 10), (79, 11), (14, 12), (15, 13), (16, 32), (78, 76), (17, 17), (18, 18), (19, 19), (20, 20), (21, 21), (22, 22), (23, 23), (24, 24), (25, 25), (26, 26), (27, 27), (28, 28), (29, 29), (30, 30), (31, 31), (32, 77), (77, 42), (33, 33), (34, 34), (35, 35), (36, 36), (37, 37), (38, 38), (39, 39), (40, 40), (41, 44), (76, 45), (42, 16), (43, 78), (44, 14), (45, 15), (46, 46), (47, 47), (48, 48), (49, 49), (50, 50), (51, 51), (52, 52), (53, 53), (54, 54), (55, 55), (56, 56), (57, 57), (58, 58), (75, 79), (59, 59), (60, 60), (61, 61), (62, 62), (63, 63), (64, 64), (65, 65), (66, 66), (67, 67), (68, 68), (69, 69), (70, 70), (71, 71), (74, 4), (72, 5), (73, 41)]
index list: [0, 1, 2, 3, 74, 72, 73, 75, 43, 6, 7, 8, 9, 10, 11, 12, 13, 32, 76, 17, 18, 19, 20, 21, 22, 23, 24, 25, 26, 27, 28, 29, 30, 31, 77, 42, 33, 34, 35, 36, 37, 38, 39, 40, 44, 45, 16, 78, 14, 15, 46, 47, 48, 49, 50, 51, 52, 53, 54, 55, 56, 57, 58, 79, 59, 60, 61, 62, 63, 64, 65, 66, 67, 68, 69, 70, 71, 4, 5, 41]
index list energy: 207862.11499515618
Done


iterations: 10000000 temp: 1000000.0 exponent: 0.7 eif: 300.0
time taken (sec): 848.3404154777527
number of iterations: 10000000
og index list: [(0, 31), (1, 2), (2, 76), (3, 22), (4, 23), (5, 4), (6, 56), (7, 39), (8, 16), (9, 12), (10, 8), (11, 28), (12, 49), (13, 14), (79, 79), (14, 63), (15, 52), (16, 45), (78, 74), (17, 54), (18, 75), (19, 13), (20, 44), (21, 50), (22, 38), (23, 27), (24, 26), (25, 20), (26, 34), (27, 32), (28, 25), (29, 19), (30, 24), (31, 1), (32, 41), (77, 0), (33, 66), (34, 47), (35, 10), (36, 60), (37, 57), (38, 62), (39, 35), (40, 58), (41, 68), (76, 73), (42, 64), (43, 43), (44, 71), (45, 7), (46, 11), (47, 65), (48, 61), (49, 55), (50, 6), (51, 42), (52, 69), (53, 29), (54, 18), (55, 48), (56, 70), (57, 36), (58, 21), (75, 59), (59, 77), (60, 53), (61, 40), (62, 33), (63, 67), (64, 37), (65, 46), (66, 30), (67, 78), (68, 3), (69, 9), (70, 15), (71, 5), (74, 72), (72, 51), (73, 17)]
og index list energy: 101673955.74866217
index_list: [(0, 0), (1, 1), (2, 2), (3, 3), (4, 4), (5, 5), (6, 6), (7, 7), (8, 8), (9, 9), (10, 10), (11, 11), (12, 12), (13, 13), (79, 74), (14, 14), (15, 15), (16, 16), (78, 75), (17, 17), (18, 18), (19, 19), (20, 20), (21, 21), (22, 22), (23, 23), (24, 24), (25, 25), (26, 26), (27, 27), (28, 28), (29, 29), (30, 30), (31, 31), (32, 32), (77, 78), (33, 33), (34, 34), (35, 35), (36, 36), (37, 37), (38, 38), (39, 39), (40, 40), (41, 41), (76, 71), (42, 77), (43, 43), (44, 44), (45, 45), (46, 46), (47, 47), (48, 48), (49, 79), (50, 50), (51, 51), (52, 52), (53, 53), (54, 54), (55, 55), (56, 56), (57, 57), (58, 58), (75, 49), (59, 59), (60, 60), (61, 61), (62, 62), (63, 63), (64, 64), (65, 65), (66, 66), (67, 67), (68, 68), (69, 69), (70, 70), (71, 76), (74, 42), (72, 72), (73, 73)]
index list: [0, 1, 2, 3, 4, 5, 6, 7, 8, 9, 10, 11, 12, 13, 74, 14, 15, 16, 75, 17, 18, 19, 20, 21, 22, 23, 24, 25, 26, 27, 28, 29, 30, 31, 32, 78, 33, 34, 35, 36, 37, 38, 39, 40, 41, 71, 77, 43, 44, 45, 46, 47, 48, 79, 50, 51, 52, 53, 54, 55, 56, 57, 58, 49, 59, 60, 61, 62, 63, 64, 65, 66, 67, 68, 69, 70, 76, 42, 72, 73]
index list energy: 108070.45780373304
Done


iterations: 10000000 temp: 1000000.0 exponent: 0.7 eif: 300.0
time taken (sec): 842.5864539146423
number of iterations: 10000000
og index list: [(0, 10), (1, 18), (2, 23), (3, 40), (4, 37), (5, 47), (6, 44), (7, 9), (8, 58), (9, 28), (10, 26), (11, 41), (12, 35), (13, 49), (79, 65), (14, 69), (15, 74), (16, 25), (78, 22), (17, 29), (18, 73), (19, 42), (20, 33), (21, 0), (22, 67), (23, 77), (24, 16), (25, 36), (26, 59), (27, 46), (28, 27), (29, 51), (30, 60), (31, 14), (32, 45), (77, 15), (33, 54), (34, 2), (35, 62), (36, 6), (37, 52), (38, 57), (39, 1), (40, 64), (41, 11), (76, 13), (42, 12), (43, 50), (44, 32), (45, 38), (46, 43), (47, 19), (48, 24), (49, 56), (50, 71), (51, 76), (52, 75), (53, 70), (54, 17), (55, 79), (56, 21), (57, 5), (58, 78), (75, 48), (59, 7), (60, 30), (61, 4), (62, 63), (63, 34), (64, 61), (65, 8), (66, 68), (67, 20), (68, 72), (69, 55), (70, 53), (71, 31), (74, 39), (72, 66), (73, 3)]
og index list energy: 99440590.2544135
index_list: [(0, 0), (1, 1), (2, 2), (3, 3), (4, 4), (5, 5), (6, 6), (7, 7), (8, 8), (9, 9), (10, 10), (11, 11), (12, 12), (13, 13), (79, 75), (14, 14), (15, 15), (16, 16), (78, 76), (17, 17), (18, 18), (19, 19), (20, 20), (21, 21), (22, 22), (23, 23), (24, 24), (25, 25), (26, 26), (27, 27), (28, 28), (29, 29), (30, 30), (31, 31), (32, 32), (77, 49), (33, 33), (34, 34), (35, 35), (36, 36), (37, 37), (38, 38), (39, 39), (40, 40), (41, 41), (76, 71), (42, 78), (43, 43), (44, 44), (45, 45), (46, 46), (47, 47), (48, 48), (49, 74), (50, 50), (51, 51), (52, 52), (53, 53), (54, 54), (55, 55), (56, 56), (57, 57), (58, 58), (75, 77), (59, 59), (60, 60), (61, 61), (62, 62), (63, 63), (64, 64), (65, 65), (66, 66), (67, 67), (68, 68), (69, 69), (70, 70), (71, 79), (74, 42), (72, 72), (73, 73)]
index list: [0, 1, 2, 3, 4, 5, 6, 7, 8, 9, 10, 11, 12, 13, 75, 14, 15, 16, 76, 17, 18, 19, 20, 21, 22, 23, 24, 25, 26, 27, 28, 29, 30, 31, 32, 49, 33, 34, 35, 36, 37, 38, 39, 40, 41, 71, 78, 43, 44, 45, 46, 47, 48, 74, 50, 51, 52, 53, 54, 55, 56, 57, 58, 77, 59, 60, 61, 62, 63, 64, 65, 66, 67, 68, 69, 70, 79, 42, 72, 73]
index list energy: 108070.45780373304
Done


iterations: 10000000 temp: 1000000.0 exponent: 0.7 eif: 300.0
time taken (sec): 868.2061901092529
number of iterations: 10000000
og index list: [(0, 11), (1, 1), (2, 9), (3, 62), (4, 7), (5, 64), (6, 58), (7, 37), (8, 59), (9, 18), (10, 56), (11, 34), (12, 42), (13, 30), (79, 44), (14, 40), (15, 75), (16, 47), (78, 66), (17, 0), (18, 77), (19, 38), (20, 73), (21, 2), (22, 69), (23, 71), (24, 3), (25, 36), (26, 23), (27, 39), (28, 27), (29, 43), (30, 49), (31, 5), (32, 76), (77, 14), (33, 4), (34, 8), (35, 52), (36, 72), (37, 13), (38, 20), (39, 28), (40, 74), (41, 57), (76, 19), (42, 70), (43, 41), (44, 25), (45, 65), (46, 29), (47, 55), (48, 33), (49, 31), (50, 35), (51, 61), (52, 53), (53, 6), (54, 24), (55, 51), (56, 16), (57, 54), (58, 46), (75, 48), (59, 17), (60, 67), (61, 10), (62, 12), (63, 68), (64, 15), (65, 79), (66, 32), (67, 50), (68, 45), (69, 21), (70, 22), (71, 26), (74, 63), (72, 78), (73, 60)]
og index list energy: 99897619.79245305
index_list: [(0, 0), (1, 1), (2, 2), (3, 3), (4, 4), (5, 5), (6, 6), (7, 7), (8, 8), (9, 9), (10, 10), (11, 11), (12, 12), (13, 13), (79, 77), (14, 14), (15, 15), (16, 16), (78, 75), (17, 17), (18, 18), (19, 19), (20, 20), (21, 21), (22, 22), (23, 23), (24, 24), (25, 25), (26, 26), (27, 27), (28, 28), (29, 29), (30, 30), (31, 31), (32, 32), (77, 74), (33, 33), (34, 34), (35, 35), (36, 36), (37, 37), (38, 38), (39, 39), (40, 40), (41, 41), (76, 76), (42, 42), (43, 43), (44, 44), (45, 45), (46, 46), (47, 47), (48, 48), (49, 49), (50, 50), (51, 51), (52, 52), (53, 53), (54, 54), (55, 55), (56, 56), (57, 57), (58, 58), (75, 79), (59, 59), (60, 60), (61, 61), (62, 62), (63, 63), (64, 64), (65, 65), (66, 66), (67, 67), (68, 68), (69, 69), (70, 70), (71, 71), (74, 78), (72, 72), (73, 73)]
index list: [0, 1, 2, 3, 4, 5, 6, 7, 8, 9, 10, 11, 12, 13, 77, 14, 15, 16, 75, 17, 18, 19, 20, 21, 22, 23, 24, 25, 26, 27, 28, 29, 30, 31, 32, 74, 33, 34, 35, 36, 37, 38, 39, 40, 41, 76, 42, 43, 44, 45, 46, 47, 48, 49, 50, 51, 52, 53, 54, 55, 56, 57, 58, 79, 59, 60, 61, 62, 63, 64, 65, 66, 67, 68, 69, 70, 71, 78, 72, 73]
index list energy: 97911.32412903158
Done


iterations: 10000000 temp: 1000000.0 exponent: 0.7 eif: 300.0
time taken (sec): 860.5615665912628
number of iterations: 10000000
og index list: [(0, 40), (1, 50), (2, 5), (3, 62), (4, 57), (5, 17), (6, 66), (7, 71), (8, 79), (9, 25), (10, 21), (11, 19), (12, 52), (13, 32), (79, 53), (14, 35), (15, 20), (16, 9), (78, 59), (17, 74), (18, 72), (19, 37), (20, 3), (21, 14), (22, 61), (23, 60), (24, 6), (25, 54), (26, 4), (27, 58), (28, 1), (29, 51), (30, 31), (31, 0), (32, 26), (77, 47), (33, 73), (34, 64), (35, 7), (36, 11), (37, 44), (38, 15), (39, 46), (40, 16), (41, 22), (76, 2), (42, 33), (43, 43), (44, 36), (45, 69), (46, 68), (47, 12), (48, 23), (49, 34), (50, 49), (51, 42), (52, 75), (53, 78), (54, 55), (55, 76), (56, 13), (57, 41), (58, 56), (75, 45), (59, 10), (60, 77), (61, 28), (62, 70), (63, 29), (64, 27), (65, 30), (66, 38), (67, 18), (68, 48), (69, 67), (70, 39), (71, 8), (74, 65), (72, 24), (73, 63)]
og index list energy: 96662506.54439077
index_list: [(0, 0), (1, 1), (2, 2), (3, 3), (4, 4), (5, 5), (6, 6), (7, 7), (8, 8), (9, 9), (10, 10), (11, 11), (12, 12), (13, 13), (79, 49), (14, 14), (15, 15), (16, 16), (78, 74), (17, 17), (18, 18), (19, 19), (20, 20), (21, 21), (22, 22), (23, 23), (24, 24), (25, 25), (26, 26), (27, 27), (28, 28), (29, 29), (30, 30), (31, 31), (32, 32), (77, 78), (33, 33), (34, 34), (35, 35), (36, 36), (37, 37), (38, 38), (39, 39), (40, 40), (41, 41), (76, 79), (42, 42), (43, 43), (44, 44), (45, 45), (46, 46), (47, 47), (48, 48), (49, 75), (50, 50), (51, 51), (52, 52), (53, 53), (54, 54), (55, 55), (56, 56), (57, 57), (58, 58), (75, 76), (59, 59), (60, 60), (61, 61), (62, 62), (63, 63), (64, 64), (65, 65), (66, 66), (67, 67), (68, 68), (69, 69), (70, 70), (71, 71), (74, 77), (72, 72), (73, 73)]
index list: [0, 1, 2, 3, 4, 5, 6, 7, 8, 9, 10, 11, 12, 13, 49, 14, 15, 16, 74, 17, 18, 19, 20, 21, 22, 23, 24, 25, 26, 27, 28, 29, 30, 31, 32, 78, 33, 34, 35, 36, 37, 38, 39, 40, 41, 79, 42, 43, 44, 45, 46, 47, 48, 75, 50, 51, 52, 53, 54, 55, 56, 57, 58, 76, 59, 60, 61, 62, 63, 64, 65, 66, 67, 68, 69, 70, 71, 77, 72, 73]
index list energy: 98209.82393678775
Done


iterations: 10000000 temp: 1000000.0 exponent: 0.7 eif: 300.0
time taken (sec): 864.2298018932343
number of iterations: 10000000
og index list: [(0, 6), (1, 51), (2, 58), (3, 61), (4, 15), (5, 32), (6, 64), (7, 63), (8, 39), (9, 59), (10, 41), (11, 20), (12, 46), (13, 33), (79, 68), (14, 47), (15, 18), (16, 49), (78, 2), (17, 28), (18, 75), (19, 40), (20, 31), (21, 70), (22, 36), (23, 53), (24, 13), (25, 11), (26, 5), (27, 67), (28, 76), (29, 22), (30, 62), (31, 23), (32, 19), (77, 60), (33, 73), (34, 34), (35, 12), (36, 55), (37, 38), (38, 14), (39, 74), (40, 30), (41, 77), (76, 65), (42, 25), (43, 0), (44, 69), (45, 16), (46, 50), (47, 66), (48, 17), (49, 10), (50, 27), (51, 56), (52, 48), (53, 3), (54, 43), (55, 72), (56, 8), (57, 35), (58, 1), (75, 79), (59, 9), (60, 52), (61, 45), (62, 57), (63, 42), (64, 21), (65, 78), (66, 29), (67, 54), (68, 4), (69, 71), (70, 26), (71, 7), (74, 37), (72, 44), (73, 24)]
og index list energy: 100431858.19059896
index_list: [(0, 0), (1, 1), (2, 2), (3, 3), (4, 4), (5, 5), (6, 6), (7, 7), (8, 8), (9, 9), (10, 10), (11, 11), (12, 12), (13, 13), (79, 79), (14, 14), (15, 15), (16, 16), (78, 49), (17, 17), (18, 18), (19, 19), (20, 20), (21, 21), (22, 22), (23, 23), (24, 24), (25, 25), (26, 26), (27, 27), (28, 28), (29, 29), (30, 30), (31, 31), (32, 32), (77, 77), (33, 33), (34, 34), (35, 35), (36, 36), (37, 37), (38, 38), (39, 39), (40, 40), (41, 41), (76, 74), (42, 42), (43, 43), (44, 44), (45, 45), (46, 46), (47, 47), (48, 48), (49, 78), (50, 50), (51, 51), (52, 52), (53, 53), (54, 54), (55, 55), (56, 56), (57, 57), (58, 58), (75, 75), (59, 59), (60, 60), (61, 61), (62, 62), (63, 63), (64, 64), (65, 65), (66, 66), (67, 67), (68, 68), (69, 69), (70, 70), (71, 71), (74, 76), (72, 72), (73, 73)]
index list: [0, 1, 2, 3, 4, 5, 6, 7, 8, 9, 10, 11, 12, 13, 79, 14, 15, 16, 49, 17, 18, 19, 20, 21, 22, 23, 24, 25, 26, 27, 28, 29, 30, 31, 32, 77, 33, 34, 35, 36, 37, 38, 39, 40, 41, 74, 42, 43, 44, 45, 46, 47, 48, 78, 50, 51, 52, 53, 54, 55, 56, 57, 58, 75, 59, 60, 61, 62, 63, 64, 65, 66, 67, 68, 69, 70, 71, 76, 72, 73]
index list energy: 98209.82393678775
Done


iterations: 10000000 temp: 1000000.0 exponent: 0.7 eif: 300.0
time taken (sec): 870.8906967639923
number of iterations: 10000000
og index list: [(0, 13), (1, 61), (2, 30), (3, 38), (4, 41), (5, 42), (6, 34), (7, 19), (8, 46), (9, 43), (10, 59), (11, 15), (12, 51), (13, 0), (79, 70), (14, 1), (15, 10), (16, 73), (78, 17), (17, 69), (18, 24), (19, 36), (20, 44), (21, 8), (22, 7), (23, 74), (24, 4), (25, 6), (26, 45), (27, 23), (28, 33), (29, 20), (30, 55), (31, 71), (32, 76), (77, 67), (33, 16), (34, 47), (35, 48), (36, 50), (37, 37), (38, 5), (39, 21), (40, 66), (41, 32), (76, 9), (42, 25), (43, 63), (44, 75), (45, 39), (46, 40), (47, 22), (48, 78), (49, 62), (50, 11), (51, 60), (52, 53), (53, 35), (54, 54), (55, 31), (56, 3), (57, 79), (58, 52), (75, 64), (59, 57), (60, 28), (61, 26), (62, 72), (63, 56), (64, 68), (65, 29), (66, 77), (67, 49), (68, 27), (69, 18), (70, 12), (71, 14), (74, 65), (72, 58), (73, 2)]
og index list energy: 107822210.82970986
index_list: [(0, 0), (1, 1), (2, 2), (3, 3), (4, 4), (5, 5), (6, 6), (7, 7), (8, 8), (9, 9), (10, 10), (11, 11), (12, 12), (13, 13), (79, 76), (14, 14), (15, 15), (16, 16), (78, 77), (17, 17), (18, 18), (19, 19), (20, 20), (21, 21), (22, 22), (23, 23), (24, 24), (25, 25), (26, 26), (27, 27), (28, 28), (29, 29), (30, 30), (31, 31), (32, 32), (77, 75), (33, 33), (34, 34), (35, 35), (36, 36), (37, 37), (38, 38), (39, 39), (40, 40), (41, 41), (76, 74), (42, 42), (43, 43), (44, 44), (45, 45), (46, 46), (47, 47), (48, 48), (49, 79), (50, 50), (51, 51), (52, 52), (53, 53), (54, 54), (55, 55), (56, 56), (57, 57), (58, 58), (75, 78), (59, 59), (60, 60), (61, 61), (62, 62), (63, 63), (64, 64), (65, 65), (66, 66), (67, 67), (68, 68), (69, 69), (70, 70), (71, 71), (74, 49), (72, 72), (73, 73)]
index list: [0, 1, 2, 3, 4, 5, 6, 7, 8, 9, 10, 11, 12, 13, 76, 14, 15, 16, 77, 17, 18, 19, 20, 21, 22, 23, 24, 25, 26, 27, 28, 29, 30, 31, 32, 75, 33, 34, 35, 36, 37, 38, 39, 40, 41, 74, 42, 43, 44, 45, 46, 47, 48, 79, 50, 51, 52, 53, 54, 55, 56, 57, 58, 78, 59, 60, 61, 62, 63, 64, 65, 66, 67, 68, 69, 70, 71, 49, 72, 73]
index list energy: 98209.82393678775
Done


iterations: 10000000 temp: 1000000.0 exponent: 0.7 eif: 300.0
time taken (sec): 777.3574340343475
number of iterations: 10000000
og index list: [(0, 10), (1, 8), (2, 51), (3, 13), (4, 74), (5, 56), (6, 26), (7, 17), (8, 4), (9, 75), (10, 70), (11, 18), (12, 55), (13, 68), (79, 49), (14, 67), (15, 24), (16, 14), (78, 32), (17, 37), (18, 43), (19, 25), (20, 20), (21, 15), (22, 64), (23, 1), (24, 41), (25, 21), (26, 36), (27, 42), (28, 0), (29, 66), (30, 5), (31, 59), (32, 22), (77, 30), (33, 78), (34, 54), (35, 19), (36, 39), (37, 34), (38, 16), (39, 62), (40, 2), (41, 79), (76, 63), (42, 7), (43, 57), (44, 46), (45, 69), (46, 33), (47, 60), (48, 12), (49, 73), (50, 65), (51, 48), (52, 47), (53, 11), (54, 52), (55, 58), (56, 61), (57, 40), (58, 23), (75, 72), (59, 50), (60, 71), (61, 6), (62, 77), (63, 9), (64, 53), (65, 31), (66, 38), (67, 44), (68, 76), (69, 28), (70, 29), (71, 27), (74, 3), (72, 35), (73, 45)]
og index list energy: 95787811.9510535
index_list: [(0, 72), (1, 1), (2, 2), (3, 3), (4, 4), (5, 5), (6, 6), (7, 7), (8, 8), (9, 9), (10, 10), (11, 11), (12, 50), (13, 51), (79, 52), (14, 14), (15, 15), (16, 74), (78, 42), (17, 17), (18, 18), (19, 19), (20, 20), (21, 21), (22, 22), (23, 23), (24, 24), (25, 25), (26, 26), (27, 27), (28, 28), (29, 29), (30, 30), (31, 31), (32, 32), (77, 77), (33, 33), (34, 34), (35, 35), (36, 36), (37, 37), (38, 38), (39, 39), (40, 40), (41, 41), (76, 76), (42, 53), (43, 54), (44, 55), (45, 56), (46, 57), (47, 47), (48, 48), (49, 78), (50, 43), (51, 44), (52, 45), (53, 46), (54, 58), (55, 79), (56, 59), (57, 75), (58, 12), (75, 13), (59, 16), (60, 60), (61, 61), (62, 62), (63, 63), (64, 64), (65, 65), (66, 66), (67, 67), (68, 68), (69, 69), (70, 70), (71, 0), (74, 73), (72, 49), (73, 71)]
index list: [72, 1, 2, 3, 4, 5, 6, 7, 8, 9, 10, 11, 50, 51, 52, 14, 15, 74, 42, 17, 18, 19, 20, 21, 22, 23, 24, 25, 26, 27, 28, 29, 30, 31, 32, 77, 33, 34, 35, 36, 37, 38, 39, 40, 41, 76, 53, 54, 55, 56, 57, 47, 48, 78, 43, 44, 45, 46, 58, 79, 59, 75, 12, 13, 16, 60, 61, 62, 63, 64, 65, 66, 67, 68, 69, 70, 0, 73, 49, 71]
index list energy: 394309.62150953716
Done


iterations: 10000000 temp: 1000000.0 exponent: 0.7 eif: 300.0
time taken (sec): 788.9729337692261
number of iterations: 10000000
og index list: [(0, 44), (1, 32), (2, 22), (3, 67), (4, 75), (5, 52), (6, 65), (7, 48), (8, 26), (9, 28), (10, 39), (11, 13), (12, 64), (13, 60), (79, 55), (14, 76), (15, 66), (16, 14), (78, 12), (17, 51), (18, 41), (19, 7), (20, 24), (21, 18), (22, 3), (23, 61), (24, 70), (25, 49), (26, 10), (27, 68), (28, 27), (29, 57), (30, 69), (31, 6), (32, 37), (77, 78), (33, 79), (34, 20), (35, 21), (36, 29), (37, 17), (38, 9), (39, 11), (40, 15), (41, 53), (76, 5), (42, 47), (43, 54), (44, 1), (45, 36), (46, 71), (47, 73), (48, 31), (49, 16), (50, 58), (51, 30), (52, 74), (53, 62), (54, 23), (55, 63), (56, 25), (57, 19), (58, 2), (75, 45), (59, 42), (60, 40), (61, 56), (62, 50), (63, 59), (64, 8), (65, 0), (66, 4), (67, 72), (68, 35), (69, 33), (70, 43), (71, 38), (74, 34), (72, 46), (73, 77)]
og index list energy: 126208674.95406784
index_list: [(0, 42), (1, 43), (2, 44), (3, 45), (4, 16), (5, 79), (6, 73), (7, 77), (8, 72), (9, 1), (10, 2), (11, 3), (12, 74), (13, 14), (79, 15), (14, 6), (15, 7), (16, 8), (78, 49), (17, 17), (18, 18), (19, 19), (20, 20), (21, 21), (22, 22), (23, 23), (24, 24), (25, 25), (26, 26), (27, 27), (28, 28), (29, 29), (30, 30), (31, 31), (32, 32), (77, 76), (33, 33), (34, 34), (35, 35), (36, 36), (37, 37), (38, 38), (39, 39), (40, 40), (41, 9), (76, 10), (42, 11), (43, 12), (44, 13), (45, 78), (46, 46), (47, 47), (48, 48), (49, 0), (50, 50), (51, 51), (52, 52), (53, 53), (54, 54), (55, 55), (56, 56), (57, 57), (58, 58), (75, 75), (59, 59), (60, 60), (61, 61), (62, 62), (63, 63), (64, 64), (65, 65), (66, 66), (67, 67), (68, 68), (69, 69), (70, 70), (71, 71), (74, 4), (72, 5), (73, 41)]
index list: [42, 43, 44, 45, 16, 79, 73, 77, 72, 1, 2, 3, 74, 14, 15, 6, 7, 8, 49, 17, 18, 19, 20, 21, 22, 23, 24, 25, 26, 27, 28, 29, 30, 31, 32, 76, 33, 34, 35, 36, 37, 38, 39, 40, 9, 10, 11, 12, 13, 78, 46, 47, 48, 0, 50, 51, 52, 53, 54, 55, 56, 57, 58, 75, 59, 60, 61, 62, 63, 64, 65, 66, 67, 68, 69, 70, 71, 4, 5, 41]
index list energy: 247596.54433447856
Done


iterations: 10000000 temp: 1000000.0 exponent: 0.7 eif: 300.0
time taken (sec): 830.9733288288116
number of iterations: 10000000
og index list: [(0, 29), (1, 35), (2, 18), (3, 74), (4, 69), (5, 1), (6, 12), (7, 27), (8, 73), (9, 9), (10, 66), (11, 55), (12, 48), (13, 17), (79, 22), (14, 70), (15, 23), (16, 4), (78, 62), (17, 59), (18, 11), (19, 10), (20, 28), (21, 56), (22, 24), (23, 21), (24, 36), (25, 8), (26, 0), (27, 31), (28, 30), (29, 14), (30, 19), (31, 79), (32, 46), (77, 76), (33, 39), (34, 50), (35, 57), (36, 53), (37, 25), (38, 32), (39, 54), (40, 51), (41, 71), (76, 44), (42, 2), (43, 58), (44, 63), (45, 38), (46, 6), (47, 45), (48, 7), (49, 16), (50, 33), (51, 64), (52, 49), (53, 37), (54, 42), (55, 60), (56, 41), (57, 68), (58, 20), (75, 13), (59, 78), (60, 43), (61, 40), (62, 67), (63, 65), (64, 34), (65, 72), (66, 75), (67, 61), (68, 77), (69, 26), (70, 5), (71, 52), (74, 15), (72, 3), (73, 47)]
og index list energy: 120053805.04332188
index_list: [(0, 73), (1, 0), (2, 1), (3, 2), (4, 74), (5, 72), (6, 6), (7, 7), (8, 8), (9, 9), (10, 10), (11, 11), (12, 12), (13, 13), (79, 49), (14, 14), (15, 15), (16, 16), (78, 75), (17, 17), (18, 18), (19, 19), (20, 20), (21, 21), (22, 22), (23, 23), (24, 24), (25, 25), (26, 26), (27, 27), (28, 28), (29, 29), (30, 30), (31, 31), (32, 32), (77, 76), (33, 33), (34, 34), (35, 35), (36, 36), (37, 37), (38, 38), (39, 39), (40, 40), (41, 41), (76, 79), (42, 42), (43, 43), (44, 44), (45, 45), (46, 46), (47, 47), (48, 48), (49, 78), (50, 50), (51, 51), (52, 52), (53, 53), (54, 54), (55, 55), (56, 56), (57, 57), (58, 58), (75, 77), (59, 59), (60, 60), (61, 61), (62, 62), (63, 63), (64, 64), (65, 65), (66, 66), (67, 67), (68, 68), (69, 69), (70, 70), (71, 71), (74, 4), (72, 5), (73, 3)]
index list: [73, 0, 1, 2, 74, 72, 6, 7, 8, 9, 10, 11, 12, 13, 49, 14, 15, 16, 75, 17, 18, 19, 20, 21, 22, 23, 24, 25, 26, 27, 28, 29, 30, 31, 32, 76, 33, 34, 35, 36, 37, 38, 39, 40, 41, 79, 42, 43, 44, 45, 46, 47, 48, 78, 50, 51, 52, 53, 54, 55, 56, 57, 58, 77, 59, 60, 61, 62, 63, 64, 65, 66, 67, 68, 69, 70, 71, 4, 5, 3]
index list energy: 160626.6557141353
Done


iterations: 10000000 temp: 1000000.0 exponent: 0.7 eif: 300.0
time taken (sec): 799.5801687240601
number of iterations: 10000000
og index list: [(0, 72), (1, 14), (2, 32), (3, 39), (4, 56), (5, 73), (6, 26), (7, 6), (8, 27), (9, 20), (10, 37), (11, 29), (12, 5), (13, 9), (79, 4), (14, 45), (15, 48), (16, 7), (78, 76), (17, 75), (18, 66), (19, 35), (20, 74), (21, 10), (22, 46), (23, 52), (24, 34), (25, 54), (26, 58), (27, 64), (28, 59), (29, 8), (30, 40), (31, 30), (32, 15), (77, 79), (33, 49), (34, 0), (35, 23), (36, 25), (37, 68), (38, 65), (39, 31), (40, 57), (41, 55), (76, 42), (42, 51), (43, 67), (44, 44), (45, 33), (46, 63), (47, 78), (48, 13), (49, 21), (50, 53), (51, 11), (52, 38), (53, 22), (54, 60), (55, 18), (56, 69), (57, 43), (58, 17), (75, 41), (59, 3), (60, 12), (61, 36), (62, 47), (63, 28), (64, 16), (65, 62), (66, 19), (67, 71), (68, 1), (69, 70), (70, 2), (71, 24), (74, 61), (72, 77), (73, 50)]
og index list energy: 118440085.05074386
index_list: [(0, 72), (1, 1), (2, 2), (3, 3), (4, 4), (5, 5), (6, 6), (7, 7), (8, 8), (9, 9), (10, 10), (11, 11), (12, 12), (13, 13), (79, 41), (14, 74), (15, 44), (16, 45), (78, 16), (17, 77), (18, 18), (19, 19), (20, 20), (21, 21), (22, 22), (23, 23), (24, 24), (25, 25), (26, 26), (27, 27), (28, 28), (29, 29), (30, 30), (31, 31), (32, 32), (77, 75), (33, 33), (34, 34), (35, 35), (36, 36), (37, 37), (38, 38), (39, 39), (40, 40), (41, 79), (76, 42), (42, 17), (43, 76), (44, 14), (45, 15), (46, 46), (47, 47), (48, 48), (49, 78), (50, 43), (51, 51), (52, 52), (53, 53), (54, 54), (55, 55), (56, 56), (57, 57), (58, 58), (75, 49), (59, 59), (60, 60), (61, 61), (62, 62), (63, 63), (64, 64), (65, 65), (66, 66), (67, 67), (68, 68), (69, 69), (70, 70), (71, 71), (74, 0), (72, 73), (73, 50)]
index list: [72, 1, 2, 3, 4, 5, 6, 7, 8, 9, 10, 11, 12, 13, 41, 74, 44, 45, 16, 77, 18, 19, 20, 21, 22, 23, 24, 25, 26, 27, 28, 29, 30, 31, 32, 75, 33, 34, 35, 36, 37, 38, 39, 40, 79, 42, 17, 76, 14, 15, 46, 47, 48, 78, 43, 51, 52, 53, 54, 55, 56, 57, 58, 49, 59, 60, 61, 62, 63, 64, 65, 66, 67, 68, 69, 70, 71, 0, 73, 50]
index list energy: 241012.6419627684
Done


iterations: 10000000 temp: 1000000.0 exponent: 0.7 eif: 300.0
time taken (sec): 832.1417491436005
number of iterations: 10000000
og index list: [(0, 64), (1, 6), (2, 75), (3, 48), (4, 74), (5, 40), (6, 15), (7, 55), (8, 19), (9, 61), (10, 73), (11, 41), (12, 5), (13, 67), (79, 11), (14, 51), (15, 31), (16, 66), (78, 50), (17, 79), (18, 78), (19, 32), (20, 54), (21, 24), (22, 0), (23, 26), (24, 35), (25, 58), (26, 30), (27, 38), (28, 22), (29, 10), (30, 21), (31, 76), (32, 56), (77, 13), (33, 72), (34, 42), (35, 12), (36, 47), (37, 33), (38, 49), (39, 46), (40, 29), (41, 37), (76, 62), (42, 53), (43, 65), (44, 23), (45, 43), (46, 16), (47, 25), (48, 34), (49, 27), (50, 7), (51, 2), (52, 44), (53, 36), (54, 59), (55, 60), (56, 63), (57, 20), (58, 18), (75, 39), (59, 8), (60, 45), (61, 14), (62, 17), (63, 9), (64, 1), (65, 57), (66, 28), (67, 77), (68, 3), (69, 70), (70, 69), (71, 68), (74, 4), (72, 52), (73, 71)]
og index list energy: 136480608.59456426
index_list: [(0, 0), (1, 1), (2, 2), (3, 3), (4, 4), (5, 5), (6, 6), (7, 7), (8, 8), (9, 9), (10, 10), (11, 11), (12, 12), (13, 13), (79, 16), (14, 79), (15, 72), (16, 73), (78, 78), (17, 17), (18, 18), (19, 19), (20, 20), (21, 21), (22, 22), (23, 23), (24, 24), (25, 25), (26, 26), (27, 27), (28, 28), (29, 29), (30, 30), (31, 31), (32, 32), (77, 49), (33, 33), (34, 34), (35, 35), (36, 36), (37, 37), (38, 38), (39, 39), (40, 40), (41, 41), (76, 77), (42, 42), (43, 43), (44, 44), (45, 45), (46, 46), (47, 47), (48, 48), (49, 75), (50, 50), (51, 51), (52, 52), (53, 53), (54, 54), (55, 55), (56, 56), (57, 57), (58, 58), (75, 74), (59, 59), (60, 60), (61, 61), (62, 62), (63, 63), (64, 64), (65, 65), (66, 66), (67, 67), (68, 68), (69, 69), (70, 70), (71, 71), (74, 76), (72, 14), (73, 15)]
index list: [0, 1, 2, 3, 4, 5, 6, 7, 8, 9, 10, 11, 12, 13, 16, 79, 72, 73, 78, 17, 18, 19, 20, 21, 22, 23, 24, 25, 26, 27, 28, 29, 30, 31, 32, 49, 33, 34, 35, 36, 37, 38, 39, 40, 41, 77, 42, 43, 44, 45, 46, 47, 48, 75, 50, 51, 52, 53, 54, 55, 56, 57, 58, 74, 59, 60, 61, 62, 63, 64, 65, 66, 67, 68, 69, 70, 71, 76, 14, 15]
index list energy: 128197.06509037674
Done


iterations: 10000000 temp: 1000000.0 exponent: 0.7 eif: 300.0
time taken (sec): 797.6717736721039
number of iterations: 10000000
og index list: [(0, 63), (1, 43), (2, 47), (3, 49), (4, 39), (5, 58), (6, 1), (7, 74), (8, 14), (9, 8), (10, 31), (11, 70), (12, 21), (13, 2), (79, 37), (14, 77), (15, 29), (16, 30), (78, 62), (17, 4), (18, 25), (19, 61), (20, 44), (21, 20), (22, 66), (23, 35), (24, 76), (25, 6), (26, 17), (27, 24), (28, 27), (29, 79), (30, 67), (31, 13), (32, 48), (77, 73), (33, 5), (34, 22), (35, 3), (36, 16), (37, 56), (38, 33), (39, 28), (40, 53), (41, 42), (76, 15), (42, 11), (43, 59), (44, 40), (45, 69), (46, 18), (47, 51), (48, 36), (49, 46), (50, 23), (51, 26), (52, 72), (53, 34), (54, 64), (55, 52), (56, 38), (57, 78), (58, 60), (75, 55), (59, 12), (60, 50), (61, 9), (62, 75), (63, 41), (64, 32), (65, 7), (66, 65), (67, 57), (68, 19), (69, 71), (70, 10), (71, 0), (74, 68), (72, 45), (73, 54)]
og index list energy: 86688890.57408445
index_list: [(0, 15), (1, 1), (2, 2), (3, 3), (4, 4), (5, 5), (6, 6), (7, 7), (8, 8), (9, 9), (10, 10), (11, 11), (12, 12), (13, 13), (79, 16), (14, 74), (15, 72), (16, 73), (78, 49), (17, 17), (18, 18), (19, 19), (20, 20), (21, 21), (22, 22), (23, 23), (24, 24), (25, 25), (26, 26), (27, 27), (28, 28), (29, 29), (30, 30), (31, 31), (32, 32), (77, 79), (33, 33), (34, 34), (35, 35), (36, 36), (37, 37), (38, 38), (39, 39), (40, 40), (41, 41), (76, 71), (42, 77), (43, 43), (44, 44), (45, 45), (46, 46), (47, 47), (48, 48), (49, 0), (50, 50), (51, 51), (52, 52), (53, 53), (54, 54), (55, 55), (56, 56), (57, 57), (58, 58), (75, 76), (59, 59), (60, 60), (61, 61), (62, 62), (63, 63), (64, 64), (65, 65), (66, 66), (67, 67), (68, 68), (69, 69), (70, 78), (71, 14), (74, 75), (72, 42), (73, 70)]
index list: [15, 1, 2, 3, 4, 5, 6, 7, 8, 9, 10, 11, 12, 13, 16, 74, 72, 73, 49, 17, 18, 19, 20, 21, 22, 23, 24, 25, 26, 27, 28, 29, 30, 31, 32, 79, 33, 34, 35, 36, 37, 38, 39, 40, 41, 71, 77, 43, 44, 45, 46, 47, 48, 0, 50, 51, 52, 53, 54, 55, 56, 57, 58, 76, 59, 60, 61, 62, 63, 64, 65, 66, 67, 68, 69, 78, 14, 75, 42, 70]
index list energy: 153423.96352168857
Done


iterations: 10000000 temp: 1000000.0 exponent: 0.7 eif: 300.0
time taken (sec): 860.3419790267944
number of iterations: 10000000
og index list: [(0, 63), (1, 67), (2, 75), (3, 36), (4, 58), (5, 3), (6, 40), (7, 20), (8, 13), (9, 28), (10, 69), (11, 56), (12, 48), (13, 10), (79, 53), (14, 79), (15, 25), (16, 4), (78, 14), (17, 45), (18, 74), (19, 9), (20, 70), (21, 23), (22, 71), (23, 50), (24, 30), (25, 42), (26, 17), (27, 54), (28, 35), (29, 73), (30, 11), (31, 38), (32, 12), (77, 44), (33, 34), (34, 76), (35, 59), (36, 77), (37, 18), (38, 57), (39, 51), (40, 26), (41, 0), (76, 2), (42, 6), (43, 15), (44, 19), (45, 72), (46, 8), (47, 66), (48, 65), (49, 64), (50, 39), (51, 7), (52, 1), (53, 22), (54, 41), (55, 78), (56, 62), (57, 68), (58, 52), (75, 43), (59, 31), (60, 21), (61, 27), (62, 60), (63, 33), (64, 37), (65, 55), (66, 24), (67, 49), (68, 32), (69, 61), (70, 46), (71, 29), (74, 5), (72, 47), (73, 16)]
og index list energy: 108896068.31025536
index_list: [(0, 0), (1, 1), (2, 2), (3, 3), (4, 4), (5, 5), (6, 6), (7, 7), (8, 8), (9, 9), (10, 10), (11, 11), (12, 12), (13, 13), (79, 77), (14, 14), (15, 15), (16, 16), (78, 76), (17, 17), (18, 18), (19, 19), (20, 20), (21, 21), (22, 22), (23, 23), (24, 24), (25, 25), (26, 26), (27, 27), (28, 28), (29, 29), (30, 30), (31, 31), (32, 32), (77, 79), (33, 33), (34, 34), (35, 35), (36, 36), (37, 37), (38, 38), (39, 39), (40, 40), (41, 41), (76, 74), (42, 42), (43, 43), (44, 44), (45, 45), (46, 46), (47, 47), (48, 48), (49, 75), (50, 50), (51, 51), (52, 52), (53, 53), (54, 54), (55, 55), (56, 56), (57, 57), (58, 58), (75, 49), (59, 59), (60, 60), (61, 61), (62, 62), (63, 63), (64, 64), (65, 65), (66, 66), (67, 67), (68, 68), (69, 69), (70, 70), (71, 71), (74, 78), (72, 72), (73, 73)]
index list: [0, 1, 2, 3, 4, 5, 6, 7, 8, 9, 10, 11, 12, 13, 77, 14, 15, 16, 76, 17, 18, 19, 20, 21, 22, 23, 24, 25, 26, 27, 28, 29, 30, 31, 32, 79, 33, 34, 35, 36, 37, 38, 39, 40, 41, 74, 42, 43, 44, 45, 46, 47, 48, 75, 50, 51, 52, 53, 54, 55, 56, 57, 58, 49, 59, 60, 61, 62, 63, 64, 65, 66, 67, 68, 69, 70, 71, 78, 72, 73]
index list energy: 98209.82393678775
Done


iterations: 10000000 temp: 1000000.0 exponent: 0.7 eif: 300.0
time taken (sec): 823.6299779415131
number of iterations: 10000000
og index list: [(0, 25), (1, 51), (2, 8), (3, 64), (4, 63), (5, 53), (6, 59), (7, 61), (8, 5), (9, 38), (10, 17), (11, 42), (12, 66), (13, 57), (79, 36), (14, 27), (15, 34), (16, 10), (78, 19), (17, 11), (18, 37), (19, 68), (20, 40), (21, 23), (22, 33), (23, 46), (24, 14), (25, 74), (26, 29), (27, 56), (28, 44), (29, 39), (30, 20), (31, 28), (32, 1), (77, 50), (33, 49), (34, 31), (35, 35), (36, 22), (37, 45), (38, 75), (39, 62), (40, 77), (41, 12), (76, 4), (42, 2), (43, 15), (44, 76), (45, 55), (46, 26), (47, 58), (48, 7), (49, 13), (50, 30), (51, 52), (52, 24), (53, 9), (54, 60), (55, 69), (56, 47), (57, 78), (58, 16), (75, 3), (59, 48), (60, 73), (61, 79), (62, 65), (63, 72), (64, 18), (65, 71), (66, 67), (67, 54), (68, 41), (69, 70), (70, 6), (71, 21), (74, 32), (72, 0), (73, 43)]
og index list energy: 124288783.82829128
index_list: [(0, 39), (1, 0), (2, 1), (3, 2), (4, 3), (5, 40), (6, 6), (7, 7), (8, 8), (9, 9), (10, 10), (11, 11), (12, 12), (13, 13), (79, 78), (14, 14), (15, 15), (16, 16), (78, 49), (17, 17), (18, 18), (19, 19), (20, 20), (21, 21), (22, 22), (23, 23), (24, 24), (25, 25), (26, 26), (27, 27), (28, 28), (29, 29), (30, 30), (31, 31), (32, 32), (77, 77), (33, 33), (34, 34), (35, 35), (36, 36), (37, 37), (38, 38), (39, 74), (40, 42), (41, 72), (76, 73), (42, 79), (43, 43), (44, 44), (45, 45), (46, 46), (47, 47), (48, 48), (49, 76), (50, 50), (51, 51), (52, 52), (53, 53), (54, 54), (55, 55), (56, 56), (57, 57), (58, 58), (75, 75), (59, 59), (60, 60), (61, 61), (62, 62), (63, 63), (64, 64), (65, 65), (66, 66), (67, 67), (68, 68), (69, 69), (70, 70), (71, 71), (74, 4), (72, 5), (73, 41)]
index list: [39, 0, 1, 2, 3, 40, 6, 7, 8, 9, 10, 11, 12, 13, 78, 14, 15, 16, 49, 17, 18, 19, 20, 21, 22, 23, 24, 25, 26, 27, 28, 29, 30, 31, 32, 77, 33, 34, 35, 36, 37, 38, 74, 42, 72, 73, 79, 43, 44, 45, 46, 47, 48, 76, 50, 51, 52, 53, 54, 55, 56, 57, 58, 75, 59, 60, 61, 62, 63, 64, 65, 66, 67, 68, 69, 70, 71, 4, 5, 41]
index list energy: 200817.79869730517
Done


iterations: 10000000 temp: 1000000.0 exponent: 0.7 eif: 300.0
time taken (sec): 836.1642677783966
number of iterations: 10000000
og index list: [(0, 3), (1, 27), (2, 53), (3, 72), (4, 0), (5, 63), (6, 51), (7, 69), (8, 77), (9, 39), (10, 54), (11, 17), (12, 45), (13, 58), (79, 38), (14, 56), (15, 1), (16, 6), (78, 16), (17, 43), (18, 15), (19, 49), (20, 66), (21, 68), (22, 37), (23, 25), (24, 46), (25, 19), (26, 42), (27, 67), (28, 48), (29, 73), (30, 21), (31, 32), (32, 55), (77, 31), (33, 52), (34, 20), (35, 13), (36, 14), (37, 70), (38, 10), (39, 11), (40, 28), (41, 79), (76, 23), (42, 74), (43, 36), (44, 50), (45, 4), (46, 33), (47, 61), (48, 18), (49, 62), (50, 41), (51, 30), (52, 12), (53, 35), (54, 78), (55, 34), (56, 65), (57, 59), (58, 5), (75, 2), (59, 8), (60, 47), (61, 29), (62, 71), (63, 22), (64, 26), (65, 24), (66, 60), (67, 64), (68, 9), (69, 7), (70, 44), (71, 57), (74, 76), (72, 75), (73, 40)]
og index list energy: 123499346.58774814
index_list: [(0, 72), (1, 1), (2, 2), (3, 3), (4, 4), (5, 5), (6, 6), (7, 7), (8, 8), (9, 9), (10, 10), (11, 11), (12, 12), (13, 13), (79, 77), (14, 14), (15, 15), (16, 16), (78, 49), (17, 17), (18, 18), (19, 19), (20, 20), (21, 21), (22, 22), (23, 23), (24, 24), (25, 25), (26, 26), (27, 27), (28, 28), (29, 29), (30, 30), (31, 31), (32, 32), (77, 76), (33, 33), (34, 34), (35, 35), (36, 36), (37, 37), (38, 38), (39, 39), (40, 40), (41, 41), (76, 0), (42, 73), (43, 74), (44, 44), (45, 45), (46, 46), (47, 47), (48, 48), (49, 75), (50, 50), (51, 51), (52, 52), (53, 53), (54, 54), (55, 55), (56, 56), (57, 57), (58, 58), (75, 79), (59, 59), (60, 60), (61, 61), (62, 62), (63, 63), (64, 64), (65, 65), (66, 66), (67, 67), (68, 68), (69, 69), (70, 70), (71, 71), (74, 78), (72, 42), (73, 43)]
index list: [72, 1, 2, 3, 4, 5, 6, 7, 8, 9, 10, 11, 12, 13, 77, 14, 15, 16, 49, 17, 18, 19, 20, 21, 22, 23, 24, 25, 26, 27, 28, 29, 30, 31, 32, 76, 33, 34, 35, 36, 37, 38, 39, 40, 41, 0, 73, 74, 44, 45, 46, 47, 48, 75, 50, 51, 52, 53, 54, 55, 56, 57, 58, 79, 59, 60, 61, 62, 63, 64, 65, 66, 67, 68, 69, 70, 71, 78, 42, 43]
index list energy: 116896.14165151541
Done


iterations: 10000000 temp: 1000000.0 exponent: 0.7 eif: 300.0
time taken (sec): 854.852801322937
number of iterations: 10000000
og index list: [(0, 53), (1, 55), (2, 17), (3, 37), (4, 40), (5, 64), (6, 79), (7, 3), (8, 47), (9, 50), (10, 61), (11, 10), (12, 69), (13, 27), (79, 56), (14, 11), (15, 31), (16, 77), (78, 25), (17, 70), (18, 28), (19, 18), (20, 52), (21, 49), (22, 7), (23, 21), (24, 67), (25, 1), (26, 65), (27, 63), (28, 54), (29, 12), (30, 33), (31, 34), (32, 14), (77, 78), (33, 57), (34, 13), (35, 72), (36, 15), (37, 35), (38, 8), (39, 51), (40, 62), (41, 42), (76, 2), (42, 58), (43, 39), (44, 44), (45, 26), (46, 30), (47, 71), (48, 45), (49, 41), (50, 66), (51, 73), (52, 74), (53, 0), (54, 5), (55, 4), (56, 59), (57, 29), (58, 48), (75, 32), (59, 20), (60, 9), (61, 76), (62, 60), (63, 16), (64, 43), (65, 38), (66, 36), (67, 24), (68, 23), (69, 19), (70, 68), (71, 75), (74, 22), (72, 46), (73, 6)]
og index list energy: 116548968.04284345
index_list: [(0, 0), (1, 1), (2, 2), (3, 3), (4, 4), (5, 5), (6, 6), (7, 7), (8, 8), (9, 9), (10, 10), (11, 11), (12, 12), (13, 13), (79, 77), (14, 14), (15, 15), (16, 16), (78, 78), (17, 17), (18, 18), (19, 19), (20, 20), (21, 21), (22, 22), (23, 23), (24, 24), (25, 25), (26, 26), (27, 27), (28, 28), (29, 29), (30, 30), (31, 31), (32, 32), (77, 74), (33, 33), (34, 34), (35, 35), (36, 36), (37, 37), (38, 38), (39, 39), (40, 40), (41, 41), (76, 79), (42, 42), (43, 43), (44, 44), (45, 45), (46, 46), (47, 47), (48, 48), (49, 76), (50, 50), (51, 51), (52, 52), (53, 53), (54, 54), (55, 55), (56, 56), (57, 57), (58, 58), (75, 75), (59, 59), (60, 60), (61, 61), (62, 62), (63, 63), (64, 64), (65, 65), (66, 66), (67, 67), (68, 68), (69, 69), (70, 70), (71, 71), (74, 49), (72, 72), (73, 73)]
index list: [0, 1, 2, 3, 4, 5, 6, 7, 8, 9, 10, 11, 12, 13, 77, 14, 15, 16, 78, 17, 18, 19, 20, 21, 22, 23, 24, 25, 26, 27, 28, 29, 30, 31, 32, 74, 33, 34, 35, 36, 37, 38, 39, 40, 41, 79, 42, 43, 44, 45, 46, 47, 48, 76, 50, 51, 52, 53, 54, 55, 56, 57, 58, 75, 59, 60, 61, 62, 63, 64, 65, 66, 67, 68, 69, 70, 71, 49, 72, 73]
index list energy: 98209.82393678775
Done


iterations: 10000000 temp: 1000000.0 exponent: 0.7 eif: 300.0
time taken (sec): 775.0560331344604
number of iterations: 10000000
og index list: [(0, 7), (1, 17), (2, 34), (3, 6), (4, 55), (5, 32), (6, 72), (7, 4), (8, 8), (9, 19), (10, 78), (11, 38), (12, 23), (13, 35), (79, 14), (14, 52), (15, 45), (16, 71), (78, 44), (17, 50), (18, 73), (19, 49), (20, 20), (21, 57), (22, 12), (23, 21), (24, 39), (25, 27), (26, 75), (27, 68), (28, 33), (29, 69), (30, 53), (31, 24), (32, 46), (77, 42), (33, 18), (34, 22), (35, 0), (36, 65), (37, 16), (38, 66), (39, 59), (40, 40), (41, 37), (76, 74), (42, 61), (43, 25), (44, 51), (45, 60), (46, 10), (47, 2), (48, 41), (49, 64), (50, 77), (51, 13), (52, 31), (53, 48), (54, 43), (55, 47), (56, 3), (57, 5), (58, 58), (75, 11), (59, 79), (60, 63), (61, 9), (62, 1), (63, 28), (64, 56), (65, 36), (66, 54), (67, 30), (68, 70), (69, 26), (70, 29), (71, 62), (74, 67), (72, 76), (73, 15)]
og index list energy: 89328002.08736035
index_list: [(0, 47), (1, 1), (2, 2), (3, 76), (4, 14), (5, 5), (6, 6), (7, 7), (8, 8), (9, 9), (10, 75), (11, 70), (12, 74), (13, 10), (79, 11), (14, 12), (15, 13), (16, 16), (78, 77), (17, 17), (18, 18), (19, 19), (20, 20), (21, 21), (22, 22), (23, 23), (24, 24), (25, 25), (26, 26), (27, 27), (28, 28), (29, 29), (30, 30), (31, 31), (32, 32), (77, 49), (33, 33), (34, 34), (35, 35), (36, 36), (37, 37), (38, 38), (39, 39), (40, 40), (41, 41), (76, 71), (42, 79), (43, 42), (44, 43), (45, 44), (46, 45), (47, 46), (48, 48), (49, 0), (50, 50), (51, 51), (52, 52), (53, 53), (54, 54), (55, 55), (56, 56), (57, 57), (58, 58), (75, 78), (59, 59), (60, 60), (61, 61), (62, 62), (63, 63), (64, 64), (65, 65), (66, 66), (67, 67), (68, 68), (69, 69), (70, 72), (71, 73), (74, 4), (72, 15), (73, 3)]
index list: [47, 1, 2, 76, 14, 5, 6, 7, 8, 9, 75, 70, 74, 10, 11, 12, 13, 16, 77, 17, 18, 19, 20, 21, 22, 23, 24, 25, 26, 27, 28, 29, 30, 31, 32, 49, 33, 34, 35, 36, 37, 38, 39, 40, 41, 71, 79, 42, 43, 44, 45, 46, 48, 0, 50, 51, 52, 53, 54, 55, 56, 57, 58, 78, 59, 60, 61, 62, 63, 64, 65, 66, 67, 68, 69, 72, 73, 4, 15, 3]
index list energy: 203594.19135177977
Done


iterations: 10000000 temp: 1000000.0 exponent: 0.7 eif: 300.0
time taken (sec): 795.0043547153473
number of iterations: 10000000
og index list: [(0, 56), (1, 67), (2, 74), (3, 9), (4, 5), (5, 66), (6, 52), (7, 40), (8, 79), (9, 64), (10, 15), (11, 31), (12, 45), (13, 69), (79, 68), (14, 48), (15, 78), (16, 12), (78, 13), (17, 27), (18, 16), (19, 36), (20, 20), (21, 18), (22, 1), (23, 37), (24, 22), (25, 43), (26, 62), (27, 39), (28, 59), (29, 61), (30, 63), (31, 71), (32, 77), (77, 24), (33, 25), (34, 70), (35, 8), (36, 38), (37, 33), (38, 4), (39, 72), (40, 11), (41, 21), (76, 57), (42, 55), (43, 46), (44, 14), (45, 54), (46, 47), (47, 19), (48, 60), (49, 50), (50, 42), (51, 73), (52, 3), (53, 41), (54, 7), (55, 65), (56, 35), (57, 51), (58, 23), (75, 6), (59, 2), (60, 17), (61, 28), (62, 26), (63, 0), (64, 44), (65, 34), (66, 75), (67, 10), (68, 76), (69, 32), (70, 49), (71, 30), (74, 29), (72, 58), (73, 53)]
og index list energy: 97704994.18819581
index_list: [(0, 72), (1, 1), (2, 2), (3, 3), (4, 4), (5, 5), (6, 6), (7, 7), (8, 8), (9, 9), (10, 10), (11, 11), (12, 12), (13, 13), (79, 78), (14, 14), (15, 15), (16, 16), (78, 75), (17, 17), (18, 18), (19, 19), (20, 20), (21, 21), (22, 22), (23, 23), (24, 24), (25, 25), (26, 26), (27, 27), (28, 28), (29, 29), (30, 30), (31, 31), (32, 74), (77, 42), (33, 33), (34, 34), (35, 35), (36, 36), (37, 37), (38, 38), (39, 39), (40, 40), (41, 41), (76, 71), (42, 79), (43, 43), (44, 44), (45, 45), (46, 46), (47, 47), (48, 48), (49, 49), (50, 50), (51, 51), (52, 52), (53, 53), (54, 54), (55, 55), (56, 56), (57, 57), (58, 58), (75, 76), (59, 59), (60, 60), (61, 61), (62, 62), (63, 63), (64, 64), (65, 65), (66, 66), (67, 67), (68, 68), (69, 69), (70, 70), (71, 77), (74, 32), (72, 0), (73, 73)]
index list: [72, 1, 2, 3, 4, 5, 6, 7, 8, 9, 10, 11, 12, 13, 78, 14, 15, 16, 75, 17, 18, 19, 20, 21, 22, 23, 24, 25, 26, 27, 28, 29, 30, 31, 74, 42, 33, 34, 35, 36, 37, 38, 39, 40, 41, 71, 79, 43, 44, 45, 46, 47, 48, 49, 50, 51, 52, 53, 54, 55, 56, 57, 58, 76, 59, 60, 61, 62, 63, 64, 65, 66, 67, 68, 69, 70, 77, 32, 0, 73]
index list energy: 115976.29209567203
Done


iterations: 10000000 temp: 1000000.0 exponent: 0.7 eif: 300.0
time taken (sec): 763.6533961296082
number of iterations: 10000000
og index list: [(0, 39), (1, 66), (2, 63), (3, 47), (4, 19), (5, 37), (6, 29), (7, 11), (8, 31), (9, 50), (10, 17), (11, 57), (12, 44), (13, 69), (79, 76), (14, 20), (15, 7), (16, 40), (78, 5), (17, 6), (18, 75), (19, 60), (20, 27), (21, 32), (22, 59), (23, 43), (24, 55), (25, 62), (26, 51), (27, 45), (28, 25), (29, 9), (30, 3), (31, 35), (32, 24), (77, 36), (33, 41), (34, 49), (35, 10), (36, 33), (37, 18), (38, 58), (39, 70), (40, 52), (41, 56), (76, 65), (42, 13), (43, 77), (44, 72), (45, 46), (46, 28), (47, 67), (48, 8), (49, 74), (50, 2), (51, 0), (52, 23), (53, 22), (54, 30), (55, 15), (56, 48), (57, 68), (58, 34), (75, 26), (59, 53), (60, 21), (61, 78), (62, 79), (63, 1), (64, 54), (65, 4), (66, 73), (67, 38), (68, 71), (69, 16), (70, 61), (71, 14), (74, 12), (72, 64), (73, 42)]
og index list energy: 113474195.97177555
index_list: [(0, 10), (1, 11), (2, 12), (3, 13), (4, 41), (5, 71), (6, 77), (7, 17), (8, 18), (9, 6), (10, 7), (11, 8), (12, 75), (13, 14), (79, 15), (14, 9), (15, 78), (16, 70), (78, 0), (17, 1), (18, 2), (19, 19), (20, 20), (21, 21), (22, 22), (23, 23), (24, 24), (25, 25), (26, 26), (27, 27), (28, 28), (29, 29), (30, 30), (31, 31), (32, 32), (77, 74), (33, 33), (34, 34), (35, 35), (36, 36), (37, 37), (38, 38), (39, 39), (40, 40), (41, 16), (76, 76), (42, 42), (43, 43), (44, 44), (45, 45), (46, 46), (47, 47), (48, 48), (49, 49), (50, 50), (51, 51), (52, 52), (53, 53), (54, 54), (55, 55), (56, 56), (57, 57), (58, 58), (75, 79), (59, 59), (60, 60), (61, 61), (62, 62), (63, 63), (64, 64), (65, 65), (66, 66), (67, 67), (68, 68), (69, 69), (70, 72), (71, 73), (74, 4), (72, 5), (73, 3)]
index list: [10, 11, 12, 13, 41, 71, 77, 17, 18, 6, 7, 8, 75, 14, 15, 9, 78, 70, 0, 1, 2, 19, 20, 21, 22, 23, 24, 25, 26, 27, 28, 29, 30, 31, 32, 74, 33, 34, 35, 36, 37, 38, 39, 40, 16, 76, 42, 43, 44, 45, 46, 47, 48, 49, 50, 51, 52, 53, 54, 55, 56, 57, 58, 79, 59, 60, 61, 62, 63, 64, 65, 66, 67, 68, 69, 72, 73, 4, 5, 3]
index list energy: 230205.3552345843
Done


iterations: 10000000 temp: 1000000.0 exponent: 0.7 eif: 300.0
time taken (sec): 855.4774150848389
number of iterations: 10000000
og index list: [(0, 73), (1, 29), (2, 56), (3, 54), (4, 68), (5, 28), (6, 50), (7, 61), (8, 1), (9, 8), (10, 24), (11, 48), (12, 15), (13, 59), (79, 58), (14, 65), (15, 74), (16, 52), (78, 22), (17, 67), (18, 27), (19, 20), (20, 7), (21, 75), (22, 40), (23, 37), (24, 10), (25, 11), (26, 2), (27, 43), (28, 47), (29, 32), (30, 21), (31, 64), (32, 49), (77, 13), (33, 0), (34, 53), (35, 66), (36, 42), (37, 9), (38, 55), (39, 23), (40, 45), (41, 4), (76, 6), (42, 57), (43, 60), (44, 38), (45, 3), (46, 26), (47, 16), (48, 71), (49, 30), (50, 19), (51, 34), (52, 25), (53, 18), (54, 79), (55, 77), (56, 36), (57, 72), (58, 31), (75, 33), (59, 62), (60, 63), (61, 44), (62, 14), (63, 17), (64, 69), (65, 51), (66, 12), (67, 70), (68, 5), (69, 35), (70, 41), (71, 78), (74, 39), (72, 46), (73, 76)]
og index list energy: 101973344.17234774
index_list: [(0, 0), (1, 1), (2, 2), (3, 3), (4, 4), (5, 5), (6, 6), (7, 7), (8, 8), (9, 9), (10, 10), (11, 11), (12, 12), (13, 13), (79, 76), (14, 14), (15, 15), (16, 16), (78, 75), (17, 17), (18, 18), (19, 19), (20, 20), (21, 21), (22, 22), (23, 23), (24, 24), (25, 25), (26, 26), (27, 27), (28, 28), (29, 29), (30, 30), (31, 31), (32, 32), (77, 78), (33, 33), (34, 34), (35, 35), (36, 36), (37, 37), (38, 38), (39, 39), (40, 40), (41, 41), (76, 74), (42, 42), (43, 43), (44, 44), (45, 45), (46, 46), (47, 47), (48, 48), (49, 79), (50, 50), (51, 51), (52, 52), (53, 53), (54, 54), (55, 55), (56, 56), (57, 57), (58, 58), (75, 49), (59, 59), (60, 60), (61, 61), (62, 62), (63, 63), (64, 64), (65, 65), (66, 66), (67, 67), (68, 68), (69, 69), (70, 70), (71, 71), (74, 77), (72, 72), (73, 73)]
index list: [0, 1, 2, 3, 4, 5, 6, 7, 8, 9, 10, 11, 12, 13, 76, 14, 15, 16, 75, 17, 18, 19, 20, 21, 22, 23, 24, 25, 26, 27, 28, 29, 30, 31, 32, 78, 33, 34, 35, 36, 37, 38, 39, 40, 41, 74, 42, 43, 44, 45, 46, 47, 48, 79, 50, 51, 52, 53, 54, 55, 56, 57, 58, 49, 59, 60, 61, 62, 63, 64, 65, 66, 67, 68, 69, 70, 71, 77, 72, 73]
index list energy: 98209.82393678775
Done


iterations: 10000000 temp: 1000000.0 exponent: 0.7 eif: 300.0
time taken (sec): 860.603010892868
number of iterations: 10000000
og index list: [(0, 72), (1, 23), (2, 78), (3, 17), (4, 42), (5, 44), (6, 71), (7, 20), (8, 27), (9, 12), (10, 39), (11, 3), (12, 26), (13, 46), (79, 11), (14, 58), (15, 8), (16, 16), (78, 15), (17, 41), (18, 62), (19, 21), (20, 4), (21, 25), (22, 56), (23, 1), (24, 38), (25, 61), (26, 35), (27, 49), (28, 32), (29, 13), (30, 66), (31, 60), (32, 7), (77, 69), (33, 65), (34, 76), (35, 0), (36, 74), (37, 5), (38, 55), (39, 79), (40, 6), (41, 33), (76, 73), (42, 53), (43, 24), (44, 9), (45, 43), (46, 19), (47, 70), (48, 48), (49, 54), (50, 63), (51, 22), (52, 59), (53, 10), (54, 34), (55, 37), (56, 75), (57, 47), (58, 64), (75, 50), (59, 14), (60, 40), (61, 57), (62, 77), (63, 29), (64, 68), (65, 30), (66, 36), (67, 52), (68, 31), (69, 51), (70, 45), (71, 2), (74, 28), (72, 18), (73, 67)]
og index list energy: 135196053.99144942
index_list: [(0, 0), (1, 1), (2, 2), (3, 3), (4, 4), (5, 5), (6, 6), (7, 7), (8, 8), (9, 9), (10, 10), (11, 11), (12, 12), (13, 13), (79, 76), (14, 14), (15, 15), (16, 16), (78, 77), (17, 17), (18, 18), (19, 19), (20, 20), (21, 21), (22, 22), (23, 23), (24, 24), (25, 25), (26, 26), (27, 27), (28, 28), (29, 29), (30, 30), (31, 31), (32, 32), (77, 79), (33, 33), (34, 34), (35, 35), (36, 36), (37, 37), (38, 38), (39, 39), (40, 40), (41, 41), (76, 74), (42, 42), (43, 43), (44, 44), (45, 45), (46, 46), (47, 47), (48, 48), (49, 78), (50, 50), (51, 51), (52, 52), (53, 53), (54, 54), (55, 55), (56, 56), (57, 57), (58, 58), (75, 49), (59, 59), (60, 60), (61, 61), (62, 62), (63, 63), (64, 64), (65, 65), (66, 66), (67, 67), (68, 68), (69, 69), (70, 70), (71, 71), (74, 75), (72, 72), (73, 73)]
index list: [0, 1, 2, 3, 4, 5, 6, 7, 8, 9, 10, 11, 12, 13, 76, 14, 15, 16, 77, 17, 18, 19, 20, 21, 22, 23, 24, 25, 26, 27, 28, 29, 30, 31, 32, 79, 33, 34, 35, 36, 37, 38, 39, 40, 41, 74, 42, 43, 44, 45, 46, 47, 48, 78, 50, 51, 52, 53, 54, 55, 56, 57, 58, 49, 59, 60, 61, 62, 63, 64, 65, 66, 67, 68, 69, 70, 71, 75, 72, 73]
index list energy: 98209.82393678775
Done


iterations: 10000000 temp: 1000000.0 exponent: 0.7 eif: 300.0
time taken (sec): 887.8513286113739
number of iterations: 10000000
og index list: [(0, 30), (1, 11), (2, 9), (3, 31), (4, 78), (5, 51), (6, 13), (7, 47), (8, 36), (9, 59), (10, 74), (11, 18), (12, 5), (13, 35), (79, 57), (14, 50), (15, 39), (16, 48), (78, 44), (17, 25), (18, 67), (19, 76), (20, 54), (21, 62), (22, 66), (23, 63), (24, 56), (25, 33), (26, 79), (27, 71), (28, 29), (29, 32), (30, 23), (31, 68), (32, 77), (77, 75), (33, 40), (34, 7), (35, 26), (36, 21), (37, 34), (38, 22), (39, 42), (40, 3), (41, 55), (76, 53), (42, 37), (43, 27), (44, 10), (45, 64), (46, 72), (47, 20), (48, 46), (49, 1), (50, 38), (51, 0), (52, 70), (53, 28), (54, 52), (55, 15), (56, 24), (57, 58), (58, 2), (75, 17), (59, 49), (60, 61), (61, 60), (62, 73), (63, 4), (64, 41), (65, 14), (66, 19), (67, 69), (68, 16), (69, 8), (70, 65), (71, 43), (74, 45), (72, 12), (73, 6)]
og index list energy: 115326796.3604727
index_list: [(0, 0), (1, 1), (2, 2), (3, 3), (4, 4), (5, 5), (6, 6), (7, 7), (8, 8), (9, 9), (10, 10), (11, 11), (12, 12), (13, 13), (79, 78), (14, 14), (15, 15), (16, 16), (78, 49), (17, 17), (18, 18), (19, 19), (20, 20), (21, 21), (22, 22), (23, 23), (24, 24), (25, 25), (26, 26), (27, 27), (28, 28), (29, 29), (30, 30), (31, 31), (32, 32), (77, 75), (33, 33), (34, 34), (35, 35), (36, 36), (37, 37), (38, 38), (39, 39), (40, 40), (41, 41), (76, 79), (42, 42), (43, 43), (44, 44), (45, 45), (46, 46), (47, 47), (48, 48), (49, 77), (50, 50), (51, 51), (52, 52), (53, 53), (54, 54), (55, 55), (56, 56), (57, 57), (58, 58), (75, 74), (59, 59), (60, 60), (61, 61), (62, 62), (63, 63), (64, 64), (65, 65), (66, 66), (67, 67), (68, 68), (69, 69), (70, 70), (71, 71), (74, 76), (72, 72), (73, 73)]
index list: [0, 1, 2, 3, 4, 5, 6, 7, 8, 9, 10, 11, 12, 13, 78, 14, 15, 16, 49, 17, 18, 19, 20, 21, 22, 23, 24, 25, 26, 27, 28, 29, 30, 31, 32, 75, 33, 34, 35, 36, 37, 38, 39, 40, 41, 79, 42, 43, 44, 45, 46, 47, 48, 77, 50, 51, 52, 53, 54, 55, 56, 57, 58, 74, 59, 60, 61, 62, 63, 64, 65, 66, 67, 68, 69, 70, 71, 76, 72, 73]
index list energy: 98209.82393678775
Done


iterations: 10000000 temp: 1000000.0 exponent: 0.7 eif: 300.0
time taken (sec): 854.4686744213104
number of iterations: 10000000
og index list: [(0, 15), (1, 64), (2, 10), (3, 75), (4, 58), (5, 61), (6, 14), (7, 2), (8, 79), (9, 51), (10, 7), (11, 63), (12, 47), (13, 9), (79, 69), (14, 0), (15, 67), (16, 38), (78, 42), (17, 77), (18, 8), (19, 50), (20, 3), (21, 13), (22, 27), (23, 22), (24, 32), (25, 52), (26, 30), (27, 71), (28, 66), (29, 16), (30, 41), (31, 74), (32, 56), (77, 20), (33, 33), (34, 28), (35, 43), (36, 60), (37, 39), (38, 45), (39, 37), (40, 68), (41, 57), (76, 12), (42, 70), (43, 11), (44, 44), (45, 53), (46, 19), (47, 17), (48, 73), (49, 23), (50, 26), (51, 55), (52, 36), (53, 34), (54, 4), (55, 24), (56, 18), (57, 46), (58, 5), (75, 62), (59, 78), (60, 48), (61, 31), (62, 49), (63, 59), (64, 72), (65, 6), (66, 25), (67, 54), (68, 76), (69, 29), (70, 35), (71, 40), (74, 65), (72, 21), (73, 1)]
og index list energy: 119517164.37998529
index_list: [(0, 72), (1, 1), (2, 2), (3, 3), (4, 4), (5, 5), (6, 6), (7, 7), (8, 8), (9, 9), (10, 10), (11, 11), (12, 74), (13, 14), (79, 49), (14, 12), (15, 13), (16, 16), (78, 76), (17, 17), (18, 18), (19, 19), (20, 20), (21, 21), (22, 22), (23, 23), (24, 24), (25, 25), (26, 26), (27, 27), (28, 28), (29, 29), (30, 30), (31, 31), (32, 32), (77, 78), (33, 33), (34, 34), (35, 35), (36, 36), (37, 37), (38, 38), (39, 39), (40, 40), (41, 41), (76, 77), (42, 42), (43, 43), (44, 44), (45, 45), (46, 46), (47, 47), (48, 48), (49, 75), (50, 15), (51, 51), (52, 52), (53, 53), (54, 54), (55, 55), (56, 56), (57, 57), (58, 58), (75, 79), (59, 59), (60, 60), (61, 61), (62, 62), (63, 63), (64, 64), (65, 65), (66, 66), (67, 67), (68, 68), (69, 69), (70, 70), (71, 71), (74, 50), (72, 0), (73, 73)]
index list: [72, 1, 2, 3, 4, 5, 6, 7, 8, 9, 10, 11, 74, 14, 49, 12, 13, 16, 76, 17, 18, 19, 20, 21, 22, 23, 24, 25, 26, 27, 28, 29, 30, 31, 32, 78, 33, 34, 35, 36, 37, 38, 39, 40, 41, 77, 42, 43, 44, 45, 46, 47, 48, 75, 15, 51, 52, 53, 54, 55, 56, 57, 58, 79, 59, 60, 61, 62, 63, 64, 65, 66, 67, 68, 69, 70, 71, 50, 0, 73]
index list energy: 145574.6356350164
Done


iterations: 10000000 temp: 1000000.0 exponent: 0.7 eif: 300.0
time taken (sec): 891.5300767421722
number of iterations: 10000000
og index list: [(0, 38), (1, 39), (2, 15), (3, 67), (4, 18), (5, 23), (6, 72), (7, 73), (8, 64), (9, 79), (10, 9), (11, 77), (12, 14), (13, 0), (79, 24), (14, 29), (15, 70), (16, 32), (78, 45), (17, 74), (18, 51), (19, 71), (20, 52), (21, 13), (22, 17), (23, 30), (24, 43), (25, 3), (26, 63), (27, 41), (28, 26), (29, 2), (30, 60), (31, 48), (32, 66), (77, 78), (33, 61), (34, 7), (35, 69), (36, 33), (37, 44), (38, 21), (39, 16), (40, 40), (41, 11), (76, 5), (42, 8), (43, 42), (44, 58), (45, 76), (46, 53), (47, 56), (48, 35), (49, 34), (50, 54), (51, 59), (52, 31), (53, 37), (54, 25), (55, 10), (56, 55), (57, 28), (58, 1), (75, 12), (59, 6), (60, 68), (61, 46), (62, 27), (63, 65), (64, 22), (65, 50), (66, 4), (67, 57), (68, 36), (69, 75), (70, 62), (71, 47), (74, 19), (72, 49), (73, 20)]
og index list energy: 78287224.74237707
index_list: [(0, 72), (1, 1), (2, 2), (3, 3), (4, 4), (5, 5), (6, 6), (7, 7), (8, 8), (9, 9), (10, 10), (11, 11), (12, 12), (13, 13), (79, 76), (14, 14), (15, 15), (16, 16), (78, 75), (17, 17), (18, 18), (19, 19), (20, 20), (21, 21), (22, 22), (23, 23), (24, 24), (25, 25), (26, 26), (27, 27), (28, 28), (29, 29), (30, 30), (31, 31), (32, 32), (77, 77), (33, 33), (34, 34), (35, 35), (36, 36), (37, 37), (38, 38), (39, 39), (40, 40), (41, 41), (76, 74), (42, 42), (43, 43), (44, 44), (45, 45), (46, 46), (47, 47), (48, 48), (49, 79), (50, 50), (51, 51), (52, 52), (53, 53), (54, 54), (55, 55), (56, 56), (57, 57), (58, 58), (75, 49), (59, 59), (60, 60), (61, 61), (62, 62), (63, 63), (64, 64), (65, 65), (66, 66), (67, 67), (68, 68), (69, 69), (70, 70), (71, 71), (74, 0), (72, 78), (73, 73)]
index list: [72, 1, 2, 3, 4, 5, 6, 7, 8, 9, 10, 11, 12, 13, 76, 14, 15, 16, 75, 17, 18, 19, 20, 21, 22, 23, 24, 25, 26, 27, 28, 29, 30, 31, 32, 77, 33, 34, 35, 36, 37, 38, 39, 40, 41, 74, 42, 43, 44, 45, 46, 47, 48, 79, 50, 51, 52, 53, 54, 55, 56, 57, 58, 49, 59, 60, 61, 62, 63, 64, 65, 66, 67, 68, 69, 70, 71, 0, 78, 73]
index list energy: 100415.02532256568
Done


iterations: 10000000 temp: 1000000.0 exponent: 0.7 eif: 300.0
time taken (sec): 886.1101293563843
number of iterations: 10000000
og index list: [(0, 24), (1, 60), (2, 57), (3, 31), (4, 14), (5, 19), (6, 26), (7, 34), (8, 67), (9, 18), (10, 20), (11, 63), (12, 40), (13, 78), (79, 32), (14, 59), (15, 38), (16, 72), (78, 69), (17, 15), (18, 23), (19, 58), (20, 7), (21, 5), (22, 52), (23, 66), (24, 39), (25, 47), (26, 25), (27, 37), (28, 4), (29, 75), (30, 64), (31, 0), (32, 29), (77, 13), (33, 16), (34, 11), (35, 35), (36, 21), (37, 42), (38, 65), (39, 68), (40, 70), (41, 30), (76, 56), (42, 10), (43, 17), (44, 74), (45, 71), (46, 6), (47, 3), (48, 1), (49, 33), (50, 45), (51, 46), (52, 12), (53, 48), (54, 49), (55, 73), (56, 2), (57, 41), (58, 28), (75, 22), (59, 43), (60, 27), (61, 8), (62, 79), (63, 54), (64, 55), (65, 36), (66, 50), (67, 76), (68, 62), (69, 44), (70, 51), (71, 61), (74, 53), (72, 77), (73, 9)]
og index list energy: 95595462.2557278
index_list: [(0, 0), (1, 1), (2, 2), (3, 3), (4, 4), (5, 5), (6, 6), (7, 7), (8, 8), (9, 9), (10, 10), (11, 11), (12, 12), (13, 13), (79, 77), (14, 14), (15, 15), (16, 16), (78, 78), (17, 17), (18, 18), (19, 19), (20, 20), (21, 21), (22, 22), (23, 23), (24, 24), (25, 25), (26, 26), (27, 27), (28, 28), (29, 29), (30, 30), (31, 31), (32, 32), (77, 74), (33, 33), (34, 34), (35, 35), (36, 36), (37, 37), (38, 38), (39, 39), (40, 40), (41, 41), (76, 79), (42, 42), (43, 43), (44, 44), (45, 45), (46, 46), (47, 47), (48, 48), (49, 76), (50, 50), (51, 51), (52, 52), (53, 53), (54, 54), (55, 55), (56, 56), (57, 57), (58, 58), (75, 49), (59, 59), (60, 60), (61, 61), (62, 62), (63, 63), (64, 64), (65, 65), (66, 66), (67, 67), (68, 68), (69, 69), (70, 70), (71, 71), (74, 75), (72, 72), (73, 73)]
index list: [0, 1, 2, 3, 4, 5, 6, 7, 8, 9, 10, 11, 12, 13, 77, 14, 15, 16, 78, 17, 18, 19, 20, 21, 22, 23, 24, 25, 26, 27, 28, 29, 30, 31, 32, 74, 33, 34, 35, 36, 37, 38, 39, 40, 41, 79, 42, 43, 44, 45, 46, 47, 48, 76, 50, 51, 52, 53, 54, 55, 56, 57, 58, 49, 59, 60, 61, 62, 63, 64, 65, 66, 67, 68, 69, 70, 71, 75, 72, 73]
index list energy: 98209.82393678775
Done


iterations: 10000000 temp: 1000000.0 exponent: 0.7 eif: 300.0
time taken (sec): 873.8473291397095
number of iterations: 10000000
og index list: [(0, 36), (1, 48), (2, 35), (3, 66), (4, 14), (5, 52), (6, 15), (7, 5), (8, 18), (9, 21), (10, 39), (11, 31), (12, 8), (13, 42), (79, 50), (14, 74), (15, 55), (16, 24), (78, 79), (17, 73), (18, 19), (19, 2), (20, 69), (21, 25), (22, 16), (23, 26), (24, 34), (25, 47), (26, 20), (27, 78), (28, 38), (29, 30), (30, 40), (31, 22), (32, 54), (77, 1), (33, 7), (34, 43), (35, 33), (36, 46), (37, 37), (38, 56), (39, 32), (40, 6), (41, 71), (76, 27), (42, 68), (43, 44), (44, 77), (45, 29), (46, 72), (47, 57), (48, 17), (49, 64), (50, 53), (51, 9), (52, 41), (53, 61), (54, 75), (55, 23), (56, 0), (57, 62), (58, 13), (75, 60), (59, 11), (60, 65), (61, 45), (62, 67), (63, 76), (64, 58), (65, 10), (66, 63), (67, 49), (68, 59), (69, 3), (70, 4), (71, 28), (74, 70), (72, 51), (73, 12)]
og index list energy: 107317454.65308358
index_list: [(0, 0), (1, 1), (2, 2), (3, 3), (4, 4), (5, 5), (6, 6), (7, 7), (8, 8), (9, 9), (10, 10), (11, 11), (12, 12), (13, 13), (79, 74), (14, 14), (15, 15), (16, 16), (78, 78), (17, 17), (18, 18), (19, 19), (20, 20), (21, 21), (22, 22), (23, 23), (24, 24), (25, 25), (26, 26), (27, 27), (28, 28), (29, 29), (30, 30), (31, 31), (32, 32), (77, 79), (33, 33), (34, 34), (35, 35), (36, 36), (37, 37), (38, 38), (39, 39), (40, 40), (41, 41), (76, 77), (42, 42), (43, 43), (44, 44), (45, 45), (46, 46), (47, 47), (48, 48), (49, 75), (50, 50), (51, 51), (52, 52), (53, 53), (54, 54), (55, 55), (56, 56), (57, 57), (58, 58), (75, 76), (59, 59), (60, 60), (61, 61), (62, 62), (63, 63), (64, 64), (65, 65), (66, 66), (67, 67), (68, 68), (69, 69), (70, 70), (71, 71), (74, 49), (72, 72), (73, 73)]
index list: [0, 1, 2, 3, 4, 5, 6, 7, 8, 9, 10, 11, 12, 13, 74, 14, 15, 16, 78, 17, 18, 19, 20, 21, 22, 23, 24, 25, 26, 27, 28, 29, 30, 31, 32, 79, 33, 34, 35, 36, 37, 38, 39, 40, 41, 77, 42, 43, 44, 45, 46, 47, 48, 75, 50, 51, 52, 53, 54, 55, 56, 57, 58, 76, 59, 60, 61, 62, 63, 64, 65, 66, 67, 68, 69, 70, 71, 49, 72, 73]
index list energy: 98209.82393678775
Done


iterations: 10000000 temp: 1000000.0 exponent: 0.7 eif: 300.0
time taken (sec): 847.8420677185059
number of iterations: 10000000
og index list: [(0, 3), (1, 56), (2, 21), (3, 40), (4, 12), (5, 18), (6, 68), (7, 6), (8, 42), (9, 41), (10, 25), (11, 70), (12, 79), (13, 32), (79, 48), (14, 7), (15, 22), (16, 27), (78, 35), (17, 50), (18, 46), (19, 16), (20, 10), (21, 38), (22, 4), (23, 36), (24, 8), (25, 2), (26, 75), (27, 64), (28, 67), (29, 78), (30, 45), (31, 66), (32, 54), (77, 43), (33, 52), (34, 1), (35, 60), (36, 13), (37, 58), (38, 30), (39, 71), (40, 23), (41, 74), (76, 9), (42, 17), (43, 14), (44, 65), (45, 57), (46, 61), (47, 26), (48, 73), (49, 20), (50, 72), (51, 15), (52, 19), (53, 34), (54, 53), (55, 0), (56, 29), (57, 28), (58, 44), (75, 31), (59, 11), (60, 39), (61, 76), (62, 37), (63, 47), (64, 5), (65, 51), (66, 63), (67, 49), (68, 24), (69, 77), (70, 62), (71, 33), (74, 55), (72, 59), (73, 69)]
og index list energy: 106923842.40549925
index_list: [(0, 43), (1, 1), (2, 2), (3, 3), (4, 4), (5, 5), (6, 6), (7, 7), (8, 8), (9, 9), (10, 10), (11, 11), (12, 12), (13, 13), (79, 49), (14, 14), (15, 15), (16, 16), (78, 75), (17, 17), (18, 18), (19, 19), (20, 20), (21, 21), (22, 22), (23, 23), (24, 24), (25, 25), (26, 26), (27, 27), (28, 28), (29, 29), (30, 30), (31, 31), (32, 76), (77, 42), (33, 33), (34, 34), (35, 35), (36, 36), (37, 37), (38, 38), (39, 39), (40, 40), (41, 41), (76, 78), (42, 32), (43, 74), (44, 44), (45, 45), (46, 46), (47, 47), (48, 48), (49, 0), (50, 50), (51, 51), (52, 52), (53, 53), (54, 54), (55, 55), (56, 56), (57, 57), (58, 58), (75, 79), (59, 59), (60, 60), (61, 61), (62, 62), (63, 63), (64, 64), (65, 65), (66, 66), (67, 67), (68, 68), (69, 69), (70, 70), (71, 71), (74, 77), (72, 72), (73, 73)]
index list: [43, 1, 2, 3, 4, 5, 6, 7, 8, 9, 10, 11, 12, 13, 49, 14, 15, 16, 75, 17, 18, 19, 20, 21, 22, 23, 24, 25, 26, 27, 28, 29, 30, 31, 76, 42, 33, 34, 35, 36, 37, 38, 39, 40, 41, 78, 32, 74, 44, 45, 46, 47, 48, 0, 50, 51, 52, 53, 54, 55, 56, 57, 58, 79, 59, 60, 61, 62, 63, 64, 65, 66, 67, 68, 69, 70, 71, 77, 72, 73]
index list energy: 132470.00517148053
Done


iterations: 10000000 temp: 1000000.0 exponent: 0.7 eif: 300.0
time taken (sec): 882.6040246486664
number of iterations: 10000000
og index list: [(0, 16), (1, 23), (2, 43), (3, 17), (4, 54), (5, 75), (6, 0), (7, 71), (8, 52), (9, 46), (10, 39), (11, 56), (12, 69), (13, 73), (79, 19), (14, 53), (15, 25), (16, 2), (78, 21), (17, 72), (18, 22), (19, 11), (20, 74), (21, 49), (22, 42), (23, 33), (24, 44), (25, 57), (26, 65), (27, 13), (28, 35), (29, 66), (30, 64), (31, 41), (32, 62), (77, 55), (33, 15), (34, 38), (35, 4), (36, 24), (37, 47), (38, 7), (39, 30), (40, 12), (41, 37), (76, 29), (42, 51), (43, 45), (44, 14), (45, 59), (46, 18), (47, 58), (48, 68), (49, 77), (50, 9), (51, 10), (52, 63), (53, 26), (54, 48), (55, 70), (56, 1), (57, 67), (58, 78), (75, 50), (59, 20), (60, 40), (61, 28), (62, 79), (63, 34), (64, 6), (65, 60), (66, 3), (67, 61), (68, 32), (69, 27), (70, 5), (71, 36), (74, 76), (72, 31), (73, 8)]
og index list energy: 119175750.11489046
index_list: [(0, 0), (1, 1), (2, 2), (3, 3), (4, 4), (5, 5), (6, 6), (7, 7), (8, 8), (9, 9), (10, 10), (11, 11), (12, 12), (13, 13), (79, 78), (14, 14), (15, 15), (16, 16), (78, 77), (17, 17), (18, 18), (19, 19), (20, 20), (21, 21), (22, 22), (23, 23), (24, 24), (25, 25), (26, 26), (27, 27), (28, 28), (29, 29), (30, 30), (31, 31), (32, 32), (77, 49), (33, 33), (34, 34), (35, 35), (36, 36), (37, 37), (38, 38), (39, 39), (40, 40), (41, 41), (76, 71), (42, 74), (43, 43), (44, 44), (45, 45), (46, 46), (47, 47), (48, 48), (49, 75), (50, 50), (51, 51), (52, 52), (53, 53), (54, 54), (55, 55), (56, 56), (57, 57), (58, 58), (75, 76), (59, 59), (60, 60), (61, 61), (62, 62), (63, 63), (64, 64), (65, 65), (66, 66), (67, 67), (68, 68), (69, 69), (70, 70), (71, 79), (74, 42), (72, 72), (73, 73)]
index list: [0, 1, 2, 3, 4, 5, 6, 7, 8, 9, 10, 11, 12, 13, 78, 14, 15, 16, 77, 17, 18, 19, 20, 21, 22, 23, 24, 25, 26, 27, 28, 29, 30, 31, 32, 49, 33, 34, 35, 36, 37, 38, 39, 40, 41, 71, 74, 43, 44, 45, 46, 47, 48, 75, 50, 51, 52, 53, 54, 55, 56, 57, 58, 76, 59, 60, 61, 62, 63, 64, 65, 66, 67, 68, 69, 70, 79, 42, 72, 73]
index list energy: 108070.45780373304
Done


iterations: 10000000 temp: 1000000.0 exponent: 0.7 eif: 300.0
time taken (sec): 813.5563414096832
number of iterations: 10000000
og index list: [(0, 20), (1, 37), (2, 55), (3, 8), (4, 54), (5, 56), (6, 46), (7, 26), (8, 24), (9, 38), (10, 12), (11, 57), (12, 65), (13, 14), (79, 69), (14, 13), (15, 71), (16, 58), (78, 63), (17, 73), (18, 5), (19, 0), (20, 67), (21, 32), (22, 53), (23, 19), (24, 40), (25, 39), (26, 15), (27, 23), (28, 49), (29, 44), (30, 35), (31, 61), (32, 52), (77, 1), (33, 66), (34, 28), (35, 41), (36, 3), (37, 18), (38, 27), (39, 29), (40, 6), (41, 75), (76, 68), (42, 51), (43, 16), (44, 64), (45, 47), (46, 36), (47, 45), (48, 11), (49, 50), (50, 33), (51, 21), (52, 72), (53, 31), (54, 34), (55, 17), (56, 62), (57, 25), (58, 2), (75, 43), (59, 9), (60, 74), (61, 78), (62, 22), (63, 77), (64, 48), (65, 79), (66, 42), (67, 59), (68, 7), (69, 60), (70, 70), (71, 76), (74, 4), (72, 10), (73, 30)]
og index list energy: 101496513.85521917
index_list: [(0, 72), (1, 1), (2, 2), (3, 3), (4, 4), (5, 5), (6, 6), (7, 7), (8, 8), (9, 9), (10, 10), (11, 11), (12, 12), (13, 13), (79, 79), (14, 14), (15, 15), (16, 16), (78, 49), (17, 17), (18, 18), (19, 19), (20, 20), (21, 21), (22, 22), (23, 23), (24, 24), (25, 25), (26, 26), (27, 27), (28, 28), (29, 29), (30, 30), (31, 31), (32, 77), (77, 42), (33, 33), (34, 34), (35, 35), (36, 36), (37, 37), (38, 38), (39, 39), (40, 40), (41, 41), (76, 71), (42, 50), (43, 78), (44, 44), (45, 45), (46, 46), (47, 47), (48, 48), (49, 75), (50, 43), (51, 51), (52, 52), (53, 53), (54, 54), (55, 55), (56, 56), (57, 57), (58, 58), (75, 74), (59, 59), (60, 60), (61, 61), (62, 62), (63, 63), (64, 64), (65, 65), (66, 66), (67, 67), (68, 68), (69, 69), (70, 70), (71, 76), (74, 32), (72, 0), (73, 73)]
index list: [72, 1, 2, 3, 4, 5, 6, 7, 8, 9, 10, 11, 12, 13, 79, 14, 15, 16, 49, 17, 18, 19, 20, 21, 22, 23, 24, 25, 26, 27, 28, 29, 30, 31, 77, 42, 33, 34, 35, 36, 37, 38, 39, 40, 41, 71, 50, 78, 44, 45, 46, 47, 48, 75, 43, 51, 52, 53, 54, 55, 56, 57, 58, 74, 59, 60, 61, 62, 63, 64, 65, 66, 67, 68, 69, 70, 76, 32, 0, 73]
index list energy: 137645.64937549573
Done


iterations: 10000000 temp: 1000000.0 exponent: 0.7 eif: 300.0
time taken (sec): 880.1836688518524
number of iterations: 10000000
og index list: [(0, 60), (1, 71), (2, 51), (3, 5), (4, 62), (5, 15), (6, 79), (7, 45), (8, 63), (9, 12), (10, 35), (11, 6), (12, 11), (13, 16), (79, 70), (14, 78), (15, 52), (16, 53), (78, 21), (17, 17), (18, 40), (19, 32), (20, 41), (21, 42), (22, 59), (23, 37), (24, 67), (25, 9), (26, 44), (27, 27), (28, 68), (29, 31), (30, 36), (31, 4), (32, 47), (77, 34), (33, 24), (34, 77), (35, 7), (36, 0), (37, 73), (38, 1), (39, 28), (40, 8), (41, 72), (76, 64), (42, 76), (43, 30), (44, 66), (45, 69), (46, 55), (47, 13), (48, 25), (49, 3), (50, 26), (51, 22), (52, 54), (53, 23), (54, 20), (55, 57), (56, 49), (57, 39), (58, 10), (75, 48), (59, 33), (60, 29), (61, 43), (62, 61), (63, 50), (64, 75), (65, 46), (66, 74), (67, 18), (68, 14), (69, 56), (70, 38), (71, 58), (74, 19), (72, 2), (73, 65)]
og index list energy: 102860412.93925051
index_list: [(0, 0), (1, 1), (2, 2), (3, 3), (4, 4), (5, 5), (6, 6), (7, 7), (8, 8), (9, 9), (10, 10), (11, 11), (12, 12), (13, 13), (79, 16), (14, 79), (15, 72), (16, 73), (78, 49), (17, 17), (18, 18), (19, 19), (20, 20), (21, 21), (22, 22), (23, 23), (24, 24), (25, 25), (26, 26), (27, 27), (28, 28), (29, 29), (30, 30), (31, 31), (32, 32), (77, 78), (33, 33), (34, 34), (35, 35), (36, 36), (37, 37), (38, 38), (39, 39), (40, 40), (41, 41), (76, 75), (42, 42), (43, 43), (44, 44), (45, 45), (46, 46), (47, 47), (48, 48), (49, 74), (50, 50), (51, 51), (52, 52), (53, 53), (54, 54), (55, 55), (56, 56), (57, 57), (58, 58), (75, 77), (59, 59), (60, 60), (61, 61), (62, 62), (63, 63), (64, 64), (65, 65), (66, 66), (67, 67), (68, 68), (69, 69), (70, 70), (71, 71), (74, 76), (72, 14), (73, 15)]
index list: [0, 1, 2, 3, 4, 5, 6, 7, 8, 9, 10, 11, 12, 13, 16, 79, 72, 73, 49, 17, 18, 19, 20, 21, 22, 23, 24, 25, 26, 27, 28, 29, 30, 31, 32, 78, 33, 34, 35, 36, 37, 38, 39, 40, 41, 75, 42, 43, 44, 45, 46, 47, 48, 74, 50, 51, 52, 53, 54, 55, 56, 57, 58, 77, 59, 60, 61, 62, 63, 64, 65, 66, 67, 68, 69, 70, 71, 76, 14, 15]
index list energy: 128197.06509037674
Done


iterations: 10000000 temp: 1000000.0 exponent: 0.7 eif: 300.0
time taken (sec): 417.97964453697205
number of iterations: 5838185
og index list: [(0, 63), (1, 26), (2, 28), (3, 56), (4, 15), (5, 6), (6, 24), (7, 32), (8, 65), (9, 61), (10, 10), (11, 31), (12, 22), (13, 36), (79, 60), (14, 23), (15, 5), (16, 7), (78, 46), (17, 19), (18, 45), (19, 14), (20, 66), (21, 75), (22, 57), (23, 1), (24, 71), (25, 33), (26, 27), (27, 11), (28, 20), (29, 74), (30, 50), (31, 37), (32, 25), (77, 13), (33, 8), (34, 40), (35, 41), (36, 76), (37, 4), (38, 51), (39, 0), (40, 49), (41, 48), (76, 9), (42, 44), (43, 68), (44, 54), (45, 39), (46, 29), (47, 21), (48, 34), (49, 2), (50, 42), (51, 70), (52, 35), (53, 69), (54, 38), (55, 47), (56, 12), (57, 16), (58, 79), (75, 64), (59, 30), (60, 78), (61, 3), (62, 18), (63, 55), (64, 52), (65, 43), (66, 67), (67, 17), (68, 53), (69, 72), (70, 62), (71, 59), (74, 73), (72, 58), (73, 77)]
og index list energy: 139764442.45827803
index_list: [(0, 0), (1, 1), (2, 2), (3, 3), (4, 4), (5, 5), (6, 6), (7, 7), (8, 8), (9, 9), (10, 10), (11, 11), (12, 12), (13, 13), (79, 77), (14, 70), (15, 71), (16, 68), (78, 69), (17, 17), (18, 18), (19, 19), (20, 20), (21, 21), (22, 22), (23, 23), (24, 24), (25, 25), (26, 26), (27, 27), (28, 28), (29, 29), (30, 30), (31, 31), (32, 32), (77, 49), (33, 33), (34, 34), (35, 35), (36, 36), (37, 37), (38, 38), (39, 39), (40, 40), (41, 41), (76, 76), (42, 42), (43, 43), (44, 44), (45, 45), (46, 46), (47, 47), (48, 48), (49, 79), (50, 50), (51, 51), (52, 52), (53, 53), (54, 54), (55, 55), (56, 56), (57, 57), (58, 58), (75, 75), (59, 59), (60, 60), (61, 61), (62, 62), (63, 63), (64, 64), (65, 65), (66, 66), (67, 67), (68, 74), (69, 72), (70, 73), (71, 78), (74, 14), (72, 15), (73, 16)]
index list: [0, 1, 2, 3, 4, 5, 6, 7, 8, 9, 10, 11, 12, 13, 77, 70, 71, 68, 69, 17, 18, 19, 20, 21, 22, 23, 24, 25, 26, 27, 28, 29, 30, 31, 32, 49, 33, 34, 35, 36, 37, 38, 39, 40, 41, 76, 42, 43, 44, 45, 46, 47, 48, 79, 50, 51, 52, 53, 54, 55, 56, 57, 58, 75, 59, 60, 61, 62, 63, 64, 65, 66, 67, 74, 72, 73, 78, 14, 15, 16]
index list energy: 151876.0835420424
Done


