## SLURM PROLOG ###############################################################
##    Job ID : 9199703
##  Job Name : five_day_runs
##  Nodelist : node1114
##      CPUs : 1
##  Mem/Node : 1024 MB
## Directory : /gpfs/data/nfawzi/skale/Fawzi_pycharm_project
##   Started : Fri Dec  6 20:28:55 EST 2019
###############################################################################
program started at:2019-12-06 20:28:55.510717
iterations: 5000000000 temp: 1000000.0 exponent: 0.7 eif: 300.0
time taken (sec): 376351.02672696114
number of iterations: 5000000000
final temperature: 191.58123138056612
og index list: [219, 318, 306, 366, 368, 354, 123, 333, 363, 48, 334, 156, 135, 365, 418, 316, 105, 118, 60, 471, 3, 213, 222, 104, 463, 424, 406, 291, 426, 283, 243, 405, 381, 464, 65, 91, 421, 179, 220, 192, 144, 148, 271, 420, 143, 85, 261, 88, 111, 29, 74, 322, 11, 434, 181, 402, 326, 47, 171, 99, 279, 428, 69, 28, 429, 454, 207, 280, 246, 178, 292, 120, 345, 346, 1, 64, 53, 7, 184, 59, 281, 176, 374, 304, 112, 228, 392, 320, 456, 423, 284, 23, 211, 129, 66, 127, 397, 353, 15, 396, 167, 321, 448, 442, 401, 6, 18, 153, 26, 349, 56, 165, 408, 12, 410, 299, 315, 113, 63, 163, 393, 145, 116, 347, 338, 287, 331, 343, 416, 22, 173, 450, 68, 198, 314, 462, 425, 370, 303, 232, 215, 95, 188, 446, 19, 238, 159, 319, 227, 100, 55, 277, 324, 286, 360, 235, 443, 50, 317, 384, 244, 473, 98, 16, 407, 336, 73, 258, 136, 452, 210, 208, 41, 186, 403, 458, 170, 214, 21, 166, 43, 330, 205, 376, 296, 444, 372, 267, 373, 132, 380, 131, 212, 371, 379, 158, 395, 90, 391, 404, 364, 431, 341, 430, 75, 115, 4, 152, 206, 61, 24, 453, 0, 251, 388, 182, 356, 400, 297, 102, 223, 278, 79, 390, 441, 290, 86, 117, 209, 411, 451, 249, 457, 229, 31, 394, 5, 259, 103, 469, 262, 133, 437, 413, 256, 97, 305, 200, 247, 180, 414, 197, 161, 225, 466, 268, 242, 57, 254, 199, 25, 84, 218, 124, 255, 82, 266, 422, 447, 92, 417, 427, 253, 44, 233, 140, 201, 196, 108, 175, 134, 78, 141, 439, 440, 339, 265, 311, 461, 361, 157, 221, 42, 295, 217, 183, 269, 470, 234, 174, 445, 94, 289, 375, 96, 226, 34, 307, 352, 137, 412, 387, 114, 36, 298, 8, 383, 327, 449, 30, 54, 191, 10, 302, 139, 190, 130, 282, 389, 187, 71, 409, 194, 38, 224, 248, 378, 358, 32, 350, 204, 237, 245, 70, 2, 185, 51, 193, 169, 328, 230, 240, 106, 273, 72, 288, 83, 236, 459, 93, 146, 150, 257, 415, 357, 362, 382, 377, 67, 455, 340, 276, 367, 138, 155, 162, 332, 335, 275, 46, 348, 126, 270, 110, 58, 285, 101, 49, 433, 128, 310, 164, 9, 239, 250, 294, 398, 45, 14, 293, 435, 359, 301, 87, 241, 160, 203, 399, 308, 121, 77, 202, 369, 13, 465, 252, 80, 107, 151, 37, 263, 419, 109, 300, 386, 344, 329, 177, 323, 472, 313, 351, 17, 35, 325, 309, 119, 436, 62, 337, 342, 149, 154, 272, 39, 122, 168, 125, 189, 33, 89, 76, 260, 142, 231, 216, 312, 264, 195, 438, 467, 172, 52, 20, 81, 460, 468, 27, 274, 385, 432, 147, 355, 40]
og index list energy: 120965596.04267976
index list: [116, 80, 257, 216, 93, 452, 470, 446, 206, 20, 375, 382, 19, 26, 379, 29, 214, 192, 409, 243, 1, 158, 458, 32, 2, 351, 149, 188, 24, 66, 11, 92, 258, 416, 391, 22, 350, 262, 369, 99, 270, 396, 278, 156, 78, 129, 349, 290, 326, 342, 27, 244, 402, 97, 387, 165, 312, 72, 410, 225, 367, 205, 195, 151, 234, 352, 98, 383, 288, 44, 104, 164, 169, 462, 76, 335, 455, 132, 212, 102, 34, 301, 302, 339, 267, 106, 249, 317, 70, 25, 180, 254, 268, 289, 0, 56, 293, 365, 307, 281, 392, 314, 239, 448, 405, 469, 207, 200, 430, 386, 263, 374, 219, 176, 35, 15, 361, 209, 444, 194, 189, 378, 412, 428, 473, 264, 280, 71, 414, 395, 460, 127, 143, 167, 233, 83, 124, 313, 8, 408, 284, 299, 179, 305, 45, 113, 153, 456, 166, 125, 134, 37, 337, 354, 49, 178, 303, 304, 13, 407, 454, 472, 228, 331, 334, 467, 439, 61, 69, 437, 5, 401, 9, 201, 357, 235, 74, 316, 51, 218, 28, 246, 147, 7, 50, 123, 120, 202, 140, 160, 323, 220, 424, 128, 65, 468, 174, 203, 170, 110, 47, 404, 322, 12, 103, 465, 3, 162, 344, 241, 122, 459, 450, 445, 4, 191, 14, 251, 208, 171, 336, 236, 230, 141, 362, 292, 315, 87, 63, 332, 432, 100, 461, 296, 57, 297, 59, 371, 196, 343, 36, 186, 328, 333, 440, 131, 325, 283, 329, 327, 223, 282, 394, 224, 355, 423, 198, 413, 261, 381, 18, 399, 363, 447, 211, 101, 347, 114, 217, 464, 79, 89, 60, 417, 384, 62, 388, 385, 436, 53, 133, 443, 6, 86, 431, 457, 197, 190, 199, 210, 449, 33, 237, 415, 183, 40, 215, 275, 438, 16, 389, 274, 370, 152, 231, 145, 161, 232, 248, 373, 340, 146, 181, 366, 348, 238, 112, 136, 10, 380, 130, 54, 256, 255, 300, 213, 453, 107, 30, 23, 172, 419, 253, 471, 429, 177, 403, 398, 321, 420, 324, 294, 390, 168, 358, 173, 353, 115, 150, 75, 442, 247, 400, 259, 187, 291, 338, 330, 260, 306, 368, 273, 266, 277, 451, 360, 109, 31, 269, 38, 359, 286, 84, 345, 221, 433, 175, 295, 421, 227, 406, 252, 250, 276, 182, 41, 418, 39, 425, 226, 298, 272, 285, 311, 310, 111, 163, 308, 287, 441, 265, 121, 154, 341, 426, 372, 64, 229, 393, 117, 118, 222, 88, 155, 427, 119, 377, 279, 356, 346, 135, 90, 52, 91, 159, 68, 434, 148, 157, 376, 142, 94, 240, 271, 193, 95, 55, 463, 245, 364, 42, 137, 108, 58, 96, 82, 81, 126, 411, 144, 139, 105, 309, 43, 21, 48, 73, 67, 46, 422, 320, 435, 319, 397, 242, 466, 318, 185, 85, 138, 77, 184, 17, 204]
index list energy: 1629538.1569238638
Done





program ended at: 2019-12-11 20:18:55.521479 
 time delta: 4 days, 23:50:00.010762
