## SLURM PROLOG ###############################################################
##    Job ID : 9199701
##  Job Name : five_day_runs
##  Nodelist : node1116
##      CPUs : 1
##  Mem/Node : 1024 MB
## Directory : /gpfs/data/nfawzi/skale/Fawzi_pycharm_project
##   Started : Fri Dec  6 20:28:55 EST 2019
###############################################################################
program started at:2019-12-06 20:28:55.368370
iterations: 5000000000 temp: 1000000.0 exponent: 0.7 eif: 300.0
time taken (sec): 359157.8448882103
number of iterations: 5000000000
final temperature: 191.58123138056612
og index list: [4, 308, 467, 401, 361, 179, 111, 170, 448, 61, 49, 395, 261, 388, 384, 54, 441, 334, 321, 236, 282, 135, 312, 72, 109, 306, 91, 341, 156, 291, 138, 458, 411, 78, 449, 358, 224, 337, 345, 243, 192, 80, 58, 208, 472, 216, 14, 364, 133, 353, 257, 260, 19, 343, 210, 309, 393, 263, 314, 422, 267, 23, 468, 438, 407, 256, 294, 113, 396, 469, 75, 394, 303, 90, 2, 194, 227, 269, 203, 275, 142, 60, 181, 392, 436, 465, 363, 40, 41, 299, 274, 442, 235, 171, 112, 16, 437, 30, 106, 159, 244, 426, 206, 25, 197, 285, 45, 119, 324, 433, 340, 366, 129, 372, 137, 249, 21, 164, 102, 327, 162, 73, 339, 212, 434, 62, 96, 209, 336, 0, 139, 95, 283, 81, 446, 415, 356, 466, 360, 52, 331, 342, 99, 443, 10, 7, 146, 100, 105, 354, 335, 279, 46, 37, 416, 410, 180, 200, 323, 326, 246, 154, 33, 423, 431, 455, 29, 247, 28, 1, 117, 379, 24, 121, 55, 190, 377, 120, 376, 427, 201, 195, 258, 149, 132, 143, 233, 118, 177, 147, 295, 266, 88, 217, 464, 386, 297, 253, 278, 136, 83, 76, 15, 403, 175, 430, 259, 107, 375, 447, 47, 429, 134, 53, 439, 161, 131, 101, 355, 140, 167, 264, 435, 456, 470, 193, 151, 63, 56, 421, 94, 381, 362, 77, 6, 255, 250, 398, 241, 402, 281, 128, 397, 26, 399, 65, 214, 373, 97, 289, 450, 344, 412, 317, 153, 440, 313, 290, 207, 199, 287, 277, 12, 5, 432, 238, 169, 173, 213, 286, 205, 459, 378, 9, 296, 380, 271, 325, 189, 310, 31, 428, 172, 230, 348, 404, 174, 229, 414, 221, 108, 288, 74, 163, 191, 43, 204, 451, 68, 155, 188, 89, 125, 141, 333, 347, 329, 185, 103, 276, 425, 369, 462, 219, 166, 82, 36, 252, 365, 86, 126, 370, 305, 444, 332, 262, 453, 371, 84, 357, 38, 202, 196, 50, 346, 417, 304, 424, 273, 64, 471, 307, 130, 272, 228, 27, 293, 408, 115, 400, 144, 168, 367, 328, 22, 420, 215, 406, 35, 316, 280, 390, 322, 57, 116, 158, 302, 463, 59, 104, 51, 34, 292, 311, 413, 18, 245, 234, 79, 460, 301, 300, 222, 69, 352, 17, 124, 350, 145, 13, 211, 114, 374, 39, 383, 461, 445, 20, 389, 85, 452, 183, 122, 11, 409, 160, 110, 237, 349, 268, 218, 315, 3, 71, 254, 220, 418, 284, 178, 223, 391, 248, 239, 318, 98, 251, 157, 70, 232, 385, 265, 165, 176, 319, 457, 152, 351, 338, 405, 44, 123, 226, 242, 387, 330, 473, 93, 186, 368, 225, 231, 419, 187, 382, 66, 67, 298, 184, 87, 454, 148, 240, 270, 198, 127, 320, 8, 42, 150, 32, 92, 182, 48, 359]
og index list energy: 77077518.92270501
index list: [234, 250, 17, 184, 227, 30, 441, 76, 107, 301, 378, 330, 132, 38, 120, 29, 204, 217, 368, 243, 449, 33, 455, 37, 337, 349, 149, 188, 24, 66, 11, 92, 258, 394, 235, 130, 431, 340, 95, 367, 260, 306, 338, 259, 187, 291, 305, 213, 72, 461, 286, 263, 97, 468, 314, 281, 239, 223, 432, 100, 379, 205, 193, 151, 114, 434, 147, 387, 269, 328, 104, 164, 169, 436, 16, 108, 443, 50, 87, 63, 88, 157, 53, 388, 106, 336, 109, 313, 23, 344, 180, 254, 216, 113, 137, 28, 402, 437, 153, 279, 445, 229, 118, 117, 411, 354, 420, 194, 189, 345, 192, 395, 219, 176, 35, 15, 351, 209, 423, 199, 210, 426, 452, 287, 163, 308, 265, 237, 435, 71, 307, 280, 64, 154, 372, 121, 218, 202, 8, 425, 84, 32, 2, 393, 325, 246, 315, 292, 166, 125, 135, 90, 268, 364, 49, 179, 185, 85, 13, 350, 356, 375, 228, 331, 334, 389, 472, 61, 86, 467, 419, 201, 9, 401, 400, 7, 133, 322, 82, 79, 126, 299, 195, 96, 211, 224, 252, 253, 68, 52, 91, 159, 181, 142, 397, 342, 303, 203, 170, 110, 123, 47, 81, 242, 288, 396, 59, 332, 363, 98, 384, 371, 450, 369, 4, 191, 14, 251, 0, 56, 245, 257, 18, 256, 255, 409, 69, 339, 99, 241, 456, 274, 262, 48, 3, 316, 433, 233, 421, 158, 31, 186, 451, 335, 236, 131, 270, 390, 146, 230, 46, 282, 134, 27, 83, 464, 198, 413, 54, 34, 122, 382, 439, 207, 200, 249, 348, 89, 60, 403, 302, 415, 365, 333, 374, 62, 424, 341, 462, 175, 124, 296, 148, 244, 429, 370, 196, 5, 190, 197, 361, 94, 240, 447, 183, 40, 215, 275, 442, 247, 75, 150, 80, 115, 138, 77, 453, 208, 26, 422, 45, 73, 67, 355, 70, 238, 112, 136, 10, 404, 300, 226, 41, 440, 6, 465, 102, 276, 182, 161, 172, 289, 386, 290, 304, 178, 418, 383, 416, 466, 324, 294, 343, 168, 321, 417, 459, 430, 221, 398, 119, 155, 51, 438, 165, 312, 405, 65, 362, 128, 42, 470, 261, 214, 471, 358, 20, 174, 206, 460, 353, 19, 25, 408, 93, 444, 454, 22, 406, 352, 177, 346, 36, 373, 212, 457, 283, 101, 329, 171, 327, 272, 285, 311, 310, 111, 298, 39, 278, 347, 427, 326, 284, 267, 222, 448, 380, 377, 320, 319, 458, 273, 357, 469, 473, 127, 143, 167, 446, 297, 129, 156, 463, 78, 399, 231, 145, 55, 376, 152, 385, 293, 160, 318, 220, 103, 140, 162, 232, 359, 277, 44, 317, 58, 1, 381, 141, 412, 248, 144, 139, 105, 309, 43, 21, 428, 57, 360, 225, 392, 271, 366, 407, 116, 410, 266, 414, 173, 391, 74, 323, 12, 295, 264]
index list energy: 1610094.3578281824
Done





program ended at: 2019-12-11 20:18:55.414591 
 time delta: 4 days, 23:50:00.046221
