## SLURM PROLOG ###############################################################
##    Job ID : 2089295
##  Job Name : test_of_multicore
##  Nodelist : node1161
##      CPUs : 2
##  Mem/Node : 1024 MB
## Directory : /gpfs/data/nfawzi/skale/Fawzi_pycharm_project
##   Started : Fri Jan 18 22:44:43 EST 2019
###############################################################################
iterations: 10000000 temp: 1000000.0 exponent: 0.7 eif: 200.0
time taken (sec): 848.6819434165955
number of iterations: 10000000
og index list: [(43, 10), (1, 72), (2, 3), (3, 62), (4, 32), (5, 68), (6, 7), (7, 20), (8, 75), (9, 79), (10, 55), (11, 2), (12, 23), (13, 8), (78, 31), (14, 9), (15, 57), (16, 19), (79, 73), (17, 51), (18, 42), (19, 4), (20, 46), (21, 26), (22, 43), (23, 65), (24, 21), (25, 40), (26, 37), (27, 74), (28, 54), (29, 6), (30, 50), (31, 58), (32, 64), (75, 33), (33, 61), (34, 34), (35, 29), (36, 5), (37, 76), (38, 30), (39, 18), (40, 77), (41, 36), (71, 67), (0, 16), (44, 60), (45, 78), (46, 12), (47, 56), (76, 48), (48, 69), (77, 70), (50, 39), (51, 1), (52, 59), (53, 71), (54, 13), (55, 66), (56, 0), (57, 17), (58, 45), (49, 11), (59, 47), (60, 53), (61, 63), (62, 14), (63, 27), (64, 15), (65, 44), (66, 24), (67, 25), (68, 22), (69, 35), (70, 52), (74, 41), (42, 49), (72, 38), (73, 28)]
og index list energy: 137448798.23312938
index_list: [(43, 43), (1, 1), (2, 2), (3, 3), (4, 4), (5, 5), (6, 6), (7, 7), (8, 8), (9, 9), (10, 10), (11, 11), (12, 12), (13, 13), (78, 77), (14, 15), (15, 46), (16, 41), (79, 49), (17, 17), (18, 18), (19, 19), (20, 20), (21, 21), (22, 22), (23, 23), (24, 24), (25, 25), (26, 26), (27, 27), (28, 28), (29, 29), (30, 30), (31, 31), (32, 32), (75, 75), (33, 33), (34, 34), (35, 35), (36, 36), (37, 37), (38, 38), (39, 39), (40, 40), (41, 44), (71, 45), (0, 16), (44, 76), (45, 72), (46, 73), (47, 79), (76, 47), (48, 48), (77, 0), (50, 50), (51, 51), (52, 52), (53, 53), (54, 54), (55, 55), (56, 56), (57, 57), (58, 58), (49, 74), (59, 59), (60, 60), (61, 61), (62, 62), (63, 63), (64, 64), (65, 65), (66, 66), (67, 67), (68, 78), (69, 42), (70, 70), (74, 71), (42, 68), (72, 69), (73, 14)]
index list: [43, 1, 2, 3, 4, 5, 6, 7, 8, 9, 10, 11, 12, 13, 77, 15, 46, 41, 49, 17, 18, 19, 20, 21, 22, 23, 24, 25, 26, 27, 28, 29, 30, 31, 32, 75, 33, 34, 35, 36, 37, 38, 39, 40, 44, 45, 16, 76, 72, 73, 79, 47, 48, 0, 50, 51, 52, 53, 54, 55, 56, 57, 58, 74, 59, 60, 61, 62, 63, 64, 65, 66, 67, 78, 42, 70, 71, 68, 69, 14]
index list energy: 180346.25565976813
Done


iterations: 10000000 temp: 1000000.0 exponent: 0.7 eif: 200.0
time taken (sec): 847.3659193515778
number of iterations: 10000000
og index list: [(43, 65), (1, 33), (2, 7), (3, 15), (4, 55), (5, 70), (6, 64), (7, 74), (8, 46), (9, 32), (10, 38), (11, 26), (12, 61), (13, 27), (78, 78), (14, 77), (15, 76), (16, 19), (79, 39), (17, 48), (18, 17), (19, 41), (20, 52), (21, 35), (22, 66), (23, 22), (24, 5), (25, 20), (26, 12), (27, 71), (28, 9), (29, 56), (30, 57), (31, 37), (32, 34), (75, 21), (33, 8), (34, 44), (35, 47), (36, 51), (37, 68), (38, 54), (39, 60), (40, 69), (41, 4), (71, 30), (0, 45), (44, 79), (45, 50), (46, 14), (47, 18), (76, 10), (48, 0), (77, 40), (50, 6), (51, 2), (52, 24), (53, 31), (54, 36), (55, 29), (56, 75), (57, 62), (58, 43), (49, 58), (59, 49), (60, 25), (61, 67), (62, 53), (63, 63), (64, 3), (65, 73), (66, 16), (67, 23), (68, 1), (69, 59), (70, 13), (74, 11), (42, 42), (72, 72), (73, 28)]
og index list energy: 112200123.98995364
index_list: [(43, 33), (1, 0), (2, 1), (3, 2), (4, 3), (5, 40), (6, 6), (7, 7), (8, 8), (9, 9), (10, 10), (11, 11), (12, 76), (13, 70), (78, 13), (14, 16), (15, 74), (16, 67), (79, 79), (17, 17), (18, 18), (19, 19), (20, 20), (21, 21), (22, 22), (23, 23), (24, 24), (25, 25), (26, 26), (27, 27), (28, 28), (29, 29), (30, 30), (31, 31), (32, 32), (75, 12), (33, 77), (34, 34), (35, 35), (36, 36), (37, 37), (38, 38), (39, 39), (40, 4), (41, 68), (71, 69), (0, 42), (44, 43), (45, 44), (46, 45), (47, 46), (76, 47), (48, 48), (77, 75), (50, 5), (51, 51), (52, 52), (53, 53), (54, 54), (55, 55), (56, 56), (57, 57), (58, 58), (49, 49), (59, 59), (60, 60), (61, 61), (62, 62), (63, 63), (64, 64), (65, 65), (66, 66), (67, 72), (68, 73), (69, 50), (70, 78), (74, 14), (42, 15), (72, 41), (73, 71)]
index list: [33, 0, 1, 2, 3, 40, 6, 7, 8, 9, 10, 11, 76, 70, 13, 16, 74, 67, 79, 17, 18, 19, 20, 21, 22, 23, 24, 25, 26, 27, 28, 29, 30, 31, 32, 12, 77, 34, 35, 36, 37, 38, 39, 4, 68, 69, 42, 43, 44, 45, 46, 47, 48, 75, 5, 51, 52, 53, 54, 55, 56, 57, 58, 49, 59, 60, 61, 62, 63, 64, 65, 66, 72, 73, 50, 78, 14, 15, 41, 71]
index list energy: 361287.6267151081
Done


