## SLURM PROLOG ###############################################################
##    Job ID : 2089017
##  Job Name : pypy_1e9
##  Nodelist : node1310
##      CPUs : 1
##  Mem/Node : 1024 MB
## Directory : /gpfs/data/nfawzi/skale/Fawzi_pycharm_project
##   Started : Fri Jan 18 13:06:47 EST 2019
###############################################################################
iterations: 10000000 temp: 1000000.0 exponent: 0.7 eif: 200.0
time taken (sec): 809.3993482589722
number of iterations: 10000000
og index list: [(43, 47), (1, 45), (2, 50), (3, 70), (4, 68), (5, 66), (6, 20), (7, 46), (8, 59), (9, 65), (10, 34), (11, 30), (12, 27), (13, 43), (78, 49), (14, 61), (15, 40), (16, 5), (79, 63), (17, 3), (18, 78), (19, 75), (20, 4), (21, 13), (22, 77), (23, 62), (24, 29), (25, 48), (26, 16), (27, 42), (28, 0), (29, 9), (30, 8), (31, 76), (32, 35), (75, 55), (33, 15), (34, 79), (35, 23), (36, 25), (37, 57), (38, 32), (39, 71), (40, 7), (41, 36), (71, 31), (0, 38), (44, 1), (45, 39), (46, 69), (47, 54), (76, 37), (48, 74), (77, 22), (50, 14), (51, 64), (52, 51), (53, 11), (54, 21), (55, 56), (56, 19), (57, 44), (58, 73), (49, 17), (59, 12), (60, 52), (61, 58), (62, 60), (63, 67), (64, 6), (65, 72), (66, 41), (67, 33), (68, 24), (69, 26), (70, 10), (74, 53), (42, 18), (72, 2), (73, 28)]
og index list energy: 137282804.43607536
index_list: [(43, 32), (1, 78), (2, 2), (3, 3), (4, 4), (5, 5), (6, 6), (7, 7), (8, 8), (9, 9), (10, 10), (11, 11), (12, 12), (13, 13), (78, 76), (14, 14), (15, 15), (16, 16), (79, 75), (17, 17), (18, 18), (19, 19), (20, 20), (21, 21), (22, 22), (23, 23), (24, 24), (25, 25), (26, 26), (27, 27), (28, 28), (29, 29), (30, 30), (31, 31), (32, 79), (75, 42), (33, 33), (34, 34), (35, 35), (36, 36), (37, 37), (38, 38), (39, 39), (40, 40), (41, 41), (71, 65), (0, 77), (44, 43), (45, 44), (46, 45), (47, 46), (76, 47), (48, 48), (77, 64), (50, 50), (51, 51), (52, 52), (53, 53), (54, 54), (55, 55), (56, 56), (57, 57), (58, 58), (49, 49), (59, 59), (60, 60), (61, 61), (62, 62), (63, 63), (64, 0), (65, 73), (66, 66), (67, 67), (68, 68), (69, 69), (70, 70), (74, 71), (42, 74), (72, 72), (73, 1)]
index list: [32, 78, 2, 3, 4, 5, 6, 7, 8, 9, 10, 11, 12, 13, 76, 14, 15, 16, 75, 17, 18, 19, 20, 21, 22, 23, 24, 25, 26, 27, 28, 29, 30, 31, 79, 42, 33, 34, 35, 36, 37, 38, 39, 40, 41, 65, 77, 43, 44, 45, 46, 47, 48, 64, 50, 51, 52, 53, 54, 55, 56, 57, 58, 49, 59, 60, 61, 62, 63, 0, 73, 66, 67, 68, 69, 70, 71, 74, 72, 1]
index list energy: 175170.99683289844
Done


iterations: 10000000 temp: 1000000.0 exponent: 0.7 eif: 200.0
time taken (sec): 828.1186933517456
number of iterations: 10000000
og index list: [(43, 20), (1, 2), (2, 62), (3, 78), (4, 12), (5, 47), (6, 68), (7, 8), (8, 76), (9, 14), (10, 36), (11, 45), (12, 33), (13, 34), (78, 63), (14, 42), (15, 77), (16, 21), (79, 35), (17, 24), (18, 11), (19, 60), (20, 50), (21, 1), (22, 52), (23, 65), (24, 69), (25, 13), (26, 53), (27, 58), (28, 75), (29, 16), (30, 55), (31, 6), (32, 15), (75, 0), (33, 46), (34, 64), (35, 26), (36, 71), (37, 28), (38, 41), (39, 38), (40, 66), (41, 7), (71, 61), (0, 5), (44, 48), (45, 25), (46, 67), (47, 37), (76, 56), (48, 19), (77, 27), (50, 72), (51, 49), (52, 30), (53, 18), (54, 9), (55, 32), (56, 3), (57, 74), (58, 29), (49, 4), (59, 54), (60, 10), (61, 31), (62, 70), (63, 17), (64, 79), (65, 59), (66, 73), (67, 39), (68, 51), (69, 23), (70, 43), (74, 40), (42, 44), (72, 57), (73, 22)]
og index list energy: 118054741.542037
index_list: [(43, 72), (1, 1), (2, 2), (3, 3), (4, 4), (5, 5), (6, 77), (7, 17), (8, 18), (9, 6), (10, 7), (11, 8), (12, 9), (13, 10), (78, 11), (14, 12), (15, 13), (16, 16), (79, 0), (17, 73), (18, 74), (19, 19), (20, 20), (21, 21), (22, 22), (23, 23), (24, 24), (25, 25), (26, 26), (27, 27), (28, 28), (29, 29), (30, 30), (31, 31), (32, 32), (75, 79), (33, 33), (34, 34), (35, 35), (36, 36), (37, 37), (38, 38), (39, 39), (40, 40), (41, 41), (71, 71), (0, 75), (44, 42), (45, 43), (46, 44), (47, 45), (76, 46), (48, 48), (77, 49), (50, 50), (51, 51), (52, 52), (53, 53), (54, 54), (55, 55), (56, 56), (57, 57), (58, 58), (49, 78), (59, 59), (60, 60), (61, 61), (62, 62), (63, 63), (64, 64), (65, 65), (66, 66), (67, 67), (68, 68), (69, 69), (70, 70), (74, 76), (42, 14), (72, 15), (73, 47)]
index list: [72, 1, 2, 3, 4, 5, 77, 17, 18, 6, 7, 8, 9, 10, 11, 12, 13, 16, 0, 73, 74, 19, 20, 21, 22, 23, 24, 25, 26, 27, 28, 29, 30, 31, 32, 79, 33, 34, 35, 36, 37, 38, 39, 40, 41, 71, 75, 42, 43, 44, 45, 46, 48, 49, 50, 51, 52, 53, 54, 55, 56, 57, 58, 78, 59, 60, 61, 62, 63, 64, 65, 66, 67, 68, 69, 70, 76, 14, 15, 47]
index list energy: 181168.64512647197
Done


iterations: 10000000 temp: 1000000.0 exponent: 0.7 eif: 200.0
time taken (sec): 865.3347194194794
number of iterations: 10000000
og index list: [(43, 60), (1, 61), (2, 54), (3, 21), (4, 24), (5, 17), (6, 58), (7, 33), (8, 36), (9, 10), (10, 42), (11, 18), (12, 9), (13, 75), (78, 63), (14, 19), (15, 16), (16, 40), (79, 45), (17, 44), (18, 15), (19, 8), (20, 14), (21, 22), (22, 35), (23, 62), (24, 23), (25, 77), (26, 39), (27, 50), (28, 38), (29, 2), (30, 5), (31, 28), (32, 6), (75, 12), (33, 53), (34, 56), (35, 11), (36, 76), (37, 34), (38, 41), (39, 47), (40, 48), (41, 68), (71, 29), (0, 78), (44, 26), (45, 7), (46, 70), (47, 30), (76, 3), (48, 74), (77, 4), (50, 13), (51, 57), (52, 67), (53, 65), (54, 79), (55, 20), (56, 59), (57, 37), (58, 0), (49, 31), (59, 55), (60, 46), (61, 64), (62, 43), (63, 66), (64, 32), (65, 1), (66, 73), (67, 27), (68, 72), (69, 51), (70, 52), (74, 71), (42, 69), (72, 25), (73, 49)]
og index list energy: 134764468.5919123
index_list: [(43, 43), (1, 1), (2, 2), (3, 3), (4, 4), (5, 5), (6, 6), (7, 7), (8, 8), (9, 9), (10, 10), (11, 11), (12, 12), (13, 13), (78, 75), (14, 14), (15, 15), (16, 16), (79, 74), (17, 17), (18, 18), (19, 19), (20, 20), (21, 21), (22, 22), (23, 23), (24, 24), (25, 25), (26, 26), (27, 27), (28, 28), (29, 29), (30, 30), (31, 31), (32, 32), (75, 76), (33, 33), (34, 34), (35, 35), (36, 36), (37, 37), (38, 38), (39, 39), (40, 40), (41, 41), (71, 0), (0, 73), (44, 78), (45, 44), (46, 45), (47, 46), (76, 47), (48, 48), (77, 49), (50, 50), (51, 51), (52, 52), (53, 53), (54, 54), (55, 55), (56, 56), (57, 57), (58, 58), (49, 79), (59, 59), (60, 60), (61, 61), (62, 62), (63, 63), (64, 64), (65, 65), (66, 66), (67, 67), (68, 68), (69, 69), (70, 72), (74, 77), (42, 42), (72, 70), (73, 71)]
index list: [43, 1, 2, 3, 4, 5, 6, 7, 8, 9, 10, 11, 12, 13, 75, 14, 15, 16, 74, 17, 18, 19, 20, 21, 22, 23, 24, 25, 26, 27, 28, 29, 30, 31, 32, 76, 33, 34, 35, 36, 37, 38, 39, 40, 41, 0, 73, 78, 44, 45, 46, 47, 48, 49, 50, 51, 52, 53, 54, 55, 56, 57, 58, 79, 59, 60, 61, 62, 63, 64, 65, 66, 67, 68, 69, 72, 77, 42, 70, 71]
index list energy: 127274.84956655362
Done


iterations: 10000000 temp: 1000000.0 exponent: 0.7 eif: 200.0
time taken (sec): 880.5490303039551
number of iterations: 10000000
og index list: [(43, 61), (1, 47), (2, 72), (3, 43), (4, 26), (5, 16), (6, 68), (7, 65), (8, 15), (9, 29), (10, 52), (11, 27), (12, 5), (13, 74), (78, 3), (14, 57), (15, 25), (16, 62), (79, 71), (17, 8), (18, 9), (19, 67), (20, 2), (21, 17), (22, 46), (23, 39), (24, 51), (25, 34), (26, 53), (27, 78), (28, 45), (29, 13), (30, 12), (31, 56), (32, 76), (75, 66), (33, 64), (34, 0), (35, 42), (36, 54), (37, 49), (38, 36), (39, 28), (40, 30), (41, 20), (71, 70), (0, 6), (44, 18), (45, 23), (46, 14), (47, 59), (76, 69), (48, 10), (77, 24), (50, 44), (51, 22), (52, 4), (53, 38), (54, 73), (55, 32), (56, 55), (57, 48), (58, 21), (49, 77), (59, 35), (60, 75), (61, 7), (62, 33), (63, 40), (64, 63), (65, 41), (66, 31), (67, 50), (68, 11), (69, 60), (70, 79), (74, 37), (42, 19), (72, 58), (73, 1)]
og index list energy: 96816953.78340153
index_list: [(43, 0), (1, 1), (2, 2), (3, 3), (4, 4), (5, 5), (6, 6), (7, 7), (8, 8), (9, 9), (10, 10), (11, 11), (12, 12), (13, 13), (78, 75), (14, 14), (15, 15), (16, 16), (79, 74), (17, 17), (18, 18), (19, 19), (20, 20), (21, 21), (22, 22), (23, 23), (24, 24), (25, 25), (26, 26), (27, 27), (28, 28), (29, 29), (30, 30), (31, 31), (32, 32), (75, 49), (33, 33), (34, 34), (35, 35), (36, 36), (37, 37), (38, 38), (39, 39), (40, 40), (41, 41), (71, 71), (0, 79), (44, 43), (45, 44), (46, 45), (47, 46), (76, 47), (48, 48), (77, 77), (50, 50), (51, 51), (52, 52), (53, 53), (54, 54), (55, 55), (56, 56), (57, 57), (58, 58), (49, 78), (59, 59), (60, 60), (61, 61), (62, 62), (63, 63), (64, 64), (65, 65), (66, 66), (67, 67), (68, 68), (69, 69), (70, 70), (74, 76), (42, 42), (72, 72), (73, 73)]
index list: [0, 1, 2, 3, 4, 5, 6, 7, 8, 9, 10, 11, 12, 13, 75, 14, 15, 16, 74, 17, 18, 19, 20, 21, 22, 23, 24, 25, 26, 27, 28, 29, 30, 31, 32, 49, 33, 34, 35, 36, 37, 38, 39, 40, 41, 71, 79, 43, 44, 45, 46, 47, 48, 77, 50, 51, 52, 53, 54, 55, 56, 57, 58, 78, 59, 60, 61, 62, 63, 64, 65, 66, 67, 68, 69, 70, 76, 42, 72, 73]
index list energy: 101170.45780373305
Done


iterations: 10000000 temp: 1000000.0 exponent: 0.7 eif: 200.0
time taken (sec): 144.39077234268188
number of iterations: 2860942
og index list: [(43, 25), (1, 67), (2, 23), (3, 42), (4, 53), (5, 79), (6, 59), (7, 0), (8, 43), (9, 35), (10, 2), (11, 7), (12, 38), (13, 57), (78, 52), (14, 50), (15, 60), (16, 47), (79, 48), (17, 15), (18, 68), (19, 5), (20, 56), (21, 9), (22, 45), (23, 18), (24, 20), (25, 51), (26, 44), (27, 37), (28, 76), (29, 39), (30, 46), (31, 62), (32, 13), (75, 72), (33, 70), (34, 3), (35, 31), (36, 71), (37, 26), (38, 24), (39, 64), (40, 65), (41, 14), (71, 28), (0, 49), (44, 6), (45, 33), (46, 54), (47, 1), (76, 32), (48, 41), (77, 30), (50, 22), (51, 61), (52, 8), (53, 34), (54, 55), (55, 10), (56, 78), (57, 73), (58, 19), (49, 11), (59, 69), (60, 27), (61, 17), (62, 63), (63, 75), (64, 58), (65, 74), (66, 36), (67, 12), (68, 21), (69, 77), (70, 66), (74, 40), (42, 4), (72, 29), (73, 16)]
og index list energy: 128277090.5960658
index_list: [(43, 55), (1, 56), (2, 38), (3, 0), (4, 19), (5, 20), (6, 65), (7, 66), (8, 17), (9, 18), (10, 3), (11, 4), (12, 7), (13, 23), (78, 67), (14, 5), (15, 39), (16, 68), (79, 14), (17, 24), (18, 25), (19, 60), (20, 31), (21, 63), (22, 22), (23, 8), (24, 41), (25, 71), (26, 26), (27, 27), (28, 28), (29, 29), (30, 30), (31, 74), (32, 42), (75, 53), (33, 36), (34, 37), (35, 76), (36, 61), (37, 34), (38, 35), (39, 32), (40, 57), (41, 1), (71, 2), (0, 44), (44, 45), (45, 46), (46, 73), (47, 49), (76, 75), (48, 48), (77, 79), (50, 72), (51, 47), (52, 16), (53, 40), (54, 58), (55, 78), (56, 69), (57, 59), (58, 70), (49, 50), (59, 51), (60, 52), (61, 33), (62, 64), (63, 21), (64, 62), (65, 54), (66, 77), (67, 10), (68, 11), (69, 12), (70, 13), (74, 6), (42, 15), (72, 43), (73, 9)]
index list: [55, 56, 38, 0, 19, 20, 65, 66, 17, 18, 3, 4, 7, 23, 67, 5, 39, 68, 14, 24, 25, 60, 31, 63, 22, 8, 41, 71, 26, 27, 28, 29, 30, 74, 42, 53, 36, 37, 76, 61, 34, 35, 32, 57, 1, 2, 44, 45, 46, 73, 49, 75, 48, 79, 72, 47, 16, 40, 58, 78, 69, 59, 70, 50, 51, 52, 33, 64, 21, 62, 54, 77, 10, 11, 12, 13, 6, 15, 43, 9]
index list energy: 2694266.6672055023
Done


