## SLURM PROLOG ###############################################################
##    Job ID : 9199687
##  Job Name : five_day_runs
##  Nodelist : node1112
##      CPUs : 1
##  Mem/Node : 1024 MB
## Directory : /gpfs/data/nfawzi/skale/Fawzi_pycharm_project
##   Started : Fri Dec  6 20:28:25 EST 2019
###############################################################################
program started at:2019-12-06 20:28:25.407942
iterations: 5000000000 temp: 1000000.0 exponent: 0.7 eif: 300.0
time taken (sec): 382110.97116565704
number of iterations: 5000000000
final temperature: 191.58123138056612
og index list: [454, 212, 101, 44, 460, 124, 336, 371, 286, 352, 427, 408, 470, 146, 154, 118, 444, 36, 424, 242, 356, 38, 372, 185, 246, 443, 276, 316, 438, 84, 160, 153, 233, 161, 435, 259, 74, 335, 447, 255, 249, 13, 155, 325, 194, 393, 139, 392, 257, 300, 228, 421, 90, 138, 227, 362, 294, 250, 292, 121, 258, 219, 1, 239, 43, 354, 337, 99, 357, 268, 54, 324, 213, 360, 471, 63, 394, 78, 307, 449, 106, 42, 322, 164, 373, 275, 448, 308, 442, 149, 365, 14, 432, 380, 177, 305, 248, 76, 437, 291, 333, 280, 445, 66, 418, 472, 120, 12, 169, 243, 32, 70, 82, 222, 320, 345, 452, 201, 359, 172, 390, 369, 220, 192, 426, 215, 463, 15, 455, 123, 247, 114, 374, 229, 77, 203, 189, 376, 57, 165, 284, 64, 6, 363, 171, 458, 358, 351, 159, 7, 338, 293, 59, 117, 323, 327, 328, 361, 341, 279, 329, 436, 200, 467, 91, 297, 26, 5, 287, 204, 81, 295, 151, 343, 317, 367, 69, 238, 11, 422, 113, 319, 132, 68, 461, 211, 441, 93, 396, 135, 89, 241, 232, 414, 339, 266, 71, 271, 407, 321, 409, 145, 127, 4, 128, 170, 301, 181, 49, 403, 226, 209, 102, 423, 156, 315, 111, 97, 236, 273, 58, 256, 446, 176, 198, 285, 125, 197, 290, 195, 119, 419, 240, 214, 451, 270, 379, 157, 349, 104, 466, 144, 404, 100, 183, 412, 116, 334, 131, 19, 95, 429, 188, 244, 28, 162, 462, 383, 457, 168, 55, 235, 110, 18, 187, 265, 314, 61, 35, 386, 205, 115, 401, 331, 39, 413, 433, 465, 163, 73, 2, 326, 264, 79, 87, 94, 439, 389, 281, 411, 368, 98, 22, 136, 108, 60, 425, 173, 420, 468, 0, 299, 207, 283, 416, 65, 46, 450, 225, 303, 353, 417, 202, 378, 282, 158, 41, 216, 453, 456, 310, 402, 263, 366, 278, 388, 237, 24, 67, 253, 355, 405, 261, 105, 21, 398, 382, 298, 148, 193, 62, 344, 430, 88, 397, 272, 107, 342, 254, 251, 48, 31, 218, 30, 47, 75, 350, 20, 85, 340, 51, 34, 182, 129, 245, 109, 53, 9, 17, 52, 410, 206, 332, 141, 33, 415, 431, 86, 166, 137, 469, 312, 234, 311, 377, 231, 306, 274, 196, 346, 230, 40, 428, 269, 208, 262, 199, 459, 464, 473, 134, 16, 72, 178, 318, 267, 37, 277, 210, 133, 130, 142, 252, 190, 150, 92, 375, 23, 224, 309, 167, 174, 3, 313, 296, 347, 179, 260, 103, 385, 289, 8, 186, 96, 147, 364, 400, 112, 25, 288, 126, 184, 83, 27, 217, 140, 191, 440, 80, 381, 406, 434, 348, 384, 223, 221, 180, 304, 143, 29, 50, 395, 152, 330, 302, 175, 56, 391, 45, 399, 387, 10, 370, 122]
og index list energy: 90083105.49617288
index list: [234, 205, 235, 301, 227, 30, 376, 76, 107, 259, 338, 330, 132, 217, 402, 320, 58, 54, 426, 210, 249, 33, 431, 37, 337, 31, 40, 251, 214, 192, 462, 175, 295, 469, 168, 453, 427, 321, 324, 99, 442, 456, 173, 140, 323, 220, 423, 213, 72, 448, 221, 398, 392, 383, 314, 281, 239, 50, 97, 286, 263, 80, 36, 342, 116, 357, 243, 343, 335, 1, 113, 164, 169, 404, 199, 206, 424, 160, 388, 225, 282, 463, 93, 468, 351, 151, 109, 86, 258, 149, 180, 254, 300, 41, 278, 272, 298, 167, 246, 142, 347, 229, 437, 117, 64, 155, 360, 88, 461, 106, 269, 84, 38, 346, 260, 460, 430, 115, 400, 247, 75, 150, 137, 370, 395, 472, 13, 237, 288, 0, 425, 290, 304, 302, 410, 178, 303, 313, 43, 114, 432, 211, 101, 283, 325, 317, 284, 78, 23, 51, 471, 32, 2, 261, 470, 179, 312, 57, 162, 412, 422, 440, 228, 331, 334, 457, 394, 42, 19, 411, 377, 201, 9, 459, 406, 189, 352, 21, 297, 129, 156, 299, 56, 135, 69, 81, 467, 245, 230, 73, 146, 374, 181, 328, 408, 417, 124, 203, 170, 340, 294, 44, 71, 12, 103, 368, 10, 436, 174, 241, 122, 413, 445, 415, 5, 191, 4, 209, 18, 378, 336, 163, 308, 264, 287, 98, 452, 87, 63, 332, 416, 90, 134, 125, 3, 316, 458, 233, 420, 405, 195, 186, 419, 158, 389, 131, 270, 59, 329, 327, 223, 322, 421, 296, 130, 348, 198, 397, 280, 349, 165, 473, 359, 207, 200, 354, 6, 366, 27, 403, 79, 89, 60, 92, 369, 119, 429, 381, 385, 83, 82, 157, 148, 244, 373, 387, 194, 196, 197, 190, 438, 434, 25, 390, 240, 273, 215, 275, 365, 16, 375, 29, 341, 147, 339, 22, 450, 208, 153, 384, 45, 15, 361, 219, 464, 112, 238, 136, 48, 67, 143, 127, 380, 35, 28, 454, 102, 276, 182, 202, 250, 252, 363, 367, 226, 177, 393, 382, 183, 433, 8, 184, 34, 356, 345, 70, 85, 61, 138, 77, 409, 333, 446, 466, 187, 291, 350, 176, 372, 100, 414, 224, 396, 274, 262, 371, 39, 204, 95, 55, 358, 26, 399, 24, 66, 11, 441, 159, 52, 91, 443, 289, 222, 379, 326, 428, 267, 20, 391, 292, 315, 171, 94, 166, 310, 111, 68, 265, 212, 353, 218, 121, 154, 118, 307, 216, 120, 257, 256, 255, 355, 14, 465, 123, 62, 418, 7, 47, 110, 65, 128, 447, 364, 279, 407, 141, 46, 145, 231, 152, 401, 161, 232, 309, 268, 305, 306, 236, 104, 188, 193, 444, 271, 108, 49, 386, 133, 455, 248, 144, 139, 105, 285, 96, 311, 53, 435, 277, 293, 266, 449, 439, 319, 172, 242, 451, 318, 185, 344, 74, 362, 253, 17, 126]
index list energy: 1614754.3196183618
Done





program ended at: 2019-12-11 20:18:25.414627 
 time delta: 4 days, 23:50:00.006685
