## SLURM PROLOG ###############################################################
##    Job ID : 9199626
##  Job Name : five_day_runs
##  Nodelist : node1313
##      CPUs : 1
##  Mem/Node : 1024 MB
## Directory : /gpfs/data/nfawzi/skale/Fawzi_pycharm_project
##   Started : Fri Dec  6 20:27:56 EST 2019
###############################################################################
program started at:2019-12-06 20:27:56.518765
iterations: 5000000000 temp: 1000000.0 exponent: 0.7 eif: 300.0
time taken (sec): 357187.08506798744
number of iterations: 5000000000
final temperature: 191.58123138056612
og index list: [239, 289, 139, 60, 233, 362, 438, 30, 2, 201, 329, 394, 143, 236, 313, 343, 270, 73, 133, 387, 58, 29, 48, 430, 170, 194, 450, 372, 26, 203, 110, 347, 369, 43, 315, 292, 85, 330, 235, 99, 342, 1, 451, 446, 253, 19, 349, 247, 146, 18, 308, 41, 36, 423, 66, 101, 340, 397, 437, 250, 259, 161, 456, 152, 205, 341, 54, 219, 68, 96, 334, 80, 274, 395, 128, 64, 439, 39, 163, 5, 138, 429, 351, 241, 200, 227, 32, 255, 277, 119, 182, 189, 398, 78, 354, 368, 213, 74, 317, 211, 83, 287, 112, 169, 114, 10, 12, 318, 159, 252, 115, 379, 441, 61, 173, 466, 467, 202, 140, 149, 20, 198, 34, 381, 238, 221, 268, 31, 232, 307, 141, 338, 297, 22, 35, 333, 282, 454, 105, 171, 288, 332, 265, 225, 433, 256, 216, 79, 385, 458, 413, 449, 237, 142, 14, 11, 183, 88, 40, 56, 168, 95, 284, 303, 272, 104, 9, 176, 90, 302, 293, 55, 407, 33, 422, 116, 77, 175, 72, 300, 339, 153, 87, 47, 468, 360, 294, 417, 457, 226, 301, 215, 427, 188, 93, 336, 195, 214, 278, 185, 405, 380, 126, 160, 229, 65, 242, 53, 70, 448, 443, 396, 257, 382, 49, 404, 122, 192, 445, 376, 158, 276, 180, 269, 62, 326, 15, 129, 295, 121, 365, 151, 249, 111, 393, 197, 86, 82, 415, 145, 148, 147, 118, 89, 331, 220, 44, 431, 212, 71, 206, 366, 59, 346, 75, 473, 359, 335, 406, 418, 375, 310, 463, 421, 400, 230, 209, 471, 355, 324, 283, 464, 378, 156, 344, 444, 37, 178, 386, 312, 124, 98, 472, 314, 264, 321, 279, 150, 248, 345, 353, 137, 181, 436, 13, 228, 244, 46, 410, 273, 409, 350, 411, 462, 402, 240, 251, 267, 361, 320, 199, 275, 440, 356, 469, 132, 367, 131, 414, 352, 52, 408, 399, 155, 392, 76, 177, 45, 434, 42, 125, 290, 16, 377, 461, 322, 455, 373, 179, 319, 261, 81, 459, 57, 299, 348, 426, 223, 234, 281, 309, 187, 3, 358, 401, 435, 107, 323, 207, 134, 442, 186, 425, 84, 210, 325, 311, 164, 304, 174, 6, 243, 420, 193, 453, 412, 191, 470, 403, 117, 24, 23, 217, 383, 0, 231, 391, 91, 254, 286, 419, 63, 258, 184, 280, 262, 266, 285, 120, 8, 67, 103, 357, 25, 384, 172, 328, 17, 106, 465, 371, 136, 218, 306, 460, 162, 28, 51, 102, 390, 271, 165, 92, 94, 298, 224, 327, 4, 69, 166, 428, 337, 291, 263, 113, 123, 167, 374, 388, 208, 363, 204, 389, 38, 432, 7, 27, 370, 50, 109, 130, 144, 424, 154, 452, 364, 100, 190, 108, 21, 447, 157, 196, 246, 245, 260, 97, 222, 316, 135, 296, 127, 416, 305]
og index list energy: 132425680.4639161
index list: [234, 205, 17, 184, 227, 30, 418, 76, 107, 301, 330, 338, 132, 217, 462, 320, 58, 54, 423, 0, 19, 33, 392, 32, 2, 329, 149, 188, 24, 66, 11, 92, 159, 463, 437, 145, 360, 231, 152, 46, 270, 377, 432, 278, 156, 78, 129, 458, 240, 242, 319, 433, 394, 339, 259, 187, 291, 182, 273, 285, 318, 29, 342, 151, 114, 457, 147, 440, 247, 249, 104, 164, 169, 447, 16, 158, 368, 7, 47, 59, 404, 6, 93, 391, 267, 193, 75, 23, 456, 25, 180, 254, 268, 236, 335, 28, 357, 466, 297, 142, 435, 229, 167, 420, 445, 349, 207, 200, 358, 443, 263, 366, 219, 176, 35, 15, 396, 209, 370, 199, 210, 461, 430, 374, 208, 153, 45, 448, 306, 307, 264, 280, 71, 154, 344, 121, 303, 313, 43, 289, 256, 255, 179, 351, 325, 86, 8, 446, 166, 125, 127, 37, 337, 376, 304, 178, 471, 61, 77, 359, 413, 271, 228, 331, 379, 470, 185, 85, 13, 405, 398, 201, 9, 381, 41, 39, 3, 316, 51, 137, 118, 21, 40, 160, 50, 69, 390, 245, 68, 52, 91, 90, 135, 1, 388, 409, 174, 203, 170, 110, 123, 378, 322, 12, 105, 136, 10, 82, 383, 241, 362, 441, 399, 451, 4, 191, 14, 251, 38, 120, 31, 257, 216, 18, 473, 276, 102, 334, 225, 282, 416, 100, 454, 109, 324, 279, 397, 321, 354, 411, 468, 186, 375, 333, 400, 131, 235, 302, 401, 81, 126, 250, 134, 310, 130, 122, 198, 168, 294, 393, 44, 365, 472, 460, 206, 20, 425, 27, 67, 407, 79, 89, 60, 427, 455, 62, 386, 408, 34, 53, 288, 421, 98, 244, 444, 469, 196, 5, 190, 197, 356, 426, 237, 459, 183, 99, 215, 275, 424, 116, 26, 113, 452, 380, 274, 22, 146, 348, 95, 55, 141, 73, 230, 369, 350, 248, 232, 161, 173, 221, 323, 175, 295, 410, 286, 213, 422, 300, 258, 311, 172, 355, 224, 436, 252, 181, 328, 340, 450, 194, 189, 345, 414, 429, 192, 214, 353, 346, 84, 97, 281, 314, 305, 239, 165, 312, 385, 65, 442, 128, 42, 222, 261, 389, 106, 269, 262, 336, 395, 238, 112, 70, 138, 384, 150, 80, 115, 419, 467, 361, 177, 373, 36, 343, 212, 372, 253, 464, 347, 226, 298, 272, 315, 171, 327, 309, 195, 428, 434, 415, 290, 326, 284, 412, 223, 371, 438, 243, 108, 124, 49, 387, 260, 453, 292, 363, 117, 64, 155, 119, 287, 341, 265, 308, 163, 402, 449, 266, 277, 382, 465, 293, 74, 299, 220, 103, 140, 162, 317, 417, 56, 439, 202, 48, 139, 144, 72, 367, 57, 133, 431, 332, 218, 96, 111, 246, 143, 87, 63, 88, 157, 406, 352, 148, 233, 83, 403, 296, 94, 364, 211, 101, 283, 204]
index list energy: 1633845.1314021854
Done





program ended at: 2019-12-11 20:17:56.578568 
 time delta: 4 days, 23:50:00.059803
