## SLURM PROLOG ###############################################################
##    Job ID : 9199642
##  Job Name : five_day_runs
##  Nodelist : node1301
##      CPUs : 1
##  Mem/Node : 1024 MB
## Directory : /gpfs/data/nfawzi/skale/Fawzi_pycharm_project
##   Started : Fri Dec  6 20:27:55 EST 2019
###############################################################################
program started at:2019-12-06 20:27:56.022235
iterations: 5000000000 temp: 1000000.0 exponent: 0.7 eif: 300.0
time taken (sec): 427560.215610981
number of iterations: 5000000000
final temperature: 191.58123138056612
og index list: [159, 152, 41, 213, 8, 341, 363, 345, 267, 94, 139, 164, 216, 420, 232, 43, 439, 432, 22, 142, 163, 191, 373, 201, 185, 354, 376, 129, 260, 320, 468, 302, 369, 174, 288, 205, 274, 333, 173, 416, 131, 57, 192, 284, 2, 195, 434, 280, 334, 395, 291, 391, 6, 411, 296, 64, 105, 257, 311, 93, 394, 9, 314, 55, 241, 471, 462, 469, 339, 414, 346, 183, 221, 372, 154, 181, 368, 360, 28, 120, 327, 364, 12, 428, 168, 230, 219, 235, 389, 436, 444, 80, 51, 438, 134, 212, 347, 83, 396, 358, 66, 243, 253, 101, 60, 196, 198, 91, 165, 461, 78, 448, 135, 69, 178, 231, 61, 418, 103, 264, 149, 156, 70, 325, 86, 265, 200, 261, 402, 298, 440, 467, 459, 114, 377, 386, 399, 16, 34, 73, 392, 141, 239, 437, 10, 204, 1, 383, 244, 210, 107, 98, 430, 104, 278, 89, 281, 21, 403, 11, 424, 367, 273, 443, 310, 50, 272, 193, 108, 289, 229, 249, 319, 132, 67, 384, 74, 5, 329, 54, 351, 182, 138, 269, 30, 223, 90, 199, 405, 362, 237, 460, 31, 247, 271, 246, 112, 227, 242, 113, 38, 290, 172, 124, 457, 211, 225, 266, 63, 127, 140, 189, 331, 88, 15, 20, 233, 295, 148, 317, 234, 361, 400, 248, 24, 445, 304, 197, 158, 385, 421, 116, 332, 326, 0, 470, 166, 240, 343, 3, 382, 194, 177, 397, 35, 419, 110, 71, 72, 45, 40, 413, 294, 378, 356, 81, 340, 312, 167, 123, 435, 95, 130, 92, 13, 352, 375, 68, 217, 425, 458, 408, 4, 374, 380, 292, 447, 449, 473, 48, 259, 59, 18, 228, 330, 262, 472, 147, 417, 371, 75, 126, 410, 146, 422, 155, 323, 47, 37, 337, 29, 466, 393, 285, 454, 250, 180, 251, 203, 315, 406, 32, 390, 398, 366, 318, 161, 144, 215, 456, 23, 370, 26, 65, 214, 224, 409, 283, 286, 328, 426, 463, 222, 322, 53, 359, 157, 299, 171, 150, 293, 209, 297, 118, 14, 44, 349, 56, 306, 121, 423, 451, 268, 117, 226, 184, 208, 17, 85, 450, 305, 125, 87, 313, 344, 388, 308, 238, 220, 324, 36, 316, 190, 342, 455, 175, 303, 431, 206, 42, 415, 33, 279, 245, 301, 441, 427, 187, 276, 275, 49, 379, 202, 133, 446, 433, 170, 350, 96, 137, 300, 7, 100, 309, 207, 336, 381, 338, 407, 263, 348, 169, 62, 176, 270, 218, 99, 84, 151, 79, 277, 353, 452, 76, 102, 19, 143, 109, 412, 179, 97, 258, 119, 27, 355, 136, 58, 464, 256, 465, 153, 128, 52, 429, 252, 162, 365, 25, 46, 186, 106, 404, 321, 122, 188, 387, 82, 255, 160, 401, 236, 111, 282, 145, 307, 39, 287, 357, 115, 77, 442, 335, 453, 254]
og index list energy: 119512316.32668628
index list: [234, 250, 17, 184, 227, 30, 386, 76, 107, 301, 279, 364, 235, 302, 444, 320, 58, 0, 394, 243, 366, 33, 412, 37, 337, 170, 255, 209, 378, 211, 372, 402, 108, 388, 109, 269, 392, 124, 87, 63, 88, 429, 341, 56, 44, 118, 43, 451, 113, 421, 27, 244, 442, 339, 259, 187, 291, 97, 286, 84, 263, 80, 253, 151, 114, 391, 210, 455, 164, 296, 29, 297, 142, 406, 199, 362, 330, 132, 217, 338, 260, 344, 93, 379, 369, 106, 96, 31, 414, 25, 180, 254, 300, 218, 204, 28, 445, 322, 145, 144, 161, 232, 248, 437, 461, 459, 432, 194, 189, 456, 192, 405, 219, 176, 35, 15, 422, 335, 351, 375, 115, 150, 61, 138, 77, 85, 13, 404, 185, 411, 212, 385, 237, 71, 438, 280, 308, 313, 163, 287, 265, 117, 121, 154, 64, 104, 155, 292, 166, 125, 127, 32, 2, 409, 49, 178, 357, 1, 130, 401, 465, 271, 228, 331, 435, 83, 389, 143, 233, 433, 363, 201, 9, 418, 41, 39, 226, 283, 278, 298, 272, 246, 8, 50, 69, 81, 377, 202, 68, 52, 134, 395, 135, 90, 424, 407, 463, 203, 116, 348, 285, 242, 213, 12, 105, 358, 59, 332, 439, 148, 157, 408, 376, 428, 4, 191, 14, 251, 38, 120, 336, 317, 123, 82, 423, 276, 102, 334, 225, 282, 374, 100, 447, 169, 3, 316, 457, 122, 256, 387, 23, 186, 328, 333, 471, 131, 325, 305, 239, 314, 281, 205, 188, 224, 398, 78, 198, 468, 54, 380, 18, 427, 454, 207, 200, 249, 413, 460, 67, 464, 79, 89, 60, 403, 288, 34, 382, 36, 347, 53, 133, 353, 241, 86, 420, 352, 196, 5, 190, 197, 371, 94, 240, 349, 183, 40, 215, 275, 359, 229, 167, 383, 462, 247, 75, 416, 208, 450, 19, 365, 449, 274, 22, 146, 171, 95, 55, 410, 220, 221, 323, 99, 270, 430, 6, 354, 153, 45, 73, 245, 48, 434, 257, 216, 384, 177, 425, 397, 321, 452, 324, 294, 415, 168, 393, 173, 340, 175, 295, 381, 119, 360, 306, 307, 165, 312, 367, 65, 355, 128, 42, 222, 160, 139, 436, 453, 20, 262, 206, 417, 448, 26, 431, 24, 66, 11, 373, 159, 91, 92, 181, 345, 252, 16, 399, 182, 258, 129, 156, 396, 149, 342, 311, 174, 310, 111, 236, 230, 141, 473, 10, 346, 231, 152, 46, 426, 361, 172, 318, 319, 356, 273, 470, 400, 62, 441, 7, 47, 466, 110, 370, 158, 446, 136, 70, 238, 467, 266, 277, 469, 458, 293, 74, 299, 140, 103, 368, 162, 264, 472, 193, 137, 126, 195, 343, 327, 101, 223, 329, 179, 443, 51, 309, 268, 315, 147, 57, 214, 440, 261, 21, 350, 267, 98, 284, 326, 390, 289, 419, 290, 304, 303, 112, 72]
index list energy: 1585772.2375228298
Done




program ended at: 2019-12-11 20:17:56.024132 
 time delta: 4 days, 23:50:00.001897
