## SLURM PROLOG ###############################################################
##    Job ID : 2089015
##  Job Name : pypy_1e9
##  Nodelist : node1306
##      CPUs : 1
##  Mem/Node : 1024 MB
## Directory : /gpfs/data/nfawzi/skale/Fawzi_pycharm_project
##   Started : Fri Jan 18 13:06:43 EST 2019
###############################################################################
iterations: 10000000 temp: 1000000.0 exponent: 0.7 eif: 200.0
time taken (sec): 896.0320746898651
number of iterations: 10000000
og index list: [(43, 22), (1, 43), (2, 8), (3, 70), (4, 46), (5, 69), (6, 64), (7, 5), (8, 31), (9, 54), (10, 47), (11, 35), (12, 9), (13, 0), (78, 60), (14, 50), (15, 36), (16, 57), (79, 23), (17, 14), (18, 58), (19, 66), (20, 76), (21, 38), (22, 72), (23, 2), (24, 74), (25, 44), (26, 42), (27, 20), (28, 16), (29, 48), (30, 12), (31, 56), (32, 79), (75, 21), (33, 25), (34, 73), (35, 27), (36, 49), (37, 71), (38, 59), (39, 19), (40, 11), (41, 62), (71, 45), (0, 13), (44, 33), (45, 68), (46, 24), (47, 52), (76, 39), (48, 3), (77, 29), (50, 67), (51, 55), (52, 26), (53, 51), (54, 1), (55, 28), (56, 40), (57, 17), (58, 34), (49, 10), (59, 18), (60, 15), (61, 41), (62, 63), (63, 61), (64, 7), (65, 32), (66, 75), (67, 30), (68, 4), (69, 37), (70, 77), (74, 65), (42, 78), (72, 6), (73, 53)]
og index list energy: 104380843.69814153
index_list: [(43, 0), (1, 1), (2, 2), (3, 3), (4, 4), (5, 5), (6, 6), (7, 7), (8, 8), (9, 9), (10, 10), (11, 11), (12, 12), (13, 13), (78, 78), (14, 14), (15, 15), (16, 16), (79, 49), (17, 17), (18, 18), (19, 19), (20, 20), (21, 21), (22, 22), (23, 23), (24, 24), (25, 25), (26, 26), (27, 27), (28, 28), (29, 29), (30, 30), (31, 31), (32, 32), (75, 74), (33, 33), (34, 34), (35, 35), (36, 36), (37, 37), (38, 38), (39, 39), (40, 40), (41, 41), (71, 71), (0, 75), (44, 43), (45, 44), (46, 45), (47, 46), (76, 47), (48, 48), (77, 77), (50, 50), (51, 51), (52, 52), (53, 53), (54, 54), (55, 55), (56, 56), (57, 57), (58, 58), (49, 79), (59, 59), (60, 60), (61, 61), (62, 62), (63, 63), (64, 64), (65, 65), (66, 66), (67, 67), (68, 68), (69, 69), (70, 70), (74, 76), (42, 42), (72, 72), (73, 73)]
index list: [0, 1, 2, 3, 4, 5, 6, 7, 8, 9, 10, 11, 12, 13, 78, 14, 15, 16, 49, 17, 18, 19, 20, 21, 22, 23, 24, 25, 26, 27, 28, 29, 30, 31, 32, 74, 33, 34, 35, 36, 37, 38, 39, 40, 41, 71, 75, 43, 44, 45, 46, 47, 48, 77, 50, 51, 52, 53, 54, 55, 56, 57, 58, 79, 59, 60, 61, 62, 63, 64, 65, 66, 67, 68, 69, 70, 76, 42, 72, 73]
index list energy: 101170.45780373305
Done


iterations: 10000000 temp: 1000000.0 exponent: 0.7 eif: 200.0
time taken (sec): 831.1033809185028
number of iterations: 10000000
og index list: [(43, 15), (1, 51), (2, 43), (3, 30), (4, 21), (5, 67), (6, 49), (7, 27), (8, 39), (9, 28), (10, 9), (11, 2), (12, 69), (13, 17), (78, 55), (14, 12), (15, 22), (16, 46), (79, 40), (17, 77), (18, 45), (19, 10), (20, 48), (21, 34), (22, 75), (23, 72), (24, 24), (25, 76), (26, 60), (27, 20), (28, 6), (29, 25), (30, 41), (31, 18), (32, 26), (75, 50), (33, 54), (34, 74), (35, 62), (36, 14), (37, 5), (38, 0), (39, 42), (40, 11), (41, 70), (71, 66), (0, 29), (44, 1), (45, 32), (46, 23), (47, 68), (76, 13), (48, 58), (77, 3), (50, 57), (51, 36), (52, 16), (53, 44), (54, 65), (55, 79), (56, 71), (57, 4), (58, 33), (49, 37), (59, 53), (60, 73), (61, 78), (62, 35), (63, 59), (64, 63), (65, 56), (66, 64), (67, 47), (68, 38), (69, 7), (70, 61), (74, 19), (42, 52), (72, 31), (73, 8)]
og index list energy: 127077860.15393527
index_list: [(43, 72), (1, 1), (2, 2), (3, 77), (4, 14), (5, 5), (6, 79), (7, 17), (8, 18), (9, 6), (10, 7), (11, 8), (12, 9), (13, 10), (78, 11), (14, 12), (15, 13), (16, 16), (79, 0), (17, 73), (18, 76), (19, 19), (20, 20), (21, 21), (22, 22), (23, 23), (24, 24), (25, 25), (26, 26), (27, 27), (28, 28), (29, 29), (30, 30), (31, 31), (32, 32), (75, 75), (33, 33), (34, 34), (35, 35), (36, 36), (37, 37), (38, 38), (39, 39), (40, 40), (41, 41), (71, 74), (0, 42), (44, 43), (45, 44), (46, 45), (47, 46), (76, 47), (48, 48), (77, 49), (50, 50), (51, 51), (52, 52), (53, 53), (54, 54), (55, 55), (56, 56), (57, 57), (58, 58), (49, 78), (59, 59), (60, 60), (61, 61), (62, 62), (63, 63), (64, 64), (65, 65), (66, 66), (67, 67), (68, 68), (69, 69), (70, 70), (74, 71), (42, 4), (72, 15), (73, 3)]
index list: [72, 1, 2, 77, 14, 5, 79, 17, 18, 6, 7, 8, 9, 10, 11, 12, 13, 16, 0, 73, 76, 19, 20, 21, 22, 23, 24, 25, 26, 27, 28, 29, 30, 31, 32, 75, 33, 34, 35, 36, 37, 38, 39, 40, 41, 74, 42, 43, 44, 45, 46, 47, 48, 49, 50, 51, 52, 53, 54, 55, 56, 57, 58, 78, 59, 60, 61, 62, 63, 64, 65, 66, 67, 68, 69, 70, 71, 4, 15, 3]
index list energy: 168651.23023641753
Done


iterations: 10000000 temp: 1000000.0 exponent: 0.7 eif: 200.0
time taken (sec): 853.3964717388153
number of iterations: 10000000
og index list: [(43, 77), (1, 28), (2, 64), (3, 72), (4, 59), (5, 46), (6, 14), (7, 66), (8, 0), (9, 20), (10, 47), (11, 73), (12, 70), (13, 52), (78, 3), (14, 12), (15, 18), (16, 79), (79, 30), (17, 29), (18, 16), (19, 65), (20, 8), (21, 74), (22, 37), (23, 38), (24, 55), (25, 10), (26, 35), (27, 51), (28, 43), (29, 32), (30, 56), (31, 57), (32, 44), (75, 53), (33, 4), (34, 40), (35, 60), (36, 68), (37, 58), (38, 23), (39, 13), (40, 9), (41, 67), (71, 25), (0, 6), (44, 31), (45, 69), (46, 22), (47, 27), (76, 15), (48, 61), (77, 21), (50, 2), (51, 33), (52, 17), (53, 45), (54, 50), (55, 71), (56, 5), (57, 76), (58, 34), (49, 7), (59, 75), (60, 41), (61, 54), (62, 78), (63, 11), (64, 48), (65, 26), (66, 63), (67, 62), (68, 1), (69, 39), (70, 36), (74, 42), (42, 49), (72, 24), (73, 19)]
og index list energy: 95155688.68059397
index_list: [(43, 18), (1, 1), (2, 2), (3, 77), (4, 14), (5, 5), (6, 6), (7, 7), (8, 8), (9, 9), (10, 10), (11, 11), (12, 12), (13, 13), (78, 16), (14, 76), (15, 17), (16, 74), (79, 72), (17, 73), (18, 75), (19, 19), (20, 20), (21, 21), (22, 22), (23, 23), (24, 24), (25, 25), (26, 26), (27, 27), (28, 28), (29, 29), (30, 30), (31, 31), (32, 32), (75, 49), (33, 33), (34, 34), (35, 35), (36, 36), (37, 37), (38, 38), (39, 39), (40, 40), (41, 41), (71, 79), (0, 42), (44, 43), (45, 44), (46, 45), (47, 46), (76, 47), (48, 48), (77, 0), (50, 50), (51, 51), (52, 52), (53, 53), (54, 54), (55, 55), (56, 56), (57, 57), (58, 58), (49, 78), (59, 59), (60, 60), (61, 61), (62, 62), (63, 63), (64, 64), (65, 65), (66, 66), (67, 67), (68, 68), (69, 69), (70, 70), (74, 71), (42, 4), (72, 15), (73, 3)]
index list: [18, 1, 2, 77, 14, 5, 6, 7, 8, 9, 10, 11, 12, 13, 16, 76, 17, 74, 72, 73, 75, 19, 20, 21, 22, 23, 24, 25, 26, 27, 28, 29, 30, 31, 32, 49, 33, 34, 35, 36, 37, 38, 39, 40, 41, 79, 42, 43, 44, 45, 46, 47, 48, 0, 50, 51, 52, 53, 54, 55, 56, 57, 58, 78, 59, 60, 61, 62, 63, 64, 65, 66, 67, 68, 69, 70, 71, 4, 15, 3]
index list energy: 174234.55076841105
Done


iterations: 10000000 temp: 1000000.0 exponent: 0.7 eif: 200.0
time taken (sec): 938.4142844676971
number of iterations: 10000000
og index list: [(43, 56), (1, 49), (2, 19), (3, 23), (4, 5), (5, 61), (6, 68), (7, 51), (8, 41), (9, 58), (10, 43), (11, 66), (12, 7), (13, 78), (78, 27), (14, 3), (15, 65), (16, 73), (79, 48), (17, 54), (18, 67), (19, 14), (20, 8), (21, 6), (22, 22), (23, 57), (24, 17), (25, 29), (26, 2), (27, 40), (28, 20), (29, 15), (30, 62), (31, 1), (32, 31), (75, 53), (33, 77), (34, 30), (35, 69), (36, 79), (37, 64), (38, 46), (39, 11), (40, 37), (41, 16), (71, 47), (0, 35), (44, 42), (45, 25), (46, 59), (47, 33), (76, 34), (48, 74), (77, 52), (50, 75), (51, 63), (52, 18), (53, 9), (54, 50), (55, 21), (56, 70), (57, 55), (58, 4), (49, 10), (59, 36), (60, 71), (61, 32), (62, 0), (63, 24), (64, 72), (65, 26), (66, 76), (67, 45), (68, 39), (69, 60), (70, 13), (74, 44), (42, 28), (72, 38), (73, 12)]
og index list energy: 78762803.61364943
index_list: [(43, 0), (1, 1), (2, 2), (3, 3), (4, 4), (5, 5), (6, 6), (7, 7), (8, 8), (9, 9), (10, 10), (11, 11), (12, 12), (13, 13), (78, 76), (14, 14), (15, 15), (16, 16), (79, 49), (17, 17), (18, 18), (19, 19), (20, 20), (21, 21), (22, 22), (23, 23), (24, 24), (25, 25), (26, 26), (27, 27), (28, 28), (29, 29), (30, 30), (31, 31), (32, 32), (75, 79), (33, 33), (34, 34), (35, 35), (36, 36), (37, 37), (38, 38), (39, 39), (40, 40), (41, 41), (71, 77), (0, 42), (44, 43), (45, 44), (46, 45), (47, 46), (76, 47), (48, 48), (77, 74), (50, 50), (51, 51), (52, 52), (53, 53), (54, 54), (55, 55), (56, 56), (57, 57), (58, 58), (49, 75), (59, 59), (60, 60), (61, 61), (62, 62), (63, 63), (64, 64), (65, 65), (66, 66), (67, 67), (68, 68), (69, 69), (70, 70), (74, 71), (42, 78), (72, 72), (73, 73)]
index list: [0, 1, 2, 3, 4, 5, 6, 7, 8, 9, 10, 11, 12, 13, 76, 14, 15, 16, 49, 17, 18, 19, 20, 21, 22, 23, 24, 25, 26, 27, 28, 29, 30, 31, 32, 79, 33, 34, 35, 36, 37, 38, 39, 40, 41, 77, 42, 43, 44, 45, 46, 47, 48, 74, 50, 51, 52, 53, 54, 55, 56, 57, 58, 75, 59, 60, 61, 62, 63, 64, 65, 66, 67, 68, 69, 70, 71, 78, 72, 73]
index list energy: 91509.82393678771
Done


iterations: 10000000 temp: 1000000.0 exponent: 0.7 eif: 200.0
time taken (sec): 8.92519998550415
number of iterations: 211996
og index list: [(43, 53), (1, 34), (2, 40), (3, 17), (4, 55), (5, 24), (6, 71), (7, 44), (8, 0), (9, 52), (10, 67), (11, 42), (12, 68), (13, 64), (78, 62), (14, 66), (15, 12), (16, 72), (79, 41), (17, 26), (18, 59), (19, 50), (20, 27), (21, 13), (22, 6), (23, 74), (24, 45), (25, 4), (26, 3), (27, 18), (28, 63), (29, 36), (30, 28), (31, 22), (32, 47), (75, 9), (33, 43), (34, 25), (35, 15), (36, 54), (37, 20), (38, 10), (39, 8), (40, 61), (41, 79), (71, 51), (0, 5), (44, 19), (45, 60), (46, 73), (47, 70), (76, 58), (48, 11), (77, 57), (50, 75), (51, 46), (52, 65), (53, 2), (54, 33), (55, 29), (56, 76), (57, 30), (58, 77), (49, 38), (59, 35), (60, 39), (61, 32), (62, 31), (63, 1), (64, 23), (65, 78), (66, 14), (67, 49), (68, 69), (69, 37), (70, 7), (74, 48), (42, 56), (72, 16), (73, 21)]
og index list energy: 100078610.96813482
index list energy: 35006811.68750313
Done


