## SLURM PROLOG ###############################################################
##    Job ID : 9199671
##  Job Name : five_day_runs
##  Nodelist : node1102
##      CPUs : 1
##  Mem/Node : 1024 MB
## Directory : /gpfs/data/nfawzi/skale/Fawzi_pycharm_project
##   Started : Fri Dec  6 20:28:26 EST 2019
###############################################################################
program started at:2019-12-06 20:28:26.664624
iterations: 5000000000 temp: 1000000.0 exponent: 0.7 eif: 300.0
time taken (sec): 341462.02152109146
number of iterations: 5000000000
final temperature: 191.58123138056612
og index list: [198, 441, 281, 257, 232, 196, 222, 167, 414, 149, 98, 407, 390, 442, 90, 138, 13, 427, 186, 174, 444, 253, 43, 471, 75, 321, 180, 68, 212, 251, 351, 185, 320, 147, 122, 263, 459, 227, 370, 102, 277, 327, 18, 190, 67, 461, 383, 268, 451, 89, 276, 223, 62, 37, 411, 453, 194, 191, 66, 311, 386, 139, 145, 0, 69, 115, 181, 301, 51, 346, 443, 76, 105, 173, 159, 426, 465, 374, 33, 71, 70, 103, 472, 121, 376, 113, 219, 226, 65, 117, 213, 278, 128, 241, 424, 387, 438, 366, 279, 466, 85, 293, 399, 26, 363, 332, 331, 164, 94, 460, 239, 236, 262, 200, 126, 150, 27, 400, 178, 344, 360, 84, 265, 168, 214, 447, 109, 36, 246, 87, 207, 148, 106, 270, 325, 136, 187, 231, 55, 6, 50, 284, 110, 41, 413, 348, 74, 326, 267, 229, 205, 395, 286, 323, 377, 203, 457, 220, 468, 53, 391, 373, 114, 216, 312, 379, 269, 40, 240, 340, 235, 448, 59, 412, 324, 298, 108, 123, 57, 160, 234, 299, 342, 176, 264, 237, 19, 238, 129, 421, 64, 28, 371, 192, 450, 449, 155, 39, 135, 25, 202, 140, 357, 9, 339, 435, 44, 29, 131, 127, 462, 408, 153, 260, 445, 188, 309, 418, 437, 233, 152, 283, 417, 289, 166, 341, 34, 24, 317, 243, 345, 215, 401, 329, 132, 316, 11, 171, 175, 378, 385, 350, 319, 258, 31, 274, 120, 393, 416, 100, 355, 183, 211, 197, 151, 217, 397, 429, 294, 21, 125, 141, 189, 419, 272, 54, 3, 362, 358, 133, 104, 17, 273, 415, 16, 208, 349, 306, 336, 79, 199, 137, 398, 23, 304, 458, 297, 158, 254, 42, 95, 356, 343, 146, 434, 2, 8, 425, 252, 218, 352, 359, 82, 48, 83, 256, 182, 406, 296, 143, 314, 335, 464, 467, 247, 72, 230, 99, 60, 271, 255, 101, 303, 47, 58, 310, 469, 30, 364, 45, 365, 248, 5, 162, 179, 382, 142, 210, 107, 184, 372, 52, 116, 32, 369, 291, 422, 290, 97, 282, 353, 318, 455, 302, 61, 245, 15, 78, 224, 221, 428, 92, 368, 288, 156, 403, 204, 154, 259, 473, 430, 157, 7, 285, 88, 333, 124, 93, 14, 96, 446, 322, 330, 266, 388, 165, 206, 315, 193, 292, 228, 389, 22, 423, 35, 347, 361, 244, 431, 313, 38, 46, 402, 10, 300, 201, 77, 381, 250, 170, 452, 130, 375, 404, 337, 328, 261, 12, 172, 432, 118, 380, 384, 111, 394, 280, 209, 49, 338, 249, 305, 308, 456, 161, 307, 119, 439, 80, 396, 409, 81, 287, 367, 440, 242, 275, 410, 56, 195, 225, 4, 73, 20, 169, 463, 433, 177, 63, 1, 334, 436, 144, 454, 163, 112, 392, 91, 86, 470, 134, 295, 354, 420, 405]
og index list energy: 126288741.9341267
index list: [234, 205, 257, 216, 322, 30, 395, 76, 107, 301, 34, 330, 132, 227, 388, 320, 195, 460, 425, 210, 249, 33, 358, 37, 337, 393, 149, 188, 24, 66, 11, 92, 258, 359, 353, 22, 473, 236, 243, 407, 260, 306, 338, 259, 187, 438, 268, 403, 113, 404, 286, 263, 443, 399, 314, 281, 239, 264, 352, 223, 364, 250, 253, 151, 114, 442, 147, 386, 165, 291, 86, 164, 169, 434, 270, 56, 44, 69, 444, 225, 282, 375, 93, 456, 396, 39, 376, 283, 23, 97, 180, 254, 300, 326, 214, 28, 452, 129, 85, 78, 446, 335, 346, 55, 417, 343, 194, 196, 189, 431, 192, 378, 219, 176, 35, 15, 453, 209, 447, 365, 229, 381, 117, 432, 400, 3, 413, 237, 351, 280, 71, 448, 64, 302, 391, 279, 124, 202, 235, 307, 284, 255, 179, 305, 45, 104, 153, 455, 166, 125, 329, 32, 2, 374, 49, 178, 440, 10, 464, 36, 415, 271, 228, 331, 363, 83, 397, 61, 13, 471, 5, 372, 9, 435, 224, 469, 100, 111, 171, 327, 272, 21, 298, 233, 213, 108, 157, 31, 167, 143, 127, 472, 297, 296, 429, 410, 182, 203, 170, 51, 295, 175, 303, 12, 451, 96, 59, 332, 366, 148, 126, 465, 457, 445, 211, 191, 345, 88, 238, 288, 313, 0, 416, 334, 102, 276, 339, 274, 99, 241, 406, 81, 134, 185, 470, 316, 354, 321, 324, 380, 458, 379, 421, 101, 122, 131, 325, 1, 130, 54, 256, 29, 371, 310, 174, 262, 198, 168, 294, 427, 18, 373, 344, 207, 200, 355, 27, 82, 60, 423, 79, 89, 428, 48, 348, 119, 155, 118, 292, 158, 340, 289, 98, 244, 172, 349, 199, 197, 190, 201, 390, 94, 466, 142, 156, 426, 4, 186, 414, 267, 26, 342, 422, 247, 75, 369, 437, 420, 146, 230, 141, 73, 67, 463, 240, 273, 285, 311, 269, 84, 38, 217, 204, 40, 6, 389, 63, 215, 251, 41, 183, 439, 109, 106, 367, 181, 328, 385, 411, 333, 461, 120, 398, 110, 394, 7, 47, 408, 123, 62, 454, 336, 14, 433, 405, 133, 467, 65, 128, 450, 42, 222, 261, 361, 357, 350, 20, 246, 206, 441, 341, 19, 25, 418, 95, 377, 419, 226, 430, 278, 177, 384, 252, 16, 382, 112, 370, 115, 138, 150, 80, 77, 136, 70, 402, 309, 163, 287, 265, 212, 218, 121, 154, 392, 409, 275, 383, 232, 248, 161, 152, 46, 424, 231, 468, 145, 135, 462, 360, 90, 68, 52, 159, 91, 449, 208, 362, 266, 277, 387, 103, 293, 74, 299, 53, 356, 50, 87, 315, 17, 184, 8, 318, 58, 193, 162, 137, 459, 57, 144, 139, 105, 317, 43, 308, 173, 140, 221, 323, 160, 368, 220, 436, 116, 72, 401, 412, 312, 242, 319, 347, 290, 304, 245]
index list energy: 1613028.0524632388
Done




program ended at: 2019-12-11 20:18:26.664852 
 time delta: 4 days, 23:50:00.000228
