## SLURM PROLOG ###############################################################
##    Job ID : 9199669
##  Job Name : five_day_runs
##  Nodelist : node1159
##      CPUs : 1
##  Mem/Node : 1024 MB
## Directory : /gpfs/data/nfawzi/skale/Fawzi_pycharm_project
##   Started : Fri Dec  6 20:28:25 EST 2019
###############################################################################
program started at:2019-12-06 20:28:25.505185
iterations: 5000000000 temp: 1000000.0 exponent: 0.7 eif: 300.0
time taken (sec): 376500.1077158451
number of iterations: 5000000000
final temperature: 191.58123138056612
og index list: [29, 461, 186, 125, 379, 134, 277, 411, 289, 4, 326, 335, 183, 308, 413, 356, 96, 150, 2, 62, 133, 33, 409, 391, 316, 165, 329, 470, 377, 368, 375, 135, 216, 200, 428, 369, 43, 117, 69, 81, 269, 199, 178, 151, 419, 52, 169, 297, 15, 336, 47, 415, 469, 11, 257, 416, 48, 76, 451, 78, 41, 340, 421, 438, 160, 101, 422, 288, 236, 374, 0, 139, 209, 210, 426, 439, 322, 92, 59, 250, 231, 91, 21, 198, 372, 260, 35, 100, 463, 441, 245, 7, 72, 114, 243, 323, 146, 1, 267, 121, 85, 427, 271, 402, 49, 342, 211, 237, 194, 436, 327, 131, 83, 122, 212, 337, 107, 263, 152, 457, 390, 291, 156, 360, 313, 162, 26, 28, 275, 118, 301, 227, 278, 353, 382, 84, 383, 420, 229, 224, 365, 57, 371, 357, 399, 19, 359, 319, 123, 408, 252, 317, 189, 345, 423, 366, 303, 222, 235, 208, 300, 98, 9, 331, 262, 143, 179, 381, 430, 407, 24, 185, 321, 164, 246, 111, 350, 283, 191, 180, 234, 334, 89, 88, 400, 113, 141, 305, 274, 315, 290, 87, 176, 279, 397, 354, 233, 17, 287, 273, 286, 188, 172, 292, 195, 347, 285, 458, 226, 126, 65, 120, 12, 202, 20, 148, 239, 73, 247, 380, 473, 370, 385, 166, 171, 386, 448, 60, 462, 454, 424, 159, 392, 414, 472, 30, 138, 32, 306, 376, 192, 456, 452, 293, 450, 34, 22, 281, 207, 14, 265, 403, 261, 440, 149, 45, 77, 417, 213, 312, 449, 158, 124, 93, 190, 249, 318, 155, 61, 27, 445, 341, 153, 197, 18, 136, 295, 465, 175, 95, 167, 453, 204, 217, 163, 184, 53, 109, 437, 66, 280, 431, 94, 268, 203, 218, 264, 324, 8, 46, 251, 468, 455, 110, 240, 333, 259, 396, 90, 75, 25, 284, 221, 328, 51, 64, 223, 466, 182, 193, 434, 44, 115, 174, 330, 310, 361, 363, 161, 147, 362, 170, 425, 410, 395, 50, 71, 187, 389, 219, 103, 154, 106, 220, 38, 401, 145, 238, 56, 68, 256, 23, 388, 214, 63, 304, 364, 442, 332, 348, 42, 108, 352, 358, 230, 242, 343, 299, 307, 86, 272, 104, 157, 40, 429, 309, 177, 276, 412, 129, 132, 346, 31, 3, 398, 266, 253, 406, 54, 282, 205, 443, 67, 228, 467, 405, 13, 10, 355, 70, 140, 255, 130, 232, 97, 206, 215, 459, 55, 258, 254, 181, 37, 444, 294, 112, 384, 74, 394, 128, 99, 378, 320, 144, 325, 36, 241, 373, 433, 58, 435, 270, 142, 201, 39, 116, 339, 460, 127, 367, 196, 137, 393, 314, 168, 173, 225, 244, 338, 5, 119, 311, 387, 102, 6, 105, 296, 82, 80, 446, 418, 447, 298, 302, 464, 344, 248, 432, 351, 79, 404, 349, 16, 471]
og index list energy: 110789636.24429144
index list: [234, 205, 110, 120, 123, 47, 464, 76, 107, 301, 279, 458, 235, 302, 360, 29, 48, 67, 405, 147, 463, 158, 433, 237, 2, 16, 32, 116, 473, 211, 439, 424, 62, 400, 34, 30, 357, 84, 465, 102, 282, 429, 466, 259, 187, 291, 442, 213, 72, 445, 221, 394, 127, 413, 335, 452, 185, 59, 370, 6, 108, 322, 36, 396, 114, 420, 243, 363, 1, 56, 104, 164, 142, 362, 199, 206, 436, 105, 87, 63, 88, 381, 93, 467, 216, 39, 447, 246, 195, 386, 180, 254, 268, 236, 152, 141, 404, 270, 145, 231, 161, 232, 248, 450, 403, 449, 207, 200, 210, 395, 383, 419, 66, 149, 11, 384, 416, 188, 392, 194, 189, 373, 352, 361, 472, 264, 280, 71, 398, 306, 212, 265, 117, 154, 118, 121, 64, 313, 43, 289, 389, 304, 178, 402, 332, 86, 315, 292, 166, 125, 135, 37, 337, 456, 49, 179, 312, 242, 409, 334, 437, 426, 228, 331, 225, 415, 401, 124, 15, 378, 14, 201, 9, 457, 411, 130, 54, 297, 204, 218, 28, 317, 53, 133, 50, 81, 387, 202, 68, 52, 91, 90, 134, 296, 349, 343, 122, 203, 33, 112, 136, 412, 238, 12, 431, 461, 10, 82, 348, 148, 448, 451, 346, 446, 4, 5, 380, 260, 78, 23, 336, 257, 18, 256, 255, 209, 3, 366, 99, 241, 350, 100, 469, 159, 324, 316, 354, 321, 462, 175, 295, 186, 342, 333, 468, 131, 325, 305, 239, 314, 281, 80, 165, 310, 13, 371, 198, 168, 294, 399, 44, 382, 459, 19, 25, 20, 341, 233, 27, 414, 79, 89, 60, 92, 288, 70, 410, 427, 388, 83, 303, 421, 98, 244, 372, 377, 196, 191, 190, 197, 351, 94, 240, 347, 31, 40, 215, 275, 345, 229, 167, 143, 430, 247, 75, 368, 208, 365, 26, 24, 444, 113, 435, 219, 460, 95, 55, 307, 153, 45, 73, 97, 176, 35, 286, 274, 379, 300, 258, 308, 250, 182, 385, 227, 470, 177, 441, 359, 183, 214, 192, 21, 358, 340, 393, 129, 85, 61, 77, 423, 138, 150, 115, 137, 454, 173, 425, 119, 155, 51, 287, 355, 251, 471, 106, 269, 109, 41, 432, 38, 339, 132, 330, 338, 217, 443, 397, 65, 128, 391, 181, 328, 408, 276, 453, 252, 224, 226, 407, 263, 171, 272, 298, 278, 156, 111, 96, 0, 422, 364, 290, 326, 284, 267, 222, 390, 417, 376, 320, 319, 172, 273, 374, 318, 455, 440, 285, 311, 406, 174, 262, 434, 22, 353, 146, 230, 46, 266, 277, 375, 367, 293, 74, 299, 220, 103, 140, 323, 271, 193, 42, 438, 253, 8, 139, 144, 126, 69, 344, 184, 17, 261, 309, 58, 163, 356, 7, 57, 369, 160, 162, 418, 151, 170, 249, 157, 428, 169, 327, 223, 329, 101, 283, 245]
index list energy: 1627754.322307824
Done




program ended at: 2019-12-11 20:18:25.511892 
 time delta: 4 days, 23:50:00.006707
