## SLURM PROLOG ###############################################################
##    Job ID : 9199641
##  Job Name : five_day_runs
##  Nodelist : node1301
##      CPUs : 1
##  Mem/Node : 1024 MB
## Directory : /gpfs/data/nfawzi/skale/Fawzi_pycharm_project
##   Started : Fri Dec  6 20:27:55 EST 2019
###############################################################################
program started at:2019-12-06 20:27:56.139131
iterations: 5000000000 temp: 1000000.0 exponent: 0.7 eif: 300.0
time taken (sec): 421223.7573957443
number of iterations: 5000000000
final temperature: 191.58123138056612
og index list: [310, 278, 340, 446, 432, 257, 314, 440, 380, 336, 413, 137, 418, 79, 69, 147, 181, 458, 315, 191, 64, 455, 90, 198, 221, 243, 302, 114, 414, 347, 358, 420, 383, 438, 385, 301, 382, 323, 51, 47, 233, 80, 59, 24, 349, 453, 179, 77, 430, 155, 404, 110, 46, 329, 107, 400, 48, 293, 61, 437, 167, 390, 188, 386, 93, 197, 353, 469, 465, 190, 149, 373, 256, 140, 151, 444, 325, 251, 289, 343, 424, 49, 32, 19, 427, 159, 166, 306, 219, 342, 317, 338, 92, 117, 271, 276, 285, 4, 182, 184, 210, 434, 319, 419, 415, 115, 45, 473, 218, 39, 316, 230, 239, 0, 156, 294, 339, 357, 78, 226, 449, 408, 299, 126, 81, 255, 20, 332, 1, 228, 366, 186, 70, 367, 321, 169, 240, 204, 395, 215, 165, 401, 288, 104, 185, 36, 75, 375, 435, 421, 330, 451, 16, 258, 3, 10, 229, 346, 426, 25, 82, 232, 242, 456, 194, 222, 260, 387, 377, 464, 34, 144, 172, 14, 341, 305, 187, 244, 472, 134, 50, 235, 67, 416, 403, 206, 261, 384, 26, 447, 31, 442, 279, 95, 355, 56, 452, 9, 378, 292, 263, 253, 290, 265, 335, 326, 231, 58, 409, 360, 277, 405, 356, 173, 398, 237, 313, 372, 55, 35, 37, 273, 99, 57, 269, 350, 217, 352, 13, 369, 227, 44, 328, 423, 145, 157, 248, 119, 463, 298, 448, 74, 443, 133, 359, 425, 105, 344, 241, 28, 331, 320, 150, 178, 122, 33, 297, 108, 86, 96, 154, 103, 457, 431, 100, 135, 225, 411, 141, 30, 98, 162, 287, 94, 282, 365, 161, 364, 7, 392, 445, 129, 274, 417, 281, 272, 18, 40, 462, 23, 284, 152, 407, 333, 91, 54, 309, 88, 208, 361, 300, 450, 262, 471, 270, 131, 148, 388, 362, 459, 351, 87, 15, 62, 5, 247, 183, 76, 171, 53, 280, 296, 246, 389, 160, 68, 303, 406, 397, 376, 379, 275, 17, 324, 312, 174, 201, 6, 470, 205, 327, 252, 202, 136, 428, 209, 127, 429, 283, 111, 439, 192, 214, 370, 259, 195, 200, 63, 85, 123, 121, 8, 139, 142, 236, 170, 168, 410, 106, 223, 212, 402, 65, 213, 436, 203, 12, 249, 52, 391, 112, 11, 175, 267, 399, 193, 304, 130, 354, 245, 307, 412, 97, 311, 461, 199, 158, 396, 124, 286, 268, 189, 125, 371, 254, 2, 38, 368, 27, 394, 374, 146, 422, 238, 348, 466, 153, 393, 441, 295, 22, 83, 89, 21, 43, 250, 216, 143, 84, 468, 128, 291, 322, 41, 467, 308, 211, 60, 42, 73, 101, 120, 72, 433, 102, 113, 66, 163, 264, 109, 345, 224, 334, 138, 234, 220, 454, 381, 460, 318, 164, 337, 132, 196, 177, 176, 207, 118, 266, 363, 180, 116, 71, 29]
og index list energy: 96500685.5254816
index list: [234, 205, 17, 184, 211, 30, 438, 401, 206, 418, 20, 440, 19, 25, 377, 320, 58, 54, 363, 210, 249, 33, 354, 37, 337, 368, 149, 279, 301, 370, 130, 358, 295, 415, 173, 119, 359, 221, 323, 99, 270, 394, 443, 272, 471, 235, 300, 213, 351, 242, 319, 428, 39, 346, 335, 397, 185, 311, 273, 285, 318, 29, 444, 151, 170, 423, 147, 396, 164, 142, 316, 315, 169, 435, 199, 343, 135, 105, 69, 46, 360, 53, 93, 378, 106, 202, 96, 204, 23, 97, 180, 254, 268, 236, 81, 133, 352, 241, 64, 155, 380, 229, 118, 117, 409, 208, 410, 5, 372, 171, 263, 366, 219, 176, 35, 15, 386, 333, 460, 196, 189, 411, 55, 450, 469, 264, 280, 71, 355, 306, 307, 216, 95, 154, 305, 83, 162, 313, 43, 114, 432, 22, 141, 73, 45, 113, 153, 379, 166, 125, 127, 32, 2, 376, 49, 179, 312, 57, 433, 367, 362, 271, 228, 331, 383, 391, 468, 298, 233, 381, 422, 201, 9, 431, 399, 303, 192, 21, 51, 218, 28, 317, 110, 160, 50, 87, 400, 253, 68, 91, 90, 52, 134, 296, 390, 452, 413, 203, 194, 406, 1, 404, 121, 12, 403, 407, 230, 332, 371, 248, 232, 426, 448, 408, 237, 116, 465, 251, 238, 262, 336, 188, 193, 226, 461, 276, 102, 334, 225, 282, 430, 274, 338, 339, 175, 245, 449, 321, 324, 455, 398, 186, 446, 243, 122, 131, 120, 217, 239, 314, 281, 250, 165, 445, 13, 112, 198, 168, 294, 437, 187, 389, 345, 207, 200, 459, 344, 382, 27, 457, 79, 89, 60, 414, 364, 56, 462, 429, 292, 158, 44, 289, 98, 244, 420, 436, 4, 191, 190, 197, 340, 94, 240, 183, 31, 40, 215, 275, 412, 16, 369, 146, 427, 152, 145, 231, 161, 466, 132, 385, 42, 65, 128, 421, 451, 302, 182, 41, 48, 67, 143, 167, 157, 59, 74, 424, 222, 261, 214, 159, 172, 374, 267, 425, 304, 178, 405, 441, 375, 247, 156, 278, 349, 393, 129, 78, 85, 61, 357, 77, 138, 150, 115, 80, 447, 328, 463, 224, 384, 100, 392, 402, 322, 227, 417, 76, 107, 327, 260, 330, 259, 26, 456, 24, 66, 11, 92, 258, 348, 252, 181, 458, 36, 341, 212, 361, 472, 265, 287, 163, 308, 288, 0, 174, 310, 111, 195, 350, 70, 136, 10, 123, 47, 473, 62, 373, 256, 257, 18, 255, 209, 14, 387, 434, 353, 3, 286, 84, 38, 365, 269, 109, 388, 124, 419, 108, 293, 266, 277, 395, 470, 63, 88, 126, 220, 103, 140, 356, 104, 75, 34, 137, 297, 8, 139, 439, 72, 464, 144, 177, 442, 148, 86, 82, 309, 347, 7, 416, 299, 325, 329, 453, 283, 101, 223, 342, 284, 291, 467, 6, 454, 290, 326, 246]
index list energy: 1627158.1824988183
Done




program ended at: 2019-12-11 20:17:56.143739 
 time delta: 4 days, 23:50:00.004608
