## SLURM PROLOG ###############################################################
##    Job ID : 9199677
##  Job Name : five_day_runs
##  Nodelist : node1124
##      CPUs : 1
##  Mem/Node : 1024 MB
## Directory : /gpfs/data/nfawzi/skale/Fawzi_pycharm_project
##   Started : Fri Dec  6 20:28:25 EST 2019
###############################################################################
program started at:2019-12-06 20:28:27.527704
iterations: 5000000000 temp: 1000000.0 exponent: 0.7 eif: 300.0
time taken (sec): 374854.04840135574
number of iterations: 5000000000
final temperature: 191.58123138056612
og index list: [284, 44, 124, 202, 95, 261, 69, 9, 12, 384, 453, 74, 1, 125, 341, 417, 15, 258, 375, 24, 322, 443, 130, 243, 60, 315, 309, 186, 172, 16, 2, 448, 140, 96, 122, 327, 326, 139, 451, 196, 135, 236, 310, 301, 207, 188, 391, 191, 319, 218, 396, 68, 416, 5, 183, 253, 214, 383, 393, 142, 3, 17, 238, 117, 51, 145, 306, 210, 37, 286, 7, 149, 77, 232, 100, 442, 111, 255, 459, 367, 278, 436, 208, 81, 406, 229, 46, 90, 28, 110, 239, 429, 137, 161, 127, 349, 281, 433, 293, 305, 463, 376, 462, 296, 399, 425, 151, 245, 390, 72, 169, 129, 432, 35, 440, 447, 134, 328, 107, 159, 116, 171, 230, 260, 336, 195, 271, 382, 209, 112, 101, 365, 408, 342, 324, 136, 52, 185, 163, 148, 457, 98, 405, 388, 343, 441, 157, 235, 41, 333, 386, 79, 132, 194, 360, 11, 430, 48, 303, 290, 138, 63, 280, 147, 276, 106, 206, 50, 55, 21, 220, 364, 381, 379, 76, 34, 88, 275, 120, 274, 250, 289, 93, 423, 32, 115, 201, 415, 42, 94, 420, 193, 18, 473, 247, 154, 231, 199, 184, 182, 346, 143, 57, 269, 348, 146, 189, 277, 422, 369, 49, 395, 219, 223, 105, 133, 58, 227, 33, 237, 313, 165, 104, 82, 152, 285, 254, 84, 372, 20, 354, 337, 335, 426, 39, 53, 43, 108, 279, 444, 174, 339, 61, 299, 368, 351, 217, 411, 266, 304, 340, 167, 211, 114, 363, 123, 321, 150, 460, 197, 221, 353, 317, 358, 270, 267, 177, 454, 366, 166, 458, 64, 38, 155, 248, 225, 45, 212, 467, 83, 325, 450, 472, 170, 466, 131, 10, 471, 355, 173, 121, 316, 192, 295, 222, 370, 99, 153, 56, 344, 249, 334, 240, 47, 242, 377, 412, 380, 109, 187, 226, 312, 22, 307, 356, 30, 19, 158, 73, 215, 330, 287, 268, 314, 263, 4, 385, 378, 264, 144, 180, 397, 175, 119, 347, 419, 91, 178, 359, 176, 198, 224, 59, 36, 216, 31, 318, 181, 259, 392, 434, 431, 6, 389, 298, 92, 54, 89, 13, 26, 23, 404, 200, 213, 257, 311, 252, 87, 164, 300, 27, 464, 128, 103, 402, 407, 203, 75, 409, 294, 205, 320, 156, 438, 414, 113, 190, 292, 445, 65, 461, 25, 244, 446, 394, 418, 465, 302, 29, 439, 350, 126, 291, 78, 345, 424, 141, 308, 282, 428, 470, 70, 251, 374, 332, 262, 329, 435, 352, 233, 97, 71, 67, 361, 273, 265, 449, 241, 452, 371, 86, 246, 456, 331, 162, 288, 62, 401, 256, 102, 228, 387, 427, 421, 66, 14, 283, 85, 373, 410, 338, 40, 469, 297, 80, 362, 437, 323, 160, 398, 403, 413, 204, 179, 400, 0, 118, 168, 455, 8, 272, 357, 468, 234]
og index list energy: 108966490.86087091
index list: [170, 250, 386, 10, 123, 47, 399, 76, 379, 62, 446, 110, 132, 217, 218, 29, 155, 117, 385, 229, 380, 153, 454, 37, 337, 417, 149, 234, 258, 66, 11, 92, 24, 362, 338, 30, 452, 405, 243, 122, 257, 216, 306, 307, 187, 291, 305, 418, 26, 396, 225, 346, 402, 366, 209, 18, 256, 56, 135, 69, 102, 282, 23, 267, 114, 431, 147, 376, 115, 450, 104, 188, 193, 444, 16, 158, 445, 160, 81, 126, 208, 344, 93, 439, 456, 202, 75, 80, 259, 25, 180, 254, 49, 183, 214, 28, 359, 261, 283, 33, 383, 34, 8, 184, 355, 377, 435, 194, 189, 381, 192, 354, 219, 176, 35, 15, 465, 335, 349, 196, 195, 372, 221, 422, 404, 264, 411, 237, 467, 280, 71, 472, 64, 154, 118, 279, 124, 336, 43, 108, 44, 63, 275, 426, 325, 246, 315, 292, 166, 125, 127, 32, 2, 441, 304, 178, 185, 85, 138, 461, 409, 271, 228, 331, 473, 365, 77, 61, 13, 352, 40, 350, 9, 201, 357, 247, 3, 316, 451, 230, 236, 245, 58, 1, 54, 50, 464, 317, 68, 52, 91, 90, 134, 296, 363, 438, 462, 203, 206, 397, 294, 364, 121, 12, 105, 351, 82, 83, 388, 332, 416, 382, 408, 412, 5, 191, 14, 251, 238, 288, 313, 163, 308, 265, 287, 424, 212, 339, 99, 241, 403, 100, 406, 159, 324, 21, 433, 321, 361, 341, 394, 414, 174, 333, 453, 131, 270, 59, 449, 211, 171, 205, 164, 310, 146, 262, 198, 168, 6, 440, 165, 470, 407, 207, 200, 442, 360, 233, 27, 358, 79, 89, 60, 162, 389, 119, 391, 395, 253, 53, 133, 289, 98, 244, 458, 423, 197, 190, 199, 210, 460, 94, 466, 142, 20, 448, 4, 186, 387, 88, 369, 96, 468, 152, 231, 145, 161, 232, 248, 368, 141, 73, 45, 457, 421, 95, 55, 469, 48, 67, 143, 167, 297, 235, 300, 213, 367, 302, 182, 36, 172, 378, 437, 113, 428, 179, 312, 340, 239, 314, 348, 281, 410, 432, 97, 263, 436, 0, 390, 356, 19, 459, 51, 400, 343, 173, 120, 65, 471, 128, 42, 222, 430, 322, 227, 375, 107, 31, 260, 330, 373, 286, 84, 38, 371, 106, 269, 109, 419, 353, 181, 328, 427, 276, 425, 252, 224, 392, 226, 41, 39, 278, 156, 78, 129, 111, 298, 240, 72, 345, 242, 443, 285, 311, 274, 215, 347, 401, 320, 319, 429, 273, 370, 318, 384, 22, 342, 130, 398, 301, 303, 175, 112, 136, 70, 420, 46, 266, 277, 374, 415, 293, 74, 299, 220, 103, 140, 323, 86, 17, 150, 137, 295, 249, 139, 144, 87, 157, 447, 177, 393, 148, 309, 268, 334, 463, 7, 57, 413, 116, 151, 455, 255, 101, 272, 329, 327, 169, 434, 223, 284, 290, 326, 204]
index list energy: 1607889.6542483957
Done




program ended at: 2019-12-11 20:18:27.524183 
 time delta: 4 days, 23:49:59.996479
