## SLURM PROLOG ###############################################################
##    Job ID : 9199632
##  Job Name : five_day_runs
##  Nodelist : node1312
##      CPUs : 1
##  Mem/Node : 1024 MB
## Directory : /gpfs/data/nfawzi/skale/Fawzi_pycharm_project
##   Started : Fri Dec  6 20:27:55 EST 2019
###############################################################################
program started at:2019-12-06 20:27:55.330052
iterations: 5000000000 temp: 1000000.0 exponent: 0.7 eif: 300.0
time taken (sec): 372435.0331399441
number of iterations: 5000000000
final temperature: 191.58123138056612
og index list: [118, 225, 60, 37, 81, 127, 95, 268, 74, 281, 50, 297, 385, 270, 53, 333, 83, 54, 295, 155, 420, 116, 378, 172, 22, 220, 400, 62, 381, 217, 443, 162, 125, 158, 43, 142, 4, 234, 462, 121, 251, 140, 303, 349, 362, 90, 175, 449, 88, 100, 66, 185, 221, 84, 191, 348, 392, 40, 203, 393, 46, 309, 210, 166, 68, 24, 417, 85, 352, 359, 248, 14, 262, 87, 187, 126, 135, 205, 31, 440, 282, 398, 415, 293, 367, 105, 425, 435, 213, 325, 377, 280, 433, 238, 285, 218, 357, 365, 416, 152, 302, 396, 112, 32, 459, 92, 355, 159, 99, 52, 136, 384, 455, 399, 18, 464, 192, 77, 23, 69, 133, 324, 98, 336, 430, 179, 198, 122, 317, 197, 8, 429, 418, 208, 149, 9, 153, 473, 106, 114, 176, 442, 173, 338, 206, 82, 171, 298, 174, 244, 209, 296, 264, 271, 227, 466, 44, 446, 306, 79, 457, 258, 29, 434, 390, 272, 427, 148, 291, 331, 109, 36, 16, 178, 364, 156, 241, 445, 330, 194, 154, 41, 369, 228, 115, 204, 386, 15, 275, 259, 361, 404, 130, 246, 170, 201, 274, 146, 216, 184, 59, 411, 117, 471, 269, 120, 226, 12, 49, 10, 470, 58, 150, 21, 421, 431, 461, 382, 26, 42, 278, 239, 321, 20, 344, 267, 207, 1, 316, 371, 314, 387, 414, 230, 397, 124, 219, 408, 132, 63, 165, 363, 27, 279, 137, 3, 75, 456, 254, 345, 28, 195, 395, 423, 104, 391, 447, 17, 65, 129, 161, 134, 229, 45, 96, 469, 313, 366, 389, 30, 157, 406, 235, 25, 436, 212, 374, 193, 200, 202, 93, 263, 215, 329, 304, 444, 249, 247, 182, 0, 401, 35, 284, 231, 277, 419, 441, 257, 403, 286, 341, 332, 111, 413, 294, 468, 322, 308, 410, 113, 91, 243, 310, 334, 240, 439, 147, 305, 110, 451, 102, 232, 407, 388, 347, 292, 327, 119, 320, 144, 287, 323, 253, 252, 128, 224, 76, 131, 199, 245, 97, 299, 139, 196, 283, 164, 350, 61, 138, 33, 19, 450, 373, 103, 108, 186, 402, 394, 273, 5, 214, 360, 460, 56, 409, 354, 453, 319, 379, 151, 340, 7, 372, 339, 94, 307, 73, 472, 67, 428, 89, 145, 261, 463, 326, 265, 343, 180, 315, 454, 237, 376, 312, 141, 11, 260, 437, 183, 123, 211, 452, 38, 242, 78, 86, 177, 448, 80, 55, 70, 465, 301, 276, 250, 289, 353, 101, 342, 255, 358, 223, 34, 47, 422, 256, 51, 181, 48, 405, 318, 458, 233, 383, 6, 328, 160, 300, 64, 412, 2, 71, 375, 143, 266, 424, 337, 432, 467, 351, 72, 346, 222, 380, 163, 236, 311, 356, 168, 107, 426, 189, 13, 169, 188, 167, 288, 190, 335, 39, 368, 57, 370, 290, 438]
og index list energy: 81991163.9928932
index list: [170, 205, 17, 184, 211, 101, 340, 417, 206, 367, 20, 441, 19, 25, 394, 320, 48, 67, 387, 147, 274, 158, 412, 237, 2, 16, 32, 116, 404, 0, 393, 432, 65, 444, 110, 30, 429, 445, 217, 338, 260, 330, 468, 259, 187, 291, 305, 213, 461, 242, 319, 449, 370, 369, 39, 183, 185, 311, 273, 285, 318, 29, 430, 151, 114, 359, 243, 350, 458, 193, 104, 164, 142, 355, 4, 354, 283, 329, 327, 223, 349, 413, 93, 374, 216, 336, 188, 80, 66, 149, 180, 254, 268, 1, 54, 50, 403, 261, 34, 33, 409, 378, 8, 212, 342, 434, 399, 194, 189, 431, 192, 341, 219, 176, 35, 15, 379, 335, 358, 199, 210, 433, 55, 396, 346, 3, 141, 353, 154, 153, 306, 307, 386, 113, 264, 280, 308, 106, 163, 287, 265, 117, 121, 366, 332, 317, 315, 292, 166, 125, 135, 405, 337, 416, 49, 178, 428, 57, 376, 159, 440, 271, 228, 331, 467, 411, 133, 452, 13, 395, 5, 201, 9, 427, 421, 51, 218, 316, 451, 204, 28, 86, 56, 160, 69, 81, 401, 202, 68, 52, 91, 90, 134, 312, 382, 447, 124, 203, 209, 390, 123, 47, 238, 12, 105, 383, 10, 82, 407, 241, 365, 454, 418, 347, 76, 234, 14, 251, 38, 120, 245, 257, 18, 256, 255, 459, 102, 334, 225, 282, 437, 100, 389, 169, 59, 246, 414, 321, 371, 435, 446, 186, 400, 333, 348, 131, 325, 97, 239, 314, 281, 250, 165, 328, 230, 236, 198, 168, 294, 362, 44, 388, 339, 410, 200, 249, 6, 439, 27, 352, 79, 89, 60, 92, 419, 62, 385, 345, 109, 53, 289, 324, 98, 244, 288, 262, 196, 191, 190, 197, 436, 94, 240, 471, 31, 40, 215, 275, 356, 229, 473, 96, 343, 247, 75, 450, 24, 415, 26, 463, 95, 73, 45, 360, 398, 248, 232, 161, 220, 221, 323, 99, 270, 384, 302, 130, 301, 300, 235, 36, 172, 470, 258, 11, 448, 177, 420, 469, 253, 278, 156, 78, 363, 464, 129, 402, 85, 61, 77, 138, 150, 377, 115, 137, 391, 173, 118, 119, 155, 64, 425, 208, 442, 322, 227, 357, 107, 207, 392, 279, 344, 132, 457, 128, 406, 23, 460, 22, 146, 443, 181, 373, 252, 276, 182, 41, 224, 226, 424, 263, 171, 272, 298, 174, 310, 111, 195, 368, 304, 364, 290, 326, 284, 267, 222, 438, 380, 423, 145, 231, 152, 46, 381, 456, 455, 269, 286, 84, 408, 214, 372, 351, 175, 295, 303, 112, 466, 266, 277, 426, 422, 293, 74, 299, 140, 103, 71, 162, 313, 375, 136, 70, 42, 58, 139, 144, 126, 72, 361, 179, 37, 462, 309, 43, 21, 108, 7, 87, 63, 88, 157, 453, 397, 148, 233, 83, 465, 296, 472, 167, 297, 127, 143, 122]
index list energy: 1597671.2523421848
Done



program ended at: 2019-12-11 20:17:55.334561 
 time delta: 4 days, 23:50:00.004509
