## SLURM PROLOG ###############################################################
##    Job ID : 9199639
##  Job Name : five_day_runs
##  Nodelist : node1301
##      CPUs : 1
##  Mem/Node : 1024 MB
## Directory : /gpfs/data/nfawzi/skale/Fawzi_pycharm_project
##   Started : Fri Dec  6 20:27:55 EST 2019
###############################################################################
program started at:2019-12-06 20:27:55.439288
iterations: 5000000000 temp: 1000000.0 exponent: 0.7 eif: 300.0
time taken (sec): 421571.0561759472
number of iterations: 5000000000
final temperature: 191.58123138056612
og index list: [37, 33, 387, 354, 471, 157, 217, 129, 353, 413, 328, 342, 409, 415, 139, 317, 377, 309, 457, 36, 273, 293, 436, 77, 344, 226, 350, 255, 430, 292, 417, 62, 35, 272, 197, 240, 131, 75, 124, 450, 97, 45, 297, 178, 69, 148, 66, 162, 28, 32, 367, 234, 107, 434, 84, 327, 368, 359, 29, 98, 262, 186, 307, 304, 411, 338, 379, 104, 287, 160, 256, 216, 326, 315, 290, 102, 330, 83, 213, 365, 384, 437, 44, 305, 158, 0, 151, 447, 425, 439, 406, 467, 128, 452, 223, 50, 108, 374, 43, 427, 356, 383, 20, 443, 308, 340, 295, 85, 156, 424, 82, 448, 433, 141, 13, 337, 68, 51, 34, 199, 451, 209, 380, 208, 38, 463, 298, 318, 67, 196, 21, 325, 163, 47, 440, 72, 202, 335, 198, 16, 31, 324, 206, 428, 138, 113, 414, 214, 469, 231, 348, 58, 246, 358, 264, 203, 225, 40, 49, 165, 420, 263, 313, 274, 444, 300, 371, 229, 343, 239, 299, 78, 277, 142, 109, 331, 48, 236, 126, 57, 122, 407, 94, 294, 283, 346, 296, 265, 194, 100, 473, 289, 111, 455, 96, 362, 381, 291, 237, 370, 76, 268, 168, 408, 23, 55, 114, 310, 215, 101, 396, 39, 260, 435, 421, 316, 8, 238, 189, 174, 306, 181, 63, 167, 218, 71, 211, 378, 245, 133, 152, 171, 388, 397, 173, 282, 4, 105, 394, 2, 182, 180, 460, 92, 193, 127, 250, 125, 266, 60, 73, 280, 249, 464, 54, 110, 441, 253, 154, 254, 302, 115, 401, 319, 472, 405, 149, 6, 241, 185, 453, 323, 271, 93, 442, 320, 30, 431, 119, 222, 466, 312, 352, 278, 375, 462, 269, 183, 314, 135, 465, 195, 345, 166, 191, 357, 65, 56, 252, 117, 15, 363, 143, 403, 81, 177, 257, 423, 385, 459, 284, 176, 91, 311, 12, 468, 339, 170, 235, 137, 422, 221, 175, 449, 106, 382, 391, 220, 24, 210, 18, 59, 285, 336, 204, 470, 445, 155, 355, 446, 303, 258, 232, 89, 279, 399, 1, 64, 243, 329, 103, 9, 52, 22, 392, 347, 188, 10, 419, 112, 395, 227, 360, 26, 150, 164, 275, 61, 161, 200, 398, 5, 172, 70, 136, 332, 267, 53, 242, 3, 333, 410, 369, 334, 400, 159, 90, 270, 80, 7, 386, 389, 233, 248, 418, 88, 169, 461, 123, 118, 153, 25, 146, 219, 230, 341, 212, 140, 184, 187, 79, 17, 351, 301, 228, 281, 426, 288, 432, 19, 416, 276, 390, 366, 454, 14, 438, 402, 42, 207, 41, 393, 251, 27, 458, 372, 201, 87, 134, 205, 121, 244, 259, 361, 99, 190, 116, 261, 86, 349, 74, 376, 192, 147, 286, 11, 179, 46, 132, 364, 412, 456, 224, 95, 429, 322, 321, 120, 404, 130, 145, 247, 144, 373]
og index list energy: 127970104.70508248
index list: [234, 205, 235, 72, 137, 303, 395, 464, 206, 378, 20, 442, 19, 25, 438, 320, 188, 193, 449, 243, 363, 33, 416, 37, 337, 407, 255, 209, 355, 211, 101, 448, 283, 428, 429, 30, 436, 430, 152, 422, 270, 366, 278, 272, 298, 226, 156, 462, 7, 396, 84, 344, 390, 340, 335, 315, 169, 3, 171, 286, 263, 80, 253, 151, 114, 470, 147, 432, 247, 296, 104, 164, 142, 354, 16, 158, 44, 160, 420, 225, 282, 400, 53, 414, 322, 336, 75, 313, 369, 149, 180, 254, 268, 162, 140, 103, 293, 379, 231, 145, 161, 232, 248, 55, 425, 440, 417, 194, 189, 360, 192, 386, 219, 176, 35, 15, 453, 333, 461, 199, 210, 427, 433, 385, 468, 264, 280, 71, 393, 0, 288, 301, 112, 302, 397, 279, 66, 106, 43, 155, 292, 117, 179, 305, 45, 113, 153, 368, 187, 291, 329, 32, 2, 450, 49, 178, 372, 57, 123, 347, 423, 271, 228, 331, 404, 389, 237, 421, 50, 350, 472, 201, 9, 387, 41, 39, 401, 316, 51, 218, 28, 204, 58, 135, 69, 81, 90, 246, 68, 52, 91, 159, 134, 125, 365, 346, 376, 203, 170, 352, 214, 175, 295, 12, 105, 136, 10, 364, 46, 261, 434, 359, 345, 431, 4, 191, 14, 251, 238, 304, 245, 17, 460, 334, 102, 276, 182, 339, 99, 241, 398, 213, 82, 126, 324, 21, 466, 321, 384, 173, 348, 186, 424, 47, 408, 131, 120, 217, 239, 314, 281, 297, 165, 312, 97, 236, 198, 168, 294, 382, 56, 380, 446, 207, 200, 249, 457, 27, 67, 441, 79, 89, 60, 92, 110, 62, 374, 36, 375, 13, 452, 289, 98, 244, 437, 381, 196, 5, 190, 197, 377, 394, 48, 343, 183, 40, 215, 275, 388, 229, 167, 143, 406, 96, 358, 259, 119, 353, 22, 412, 93, 144, 391, 116, 42, 59, 133, 471, 220, 221, 323, 139, 349, 222, 325, 455, 1, 300, 258, 23, 250, 252, 435, 227, 463, 177, 370, 362, 202, 467, 8, 184, 34, 383, 257, 216, 307, 95, 73, 403, 26, 11, 459, 24, 469, 328, 439, 224, 341, 100, 419, 371, 266, 277, 454, 76, 107, 317, 260, 38, 338, 132, 330, 306, 212, 444, 402, 65, 128, 411, 181, 451, 269, 109, 426, 262, 367, 274, 473, 146, 230, 141, 174, 166, 310, 86, 163, 308, 287, 443, 265, 121, 154, 118, 64, 342, 465, 172, 318, 319, 361, 273, 392, 285, 418, 6, 242, 445, 70, 138, 150, 115, 356, 85, 61, 77, 399, 332, 456, 447, 127, 63, 88, 111, 108, 124, 87, 157, 311, 409, 78, 208, 31, 195, 373, 240, 94, 410, 233, 83, 351, 148, 309, 129, 299, 327, 223, 413, 74, 415, 29, 357, 267, 284, 290, 326, 405, 185, 458, 130, 54, 256, 18, 122]
index list energy: 1615320.9141201056
Done




program ended at: 2019-12-11 20:17:55.442778 
 time delta: 4 days, 23:50:00.003490
