## SLURM PROLOG ###############################################################
##    Job ID : 9199698
##  Job Name : five_day_runs
##  Nodelist : node1153
##      CPUs : 1
##  Mem/Node : 1024 MB
## Directory : /gpfs/data/nfawzi/skale/Fawzi_pycharm_project
##   Started : Fri Dec  6 20:28:56 EST 2019
###############################################################################
program started at:2019-12-06 20:28:57.768094
iterations: 5000000000 temp: 1000000.0 exponent: 0.7 eif: 300.0
time taken (sec): 382089.39130306244
number of iterations: 5000000000
final temperature: 191.58123138056612
og index list: [177, 214, 437, 136, 352, 456, 404, 327, 129, 118, 418, 381, 399, 32, 436, 90, 364, 156, 241, 229, 74, 248, 379, 378, 67, 178, 57, 449, 314, 271, 218, 15, 7, 183, 420, 417, 192, 145, 374, 143, 328, 428, 239, 284, 376, 194, 96, 473, 408, 280, 125, 101, 114, 450, 313, 85, 233, 2, 61, 471, 286, 100, 128, 46, 282, 307, 305, 402, 440, 250, 59, 72, 73, 190, 357, 63, 150, 276, 173, 275, 318, 235, 464, 200, 468, 413, 207, 17, 343, 403, 308, 294, 99, 238, 62, 448, 394, 331, 51, 335, 76, 236, 388, 304, 198, 269, 427, 163, 330, 134, 139, 273, 443, 110, 142, 432, 316, 117, 31, 245, 115, 30, 52, 210, 415, 254, 390, 444, 140, 155, 182, 108, 345, 466, 24, 231, 53, 206, 337, 386, 347, 133, 430, 148, 123, 94, 16, 395, 341, 398, 278, 336, 268, 246, 354, 78, 180, 91, 109, 258, 423, 435, 60, 40, 202, 400, 384, 240, 373, 203, 267, 25, 83, 44, 29, 0, 88, 287, 38, 164, 363, 353, 409, 127, 266, 223, 414, 425, 299, 50, 230, 247, 113, 333, 426, 297, 212, 86, 243, 401, 137, 124, 208, 215, 121, 452, 13, 105, 349, 49, 298, 405, 460, 431, 385, 368, 375, 54, 419, 424, 64, 366, 325, 111, 55, 197, 365, 251, 5, 309, 66, 158, 69, 56, 141, 270, 172, 358, 261, 438, 213, 10, 36, 169, 303, 102, 340, 11, 459, 211, 422, 458, 334, 277, 382, 322, 87, 281, 120, 175, 224, 463, 199, 47, 359, 205, 168, 23, 41, 320, 362, 95, 68, 79, 43, 33, 355, 93, 397, 80, 338, 465, 174, 186, 383, 369, 348, 188, 107, 181, 377, 391, 4, 135, 166, 171, 371, 89, 312, 344, 18, 461, 58, 39, 265, 242, 300, 232, 262, 346, 104, 82, 429, 283, 106, 217, 70, 116, 234, 454, 48, 289, 6, 75, 392, 28, 201, 130, 179, 285, 451, 263, 332, 370, 45, 326, 329, 259, 35, 65, 260, 323, 469, 324, 221, 161, 8, 220, 457, 112, 191, 97, 306, 421, 339, 42, 193, 411, 387, 412, 255, 3, 416, 144, 446, 356, 360, 34, 162, 380, 153, 154, 410, 167, 291, 319, 225, 184, 27, 138, 185, 126, 288, 351, 292, 249, 296, 209, 396, 98, 272, 84, 361, 244, 321, 187, 315, 19, 237, 152, 9, 274, 367, 279, 290, 253, 26, 195, 131, 132, 472, 22, 470, 433, 92, 71, 21, 257, 227, 256, 462, 301, 189, 342, 467, 310, 393, 1, 264, 20, 453, 204, 293, 228, 219, 103, 81, 147, 77, 252, 406, 311, 149, 12, 434, 350, 455, 439, 37, 295, 222, 170, 146, 159, 441, 389, 226, 176, 372, 407, 14, 196, 151, 119, 302, 445, 447, 317, 157, 442, 216, 122, 160, 165]
og index list energy: 81586817.37326334
index list: [234, 205, 257, 216, 322, 227, 374, 76, 107, 301, 418, 110, 132, 38, 120, 29, 48, 67, 368, 147, 249, 33, 401, 37, 337, 424, 255, 209, 256, 18, 357, 412, 78, 23, 380, 30, 408, 446, 217, 338, 260, 330, 351, 259, 187, 291, 305, 213, 113, 450, 223, 97, 453, 434, 314, 281, 239, 315, 263, 286, 244, 336, 193, 151, 114, 406, 243, 352, 189, 438, 104, 195, 370, 390, 4, 409, 45, 73, 141, 46, 379, 346, 93, 439, 443, 202, 188, 313, 258, 149, 180, 254, 300, 41, 39, 385, 293, 447, 153, 279, 118, 229, 64, 397, 416, 367, 207, 200, 210, 402, 384, 455, 219, 176, 35, 15, 413, 333, 341, 247, 75, 394, 226, 467, 298, 272, 278, 354, 142, 156, 129, 297, 167, 143, 233, 83, 108, 80, 43, 155, 292, 117, 179, 361, 325, 86, 8, 448, 166, 125, 135, 32, 2, 350, 320, 177, 387, 10, 136, 345, 421, 271, 228, 331, 225, 334, 383, 430, 19, 356, 349, 201, 9, 392, 375, 335, 71, 316, 423, 264, 280, 303, 58, 1, 54, 69, 399, 246, 109, 269, 106, 465, 181, 328, 460, 422, 377, 203, 191, 411, 123, 175, 295, 12, 103, 355, 59, 182, 44, 282, 340, 431, 437, 373, 5, 170, 14, 251, 208, 56, 245, 17, 184, 0, 459, 261, 398, 238, 174, 241, 419, 274, 311, 185, 214, 317, 432, 21, 393, 396, 31, 186, 414, 47, 457, 131, 235, 302, 403, 81, 126, 250, 164, 296, 130, 363, 198, 168, 192, 376, 165, 169, 388, 389, 199, 51, 458, 27, 82, 343, 79, 89, 60, 426, 428, 62, 451, 36, 461, 13, 124, 157, 148, 204, 452, 34, 194, 196, 197, 190, 473, 454, 25, 344, 183, 40, 215, 275, 382, 276, 449, 472, 442, 152, 145, 231, 161, 433, 95, 470, 221, 364, 53, 362, 42, 284, 326, 358, 3, 55, 232, 248, 359, 222, 74, 435, 102, 270, 240, 308, 172, 289, 366, 290, 304, 178, 348, 462, 321, 441, 324, 294, 407, 420, 425, 369, 85, 61, 77, 138, 445, 150, 115, 137, 440, 310, 468, 224, 360, 100, 429, 273, 266, 277, 427, 436, 417, 262, 206, 20, 342, 26, 391, 24, 66, 11, 52, 159, 91, 90, 134, 415, 252, 16, 456, 471, 267, 65, 128, 122, 329, 171, 211, 101, 283, 299, 68, 265, 306, 212, 218, 121, 154, 400, 307, 119, 287, 98, 288, 237, 378, 99, 469, 84, 444, 6, 28, 404, 339, 347, 158, 466, 22, 353, 146, 230, 236, 332, 405, 464, 127, 63, 88, 111, 268, 92, 50, 87, 162, 386, 70, 112, 253, 173, 49, 410, 133, 371, 57, 144, 139, 105, 309, 96, 163, 365, 7, 140, 323, 160, 372, 220, 463, 116, 72, 395, 381, 312, 242, 319, 285, 318, 94, 327]
index list energy: 1629122.8425281954
Done




program ended at: 2019-12-11 20:18:57.769526 
 time delta: 4 days, 23:50:00.001432
