## SLURM PROLOG ###############################################################
##    Job ID : 9199640
##  Job Name : five_day_runs
##  Nodelist : node1301
##      CPUs : 1
##  Mem/Node : 1024 MB
## Directory : /gpfs/data/nfawzi/skale/Fawzi_pycharm_project
##   Started : Fri Dec  6 20:27:56 EST 2019
###############################################################################
program started at:2019-12-06 20:27:56.588999
iterations: 5000000000 temp: 1000000.0 exponent: 0.7 eif: 300.0
time taken (sec): 420434.5527715683
number of iterations: 5000000000
final temperature: 191.58123138056612
og index list: [322, 343, 299, 381, 439, 410, 101, 34, 468, 72, 309, 347, 186, 404, 219, 142, 190, 346, 123, 392, 438, 270, 277, 267, 271, 64, 244, 47, 456, 69, 364, 239, 57, 273, 62, 441, 407, 279, 385, 429, 451, 42, 431, 20, 66, 460, 473, 312, 284, 247, 128, 63, 122, 99, 56, 149, 262, 85, 394, 16, 253, 374, 134, 365, 50, 154, 65, 107, 448, 31, 110, 223, 387, 454, 380, 240, 307, 417, 165, 89, 224, 449, 172, 96, 210, 55, 234, 168, 233, 258, 360, 194, 339, 156, 41, 328, 424, 403, 181, 369, 191, 409, 348, 100, 344, 327, 302, 114, 214, 23, 275, 408, 19, 340, 150, 140, 259, 147, 255, 305, 105, 237, 471, 303, 30, 2, 111, 119, 472, 269, 22, 455, 46, 135, 33, 350, 29, 130, 359, 457, 399, 432, 357, 35, 3, 26, 48, 94, 225, 467, 315, 144, 412, 13, 463, 282, 92, 6, 220, 290, 51, 17, 40, 461, 199, 297, 118, 351, 176, 420, 427, 180, 52, 133, 5, 11, 87, 15, 212, 45, 98, 296, 450, 160, 238, 81, 321, 197, 226, 419, 243, 371, 382, 129, 25, 446, 349, 206, 79, 442, 411, 198, 292, 93, 104, 342, 141, 230, 53, 272, 152, 121, 146, 28, 126, 44, 8, 0, 235, 117, 75, 329, 283, 32, 151, 402, 414, 318, 145, 325, 222, 464, 120, 266, 60, 82, 245, 447, 260, 125, 433, 179, 61, 434, 415, 174, 440, 113, 228, 189, 452, 337, 308, 74, 316, 116, 301, 397, 341, 289, 88, 396, 304, 445, 389, 256, 435, 221, 319, 37, 295, 169, 200, 353, 12, 215, 106, 306, 137, 428, 155, 459, 274, 470, 208, 241, 421, 286, 466, 242, 136, 293, 249, 183, 77, 416, 355, 24, 158, 333, 345, 398, 232, 264, 14, 112, 207, 83, 76, 250, 298, 131, 246, 338, 453, 372, 204, 236, 367, 187, 213, 21, 268, 54, 68, 95, 265, 386, 162, 288, 178, 437, 202, 27, 443, 148, 352, 444, 9, 231, 70, 310, 313, 193, 356, 405, 423, 163, 132, 153, 171, 354, 276, 425, 80, 378, 91, 422, 377, 376, 67, 462, 430, 314, 332, 170, 336, 71, 182, 211, 161, 173, 97, 185, 300, 413, 330, 361, 324, 192, 317, 196, 458, 184, 358, 124, 102, 248, 203, 18, 59, 278, 39, 406, 395, 391, 400, 73, 4, 38, 326, 138, 177, 209, 166, 217, 334, 287, 195, 294, 280, 127, 373, 465, 363, 49, 311, 263, 216, 159, 167, 36, 323, 252, 1, 84, 139, 188, 257, 393, 362, 115, 157, 86, 254, 379, 229, 388, 7, 366, 281, 251, 401, 383, 375, 436, 370, 418, 291, 103, 227, 320, 285, 205, 90, 201, 331, 43, 218, 10, 143, 261, 384, 164, 335, 175, 109, 426, 108, 368, 469, 390, 58, 78]
og index list energy: 82454851.69711463
index list: [170, 250, 327, 272, 315, 171, 340, 408, 206, 471, 20, 448, 19, 25, 368, 313, 214, 192, 406, 247, 30, 33, 393, 37, 337, 397, 149, 188, 24, 66, 11, 92, 91, 159, 407, 258, 454, 124, 87, 63, 88, 377, 108, 342, 44, 289, 43, 343, 113, 362, 27, 458, 381, 386, 238, 166, 125, 3, 286, 84, 263, 80, 253, 203, 116, 411, 243, 473, 165, 291, 204, 164, 169, 364, 5, 48, 443, 236, 306, 223, 402, 53, 93, 447, 29, 109, 349, 316, 23, 97, 180, 254, 179, 7, 140, 103, 293, 376, 292, 112, 395, 98, 423, 422, 468, 249, 207, 200, 210, 379, 351, 404, 219, 176, 35, 15, 363, 58, 426, 194, 189, 416, 466, 437, 356, 264, 280, 71, 457, 367, 382, 127, 143, 167, 233, 83, 460, 202, 163, 308, 265, 117, 121, 154, 64, 21, 155, 118, 287, 51, 288, 32, 2, 469, 49, 178, 303, 301, 279, 427, 384, 151, 365, 331, 228, 346, 421, 123, 13, 358, 420, 201, 9, 389, 182, 130, 54, 86, 445, 218, 28, 317, 173, 160, 69, 81, 419, 126, 68, 52, 135, 90, 134, 312, 432, 433, 428, 4, 191, 450, 133, 440, 322, 12, 105, 425, 240, 50, 472, 241, 122, 412, 434, 387, 76, 234, 14, 119, 0, 56, 245, 257, 216, 120, 361, 302, 372, 334, 102, 282, 436, 212, 136, 70, 10, 283, 391, 284, 209, 405, 31, 186, 398, 333, 373, 131, 325, 305, 239, 314, 281, 205, 456, 310, 157, 329, 198, 430, 261, 399, 187, 374, 227, 465, 211, 101, 429, 114, 217, 354, 410, 89, 60, 162, 396, 62, 375, 36, 355, 237, 256, 255, 18, 244, 357, 352, 196, 199, 197, 190, 441, 94, 424, 142, 183, 40, 215, 275, 341, 16, 464, 96, 344, 229, 442, 153, 467, 208, 45, 345, 141, 73, 67, 417, 235, 95, 55, 307, 220, 221, 323, 99, 270, 435, 300, 213, 348, 251, 106, 336, 269, 262, 455, 274, 146, 181, 350, 158, 403, 371, 324, 294, 383, 168, 321, 418, 380, 378, 369, 75, 26, 150, 115, 137, 452, 328, 138, 224, 444, 100, 388, 273, 266, 277, 449, 438, 107, 193, 260, 38, 413, 132, 338, 175, 330, 339, 259, 409, 22, 431, 177, 390, 252, 276, 226, 41, 414, 39, 366, 298, 278, 156, 78, 297, 296, 111, 195, 385, 304, 359, 290, 326, 394, 267, 222, 453, 231, 152, 145, 370, 248, 161, 232, 459, 446, 6, 439, 47, 110, 65, 128, 400, 463, 42, 347, 230, 46, 332, 470, 335, 451, 59, 74, 299, 129, 61, 77, 85, 104, 34, 184, 8, 271, 1, 139, 144, 72, 360, 82, 79, 401, 148, 309, 268, 246, 147, 57, 461, 225, 392, 320, 415, 319, 172, 242, 353, 318, 185, 462, 285, 311, 174, 17, 295]
index list energy: 1609067.0170917248
Done




program ended at: 2019-12-11 20:17:56.589662 
 time delta: 4 days, 23:50:00.000663
