## SLURM PROLOG ###############################################################
##    Job ID : 9199678
##  Job Name : five_day_runs
##  Nodelist : node1124
##      CPUs : 1
##  Mem/Node : 1024 MB
## Directory : /gpfs/data/nfawzi/skale/Fawzi_pycharm_project
##   Started : Fri Dec  6 20:28:26 EST 2019
###############################################################################
program started at:2019-12-06 20:28:27.527705
iterations: 5000000000 temp: 1000000.0 exponent: 0.7 eif: 300.0
time taken (sec): 374042.34616184235
number of iterations: 5000000000
final temperature: 191.58123138056612
og index list: [16, 225, 448, 377, 265, 286, 190, 8, 182, 411, 142, 160, 178, 268, 261, 304, 382, 10, 256, 409, 129, 165, 48, 322, 387, 423, 76, 0, 41, 297, 219, 183, 247, 324, 135, 398, 87, 109, 347, 82, 193, 464, 99, 427, 262, 266, 305, 132, 341, 152, 227, 138, 184, 145, 296, 206, 126, 122, 332, 164, 21, 410, 53, 364, 46, 407, 177, 73, 100, 419, 22, 69, 240, 232, 455, 457, 167, 108, 26, 276, 238, 342, 203, 429, 346, 52, 438, 463, 166, 173, 309, 137, 134, 155, 367, 56, 314, 298, 331, 404, 351, 2, 30, 224, 311, 148, 333, 101, 93, 361, 317, 458, 307, 414, 169, 466, 107, 66, 431, 156, 45, 242, 255, 451, 344, 417, 12, 216, 336, 119, 274, 406, 72, 354, 349, 456, 355, 220, 389, 78, 90, 435, 368, 43, 229, 228, 267, 49, 418, 449, 205, 424, 375, 174, 40, 337, 175, 112, 147, 58, 440, 11, 301, 65, 291, 68, 161, 120, 401, 116, 327, 214, 399, 102, 348, 275, 114, 231, 61, 469, 460, 285, 118, 38, 334, 6, 357, 110, 23, 426, 321, 248, 130, 29, 273, 350, 106, 67, 63, 84, 24, 454, 124, 18, 374, 71, 383, 113, 1, 272, 453, 88, 467, 397, 241, 437, 343, 362, 390, 359, 300, 246, 185, 445, 413, 150, 146, 144, 284, 187, 149, 386, 330, 85, 325, 17, 153, 37, 32, 465, 128, 55, 303, 446, 444, 239, 249, 326, 200, 295, 316, 176, 131, 196, 94, 433, 271, 143, 133, 360, 209, 250, 403, 310, 252, 223, 379, 356, 371, 89, 439, 447, 235, 172, 434, 420, 31, 425, 254, 42, 461, 33, 54, 394, 171, 103, 281, 158, 123, 442, 47, 208, 253, 428, 212, 335, 412, 191, 233, 201, 472, 287, 400, 366, 257, 430, 79, 370, 318, 352, 197, 36, 226, 288, 283, 243, 436, 80, 315, 270, 408, 306, 96, 213, 154, 459, 74, 20, 111, 391, 237, 421, 198, 81, 290, 125, 385, 260, 186, 393, 392, 218, 44, 308, 263, 75, 312, 473, 222, 50, 168, 59, 380, 365, 384, 64, 7, 319, 470, 211, 60, 83, 264, 97, 282, 141, 299, 358, 339, 313, 194, 279, 98, 104, 378, 381, 259, 289, 39, 28, 320, 452, 181, 62, 188, 105, 4, 3, 258, 140, 202, 139, 180, 432, 402, 294, 27, 95, 416, 329, 14, 195, 244, 280, 117, 422, 468, 91, 415, 170, 5, 77, 192, 388, 234, 269, 328, 221, 373, 345, 471, 136, 293, 70, 236, 127, 34, 179, 199, 215, 405, 338, 363, 207, 159, 353, 441, 25, 278, 15, 19, 277, 369, 395, 396, 157, 13, 292, 450, 372, 251, 230, 162, 245, 210, 189, 121, 51, 462, 302, 92, 323, 376, 151, 9, 217, 115, 340, 163, 443, 86, 35, 57, 204]
og index list energy: 145136147.41653085
index list: [234, 205, 17, 184, 322, 227, 448, 76, 107, 301, 330, 338, 132, 217, 471, 29, 48, 67, 358, 243, 434, 158, 363, 32, 2, 16, 171, 116, 461, 211, 101, 344, 65, 122, 441, 30, 435, 378, 87, 63, 88, 157, 437, 108, 394, 296, 94, 298, 272, 340, 27, 244, 420, 329, 39, 283, 327, 223, 465, 286, 263, 106, 235, 151, 170, 473, 115, 345, 335, 127, 113, 164, 142, 446, 199, 210, 453, 19, 25, 426, 206, 376, 53, 449, 470, 253, 109, 42, 23, 97, 180, 254, 49, 218, 204, 28, 409, 216, 64, 287, 388, 265, 212, 370, 451, 375, 361, 194, 189, 418, 192, 364, 219, 176, 35, 15, 462, 209, 398, 196, 195, 459, 55, 447, 380, 264, 280, 408, 306, 307, 154, 118, 117, 155, 443, 279, 124, 202, 43, 289, 44, 37, 148, 354, 93, 104, 167, 297, 129, 156, 78, 405, 337, 302, 352, 178, 185, 85, 13, 450, 385, 271, 228, 331, 372, 387, 237, 288, 137, 467, 357, 201, 9, 464, 428, 7, 71, 315, 173, 140, 103, 308, 40, 160, 69, 81, 90, 86, 68, 52, 91, 159, 134, 125, 406, 341, 126, 203, 333, 110, 133, 410, 121, 12, 105, 136, 10, 82, 355, 33, 34, 416, 347, 425, 365, 191, 14, 128, 238, 120, 336, 257, 18, 256, 255, 390, 102, 334, 225, 282, 389, 100, 360, 169, 3, 183, 411, 316, 403, 348, 36, 186, 414, 47, 362, 131, 325, 305, 239, 314, 281, 250, 165, 1, 130, 399, 198, 432, 54, 419, 56, 366, 417, 207, 200, 249, 442, 413, 332, 353, 79, 89, 60, 162, 382, 62, 469, 379, 377, 135, 123, 174, 241, 317, 429, 397, 4, 5, 190, 197, 349, 468, 193, 374, 240, 273, 215, 275, 438, 229, 342, 96, 356, 247, 75, 386, 20, 433, 26, 396, 95, 73, 45, 392, 343, 248, 232, 161, 220, 221, 57, 391, 270, 350, 300, 213, 346, 261, 214, 246, 172, 430, 224, 401, 252, 181, 328, 383, 208, 457, 454, 294, 424, 168, 321, 324, 381, 98, 407, 456, 119, 259, 466, 395, 187, 291, 384, 0, 463, 292, 371, 99, 74, 323, 295, 175, 303, 41, 436, 112, 150, 70, 80, 77, 61, 138, 431, 412, 439, 226, 177, 278, 359, 276, 444, 182, 369, 11, 258, 66, 149, 393, 153, 166, 310, 111, 163, 415, 304, 460, 290, 326, 284, 267, 222, 427, 422, 147, 83, 368, 114, 452, 260, 84, 351, 38, 339, 274, 262, 269, 311, 455, 22, 440, 146, 230, 46, 145, 231, 152, 141, 458, 6, 309, 268, 92, 50, 367, 245, 188, 236, 24, 31, 58, 139, 144, 72, 59, 445, 179, 421, 251, 299, 8, 21, 51, 143, 233, 293, 373, 320, 400, 423, 266, 277, 404, 402, 312, 242, 319, 472, 318, 285, 313]
index list energy: 1607134.3388090807
Done




program ended at: 2019-12-11 20:18:27.524321 
 time delta: 4 days, 23:49:59.996616
