## SLURM PROLOG ###############################################################
##    Job ID : 3610926
##  Job Name : pypy_with_chain_checks
##  Nodelist : node1310
##      CPUs : 1
##  Mem/Node : 1024 MB
## Directory : /gpfs/data/nfawzi/skale/Fawzi_pycharm_project
##   Started : Sun Apr 14 11:33:45 EDT 2019
###############################################################################
program started at:2019-04-14 11:33:48.695082
iterations: 10000000 temp: 1000000.0 exponent: 0.7 eif: 300.0
time taken (sec): 971.6797952651978
number of iterations: 10000000
og index list: [11, 53, 24, 42, 75, 3, 30, 66, 43, 58, 56, 79, 26, 35, 64, 67, 16, 18, 70, 48, 10, 29, 77, 74, 71, 25, 59, 17, 36, 78, 34, 47, 76, 33, 65, 57, 39, 1, 72, 28, 60, 73, 37, 14, 52, 61, 68, 41, 7, 19, 21, 9, 13, 2, 46, 51, 45, 54, 8, 0, 69, 27, 12, 5, 20, 22, 62, 44, 55, 40, 32, 50, 38, 31, 49, 23, 6, 4, 63, 15]
og index list energy: 114863272.61869031
index list: [0, 1, 2, 3, 4, 5, 6, 7, 8, 9, 10, 11, 12, 13, 78, 14, 15, 16, 75, 17, 18, 19, 20, 21, 22, 23, 24, 25, 26, 27, 28, 29, 30, 31, 32, 79, 33, 34, 35, 36, 37, 38, 39, 40, 41, 76, 42, 43, 44, 45, 46, 47, 48, 49, 50, 51, 52, 53, 54, 55, 56, 57, 58, 77, 59, 60, 61, 62, 63, 64, 65, 66, 67, 68, 69, 70, 71, 74, 72, 73]
index list energy: 97911.32412903158
Done


iterations: 10000000 temp: 1000000.0 exponent: 0.7 eif: 300.0
time taken (sec): 954.5936450958252
number of iterations: 10000000
og index list: [57, 72, 10, 56, 38, 70, 36, 19, 14, 34, 2, 37, 25, 11, 33, 46, 5, 30, 58, 61, 20, 13, 63, 53, 43, 48, 65, 54, 6, 64, 42, 50, 3, 16, 47, 9, 12, 62, 21, 4, 26, 60, 78, 52, 59, 55, 23, 32, 40, 41, 77, 35, 71, 49, 66, 27, 67, 74, 22, 24, 75, 0, 51, 29, 44, 68, 45, 73, 1, 79, 15, 31, 18, 17, 28, 69, 7, 76, 39, 8]
og index list energy: 116797558.12128195
index list: [0, 1, 2, 3, 4, 5, 6, 7, 8, 9, 10, 11, 12, 13, 49, 14, 15, 16, 74, 17, 18, 19, 20, 21, 22, 23, 24, 25, 26, 27, 28, 29, 30, 31, 32, 76, 33, 34, 35, 36, 37, 38, 39, 40, 41, 71, 75, 43, 44, 45, 46, 47, 48, 79, 50, 51, 52, 53, 54, 55, 56, 57, 58, 78, 59, 60, 61, 62, 63, 64, 65, 66, 67, 68, 69, 70, 77, 42, 72, 73]
index list energy: 108070.45780373304
Done


iterations: 10000000 temp: 1000000.0 exponent: 0.7 eif: 300.0
time taken (sec): 921.2450456619263
number of iterations: 10000000
og index list: [20, 76, 26, 61, 16, 15, 67, 52, 46, 79, 66, 77, 34, 49, 53, 36, 44, 70, 22, 75, 64, 65, 31, 28, 11, 8, 78, 63, 43, 51, 56, 69, 71, 35, 42, 19, 3, 29, 62, 37, 68, 27, 4, 21, 0, 74, 57, 48, 40, 32, 6, 12, 55, 5, 33, 9, 17, 39, 18, 60, 59, 58, 30, 2, 13, 41, 25, 73, 14, 7, 38, 1, 47, 23, 10, 50, 72, 45, 54, 24]
og index list energy: 139633832.7418055
index list: [72, 73, 77, 14, 76, 5, 6, 7, 8, 9, 10, 11, 0, 1, 2, 3, 40, 41, 79, 17, 18, 19, 20, 21, 22, 23, 24, 25, 26, 27, 28, 29, 30, 31, 75, 42, 33, 34, 35, 36, 37, 38, 39, 4, 15, 16, 74, 43, 44, 45, 46, 47, 48, 49, 50, 51, 52, 53, 54, 55, 56, 57, 58, 78, 59, 60, 61, 62, 63, 64, 65, 66, 67, 68, 69, 70, 71, 12, 13, 32]
index list energy: 233385.66051641997
Done


iterations: 10000000 temp: 1000000.0 exponent: 0.7 eif: 300.0
time taken (sec): 909.9470031261444
number of iterations: 10000000
og index list: [77, 58, 59, 28, 49, 54, 67, 79, 7, 13, 12, 53, 74, 18, 16, 76, 41, 6, 14, 10, 65, 25, 45, 8, 32, 78, 26, 42, 55, 27, 72, 64, 39, 21, 61, 29, 70, 4, 63, 40, 20, 57, 2, 30, 71, 48, 37, 22, 50, 44, 19, 47, 73, 31, 52, 3, 9, 35, 68, 56, 62, 24, 66, 36, 15, 51, 33, 0, 34, 38, 5, 69, 23, 60, 17, 1, 43, 11, 46, 75]
og index list energy: 126728683.76783663
index list: [72, 73, 79, 14, 15, 75, 74, 17, 18, 6, 7, 8, 9, 10, 11, 12, 13, 16, 0, 1, 2, 19, 20, 21, 22, 23, 24, 25, 26, 27, 28, 29, 30, 31, 32, 77, 33, 34, 35, 36, 37, 38, 39, 40, 41, 78, 42, 43, 44, 45, 46, 47, 48, 49, 50, 51, 52, 53, 54, 55, 56, 57, 58, 76, 59, 60, 61, 62, 63, 64, 65, 66, 67, 68, 69, 70, 71, 4, 5, 3]
index list energy: 179074.55470344823
Done


iterations: 10000000 temp: 1000000.0 exponent: 0.7 eif: 300.0
time taken (sec): 898.5932650566101
number of iterations: 10000000
og index list: [20, 3, 69, 28, 70, 11, 68, 12, 59, 56, 71, 73, 9, 57, 17, 8, 74, 43, 26, 5, 76, 10, 13, 61, 52, 19, 34, 23, 25, 79, 45, 51, 50, 54, 48, 31, 64, 41, 7, 32, 2, 75, 46, 4, 1, 37, 58, 35, 30, 0, 27, 62, 42, 65, 60, 6, 53, 67, 15, 44, 29, 47, 14, 63, 40, 55, 22, 33, 72, 36, 78, 39, 66, 24, 16, 18, 49, 77, 21, 38]
og index list energy: 106854459.72534499
index list: [72, 1, 2, 0, 73, 79, 6, 7, 8, 9, 10, 11, 12, 13, 49, 14, 15, 16, 78, 17, 18, 19, 20, 21, 22, 23, 24, 25, 26, 27, 28, 29, 30, 31, 32, 77, 33, 34, 35, 36, 37, 38, 39, 40, 41, 76, 42, 43, 44, 45, 46, 47, 48, 74, 50, 51, 52, 53, 54, 55, 56, 57, 58, 75, 59, 60, 61, 62, 63, 64, 65, 66, 67, 68, 69, 70, 71, 4, 5, 3]
index list energy: 121336.90490276847
Done


iterations: 10000000 temp: 1000000.0 exponent: 0.7 eif: 300.0
time taken (sec): 958.1027812957764
number of iterations: 10000000
og index list: [13, 77, 27, 8, 52, 7, 64, 75, 21, 53, 41, 33, 72, 63, 68, 38, 17, 79, 69, 74, 34, 48, 60, 71, 16, 56, 59, 10, 19, 9, 47, 57, 4, 66, 1, 61, 37, 31, 28, 20, 42, 5, 49, 44, 45, 25, 29, 11, 54, 78, 39, 32, 46, 36, 12, 76, 0, 30, 3, 18, 15, 73, 51, 65, 43, 67, 55, 26, 22, 62, 58, 70, 50, 35, 6, 40, 23, 24, 2, 14]
og index list energy: 106381943.22886483
index list: [10, 11, 12, 13, 41, 71, 0, 1, 2, 3, 75, 72, 73, 40, 6, 7, 8, 9, 78, 17, 18, 19, 20, 21, 22, 23, 24, 25, 26, 27, 28, 29, 30, 31, 32, 74, 33, 34, 35, 36, 37, 38, 39, 4, 5, 49, 42, 43, 44, 45, 46, 47, 48, 77, 50, 51, 52, 53, 54, 55, 56, 57, 58, 76, 59, 60, 61, 62, 63, 64, 65, 66, 67, 68, 69, 70, 79, 14, 15, 16]
index list energy: 249316.51683509443
Done


iterations: 10000000 temp: 1000000.0 exponent: 0.7 eif: 300.0
time taken (sec): 920.8363735675812
number of iterations: 10000000
og index list: [30, 72, 63, 1, 38, 26, 61, 62, 42, 48, 11, 68, 2, 29, 45, 52, 79, 7, 24, 76, 18, 16, 33, 27, 6, 74, 47, 14, 40, 58, 53, 4, 35, 70, 25, 31, 10, 8, 3, 23, 65, 49, 75, 44, 5, 28, 17, 32, 77, 54, 73, 59, 64, 36, 43, 19, 56, 22, 13, 20, 46, 0, 21, 39, 67, 51, 55, 71, 37, 50, 66, 60, 9, 12, 15, 34, 57, 41, 69, 78]
og index list energy: 141477063.32795897
index list: [72, 1, 2, 3, 4, 5, 6, 7, 8, 9, 10, 11, 12, 13, 78, 14, 15, 16, 49, 17, 18, 19, 20, 21, 22, 23, 24, 25, 26, 27, 28, 29, 30, 31, 32, 74, 33, 34, 35, 36, 37, 38, 39, 40, 41, 0, 73, 77, 44, 45, 46, 47, 48, 75, 50, 51, 52, 53, 54, 55, 56, 57, 58, 79, 59, 60, 61, 62, 63, 64, 65, 66, 67, 68, 69, 70, 71, 76, 42, 43]
index list energy: 116896.14165151541
Done


iterations: 10000000 temp: 1000000.0 exponent: 0.7 eif: 300.0
time taken (sec): 987.1712999343872
number of iterations: 10000000
og index list: [68, 53, 41, 10, 36, 3, 20, 42, 39, 64, 6, 72, 46, 1, 26, 54, 19, 32, 73, 0, 55, 49, 17, 44, 24, 14, 38, 27, 31, 58, 7, 50, 63, 37, 18, 76, 25, 4, 66, 33, 59, 74, 22, 34, 11, 75, 35, 16, 52, 48, 65, 51, 5, 8, 13, 69, 23, 40, 61, 79, 78, 43, 67, 60, 30, 62, 9, 28, 21, 70, 71, 47, 2, 57, 29, 56, 15, 45, 77, 12]
og index list energy: 112971635.2527117
index list: [0, 1, 2, 3, 4, 5, 6, 7, 8, 9, 10, 11, 12, 13, 75, 14, 15, 16, 79, 17, 18, 19, 20, 21, 22, 23, 24, 25, 26, 27, 28, 29, 30, 31, 32, 76, 33, 34, 35, 36, 37, 38, 39, 40, 41, 49, 42, 43, 44, 45, 46, 47, 48, 78, 50, 51, 52, 53, 54, 55, 56, 57, 58, 74, 59, 60, 61, 62, 63, 64, 65, 66, 67, 68, 69, 70, 71, 77, 72, 73]
index list energy: 98209.82393678775
Done


iterations: 10000000 temp: 1000000.0 exponent: 0.7 eif: 300.0
time taken (sec): 917.8704075813293
number of iterations: 10000000
og index list: [37, 10, 64, 21, 60, 42, 35, 68, 18, 14, 40, 58, 69, 13, 5, 46, 15, 48, 53, 3, 7, 57, 16, 50, 4, 77, 28, 22, 31, 24, 66, 6, 12, 63, 8, 61, 17, 33, 79, 59, 45, 2, 65, 62, 32, 47, 67, 30, 39, 11, 75, 19, 49, 1, 55, 27, 0, 78, 73, 34, 26, 70, 72, 54, 71, 74, 29, 52, 41, 20, 23, 9, 56, 36, 44, 43, 51, 38, 76, 25]
og index list energy: 123506489.40022187
index list: [0, 1, 2, 3, 4, 5, 6, 7, 8, 9, 10, 11, 12, 13, 77, 14, 15, 16, 75, 17, 18, 19, 20, 21, 22, 23, 24, 25, 26, 27, 28, 29, 30, 31, 32, 49, 33, 34, 35, 36, 37, 38, 39, 40, 41, 71, 76, 43, 44, 45, 46, 47, 48, 74, 50, 51, 52, 53, 54, 55, 56, 57, 58, 78, 59, 60, 61, 62, 63, 64, 65, 66, 67, 68, 69, 70, 79, 42, 72, 73]
index list energy: 108070.45780373304
Done


iterations: 10000000 temp: 1000000.0 exponent: 0.7 eif: 300.0
time taken (sec): 897.991142988205
number of iterations: 10000000
og index list: [29, 77, 13, 10, 64, 6, 59, 49, 56, 24, 22, 79, 53, 36, 40, 19, 39, 25, 74, 21, 31, 20, 78, 47, 76, 42, 38, 44, 58, 65, 26, 71, 28, 27, 61, 17, 51, 7, 45, 9, 46, 35, 52, 67, 8, 33, 66, 43, 63, 69, 1, 37, 62, 15, 57, 2, 12, 54, 70, 14, 4, 60, 41, 34, 48, 68, 32, 0, 55, 3, 16, 50, 23, 5, 30, 73, 18, 75, 11, 72]
og index list energy: 120226613.27531673
index list: [72, 73, 78, 14, 75, 5, 77, 17, 18, 6, 7, 8, 9, 10, 11, 12, 13, 16, 0, 1, 2, 19, 20, 21, 22, 23, 24, 25, 26, 27, 28, 29, 30, 31, 32, 79, 33, 34, 35, 36, 37, 38, 39, 40, 41, 49, 42, 43, 44, 45, 46, 47, 48, 74, 50, 51, 52, 53, 54, 55, 56, 57, 58, 76, 59, 60, 61, 62, 63, 64, 65, 66, 67, 68, 69, 70, 71, 4, 15, 3]
index list energy: 175519.62713112263
Done


iterations: 10000000 temp: 1000000.0 exponent: 0.7 eif: 300.0
time taken (sec): 888.5451939105988
number of iterations: 10000000
og index list: [43, 22, 79, 76, 2, 45, 55, 6, 18, 59, 9, 12, 48, 49, 75, 41, 46, 35, 31, 42, 32, 34, 65, 39, 69, 36, 15, 16, 68, 21, 3, 52, 26, 24, 53, 14, 4, 56, 70, 1, 29, 71, 78, 64, 60, 67, 74, 28, 40, 0, 62, 50, 30, 17, 63, 38, 7, 33, 23, 54, 72, 27, 11, 25, 20, 8, 47, 66, 77, 44, 19, 57, 5, 73, 58, 51, 61, 10, 13, 37]
og index list energy: 101796352.34796098
index list: [72, 73, 74, 14, 15, 78, 75, 17, 18, 6, 7, 8, 9, 10, 11, 12, 13, 16, 0, 1, 2, 19, 20, 21, 22, 23, 24, 25, 26, 27, 28, 29, 30, 31, 32, 76, 33, 34, 35, 36, 37, 38, 39, 40, 41, 49, 42, 43, 44, 45, 46, 47, 48, 79, 50, 51, 52, 53, 54, 55, 56, 57, 58, 77, 59, 60, 61, 62, 63, 64, 65, 66, 67, 68, 69, 70, 71, 4, 5, 3]
index list energy: 179373.05451120436
Done


iterations: 10000000 temp: 1000000.0 exponent: 0.7 eif: 300.0
time taken (sec): 979.3037283420563
number of iterations: 10000000
og index list: [79, 68, 16, 35, 66, 76, 44, 10, 31, 65, 57, 9, 69, 54, 30, 4, 60, 37, 49, 63, 70, 32, 22, 1, 19, 53, 29, 34, 14, 25, 42, 75, 15, 5, 17, 24, 21, 59, 13, 23, 20, 48, 77, 51, 74, 73, 61, 26, 7, 36, 50, 8, 56, 78, 47, 2, 3, 41, 58, 27, 6, 33, 38, 55, 62, 39, 72, 28, 45, 12, 67, 52, 71, 0, 46, 11, 43, 40, 64, 18]
og index list energy: 148110755.16538212
index list: [0, 1, 2, 3, 4, 5, 6, 7, 8, 9, 10, 11, 12, 13, 74, 14, 15, 16, 76, 17, 18, 19, 20, 21, 22, 23, 24, 25, 26, 27, 28, 29, 30, 31, 32, 77, 33, 34, 35, 36, 37, 38, 39, 40, 41, 79, 42, 43, 44, 45, 46, 47, 48, 49, 50, 51, 52, 53, 54, 55, 56, 57, 58, 75, 59, 60, 61, 62, 63, 64, 65, 66, 67, 68, 69, 70, 71, 78, 72, 73]
index list energy: 97911.32412903158
Done


iterations: 10000000 temp: 1000000.0 exponent: 0.7 eif: 300.0
time taken (sec): 933.5822541713715
number of iterations: 10000000
og index list: [25, 74, 39, 77, 1, 16, 38, 4, 65, 9, 69, 37, 17, 10, 40, 31, 5, 48, 20, 57, 24, 29, 60, 43, 79, 66, 51, 21, 3, 23, 28, 44, 14, 13, 64, 54, 26, 76, 50, 35, 15, 42, 30, 34, 33, 46, 56, 68, 19, 72, 78, 41, 52, 6, 59, 27, 62, 11, 53, 47, 2, 36, 58, 63, 22, 12, 70, 18, 75, 67, 32, 71, 49, 7, 8, 45, 61, 73, 0, 55]
og index list energy: 90103605.51473081
index list: [43, 1, 2, 3, 4, 5, 6, 7, 8, 9, 10, 11, 78, 14, 15, 44, 45, 16, 79, 17, 18, 19, 20, 21, 22, 23, 24, 25, 26, 27, 28, 29, 30, 31, 77, 42, 33, 34, 35, 36, 37, 38, 39, 40, 41, 76, 32, 74, 12, 13, 46, 47, 48, 0, 50, 51, 52, 53, 54, 55, 56, 57, 58, 49, 59, 60, 61, 62, 63, 64, 65, 66, 67, 68, 69, 70, 71, 75, 72, 73]
index list energy: 171347.21775176245
Done


iterations: 10000000 temp: 1000000.0 exponent: 0.7 eif: 300.0
time taken (sec): 946.6151525974274
number of iterations: 10000000
og index list: [9, 54, 76, 38, 58, 72, 39, 74, 55, 46, 0, 40, 11, 25, 69, 17, 65, 30, 14, 10, 1, 59, 31, 16, 26, 66, 36, 43, 56, 34, 53, 62, 61, 49, 42, 37, 4, 60, 71, 15, 12, 18, 2, 50, 28, 7, 24, 51, 70, 6, 64, 57, 3, 19, 27, 48, 78, 8, 21, 79, 13, 20, 29, 75, 23, 45, 22, 35, 68, 41, 32, 33, 44, 63, 77, 52, 47, 5, 73, 67]
og index list energy: 117969390.05369614
index list: [0, 1, 2, 3, 4, 5, 6, 7, 8, 9, 10, 11, 12, 13, 77, 14, 15, 16, 49, 17, 18, 19, 20, 21, 22, 23, 24, 25, 26, 27, 28, 29, 30, 31, 32, 79, 33, 34, 35, 36, 37, 38, 39, 40, 41, 75, 42, 43, 44, 45, 46, 47, 48, 78, 50, 51, 52, 53, 54, 55, 56, 57, 58, 76, 59, 60, 61, 62, 63, 64, 65, 66, 67, 68, 69, 70, 71, 74, 72, 73]
index list energy: 98209.82393678775
Done


iterations: 10000000 temp: 1000000.0 exponent: 0.7 eif: 300.0
time taken (sec): 909.3791332244873
number of iterations: 10000000
og index list: [35, 42, 2, 10, 44, 74, 25, 38, 29, 60, 31, 11, 17, 18, 0, 53, 57, 46, 73, 28, 26, 47, 20, 3, 52, 33, 4, 71, 76, 5, 79, 65, 9, 54, 34, 63, 58, 70, 69, 77, 51, 59, 27, 7, 48, 37, 23, 64, 12, 45, 39, 78, 49, 1, 61, 66, 21, 13, 62, 22, 68, 43, 19, 40, 6, 36, 50, 72, 55, 24, 41, 75, 8, 67, 15, 14, 32, 16, 56, 30]
og index list energy: 104506820.200604
index list: [72, 1, 2, 3, 4, 5, 6, 7, 8, 9, 10, 11, 12, 13, 79, 14, 15, 16, 49, 17, 18, 19, 20, 21, 22, 23, 24, 25, 26, 27, 28, 29, 30, 31, 75, 42, 33, 34, 35, 36, 37, 38, 39, 40, 41, 0, 73, 78, 44, 45, 46, 47, 48, 74, 43, 51, 52, 53, 54, 55, 56, 57, 58, 76, 59, 60, 61, 62, 63, 64, 65, 66, 67, 68, 69, 70, 71, 77, 32, 50]
index list energy: 127968.3725027778
Done


iterations: 10000000 temp: 1000000.0 exponent: 0.7 eif: 300.0
time taken (sec): 939.4690775871277
number of iterations: 10000000
og index list: [61, 51, 71, 57, 33, 18, 40, 34, 4, 66, 55, 14, 25, 35, 42, 53, 10, 77, 1, 29, 6, 72, 41, 43, 69, 23, 22, 73, 65, 62, 76, 54, 60, 49, 70, 19, 68, 48, 56, 3, 21, 17, 27, 28, 13, 45, 20, 30, 0, 5, 15, 38, 75, 32, 9, 59, 63, 47, 58, 50, 37, 52, 79, 2, 44, 78, 12, 39, 7, 26, 11, 8, 36, 24, 31, 67, 64, 46, 74, 16]
og index list energy: 106882509.23876289
index list: [0, 1, 2, 3, 4, 5, 6, 7, 8, 9, 10, 11, 12, 13, 79, 14, 15, 16, 75, 17, 18, 19, 20, 21, 22, 23, 24, 25, 26, 27, 28, 29, 30, 31, 32, 74, 33, 34, 35, 36, 37, 38, 39, 40, 41, 78, 42, 43, 44, 45, 46, 47, 48, 77, 50, 51, 52, 53, 54, 55, 56, 57, 58, 76, 59, 60, 61, 62, 63, 64, 65, 66, 67, 68, 69, 70, 71, 49, 72, 73]
index list energy: 98209.82393678775
Done


iterations: 10000000 temp: 1000000.0 exponent: 0.7 eif: 300.0
time taken (sec): 918.6827719211578
number of iterations: 10000000
og index list: [20, 57, 55, 27, 30, 11, 40, 54, 37, 62, 60, 41, 61, 36, 7, 13, 77, 17, 34, 49, 33, 23, 79, 51, 22, 28, 42, 38, 59, 0, 68, 18, 12, 16, 50, 15, 63, 39, 19, 69, 66, 73, 46, 76, 5, 44, 26, 43, 21, 75, 70, 58, 53, 1, 67, 25, 8, 9, 45, 14, 35, 31, 65, 72, 56, 24, 78, 64, 4, 71, 29, 74, 2, 48, 3, 52, 47, 10, 32, 6]
og index list energy: 72714361.72237904
index list: [72, 73, 76, 11, 12, 13, 77, 17, 18, 6, 7, 8, 9, 10, 78, 14, 15, 16, 0, 1, 2, 19, 20, 21, 22, 23, 24, 25, 26, 27, 28, 29, 30, 31, 32, 49, 33, 34, 35, 36, 37, 38, 39, 40, 41, 75, 42, 43, 44, 45, 46, 47, 48, 79, 50, 51, 52, 53, 54, 55, 56, 57, 58, 74, 59, 60, 61, 62, 63, 64, 65, 66, 67, 68, 69, 70, 71, 4, 5, 3]
index list energy: 174385.4294375099
Done


iterations: 10000000 temp: 1000000.0 exponent: 0.7 eif: 300.0
time taken (sec): 813.6443090438843
number of iterations: 10000000
og index list: [32, 53, 66, 31, 22, 27, 26, 38, 67, 1, 10, 20, 54, 60, 23, 68, 55, 2, 5, 45, 9, 73, 36, 50, 64, 29, 41, 6, 35, 52, 65, 76, 44, 59, 46, 63, 16, 17, 49, 75, 39, 58, 69, 57, 78, 72, 7, 42, 28, 40, 3, 13, 18, 61, 0, 77, 43, 74, 21, 48, 14, 25, 19, 8, 12, 4, 51, 34, 70, 24, 33, 71, 79, 37, 30, 47, 11, 15, 56, 62]
og index list energy: 112867763.37544905
index list: [72, 1, 2, 3, 4, 5, 6, 7, 8, 9, 10, 11, 12, 13, 74, 67, 68, 69, 42, 17, 18, 19, 20, 21, 22, 23, 24, 25, 26, 27, 28, 29, 30, 31, 32, 49, 33, 34, 35, 36, 37, 38, 75, 14, 15, 44, 45, 16, 78, 39, 40, 47, 48, 77, 50, 51, 52, 53, 54, 55, 56, 57, 58, 79, 59, 60, 61, 62, 63, 64, 65, 66, 70, 71, 0, 73, 76, 43, 46, 41]
index list energy: 244675.53693872926
Done


iterations: 10000000 temp: 1000000.0 exponent: 0.7 eif: 300.0
time taken (sec): 814.3851654529572
number of iterations: 10000000
og index list: [7, 29, 32, 65, 0, 42, 68, 74, 15, 3, 49, 16, 18, 8, 61, 40, 51, 5, 31, 62, 60, 52, 11, 79, 21, 24, 17, 59, 77, 76, 4, 55, 46, 37, 10, 9, 19, 44, 72, 25, 50, 23, 1, 2, 73, 34, 78, 69, 71, 66, 63, 48, 43, 39, 75, 47, 12, 38, 35, 6, 28, 14, 30, 64, 33, 26, 57, 54, 53, 36, 56, 58, 70, 41, 13, 22, 27, 45, 20, 67]
og index list energy: 96273397.5133505
index list: [70, 78, 2, 3, 4, 5, 6, 7, 8, 9, 10, 11, 12, 13, 16, 15, 41, 71, 77, 17, 18, 19, 20, 21, 22, 23, 24, 25, 26, 27, 28, 29, 30, 31, 32, 49, 33, 34, 35, 36, 37, 38, 39, 40, 75, 42, 43, 44, 45, 46, 1, 74, 48, 0, 50, 51, 52, 53, 54, 55, 56, 57, 58, 76, 59, 60, 61, 62, 63, 64, 65, 66, 67, 68, 69, 72, 47, 73, 79, 14]
index list energy: 284668.1227183534
Done


iterations: 10000000 temp: 1000000.0 exponent: 0.7 eif: 300.0
time taken (sec): 894.2812485694885
number of iterations: 10000000
og index list: [28, 60, 79, 9, 2, 59, 73, 33, 25, 10, 23, 43, 5, 68, 65, 37, 78, 1, 48, 30, 70, 35, 38, 20, 0, 56, 41, 3, 45, 49, 51, 62, 64, 54, 18, 26, 69, 44, 7, 32, 8, 11, 46, 55, 14, 16, 39, 29, 53, 67, 13, 27, 15, 34, 58, 61, 22, 24, 19, 76, 75, 12, 36, 52, 66, 6, 47, 50, 74, 42, 40, 4, 31, 71, 57, 72, 21, 17, 63, 77]
og index list energy: 99702965.88242838
index list: [0, 1, 2, 3, 4, 5, 6, 7, 8, 9, 10, 11, 12, 13, 77, 14, 15, 16, 75, 17, 18, 19, 20, 21, 22, 23, 24, 25, 26, 27, 28, 29, 30, 31, 32, 78, 33, 34, 35, 36, 37, 38, 39, 40, 41, 76, 42, 43, 44, 45, 46, 47, 48, 74, 50, 51, 52, 53, 54, 55, 56, 57, 58, 79, 59, 60, 61, 62, 63, 64, 65, 66, 67, 68, 69, 70, 71, 49, 72, 73]
index list energy: 98209.82393678775
Done


iterations: 10000000 temp: 1000000.0 exponent: 0.7 eif: 300.0
time taken (sec): 903.2870829105377
number of iterations: 10000000
og index list: [33, 78, 68, 46, 41, 15, 21, 19, 51, 49, 47, 39, 1, 73, 4, 29, 76, 69, 40, 36, 48, 28, 20, 5, 6, 57, 63, 45, 27, 53, 23, 24, 67, 79, 70, 10, 71, 14, 32, 66, 35, 22, 16, 77, 54, 8, 38, 64, 13, 11, 75, 30, 0, 62, 26, 74, 44, 17, 52, 2, 65, 72, 12, 56, 59, 60, 37, 43, 25, 61, 9, 42, 58, 3, 34, 7, 55, 31, 18, 50]
og index list energy: 94597385.50597729
index list: [72, 73, 79, 14, 76, 5, 77, 17, 18, 6, 7, 8, 9, 10, 11, 12, 13, 16, 0, 1, 2, 19, 20, 21, 22, 23, 24, 25, 26, 27, 28, 29, 30, 31, 32, 49, 33, 34, 35, 36, 37, 38, 39, 40, 41, 74, 42, 43, 44, 45, 46, 47, 48, 78, 50, 51, 52, 53, 54, 55, 56, 57, 58, 75, 59, 60, 61, 62, 63, 64, 65, 66, 67, 68, 69, 70, 71, 4, 15, 3]
index list energy: 175519.62713112263
Done


iterations: 10000000 temp: 1000000.0 exponent: 0.7 eif: 300.0
time taken (sec): 977.8055770397186
number of iterations: 10000000
og index list: [65, 37, 67, 43, 79, 44, 78, 73, 74, 7, 22, 47, 26, 36, 18, 30, 28, 3, 29, 0, 11, 54, 32, 58, 56, 77, 64, 55, 75, 25, 4, 31, 5, 8, 42, 49, 17, 52, 63, 35, 19, 6, 9, 40, 48, 45, 21, 50, 46, 71, 38, 70, 16, 27, 61, 39, 24, 13, 76, 68, 12, 1, 62, 66, 57, 10, 53, 15, 14, 23, 20, 41, 59, 2, 33, 60, 69, 72, 34, 51]
og index list energy: 109724842.3798172
index list: [0, 1, 2, 3, 4, 5, 6, 7, 8, 9, 10, 11, 12, 13, 76, 14, 15, 16, 75, 17, 18, 19, 20, 21, 22, 23, 24, 25, 26, 27, 28, 29, 30, 31, 32, 77, 33, 34, 35, 36, 37, 38, 39, 40, 41, 79, 42, 43, 44, 45, 46, 47, 48, 74, 50, 51, 52, 53, 54, 55, 56, 57, 58, 49, 59, 60, 61, 62, 63, 64, 65, 66, 67, 68, 69, 70, 71, 78, 72, 73]
index list energy: 98209.82393678775
Done


iterations: 10000000 temp: 1000000.0 exponent: 0.7 eif: 300.0
time taken (sec): 961.4575228691101
number of iterations: 10000000
og index list: [6, 15, 63, 28, 55, 56, 20, 1, 23, 51, 46, 12, 18, 26, 60, 54, 72, 66, 7, 75, 44, 79, 64, 22, 40, 36, 77, 39, 57, 68, 34, 71, 5, 0, 4, 10, 13, 33, 48, 62, 37, 24, 74, 27, 49, 67, 45, 32, 65, 59, 9, 50, 73, 76, 69, 41, 42, 31, 11, 25, 61, 78, 47, 2, 19, 21, 17, 30, 29, 35, 53, 3, 38, 16, 70, 8, 14, 52, 43, 58]
og index list energy: 90395259.34370056
index list: [0, 1, 2, 3, 4, 5, 6, 7, 8, 9, 10, 11, 12, 13, 79, 14, 15, 16, 75, 17, 18, 19, 20, 21, 22, 23, 24, 25, 26, 27, 28, 29, 30, 31, 32, 49, 33, 34, 35, 36, 37, 38, 39, 40, 41, 78, 42, 43, 44, 45, 46, 47, 48, 77, 50, 51, 52, 53, 54, 55, 56, 57, 58, 76, 59, 60, 61, 62, 63, 64, 65, 66, 67, 68, 69, 70, 71, 74, 72, 73]
index list energy: 98209.82393678775
Done


iterations: 10000000 temp: 1000000.0 exponent: 0.7 eif: 300.0
time taken (sec): 953.3893501758575
number of iterations: 10000000
og index list: [25, 23, 33, 66, 52, 55, 40, 20, 21, 2, 51, 56, 22, 74, 70, 62, 48, 64, 5, 47, 34, 76, 77, 45, 72, 58, 41, 37, 31, 39, 14, 75, 44, 43, 32, 6, 63, 38, 53, 18, 10, 73, 60, 12, 29, 1, 54, 46, 71, 50, 4, 19, 79, 68, 57, 7, 61, 69, 42, 27, 26, 28, 16, 15, 78, 9, 30, 49, 3, 65, 36, 11, 67, 24, 59, 8, 17, 35, 13, 0]
og index list energy: 125658953.69874553
index list: [0, 1, 2, 3, 4, 5, 6, 7, 8, 9, 10, 11, 12, 13, 75, 14, 15, 16, 74, 17, 18, 19, 20, 21, 22, 23, 24, 25, 26, 27, 28, 29, 30, 31, 32, 76, 33, 34, 35, 36, 37, 38, 39, 40, 41, 79, 42, 43, 44, 45, 46, 47, 48, 77, 50, 51, 52, 53, 54, 55, 56, 57, 58, 49, 59, 60, 61, 62, 63, 64, 65, 66, 67, 68, 69, 70, 71, 78, 72, 73]
index list energy: 98209.82393678775
Done


iterations: 10000000 temp: 1000000.0 exponent: 0.7 eif: 300.0
time taken (sec): 857.3734517097473
number of iterations: 10000000
og index list: [10, 65, 44, 7, 76, 24, 28, 74, 50, 52, 18, 9, 23, 66, 62, 39, 57, 5, 22, 36, 15, 53, 31, 25, 34, 72, 40, 60, 32, 41, 75, 56, 17, 33, 6, 13, 8, 2, 55, 3, 4, 49, 27, 30, 79, 68, 70, 14, 54, 35, 47, 78, 59, 71, 73, 77, 48, 21, 63, 42, 51, 43, 58, 11, 19, 69, 26, 20, 0, 64, 1, 12, 45, 46, 16, 38, 67, 61, 29, 37]
og index list energy: 106281493.54800482
index list: [72, 1, 2, 3, 4, 5, 6, 7, 8, 9, 10, 11, 78, 42, 70, 71, 40, 41, 77, 17, 18, 19, 20, 21, 22, 23, 24, 25, 26, 27, 28, 29, 30, 31, 32, 75, 33, 37, 38, 48, 34, 35, 46, 47, 39, 49, 43, 44, 45, 16, 12, 13, 36, 79, 50, 51, 52, 53, 54, 55, 56, 57, 58, 74, 59, 60, 61, 62, 63, 64, 65, 66, 67, 68, 0, 73, 76, 69, 14, 15]
index list energy: 308150.5111245675
Done


iterations: 10000000 temp: 1000000.0 exponent: 0.7 eif: 300.0
time taken (sec): 970.3170299530029
number of iterations: 10000000
og index list: [36, 20, 51, 76, 73, 66, 44, 21, 7, 55, 59, 15, 68, 28, 34, 70, 4, 45, 53, 12, 37, 69, 10, 67, 25, 24, 71, 78, 14, 77, 43, 32, 30, 49, 27, 35, 65, 3, 48, 50, 33, 74, 8, 42, 75, 23, 16, 6, 22, 46, 58, 18, 64, 0, 52, 54, 13, 60, 41, 39, 63, 17, 2, 72, 5, 61, 62, 47, 29, 40, 19, 11, 26, 56, 9, 31, 79, 38, 1, 57]
og index list energy: 112315330.08675273
index list: [0, 1, 2, 3, 4, 5, 6, 7, 8, 9, 10, 11, 12, 13, 75, 14, 15, 16, 79, 17, 18, 19, 20, 21, 22, 23, 24, 25, 26, 27, 28, 29, 30, 31, 32, 77, 33, 34, 35, 36, 37, 38, 39, 40, 41, 76, 42, 43, 44, 45, 46, 47, 48, 49, 50, 51, 52, 53, 54, 55, 56, 57, 58, 78, 59, 60, 61, 62, 63, 64, 65, 66, 67, 68, 69, 70, 71, 74, 72, 73]
index list energy: 97911.32412903158
Done


iterations: 10000000 temp: 1000000.0 exponent: 0.7 eif: 300.0
time taken (sec): 911.0474700927734
number of iterations: 10000000
og index list: [48, 9, 61, 69, 40, 64, 79, 35, 76, 21, 18, 8, 45, 73, 66, 68, 23, 7, 4, 53, 65, 13, 67, 14, 34, 5, 57, 27, 43, 50, 25, 58, 70, 71, 51, 0, 36, 2, 33, 38, 46, 72, 37, 29, 30, 28, 54, 42, 55, 47, 78, 62, 26, 41, 15, 17, 32, 56, 3, 44, 63, 59, 39, 22, 12, 19, 11, 60, 16, 6, 75, 24, 49, 74, 52, 10, 31, 1, 20, 77]
og index list energy: 115350930.78232434
index list: [72, 1, 2, 3, 4, 5, 6, 7, 8, 9, 10, 11, 12, 13, 79, 14, 15, 16, 0, 73, 76, 19, 20, 21, 22, 23, 24, 25, 26, 27, 28, 29, 30, 31, 32, 78, 33, 34, 35, 36, 37, 38, 39, 40, 41, 49, 42, 43, 44, 45, 46, 47, 48, 75, 50, 51, 52, 53, 54, 55, 56, 57, 58, 77, 59, 60, 61, 62, 63, 64, 65, 66, 67, 68, 69, 70, 71, 74, 17, 18]
index list energy: 137737.62313102873
Done


iterations: 10000000 temp: 1000000.0 exponent: 0.7 eif: 300.0
time taken (sec): 961.3601849079132
number of iterations: 10000000
og index list: [6, 4, 27, 17, 22, 18, 76, 41, 51, 71, 19, 42, 46, 50, 68, 62, 69, 25, 78, 21, 47, 77, 43, 7, 2, 56, 73, 10, 79, 8, 1, 65, 58, 64, 35, 48, 33, 54, 72, 32, 61, 31, 16, 49, 52, 11, 15, 40, 14, 24, 30, 36, 12, 28, 74, 3, 39, 34, 53, 5, 20, 29, 55, 0, 57, 38, 60, 23, 66, 37, 26, 70, 75, 63, 9, 59, 13, 44, 45, 67]
og index list energy: 89331506.07526594
index list: [0, 1, 2, 3, 4, 5, 6, 7, 8, 9, 10, 11, 12, 13, 75, 14, 15, 16, 77, 17, 18, 19, 20, 21, 22, 23, 24, 25, 26, 27, 28, 29, 30, 31, 32, 49, 33, 34, 35, 36, 37, 38, 39, 40, 41, 79, 42, 43, 44, 45, 46, 47, 48, 78, 50, 51, 52, 53, 54, 55, 56, 57, 58, 74, 59, 60, 61, 62, 63, 64, 65, 66, 67, 68, 69, 70, 71, 76, 72, 73]
index list energy: 98209.82393678775
Done


iterations: 10000000 temp: 1000000.0 exponent: 0.7 eif: 300.0
time taken (sec): 877.1789193153381
number of iterations: 10000000
og index list: [9, 64, 62, 74, 34, 57, 14, 68, 40, 13, 29, 54, 55, 72, 33, 71, 5, 3, 42, 52, 11, 30, 4, 69, 8, 41, 65, 27, 12, 16, 18, 0, 48, 2, 26, 39, 36, 37, 61, 50, 44, 17, 49, 63, 78, 76, 51, 6, 25, 19, 23, 60, 20, 47, 43, 38, 67, 7, 24, 28, 10, 45, 73, 53, 56, 75, 46, 58, 31, 66, 21, 35, 32, 59, 15, 79, 77, 22, 1, 70]
og index list energy: 110574949.57502006
index list: [0, 1, 2, 3, 4, 5, 6, 7, 8, 9, 10, 11, 12, 13, 77, 14, 15, 16, 75, 17, 18, 19, 20, 21, 22, 23, 24, 25, 26, 27, 28, 29, 30, 31, 32, 74, 33, 34, 35, 36, 37, 38, 39, 40, 41, 76, 42, 43, 44, 45, 46, 47, 48, 49, 50, 51, 52, 53, 54, 55, 56, 57, 58, 78, 59, 60, 61, 62, 63, 64, 65, 66, 67, 68, 69, 70, 71, 79, 72, 73]
index list energy: 97911.32412903158
Done


iterations: 10000000 temp: 1000000.0 exponent: 0.7 eif: 300.0
time taken (sec): 892.7233011722565
number of iterations: 10000000
og index list: [72, 44, 10, 34, 1, 7, 57, 43, 53, 78, 61, 47, 6, 13, 50, 3, 40, 75, 77, 38, 22, 67, 29, 23, 17, 30, 27, 14, 52, 24, 4, 41, 65, 59, 37, 42, 21, 5, 58, 74, 11, 19, 9, 76, 12, 46, 45, 56, 16, 63, 18, 26, 39, 15, 48, 2, 62, 64, 0, 35, 33, 36, 60, 49, 54, 71, 8, 66, 31, 70, 25, 51, 32, 20, 69, 55, 28, 73, 68, 79]
og index list energy: 90423684.9548046
index list: [0, 1, 2, 3, 4, 5, 6, 7, 8, 9, 10, 11, 12, 13, 77, 14, 15, 16, 79, 17, 18, 19, 20, 21, 22, 23, 24, 25, 26, 27, 28, 29, 30, 31, 32, 74, 33, 34, 35, 36, 37, 38, 39, 40, 41, 75, 42, 43, 44, 45, 46, 47, 48, 76, 50, 51, 52, 53, 54, 55, 56, 57, 58, 49, 59, 60, 61, 62, 63, 64, 65, 66, 67, 68, 69, 70, 71, 78, 72, 73]
index list energy: 98209.82393678775
Done


iterations: 10000000 temp: 1000000.0 exponent: 0.7 eif: 300.0
time taken (sec): 915.7219996452332
number of iterations: 10000000
og index list: [16, 33, 26, 64, 57, 66, 25, 7, 77, 47, 8, 44, 69, 49, 9, 61, 15, 28, 27, 73, 70, 35, 43, 11, 14, 45, 76, 75, 65, 48, 54, 72, 1, 50, 4, 53, 5, 3, 40, 39, 29, 34, 59, 55, 71, 41, 23, 18, 13, 38, 46, 63, 67, 32, 10, 17, 42, 30, 68, 22, 0, 24, 51, 37, 20, 52, 58, 78, 12, 31, 19, 2, 62, 74, 6, 36, 79, 56, 60, 21]
og index list energy: 114863317.34892894
index list: [0, 1, 2, 3, 4, 5, 6, 7, 8, 9, 10, 11, 12, 13, 78, 14, 15, 16, 77, 17, 18, 19, 20, 21, 22, 23, 24, 25, 26, 27, 28, 29, 30, 31, 32, 75, 33, 34, 35, 36, 37, 38, 39, 40, 41, 49, 42, 43, 44, 45, 46, 47, 48, 79, 50, 51, 52, 53, 54, 55, 56, 57, 58, 76, 59, 60, 61, 62, 63, 64, 65, 66, 67, 68, 69, 70, 71, 74, 72, 73]
index list energy: 98209.82393678775
Done


iterations: 10000000 temp: 1000000.0 exponent: 0.7 eif: 300.0
time taken (sec): 863.7535002231598
number of iterations: 10000000
og index list: [51, 47, 44, 35, 58, 36, 13, 1, 8, 72, 40, 0, 34, 73, 37, 12, 46, 21, 54, 17, 24, 38, 31, 20, 27, 77, 25, 74, 45, 9, 78, 33, 23, 79, 76, 22, 16, 57, 50, 69, 3, 15, 49, 19, 71, 2, 42, 75, 55, 61, 63, 7, 62, 60, 56, 70, 28, 6, 18, 67, 64, 11, 30, 10, 52, 66, 48, 4, 5, 29, 43, 32, 39, 53, 26, 68, 59, 65, 14, 41]
og index list energy: 90602734.20838514
index list: [72, 1, 2, 3, 4, 5, 6, 7, 8, 9, 10, 11, 12, 13, 77, 14, 15, 16, 49, 17, 18, 19, 20, 21, 22, 23, 24, 25, 26, 27, 28, 29, 30, 31, 32, 75, 33, 34, 35, 36, 37, 38, 39, 40, 41, 0, 73, 79, 70, 71, 74, 47, 48, 76, 50, 51, 52, 53, 54, 55, 56, 57, 58, 78, 59, 60, 61, 62, 63, 64, 65, 66, 67, 68, 69, 42, 43, 44, 45, 46]
index list energy: 146228.57475482687
Done


iterations: 10000000 temp: 1000000.0 exponent: 0.7 eif: 300.0
time taken (sec): 873.1305727958679
number of iterations: 10000000
og index list: [36, 35, 20, 38, 34, 53, 49, 45, 61, 56, 27, 15, 6, 2, 58, 41, 22, 23, 5, 44, 39, 66, 50, 78, 26, 65, 12, 42, 55, 19, 68, 29, 40, 8, 32, 18, 48, 21, 77, 24, 74, 3, 43, 60, 69, 46, 62, 64, 17, 79, 57, 72, 9, 67, 51, 52, 7, 0, 16, 31, 14, 4, 54, 1, 13, 37, 70, 10, 33, 59, 73, 63, 47, 75, 30, 71, 11, 25, 76, 28]
og index list energy: 78373132.16734013
index list: [72, 1, 2, 0, 73, 77, 6, 7, 8, 9, 10, 11, 12, 13, 74, 14, 15, 16, 78, 17, 18, 19, 20, 21, 22, 23, 24, 25, 26, 27, 28, 29, 30, 31, 32, 76, 33, 34, 35, 36, 37, 38, 39, 40, 41, 75, 42, 43, 44, 45, 46, 47, 48, 49, 50, 51, 52, 53, 54, 55, 56, 57, 58, 79, 59, 60, 61, 62, 63, 64, 65, 66, 67, 68, 69, 70, 71, 4, 5, 3]
index list energy: 121038.40509501232
Done


iterations: 10000000 temp: 1000000.0 exponent: 0.7 eif: 300.0
time taken (sec): 918.7229151725769
number of iterations: 10000000
og index list: [53, 50, 16, 27, 57, 39, 4, 44, 49, 79, 11, 42, 59, 35, 65, 72, 13, 71, 2, 10, 22, 5, 78, 8, 31, 69, 77, 3, 9, 66, 40, 28, 23, 29, 37, 52, 34, 76, 21, 54, 19, 6, 64, 1, 61, 14, 45, 73, 18, 74, 30, 67, 68, 36, 33, 70, 48, 12, 43, 24, 75, 38, 51, 63, 62, 56, 55, 0, 46, 25, 58, 41, 7, 15, 26, 17, 20, 32, 60, 47]
og index list energy: 109162398.72232649
index list: [0, 1, 2, 3, 4, 5, 6, 7, 8, 9, 10, 11, 12, 13, 74, 14, 15, 16, 78, 17, 18, 19, 20, 21, 22, 23, 24, 25, 26, 27, 28, 29, 30, 31, 32, 76, 33, 34, 35, 36, 37, 38, 39, 40, 41, 49, 42, 43, 44, 45, 46, 47, 48, 79, 50, 51, 52, 53, 54, 55, 56, 57, 58, 77, 59, 60, 61, 62, 63, 64, 65, 66, 67, 68, 69, 70, 71, 75, 72, 73]
index list energy: 98209.82393678775
Done


iterations: 10000000 temp: 1000000.0 exponent: 0.7 eif: 300.0
time taken (sec): 850.2666926383972
number of iterations: 10000000
og index list: [28, 2, 0, 51, 49, 61, 8, 14, 60, 44, 67, 25, 22, 68, 59, 66, 75, 77, 23, 40, 26, 47, 11, 53, 56, 79, 33, 19, 43, 54, 36, 65, 37, 78, 9, 41, 69, 70, 15, 1, 29, 27, 31, 52, 73, 7, 48, 57, 35, 21, 10, 3, 58, 63, 72, 42, 6, 5, 62, 34, 4, 64, 17, 18, 50, 38, 12, 16, 71, 30, 32, 76, 55, 45, 20, 13, 46, 39, 74, 24]
og index list energy: 81462962.00160307
index list: [72, 1, 2, 3, 4, 5, 6, 7, 8, 9, 10, 11, 12, 13, 77, 14, 15, 16, 49, 17, 18, 19, 20, 21, 22, 23, 24, 25, 26, 27, 28, 29, 30, 31, 79, 42, 33, 34, 35, 36, 37, 38, 39, 40, 41, 75, 32, 78, 44, 45, 46, 47, 48, 74, 43, 51, 52, 53, 54, 55, 56, 57, 58, 76, 59, 60, 61, 62, 63, 64, 65, 66, 67, 68, 69, 70, 71, 0, 73, 50]
index list energy: 129754.84923514191
Done


iterations: 10000000 temp: 1000000.0 exponent: 0.7 eif: 300.0
time taken (sec): 907.1934995651245
number of iterations: 10000000
og index list: [43, 32, 4, 58, 13, 44, 5, 33, 36, 19, 15, 59, 79, 53, 75, 45, 34, 57, 78, 68, 70, 16, 56, 1, 20, 49, 74, 73, 23, 10, 27, 29, 18, 25, 64, 77, 6, 30, 51, 8, 46, 67, 2, 42, 0, 55, 39, 26, 38, 24, 61, 17, 40, 41, 62, 12, 37, 11, 50, 7, 28, 66, 35, 54, 9, 47, 63, 14, 71, 72, 31, 76, 65, 60, 48, 3, 22, 69, 52, 21]
og index list energy: 98789731.00342678
index list: [0, 1, 2, 3, 4, 5, 6, 7, 8, 9, 10, 11, 12, 13, 76, 14, 15, 16, 49, 17, 18, 19, 20, 21, 22, 23, 24, 25, 26, 27, 28, 29, 30, 31, 32, 77, 33, 34, 35, 36, 37, 38, 39, 40, 41, 78, 42, 43, 44, 45, 46, 47, 48, 75, 50, 51, 52, 53, 54, 55, 56, 57, 58, 74, 59, 60, 61, 62, 63, 64, 65, 66, 67, 68, 69, 70, 71, 79, 72, 73]
index list energy: 98209.82393678775
Done


iterations: 10000000 temp: 1000000.0 exponent: 0.7 eif: 300.0
time taken (sec): 814.0572471618652
number of iterations: 10000000
og index list: [9, 20, 71, 15, 11, 46, 73, 1, 70, 79, 36, 39, 12, 19, 65, 78, 50, 29, 13, 5, 8, 35, 21, 59, 2, 22, 58, 48, 3, 51, 37, 10, 69, 43, 26, 24, 74, 55, 75, 27, 6, 34, 30, 77, 61, 18, 7, 32, 14, 76, 44, 56, 31, 60, 16, 53, 52, 72, 42, 54, 64, 4, 49, 38, 0, 40, 47, 25, 63, 57, 28, 17, 62, 68, 66, 67, 23, 33, 45, 41]
og index list energy: 108798212.41788685
index list: [47, 1, 2, 3, 4, 5, 6, 7, 8, 77, 17, 18, 50, 51, 10, 11, 76, 42, 72, 73, 40, 19, 20, 21, 22, 23, 24, 25, 26, 27, 28, 29, 30, 31, 32, 49, 33, 34, 35, 36, 37, 38, 39, 79, 14, 15, 16, 12, 13, 46, 41, 78, 48, 75, 43, 9, 52, 53, 54, 55, 56, 57, 58, 74, 59, 60, 61, 62, 63, 64, 65, 66, 67, 68, 69, 70, 71, 0, 44, 45]
index list energy: 312917.6383065624
Done


iterations: 10000000 temp: 1000000.0 exponent: 0.7 eif: 300.0
time taken (sec): 872.828296661377
number of iterations: 10000000
og index list: [20, 58, 3, 19, 0, 59, 27, 55, 22, 53, 25, 14, 9, 57, 60, 71, 28, 4, 78, 11, 2, 56, 42, 77, 41, 65, 63, 44, 50, 52, 72, 39, 16, 31, 29, 75, 26, 30, 70, 66, 73, 62, 64, 76, 12, 79, 37, 33, 61, 40, 35, 5, 13, 54, 36, 68, 24, 43, 48, 67, 7, 51, 49, 8, 23, 38, 69, 10, 15, 1, 47, 34, 46, 21, 74, 18, 17, 45, 6, 32]
og index list energy: 87524183.7821454
index list: [0, 1, 2, 3, 4, 5, 6, 7, 8, 9, 10, 11, 12, 13, 77, 14, 15, 16, 74, 17, 18, 19, 20, 21, 22, 23, 24, 25, 26, 27, 28, 29, 30, 31, 32, 79, 33, 34, 35, 36, 37, 38, 39, 40, 41, 49, 42, 43, 44, 45, 46, 47, 48, 76, 50, 51, 52, 53, 54, 55, 56, 57, 58, 78, 59, 60, 61, 62, 63, 64, 65, 66, 67, 68, 69, 70, 71, 75, 72, 73]
index list energy: 98209.82393678775
Done


iterations: 10000000 temp: 1000000.0 exponent: 0.7 eif: 300.0
time taken (sec): 868.1389129161835
number of iterations: 10000000
og index list: [37, 24, 55, 27, 10, 45, 18, 30, 5, 72, 53, 52, 38, 60, 3, 64, 19, 73, 76, 66, 56, 62, 36, 46, 40, 0, 54, 48, 74, 17, 15, 44, 51, 6, 59, 49, 63, 33, 7, 69, 34, 75, 13, 1, 25, 29, 31, 42, 12, 77, 47, 39, 67, 14, 41, 71, 9, 20, 68, 28, 50, 79, 58, 35, 21, 8, 11, 78, 16, 4, 57, 23, 26, 32, 22, 2, 70, 61, 43, 65]
og index list energy: 99360582.17618027
index list: [0, 1, 2, 3, 4, 5, 6, 7, 8, 9, 10, 11, 12, 13, 79, 14, 15, 16, 78, 17, 18, 19, 20, 21, 22, 23, 24, 25, 26, 27, 28, 29, 30, 31, 32, 76, 33, 34, 35, 36, 37, 38, 39, 40, 41, 75, 42, 43, 44, 45, 46, 47, 48, 49, 50, 51, 52, 53, 54, 55, 56, 57, 58, 74, 59, 60, 61, 62, 63, 64, 65, 66, 67, 68, 69, 70, 71, 77, 72, 73]
index list energy: 97911.32412903158
Done


iterations: 10000000 temp: 1000000.0 exponent: 0.7 eif: 300.0
time taken (sec): 851.6916537284851
number of iterations: 10000000
og index list: [14, 33, 72, 15, 47, 48, 50, 49, 75, 16, 64, 5, 39, 63, 36, 25, 6, 44, 67, 10, 46, 13, 42, 7, 23, 19, 17, 0, 66, 70, 43, 24, 18, 68, 20, 1, 45, 71, 35, 22, 59, 58, 12, 73, 29, 2, 3, 61, 56, 28, 4, 11, 76, 26, 54, 37, 65, 38, 27, 53, 74, 60, 8, 51, 69, 31, 55, 34, 21, 77, 52, 30, 41, 62, 57, 78, 32, 40, 9, 79]
og index list energy: 122189104.62523668
index list: [0, 1, 2, 3, 4, 5, 6, 7, 8, 9, 10, 11, 12, 13, 76, 14, 15, 16, 78, 17, 18, 19, 20, 21, 22, 23, 24, 25, 26, 27, 28, 29, 30, 31, 32, 74, 33, 34, 35, 36, 37, 38, 39, 40, 41, 77, 42, 43, 44, 45, 46, 47, 48, 79, 50, 51, 52, 53, 54, 55, 56, 57, 58, 75, 59, 60, 61, 62, 63, 64, 65, 66, 67, 68, 69, 70, 71, 49, 72, 73]
index list energy: 98209.82393678775
Done


iterations: 10000000 temp: 1000000.0 exponent: 0.7 eif: 300.0
time taken (sec): 867.9287865161896
number of iterations: 10000000
og index list: [46, 45, 43, 20, 26, 8, 7, 18, 52, 59, 25, 6, 21, 13, 77, 1, 4, 61, 71, 50, 31, 22, 67, 35, 10, 60, 29, 38, 78, 28, 34, 39, 12, 76, 74, 33, 68, 23, 16, 30, 72, 40, 15, 70, 79, 32, 62, 47, 69, 9, 53, 11, 55, 37, 2, 27, 73, 65, 66, 48, 51, 49, 75, 58, 56, 3, 14, 36, 0, 44, 57, 63, 54, 24, 17, 19, 41, 5, 42, 64]
og index list energy: 104729361.85691382
index list: [0, 1, 2, 3, 4, 5, 6, 7, 8, 9, 10, 11, 12, 13, 74, 14, 15, 16, 49, 17, 18, 19, 20, 21, 22, 23, 24, 25, 26, 27, 28, 29, 30, 31, 32, 79, 33, 34, 35, 36, 37, 38, 39, 40, 41, 75, 42, 43, 44, 45, 46, 47, 48, 76, 50, 51, 52, 53, 54, 55, 56, 57, 58, 77, 59, 60, 61, 62, 63, 64, 65, 66, 67, 68, 69, 70, 71, 78, 72, 73]
index list energy: 98209.82393678775
Done


iterations: 10000000 temp: 1000000.0 exponent: 0.7 eif: 300.0
time taken (sec): 868.4787294864655
number of iterations: 10000000
og index list: [75, 20, 66, 48, 61, 5, 43, 79, 41, 25, 78, 77, 44, 74, 67, 31, 10, 27, 6, 53, 56, 13, 24, 76, 37, 54, 42, 12, 23, 2, 63, 18, 33, 68, 1, 9, 35, 72, 70, 17, 58, 46, 73, 51, 64, 7, 15, 65, 14, 60, 4, 52, 39, 11, 28, 8, 55, 21, 22, 32, 3, 36, 49, 47, 40, 57, 59, 19, 62, 16, 0, 50, 38, 69, 45, 34, 29, 26, 71, 30]
og index list energy: 120869345.01302218
index list: [0, 1, 2, 3, 4, 5, 6, 7, 8, 9, 10, 11, 12, 13, 78, 14, 15, 16, 74, 17, 18, 19, 20, 21, 22, 23, 24, 25, 26, 27, 28, 29, 30, 31, 32, 79, 33, 34, 35, 36, 37, 38, 39, 40, 41, 77, 42, 43, 44, 45, 46, 47, 48, 76, 50, 51, 52, 53, 54, 55, 56, 57, 58, 49, 59, 60, 61, 62, 63, 64, 65, 66, 67, 68, 69, 70, 71, 75, 72, 73]
index list energy: 98209.82393678775
Done


iterations: 10000000 temp: 1000000.0 exponent: 0.7 eif: 300.0
time taken (sec): 858.3193933963776
number of iterations: 10000000
og index list: [41, 38, 35, 2, 15, 4, 67, 56, 40, 76, 49, 6, 69, 14, 61, 50, 36, 27, 7, 44, 33, 74, 29, 1, 57, 30, 31, 19, 22, 3, 45, 43, 46, 28, 70, 51, 68, 26, 0, 20, 79, 60, 21, 8, 23, 71, 11, 54, 34, 75, 72, 78, 47, 5, 55, 10, 77, 58, 16, 25, 59, 64, 32, 17, 63, 66, 53, 9, 24, 73, 65, 42, 52, 12, 48, 13, 37, 18, 62, 39]
og index list energy: 95338128.09425049
index list: [0, 1, 2, 3, 4, 5, 6, 7, 8, 9, 10, 11, 12, 13, 76, 14, 15, 16, 78, 17, 18, 19, 20, 21, 22, 23, 24, 25, 26, 27, 28, 29, 30, 31, 32, 77, 33, 34, 35, 36, 37, 38, 39, 40, 41, 74, 42, 43, 44, 45, 46, 47, 48, 75, 50, 51, 52, 53, 54, 55, 56, 57, 58, 49, 59, 60, 61, 62, 63, 64, 65, 66, 67, 68, 69, 70, 71, 79, 72, 73]
index list energy: 98209.82393678775
Done


iterations: 10000000 temp: 1000000.0 exponent: 0.7 eif: 300.0
time taken (sec): 875.7460062503815
number of iterations: 10000000
og index list: [14, 52, 22, 70, 30, 23, 10, 15, 34, 47, 74, 9, 2, 24, 48, 27, 0, 5, 67, 59, 42, 44, 31, 69, 3, 49, 36, 29, 7, 18, 57, 50, 71, 12, 35, 28, 1, 68, 13, 51, 79, 38, 63, 8, 11, 78, 61, 6, 58, 65, 56, 39, 41, 25, 40, 17, 46, 26, 54, 45, 32, 53, 75, 16, 72, 66, 21, 77, 4, 19, 64, 43, 20, 62, 73, 55, 60, 37, 76, 33]
og index list energy: 98526895.60137919
index list: [0, 1, 2, 3, 4, 5, 6, 7, 8, 9, 10, 11, 12, 13, 74, 14, 15, 16, 77, 17, 18, 19, 20, 21, 22, 23, 24, 25, 26, 27, 28, 29, 30, 31, 32, 78, 33, 34, 35, 36, 37, 38, 39, 40, 41, 49, 42, 43, 44, 45, 46, 47, 48, 79, 50, 51, 52, 53, 54, 55, 56, 57, 58, 75, 59, 60, 61, 62, 63, 64, 65, 66, 67, 68, 69, 70, 71, 76, 72, 73]
index list energy: 98209.82393678775
Done


iterations: 10000000 temp: 1000000.0 exponent: 0.7 eif: 300.0
time taken (sec): 907.1581659317017
number of iterations: 10000000
og index list: [66, 78, 29, 65, 15, 21, 27, 9, 26, 74, 2, 71, 0, 48, 46, 24, 77, 57, 70, 32, 25, 8, 3, 22, 38, 56, 69, 34, 58, 43, 19, 4, 28, 10, 72, 14, 30, 51, 7, 16, 61, 67, 6, 60, 62, 44, 55, 17, 76, 68, 54, 50, 64, 41, 12, 59, 73, 1, 75, 79, 63, 47, 39, 33, 52, 31, 53, 40, 20, 42, 18, 13, 45, 23, 37, 49, 36, 5, 11, 35]
og index list energy: 110186629.89129023
index list: [0, 1, 2, 3, 4, 5, 6, 7, 8, 9, 10, 11, 12, 13, 74, 14, 15, 16, 78, 17, 18, 19, 20, 21, 22, 23, 24, 25, 26, 27, 28, 29, 30, 31, 32, 49, 33, 34, 35, 36, 37, 38, 39, 40, 41, 75, 42, 43, 44, 45, 46, 47, 48, 77, 50, 51, 52, 53, 54, 55, 56, 57, 58, 79, 59, 60, 61, 62, 63, 64, 65, 66, 67, 68, 69, 70, 71, 76, 72, 73]
index list energy: 98209.82393678775
Done


iterations: 10000000 temp: 1000000.0 exponent: 0.7 eif: 300.0
time taken (sec): 871.1998686790466
number of iterations: 10000000
og index list: [79, 44, 13, 37, 73, 40, 50, 71, 53, 8, 32, 27, 54, 72, 76, 52, 38, 39, 70, 19, 11, 26, 69, 7, 17, 49, 57, 10, 28, 1, 16, 42, 21, 14, 22, 3, 36, 0, 25, 65, 15, 64, 75, 51, 9, 74, 77, 33, 12, 46, 29, 35, 18, 2, 47, 41, 31, 67, 61, 56, 5, 45, 66, 20, 23, 60, 48, 63, 34, 68, 78, 59, 4, 62, 30, 24, 58, 43, 6, 55]
og index list energy: 155950590.4334277
index list: [0, 1, 2, 3, 4, 5, 6, 7, 8, 9, 10, 11, 12, 13, 75, 14, 15, 16, 49, 17, 18, 19, 20, 21, 22, 23, 24, 25, 26, 27, 28, 29, 30, 31, 32, 76, 33, 34, 35, 36, 37, 38, 39, 40, 41, 71, 78, 43, 44, 45, 46, 47, 48, 74, 50, 51, 52, 53, 54, 55, 56, 57, 58, 79, 59, 60, 61, 62, 63, 64, 65, 66, 67, 68, 69, 70, 77, 42, 72, 73]
index list energy: 108070.45780373304
Done


iterations: 10000000 temp: 1000000.0 exponent: 0.7 eif: 300.0
time taken (sec): 904.9899797439575
number of iterations: 10000000
og index list: [35, 38, 9, 73, 72, 60, 36, 49, 58, 12, 1, 33, 69, 62, 31, 75, 0, 68, 23, 66, 63, 7, 2, 61, 29, 51, 30, 20, 5, 28, 57, 22, 41, 71, 37, 24, 78, 44, 13, 70, 53, 16, 10, 6, 56, 77, 76, 47, 32, 67, 54, 55, 4, 27, 15, 21, 46, 8, 39, 65, 79, 18, 43, 48, 11, 26, 64, 3, 59, 17, 74, 40, 14, 25, 42, 34, 45, 19, 50, 52]
og index list energy: 94648848.23897982
index list: [0, 1, 2, 3, 4, 5, 6, 7, 8, 9, 10, 11, 12, 13, 76, 14, 15, 16, 77, 17, 18, 19, 20, 21, 22, 23, 24, 25, 26, 27, 28, 29, 30, 31, 32, 75, 33, 34, 35, 36, 37, 38, 39, 40, 41, 49, 42, 43, 44, 45, 46, 47, 48, 79, 50, 51, 52, 53, 54, 55, 56, 57, 58, 78, 59, 60, 61, 62, 63, 64, 65, 66, 67, 68, 69, 70, 71, 74, 72, 73]
index list energy: 98209.82393678775
Done


iterations: 10000000 temp: 1000000.0 exponent: 0.7 eif: 300.0
time taken (sec): 855.8730971813202
number of iterations: 10000000
og index list: [69, 61, 66, 13, 64, 33, 24, 70, 38, 62, 14, 40, 2, 76, 25, 9, 16, 53, 34, 12, 30, 49, 37, 3, 41, 1, 39, 26, 21, 75, 4, 20, 74, 36, 27, 52, 19, 78, 72, 10, 57, 50, 63, 48, 68, 54, 18, 46, 79, 11, 29, 65, 5, 17, 73, 55, 44, 6, 31, 42, 7, 56, 71, 43, 22, 0, 35, 28, 58, 47, 77, 32, 45, 8, 60, 15, 67, 23, 51, 59]
og index list energy: 112134914.3764458
index list: [0, 1, 2, 3, 4, 5, 6, 7, 8, 9, 10, 11, 12, 13, 49, 14, 15, 16, 74, 17, 18, 19, 20, 21, 22, 23, 24, 25, 26, 27, 28, 29, 30, 31, 32, 78, 33, 34, 35, 36, 37, 38, 39, 40, 41, 71, 76, 43, 44, 45, 46, 47, 48, 77, 50, 51, 52, 53, 54, 55, 56, 57, 58, 79, 59, 60, 61, 62, 63, 64, 65, 66, 67, 68, 69, 72, 73, 75, 42, 70]
index list energy: 117778.2679746308
Done


iterations: 10000000 temp: 1000000.0 exponent: 0.7 eif: 300.0
time taken (sec): 910.6676182746887
number of iterations: 10000000
og index list: [77, 37, 61, 55, 31, 20, 24, 15, 74, 25, 63, 28, 69, 48, 2, 65, 36, 52, 43, 17, 13, 35, 0, 40, 59, 34, 39, 58, 6, 3, 41, 21, 72, 79, 75, 8, 38, 71, 49, 5, 51, 76, 44, 73, 16, 47, 60, 30, 67, 56, 10, 42, 11, 70, 29, 22, 4, 78, 26, 68, 14, 33, 18, 7, 62, 64, 53, 54, 9, 27, 12, 23, 1, 46, 45, 66, 19, 57, 32, 50]
og index list energy: 97338535.72321834
index list: [0, 1, 2, 3, 4, 5, 6, 7, 8, 9, 10, 11, 12, 13, 76, 14, 15, 16, 77, 17, 18, 19, 20, 21, 22, 23, 24, 25, 26, 27, 28, 29, 30, 31, 32, 74, 33, 34, 35, 36, 37, 38, 39, 40, 41, 75, 42, 43, 44, 45, 46, 47, 48, 49, 50, 51, 52, 53, 54, 55, 56, 57, 58, 78, 59, 60, 61, 62, 63, 64, 65, 66, 67, 68, 69, 70, 71, 79, 72, 73]
index list energy: 97911.32412903158
Done


iterations: 10000000 temp: 1000000.0 exponent: 0.7 eif: 300.0
time taken (sec): 913.1405491828918
number of iterations: 10000000
og index list: [57, 8, 34, 70, 53, 19, 39, 62, 65, 44, 21, 29, 16, 60, 49, 42, 43, 64, 12, 56, 33, 40, 24, 7, 3, 41, 2, 37, 50, 14, 46, 72, 51, 32, 58, 52, 15, 54, 38, 23, 13, 55, 69, 45, 75, 36, 1, 4, 27, 73, 30, 10, 35, 71, 11, 61, 5, 74, 22, 78, 25, 18, 48, 0, 28, 79, 47, 26, 59, 31, 68, 20, 76, 9, 66, 67, 17, 77, 63, 6]
og index list energy: 126313024.85783418
index list: [0, 1, 2, 3, 4, 5, 6, 7, 8, 9, 10, 11, 12, 13, 77, 14, 15, 16, 49, 17, 18, 19, 20, 21, 22, 23, 24, 25, 26, 27, 28, 29, 30, 31, 32, 76, 33, 34, 35, 36, 37, 38, 39, 40, 41, 78, 42, 43, 44, 45, 46, 47, 48, 75, 50, 51, 52, 53, 54, 55, 56, 57, 58, 79, 59, 60, 61, 62, 63, 64, 65, 66, 67, 68, 69, 70, 71, 74, 72, 73]
index list energy: 98209.82393678775
Done


program ended at: 2019-04-15 00:07:19.882956 
 time delta: 12:33:31.187874
