## SLURM PROLOG ###############################################################
##    Job ID : 9199674
##  Job Name : five_day_runs
##  Nodelist : node1131
##      CPUs : 1
##  Mem/Node : 1024 MB
## Directory : /gpfs/data/nfawzi/skale/Fawzi_pycharm_project
##   Started : Fri Dec  6 20:28:25 EST 2019
###############################################################################
program started at:2019-12-06 20:28:26.024758
iterations: 5000000000 temp: 1000000.0 exponent: 0.7 eif: 300.0
time taken (sec): 359109.09440112114
number of iterations: 5000000000
final temperature: 191.58123138056612
og index list: [144, 298, 20, 74, 45, 165, 250, 354, 458, 32, 302, 394, 183, 176, 312, 464, 266, 253, 221, 200, 254, 116, 460, 418, 242, 315, 130, 157, 69, 352, 457, 222, 5, 380, 439, 350, 388, 331, 93, 325, 375, 357, 311, 122, 416, 240, 21, 172, 334, 280, 391, 167, 173, 18, 56, 453, 66, 38, 7, 452, 82, 299, 471, 274, 348, 33, 99, 175, 185, 372, 314, 244, 295, 368, 326, 301, 340, 235, 137, 164, 420, 306, 223, 40, 67, 381, 449, 208, 72, 310, 181, 328, 6, 190, 9, 118, 385, 37, 276, 379, 191, 197, 454, 329, 58, 370, 98, 229, 260, 392, 143, 26, 35, 296, 156, 90, 459, 438, 264, 168, 55, 395, 84, 145, 79, 473, 219, 149, 338, 397, 136, 346, 384, 307, 390, 373, 289, 448, 400, 466, 48, 85, 428, 268, 54, 134, 358, 228, 251, 376, 24, 86, 117, 214, 239, 220, 114, 429, 161, 398, 403, 332, 174, 89, 2, 465, 462, 255, 158, 414, 433, 170, 288, 321, 22, 102, 150, 364, 179, 120, 198, 444, 154, 163, 468, 148, 113, 87, 237, 210, 109, 407, 377, 140, 337, 231, 294, 127, 132, 70, 436, 319, 367, 421, 71, 178, 126, 217, 8, 303, 369, 77, 408, 404, 83, 262, 278, 78, 14, 277, 63, 265, 432, 426, 36, 196, 236, 300, 108, 330, 59, 322, 425, 194, 234, 135, 371, 44, 270, 423, 320, 92, 230, 424, 60, 245, 327, 409, 65, 169, 318, 139, 243, 115, 202, 124, 297, 205, 241, 238, 246, 41, 142, 441, 53, 192, 308, 133, 39, 13, 16, 359, 125, 396, 263, 104, 279, 128, 204, 218, 461, 284, 443, 447, 427, 107, 212, 247, 34, 111, 10, 171, 360, 399, 382, 166, 23, 252, 100, 363, 188, 309, 211, 180, 386, 292, 419, 362, 413, 393, 341, 290, 189, 25, 131, 353, 275, 50, 68, 73, 430, 285, 273, 333, 383, 43, 106, 405, 119, 257, 147, 267, 378, 155, 19, 232, 101, 355, 282, 256, 455, 450, 96, 64, 121, 159, 91, 153, 339, 203, 61, 349, 207, 75, 317, 187, 1, 97, 411, 293, 160, 105, 283, 316, 129, 412, 291, 112, 80, 361, 324, 366, 62, 227, 52, 356, 12, 226, 434, 152, 57, 162, 110, 103, 213, 410, 199, 201, 46, 336, 182, 248, 422, 343, 233, 451, 95, 215, 440, 30, 304, 435, 81, 88, 259, 344, 467, 76, 347, 442, 141, 27, 323, 209, 177, 470, 51, 345, 94, 463, 281, 249, 272, 389, 29, 49, 365, 123, 224, 374, 15, 387, 446, 401, 31, 437, 335, 286, 305, 445, 271, 138, 225, 269, 216, 313, 258, 469, 17, 11, 186, 0, 4, 47, 472, 431, 3, 406, 351, 417, 415, 151, 42, 261, 193, 195, 342, 456, 287, 146, 206, 184, 402, 28]
og index list energy: 101767888.55302787
index list: [234, 250, 8, 34, 227, 30, 444, 76, 107, 301, 279, 438, 235, 302, 405, 320, 48, 67, 396, 210, 249, 33, 384, 37, 337, 418, 80, 115, 150, 75, 472, 175, 295, 385, 173, 119, 362, 221, 323, 99, 270, 467, 435, 272, 278, 298, 453, 213, 72, 376, 223, 97, 340, 339, 259, 187, 291, 182, 329, 286, 263, 311, 195, 446, 116, 388, 147, 393, 164, 142, 29, 108, 296, 428, 109, 106, 451, 7, 87, 63, 88, 358, 93, 157, 395, 336, 96, 86, 24, 258, 180, 254, 268, 236, 0, 292, 378, 402, 64, 155, 419, 229, 118, 117, 361, 363, 383, 194, 189, 368, 192, 447, 219, 176, 35, 15, 416, 243, 390, 196, 415, 280, 71, 392, 404, 3, 466, 237, 421, 69, 371, 127, 143, 167, 233, 83, 124, 202, 43, 114, 144, 126, 148, 82, 79, 113, 359, 94, 166, 315, 171, 32, 2, 443, 49, 179, 185, 85, 138, 349, 434, 271, 228, 331, 437, 417, 77, 61, 78, 23, 380, 450, 19, 9, 355, 247, 261, 21, 400, 214, 28, 285, 58, 56, 54, 81, 406, 174, 68, 52, 91, 159, 181, 328, 408, 365, 414, 203, 191, 452, 123, 47, 238, 12, 105, 136, 10, 162, 422, 241, 420, 424, 391, 430, 4, 5, 342, 188, 193, 287, 313, 163, 308, 264, 343, 276, 102, 334, 225, 282, 471, 100, 468, 169, 59, 322, 432, 316, 288, 374, 31, 186, 407, 335, 347, 131, 325, 305, 239, 314, 281, 205, 456, 310, 130, 457, 198, 267, 20, 431, 122, 413, 423, 207, 200, 51, 379, 89, 60, 448, 27, 429, 436, 333, 455, 62, 465, 36, 427, 13, 112, 289, 98, 244, 389, 394, 199, 190, 197, 201, 411, 70, 441, 344, 183, 40, 215, 275, 372, 16, 373, 55, 470, 152, 145, 231, 161, 232, 248, 473, 141, 73, 45, 439, 426, 300, 226, 41, 39, 460, 326, 284, 256, 255, 209, 211, 445, 206, 25, 246, 303, 462, 353, 290, 304, 178, 469, 360, 369, 324, 357, 294, 433, 168, 321, 348, 464, 352, 84, 397, 26, 101, 398, 307, 165, 312, 401, 65, 364, 128, 42, 222, 160, 139, 458, 366, 208, 327, 260, 338, 330, 132, 38, 442, 217, 204, 412, 454, 410, 184, 177, 387, 14, 403, 18, 356, 257, 11, 370, 66, 149, 92, 90, 134, 125, 111, 297, 129, 156, 399, 351, 251, 262, 269, 274, 354, 386, 172, 240, 319, 367, 273, 350, 318, 461, 6, 242, 346, 110, 425, 158, 345, 22, 341, 146, 230, 46, 266, 277, 377, 409, 293, 74, 299, 220, 103, 140, 44, 104, 463, 153, 306, 283, 1, 135, 121, 154, 265, 212, 218, 95, 216, 245, 253, 309, 53, 133, 50, 382, 332, 440, 459, 151, 170, 224, 252, 381, 137, 375, 57, 449, 120, 17, 317]
index list energy: 1598431.6343947942
Done




program ended at: 2019-12-11 20:18:26.027391 
 time delta: 4 days, 23:50:00.002633
