## SLURM PROLOG ###############################################################
##    Job ID : 9199630
##  Job Name : five_day_runs
##  Nodelist : node1312
##      CPUs : 1
##  Mem/Node : 1024 MB
## Directory : /gpfs/data/nfawzi/skale/Fawzi_pycharm_project
##   Started : Fri Dec  6 20:27:56 EST 2019
###############################################################################
program started at:2019-12-06 20:27:56.207701
iterations: 5000000000 temp: 1000000.0 exponent: 0.7 eif: 300.0
time taken (sec): 362775.5705690384
number of iterations: 5000000000
final temperature: 191.58123138056612
og index list: [274, 100, 443, 238, 133, 57, 146, 306, 208, 180, 206, 346, 354, 447, 115, 363, 316, 357, 385, 157, 163, 94, 191, 428, 73, 248, 336, 198, 137, 122, 230, 302, 153, 426, 76, 183, 392, 282, 291, 290, 367, 255, 328, 260, 438, 39, 258, 193, 44, 295, 11, 168, 59, 378, 43, 215, 147, 375, 407, 307, 379, 22, 14, 42, 210, 312, 431, 400, 314, 223, 305, 344, 369, 413, 249, 114, 452, 118, 32, 85, 331, 99, 98, 117, 167, 371, 200, 454, 28, 224, 72, 34, 389, 143, 207, 292, 257, 20, 226, 87, 138, 69, 158, 462, 38, 82, 420, 297, 279, 7, 204, 45, 334, 386, 380, 217, 213, 453, 106, 355, 311, 387, 33, 181, 329, 49, 441, 26, 105, 419, 178, 366, 125, 473, 46, 424, 440, 418, 188, 266, 286, 234, 79, 92, 60, 121, 124, 350, 287, 66, 71, 345, 446, 317, 285, 199, 278, 399, 459, 108, 222, 388, 397, 300, 83, 298, 243, 30, 182, 242, 406, 221, 289, 427, 395, 12, 457, 232, 368, 35, 75, 21, 303, 281, 19, 107, 338, 373, 240, 214, 322, 4, 280, 423, 162, 110, 325, 442, 318, 313, 337, 349, 268, 359, 253, 320, 247, 293, 365, 451, 219, 90, 310, 78, 31, 165, 225, 58, 142, 63, 216, 347, 432, 414, 53, 164, 113, 171, 120, 422, 134, 327, 241, 95, 2, 141, 343, 112, 169, 458, 383, 326, 103, 309, 56, 174, 54, 51, 402, 179, 77, 283, 469, 239, 463, 244, 429, 154, 264, 3, 425, 70, 68, 246, 197, 235, 152, 196, 437, 96, 61, 416, 444, 252, 377, 405, 472, 332, 323, 439, 102, 251, 104, 48, 370, 185, 9, 468, 376, 284, 24, 362, 455, 13, 460, 101, 417, 231, 288, 382, 130, 25, 159, 335, 356, 18, 467, 123, 132, 321, 1, 15, 296, 394, 201, 435, 0, 277, 372, 202, 261, 299, 17, 187, 411, 84, 461, 272, 205, 262, 256, 109, 88, 40, 276, 62, 47, 93, 333, 172, 149, 250, 89, 50, 301, 126, 195, 330, 212, 211, 404, 465, 384, 129, 139, 271, 263, 67, 408, 150, 145, 341, 148, 218, 97, 273, 464, 209, 403, 203, 16, 401, 358, 436, 37, 361, 396, 127, 190, 259, 237, 140, 135, 398, 308, 74, 393, 409, 227, 228, 390, 160, 353, 364, 65, 294, 304, 229, 470, 55, 91, 111, 324, 161, 64, 131, 352, 194, 119, 269, 170, 433, 415, 155, 456, 471, 421, 381, 80, 10, 5, 156, 319, 339, 186, 434, 448, 315, 189, 412, 466, 348, 267, 410, 342, 144, 374, 430, 360, 192, 151, 6, 27, 176, 254, 41, 270, 233, 450, 445, 275, 220, 23, 265, 173, 128, 236, 36, 245, 81, 184, 340, 391, 449, 177, 116, 8, 29, 52, 175, 136, 86, 351, 166]
og index list energy: 113195359.2356969
index list: [234, 250, 249, 353, 27, 411, 207, 200, 210, 443, 368, 350, 19, 25, 468, 320, 163, 287, 461, 98, 71, 33, 329, 32, 2, 16, 0, 30, 110, 398, 47, 158, 352, 466, 168, 429, 345, 321, 324, 99, 343, 372, 430, 259, 187, 92, 268, 384, 113, 376, 277, 445, 402, 469, 335, 252, 169, 3, 273, 266, 293, 29, 359, 203, 116, 403, 147, 375, 165, 291, 246, 188, 193, 346, 199, 206, 462, 471, 327, 223, 420, 362, 9, 358, 452, 151, 440, 313, 20, 357, 180, 254, 93, 278, 298, 272, 370, 149, 297, 167, 389, 229, 455, 117, 64, 155, 118, 88, 341, 279, 301, 302, 432, 300, 235, 364, 433, 195, 387, 194, 189, 424, 470, 459, 340, 264, 280, 447, 154, 379, 212, 265, 237, 218, 216, 121, 303, 336, 43, 114, 127, 63, 108, 124, 213, 86, 109, 269, 106, 450, 181, 37, 337, 419, 49, 179, 185, 85, 138, 377, 371, 271, 228, 331, 414, 417, 77, 61, 81, 126, 460, 441, 53, 434, 404, 51, 133, 318, 317, 123, 120, 299, 58, 1, 54, 69, 356, 202, 68, 52, 91, 90, 134, 142, 365, 373, 201, 190, 197, 347, 294, 44, 322, 12, 105, 136, 10, 342, 59, 241, 338, 412, 422, 5, 76, 170, 14, 251, 208, 56, 245, 17, 184, 129, 385, 276, 102, 334, 225, 282, 369, 238, 166, 125, 174, 227, 410, 316, 464, 458, 23, 186, 394, 333, 405, 131, 270, 156, 41, 39, 226, 205, 164, 328, 13, 78, 198, 409, 261, 34, 330, 182, 383, 465, 260, 217, 426, 74, 221, 391, 79, 89, 60, 288, 380, 119, 407, 418, 425, 83, 82, 157, 148, 244, 467, 262, 196, 191, 4, 427, 135, 473, 472, 349, 183, 40, 215, 275, 351, 243, 396, 219, 367, 257, 15, 62, 386, 107, 132, 38, 339, 274, 22, 436, 378, 248, 232, 161, 48, 67, 143, 233, 360, 35, 28, 439, 283, 325, 374, 36, 172, 289, 388, 290, 304, 178, 401, 392, 382, 214, 192, 21, 423, 454, 406, 247, 399, 112, 80, 75, 150, 366, 115, 137, 449, 310, 146, 224, 463, 100, 393, 176, 457, 263, 171, 315, 292, 311, 446, 130, 111, 26, 431, 24, 66, 11, 354, 258, 448, 65, 128, 348, 222, 428, 326, 284, 267, 101, 442, 122, 408, 50, 87, 400, 296, 159, 236, 230, 141, 381, 397, 145, 231, 152, 46, 421, 438, 95, 73, 45, 305, 307, 314, 281, 239, 97, 286, 84, 444, 355, 173, 295, 175, 323, 344, 256, 255, 209, 390, 18, 361, 211, 6, 309, 153, 306, 55, 415, 104, 70, 42, 435, 253, 8, 139, 144, 72, 395, 413, 177, 453, 332, 308, 96, 204, 363, 7, 57, 416, 160, 162, 456, 220, 140, 103, 437, 451, 312, 242, 319, 285, 240, 94, 31]
index list energy: 1608503.3765437072
Done




program ended at: 2019-12-11 20:17:56.211439 
 time delta: 4 days, 23:50:00.003738
