## SLURM PROLOG ###############################################################
##    Job ID : 9199682
##  Job Name : five_day_runs
##  Nodelist : node1108
##      CPUs : 1
##  Mem/Node : 1024 MB
## Directory : /gpfs/data/nfawzi/skale/Fawzi_pycharm_project
##   Started : Fri Dec  6 20:28:25 EST 2019
###############################################################################
program started at:2019-12-06 20:28:25.907325
iterations: 5000000000 temp: 1000000.0 exponent: 0.7 eif: 300.0
time taken (sec): 394173.6240198612
number of iterations: 5000000000
final temperature: 191.58123138056612
og index list: [432, 307, 50, 452, 385, 60, 172, 384, 1, 391, 292, 65, 216, 460, 55, 291, 358, 360, 319, 180, 89, 61, 269, 326, 12, 394, 370, 133, 14, 191, 236, 182, 110, 393, 229, 29, 334, 54, 411, 80, 260, 100, 21, 208, 30, 178, 62, 34, 399, 67, 10, 121, 190, 413, 296, 202, 154, 59, 382, 37, 122, 106, 96, 5, 118, 285, 425, 294, 248, 4, 77, 82, 250, 128, 167, 403, 275, 287, 409, 256, 24, 0, 25, 350, 95, 49, 244, 78, 88, 429, 194, 317, 213, 301, 299, 347, 214, 185, 126, 274, 473, 195, 176, 149, 464, 38, 198, 76, 351, 47, 315, 212, 264, 273, 186, 73, 136, 349, 35, 286, 188, 101, 362, 453, 22, 86, 265, 333, 240, 226, 304, 168, 143, 196, 251, 32, 386, 323, 103, 431, 66, 81, 406, 371, 94, 123, 375, 359, 225, 254, 64, 109, 354, 174, 127, 242, 257, 278, 445, 392, 141, 262, 40, 222, 227, 87, 404, 298, 322, 159, 113, 430, 71, 372, 131, 300, 282, 397, 232, 79, 218, 332, 155, 105, 207, 119, 328, 245, 112, 310, 147, 211, 468, 367, 3, 51, 341, 20, 241, 438, 421, 329, 459, 415, 366, 125, 423, 348, 27, 470, 104, 158, 17, 377, 305, 184, 293, 8, 426, 19, 234, 28, 70, 90, 442, 132, 204, 335, 239, 33, 434, 379, 330, 276, 74, 134, 97, 219, 383, 368, 170, 373, 6, 99, 115, 44, 469, 284, 357, 116, 402, 215, 169, 228, 39, 98, 466, 223, 83, 288, 410, 408, 467, 454, 181, 327, 199, 146, 68, 441, 243, 187, 233, 263, 48, 390, 318, 302, 270, 374, 139, 140, 238, 130, 338, 142, 344, 259, 150, 255, 313, 148, 246, 161, 440, 56, 331, 201, 295, 314, 144, 31, 289, 353, 412, 197, 465, 422, 221, 457, 451, 281, 162, 267, 401, 463, 324, 252, 400, 277, 189, 258, 369, 26, 92, 407, 164, 75, 206, 16, 249, 52, 436, 405, 93, 418, 46, 107, 336, 152, 279, 446, 447, 111, 7, 157, 84, 437, 108, 444, 156, 395, 163, 456, 171, 343, 283, 224, 183, 217, 458, 266, 36, 85, 435, 153, 472, 346, 439, 337, 297, 271, 424, 398, 290, 15, 120, 18, 160, 365, 428, 433, 177, 261, 363, 311, 203, 165, 129, 138, 72, 237, 419, 306, 356, 339, 53, 235, 247, 145, 192, 387, 376, 41, 361, 388, 364, 381, 175, 316, 345, 420, 309, 124, 91, 396, 179, 325, 63, 471, 193, 414, 151, 303, 200, 312, 220, 11, 320, 378, 135, 342, 69, 231, 42, 462, 102, 449, 416, 352, 308, 173, 137, 43, 23, 13, 114, 45, 389, 461, 9, 117, 355, 58, 340, 280, 272, 443, 209, 268, 321, 427, 205, 57, 230, 417, 253, 380, 450, 455, 166, 210, 448, 2]
og index list energy: 134059348.87708099
index list: [234, 205, 235, 301, 227, 30, 434, 76, 107, 427, 65, 110, 132, 144, 442, 320, 58, 0, 346, 243, 108, 33, 456, 37, 337, 441, 149, 188, 24, 66, 11, 470, 156, 450, 167, 297, 158, 410, 67, 447, 260, 330, 338, 259, 187, 291, 305, 213, 113, 397, 223, 395, 423, 315, 314, 281, 239, 72, 97, 286, 263, 216, 253, 151, 114, 437, 147, 372, 269, 40, 245, 164, 169, 357, 270, 384, 127, 143, 87, 63, 88, 405, 93, 408, 106, 202, 109, 86, 195, 382, 180, 254, 300, 184, 209, 28, 438, 288, 308, 287, 359, 163, 265, 212, 353, 350, 401, 194, 189, 360, 192, 345, 219, 176, 35, 15, 458, 335, 421, 199, 210, 391, 355, 396, 388, 264, 280, 71, 453, 306, 154, 64, 117, 121, 118, 279, 124, 313, 43, 289, 415, 255, 101, 283, 325, 204, 8, 34, 249, 157, 329, 32, 2, 343, 49, 178, 418, 57, 162, 443, 403, 271, 228, 331, 368, 430, 237, 433, 13, 411, 454, 201, 9, 452, 41, 39, 226, 303, 278, 298, 272, 218, 1, 56, 54, 69, 402, 246, 68, 135, 90, 52, 134, 296, 399, 365, 380, 203, 170, 424, 136, 175, 112, 12, 105, 383, 59, 332, 444, 98, 393, 436, 364, 463, 4, 191, 14, 251, 128, 262, 336, 317, 123, 81, 340, 302, 133, 457, 99, 241, 348, 238, 166, 125, 3, 316, 354, 233, 376, 449, 122, 186, 344, 333, 466, 131, 322, 217, 47, 38, 120, 29, 361, 304, 130, 256, 198, 462, 50, 448, 165, 409, 390, 455, 200, 51, 369, 89, 60, 377, 79, 464, 273, 282, 413, 62, 385, 36, 375, 83, 82, 142, 148, 244, 431, 387, 196, 5, 190, 197, 425, 94, 240, 432, 214, 183, 215, 275, 356, 16, 362, 96, 412, 229, 439, 153, 420, 208, 26, 459, 45, 73, 141, 363, 469, 95, 55, 307, 220, 179, 7, 139, 460, 211, 6, 358, 102, 276, 258, 31, 250, 182, 252, 386, 349, 181, 328, 100, 406, 366, 471, 294, 465, 168, 321, 324, 389, 341, 347, 119, 155, 292, 400, 445, 342, 339, 274, 22, 426, 146, 472, 224, 394, 27, 379, 398, 20, 207, 206, 370, 428, 19, 25, 467, 84, 422, 461, 18, 446, 414, 177, 417, 222, 371, 326, 381, 267, 284, 78, 23, 257, 404, 311, 174, 310, 111, 171, 236, 230, 407, 10, 440, 231, 152, 46, 145, 161, 232, 248, 473, 116, 435, 247, 429, 75, 137, 150, 80, 115, 138, 468, 70, 373, 85, 61, 77, 374, 266, 277, 351, 392, 293, 74, 299, 268, 92, 91, 159, 104, 48, 42, 129, 126, 173, 160, 140, 103, 323, 221, 295, 17, 261, 21, 193, 309, 53, 44, 378, 225, 334, 367, 416, 419, 172, 290, 352, 451, 312, 242, 319, 285, 318, 185, 327]
index list energy: 1602910.1299905425
Done



program ended at: 2019-12-11 20:18:25.917660 
 time delta: 4 days, 23:50:00.010335
