## SLURM PROLOG ###############################################################
##    Job ID : 9199675
##  Job Name : five_day_runs
##  Nodelist : node1107
##      CPUs : 1
##  Mem/Node : 1024 MB
## Directory : /gpfs/data/nfawzi/skale/Fawzi_pycharm_project
##   Started : Fri Dec  6 20:28:27 EST 2019
###############################################################################
program started at:2019-12-06 20:28:27.699432
iterations: 5000000000 temp: 1000000.0 exponent: 0.7 eif: 300.0
time taken (sec): 360009.99777412415
number of iterations: 5000000000
final temperature: 191.58123138056612
og index list: [473, 315, 8, 279, 122, 7, 91, 299, 307, 183, 41, 428, 297, 203, 442, 308, 288, 271, 435, 436, 429, 234, 140, 345, 5, 117, 1, 390, 399, 169, 367, 135, 400, 17, 231, 49, 412, 24, 385, 37, 176, 259, 374, 143, 454, 9, 417, 246, 238, 152, 62, 434, 247, 134, 236, 208, 421, 410, 36, 409, 82, 88, 447, 19, 137, 96, 257, 461, 167, 199, 45, 174, 141, 136, 201, 388, 363, 110, 147, 301, 319, 170, 43, 405, 323, 459, 60, 15, 392, 114, 332, 158, 230, 346, 154, 31, 298, 456, 336, 165, 444, 115, 468, 270, 155, 325, 273, 379, 253, 256, 195, 448, 349, 318, 197, 109, 244, 239, 228, 218, 184, 365, 413, 105, 296, 4, 351, 61, 149, 460, 67, 212, 424, 78, 185, 139, 204, 98, 173, 395, 83, 104, 32, 27, 337, 369, 223, 426, 314, 355, 411, 52, 357, 29, 306, 111, 34, 328, 433, 172, 81, 406, 352, 242, 53, 229, 286, 72, 316, 188, 268, 157, 22, 144, 407, 313, 455, 384, 372, 38, 430, 14, 164, 224, 387, 58, 51, 368, 431, 408, 161, 240, 44, 311, 33, 359, 464, 106, 235, 361, 383, 120, 214, 85, 324, 119, 394, 180, 380, 305, 250, 377, 54, 126, 276, 194, 89, 350, 47, 66, 334, 16, 416, 309, 450, 190, 440, 248, 423, 210, 28, 26, 166, 282, 63, 360, 30, 226, 396, 457, 46, 215, 95, 362, 20, 187, 402, 342, 193, 458, 317, 302, 283, 64, 287, 213, 290, 370, 418, 59, 420, 470, 92, 266, 245, 364, 11, 121, 222, 101, 18, 112, 344, 124, 376, 294, 255, 419, 207, 338, 310, 347, 284, 265, 356, 192, 382, 116, 375, 142, 196, 277, 274, 263, 219, 289, 389, 441, 77, 13, 125, 148, 55, 191, 42, 414, 40, 401, 232, 462, 295, 358, 179, 209, 293, 393, 87, 354, 132, 178, 472, 285, 35, 200, 100, 99, 21, 156, 278, 422, 303, 340, 386, 353, 2, 50, 269, 84, 438, 254, 3, 381, 258, 202, 469, 237, 131, 163, 150, 75, 12, 326, 373, 171, 335, 97, 225, 133, 251, 102, 108, 129, 145, 339, 127, 366, 341, 443, 80, 206, 76, 331, 94, 267, 74, 330, 404, 182, 397, 275, 216, 186, 162, 249, 93, 181, 333, 198, 260, 146, 415, 177, 343, 465, 453, 153, 241, 348, 118, 466, 138, 48, 467, 103, 463, 403, 452, 175, 280, 57, 6, 261, 272, 151, 221, 322, 70, 291, 25, 432, 262, 189, 320, 252, 69, 439, 217, 0, 211, 391, 128, 300, 446, 425, 233, 304, 68, 471, 71, 321, 65, 451, 168, 220, 39, 371, 205, 79, 243, 23, 160, 378, 292, 130, 398, 264, 329, 327, 90, 123, 427, 107, 281, 227, 445, 86, 56, 449, 312, 10, 73, 437, 159, 113]
og index list energy: 118336810.5710753
index list: [234, 205, 17, 339, 227, 30, 446, 76, 107, 301, 330, 338, 132, 217, 466, 320, 58, 54, 384, 210, 249, 33, 399, 37, 337, 410, 149, 188, 24, 66, 11, 92, 91, 159, 377, 90, 436, 454, 87, 63, 88, 157, 404, 167, 297, 142, 96, 352, 26, 378, 84, 244, 452, 359, 314, 281, 239, 72, 97, 286, 263, 106, 23, 267, 114, 373, 147, 447, 165, 291, 204, 164, 169, 361, 199, 20, 420, 19, 6, 385, 206, 468, 93, 453, 29, 109, 437, 193, 259, 25, 180, 254, 268, 236, 335, 272, 298, 332, 246, 153, 456, 229, 464, 462, 344, 42, 222, 347, 326, 395, 192, 451, 219, 176, 35, 15, 369, 472, 196, 194, 189, 434, 418, 423, 394, 264, 280, 71, 424, 306, 307, 216, 95, 154, 118, 121, 287, 313, 308, 163, 265, 309, 53, 435, 45, 113, 68, 52, 134, 125, 135, 32, 2, 353, 49, 179, 312, 57, 144, 469, 425, 151, 396, 331, 98, 473, 237, 406, 212, 363, 367, 201, 9, 433, 284, 101, 128, 316, 463, 218, 28, 283, 253, 105, 50, 133, 449, 245, 230, 73, 146, 458, 181, 296, 343, 457, 441, 203, 170, 386, 127, 412, 238, 12, 103, 403, 59, 241, 421, 260, 126, 422, 461, 390, 4, 5, 345, 65, 38, 120, 336, 0, 465, 94, 240, 148, 318, 273, 319, 374, 242, 285, 311, 185, 381, 271, 413, 321, 324, 358, 398, 186, 372, 243, 122, 131, 325, 305, 329, 327, 223, 322, 432, 56, 130, 256, 198, 168, 294, 438, 187, 356, 391, 207, 200, 351, 408, 27, 82, 360, 79, 89, 60, 427, 389, 31, 450, 36, 368, 83, 402, 173, 119, 171, 417, 383, 211, 191, 190, 197, 371, 380, 1, 442, 183, 40, 215, 275, 382, 16, 415, 231, 459, 152, 145, 405, 161, 232, 248, 366, 55, 141, 22, 400, 39, 278, 99, 429, 48, 67, 143, 233, 226, 375, 300, 274, 102, 270, 262, 269, 172, 289, 355, 290, 304, 178, 428, 387, 350, 333, 51, 288, 411, 416, 138, 137, 150, 115, 80, 75, 460, 247, 444, 251, 393, 328, 455, 224, 376, 100, 362, 349, 160, 139, 340, 162, 140, 41, 220, 323, 221, 357, 295, 175, 303, 112, 407, 409, 13, 448, 177, 439, 397, 276, 182, 252, 250, 392, 258, 156, 78, 401, 174, 166, 310, 111, 110, 317, 123, 365, 10, 136, 70, 354, 46, 388, 467, 257, 18, 255, 209, 14, 426, 419, 62, 364, 7, 47, 346, 440, 158, 341, 292, 315, 379, 208, 471, 266, 277, 44, 430, 293, 74, 299, 129, 61, 77, 85, 64, 8, 184, 34, 202, 195, 431, 302, 81, 348, 445, 279, 117, 155, 86, 43, 21, 235, 69, 228, 225, 282, 334, 342, 443, 116, 414, 261, 214, 470, 3, 370, 213, 108, 124, 104]
index list energy: 1604807.2730616285
Done




program ended at: 2019-12-11 20:18:27.703927 
 time delta: 4 days, 23:50:00.004495
