## SLURM PROLOG ###############################################################
##    Job ID : 9199700
##  Job Name : five_day_runs
##  Nodelist : node1112
##      CPUs : 1
##  Mem/Node : 1024 MB
## Directory : /gpfs/data/nfawzi/skale/Fawzi_pycharm_project
##   Started : Fri Dec  6 20:28:55 EST 2019
###############################################################################
program started at:2019-12-06 20:28:55.291142
iterations: 5000000000 temp: 1000000.0 exponent: 0.7 eif: 300.0
time taken (sec): 363823.6040363312
number of iterations: 5000000000
final temperature: 191.58123138056612
og index list: [214, 244, 40, 468, 271, 337, 211, 220, 7, 92, 297, 216, 436, 364, 50, 76, 218, 180, 172, 391, 163, 413, 269, 306, 24, 66, 5, 223, 240, 257, 208, 291, 194, 444, 310, 16, 105, 427, 263, 380, 6, 175, 280, 459, 191, 454, 418, 440, 104, 350, 134, 61, 200, 339, 308, 372, 107, 0, 103, 225, 278, 300, 27, 383, 352, 63, 354, 113, 348, 84, 270, 394, 157, 351, 381, 422, 212, 389, 31, 455, 122, 241, 305, 333, 277, 334, 188, 74, 281, 250, 445, 75, 234, 114, 111, 230, 56, 232, 42, 26, 255, 295, 429, 112, 393, 132, 231, 38, 346, 320, 8, 357, 430, 245, 156, 138, 460, 148, 221, 85, 313, 19, 290, 319, 471, 462, 15, 170, 119, 77, 131, 51, 358, 47, 345, 10, 41, 336, 340, 139, 160, 117, 322, 447, 54, 332, 408, 360, 246, 30, 424, 330, 165, 151, 307, 126, 296, 178, 256, 59, 62, 242, 417, 155, 171, 96, 150, 1, 469, 189, 136, 25, 463, 420, 167, 101, 287, 116, 385, 164, 285, 73, 302, 395, 86, 317, 416, 215, 222, 388, 466, 197, 239, 53, 60, 253, 434, 251, 20, 419, 379, 407, 52, 118, 108, 363, 115, 321, 328, 34, 266, 71, 235, 284, 196, 64, 177, 435, 384, 166, 325, 324, 204, 472, 125, 3, 353, 327, 378, 182, 168, 342, 457, 46, 217, 149, 443, 415, 237, 450, 375, 433, 282, 355, 367, 248, 48, 288, 311, 365, 43, 205, 258, 78, 195, 247, 161, 409, 366, 186, 243, 83, 279, 268, 35, 57, 120, 79, 299, 465, 368, 192, 400, 442, 128, 374, 272, 387, 323, 293, 176, 304, 146, 432, 158, 399, 411, 402, 316, 403, 179, 315, 283, 206, 249, 392, 219, 65, 373, 464, 135, 159, 190, 183, 369, 362, 452, 137, 22, 162, 198, 37, 143, 90, 412, 404, 141, 314, 58, 265, 273, 18, 377, 437, 289, 451, 390, 39, 169, 207, 233, 423, 370, 254, 329, 72, 386, 449, 294, 154, 382, 94, 2, 121, 11, 140, 174, 9, 202, 17, 343, 14, 371, 448, 142, 292, 106, 309, 347, 425, 453, 193, 252, 152, 173, 13, 32, 276, 461, 33, 133, 87, 28, 331, 398, 456, 67, 236, 153, 127, 203, 349, 376, 91, 144, 81, 421, 298, 341, 23, 181, 99, 312, 275, 426, 470, 36, 185, 326, 29, 267, 123, 145, 414, 431, 213, 473, 396, 467, 401, 4, 359, 209, 187, 446, 102, 303, 12, 264, 361, 98, 147, 238, 130, 201, 229, 338, 100, 335, 70, 405, 286, 199, 428, 68, 55, 124, 184, 301, 69, 410, 228, 95, 89, 210, 80, 406, 397, 260, 318, 458, 438, 259, 109, 45, 97, 274, 344, 226, 49, 88, 439, 356, 227, 21, 44, 262, 93, 441, 110, 224, 82, 129, 261]
og index list energy: 149879422.57123002
index list: [234, 282, 0, 301, 227, 30, 444, 76, 107, 468, 303, 455, 19, 25, 415, 29, 48, 67, 368, 243, 34, 33, 471, 37, 337, 170, 151, 114, 344, 117, 118, 292, 155, 374, 173, 119, 438, 295, 175, 432, 270, 466, 278, 272, 298, 226, 408, 213, 28, 449, 225, 334, 399, 339, 259, 187, 291, 440, 274, 22, 460, 205, 195, 40, 116, 419, 53, 447, 461, 133, 317, 164, 169, 390, 4, 401, 330, 132, 217, 338, 260, 393, 302, 378, 336, 204, 253, 320, 23, 97, 180, 254, 300, 41, 39, 127, 63, 167, 297, 142, 428, 247, 156, 395, 42, 129, 451, 196, 341, 171, 263, 384, 219, 176, 35, 15, 370, 445, 360, 194, 189, 410, 427, 450, 345, 264, 280, 71, 381, 402, 72, 108, 124, 143, 233, 83, 1, 78, 56, 18, 256, 255, 209, 446, 93, 113, 163, 265, 287, 51, 288, 32, 2, 348, 49, 179, 185, 230, 236, 434, 465, 271, 228, 331, 365, 356, 237, 352, 65, 122, 430, 470, 211, 9, 457, 214, 192, 21, 329, 283, 101, 245, 110, 7, 50, 87, 406, 262, 68, 52, 135, 90, 134, 296, 369, 385, 386, 203, 191, 400, 47, 422, 322, 12, 105, 136, 10, 392, 46, 332, 246, 405, 454, 351, 207, 200, 210, 206, 20, 162, 313, 82, 126, 81, 394, 251, 3, 429, 99, 241, 413, 238, 166, 125, 315, 316, 59, 218, 464, 158, 31, 186, 389, 333, 396, 131, 325, 305, 239, 314, 281, 250, 165, 328, 13, 448, 198, 363, 261, 473, 441, 249, 391, 376, 5, 335, 377, 181, 27, 463, 79, 89, 60, 456, 398, 62, 340, 36, 388, 123, 120, 257, 216, 244, 437, 382, 199, 190, 197, 201, 128, 462, 342, 112, 240, 273, 215, 275, 469, 16, 439, 96, 459, 229, 435, 64, 425, 423, 26, 24, 66, 11, 426, 258, 380, 95, 55, 307, 153, 45, 73, 141, 146, 379, 6, 355, 102, 276, 182, 202, 172, 289, 412, 290, 304, 178, 420, 367, 353, 414, 324, 294, 436, 168, 321, 411, 407, 361, 350, 130, 54, 452, 14, 354, 349, 252, 442, 224, 371, 100, 421, 418, 88, 416, 106, 269, 109, 327, 183, 38, 453, 286, 84, 403, 221, 431, 375, 232, 467, 248, 145, 161, 366, 152, 231, 347, 458, 279, 359, 235, 149, 433, 94, 174, 310, 111, 188, 193, 306, 212, 417, 121, 154, 383, 223, 409, 364, 98, 326, 284, 267, 222, 472, 397, 75, 137, 150, 80, 115, 138, 70, 61, 77, 85, 404, 208, 372, 266, 277, 44, 424, 293, 74, 299, 268, 92, 91, 159, 86, 17, 184, 8, 318, 58, 139, 144, 69, 157, 343, 177, 357, 148, 309, 43, 308, 147, 57, 358, 373, 160, 323, 362, 220, 140, 103, 346, 387, 312, 242, 319, 443, 311, 285, 104]
index list energy: 1615572.9530307075
Done



program ended at: 2019-12-11 20:18:55.295513 
 time delta: 4 days, 23:50:00.004371
