## SLURM PROLOG ###############################################################
##    Job ID : 9199702
##  Job Name : five_day_runs
##  Nodelist : node1114
##      CPUs : 1
##  Mem/Node : 1024 MB
## Directory : /gpfs/data/nfawzi/skale/Fawzi_pycharm_project
##   Started : Fri Dec  6 20:28:55 EST 2019
###############################################################################
program started at:2019-12-06 20:28:55.465544
iterations: 5000000000 temp: 1000000.0 exponent: 0.7 eif: 300.0
time taken (sec): 395731.0232670307
number of iterations: 5000000000
final temperature: 191.58123138056612
og index list: [236, 472, 40, 316, 366, 26, 209, 134, 369, 171, 133, 401, 309, 404, 93, 391, 54, 413, 388, 226, 297, 69, 117, 360, 188, 273, 234, 346, 312, 203, 86, 175, 211, 206, 225, 284, 300, 138, 389, 317, 456, 228, 275, 50, 285, 143, 84, 417, 191, 107, 427, 217, 444, 470, 292, 202, 383, 373, 412, 311, 140, 154, 163, 296, 259, 14, 310, 63, 106, 58, 361, 33, 119, 459, 324, 321, 252, 371, 293, 333, 350, 314, 111, 357, 437, 51, 207, 120, 165, 397, 294, 399, 18, 438, 90, 406, 147, 19, 464, 118, 441, 260, 265, 41, 307, 439, 341, 326, 181, 460, 25, 135, 440, 182, 43, 318, 157, 196, 338, 335, 131, 395, 76, 96, 254, 374, 37, 376, 261, 301, 99, 110, 105, 305, 255, 62, 240, 343, 269, 208, 450, 408, 291, 113, 137, 235, 178, 342, 100, 418, 447, 443, 56, 12, 31, 64, 308, 420, 185, 271, 192, 126, 0, 210, 313, 249, 11, 59, 103, 327, 23, 462, 28, 57, 396, 411, 5, 281, 331, 27, 384, 385, 65, 161, 423, 442, 266, 339, 279, 180, 144, 148, 394, 95, 378, 39, 274, 278, 83, 1, 42, 270, 152, 359, 398, 372, 70, 243, 216, 353, 280, 454, 223, 30, 162, 61, 128, 127, 414, 449, 55, 250, 38, 430, 379, 336, 244, 229, 355, 124, 264, 174, 242, 390, 323, 197, 400, 277, 381, 446, 78, 189, 345, 74, 169, 465, 428, 330, 405, 129, 349, 362, 356, 267, 71, 332, 67, 448, 241, 352, 215, 173, 150, 268, 392, 166, 248, 348, 415, 402, 87, 186, 170, 276, 340, 29, 451, 81, 195, 91, 422, 45, 79, 49, 17, 205, 160, 98, 156, 80, 194, 4, 122, 466, 2, 214, 463, 9, 424, 416, 8, 393, 201, 461, 198, 432, 407, 158, 419, 455, 101, 315, 77, 224, 142, 183, 246, 136, 132, 433, 231, 219, 222, 306, 52, 187, 24, 329, 468, 123, 204, 347, 176, 344, 35, 370, 141, 193, 6, 115, 386, 256, 302, 34, 146, 295, 299, 125, 304, 426, 151, 15, 298, 177, 75, 319, 287, 322, 303, 164, 227, 258, 44, 435, 320, 21, 410, 60, 467, 403, 213, 251, 368, 328, 139, 282, 425, 365, 220, 48, 212, 102, 436, 364, 20, 179, 237, 92, 3, 104, 47, 121, 262, 190, 387, 253, 367, 88, 72, 358, 334, 363, 453, 263, 155, 36, 286, 452, 283, 199, 94, 149, 409, 89, 184, 351, 159, 247, 434, 289, 53, 325, 85, 108, 116, 7, 66, 200, 46, 167, 245, 32, 233, 73, 429, 230, 16, 232, 109, 257, 377, 380, 288, 168, 153, 457, 130, 354, 382, 272, 221, 13, 290, 471, 469, 421, 114, 218, 10, 97, 112, 431, 238, 458, 337, 473, 145, 445, 22, 82, 172, 375, 239, 68]
og index list energy: 105470627.59623025
index list: [234, 205, 0, 353, 27, 374, 207, 200, 210, 464, 412, 438, 19, 26, 442, 29, 48, 67, 419, 147, 249, 33, 414, 37, 337, 371, 107, 30, 301, 391, 227, 351, 24, 340, 206, 20, 367, 452, 87, 63, 88, 157, 449, 167, 297, 296, 417, 213, 72, 441, 84, 263, 348, 342, 314, 281, 239, 223, 97, 286, 244, 317, 402, 151, 114, 450, 243, 423, 269, 127, 104, 164, 142, 457, 260, 338, 38, 160, 69, 102, 282, 432, 217, 435, 106, 336, 109, 262, 407, 25, 180, 254, 132, 218, 204, 28, 418, 153, 64, 155, 390, 229, 118, 117, 341, 359, 382, 194, 189, 445, 192, 406, 219, 176, 35, 15, 345, 115, 422, 247, 75, 399, 221, 395, 323, 295, 175, 303, 112, 136, 70, 343, 123, 302, 411, 279, 124, 202, 58, 1, 82, 79, 148, 143, 233, 245, 416, 94, 166, 125, 174, 32, 2, 461, 49, 179, 312, 277, 473, 370, 420, 377, 334, 331, 228, 403, 427, 256, 51, 404, 40, 408, 93, 346, 366, 146, 171, 316, 329, 327, 272, 246, 195, 96, 211, 101, 394, 159, 68, 52, 91, 90, 181, 328, 393, 9, 201, 190, 197, 448, 133, 375, 322, 12, 105, 347, 267, 284, 255, 18, 401, 360, 471, 4, 76, 170, 14, 251, 238, 120, 220, 257, 216, 264, 352, 113, 3, 467, 99, 241, 339, 274, 311, 285, 242, 308, 43, 108, 443, 158, 31, 186, 373, 333, 389, 131, 56, 144, 135, 81, 126, 116, 134, 310, 83, 437, 198, 380, 50, 368, 165, 169, 434, 392, 199, 209, 433, 89, 60, 409, 326, 439, 222, 387, 458, 119, 430, 379, 472, 13, 44, 293, 266, 318, 396, 34, 196, 5, 191, 350, 137, 288, 237, 462, 214, 183, 215, 275, 354, 16, 372, 357, 231, 152, 145, 463, 161, 232, 248, 455, 141, 73, 45, 424, 398, 95, 55, 307, 10, 384, 300, 226, 41, 59, 74, 315, 292, 53, 344, 36, 172, 289, 470, 290, 304, 178, 451, 356, 454, 173, 324, 294, 378, 168, 321, 428, 460, 98, 383, 429, 22, 330, 362, 259, 187, 291, 447, 421, 376, 100, 410, 224, 436, 270, 278, 298, 39, 86, 129, 415, 85, 61, 138, 77, 150, 80, 355, 208, 358, 446, 177, 252, 250, 276, 405, 182, 258, 11, 92, 66, 149, 156, 78, 23, 465, 309, 163, 265, 212, 287, 364, 121, 154, 369, 225, 469, 381, 444, 320, 319, 240, 273, 468, 453, 62, 397, 7, 47, 110, 65, 128, 385, 386, 42, 425, 230, 46, 332, 426, 335, 413, 431, 6, 21, 268, 305, 306, 236, 313, 188, 193, 361, 271, 235, 139, 162, 140, 103, 363, 280, 71, 440, 299, 253, 111, 8, 57, 388, 459, 325, 283, 400, 203, 365, 466, 261, 349, 185, 456, 130, 54, 184, 17, 122]
index list energy: 1612091.486093042
Done





program ended at: 2019-12-11 20:18:55.479430 
 time delta: 4 days, 23:50:00.013886
