## SLURM PROLOG ###############################################################
##    Job ID : 9199685
##  Job Name : five_day_runs
##  Nodelist : node1110
##      CPUs : 1
##  Mem/Node : 1024 MB
## Directory : /gpfs/data/nfawzi/skale/Fawzi_pycharm_project
##   Started : Fri Dec  6 20:28:26 EST 2019
###############################################################################
program started at:2019-12-06 20:28:26.739058
iterations: 5000000000 temp: 1000000.0 exponent: 0.7 eif: 300.0
time taken (sec): 356006.203676939
number of iterations: 5000000000
final temperature: 191.58123138056612
og index list: [147, 456, 308, 312, 137, 11, 117, 298, 61, 48, 278, 258, 93, 122, 39, 338, 263, 177, 212, 86, 320, 67, 70, 421, 179, 19, 461, 128, 230, 361, 417, 326, 224, 153, 464, 303, 134, 54, 167, 74, 194, 408, 406, 18, 65, 422, 145, 151, 49, 98, 309, 424, 46, 240, 100, 203, 229, 316, 299, 247, 38, 207, 265, 409, 84, 88, 144, 215, 66, 104, 75, 165, 78, 157, 114, 108, 186, 126, 199, 97, 191, 342, 366, 102, 181, 196, 156, 431, 115, 359, 52, 294, 281, 202, 31, 251, 399, 90, 118, 120, 457, 471, 289, 40, 340, 410, 432, 331, 467, 288, 32, 150, 129, 164, 322, 236, 12, 343, 135, 5, 91, 454, 369, 220, 413, 110, 329, 257, 1, 292, 256, 269, 180, 368, 428, 266, 470, 28, 466, 362, 33, 244, 321, 441, 139, 344, 453, 373, 380, 328, 36, 365, 304, 41, 59, 211, 450, 89, 173, 351, 268, 318, 60, 261, 121, 451, 146, 30, 195, 176, 403, 311, 400, 94, 296, 17, 468, 425, 295, 25, 231, 375, 442, 214, 143, 255, 414, 277, 469, 183, 53, 415, 45, 319, 6, 276, 9, 460, 227, 324, 161, 42, 171, 79, 437, 445, 35, 287, 438, 158, 355, 363, 353, 279, 83, 22, 317, 217, 80, 189, 463, 142, 252, 448, 349, 141, 436, 273, 154, 391, 377, 218, 228, 387, 260, 208, 420, 192, 465, 0, 388, 249, 27, 51, 34, 443, 8, 168, 112, 123, 16, 24, 398, 127, 50, 418, 341, 56, 284, 14, 262, 116, 283, 23, 219, 332, 125, 3, 187, 160, 385, 131, 334, 423, 193, 246, 314, 243, 113, 352, 313, 339, 280, 73, 172, 7, 77, 47, 325, 238, 402, 305, 330, 13, 434, 379, 394, 15, 336, 293, 225, 241, 29, 426, 360, 444, 43, 347, 285, 455, 62, 245, 200, 357, 37, 372, 264, 184, 21, 282, 159, 136, 105, 439, 232, 10, 472, 95, 390, 175, 138, 270, 350, 429, 197, 233, 384, 376, 310, 163, 291, 213, 435, 111, 459, 430, 253, 440, 201, 149, 412, 198, 234, 323, 133, 85, 427, 92, 69, 216, 239, 411, 462, 333, 210, 405, 57, 267, 237, 235, 378, 76, 393, 109, 345, 190, 446, 58, 87, 371, 162, 152, 206, 382, 242, 119, 2, 170, 107, 185, 301, 356, 381, 124, 447, 254, 302, 364, 452, 250, 306, 226, 272, 221, 346, 204, 327, 374, 259, 68, 392, 103, 407, 82, 367, 182, 401, 433, 358, 458, 64, 397, 335, 307, 386, 63, 99, 348, 383, 416, 148, 26, 248, 205, 286, 140, 395, 132, 188, 275, 297, 396, 449, 315, 271, 290, 274, 166, 106, 209, 71, 20, 72, 300, 404, 223, 130, 44, 81, 370, 222, 337, 55, 178, 174, 389, 101, 169, 354, 473, 155, 419, 96, 4]
og index list energy: 123256302.72462896
index list: [131, 29, 257, 216, 50, 47, 305, 468, 260, 330, 119, 338, 132, 217, 471, 320, 58, 54, 396, 210, 249, 33, 399, 32, 2, 16, 37, 170, 155, 117, 435, 346, 324, 348, 168, 321, 353, 397, 173, 99, 270, 385, 420, 272, 278, 156, 342, 213, 72, 441, 27, 424, 109, 383, 239, 165, 312, 242, 274, 286, 263, 80, 36, 402, 116, 460, 243, 352, 335, 127, 113, 297, 142, 384, 199, 106, 292, 426, 87, 63, 88, 470, 53, 371, 361, 151, 107, 311, 23, 97, 180, 254, 179, 315, 314, 281, 414, 267, 101, 283, 329, 98, 467, 373, 362, 269, 40, 214, 183, 382, 192, 428, 219, 176, 35, 15, 447, 209, 451, 416, 220, 323, 221, 445, 140, 103, 438, 237, 453, 265, 212, 390, 64, 154, 118, 279, 78, 313, 43, 114, 126, 79, 144, 443, 93, 104, 370, 259, 187, 291, 275, 347, 337, 387, 304, 178, 185, 85, 13, 374, 343, 271, 228, 331, 363, 357, 124, 108, 7, 376, 465, 366, 49, 410, 307, 51, 218, 21, 427, 204, 28, 86, 56, 105, 69, 81, 379, 202, 68, 52, 91, 90, 134, 125, 135, 458, 367, 4, 191, 472, 294, 369, 121, 12, 434, 408, 10, 123, 358, 241, 423, 450, 433, 448, 76, 234, 14, 251, 38, 287, 336, 163, 308, 264, 464, 276, 102, 334, 225, 282, 359, 100, 400, 169, 3, 316, 372, 122, 256, 381, 262, 462, 403, 158, 401, 197, 235, 300, 41, 39, 226, 205, 164, 296, 238, 411, 198, 432, 261, 412, 18, 340, 439, 207, 200, 354, 6, 89, 60, 469, 9, 388, 201, 190, 442, 394, 188, 418, 193, 280, 71, 255, 306, 244, 288, 34, 333, 196, 194, 189, 455, 94, 378, 339, 153, 429, 5, 186, 360, 229, 436, 96, 375, 247, 75, 355, 24, 461, 26, 419, 95, 73, 45, 466, 345, 248, 232, 161, 167, 67, 143, 233, 157, 59, 160, 211, 430, 55, 1, 245, 253, 380, 224, 449, 146, 181, 328, 463, 415, 115, 137, 150, 365, 457, 129, 425, 77, 61, 138, 437, 0, 391, 393, 30, 409, 110, 120, 65, 389, 128, 42, 222, 431, 325, 386, 195, 398, 31, 206, 20, 392, 19, 25, 356, 351, 84, 407, 22, 377, 350, 177, 440, 252, 250, 421, 182, 258, 11, 92, 66, 149, 341, 174, 166, 310, 111, 171, 236, 230, 456, 141, 145, 231, 152, 46, 215, 422, 172, 240, 319, 349, 273, 364, 318, 395, 62, 405, 136, 70, 417, 112, 303, 175, 295, 404, 208, 446, 266, 277, 368, 459, 293, 74, 299, 298, 246, 332, 413, 285, 17, 184, 8, 159, 48, 139, 452, 327, 223, 444, 83, 82, 148, 309, 268, 317, 147, 57, 133, 406, 322, 227, 454, 203, 302, 473, 130, 301, 44, 344, 290, 289, 284, 326, 162]
index list energy: 1621579.392130469
Done





program ended at: 2019-12-11 20:18:26.745028 
 time delta: 4 days, 23:50:00.005970
