## SLURM PROLOG ###############################################################
##    Job ID : 9199661
##  Job Name : five_day_runs
##  Nodelist : node1148
##      CPUs : 1
##  Mem/Node : 1024 MB
## Directory : /gpfs/data/nfawzi/skale/Fawzi_pycharm_project
##   Started : Fri Dec  6 20:28:26 EST 2019
###############################################################################
program started at:2019-12-06 20:28:26.650539
iterations: 5000000000 temp: 1000000.0 exponent: 0.7 eif: 300.0
time taken (sec): 395985.0722937584
number of iterations: 5000000000
final temperature: 191.58123138056612
og index list: [469, 220, 237, 366, 434, 89, 406, 248, 116, 228, 304, 315, 235, 307, 311, 418, 39, 293, 165, 326, 97, 161, 381, 422, 199, 145, 460, 399, 267, 371, 68, 384, 57, 415, 360, 184, 169, 153, 164, 172, 15, 274, 407, 25, 134, 181, 5, 51, 302, 333, 185, 449, 214, 473, 142, 144, 264, 387, 183, 295, 124, 23, 318, 24, 462, 438, 32, 470, 118, 450, 58, 312, 21, 359, 152, 119, 411, 306, 356, 435, 42, 292, 141, 64, 271, 433, 85, 402, 272, 104, 258, 452, 408, 313, 186, 88, 81, 0, 2, 43, 147, 117, 101, 456, 276, 114, 268, 286, 263, 453, 440, 163, 260, 213, 160, 252, 405, 253, 56, 135, 94, 471, 197, 180, 441, 288, 439, 353, 400, 417, 226, 143, 299, 378, 22, 16, 404, 72, 14, 84, 19, 48, 126, 340, 212, 291, 280, 412, 218, 167, 107, 325, 50, 284, 192, 90, 421, 225, 266, 223, 251, 351, 194, 195, 11, 102, 350, 386, 290, 285, 98, 92, 217, 352, 364, 298, 391, 429, 310, 87, 4, 458, 13, 127, 158, 396, 149, 347, 111, 12, 423, 215, 106, 239, 60, 203, 29, 445, 346, 231, 133, 358, 234, 390, 379, 262, 361, 33, 455, 328, 146, 67, 49, 472, 259, 176, 96, 345, 468, 244, 123, 201, 443, 392, 69, 31, 174, 105, 424, 71, 38, 177, 277, 54, 279, 137, 155, 132, 431, 187, 211, 389, 301, 162, 314, 425, 99, 289, 430, 125, 103, 166, 467, 317, 256, 40, 283, 394, 230, 250, 319, 372, 189, 1, 466, 334, 342, 444, 255, 151, 159, 446, 365, 373, 62, 115, 464, 465, 148, 303, 229, 459, 383, 368, 157, 182, 320, 138, 17, 348, 91, 191, 238, 44, 323, 37, 45, 209, 28, 427, 61, 370, 419, 131, 120, 207, 35, 109, 82, 233, 113, 374, 110, 416, 426, 428, 65, 232, 300, 46, 219, 205, 188, 76, 367, 297, 294, 236, 196, 410, 349, 337, 454, 461, 269, 336, 420, 20, 287, 265, 403, 281, 170, 79, 53, 398, 66, 198, 341, 100, 18, 409, 243, 437, 397, 30, 122, 343, 395, 401, 204, 59, 36, 80, 10, 227, 240, 249, 377, 242, 376, 193, 327, 86, 139, 74, 273, 55, 247, 200, 26, 335, 308, 168, 224, 140, 112, 451, 322, 282, 254, 316, 210, 275, 448, 154, 457, 330, 206, 355, 222, 329, 344, 190, 34, 442, 175, 278, 305, 108, 93, 413, 27, 463, 150, 357, 41, 73, 382, 375, 6, 52, 202, 216, 136, 338, 156, 332, 130, 7, 324, 354, 121, 388, 245, 309, 270, 9, 296, 70, 208, 369, 363, 3, 179, 241, 178, 414, 83, 129, 171, 385, 432, 339, 362, 128, 173, 257, 77, 78, 95, 393, 221, 447, 321, 8, 436, 380, 63, 47, 261, 246, 331, 75]
og index list energy: 148650842.16980898
index list: [131, 282, 256, 120, 93, 218, 391, 350, 206, 417, 20, 414, 19, 25, 466, 29, 214, 192, 447, 58, 249, 33, 383, 37, 337, 170, 255, 116, 434, 140, 342, 323, 119, 458, 173, 155, 410, 64, 229, 394, 358, 363, 247, 167, 297, 142, 96, 415, 113, 389, 27, 366, 369, 305, 239, 165, 312, 103, 71, 6, 182, 250, 253, 151, 114, 464, 243, 469, 335, 236, 104, 164, 169, 420, 199, 367, 127, 50, 87, 63, 88, 402, 53, 357, 380, 202, 252, 320, 24, 356, 180, 254, 132, 217, 204, 28, 416, 322, 3, 360, 161, 232, 248, 401, 422, 375, 207, 200, 210, 446, 398, 457, 263, 176, 35, 15, 392, 333, 396, 194, 189, 432, 353, 344, 404, 264, 280, 405, 306, 307, 154, 118, 117, 121, 473, 279, 162, 313, 43, 303, 112, 304, 178, 346, 308, 245, 163, 265, 287, 51, 288, 32, 2, 407, 49, 179, 185, 153, 13, 409, 418, 271, 228, 331, 345, 436, 237, 454, 242, 452, 399, 201, 9, 465, 41, 470, 100, 111, 171, 327, 272, 285, 195, 160, 135, 81, 90, 311, 68, 52, 91, 159, 134, 296, 385, 92, 427, 203, 234, 110, 123, 455, 238, 12, 105, 439, 10, 372, 59, 332, 368, 431, 374, 440, 4, 5, 462, 208, 0, 122, 220, 257, 18, 219, 397, 276, 102, 334, 225, 241, 460, 174, 166, 125, 463, 316, 388, 321, 324, 362, 355, 186, 443, 47, 451, 268, 89, 60, 472, 209, 31, 205, 365, 310, 38, 339, 198, 168, 294, 381, 187, 445, 390, 467, 54, 57, 376, 130, 221, 348, 302, 419, 347, 188, 424, 62, 371, 456, 82, 79, 44, 289, 98, 244, 438, 408, 196, 191, 190, 197, 343, 94, 240, 461, 183, 40, 215, 275, 453, 16, 435, 55, 450, 382, 274, 22, 146, 361, 26, 449, 95, 73, 45, 459, 39, 278, 99, 270, 298, 67, 143, 233, 226, 349, 300, 213, 412, 72, 108, 336, 109, 124, 377, 106, 269, 181, 328, 430, 354, 315, 292, 158, 384, 444, 281, 314, 97, 286, 84, 406, 423, 34, 14, 251, 395, 133, 400, 65, 128, 352, 42, 222, 261, 426, 340, 76, 107, 262, 260, 330, 259, 338, 30, 301, 386, 227, 175, 295, 442, 373, 177, 378, 36, 437, 212, 411, 379, 11, 258, 66, 149, 156, 78, 23, 235, 309, 224, 230, 141, 428, 359, 145, 231, 152, 46, 393, 471, 172, 318, 319, 351, 273, 468, 413, 75, 137, 150, 80, 115, 138, 70, 341, 77, 85, 61, 129, 429, 266, 277, 364, 370, 293, 74, 246, 56, 1, 387, 211, 216, 17, 184, 8, 86, 48, 139, 144, 126, 69, 448, 83, 157, 148, 317, 147, 21, 193, 7, 441, 421, 325, 283, 433, 267, 101, 403, 299, 284, 291, 329, 223, 425, 290, 326, 136]
index list energy: 1621296.1440546864
Done




program ended at: 2019-12-11 20:18:26.645430 
 time delta: 4 days, 23:49:59.994891
