## SLURM PROLOG ###############################################################
##    Job ID : 9199662
##  Job Name : five_day_runs
##  Nodelist : node1148
##      CPUs : 1
##  Mem/Node : 1024 MB
## Directory : /gpfs/data/nfawzi/skale/Fawzi_pycharm_project
##   Started : Fri Dec  6 20:28:25 EST 2019
###############################################################################
program started at:2019-12-06 20:28:25.803351
iterations: 5000000000 temp: 1000000.0 exponent: 0.7 eif: 300.0
time taken (sec): 396448.54506516457
number of iterations: 5000000000
final temperature: 191.58123138056612
og index list: [462, 393, 252, 246, 161, 133, 401, 452, 265, 39, 338, 271, 436, 351, 431, 208, 341, 93, 214, 249, 430, 407, 175, 7, 260, 41, 456, 60, 392, 256, 372, 319, 77, 466, 54, 12, 13, 30, 89, 379, 306, 446, 224, 5, 51, 408, 359, 389, 470, 148, 267, 56, 112, 131, 262, 74, 170, 194, 302, 274, 231, 467, 119, 442, 356, 115, 33, 449, 227, 72, 329, 53, 388, 210, 426, 37, 184, 20, 163, 365, 239, 435, 282, 473, 457, 345, 406, 391, 152, 196, 183, 230, 312, 236, 263, 354, 185, 371, 400, 28, 259, 395, 366, 209, 307, 464, 98, 6, 110, 368, 188, 64, 147, 296, 55, 421, 71, 383, 82, 332, 43, 100, 402, 59, 17, 219, 158, 308, 8, 91, 292, 168, 57, 120, 342, 398, 172, 327, 123, 134, 350, 90, 198, 269, 121, 285, 220, 204, 322, 31, 38, 448, 223, 348, 432, 118, 157, 471, 434, 85, 116, 25, 247, 367, 18, 162, 415, 79, 264, 124, 405, 412, 433, 334, 468, 211, 50, 337, 298, 362, 178, 141, 234, 245, 323, 203, 150, 46, 106, 240, 386, 111, 387, 136, 140, 166, 176, 257, 417, 138, 254, 289, 447, 48, 304, 87, 107, 472, 440, 218, 255, 201, 286, 301, 160, 355, 320, 169, 336, 232, 61, 266, 69, 70, 309, 66, 182, 109, 92, 151, 411, 83, 380, 344, 171, 137, 145, 177, 200, 424, 325, 378, 316, 460, 0, 47, 284, 179, 317, 420, 36, 102, 11, 403, 453, 128, 81, 429, 360, 16, 253, 248, 287, 21, 75, 99, 40, 241, 165, 347, 225, 428, 212, 202, 416, 326, 19, 67, 390, 24, 451, 455, 153, 438, 215, 193, 353, 130, 465, 300, 272, 181, 399, 103, 174, 238, 458, 444, 445, 49, 441, 305, 159, 213, 164, 283, 68, 127, 97, 413, 23, 132, 422, 315, 450, 45, 373, 149, 242, 63, 84, 114, 370, 295, 243, 454, 414, 357, 394, 117, 288, 324, 222, 80, 187, 229, 427, 384, 144, 396, 340, 125, 299, 105, 96, 58, 310, 15, 364, 94, 425, 349, 358, 363, 290, 321, 279, 291, 280, 189, 44, 1, 26, 250, 261, 331, 313, 293, 228, 186, 277, 385, 461, 206, 156, 273, 154, 10, 86, 95, 333, 192, 14, 352, 207, 108, 276, 226, 330, 318, 76, 180, 443, 311, 190, 135, 258, 437, 113, 73, 381, 29, 328, 423, 463, 146, 251, 278, 126, 237, 34, 62, 244, 173, 9, 294, 361, 339, 22, 199, 3, 52, 382, 397, 4, 32, 376, 469, 129, 335, 235, 216, 221, 439, 122, 195, 375, 143, 346, 303, 78, 205, 409, 167, 101, 27, 142, 2, 42, 314, 35, 65, 217, 377, 281, 275, 297, 404, 233, 197, 410, 191, 139, 418, 88, 270, 343, 369, 459, 419, 104, 155, 268, 374]
og index list energy: 77462935.16536735
index list: [234, 205, 257, 216, 322, 227, 397, 76, 107, 369, 355, 110, 132, 38, 120, 29, 173, 119, 432, 243, 380, 33, 376, 32, 2, 463, 255, 209, 472, 211, 101, 406, 62, 423, 455, 30, 373, 204, 217, 453, 260, 330, 338, 259, 187, 291, 305, 213, 72, 425, 57, 430, 137, 357, 335, 419, 185, 85, 228, 225, 403, 250, 36, 371, 116, 448, 147, 436, 402, 193, 104, 164, 169, 444, 270, 262, 353, 105, 69, 102, 351, 53, 93, 458, 267, 80, 188, 313, 66, 149, 180, 254, 268, 113, 264, 280, 352, 155, 64, 279, 118, 229, 375, 117, 384, 382, 196, 194, 189, 404, 263, 471, 219, 176, 35, 15, 426, 333, 340, 388, 115, 77, 61, 138, 150, 389, 175, 303, 112, 136, 70, 412, 10, 123, 47, 158, 122, 246, 43, 114, 162, 37, 140, 323, 221, 334, 220, 342, 106, 269, 181, 328, 337, 442, 49, 179, 312, 242, 236, 434, 413, 151, 440, 331, 44, 354, 237, 284, 326, 365, 5, 386, 9, 201, 362, 130, 192, 21, 214, 359, 28, 159, 253, 133, 50, 81, 415, 245, 68, 52, 91, 90, 134, 142, 400, 461, 174, 203, 170, 51, 218, 454, 121, 12, 103, 387, 56, 144, 341, 98, 449, 450, 427, 451, 4, 191, 14, 251, 208, 366, 336, 163, 308, 265, 287, 428, 212, 339, 99, 241, 452, 238, 166, 125, 3, 316, 59, 418, 356, 109, 405, 186, 429, 11, 368, 131, 325, 283, 329, 327, 223, 282, 391, 0, 108, 124, 198, 256, 54, 456, 18, 358, 347, 207, 200, 249, 385, 27, 82, 462, 79, 89, 60, 92, 350, 288, 349, 439, 383, 13, 443, 222, 261, 244, 361, 414, 197, 190, 199, 210, 407, 421, 39, 473, 183, 40, 215, 275, 411, 16, 437, 96, 360, 247, 75, 396, 24, 363, 26, 433, 45, 73, 306, 374, 445, 248, 232, 161, 48, 67, 143, 139, 465, 1, 300, 258, 301, 302, 457, 86, 172, 289, 372, 290, 304, 178, 401, 435, 466, 324, 470, 294, 431, 168, 321, 379, 408, 286, 84, 381, 281, 314, 239, 307, 165, 424, 274, 22, 438, 146, 23, 422, 160, 71, 409, 195, 398, 202, 206, 20, 392, 19, 25, 467, 8, 464, 34, 184, 394, 410, 177, 399, 252, 276, 182, 41, 224, 226, 378, 278, 298, 272, 285, 311, 310, 111, 153, 230, 141, 364, 393, 145, 231, 152, 46, 459, 390, 377, 320, 319, 460, 273, 348, 318, 345, 6, 416, 370, 297, 129, 156, 78, 343, 42, 65, 128, 344, 266, 277, 469, 441, 293, 74, 299, 235, 95, 55, 420, 31, 97, 292, 315, 271, 58, 135, 127, 154, 446, 417, 100, 346, 332, 317, 171, 309, 447, 7, 87, 63, 88, 157, 367, 395, 148, 94, 240, 468, 296, 167, 233, 83, 295, 17, 126]
index list energy: 1599255.542711229
Done




program ended at: 2019-12-11 20:18:25.807486 
 time delta: 4 days, 23:50:00.004135
