## SLURM PROLOG ###############################################################
##    Job ID : 9199695
##  Job Name : five_day_runs
##  Nodelist : node1153
##      CPUs : 1
##  Mem/Node : 1024 MB
## Directory : /gpfs/data/nfawzi/skale/Fawzi_pycharm_project
##   Started : Fri Dec  6 20:28:55 EST 2019
###############################################################################
program started at:2019-12-06 20:28:57.772208
iterations: 5000000000 temp: 1000000.0 exponent: 0.7 eif: 300.0
time taken (sec): 382483.0075018406
number of iterations: 5000000000
final temperature: 191.58123138056612
og index list: [254, 424, 107, 18, 455, 436, 106, 326, 410, 374, 295, 225, 203, 195, 282, 109, 133, 69, 457, 238, 88, 192, 350, 170, 288, 22, 43, 184, 435, 392, 345, 287, 228, 362, 377, 308, 46, 229, 299, 320, 249, 152, 1, 311, 443, 75, 176, 20, 224, 246, 137, 167, 429, 76, 144, 281, 261, 123, 118, 19, 409, 153, 111, 451, 193, 340, 258, 399, 129, 272, 441, 71, 201, 351, 117, 469, 135, 68, 406, 315, 115, 154, 420, 251, 375, 262, 119, 178, 305, 316, 292, 454, 383, 131, 401, 146, 432, 132, 449, 233, 381, 277, 126, 297, 94, 280, 31, 266, 278, 25, 416, 425, 58, 400, 453, 446, 268, 354, 407, 11, 298, 185, 77, 471, 49, 359, 357, 348, 82, 329, 331, 136, 473, 367, 317, 27, 147, 172, 393, 120, 7, 41, 256, 165, 200, 28, 189, 45, 239, 301, 59, 423, 248, 303, 8, 98, 264, 273, 168, 342, 237, 66, 456, 306, 38, 230, 39, 355, 21, 12, 341, 302, 100, 361, 411, 234, 156, 53, 141, 26, 96, 363, 447, 440, 460, 226, 418, 391, 220, 219, 444, 221, 70, 155, 143, 84, 14, 422, 205, 291, 73, 376, 300, 369, 217, 110, 452, 116, 360, 470, 44, 279, 368, 81, 442, 323, 252, 395, 412, 426, 389, 188, 332, 54, 74, 259, 402, 421, 32, 428, 199, 92, 384, 290, 472, 138, 108, 327, 10, 319, 158, 274, 464, 276, 283, 337, 206, 202, 417, 324, 438, 243, 328, 309, 403, 161, 16, 67, 289, 245, 250, 293, 231, 85, 378, 6, 209, 458, 142, 99, 236, 398, 65, 5, 127, 175, 173, 55, 183, 140, 134, 212, 169, 386, 196, 352, 365, 149, 338, 314, 346, 63, 223, 459, 433, 304, 90, 343, 247, 2, 182, 114, 366, 197, 263, 191, 48, 434, 180, 462, 218, 105, 186, 241, 121, 335, 380, 296, 344, 179, 15, 382, 24, 466, 227, 60, 468, 160, 415, 439, 388, 112, 23, 214, 397, 17, 285, 150, 286, 64, 97, 325, 242, 269, 56, 275, 103, 86, 210, 190, 347, 78, 79, 213, 448, 372, 30, 211, 370, 419, 130, 145, 42, 37, 405, 122, 349, 204, 373, 34, 80, 9, 235, 162, 139, 72, 358, 364, 93, 29, 113, 445, 40, 379, 414, 330, 222, 232, 294, 270, 431, 207, 244, 404, 390, 148, 83, 318, 164, 430, 271, 0, 465, 194, 151, 461, 36, 353, 208, 356, 35, 396, 177, 284, 408, 310, 51, 62, 157, 260, 52, 321, 33, 159, 387, 101, 336, 267, 385, 413, 57, 307, 174, 467, 216, 255, 128, 87, 181, 215, 4, 166, 95, 50, 427, 333, 47, 334, 104, 240, 89, 253, 124, 463, 322, 171, 13, 257, 312, 371, 125, 187, 198, 265, 61, 394, 450, 3, 91, 102, 313, 437, 339, 163]
og index list energy: 71000682.27642928
index list: [234, 205, 235, 301, 227, 30, 417, 76, 107, 414, 398, 462, 19, 25, 347, 29, 228, 22, 466, 229, 453, 33, 415, 32, 2, 449, 149, 206, 20, 383, 452, 392, 324, 321, 168, 447, 437, 387, 101, 223, 329, 430, 327, 272, 434, 310, 174, 419, 113, 354, 221, 467, 407, 330, 259, 187, 291, 473, 274, 286, 263, 317, 188, 193, 116, 390, 147, 386, 247, 142, 104, 164, 169, 469, 270, 156, 361, 143, 127, 63, 88, 278, 53, 341, 322, 202, 75, 283, 195, 345, 180, 254, 121, 154, 264, 280, 358, 119, 64, 279, 118, 155, 117, 438, 399, 208, 23, 411, 257, 97, 378, 15, 219, 176, 35, 461, 363, 189, 194, 196, 470, 6, 471, 130, 54, 445, 13, 376, 185, 85, 77, 443, 61, 78, 129, 297, 94, 313, 43, 114, 409, 255, 179, 368, 93, 126, 163, 265, 287, 51, 71, 37, 337, 302, 455, 178, 420, 57, 162, 425, 379, 151, 424, 331, 44, 464, 237, 391, 7, 402, 5, 342, 9, 201, 435, 84, 18, 111, 56, 400, 28, 308, 58, 135, 69, 81, 159, 253, 68, 52, 91, 90, 134, 296, 446, 362, 182, 203, 170, 110, 123, 472, 144, 12, 105, 136, 10, 348, 46, 288, 34, 349, 346, 343, 4, 191, 14, 251, 311, 262, 336, 0, 374, 334, 102, 276, 339, 99, 338, 241, 344, 238, 166, 125, 3, 316, 268, 377, 416, 158, 353, 186, 459, 47, 397, 131, 325, 305, 239, 314, 281, 250, 165, 312, 307, 124, 198, 48, 50, 433, 122, 450, 371, 207, 200, 249, 463, 27, 67, 451, 79, 89, 60, 401, 458, 62, 396, 418, 357, 133, 1, 404, 148, 244, 436, 395, 197, 190, 199, 210, 429, 442, 82, 426, 183, 40, 215, 275, 355, 109, 106, 269, 384, 243, 456, 38, 373, 204, 217, 441, 95, 216, 132, 218, 356, 248, 55, 432, 153, 45, 73, 141, 146, 230, 236, 213, 388, 300, 367, 36, 172, 41, 224, 226, 427, 177, 423, 421, 31, 209, 405, 454, 385, 440, 211, 335, 360, 100, 393, 352, 431, 333, 410, 212, 380, 173, 120, 65, 364, 128, 42, 222, 160, 139, 460, 428, 39, 246, 260, 306, 422, 26, 444, 24, 66, 11, 258, 92, 351, 252, 181, 328, 394, 16, 408, 365, 152, 231, 145, 161, 232, 413, 292, 315, 171, 309, 298, 240, 72, 350, 242, 340, 389, 294, 225, 282, 412, 406, 320, 319, 448, 273, 465, 318, 370, 137, 150, 80, 115, 138, 381, 303, 175, 112, 369, 70, 359, 266, 277, 366, 382, 293, 74, 299, 220, 103, 140, 323, 295, 17, 184, 8, 271, 108, 49, 157, 167, 87, 233, 83, 468, 332, 86, 59, 285, 96, 375, 192, 214, 261, 21, 403, 267, 98, 372, 289, 457, 304, 439, 290, 326, 284, 256, 245]
index list energy: 1614396.261077508
Done




program ended at: 2019-12-11 20:18:57.768355 
 time delta: 4 days, 23:49:59.996147
