## SLURM PROLOG ###############################################################
##    Job ID : 9199628
##  Job Name : five_day_runs
##  Nodelist : node1304
##      CPUs : 1
##  Mem/Node : 1024 MB
## Directory : /gpfs/data/nfawzi/skale/Fawzi_pycharm_project
##   Started : Fri Dec  6 20:27:55 EST 2019
###############################################################################
program started at:2019-12-06 20:27:55.388430
iterations: 5000000000 temp: 1000000.0 exponent: 0.7 eif: 300.0
time taken (sec): 313796.8665115833
number of iterations: 5000000000
final temperature: 191.58123138056612
og index list: [41, 224, 247, 214, 384, 180, 190, 254, 212, 311, 75, 187, 375, 142, 333, 152, 234, 184, 239, 452, 268, 459, 79, 473, 306, 430, 271, 331, 377, 164, 53, 96, 249, 435, 185, 330, 439, 225, 112, 373, 87, 39, 370, 455, 277, 188, 323, 203, 93, 131, 456, 321, 414, 415, 404, 217, 266, 134, 280, 34, 154, 68, 35, 458, 149, 90, 133, 352, 210, 29, 387, 346, 48, 57, 264, 261, 310, 24, 12, 30, 381, 213, 76, 300, 97, 272, 417, 25, 349, 36, 398, 175, 357, 308, 16, 220, 367, 150, 223, 237, 114, 291, 37, 194, 245, 317, 117, 353, 427, 440, 316, 285, 233, 206, 8, 337, 401, 32, 253, 340, 208, 99, 304, 84, 382, 392, 227, 282, 322, 446, 83, 327, 397, 86, 189, 127, 354, 168, 193, 107, 281, 252, 88, 74, 51, 262, 186, 328, 315, 279, 412, 228, 126, 267, 270, 454, 61, 447, 60, 289, 0, 332, 326, 358, 460, 198, 72, 222, 138, 467, 20, 451, 274, 161, 359, 19, 339, 55, 320, 236, 409, 153, 13, 135, 177, 305, 395, 269, 445, 428, 129, 386, 276, 365, 128, 380, 49, 69, 443, 122, 403, 432, 402, 463, 302, 215, 343, 355, 196, 288, 10, 372, 121, 286, 313, 246, 143, 465, 433, 199, 166, 85, 226, 130, 376, 151, 299, 176, 471, 368, 17, 110, 103, 200, 360, 14, 2, 324, 423, 431, 348, 235, 26, 371, 70, 369, 6, 312, 260, 221, 472, 258, 33, 63, 309, 248, 294, 318, 65, 38, 148, 255, 106, 89, 256, 379, 378, 101, 400, 444, 314, 172, 434, 23, 116, 338, 418, 165, 390, 80, 173, 363, 132, 265, 118, 301, 27, 145, 73, 18, 98, 100, 125, 181, 356, 92, 273, 251, 113, 421, 108, 167, 21, 424, 425, 275, 15, 394, 396, 109, 399, 205, 263, 284, 462, 416, 244, 202, 216, 178, 42, 287, 183, 179, 144, 1, 410, 159, 195, 450, 124, 40, 28, 44, 385, 437, 470, 361, 171, 329, 82, 54, 81, 45, 419, 207, 469, 59, 393, 162, 293, 230, 250, 292, 146, 95, 163, 407, 448, 192, 290, 147, 170, 389, 408, 278, 334, 115, 325, 211, 383, 219, 31, 56, 105, 155, 156, 442, 243, 77, 5, 218, 341, 169, 347, 47, 9, 406, 351, 46, 296, 111, 182, 137, 209, 43, 91, 67, 461, 140, 420, 426, 123, 139, 3, 141, 66, 22, 241, 466, 303, 298, 413, 136, 366, 453, 71, 336, 201, 50, 120, 94, 238, 64, 438, 422, 259, 204, 174, 197, 335, 362, 157, 391, 4, 344, 232, 231, 468, 102, 350, 191, 229, 449, 58, 388, 52, 240, 78, 62, 11, 429, 242, 158, 411, 364, 160, 464, 436, 345, 342, 307, 119, 374, 295, 319, 257, 405, 283, 104, 7, 297, 457, 441]
og index list energy: 107529788.53604068
index list: [114, 317, 0, 428, 322, 227, 351, 76, 107, 301, 368, 110, 132, 217, 414, 320, 58, 54, 352, 243, 415, 158, 329, 32, 2, 449, 149, 188, 24, 66, 11, 92, 258, 380, 463, 30, 358, 124, 87, 63, 88, 421, 127, 355, 187, 430, 303, 290, 304, 464, 27, 244, 470, 443, 209, 411, 327, 223, 378, 286, 263, 313, 23, 267, 234, 451, 257, 371, 165, 291, 297, 164, 169, 444, 199, 210, 448, 323, 74, 381, 206, 408, 93, 439, 29, 220, 461, 245, 195, 375, 180, 254, 268, 162, 140, 103, 293, 459, 153, 279, 360, 385, 55, 462, 340, 420, 196, 194, 189, 348, 192, 416, 219, 176, 35, 15, 346, 97, 466, 239, 314, 281, 431, 307, 441, 264, 280, 71, 446, 306, 288, 216, 95, 113, 305, 45, 136, 42, 43, 289, 51, 218, 179, 432, 325, 298, 315, 292, 166, 125, 135, 37, 337, 447, 49, 178, 471, 3, 359, 236, 361, 271, 228, 331, 374, 401, 85, 61, 69, 442, 387, 201, 9, 393, 326, 468, 261, 21, 412, 214, 28, 86, 53, 133, 50, 81, 377, 253, 68, 52, 91, 90, 134, 296, 433, 376, 350, 203, 191, 384, 123, 175, 295, 12, 105, 356, 10, 82, 79, 33, 34, 404, 372, 473, 211, 170, 14, 251, 311, 262, 336, 284, 256, 18, 255, 413, 102, 334, 225, 282, 406, 213, 44, 142, 56, 111, 390, 316, 424, 386, 31, 186, 328, 333, 353, 131, 270, 59, 458, 152, 231, 205, 1, 77, 445, 349, 198, 235, 130, 457, 122, 437, 391, 207, 200, 249, 394, 89, 60, 397, 330, 339, 99, 417, 400, 62, 354, 36, 410, 83, 403, 174, 241, 204, 20, 407, 4, 5, 190, 197, 440, 426, 237, 379, 183, 40, 215, 275, 341, 16, 455, 300, 409, 335, 13, 402, 208, 427, 19, 25, 369, 274, 22, 146, 422, 248, 232, 161, 167, 67, 143, 233, 396, 222, 160, 357, 120, 302, 47, 126, 260, 338, 343, 423, 259, 119, 155, 472, 342, 173, 324, 294, 364, 168, 321, 388, 344, 98, 383, 363, 26, 101, 465, 272, 435, 310, 467, 224, 347, 100, 367, 273, 266, 277, 425, 399, 109, 193, 269, 38, 84, 398, 106, 370, 221, 452, 450, 65, 128, 434, 181, 252, 405, 276, 438, 182, 250, 418, 226, 41, 39, 278, 156, 78, 129, 299, 163, 287, 265, 212, 453, 121, 154, 362, 64, 118, 104, 229, 392, 117, 365, 382, 247, 389, 75, 137, 150, 80, 115, 138, 419, 70, 112, 238, 429, 395, 46, 332, 373, 48, 436, 171, 6, 108, 230, 73, 141, 145, 159, 17, 184, 283, 202, 8, 139, 144, 94, 157, 456, 177, 345, 148, 309, 96, 246, 147, 7, 57, 469, 116, 151, 172, 366, 240, 72, 460, 454, 312, 242, 319, 285, 318, 185, 308]
index list energy: 1627716.06249218
Done




program ended at: 2019-12-11 20:17:55.447147 
 time delta: 4 days, 23:50:00.058717
