## SLURM PROLOG ###############################################################
##    Job ID : 9199665
##  Job Name : five_day_runs
##  Nodelist : node1149
##      CPUs : 1
##  Mem/Node : 1024 MB
## Directory : /gpfs/data/nfawzi/skale/Fawzi_pycharm_project
##   Started : Fri Dec  6 20:28:25 EST 2019
###############################################################################
program started at:2019-12-06 20:28:25.839152
iterations: 5000000000 temp: 1000000.0 exponent: 0.7 eif: 300.0
time taken (sec): 374990.08073854446
number of iterations: 5000000000
final temperature: 191.58123138056612
og index list: [73, 77, 353, 418, 277, 193, 271, 331, 113, 462, 326, 429, 132, 104, 452, 136, 8, 248, 142, 26, 251, 397, 203, 409, 253, 246, 218, 335, 216, 431, 70, 161, 319, 225, 188, 240, 185, 347, 387, 261, 257, 84, 267, 123, 459, 206, 294, 56, 109, 404, 405, 432, 349, 169, 406, 54, 145, 213, 460, 428, 419, 370, 339, 74, 364, 314, 439, 322, 373, 163, 317, 45, 101, 170, 152, 150, 351, 324, 348, 447, 231, 158, 358, 282, 309, 346, 4, 451, 194, 58, 78, 11, 178, 202, 42, 450, 49, 354, 256, 342, 129, 13, 468, 50, 239, 284, 297, 355, 311, 125, 378, 16, 473, 124, 204, 285, 273, 408, 391, 34, 390, 357, 29, 220, 159, 100, 437, 472, 296, 7, 121, 320, 55, 87, 318, 107, 292, 177, 154, 274, 361, 12, 166, 336, 312, 90, 233, 83, 52, 281, 369, 380, 321, 416, 393, 191, 362, 232, 164, 172, 195, 238, 25, 270, 168, 208, 122, 146, 165, 75, 286, 227, 135, 372, 426, 96, 59, 147, 2, 35, 262, 334, 243, 226, 23, 330, 328, 242, 89, 275, 398, 47, 20, 0, 268, 435, 255, 173, 265, 10, 95, 88, 403, 148, 443, 323, 417, 260, 401, 276, 337, 192, 37, 214, 99, 374, 377, 280, 141, 222, 32, 105, 305, 38, 329, 61, 5, 180, 392, 171, 149, 291, 219, 133, 181, 263, 156, 85, 211, 241, 140, 106, 128, 21, 394, 363, 283, 236, 457, 131, 81, 36, 14, 40, 399, 200, 389, 420, 127, 199, 424, 414, 155, 407, 454, 441, 310, 438, 371, 103, 356, 30, 395, 345, 9, 442, 69, 384, 76, 196, 244, 108, 53, 144, 461, 288, 456, 304, 278, 264, 272, 43, 333, 62, 449, 3, 117, 234, 210, 198, 57, 445, 350, 63, 410, 153, 412, 469, 298, 381, 340, 434, 93, 80, 299, 92, 327, 306, 250, 359, 289, 237, 433, 463, 446, 455, 367, 167, 307, 295, 179, 130, 212, 182, 118, 33, 366, 207, 66, 400, 421, 137, 151, 254, 111, 189, 467, 174, 6, 293, 27, 303, 423, 287, 115, 46, 458, 205, 402, 60, 86, 413, 160, 186, 71, 444, 24, 17, 316, 190, 385, 386, 22, 79, 19, 183, 338, 209, 1, 175, 98, 425, 134, 215, 223, 453, 279, 415, 28, 365, 258, 82, 224, 116, 65, 138, 51, 94, 376, 269, 162, 325, 18, 396, 430, 247, 341, 266, 471, 143, 126, 44, 110, 313, 300, 91, 217, 448, 97, 465, 139, 228, 157, 72, 64, 68, 382, 176, 344, 235, 352, 31, 308, 67, 229, 436, 301, 332, 112, 411, 114, 388, 119, 184, 368, 41, 252, 197, 290, 383, 187, 343, 466, 440, 48, 302, 230, 102, 427, 464, 39, 315, 470, 422, 221, 375, 201, 360, 379, 15, 249, 245, 120, 259]
og index list energy: 133774230.71202512
index list: [114, 161, 257, 216, 326, 284, 345, 379, 206, 424, 20, 349, 19, 25, 418, 320, 58, 54, 469, 210, 249, 33, 415, 37, 337, 407, 149, 188, 24, 66, 11, 452, 258, 347, 357, 30, 473, 389, 243, 428, 260, 306, 338, 259, 187, 291, 305, 462, 113, 375, 221, 97, 359, 361, 314, 281, 239, 315, 286, 263, 23, 205, 195, 14, 116, 401, 147, 392, 247, 296, 104, 164, 142, 413, 16, 440, 420, 102, 334, 225, 282, 6, 93, 446, 29, 336, 75, 80, 96, 431, 180, 254, 268, 150, 137, 28, 354, 448, 64, 279, 471, 229, 118, 117, 466, 465, 402, 194, 189, 366, 192, 419, 219, 176, 35, 15, 441, 335, 370, 196, 333, 455, 84, 405, 387, 264, 280, 71, 450, 0, 400, 108, 124, 44, 233, 83, 298, 313, 43, 155, 292, 293, 251, 214, 38, 86, 183, 269, 106, 109, 171, 32, 2, 355, 49, 179, 185, 85, 138, 412, 435, 271, 228, 331, 395, 350, 77, 61, 78, 297, 409, 403, 211, 9, 353, 209, 18, 21, 374, 256, 56, 299, 1, 135, 69, 81, 90, 262, 68, 52, 91, 159, 134, 125, 369, 414, 122, 203, 170, 51, 218, 242, 236, 12, 105, 425, 10, 423, 46, 332, 246, 378, 456, 365, 4, 191, 5, 234, 208, 166, 308, 230, 141, 231, 351, 152, 145, 232, 248, 55, 356, 100, 451, 169, 3, 316, 373, 112, 115, 421, 202, 186, 328, 39, 464, 131, 325, 283, 329, 327, 223, 322, 344, 224, 427, 376, 198, 472, 241, 449, 133, 398, 343, 207, 200, 388, 358, 181, 27, 458, 79, 89, 60, 92, 382, 288, 346, 360, 372, 237, 136, 70, 238, 244, 367, 410, 199, 190, 197, 201, 391, 430, 129, 340, 31, 40, 215, 275, 432, 267, 26, 394, 151, 397, 274, 146, 406, 153, 22, 341, 95, 73, 45, 457, 454, 99, 278, 270, 156, 67, 143, 167, 416, 235, 300, 213, 442, 302, 404, 36, 172, 289, 436, 290, 304, 178, 461, 463, 422, 173, 437, 294, 352, 168, 321, 324, 390, 98, 368, 385, 119, 287, 417, 307, 165, 312, 408, 94, 240, 411, 277, 362, 266, 445, 339, 76, 107, 193, 34, 301, 330, 132, 227, 175, 295, 453, 386, 468, 13, 429, 177, 470, 438, 276, 182, 252, 250, 467, 226, 41, 439, 272, 285, 311, 310, 174, 163, 265, 212, 364, 380, 121, 154, 444, 130, 433, 348, 426, 318, 319, 377, 273, 383, 123, 62, 459, 7, 47, 110, 434, 158, 443, 371, 42, 65, 128, 384, 148, 157, 460, 127, 63, 88, 111, 53, 381, 50, 87, 204, 363, 120, 217, 303, 48, 139, 144, 72, 59, 342, 184, 17, 261, 317, 253, 309, 8, 57, 447, 222, 160, 393, 399, 255, 101, 103, 140, 396, 220, 323, 74, 162, 82, 126, 245]
index list energy: 1601779.8436466963
Done




program ended at: 2019-12-11 20:18:25.841113 
 time delta: 4 days, 23:50:00.001961
