## SLURM PROLOG ###############################################################
##    Job ID : 9199635
##  Job Name : five_day_runs
##  Nodelist : node1301
##      CPUs : 1
##  Mem/Node : 1024 MB
## Directory : /gpfs/data/nfawzi/skale/Fawzi_pycharm_project
##   Started : Fri Dec  6 20:27:56 EST 2019
###############################################################################
program started at:2019-12-06 20:27:56.310999
iterations: 5000000000 temp: 1000000.0 exponent: 0.7 eif: 300.0
time taken (sec): 428404.0075776577
number of iterations: 5000000000
final temperature: 191.58123138056612
og index list: [253, 38, 239, 130, 321, 53, 107, 218, 25, 132, 314, 173, 2, 145, 69, 240, 228, 432, 373, 214, 110, 129, 176, 241, 8, 204, 167, 461, 256, 172, 419, 404, 15, 462, 55, 262, 10, 4, 231, 472, 353, 187, 244, 181, 154, 41, 377, 433, 66, 327, 248, 318, 303, 313, 252, 118, 254, 397, 334, 165, 434, 196, 272, 47, 300, 366, 454, 140, 78, 148, 405, 317, 282, 175, 202, 223, 97, 450, 446, 82, 290, 1, 72, 375, 50, 5, 267, 365, 46, 391, 276, 91, 209, 57, 360, 438, 337, 116, 152, 71, 125, 463, 430, 401, 85, 257, 249, 225, 277, 421, 238, 445, 14, 48, 29, 227, 100, 197, 124, 324, 346, 333, 131, 355, 369, 12, 302, 371, 470, 42, 195, 216, 335, 376, 60, 101, 104, 79, 37, 343, 447, 22, 7, 263, 45, 336, 448, 102, 251, 258, 230, 296, 319, 307, 179, 464, 247, 332, 370, 226, 361, 466, 342, 311, 245, 359, 178, 20, 341, 295, 106, 32, 150, 51, 108, 120, 367, 269, 426, 166, 94, 442, 456, 298, 58, 299, 188, 383, 457, 117, 425, 435, 293, 455, 414, 80, 76, 139, 403, 113, 36, 467, 323, 390, 84, 412, 13, 236, 364, 246, 160, 288, 112, 163, 398, 34, 162, 88, 393, 138, 224, 429, 52, 279, 16, 340, 406, 171, 259, 260, 159, 164, 453, 286, 235, 9, 424, 126, 400, 422, 170, 339, 452, 234, 273, 17, 143, 351, 315, 255, 233, 205, 151, 280, 95, 420, 193, 349, 201, 381, 147, 21, 292, 439, 153, 105, 350, 93, 65, 266, 243, 92, 26, 73, 284, 215, 169, 399, 444, 380, 61, 347, 206, 156, 458, 39, 352, 423, 326, 0, 128, 368, 465, 136, 449, 416, 428, 386, 207, 417, 229, 74, 70, 19, 312, 387, 440, 77, 285, 90, 115, 382, 278, 291, 109, 402, 407, 184, 198, 379, 89, 271, 408, 6, 304, 237, 87, 185, 75, 460, 418, 301, 168, 221, 133, 265, 63, 31, 135, 56, 137, 411, 30, 161, 357, 199, 329, 268, 33, 123, 189, 186, 98, 409, 441, 211, 330, 451, 459, 289, 157, 264, 64, 86, 103, 308, 67, 49, 322, 320, 142, 191, 3, 210, 261, 356, 275, 44, 443, 305, 250, 306, 217, 177, 40, 378, 388, 287, 325, 372, 385, 68, 28, 35, 127, 27, 468, 121, 62, 297, 431, 119, 344, 394, 194, 200, 354, 96, 190, 427, 358, 81, 473, 331, 242, 183, 374, 415, 155, 54, 469, 59, 114, 395, 384, 281, 24, 437, 283, 310, 363, 294, 328, 413, 396, 208, 149, 146, 220, 309, 144, 134, 192, 111, 23, 18, 338, 122, 219, 83, 316, 222, 362, 345, 99, 43, 180, 392, 212, 174, 389, 213, 410, 232, 274, 436, 203, 270, 471, 158, 182, 348, 141, 11]
og index list energy: 171656525.18744135
index list: [170, 205, 315, 292, 238, 112, 359, 70, 80, 150, 400, 115, 138, 77, 85, 29, 129, 61, 330, 147, 78, 42, 372, 37, 337, 462, 40, 251, 214, 192, 21, 354, 20, 460, 468, 30, 360, 423, 243, 122, 257, 216, 459, 120, 44, 289, 43, 458, 113, 402, 1, 146, 473, 262, 335, 395, 185, 311, 274, 22, 466, 250, 195, 203, 116, 420, 75, 443, 247, 296, 159, 164, 142, 388, 199, 210, 340, 19, 6, 347, 206, 416, 9, 444, 156, 204, 96, 327, 66, 25, 180, 254, 179, 7, 87, 127, 63, 288, 108, 124, 438, 249, 33, 349, 371, 421, 207, 200, 427, 439, 263, 342, 219, 176, 35, 15, 343, 471, 194, 196, 189, 424, 379, 350, 211, 101, 437, 237, 472, 212, 265, 218, 64, 154, 118, 121, 155, 317, 268, 114, 435, 117, 279, 456, 53, 104, 235, 373, 165, 291, 329, 32, 2, 454, 49, 178, 434, 10, 352, 36, 355, 320, 433, 319, 358, 377, 285, 362, 143, 297, 449, 410, 302, 426, 361, 130, 54, 136, 56, 370, 28, 303, 173, 160, 140, 81, 455, 202, 68, 52, 91, 90, 135, 126, 368, 357, 201, 190, 197, 451, 318, 242, 367, 12, 105, 157, 59, 332, 417, 148, 351, 412, 407, 5, 76, 234, 14, 119, 208, 287, 336, 163, 308, 264, 467, 306, 223, 446, 174, 241, 422, 213, 374, 125, 3, 316, 58, 403, 209, 398, 31, 186, 396, 333, 389, 131, 325, 283, 440, 267, 222, 282, 134, 27, 83, 448, 198, 348, 261, 387, 339, 169, 445, 338, 260, 217, 409, 233, 67, 383, 79, 89, 60, 162, 404, 62, 413, 378, 431, 13, 18, 255, 256, 244, 375, 399, 331, 191, 4, 425, 167, 94, 452, 401, 240, 273, 215, 275, 453, 16, 258, 149, 465, 51, 227, 301, 384, 107, 132, 447, 93, 144, 82, 432, 406, 95, 55, 307, 153, 45, 73, 141, 344, 220, 99, 270, 457, 300, 246, 245, 229, 341, 382, 429, 252, 181, 92, 24, 385, 450, 356, 294, 324, 168, 321, 392, 430, 98, 376, 441, 26, 11, 259, 393, 187, 328, 364, 224, 408, 100, 353, 414, 88, 463, 106, 269, 109, 23, 183, 38, 419, 286, 84, 442, 221, 381, 175, 323, 295, 436, 177, 363, 470, 276, 182, 41, 369, 39, 226, 278, 298, 272, 469, 166, 310, 111, 171, 230, 236, 380, 346, 145, 231, 152, 46, 366, 161, 232, 248, 461, 397, 411, 314, 281, 239, 305, 50, 47, 97, 391, 158, 394, 110, 123, 65, 128, 464, 266, 277, 386, 103, 293, 74, 299, 280, 71, 345, 0, 313, 188, 193, 365, 253, 48, 139, 133, 69, 57, 428, 322, 17, 184, 309, 8, 271, 34, 102, 334, 225, 228, 418, 390, 151, 172, 72, 137, 415, 312, 405, 290, 304, 284, 326, 86]
index list energy: 1644211.2925341001
Done




program ended at: 2019-12-11 20:17:56.310650 
 time delta: 4 days, 23:49:59.999651
