## SLURM PROLOG ###############################################################
##    Job ID : 9199683
##  Job Name : five_day_runs
##  Nodelist : node1108
##      CPUs : 1
##  Mem/Node : 1024 MB
## Directory : /gpfs/data/nfawzi/skale/Fawzi_pycharm_project
##   Started : Fri Dec  6 20:28:26 EST 2019
###############################################################################
program started at:2019-12-06 20:28:26.791292
iterations: 5000000000 temp: 1000000.0 exponent: 0.7 eif: 300.0
time taken (sec): 382885.0860567093
number of iterations: 5000000000
final temperature: 191.58123138056612
og index list: [93, 199, 59, 303, 92, 195, 141, 341, 266, 142, 134, 224, 236, 180, 144, 328, 249, 360, 78, 431, 19, 466, 368, 57, 52, 467, 151, 343, 82, 182, 189, 322, 70, 418, 442, 68, 250, 223, 138, 212, 86, 139, 53, 12, 415, 119, 346, 281, 28, 157, 103, 61, 437, 389, 150, 378, 294, 307, 272, 149, 422, 101, 76, 332, 226, 300, 351, 230, 412, 242, 408, 168, 274, 193, 32, 398, 438, 433, 255, 441, 289, 246, 26, 309, 113, 221, 426, 196, 395, 192, 333, 243, 461, 10, 22, 427, 375, 353, 443, 121, 172, 94, 450, 179, 83, 42, 108, 409, 25, 46, 147, 48, 320, 258, 99, 308, 178, 91, 8, 31, 110, 253, 130, 16, 380, 288, 232, 210, 361, 470, 209, 222, 244, 359, 316, 280, 114, 65, 423, 271, 286, 187, 260, 448, 453, 358, 155, 295, 45, 354, 148, 163, 50, 306, 88, 468, 425, 1, 342, 96, 314, 84, 291, 135, 323, 348, 290, 174, 60, 167, 39, 143, 385, 40, 245, 198, 383, 225, 364, 62, 439, 72, 371, 355, 170, 276, 337, 202, 120, 200, 251, 64, 105, 161, 102, 5, 270, 377, 205, 440, 136, 401, 213, 63, 248, 87, 128, 237, 292, 444, 339, 301, 124, 58, 41, 165, 388, 259, 235, 95, 394, 374, 234, 152, 312, 299, 69, 118, 324, 449, 122, 190, 460, 211, 218, 347, 417, 456, 9, 416, 305, 414, 446, 79, 18, 154, 464, 90, 257, 411, 262, 44, 370, 384, 473, 158, 405, 278, 49, 131, 436, 373, 204, 74, 293, 34, 77, 203, 336, 447, 352, 171, 397, 277, 112, 382, 228, 298, 338, 184, 137, 231, 458, 23, 73, 381, 35, 219, 340, 457, 350, 367, 4, 459, 111, 366, 430, 13, 315, 208, 29, 357, 132, 191, 7, 0, 335, 30, 27, 282, 116, 2, 252, 429, 146, 268, 356, 36, 177, 107, 104, 463, 432, 424, 319, 17, 240, 109, 330, 376, 321, 127, 393, 233, 239, 404, 216, 173, 106, 413, 471, 217, 85, 207, 97, 421, 445, 153, 6, 311, 15, 472, 345, 140, 387, 396, 3, 227, 279, 126, 81, 197, 365, 296, 38, 391, 273, 186, 215, 47, 392, 275, 386, 302, 261, 265, 264, 254, 75, 325, 349, 469, 334, 390, 166, 188, 51, 66, 317, 454, 24, 67, 169, 201, 181, 344, 14, 33, 175, 402, 310, 21, 372, 206, 313, 331, 420, 318, 133, 406, 452, 326, 162, 284, 117, 267, 194, 185, 403, 407, 156, 269, 11, 362, 123, 455, 164, 410, 283, 400, 54, 43, 304, 238, 183, 98, 100, 247, 435, 176, 115, 129, 56, 462, 55, 287, 329, 159, 327, 229, 214, 465, 428, 363, 160, 80, 369, 451, 125, 89, 399, 419, 434, 256, 379, 37, 297, 145, 285, 263, 241, 71, 220, 20]
og index list energy: 86099773.94082424
index list: [234, 205, 17, 182, 227, 30, 443, 76, 107, 301, 374, 110, 132, 453, 12, 320, 56, 54, 446, 210, 249, 33, 408, 37, 337, 470, 149, 188, 24, 66, 11, 92, 258, 451, 396, 424, 429, 290, 326, 284, 267, 472, 129, 78, 23, 381, 208, 407, 113, 401, 217, 355, 466, 360, 314, 281, 239, 50, 47, 38, 204, 250, 36, 203, 116, 351, 243, 406, 165, 291, 246, 164, 169, 415, 199, 206, 418, 96, 454, 225, 441, 364, 93, 426, 29, 109, 348, 313, 20, 433, 180, 254, 300, 256, 209, 18, 395, 153, 64, 155, 449, 229, 118, 117, 357, 292, 315, 371, 171, 97, 286, 263, 219, 176, 35, 15, 437, 378, 389, 194, 189, 423, 95, 427, 438, 264, 280, 71, 306, 307, 0, 385, 126, 302, 356, 279, 124, 193, 43, 289, 288, 255, 179, 305, 45, 86, 436, 94, 166, 142, 108, 296, 49, 157, 362, 177, 185, 85, 13, 402, 471, 271, 228, 331, 361, 353, 237, 442, 19, 414, 448, 16, 53, 376, 469, 247, 192, 21, 183, 214, 28, 218, 58, 135, 69, 81, 369, 202, 68, 52, 91, 90, 134, 125, 347, 9, 201, 190, 197, 467, 123, 3, 144, 82, 105, 358, 59, 332, 425, 98, 445, 435, 428, 461, 4, 191, 14, 251, 174, 262, 336, 195, 342, 334, 102, 282, 10, 439, 99, 241, 405, 213, 44, 159, 324, 316, 440, 321, 473, 411, 31, 186, 430, 333, 410, 131, 325, 283, 329, 327, 223, 322, 387, 310, 130, 412, 198, 168, 294, 375, 187, 386, 457, 207, 200, 350, 27, 139, 162, 399, 79, 89, 60, 393, 458, 62, 392, 359, 456, 462, 133, 340, 238, 244, 464, 447, 196, 5, 170, 236, 372, 1, 416, 391, 240, 273, 215, 275, 421, 270, 346, 73, 403, 152, 231, 145, 161, 232, 248, 363, 55, 141, 431, 274, 106, 269, 84, 341, 235, 221, 295, 175, 303, 40, 6, 465, 63, 88, 127, 245, 253, 452, 380, 397, 304, 178, 404, 444, 459, 34, 8, 184, 343, 419, 211, 101, 383, 115, 382, 75, 26, 349, 137, 352, 354, 173, 120, 65, 128, 377, 42, 222, 261, 344, 379, 413, 39, 317, 70, 112, 136, 150, 80, 77, 61, 138, 384, 394, 100, 409, 181, 328, 460, 276, 468, 252, 224, 390, 226, 41, 298, 272, 278, 156, 417, 111, 163, 308, 287, 265, 388, 121, 154, 345, 32, 2, 434, 335, 212, 366, 114, 367, 260, 330, 338, 119, 259, 25, 422, 339, 158, 365, 22, 370, 146, 230, 46, 266, 277, 432, 373, 293, 74, 299, 220, 103, 140, 323, 318, 257, 216, 51, 297, 48, 67, 143, 87, 167, 233, 83, 450, 148, 309, 268, 122, 147, 7, 57, 463, 160, 455, 398, 151, 172, 72, 420, 368, 312, 242, 319, 400, 311, 285, 104]
index list energy: 1617312.4405314175
Done




program ended at: 2019-12-11 20:18:26.792952 
 time delta: 4 days, 23:50:00.001660
