## SLURM PROLOG ###############################################################
##    Job ID : 9199636
##  Job Name : five_day_runs
##  Nodelist : node1301
##      CPUs : 1
##  Mem/Node : 1024 MB
## Directory : /gpfs/data/nfawzi/skale/Fawzi_pycharm_project
##   Started : Fri Dec  6 20:27:55 EST 2019
###############################################################################
program started at:2019-12-06 20:27:55.825829
iterations: 5000000000 temp: 1000000.0 exponent: 0.7 eif: 300.0
time taken (sec): 431136.9516046047
number of iterations: 5000000000
final temperature: 191.58123138056612
og index list: [302, 0, 250, 375, 472, 390, 79, 243, 408, 173, 333, 205, 327, 304, 144, 441, 267, 311, 258, 111, 418, 214, 415, 101, 58, 239, 297, 67, 247, 470, 234, 84, 438, 467, 279, 162, 269, 197, 44, 436, 2, 154, 388, 367, 452, 404, 453, 198, 241, 82, 365, 22, 335, 193, 292, 211, 344, 92, 322, 227, 451, 346, 445, 73, 261, 457, 170, 138, 251, 96, 57, 95, 434, 458, 341, 72, 236, 47, 260, 386, 417, 80, 411, 348, 120, 440, 157, 115, 229, 167, 9, 222, 1, 176, 366, 399, 338, 148, 199, 213, 368, 146, 129, 88, 87, 119, 289, 233, 424, 98, 465, 238, 86, 354, 401, 454, 385, 172, 62, 131, 337, 220, 43, 125, 161, 361, 271, 221, 265, 414, 187, 350, 318, 288, 340, 77, 298, 232, 41, 158, 286, 212, 188, 339, 332, 343, 266, 263, 358, 25, 8, 191, 75, 184, 21, 294, 307, 381, 200, 159, 71, 128, 178, 278, 356, 117, 305, 113, 378, 392, 355, 448, 24, 334, 240, 91, 94, 52, 410, 235, 102, 10, 35, 216, 419, 395, 106, 270, 299, 14, 81, 249, 63, 370, 407, 168, 160, 363, 442, 164, 382, 27, 6, 262, 248, 207, 33, 226, 330, 464, 306, 439, 320, 391, 65, 13, 183, 254, 416, 245, 431, 32, 369, 124, 352, 59, 468, 409, 469, 85, 153, 143, 342, 202, 3, 449, 17, 446, 456, 34, 194, 412, 371, 237, 133, 376, 68, 357, 179, 78, 422, 321, 156, 31, 45, 36, 50, 293, 163, 64, 400, 142, 324, 189, 208, 272, 137, 19, 218, 215, 413, 195, 132, 26, 310, 317, 423, 394, 462, 126, 217, 152, 372, 219, 121, 362, 428, 40, 313, 257, 169, 196, 285, 383, 437, 373, 180, 331, 107, 463, 402, 309, 145, 61, 364, 90, 60, 141, 447, 312, 177, 228, 48, 7, 275, 38, 83, 290, 295, 136, 30, 405, 433, 203, 471, 377, 54, 123, 28, 23, 359, 105, 374, 175, 336, 277, 89, 429, 166, 319, 122, 473, 109, 165, 459, 181, 384, 112, 12, 70, 69, 283, 379, 253, 349, 308, 185, 455, 76, 397, 37, 274, 93, 140, 134, 42, 291, 209, 204, 301, 276, 360, 326, 224, 114, 450, 190, 49, 264, 242, 201, 281, 432, 147, 110, 427, 300, 108, 252, 51, 223, 420, 5, 435, 329, 116, 55, 426, 46, 56, 387, 406, 103, 149, 231, 345, 150, 225, 280, 396, 230, 206, 244, 284, 259, 393, 151, 130, 100, 328, 99, 347, 186, 127, 430, 66, 53, 16, 97, 255, 256, 135, 380, 171, 155, 443, 11, 182, 444, 282, 29, 316, 315, 287, 296, 192, 351, 389, 466, 246, 268, 460, 421, 139, 20, 18, 323, 74, 174, 15, 425, 461, 4, 273, 353, 104, 303, 118, 39, 403, 314, 325, 210, 398]
og index list energy: 126341493.2608736
index list: [234, 250, 17, 184, 211, 30, 473, 76, 107, 301, 279, 372, 235, 302, 459, 320, 110, 65, 344, 243, 348, 158, 342, 32, 2, 16, 37, 170, 390, 75, 470, 175, 295, 426, 173, 119, 425, 221, 323, 99, 406, 452, 188, 259, 187, 440, 268, 384, 113, 10, 345, 130, 389, 375, 209, 18, 256, 56, 54, 57, 397, 80, 36, 378, 116, 456, 147, 307, 165, 291, 162, 164, 169, 464, 5, 260, 127, 69, 87, 63, 88, 407, 93, 401, 29, 336, 433, 316, 23, 149, 180, 254, 300, 218, 51, 28, 370, 398, 153, 246, 362, 229, 64, 117, 155, 118, 222, 411, 267, 352, 286, 400, 263, 176, 35, 15, 462, 335, 451, 196, 189, 343, 95, 382, 306, 223, 346, 237, 393, 284, 357, 290, 326, 408, 304, 178, 303, 202, 43, 114, 341, 309, 53, 434, 45, 104, 97, 94, 166, 125, 135, 360, 337, 420, 49, 179, 185, 128, 13, 349, 441, 271, 228, 331, 422, 417, 432, 34, 19, 458, 466, 359, 9, 201, 427, 7, 71, 318, 220, 140, 103, 86, 195, 280, 395, 264, 410, 126, 68, 52, 91, 90, 134, 1, 386, 472, 182, 203, 194, 377, 47, 421, 322, 12, 105, 381, 3, 144, 450, 148, 444, 446, 387, 380, 4, 191, 14, 251, 8, 288, 174, 257, 216, 123, 120, 38, 330, 217, 338, 241, 394, 81, 133, 136, 59, 283, 454, 321, 324, 354, 430, 186, 351, 101, 122, 131, 325, 305, 239, 314, 281, 205, 448, 310, 238, 112, 198, 168, 294, 364, 437, 455, 403, 409, 200, 249, 6, 443, 27, 445, 79, 89, 60, 436, 329, 62, 428, 471, 82, 83, 44, 289, 98, 244, 438, 467, 197, 190, 199, 210, 463, 33, 424, 142, 31, 40, 215, 275, 392, 270, 416, 219, 356, 152, 231, 145, 161, 232, 248, 366, 55, 468, 132, 227, 42, 193, 139, 92, 167, 67, 143, 233, 157, 413, 247, 261, 214, 192, 21, 204, 253, 353, 224, 369, 146, 181, 328, 383, 465, 115, 137, 150, 373, 365, 70, 77, 85, 61, 138, 347, 0, 340, 435, 50, 447, 296, 461, 109, 106, 449, 339, 273, 74, 469, 25, 361, 20, 207, 206, 457, 385, 26, 414, 24, 66, 11, 460, 258, 363, 252, 177, 399, 415, 276, 226, 41, 371, 39, 368, 298, 278, 156, 78, 297, 129, 299, 163, 287, 265, 212, 355, 121, 154, 439, 225, 374, 419, 333, 388, 255, 404, 102, 282, 334, 453, 22, 423, 274, 262, 412, 269, 183, 402, 84, 391, 208, 367, 266, 277, 431, 405, 293, 160, 111, 108, 124, 213, 350, 245, 48, 315, 292, 159, 58, 236, 171, 327, 272, 358, 100, 418, 332, 317, 96, 308, 230, 73, 141, 46, 442, 151, 172, 379, 240, 72, 396, 376, 312, 242, 319, 429, 311, 285, 313]
index list energy: 1626931.9867574722
Done




program ended at: 2019-12-11 20:17:55.829644 
 time delta: 4 days, 23:50:00.003815
