## SLURM PROLOG ###############################################################
##    Job ID : 9199645
##  Job Name : five_day_runs
##  Nodelist : node1137
##      CPUs : 1
##  Mem/Node : 1024 MB
## Directory : /gpfs/data/nfawzi/skale/Fawzi_pycharm_project
##   Started : Fri Dec  6 20:27:55 EST 2019
###############################################################################
program started at:2019-12-06 20:27:55.658971
iterations: 5000000000 temp: 1000000.0 exponent: 0.7 eif: 300.0
time taken (sec): 350053.7352106571
number of iterations: 5000000000
final temperature: 191.58123138056612
og index list: [311, 125, 221, 140, 256, 188, 394, 115, 63, 281, 59, 345, 242, 83, 103, 208, 376, 293, 279, 240, 229, 189, 295, 344, 329, 100, 61, 155, 92, 81, 456, 190, 173, 438, 117, 244, 238, 378, 312, 436, 194, 88, 26, 199, 371, 335, 146, 53, 309, 97, 201, 90, 5, 127, 19, 252, 461, 257, 463, 331, 17, 365, 397, 421, 377, 65, 132, 306, 241, 160, 141, 16, 168, 412, 305, 432, 170, 147, 292, 465, 184, 219, 233, 302, 198, 149, 228, 227, 347, 350, 355, 35, 457, 419, 278, 399, 403, 420, 205, 171, 415, 441, 402, 266, 113, 409, 180, 172, 338, 224, 389, 68, 429, 234, 236, 110, 246, 336, 431, 3, 267, 368, 291, 56, 462, 334, 289, 401, 406, 135, 75, 405, 102, 286, 80, 167, 300, 66, 393, 313, 42, 340, 440, 158, 364, 472, 30, 277, 57, 210, 260, 294, 265, 285, 214, 112, 79, 470, 316, 386, 262, 11, 108, 154, 136, 52, 2, 259, 361, 104, 411, 381, 353, 213, 459, 197, 58, 319, 396, 367, 247, 375, 445, 317, 453, 217, 258, 301, 359, 128, 31, 150, 130, 36, 109, 163, 437, 8, 352, 374, 24, 460, 254, 425, 428, 64, 272, 54, 447, 12, 10, 270, 195, 435, 133, 443, 89, 176, 142, 13, 337, 191, 296, 44, 410, 38, 255, 48, 276, 179, 261, 326, 192, 287, 14, 47, 245, 468, 349, 144, 321, 120, 177, 215, 299, 433, 413, 315, 343, 357, 185, 77, 373, 99, 9, 21, 51, 138, 156, 339, 225, 426, 50, 153, 442, 362, 324, 455, 392, 231, 78, 449, 220, 145, 182, 423, 94, 55, 166, 76, 49, 193, 60, 439, 218, 414, 129, 263, 33, 22, 107, 348, 298, 427, 275, 469, 87, 398, 273, 471, 207, 268, 98, 119, 467, 239, 159, 69, 369, 206, 216, 288, 408, 222, 318, 226, 34, 269, 223, 417, 6, 274, 322, 356, 237, 323, 29, 178, 358, 400, 25, 82, 186, 466, 407, 388, 62, 325, 46, 121, 212, 248, 116, 84, 363, 271, 379, 454, 385, 95, 105, 73, 165, 297, 264, 28, 122, 446, 1, 72, 85, 384, 280, 123, 27, 451, 235, 174, 93, 382, 390, 40, 67, 372, 137, 395, 143, 162, 32, 211, 39, 328, 351, 452, 70, 387, 96, 251, 333, 383, 202, 183, 464, 126, 0, 230, 430, 327, 148, 43, 332, 151, 41, 181, 380, 106, 303, 253, 282, 204, 118, 416, 314, 354, 424, 458, 111, 45, 157, 169, 418, 366, 232, 308, 7, 370, 131, 134, 434, 243, 91, 444, 320, 124, 164, 139, 37, 152, 86, 290, 18, 473, 209, 196, 23, 203, 391, 341, 187, 4, 342, 450, 74, 448, 307, 175, 284, 422, 20, 161, 404, 200, 283, 310, 330, 346, 249, 15, 250, 360, 114, 71, 304, 101]
og index list energy: 92346725.01426676
index list: [234, 205, 235, 301, 227, 30, 434, 76, 107, 414, 330, 338, 132, 217, 461, 29, 48, 67, 445, 0, 55, 141, 459, 32, 2, 379, 149, 188, 24, 66, 11, 367, 91, 463, 92, 159, 406, 87, 380, 63, 88, 345, 109, 157, 444, 296, 108, 213, 113, 473, 286, 263, 449, 460, 259, 187, 291, 305, 171, 100, 176, 250, 253, 151, 114, 455, 147, 386, 335, 82, 116, 164, 169, 383, 16, 158, 400, 324, 294, 321, 415, 119, 93, 407, 270, 106, 426, 313, 23, 97, 180, 254, 49, 218, 204, 28, 469, 261, 212, 339, 393, 34, 33, 352, 341, 156, 365, 247, 229, 456, 96, 167, 143, 233, 452, 83, 441, 194, 424, 196, 189, 462, 242, 465, 401, 264, 280, 71, 347, 306, 154, 118, 64, 121, 429, 279, 124, 336, 43, 155, 292, 117, 179, 427, 221, 295, 129, 78, 297, 142, 31, 37, 337, 302, 447, 178, 185, 85, 77, 410, 437, 271, 228, 331, 464, 359, 454, 61, 81, 126, 360, 201, 9, 430, 439, 7, 50, 21, 110, 123, 47, 174, 173, 160, 211, 56, 353, 202, 68, 52, 135, 90, 134, 312, 340, 371, 433, 203, 191, 51, 303, 175, 112, 12, 105, 136, 10, 425, 46, 332, 440, 428, 350, 399, 200, 210, 199, 170, 249, 1, 245, 17, 404, 334, 102, 282, 3, 372, 99, 241, 467, 238, 166, 125, 127, 316, 59, 419, 396, 195, 438, 186, 328, 333, 420, 131, 325, 283, 329, 327, 223, 322, 391, 310, 130, 395, 198, 168, 6, 368, 18, 385, 468, 423, 260, 315, 363, 236, 27, 358, 79, 89, 60, 162, 392, 417, 412, 36, 394, 53, 387, 293, 266, 244, 418, 369, 4, 5, 190, 197, 398, 343, 342, 373, 183, 40, 215, 275, 344, 267, 26, 466, 355, 152, 231, 145, 161, 232, 248, 432, 95, 73, 45, 219, 472, 273, 285, 311, 269, 38, 54, 69, 409, 35, 272, 450, 278, 300, 258, 193, 172, 346, 377, 84, 348, 165, 405, 402, 281, 314, 239, 307, 422, 451, 257, 216, 120, 408, 15, 62, 389, 39, 378, 251, 262, 382, 274, 22, 146, 230, 388, 411, 192, 214, 457, 370, 20, 207, 206, 435, 390, 19, 25, 470, 416, 13, 471, 208, 153, 381, 181, 356, 252, 276, 182, 41, 224, 375, 226, 442, 298, 240, 94, 86, 354, 111, 163, 308, 265, 287, 362, 133, 397, 243, 122, 413, 256, 436, 101, 255, 209, 14, 403, 351, 75, 137, 150, 80, 115, 138, 70, 374, 366, 42, 65, 128, 376, 98, 288, 237, 361, 222, 74, 299, 220, 103, 140, 323, 104, 448, 184, 8, 318, 58, 139, 144, 72, 421, 443, 177, 458, 148, 309, 268, 317, 357, 57, 384, 225, 364, 320, 453, 319, 349, 277, 446, 44, 289, 431, 290, 304, 284, 326, 246]
index list energy: 1619378.0842397434
Done




program ended at: 2019-12-11 20:17:55.656841 
 time delta: 4 days, 23:49:59.997870
