## SLURM PROLOG ###############################################################
##    Job ID : 2089018
##  Job Name : pypy_1e9
##  Nodelist : node1310
##      CPUs : 1
##  Mem/Node : 1024 MB
## Directory : /gpfs/data/nfawzi/skale/Fawzi_pycharm_project
##   Started : Fri Jan 18 13:06:47 EST 2019
###############################################################################
iterations: 10000000 temp: 1000000.0 exponent: 0.7 eif: 200.0
time taken (sec): 886.0600473880768
number of iterations: 10000000
og index list: [(43, 45), (1, 64), (2, 30), (3, 79), (4, 20), (5, 66), (6, 13), (7, 40), (8, 59), (9, 48), (10, 26), (11, 53), (12, 70), (13, 4), (78, 12), (14, 5), (15, 15), (16, 19), (79, 29), (17, 23), (18, 38), (19, 34), (20, 33), (21, 9), (22, 42), (23, 41), (24, 14), (25, 73), (26, 31), (27, 75), (28, 55), (29, 35), (30, 10), (31, 6), (32, 44), (75, 60), (33, 74), (34, 21), (35, 8), (36, 58), (37, 76), (38, 22), (39, 50), (40, 49), (41, 39), (71, 68), (0, 65), (44, 46), (45, 62), (46, 52), (47, 27), (76, 1), (48, 54), (77, 28), (50, 72), (51, 37), (52, 32), (53, 67), (54, 11), (55, 25), (56, 61), (57, 7), (58, 63), (49, 17), (59, 24), (60, 36), (61, 43), (62, 2), (63, 18), (64, 0), (65, 47), (66, 78), (67, 57), (68, 69), (69, 71), (70, 56), (74, 3), (42, 51), (72, 77), (73, 16)]
og index list energy: 101975855.13304831
index_list: [(43, 43), (1, 1), (2, 2), (3, 3), (4, 4), (5, 5), (6, 6), (7, 7), (8, 8), (9, 9), (10, 10), (11, 11), (12, 12), (13, 13), (78, 74), (14, 14), (15, 15), (16, 16), (79, 78), (17, 17), (18, 18), (19, 19), (20, 20), (21, 21), (22, 22), (23, 23), (24, 24), (25, 25), (26, 26), (27, 27), (28, 28), (29, 29), (30, 30), (31, 31), (32, 75), (75, 42), (33, 33), (34, 34), (35, 35), (36, 36), (37, 37), (38, 38), (39, 39), (40, 40), (41, 41), (71, 77), (0, 32), (44, 79), (45, 44), (46, 45), (47, 46), (76, 47), (48, 48), (77, 0), (50, 50), (51, 51), (52, 52), (53, 53), (54, 54), (55, 55), (56, 56), (57, 57), (58, 58), (49, 76), (59, 59), (60, 60), (61, 61), (62, 62), (63, 63), (64, 64), (65, 65), (66, 66), (67, 67), (68, 68), (69, 69), (70, 70), (74, 71), (42, 49), (72, 72), (73, 73)]
index list: [43, 1, 2, 3, 4, 5, 6, 7, 8, 9, 10, 11, 12, 13, 74, 14, 15, 16, 78, 17, 18, 19, 20, 21, 22, 23, 24, 25, 26, 27, 28, 29, 30, 31, 75, 42, 33, 34, 35, 36, 37, 38, 39, 40, 41, 77, 32, 79, 44, 45, 46, 47, 48, 0, 50, 51, 52, 53, 54, 55, 56, 57, 58, 76, 59, 60, 61, 62, 63, 64, 65, 66, 67, 68, 69, 70, 71, 49, 72, 73]
index list energy: 125270.00517148049
Done


iterations: 10000000 temp: 1000000.0 exponent: 0.7 eif: 200.0
time taken (sec): 857.3594443798065
number of iterations: 10000000
og index list: [(43, 35), (1, 70), (2, 33), (3, 28), (4, 60), (5, 20), (6, 75), (7, 74), (8, 32), (9, 38), (10, 41), (11, 5), (12, 8), (13, 36), (78, 62), (14, 73), (15, 57), (16, 24), (79, 76), (17, 25), (18, 66), (19, 39), (20, 78), (21, 21), (22, 61), (23, 3), (24, 37), (25, 45), (26, 56), (27, 52), (28, 50), (29, 23), (30, 0), (31, 77), (32, 10), (75, 43), (33, 55), (34, 34), (35, 12), (36, 46), (37, 7), (38, 27), (39, 63), (40, 59), (41, 65), (71, 16), (0, 2), (44, 29), (45, 11), (46, 53), (47, 79), (76, 72), (48, 47), (77, 19), (50, 40), (51, 42), (52, 49), (53, 44), (54, 14), (55, 68), (56, 1), (57, 13), (58, 6), (49, 67), (59, 15), (60, 18), (61, 22), (62, 4), (63, 31), (64, 30), (65, 17), (66, 9), (67, 54), (68, 58), (69, 71), (70, 69), (74, 48), (42, 51), (72, 26), (73, 64)]
og index list energy: 104472296.03125216
index_list: [(43, 43), (1, 1), (2, 2), (3, 3), (4, 4), (5, 5), (6, 6), (7, 7), (8, 8), (9, 9), (10, 10), (11, 11), (12, 12), (13, 13), (78, 32), (14, 78), (15, 45), (16, 16), (79, 49), (17, 17), (18, 18), (19, 19), (20, 20), (21, 21), (22, 22), (23, 23), (24, 24), (25, 25), (26, 26), (27, 27), (28, 28), (29, 29), (30, 30), (31, 31), (32, 75), (75, 42), (33, 33), (34, 34), (35, 35), (36, 36), (37, 37), (38, 38), (39, 39), (40, 40), (41, 41), (71, 0), (0, 44), (44, 76), (45, 14), (46, 15), (47, 46), (76, 47), (48, 48), (77, 74), (50, 50), (51, 51), (52, 52), (53, 53), (54, 54), (55, 55), (56, 56), (57, 57), (58, 58), (49, 79), (59, 59), (60, 60), (61, 61), (62, 62), (63, 63), (64, 64), (65, 65), (66, 66), (67, 67), (68, 68), (69, 69), (70, 70), (74, 71), (42, 77), (72, 72), (73, 73)]
index list: [43, 1, 2, 3, 4, 5, 6, 7, 8, 9, 10, 11, 12, 13, 32, 78, 45, 16, 49, 17, 18, 19, 20, 21, 22, 23, 24, 25, 26, 27, 28, 29, 30, 31, 75, 42, 33, 34, 35, 36, 37, 38, 39, 40, 41, 0, 44, 76, 14, 15, 46, 47, 48, 74, 50, 51, 52, 53, 54, 55, 56, 57, 58, 79, 59, 60, 61, 62, 63, 64, 65, 66, 67, 68, 69, 70, 71, 77, 72, 73]
index list energy: 138620.17996122
Done


iterations: 10000000 temp: 1000000.0 exponent: 0.7 eif: 200.0
time taken (sec): 930.4791662693024
number of iterations: 10000000
og index list: [(43, 30), (1, 64), (2, 40), (3, 66), (4, 42), (5, 45), (6, 13), (7, 11), (8, 57), (9, 6), (10, 65), (11, 18), (12, 26), (13, 39), (78, 35), (14, 8), (15, 33), (16, 71), (79, 53), (17, 59), (18, 15), (19, 10), (20, 27), (21, 56), (22, 61), (23, 3), (24, 17), (25, 36), (26, 28), (27, 14), (28, 44), (29, 25), (30, 7), (31, 38), (32, 51), (75, 75), (33, 72), (34, 73), (35, 2), (36, 74), (37, 34), (38, 79), (39, 41), (40, 77), (41, 52), (71, 9), (0, 76), (44, 5), (45, 69), (46, 78), (47, 16), (76, 58), (48, 49), (77, 55), (50, 29), (51, 46), (52, 31), (53, 62), (54, 21), (55, 0), (56, 4), (57, 47), (58, 50), (49, 70), (59, 54), (60, 32), (61, 19), (62, 68), (63, 48), (64, 23), (65, 24), (66, 37), (67, 43), (68, 12), (69, 63), (70, 22), (74, 1), (42, 20), (72, 67), (73, 60)]
og index list energy: 97555307.34831153
index_list: [(43, 0), (1, 1), (2, 2), (3, 3), (4, 4), (5, 5), (6, 6), (7, 7), (8, 8), (9, 9), (10, 10), (11, 11), (12, 12), (13, 13), (78, 75), (14, 14), (15, 15), (16, 16), (79, 74), (17, 17), (18, 18), (19, 19), (20, 20), (21, 21), (22, 22), (23, 23), (24, 24), (25, 25), (26, 26), (27, 27), (28, 28), (29, 29), (30, 30), (31, 31), (32, 32), (75, 49), (33, 33), (34, 34), (35, 35), (36, 36), (37, 37), (38, 38), (39, 39), (40, 40), (41, 41), (71, 76), (0, 42), (44, 43), (45, 44), (46, 45), (47, 46), (76, 47), (48, 48), (77, 78), (50, 50), (51, 51), (52, 52), (53, 53), (54, 54), (55, 55), (56, 56), (57, 57), (58, 58), (49, 77), (59, 59), (60, 60), (61, 61), (62, 62), (63, 63), (64, 64), (65, 65), (66, 66), (67, 67), (68, 68), (69, 69), (70, 70), (74, 71), (42, 79), (72, 72), (73, 73)]
index list: [0, 1, 2, 3, 4, 5, 6, 7, 8, 9, 10, 11, 12, 13, 75, 14, 15, 16, 74, 17, 18, 19, 20, 21, 22, 23, 24, 25, 26, 27, 28, 29, 30, 31, 32, 49, 33, 34, 35, 36, 37, 38, 39, 40, 41, 76, 42, 43, 44, 45, 46, 47, 48, 78, 50, 51, 52, 53, 54, 55, 56, 57, 58, 77, 59, 60, 61, 62, 63, 64, 65, 66, 67, 68, 69, 70, 71, 79, 72, 73]
index list energy: 91509.82393678771
Done


iterations: 10000000 temp: 1000000.0 exponent: 0.7 eif: 200.0
time taken (sec): 853.9865655899048
number of iterations: 9409150
og index list: [(43, 23), (1, 32), (2, 70), (3, 38), (4, 73), (5, 18), (6, 17), (7, 28), (8, 33), (9, 56), (10, 40), (11, 62), (12, 2), (13, 59), (78, 43), (14, 52), (15, 42), (16, 76), (79, 63), (17, 0), (18, 20), (19, 66), (20, 60), (21, 64), (22, 69), (23, 78), (24, 55), (25, 11), (26, 75), (27, 25), (28, 7), (29, 39), (30, 24), (31, 71), (32, 74), (75, 5), (33, 8), (34, 13), (35, 21), (36, 61), (37, 72), (38, 9), (39, 35), (40, 16), (41, 29), (71, 54), (0, 46), (44, 3), (45, 77), (46, 79), (47, 45), (76, 68), (48, 37), (77, 58), (50, 1), (51, 31), (52, 49), (53, 6), (54, 48), (55, 12), (56, 57), (57, 50), (58, 34), (49, 36), (59, 27), (60, 22), (61, 53), (62, 14), (63, 67), (64, 10), (65, 15), (66, 44), (67, 47), (68, 41), (69, 65), (70, 30), (74, 51), (42, 4), (72, 19), (73, 26)]
og index list energy: 104474519.80841625
index_list: [(43, 0), (1, 1), (2, 2), (3, 3), (4, 4), (5, 5), (6, 6), (7, 7), (8, 8), (9, 9), (10, 10), (11, 11), (12, 12), (13, 13), (78, 75), (14, 14), (15, 15), (16, 16), (79, 79), (17, 17), (18, 18), (19, 19), (20, 20), (21, 21), (22, 22), (23, 23), (24, 24), (25, 25), (26, 26), (27, 27), (28, 28), (29, 29), (30, 30), (31, 31), (32, 32), (75, 74), (33, 33), (34, 34), (35, 35), (36, 36), (37, 37), (38, 38), (39, 39), (40, 40), (41, 41), (71, 78), (0, 42), (44, 43), (45, 44), (46, 45), (47, 46), (76, 47), (48, 48), (77, 49), (50, 50), (51, 51), (52, 52), (53, 53), (54, 54), (55, 55), (56, 56), (57, 57), (58, 58), (49, 76), (59, 59), (60, 60), (61, 61), (62, 62), (63, 63), (64, 64), (65, 65), (66, 66), (67, 67), (68, 68), (69, 69), (70, 70), (74, 71), (42, 77), (72, 72), (73, 73)]
index list: [0, 1, 2, 3, 4, 5, 6, 7, 8, 9, 10, 11, 12, 13, 75, 14, 15, 16, 79, 17, 18, 19, 20, 21, 22, 23, 24, 25, 26, 27, 28, 29, 30, 31, 32, 74, 33, 34, 35, 36, 37, 38, 39, 40, 41, 78, 42, 43, 44, 45, 46, 47, 48, 49, 50, 51, 52, 53, 54, 55, 56, 57, 58, 76, 59, 60, 61, 62, 63, 64, 65, 66, 67, 68, 69, 70, 71, 77, 72, 73]
index list energy: 91311.32412903153
Done


