## SLURM PROLOG ###############################################################
##    Job ID : 9199706
##  Job Name : five_day_runs
##  Nodelist : node1104
##      CPUs : 1
##  Mem/Node : 1024 MB
## Directory : /gpfs/data/nfawzi/skale/Fawzi_pycharm_project
##   Started : Fri Dec  6 20:28:55 EST 2019
###############################################################################
program started at:2019-12-06 20:28:55.806976
iterations: 5000000000 temp: 1000000.0 exponent: 0.7 eif: 300.0
time taken (sec): 384122.43548822403
number of iterations: 5000000000
final temperature: 191.58123138056612
og index list: [460, 89, 187, 435, 191, 25, 207, 126, 282, 436, 389, 423, 395, 243, 281, 220, 430, 231, 152, 81, 26, 184, 324, 69, 96, 276, 200, 299, 417, 49, 119, 46, 155, 48, 15, 6, 215, 434, 295, 462, 445, 106, 136, 219, 381, 179, 29, 123, 448, 240, 193, 4, 109, 98, 90, 405, 317, 354, 378, 203, 265, 216, 297, 130, 75, 248, 79, 311, 347, 73, 444, 387, 437, 346, 394, 68, 36, 62, 131, 194, 41, 121, 161, 54, 206, 402, 181, 94, 308, 40, 63, 287, 153, 293, 95, 263, 398, 279, 177, 213, 366, 443, 262, 414, 76, 176, 58, 267, 16, 407, 456, 427, 148, 57, 404, 343, 159, 294, 239, 339, 342, 59, 341, 318, 310, 173, 172, 322, 321, 84, 291, 374, 403, 103, 11, 271, 9, 345, 44, 13, 373, 379, 167, 428, 307, 45, 178, 144, 400, 264, 8, 272, 431, 278, 290, 465, 66, 233, 363, 157, 348, 104, 355, 34, 196, 253, 385, 116, 82, 99, 222, 163, 67, 125, 446, 358, 186, 114, 359, 174, 83, 260, 335, 182, 154, 273, 72, 164, 145, 301, 353, 296, 352, 197, 169, 22, 51, 171, 461, 229, 135, 383, 55, 438, 320, 302, 224, 146, 33, 128, 309, 91, 386, 323, 115, 399, 61, 230, 368, 78, 274, 369, 432, 377, 60, 85, 326, 238, 225, 246, 102, 393, 337, 451, 39, 288, 261, 111, 397, 27, 331, 19, 3, 319, 92, 97, 235, 18, 332, 118, 473, 20, 160, 328, 313, 209, 151, 468, 124, 469, 211, 375, 315, 316, 120, 30, 284, 56, 127, 234, 244, 421, 168, 280, 50, 380, 325, 268, 392, 74, 142, 133, 195, 266, 70, 396, 208, 250, 408, 202, 466, 418, 38, 188, 442, 88, 156, 283, 371, 77, 122, 286, 198, 415, 232, 424, 370, 110, 87, 147, 210, 139, 237, 463, 107, 330, 409, 143, 223, 236, 252, 275, 162, 255, 410, 412, 314, 304, 384, 228, 12, 440, 426, 86, 140, 80, 467, 472, 2, 212, 300, 93, 247, 277, 344, 251, 419, 132, 312, 336, 117, 360, 113, 165, 257, 100, 258, 411, 10, 199, 141, 64, 245, 183, 35, 227, 454, 289, 214, 356, 37, 138, 364, 24, 0, 459, 413, 201, 53, 365, 449, 340, 416, 292, 376, 429, 1, 137, 17, 464, 158, 7, 455, 453, 367, 372, 43, 23, 433, 333, 285, 254, 129, 382, 259, 388, 241, 441, 439, 180, 334, 401, 14, 298, 249, 357, 270, 470, 327, 101, 391, 305, 65, 350, 108, 390, 256, 406, 170, 420, 361, 28, 349, 192, 105, 450, 149, 218, 269, 204, 166, 471, 351, 452, 32, 52, 134, 447, 190, 338, 303, 189, 425, 42, 306, 205, 458, 5, 31, 112, 185, 150, 47, 242, 457, 362, 217, 71, 329, 221, 226, 175, 422, 21]
og index list energy: 131458109.80560254
index list: [170, 205, 17, 184, 211, 101, 344, 76, 442, 62, 353, 110, 132, 38, 120, 29, 204, 217, 444, 147, 50, 47, 397, 32, 2, 417, 149, 234, 258, 66, 11, 92, 24, 436, 338, 30, 330, 182, 454, 99, 276, 347, 278, 156, 395, 142, 96, 453, 7, 358, 54, 409, 39, 406, 209, 426, 185, 311, 274, 22, 439, 250, 36, 203, 191, 471, 0, 469, 247, 249, 104, 164, 169, 388, 200, 48, 45, 73, 407, 244, 440, 367, 53, 376, 391, 313, 75, 80, 188, 446, 180, 254, 268, 303, 326, 364, 222, 472, 64, 155, 392, 229, 118, 117, 366, 208, 447, 16, 451, 171, 263, 437, 219, 176, 35, 15, 343, 335, 372, 199, 210, 435, 9, 455, 382, 264, 280, 438, 154, 462, 1, 346, 71, 302, 393, 279, 124, 336, 43, 114, 144, 126, 148, 82, 332, 246, 109, 378, 106, 269, 181, 37, 337, 93, 49, 179, 312, 242, 123, 466, 373, 425, 228, 331, 404, 158, 44, 430, 51, 458, 403, 463, 19, 445, 456, 413, 192, 21, 387, 214, 28, 317, 58, 135, 69, 81, 473, 202, 68, 52, 91, 90, 134, 125, 369, 354, 419, 190, 197, 396, 153, 3, 121, 12, 105, 136, 10, 359, 46, 251, 262, 428, 443, 420, 4, 389, 63, 88, 157, 56, 245, 257, 18, 256, 255, 433, 102, 334, 225, 282, 460, 100, 450, 133, 57, 285, 342, 316, 432, 115, 441, 186, 328, 333, 452, 131, 325, 305, 329, 327, 223, 322, 345, 224, 230, 236, 198, 390, 261, 415, 187, 370, 465, 400, 260, 238, 394, 27, 67, 410, 79, 89, 60, 162, 414, 418, 431, 201, 429, 13, 401, 59, 241, 207, 168, 384, 5, 196, 194, 189, 137, 375, 237, 352, 183, 40, 215, 275, 449, 270, 424, 146, 361, 152, 145, 231, 161, 232, 248, 360, 55, 141, 408, 416, 235, 221, 412, 130, 297, 167, 143, 127, 227, 301, 300, 213, 350, 113, 42, 23, 98, 289, 434, 290, 304, 178, 464, 341, 321, 324, 461, 294, 399, 173, 457, 220, 356, 286, 84, 97, 281, 314, 239, 307, 165, 291, 383, 339, 25, 119, 259, 377, 160, 139, 379, 398, 20, 159, 206, 374, 355, 26, 385, 77, 61, 138, 150, 70, 386, 112, 288, 421, 14, 34, 33, 402, 267, 284, 349, 78, 129, 85, 174, 166, 310, 111, 163, 308, 265, 287, 468, 218, 216, 243, 122, 348, 427, 459, 320, 319, 363, 273, 351, 318, 362, 357, 103, 381, 140, 323, 295, 448, 175, 470, 65, 128, 422, 266, 277, 405, 467, 293, 74, 299, 193, 95, 306, 212, 271, 368, 292, 315, 253, 195, 380, 226, 298, 272, 340, 177, 365, 6, 309, 8, 283, 107, 252, 41, 371, 116, 151, 172, 411, 240, 72, 108, 423, 296, 87, 233, 83, 86, 94, 31]
index list energy: 1617506.1589347727
Done





program ended at: 2019-12-11 20:18:55.816968 
 time delta: 4 days, 23:50:00.009992
