## SLURM PROLOG ###############################################################
##    Job ID : 9199680
##  Job Name : five_day_runs
##  Nodelist : node1132
##      CPUs : 1
##  Mem/Node : 1024 MB
## Directory : /gpfs/data/nfawzi/skale/Fawzi_pycharm_project
##   Started : Fri Dec  6 20:28:26 EST 2019
###############################################################################
program started at:2019-12-06 20:28:26.762621
iterations: 5000000000 temp: 1000000.0 exponent: 0.7 eif: 300.0
time taken (sec): 357098.0602631569
number of iterations: 5000000000
final temperature: 191.58123138056612
og index list: [124, 202, 347, 301, 367, 458, 40, 328, 204, 188, 214, 401, 69, 307, 433, 456, 374, 468, 429, 457, 303, 167, 170, 428, 308, 359, 63, 57, 72, 280, 126, 295, 15, 377, 290, 187, 319, 140, 211, 392, 113, 471, 236, 298, 197, 176, 162, 32, 137, 355, 106, 175, 61, 415, 410, 93, 44, 150, 180, 390, 11, 358, 438, 31, 281, 427, 147, 445, 144, 151, 440, 208, 88, 421, 68, 449, 115, 97, 342, 432, 66, 306, 424, 453, 423, 362, 383, 257, 184, 285, 405, 186, 382, 248, 62, 378, 226, 289, 5, 117, 247, 228, 291, 354, 408, 73, 349, 205, 36, 198, 55, 387, 266, 146, 85, 325, 244, 430, 155, 50, 80, 213, 466, 351, 18, 130, 79, 7, 45, 402, 288, 190, 120, 229, 255, 138, 442, 225, 224, 398, 154, 350, 9, 310, 37, 127, 454, 212, 447, 389, 114, 177, 74, 218, 268, 264, 448, 441, 112, 270, 357, 156, 334, 363, 149, 207, 326, 253, 59, 77, 78, 294, 286, 111, 189, 47, 13, 403, 300, 182, 58, 19, 391, 372, 283, 265, 341, 222, 260, 360, 110, 262, 373, 49, 131, 107, 33, 116, 95, 384, 425, 92, 183, 455, 305, 243, 375, 94, 161, 388, 195, 234, 168, 123, 315, 269, 470, 192, 90, 10, 159, 311, 34, 411, 346, 8, 216, 194, 335, 332, 181, 302, 233, 274, 323, 83, 422, 279, 185, 87, 317, 158, 399, 313, 172, 292, 276, 464, 81, 299, 221, 67, 463, 84, 89, 169, 412, 386, 227, 35, 356, 465, 64, 239, 273, 460, 193, 152, 240, 395, 171, 101, 41, 446, 129, 318, 121, 122, 166, 219, 376, 179, 353, 139, 287, 320, 29, 54, 119, 200, 404, 309, 366, 199, 245, 344, 1, 379, 381, 196, 42, 82, 337, 369, 48, 316, 26, 75, 385, 160, 20, 413, 321, 439, 141, 241, 173, 238, 271, 431, 201, 2, 435, 267, 3, 314, 0, 467, 420, 76, 52, 163, 43, 164, 132, 416, 235, 39, 312, 174, 333, 203, 51, 361, 406, 450, 91, 215, 153, 178, 437, 136, 338, 417, 145, 414, 380, 444, 340, 103, 272, 118, 329, 250, 459, 348, 278, 230, 102, 407, 473, 461, 259, 135, 472, 339, 165, 419, 210, 56, 370, 393, 209, 232, 371, 297, 4, 396, 436, 38, 109, 304, 330, 17, 452, 365, 148, 418, 142, 21, 261, 217, 352, 443, 397, 293, 65, 220, 469, 296, 23, 25, 327, 400, 53, 251, 70, 258, 434, 223, 324, 128, 71, 12, 364, 104, 282, 125, 46, 254, 263, 256, 368, 86, 206, 60, 246, 252, 98, 27, 100, 157, 143, 322, 336, 105, 133, 191, 99, 28, 134, 345, 426, 6, 284, 394, 231, 237, 24, 16, 96, 343, 409, 331, 108, 14, 275, 462, 451, 242, 277, 249, 22, 30]
og index list energy: 93475587.84810144
index list: [114, 204, 188, 193, 27, 427, 348, 363, 206, 434, 20, 382, 19, 26, 373, 29, 214, 192, 21, 75, 249, 33, 379, 37, 337, 342, 106, 170, 97, 286, 84, 435, 24, 402, 390, 30, 447, 231, 152, 46, 362, 73, 146, 230, 145, 141, 343, 290, 326, 344, 6, 371, 395, 471, 209, 18, 256, 56, 130, 54, 218, 205, 195, 203, 234, 235, 425, 454, 315, 171, 320, 164, 169, 353, 270, 156, 127, 50, 87, 63, 88, 384, 53, 364, 267, 313, 292, 161, 450, 135, 180, 254, 268, 236, 335, 28, 439, 346, 64, 155, 436, 229, 118, 117, 469, 433, 466, 194, 189, 392, 263, 412, 219, 176, 35, 15, 374, 333, 401, 199, 210, 431, 9, 443, 211, 101, 422, 237, 381, 69, 81, 411, 126, 302, 359, 279, 124, 202, 43, 289, 288, 255, 179, 305, 45, 113, 153, 378, 187, 291, 284, 32, 2, 397, 304, 178, 457, 10, 136, 345, 451, 271, 228, 331, 470, 393, 440, 278, 272, 298, 394, 407, 300, 465, 377, 51, 361, 316, 452, 264, 280, 281, 1, 105, 79, 159, 472, 317, 68, 52, 91, 90, 134, 296, 385, 441, 201, 190, 197, 398, 123, 47, 238, 12, 416, 274, 59, 241, 387, 22, 174, 424, 442, 4, 76, 463, 14, 184, 8, 122, 308, 17, 133, 82, 406, 144, 232, 248, 455, 332, 430, 100, 396, 125, 3, 245, 96, 448, 247, 413, 23, 186, 328, 13, 350, 131, 325, 283, 329, 327, 223, 322, 462, 224, 403, 78, 198, 419, 261, 354, 165, 453, 464, 456, 200, 418, 409, 89, 60, 366, 213, 428, 273, 467, 423, 62, 341, 429, 400, 158, 297, 142, 167, 244, 352, 336, 196, 5, 191, 340, 226, 437, 39, 420, 31, 40, 215, 275, 461, 257, 93, 399, 216, 243, 432, 110, 357, 107, 132, 376, 221, 239, 217, 446, 414, 99, 438, 41, 48, 67, 143, 139, 445, 253, 282, 334, 102, 276, 367, 207, 250, 252, 349, 227, 351, 177, 370, 375, 36, 449, 391, 294, 410, 168, 321, 324, 383, 98, 404, 388, 0, 262, 380, 251, 355, 173, 120, 65, 417, 128, 42, 222, 160, 71, 162, 389, 208, 86, 129, 408, 85, 61, 138, 77, 150, 80, 115, 347, 70, 372, 181, 459, 34, 16, 365, 182, 258, 11, 92, 66, 149, 473, 94, 166, 310, 111, 163, 287, 265, 212, 468, 121, 154, 358, 225, 421, 444, 314, 458, 95, 55, 307, 260, 306, 356, 119, 259, 25, 338, 339, 330, 301, 175, 112, 303, 137, 460, 266, 277, 360, 368, 293, 74, 299, 220, 103, 140, 323, 104, 269, 183, 38, 295, 109, 49, 157, 108, 44, 233, 83, 415, 148, 309, 58, 246, 147, 7, 57, 426, 116, 151, 172, 369, 240, 72, 405, 386, 312, 242, 319, 285, 318, 185, 311]
index list energy: 1606274.622644035
Done




program ended at: 2019-12-11 20:18:26.760926 
 time delta: 4 days, 23:49:59.998305
