## SLURM PROLOG ###############################################################
##    Job ID : 9199666
##  Job Name : five_day_runs
##  Nodelist : node1158
##      CPUs : 1
##  Mem/Node : 1024 MB
## Directory : /gpfs/data/nfawzi/skale/Fawzi_pycharm_project
##   Started : Fri Dec  6 20:28:25 EST 2019
###############################################################################
program started at:2019-12-06 20:28:25.350419
iterations: 5000000000 temp: 1000000.0 exponent: 0.7 eif: 300.0
time taken (sec): 365058.11819171906
number of iterations: 5000000000
final temperature: 191.58123138056612
og index list: [213, 345, 264, 116, 228, 206, 191, 338, 85, 457, 216, 398, 336, 28, 241, 209, 117, 139, 435, 164, 446, 1, 382, 37, 367, 197, 13, 252, 26, 78, 330, 165, 467, 189, 66, 100, 141, 249, 170, 337, 11, 212, 6, 268, 428, 371, 434, 471, 425, 92, 41, 283, 387, 401, 136, 183, 8, 335, 295, 361, 333, 444, 284, 58, 19, 406, 229, 299, 374, 0, 79, 50, 413, 22, 184, 60, 208, 232, 214, 177, 132, 82, 190, 207, 423, 84, 389, 38, 242, 185, 276, 194, 442, 329, 279, 379, 358, 383, 83, 298, 90, 201, 437, 146, 356, 459, 473, 319, 108, 70, 145, 40, 181, 443, 30, 67, 429, 224, 256, 97, 236, 105, 259, 332, 73, 433, 182, 378, 64, 131, 321, 441, 430, 316, 221, 230, 126, 396, 14, 128, 308, 327, 36, 472, 397, 114, 7, 86, 300, 18, 415, 122, 104, 12, 142, 240, 239, 109, 46, 292, 195, 395, 199, 80, 265, 75, 234, 462, 47, 149, 454, 422, 447, 386, 440, 157, 392, 399, 407, 381, 448, 193, 225, 458, 404, 431, 416, 87, 427, 77, 48, 180, 301, 217, 152, 414, 5, 291, 393, 203, 362, 155, 33, 410, 129, 282, 200, 243, 167, 138, 93, 115, 267, 94, 23, 74, 311, 231, 179, 307, 130, 99, 391, 420, 57, 113, 169, 205, 158, 160, 233, 154, 101, 63, 394, 163, 196, 103, 306, 466, 370, 453, 320, 388, 124, 463, 281, 355, 432, 81, 102, 272, 188, 465, 426, 159, 461, 261, 302, 373, 121, 449, 317, 54, 310, 349, 348, 112, 220, 235, 313, 343, 29, 273, 135, 16, 168, 227, 353, 89, 51, 445, 62, 107, 297, 204, 377, 123, 250, 424, 198, 280, 339, 72, 255, 134, 248, 411, 408, 364, 384, 175, 244, 418, 347, 215, 106, 438, 400, 148, 150, 274, 417, 436, 270, 44, 464, 341, 469, 334, 403, 470, 350, 187, 20, 326, 456, 260, 352, 226, 45, 4, 257, 342, 366, 450, 15, 133, 53, 211, 340, 171, 88, 253, 328, 42, 153, 120, 277, 3, 290, 43, 247, 309, 172, 263, 304, 27, 468, 35, 269, 251, 71, 237, 59, 118, 125, 140, 210, 127, 192, 368, 275, 421, 324, 32, 258, 68, 402, 390, 161, 119, 385, 96, 143, 17, 254, 49, 24, 55, 286, 271, 419, 174, 166, 380, 278, 218, 451, 76, 202, 147, 452, 56, 2, 351, 223, 151, 178, 455, 331, 360, 372, 21, 305, 303, 266, 460, 322, 10, 412, 31, 246, 95, 162, 61, 137, 376, 98, 39, 222, 110, 293, 363, 9, 144, 369, 289, 409, 359, 176, 34, 52, 111, 294, 318, 288, 91, 344, 357, 323, 285, 375, 315, 245, 156, 314, 25, 238, 186, 365, 219, 287, 173, 69, 405, 325, 262, 65, 296, 312, 439, 346, 354]
og index list energy: 94147603.47868358
index list: [234, 205, 17, 358, 227, 30, 420, 76, 107, 301, 330, 338, 132, 38, 120, 320, 110, 65, 400, 243, 417, 158, 356, 32, 2, 16, 329, 116, 382, 192, 21, 406, 214, 444, 168, 390, 408, 204, 217, 463, 260, 306, 403, 259, 187, 423, 268, 422, 7, 439, 221, 97, 433, 33, 230, 236, 169, 59, 34, 286, 263, 106, 195, 151, 114, 360, 147, 424, 164, 142, 317, 188, 392, 131, 270, 472, 334, 339, 22, 102, 282, 347, 93, 409, 29, 109, 96, 311, 24, 419, 180, 254, 300, 184, 211, 171, 443, 332, 246, 156, 469, 229, 167, 364, 468, 391, 207, 200, 343, 27, 398, 453, 219, 176, 35, 15, 370, 335, 465, 199, 210, 249, 346, 342, 54, 69, 430, 237, 473, 212, 265, 64, 117, 154, 118, 279, 155, 313, 43, 289, 44, 79, 179, 305, 45, 113, 153, 363, 166, 125, 127, 37, 337, 302, 375, 178, 185, 85, 13, 349, 397, 271, 228, 331, 451, 412, 340, 61, 78, 441, 438, 201, 9, 345, 367, 51, 371, 159, 163, 264, 280, 308, 58, 135, 81, 126, 459, 245, 68, 52, 91, 90, 134, 312, 373, 355, 467, 203, 170, 193, 133, 405, 121, 12, 73, 394, 10, 447, 46, 322, 413, 448, 426, 380, 4, 191, 14, 251, 128, 23, 336, 257, 18, 256, 255, 209, 3, 379, 99, 241, 381, 274, 262, 269, 303, 316, 414, 321, 378, 374, 359, 186, 415, 146, 344, 194, 206, 442, 231, 152, 161, 250, 145, 141, 248, 232, 198, 324, 294, 470, 82, 372, 351, 208, 0, 56, 6, 89, 60, 452, 434, 28, 431, 189, 366, 401, 429, 36, 455, 290, 304, 427, 98, 244, 288, 418, 196, 5, 190, 197, 425, 129, 297, 461, 183, 40, 215, 275, 362, 267, 26, 462, 369, 247, 75, 457, 20, 354, 19, 25, 460, 84, 376, 361, 42, 327, 223, 368, 48, 67, 50, 47, 404, 222, 261, 326, 284, 325, 283, 86, 253, 450, 365, 39, 226, 177, 466, 399, 437, 333, 471, 130, 411, 287, 402, 101, 122, 449, 307, 383, 432, 314, 281, 239, 165, 291, 341, 224, 385, 100, 348, 456, 160, 71, 162, 384, 220, 41, 173, 140, 323, 119, 436, 175, 295, 216, 395, 62, 440, 252, 181, 328, 387, 276, 353, 182, 258, 11, 92, 66, 149, 350, 123, 174, 310, 111, 278, 298, 272, 421, 242, 458, 285, 464, 225, 416, 410, 172, 240, 319, 357, 273, 428, 318, 407, 137, 150, 80, 115, 138, 77, 352, 70, 136, 112, 238, 435, 266, 277, 386, 103, 293, 74, 299, 235, 95, 55, 393, 31, 396, 292, 315, 202, 1, 49, 388, 72, 377, 57, 144, 139, 105, 218, 8, 309, 53, 143, 87, 63, 88, 157, 445, 389, 148, 233, 83, 446, 296, 94, 454, 213, 108, 124, 104]
index list energy: 1608201.405849601
Done



program ended at: 2019-12-11 20:18:25.351397 
 time delta: 4 days, 23:50:00.000978
