## SLURM PROLOG ###############################################################
##    Job ID : 9199633
##  Job Name : five_day_runs
##  Nodelist : node1301
##      CPUs : 1
##  Mem/Node : 1024 MB
## Directory : /gpfs/data/nfawzi/skale/Fawzi_pycharm_project
##   Started : Fri Dec  6 20:27:55 EST 2019
###############################################################################
program started at:2019-12-06 20:27:55.715162
iterations: 5000000000 temp: 1000000.0 exponent: 0.7 eif: 300.0
time taken (sec): 431399.6343140602
number of iterations: 4836837292
final temperature: 191.58123138056612
og index list: [264, 456, 323, 258, 61, 409, 291, 88, 163, 408, 353, 406, 225, 157, 64, 193, 322, 376, 111, 2, 245, 461, 300, 389, 285, 96, 472, 269, 179, 451, 74, 318, 212, 70, 419, 355, 274, 93, 457, 384, 344, 38, 180, 4, 84, 9, 190, 423, 131, 59, 183, 398, 410, 267, 115, 386, 32, 349, 100, 25, 198, 331, 414, 297, 174, 422, 243, 116, 332, 164, 135, 165, 352, 290, 230, 62, 261, 315, 140, 102, 141, 363, 388, 129, 276, 42, 194, 159, 421, 254, 181, 360, 432, 50, 153, 340, 126, 113, 440, 263, 424, 443, 362, 53, 449, 447, 120, 382, 143, 278, 304, 336, 361, 67, 11, 56, 420, 215, 351, 453, 43, 244, 391, 339, 68, 26, 385, 343, 35, 441, 400, 412, 119, 328, 238, 214, 166, 395, 117, 317, 469, 211, 354, 431, 158, 394, 293, 106, 450, 228, 27, 124, 58, 85, 299, 279, 433, 229, 284, 314, 417, 319, 239, 128, 167, 17, 210, 195, 213, 271, 452, 309, 148, 20, 368, 79, 430, 191, 337, 435, 3, 77, 169, 324, 316, 22, 41, 338, 16, 136, 151, 65, 66, 357, 356, 446, 364, 29, 233, 277, 407, 399, 369, 205, 312, 150, 434, 416, 5, 87, 429, 112, 341, 155, 54, 69, 220, 170, 109, 196, 465, 372, 185, 172, 413, 370, 272, 81, 72, 149, 201, 454, 161, 51, 466, 307, 103, 358, 144, 132, 256, 242, 281, 45, 202, 146, 313, 253, 175, 327, 257, 333, 411, 418, 442, 237, 296, 348, 232, 241, 378, 142, 371, 266, 346, 347, 34, 377, 60, 108, 182, 40, 18, 250, 227, 47, 444, 114, 152, 30, 471, 246, 286, 425, 402, 218, 236, 268, 219, 445, 249, 52, 287, 123, 462, 209, 145, 99, 199, 342, 176, 329, 436, 207, 14, 94, 49, 251, 222, 321, 403, 387, 86, 197, 122, 12, 392, 139, 437, 125, 396, 28, 439, 71, 298, 0, 383, 255, 235, 97, 154, 427, 470, 310, 259, 127, 270, 330, 98, 308, 36, 426, 404, 192, 275, 104, 21, 350, 55, 95, 168, 273, 401, 366, 206, 107, 48, 311, 464, 289, 160, 260, 252, 83, 138, 294, 134, 203, 7, 186, 221, 247, 390, 455, 204, 24, 1, 177, 374, 105, 73, 216, 326, 226, 23, 303, 379, 467, 46, 397, 118, 189, 320, 367, 39, 468, 8, 393, 31, 75, 325, 365, 335, 223, 301, 78, 80, 292, 305, 415, 224, 10, 280, 6, 63, 240, 137, 345, 188, 178, 57, 438, 19, 265, 37, 90, 262, 200, 208, 162, 295, 448, 130, 33, 463, 133, 380, 302, 334, 283, 458, 76, 231, 156, 171, 15, 248, 282, 460, 110, 101, 234, 405, 473, 288, 373, 82, 217, 359, 92, 121, 89, 91, 375, 459, 187, 147, 184, 173, 306, 13, 381, 44, 428]
og index list energy: 99191225.4797471
index list: [234, 205, 257, 216, 227, 30, 426, 76, 107, 301, 330, 338, 132, 38, 339, 29, 155, 117, 64, 229, 154, 153, 445, 32, 2, 16, 37, 170, 97, 286, 84, 386, 269, 388, 168, 366, 410, 321, 324, 99, 462, 344, 98, 304, 468, 289, 43, 420, 113, 343, 67, 146, 381, 342, 259, 187, 291, 305, 274, 22, 421, 250, 253, 151, 114, 422, 147, 411, 247, 142, 108, 195, 438, 402, 199, 210, 380, 19, 25, 415, 206, 346, 93, 401, 322, 336, 75, 313, 341, 149, 180, 254, 300, 184, 211, 101, 363, 241, 136, 238, 112, 471, 33, 455, 434, 249, 207, 200, 353, 473, 263, 354, 219, 176, 35, 15, 368, 335, 430, 194, 189, 413, 55, 375, 387, 264, 280, 71, 393, 306, 212, 265, 237, 218, 118, 121, 287, 202, 268, 288, 51, 309, 53, 425, 50, 246, 315, 292, 166, 125, 135, 394, 337, 439, 49, 178, 169, 3, 141, 428, 441, 362, 334, 331, 228, 397, 407, 143, 233, 442, 464, 201, 9, 376, 351, 48, 192, 21, 396, 214, 28, 204, 58, 361, 213, 127, 167, 271, 278, 156, 78, 129, 297, 296, 372, 433, 432, 203, 116, 382, 318, 242, 236, 12, 105, 466, 10, 82, 444, 148, 452, 358, 451, 448, 4, 191, 14, 251, 0, 56, 245, 17, 133, 81, 384, 302, 69, 182, 102, 282, 458, 100, 370, 185, 171, 316, 359, 122, 461, 450, 231, 186, 374, 333, 369, 131, 325, 283, 329, 327, 223, 308, 164, 1, 83, 373, 198, 152, 145, 391, 165, 460, 440, 419, 260, 217, 405, 126, 27, 379, 79, 89, 60, 92, 423, 34, 427, 36, 364, 158, 256, 255, 18, 244, 367, 456, 196, 5, 190, 197, 383, 94, 240, 385, 183, 40, 215, 275, 390, 209, 443, 31, 418, 243, 352, 119, 436, 208, 26, 424, 95, 73, 45, 355, 365, 248, 232, 161, 220, 221, 323, 175, 295, 173, 160, 87, 63, 88, 157, 23, 109, 124, 389, 106, 467, 179, 312, 417, 281, 314, 239, 307, 446, 447, 235, 340, 258, 66, 11, 435, 159, 91, 90, 52, 134, 414, 13, 429, 130, 54, 403, 59, 416, 270, 262, 371, 39, 317, 399, 70, 85, 61, 77, 412, 150, 80, 115, 138, 395, 345, 181, 328, 457, 276, 404, 252, 224, 472, 226, 41, 298, 272, 285, 311, 310, 111, 188, 193, 137, 469, 470, 44, 453, 294, 225, 409, 463, 172, 320, 319, 431, 273, 360, 392, 62, 406, 7, 47, 110, 65, 128, 357, 378, 279, 348, 230, 46, 266, 277, 347, 408, 293, 74, 299, 140, 103, 162, 377, 86, 68, 42, 24, 174, 8, 139, 144, 72, 400, 449, 177, 465, 332, 303, 96, 163, 437, 57, 349, 222, 261, 290, 398, 267, 350, 284, 326, 356, 20, 454, 6, 459, 120, 123, 104]
index list energy: 1604532.4194991246
Done


program ended at: 2019-12-11 20:17:55.731593 
 time delta: 4 days, 23:50:00.016431
