## SLURM PROLOG ###############################################################
##    Job ID : 9199637
##  Job Name : five_day_runs
##  Nodelist : node1301
##      CPUs : 1
##  Mem/Node : 1024 MB
## Directory : /gpfs/data/nfawzi/skale/Fawzi_pycharm_project
##   Started : Fri Dec  6 20:27:55 EST 2019
###############################################################################
program started at:2019-12-06 20:27:55.926734
iterations: 5000000000 temp: 1000000.0 exponent: 0.7 eif: 300.0
time taken (sec): 418193.9885363579
number of iterations: 5000000000
final temperature: 191.58123138056612
og index list: [373, 239, 210, 319, 248, 358, 223, 353, 134, 395, 441, 433, 41, 132, 385, 290, 449, 289, 144, 434, 168, 279, 452, 20, 161, 362, 28, 285, 446, 473, 414, 276, 254, 225, 274, 75, 306, 451, 50, 169, 91, 356, 49, 217, 249, 392, 112, 190, 277, 458, 265, 103, 109, 26, 374, 430, 192, 137, 347, 6, 11, 307, 126, 244, 148, 467, 135, 133, 320, 167, 247, 170, 336, 226, 102, 124, 383, 459, 465, 469, 238, 325, 116, 8, 221, 295, 5, 228, 12, 396, 408, 79, 283, 470, 321, 114, 403, 13, 401, 200, 312, 36, 212, 466, 180, 118, 413, 84, 61, 310, 197, 78, 9, 330, 10, 191, 308, 415, 150, 45, 218, 113, 17, 359, 309, 208, 187, 384, 159, 1, 25, 266, 156, 410, 260, 184, 296, 426, 425, 355, 224, 323, 360, 342, 100, 198, 333, 453, 270, 445, 245, 231, 368, 24, 23, 207, 380, 182, 139, 30, 328, 138, 27, 381, 176, 315, 81, 65, 220, 343, 131, 172, 464, 211, 435, 388, 163, 367, 127, 203, 292, 153, 92, 48, 348, 179, 366, 420, 76, 54, 196, 456, 471, 251, 19, 0, 227, 194, 298, 418, 236, 313, 181, 394, 393, 282, 294, 271, 234, 16, 171, 278, 206, 460, 361, 73, 365, 421, 110, 369, 237, 454, 432, 341, 375, 158, 142, 202, 370, 351, 287, 338, 229, 293, 94, 205, 32, 376, 123, 429, 145, 268, 379, 83, 44, 350, 162, 89, 62, 58, 461, 241, 272, 56, 273, 130, 164, 386, 52, 40, 357, 35, 318, 252, 105, 428, 468, 77, 256, 88, 199, 185, 322, 57, 302, 67, 443, 152, 95, 246, 402, 38, 258, 39, 53, 448, 183, 442, 98, 372, 262, 354, 412, 427, 111, 297, 104, 301, 69, 472, 377, 122, 4, 80, 407, 284, 463, 349, 450, 411, 66, 106, 193, 327, 128, 387, 391, 107, 119, 233, 22, 31, 2, 398, 140, 59, 286, 147, 143, 87, 423, 85, 329, 436, 209, 70, 43, 230, 3, 261, 120, 281, 364, 240, 47, 121, 303, 214, 72, 267, 300, 462, 68, 332, 400, 340, 155, 259, 416, 424, 219, 60, 457, 29, 99, 404, 337, 339, 255, 166, 14, 115, 151, 34, 93, 174, 439, 222, 178, 97, 263, 371, 269, 18, 96, 213, 382, 431, 253, 189, 419, 304, 335, 437, 74, 257, 117, 326, 55, 447, 344, 33, 378, 399, 15, 7, 175, 455, 422, 345, 291, 334, 51, 363, 440, 444, 417, 397, 146, 331, 405, 305, 216, 406, 409, 141, 346, 352, 389, 165, 37, 101, 204, 86, 63, 173, 201, 275, 177, 390, 71, 324, 136, 215, 438, 232, 311, 42, 317, 186, 108, 299, 125, 235, 129, 82, 316, 280, 160, 288, 250, 21, 46, 243, 314, 264, 242, 149, 64, 154, 157, 188, 195, 90]
og index list energy: 77111112.90005386
index list: [131, 29, 317, 123, 50, 47, 367, 76, 393, 62, 419, 110, 132, 38, 120, 271, 58, 0, 353, 147, 249, 33, 443, 37, 337, 188, 149, 234, 258, 66, 11, 92, 24, 417, 253, 402, 420, 330, 217, 338, 260, 306, 412, 259, 187, 372, 268, 366, 113, 422, 27, 130, 467, 466, 314, 281, 239, 400, 54, 57, 389, 205, 195, 444, 116, 411, 243, 373, 335, 127, 104, 164, 169, 431, 199, 210, 392, 19, 25, 358, 282, 359, 93, 382, 216, 336, 96, 262, 23, 97, 180, 254, 300, 41, 39, 226, 446, 270, 278, 156, 453, 247, 142, 167, 461, 405, 451, 194, 189, 347, 192, 432, 219, 176, 35, 15, 438, 209, 421, 418, 229, 462, 117, 118, 155, 64, 280, 363, 447, 69, 81, 126, 395, 302, 385, 279, 162, 106, 193, 114, 133, 309, 53, 409, 332, 86, 109, 390, 108, 296, 370, 32, 2, 406, 49, 179, 312, 242, 236, 448, 457, 151, 345, 331, 341, 228, 334, 427, 51, 377, 348, 201, 9, 472, 211, 101, 89, 316, 82, 79, 28, 297, 40, 204, 213, 72, 440, 202, 68, 52, 91, 90, 135, 159, 398, 465, 354, 203, 170, 315, 292, 59, 1, 12, 105, 288, 10, 141, 46, 391, 124, 429, 454, 456, 4, 191, 14, 251, 8, 287, 313, 163, 308, 264, 369, 276, 102, 349, 99, 241, 368, 238, 166, 125, 355, 227, 450, 321, 324, 173, 439, 186, 387, 158, 379, 452, 325, 283, 329, 327, 223, 322, 134, 328, 13, 34, 198, 168, 294, 423, 44, 343, 459, 207, 200, 442, 6, 305, 45, 73, 404, 182, 252, 250, 436, 424, 425, 36, 430, 83, 371, 408, 98, 244, 413, 394, 196, 5, 190, 197, 386, 357, 237, 445, 214, 183, 215, 275, 401, 16, 416, 231, 458, 152, 145, 464, 161, 232, 248, 469, 230, 146, 181, 342, 56, 144, 139, 383, 48, 67, 143, 233, 463, 255, 256, 18, 380, 107, 30, 122, 172, 289, 407, 290, 304, 178, 362, 352, 403, 333, 70, 136, 471, 350, 138, 137, 150, 115, 80, 75, 26, 388, 376, 307, 165, 291, 378, 224, 344, 100, 399, 60, 261, 351, 20, 340, 208, 269, 206, 364, 415, 286, 84, 414, 339, 274, 396, 22, 426, 437, 177, 365, 222, 346, 326, 284, 267, 441, 374, 263, 171, 272, 298, 174, 310, 111, 153, 265, 212, 218, 361, 121, 154, 435, 225, 449, 285, 397, 320, 319, 384, 273, 360, 318, 410, 3, 473, 112, 303, 301, 175, 295, 433, 42, 65, 128, 460, 266, 277, 455, 356, 293, 74, 299, 235, 95, 55, 434, 245, 257, 78, 129, 31, 220, 160, 140, 71, 103, 375, 221, 323, 119, 311, 43, 21, 381, 7, 87, 63, 88, 157, 470, 468, 148, 94, 240, 428, 185, 85, 61, 77, 184, 17, 246]
index list energy: 1627445.4399083229
Done



program ended at: 2019-12-11 20:17:55.931079 
 time delta: 4 days, 23:50:00.004345
