## SLURM PROLOG ###############################################################
##    Job ID : 9199654
##  Job Name : five_day_runs
##  Nodelist : node1148
##      CPUs : 1
##  Mem/Node : 1024 MB
## Directory : /gpfs/data/nfawzi/skale/Fawzi_pycharm_project
##   Started : Fri Dec  6 20:27:56 EST 2019
###############################################################################
program started at:2019-12-06 20:27:56.331178
iterations: 5000000000 temp: 1000000.0 exponent: 0.7 eif: 300.0
time taken (sec): 388900.4479293823
number of iterations: 5000000000
final temperature: 191.58123138056612
og index list: [458, 165, 46, 461, 84, 219, 181, 297, 142, 415, 403, 200, 164, 429, 398, 218, 29, 116, 372, 71, 158, 330, 233, 248, 134, 281, 333, 192, 6, 439, 56, 105, 390, 250, 122, 57, 276, 199, 34, 292, 324, 176, 94, 317, 340, 358, 465, 195, 394, 110, 103, 269, 48, 31, 120, 26, 177, 135, 173, 295, 432, 444, 256, 124, 174, 367, 442, 69, 20, 58, 373, 393, 196, 257, 224, 267, 23, 381, 273, 341, 32, 214, 272, 210, 419, 384, 291, 300, 55, 473, 405, 249, 319, 19, 368, 318, 70, 123, 463, 254, 212, 189, 263, 75, 288, 99, 145, 194, 435, 156, 162, 12, 410, 270, 211, 96, 397, 179, 430, 160, 191, 238, 377, 278, 431, 159, 130, 185, 198, 97, 445, 226, 417, 285, 279, 115, 39, 335, 266, 180, 67, 220, 280, 131, 2, 448, 24, 223, 205, 443, 425, 234, 178, 87, 380, 125, 93, 172, 294, 305, 3, 114, 467, 414, 411, 321, 79, 354, 143, 468, 151, 262, 363, 166, 80, 259, 275, 47, 466, 157, 73, 230, 364, 203, 161, 129, 369, 376, 167, 306, 423, 235, 338, 154, 118, 62, 323, 237, 470, 101, 329, 310, 311, 271, 320, 54, 81, 374, 268, 347, 455, 18, 408, 299, 147, 454, 197, 382, 155, 66, 170, 402, 184, 312, 44, 400, 375, 453, 243, 350, 277, 63, 53, 472, 86, 332, 436, 152, 1, 139, 385, 383, 83, 302, 140, 14, 137, 107, 4, 225, 78, 92, 471, 30, 98, 245, 396, 365, 352, 386, 60, 217, 449, 426, 204, 422, 171, 89, 428, 64, 227, 434, 138, 441, 163, 7, 127, 232, 61, 82, 77, 148, 296, 260, 88, 9, 356, 74, 188, 395, 322, 286, 258, 209, 424, 284, 65, 462, 314, 201, 362, 344, 447, 361, 407, 298, 244, 309, 349, 339, 45, 175, 325, 10, 72, 289, 146, 231, 229, 404, 207, 28, 433, 416, 221, 331, 293, 76, 370, 95, 346, 8, 406, 33, 387, 343, 35, 40, 41, 25, 287, 457, 126, 308, 437, 251, 327, 169, 459, 108, 265, 348, 186, 49, 15, 469, 342, 183, 345, 52, 149, 246, 315, 290, 22, 420, 438, 111, 13, 301, 304, 141, 389, 236, 17, 242, 421, 261, 51, 399, 42, 190, 182, 337, 68, 255, 136, 450, 401, 104, 240, 112, 102, 106, 451, 303, 283, 351, 121, 282, 336, 328, 252, 247, 355, 117, 187, 16, 43, 91, 313, 274, 334, 464, 11, 100, 357, 456, 193, 366, 133, 202, 27, 412, 153, 392, 446, 440, 427, 85, 59, 0, 113, 215, 239, 413, 109, 353, 150, 388, 38, 144, 21, 326, 391, 128, 452, 418, 378, 379, 216, 460, 316, 119, 241, 359, 5, 409, 168, 253, 307, 206, 228, 213, 222, 208, 36, 360, 264, 371, 37, 90, 132, 50]
og index list energy: 117612876.30826753
index list: [234, 205, 257, 216, 322, 227, 350, 76, 107, 301, 279, 462, 235, 302, 433, 29, 48, 67, 400, 147, 249, 33, 456, 32, 2, 420, 224, 170, 97, 286, 84, 395, 269, 452, 168, 388, 442, 321, 324, 99, 383, 370, 173, 140, 323, 220, 221, 381, 113, 171, 6, 344, 44, 408, 294, 374, 0, 59, 341, 100, 428, 250, 36, 463, 116, 386, 335, 419, 247, 328, 104, 164, 169, 444, 5, 260, 369, 160, 382, 225, 282, 404, 53, 34, 407, 202, 75, 315, 24, 259, 180, 254, 300, 41, 39, 226, 413, 364, 64, 155, 346, 229, 118, 117, 393, 445, 342, 194, 189, 447, 263, 427, 219, 176, 35, 15, 376, 209, 425, 196, 453, 54, 391, 130, 256, 69, 380, 237, 401, 264, 402, 280, 71, 154, 365, 121, 218, 336, 43, 114, 371, 255, 101, 283, 325, 23, 188, 398, 187, 291, 275, 351, 337, 93, 49, 179, 312, 57, 162, 411, 361, 416, 228, 331, 399, 345, 85, 61, 77, 439, 349, 201, 9, 431, 211, 472, 192, 21, 417, 214, 28, 334, 40, 126, 135, 81, 340, 245, 68, 52, 91, 90, 134, 296, 409, 437, 174, 203, 191, 115, 303, 175, 295, 12, 105, 136, 10, 123, 373, 241, 339, 348, 366, 449, 37, 446, 14, 251, 238, 78, 313, 129, 297, 157, 379, 148, 318, 273, 319, 285, 242, 274, 311, 185, 183, 316, 448, 233, 367, 435, 278, 352, 262, 333, 424, 131, 119, 217, 239, 314, 281, 193, 165, 310, 38, 389, 198, 284, 326, 468, 18, 441, 470, 207, 200, 378, 27, 139, 144, 403, 79, 89, 60, 384, 368, 138, 450, 455, 298, 83, 82, 142, 167, 244, 109, 440, 210, 199, 197, 190, 412, 150, 80, 112, 70, 429, 4, 186, 465, 267, 26, 375, 392, 152, 145, 231, 161, 434, 132, 458, 95, 73, 45, 387, 106, 268, 305, 236, 3, 55, 141, 248, 232, 356, 88, 87, 63, 270, 240, 317, 172, 289, 438, 290, 304, 178, 471, 451, 360, 265, 163, 308, 460, 459, 287, 288, 377, 98, 414, 396, 30, 338, 330, 212, 357, 110, 120, 65, 128, 358, 42, 222, 261, 466, 467, 347, 20, 31, 206, 353, 430, 19, 25, 421, 354, 13, 436, 208, 153, 464, 181, 422, 252, 16, 443, 182, 258, 11, 92, 66, 149, 385, 94, 166, 125, 111, 195, 372, 133, 469, 56, 306, 307, 243, 122, 215, 397, 432, 320, 390, 276, 102, 461, 457, 62, 426, 7, 47, 343, 292, 158, 418, 22, 355, 146, 230, 46, 266, 277, 415, 362, 293, 74, 299, 108, 124, 213, 405, 159, 17, 184, 8, 271, 58, 454, 327, 329, 223, 359, 177, 423, 272, 86, 253, 309, 1, 103, 50, 406, 332, 246, 363, 151, 410, 72, 137, 473, 51, 394, 96, 156, 127, 143, 204]
index list energy: 1621966.6273274764
Done




program ended at: 2019-12-11 20:17:56.334712 
 time delta: 4 days, 23:50:00.003534
