## SLURM PROLOG ###############################################################
##    Job ID : 3611158
##  Job Name : pypy
##  Nodelist : node1106
##      CPUs : 1
##  Mem/Node : 1024 MB
## Directory : /gpfs/data/nfawzi/skale/Fawzi_pycharm_project
##   Started : Sun Apr 14 12:27:52 EDT 2019
###############################################################################
program started at:2019-04-14 12:27:55.403318
iterations: 1000000 temp: 1000000.0 exponent: 0.7 eif: 300.0
time taken (sec): 84.519948720932
number of iterations: 1000000
og index list: [59, 55, 64, 24, 32, 3, 22, 29, 18, 75, 5, 17, 19, 68, 62, 43, 63, 39, 42, 7, 30, 1, 71, 26, 57, 73, 72, 27, 34, 35, 70, 49, 0, 44, 37, 45, 16, 60, 31, 11, 9, 61, 66, 79, 41, 48, 23, 47, 15, 56, 2, 65, 12, 58, 53, 50, 33, 36, 28, 52, 8, 78, 25, 74, 69, 6, 13, 21, 46, 38, 14, 40, 10, 76, 77, 20, 67, 54, 51, 4]
og index list energy: 78058667.62252413
index list: [58, 49, 37, 38, 39, 79, 72, 1, 2, 6, 7, 8, 9, 10, 67, 0, 73, 74, 42, 17, 18, 19, 20, 21, 22, 23, 24, 25, 26, 27, 28, 29, 30, 31, 32, 57, 48, 34, 35, 36, 64, 65, 66, 14, 5, 44, 45, 46, 47, 78, 59, 60, 61, 62, 11, 12, 52, 53, 54, 55, 56, 77, 43, 3, 4, 15, 63, 76, 33, 50, 51, 13, 16, 75, 68, 69, 70, 71, 40, 41]
index list energy: 535276.4507370428
Done


iterations: 1000000 temp: 1000000.0 exponent: 0.7 eif: 300.0
time taken (sec): 75.14467477798462
number of iterations: 1000000
og index list: [70, 28, 38, 1, 14, 25, 56, 48, 43, 12, 26, 11, 77, 5, 73, 31, 74, 47, 32, 68, 67, 13, 57, 36, 52, 8, 34, 41, 37, 35, 64, 30, 6, 66, 55, 20, 59, 54, 69, 33, 76, 39, 18, 65, 27, 46, 16, 49, 2, 58, 79, 72, 10, 17, 53, 19, 24, 0, 45, 40, 22, 61, 3, 21, 9, 71, 42, 44, 60, 75, 29, 4, 7, 51, 50, 63, 62, 78, 23, 15]
og index list energy: 120616306.53697479
index list: [35, 9, 10, 51, 25, 5, 46, 74, 72, 1, 2, 6, 7, 23, 14, 68, 69, 70, 49, 17, 18, 19, 20, 21, 22, 8, 41, 71, 26, 27, 28, 29, 30, 31, 32, 50, 63, 37, 38, 48, 64, 65, 66, 67, 4, 15, 16, 60, 76, 42, 43, 44, 54, 55, 56, 52, 53, 45, 36, 79, 24, 57, 58, 0, 73, 75, 33, 34, 61, 62, 11, 12, 13, 77, 47, 39, 78, 59, 40, 3]
index list energy: 880882.4436263075
Done


iterations: 1000000 temp: 1000000.0 exponent: 0.7 eif: 300.0
time taken (sec): 75.80214667320251
number of iterations: 1000000
og index list: [6, 7, 70, 16, 29, 45, 24, 1, 63, 23, 11, 66, 0, 8, 19, 36, 20, 9, 4, 25, 54, 13, 75, 15, 5, 64, 55, 76, 37, 21, 48, 12, 74, 3, 71, 42, 32, 43, 49, 38, 79, 30, 46, 77, 28, 27, 22, 31, 78, 41, 34, 51, 67, 69, 62, 39, 56, 18, 40, 65, 14, 52, 44, 47, 17, 35, 60, 72, 2, 53, 33, 68, 58, 59, 73, 61, 50, 10, 57, 26]
og index list energy: 120901643.58335441
index list: [3, 0, 1, 2, 9, 10, 11, 77, 72, 73, 75, 56, 57, 58, 50, 51, 52, 14, 49, 17, 18, 19, 20, 21, 76, 8, 69, 67, 26, 27, 28, 29, 30, 31, 79, 42, 33, 34, 35, 36, 22, 23, 24, 40, 41, 71, 74, 43, 44, 45, 46, 47, 48, 37, 38, 39, 68, 53, 54, 55, 78, 70, 12, 13, 32, 60, 61, 62, 63, 64, 65, 66, 59, 4, 15, 16, 25, 5, 6, 7]
index list energy: 630434.8204846176
Done


iterations: 1000000 temp: 1000000.0 exponent: 0.7 eif: 300.0
time taken (sec): 78.66110372543335
number of iterations: 1000000
og index list: [20, 34, 68, 51, 4, 59, 9, 12, 29, 61, 75, 57, 65, 16, 31, 17, 45, 43, 52, 13, 24, 46, 79, 62, 77, 66, 64, 56, 37, 36, 42, 40, 76, 15, 23, 78, 74, 6, 50, 39, 48, 35, 7, 0, 69, 14, 53, 18, 32, 3, 21, 28, 27, 54, 60, 38, 5, 47, 26, 44, 41, 30, 71, 63, 1, 19, 2, 11, 33, 8, 10, 58, 25, 22, 49, 72, 73, 67, 70, 55]
og index list energy: 132506052.42088379
index list: [72, 1, 2, 9, 10, 75, 14, 79, 7, 8, 51, 52, 70, 71, 50, 11, 12, 13, 32, 77, 15, 19, 20, 21, 22, 23, 24, 25, 26, 27, 28, 29, 30, 31, 6, 53, 54, 34, 35, 36, 37, 38, 39, 4, 5, 3, 40, 74, 67, 68, 69, 42, 33, 76, 43, 41, 78, 47, 48, 55, 56, 57, 58, 49, 59, 60, 61, 62, 63, 64, 65, 66, 17, 18, 46, 73, 0, 44, 45, 16]
index list energy: 625171.0863038162
Done


iterations: 1000000 temp: 1000000.0 exponent: 0.7 eif: 300.0
time taken (sec): 75.1632239818573
number of iterations: 1000000
og index list: [25, 43, 71, 59, 40, 31, 77, 20, 26, 58, 65, 12, 15, 78, 4, 24, 6, 32, 8, 55, 9, 0, 16, 72, 23, 21, 56, 73, 41, 10, 2, 18, 27, 48, 68, 42, 52, 70, 75, 61, 79, 46, 53, 11, 54, 39, 13, 34, 74, 7, 30, 63, 33, 76, 22, 1, 62, 3, 37, 50, 14, 57, 38, 29, 51, 49, 60, 35, 67, 69, 36, 45, 5, 17, 66, 28, 19, 44, 64, 47]
og index list energy: 107979467.94284739
index list: [57, 39, 40, 41, 65, 74, 23, 7, 8, 1, 2, 6, 69, 70, 71, 25, 68, 24, 66, 17, 18, 19, 20, 21, 22, 0, 75, 67, 26, 27, 28, 29, 30, 31, 32, 49, 33, 34, 35, 36, 37, 38, 47, 48, 64, 50, 9, 10, 11, 12, 13, 46, 58, 78, 43, 51, 52, 53, 54, 77, 42, 72, 73, 79, 59, 60, 61, 62, 63, 55, 56, 76, 14, 15, 16, 4, 5, 44, 45, 3]
index list energy: 604845.954908619
Done


iterations: 1000000 temp: 1000000.0 exponent: 0.7 eif: 300.0
time taken (sec): 77.06443452835083
number of iterations: 1000000
og index list: [62, 78, 32, 47, 61, 3, 37, 35, 46, 11, 29, 39, 57, 15, 10, 18, 44, 33, 48, 6, 16, 76, 8, 28, 66, 34, 71, 26, 1, 53, 79, 56, 36, 21, 65, 19, 50, 25, 22, 23, 60, 17, 70, 5, 42, 74, 58, 24, 13, 0, 9, 49, 55, 2, 43, 73, 77, 59, 40, 54, 14, 45, 68, 38, 63, 4, 69, 30, 31, 51, 75, 7, 27, 12, 41, 20, 67, 72, 64, 52]
og index list energy: 103863545.52175927
index list: [8, 9, 10, 11, 76, 42, 72, 1, 2, 16, 12, 13, 32, 78, 14, 15, 3, 40, 6, 7, 77, 59, 20, 21, 22, 23, 24, 25, 26, 27, 28, 29, 30, 31, 46, 47, 48, 34, 35, 36, 0, 73, 4, 5, 41, 49, 44, 45, 74, 70, 71, 57, 58, 79, 43, 51, 52, 53, 54, 55, 56, 75, 17, 18, 19, 60, 61, 62, 63, 64, 65, 66, 67, 68, 69, 33, 37, 38, 39, 50]
index list energy: 543186.9775135897
Done


iterations: 1000000 temp: 1000000.0 exponent: 0.7 eif: 300.0
time taken (sec): 92.54276204109192
number of iterations: 1000000
og index list: [68, 6, 29, 42, 24, 0, 25, 3, 56, 31, 59, 5, 28, 47, 64, 17, 15, 60, 43, 27, 39, 45, 53, 38, 63, 74, 71, 57, 65, 40, 61, 69, 12, 30, 21, 10, 14, 35, 54, 19, 37, 49, 2, 46, 8, 7, 58, 18, 77, 9, 62, 22, 66, 52, 72, 44, 36, 1, 16, 51, 79, 41, 20, 34, 4, 73, 13, 50, 26, 48, 75, 67, 33, 32, 76, 23, 11, 70, 55, 78]
og index list energy: 115238114.58613043
index list: [72, 1, 2, 3, 4, 5, 6, 7, 8, 73, 76, 9, 10, 0, 77, 14, 15, 16, 79, 17, 18, 19, 20, 21, 22, 23, 24, 25, 26, 27, 28, 29, 30, 31, 32, 49, 33, 34, 35, 36, 37, 38, 39, 40, 41, 75, 42, 43, 44, 45, 46, 47, 48, 78, 11, 12, 52, 53, 54, 55, 56, 57, 58, 74, 59, 60, 61, 62, 63, 64, 65, 66, 67, 68, 69, 70, 71, 50, 51, 13]
index list energy: 171006.00221275943
Done


iterations: 1000000 temp: 1000000.0 exponent: 0.7 eif: 300.0
time taken (sec): 85.59713554382324
number of iterations: 1000000
og index list: [11, 54, 74, 5, 79, 76, 38, 40, 66, 7, 10, 48, 16, 3, 34, 36, 25, 33, 53, 8, 28, 78, 6, 20, 37, 77, 57, 55, 26, 2, 17, 61, 52, 71, 47, 15, 64, 29, 27, 50, 56, 46, 70, 62, 43, 30, 69, 59, 0, 42, 58, 22, 68, 21, 14, 32, 60, 1, 23, 4, 65, 12, 39, 31, 63, 13, 35, 51, 9, 24, 18, 49, 75, 44, 73, 72, 67, 45, 41, 19]
og index list energy: 90077718.45187476
index list: [33, 55, 56, 52, 14, 5, 6, 7, 8, 9, 10, 11, 12, 13, 16, 79, 72, 73, 49, 17, 18, 19, 20, 21, 22, 23, 24, 25, 26, 27, 28, 29, 30, 31, 32, 57, 48, 34, 35, 36, 37, 38, 39, 40, 41, 78, 43, 1, 0, 44, 45, 46, 58, 76, 42, 74, 59, 60, 61, 62, 51, 75, 2, 3, 77, 53, 54, 50, 63, 64, 65, 66, 67, 68, 69, 70, 71, 4, 15, 47]
index list energy: 381572.41516012326
Done


iterations: 1000000 temp: 1000000.0 exponent: 0.7 eif: 300.0
time taken (sec): 79.88661575317383
number of iterations: 1000000
og index list: [30, 16, 17, 38, 7, 2, 67, 28, 76, 9, 41, 26, 60, 13, 39, 35, 1, 36, 63, 20, 54, 72, 45, 47, 27, 78, 68, 23, 32, 24, 40, 19, 22, 75, 10, 14, 46, 5, 4, 11, 61, 57, 25, 64, 3, 66, 12, 29, 43, 37, 33, 48, 69, 65, 50, 77, 42, 79, 58, 59, 21, 18, 15, 52, 71, 49, 53, 44, 55, 0, 73, 62, 56, 51, 34, 8, 74, 6, 31, 70]
og index list energy: 109084590.9305851
index list: [43, 1, 2, 3, 4, 5, 6, 7, 8, 9, 10, 11, 12, 13, 32, 78, 17, 18, 41, 71, 74, 19, 20, 21, 22, 23, 24, 25, 26, 27, 28, 29, 30, 31, 76, 42, 33, 34, 35, 36, 37, 38, 39, 68, 69, 72, 73, 79, 44, 45, 46, 47, 48, 0, 50, 51, 52, 53, 54, 55, 56, 57, 58, 49, 59, 60, 61, 62, 63, 64, 65, 66, 70, 77, 67, 75, 14, 15, 16, 40]
index list energy: 310993.12918054993
Done


iterations: 1000000 temp: 1000000.0 exponent: 0.7 eif: 300.0
time taken (sec): 73.79740858078003
number of iterations: 1000000
og index list: [26, 22, 74, 16, 21, 23, 10, 49, 13, 68, 14, 17, 5, 45, 29, 39, 70, 34, 43, 42, 50, 59, 35, 12, 7, 64, 36, 30, 37, 69, 79, 63, 2, 24, 66, 8, 47, 9, 32, 58, 28, 15, 75, 51, 56, 46, 62, 73, 71, 60, 76, 65, 57, 0, 48, 40, 38, 33, 6, 3, 27, 53, 20, 19, 72, 77, 11, 54, 52, 44, 4, 61, 31, 1, 41, 18, 55, 25, 67, 78]
og index list energy: 90696604.55560462
index list: [43, 1, 2, 3, 4, 5, 6, 69, 17, 18, 19, 68, 7, 23, 14, 15, 9, 10, 11, 74, 70, 71, 20, 21, 22, 8, 24, 25, 26, 27, 28, 29, 30, 31, 41, 49, 33, 34, 35, 36, 37, 38, 39, 40, 76, 44, 45, 46, 47, 75, 42, 72, 48, 79, 32, 12, 52, 53, 54, 55, 56, 57, 58, 78, 59, 60, 61, 62, 63, 64, 65, 66, 67, 77, 13, 16, 0, 73, 50, 51]
index list energy: 716464.0351530421
Done


iterations: 1000000 temp: 1000000.0 exponent: 0.7 eif: 300.0
time taken (sec): 69.46182084083557
number of iterations: 1000000
og index list: [62, 18, 0, 11, 54, 58, 15, 39, 23, 53, 47, 29, 46, 35, 51, 7, 36, 59, 57, 38, 10, 27, 49, 5, 79, 69, 2, 24, 78, 77, 9, 71, 76, 70, 44, 66, 61, 73, 72, 40, 28, 19, 65, 22, 63, 21, 16, 68, 14, 60, 25, 20, 26, 3, 13, 75, 1, 50, 45, 34, 12, 37, 8, 56, 4, 67, 30, 42, 43, 33, 17, 52, 74, 31, 64, 32, 41, 48, 55, 6]
og index list energy: 116540050.46845482
index list: [31, 32, 25, 26, 75, 14, 56, 66, 17, 18, 6, 7, 8, 44, 45, 16, 40, 19, 68, 69, 70, 71, 20, 21, 74, 43, 1, 27, 28, 29, 30, 78, 2, 3, 77, 42, 33, 34, 35, 36, 22, 23, 24, 13, 76, 67, 5, 9, 10, 11, 12, 57, 48, 64, 50, 51, 52, 53, 54, 55, 79, 72, 58, 49, 59, 60, 61, 62, 63, 37, 38, 39, 4, 15, 46, 47, 41, 65, 0, 73]
index list energy: 1113079.1414625684
Done


iterations: 1000000 temp: 1000000.0 exponent: 0.7 eif: 300.0
time taken (sec): 74.78707361221313
number of iterations: 1000000
og index list: [0, 73, 69, 4, 40, 36, 44, 23, 46, 42, 27, 34, 15, 79, 54, 50, 33, 5, 35, 10, 71, 78, 67, 30, 26, 28, 76, 3, 21, 60, 25, 31, 13, 38, 72, 65, 6, 43, 9, 41, 58, 77, 63, 19, 29, 66, 37, 1, 70, 17, 62, 52, 45, 74, 49, 68, 53, 51, 56, 57, 75, 59, 20, 14, 16, 2, 48, 22, 12, 61, 18, 55, 11, 7, 39, 47, 64, 24, 32, 8]
og index list energy: 115031080.52113047
index list: [8, 9, 10, 11, 12, 13, 6, 7, 0, 73, 50, 63, 55, 56, 66, 72, 44, 45, 46, 1, 18, 19, 20, 21, 22, 23, 24, 25, 26, 27, 28, 29, 30, 31, 32, 49, 33, 34, 35, 36, 37, 38, 39, 40, 41, 79, 43, 51, 52, 75, 59, 60, 61, 62, 69, 14, 5, 47, 48, 64, 65, 57, 78, 67, 68, 53, 54, 77, 58, 74, 17, 2, 3, 76, 42, 70, 71, 4, 15, 16]
index list energy: 587747.2018181322
Done


iterations: 1000000 temp: 1000000.0 exponent: 0.7 eif: 300.0
time taken (sec): 72.59510087966919
number of iterations: 1000000
og index list: [38, 64, 65, 56, 57, 45, 15, 22, 51, 55, 6, 9, 30, 24, 35, 47, 5, 40, 2, 31, 1, 25, 59, 50, 3, 77, 49, 67, 42, 74, 28, 21, 44, 13, 46, 41, 27, 61, 78, 68, 34, 4, 72, 14, 69, 17, 48, 53, 73, 19, 70, 29, 23, 62, 0, 33, 20, 37, 60, 63, 76, 18, 11, 52, 75, 71, 8, 79, 39, 54, 26, 7, 36, 66, 10, 32, 12, 43, 58, 16]
og index list energy: 107621731.76233721
index list: [18, 1, 2, 9, 10, 11, 76, 17, 50, 51, 52, 53, 75, 67, 68, 69, 42, 43, 3, 4, 5, 19, 20, 21, 22, 23, 24, 25, 26, 27, 28, 29, 30, 31, 32, 49, 33, 34, 35, 54, 64, 12, 13, 74, 70, 65, 66, 59, 7, 8, 44, 45, 36, 79, 72, 73, 78, 0, 58, 77, 47, 48, 37, 38, 39, 60, 61, 62, 63, 55, 56, 57, 6, 14, 15, 46, 41, 71, 40, 16]
index list energy: 762365.9050323557
Done


iterations: 1000000 temp: 1000000.0 exponent: 0.7 eif: 300.0
time taken (sec): 69.47366309165955
number of iterations: 1000000
og index list: [15, 20, 59, 65, 52, 25, 58, 9, 48, 18, 79, 72, 51, 29, 8, 16, 63, 14, 26, 22, 42, 31, 56, 10, 27, 32, 67, 38, 28, 12, 37, 46, 75, 24, 66, 1, 55, 60, 6, 74, 50, 61, 69, 45, 47, 4, 7, 33, 30, 19, 77, 11, 43, 64, 53, 54, 78, 21, 36, 44, 35, 5, 39, 76, 40, 23, 68, 49, 34, 70, 17, 73, 2, 41, 71, 13, 0, 62, 3, 57]
og index list energy: 106049488.8931929
index list: [18, 1, 2, 51, 57, 73, 79, 7, 8, 9, 10, 63, 55, 56, 52, 14, 15, 19, 68, 69, 72, 16, 20, 21, 22, 23, 24, 25, 26, 27, 28, 29, 30, 31, 32, 74, 33, 34, 35, 36, 37, 38, 76, 42, 43, 3, 4, 5, 44, 45, 6, 53, 54, 64, 65, 66, 67, 0, 58, 78, 70, 75, 17, 49, 59, 60, 61, 77, 48, 62, 11, 12, 13, 46, 47, 39, 40, 41, 71, 50]
index list energy: 637132.5182966166
Done


iterations: 1000000 temp: 1000000.0 exponent: 0.7 eif: 300.0
time taken (sec): 75.32406687736511
number of iterations: 1000000
og index list: [78, 33, 71, 32, 48, 27, 16, 50, 17, 74, 30, 36, 75, 65, 6, 38, 4, 3, 59, 1, 10, 55, 47, 44, 34, 45, 49, 25, 51, 62, 64, 21, 26, 60, 73, 67, 39, 8, 12, 79, 52, 37, 22, 46, 31, 56, 61, 0, 76, 72, 35, 42, 29, 40, 24, 14, 70, 18, 9, 41, 23, 20, 68, 15, 58, 11, 54, 77, 66, 28, 69, 57, 43, 2, 13, 63, 53, 7, 5, 19]
og index list energy: 104324884.05109711
index list: [12, 13, 46, 47, 39, 0, 73, 77, 43, 6, 7, 8, 9, 10, 11, 75, 59, 68, 69, 17, 18, 19, 20, 21, 76, 72, 41, 71, 26, 27, 28, 29, 30, 31, 32, 57, 58, 50, 79, 33, 22, 23, 24, 40, 51, 52, 53, 54, 55, 56, 25, 60, 61, 34, 35, 3, 4, 15, 36, 37, 38, 1, 2, 44, 45, 78, 48, 62, 63, 64, 65, 66, 67, 74, 14, 5, 16, 49, 42, 70]
index list energy: 711559.2146328129
Done


iterations: 1000000 temp: 1000000.0 exponent: 0.7 eif: 300.0
time taken (sec): 93.84763240814209
number of iterations: 1000000
og index list: [38, 67, 54, 33, 61, 39, 53, 37, 75, 6, 71, 76, 69, 8, 27, 59, 64, 4, 17, 70, 55, 28, 52, 66, 14, 60, 2, 1, 68, 21, 57, 63, 44, 79, 40, 78, 58, 47, 72, 19, 74, 46, 50, 42, 35, 18, 11, 32, 26, 48, 16, 73, 77, 45, 43, 0, 15, 5, 25, 22, 20, 30, 31, 23, 29, 3, 12, 10, 24, 41, 36, 65, 7, 62, 13, 49, 9, 51, 56, 34]
og index list energy: 121936526.67171761
index list: [16, 12, 13, 76, 14, 5, 6, 7, 8, 9, 10, 11, 77, 42, 72, 73, 78, 47, 49, 17, 18, 19, 20, 21, 22, 23, 24, 25, 26, 27, 28, 29, 30, 31, 32, 79, 33, 34, 35, 36, 37, 38, 39, 40, 41, 75, 43, 1, 2, 44, 45, 46, 48, 0, 50, 51, 52, 53, 54, 55, 56, 57, 58, 74, 59, 60, 61, 62, 63, 64, 65, 66, 67, 68, 69, 70, 71, 4, 15, 3]
index list energy: 244345.53758602575
Done


iterations: 1000000 temp: 1000000.0 exponent: 0.7 eif: 300.0
time taken (sec): 66.26232147216797
number of iterations: 1000000
og index list: [59, 9, 46, 36, 31, 60, 42, 72, 67, 19, 10, 25, 5, 18, 57, 43, 4, 44, 35, 50, 3, 66, 65, 13, 26, 45, 70, 22, 54, 33, 8, 51, 37, 55, 12, 49, 53, 34, 64, 39, 38, 78, 75, 73, 0, 23, 32, 74, 58, 79, 20, 71, 61, 47, 6, 48, 62, 27, 30, 11, 56, 15, 52, 14, 41, 24, 1, 40, 21, 16, 63, 2, 69, 7, 28, 77, 29, 68, 76, 17]
og index list energy: 89938222.71980694
index list: [47, 1, 2, 74, 42, 72, 73, 78, 70, 71, 68, 69, 33, 37, 38, 39, 4, 56, 66, 17, 18, 19, 20, 21, 22, 23, 24, 75, 67, 26, 77, 27, 28, 29, 30, 31, 48, 34, 35, 36, 0, 41, 65, 57, 3, 40, 6, 14, 15, 16, 25, 5, 58, 76, 43, 9, 52, 53, 54, 55, 79, 7, 8, 49, 59, 60, 61, 62, 63, 64, 50, 44, 45, 51, 10, 11, 12, 13, 46, 32]
index list energy: 1131437.7291629708
Done


iterations: 1000000 temp: 1000000.0 exponent: 0.7 eif: 300.0
time taken (sec): 75.70140171051025
number of iterations: 1000000
og index list: [42, 3, 20, 25, 41, 17, 4, 49, 72, 48, 65, 28, 71, 47, 27, 8, 38, 74, 5, 14, 51, 22, 18, 76, 54, 64, 2, 10, 6, 11, 73, 52, 12, 63, 66, 23, 68, 1, 78, 67, 26, 44, 61, 79, 15, 53, 16, 46, 19, 30, 45, 57, 35, 7, 56, 40, 75, 32, 31, 36, 77, 58, 24, 69, 62, 43, 55, 0, 29, 13, 37, 21, 50, 59, 39, 70, 9, 60, 33, 34]
og index list energy: 80683076.85389262
index list: [41, 65, 66, 67, 4, 5, 6, 7, 8, 9, 10, 11, 0, 50, 69, 17, 75, 42, 43, 1, 18, 19, 20, 21, 22, 23, 24, 25, 26, 27, 28, 29, 30, 31, 32, 78, 33, 34, 35, 36, 37, 38, 39, 40, 16, 57, 73, 74, 12, 13, 46, 47, 58, 79, 2, 51, 52, 53, 54, 76, 72, 48, 64, 49, 59, 60, 61, 62, 63, 55, 56, 77, 70, 71, 68, 14, 15, 44, 45, 3]
index list energy: 529496.1324584903
Done


iterations: 1000000 temp: 1000000.0 exponent: 0.7 eif: 300.0
time taken (sec): 82.55383443832397
number of iterations: 1000000
og index list: [66, 47, 7, 72, 29, 43, 24, 53, 25, 63, 36, 9, 13, 12, 38, 70, 77, 61, 60, 55, 21, 20, 18, 19, 4, 49, 56, 44, 46, 27, 35, 23, 8, 22, 0, 48, 1, 3, 76, 10, 69, 37, 67, 45, 34, 30, 51, 59, 39, 28, 11, 62, 68, 42, 50, 16, 26, 6, 5, 40, 31, 2, 17, 52, 32, 71, 33, 73, 75, 74, 64, 58, 15, 57, 54, 14, 41, 79, 78, 65]
og index list energy: 126242538.73715872
index list: [42, 43, 44, 45, 46, 47, 74, 7, 8, 3, 78, 70, 71, 40, 6, 50, 0, 73, 75, 17, 18, 19, 20, 21, 22, 23, 24, 25, 26, 27, 28, 29, 30, 31, 32, 77, 33, 37, 38, 48, 64, 12, 13, 41, 65, 66, 67, 68, 69, 72, 1, 2, 36, 34, 35, 51, 52, 53, 54, 55, 56, 57, 58, 49, 59, 60, 61, 62, 63, 76, 14, 15, 9, 10, 11, 79, 39, 4, 5, 16]
index list energy: 431810.37028304837
Done


iterations: 1000000 temp: 1000000.0 exponent: 0.7 eif: 300.0
time taken (sec): 80.04991269111633
number of iterations: 1000000
og index list: [9, 34, 44, 16, 26, 79, 74, 52, 46, 49, 39, 76, 10, 22, 58, 23, 13, 24, 4, 8, 63, 20, 17, 19, 54, 72, 3, 30, 50, 61, 78, 59, 15, 1, 77, 2, 31, 60, 7, 68, 42, 67, 14, 57, 41, 70, 65, 5, 21, 18, 71, 28, 45, 53, 75, 29, 25, 47, 6, 36, 37, 69, 51, 38, 56, 62, 33, 0, 64, 27, 43, 35, 73, 32, 48, 12, 66, 55, 40, 11]
og index list energy: 100755372.46297021
index list: [46, 1, 2, 3, 4, 5, 6, 7, 8, 76, 69, 70, 71, 77, 42, 43, 75, 67, 68, 17, 18, 19, 20, 21, 22, 23, 24, 25, 26, 27, 28, 29, 30, 31, 44, 45, 36, 37, 38, 48, 0, 73, 78, 14, 15, 9, 10, 11, 12, 13, 32, 74, 33, 34, 35, 51, 52, 53, 54, 55, 56, 57, 58, 49, 59, 60, 61, 62, 63, 64, 65, 66, 72, 47, 39, 79, 16, 40, 41, 50]
index list energy: 432843.80427638645
Done


iterations: 1000000 temp: 1000000.0 exponent: 0.7 eif: 300.0
time taken (sec): 76.26110005378723
number of iterations: 1000000
og index list: [44, 26, 48, 65, 30, 7, 39, 31, 78, 55, 29, 62, 36, 0, 3, 73, 40, 77, 11, 4, 58, 49, 24, 45, 25, 10, 51, 70, 50, 72, 69, 32, 68, 60, 13, 6, 22, 46, 53, 47, 1, 63, 75, 61, 35, 20, 79, 42, 28, 54, 33, 19, 2, 74, 66, 9, 52, 38, 37, 56, 43, 59, 12, 27, 18, 71, 57, 5, 21, 64, 67, 15, 23, 76, 16, 41, 14, 17, 34, 8]
og index list energy: 123569602.08545457
index list: [43, 1, 2, 3, 4, 5, 6, 7, 8, 69, 17, 18, 19, 15, 9, 10, 11, 12, 13, 78, 72, 73, 74, 48, 22, 23, 24, 25, 26, 27, 28, 29, 30, 31, 32, 76, 33, 34, 35, 36, 37, 38, 0, 44, 45, 16, 20, 57, 47, 39, 40, 46, 58, 77, 41, 71, 75, 60, 61, 62, 51, 52, 14, 49, 42, 70, 21, 50, 63, 64, 65, 66, 67, 68, 53, 54, 55, 56, 79, 59]
index list energy: 632167.6426727686
Done


iterations: 1000000 temp: 1000000.0 exponent: 0.7 eif: 300.0
time taken (sec): 73.3030936717987
number of iterations: 1000000
og index list: [42, 55, 41, 61, 11, 18, 72, 30, 22, 71, 15, 52, 3, 37, 4, 27, 39, 60, 64, 49, 19, 48, 76, 7, 20, 33, 36, 73, 43, 32, 46, 57, 9, 40, 1, 69, 59, 23, 29, 70, 75, 35, 65, 10, 45, 26, 53, 47, 78, 5, 50, 63, 2, 54, 38, 13, 77, 6, 68, 14, 66, 62, 67, 21, 79, 31, 34, 44, 16, 0, 8, 12, 74, 25, 58, 56, 17, 24, 28, 51]
og index list energy: 109333855.3515209
index list: [6, 7, 8, 69, 70, 71, 66, 17, 18, 19, 20, 12, 13, 16, 15, 9, 10, 11, 49, 67, 68, 59, 60, 61, 62, 78, 24, 25, 26, 27, 28, 29, 30, 31, 32, 50, 63, 37, 38, 48, 22, 23, 72, 1, 2, 3, 4, 5, 51, 57, 58, 74, 33, 34, 35, 46, 44, 45, 36, 55, 77, 42, 43, 79, 52, 53, 54, 64, 21, 76, 39, 0, 73, 75, 14, 56, 40, 47, 41, 65]
index list energy: 932820.5756718365
Done


iterations: 1000000 temp: 1000000.0 exponent: 0.7 eif: 300.0
time taken (sec): 81.9825370311737
number of iterations: 1000000
og index list: [42, 10, 70, 60, 5, 49, 24, 20, 62, 50, 13, 59, 46, 41, 6, 57, 17, 58, 72, 26, 73, 78, 47, 69, 25, 48, 39, 33, 16, 76, 18, 22, 52, 2, 63, 7, 21, 55, 67, 11, 44, 29, 34, 9, 40, 35, 8, 12, 31, 37, 30, 45, 56, 38, 36, 32, 68, 75, 4, 28, 23, 19, 65, 54, 51, 74, 53, 3, 77, 0, 61, 43, 64, 27, 1, 15, 66, 14, 71, 79]
og index list energy: 110595791.57814585
index list: [72, 1, 2, 3, 4, 5, 6, 7, 8, 9, 10, 11, 76, 42, 70, 71, 12, 13, 46, 77, 18, 19, 20, 21, 22, 23, 24, 25, 26, 27, 28, 29, 30, 31, 32, 49, 33, 37, 38, 48, 64, 39, 40, 41, 65, 66, 67, 68, 69, 43, 44, 45, 36, 34, 35, 51, 52, 53, 54, 55, 50, 78, 17, 79, 59, 60, 61, 62, 63, 0, 73, 74, 14, 15, 16, 75, 56, 57, 47, 58]
index list energy: 539269.3216678035
Done


iterations: 1000000 temp: 1000000.0 exponent: 0.7 eif: 300.0
time taken (sec): 69.72206330299377
number of iterations: 1000000
og index list: [45, 79, 9, 15, 55, 69, 54, 2, 72, 49, 59, 65, 43, 48, 39, 27, 26, 76, 24, 25, 10, 20, 31, 28, 62, 68, 51, 53, 64, 33, 7, 40, 52, 66, 23, 60, 4, 3, 1, 32, 41, 67, 78, 35, 46, 22, 11, 44, 47, 63, 77, 42, 19, 6, 8, 0, 21, 30, 37, 16, 74, 50, 70, 58, 71, 73, 14, 29, 38, 17, 36, 18, 61, 5, 57, 12, 75, 13, 34, 56]
og index list energy: 106245360.15506026
index list: [8, 69, 43, 16, 12, 79, 72, 1, 2, 46, 47, 39, 4, 5, 3, 77, 59, 20, 49, 17, 18, 19, 60, 61, 62, 76, 11, 25, 26, 27, 28, 29, 30, 31, 44, 45, 36, 37, 38, 48, 22, 23, 24, 66, 67, 68, 14, 15, 41, 71, 74, 42, 33, 34, 35, 9, 52, 53, 54, 55, 56, 57, 58, 50, 51, 10, 63, 64, 21, 0, 73, 75, 70, 78, 13, 32, 65, 40, 6, 7]
index list energy: 818999.4319953284
Done


iterations: 1000000 temp: 1000000.0 exponent: 0.7 eif: 300.0
time taken (sec): 74.18855285644531
number of iterations: 1000000
og index list: [69, 1, 17, 67, 0, 73, 31, 35, 2, 7, 46, 3, 9, 77, 53, 25, 59, 55, 21, 58, 38, 26, 11, 74, 12, 62, 28, 30, 41, 19, 39, 48, 33, 43, 50, 20, 52, 70, 23, 60, 78, 8, 57, 32, 76, 18, 61, 4, 79, 16, 29, 47, 51, 13, 15, 22, 66, 72, 45, 10, 63, 64, 49, 56, 14, 44, 6, 36, 34, 27, 5, 54, 42, 40, 71, 68, 75, 65, 24, 37]
og index list energy: 130312142.91645142
index list: [5, 0, 1, 2, 3, 40, 6, 7, 8, 9, 10, 11, 12, 13, 32, 74, 41, 65, 66, 17, 18, 19, 50, 63, 22, 23, 24, 25, 26, 27, 28, 29, 30, 31, 75, 42, 33, 34, 35, 36, 37, 38, 39, 76, 70, 71, 79, 43, 44, 45, 46, 47, 48, 78, 67, 68, 59, 60, 61, 62, 51, 57, 58, 49, 69, 53, 54, 64, 21, 55, 56, 52, 14, 77, 72, 73, 4, 15, 16, 20]
index list energy: 447442.8533752302
Done


iterations: 1000000 temp: 1000000.0 exponent: 0.7 eif: 300.0
time taken (sec): 67.57854509353638
number of iterations: 1000000
og index list: [1, 2, 65, 61, 10, 42, 78, 75, 37, 33, 28, 55, 13, 57, 40, 73, 50, 74, 76, 68, 79, 72, 43, 54, 41, 70, 71, 7, 44, 20, 51, 19, 16, 63, 5, 66, 6, 11, 35, 46, 47, 15, 36, 38, 56, 25, 64, 26, 17, 24, 4, 22, 52, 27, 34, 12, 21, 69, 0, 39, 67, 48, 31, 45, 62, 3, 18, 53, 9, 23, 59, 49, 30, 14, 60, 32, 29, 77, 8, 58]
og index list energy: 89254045.74973299
index list: [47, 39, 40, 41, 65, 66, 42, 17, 18, 19, 49, 67, 68, 69, 72, 73, 76, 24, 0, 1, 2, 3, 20, 21, 22, 23, 70, 71, 25, 26, 75, 7, 8, 44, 45, 46, 48, 34, 35, 36, 37, 38, 78, 5, 9, 10, 11, 12, 13, 16, 4, 77, 33, 74, 43, 51, 52, 53, 54, 55, 56, 57, 58, 50, 59, 60, 61, 62, 63, 64, 79, 27, 28, 29, 30, 31, 6, 14, 15, 32]
index list energy: 699055.8319890028
Done


iterations: 1000000 temp: 1000000.0 exponent: 0.7 eif: 300.0
time taken (sec): 77.12835550308228
number of iterations: 1000000
og index list: [20, 32, 33, 12, 38, 40, 57, 49, 61, 47, 39, 7, 28, 8, 36, 4, 18, 16, 22, 53, 25, 75, 27, 15, 43, 54, 29, 41, 24, 3, 52, 1, 42, 74, 79, 50, 13, 34, 2, 35, 67, 69, 9, 30, 68, 63, 46, 66, 78, 76, 59, 21, 5, 60, 72, 58, 71, 73, 48, 37, 64, 77, 56, 55, 70, 19, 11, 14, 51, 6, 45, 26, 10, 62, 31, 44, 17, 0, 23, 65]
og index list energy: 112885963.65180342
index list: [8, 51, 52, 14, 15, 41, 0, 1, 2, 9, 10, 11, 12, 13, 16, 79, 7, 75, 42, 17, 18, 19, 20, 21, 22, 23, 24, 25, 26, 27, 28, 29, 30, 31, 32, 74, 58, 50, 77, 33, 37, 38, 78, 70, 71, 68, 69, 43, 44, 45, 46, 47, 48, 34, 35, 3, 4, 5, 36, 55, 56, 57, 73, 49, 59, 60, 61, 62, 63, 64, 65, 66, 67, 76, 72, 39, 40, 6, 53, 54]
index list energy: 413694.8876329055
Done


iterations: 1000000 temp: 1000000.0 exponent: 0.7 eif: 300.0
time taken (sec): 82.31215238571167
number of iterations: 1000000
og index list: [44, 29, 12, 74, 48, 26, 4, 57, 3, 64, 14, 19, 62, 70, 78, 79, 59, 39, 42, 55, 51, 75, 10, 52, 46, 72, 24, 31, 27, 11, 28, 73, 9, 58, 7, 40, 61, 50, 43, 20, 38, 71, 30, 13, 25, 77, 37, 22, 41, 33, 67, 63, 66, 47, 49, 60, 56, 15, 8, 69, 68, 18, 45, 21, 36, 53, 2, 54, 34, 32, 23, 1, 65, 76, 5, 35, 0, 17, 6, 16]
og index list energy: 133564379.64380154
index list: [35, 16, 74, 42, 72, 73, 0, 1, 2, 3, 4, 5, 9, 10, 11, 12, 13, 6, 76, 17, 18, 19, 20, 21, 22, 23, 24, 25, 26, 27, 28, 29, 30, 31, 32, 50, 63, 37, 38, 48, 64, 65, 66, 67, 68, 69, 59, 60, 75, 43, 44, 45, 36, 77, 7, 8, 79, 53, 54, 55, 56, 57, 58, 49, 70, 78, 33, 34, 61, 62, 51, 52, 14, 15, 46, 47, 39, 40, 41, 71]
index list energy: 493016.5893116353
Done


iterations: 1000000 temp: 1000000.0 exponent: 0.7 eif: 300.0
time taken (sec): 73.8639783859253
number of iterations: 1000000
og index list: [42, 26, 65, 15, 31, 10, 4, 63, 11, 0, 29, 73, 79, 6, 66, 36, 75, 47, 16, 12, 46, 17, 19, 7, 48, 78, 21, 22, 68, 24, 52, 18, 58, 3, 5, 34, 70, 44, 55, 57, 54, 14, 59, 56, 69, 77, 62, 40, 45, 20, 9, 30, 71, 39, 50, 72, 8, 53, 64, 38, 1, 76, 51, 37, 43, 23, 2, 67, 60, 32, 28, 27, 61, 25, 74, 33, 35, 41, 49, 13]
og index list energy: 124518759.40816432
index list: [8, 9, 10, 51, 52, 70, 0, 1, 2, 3, 40, 41, 65, 66, 43, 6, 7, 74, 69, 17, 18, 19, 20, 21, 22, 23, 24, 25, 26, 27, 28, 29, 30, 31, 75, 42, 33, 34, 35, 36, 37, 38, 39, 4, 5, 44, 45, 46, 58, 76, 59, 60, 61, 62, 11, 12, 57, 47, 48, 55, 56, 13, 77, 67, 68, 53, 54, 50, 63, 64, 71, 78, 32, 79, 72, 73, 49, 14, 15, 16]
index list energy: 452783.09748693404
Done


iterations: 1000000 temp: 1000000.0 exponent: 0.7 eif: 300.0
time taken (sec): 71.91866397857666
number of iterations: 1000000
og index list: [57, 50, 52, 46, 11, 35, 71, 75, 44, 6, 2, 47, 36, 74, 4, 38, 78, 26, 79, 76, 16, 13, 58, 33, 68, 43, 77, 9, 39, 55, 21, 72, 66, 29, 24, 65, 3, 56, 59, 14, 60, 67, 1, 49, 15, 41, 45, 54, 48, 25, 62, 51, 18, 27, 42, 20, 17, 8, 53, 31, 63, 40, 12, 10, 32, 69, 5, 22, 0, 19, 23, 7, 70, 37, 30, 34, 64, 28, 61, 73]
og index list energy: 87332728.60409182
index list: [14, 15, 46, 3, 4, 56, 57, 1, 2, 16, 77, 67, 5, 58, 0, 6, 7, 8, 69, 17, 18, 19, 20, 21, 22, 23, 24, 25, 26, 27, 28, 29, 30, 31, 44, 45, 36, 34, 78, 33, 37, 38, 73, 50, 9, 10, 11, 12, 52, 53, 54, 55, 49, 35, 51, 13, 75, 72, 48, 64, 65, 66, 59, 68, 70, 71, 60, 79, 61, 62, 63, 74, 32, 76, 42, 43, 47, 39, 40, 41]
index list energy: 752894.7644828014
Done


iterations: 1000000 temp: 1000000.0 exponent: 0.7 eif: 300.0
time taken (sec): 82.07536816596985
number of iterations: 1000000
og index list: [24, 30, 63, 41, 37, 27, 16, 42, 39, 4, 29, 28, 12, 79, 15, 36, 56, 77, 53, 25, 23, 49, 35, 46, 18, 34, 66, 74, 51, 10, 32, 43, 8, 14, 78, 75, 52, 45, 26, 40, 54, 64, 72, 1, 67, 61, 58, 44, 22, 2, 31, 70, 21, 65, 38, 13, 0, 71, 9, 60, 50, 62, 55, 57, 47, 20, 7, 69, 68, 6, 17, 73, 3, 5, 33, 76, 11, 48, 59, 19]
og index list energy: 88628469.99474756
index list: [72, 1, 2, 16, 75, 70, 76, 7, 8, 9, 10, 11, 12, 13, 32, 50, 78, 65, 66, 17, 18, 19, 20, 21, 22, 23, 24, 25, 26, 27, 28, 29, 30, 31, 46, 47, 48, 77, 42, 33, 37, 38, 39, 40, 3, 4, 15, 6, 79, 43, 44, 45, 36, 34, 35, 51, 52, 53, 54, 55, 56, 57, 58, 49, 59, 60, 61, 62, 63, 64, 74, 67, 68, 69, 14, 5, 41, 71, 0, 73]
index list energy: 374811.9264382648
Done


iterations: 1000000 temp: 1000000.0 exponent: 0.7 eif: 300.0
time taken (sec): 59.690481424331665
number of iterations: 1000000
og index list: [69, 45, 44, 23, 42, 24, 41, 32, 27, 21, 72, 0, 38, 53, 50, 16, 70, 11, 17, 14, 28, 74, 37, 40, 36, 9, 60, 4, 61, 33, 46, 63, 49, 8, 7, 12, 79, 65, 15, 47, 52, 62, 30, 39, 26, 78, 76, 13, 35, 57, 56, 29, 51, 75, 3, 1, 34, 64, 10, 19, 68, 2, 25, 18, 43, 67, 6, 59, 73, 48, 71, 5, 58, 54, 66, 55, 31, 20, 22, 77]
og index list energy: 100938110.05400512
index list: [42, 17, 18, 19, 68, 69, 14, 79, 59, 26, 2, 3, 4, 5, 6, 7, 8, 51, 13, 49, 70, 50, 77, 33, 78, 43, 1, 27, 28, 29, 30, 75, 72, 73, 76, 31, 36, 37, 38, 48, 22, 23, 24, 25, 15, 9, 10, 11, 12, 57, 58, 74, 54, 34, 35, 41, 71, 20, 21, 64, 65, 66, 67, 0, 16, 60, 61, 62, 63, 55, 56, 52, 53, 46, 47, 39, 40, 44, 45, 32]
index list energy: 1172325.8891571872
Done


iterations: 1000000 temp: 1000000.0 exponent: 0.7 eif: 300.0
time taken (sec): 73.74770641326904
number of iterations: 1000000
og index list: [27, 16, 5, 44, 56, 49, 7, 55, 36, 1, 68, 61, 40, 11, 32, 78, 64, 79, 8, 62, 52, 60, 23, 76, 41, 63, 39, 21, 45, 18, 53, 38, 3, 70, 75, 22, 46, 43, 71, 59, 29, 69, 15, 19, 73, 72, 35, 47, 4, 20, 67, 6, 28, 24, 50, 13, 65, 42, 31, 37, 26, 10, 48, 2, 12, 33, 66, 34, 0, 54, 77, 25, 17, 14, 30, 51, 57, 74, 9, 58]
og index list energy: 105854519.19555351
index list: [14, 15, 16, 79, 67, 68, 0, 1, 2, 3, 40, 6, 7, 30, 31, 77, 43, 9, 52, 17, 18, 41, 76, 36, 22, 23, 24, 25, 26, 27, 28, 29, 8, 69, 42, 53, 54, 55, 56, 21, 37, 38, 39, 4, 5, 19, 20, 74, 70, 71, 57, 47, 48, 50, 51, 10, 11, 75, 58, 78, 33, 34, 35, 49, 59, 60, 61, 62, 63, 64, 65, 66, 72, 44, 45, 32, 12, 13, 46, 73]
index list energy: 1201366.1317562663
Done


iterations: 1000000 temp: 1000000.0 exponent: 0.7 eif: 300.0
time taken (sec): 71.45617365837097
number of iterations: 1000000
og index list: [8, 78, 14, 12, 40, 76, 30, 66, 62, 22, 61, 7, 24, 63, 33, 65, 20, 44, 0, 34, 60, 29, 45, 50, 18, 32, 15, 67, 35, 10, 77, 54, 69, 26, 52, 17, 9, 68, 73, 64, 36, 42, 11, 48, 16, 4, 55, 49, 58, 27, 2, 13, 56, 43, 3, 1, 39, 38, 19, 71, 37, 5, 74, 28, 25, 6, 47, 23, 72, 41, 53, 59, 21, 79, 70, 31, 46, 75, 57, 51]
og index list energy: 143565991.16941217
index list: [42, 72, 1, 2, 19, 20, 78, 17, 18, 6, 7, 8, 77, 70, 71, 4, 56, 57, 73, 50, 51, 10, 11, 21, 22, 23, 24, 25, 26, 27, 28, 29, 30, 31, 32, 49, 33, 34, 35, 36, 37, 38, 39, 40, 41, 65, 66, 43, 44, 45, 46, 47, 58, 76, 15, 9, 52, 53, 54, 55, 75, 14, 5, 0, 3, 60, 61, 62, 63, 79, 48, 64, 12, 13, 16, 74, 69, 67, 68, 59]
index list energy: 604263.6663852956
Done


iterations: 1000000 temp: 1000000.0 exponent: 0.7 eif: 300.0
time taken (sec): 79.60883975028992
number of iterations: 1000000
og index list: [0, 46, 61, 77, 8, 44, 62, 69, 43, 73, 47, 19, 31, 40, 18, 50, 27, 49, 53, 59, 30, 64, 3, 76, 45, 24, 12, 21, 36, 13, 60, 75, 23, 15, 55, 68, 14, 79, 10, 52, 66, 32, 72, 63, 39, 5, 71, 7, 41, 26, 56, 20, 42, 67, 1, 4, 34, 48, 78, 29, 38, 17, 9, 58, 37, 25, 2, 6, 22, 16, 51, 74, 33, 28, 57, 65, 70, 11, 54, 35]
og index list energy: 98352485.57627743
index list: [35, 78, 14, 75, 43, 47, 0, 1, 2, 6, 7, 8, 16, 12, 13, 46, 39, 77, 42, 17, 18, 19, 20, 21, 22, 23, 24, 25, 26, 27, 28, 29, 30, 31, 44, 45, 36, 37, 38, 48, 74, 3, 4, 68, 69, 70, 71, 5, 9, 10, 11, 79, 33, 34, 50, 51, 52, 53, 54, 55, 56, 57, 58, 49, 59, 60, 61, 62, 63, 64, 65, 40, 41, 76, 72, 73, 66, 67, 15, 32]
index list energy: 526635.5997982734
Done


iterations: 1000000 temp: 1000000.0 exponent: 0.7 eif: 300.0
time taken (sec): 75.53627681732178
number of iterations: 1000000
og index list: [14, 66, 23, 74, 33, 11, 10, 0, 51, 57, 67, 21, 32, 31, 59, 29, 40, 50, 36, 5, 62, 55, 34, 77, 42, 3, 76, 39, 6, 75, 63, 37, 26, 44, 54, 12, 65, 18, 56, 28, 71, 60, 52, 45, 20, 13, 72, 49, 64, 25, 16, 9, 27, 73, 7, 43, 8, 15, 4, 78, 79, 41, 35, 61, 30, 53, 17, 24, 1, 47, 69, 22, 46, 19, 68, 38, 48, 2, 70, 58]
og index list energy: 116645858.57886885
index list: [43, 1, 2, 32, 12, 13, 6, 7, 8, 9, 10, 11, 75, 41, 71, 40, 77, 42, 49, 17, 18, 19, 20, 21, 22, 23, 24, 25, 26, 27, 28, 29, 30, 31, 44, 45, 36, 37, 74, 33, 34, 35, 3, 4, 56, 52, 69, 70, 57, 79, 72, 47, 48, 78, 53, 54, 55, 0, 58, 50, 51, 38, 39, 68, 59, 60, 61, 62, 63, 64, 65, 66, 67, 15, 46, 73, 76, 14, 5, 16]
index list energy: 583820.0871375515
Done


iterations: 1000000 temp: 1000000.0 exponent: 0.7 eif: 300.0
time taken (sec): 82.54619216918945
number of iterations: 1000000
og index list: [61, 44, 14, 22, 35, 74, 78, 52, 1, 53, 72, 24, 59, 12, 62, 32, 30, 23, 76, 10, 21, 27, 0, 45, 9, 51, 41, 40, 37, 3, 36, 60, 4, 70, 43, 77, 54, 68, 17, 46, 29, 63, 31, 64, 33, 6, 7, 69, 56, 75, 20, 26, 67, 42, 73, 47, 49, 34, 5, 13, 38, 65, 58, 57, 48, 11, 39, 18, 66, 55, 25, 79, 71, 16, 15, 2, 8, 50, 28, 19]
og index list energy: 136532807.1374916
index list: [72, 1, 2, 3, 4, 5, 6, 7, 8, 73, 76, 42, 33, 37, 38, 39, 40, 41, 77, 17, 18, 19, 20, 21, 22, 23, 24, 25, 26, 27, 28, 29, 30, 31, 32, 49, 48, 34, 35, 36, 0, 44, 45, 50, 51, 10, 11, 12, 13, 79, 46, 47, 58, 75, 43, 9, 52, 53, 54, 55, 56, 57, 74, 69, 59, 60, 61, 62, 63, 64, 65, 66, 70, 71, 78, 67, 68, 14, 15, 16]
index list energy: 377593.0574153486
Done


iterations: 1000000 temp: 1000000.0 exponent: 0.7 eif: 300.0
time taken (sec): 85.8363127708435
number of iterations: 1000000
og index list: [39, 17, 77, 14, 53, 78, 51, 24, 37, 27, 64, 54, 35, 4, 19, 36, 13, 48, 16, 49, 71, 68, 44, 57, 38, 10, 75, 23, 73, 65, 47, 2, 25, 5, 60, 42, 29, 30, 6, 69, 43, 26, 40, 15, 22, 20, 59, 46, 3, 50, 79, 9, 74, 41, 8, 28, 45, 33, 70, 18, 62, 56, 11, 58, 21, 0, 76, 12, 7, 1, 72, 31, 67, 66, 32, 63, 55, 34, 52, 61]
og index list energy: 90268988.03067225
index list: [48, 37, 38, 39, 4, 5, 6, 7, 8, 9, 10, 11, 12, 13, 76, 14, 15, 16, 49, 17, 18, 19, 20, 21, 22, 23, 24, 25, 26, 27, 28, 29, 30, 31, 32, 77, 33, 34, 35, 36, 55, 56, 57, 41, 71, 0, 1, 2, 50, 51, 52, 53, 54, 79, 43, 3, 40, 47, 58, 78, 45, 46, 44, 75, 59, 60, 61, 62, 63, 64, 65, 66, 67, 68, 69, 70, 74, 42, 72, 73]
index list energy: 413084.28342813504
Done


iterations: 1000000 temp: 1000000.0 exponent: 0.7 eif: 300.0
time taken (sec): 81.08825612068176
number of iterations: 1000000
og index list: [41, 62, 13, 18, 73, 31, 19, 7, 51, 14, 25, 24, 75, 70, 55, 37, 23, 30, 43, 67, 71, 46, 17, 20, 54, 27, 74, 56, 53, 38, 26, 48, 22, 6, 8, 39, 36, 21, 5, 16, 78, 79, 1, 34, 68, 72, 0, 15, 61, 65, 35, 66, 64, 50, 29, 60, 28, 11, 3, 32, 44, 58, 12, 59, 76, 2, 4, 33, 47, 45, 57, 42, 69, 49, 10, 77, 40, 63, 52, 9]
og index list energy: 122636220.49283612
index list: [0, 1, 2, 3, 4, 5, 46, 74, 72, 73, 78, 56, 57, 58, 77, 42, 70, 71, 49, 17, 18, 19, 20, 21, 22, 23, 24, 25, 26, 27, 28, 29, 30, 31, 32, 50, 63, 37, 38, 48, 34, 35, 16, 12, 13, 6, 7, 8, 69, 43, 44, 45, 36, 55, 75, 9, 52, 53, 54, 64, 65, 66, 67, 68, 59, 60, 61, 76, 33, 62, 51, 10, 11, 79, 14, 15, 47, 39, 40, 41]
index list energy: 555376.1765831636
Done


iterations: 1000000 temp: 1000000.0 exponent: 0.7 eif: 300.0
time taken (sec): 70.50298070907593
number of iterations: 1000000
og index list: [16, 68, 75, 41, 24, 1, 69, 39, 62, 9, 66, 17, 4, 74, 47, 37, 71, 22, 43, 12, 53, 52, 27, 15, 56, 29, 31, 54, 70, 59, 6, 51, 49, 20, 42, 77, 23, 35, 40, 65, 11, 19, 18, 0, 28, 26, 78, 67, 72, 61, 57, 38, 60, 76, 50, 36, 34, 64, 45, 58, 44, 63, 46, 5, 30, 25, 7, 21, 8, 14, 13, 55, 32, 73, 3, 2, 48, 33, 10, 79]
og index list energy: 98573630.13952798
index list: [43, 1, 2, 16, 12, 13, 75, 17, 18, 36, 50, 51, 10, 69, 42, 72, 73, 0, 6, 7, 78, 59, 60, 61, 79, 8, 3, 25, 26, 27, 28, 29, 30, 31, 32, 57, 58, 76, 11, 21, 64, 65, 66, 67, 15, 19, 4, 5, 44, 45, 46, 47, 48, 34, 35, 9, 52, 53, 54, 55, 56, 77, 33, 22, 23, 14, 74, 62, 63, 37, 38, 39, 40, 41, 49, 70, 71, 68, 24, 20]
index list energy: 858126.6783830172
Done


iterations: 1000000 temp: 1000000.0 exponent: 0.7 eif: 300.0
time taken (sec): 85.55397248268127
number of iterations: 1000000
og index list: [62, 45, 3, 11, 51, 75, 56, 24, 2, 9, 21, 13, 7, 60, 76, 32, 61, 37, 55, 14, 66, 27, 69, 72, 67, 74, 47, 35, 28, 59, 23, 30, 53, 57, 48, 73, 8, 63, 58, 19, 46, 79, 22, 36, 70, 10, 41, 31, 33, 4, 64, 39, 77, 44, 26, 49, 40, 52, 29, 16, 18, 68, 42, 38, 15, 6, 1, 50, 5, 20, 43, 17, 12, 78, 0, 34, 71, 54, 25, 65]
og index list energy: 110992405.15607236
index list: [14, 15, 16, 75, 42, 43, 0, 1, 2, 3, 79, 72, 73, 40, 6, 7, 8, 9, 10, 17, 18, 19, 20, 21, 22, 23, 24, 25, 26, 27, 28, 29, 30, 31, 32, 77, 33, 34, 35, 36, 37, 38, 39, 4, 78, 5, 44, 45, 51, 13, 46, 47, 48, 74, 41, 76, 52, 53, 54, 55, 56, 57, 58, 49, 59, 60, 61, 62, 63, 64, 65, 66, 67, 68, 69, 70, 71, 50, 11, 12]
index list energy: 381407.84298917034
Done


iterations: 1000000 temp: 1000000.0 exponent: 0.7 eif: 300.0
time taken (sec): 84.19097638130188
number of iterations: 1000000
og index list: [2, 29, 63, 48, 66, 1, 73, 53, 46, 40, 8, 7, 14, 41, 47, 61, 13, 72, 36, 32, 62, 37, 67, 30, 45, 70, 31, 65, 68, 38, 21, 69, 49, 52, 54, 58, 35, 6, 4, 50, 33, 19, 15, 25, 23, 27, 28, 74, 44, 60, 22, 20, 39, 17, 16, 12, 18, 57, 75, 24, 64, 43, 3, 42, 11, 34, 0, 79, 77, 55, 76, 9, 56, 51, 5, 59, 71, 26, 78, 10]
og index list energy: 98843531.32112654
index list: [35, 1, 2, 3, 4, 5, 6, 7, 8, 9, 10, 11, 12, 13, 0, 76, 70, 71, 68, 17, 18, 19, 20, 21, 22, 23, 24, 25, 26, 27, 28, 29, 30, 31, 32, 77, 33, 37, 38, 58, 74, 72, 73, 78, 14, 15, 69, 42, 43, 44, 45, 46, 48, 34, 50, 51, 52, 53, 54, 55, 56, 57, 16, 49, 59, 60, 61, 62, 63, 75, 36, 64, 65, 66, 67, 79, 47, 39, 40, 41]
index list energy: 407660.28966337594
Done


iterations: 1000000 temp: 1000000.0 exponent: 0.7 eif: 300.0
time taken (sec): 61.429046869277954
number of iterations: 1000000
og index list: [62, 9, 70, 39, 45, 24, 41, 13, 69, 52, 34, 74, 23, 7, 38, 26, 31, 22, 66, 35, 8, 1, 61, 55, 72, 15, 4, 78, 29, 16, 14, 5, 59, 65, 17, 47, 68, 64, 76, 6, 60, 3, 54, 2, 32, 56, 49, 77, 67, 44, 18, 79, 43, 10, 51, 20, 53, 58, 40, 25, 19, 28, 46, 30, 21, 73, 50, 27, 71, 57, 48, 37, 42, 11, 75, 12, 36, 0, 63, 33]
og index list energy: 116332895.48596895
index list: [18, 32, 25, 5, 3, 66, 67, 26, 2, 6, 7, 8, 46, 51, 10, 11, 12, 13, 16, 4, 15, 19, 20, 21, 79, 72, 1, 76, 17, 27, 28, 29, 30, 31, 44, 45, 36, 64, 78, 33, 34, 35, 9, 52, 59, 68, 14, 56, 77, 22, 23, 53, 54, 75, 70, 71, 40, 47, 48, 37, 38, 0, 58, 49, 39, 60, 61, 62, 63, 55, 24, 74, 69, 42, 43, 41, 65, 57, 73, 50]
index list energy: 1129571.760661253
Done


iterations: 1000000 temp: 1000000.0 exponent: 0.7 eif: 300.0
time taken (sec): 69.13422131538391
number of iterations: 1000000
og index list: [28, 57, 39, 35, 2, 58, 8, 61, 73, 74, 37, 60, 34, 63, 41, 54, 32, 7, 38, 72, 79, 77, 53, 26, 59, 13, 42, 16, 21, 76, 68, 27, 1, 20, 75, 0, 30, 25, 24, 67, 44, 19, 62, 14, 29, 15, 6, 52, 5, 49, 31, 78, 11, 50, 71, 33, 9, 64, 36, 69, 12, 48, 22, 51, 56, 46, 40, 3, 17, 47, 65, 66, 55, 23, 70, 18, 10, 4, 43, 45]
og index list energy: 119182138.2769831
index list: [57, 1, 2, 9, 10, 11, 77, 17, 18, 3, 40, 19, 20, 21, 22, 23, 7, 8, 51, 76, 72, 73, 0, 58, 50, 79, 24, 25, 26, 27, 28, 29, 30, 31, 46, 47, 48, 34, 35, 36, 37, 38, 39, 75, 70, 71, 4, 68, 69, 43, 6, 53, 54, 74, 44, 45, 78, 42, 33, 55, 56, 13, 16, 49, 59, 60, 61, 62, 63, 64, 65, 66, 67, 15, 32, 12, 52, 14, 5, 41]
index list energy: 598417.563020889
Done


iterations: 1000000 temp: 1000000.0 exponent: 0.7 eif: 300.0
time taken (sec): 89.15132784843445
number of iterations: 1000000
og index list: [8, 58, 79, 72, 9, 15, 4, 71, 61, 16, 44, 64, 46, 18, 29, 0, 45, 23, 78, 6, 43, 50, 60, 70, 54, 74, 25, 53, 41, 40, 63, 35, 10, 30, 77, 7, 5, 14, 62, 27, 20, 22, 26, 38, 69, 39, 37, 36, 51, 19, 34, 13, 56, 49, 76, 66, 21, 47, 42, 68, 3, 31, 65, 48, 24, 11, 33, 28, 1, 32, 59, 52, 17, 67, 2, 57, 55, 75, 12, 73]
og index list energy: 112187114.87428528
index list: [72, 1, 2, 16, 12, 13, 6, 7, 8, 9, 10, 11, 76, 42, 14, 15, 0, 73, 49, 17, 18, 19, 20, 21, 22, 23, 24, 25, 26, 27, 28, 29, 30, 31, 32, 75, 33, 34, 35, 36, 37, 38, 74, 47, 39, 40, 41, 50, 77, 44, 45, 46, 48, 78, 43, 51, 52, 53, 54, 55, 56, 57, 58, 79, 59, 60, 61, 62, 63, 64, 65, 66, 67, 68, 69, 70, 71, 4, 5, 3]
index list energy: 289498.36548245896
Done


iterations: 1000000 temp: 1000000.0 exponent: 0.7 eif: 300.0
time taken (sec): 88.71987295150757
number of iterations: 1000000
og index list: [31, 43, 56, 75, 79, 69, 0, 59, 39, 49, 40, 7, 9, 71, 52, 5, 68, 34, 78, 11, 20, 3, 26, 16, 60, 45, 72, 2, 46, 27, 25, 53, 29, 62, 6, 47, 23, 19, 77, 50, 65, 15, 32, 74, 41, 57, 4, 28, 12, 51, 61, 24, 1, 21, 73, 10, 48, 18, 63, 58, 36, 13, 22, 70, 66, 38, 42, 67, 54, 44, 64, 30, 14, 76, 8, 33, 35, 55, 17, 37]
og index list energy: 86248313.03716393
index list: [10, 11, 12, 13, 16, 40, 0, 1, 2, 6, 7, 8, 78, 69, 67, 68, 70, 65, 66, 17, 18, 19, 20, 21, 22, 23, 24, 25, 26, 27, 28, 29, 30, 31, 32, 75, 33, 34, 35, 36, 37, 38, 39, 4, 5, 3, 76, 43, 44, 45, 46, 47, 48, 64, 50, 51, 52, 53, 54, 55, 56, 57, 58, 49, 59, 60, 61, 62, 63, 74, 9, 79, 42, 72, 73, 77, 14, 15, 41, 71]
index list energy: 356482.09086017555
Done


iterations: 1000000 temp: 1000000.0 exponent: 0.7 eif: 300.0
time taken (sec): 75.34411454200745
number of iterations: 1000000
og index list: [38, 62, 30, 52, 44, 73, 60, 76, 49, 8, 7, 10, 45, 17, 31, 77, 46, 75, 72, 66, 59, 43, 61, 13, 29, 33, 65, 15, 22, 57, 48, 53, 55, 70, 63, 23, 79, 28, 14, 12, 47, 37, 69, 64, 21, 71, 78, 20, 2, 16, 5, 74, 58, 11, 68, 0, 35, 25, 9, 41, 18, 24, 50, 19, 39, 1, 3, 42, 6, 4, 67, 34, 40, 27, 56, 32, 54, 36, 26, 51]
og index list energy: 109402468.45728616
index list: [43, 1, 2, 3, 4, 5, 6, 7, 8, 9, 79, 56, 57, 41, 65, 78, 69, 67, 68, 17, 18, 19, 20, 21, 22, 23, 24, 25, 26, 27, 28, 29, 30, 31, 75, 53, 54, 34, 35, 36, 37, 38, 39, 66, 59, 50, 51, 10, 11, 76, 72, 47, 48, 49, 52, 14, 15, 46, 58, 74, 33, 64, 12, 13, 32, 60, 61, 62, 63, 55, 77, 42, 70, 71, 0, 73, 40, 44, 45, 16]
index list energy: 581034.7365724551
Done


iterations: 1000000 temp: 1000000.0 exponent: 0.7 eif: 300.0
time taken (sec): 71.07967734336853
number of iterations: 1000000
og index list: [41, 79, 46, 76, 39, 14, 53, 21, 44, 28, 71, 42, 47, 22, 68, 62, 12, 48, 15, 10, 78, 54, 61, 29, 2, 50, 34, 45, 27, 66, 38, 24, 25, 55, 9, 59, 70, 52, 74, 58, 8, 31, 65, 32, 13, 26, 11, 75, 5, 67, 72, 69, 19, 35, 3, 6, 1, 77, 0, 43, 16, 49, 33, 18, 40, 17, 7, 57, 51, 63, 56, 30, 23, 73, 36, 4, 20, 60, 64, 37]
og index list energy: 131538414.1375972
index list: [57, 1, 2, 3, 4, 5, 6, 7, 8, 16, 50, 51, 52, 14, 56, 13, 46, 32, 12, 78, 72, 73, 0, 58, 79, 18, 41, 71, 26, 27, 28, 29, 30, 31, 19, 20, 21, 34, 35, 63, 55, 24, 77, 53, 54, 22, 23, 76, 42, 43, 44, 45, 36, 37, 38, 39, 40, 47, 48, 64, 65, 66, 17, 49, 59, 60, 61, 74, 33, 62, 9, 10, 11, 25, 15, 75, 67, 68, 69, 70]
index list energy: 796824.926029382
Done


iterations: 1000000 temp: 1000000.0 exponent: 0.7 eif: 300.0
time taken (sec): 66.60934329032898
number of iterations: 1000000
og index list: [10, 64, 49, 77, 23, 68, 8, 55, 59, 3, 19, 26, 75, 41, 34, 35, 38, 0, 20, 9, 48, 65, 28, 50, 12, 61, 30, 47, 14, 57, 60, 15, 56, 79, 74, 70, 54, 21, 27, 45, 17, 4, 76, 24, 31, 25, 2, 7, 33, 62, 13, 37, 43, 6, 78, 71, 67, 39, 16, 58, 42, 1, 66, 72, 32, 52, 73, 44, 69, 11, 5, 29, 46, 18, 53, 63, 51, 36, 40, 22]
og index list energy: 104719816.74689037
index list: [31, 32, 75, 67, 68, 69, 72, 1, 2, 3, 78, 14, 5, 47, 73, 77, 24, 12, 66, 17, 18, 19, 20, 21, 22, 23, 70, 71, 26, 27, 30, 76, 8, 74, 29, 28, 33, 34, 35, 36, 37, 38, 39, 40, 79, 42, 43, 9, 10, 11, 25, 60, 61, 0, 41, 65, 52, 53, 54, 55, 56, 57, 58, 49, 59, 50, 63, 64, 48, 62, 51, 13, 16, 4, 15, 44, 45, 46, 6, 7]
index list energy: 847612.8836966185
Done


iterations: 1000000 temp: 1000000.0 exponent: 0.7 eif: 300.0
time taken (sec): 85.92525959014893
number of iterations: 1000000
og index list: [53, 15, 68, 9, 28, 38, 0, 72, 29, 35, 67, 16, 57, 63, 79, 36, 26, 14, 44, 10, 17, 73, 13, 43, 45, 78, 12, 60, 6, 49, 7, 18, 70, 42, 66, 47, 5, 8, 46, 20, 37, 31, 50, 27, 3, 48, 40, 39, 11, 74, 1, 71, 56, 30, 23, 4, 75, 54, 58, 59, 55, 65, 33, 2, 34, 51, 52, 22, 41, 77, 62, 32, 61, 19, 76, 21, 69, 64, 25, 24]
og index list energy: 135975901.58039844
index list: [43, 76, 44, 45, 16, 74, 72, 1, 2, 6, 7, 8, 77, 14, 5, 3, 0, 73, 66, 17, 18, 19, 20, 21, 22, 23, 24, 25, 26, 27, 28, 29, 30, 31, 32, 78, 33, 34, 35, 36, 37, 38, 39, 4, 15, 9, 10, 11, 12, 13, 46, 47, 48, 79, 50, 51, 52, 53, 54, 55, 56, 57, 58, 49, 59, 60, 61, 62, 63, 64, 65, 40, 41, 75, 42, 70, 71, 68, 69, 67]
index list energy: 301945.0781833447
Done


program ended at: 2019-04-14 13:32:01.443859 
 time delta: 1:04:06.040541
