## SLURM PROLOG ###############################################################
##    Job ID : 9199694
##  Job Name : five_day_runs
##  Nodelist : node1153
##      CPUs : 1
##  Mem/Node : 1024 MB
## Directory : /gpfs/data/nfawzi/skale/Fawzi_pycharm_project
##   Started : Fri Dec  6 20:28:56 EST 2019
###############################################################################
program started at:2019-12-06 20:28:57.771587
iterations: 5000000000 temp: 1000000.0 exponent: 0.7 eif: 300.0
time taken (sec): 390870.78713464737
number of iterations: 5000000000
final temperature: 191.58123138056612
og index list: [129, 358, 318, 176, 214, 456, 178, 316, 383, 211, 49, 312, 348, 56, 210, 25, 118, 292, 60, 127, 206, 398, 440, 321, 256, 187, 197, 422, 220, 277, 146, 12, 232, 384, 274, 295, 86, 79, 240, 376, 70, 195, 140, 258, 402, 57, 107, 426, 433, 323, 15, 436, 162, 45, 78, 112, 326, 229, 278, 279, 443, 416, 20, 213, 466, 184, 423, 191, 30, 379, 175, 67, 247, 329, 391, 44, 367, 273, 228, 173, 473, 141, 364, 285, 204, 233, 396, 34, 471, 317, 405, 199, 410, 470, 332, 315, 119, 246, 135, 432, 29, 180, 165, 98, 198, 104, 69, 286, 117, 166, 325, 468, 160, 59, 428, 101, 68, 420, 253, 16, 444, 0, 452, 260, 417, 105, 19, 388, 95, 152, 22, 394, 18, 153, 94, 156, 408, 48, 205, 236, 155, 185, 395, 291, 6, 110, 122, 335, 331, 136, 239, 36, 411, 8, 461, 339, 154, 310, 7, 298, 293, 368, 89, 451, 419, 238, 448, 103, 418, 111, 330, 5, 32, 182, 300, 308, 75, 377, 144, 207, 454, 357, 350, 87, 226, 438, 145, 413, 458, 342, 340, 467, 307, 39, 404, 375, 381, 132, 435, 393, 392, 219, 123, 24, 209, 437, 53, 1, 11, 188, 363, 251, 424, 14, 124, 52, 276, 13, 93, 4, 334, 148, 374, 250, 445, 21, 51, 336, 3, 287, 297, 71, 227, 397, 463, 302, 74, 252, 137, 415, 196, 190, 35, 455, 120, 265, 406, 255, 77, 266, 82, 313, 61, 338, 360, 263, 208, 460, 431, 147, 289, 174, 224, 115, 271, 164, 40, 370, 81, 92, 169, 27, 150, 322, 281, 33, 159, 421, 337, 270, 414, 378, 163, 446, 143, 373, 58, 161, 171, 387, 9, 202, 241, 427, 366, 268, 283, 125, 2, 65, 130, 361, 28, 10, 133, 193, 269, 216, 465, 200, 389, 149, 469, 301, 186, 304, 234, 245, 430, 303, 346, 142, 158, 345, 37, 341, 194, 85, 201, 221, 390, 347, 333, 243, 262, 371, 399, 254, 72, 264, 73, 218, 328, 259, 382, 46, 84, 447, 450, 261, 242, 425, 248, 439, 114, 100, 102, 299, 108, 453, 319, 50, 409, 62, 116, 434, 113, 47, 121, 41, 244, 282, 349, 215, 284, 407, 472, 223, 31, 314, 222, 309, 90, 356, 91, 400, 385, 306, 63, 167, 324, 429, 344, 296, 403, 401, 96, 359, 320, 64, 139, 192, 275, 311, 294, 134, 459, 80, 168, 177, 272, 462, 99, 267, 365, 386, 38, 237, 181, 157, 257, 343, 43, 212, 464, 183, 138, 290, 249, 305, 351, 55, 412, 128, 380, 353, 457, 217, 235, 151, 172, 355, 126, 66, 189, 179, 131, 203, 88, 441, 372, 230, 442, 83, 225, 280, 17, 42, 288, 352, 170, 449, 231, 26, 354, 106, 369, 76, 23, 109, 327, 97, 54, 362]
og index list energy: 145971083.35538962
index list: [234, 205, 235, 301, 227, 30, 388, 76, 107, 460, 393, 465, 19, 25, 459, 29, 48, 67, 451, 147, 292, 158, 444, 32, 2, 354, 255, 209, 256, 257, 18, 395, 78, 23, 413, 119, 450, 375, 243, 387, 260, 306, 338, 259, 187, 291, 370, 100, 236, 471, 27, 307, 438, 434, 54, 1, 56, 69, 217, 50, 406, 322, 36, 203, 170, 379, 335, 357, 247, 142, 317, 164, 169, 356, 5, 106, 405, 143, 127, 63, 88, 439, 53, 157, 466, 220, 75, 80, 20, 473, 180, 254, 49, 73, 298, 272, 278, 39, 283, 33, 345, 329, 34, 330, 400, 24, 433, 196, 469, 171, 263, 97, 219, 176, 35, 15, 350, 390, 470, 194, 189, 402, 445, 446, 163, 308, 265, 237, 457, 280, 71, 140, 103, 162, 384, 279, 303, 313, 43, 114, 82, 37, 148, 448, 93, 104, 86, 94, 166, 125, 135, 401, 337, 302, 362, 178, 185, 85, 13, 392, 341, 271, 228, 331, 404, 440, 128, 120, 65, 359, 367, 201, 9, 365, 423, 428, 192, 21, 422, 214, 28, 204, 173, 160, 126, 81, 421, 202, 68, 52, 91, 90, 134, 312, 409, 368, 112, 4, 191, 110, 123, 411, 238, 12, 105, 136, 10, 363, 46, 332, 122, 472, 353, 468, 206, 200, 346, 333, 208, 153, 245, 188, 193, 226, 425, 276, 102, 334, 225, 282, 348, 213, 44, 289, 324, 316, 355, 321, 349, 455, 31, 186, 456, 47, 342, 131, 325, 305, 239, 314, 281, 250, 165, 310, 130, 443, 198, 168, 294, 352, 133, 467, 464, 343, 211, 101, 424, 139, 144, 453, 79, 89, 60, 361, 441, 62, 398, 385, 340, 290, 304, 358, 98, 244, 249, 207, 210, 199, 197, 190, 442, 382, 420, 426, 183, 40, 215, 275, 410, 267, 26, 347, 351, 152, 145, 231, 161, 447, 45, 360, 95, 216, 132, 403, 42, 230, 55, 344, 3, 141, 232, 248, 407, 222, 261, 326, 414, 300, 246, 336, 229, 364, 224, 418, 146, 181, 328, 380, 412, 115, 137, 150, 378, 415, 70, 396, 77, 61, 138, 449, 0, 435, 14, 251, 369, 339, 274, 22, 430, 174, 436, 99, 374, 270, 262, 373, 109, 41, 269, 38, 391, 286, 84, 381, 221, 323, 175, 295, 366, 399, 177, 432, 252, 16, 383, 182, 258, 11, 92, 66, 149, 167, 297, 129, 156, 111, 195, 408, 212, 397, 394, 121, 154, 427, 218, 417, 285, 458, 320, 319, 454, 273, 419, 318, 416, 6, 242, 461, 288, 118, 64, 287, 51, 155, 117, 437, 293, 266, 277, 377, 429, 59, 74, 299, 268, 372, 241, 386, 315, 17, 184, 8, 159, 58, 96, 284, 327, 223, 463, 179, 462, 113, 311, 253, 309, 452, 7, 57, 389, 116, 151, 172, 376, 240, 72, 431, 371, 296, 87, 233, 83, 108, 124, 264]
index list energy: 1591078.6273561202
Done




program ended at: 2019-12-11 20:18:57.770067 
 time delta: 4 days, 23:49:59.998480
