## SLURM PROLOG ###############################################################
##    Job ID : 9199653
##  Job Name : five_day_runs
##  Nodelist : node1148
##      CPUs : 1
##  Mem/Node : 1024 MB
## Directory : /gpfs/data/nfawzi/skale/Fawzi_pycharm_project
##   Started : Fri Dec  6 20:27:55 EST 2019
###############################################################################
program started at:2019-12-06 20:27:55.993344
iterations: 5000000000 temp: 1000000.0 exponent: 0.7 eif: 300.0
time taken (sec): 388805.7827324867
number of iterations: 5000000000
final temperature: 191.58123138056612
og index list: [421, 339, 66, 278, 194, 386, 122, 192, 53, 220, 106, 272, 318, 26, 394, 172, 253, 168, 258, 217, 413, 416, 135, 169, 41, 254, 235, 174, 58, 198, 80, 149, 233, 438, 45, 236, 384, 163, 265, 251, 371, 400, 17, 281, 40, 374, 447, 437, 143, 152, 450, 88, 136, 166, 245, 378, 30, 289, 288, 11, 4, 298, 402, 229, 119, 243, 448, 96, 155, 228, 137, 274, 131, 56, 75, 271, 295, 29, 197, 338, 350, 150, 191, 72, 14, 123, 54, 396, 79, 390, 127, 294, 25, 326, 215, 351, 2, 237, 187, 203, 209, 380, 113, 297, 89, 412, 97, 308, 436, 469, 27, 372, 48, 360, 218, 91, 401, 116, 170, 263, 7, 304, 310, 305, 186, 291, 226, 296, 208, 357, 328, 227, 252, 159, 366, 176, 151, 246, 158, 38, 342, 173, 389, 431, 22, 433, 370, 94, 242, 74, 221, 10, 311, 356, 141, 200, 376, 382, 354, 68, 70, 133, 262, 28, 299, 93, 266, 313, 418, 397, 320, 315, 248, 219, 223, 162, 104, 102, 403, 417, 307, 86, 287, 419, 330, 377, 207, 473, 343, 69, 240, 423, 182, 358, 12, 210, 466, 39, 57, 368, 121, 334, 146, 145, 409, 452, 67, 206, 410, 23, 319, 268, 21, 126, 470, 134, 205, 392, 435, 468, 179, 333, 292, 188, 196, 87, 453, 321, 465, 283, 99, 303, 184, 42, 130, 3, 234, 250, 345, 216, 341, 199, 61, 335, 105, 193, 84, 443, 46, 175, 36, 383, 9, 312, 108, 140, 362, 373, 348, 405, 270, 255, 154, 284, 352, 180, 110, 120, 13, 361, 302, 306, 171, 31, 426, 430, 375, 55, 385, 327, 109, 19, 43, 90, 142, 332, 267, 147, 212, 344, 415, 257, 329, 77, 185, 337, 428, 444, 391, 8, 336, 115, 458, 277, 33, 222, 44, 49, 85, 204, 264, 323, 100, 16, 98, 316, 395, 157, 445, 340, 214, 379, 346, 275, 247, 454, 156, 0, 189, 190, 132, 462, 404, 1, 365, 59, 414, 34, 429, 201, 432, 165, 456, 471, 160, 408, 457, 260, 472, 393, 387, 47, 279, 439, 441, 167, 64, 282, 15, 20, 241, 367, 467, 461, 301, 388, 5, 51, 125, 261, 177, 78, 83, 81, 92, 50, 183, 82, 355, 213, 71, 347, 331, 364, 231, 202, 398, 37, 285, 178, 442, 32, 420, 407, 107, 322, 455, 65, 425, 117, 300, 290, 349, 111, 273, 422, 427, 161, 76, 359, 129, 463, 73, 286, 52, 317, 164, 239, 144, 406, 211, 95, 24, 309, 148, 35, 424, 225, 314, 6, 280, 124, 449, 399, 224, 451, 63, 353, 460, 232, 446, 138, 381, 153, 181, 112, 103, 259, 230, 324, 325, 293, 195, 118, 440, 249, 18, 411, 60, 238, 256, 114, 434, 128, 139, 101, 244, 363, 464, 62, 369, 459, 276, 269]
og index list energy: 106448879.0036251
index list: [234, 205, 34, 184, 227, 30, 424, 76, 107, 338, 339, 330, 132, 217, 367, 29, 48, 67, 437, 210, 249, 33, 455, 32, 2, 465, 237, 116, 415, 0, 403, 175, 295, 323, 173, 119, 459, 155, 117, 421, 229, 362, 246, 167, 297, 142, 453, 213, 72, 409, 221, 97, 423, 393, 299, 165, 291, 50, 239, 286, 263, 80, 253, 151, 114, 356, 243, 452, 335, 236, 104, 164, 169, 384, 199, 206, 376, 19, 363, 46, 368, 53, 93, 447, 216, 336, 342, 245, 259, 25, 180, 254, 49, 231, 152, 145, 372, 149, 301, 279, 458, 235, 130, 360, 422, 472, 194, 196, 189, 358, 192, 366, 219, 176, 35, 15, 434, 333, 386, 378, 314, 281, 305, 307, 441, 264, 280, 71, 411, 306, 212, 265, 64, 154, 118, 121, 287, 313, 163, 288, 208, 153, 45, 73, 141, 113, 230, 425, 166, 125, 135, 408, 337, 302, 412, 178, 410, 10, 431, 36, 416, 271, 354, 331, 228, 345, 334, 432, 7, 404, 389, 201, 9, 353, 351, 51, 218, 316, 446, 204, 28, 309, 188, 193, 69, 81, 418, 174, 68, 52, 91, 90, 134, 296, 463, 82, 352, 203, 170, 110, 123, 442, 322, 12, 105, 390, 59, 332, 394, 148, 405, 392, 402, 438, 37, 191, 14, 251, 38, 120, 161, 257, 18, 256, 255, 209, 3, 401, 99, 241, 381, 261, 214, 20, 303, 21, 426, 321, 355, 324, 417, 186, 364, 47, 122, 131, 325, 329, 283, 211, 101, 282, 380, 312, 238, 112, 198, 168, 294, 473, 187, 377, 445, 207, 200, 370, 27, 87, 233, 365, 79, 89, 60, 92, 397, 62, 359, 427, 387, 83, 44, 289, 98, 244, 344, 461, 4, 5, 190, 197, 357, 94, 240, 371, 183, 40, 215, 275, 346, 16, 444, 96, 420, 247, 75, 373, 407, 382, 26, 24, 66, 11, 391, 258, 374, 95, 55, 430, 56, 54, 57, 133, 398, 1, 300, 467, 102, 270, 262, 202, 260, 400, 460, 13, 436, 177, 395, 157, 341, 278, 156, 78, 388, 464, 129, 470, 85, 61, 77, 138, 150, 448, 115, 137, 469, 328, 361, 224, 414, 100, 379, 273, 369, 375, 106, 269, 109, 31, 429, 144, 232, 248, 468, 428, 433, 274, 22, 146, 413, 340, 181, 252, 250, 276, 182, 41, 471, 39, 385, 226, 298, 272, 285, 311, 310, 111, 195, 440, 304, 451, 290, 326, 284, 267, 222, 348, 347, 147, 454, 63, 88, 343, 108, 124, 419, 6, 399, 171, 315, 292, 158, 443, 349, 42, 65, 128, 383, 266, 277, 462, 457, 293, 160, 126, 220, 103, 140, 162, 23, 17, 136, 70, 86, 8, 139, 406, 327, 223, 449, 179, 456, 84, 159, 268, 317, 58, 43, 435, 225, 350, 320, 466, 319, 172, 242, 396, 318, 185, 450, 74, 439, 127, 143, 308]
index list energy: 1605936.517704379
Done




program ended at: 2019-12-11 20:17:55.993834 
 time delta: 4 days, 23:50:00.000490
