## SLURM PROLOG ###############################################################
##    Job ID : 9199710
##  Job Name : five_day_runs
##  Nodelist : node1111
##      CPUs : 1
##  Mem/Node : 1024 MB
## Directory : /gpfs/data/nfawzi/skale/Fawzi_pycharm_project
##   Started : Fri Dec  6 20:28:55 EST 2019
###############################################################################
program started at:2019-12-06 20:28:55.554881
iterations: 5000000000 temp: 1000000.0 exponent: 0.7 eif: 300.0
time taken (sec): 366911.1600289345
number of iterations: 5000000000
final temperature: 191.58123138056612
og index list: [274, 403, 257, 203, 386, 4, 349, 262, 180, 78, 95, 453, 231, 448, 351, 392, 60, 406, 90, 337, 103, 439, 460, 200, 91, 367, 461, 41, 144, 434, 272, 24, 354, 96, 275, 420, 76, 167, 246, 239, 316, 363, 391, 19, 449, 317, 350, 236, 254, 173, 82, 75, 283, 267, 100, 130, 419, 312, 346, 256, 328, 468, 345, 305, 402, 210, 22, 198, 161, 212, 248, 145, 355, 292, 357, 54, 97, 118, 374, 56, 329, 404, 128, 40, 162, 17, 160, 158, 61, 407, 43, 140, 238, 191, 151, 437, 294, 79, 376, 153, 443, 88, 280, 169, 121, 216, 293, 1, 414, 55, 143, 127, 335, 80, 235, 308, 67, 457, 450, 87, 50, 249, 334, 57, 344, 340, 175, 107, 157, 279, 31, 444, 353, 85, 25, 371, 71, 258, 373, 318, 64, 315, 393, 2, 309, 27, 306, 84, 304, 6, 319, 446, 417, 72, 369, 462, 370, 165, 430, 13, 440, 400, 38, 273, 255, 42, 399, 291, 427, 459, 409, 302, 34, 330, 174, 105, 296, 307, 168, 179, 364, 394, 183, 111, 147, 458, 58, 385, 285, 197, 251, 70, 277, 379, 5, 3, 339, 466, 215, 436, 321, 421, 368, 196, 74, 225, 422, 16, 182, 63, 45, 39, 187, 52, 170, 148, 325, 271, 288, 348, 356, 412, 115, 66, 150, 137, 30, 244, 44, 134, 176, 338, 452, 278, 208, 209, 131, 101, 313, 20, 159, 195, 28, 138, 418, 297, 425, 94, 253, 214, 218, 347, 413, 166, 438, 424, 68, 327, 184, 185, 361, 432, 226, 77, 193, 300, 213, 445, 342, 194, 53, 464, 395, 123, 388, 233, 188, 333, 266, 9, 384, 237, 230, 232, 206, 435, 381, 324, 415, 205, 314, 284, 192, 65, 320, 366, 382, 360, 223, 29, 240, 201, 217, 398, 311, 114, 447, 441, 98, 473, 310, 423, 298, 199, 303, 120, 326, 154, 456, 142, 119, 112, 59, 359, 207, 190, 116, 451, 164, 92, 471, 133, 250, 260, 362, 287, 69, 32, 89, 290, 455, 454, 247, 135, 416, 343, 341, 269, 242, 332, 405, 177, 264, 245, 35, 469, 23, 397, 152, 221, 11, 156, 289, 106, 390, 146, 270, 51, 268, 33, 49, 358, 259, 411, 228, 463, 186, 428, 125, 21, 470, 7, 141, 323, 189, 472, 12, 252, 301, 295, 18, 86, 229, 202, 224, 37, 375, 26, 73, 204, 48, 222, 220, 124, 401, 281, 442, 149, 181, 322, 261, 109, 429, 47, 282, 81, 110, 426, 36, 227, 14, 8, 0, 380, 132, 93, 263, 117, 378, 219, 243, 136, 102, 299, 286, 99, 126, 129, 234, 46, 352, 104, 365, 15, 163, 431, 331, 389, 265, 377, 62, 122, 408, 155, 172, 211, 171, 383, 113, 465, 276, 387, 433, 410, 108, 467, 10, 139, 178, 83, 241, 336, 372, 396]
og index list energy: 74116109.90900865
index list: [234, 205, 235, 301, 227, 30, 471, 76, 107, 368, 448, 110, 132, 413, 120, 29, 204, 217, 436, 210, 392, 33, 457, 37, 337, 391, 149, 188, 24, 66, 11, 367, 259, 366, 338, 119, 428, 330, 260, 381, 288, 287, 163, 265, 308, 423, 395, 213, 72, 372, 326, 284, 351, 327, 335, 315, 171, 101, 283, 223, 426, 322, 36, 452, 116, 365, 147, 461, 115, 370, 104, 164, 169, 346, 16, 158, 472, 7, 47, 433, 193, 53, 93, 344, 270, 246, 75, 80, 195, 353, 180, 254, 268, 236, 230, 28, 354, 379, 292, 155, 118, 229, 64, 117, 438, 416, 382, 194, 189, 473, 263, 432, 219, 176, 35, 15, 364, 209, 427, 196, 434, 456, 95, 390, 306, 307, 280, 71, 348, 0, 447, 290, 304, 302, 466, 178, 303, 202, 43, 114, 126, 135, 141, 73, 45, 113, 153, 394, 187, 291, 329, 32, 2, 359, 49, 179, 185, 85, 138, 407, 358, 271, 228, 331, 441, 385, 77, 61, 13, 406, 14, 398, 211, 9, 361, 247, 184, 111, 8, 212, 339, 309, 1, 160, 50, 81, 90, 317, 68, 52, 91, 159, 134, 125, 451, 349, 124, 203, 170, 51, 218, 3, 121, 12, 105, 345, 59, 123, 450, 241, 378, 352, 410, 384, 4, 191, 5, 333, 208, 23, 336, 257, 18, 256, 255, 412, 102, 334, 225, 282, 440, 100, 375, 142, 324, 316, 409, 321, 445, 173, 454, 186, 360, 243, 122, 131, 325, 305, 239, 314, 281, 313, 417, 48, 279, 397, 198, 168, 294, 355, 44, 443, 362, 207, 200, 249, 401, 27, 82, 373, 79, 89, 60, 92, 393, 420, 34, 419, 374, 237, 468, 289, 98, 244, 411, 455, 199, 190, 197, 201, 470, 94, 442, 17, 323, 99, 215, 275, 469, 267, 26, 424, 151, 172, 240, 356, 458, 39, 311, 403, 174, 274, 22, 146, 380, 248, 55, 232, 10, 435, 130, 54, 415, 40, 251, 465, 216, 300, 258, 86, 250, 182, 387, 252, 460, 177, 467, 459, 183, 214, 192, 21, 347, 369, 430, 206, 20, 341, 25, 421, 19, 342, 388, 389, 165, 312, 453, 78, 396, 129, 42, 222, 261, 462, 106, 340, 109, 262, 269, 38, 429, 286, 84, 464, 221, 97, 437, 65, 128, 449, 181, 328, 422, 276, 418, 41, 224, 226, 156, 278, 298, 272, 357, 166, 310, 245, 96, 371, 56, 399, 231, 145, 161, 152, 46, 377, 350, 446, 320, 319, 404, 273, 376, 318, 363, 6, 242, 383, 62, 343, 175, 414, 70, 136, 112, 238, 408, 266, 277, 405, 402, 293, 74, 299, 220, 103, 140, 162, 31, 439, 150, 137, 295, 253, 139, 144, 69, 57, 463, 133, 386, 332, 285, 58, 108, 444, 143, 87, 63, 88, 157, 431, 425, 148, 233, 83, 400, 296, 167, 67, 297, 127, 154, 264]
index list energy: 1595005.9059744566
Done





program ended at: 2019-12-11 20:18:55.584265 
 time delta: 4 days, 23:50:00.029384
