## SLURM PROLOG ###############################################################
##    Job ID : 9199688
##  Job Name : five_day_runs
##  Nodelist : node1112
##      CPUs : 1
##  Mem/Node : 1024 MB
## Directory : /gpfs/data/nfawzi/skale/Fawzi_pycharm_project
##   Started : Fri Dec  6 20:28:26 EST 2019
###############################################################################
program started at:2019-12-06 20:28:26.573127
iterations: 5000000000 temp: 1000000.0 exponent: 0.7 eif: 300.0
time taken (sec): 386778.7587544918
number of iterations: 5000000000
final temperature: 191.58123138056612
og index list: [24, 0, 409, 32, 201, 34, 219, 422, 109, 342, 471, 290, 333, 309, 341, 20, 31, 314, 432, 133, 296, 64, 106, 305, 356, 408, 369, 113, 374, 292, 92, 306, 384, 447, 263, 278, 468, 294, 60, 42, 395, 361, 239, 105, 127, 211, 167, 223, 249, 35, 269, 315, 94, 5, 10, 415, 381, 229, 394, 293, 385, 178, 320, 276, 375, 402, 443, 275, 282, 12, 87, 74, 256, 386, 25, 128, 171, 101, 1, 66, 67, 310, 73, 84, 195, 466, 50, 313, 122, 348, 363, 119, 39, 345, 197, 241, 392, 266, 21, 251, 265, 14, 142, 472, 406, 157, 430, 79, 338, 410, 429, 441, 153, 186, 173, 435, 175, 389, 140, 325, 7, 434, 203, 123, 238, 222, 53, 289, 332, 52, 62, 244, 380, 247, 209, 17, 388, 174, 358, 398, 326, 416, 43, 37, 159, 231, 45, 450, 353, 308, 162, 460, 414, 13, 28, 155, 418, 377, 417, 378, 334, 362, 183, 61, 366, 404, 188, 146, 396, 215, 268, 423, 16, 145, 97, 382, 138, 23, 299, 264, 232, 141, 237, 261, 456, 27, 70, 26, 464, 284, 279, 312, 199, 152, 337, 303, 115, 340, 436, 304, 252, 297, 391, 352, 156, 96, 433, 218, 371, 160, 455, 151, 100, 298, 281, 230, 194, 71, 75, 107, 438, 277, 93, 405, 95, 255, 283, 63, 427, 403, 387, 38, 467, 9, 360, 331, 135, 437, 451, 47, 44, 192, 172, 280, 40, 180, 449, 349, 18, 210, 191, 461, 393, 129, 286, 205, 301, 248, 224, 56, 259, 198, 154, 260, 357, 258, 184, 452, 339, 413, 15, 300, 124, 401, 85, 168, 72, 207, 134, 83, 166, 208, 169, 365, 147, 116, 412, 185, 90, 121, 6, 364, 319, 463, 302, 144, 470, 102, 132, 148, 161, 59, 77, 220, 442, 368, 453, 444, 112, 4, 46, 110, 354, 49, 190, 149, 240, 367, 117, 322, 51, 307, 88, 285, 189, 428, 164, 330, 273, 3, 68, 431, 324, 170, 22, 399, 419, 372, 214, 158, 328, 397, 65, 458, 420, 120, 317, 473, 236, 321, 329, 179, 421, 407, 125, 104, 336, 216, 253, 228, 359, 221, 327, 114, 193, 143, 91, 81, 111, 295, 8, 343, 323, 181, 271, 182, 57, 400, 213, 41, 383, 373, 448, 89, 76, 439, 227, 257, 424, 187, 202, 272, 347, 344, 274, 459, 425, 270, 204, 78, 11, 311, 245, 446, 80, 177, 217, 250, 242, 29, 54, 462, 86, 163, 131, 254, 165, 136, 287, 246, 465, 126, 267, 137, 346, 243, 288, 262, 291, 370, 316, 234, 457, 445, 454, 30, 82, 99, 33, 335, 376, 379, 233, 58, 48, 355, 36, 226, 212, 108, 469, 411, 98, 130, 19, 103, 200, 176, 2, 196, 350, 69, 426, 139, 351, 318, 55, 235, 440, 150, 206, 118, 390, 225]
og index list energy: 119182380.20126563
index list: [234, 250, 17, 339, 227, 30, 338, 76, 107, 132, 330, 260, 217, 403, 287, 313, 265, 117, 118, 229, 64, 20, 473, 32, 2, 16, 444, 116, 294, 44, 467, 432, 324, 356, 168, 321, 380, 406, 470, 99, 270, 353, 412, 272, 298, 278, 226, 252, 224, 462, 27, 390, 109, 439, 39, 157, 327, 223, 413, 290, 46, 322, 253, 151, 170, 394, 243, 464, 165, 291, 308, 164, 169, 349, 199, 206, 468, 143, 127, 63, 88, 417, 93, 374, 29, 334, 407, 245, 259, 25, 180, 254, 300, 404, 209, 103, 429, 455, 101, 283, 329, 249, 33, 352, 387, 411, 207, 200, 210, 345, 368, 359, 219, 176, 35, 15, 472, 377, 381, 194, 189, 388, 375, 410, 204, 28, 385, 218, 392, 136, 70, 363, 10, 123, 47, 158, 174, 202, 268, 89, 82, 74, 279, 440, 79, 113, 86, 94, 166, 125, 181, 37, 337, 357, 49, 178, 427, 3, 141, 378, 344, 271, 228, 331, 379, 396, 237, 71, 13, 402, 393, 201, 9, 471, 146, 230, 416, 285, 163, 264, 280, 122, 48, 160, 50, 87, 90, 311, 68, 52, 91, 159, 134, 296, 351, 364, 347, 203, 188, 409, 318, 242, 236, 12, 438, 274, 59, 241, 354, 22, 415, 452, 447, 422, 4, 191, 14, 251, 38, 120, 193, 257, 18, 256, 255, 306, 102, 348, 273, 282, 433, 100, 469, 185, 128, 316, 43, 289, 343, 383, 435, 186, 442, 333, 453, 131, 325, 1, 69, 81, 126, 205, 421, 310, 238, 112, 198, 284, 326, 358, 23, 458, 461, 208, 155, 51, 369, 114, 67, 466, 72, 423, 60, 162, 384, 62, 426, 36, 451, 53, 304, 288, 98, 244, 355, 391, 196, 5, 190, 197, 341, 262, 373, 360, 214, 183, 215, 275, 420, 267, 301, 302, 386, 235, 130, 401, 111, 350, 26, 389, 95, 73, 45, 376, 106, 269, 84, 434, 56, 54, 57, 133, 370, 40, 6, 399, 153, 55, 307, 336, 314, 281, 305, 97, 239, 179, 312, 367, 397, 366, 135, 145, 161, 430, 231, 152, 418, 0, 365, 463, 19, 436, 192, 450, 187, 328, 445, 65, 465, 292, 362, 293, 266, 277, 457, 371, 173, 41, 220, 140, 323, 119, 424, 372, 221, 303, 175, 295, 408, 400, 177, 437, 449, 276, 459, 182, 258, 11, 92, 66, 149, 167, 297, 129, 156, 299, 195, 446, 216, 212, 460, 121, 154, 382, 225, 340, 443, 172, 320, 319, 240, 428, 247, 395, 75, 137, 150, 80, 115, 138, 456, 61, 77, 85, 454, 78, 419, 148, 425, 83, 361, 222, 261, 309, 34, 8, 184, 211, 317, 441, 42, 24, 31, 58, 96, 448, 414, 232, 248, 144, 139, 105, 246, 147, 21, 110, 7, 398, 263, 286, 171, 315, 431, 335, 342, 332, 405, 142, 346, 233, 213, 108, 124, 104]
index list energy: 1645793.4249676263
Done




program ended at: 2019-12-11 20:18:26.576964 
 time delta: 4 days, 23:50:00.003837
