## SLURM PROLOG ###############################################################
##    Job ID : 9199705
##  Job Name : five_day_runs
##  Nodelist : node1104
##      CPUs : 1
##  Mem/Node : 1024 MB
## Directory : /gpfs/data/nfawzi/skale/Fawzi_pycharm_project
##   Started : Fri Dec  6 20:28:55 EST 2019
###############################################################################
program started at:2019-12-06 20:28:55.807001
iterations: 5000000000 temp: 1000000.0 exponent: 0.7 eif: 300.0
time taken (sec): 381423.2648205757
number of iterations: 5000000000
final temperature: 191.58123138056612
og index list: [44, 305, 132, 116, 16, 100, 468, 59, 58, 45, 22, 344, 425, 326, 117, 140, 126, 421, 355, 255, 110, 230, 273, 211, 430, 342, 8, 350, 429, 162, 353, 313, 281, 80, 127, 157, 175, 426, 287, 188, 123, 143, 473, 336, 71, 386, 174, 248, 442, 207, 30, 258, 252, 164, 400, 109, 20, 269, 465, 351, 26, 275, 233, 216, 227, 190, 286, 56, 149, 306, 347, 271, 180, 244, 3, 213, 137, 172, 362, 454, 5, 36, 381, 402, 247, 387, 181, 40, 68, 283, 241, 72, 206, 176, 354, 333, 31, 165, 463, 246, 382, 215, 303, 147, 385, 312, 369, 70, 249, 29, 310, 264, 309, 438, 167, 422, 293, 228, 96, 410, 192, 263, 122, 372, 35, 445, 373, 171, 234, 337, 384, 156, 394, 304, 179, 17, 389, 224, 4, 136, 257, 341, 111, 155, 97, 134, 409, 379, 270, 14, 208, 451, 186, 198, 279, 130, 145, 256, 232, 391, 67, 452, 324, 102, 150, 103, 133, 61, 120, 330, 236, 49, 189, 2, 300, 81, 24, 105, 406, 0, 414, 191, 209, 94, 360, 448, 86, 376, 104, 296, 356, 420, 119, 196, 47, 19, 158, 427, 428, 291, 388, 460, 160, 357, 64, 21, 50, 69, 218, 260, 7, 453, 398, 46, 439, 261, 301, 251, 375, 472, 368, 197, 259, 11, 411, 201, 91, 90, 363, 153, 461, 154, 223, 23, 161, 184, 456, 28, 163, 332, 292, 334, 113, 52, 205, 267, 262, 141, 395, 125, 118, 89, 51, 266, 408, 302, 467, 131, 338, 101, 152, 54, 57, 364, 274, 139, 183, 370, 393, 144, 85, 129, 237, 358, 396, 280, 298, 39, 121, 392, 321, 76, 204, 288, 311, 471, 199, 194, 182, 433, 295, 466, 308, 348, 27, 200, 148, 87, 43, 449, 455, 371, 187, 278, 231, 285, 458, 345, 367, 444, 277, 424, 41, 170, 33, 178, 404, 339, 98, 377, 423, 294, 407, 99, 217, 245, 464, 226, 221, 37, 142, 412, 83, 212, 193, 115, 159, 417, 419, 214, 48, 317, 219, 447, 128, 403, 84, 320, 73, 124, 299, 343, 390, 250, 92, 322, 323, 108, 365, 106, 63, 462, 151, 62, 437, 346, 6, 168, 316, 349, 399, 450, 112, 32, 436, 238, 42, 284, 359, 446, 9, 253, 307, 459, 325, 88, 431, 74, 93, 340, 329, 282, 297, 202, 380, 229, 166, 235, 432, 146, 265, 82, 361, 457, 210, 242, 397, 378, 75, 290, 440, 222, 169, 107, 314, 203, 114, 418, 319, 135, 240, 276, 12, 220, 289, 413, 254, 55, 331, 25, 335, 173, 185, 415, 272, 10, 435, 34, 66, 13, 315, 1, 195, 434, 443, 53, 243, 239, 77, 225, 416, 352, 327, 405, 328, 15, 18, 65, 470, 318, 138, 374, 383, 441, 401, 177, 79, 38, 78, 95, 268, 60, 469, 366]
og index list energy: 97158921.78601477
index list: [234, 205, 17, 184, 227, 30, 371, 76, 471, 65, 403, 110, 132, 38, 120, 320, 58, 54, 469, 210, 249, 33, 462, 37, 337, 170, 34, 116, 420, 75, 452, 175, 323, 295, 173, 119, 393, 364, 217, 338, 260, 330, 372, 259, 187, 291, 433, 213, 113, 459, 225, 419, 109, 402, 335, 382, 327, 223, 425, 74, 293, 29, 183, 151, 114, 394, 243, 465, 198, 204, 104, 164, 169, 455, 199, 108, 369, 50, 87, 63, 88, 368, 53, 438, 443, 313, 379, 106, 20, 415, 180, 254, 300, 41, 39, 226, 350, 446, 117, 155, 118, 229, 64, 390, 435, 153, 411, 16, 45, 343, 286, 97, 263, 176, 35, 15, 432, 333, 406, 196, 189, 400, 55, 344, 417, 264, 280, 71, 422, 306, 307, 216, 95, 218, 154, 121, 219, 31, 257, 18, 256, 255, 101, 283, 325, 86, 8, 466, 202, 51, 329, 32, 2, 429, 49, 179, 185, 356, 84, 439, 405, 271, 228, 331, 410, 365, 133, 123, 28, 377, 349, 201, 9, 470, 351, 247, 156, 111, 278, 298, 272, 246, 1, 135, 69, 81, 414, 236, 68, 52, 91, 90, 134, 142, 348, 453, 427, 203, 194, 408, 294, 44, 130, 12, 105, 448, 59, 332, 374, 144, 126, 449, 421, 384, 211, 191, 14, 251, 174, 262, 336, 195, 456, 334, 102, 282, 3, 373, 99, 241, 398, 238, 166, 125, 127, 316, 268, 457, 430, 78, 23, 186, 447, 47, 442, 131, 270, 305, 239, 314, 281, 250, 165, 310, 13, 416, 209, 284, 326, 404, 128, 445, 370, 207, 200, 464, 27, 82, 93, 473, 79, 89, 60, 440, 451, 62, 409, 434, 380, 181, 252, 182, 276, 244, 376, 363, 4, 5, 190, 197, 388, 362, 461, 124, 269, 40, 215, 275, 397, 267, 26, 418, 345, 115, 80, 138, 150, 112, 70, 346, 318, 136, 10, 423, 395, 248, 232, 161, 48, 67, 143, 139, 436, 222, 322, 261, 214, 192, 21, 317, 172, 289, 352, 290, 304, 178, 357, 301, 303, 472, 43, 360, 324, 168, 321, 450, 444, 367, 387, 467, 19, 206, 454, 25, 396, 328, 385, 224, 353, 100, 401, 273, 266, 277, 359, 355, 107, 308, 253, 437, 460, 22, 146, 230, 141, 73, 424, 208, 413, 383, 177, 342, 36, 392, 212, 339, 399, 11, 92, 66, 149, 258, 167, 297, 296, 299, 96, 428, 56, 354, 361, 145, 231, 152, 46, 463, 431, 441, 279, 386, 302, 412, 235, 221, 389, 137, 72, 341, 315, 292, 158, 458, 426, 378, 265, 163, 287, 98, 375, 237, 288, 0, 6, 309, 129, 61, 77, 85, 245, 381, 42, 24, 171, 188, 193, 240, 94, 358, 233, 83, 157, 148, 122, 147, 274, 340, 7, 57, 391, 160, 162, 347, 220, 140, 103, 407, 366, 312, 242, 319, 468, 311, 285, 159]
index list energy: 1612005.0368946658
Done





program ended at: 2019-12-11 20:18:55.815703 
 time delta: 4 days, 23:50:00.008702
