## SLURM PROLOG ###############################################################
##    Job ID : 9199648
##  Job Name : five_day_runs
##  Nodelist : node1157
##      CPUs : 1
##  Mem/Node : 1024 MB
## Directory : /gpfs/data/nfawzi/skale/Fawzi_pycharm_project
##   Started : Fri Dec  6 20:27:55 EST 2019
###############################################################################
program started at:2019-12-06 20:27:55.797916
iterations: 5000000000 temp: 1000000.0 exponent: 0.7 eif: 300.0
time taken (sec): 383217.8142609596
number of iterations: 5000000000
final temperature: 191.58123138056612
og index list: [178, 107, 106, 186, 79, 217, 215, 199, 304, 55, 17, 46, 226, 11, 125, 111, 16, 411, 403, 150, 302, 245, 303, 115, 97, 457, 268, 397, 306, 451, 299, 164, 334, 292, 181, 210, 59, 465, 9, 286, 429, 146, 338, 34, 36, 172, 416, 454, 193, 69, 250, 461, 432, 135, 110, 393, 40, 423, 241, 140, 419, 368, 445, 275, 101, 433, 276, 438, 194, 350, 367, 120, 392, 320, 122, 365, 441, 349, 455, 406, 469, 201, 89, 42, 190, 65, 175, 167, 127, 72, 330, 260, 340, 170, 318, 77, 96, 305, 468, 362, 319, 113, 98, 21, 94, 166, 322, 453, 261, 25, 415, 134, 244, 460, 37, 280, 148, 129, 62, 230, 376, 3, 52, 221, 207, 288, 270, 145, 126, 87, 63, 317, 39, 45, 78, 297, 173, 171, 295, 196, 229, 327, 470, 253, 248, 434, 15, 420, 82, 152, 99, 307, 273, 240, 344, 8, 442, 105, 342, 168, 289, 50, 354, 351, 279, 227, 236, 396, 54, 446, 95, 277, 31, 131, 337, 439, 278, 91, 257, 162, 427, 356, 353, 198, 211, 66, 372, 450, 30, 357, 400, 61, 185, 359, 426, 311, 239, 183, 246, 68, 80, 71, 333, 137, 180, 132, 430, 265, 179, 473, 283, 355, 38, 335, 114, 290, 158, 388, 5, 398, 225, 262, 76, 440, 165, 331, 375, 370, 67, 309, 57, 312, 402, 360, 237, 428, 192, 296, 124, 274, 232, 298, 387, 213, 143, 310, 103, 189, 233, 381, 20, 100, 7, 378, 294, 220, 56, 324, 456, 86, 431, 90, 389, 1, 449, 191, 81, 404, 259, 462, 202, 339, 421, 264, 437, 32, 104, 374, 293, 177, 285, 399, 452, 281, 156, 6, 204, 144, 251, 287, 176, 377, 373, 18, 188, 407, 51, 410, 254, 214, 315, 28, 228, 282, 314, 371, 23, 27, 4, 142, 361, 301, 141, 443, 271, 182, 382, 195, 212, 160, 405, 263, 329, 448, 369, 41, 412, 332, 444, 414, 123, 224, 109, 231, 48, 472, 363, 151, 153, 379, 108, 33, 459, 159, 112, 458, 154, 92, 291, 136, 413, 346, 22, 418, 163, 424, 300, 364, 256, 235, 93, 313, 243, 366, 73, 26, 464, 138, 24, 149, 391, 64, 384, 252, 267, 117, 205, 49, 395, 328, 119, 60, 348, 121, 409, 128, 187, 394, 408, 53, 139, 467, 216, 116, 219, 14, 463, 19, 169, 10, 35, 325, 321, 47, 447, 385, 417, 208, 383, 255, 284, 75, 222, 425, 133, 242, 44, 345, 130, 380, 358, 209, 336, 155, 197, 147, 341, 316, 386, 174, 308, 401, 218, 466, 249, 83, 258, 58, 238, 118, 435, 347, 266, 352, 88, 12, 85, 436, 157, 102, 326, 2, 272, 70, 203, 247, 343, 471, 161, 223, 0, 184, 84, 422, 323, 13, 29, 206, 390, 234, 269, 74, 200, 43]
og index list energy: 88401772.83218113
index list: [234, 205, 17, 184, 227, 30, 370, 76, 107, 301, 279, 386, 235, 302, 423, 320, 253, 41, 151, 335, 288, 158, 408, 37, 337, 448, 149, 188, 24, 66, 11, 92, 159, 359, 389, 48, 402, 221, 441, 63, 88, 473, 96, 417, 187, 391, 268, 236, 240, 242, 319, 404, 462, 33, 249, 34, 169, 329, 273, 285, 318, 29, 430, 0, 170, 458, 147, 466, 247, 220, 104, 164, 340, 446, 199, 210, 349, 7, 123, 341, 206, 368, 9, 420, 322, 336, 75, 311, 23, 97, 180, 254, 300, 258, 226, 78, 156, 297, 246, 142, 352, 229, 167, 346, 447, 387, 207, 200, 471, 392, 286, 399, 219, 176, 35, 15, 463, 209, 444, 196, 189, 400, 95, 422, 425, 264, 280, 361, 306, 307, 56, 44, 453, 213, 72, 108, 124, 313, 193, 114, 126, 135, 141, 73, 45, 113, 1, 393, 106, 269, 181, 328, 332, 455, 49, 179, 291, 50, 47, 382, 394, 431, 228, 331, 334, 437, 440, 42, 51, 421, 435, 16, 26, 105, 434, 216, 117, 316, 292, 155, 64, 299, 173, 160, 69, 81, 381, 202, 68, 52, 91, 90, 134, 125, 438, 347, 201, 190, 197, 383, 295, 175, 323, 12, 357, 274, 59, 241, 411, 282, 355, 342, 372, 5, 4, 191, 14, 251, 38, 120, 245, 257, 18, 256, 255, 101, 272, 413, 211, 6, 467, 100, 353, 185, 128, 111, 58, 373, 194, 195, 377, 186, 371, 333, 396, 131, 325, 305, 239, 314, 281, 250, 165, 310, 174, 262, 198, 395, 261, 433, 133, 465, 388, 208, 224, 252, 456, 27, 67, 460, 79, 89, 60, 424, 345, 62, 445, 351, 459, 13, 376, 470, 238, 244, 362, 457, 32, 2, 116, 365, 137, 358, 237, 379, 31, 40, 215, 275, 354, 260, 217, 432, 364, 243, 369, 65, 122, 110, 132, 398, 93, 144, 82, 367, 439, 248, 55, 232, 10, 418, 130, 54, 218, 414, 28, 136, 70, 53, 375, 36, 172, 289, 443, 290, 304, 178, 426, 464, 450, 324, 403, 294, 378, 168, 321, 449, 356, 343, 84, 472, 19, 428, 192, 360, 344, 312, 374, 161, 152, 145, 231, 350, 412, 270, 278, 298, 39, 317, 129, 468, 85, 61, 138, 77, 150, 80, 115, 415, 303, 112, 469, 429, 222, 452, 326, 284, 267, 20, 427, 263, 171, 315, 94, 166, 407, 309, 163, 287, 265, 212, 348, 121, 154, 384, 225, 451, 461, 98, 405, 3, 363, 99, 338, 339, 330, 119, 259, 25, 118, 366, 153, 406, 22, 419, 146, 230, 46, 266, 277, 409, 390, 293, 74, 283, 140, 103, 71, 162, 86, 109, 183, 214, 308, 8, 139, 436, 327, 223, 397, 177, 385, 148, 204, 43, 21, 401, 57, 454, 102, 276, 182, 416, 203, 442, 233, 83, 380, 296, 410, 87, 157, 127, 143, 271]
index list energy: 1625830.3154002952
Done




program ended at: 2019-12-11 20:17:55.799814 
 time delta: 4 days, 23:50:00.001898
