## SLURM PROLOG ###############################################################
##    Job ID : 9199652
##  Job Name : five_day_runs
##  Nodelist : node1148
##      CPUs : 1
##  Mem/Node : 1024 MB
## Directory : /gpfs/data/nfawzi/skale/Fawzi_pycharm_project
##   Started : Fri Dec  6 20:27:55 EST 2019
###############################################################################
program started at:2019-12-06 20:27:55.729819
iterations: 5000000000 temp: 1000000.0 exponent: 0.7 eif: 300.0
time taken (sec): 400843.5833308697
number of iterations: 5000000000
final temperature: 191.58123138056612
og index list: [113, 377, 43, 461, 394, 217, 291, 431, 442, 191, 339, 233, 367, 9, 448, 220, 154, 369, 25, 320, 35, 234, 354, 440, 105, 123, 205, 17, 264, 364, 103, 92, 387, 348, 74, 274, 353, 357, 445, 308, 182, 13, 20, 156, 38, 366, 411, 290, 256, 75, 240, 385, 283, 400, 118, 473, 48, 229, 149, 282, 450, 49, 55, 465, 101, 429, 40, 263, 199, 136, 225, 331, 406, 267, 179, 306, 29, 409, 280, 336, 342, 207, 108, 315, 70, 251, 216, 98, 266, 316, 434, 260, 36, 412, 362, 90, 224, 462, 54, 270, 77, 52, 395, 428, 236, 254, 151, 235, 8, 57, 226, 310, 171, 213, 238, 388, 24, 141, 93, 292, 272, 378, 285, 279, 200, 249, 416, 139, 137, 122, 425, 417, 383, 284, 138, 326, 197, 110, 34, 18, 99, 152, 30, 228, 44, 0, 241, 407, 119, 275, 117, 368, 329, 14, 6, 436, 174, 424, 294, 215, 53, 97, 11, 114, 418, 441, 129, 380, 237, 127, 358, 142, 318, 410, 31, 439, 350, 22, 218, 281, 230, 451, 430, 373, 78, 3, 421, 452, 351, 243, 221, 166, 1, 437, 65, 62, 2, 314, 59, 307, 121, 126, 76, 386, 338, 32, 271, 196, 363, 206, 293, 337, 262, 64, 145, 116, 427, 456, 153, 379, 73, 415, 276, 313, 273, 359, 85, 231, 352, 449, 164, 10, 422, 175, 201, 80, 148, 79, 46, 246, 66, 341, 16, 143, 327, 198, 248, 468, 140, 384, 257, 349, 298, 163, 438, 102, 177, 45, 23, 112, 50, 124, 210, 160, 311, 447, 460, 211, 115, 72, 130, 345, 203, 376, 120, 106, 104, 94, 466, 250, 470, 312, 61, 414, 68, 404, 392, 58, 69, 223, 467, 183, 146, 396, 402, 204, 296, 372, 88, 100, 389, 347, 420, 28, 89, 375, 194, 185, 95, 432, 134, 255, 165, 382, 322, 190, 147, 419, 305, 304, 472, 128, 176, 186, 405, 189, 7, 27, 5, 458, 84, 463, 303, 222, 212, 87, 288, 187, 155, 91, 454, 41, 299, 300, 253, 309, 397, 15, 258, 335, 453, 131, 259, 261, 356, 334, 297, 161, 150, 21, 265, 330, 26, 227, 67, 42, 401, 464, 195, 181, 4, 355, 365, 333, 135, 202, 343, 319, 287, 433, 245, 170, 144, 390, 208, 169, 332, 82, 37, 444, 173, 381, 370, 39, 180, 340, 374, 426, 268, 435, 360, 289, 278, 168, 188, 323, 51, 209, 242, 63, 325, 219, 443, 125, 12, 346, 277, 286, 132, 413, 86, 361, 391, 423, 457, 158, 399, 184, 239, 232, 295, 344, 269, 83, 328, 321, 247, 107, 446, 162, 109, 252, 244, 71, 469, 81, 56, 96, 193, 47, 60, 393, 471, 178, 455, 302, 33, 459, 19, 317, 403, 408, 214, 398, 159, 157, 172, 192, 167, 324, 111, 133, 301, 371]
og index list energy: 101885589.41325289
index list: [234, 205, 257, 216, 322, 227, 398, 76, 107, 420, 467, 110, 132, 38, 120, 29, 48, 67, 470, 147, 249, 33, 397, 37, 337, 438, 255, 209, 359, 75, 347, 406, 324, 444, 168, 321, 404, 453, 173, 99, 270, 407, 357, 272, 298, 226, 417, 100, 171, 451, 27, 244, 401, 446, 299, 165, 291, 102, 373, 286, 263, 80, 253, 151, 170, 364, 243, 122, 472, 376, 320, 164, 169, 356, 16, 259, 445, 306, 307, 223, 422, 119, 93, 387, 101, 317, 96, 313, 23, 97, 180, 254, 268, 1, 54, 256, 393, 419, 153, 279, 349, 229, 118, 117, 410, 369, 469, 194, 189, 377, 192, 403, 219, 176, 35, 15, 442, 333, 392, 199, 210, 375, 437, 384, 414, 264, 280, 415, 113, 457, 72, 460, 143, 167, 233, 83, 108, 336, 58, 344, 217, 204, 179, 350, 55, 283, 315, 292, 155, 51, 329, 32, 2, 362, 304, 178, 391, 3, 127, 443, 368, 271, 228, 331, 225, 334, 468, 440, 308, 265, 287, 400, 49, 9, 424, 39, 183, 111, 389, 214, 28, 162, 188, 193, 69, 81, 90, 327, 68, 52, 91, 159, 134, 125, 135, 434, 367, 203, 196, 436, 294, 44, 71, 12, 103, 405, 59, 332, 471, 351, 126, 439, 381, 4, 5, 191, 14, 251, 238, 166, 296, 86, 94, 240, 388, 148, 318, 273, 319, 285, 242, 274, 311, 185, 18, 21, 378, 316, 447, 158, 374, 186, 455, 47, 426, 131, 325, 305, 239, 314, 281, 282, 365, 328, 13, 124, 198, 370, 261, 361, 187, 462, 427, 450, 200, 82, 456, 114, 144, 105, 79, 89, 60, 379, 340, 62, 346, 36, 402, 416, 123, 174, 241, 207, 458, 380, 197, 190, 411, 463, 163, 288, 237, 352, 31, 40, 215, 275, 418, 109, 106, 269, 390, 335, 84, 432, 24, 343, 26, 421, 95, 73, 45, 431, 473, 43, 140, 323, 220, 221, 57, 133, 345, 235, 300, 213, 452, 302, 394, 245, 172, 41, 224, 372, 146, 181, 310, 399, 355, 247, 156, 278, 363, 358, 78, 366, 85, 61, 77, 138, 150, 396, 115, 137, 341, 312, 413, 65, 128, 459, 42, 222, 160, 139, 428, 454, 208, 262, 206, 20, 466, 19, 464, 22, 386, 25, 360, 157, 383, 465, 177, 252, 250, 276, 385, 182, 429, 11, 258, 66, 149, 423, 129, 297, 142, 130, 236, 230, 141, 448, 10, 461, 231, 152, 46, 145, 161, 232, 248, 408, 116, 348, 260, 382, 330, 30, 338, 339, 34, 301, 303, 435, 175, 112, 136, 70, 409, 266, 277, 353, 395, 293, 74, 295, 53, 441, 50, 92, 104, 0, 56, 371, 202, 195, 342, 121, 154, 64, 212, 218, 354, 6, 246, 8, 309, 430, 7, 87, 63, 88, 412, 433, 267, 98, 290, 326, 284, 289, 449, 425, 211, 184, 17, 201]
index list energy: 1610767.167765151
Done



program ended at: 2019-12-11 20:17:55.731622 
 time delta: 4 days, 23:50:00.001803
