## SLURM PROLOG ###############################################################
##    Job ID : 9199686
##  Job Name : five_day_runs
##  Nodelist : node1110
##      CPUs : 1
##  Mem/Node : 1024 MB
## Directory : /gpfs/data/nfawzi/skale/Fawzi_pycharm_project
##   Started : Fri Dec  6 20:28:25 EST 2019
###############################################################################
program started at:2019-12-06 20:28:26.014822
iterations: 5000000000 temp: 1000000.0 exponent: 0.7 eif: 300.0
time taken (sec): 369769.41929244995
number of iterations: 5000000000
final temperature: 191.58123138056612
og index list: [205, 451, 128, 359, 272, 461, 403, 305, 29, 63, 457, 224, 302, 284, 180, 443, 179, 138, 163, 16, 472, 158, 20, 225, 68, 110, 60, 446, 266, 107, 65, 287, 473, 246, 173, 34, 178, 19, 429, 216, 199, 27, 311, 209, 333, 437, 438, 133, 331, 234, 312, 126, 21, 4, 427, 298, 414, 223, 89, 388, 469, 289, 198, 410, 436, 94, 278, 262, 137, 191, 109, 304, 433, 324, 301, 375, 353, 44, 193, 210, 117, 452, 162, 308, 419, 56, 24, 315, 115, 391, 381, 439, 22, 151, 255, 393, 270, 129, 277, 152, 415, 383, 106, 233, 382, 99, 139, 386, 357, 91, 362, 323, 226, 76, 166, 400, 54, 46, 342, 466, 243, 354, 181, 67, 74, 366, 288, 157, 459, 259, 49, 395, 412, 6, 73, 148, 42, 141, 460, 385, 371, 197, 239, 290, 257, 307, 373, 300, 294, 35, 221, 377, 212, 37, 84, 183, 168, 95, 188, 228, 217, 230, 120, 344, 336, 154, 349, 369, 285, 175, 253, 334, 332, 413, 297, 450, 116, 416, 398, 291, 421, 82, 207, 431, 319, 338, 83, 167, 118, 396, 33, 250, 242, 161, 355, 263, 295, 219, 149, 283, 258, 282, 241, 100, 340, 71, 93, 202, 303, 394, 442, 32, 18, 201, 86, 463, 425, 397, 444, 229, 174, 64, 69, 105, 380, 296, 309, 125, 48, 387, 456, 43, 135, 203, 318, 8, 365, 310, 204, 28, 206, 273, 143, 328, 122, 90, 3, 392, 339, 420, 182, 454, 80, 402, 9, 170, 441, 189, 306, 406, 127, 103, 66, 256, 280, 81, 144, 378, 329, 187, 464, 70, 98, 31, 404, 177, 335, 424, 374, 213, 430, 0, 275, 11, 261, 252, 50, 399, 208, 14, 184, 227, 57, 313, 142, 447, 62, 358, 194, 190, 172, 372, 389, 286, 249, 155, 87, 330, 235, 350, 231, 276, 53, 220, 38, 281, 169, 445, 293, 55, 77, 448, 368, 185, 238, 222, 192, 426, 123, 13, 79, 363, 292, 341, 130, 325, 159, 417, 244, 254, 2, 121, 124, 267, 440, 171, 200, 434, 409, 343, 376, 379, 75, 196, 145, 245, 12, 356, 101, 10, 455, 435, 119, 467, 470, 88, 407, 370, 47, 453, 164, 112, 348, 1, 78, 260, 26, 113, 264, 214, 345, 462, 268, 96, 432, 104, 97, 322, 7, 247, 251, 23, 211, 215, 347, 25, 411, 17, 449, 52, 346, 317, 418, 423, 274, 186, 85, 265, 248, 195, 314, 390, 108, 279, 367, 153, 40, 72, 131, 5, 114, 337, 428, 458, 156, 132, 401, 422, 140, 36, 232, 326, 45, 39, 316, 136, 269, 360, 41, 351, 165, 176, 465, 384, 237, 58, 160, 361, 150, 134, 236, 327, 59, 240, 405, 61, 408, 92, 51, 471, 146, 15, 320, 102, 271, 147, 364, 30, 468, 321, 352, 218, 111, 299]
og index list energy: 124024163.74740183
index list: [170, 250, 17, 339, 274, 311, 413, 41, 39, 410, 226, 278, 298, 272, 349, 29, 214, 192, 433, 243, 423, 33, 348, 37, 337, 421, 149, 188, 24, 66, 11, 92, 258, 345, 419, 30, 373, 440, 247, 358, 229, 167, 297, 359, 246, 142, 96, 341, 113, 443, 100, 383, 378, 368, 259, 187, 291, 397, 135, 57, 367, 205, 195, 203, 116, 457, 147, 386, 315, 141, 320, 164, 169, 465, 16, 158, 228, 102, 334, 225, 282, 372, 93, 406, 267, 106, 292, 86, 23, 97, 180, 254, 268, 236, 230, 28, 467, 119, 64, 155, 118, 173, 464, 117, 462, 20, 382, 206, 388, 25, 286, 420, 219, 176, 35, 15, 387, 335, 412, 199, 210, 417, 9, 389, 54, 385, 13, 404, 185, 85, 422, 77, 61, 136, 70, 238, 112, 336, 43, 289, 208, 255, 177, 356, 27, 159, 249, 409, 56, 18, 473, 32, 2, 426, 49, 178, 380, 10, 461, 36, 342, 300, 400, 331, 396, 407, 237, 343, 72, 456, 353, 430, 19, 451, 399, 51, 127, 111, 317, 123, 47, 204, 110, 7, 50, 69, 350, 245, 68, 52, 91, 90, 134, 1, 364, 139, 463, 151, 234, 235, 133, 411, 38, 12, 105, 435, 59, 82, 460, 332, 122, 450, 436, 449, 190, 5, 4, 191, 0, 288, 313, 163, 308, 264, 390, 251, 3, 432, 99, 241, 391, 174, 166, 125, 377, 316, 324, 321, 366, 392, 202, 186, 470, 333, 374, 131, 325, 305, 329, 327, 223, 322, 360, 296, 83, 375, 198, 168, 294, 393, 165, 351, 369, 207, 200, 454, 459, 114, 217, 415, 79, 89, 60, 162, 354, 130, 408, 446, 379, 280, 71, 437, 98, 244, 452, 347, 197, 196, 194, 189, 425, 94, 240, 405, 31, 40, 215, 275, 395, 270, 441, 55, 401, 152, 145, 231, 161, 455, 26, 447, 95, 73, 45, 398, 471, 248, 144, 232, 48, 67, 143, 233, 448, 109, 148, 87, 63, 88, 157, 193, 269, 183, 445, 84, 424, 179, 312, 428, 281, 314, 239, 307, 362, 365, 257, 216, 120, 256, 355, 62, 466, 209, 14, 346, 434, 310, 146, 22, 431, 153, 403, 222, 261, 384, 468, 76, 107, 262, 260, 330, 338, 132, 363, 175, 295, 227, 458, 65, 128, 427, 181, 328, 469, 276, 182, 252, 224, 357, 438, 263, 171, 361, 211, 101, 283, 21, 287, 265, 306, 212, 218, 121, 154, 429, 46, 414, 370, 172, 318, 319, 381, 273, 352, 376, 75, 137, 150, 80, 115, 138, 444, 402, 78, 42, 129, 156, 418, 266, 277, 394, 340, 293, 74, 299, 108, 124, 213, 416, 104, 34, 184, 8, 271, 58, 301, 302, 81, 126, 453, 279, 472, 6, 285, 253, 309, 53, 303, 221, 371, 160, 323, 439, 220, 140, 103, 442, 44, 344, 242, 290, 304, 284, 326, 201]
index list energy: 1621037.904713976
Done





program ended at: 2019-12-11 20:18:26.019553 
 time delta: 4 days, 23:50:00.004731
