## SLURM PROLOG ###############################################################
##    Job ID : 9199668
##  Job Name : five_day_runs
##  Nodelist : node1159
##      CPUs : 1
##  Mem/Node : 1024 MB
## Directory : /gpfs/data/nfawzi/skale/Fawzi_pycharm_project
##   Started : Fri Dec  6 20:28:26 EST 2019
###############################################################################
program started at:2019-12-06 20:28:26.644624
iterations: 5000000000 temp: 1000000.0 exponent: 0.7 eif: 300.0
time taken (sec): 397519.1658625603
number of iterations: 5000000000
final temperature: 191.58123138056612
og index list: [351, 376, 221, 255, 328, 237, 281, 444, 352, 360, 296, 155, 5, 454, 136, 8, 406, 289, 452, 450, 23, 17, 329, 227, 321, 144, 75, 234, 210, 356, 373, 348, 245, 146, 39, 214, 402, 24, 152, 53, 451, 28, 464, 468, 86, 297, 456, 105, 259, 389, 369, 353, 137, 251, 272, 222, 260, 114, 198, 420, 83, 443, 172, 405, 419, 418, 16, 305, 27, 22, 115, 59, 106, 160, 396, 341, 79, 100, 44, 311, 224, 463, 279, 169, 43, 56, 109, 365, 138, 157, 161, 131, 382, 107, 417, 442, 388, 142, 381, 309, 313, 150, 12, 203, 261, 204, 391, 167, 349, 354, 216, 401, 60, 415, 112, 448, 278, 212, 55, 318, 45, 325, 427, 409, 151, 68, 306, 472, 455, 271, 91, 123, 97, 339, 350, 154, 162, 473, 179, 460, 274, 395, 322, 62, 37, 432, 96, 267, 269, 208, 446, 66, 263, 67, 42, 326, 324, 357, 393, 246, 126, 61, 426, 104, 201, 132, 13, 51, 394, 215, 431, 337, 2, 436, 290, 63, 165, 20, 355, 180, 471, 293, 178, 147, 85, 440, 192, 368, 207, 206, 374, 403, 366, 319, 284, 18, 466, 408, 282, 32, 438, 288, 78, 108, 205, 239, 119, 11, 95, 384, 361, 99, 228, 25, 387, 334, 149, 445, 9, 273, 449, 195, 140, 344, 233, 338, 276, 185, 277, 441, 69, 90, 262, 50, 46, 346, 87, 461, 26, 316, 200, 231, 130, 19, 243, 397, 378, 459, 280, 385, 437, 372, 428, 294, 187, 4, 1, 218, 287, 247, 148, 386, 298, 36, 116, 235, 258, 308, 244, 122, 74, 102, 423, 173, 457, 364, 177, 248, 139, 101, 336, 145, 283, 94, 424, 0, 340, 35, 390, 383, 429, 72, 93, 196, 33, 439, 268, 158, 82, 190, 345, 30, 186, 422, 128, 176, 124, 189, 266, 458, 15, 213, 304, 240, 88, 141, 342, 133, 370, 367, 238, 295, 171, 257, 343, 3, 435, 184, 80, 407, 166, 411, 253, 117, 433, 371, 194, 34, 153, 270, 217, 89, 286, 410, 453, 285, 71, 425, 219, 113, 256, 307, 193, 92, 188, 362, 125, 175, 303, 232, 310, 41, 135, 10, 76, 335, 416, 14, 265, 275, 379, 421, 47, 447, 229, 400, 399, 81, 49, 236, 21, 202, 377, 315, 380, 48, 197, 330, 156, 103, 182, 312, 414, 6, 320, 58, 134, 250, 65, 181, 252, 430, 64, 363, 118, 70, 242, 230, 31, 465, 7, 98, 168, 226, 331, 434, 183, 211, 220, 40, 174, 143, 164, 223, 347, 54, 470, 300, 413, 110, 121, 301, 302, 299, 38, 332, 111, 358, 84, 469, 170, 52, 254, 317, 404, 412, 73, 323, 129, 359, 333, 127, 159, 375, 392, 249, 398, 209, 29, 291, 467, 241, 327, 57, 77, 120, 163, 292, 199, 462, 191, 225, 264, 314]
og index list energy: 138292594.32222366
index list: [234, 205, 48, 343, 238, 112, 355, 70, 80, 150, 472, 115, 138, 77, 85, 29, 129, 61, 395, 147, 249, 33, 450, 37, 337, 359, 255, 209, 439, 211, 101, 356, 283, 464, 386, 30, 374, 156, 247, 365, 229, 399, 96, 167, 297, 142, 67, 367, 143, 466, 87, 244, 413, 361, 335, 451, 327, 223, 97, 286, 263, 311, 253, 203, 114, 471, 172, 151, 419, 312, 104, 164, 236, 363, 5, 109, 383, 57, 379, 225, 353, 171, 272, 385, 116, 106, 75, 23, 298, 39, 226, 278, 177, 7, 1, 133, 423, 240, 183, 84, 349, 269, 38, 443, 376, 397, 194, 196, 189, 393, 192, 448, 219, 176, 35, 15, 468, 333, 403, 199, 210, 373, 9, 342, 394, 264, 280, 71, 447, 306, 212, 265, 218, 154, 64, 121, 287, 313, 163, 453, 284, 299, 179, 457, 325, 246, 188, 434, 187, 291, 329, 32, 2, 364, 49, 178, 185, 59, 430, 341, 442, 271, 228, 331, 427, 425, 237, 288, 51, 118, 414, 270, 301, 302, 358, 216, 261, 21, 214, 366, 28, 285, 58, 43, 50, 69, 368, 308, 52, 90, 134, 125, 135, 145, 462, 390, 201, 190, 197, 110, 123, 401, 322, 12, 105, 136, 10, 82, 381, 251, 262, 436, 449, 357, 4, 191, 14, 120, 208, 180, 328, 257, 18, 78, 420, 276, 339, 99, 338, 241, 410, 81, 126, 169, 3, 316, 268, 455, 340, 158, 396, 186, 446, 47, 330, 131, 160, 259, 417, 91, 159, 250, 68, 0, 44, 289, 198, 256, 54, 406, 56, 428, 407, 207, 200, 444, 372, 174, 27, 412, 79, 89, 60, 424, 346, 62, 352, 459, 409, 13, 380, 254, 24, 317, 411, 387, 76, 107, 170, 360, 137, 34, 426, 454, 31, 40, 215, 275, 422, 260, 217, 204, 463, 243, 404, 130, 122, 445, 26, 350, 93, 144, 132, 441, 235, 95, 55, 307, 153, 45, 73, 141, 41, 391, 300, 370, 102, 282, 334, 36, 220, 418, 458, 221, 323, 119, 362, 155, 369, 173, 324, 294, 460, 168, 321, 440, 348, 98, 378, 392, 281, 314, 305, 239, 165, 416, 113, 224, 347, 100, 437, 273, 266, 277, 452, 402, 433, 336, 206, 20, 375, 19, 25, 351, 389, 274, 22, 146, 230, 415, 181, 465, 252, 16, 377, 182, 92, 11, 258, 66, 149, 473, 94, 166, 310, 245, 195, 371, 304, 421, 290, 326, 456, 267, 222, 405, 161, 232, 248, 461, 152, 46, 354, 231, 398, 6, 432, 227, 469, 303, 175, 295, 408, 42, 65, 128, 431, 332, 157, 400, 127, 63, 88, 111, 108, 124, 213, 345, 72, 344, 292, 315, 202, 193, 139, 162, 140, 103, 429, 279, 117, 467, 309, 8, 318, 53, 242, 319, 293, 438, 320, 470, 384, 148, 233, 83, 435, 296, 388, 74, 382, 184, 17, 86]
index list energy: 1629384.2382401954
Done




program ended at: 2019-12-11 20:18:26.644777 
 time delta: 4 days, 23:50:00.000153
