## SLURM PROLOG ###############################################################
##    Job ID : 9199696
##  Job Name : five_day_runs
##  Nodelist : node1153
##      CPUs : 1
##  Mem/Node : 1024 MB
## Directory : /gpfs/data/nfawzi/skale/Fawzi_pycharm_project
##   Started : Fri Dec  6 20:28:55 EST 2019
###############################################################################
program started at:2019-12-06 20:28:57.772561
iterations: 5000000000 temp: 1000000.0 exponent: 0.7 eif: 300.0
time taken (sec): 391068.616322279
number of iterations: 5000000000
final temperature: 191.58123138056612
og index list: [226, 329, 111, 149, 325, 137, 148, 284, 418, 85, 64, 32, 269, 419, 464, 146, 262, 24, 47, 412, 361, 213, 471, 112, 383, 387, 144, 70, 447, 183, 287, 468, 14, 191, 358, 45, 335, 80, 101, 360, 113, 180, 216, 33, 194, 240, 455, 436, 309, 173, 109, 467, 44, 339, 228, 184, 93, 136, 69, 406, 327, 266, 161, 142, 43, 220, 237, 416, 460, 127, 300, 353, 264, 282, 221, 141, 1, 2, 116, 30, 145, 272, 451, 359, 426, 286, 13, 185, 50, 65, 52, 248, 404, 328, 212, 421, 203, 29, 239, 133, 408, 60, 433, 343, 51, 298, 446, 381, 81, 402, 340, 255, 114, 175, 307, 249, 386, 313, 299, 187, 337, 170, 364, 417, 267, 350, 181, 347, 289, 368, 77, 316, 302, 466, 58, 394, 321, 172, 38, 373, 260, 46, 432, 351, 163, 274, 422, 56, 62, 210, 186, 271, 196, 367, 241, 270, 336, 99, 410, 165, 63, 341, 48, 171, 372, 473, 399, 132, 263, 195, 134, 164, 308, 253, 19, 102, 205, 199, 355, 225, 100, 465, 276, 4, 72, 73, 75, 28, 346, 40, 15, 409, 66, 41, 202, 208, 59, 378, 219, 457, 98, 117, 140, 193, 200, 349, 94, 435, 209, 231, 168, 304, 330, 37, 8, 229, 5, 472, 463, 222, 352, 250, 243, 456, 319, 450, 227, 27, 198, 189, 448, 392, 454, 244, 290, 95, 259, 371, 306, 76, 223, 55, 407, 431, 312, 443, 318, 295, 86, 10, 415, 155, 430, 182, 39, 445, 256, 147, 122, 110, 314, 277, 323, 18, 261, 469, 424, 393, 354, 310, 204, 396, 331, 384, 297, 166, 413, 439, 120, 420, 425, 375, 54, 105, 438, 293, 0, 242, 411, 158, 224, 31, 150, 333, 462, 458, 453, 452, 83, 236, 197, 317, 92, 254, 67, 326, 246, 167, 84, 434, 320, 385, 332, 12, 21, 26, 160, 322, 131, 365, 103, 159, 459, 7, 444, 138, 207, 11, 257, 376, 311, 162, 87, 428, 285, 6, 104, 268, 235, 25, 400, 108, 215, 405, 377, 157, 130, 362, 252, 61, 401, 179, 273, 379, 303, 370, 74, 9, 288, 305, 265, 201, 79, 206, 348, 301, 369, 356, 143, 118, 238, 177, 152, 281, 296, 357, 279, 278, 247, 324, 128, 96, 135, 251, 437, 153, 49, 470, 188, 125, 119, 380, 169, 34, 315, 17, 20, 151, 82, 91, 342, 366, 232, 292, 338, 121, 90, 78, 218, 398, 230, 427, 214, 233, 53, 414, 441, 192, 97, 403, 397, 344, 178, 190, 280, 35, 124, 129, 154, 382, 211, 126, 174, 68, 388, 71, 395, 123, 440, 217, 57, 291, 89, 23, 275, 442, 245, 449, 258, 139, 461, 106, 3, 363, 345, 334, 36, 115, 389, 22, 283, 88, 107, 234, 16, 42, 156, 374, 390, 294, 176, 423, 391, 429]
og index list energy: 107401723.70105706
index list: [234, 205, 107, 301, 227, 30, 346, 76, 260, 330, 259, 338, 132, 217, 445, 320, 58, 54, 403, 210, 249, 33, 414, 32, 2, 329, 37, 170, 34, 211, 387, 175, 295, 408, 168, 401, 340, 321, 324, 99, 439, 430, 173, 140, 323, 220, 221, 471, 28, 469, 286, 263, 171, 472, 335, 236, 169, 230, 377, 223, 470, 250, 253, 151, 114, 359, 147, 419, 164, 142, 111, 188, 193, 426, 199, 106, 109, 358, 87, 63, 88, 413, 93, 427, 322, 336, 96, 313, 23, 372, 180, 254, 49, 154, 264, 280, 435, 119, 51, 287, 350, 98, 393, 55, 392, 349, 404, 194, 189, 449, 192, 410, 219, 176, 35, 15, 465, 209, 418, 356, 243, 395, 308, 421, 163, 288, 420, 237, 265, 218, 212, 422, 64, 121, 118, 279, 124, 202, 43, 155, 292, 117, 179, 390, 325, 315, 428, 94, 166, 185, 85, 371, 337, 302, 304, 178, 380, 3, 141, 348, 402, 271, 228, 331, 459, 158, 462, 120, 7, 412, 448, 201, 9, 394, 41, 39, 226, 204, 278, 298, 272, 303, 1, 135, 69, 145, 90, 327, 68, 52, 91, 159, 134, 125, 464, 365, 122, 203, 333, 382, 294, 44, 108, 12, 105, 136, 10, 123, 429, 241, 339, 406, 397, 457, 4, 191, 14, 251, 0, 56, 245, 257, 18, 256, 255, 101, 103, 139, 409, 332, 389, 100, 466, 296, 127, 316, 441, 21, 454, 341, 262, 186, 378, 47, 437, 131, 270, 447, 231, 152, 46, 29, 366, 310, 238, 174, 198, 235, 130, 438, 187, 355, 436, 207, 200, 446, 6, 360, 27, 400, 79, 89, 60, 450, 443, 62, 343, 433, 345, 133, 214, 40, 261, 244, 375, 383, 196, 5, 190, 197, 369, 434, 110, 468, 240, 273, 215, 275, 442, 267, 26, 379, 367, 75, 80, 112, 150, 398, 70, 425, 61, 138, 77, 460, 344, 248, 232, 161, 167, 67, 143, 233, 157, 440, 247, 213, 451, 300, 246, 36, 172, 396, 224, 351, 146, 181, 328, 373, 354, 115, 137, 162, 431, 453, 415, 216, 307, 95, 73, 306, 463, 314, 45, 384, 165, 291, 385, 65, 461, 128, 42, 222, 160, 71, 473, 357, 24, 31, 206, 20, 416, 19, 25, 361, 467, 13, 399, 208, 374, 391, 177, 386, 252, 16, 417, 182, 92, 11, 258, 66, 149, 156, 78, 297, 129, 317, 195, 444, 289, 370, 290, 326, 284, 388, 381, 153, 352, 229, 424, 368, 276, 102, 282, 334, 376, 22, 363, 274, 311, 411, 183, 269, 38, 84, 432, 456, 293, 266, 277, 423, 455, 59, 74, 299, 268, 305, 50, 407, 104, 239, 281, 97, 283, 53, 458, 144, 81, 126, 82, 83, 362, 148, 309, 8, 318, 48, 57, 342, 225, 364, 113, 452, 347, 116, 72, 405, 353, 312, 242, 319, 285, 184, 17, 86]
index list energy: 1590990.882028094
Done




program ended at: 2019-12-11 20:18:57.767928 
 time delta: 4 days, 23:49:59.995367
