## SLURM PROLOG ###############################################################
##    Job ID : 9199644
##  Job Name : five_day_runs
##  Nodelist : node1301
##      CPUs : 1
##  Mem/Node : 1024 MB
## Directory : /gpfs/data/nfawzi/skale/Fawzi_pycharm_project
##   Started : Fri Dec  6 20:27:55 EST 2019
###############################################################################
program started at:2019-12-06 20:27:55.379379
iterations: 5000000000 temp: 1000000.0 exponent: 0.7 eif: 300.0
time taken (sec): 431399.6471030712
number of iterations: 4787511967
final temperature: 191.58123138056612
og index list: [393, 450, 429, 445, 248, 124, 179, 185, 90, 72, 83, 28, 369, 43, 376, 284, 160, 336, 96, 404, 138, 332, 71, 145, 236, 247, 314, 95, 229, 78, 270, 303, 45, 380, 462, 136, 152, 381, 131, 454, 418, 56, 312, 280, 120, 245, 198, 133, 251, 235, 89, 340, 313, 321, 385, 384, 221, 238, 5, 7, 465, 252, 360, 327, 264, 150, 397, 294, 178, 52, 42, 331, 142, 115, 222, 208, 48, 391, 18, 466, 210, 206, 406, 403, 379, 348, 69, 97, 137, 309, 205, 338, 386, 216, 146, 212, 255, 324, 44, 292, 92, 170, 39, 328, 25, 108, 413, 223, 468, 372, 172, 244, 24, 366, 306, 329, 353, 183, 273, 279, 433, 84, 271, 417, 326, 308, 200, 66, 457, 17, 307, 130, 365, 362, 64, 325, 394, 239, 106, 268, 408, 412, 188, 425, 296, 398, 107, 34, 396, 290, 448, 224, 317, 470, 177, 443, 171, 51, 452, 356, 10, 215, 209, 135, 323, 16, 181, 41, 73, 438, 263, 446, 2, 444, 194, 104, 430, 81, 283, 119, 147, 342, 456, 22, 47, 186, 196, 250, 116, 319, 262, 298, 12, 37, 387, 472, 88, 75, 305, 330, 156, 337, 111, 346, 159, 15, 233, 460, 68, 228, 345, 388, 410, 320, 94, 105, 53, 70, 31, 322, 344, 243, 62, 304, 123, 383, 471, 190, 402, 157, 441, 347, 192, 227, 93, 154, 202, 63, 293, 139, 374, 459, 416, 74, 121, 86, 310, 32, 143, 13, 173, 367, 176, 155, 225, 389, 246, 361, 26, 98, 169, 140, 211, 197, 85, 434, 214, 409, 195, 65, 132, 407, 382, 114, 102, 258, 449, 203, 112, 437, 370, 287, 467, 311, 35, 316, 162, 58, 267, 315, 20, 144, 401, 349, 276, 218, 463, 201, 427, 333, 300, 165, 256, 153, 213, 253, 161, 295, 420, 182, 240, 395, 33, 9, 231, 38, 286, 435, 432, 217, 36, 265, 390, 447, 232, 355, 442, 242, 368, 261, 414, 80, 30, 399, 110, 1, 164, 76, 40, 377, 46, 126, 461, 79, 151, 175, 167, 278, 249, 100, 354, 166, 358, 11, 392, 220, 199, 4, 158, 341, 87, 269, 357, 117, 428, 351, 422, 54, 363, 289, 364, 451, 168, 21, 339, 59, 375, 99, 334, 207, 109, 55, 431, 149, 469, 277, 254, 61, 101, 464, 174, 453, 77, 359, 128, 335, 0, 473, 282, 299, 281, 237, 49, 29, 189, 411, 50, 405, 302, 352, 440, 266, 127, 436, 415, 193, 373, 14, 187, 260, 129, 57, 180, 191, 424, 103, 8, 3, 297, 134, 291, 91, 285, 378, 288, 204, 455, 439, 318, 343, 241, 234, 350, 259, 257, 274, 226, 118, 230, 82, 275, 423, 113, 23, 125, 419, 421, 301, 272, 27, 458, 163, 184, 148, 219, 6, 19, 371, 60, 67, 122, 141, 400, 426]
og index list energy: 91013559.5781591
index list: [234, 205, 257, 216, 322, 227, 457, 76, 107, 301, 279, 450, 132, 454, 81, 159, 58, 0, 414, 243, 354, 33, 419, 37, 337, 362, 149, 188, 24, 66, 11, 92, 258, 461, 456, 30, 416, 339, 259, 338, 260, 330, 306, 307, 187, 291, 344, 213, 72, 374, 84, 263, 444, 398, 137, 136, 70, 44, 97, 286, 244, 297, 36, 372, 116, 424, 147, 358, 164, 142, 29, 269, 109, 393, 16, 158, 361, 7, 87, 63, 390, 6, 93, 415, 106, 336, 96, 311, 23, 363, 180, 254, 300, 274, 38, 28, 425, 400, 64, 155, 118, 229, 364, 117, 408, 399, 194, 196, 189, 434, 192, 432, 219, 176, 35, 15, 423, 335, 383, 247, 75, 453, 221, 404, 323, 295, 175, 237, 397, 391, 384, 127, 143, 167, 233, 83, 108, 313, 43, 114, 429, 211, 171, 351, 332, 303, 315, 292, 166, 125, 135, 32, 2, 407, 49, 179, 312, 242, 288, 367, 409, 151, 342, 331, 228, 448, 352, 61, 69, 442, 431, 387, 9, 201, 357, 51, 1, 21, 343, 264, 280, 246, 220, 160, 50, 133, 368, 245, 68, 52, 91, 90, 134, 296, 472, 412, 124, 203, 170, 110, 123, 445, 238, 12, 105, 441, 56, 144, 410, 148, 473, 458, 386, 440, 4, 191, 5, 333, 208, 85, 126, 195, 443, 334, 102, 282, 10, 378, 99, 241, 382, 100, 463, 169, 3, 316, 359, 256, 435, 350, 31, 186, 328, 47, 430, 131, 325, 305, 239, 314, 281, 250, 465, 310, 13, 459, 198, 267, 26, 365, 165, 389, 470, 207, 200, 249, 437, 82, 27, 427, 79, 89, 60, 366, 466, 62, 401, 348, 379, 53, 18, 255, 209, 122, 349, 464, 197, 190, 199, 210, 420, 94, 240, 467, 183, 40, 215, 275, 421, 88, 346, 231, 449, 152, 145, 455, 161, 232, 248, 347, 55, 141, 181, 376, 345, 204, 217, 388, 153, 45, 73, 67, 403, 235, 302, 360, 59, 270, 262, 202, 172, 289, 405, 290, 304, 178, 377, 418, 381, 173, 438, 294, 422, 168, 321, 324, 411, 98, 385, 451, 119, 353, 14, 251, 462, 395, 120, 65, 128, 355, 42, 222, 261, 214, 447, 468, 20, 174, 206, 375, 341, 19, 25, 340, 95, 113, 373, 22, 394, 406, 177, 439, 252, 276, 182, 41, 224, 226, 460, 298, 39, 278, 156, 78, 129, 111, 163, 308, 287, 265, 413, 121, 154, 392, 225, 436, 285, 370, 320, 319, 402, 273, 396, 318, 433, 112, 150, 80, 77, 138, 452, 115, 446, 236, 146, 230, 46, 266, 277, 471, 380, 293, 74, 299, 284, 326, 428, 212, 271, 34, 184, 8, 86, 253, 139, 162, 193, 103, 140, 71, 104, 417, 309, 268, 317, 48, 57, 371, 223, 426, 327, 329, 283, 101, 272, 356, 369, 185, 469, 130, 54, 218, 17, 157]
index list energy: 1585506.9112085525
Done


program ended at: 2019-12-11 20:17:55.400199 
 time delta: 4 days, 23:50:00.020820
