## SLURM PROLOG ###############################################################
##    Job ID : 3610927
##  Job Name : pypy_without_chain_checks
##  Nodelist : node1324
##      CPUs : 1
##  Mem/Node : 1024 MB
## Directory : /gpfs/data/nfawzi/skale/Fawzi_pycharm_project
##   Started : Sun Apr 14 11:34:05 EDT 2019
###############################################################################
program started at:2019-04-14 11:34:06.153240
iterations: 10000000 temp: 1000000.0 exponent: 0.7 eif: 300.0
time taken (sec): 726.2873051166534
number of iterations: 10000000
og index list: [71, 18, 52, 64, 53, 39, 42, 6, 33, 67, 3, 38, 73, 62, 55, 14, 13, 57, 61, 24, 31, 41, 44, 30, 51, 66, 47, 32, 74, 0, 23, 60, 63, 10, 70, 29, 12, 5, 17, 20, 65, 11, 26, 27, 21, 77, 54, 75, 15, 16, 76, 59, 48, 25, 46, 43, 58, 49, 56, 40, 4, 78, 9, 19, 68, 22, 36, 7, 28, 72, 45, 34, 2, 50, 69, 79, 37, 8, 35, 1]
og index list energy: 122477582.38836318
index list: [18, 1, 2, 3, 4, 5, 6, 7, 8, 9, 10, 11, 12, 13, 19, 15, 74, 14, 49, 17, 79, 59, 20, 21, 22, 23, 24, 25, 26, 27, 28, 29, 30, 31, 32, 76, 33, 34, 35, 54, 37, 38, 39, 40, 41, 71, 50, 51, 52, 53, 45, 46, 58, 75, 42, 70, 0, 44, 77, 16, 78, 43, 36, 55, 56, 60, 61, 62, 63, 64, 65, 66, 67, 68, 69, 72, 73, 57, 47, 48]
index list energy: 698399.617065953
Done


iterations: 10000000 temp: 1000000.0 exponent: 0.7 eif: 300.0
time taken (sec): 847.4476776123047
number of iterations: 10000000
og index list: [46, 0, 42, 4, 77, 68, 9, 21, 64, 40, 36, 65, 37, 12, 3, 54, 48, 30, 8, 67, 22, 52, 57, 35, 72, 73, 27, 15, 17, 69, 13, 1, 44, 49, 28, 6, 43, 62, 33, 74, 53, 18, 39, 58, 32, 47, 71, 23, 50, 26, 34, 60, 38, 63, 78, 7, 31, 45, 14, 24, 51, 70, 10, 19, 79, 5, 61, 55, 29, 16, 41, 11, 25, 20, 59, 75, 76, 56, 66, 2]
og index list energy: 115321874.89801823
index list: [72, 1, 2, 3, 4, 5, 6, 7, 8, 9, 10, 11, 12, 13, 76, 14, 15, 16, 74, 17, 18, 19, 20, 21, 22, 23, 24, 25, 26, 27, 28, 29, 30, 31, 32, 49, 33, 34, 35, 36, 37, 38, 39, 40, 41, 0, 44, 45, 46, 73, 78, 47, 48, 77, 50, 51, 52, 53, 54, 55, 56, 57, 58, 75, 59, 60, 61, 62, 63, 64, 65, 66, 67, 68, 69, 70, 71, 79, 42, 43]
index list energy: 141546.6205124153
Done


iterations: 10000000 temp: 1000000.0 exponent: 0.7 eif: 300.0
time taken (sec): 877.8781237602234
number of iterations: 10000000
og index list: [79, 16, 7, 37, 11, 0, 60, 5, 38, 19, 1, 74, 27, 26, 68, 59, 34, 10, 40, 57, 12, 25, 56, 73, 45, 64, 63, 44, 76, 58, 8, 51, 61, 43, 4, 6, 31, 13, 69, 55, 24, 49, 66, 35, 70, 67, 52, 32, 21, 50, 77, 46, 30, 71, 33, 48, 15, 2, 14, 23, 53, 9, 62, 78, 65, 29, 18, 22, 54, 3, 20, 17, 41, 75, 39, 72, 47, 28, 42, 36]
og index list energy: 125081709.68452267
index list: [0, 1, 2, 3, 4, 5, 6, 7, 8, 9, 10, 11, 12, 13, 49, 14, 15, 16, 77, 17, 18, 19, 20, 21, 22, 23, 24, 25, 26, 27, 28, 29, 30, 31, 32, 78, 33, 34, 35, 36, 37, 38, 39, 40, 41, 74, 42, 43, 44, 45, 46, 47, 48, 79, 50, 51, 52, 53, 54, 55, 56, 57, 58, 76, 59, 60, 61, 62, 63, 64, 65, 66, 67, 68, 69, 70, 71, 75, 72, 73]
index list energy: 98209.82393678775
Done


iterations: 10000000 temp: 1000000.0 exponent: 0.7 eif: 300.0
time taken (sec): 772.8052294254303
number of iterations: 10000000
og index list: [14, 67, 71, 0, 58, 70, 23, 40, 32, 12, 36, 8, 30, 55, 47, 42, 10, 9, 69, 63, 20, 16, 57, 18, 5, 13, 45, 44, 64, 56, 26, 43, 21, 1, 17, 66, 68, 77, 65, 4, 22, 73, 2, 54, 35, 6, 34, 41, 28, 39, 52, 27, 48, 37, 62, 25, 60, 51, 79, 49, 78, 24, 7, 75, 76, 3, 74, 46, 59, 33, 29, 50, 61, 53, 72, 31, 38, 11, 19, 15]
og index list energy: 99971458.50577322
index list: [72, 1, 2, 0, 73, 78, 6, 7, 8, 9, 10, 11, 12, 13, 75, 14, 15, 16, 74, 17, 18, 19, 20, 21, 22, 23, 24, 25, 26, 27, 28, 29, 30, 31, 32, 77, 33, 34, 35, 36, 37, 38, 39, 40, 41, 76, 42, 43, 44, 45, 46, 47, 48, 79, 50, 51, 52, 53, 54, 55, 56, 57, 58, 49, 59, 60, 61, 62, 63, 64, 65, 66, 67, 68, 69, 70, 71, 4, 5, 3]
index list energy: 121336.90490276847
Done


iterations: 10000000 temp: 1000000.0 exponent: 0.7 eif: 300.0
time taken (sec): 796.73024559021
number of iterations: 10000000
og index list: [36, 17, 15, 62, 9, 2, 37, 44, 50, 12, 6, 11, 4, 31, 52, 58, 41, 20, 34, 68, 40, 66, 18, 72, 43, 65, 14, 23, 76, 21, 30, 78, 49, 1, 77, 35, 38, 51, 7, 47, 56, 45, 46, 10, 63, 75, 74, 24, 25, 22, 69, 8, 32, 5, 61, 26, 60, 71, 64, 53, 19, 3, 42, 13, 55, 54, 33, 70, 27, 67, 79, 73, 48, 16, 39, 0, 59, 57, 28, 29]
og index list energy: 99942537.27677383
index list: [72, 1, 2, 3, 4, 5, 6, 7, 8, 9, 10, 11, 12, 13, 79, 14, 15, 16, 74, 17, 18, 19, 20, 21, 22, 23, 24, 25, 26, 27, 28, 29, 30, 31, 32, 78, 33, 34, 35, 36, 37, 38, 39, 40, 41, 77, 42, 43, 44, 45, 46, 47, 48, 75, 50, 51, 52, 53, 54, 55, 56, 57, 58, 76, 59, 60, 61, 62, 63, 64, 65, 66, 67, 68, 69, 70, 71, 0, 49, 73]
index list energy: 100415.02532256568
Done


iterations: 10000000 temp: 1000000.0 exponent: 0.7 eif: 300.0
time taken (sec): 810.9076385498047
number of iterations: 10000000
og index list: [31, 19, 60, 58, 16, 46, 41, 40, 5, 70, 66, 63, 11, 13, 36, 45, 23, 48, 30, 49, 44, 69, 18, 0, 79, 32, 39, 67, 62, 24, 59, 53, 26, 71, 47, 3, 17, 65, 77, 57, 22, 20, 74, 27, 38, 64, 75, 50, 56, 68, 25, 37, 4, 28, 9, 72, 7, 21, 43, 54, 6, 35, 2, 8, 15, 76, 29, 1, 33, 14, 52, 55, 42, 34, 12, 10, 61, 73, 78, 51]
og index list energy: 133187177.18739523
index list: [0, 1, 2, 3, 4, 5, 6, 7, 8, 9, 10, 11, 12, 13, 49, 14, 15, 16, 74, 17, 18, 19, 20, 21, 22, 23, 24, 25, 26, 27, 28, 29, 30, 31, 32, 76, 33, 34, 35, 36, 37, 38, 39, 40, 41, 75, 42, 43, 44, 45, 46, 47, 48, 79, 50, 51, 52, 53, 54, 55, 56, 57, 58, 77, 59, 60, 61, 62, 63, 64, 65, 66, 67, 68, 69, 70, 71, 78, 72, 73]
index list energy: 98209.82393678775
Done


iterations: 10000000 temp: 1000000.0 exponent: 0.7 eif: 300.0
time taken (sec): 793.1291515827179
number of iterations: 10000000
og index list: [69, 67, 43, 65, 64, 47, 24, 49, 32, 16, 35, 33, 15, 66, 41, 6, 22, 27, 39, 40, 73, 0, 2, 72, 3, 59, 77, 7, 61, 76, 54, 20, 34, 51, 46, 58, 74, 78, 12, 70, 56, 37, 60, 26, 52, 29, 10, 48, 5, 31, 71, 42, 53, 25, 11, 44, 19, 62, 79, 8, 23, 4, 28, 30, 1, 45, 38, 68, 57, 36, 14, 50, 17, 63, 55, 13, 9, 21, 75, 18]
og index list energy: 121704844.86647448
index list: [0, 1, 2, 3, 4, 5, 6, 7, 8, 9, 10, 11, 12, 13, 79, 14, 15, 16, 49, 17, 18, 19, 20, 21, 22, 23, 24, 25, 26, 27, 28, 29, 30, 31, 32, 78, 33, 34, 35, 36, 37, 38, 39, 40, 41, 75, 42, 43, 44, 45, 46, 47, 48, 76, 50, 51, 52, 53, 54, 55, 56, 57, 58, 77, 59, 60, 61, 62, 63, 64, 65, 66, 67, 68, 69, 70, 71, 74, 72, 73]
index list energy: 98209.82393678775
Done


iterations: 10000000 temp: 1000000.0 exponent: 0.7 eif: 300.0
time taken (sec): 777.762624502182
number of iterations: 10000000
og index list: [40, 42, 31, 27, 73, 9, 14, 61, 63, 17, 39, 1, 43, 6, 74, 8, 53, 45, 37, 49, 29, 26, 50, 38, 12, 46, 10, 60, 66, 19, 28, 36, 5, 35, 2, 65, 52, 79, 72, 62, 4, 58, 76, 24, 68, 75, 30, 56, 21, 48, 15, 32, 55, 34, 13, 22, 20, 44, 33, 7, 51, 57, 16, 23, 25, 11, 41, 78, 67, 71, 69, 47, 70, 18, 0, 3, 64, 77, 59, 54]
og index list energy: 115072676.87179336
index list: [0, 1, 2, 3, 4, 5, 6, 7, 8, 9, 10, 11, 12, 13, 78, 14, 15, 16, 76, 17, 18, 19, 20, 21, 22, 23, 24, 25, 26, 27, 28, 29, 30, 31, 32, 79, 33, 34, 35, 36, 37, 38, 39, 40, 41, 71, 75, 43, 44, 45, 46, 47, 48, 49, 50, 51, 52, 53, 54, 55, 56, 57, 58, 74, 59, 60, 61, 62, 63, 64, 65, 66, 67, 68, 69, 70, 77, 42, 72, 73]
index list energy: 107771.95799597686
Done


iterations: 10000000 temp: 1000000.0 exponent: 0.7 eif: 300.0
time taken (sec): 807.7472834587097
number of iterations: 10000000
og index list: [52, 4, 13, 59, 41, 33, 20, 28, 17, 64, 18, 12, 30, 66, 24, 40, 25, 14, 19, 69, 55, 61, 53, 74, 72, 3, 43, 34, 79, 54, 5, 49, 71, 22, 38, 56, 16, 6, 36, 0, 1, 51, 10, 77, 32, 31, 73, 15, 37, 2, 26, 39, 62, 35, 78, 7, 8, 27, 65, 9, 58, 63, 44, 47, 76, 21, 60, 46, 75, 68, 57, 45, 50, 42, 70, 29, 48, 67, 11, 23]
og index list energy: 95783247.14409669
index list: [0, 1, 2, 3, 4, 5, 6, 7, 8, 9, 10, 11, 12, 13, 76, 14, 15, 16, 77, 17, 18, 19, 20, 21, 22, 23, 24, 25, 26, 27, 28, 29, 30, 31, 32, 75, 33, 34, 35, 36, 37, 38, 39, 40, 41, 74, 42, 43, 44, 45, 46, 47, 48, 79, 50, 51, 52, 53, 54, 55, 56, 57, 58, 78, 59, 60, 61, 62, 63, 64, 65, 66, 67, 68, 69, 70, 71, 49, 72, 73]
index list energy: 98209.82393678775
Done


iterations: 10000000 temp: 1000000.0 exponent: 0.7 eif: 300.0
time taken (sec): 746.8265948295593
number of iterations: 10000000
og index list: [69, 66, 60, 31, 40, 14, 37, 78, 47, 67, 34, 5, 48, 42, 17, 15, 54, 7, 57, 35, 12, 46, 32, 3, 11, 22, 51, 41, 4, 45, 1, 65, 39, 0, 74, 63, 61, 50, 59, 23, 75, 29, 79, 71, 30, 58, 19, 21, 77, 9, 55, 18, 72, 6, 20, 64, 43, 16, 73, 8, 70, 44, 28, 13, 24, 26, 33, 25, 62, 38, 56, 10, 2, 27, 53, 52, 36, 68, 76, 49]
og index list energy: 117147930.66105968
index list: [72, 1, 2, 3, 4, 5, 6, 7, 8, 9, 10, 11, 12, 13, 49, 14, 15, 16, 74, 17, 18, 19, 20, 21, 22, 23, 24, 25, 26, 27, 28, 29, 30, 31, 78, 42, 33, 34, 35, 36, 37, 38, 39, 40, 41, 79, 32, 76, 44, 45, 46, 47, 48, 77, 43, 51, 52, 53, 54, 55, 56, 57, 58, 75, 59, 60, 61, 62, 63, 64, 65, 66, 67, 68, 69, 70, 71, 50, 0, 73]
index list energy: 129337.48580372246
Done


iterations: 10000000 temp: 1000000.0 exponent: 0.7 eif: 300.0
time taken (sec): 798.0430660247803
number of iterations: 10000000
og index list: [24, 36, 23, 54, 35, 33, 1, 25, 41, 62, 42, 67, 10, 34, 0, 63, 58, 30, 50, 57, 11, 16, 71, 46, 75, 74, 15, 38, 13, 66, 29, 19, 40, 22, 60, 37, 7, 65, 53, 27, 72, 61, 32, 4, 79, 2, 8, 49, 59, 56, 31, 3, 17, 5, 70, 44, 26, 43, 14, 12, 47, 39, 78, 48, 73, 69, 9, 28, 6, 77, 45, 21, 52, 18, 20, 68, 51, 64, 76, 55]
og index list energy: 125364803.14700378
index list: [0, 1, 2, 3, 4, 5, 6, 7, 8, 9, 10, 11, 12, 13, 75, 14, 15, 16, 74, 17, 18, 19, 20, 21, 22, 23, 24, 25, 26, 27, 28, 29, 30, 31, 32, 78, 33, 34, 35, 36, 37, 38, 39, 40, 41, 77, 42, 43, 44, 45, 46, 47, 48, 79, 50, 51, 52, 53, 54, 55, 56, 57, 58, 49, 59, 60, 61, 62, 63, 64, 65, 66, 67, 68, 69, 70, 71, 76, 72, 73]
index list energy: 98209.82393678775
Done


iterations: 10000000 temp: 1000000.0 exponent: 0.7 eif: 300.0
time taken (sec): 677.3545985221863
number of iterations: 10000000
og index list: [4, 24, 53, 17, 52, 61, 25, 31, 29, 39, 45, 27, 57, 79, 44, 6, 78, 60, 40, 12, 54, 33, 48, 65, 5, 76, 19, 30, 68, 72, 66, 26, 58, 0, 63, 41, 47, 38, 15, 55, 56, 11, 70, 46, 20, 1, 71, 14, 23, 42, 62, 9, 34, 8, 7, 64, 10, 37, 59, 3, 69, 21, 77, 49, 36, 35, 18, 43, 16, 75, 67, 73, 50, 32, 74, 28, 51, 22, 13, 2]
og index list energy: 138714035.2066282
index list: [42, 43, 50, 51, 10, 78, 6, 7, 8, 75, 53, 54, 22, 23, 24, 12, 13, 16, 49, 17, 18, 19, 20, 21, 79, 72, 73, 25, 26, 27, 28, 29, 30, 31, 32, 77, 33, 34, 35, 36, 37, 38, 39, 40, 41, 0, 1, 2, 44, 45, 46, 47, 48, 55, 56, 76, 11, 57, 58, 74, 14, 15, 9, 52, 59, 60, 61, 62, 63, 64, 65, 66, 67, 68, 69, 70, 71, 4, 5, 3]
index list energy: 526020.6903153091
Done


iterations: 10000000 temp: 1000000.0 exponent: 0.7 eif: 300.0
time taken (sec): 751.4152474403381
number of iterations: 10000000
og index list: [48, 20, 26, 54, 49, 41, 78, 55, 23, 30, 47, 33, 43, 35, 60, 70, 14, 2, 65, 31, 75, 9, 37, 11, 16, 19, 38, 64, 6, 1, 67, 27, 17, 56, 44, 72, 46, 13, 8, 3, 28, 57, 53, 62, 24, 22, 77, 61, 74, 52, 40, 0, 71, 29, 66, 18, 4, 39, 25, 12, 5, 58, 73, 15, 79, 50, 10, 7, 21, 69, 36, 68, 63, 32, 51, 76, 42, 59, 34, 45]
og index list energy: 120101887.0225842
index list: [72, 1, 2, 3, 4, 5, 6, 7, 8, 9, 10, 11, 12, 13, 49, 14, 15, 16, 77, 17, 18, 19, 20, 21, 22, 23, 24, 25, 26, 27, 28, 29, 30, 31, 74, 42, 33, 34, 35, 36, 37, 38, 39, 40, 41, 71, 78, 43, 44, 45, 46, 47, 48, 76, 50, 51, 52, 53, 54, 55, 56, 57, 58, 75, 59, 60, 61, 62, 63, 64, 65, 66, 67, 68, 69, 70, 79, 32, 0, 73]
index list energy: 116274.79190342824
Done


iterations: 10000000 temp: 1000000.0 exponent: 0.7 eif: 300.0
time taken (sec): 822.154215335846
number of iterations: 10000000
og index list: [50, 45, 29, 66, 39, 3, 58, 48, 18, 36, 16, 20, 35, 4, 34, 65, 52, 33, 5, 42, 44, 23, 25, 78, 59, 28, 76, 30, 67, 14, 75, 46, 1, 13, 74, 68, 71, 24, 53, 54, 2, 49, 12, 60, 64, 15, 10, 56, 40, 41, 69, 31, 32, 70, 38, 6, 7, 51, 21, 62, 9, 61, 77, 8, 0, 26, 22, 57, 27, 17, 73, 37, 43, 47, 55, 19, 63, 72, 79, 11]
og index list energy: 92978311.1067288
index list: [72, 1, 2, 3, 4, 5, 6, 7, 8, 9, 10, 11, 12, 13, 79, 14, 15, 16, 78, 17, 18, 19, 20, 21, 22, 23, 24, 25, 26, 27, 28, 29, 30, 31, 32, 75, 33, 34, 35, 36, 37, 38, 39, 40, 41, 49, 42, 43, 44, 45, 46, 47, 48, 74, 50, 51, 52, 53, 54, 55, 56, 57, 58, 76, 59, 60, 61, 62, 63, 64, 65, 66, 67, 68, 69, 70, 71, 77, 73, 0]
index list energy: 101496.76386437901
Done


iterations: 10000000 temp: 1000000.0 exponent: 0.7 eif: 300.0
time taken (sec): 821.8278043270111
number of iterations: 10000000
og index list: [67, 5, 43, 63, 14, 62, 75, 40, 13, 29, 73, 60, 37, 0, 65, 18, 45, 55, 32, 68, 57, 24, 38, 11, 79, 28, 33, 9, 54, 1, 48, 31, 30, 66, 27, 4, 19, 51, 21, 22, 36, 76, 39, 69, 2, 46, 16, 15, 56, 7, 72, 10, 6, 12, 42, 59, 44, 58, 50, 17, 23, 49, 78, 70, 8, 34, 74, 35, 20, 3, 25, 64, 77, 71, 47, 52, 26, 53, 41, 61]
og index list energy: 106512489.96821514
index list: [0, 1, 2, 3, 4, 5, 6, 7, 8, 9, 10, 11, 12, 13, 77, 14, 15, 16, 75, 17, 18, 19, 20, 21, 22, 23, 24, 25, 26, 27, 28, 29, 30, 31, 32, 76, 33, 34, 35, 36, 37, 38, 39, 40, 41, 74, 42, 43, 44, 45, 46, 47, 48, 49, 50, 51, 52, 53, 54, 55, 56, 57, 58, 78, 59, 60, 61, 62, 63, 64, 65, 66, 67, 68, 69, 70, 71, 79, 72, 73]
index list energy: 97911.32412903158
Done


iterations: 10000000 temp: 1000000.0 exponent: 0.7 eif: 300.0
time taken (sec): 827.3688273429871
number of iterations: 10000000
og index list: [63, 76, 35, 36, 67, 16, 23, 74, 33, 79, 39, 6, 54, 12, 17, 77, 21, 28, 51, 9, 30, 40, 1, 46, 45, 71, 66, 14, 4, 29, 42, 7, 75, 70, 43, 19, 65, 47, 41, 25, 24, 15, 61, 69, 68, 10, 3, 32, 49, 64, 11, 52, 72, 38, 0, 37, 44, 5, 48, 59, 22, 73, 60, 58, 78, 50, 57, 56, 18, 13, 8, 55, 2, 53, 62, 26, 20, 31, 27, 34]
og index list energy: 110476711.64771539
index list: [0, 1, 2, 3, 4, 5, 6, 7, 8, 9, 10, 11, 12, 13, 75, 14, 15, 16, 77, 17, 18, 19, 20, 21, 22, 23, 24, 25, 26, 27, 28, 29, 30, 31, 32, 79, 33, 34, 35, 36, 37, 38, 39, 40, 41, 49, 42, 43, 44, 45, 46, 47, 48, 76, 50, 51, 52, 53, 54, 55, 56, 57, 58, 74, 59, 60, 61, 62, 63, 64, 65, 66, 67, 68, 69, 70, 71, 78, 72, 73]
index list energy: 98209.82393678775
Done


iterations: 10000000 temp: 1000000.0 exponent: 0.7 eif: 300.0
time taken (sec): 803.5901114940643
number of iterations: 10000000
og index list: [62, 65, 51, 60, 38, 9, 58, 47, 28, 17, 23, 70, 66, 25, 71, 44, 31, 33, 13, 22, 72, 11, 63, 54, 53, 20, 5, 35, 41, 27, 32, 14, 39, 77, 49, 52, 78, 36, 3, 57, 75, 68, 79, 74, 6, 56, 37, 26, 45, 24, 67, 61, 2, 73, 12, 64, 50, 1, 42, 29, 59, 7, 10, 34, 4, 43, 69, 30, 76, 0, 55, 48, 21, 16, 19, 15, 18, 46, 40, 8]
og index list energy: 112510119.19013418
index list: [72, 1, 2, 3, 4, 5, 6, 7, 8, 9, 10, 11, 79, 14, 78, 12, 13, 16, 49, 17, 18, 19, 20, 21, 22, 23, 24, 25, 26, 27, 28, 29, 30, 31, 32, 77, 33, 34, 35, 36, 37, 38, 39, 40, 41, 74, 42, 43, 44, 45, 46, 47, 48, 75, 15, 51, 52, 53, 54, 55, 56, 57, 58, 76, 59, 60, 61, 62, 63, 64, 65, 66, 67, 68, 69, 70, 71, 50, 0, 73]
index list energy: 145574.6356350164
Done


iterations: 10000000 temp: 1000000.0 exponent: 0.7 eif: 300.0
time taken (sec): 750.563273191452
number of iterations: 10000000
og index list: [58, 79, 78, 62, 54, 6, 53, 57, 44, 73, 35, 20, 69, 75, 11, 31, 65, 49, 77, 17, 34, 15, 5, 50, 7, 42, 46, 14, 19, 23, 16, 47, 59, 30, 45, 41, 55, 63, 0, 24, 28, 43, 18, 12, 68, 56, 70, 52, 38, 22, 4, 37, 10, 21, 72, 2, 64, 3, 27, 51, 76, 33, 40, 66, 36, 60, 9, 25, 26, 32, 74, 61, 1, 71, 67, 8, 13, 39, 29, 48]
og index list energy: 106222536.32071474
index list: [72, 1, 2, 3, 4, 5, 6, 7, 8, 9, 10, 11, 12, 13, 77, 14, 15, 32, 74, 17, 18, 19, 20, 21, 22, 23, 24, 25, 26, 27, 28, 29, 30, 31, 78, 42, 33, 34, 35, 36, 37, 38, 39, 40, 41, 0, 73, 76, 44, 45, 46, 47, 48, 75, 50, 51, 52, 53, 54, 55, 56, 57, 58, 49, 59, 60, 61, 62, 63, 64, 65, 66, 67, 68, 69, 70, 71, 79, 43, 16]
index list energy: 133712.52235282495
Done


iterations: 10000000 temp: 1000000.0 exponent: 0.7 eif: 300.0
time taken (sec): 804.151207447052
number of iterations: 10000000
og index list: [23, 77, 41, 9, 37, 34, 20, 60, 30, 75, 15, 58, 67, 57, 11, 61, 28, 25, 55, 54, 51, 78, 10, 46, 62, 50, 33, 69, 49, 70, 52, 24, 53, 0, 63, 45, 1, 4, 64, 56, 71, 47, 16, 6, 22, 5, 14, 29, 35, 73, 48, 40, 2, 19, 68, 44, 17, 3, 72, 59, 13, 36, 74, 32, 66, 38, 79, 43, 65, 27, 12, 39, 18, 42, 31, 8, 21, 26, 76, 7]
og index list energy: 113836967.71582586
index list: [0, 1, 2, 3, 4, 5, 6, 7, 8, 9, 10, 11, 12, 13, 78, 14, 15, 16, 79, 17, 18, 19, 20, 21, 22, 23, 24, 25, 26, 27, 28, 29, 30, 31, 32, 49, 33, 34, 35, 36, 37, 38, 39, 40, 41, 75, 42, 43, 44, 45, 46, 47, 48, 77, 50, 51, 52, 53, 54, 55, 56, 57, 58, 76, 59, 60, 61, 62, 63, 64, 65, 66, 67, 68, 69, 70, 71, 74, 72, 73]
index list energy: 98209.82393678775
Done


iterations: 10000000 temp: 1000000.0 exponent: 0.7 eif: 300.0
time taken (sec): 724.9399261474609
number of iterations: 10000000
og index list: [12, 69, 9, 53, 33, 75, 1, 45, 36, 18, 63, 35, 22, 72, 27, 54, 52, 39, 66, 56, 30, 77, 70, 46, 50, 13, 73, 47, 5, 34, 37, 8, 26, 14, 28, 6, 3, 43, 16, 68, 15, 49, 44, 4, 0, 79, 21, 55, 78, 19, 76, 74, 42, 20, 61, 7, 57, 29, 23, 41, 62, 58, 32, 17, 65, 64, 2, 71, 11, 25, 59, 24, 60, 67, 48, 38, 40, 31, 51, 10]
og index list energy: 89338495.51035681
index list: [0, 1, 2, 3, 4, 5, 78, 17, 18, 6, 7, 8, 9, 10, 11, 12, 13, 19, 68, 69, 70, 71, 20, 21, 22, 23, 24, 25, 26, 27, 28, 29, 30, 31, 32, 79, 33, 34, 35, 36, 37, 38, 39, 40, 41, 49, 42, 43, 44, 45, 46, 47, 48, 76, 50, 51, 52, 53, 54, 55, 56, 57, 58, 77, 59, 60, 61, 62, 63, 64, 65, 66, 67, 74, 72, 73, 75, 14, 15, 16]
index list energy: 201838.6031354759
Done


iterations: 10000000 temp: 1000000.0 exponent: 0.7 eif: 300.0
time taken (sec): 779.9446489810944
number of iterations: 10000000
og index list: [66, 20, 74, 58, 13, 71, 64, 15, 72, 33, 21, 31, 8, 27, 2, 0, 69, 38, 36, 22, 3, 17, 51, 12, 75, 32, 18, 59, 25, 24, 44, 62, 42, 53, 55, 47, 28, 10, 68, 54, 61, 45, 63, 52, 77, 37, 23, 7, 30, 40, 14, 41, 6, 16, 78, 73, 11, 34, 46, 67, 26, 5, 60, 65, 48, 79, 35, 49, 57, 50, 39, 1, 19, 43, 9, 56, 70, 29, 4, 76]
og index list energy: 94275894.57196808
index list: [72, 1, 2, 3, 4, 5, 6, 7, 8, 9, 10, 11, 12, 13, 74, 14, 15, 76, 42, 17, 18, 19, 20, 21, 22, 23, 24, 25, 26, 27, 28, 29, 30, 31, 32, 79, 33, 34, 35, 36, 37, 38, 39, 40, 41, 0, 73, 78, 44, 45, 46, 47, 48, 49, 50, 51, 52, 53, 54, 55, 56, 57, 58, 77, 59, 60, 61, 62, 63, 64, 65, 66, 67, 68, 69, 70, 71, 75, 43, 16]
index list energy: 134920.15055633965
Done


iterations: 10000000 temp: 1000000.0 exponent: 0.7 eif: 300.0
time taken (sec): 740.1381957530975
number of iterations: 10000000
og index list: [68, 67, 79, 41, 18, 24, 42, 15, 43, 10, 71, 12, 21, 38, 3, 30, 25, 7, 61, 55, 69, 63, 70, 59, 46, 39, 53, 9, 78, 60, 20, 27, 66, 74, 58, 4, 23, 31, 1, 54, 50, 56, 34, 6, 49, 51, 48, 19, 35, 33, 73, 17, 11, 44, 2, 0, 57, 29, 40, 76, 26, 65, 64, 36, 45, 14, 8, 62, 32, 28, 72, 22, 37, 5, 77, 75, 13, 16, 52, 47]
og index list energy: 147263320.9170041
index list: [72, 73, 77, 14, 79, 5, 76, 17, 18, 6, 7, 8, 9, 10, 11, 12, 13, 16, 0, 1, 2, 19, 20, 21, 22, 23, 24, 25, 26, 27, 28, 29, 30, 31, 32, 74, 33, 34, 35, 36, 37, 38, 39, 40, 41, 49, 42, 43, 44, 45, 46, 47, 48, 78, 50, 51, 52, 53, 54, 55, 56, 57, 58, 75, 59, 60, 61, 62, 63, 64, 65, 66, 67, 68, 69, 70, 71, 4, 15, 3]
index list energy: 175519.62713112263
Done


iterations: 10000000 temp: 1000000.0 exponent: 0.7 eif: 300.0
time taken (sec): 813.2213394641876
number of iterations: 10000000
og index list: [0, 55, 56, 28, 37, 3, 20, 10, 7, 36, 22, 59, 43, 63, 38, 57, 23, 68, 8, 77, 58, 45, 1, 50, 66, 34, 60, 79, 13, 6, 27, 71, 78, 75, 40, 46, 73, 15, 21, 30, 52, 31, 41, 24, 70, 47, 67, 51, 65, 18, 61, 19, 48, 26, 16, 42, 64, 53, 76, 11, 4, 2, 14, 54, 72, 17, 74, 29, 44, 39, 32, 69, 35, 5, 9, 12, 33, 25, 49, 62]
og index list energy: 113268297.59539916
index list: [0, 1, 2, 3, 4, 5, 6, 7, 8, 9, 10, 11, 12, 13, 76, 14, 15, 16, 74, 17, 18, 19, 20, 21, 22, 23, 24, 25, 26, 27, 28, 29, 30, 31, 32, 77, 33, 34, 35, 36, 37, 38, 39, 40, 41, 78, 42, 43, 44, 45, 46, 47, 48, 79, 50, 51, 52, 53, 54, 55, 56, 57, 58, 49, 59, 60, 61, 62, 63, 64, 65, 66, 67, 68, 69, 70, 71, 75, 72, 73]
index list energy: 98209.82393678775
Done


iterations: 10000000 temp: 1000000.0 exponent: 0.7 eif: 300.0
time taken (sec): 801.744729757309
number of iterations: 10000000
og index list: [27, 4, 62, 29, 66, 78, 15, 11, 47, 76, 18, 37, 7, 41, 39, 65, 79, 73, 68, 25, 77, 32, 56, 1, 22, 61, 46, 36, 33, 23, 69, 50, 0, 43, 17, 48, 24, 34, 5, 55, 10, 40, 75, 59, 21, 13, 31, 45, 72, 58, 26, 38, 28, 9, 63, 6, 51, 30, 12, 2, 20, 16, 71, 8, 49, 42, 60, 14, 54, 74, 52, 64, 3, 70, 35, 67, 53, 44, 19, 57]
og index list energy: 115823030.01518321
index list: [0, 1, 2, 3, 4, 5, 6, 7, 8, 9, 10, 11, 12, 13, 74, 14, 15, 16, 78, 17, 18, 19, 20, 21, 22, 23, 24, 25, 26, 27, 28, 29, 30, 31, 32, 49, 33, 34, 35, 36, 37, 38, 39, 40, 41, 75, 42, 43, 44, 45, 46, 47, 48, 77, 50, 51, 52, 53, 54, 55, 56, 57, 58, 76, 59, 60, 61, 62, 63, 64, 65, 66, 67, 68, 69, 70, 71, 79, 72, 73]
index list energy: 98209.82393678775
Done


iterations: 10000000 temp: 1000000.0 exponent: 0.7 eif: 300.0
time taken (sec): 812.5521833896637
number of iterations: 10000000
og index list: [30, 58, 78, 47, 25, 70, 72, 21, 41, 50, 36, 39, 56, 22, 67, 42, 68, 5, 54, 34, 45, 15, 24, 26, 20, 13, 64, 66, 31, 2, 0, 38, 74, 32, 3, 12, 62, 79, 57, 46, 10, 37, 77, 17, 49, 1, 4, 69, 44, 8, 27, 63, 52, 18, 51, 48, 71, 33, 76, 53, 7, 28, 43, 55, 11, 14, 29, 59, 75, 6, 16, 73, 23, 65, 40, 60, 19, 35, 61, 9]
og index list energy: 98523209.39523937
index list: [0, 1, 2, 3, 4, 5, 6, 7, 8, 9, 10, 11, 12, 13, 77, 14, 15, 16, 79, 17, 18, 19, 20, 21, 22, 23, 24, 25, 26, 27, 28, 29, 30, 31, 32, 75, 33, 34, 35, 36, 37, 38, 39, 40, 41, 76, 42, 43, 44, 45, 46, 47, 48, 74, 50, 51, 52, 53, 54, 55, 56, 57, 58, 49, 59, 60, 61, 62, 63, 64, 65, 66, 67, 68, 69, 70, 71, 78, 72, 73]
index list energy: 98209.82393678775
Done


iterations: 10000000 temp: 1000000.0 exponent: 0.7 eif: 300.0
time taken (sec): 772.7183306217194
number of iterations: 10000000
og index list: [36, 55, 69, 35, 71, 45, 66, 79, 27, 64, 16, 28, 6, 9, 13, 33, 8, 44, 41, 70, 57, 40, 60, 31, 56, 18, 74, 26, 0, 21, 32, 10, 4, 25, 48, 2, 39, 67, 29, 52, 46, 59, 17, 43, 72, 42, 53, 5, 12, 30, 73, 65, 47, 54, 78, 38, 24, 37, 58, 61, 15, 23, 3, 51, 34, 76, 49, 75, 7, 62, 68, 22, 19, 20, 1, 77, 11, 50, 63, 14]
og index list energy: 74690364.97355542
index list: [43, 1, 2, 3, 4, 5, 6, 7, 8, 9, 10, 11, 12, 13, 76, 14, 15, 16, 49, 17, 18, 19, 20, 21, 22, 23, 24, 25, 26, 27, 28, 29, 30, 31, 75, 42, 33, 34, 35, 36, 37, 38, 39, 40, 41, 74, 32, 77, 44, 45, 46, 47, 48, 0, 50, 51, 52, 53, 54, 55, 56, 57, 58, 79, 59, 60, 61, 62, 63, 64, 65, 66, 67, 68, 69, 70, 71, 78, 72, 73]
index list energy: 132470.00517148053
Done


iterations: 10000000 temp: 1000000.0 exponent: 0.7 eif: 300.0
time taken (sec): 816.986974477768
number of iterations: 10000000
og index list: [70, 52, 37, 71, 15, 33, 9, 26, 7, 19, 67, 38, 24, 10, 74, 4, 42, 14, 50, 57, 72, 63, 17, 36, 5, 6, 39, 30, 69, 40, 27, 43, 51, 66, 44, 60, 59, 54, 61, 32, 47, 55, 68, 53, 77, 76, 2, 13, 78, 35, 46, 22, 28, 56, 18, 12, 8, 31, 16, 25, 29, 49, 1, 3, 0, 65, 23, 48, 64, 79, 11, 62, 41, 21, 75, 34, 73, 20, 45, 58]
og index list energy: 89526830.8660923
index list: [0, 1, 2, 3, 4, 5, 6, 7, 8, 9, 10, 11, 12, 13, 75, 14, 15, 16, 77, 17, 18, 19, 20, 21, 22, 23, 24, 25, 26, 27, 28, 29, 30, 31, 32, 76, 33, 34, 35, 36, 37, 38, 39, 40, 41, 79, 42, 43, 44, 45, 46, 47, 48, 49, 50, 51, 52, 53, 54, 55, 56, 57, 58, 78, 59, 60, 61, 62, 63, 64, 65, 66, 67, 68, 69, 70, 71, 74, 72, 73]
index list energy: 97911.32412903158
Done


iterations: 10000000 temp: 1000000.0 exponent: 0.7 eif: 300.0
time taken (sec): 779.0285542011261
number of iterations: 10000000
og index list: [27, 23, 17, 25, 64, 55, 7, 19, 11, 43, 42, 48, 54, 12, 10, 26, 51, 30, 36, 4, 35, 45, 21, 67, 77, 68, 57, 46, 44, 14, 18, 75, 2, 47, 52, 66, 5, 53, 31, 78, 56, 38, 24, 33, 13, 37, 28, 6, 76, 41, 65, 71, 69, 79, 34, 39, 73, 8, 29, 1, 32, 50, 62, 63, 61, 15, 22, 60, 74, 20, 9, 3, 0, 72, 59, 40, 49, 58, 70, 16]
og index list energy: 87736568.32423802
index list: [0, 1, 2, 3, 4, 5, 6, 7, 8, 9, 10, 11, 12, 13, 49, 14, 15, 16, 78, 17, 18, 19, 20, 21, 22, 23, 24, 25, 26, 27, 28, 29, 30, 31, 32, 76, 33, 34, 35, 36, 37, 38, 39, 40, 41, 74, 42, 43, 44, 45, 46, 47, 48, 79, 50, 51, 52, 53, 54, 55, 56, 57, 58, 77, 59, 60, 61, 62, 63, 64, 65, 66, 67, 68, 69, 70, 71, 75, 72, 73]
index list energy: 98209.82393678775
Done


iterations: 10000000 temp: 1000000.0 exponent: 0.7 eif: 300.0
time taken (sec): 791.0026772022247
number of iterations: 10000000
og index list: [57, 44, 29, 40, 28, 79, 51, 1, 26, 20, 63, 49, 24, 55, 30, 58, 15, 77, 67, 16, 52, 74, 6, 66, 71, 59, 46, 36, 10, 34, 38, 33, 50, 54, 17, 27, 21, 68, 13, 7, 41, 76, 12, 65, 43, 5, 70, 42, 23, 0, 45, 75, 22, 37, 60, 25, 39, 3, 35, 18, 9, 2, 8, 14, 53, 72, 61, 4, 11, 64, 78, 69, 47, 48, 19, 32, 56, 62, 31, 73]
og index list energy: 124214922.0301631
index list: [0, 1, 2, 3, 4, 5, 6, 7, 8, 9, 10, 11, 12, 13, 78, 14, 15, 16, 76, 17, 18, 19, 20, 21, 22, 23, 24, 25, 26, 27, 28, 29, 30, 31, 32, 79, 33, 34, 35, 36, 37, 38, 39, 40, 41, 74, 42, 43, 44, 45, 46, 47, 48, 75, 50, 51, 52, 53, 54, 55, 56, 57, 58, 49, 59, 60, 61, 62, 63, 64, 65, 66, 67, 68, 69, 70, 71, 77, 72, 73]
index list energy: 98209.82393678775
Done


iterations: 10000000 temp: 1000000.0 exponent: 0.7 eif: 300.0
time taken (sec): 732.6038019657135
number of iterations: 10000000
og index list: [75, 48, 78, 65, 69, 6, 39, 10, 73, 46, 29, 9, 28, 77, 51, 20, 79, 25, 59, 18, 68, 7, 13, 22, 47, 16, 26, 52, 55, 5, 72, 14, 44, 37, 43, 30, 57, 53, 1, 58, 60, 67, 8, 36, 35, 50, 49, 62, 76, 61, 27, 71, 19, 4, 41, 3, 32, 34, 54, 12, 24, 45, 11, 21, 0, 2, 15, 38, 70, 64, 74, 23, 42, 33, 56, 63, 40, 66, 31, 17]
og index list energy: 106326543.6136315
index list: [72, 1, 2, 3, 40, 41, 78, 17, 18, 6, 7, 8, 9, 10, 11, 12, 13, 16, 0, 73, 75, 19, 20, 21, 22, 23, 24, 25, 26, 27, 28, 29, 30, 31, 32, 76, 33, 34, 35, 36, 37, 38, 39, 4, 5, 44, 45, 46, 47, 74, 14, 15, 48, 49, 50, 51, 52, 53, 54, 55, 56, 57, 58, 79, 59, 60, 61, 62, 63, 64, 65, 66, 67, 68, 69, 70, 71, 77, 42, 43]
index list energy: 244328.1024367301
Done


iterations: 10000000 temp: 1000000.0 exponent: 0.7 eif: 300.0
time taken (sec): 795.9729909896851
number of iterations: 10000000
og index list: [29, 36, 59, 51, 31, 3, 4, 60, 15, 24, 25, 53, 75, 74, 76, 13, 9, 54, 64, 10, 14, 72, 45, 34, 7, 47, 26, 79, 50, 62, 11, 8, 48, 23, 52, 63, 71, 12, 30, 1, 73, 40, 35, 17, 66, 67, 57, 78, 5, 18, 46, 58, 33, 55, 42, 77, 32, 49, 20, 39, 68, 43, 28, 56, 65, 16, 70, 27, 41, 19, 21, 38, 69, 0, 6, 37, 61, 44, 22, 2]
og index list energy: 97099492.71691123
index list: [0, 1, 2, 3, 4, 5, 6, 7, 8, 9, 10, 11, 12, 13, 76, 14, 15, 16, 77, 17, 18, 19, 20, 21, 22, 23, 24, 25, 26, 27, 28, 29, 30, 31, 32, 74, 33, 34, 35, 36, 37, 38, 39, 40, 41, 49, 42, 43, 44, 45, 46, 47, 48, 75, 50, 51, 52, 53, 54, 55, 56, 57, 58, 79, 59, 60, 61, 62, 63, 64, 65, 66, 67, 68, 69, 70, 71, 78, 72, 73]
index list energy: 98209.82393678775
Done


iterations: 10000000 temp: 1000000.0 exponent: 0.7 eif: 300.0
time taken (sec): 706.1937551498413
number of iterations: 10000000
og index list: [25, 62, 74, 55, 49, 59, 48, 50, 44, 38, 56, 60, 20, 29, 13, 11, 57, 9, 37, 7, 34, 61, 28, 21, 79, 1, 67, 77, 47, 46, 76, 31, 24, 36, 32, 69, 39, 54, 58, 52, 23, 8, 35, 5, 45, 26, 75, 42, 17, 53, 4, 72, 78, 18, 12, 3, 40, 33, 14, 2, 30, 19, 16, 15, 10, 65, 70, 22, 43, 66, 64, 41, 51, 73, 6, 71, 0, 27, 63, 68]
og index list energy: 113467393.36169761
index list: [15, 1, 2, 3, 4, 5, 6, 7, 8, 9, 10, 11, 12, 13, 16, 77, 72, 73, 76, 17, 18, 19, 20, 21, 22, 23, 24, 25, 26, 27, 28, 29, 30, 31, 32, 49, 33, 34, 35, 36, 37, 38, 39, 40, 41, 71, 79, 43, 44, 45, 46, 47, 48, 0, 50, 51, 52, 53, 54, 55, 56, 57, 58, 78, 59, 60, 61, 62, 63, 64, 65, 66, 70, 74, 42, 75, 67, 68, 69, 14]
index list energy: 154003.3822519976
Done


iterations: 10000000 temp: 1000000.0 exponent: 0.7 eif: 300.0
time taken (sec): 790.0373690128326
number of iterations: 10000000
og index list: [50, 21, 64, 9, 68, 17, 4, 23, 19, 60, 57, 58, 73, 77, 54, 10, 8, 48, 6, 0, 29, 14, 45, 49, 59, 12, 1, 22, 39, 5, 56, 72, 35, 62, 40, 46, 13, 30, 37, 65, 70, 15, 67, 11, 3, 79, 26, 69, 25, 32, 44, 75, 27, 66, 78, 18, 33, 24, 38, 43, 55, 47, 53, 42, 16, 63, 71, 76, 74, 2, 7, 41, 52, 34, 28, 36, 61, 31, 20, 51]
og index list energy: 116697569.12104574
index list: [0, 1, 2, 3, 4, 5, 6, 7, 8, 9, 10, 11, 12, 13, 78, 14, 15, 16, 77, 17, 18, 19, 20, 21, 22, 23, 24, 25, 26, 27, 28, 29, 30, 31, 32, 49, 33, 34, 35, 36, 37, 38, 39, 40, 41, 79, 42, 43, 44, 45, 46, 47, 48, 76, 50, 51, 52, 53, 54, 55, 56, 57, 58, 75, 59, 60, 61, 62, 63, 64, 65, 66, 67, 68, 69, 70, 71, 74, 72, 73]
index list energy: 98209.82393678775
Done


iterations: 10000000 temp: 1000000.0 exponent: 0.7 eif: 300.0
time taken (sec): 708.1704316139221
number of iterations: 10000000
og index list: [68, 51, 45, 15, 74, 56, 12, 33, 20, 79, 36, 31, 3, 40, 63, 29, 1, 67, 25, 42, 37, 8, 35, 52, 38, 73, 75, 77, 50, 0, 13, 46, 7, 39, 28, 47, 11, 41, 61, 48, 27, 58, 59, 69, 55, 30, 76, 65, 6, 24, 32, 62, 60, 78, 70, 2, 72, 66, 18, 64, 22, 53, 17, 21, 23, 43, 5, 10, 16, 54, 9, 49, 26, 44, 14, 34, 71, 4, 19, 57]
og index list energy: 114253939.23730019
index list: [72, 1, 2, 3, 4, 5, 6, 7, 8, 9, 10, 11, 12, 13, 32, 79, 15, 16, 78, 17, 18, 19, 20, 21, 22, 23, 24, 25, 26, 27, 28, 29, 30, 31, 74, 42, 33, 34, 35, 36, 37, 38, 39, 40, 41, 0, 44, 45, 46, 73, 77, 47, 48, 75, 43, 51, 52, 53, 54, 55, 56, 57, 58, 49, 59, 60, 61, 62, 63, 64, 65, 66, 67, 68, 69, 70, 71, 50, 76, 14]
index list energy: 160513.32769782556
Done


iterations: 10000000 temp: 1000000.0 exponent: 0.7 eif: 300.0
time taken (sec): 776.4181761741638
number of iterations: 10000000
og index list: [6, 16, 34, 17, 26, 0, 46, 49, 14, 35, 22, 1, 75, 47, 62, 39, 53, 67, 78, 21, 48, 11, 40, 44, 9, 73, 5, 52, 66, 27, 38, 30, 7, 19, 8, 71, 60, 63, 31, 13, 2, 36, 15, 28, 69, 70, 43, 32, 74, 24, 68, 58, 51, 10, 12, 55, 79, 72, 54, 65, 56, 42, 29, 41, 59, 37, 76, 45, 33, 57, 50, 64, 23, 25, 18, 4, 20, 77, 3, 61]
og index list energy: 111426196.76200889
index list: [72, 1, 2, 3, 4, 5, 6, 7, 8, 9, 10, 11, 12, 13, 0, 73, 78, 42, 77, 17, 18, 19, 20, 21, 22, 23, 24, 25, 26, 27, 28, 29, 30, 31, 32, 79, 33, 34, 35, 36, 37, 38, 39, 40, 44, 45, 16, 75, 14, 15, 46, 47, 48, 49, 50, 51, 52, 53, 54, 55, 56, 57, 58, 74, 59, 60, 61, 62, 63, 64, 65, 66, 67, 68, 69, 70, 71, 76, 43, 41]
index list energy: 162256.34894812622
Done


iterations: 10000000 temp: 1000000.0 exponent: 0.7 eif: 300.0
time taken (sec): 772.9530863761902
number of iterations: 10000000
og index list: [63, 7, 34, 28, 76, 37, 4, 19, 71, 79, 1, 50, 33, 77, 23, 70, 24, 58, 61, 57, 17, 41, 15, 26, 66, 38, 54, 36, 44, 2, 21, 13, 64, 43, 18, 55, 20, 73, 8, 52, 40, 12, 60, 74, 72, 27, 75, 39, 6, 56, 22, 5, 69, 10, 0, 30, 32, 46, 78, 59, 68, 53, 42, 16, 35, 65, 45, 29, 25, 51, 48, 3, 14, 62, 11, 67, 49, 47, 31, 9]
og index list energy: 109374778.03448673
index list: [72, 1, 2, 3, 4, 5, 6, 7, 8, 9, 10, 11, 12, 13, 79, 14, 15, 16, 77, 17, 18, 19, 20, 21, 22, 23, 24, 25, 26, 27, 28, 29, 30, 31, 32, 49, 33, 34, 35, 36, 37, 38, 39, 40, 41, 78, 42, 43, 44, 45, 46, 47, 48, 76, 50, 51, 52, 53, 54, 55, 56, 57, 58, 74, 59, 60, 61, 62, 63, 64, 65, 66, 67, 68, 69, 70, 71, 0, 75, 73]
index list energy: 100415.02532256568
Done


iterations: 10000000 temp: 1000000.0 exponent: 0.7 eif: 300.0
time taken (sec): 769.8132274150848
number of iterations: 10000000
og index list: [25, 55, 8, 78, 43, 5, 61, 56, 32, 6, 14, 13, 51, 40, 19, 2, 69, 52, 20, 27, 58, 72, 36, 23, 33, 15, 38, 66, 3, 73, 60, 54, 68, 74, 64, 7, 18, 9, 41, 67, 16, 31, 4, 62, 22, 47, 76, 11, 37, 28, 35, 70, 1, 71, 46, 79, 77, 48, 12, 42, 21, 26, 39, 75, 49, 34, 30, 59, 17, 24, 29, 50, 10, 53, 0, 57, 63, 65, 44, 45]
og index list energy: 100011066.72751465
index list: [47, 1, 2, 3, 4, 5, 6, 7, 8, 9, 10, 11, 12, 13, 75, 14, 15, 16, 49, 17, 18, 19, 20, 21, 22, 23, 24, 25, 26, 27, 28, 29, 30, 31, 32, 76, 33, 34, 35, 36, 37, 38, 39, 40, 41, 0, 77, 42, 43, 44, 45, 46, 48, 78, 50, 51, 52, 53, 54, 55, 56, 57, 58, 79, 59, 60, 61, 62, 63, 64, 65, 66, 67, 68, 69, 70, 71, 74, 72, 73]
index list energy: 120175.44357107127
Done


iterations: 10000000 temp: 1000000.0 exponent: 0.7 eif: 300.0
time taken (sec): 735.5587077140808
number of iterations: 10000000
og index list: [2, 76, 4, 32, 60, 54, 73, 10, 7, 65, 56, 57, 13, 16, 1, 9, 58, 20, 6, 77, 33, 39, 43, 31, 75, 23, 50, 24, 61, 79, 45, 62, 63, 68, 36, 46, 15, 78, 47, 25, 41, 34, 59, 3, 22, 40, 19, 18, 38, 55, 42, 49, 74, 30, 48, 27, 67, 11, 5, 28, 8, 52, 29, 69, 53, 0, 14, 64, 44, 71, 70, 37, 17, 51, 66, 26, 72, 35, 21, 12]
og index list energy: 99093722.62779245
index list: [47, 1, 2, 3, 4, 5, 6, 7, 8, 76, 43, 44, 45, 46, 74, 72, 73, 78, 42, 17, 18, 19, 20, 21, 22, 23, 24, 25, 26, 27, 28, 29, 30, 31, 32, 49, 33, 34, 35, 36, 37, 38, 39, 40, 9, 10, 11, 12, 13, 41, 71, 79, 48, 0, 50, 51, 52, 53, 54, 55, 56, 57, 58, 75, 59, 60, 61, 62, 63, 64, 65, 66, 67, 68, 69, 70, 77, 14, 15, 16]
index list energy: 261007.940353174
Done


iterations: 10000000 temp: 1000000.0 exponent: 0.7 eif: 300.0
time taken (sec): 691.3586032390594
number of iterations: 10000000
og index list: [16, 22, 40, 59, 1, 53, 66, 56, 46, 4, 34, 76, 78, 61, 37, 35, 75, 41, 29, 48, 5, 42, 3, 11, 19, 69, 60, 6, 45, 50, 54, 8, 49, 51, 64, 26, 0, 52, 73, 63, 58, 17, 2, 18, 20, 39, 12, 62, 14, 72, 28, 77, 70, 74, 9, 10, 25, 55, 32, 65, 33, 21, 43, 67, 47, 68, 79, 27, 23, 44, 71, 24, 38, 13, 57, 36, 30, 7, 15, 31]
og index list energy: 77611737.56165832
index list: [72, 1, 2, 3, 50, 76, 42, 17, 18, 6, 7, 8, 9, 10, 11, 74, 44, 45, 16, 4, 5, 19, 20, 21, 22, 23, 24, 25, 26, 27, 28, 29, 30, 31, 32, 49, 33, 34, 35, 36, 37, 38, 39, 40, 41, 0, 73, 79, 12, 13, 46, 47, 48, 77, 43, 51, 52, 53, 54, 55, 56, 57, 58, 78, 59, 60, 61, 62, 63, 64, 65, 66, 67, 68, 69, 70, 71, 15, 75, 14]
index list energy: 266255.51088151993
Done


iterations: 10000000 temp: 1000000.0 exponent: 0.7 eif: 300.0
time taken (sec): 714.0643148422241
number of iterations: 10000000
og index list: [45, 21, 61, 36, 79, 67, 19, 10, 40, 18, 50, 71, 76, 5, 57, 74, 30, 75, 46, 39, 33, 49, 25, 13, 64, 29, 38, 7, 26, 0, 24, 59, 35, 27, 4, 56, 42, 16, 48, 34, 69, 8, 22, 66, 78, 68, 65, 3, 31, 14, 44, 20, 51, 72, 55, 12, 58, 15, 1, 2, 23, 11, 28, 32, 60, 52, 53, 77, 41, 43, 37, 73, 63, 62, 70, 54, 6, 9, 47, 17]
og index list energy: 94740296.21138771
index list: [72, 1, 2, 3, 4, 5, 6, 7, 8, 9, 10, 11, 12, 13, 16, 76, 17, 18, 0, 73, 79, 71, 20, 21, 22, 23, 24, 25, 26, 27, 28, 29, 30, 31, 32, 75, 33, 34, 35, 36, 37, 38, 39, 40, 41, 78, 42, 43, 44, 45, 46, 47, 48, 49, 50, 51, 52, 53, 54, 55, 56, 57, 58, 77, 59, 60, 61, 62, 63, 64, 65, 66, 67, 68, 69, 70, 74, 14, 15, 19]
index list energy: 191028.82204256073
Done


iterations: 10000000 temp: 1000000.0 exponent: 0.7 eif: 300.0
time taken (sec): 779.6972632408142
number of iterations: 10000000
og index list: [64, 68, 11, 34, 16, 44, 31, 51, 70, 27, 79, 49, 47, 72, 74, 6, 53, 26, 37, 9, 59, 23, 75, 8, 61, 18, 65, 38, 71, 20, 24, 41, 32, 2, 7, 67, 78, 66, 77, 62, 29, 73, 42, 4, 63, 46, 3, 19, 0, 10, 35, 58, 48, 36, 5, 30, 56, 52, 76, 50, 40, 57, 12, 13, 25, 28, 17, 1, 60, 43, 39, 54, 21, 15, 22, 55, 33, 69, 45, 14]
og index list energy: 92082373.52762213
index list: [0, 1, 2, 3, 4, 5, 6, 7, 8, 9, 10, 11, 12, 13, 74, 14, 15, 16, 78, 17, 18, 19, 20, 21, 22, 23, 24, 25, 26, 27, 28, 29, 30, 31, 32, 77, 33, 34, 35, 36, 37, 38, 39, 40, 41, 79, 42, 43, 44, 45, 46, 47, 48, 76, 50, 51, 52, 53, 54, 55, 56, 57, 58, 75, 59, 60, 61, 62, 63, 64, 65, 66, 67, 68, 69, 70, 71, 49, 72, 73]
index list energy: 98209.82393678775
Done


iterations: 10000000 temp: 1000000.0 exponent: 0.7 eif: 300.0
time taken (sec): 789.1968216896057
number of iterations: 10000000
og index list: [48, 2, 74, 16, 10, 28, 45, 53, 3, 46, 58, 20, 73, 43, 60, 8, 26, 79, 32, 33, 54, 76, 31, 49, 72, 61, 4, 0, 57, 70, 23, 51, 1, 27, 75, 9, 65, 13, 22, 11, 36, 21, 39, 67, 38, 55, 52, 7, 41, 19, 50, 17, 34, 15, 35, 12, 64, 66, 6, 56, 63, 77, 40, 78, 37, 47, 44, 5, 29, 59, 30, 18, 42, 25, 68, 14, 24, 71, 62, 69]
og index list energy: 131204102.77134216
index list: [72, 1, 2, 3, 4, 5, 6, 7, 8, 9, 10, 11, 12, 13, 78, 14, 15, 16, 74, 17, 18, 19, 20, 21, 22, 23, 24, 25, 26, 27, 28, 29, 30, 31, 32, 77, 33, 34, 35, 36, 37, 38, 39, 40, 41, 79, 42, 43, 44, 45, 46, 47, 48, 76, 50, 51, 52, 53, 54, 55, 56, 57, 58, 49, 59, 60, 61, 62, 63, 64, 65, 66, 67, 68, 69, 70, 71, 75, 73, 0]
index list energy: 101496.76386437901
Done


iterations: 10000000 temp: 1000000.0 exponent: 0.7 eif: 300.0
time taken (sec): 760.6146137714386
number of iterations: 10000000
og index list: [28, 0, 49, 29, 17, 22, 41, 10, 50, 2, 72, 18, 68, 16, 73, 70, 78, 65, 35, 52, 46, 12, 25, 20, 53, 77, 44, 34, 76, 61, 62, 54, 64, 30, 60, 66, 57, 6, 33, 31, 38, 21, 67, 74, 69, 43, 39, 8, 40, 48, 11, 58, 9, 79, 3, 26, 15, 71, 56, 51, 4, 5, 47, 27, 37, 36, 32, 42, 1, 7, 55, 13, 19, 59, 75, 24, 63, 23, 45, 14]
og index list energy: 92912972.78931044
index list: [72, 1, 2, 0, 73, 77, 6, 7, 8, 9, 10, 11, 12, 13, 79, 14, 15, 16, 78, 17, 18, 19, 20, 21, 22, 23, 24, 25, 26, 27, 28, 29, 30, 31, 32, 76, 33, 34, 35, 36, 37, 38, 39, 40, 41, 49, 42, 43, 44, 45, 46, 47, 48, 74, 50, 51, 52, 53, 54, 55, 56, 57, 58, 75, 59, 60, 61, 62, 63, 64, 65, 66, 67, 68, 69, 70, 71, 4, 5, 3]
index list energy: 121336.90490276847
Done


iterations: 10000000 temp: 1000000.0 exponent: 0.7 eif: 300.0
time taken (sec): 764.4915130138397
number of iterations: 10000000
og index list: [65, 44, 31, 18, 5, 4, 54, 12, 15, 61, 11, 2, 30, 74, 59, 17, 43, 3, 32, 67, 14, 35, 8, 19, 10, 68, 29, 9, 66, 27, 7, 53, 46, 56, 45, 75, 72, 42, 41, 16, 0, 33, 22, 39, 40, 28, 52, 24, 69, 1, 76, 51, 26, 21, 23, 64, 37, 57, 77, 36, 58, 20, 60, 38, 79, 25, 47, 34, 13, 73, 50, 71, 49, 70, 63, 48, 78, 55, 62, 6]
og index list energy: 145339939.43322316
index list: [0, 1, 2, 3, 4, 5, 6, 7, 8, 9, 10, 11, 12, 13, 74, 14, 15, 16, 76, 17, 18, 19, 20, 21, 22, 23, 24, 25, 26, 27, 28, 29, 30, 31, 32, 49, 33, 34, 35, 36, 37, 38, 39, 40, 41, 71, 77, 43, 44, 45, 46, 47, 48, 75, 50, 51, 52, 53, 54, 55, 56, 57, 58, 79, 59, 60, 61, 62, 63, 64, 65, 66, 67, 68, 69, 70, 78, 42, 72, 73]
index list energy: 108070.45780373304
Done


iterations: 10000000 temp: 1000000.0 exponent: 0.7 eif: 300.0
time taken (sec): 745.1222128868103
number of iterations: 10000000
og index list: [10, 2, 21, 5, 45, 20, 61, 3, 18, 54, 46, 34, 38, 53, 78, 43, 77, 24, 69, 25, 79, 13, 71, 0, 14, 15, 40, 11, 28, 60, 8, 4, 31, 6, 22, 66, 37, 50, 33, 64, 36, 41, 19, 49, 12, 42, 17, 56, 51, 52, 67, 30, 74, 55, 32, 7, 68, 29, 72, 16, 48, 47, 44, 1, 58, 65, 23, 39, 27, 35, 76, 73, 63, 59, 26, 75, 62, 57, 9, 70]
og index list energy: 142099838.12567976
index list: [0, 1, 2, 78, 14, 5, 6, 7, 8, 9, 10, 11, 12, 13, 16, 79, 72, 73, 74, 17, 18, 19, 20, 21, 22, 23, 24, 25, 26, 27, 28, 29, 30, 31, 32, 75, 33, 34, 35, 36, 37, 38, 39, 40, 41, 76, 42, 43, 44, 45, 46, 47, 48, 77, 50, 51, 52, 53, 54, 55, 56, 57, 58, 49, 59, 60, 61, 62, 63, 64, 65, 66, 67, 68, 69, 70, 71, 4, 15, 3]
index list energy: 129341.60004846798
Done


iterations: 10000000 temp: 1000000.0 exponent: 0.7 eif: 300.0
time taken (sec): 783.1700892448425
number of iterations: 10000000
og index list: [58, 24, 27, 32, 1, 5, 44, 75, 50, 31, 26, 38, 14, 2, 17, 21, 25, 70, 45, 54, 53, 71, 74, 64, 72, 66, 10, 19, 43, 73, 29, 48, 20, 76, 23, 42, 79, 67, 39, 28, 60, 47, 69, 30, 65, 78, 77, 37, 22, 40, 46, 51, 49, 62, 8, 52, 16, 3, 63, 0, 33, 9, 18, 13, 35, 6, 41, 55, 57, 56, 59, 34, 4, 61, 12, 36, 7, 15, 11, 68]
og index list energy: 103158427.59072115
index list: [0, 1, 2, 3, 4, 5, 6, 7, 8, 9, 10, 11, 12, 13, 49, 14, 15, 16, 79, 17, 18, 19, 20, 21, 22, 23, 24, 25, 26, 27, 28, 29, 30, 31, 32, 77, 33, 34, 35, 36, 37, 38, 39, 40, 41, 74, 42, 43, 44, 45, 46, 47, 48, 75, 50, 51, 52, 53, 54, 55, 56, 57, 58, 76, 59, 60, 61, 62, 63, 64, 65, 66, 67, 68, 69, 70, 71, 78, 72, 73]
index list energy: 98209.82393678775
Done


iterations: 10000000 temp: 1000000.0 exponent: 0.7 eif: 300.0
time taken (sec): 701.9822907447815
number of iterations: 10000000
og index list: [31, 22, 61, 52, 46, 54, 79, 28, 18, 17, 15, 8, 37, 2, 5, 35, 34, 56, 48, 47, 64, 55, 20, 74, 13, 4, 43, 44, 66, 51, 69, 0, 67, 59, 39, 58, 9, 73, 45, 70, 14, 30, 33, 19, 29, 23, 40, 1, 78, 24, 50, 63, 10, 71, 36, 49, 41, 7, 65, 76, 26, 68, 57, 62, 3, 72, 60, 38, 12, 16, 11, 77, 6, 53, 25, 21, 42, 27, 75, 32]
og index list energy: 120064237.1127223
index list: [13, 1, 2, 3, 4, 5, 6, 7, 8, 78, 65, 66, 70, 71, 49, 14, 15, 16, 74, 17, 18, 19, 20, 21, 22, 23, 24, 25, 26, 27, 28, 29, 30, 31, 32, 75, 33, 34, 35, 36, 37, 38, 39, 40, 41, 76, 42, 43, 44, 45, 46, 47, 48, 64, 50, 51, 52, 53, 54, 55, 56, 57, 58, 77, 59, 60, 61, 62, 63, 0, 73, 79, 67, 68, 69, 72, 9, 10, 11, 12]
index list energy: 229096.73021298402
Done


iterations: 10000000 temp: 1000000.0 exponent: 0.7 eif: 300.0
time taken (sec): 766.8287942409515
number of iterations: 10000000
og index list: [54, 63, 46, 52, 71, 27, 57, 10, 70, 75, 30, 56, 9, 51, 39, 25, 78, 55, 77, 48, 64, 59, 14, 37, 62, 17, 7, 16, 24, 32, 44, 20, 21, 53, 68, 11, 42, 47, 15, 0, 13, 66, 60, 50, 43, 12, 31, 34, 36, 19, 6, 61, 74, 29, 69, 40, 1, 26, 76, 5, 41, 2, 35, 3, 4, 49, 38, 72, 18, 58, 33, 8, 23, 73, 45, 79, 28, 65, 22, 67]
og index list energy: 89558893.98167743
index list: [72, 1, 2, 3, 4, 5, 6, 7, 8, 9, 10, 11, 78, 42, 43, 44, 45, 16, 75, 17, 18, 19, 20, 21, 22, 23, 24, 25, 26, 27, 28, 29, 30, 31, 32, 79, 33, 34, 35, 36, 37, 38, 39, 40, 41, 0, 73, 76, 12, 13, 46, 47, 48, 49, 50, 51, 52, 53, 54, 55, 56, 57, 58, 77, 59, 60, 61, 62, 63, 64, 65, 66, 67, 68, 69, 70, 71, 74, 14, 15]
index list energy: 158806.44800645477
Done


iterations: 10000000 temp: 1000000.0 exponent: 0.7 eif: 300.0
time taken (sec): 681.105889081955
number of iterations: 10000000
og index list: [17, 44, 47, 60, 36, 63, 50, 31, 37, 28, 23, 73, 72, 7, 25, 67, 18, 45, 22, 33, 42, 43, 55, 16, 34, 65, 8, 61, 20, 5, 41, 79, 39, 64, 62, 19, 69, 57, 51, 75, 32, 59, 0, 14, 3, 29, 46, 24, 38, 1, 56, 26, 35, 21, 12, 10, 77, 66, 52, 9, 40, 54, 58, 11, 74, 76, 48, 78, 2, 68, 4, 71, 53, 27, 70, 13, 49, 30, 6, 15]
og index list energy: 126495715.85654448
index list: [13, 16, 50, 51, 10, 11, 0, 1, 2, 6, 7, 8, 78, 14, 5, 3, 40, 41, 49, 17, 18, 19, 20, 21, 22, 23, 24, 25, 26, 27, 28, 29, 30, 31, 74, 42, 33, 34, 35, 36, 37, 38, 39, 4, 76, 72, 44, 45, 46, 47, 58, 77, 48, 79, 43, 9, 52, 53, 54, 55, 56, 57, 73, 75, 59, 60, 61, 62, 63, 64, 65, 66, 67, 68, 69, 70, 71, 15, 32, 12]
index list energy: 279222.8061603358
Done


iterations: 10000000 temp: 1000000.0 exponent: 0.7 eif: 300.0
time taken (sec): 721.0712432861328
number of iterations: 10000000
og index list: [32, 33, 5, 53, 75, 47, 57, 78, 45, 15, 48, 70, 29, 12, 26, 69, 71, 79, 62, 73, 52, 0, 43, 22, 35, 7, 72, 39, 16, 46, 76, 65, 21, 77, 1, 10, 4, 25, 34, 30, 49, 51, 28, 19, 14, 11, 41, 24, 54, 9, 55, 20, 61, 36, 13, 38, 67, 23, 64, 60, 8, 68, 6, 59, 31, 27, 63, 37, 74, 66, 18, 3, 44, 58, 56, 17, 50, 40, 42, 2]
og index list energy: 162603040.17566925
index list: [72, 1, 2, 3, 4, 5, 78, 17, 18, 6, 7, 8, 9, 10, 11, 12, 13, 16, 0, 74, 70, 71, 20, 21, 22, 23, 24, 25, 26, 27, 28, 29, 30, 31, 32, 76, 33, 34, 35, 36, 37, 38, 39, 40, 41, 49, 42, 43, 44, 45, 46, 47, 48, 79, 50, 51, 52, 53, 54, 55, 56, 57, 58, 75, 59, 60, 61, 62, 63, 64, 65, 66, 67, 68, 69, 14, 15, 19, 77, 73]
index list energy: 205898.14210961838
Done


program ended at: 2019-04-14 22:16:19.129959 
 time delta: 10:42:12.976719
