## SLURM PROLOG ###############################################################
##    Job ID : 9199708
##  Job Name : five_day_runs
##  Nodelist : node1104
##      CPUs : 1
##  Mem/Node : 1024 MB
## Directory : /gpfs/data/nfawzi/skale/Fawzi_pycharm_project
##   Started : Fri Dec  6 20:28:55 EST 2019
###############################################################################
program started at:2019-12-06 20:28:55.809852
iterations: 5000000000 temp: 1000000.0 exponent: 0.7 eif: 300.0
time taken (sec): 392028.5914320946
number of iterations: 5000000000
final temperature: 191.58123138056612
og index list: [295, 399, 166, 137, 373, 17, 420, 251, 243, 107, 82, 274, 423, 149, 59, 424, 142, 122, 38, 9, 448, 320, 288, 249, 388, 429, 203, 25, 105, 135, 196, 173, 204, 382, 336, 106, 70, 279, 68, 202, 318, 205, 141, 280, 146, 450, 236, 174, 138, 442, 380, 57, 284, 378, 164, 330, 268, 409, 444, 227, 398, 281, 182, 117, 125, 225, 377, 216, 224, 322, 81, 439, 446, 470, 134, 1, 397, 72, 157, 299, 223, 21, 467, 326, 229, 116, 252, 92, 422, 55, 244, 101, 98, 120, 16, 338, 15, 183, 179, 206, 273, 139, 394, 333, 401, 354, 383, 341, 407, 219, 54, 234, 3, 259, 346, 311, 136, 237, 307, 358, 58, 209, 466, 324, 256, 410, 220, 99, 294, 39, 269, 343, 97, 372, 177, 110, 462, 162, 84, 43, 305, 447, 121, 85, 344, 175, 277, 283, 364, 472, 270, 185, 296, 30, 465, 163, 319, 172, 426, 94, 245, 445, 361, 352, 156, 314, 217, 457, 238, 247, 91, 148, 328, 415, 271, 436, 306, 194, 438, 127, 198, 267, 83, 355, 210, 353, 124, 309, 112, 239, 263, 266, 275, 390, 10, 460, 51, 421, 317, 100, 165, 396, 44, 189, 261, 292, 293, 41, 211, 93, 286, 29, 31, 180, 130, 181, 119, 471, 418, 454, 449, 425, 376, 408, 413, 191, 351, 335, 441, 379, 350, 391, 2, 75, 23, 66, 20, 463, 315, 215, 393, 89, 8, 246, 155, 304, 366, 298, 357, 367, 340, 159, 195, 56, 370, 32, 36, 67, 327, 40, 126, 287, 33, 255, 339, 301, 455, 290, 60, 47, 207, 412, 35, 291, 214, 50, 48, 434, 272, 316, 79, 108, 53, 342, 303, 49, 349, 74, 253, 65, 230, 427, 24, 433, 402, 158, 114, 221, 201, 150, 278, 26, 308, 276, 387, 432, 62, 258, 96, 356, 437, 332, 384, 323, 193, 69, 151, 6, 88, 199, 52, 212, 132, 250, 334, 197, 131, 169, 414, 232, 18, 406, 19, 452, 374, 42, 113, 369, 109, 11, 118, 71, 27, 86, 289, 178, 167, 213, 190, 312, 368, 161, 22, 468, 431, 235, 45, 14, 461, 176, 254, 417, 453, 428, 76, 133, 456, 435, 248, 360, 419, 331, 285, 184, 64, 443, 231, 46, 73, 28, 440, 153, 359, 129, 147, 416, 188, 34, 160, 152, 208, 168, 128, 375, 345, 143, 302, 37, 241, 458, 144, 386, 347, 257, 262, 264, 154, 192, 4, 464, 80, 222, 260, 140, 0, 226, 400, 403, 145, 228, 451, 337, 395, 381, 77, 187, 282, 240, 102, 371, 63, 411, 310, 90, 78, 111, 61, 365, 218, 385, 321, 13, 233, 404, 7, 473, 115, 104, 348, 265, 12, 405, 186, 389, 313, 469, 87, 363, 171, 459, 95, 200, 242, 392, 325, 123, 170, 5, 362, 300, 329, 297, 103, 430]
og index list energy: 94877019.04017892
index list: [234, 250, 17, 133, 50, 47, 449, 257, 216, 65, 465, 110, 132, 38, 120, 320, 204, 217, 371, 243, 351, 158, 352, 37, 337, 170, 149, 30, 301, 385, 227, 175, 295, 394, 173, 119, 374, 221, 323, 99, 270, 451, 226, 382, 278, 156, 78, 426, 7, 428, 286, 263, 424, 346, 335, 236, 169, 315, 171, 6, 395, 205, 195, 151, 114, 373, 147, 418, 165, 291, 116, 188, 193, 423, 16, 162, 140, 160, 71, 218, 365, 0, 93, 437, 29, 317, 355, 313, 259, 25, 180, 254, 49, 73, 167, 28, 409, 322, 141, 362, 161, 232, 248, 438, 450, 375, 194, 196, 189, 434, 192, 458, 219, 176, 35, 15, 464, 97, 360, 239, 314, 281, 421, 307, 435, 264, 280, 354, 306, 154, 118, 64, 439, 302, 377, 279, 124, 336, 43, 155, 292, 117, 179, 305, 45, 113, 153, 429, 166, 125, 127, 32, 2, 381, 359, 177, 185, 183, 84, 380, 341, 387, 467, 331, 228, 469, 468, 8, 212, 339, 452, 345, 9, 201, 441, 51, 184, 21, 392, 211, 56, 245, 58, 1, 54, 69, 386, 202, 109, 269, 106, 425, 181, 328, 370, 353, 368, 203, 191, 396, 318, 430, 121, 12, 103, 420, 59, 241, 461, 33, 34, 400, 403, 363, 4, 5, 442, 206, 20, 134, 142, 82, 81, 126, 443, 276, 102, 334, 225, 282, 412, 213, 44, 123, 3, 316, 372, 122, 384, 456, 31, 186, 455, 333, 432, 131, 325, 283, 329, 327, 223, 108, 164, 310, 130, 383, 198, 209, 18, 413, 128, 401, 402, 207, 200, 249, 350, 174, 27, 419, 79, 89, 60, 393, 453, 62, 357, 36, 436, 13, 256, 255, 101, 244, 388, 379, 197, 190, 199, 210, 446, 422, 237, 342, 240, 273, 215, 275, 399, 229, 398, 96, 397, 247, 75, 407, 208, 406, 19, 445, 472, 274, 22, 146, 447, 95, 55, 410, 10, 136, 238, 112, 303, 40, 251, 230, 46, 332, 347, 23, 172, 289, 471, 290, 304, 178, 463, 349, 417, 220, 462, 294, 366, 168, 321, 324, 369, 98, 415, 431, 41, 39, 298, 272, 361, 182, 252, 224, 376, 100, 440, 356, 261, 214, 340, 76, 107, 262, 260, 330, 338, 26, 391, 24, 66, 11, 457, 91, 159, 92, 187, 454, 14, 466, 414, 348, 265, 163, 287, 308, 288, 460, 94, 86, 296, 111, 68, 52, 90, 433, 145, 135, 473, 152, 231, 416, 405, 344, 326, 284, 267, 222, 444, 42, 459, 137, 150, 80, 115, 138, 343, 70, 390, 85, 61, 77, 408, 266, 277, 367, 389, 293, 74, 299, 235, 300, 258, 427, 271, 470, 129, 297, 253, 48, 67, 358, 72, 378, 57, 144, 139, 105, 309, 268, 246, 53, 143, 87, 63, 88, 157, 404, 364, 148, 233, 83, 411, 312, 242, 319, 448, 311, 285, 104]
index list energy: 1615672.9506053936
Done





program ended at: 2019-12-11 20:18:55.820185 
 time delta: 4 days, 23:50:00.010333
