## SLURM PROLOG ###############################################################
##    Job ID : 9199679
##  Job Name : five_day_runs
##  Nodelist : node1132
##      CPUs : 1
##  Mem/Node : 1024 MB
## Directory : /gpfs/data/nfawzi/skale/Fawzi_pycharm_project
##   Started : Fri Dec  6 20:28:26 EST 2019
###############################################################################
program started at:2019-12-06 20:28:26.660001
iterations: 5000000000 temp: 1000000.0 exponent: 0.7 eif: 300.0
time taken (sec): 372451.3633635044
number of iterations: 5000000000
final temperature: 191.58123138056612
og index list: [215, 410, 346, 251, 235, 272, 451, 178, 308, 232, 61, 368, 457, 168, 309, 185, 148, 4, 108, 52, 334, 126, 129, 83, 398, 383, 347, 436, 291, 31, 203, 359, 408, 342, 319, 302, 123, 472, 89, 75, 389, 297, 301, 91, 290, 341, 433, 423, 400, 336, 269, 142, 48, 266, 227, 304, 13, 287, 125, 164, 21, 333, 87, 128, 392, 163, 135, 183, 147, 65, 369, 155, 10, 68, 138, 20, 345, 274, 380, 355, 299, 17, 362, 434, 283, 105, 462, 1, 119, 188, 386, 118, 318, 406, 397, 228, 417, 327, 306, 455, 465, 193, 452, 156, 140, 70, 127, 213, 49, 144, 77, 416, 265, 14, 206, 252, 279, 59, 145, 209, 102, 446, 29, 161, 202, 11, 284, 317, 448, 402, 219, 237, 229, 226, 169, 273, 100, 121, 286, 182, 172, 337, 132, 367, 343, 124, 15, 194, 391, 445, 458, 256, 466, 207, 66, 231, 326, 356, 328, 413, 116, 420, 460, 216, 267, 16, 387, 186, 277, 51, 357, 395, 307, 88, 259, 352, 409, 463, 330, 204, 99, 353, 171, 222, 24, 394, 289, 62, 60, 254, 212, 72, 447, 131, 107, 414, 120, 440, 18, 407, 332, 258, 74, 225, 439, 285, 3, 401, 315, 205, 98, 241, 218, 384, 56, 310, 361, 158, 373, 350, 365, 338, 38, 196, 382, 344, 141, 263, 47, 151, 371, 292, 444, 53, 396, 143, 221, 364, 234, 250, 201, 245, 197, 464, 246, 33, 19, 261, 323, 42, 321, 393, 92, 276, 329, 137, 470, 26, 298, 50, 324, 443, 340, 8, 312, 162, 81, 243, 113, 224, 174, 262, 244, 153, 189, 260, 454, 55, 456, 104, 181, 25, 0, 78, 376, 198, 230, 349, 275, 220, 30, 6, 97, 351, 139, 160, 90, 375, 288, 43, 421, 12, 418, 300, 271, 175, 268, 71, 180, 199, 39, 459, 314, 381, 184, 431, 28, 239, 467, 378, 173, 166, 325, 114, 85, 154, 80, 94, 45, 233, 176, 305, 316, 149, 282, 223, 41, 157, 152, 248, 32, 348, 295, 358, 311, 192, 293, 242, 335, 435, 450, 360, 214, 264, 133, 461, 249, 57, 46, 73, 453, 86, 195, 296, 238, 468, 217, 303, 281, 67, 36, 471, 322, 58, 429, 179, 112, 35, 331, 442, 438, 37, 122, 190, 150, 313, 411, 111, 403, 134, 366, 93, 422, 79, 101, 469, 110, 106, 84, 95, 270, 96, 449, 136, 5, 399, 191, 64, 44, 377, 187, 159, 27, 247, 253, 379, 177, 34, 211, 130, 200, 236, 146, 415, 432, 210, 427, 424, 117, 294, 170, 426, 167, 425, 370, 388, 23, 165, 374, 54, 109, 76, 278, 255, 63, 354, 280, 441, 22, 69, 372, 404, 428, 385, 412, 103, 9, 390, 40, 320, 240, 419, 208, 473, 437, 339, 405, 257, 2, 82, 363, 430, 115, 7]
og index list energy: 157016537.19838122
index list: [234, 205, 257, 216, 227, 30, 379, 76, 107, 301, 338, 330, 132, 38, 339, 320, 48, 67, 366, 147, 249, 33, 346, 37, 337, 340, 237, 116, 408, 0, 386, 175, 295, 405, 168, 390, 426, 321, 324, 99, 443, 462, 173, 140, 323, 220, 221, 399, 26, 356, 286, 263, 378, 404, 292, 315, 171, 103, 438, 223, 352, 250, 253, 151, 114, 461, 115, 452, 247, 296, 113, 164, 142, 401, 270, 156, 127, 143, 87, 63, 88, 441, 53, 429, 322, 202, 75, 108, 96, 162, 180, 254, 49, 154, 204, 28, 455, 367, 64, 279, 118, 229, 155, 117, 402, 397, 460, 194, 189, 437, 192, 432, 219, 176, 35, 15, 369, 333, 396, 199, 210, 409, 377, 463, 442, 264, 280, 71, 349, 418, 365, 290, 326, 416, 304, 178, 265, 313, 163, 308, 288, 287, 268, 453, 93, 104, 188, 259, 187, 291, 403, 32, 2, 276, 425, 177, 185, 361, 84, 391, 440, 271, 228, 331, 375, 411, 465, 167, 233, 472, 368, 201, 9, 458, 450, 335, 298, 316, 329, 327, 272, 309, 1, 105, 69, 81, 90, 246, 68, 52, 91, 159, 134, 125, 135, 392, 410, 203, 170, 51, 218, 444, 121, 12, 470, 447, 59, 241, 363, 148, 126, 345, 347, 421, 4, 191, 14, 251, 8, 34, 336, 195, 343, 212, 102, 282, 334, 294, 225, 351, 242, 213, 157, 56, 44, 21, 43, 289, 428, 158, 31, 186, 357, 243, 122, 131, 235, 302, 130, 54, 466, 29, 256, 18, 83, 413, 198, 395, 50, 407, 165, 433, 380, 207, 200, 471, 6, 82, 27, 394, 79, 89, 60, 448, 398, 119, 445, 36, 435, 344, 133, 420, 98, 244, 417, 459, 196, 5, 190, 197, 469, 94, 240, 359, 214, 183, 215, 275, 414, 260, 217, 370, 348, 152, 145, 231, 161, 232, 248, 424, 55, 141, 45, 427, 269, 311, 274, 262, 39, 278, 300, 226, 41, 40, 160, 364, 255, 209, 372, 23, 109, 124, 439, 106, 360, 179, 312, 412, 385, 314, 239, 281, 423, 97, 305, 306, 307, 95, 73, 456, 22, 146, 362, 341, 431, 328, 138, 150, 80, 77, 430, 112, 436, 238, 350, 451, 20, 86, 206, 387, 434, 19, 25, 353, 446, 13, 342, 208, 153, 422, 181, 383, 252, 16, 371, 182, 258, 11, 92, 66, 149, 464, 174, 166, 310, 111, 110, 317, 123, 393, 10, 136, 70, 358, 46, 406, 373, 172, 318, 319, 419, 273, 415, 400, 62, 468, 7, 47, 473, 65, 128, 376, 284, 42, 384, 24, 454, 266, 277, 374, 457, 293, 74, 299, 129, 61, 78, 85, 245, 224, 236, 230, 285, 193, 139, 144, 137, 72, 389, 100, 388, 332, 297, 58, 303, 449, 57, 354, 222, 325, 283, 382, 267, 101, 355, 261, 381, 169, 3, 467, 211, 184, 17, 120]
index list energy: 1587146.2079928345
Done




program ended at: 2019-12-11 20:18:26.652230 
 time delta: 4 days, 23:49:59.992229
