## SLURM PROLOG ###############################################################
##    Job ID : 9199663
##  Job Name : five_day_runs
##  Nodelist : node1149
##      CPUs : 1
##  Mem/Node : 1024 MB
## Directory : /gpfs/data/nfawzi/skale/Fawzi_pycharm_project
##   Started : Fri Dec  6 20:28:25 EST 2019
###############################################################################
program started at:2019-12-06 20:28:25.305096
iterations: 5000000000 temp: 1000000.0 exponent: 0.7 eif: 300.0
time taken (sec): 390965.6056354046
number of iterations: 5000000000
final temperature: 191.58123138056612
og index list: [466, 27, 400, 102, 240, 80, 210, 380, 152, 337, 144, 2, 339, 232, 436, 112, 460, 129, 409, 359, 326, 119, 137, 187, 167, 61, 85, 38, 465, 8, 141, 166, 431, 63, 320, 438, 283, 390, 271, 24, 203, 469, 450, 192, 295, 294, 427, 158, 399, 437, 459, 6, 449, 189, 344, 293, 386, 404, 346, 173, 197, 252, 47, 179, 241, 237, 142, 471, 122, 235, 393, 243, 426, 188, 314, 303, 290, 236, 343, 60, 256, 249, 29, 379, 365, 160, 77, 88, 472, 266, 275, 265, 299, 238, 54, 178, 143, 171, 165, 43, 150, 140, 455, 138, 288, 316, 231, 216, 446, 397, 121, 421, 310, 113, 403, 264, 213, 269, 139, 301, 351, 110, 441, 408, 372, 356, 261, 402, 422, 72, 148, 286, 53, 470, 329, 317, 273, 414, 423, 162, 296, 263, 4, 284, 227, 17, 99, 126, 207, 291, 325, 467, 123, 435, 209, 302, 155, 30, 7, 206, 373, 13, 41, 228, 21, 35, 432, 15, 44, 220, 16, 366, 225, 161, 217, 186, 226, 407, 28, 50, 26, 36, 11, 406, 413, 364, 111, 278, 298, 282, 124, 58, 212, 424, 136, 270, 244, 128, 23, 75, 55, 418, 349, 130, 219, 242, 318, 94, 306, 444, 445, 133, 89, 202, 335, 434, 233, 42, 358, 313, 473, 267, 222, 308, 392, 69, 442, 115, 49, 332, 32, 92, 327, 367, 456, 370, 375, 453, 384, 312, 221, 83, 198, 106, 331, 330, 334, 18, 145, 277, 125, 82, 169, 342, 389, 425, 260, 309, 185, 388, 215, 34, 410, 463, 250, 117, 65, 205, 78, 68, 214, 360, 118, 22, 452, 381, 224, 25, 430, 62, 218, 385, 369, 245, 73, 52, 353, 48, 268, 98, 109, 5, 383, 371, 20, 93, 439, 157, 14, 287, 443, 127, 208, 79, 135, 194, 190, 134, 440, 96, 348, 168, 90, 352, 276, 46, 180, 114, 447, 451, 176, 108, 457, 398, 51, 183, 255, 324, 201, 120, 177, 401, 175, 196, 193, 153, 333, 131, 164, 338, 86, 19, 57, 262, 170, 204, 146, 156, 420, 253, 340, 378, 416, 84, 101, 272, 300, 70, 67, 374, 234, 254, 315, 149, 95, 107, 172, 105, 246, 433, 361, 211, 259, 454, 368, 297, 40, 468, 411, 321, 87, 354, 428, 9, 311, 64, 362, 181, 66, 395, 91, 347, 382, 104, 461, 195, 200, 280, 230, 12, 462, 251, 322, 305, 412, 417, 258, 458, 45, 448, 191, 182, 419, 391, 394, 304, 159, 154, 151, 0, 37, 76, 31, 279, 229, 328, 285, 289, 307, 199, 10, 97, 132, 239, 376, 292, 56, 248, 71, 281, 247, 257, 363, 163, 323, 1, 184, 100, 147, 355, 59, 223, 429, 103, 405, 336, 39, 3, 415, 341, 116, 377, 74, 319, 396, 357, 387, 350, 274, 33, 174, 464, 345, 81]
og index list energy: 90798928.91359316
index list: [234, 205, 400, 290, 326, 284, 413, 463, 206, 345, 20, 437, 19, 25, 347, 320, 58, 0, 415, 211, 101, 283, 357, 32, 2, 346, 237, 116, 407, 257, 216, 384, 65, 122, 469, 30, 443, 473, 247, 349, 229, 429, 156, 167, 297, 142, 96, 360, 272, 204, 217, 365, 439, 371, 314, 281, 239, 50, 130, 54, 438, 250, 36, 203, 170, 367, 243, 398, 165, 291, 162, 164, 169, 399, 16, 158, 127, 143, 233, 63, 88, 348, 53, 411, 29, 246, 395, 336, 195, 97, 180, 254, 268, 289, 335, 28, 364, 261, 34, 33, 431, 249, 157, 458, 426, 109, 402, 196, 423, 171, 286, 263, 219, 176, 35, 15, 424, 472, 362, 194, 189, 466, 93, 341, 470, 264, 280, 71, 394, 306, 212, 64, 218, 154, 118, 121, 287, 313, 308, 163, 265, 117, 179, 412, 221, 86, 292, 315, 166, 125, 135, 37, 337, 460, 49, 178, 358, 10, 136, 434, 447, 271, 228, 331, 225, 396, 462, 120, 7, 354, 5, 4, 461, 9, 343, 455, 27, 111, 56, 1, 44, 317, 173, 160, 69, 87, 368, 202, 68, 52, 91, 90, 134, 296, 344, 353, 201, 190, 197, 382, 47, 70, 238, 12, 105, 386, 59, 332, 378, 98, 288, 377, 388, 207, 200, 414, 14, 251, 8, 184, 23, 17, 427, 334, 102, 282, 3, 330, 99, 241, 338, 38, 339, 185, 128, 316, 442, 256, 209, 408, 108, 186, 397, 333, 390, 131, 325, 305, 329, 327, 223, 322, 342, 304, 279, 124, 198, 456, 6, 418, 133, 369, 376, 467, 76, 51, 381, 89, 60, 359, 441, 83, 222, 452, 436, 62, 450, 391, 409, 13, 448, 255, 18, 244, 351, 385, 199, 210, 191, 406, 468, 94, 454, 298, 240, 273, 215, 275, 340, 267, 26, 430, 363, 147, 432, 110, 389, 107, 132, 227, 301, 302, 375, 113, 372, 95, 55, 307, 153, 45, 73, 67, 370, 235, 300, 213, 383, 270, 311, 193, 253, 41, 224, 374, 421, 181, 328, 100, 416, 380, 457, 294, 387, 168, 321, 324, 403, 440, 446, 155, 119, 259, 352, 451, 187, 393, 84, 459, 106, 269, 366, 40, 192, 214, 392, 183, 39, 262, 453, 77, 85, 61, 138, 420, 78, 129, 419, 278, 417, 226, 177, 379, 449, 276, 182, 252, 401, 11, 258, 66, 149, 92, 123, 174, 310, 159, 236, 230, 141, 404, 361, 145, 231, 152, 46, 405, 161, 232, 248, 471, 114, 355, 260, 356, 75, 137, 150, 80, 115, 373, 112, 303, 175, 295, 425, 208, 433, 266, 277, 410, 428, 293, 74, 299, 220, 103, 140, 323, 104, 188, 42, 24, 31, 48, 139, 144, 81, 126, 82, 79, 465, 148, 309, 43, 21, 464, 57, 445, 274, 22, 146, 422, 151, 172, 72, 435, 350, 312, 242, 319, 444, 318, 285, 245]
index list energy: 1614382.3076274248
Done




program ended at: 2019-12-11 20:18:25.374493 
 time delta: 4 days, 23:50:00.069397
