## SLURM PROLOG ###############################################################
##    Job ID : 9851952
##  Job Name : five_day_runs
##  Nodelist : node1111
##      CPUs : 1
##  Mem/Node : 1024 MB
## Directory : /gpfs/data/nfawzi/skale/Fawzi_pycharm_project
##   Started : Sun Jan 19 11:41:14 EST 2020
###############################################################################
program started at:2020-01-19 11:41:31.986030
iterations: 10000000 temp: 1000000.0 exponent: 0.7 eif: 300.0
time taken (sec): 683.8463909626007
number of iterations: 10000000
final temperature: 191.58123138056612
og index list: [211, 288, 145, 465, 427, 420, 249, 78, 184, 12, 423, 317, 21, 282, 333, 303, 51, 393, 187, 98, 284, 165, 323, 168, 20, 94, 226, 150, 343, 90, 360, 293, 382, 57, 458, 4, 106, 307, 217, 332, 174, 340, 235, 411, 371, 73, 35, 26, 394, 141, 196, 401, 262, 286, 296, 108, 429, 160, 250, 375, 175, 469, 377, 440, 326, 392, 0, 42, 179, 409, 425, 434, 87, 311, 381, 128, 277, 192, 459, 68, 138, 29, 450, 369, 320, 84, 245, 272, 89, 50, 361, 252, 255, 453, 180, 412, 18, 336, 77, 356, 15, 72, 331, 105, 49, 114, 48, 148, 188, 297, 186, 124, 104, 267, 389, 399, 391, 346, 337, 248, 467, 325, 310, 347, 153, 32, 93, 230, 85, 140, 142, 74, 353, 116, 37, 374, 169, 121, 76, 419, 355, 404, 270, 413, 238, 45, 416, 264, 344, 231, 195, 39, 383, 441, 53, 414, 421, 75, 66, 368, 363, 216, 115, 61, 426, 158, 205, 56, 207, 117, 136, 65, 194, 435, 44, 38, 442, 209, 16, 239, 253, 80, 237, 221, 177, 178, 14, 292, 352, 273, 191, 155, 1, 202, 7, 366, 417, 91, 64, 60, 386, 305, 433, 444, 143, 146, 162, 271, 251, 274, 46, 428, 378, 330, 154, 452, 350, 454, 167, 2, 266, 279, 23, 157, 260, 403, 259, 315, 126, 171, 189, 246, 96, 181, 243, 338, 269, 185, 276, 354, 314, 294, 309, 387, 100, 295, 59, 398, 408, 306, 3, 461, 63, 455, 439, 473, 341, 464, 112, 133, 43, 300, 431, 130, 265, 456, 182, 69, 219, 451, 328, 199, 468, 28, 234, 395, 281, 424, 472, 86, 113, 227, 308, 447, 52, 280, 410, 446, 407, 445, 460, 244, 362, 291, 156, 232, 204, 384, 406, 164, 415, 228, 107, 40, 99, 268, 13, 129, 163, 58, 137, 275, 193, 258, 436, 302, 370, 30, 208, 233, 334, 319, 213, 47, 6, 118, 240, 339, 41, 125, 365, 220, 197, 357, 55, 402, 132, 83, 285, 152, 388, 170, 19, 342, 256, 10, 318, 123, 54, 215, 299, 139, 261, 312, 161, 212, 322, 298, 70, 287, 62, 9, 176, 430, 135, 348, 449, 418, 379, 289, 242, 376, 372, 111, 144, 470, 351, 247, 241, 462, 405, 313, 301, 373, 397, 203, 385, 263, 257, 471, 149, 34, 71, 27, 24, 200, 422, 198, 109, 316, 101, 224, 120, 110, 290, 283, 380, 349, 400, 206, 79, 95, 11, 36, 147, 67, 329, 183, 172, 278, 17, 225, 159, 218, 119, 25, 466, 8, 254, 364, 432, 321, 190, 201, 222, 463, 173, 127, 33, 457, 22, 92, 88, 81, 236, 103, 131, 437, 396, 97, 214, 390, 443, 304, 327, 359, 367, 82, 151, 31, 358, 223, 345, 335, 324, 122, 210, 134, 5, 229, 448, 102, 166, 438]
og index list energy: 96563894.28447373
index list: [5, 250, 68, 305, 45, 15, 354, 439, 25, 119, 259, 118, 287, 363, 71, 320, 220, 286, 425, 98, 307, 136, 356, 394, 194, 189, 151, 168, 321, 344, 390, 358, 91, 159, 92, 258, 426, 433, 35, 60, 449, 52, 135, 90, 134, 125, 268, 422, 240, 242, 319, 353, 349, 419, 294, 324, 173, 120, 225, 266, 293, 29, 468, 203, 116, 372, 147, 465, 335, 382, 104, 164, 169, 471, 200, 206, 472, 19, 458, 244, 150, 374, 9, 157, 106, 336, 109, 42, 156, 149, 180, 254, 2, 289, 209, 28, 443, 251, 183, 84, 345, 34, 33, 453, 182, 24, 252, 16, 446, 73, 67, 371, 22, 146, 230, 375, 415, 172, 366, 199, 210, 340, 95, 385, 249, 69, 398, 237, 265, 218, 306, 467, 124, 213, 72, 38, 219, 80, 43, 108, 44, 63, 215, 402, 55, 83, 8, 341, 153, 141, 181, 37, 337, 302, 347, 178, 296, 57, 407, 161, 370, 271, 228, 331, 365, 412, 77, 61, 13, 350, 36, 435, 11, 227, 352, 216, 27, 111, 193, 140, 103, 285, 40, 160, 81, 126, 447, 202, 96, 53, 373, 142, 187, 312, 377, 414, 201, 190, 197, 362, 211, 457, 1, 56, 105, 430, 10, 450, 79, 89, 361, 253, 351, 357, 76, 234, 260, 128, 238, 166, 317, 17, 184, 94, 395, 148, 233, 456, 32, 322, 212, 339, 330, 291, 338, 318, 454, 316, 409, 413, 31, 186, 328, 333, 460, 131, 276, 102, 239, 314, 281, 205, 48, 0, 359, 112, 198, 152, 231, 380, 165, 348, 369, 342, 264, 393, 6, 114, 93, 376, 383, 469, 273, 282, 432, 70, 389, 438, 367, 133, 123, 59, 241, 246, 428, 65, 387, 30, 196, 188, 448, 66, 473, 154, 64, 229, 364, 275, 391, 88, 50, 87, 346, 243, 445, 280, 461, 107, 132, 436, 217, 204, 452, 437, 39, 278, 99, 270, 315, 466, 139, 421, 279, 384, 300, 274, 440, 12, 162, 207, 82, 417, 416, 101, 396, 177, 355, 208, 23, 388, 54, 441, 236, 459, 403, 214, 427, 192, 21, 75, 464, 247, 115, 137, 397, 310, 470, 224, 386, 100, 431, 176, 451, 311, 174, 262, 269, 41, 400, 179, 360, 26, 113, 434, 221, 97, 378, 235, 301, 130, 122, 405, 222, 420, 326, 284, 267, 20, 411, 263, 171, 272, 298, 226, 327, 309, 195, 463, 51, 410, 290, 304, 288, 442, 46, 392, 256, 257, 18, 255, 170, 14, 418, 404, 62, 462, 7, 47, 110, 423, 158, 343, 292, 3, 379, 155, 117, 303, 424, 175, 295, 323, 74, 299, 167, 143, 127, 297, 313, 455, 277, 406, 245, 86, 49, 144, 145, 232, 248, 121, 401, 332, 308, 58, 163, 368, 223, 329, 283, 325, 399, 444, 4, 191, 429, 261, 381, 185, 408, 138, 78, 129, 85, 334]
index list energy: 1933149.479385269
Done


program ended at: 2020-01-19 11:52:56.179020 
 time delta: 0:11:24.192990
