## SLURM PROLOG ###############################################################
##    Job ID : 9199643
##  Job Name : five_day_runs
##  Nodelist : node1301
##      CPUs : 1
##  Mem/Node : 1024 MB
## Directory : /gpfs/data/nfawzi/skale/Fawzi_pycharm_project
##   Started : Fri Dec  6 20:27:55 EST 2019
###############################################################################
program started at:2019-12-06 20:27:55.553998
iterations: 5000000000 temp: 1000000.0 exponent: 0.7 eif: 300.0
time taken (sec): 419951.0740380287
number of iterations: 5000000000
final temperature: 191.58123138056612
og index list: [22, 252, 185, 179, 414, 63, 302, 119, 33, 425, 226, 242, 459, 327, 131, 173, 209, 259, 128, 228, 184, 343, 432, 144, 117, 402, 445, 150, 241, 355, 166, 429, 93, 11, 405, 135, 295, 192, 81, 76, 181, 222, 251, 279, 388, 400, 442, 208, 329, 249, 406, 280, 2, 199, 195, 138, 109, 235, 159, 448, 219, 85, 20, 158, 28, 453, 291, 369, 101, 469, 5, 189, 147, 225, 193, 281, 42, 148, 320, 234, 49, 358, 285, 175, 12, 316, 403, 174, 377, 180, 38, 190, 412, 66, 136, 15, 60, 56, 191, 143, 335, 271, 140, 382, 341, 397, 318, 90, 339, 96, 387, 52, 26, 72, 247, 370, 200, 375, 274, 325, 35, 132, 102, 141, 211, 244, 29, 46, 455, 392, 277, 202, 433, 372, 441, 106, 391, 125, 380, 36, 71, 110, 404, 205, 381, 435, 168, 176, 163, 201, 112, 263, 337, 84, 379, 172, 410, 422, 50, 308, 346, 111, 155, 165, 428, 87, 364, 439, 472, 365, 89, 383, 13, 289, 367, 230, 423, 77, 124, 105, 463, 239, 413, 17, 351, 314, 115, 253, 454, 434, 269, 333, 458, 254, 94, 65, 157, 160, 161, 305, 368, 57, 261, 396, 152, 287, 297, 47, 268, 264, 357, 18, 283, 238, 137, 99, 309, 23, 182, 223, 16, 198, 126, 424, 267, 257, 307, 55, 149, 127, 233, 153, 146, 79, 122, 240, 378, 353, 447, 276, 394, 376, 311, 340, 206, 323, 310, 39, 452, 450, 443, 177, 59, 224, 8, 53, 188, 331, 290, 216, 363, 460, 113, 328, 80, 243, 32, 246, 420, 436, 10, 237, 411, 231, 75, 34, 444, 299, 30, 473, 272, 197, 347, 245, 399, 275, 164, 300, 437, 349, 288, 104, 139, 326, 393, 345, 67, 98, 317, 471, 31, 19, 58, 130, 273, 417, 123, 395, 45, 41, 196, 217, 4, 260, 298, 415, 431, 134, 313, 69, 88, 154, 3, 178, 282, 352, 409, 312, 384, 51, 293, 354, 187, 361, 203, 0, 266, 24, 229, 142, 92, 62, 83, 91, 461, 48, 371, 389, 27, 227, 68, 306, 21, 9, 373, 426, 362, 183, 334, 419, 336, 304, 214, 78, 194, 467, 14, 438, 348, 356, 118, 100, 262, 344, 151, 204, 330, 294, 220, 61, 464, 430, 407, 416, 218, 465, 386, 418, 120, 456, 322, 250, 319, 324, 215, 74, 40, 301, 265, 315, 390, 296, 37, 210, 427, 97, 398, 221, 248, 73, 107, 64, 232, 70, 171, 236, 374, 256, 303, 169, 468, 421, 359, 286, 451, 25, 133, 116, 145, 1, 449, 7, 212, 278, 82, 44, 446, 342, 332, 121, 170, 350, 470, 114, 255, 86, 385, 95, 292, 207, 457, 401, 440, 462, 466, 167, 103, 258, 408, 284, 108, 129, 43, 213, 360, 321, 186, 6, 162, 366, 338, 54, 270, 156]
og index list energy: 128075996.54151313
index list: [234, 205, 17, 339, 227, 30, 378, 76, 107, 301, 279, 413, 235, 302, 433, 29, 214, 192, 451, 210, 249, 33, 400, 37, 337, 452, 168, 321, 324, 43, 444, 173, 119, 464, 155, 118, 117, 64, 229, 437, 397, 167, 297, 129, 156, 78, 458, 307, 26, 230, 46, 357, 39, 262, 335, 375, 185, 311, 274, 22, 146, 282, 461, 203, 170, 122, 147, 415, 247, 443, 320, 164, 169, 382, 199, 384, 127, 143, 233, 63, 88, 388, 9, 408, 322, 202, 75, 80, 23, 97, 180, 254, 268, 113, 264, 280, 416, 0, 317, 123, 410, 385, 128, 386, 42, 24, 409, 343, 267, 447, 286, 171, 263, 176, 35, 15, 392, 333, 366, 194, 189, 466, 463, 395, 211, 101, 283, 389, 329, 327, 272, 298, 278, 219, 434, 179, 162, 313, 193, 114, 144, 82, 148, 342, 27, 126, 338, 259, 187, 291, 436, 32, 2, 457, 49, 178, 467, 10, 340, 36, 405, 406, 228, 331, 334, 424, 465, 454, 326, 284, 40, 344, 93, 351, 403, 51, 218, 316, 358, 204, 28, 184, 188, 135, 69, 81, 394, 253, 68, 52, 91, 90, 134, 125, 345, 363, 201, 190, 197, 341, 294, 44, 236, 12, 105, 422, 59, 332, 404, 98, 289, 383, 376, 4, 469, 116, 260, 330, 208, 153, 245, 257, 18, 256, 255, 209, 3, 398, 99, 241, 473, 54, 1, 133, 57, 308, 359, 87, 423, 472, 31, 186, 414, 158, 387, 131, 325, 305, 239, 314, 281, 250, 365, 296, 130, 401, 198, 48, 50, 412, 165, 361, 418, 207, 200, 417, 429, 290, 67, 471, 79, 89, 60, 407, 346, 292, 456, 441, 426, 13, 374, 222, 261, 244, 288, 371, 196, 5, 191, 459, 419, 304, 448, 94, 240, 273, 215, 275, 446, 270, 470, 73, 431, 152, 145, 231, 161, 232, 248, 430, 55, 141, 45, 355, 354, 238, 112, 136, 303, 221, 139, 402, 41, 381, 300, 213, 399, 53, 439, 86, 108, 124, 109, 106, 364, 181, 328, 450, 246, 115, 137, 150, 440, 435, 70, 77, 85, 61, 138, 348, 377, 336, 14, 251, 34, 142, 368, 224, 420, 100, 411, 367, 160, 71, 427, 195, 428, 159, 206, 20, 455, 19, 25, 353, 95, 453, 460, 157, 352, 226, 177, 369, 252, 16, 347, 182, 92, 11, 258, 66, 149, 356, 174, 166, 310, 111, 163, 287, 265, 212, 445, 121, 154, 449, 225, 432, 360, 243, 425, 237, 390, 223, 421, 362, 62, 372, 7, 47, 65, 393, 175, 379, 269, 84, 183, 38, 349, 266, 277, 373, 103, 293, 74, 299, 220, 140, 323, 295, 315, 396, 56, 306, 271, 110, 132, 442, 216, 120, 217, 83, 438, 6, 309, 8, 21, 58, 96, 462, 102, 276, 350, 468, 151, 172, 72, 391, 380, 312, 242, 319, 370, 318, 285, 104]
index list energy: 1619405.1980868576
Done




program ended at: 2019-12-11 20:17:55.559026 
 time delta: 4 days, 23:50:00.005028
