## SLURM PROLOG ###############################################################
##    Job ID : 9199667
##  Job Name : five_day_runs
##  Nodelist : node1159
##      CPUs : 1
##  Mem/Node : 1024 MB
## Directory : /gpfs/data/nfawzi/skale/Fawzi_pycharm_project
##   Started : Fri Dec  6 20:28:25 EST 2019
###############################################################################
program started at:2019-12-06 20:28:25.541681
iterations: 5000000000 temp: 1000000.0 exponent: 0.7 eif: 300.0
time taken (sec): 376998.0428760052
number of iterations: 5000000000
final temperature: 191.58123138056612
og index list: [386, 94, 183, 166, 316, 159, 275, 461, 387, 16, 397, 257, 187, 368, 218, 182, 291, 413, 43, 237, 210, 100, 276, 394, 236, 295, 5, 407, 348, 335, 202, 290, 6, 330, 50, 116, 93, 206, 229, 288, 185, 42, 28, 332, 383, 72, 121, 424, 269, 246, 214, 25, 366, 267, 377, 292, 444, 367, 216, 344, 58, 298, 273, 242, 76, 184, 127, 473, 227, 103, 104, 325, 109, 172, 162, 108, 271, 334, 161, 279, 420, 241, 304, 39, 434, 339, 307, 9, 99, 322, 415, 7, 129, 85, 412, 226, 445, 313, 454, 375, 168, 122, 462, 115, 0, 158, 336, 312, 357, 19, 147, 73, 155, 459, 442, 18, 53, 74, 282, 142, 141, 396, 343, 146, 134, 262, 404, 191, 365, 466, 124, 381, 151, 358, 439, 34, 88, 217, 57, 95, 321, 174, 119, 24, 77, 360, 32, 248, 178, 137, 349, 249, 35, 71, 196, 315, 418, 280, 264, 380, 284, 123, 283, 17, 112, 308, 233, 27, 78, 67, 92, 329, 51, 430, 152, 186, 376, 401, 91, 225, 2, 193, 463, 12, 255, 393, 215, 46, 353, 14, 363, 355, 352, 190, 31, 44, 118, 247, 342, 201, 253, 385, 136, 319, 410, 259, 163, 328, 160, 426, 106, 432, 83, 372, 256, 143, 457, 293, 354, 425, 29, 125, 208, 402, 97, 211, 254, 204, 392, 448, 69, 285, 221, 277, 157, 423, 177, 309, 207, 102, 175, 234, 84, 362, 128, 327, 61, 318, 167, 297, 62, 260, 468, 388, 148, 15, 1, 361, 390, 331, 81, 272, 105, 326, 133, 472, 170, 364, 427, 132, 406, 231, 278, 33, 268, 373, 252, 471, 117, 414, 400, 436, 317, 258, 274, 320, 139, 438, 310, 452, 240, 98, 101, 422, 228, 449, 244, 398, 47, 110, 37, 251, 296, 359, 409, 403, 86, 54, 416, 311, 429, 324, 198, 56, 469, 340, 250, 235, 181, 346, 446, 370, 371, 458, 287, 176, 126, 48, 203, 96, 222, 26, 281, 13, 399, 4, 64, 23, 230, 303, 197, 337, 192, 131, 395, 195, 120, 135, 384, 374, 263, 347, 114, 391, 440, 455, 30, 451, 41, 261, 52, 294, 79, 453, 323, 305, 90, 428, 219, 433, 232, 164, 301, 68, 238, 89, 378, 66, 21, 299, 189, 8, 431, 341, 22, 40, 10, 443, 212, 239, 149, 156, 87, 460, 3, 441, 224, 205, 243, 65, 140, 338, 351, 199, 447, 437, 63, 144, 417, 379, 145, 138, 411, 75, 286, 169, 20, 49, 154, 11, 356, 220, 59, 435, 45, 421, 302, 113, 382, 153, 194, 188, 289, 464, 223, 179, 408, 456, 80, 150, 107, 55, 450, 173, 38, 419, 82, 265, 165, 300, 70, 470, 171, 369, 60, 333, 130, 266, 245, 314, 467, 350, 270, 209, 111, 306, 389, 200, 180, 213, 345, 405, 36, 465]
og index list energy: 111059929.561223
index list: [234, 250, 107, 301, 227, 30, 341, 76, 260, 330, 259, 338, 132, 217, 386, 320, 58, 54, 357, 210, 249, 33, 424, 37, 337, 419, 193, 116, 434, 75, 354, 175, 295, 436, 168, 369, 344, 321, 324, 99, 441, 451, 188, 356, 187, 236, 268, 347, 113, 403, 221, 390, 446, 360, 135, 145, 231, 174, 274, 286, 263, 205, 23, 257, 114, 461, 243, 463, 165, 291, 308, 164, 169, 385, 199, 106, 345, 105, 87, 63, 88, 394, 93, 350, 29, 109, 389, 336, 195, 439, 180, 254, 179, 1, 130, 56, 393, 153, 246, 142, 396, 229, 167, 297, 429, 406, 410, 194, 189, 365, 192, 358, 219, 176, 35, 15, 372, 97, 363, 239, 314, 281, 305, 307, 382, 264, 280, 71, 351, 422, 0, 364, 237, 136, 10, 123, 124, 80, 43, 289, 472, 211, 101, 283, 325, 317, 292, 416, 166, 125, 127, 32, 2, 437, 49, 178, 185, 230, 141, 432, 418, 271, 228, 331, 452, 158, 366, 315, 272, 381, 346, 201, 9, 440, 120, 216, 261, 21, 427, 214, 28, 159, 235, 69, 81, 133, 377, 202, 68, 52, 91, 90, 134, 296, 420, 353, 417, 203, 170, 395, 294, 44, 108, 12, 431, 96, 59, 332, 367, 148, 126, 430, 376, 340, 4, 191, 14, 251, 238, 78, 313, 129, 156, 278, 378, 276, 102, 334, 225, 241, 412, 100, 400, 171, 3, 316, 455, 256, 209, 402, 399, 186, 375, 335, 467, 131, 282, 273, 329, 327, 223, 322, 433, 310, 303, 112, 198, 398, 50, 404, 122, 465, 473, 207, 200, 466, 27, 82, 144, 414, 79, 89, 60, 415, 391, 62, 447, 36, 34, 83, 458, 255, 18, 244, 401, 362, 196, 5, 190, 197, 387, 453, 39, 448, 183, 40, 215, 275, 457, 270, 442, 302, 462, 98, 370, 411, 24, 445, 26, 454, 95, 73, 45, 342, 269, 84, 38, 339, 48, 67, 143, 233, 157, 262, 247, 213, 359, 300, 226, 204, 253, 41, 224, 383, 146, 181, 328, 444, 343, 333, 397, 47, 368, 428, 70, 450, 85, 61, 77, 138, 150, 407, 115, 137, 380, 173, 374, 65, 128, 408, 42, 222, 413, 139, 405, 464, 208, 31, 206, 20, 471, 19, 25, 426, 55, 392, 352, 22, 388, 469, 177, 355, 252, 16, 449, 182, 258, 11, 92, 66, 149, 425, 94, 240, 298, 309, 163, 409, 304, 349, 290, 326, 284, 267, 460, 371, 161, 232, 248, 443, 152, 46, 348, 279, 456, 435, 117, 155, 119, 118, 64, 287, 265, 218, 288, 51, 373, 266, 277, 438, 361, 293, 74, 299, 220, 103, 140, 323, 245, 17, 184, 8, 318, 53, 470, 121, 154, 306, 212, 13, 421, 6, 86, 147, 111, 110, 7, 57, 459, 160, 162, 423, 151, 172, 72, 384, 379, 312, 242, 319, 468, 311, 285, 104]
index list energy: 1612145.2896677474
Done




program ended at: 2019-12-11 20:18:25.553462 
 time delta: 4 days, 23:50:00.011781
