## SLURM PROLOG ###############################################################
##    Job ID : 9199664
##  Job Name : five_day_runs
##  Nodelist : node1149
##      CPUs : 1
##  Mem/Node : 1024 MB
## Directory : /gpfs/data/nfawzi/skale/Fawzi_pycharm_project
##   Started : Fri Dec  6 20:28:25 EST 2019
###############################################################################
program started at:2019-12-06 20:28:25.567600
iterations: 5000000000 temp: 1000000.0 exponent: 0.7 eif: 300.0
time taken (sec): 387391.4731743336
number of iterations: 5000000000
final temperature: 191.58123138056612
og index list: [458, 61, 362, 83, 215, 365, 340, 464, 326, 214, 105, 386, 92, 270, 315, 454, 131, 466, 111, 379, 435, 406, 472, 210, 314, 183, 448, 60, 28, 14, 467, 249, 313, 98, 104, 312, 328, 200, 456, 122, 157, 344, 140, 311, 133, 136, 324, 169, 197, 138, 94, 465, 416, 372, 263, 208, 120, 174, 307, 228, 166, 288, 65, 176, 204, 181, 155, 29, 374, 171, 403, 393, 110, 3, 412, 146, 265, 327, 90, 436, 277, 413, 383, 0, 421, 6, 317, 178, 428, 99, 460, 346, 320, 256, 395, 185, 358, 255, 18, 106, 396, 167, 376, 66, 278, 272, 182, 151, 316, 30, 67, 107, 266, 113, 226, 248, 193, 236, 430, 51, 162, 369, 189, 243, 385, 165, 79, 139, 119, 264, 2, 354, 297, 337, 192, 45, 12, 304, 125, 175, 37, 231, 81, 34, 409, 64, 378, 57, 230, 299, 221, 239, 205, 394, 222, 194, 39, 425, 254, 452, 5, 329, 453, 179, 35, 77, 258, 268, 415, 115, 46, 50, 27, 361, 261, 177, 235, 292, 260, 360, 251, 21, 128, 19, 22, 439, 429, 87, 373, 377, 338, 367, 339, 40, 103, 349, 15, 89, 1, 390, 73, 195, 36, 11, 392, 404, 123, 290, 117, 116, 400, 276, 153, 82, 351, 156, 355, 42, 240, 59, 302, 16, 13, 188, 438, 455, 241, 184, 96, 420, 468, 283, 381, 33, 84, 217, 58, 85, 63, 259, 274, 391, 432, 457, 294, 223, 279, 370, 62, 170, 371, 91, 132, 225, 86, 172, 53, 224, 196, 368, 80, 245, 102, 319, 148, 32, 334, 441, 55, 318, 384, 190, 273, 345, 451, 397, 310, 126, 408, 238, 347, 253, 218, 93, 411, 127, 38, 212, 43, 252, 422, 410, 289, 459, 444, 246, 332, 295, 322, 431, 309, 137, 134, 76, 26, 244, 74, 257, 446, 331, 323, 234, 233, 180, 72, 417, 219, 25, 232, 440, 17, 357, 118, 359, 142, 97, 144, 242, 159, 44, 433, 389, 168, 414, 216, 366, 211, 462, 186, 285, 199, 250, 88, 9, 271, 293, 267, 284, 202, 143, 281, 335, 112, 141, 336, 150, 445, 353, 201, 286, 229, 69, 70, 237, 130, 434, 209, 187, 443, 382, 419, 262, 49, 220, 24, 437, 308, 154, 363, 129, 31, 152, 47, 78, 109, 442, 269, 10, 300, 380, 56, 108, 426, 473, 147, 461, 160, 4, 124, 375, 52, 352, 427, 291, 23, 280, 470, 247, 402, 75, 471, 342, 447, 8, 287, 450, 424, 282, 100, 449, 356, 213, 305, 68, 163, 321, 398, 164, 364, 161, 399, 207, 343, 206, 423, 20, 198, 301, 330, 114, 388, 341, 405, 158, 173, 469, 101, 54, 296, 41, 7, 333, 463, 121, 145, 275, 71, 149, 135, 306, 48, 401, 227, 203, 350, 418, 387, 407, 191, 303, 348, 298, 95, 325]
og index list energy: 77718563.21299282
index list: [170, 205, 51, 418, 325, 283, 451, 199, 419, 20, 345, 206, 19, 25, 347, 29, 48, 67, 403, 210, 430, 33, 440, 37, 337, 425, 149, 30, 301, 453, 227, 175, 295, 413, 173, 119, 354, 391, 139, 427, 270, 444, 129, 156, 278, 78, 284, 290, 326, 438, 27, 244, 371, 362, 259, 187, 291, 441, 286, 171, 263, 106, 315, 267, 234, 414, 147, 232, 164, 82, 120, 188, 193, 355, 16, 146, 230, 73, 141, 46, 236, 410, 53, 372, 322, 336, 96, 317, 23, 424, 180, 254, 49, 303, 214, 28, 346, 432, 64, 279, 421, 229, 118, 117, 373, 367, 412, 194, 189, 445, 192, 398, 219, 176, 35, 15, 448, 335, 399, 447, 209, 370, 55, 456, 384, 264, 280, 71, 306, 154, 442, 216, 95, 113, 305, 45, 159, 313, 43, 289, 256, 255, 179, 406, 221, 297, 292, 155, 166, 125, 385, 32, 2, 431, 304, 178, 393, 57, 162, 360, 455, 271, 228, 331, 415, 459, 237, 341, 81, 126, 364, 390, 248, 434, 378, 247, 1, 316, 404, 211, 18, 204, 58, 56, 54, 69, 344, 246, 140, 160, 323, 220, 377, 142, 426, 9, 201, 190, 197, 359, 218, 461, 121, 12, 105, 366, 59, 332, 468, 98, 452, 380, 388, 4, 462, 116, 14, 251, 8, 184, 245, 17, 408, 334, 102, 282, 3, 473, 99, 241, 466, 83, 134, 185, 133, 21, 268, 407, 356, 158, 31, 186, 328, 333, 379, 131, 145, 144, 161, 152, 231, 250, 422, 224, 252, 416, 198, 243, 130, 469, 122, 257, 363, 207, 200, 249, 387, 114, 93, 396, 79, 89, 60, 92, 358, 62, 353, 375, 342, 13, 352, 296, 148, 318, 454, 383, 196, 5, 191, 443, 135, 90, 369, 183, 269, 40, 215, 275, 395, 276, 343, 300, 374, 365, 274, 22, 376, 368, 26, 24, 66, 11, 258, 420, 433, 238, 112, 136, 10, 460, 50, 123, 47, 70, 6, 127, 63, 88, 157, 41, 109, 401, 458, 39, 226, 177, 429, 394, 423, 397, 324, 294, 340, 168, 321, 463, 464, 402, 84, 450, 281, 314, 239, 307, 165, 312, 470, 65, 386, 128, 42, 222, 261, 472, 467, 76, 107, 262, 260, 330, 338, 132, 38, 409, 217, 349, 439, 68, 52, 91, 181, 437, 36, 392, 212, 348, 265, 287, 163, 308, 288, 417, 0, 174, 310, 111, 298, 240, 72, 446, 242, 351, 285, 350, 225, 411, 471, 172, 320, 319, 361, 273, 428, 436, 75, 137, 150, 80, 115, 138, 77, 61, 435, 85, 400, 208, 457, 266, 277, 465, 103, 293, 74, 299, 167, 143, 381, 94, 311, 97, 153, 449, 202, 195, 389, 327, 101, 223, 329, 100, 357, 272, 86, 253, 309, 110, 7, 87, 405, 235, 151, 382, 203, 302, 182, 339, 34, 169, 44, 233, 213, 108, 124, 104]
index list energy: 1614080.3468774622
Done




program ended at: 2019-12-11 20:18:25.570777 
 time delta: 4 days, 23:50:00.003177
