## SLURM PROLOG ###############################################################
##    Job ID : 9199672
##  Job Name : five_day_runs
##  Nodelist : node1103
##      CPUs : 1
##  Mem/Node : 1024 MB
## Directory : /gpfs/data/nfawzi/skale/Fawzi_pycharm_project
##   Started : Fri Dec  6 20:28:25 EST 2019
###############################################################################
program started at:2019-12-06 20:28:26.403887
iterations: 5000000000 temp: 1000000.0 exponent: 0.7 eif: 300.0
time taken (sec): 379632.2234284878
number of iterations: 5000000000
final temperature: 191.58123138056612
og index list: [51, 21, 310, 296, 31, 353, 149, 323, 311, 100, 113, 307, 343, 319, 133, 131, 4, 120, 204, 245, 251, 187, 158, 154, 199, 273, 30, 161, 173, 117, 457, 415, 55, 413, 196, 163, 205, 250, 414, 437, 403, 449, 105, 121, 94, 118, 424, 275, 84, 271, 164, 32, 279, 114, 361, 183, 64, 360, 43, 104, 153, 92, 110, 459, 435, 425, 324, 124, 447, 274, 455, 129, 333, 288, 116, 326, 315, 179, 363, 29, 157, 322, 398, 469, 42, 33, 152, 263, 244, 15, 77, 466, 427, 95, 405, 401, 50, 234, 37, 185, 354, 359, 226, 90, 450, 267, 362, 40, 464, 237, 249, 10, 280, 27, 278, 303, 236, 68, 70, 340, 83, 344, 446, 215, 434, 79, 197, 256, 144, 422, 270, 254, 170, 180, 470, 385, 66, 259, 418, 380, 438, 242, 2, 247, 342, 207, 137, 335, 18, 202, 290, 172, 266, 88, 181, 140, 221, 276, 146, 182, 126, 430, 111, 177, 423, 12, 316, 217, 48, 339, 160, 155, 61, 169, 210, 206, 416, 6, 53, 80, 145, 332, 268, 306, 379, 176, 135, 228, 390, 26, 374, 284, 327, 272, 428, 429, 345, 171, 269, 409, 63, 454, 44, 407, 139, 370, 194, 349, 431, 347, 19, 257, 289, 410, 321, 233, 59, 35, 241, 225, 472, 220, 292, 8, 82, 1, 65, 373, 299, 97, 91, 364, 57, 16, 39, 148, 283, 186, 238, 396, 34, 89, 387, 463, 5, 227, 213, 331, 285, 190, 41, 212, 191, 376, 72, 336, 102, 451, 58, 46, 134, 330, 391, 393, 369, 101, 395, 132, 329, 375, 85, 87, 394, 419, 156, 73, 313, 402, 209, 142, 103, 421, 468, 198, 115, 383, 127, 28, 300, 71, 76, 214, 314, 358, 69, 232, 440, 138, 86, 295, 460, 436, 258, 350, 25, 298, 229, 141, 337, 442, 367, 99, 399, 456, 325, 81, 230, 467, 231, 93, 130, 287, 200, 168, 218, 165, 0, 107, 255, 382, 400, 52, 397, 23, 174, 426, 366, 108, 408, 151, 9, 216, 17, 136, 62, 308, 265, 162, 54, 208, 11, 356, 235, 260, 78, 211, 159, 109, 453, 355, 188, 201, 222, 389, 328, 377, 253, 305, 192, 294, 122, 348, 56, 461, 384, 246, 119, 439, 203, 184, 304, 22, 49, 372, 24, 193, 123, 38, 75, 448, 13, 224, 302, 312, 371, 318, 281, 112, 320, 417, 471, 243, 334, 175, 47, 286, 252, 445, 20, 36, 106, 452, 406, 392, 338, 128, 465, 261, 7, 301, 368, 125, 443, 223, 357, 147, 458, 346, 264, 277, 293, 3, 404, 378, 262, 282, 178, 351, 239, 150, 240, 441, 341, 74, 317, 167, 365, 444, 248, 60, 297, 45, 462, 352, 96, 291, 14, 189, 67, 381, 309, 195, 411, 473, 412, 98, 166, 432, 420, 386, 219, 143, 388, 433]
og index list energy: 89580180.56688063
index list: [234, 205, 315, 171, 27, 330, 351, 76, 107, 301, 279, 404, 235, 302, 357, 320, 58, 54, 379, 210, 249, 33, 355, 37, 337, 170, 70, 80, 77, 61, 138, 447, 24, 438, 34, 30, 354, 471, 243, 453, 260, 306, 338, 259, 187, 291, 423, 213, 28, 204, 217, 394, 366, 392, 314, 281, 239, 87, 133, 74, 421, 250, 36, 411, 116, 344, 147, 463, 164, 142, 29, 236, 169, 367, 5, 206, 399, 326, 439, 222, 418, 53, 105, 368, 106, 336, 96, 262, 23, 97, 180, 254, 179, 7, 108, 370, 293, 415, 64, 155, 118, 229, 454, 117, 436, 424, 395, 194, 189, 469, 192, 473, 263, 176, 35, 15, 458, 335, 342, 196, 449, 280, 417, 422, 163, 308, 265, 237, 340, 264, 401, 307, 95, 55, 305, 45, 219, 313, 8, 184, 256, 255, 101, 103, 71, 271, 140, 218, 287, 51, 288, 32, 2, 389, 49, 178, 185, 85, 13, 425, 386, 450, 334, 331, 228, 372, 429, 124, 233, 419, 14, 348, 211, 9, 387, 247, 156, 316, 278, 298, 272, 86, 173, 160, 126, 81, 451, 202, 68, 52, 135, 90, 134, 310, 347, 408, 174, 203, 191, 323, 18, 359, 1, 12, 73, 414, 59, 332, 373, 144, 433, 400, 362, 430, 4, 448, 63, 88, 127, 304, 245, 188, 193, 69, 376, 251, 3, 375, 99, 241, 346, 238, 166, 125, 292, 317, 43, 472, 435, 158, 110, 186, 396, 39, 352, 131, 270, 82, 329, 327, 223, 322, 466, 296, 130, 122, 198, 364, 50, 467, 165, 431, 384, 207, 200, 333, 432, 114, 93, 442, 79, 89, 60, 162, 393, 119, 427, 420, 374, 290, 44, 289, 98, 244, 428, 361, 199, 190, 197, 201, 468, 94, 240, 434, 183, 40, 215, 275, 444, 0, 356, 300, 465, 209, 341, 31, 403, 446, 19, 25, 397, 407, 132, 227, 380, 248, 232, 161, 48, 67, 143, 167, 157, 56, 148, 83, 456, 325, 283, 246, 20, 284, 267, 385, 406, 177, 345, 226, 391, 350, 363, 294, 324, 168, 321, 460, 358, 175, 402, 75, 26, 452, 115, 137, 426, 328, 443, 224, 409, 100, 470, 273, 266, 277, 410, 381, 109, 41, 269, 38, 464, 286, 84, 441, 221, 382, 349, 65, 128, 377, 181, 455, 252, 16, 413, 182, 258, 11, 378, 66, 149, 416, 297, 78, 129, 299, 195, 390, 136, 445, 10, 123, 47, 343, 62, 216, 120, 257, 437, 371, 276, 102, 282, 459, 360, 22, 398, 274, 146, 383, 208, 153, 365, 42, 353, 230, 46, 145, 231, 152, 141, 369, 6, 21, 268, 92, 91, 159, 295, 150, 303, 112, 253, 220, 139, 121, 154, 405, 212, 339, 17, 261, 309, 214, 111, 457, 57, 440, 225, 388, 113, 461, 151, 172, 72, 412, 462, 312, 242, 319, 285, 318, 311, 104]
index list energy: 1630276.781461264
Done




program ended at: 2019-12-11 20:18:26.434080 
 time delta: 4 days, 23:50:00.030193
