## SLURM PROLOG ###############################################################
##    Job ID : 2089016
##  Job Name : pypy_1e9
##  Nodelist : node1310
##      CPUs : 1
##  Mem/Node : 1024 MB
## Directory : /gpfs/data/nfawzi/skale/Fawzi_pycharm_project
##   Started : Fri Jan 18 13:06:47 EST 2019
###############################################################################
iterations: 10000000 temp: 1000000.0 exponent: 0.7 eif: 200.0
time taken (sec): 871.3296654224396
number of iterations: 10000000
og index list: [(43, 14), (1, 79), (2, 29), (3, 20), (4, 43), (5, 3), (6, 41), (7, 31), (8, 5), (9, 38), (10, 63), (11, 8), (12, 28), (13, 46), (78, 52), (14, 65), (15, 22), (16, 55), (79, 54), (17, 40), (18, 0), (19, 10), (20, 45), (21, 67), (22, 26), (23, 6), (24, 36), (25, 49), (26, 13), (27, 64), (28, 42), (29, 4), (30, 34), (31, 57), (32, 48), (75, 33), (33, 27), (34, 61), (35, 71), (36, 50), (37, 32), (38, 37), (39, 56), (40, 75), (41, 77), (71, 62), (0, 68), (44, 9), (45, 2), (46, 7), (47, 73), (76, 25), (48, 15), (77, 60), (50, 30), (51, 23), (52, 74), (53, 18), (54, 51), (55, 19), (56, 70), (57, 12), (58, 53), (49, 1), (59, 16), (60, 44), (61, 76), (62, 39), (63, 72), (64, 24), (65, 11), (66, 69), (67, 66), (68, 17), (69, 21), (70, 47), (74, 78), (42, 35), (72, 59), (73, 58)]
og index list energy: 140720306.9288717
index_list: [(43, 0), (1, 1), (2, 2), (3, 3), (4, 4), (5, 5), (6, 6), (7, 7), (8, 8), (9, 9), (10, 10), (11, 11), (12, 12), (13, 13), (78, 16), (14, 76), (15, 72), (16, 73), (79, 49), (17, 17), (18, 18), (19, 19), (20, 20), (21, 21), (22, 22), (23, 23), (24, 24), (25, 25), (26, 26), (27, 27), (28, 28), (29, 29), (30, 30), (31, 31), (32, 32), (75, 74), (33, 33), (34, 34), (35, 35), (36, 36), (37, 37), (38, 38), (39, 39), (40, 40), (41, 41), (71, 75), (0, 42), (44, 43), (45, 44), (46, 45), (47, 46), (76, 47), (48, 48), (77, 79), (50, 50), (51, 51), (52, 52), (53, 53), (54, 54), (55, 55), (56, 56), (57, 57), (58, 58), (49, 78), (59, 59), (60, 60), (61, 61), (62, 62), (63, 63), (64, 64), (65, 65), (66, 66), (67, 67), (68, 68), (69, 69), (70, 70), (74, 71), (42, 77), (72, 14), (73, 15)]
index list: [0, 1, 2, 3, 4, 5, 6, 7, 8, 9, 10, 11, 12, 13, 16, 76, 72, 73, 49, 17, 18, 19, 20, 21, 22, 23, 24, 25, 26, 27, 28, 29, 30, 31, 32, 74, 33, 34, 35, 36, 37, 38, 39, 40, 41, 75, 42, 43, 44, 45, 46, 47, 48, 79, 50, 51, 52, 53, 54, 55, 56, 57, 58, 78, 59, 60, 61, 62, 63, 64, 65, 66, 67, 68, 69, 70, 71, 77, 14, 15]
index list energy: 121197.06509037672
Done


iterations: 10000000 temp: 1000000.0 exponent: 0.7 eif: 200.0
time taken (sec): 860.2073907852173
number of iterations: 10000000
og index list: [(43, 38), (1, 49), (2, 75), (3, 39), (4, 37), (5, 64), (6, 61), (7, 70), (8, 79), (9, 0), (10, 16), (11, 50), (12, 30), (13, 51), (78, 23), (14, 24), (15, 69), (16, 32), (79, 77), (17, 63), (18, 62), (19, 40), (20, 59), (21, 53), (22, 65), (23, 18), (24, 8), (25, 26), (26, 71), (27, 54), (28, 5), (29, 56), (30, 10), (31, 22), (32, 41), (75, 33), (33, 76), (34, 72), (35, 52), (36, 13), (37, 74), (38, 25), (39, 36), (40, 68), (41, 21), (71, 42), (0, 44), (44, 66), (45, 28), (46, 11), (47, 19), (76, 7), (48, 15), (77, 34), (50, 35), (51, 4), (52, 31), (53, 46), (54, 67), (55, 3), (56, 17), (57, 43), (58, 6), (49, 2), (59, 58), (60, 47), (61, 57), (62, 45), (63, 12), (64, 78), (65, 48), (66, 29), (67, 14), (68, 20), (69, 60), (70, 73), (74, 9), (42, 55), (72, 27), (73, 1)]
og index list energy: 103641622.93483503
index_list: [(43, 72), (1, 1), (2, 2), (3, 3), (4, 4), (5, 5), (6, 6), (7, 7), (8, 8), (9, 9), (10, 10), (11, 11), (12, 12), (13, 13), (78, 49), (14, 14), (15, 15), (16, 16), (79, 75), (17, 17), (18, 18), (19, 19), (20, 20), (21, 21), (22, 22), (23, 23), (24, 24), (25, 25), (26, 26), (27, 27), (28, 28), (29, 29), (30, 30), (31, 31), (32, 32), (75, 77), (33, 33), (34, 34), (35, 35), (36, 36), (37, 37), (38, 38), (39, 39), (40, 40), (41, 41), (71, 79), (0, 42), (44, 43), (45, 44), (46, 45), (47, 46), (76, 47), (48, 48), (77, 78), (50, 54), (51, 55), (52, 56), (53, 57), (54, 58), (55, 76), (56, 51), (57, 52), (58, 53), (49, 74), (59, 59), (60, 60), (61, 61), (62, 62), (63, 63), (64, 64), (65, 65), (66, 66), (67, 67), (68, 68), (69, 69), (70, 70), (74, 71), (42, 50), (72, 0), (73, 73)]
index list: [72, 1, 2, 3, 4, 5, 6, 7, 8, 9, 10, 11, 12, 13, 49, 14, 15, 16, 75, 17, 18, 19, 20, 21, 22, 23, 24, 25, 26, 27, 28, 29, 30, 31, 32, 77, 33, 34, 35, 36, 37, 38, 39, 40, 41, 79, 42, 43, 44, 45, 46, 47, 48, 78, 54, 55, 56, 57, 58, 76, 51, 52, 53, 74, 59, 60, 61, 62, 63, 64, 65, 66, 67, 68, 69, 70, 71, 50, 0, 73]
index list energy: 170189.8775731616
Done


iterations: 10000000 temp: 1000000.0 exponent: 0.7 eif: 200.0
time taken (sec): 859.5898299217224
number of iterations: 10000000
og index list: [(43, 26), (1, 52), (2, 36), (3, 9), (4, 18), (5, 25), (6, 47), (7, 69), (8, 57), (9, 73), (10, 6), (11, 27), (12, 49), (13, 58), (78, 0), (14, 75), (15, 23), (16, 53), (79, 72), (17, 41), (18, 4), (19, 34), (20, 68), (21, 33), (22, 2), (23, 66), (24, 56), (25, 7), (26, 45), (27, 31), (28, 64), (29, 59), (30, 32), (31, 3), (32, 61), (75, 42), (33, 46), (34, 11), (35, 39), (36, 43), (37, 15), (38, 74), (39, 16), (40, 20), (41, 8), (71, 28), (0, 60), (44, 24), (45, 76), (46, 48), (47, 5), (76, 22), (48, 51), (77, 35), (50, 17), (51, 1), (52, 44), (53, 13), (54, 79), (55, 14), (56, 30), (57, 38), (58, 10), (49, 77), (59, 12), (60, 70), (61, 63), (62, 40), (63, 67), (64, 50), (65, 21), (66, 19), (67, 29), (68, 71), (69, 62), (70, 55), (74, 37), (42, 54), (72, 78), (73, 65)]
og index list energy: 111968013.95476541
index_list: [(43, 73), (1, 0), (2, 1), (3, 2), (4, 74), (5, 72), (6, 6), (7, 7), (8, 8), (9, 9), (10, 10), (11, 11), (12, 12), (13, 13), (78, 76), (14, 14), (15, 15), (16, 16), (79, 49), (17, 17), (18, 18), (19, 19), (20, 20), (21, 21), (22, 22), (23, 23), (24, 24), (25, 25), (26, 26), (27, 27), (28, 28), (29, 29), (30, 30), (31, 31), (32, 32), (75, 79), (33, 33), (34, 34), (35, 35), (36, 36), (37, 37), (38, 38), (39, 39), (40, 40), (41, 41), (71, 78), (0, 42), (44, 43), (45, 44), (46, 45), (47, 46), (76, 47), (48, 48), (77, 75), (50, 50), (51, 51), (52, 52), (53, 53), (54, 54), (55, 55), (56, 56), (57, 57), (58, 58), (49, 77), (59, 59), (60, 60), (61, 61), (62, 62), (63, 63), (64, 64), (65, 65), (66, 66), (67, 67), (68, 68), (69, 69), (70, 70), (74, 71), (42, 4), (72, 5), (73, 3)]
index list: [73, 0, 1, 2, 74, 72, 6, 7, 8, 9, 10, 11, 12, 13, 76, 14, 15, 16, 49, 17, 18, 19, 20, 21, 22, 23, 24, 25, 26, 27, 28, 29, 30, 31, 32, 79, 33, 34, 35, 36, 37, 38, 39, 40, 41, 78, 42, 43, 44, 45, 46, 47, 48, 75, 50, 51, 52, 53, 54, 55, 56, 57, 58, 77, 59, 60, 61, 62, 63, 64, 65, 66, 67, 68, 69, 70, 71, 4, 5, 3]
index list energy: 153426.65571413527
Done


iterations: 10000000 temp: 1000000.0 exponent: 0.7 eif: 200.0
time taken (sec): 894.2357747554779
number of iterations: 10000000
og index list: [(43, 54), (1, 37), (2, 18), (3, 27), (4, 51), (5, 21), (6, 46), (7, 6), (8, 34), (9, 13), (10, 66), (11, 12), (12, 16), (13, 77), (78, 43), (14, 15), (15, 7), (16, 10), (79, 33), (17, 62), (18, 47), (19, 78), (20, 63), (21, 30), (22, 74), (23, 55), (24, 64), (25, 24), (26, 61), (27, 25), (28, 71), (29, 56), (30, 8), (31, 17), (32, 19), (75, 49), (33, 26), (34, 48), (35, 60), (36, 42), (37, 72), (38, 14), (39, 39), (40, 38), (41, 22), (71, 0), (0, 50), (44, 57), (45, 5), (46, 58), (47, 45), (76, 28), (48, 44), (77, 68), (50, 59), (51, 79), (52, 40), (53, 11), (54, 65), (55, 4), (56, 52), (57, 76), (58, 41), (49, 20), (59, 70), (60, 36), (61, 35), (62, 69), (63, 1), (64, 29), (65, 73), (66, 32), (67, 9), (68, 23), (69, 31), (70, 53), (74, 67), (42, 75), (72, 3), (73, 2)]
og index list energy: 105572880.0750191
index_list: [(43, 0), (1, 1), (2, 2), (3, 3), (4, 4), (5, 5), (6, 6), (7, 7), (8, 8), (9, 9), (10, 10), (11, 11), (12, 12), (13, 13), (78, 79), (14, 14), (15, 15), (16, 16), (79, 49), (17, 17), (18, 18), (19, 19), (20, 20), (21, 21), (22, 22), (23, 23), (24, 24), (25, 25), (26, 26), (27, 27), (28, 28), (29, 29), (30, 30), (31, 31), (32, 32), (75, 76), (33, 33), (34, 34), (35, 35), (36, 36), (37, 37), (38, 38), (39, 39), (40, 40), (41, 41), (71, 77), (0, 42), (44, 43), (45, 44), (46, 45), (47, 46), (76, 47), (48, 48), (77, 78), (50, 50), (51, 51), (52, 52), (53, 53), (54, 54), (55, 55), (56, 56), (57, 57), (58, 58), (49, 74), (59, 59), (60, 60), (61, 61), (62, 62), (63, 63), (64, 64), (65, 65), (66, 66), (67, 67), (68, 68), (69, 69), (70, 70), (74, 71), (42, 75), (72, 72), (73, 73)]
index list: [0, 1, 2, 3, 4, 5, 6, 7, 8, 9, 10, 11, 12, 13, 79, 14, 15, 16, 49, 17, 18, 19, 20, 21, 22, 23, 24, 25, 26, 27, 28, 29, 30, 31, 32, 76, 33, 34, 35, 36, 37, 38, 39, 40, 41, 77, 42, 43, 44, 45, 46, 47, 48, 78, 50, 51, 52, 53, 54, 55, 56, 57, 58, 74, 59, 60, 61, 62, 63, 64, 65, 66, 67, 68, 69, 70, 71, 75, 72, 73]
index list energy: 91509.82393678771
Done


iterations: 10000000 temp: 1000000.0 exponent: 0.7 eif: 200.0
time taken (sec): 42.51938486099243
number of iterations: 978682
og index list: [(43, 3), (1, 13), (2, 9), (3, 32), (4, 20), (5, 6), (6, 25), (7, 70), (8, 65), (9, 75), (10, 63), (11, 48), (12, 28), (13, 62), (78, 8), (14, 59), (15, 30), (16, 74), (79, 0), (17, 41), (18, 29), (19, 50), (20, 40), (21, 49), (22, 69), (23, 34), (24, 19), (25, 77), (26, 66), (27, 79), (28, 7), (29, 54), (30, 11), (31, 16), (32, 17), (75, 58), (33, 18), (34, 1), (35, 72), (36, 68), (37, 14), (38, 26), (39, 12), (40, 15), (41, 44), (71, 46), (0, 76), (44, 38), (45, 67), (46, 23), (47, 37), (76, 39), (48, 47), (77, 5), (50, 2), (51, 64), (52, 35), (53, 78), (54, 60), (55, 45), (56, 61), (57, 53), (58, 36), (49, 27), (59, 31), (60, 43), (61, 51), (62, 71), (63, 73), (64, 42), (65, 56), (66, 33), (67, 10), (68, 52), (69, 57), (70, 21), (74, 24), (42, 4), (72, 55), (73, 22)]
og index list energy: 131777510.55853748
index_list: [(43, 38), (1, 40), (2, 78), (3, 59), (4, 65), (5, 66), (6, 42), (7, 29), (8, 30), (9, 31), (10, 16), (11, 17), (12, 2), (13, 35), (78, 6), (14, 53), (15, 54), (16, 22), (79, 23), (17, 70), (18, 68), (19, 14), (20, 46), (21, 48), (22, 39), (23, 15), (24, 45), (25, 67), (26, 77), (27, 43), (28, 26), (29, 49), (30, 73), (31, 4), (32, 19), (75, 20), (33, 21), (34, 64), (35, 5), (36, 51), (37, 76), (38, 55), (39, 63), (40, 71), (41, 52), (71, 74), (0, 0), (44, 44), (45, 36), (46, 34), (47, 50), (76, 11), (48, 58), (77, 62), (50, 3), (51, 1), (52, 56), (53, 57), (54, 13), (55, 47), (56, 12), (57, 60), (58, 37), (49, 10), (59, 72), (60, 9), (61, 25), (62, 24), (63, 41), (64, 69), (65, 79), (66, 8), (67, 33), (68, 61), (69, 18), (70, 32), (74, 75), (42, 27), (72, 28), (73, 7)]
index list energy: 16683149.442914318
Done


