## SLURM PROLOG ###############################################################
##    Job ID : 9199709
##  Job Name : five_day_runs
##  Nodelist : node1111
##      CPUs : 1
##  Mem/Node : 1024 MB
## Directory : /gpfs/data/nfawzi/skale/Fawzi_pycharm_project
##   Started : Fri Dec  6 20:28:55 EST 2019
###############################################################################
program started at:2019-12-06 20:28:55.630539
iterations: 5000000000 temp: 1000000.0 exponent: 0.7 eif: 300.0
time taken (sec): 367080.2412388325
number of iterations: 5000000000
final temperature: 191.58123138056612
og index list: [356, 35, 31, 120, 235, 469, 103, 382, 89, 268, 165, 71, 168, 135, 84, 426, 12, 456, 251, 267, 362, 22, 220, 145, 414, 11, 6, 455, 387, 313, 205, 320, 435, 1, 81, 50, 150, 335, 471, 418, 302, 92, 197, 79, 370, 87, 213, 312, 20, 226, 400, 347, 102, 431, 86, 394, 203, 254, 337, 422, 263, 416, 375, 49, 167, 223, 93, 395, 467, 279, 428, 300, 310, 138, 25, 278, 290, 348, 108, 77, 111, 43, 56, 448, 48, 97, 401, 432, 125, 47, 451, 14, 163, 373, 379, 440, 94, 378, 315, 277, 359, 209, 134, 119, 8, 459, 354, 208, 293, 334, 311, 105, 34, 304, 123, 225, 441, 307, 32, 21, 64, 222, 344, 243, 17, 309, 439, 423, 368, 131, 219, 144, 384, 36, 185, 284, 275, 190, 331, 466, 363, 216, 75, 172, 472, 397, 106, 46, 295, 146, 68, 406, 420, 166, 340, 345, 427, 109, 346, 287, 299, 417, 297, 321, 262, 63, 332, 430, 19, 241, 193, 62, 256, 252, 367, 239, 388, 341, 140, 148, 465, 358, 160, 355, 289, 18, 462, 250, 187, 233, 350, 328, 303, 228, 403, 218, 436, 114, 374, 53, 411, 104, 447, 30, 83, 371, 42, 156, 246, 98, 409, 217, 383, 444, 169, 153, 127, 329, 470, 389, 244, 266, 26, 413, 386, 9, 419, 200, 361, 175, 269, 322, 260, 253, 460, 16, 276, 286, 291, 421, 180, 88, 192, 442, 210, 449, 4, 117, 325, 173, 229, 121, 273, 10, 198, 199, 38, 463, 391, 338, 282, 13, 330, 445, 364, 339, 221, 247, 415, 99, 67, 40, 195, 101, 178, 74, 336, 234, 296, 396, 458, 390, 274, 69, 188, 446, 141, 212, 298, 380, 283, 407, 319, 318, 132, 90, 433, 351, 324, 2, 424, 281, 437, 257, 236, 206, 76, 179, 171, 215, 402, 0, 237, 211, 292, 182, 264, 316, 438, 404, 41, 100, 58, 314, 333, 357, 59, 124, 61, 154, 72, 454, 429, 45, 189, 191, 157, 170, 232, 23, 377, 270, 112, 5, 15, 149, 360, 285, 261, 376, 255, 468, 177, 137, 54, 464, 317, 443, 326, 110, 227, 366, 342, 385, 39, 7, 78, 95, 27, 147, 60, 425, 136, 133, 196, 452, 80, 393, 158, 399, 96, 65, 183, 130, 44, 24, 51, 194, 184, 242, 352, 52, 372, 381, 118, 280, 434, 91, 159, 122, 305, 129, 107, 453, 258, 410, 113, 450, 473, 28, 142, 151, 272, 230, 259, 174, 164, 66, 343, 181, 224, 143, 353, 288, 55, 115, 73, 155, 207, 271, 85, 365, 301, 202, 201, 3, 82, 33, 294, 231, 323, 128, 214, 152, 116, 245, 204, 349, 186, 126, 37, 139, 70, 398, 162, 405, 412, 392, 57, 461, 248, 238, 369, 408, 240, 265, 327, 457, 306, 176, 29, 249, 308, 161]
og index list energy: 121663356.24949981
index list: [170, 282, 292, 315, 263, 171, 460, 468, 206, 432, 20, 416, 19, 25, 444, 320, 58, 54, 464, 210, 249, 33, 429, 32, 2, 329, 255, 116, 394, 257, 216, 383, 62, 407, 110, 30, 457, 440, 211, 346, 188, 11, 448, 259, 187, 348, 268, 288, 240, 242, 319, 458, 421, 358, 39, 327, 169, 3, 273, 285, 318, 205, 193, 151, 234, 367, 147, 354, 164, 296, 113, 297, 142, 428, 16, 451, 65, 128, 469, 222, 471, 53, 93, 365, 109, 106, 96, 313, 23, 97, 180, 254, 300, 256, 209, 18, 462, 439, 64, 279, 344, 229, 118, 117, 359, 447, 427, 194, 189, 452, 192, 436, 219, 176, 35, 15, 375, 335, 374, 247, 75, 349, 0, 351, 404, 264, 280, 71, 442, 412, 466, 127, 143, 87, 233, 83, 1, 80, 162, 114, 126, 37, 82, 370, 100, 236, 392, 94, 166, 125, 135, 382, 337, 302, 304, 178, 430, 50, 47, 347, 401, 271, 228, 331, 225, 425, 334, 461, 7, 473, 353, 455, 49, 9, 342, 57, 459, 316, 278, 298, 272, 86, 253, 160, 69, 81, 389, 202, 8, 34, 251, 445, 134, 312, 467, 379, 443, 203, 196, 195, 303, 175, 295, 12, 105, 136, 10, 123, 377, 241, 122, 408, 350, 418, 4, 191, 5, 413, 208, 56, 245, 17, 184, 182, 360, 266, 277, 410, 290, 326, 387, 261, 357, 185, 59, 322, 352, 321, 324, 356, 431, 186, 361, 158, 355, 131, 29, 305, 239, 314, 281, 250, 165, 310, 238, 112, 198, 168, 294, 435, 44, 369, 388, 207, 200, 437, 6, 403, 27, 397, 79, 89, 60, 92, 402, 368, 405, 36, 424, 133, 289, 417, 98, 244, 406, 441, 199, 190, 197, 201, 51, 366, 237, 414, 214, 183, 215, 275, 363, 167, 67, 395, 231, 152, 145, 415, 161, 232, 248, 426, 141, 73, 45, 372, 446, 95, 55, 307, 153, 179, 338, 217, 204, 40, 74, 463, 102, 276, 226, 246, 172, 41, 224, 396, 252, 181, 328, 362, 400, 115, 137, 150, 456, 472, 70, 420, 85, 61, 77, 138, 340, 333, 398, 28, 393, 173, 155, 119, 323, 220, 434, 99, 433, 270, 449, 76, 107, 262, 260, 330, 386, 132, 227, 301, 221, 378, 235, 130, 380, 13, 345, 336, 14, 390, 384, 159, 52, 91, 90, 66, 149, 258, 156, 78, 129, 317, 68, 265, 306, 212, 218, 121, 154, 343, 287, 438, 409, 308, 163, 391, 243, 453, 269, 84, 450, 38, 339, 274, 411, 311, 174, 381, 22, 470, 146, 230, 46, 332, 157, 376, 364, 63, 88, 111, 140, 103, 454, 293, 120, 423, 42, 24, 31, 48, 139, 144, 72, 341, 385, 177, 373, 148, 309, 43, 21, 371, 223, 284, 299, 325, 283, 419, 267, 101, 465, 26, 422, 291, 399, 286, 213, 108, 124, 104]
index list energy: 1642486.6614358092
Done





program ended at: 2019-12-11 20:18:55.641280 
 time delta: 4 days, 23:50:00.010741
