## SLURM PROLOG ###############################################################
##    Job ID : 9199670
##  Job Name : five_day_runs
##  Nodelist : node1101
##      CPUs : 1
##  Mem/Node : 1024 MB
## Directory : /gpfs/data/nfawzi/skale/Fawzi_pycharm_project
##   Started : Fri Dec  6 20:28:25 EST 2019
###############################################################################
program started at:2019-12-06 20:28:26.525423
iterations: 5000000000 temp: 1000000.0 exponent: 0.7 eif: 300.0
time taken (sec): 344955.43625473976
number of iterations: 5000000000
final temperature: 191.58123138056612
og index list: [405, 244, 57, 370, 430, 148, 164, 468, 288, 77, 138, 36, 210, 325, 331, 132, 314, 175, 388, 460, 410, 397, 26, 48, 199, 127, 393, 151, 178, 20, 431, 406, 243, 130, 104, 429, 52, 292, 306, 59, 264, 10, 420, 113, 425, 85, 360, 384, 147, 253, 17, 45, 374, 103, 11, 449, 150, 75, 269, 79, 50, 281, 28, 205, 74, 171, 241, 202, 308, 122, 120, 39, 230, 428, 282, 41, 55, 90, 91, 287, 87, 166, 466, 212, 341, 422, 371, 201, 84, 320, 424, 299, 65, 436, 369, 390, 353, 136, 319, 116, 22, 391, 25, 339, 334, 421, 318, 338, 304, 250, 322, 67, 355, 89, 69, 274, 186, 124, 316, 221, 27, 259, 265, 215, 296, 140, 297, 235, 206, 51, 432, 408, 335, 56, 349, 193, 398, 307, 62, 336, 400, 263, 471, 365, 139, 252, 423, 170, 114, 105, 389, 99, 337, 207, 38, 247, 66, 435, 381, 200, 167, 226, 415, 24, 266, 42, 92, 246, 12, 173, 258, 416, 191, 117, 19, 126, 133, 380, 392, 271, 386, 251, 8, 450, 441, 135, 4, 165, 443, 128, 385, 217, 224, 31, 277, 426, 328, 222, 203, 412, 383, 118, 409, 152, 195, 43, 172, 176, 300, 109, 359, 183, 110, 163, 323, 3, 229, 433, 236, 121, 419, 273, 324, 470, 153, 267, 261, 184, 123, 18, 169, 309, 291, 21, 141, 190, 364, 413, 181, 272, 35, 189, 373, 146, 351, 111, 465, 248, 159, 157, 188, 462, 346, 280, 145, 329, 156, 463, 414, 344, 23, 437, 129, 285, 317, 459, 30, 283, 211, 177, 279, 227, 228, 231, 377, 305, 350, 168, 54, 284, 472, 418, 249, 293, 438, 60, 83, 5, 321, 88, 311, 155, 134, 455, 401, 312, 216, 47, 276, 361, 387, 73, 158, 220, 142, 101, 219, 382, 298, 333, 7, 9, 464, 303, 237, 161, 93, 270, 223, 469, 404, 94, 137, 119, 372, 68, 295, 2, 375, 0, 82, 256, 80, 78, 275, 162, 290, 302, 232, 143, 100, 194, 446, 34, 402, 366, 367, 395, 257, 96, 457, 456, 417, 348, 40, 439, 72, 394, 330, 179, 340, 352, 451, 233, 61, 403, 208, 356, 310, 29, 32, 448, 209, 44, 461, 6, 327, 196, 458, 15, 286, 347, 98, 289, 49, 342, 363, 444, 238, 368, 76, 187, 467, 315, 260, 452, 58, 262, 107, 268, 192, 240, 198, 112, 16, 106, 14, 434, 357, 95, 427, 204, 407, 70, 396, 440, 225, 376, 115, 473, 182, 378, 278, 294, 254, 301, 442, 180, 255, 108, 1, 218, 149, 411, 125, 81, 343, 86, 453, 245, 71, 445, 97, 313, 354, 399, 63, 33, 64, 197, 144, 174, 37, 239, 102, 242, 13, 345, 332, 185, 358, 214, 131, 154, 234, 326, 160, 362, 447, 53, 379, 46, 213, 454]
og index list energy: 113757892.92379503
index list: [170, 205, 249, 374, 27, 421, 207, 200, 210, 406, 447, 383, 19, 25, 387, 320, 214, 192, 21, 75, 26, 340, 329, 32, 2, 16, 429, 116, 407, 211, 101, 443, 62, 458, 347, 30, 391, 84, 361, 273, 270, 354, 278, 272, 298, 226, 412, 213, 72, 389, 50, 97, 446, 424, 314, 281, 239, 223, 305, 87, 293, 29, 193, 151, 114, 422, 243, 402, 165, 291, 246, 68, 259, 409, 4, 209, 428, 160, 384, 102, 282, 403, 53, 468, 352, 80, 394, 245, 195, 358, 180, 254, 300, 41, 39, 127, 63, 332, 167, 297, 454, 247, 156, 440, 364, 24, 342, 199, 436, 73, 45, 432, 219, 370, 35, 15, 367, 335, 416, 194, 189, 359, 418, 392, 419, 264, 280, 71, 471, 307, 0, 467, 237, 136, 70, 238, 112, 313, 268, 288, 51, 64, 279, 417, 135, 113, 86, 94, 166, 448, 108, 296, 49, 93, 470, 179, 312, 57, 162, 437, 451, 350, 334, 331, 228, 408, 345, 8, 212, 410, 5, 201, 9, 355, 442, 7, 47, 111, 204, 218, 28, 285, 173, 130, 54, 69, 427, 216, 109, 269, 106, 375, 181, 142, 357, 380, 404, 203, 191, 405, 294, 44, 140, 12, 105, 362, 10, 123, 365, 33, 368, 381, 462, 420, 76, 234, 14, 251, 38, 120, 31, 257, 18, 256, 255, 472, 103, 348, 99, 241, 339, 91, 159, 185, 369, 316, 324, 321, 455, 158, 398, 186, 397, 333, 401, 131, 235, 302, 284, 78, 23, 250, 164, 310, 157, 124, 198, 168, 6, 356, 330, 169, 351, 385, 206, 20, 378, 261, 277, 344, 79, 89, 60, 425, 469, 119, 411, 36, 457, 13, 465, 289, 98, 244, 461, 34, 37, 337, 197, 190, 456, 202, 353, 343, 183, 40, 215, 275, 450, 260, 217, 338, 393, 147, 227, 341, 110, 107, 132, 459, 42, 65, 128, 414, 360, 248, 232, 161, 48, 67, 143, 233, 96, 59, 74, 388, 222, 325, 283, 336, 1, 400, 267, 435, 304, 178, 371, 464, 303, 115, 137, 150, 366, 395, 430, 129, 85, 61, 77, 138, 441, 196, 363, 439, 187, 328, 413, 224, 463, 100, 372, 176, 415, 263, 171, 473, 208, 327, 315, 292, 434, 286, 466, 220, 221, 323, 175, 295, 444, 386, 177, 377, 252, 276, 460, 182, 258, 11, 92, 66, 149, 52, 90, 134, 125, 299, 163, 308, 265, 287, 396, 121, 154, 399, 390, 153, 376, 229, 118, 117, 155, 346, 88, 431, 379, 3, 382, 274, 311, 174, 262, 445, 22, 449, 146, 230, 46, 145, 231, 152, 141, 349, 322, 318, 253, 95, 55, 433, 104, 188, 236, 306, 271, 58, 139, 144, 81, 126, 82, 83, 438, 148, 309, 43, 317, 56, 133, 423, 225, 266, 373, 172, 319, 240, 242, 426, 301, 452, 290, 326, 453, 184, 17, 122]
index list energy: 1610160.9183211294
Done




program ended at: 2019-12-11 20:18:26.526197 
 time delta: 4 days, 23:50:00.000774
