## SLURM PROLOG ###############################################################
##    Job ID : 9199692
##  Job Name : five_day_runs
##  Nodelist : node1153
##      CPUs : 1
##  Mem/Node : 1024 MB
## Directory : /gpfs/data/nfawzi/skale/Fawzi_pycharm_project
##   Started : Fri Dec  6 20:28:55 EST 2019
###############################################################################
program started at:2019-12-06 20:28:57.770866
iterations: 5000000000 temp: 1000000.0 exponent: 0.7 eif: 300.0
time taken (sec): 383293.9108901024
number of iterations: 5000000000
final temperature: 191.58123138056612
og index list: [396, 349, 422, 337, 66, 111, 416, 423, 377, 462, 121, 70, 39, 468, 295, 91, 456, 275, 268, 296, 307, 313, 447, 116, 81, 80, 10, 106, 262, 302, 464, 291, 233, 0, 238, 437, 54, 286, 312, 163, 222, 21, 216, 400, 133, 403, 259, 3, 77, 460, 190, 142, 419, 246, 412, 427, 183, 57, 55, 421, 255, 426, 152, 446, 358, 154, 86, 176, 56, 214, 322, 388, 389, 140, 458, 137, 128, 84, 96, 162, 378, 46, 119, 6, 334, 98, 253, 379, 120, 33, 174, 466, 15, 175, 343, 417, 267, 297, 303, 220, 36, 75, 288, 73, 172, 37, 271, 272, 250, 445, 168, 309, 52, 182, 339, 440, 64, 336, 63, 454, 455, 304, 159, 124, 139, 325, 138, 87, 74, 406, 230, 160, 461, 381, 338, 315, 341, 375, 441, 48, 321, 157, 435, 88, 385, 457, 45, 186, 290, 436, 94, 324, 273, 143, 224, 179, 110, 264, 188, 95, 28, 58, 114, 173, 393, 319, 399, 467, 451, 130, 289, 242, 211, 178, 23, 260, 418, 299, 274, 239, 314, 213, 373, 212, 298, 335, 397, 332, 132, 369, 60, 444, 370, 43, 27, 365, 171, 442, 167, 269, 53, 122, 206, 123, 223, 136, 22, 368, 256, 279, 194, 134, 459, 150, 232, 202, 108, 234, 192, 158, 62, 12, 198, 225, 169, 135, 326, 316, 410, 320, 217, 244, 180, 305, 117, 433, 429, 170, 409, 67, 342, 237, 189, 261, 257, 407, 453, 473, 14, 281, 164, 103, 101, 38, 346, 7, 221, 294, 129, 207, 2, 69, 205, 89, 405, 49, 109, 50, 1, 177, 434, 61, 287, 16, 371, 13, 254, 469, 430, 85, 127, 79, 68, 431, 19, 387, 51, 471, 372, 347, 107, 401, 218, 193, 210, 308, 251, 408, 228, 404, 83, 386, 100, 361, 263, 357, 115, 248, 4, 105, 156, 26, 323, 30, 328, 252, 97, 333, 165, 149, 331, 71, 395, 93, 345, 227, 148, 353, 348, 247, 428, 44, 330, 284, 229, 360, 374, 463, 384, 131, 195, 282, 90, 112, 424, 301, 398, 280, 265, 118, 364, 144, 31, 449, 380, 283, 153, 47, 102, 24, 17, 236, 394, 185, 11, 344, 191, 208, 414, 184, 181, 249, 41, 9, 78, 5, 376, 125, 285, 438, 34, 317, 352, 240, 402, 161, 200, 113, 439, 245, 390, 59, 235, 340, 351, 258, 145, 8, 306, 277, 40, 392, 425, 411, 204, 25, 197, 151, 450, 415, 383, 104, 32, 270, 266, 29, 209, 465, 311, 310, 141, 65, 146, 354, 241, 18, 219, 443, 472, 155, 82, 187, 72, 366, 20, 300, 363, 278, 293, 231, 356, 42, 452, 355, 199, 413, 99, 350, 432, 420, 292, 126, 318, 243, 166, 327, 382, 448, 362, 367, 147, 329, 35, 76, 470, 92, 201, 391, 276, 226, 196, 359, 215, 203]
og index list energy: 87928556.3644088
index list: [234, 205, 257, 216, 227, 30, 359, 76, 107, 423, 353, 330, 132, 38, 120, 29, 173, 119, 454, 243, 433, 33, 362, 37, 337, 435, 149, 188, 24, 66, 11, 398, 258, 383, 415, 130, 54, 439, 217, 409, 260, 306, 338, 259, 187, 291, 417, 213, 113, 430, 6, 244, 345, 370, 294, 44, 108, 72, 97, 286, 263, 80, 253, 151, 114, 418, 147, 379, 335, 133, 116, 164, 169, 356, 270, 240, 461, 57, 395, 223, 437, 53, 93, 388, 106, 202, 109, 313, 96, 473, 180, 254, 268, 162, 140, 103, 293, 377, 64, 279, 118, 229, 155, 117, 341, 469, 421, 194, 189, 447, 192, 368, 219, 176, 35, 15, 449, 333, 448, 199, 210, 464, 428, 21, 214, 28, 455, 237, 380, 307, 264, 280, 361, 154, 352, 121, 287, 39, 308, 163, 265, 71, 160, 465, 221, 126, 292, 315, 166, 125, 135, 32, 2, 348, 49, 179, 312, 242, 285, 442, 369, 429, 228, 331, 334, 426, 412, 174, 7, 405, 346, 201, 9, 458, 419, 247, 3, 316, 470, 94, 86, 309, 1, 69, 50, 87, 360, 204, 68, 52, 91, 90, 134, 296, 396, 436, 34, 203, 170, 110, 123, 371, 211, 56, 105, 344, 168, 82, 471, 241, 393, 468, 374, 376, 4, 191, 14, 406, 144, 122, 220, 17, 184, 153, 446, 208, 236, 230, 46, 332, 444, 100, 392, 328, 59, 322, 364, 256, 209, 460, 31, 186, 422, 47, 424, 131, 325, 305, 239, 314, 281, 282, 347, 310, 139, 372, 198, 343, 261, 440, 165, 408, 363, 207, 200, 249, 384, 27, 67, 400, 79, 89, 60, 92, 467, 62, 381, 357, 48, 158, 351, 255, 18, 246, 172, 453, 196, 5, 190, 197, 407, 262, 382, 185, 183, 40, 215, 275, 466, 16, 26, 397, 401, 152, 231, 145, 161, 232, 248, 463, 141, 73, 45, 375, 193, 238, 112, 136, 10, 378, 300, 226, 41, 403, 74, 350, 102, 276, 182, 336, 250, 252, 224, 420, 146, 181, 366, 402, 358, 129, 297, 78, 23, 373, 472, 70, 85, 61, 77, 138, 150, 456, 115, 137, 441, 339, 274, 22, 411, 311, 450, 273, 266, 277, 367, 386, 414, 245, 206, 20, 445, 19, 25, 425, 84, 443, 404, 13, 410, 399, 177, 459, 36, 365, 212, 389, 283, 101, 329, 171, 327, 272, 298, 278, 156, 159, 195, 413, 304, 452, 290, 326, 284, 267, 222, 355, 289, 98, 349, 321, 324, 99, 354, 391, 75, 416, 12, 432, 323, 295, 175, 342, 340, 42, 65, 128, 385, 148, 157, 427, 124, 63, 88, 111, 269, 95, 55, 462, 104, 0, 288, 51, 218, 58, 235, 302, 81, 390, 301, 178, 394, 251, 299, 8, 271, 303, 43, 387, 225, 434, 320, 457, 319, 431, 438, 318, 451, 142, 167, 233, 83, 127, 143, 317]
index list energy: 1596089.234802385
Done




program ended at: 2019-12-11 20:18:57.770313 
 time delta: 4 days, 23:49:59.999447
