## SLURM PROLOG ###############################################################
##    Job ID : 9199634
##  Job Name : five_day_runs
##  Nodelist : node1301
##      CPUs : 1
##  Mem/Node : 1024 MB
## Directory : /gpfs/data/nfawzi/skale/Fawzi_pycharm_project
##   Started : Fri Dec  6 20:27:55 EST 2019
###############################################################################
program started at:2019-12-06 20:27:55.554104
iterations: 5000000000 temp: 1000000.0 exponent: 0.7 eif: 300.0
time taken (sec): 413708.08486652374
number of iterations: 5000000000
final temperature: 191.58123138056612
og index list: [113, 392, 327, 228, 372, 294, 466, 333, 248, 385, 222, 98, 211, 8, 191, 34, 399, 28, 353, 157, 366, 48, 469, 424, 243, 452, 170, 376, 470, 111, 116, 213, 26, 15, 52, 352, 374, 127, 137, 51, 38, 438, 169, 340, 194, 155, 334, 81, 161, 398, 160, 59, 388, 39, 0, 323, 188, 101, 373, 41, 232, 71, 409, 421, 314, 408, 244, 305, 131, 357, 447, 362, 73, 262, 418, 75, 16, 300, 91, 312, 17, 395, 351, 254, 104, 220, 181, 85, 186, 138, 58, 344, 77, 281, 279, 148, 216, 365, 144, 423, 24, 107, 206, 23, 250, 342, 227, 42, 284, 114, 288, 89, 130, 390, 97, 125, 62, 412, 383, 234, 240, 183, 172, 302, 69, 6, 208, 472, 214, 457, 326, 286, 401, 241, 283, 315, 61, 444, 367, 167, 238, 272, 197, 27, 1, 30, 273, 165, 328, 425, 20, 259, 64, 451, 411, 217, 378, 149, 431, 29, 442, 193, 199, 218, 324, 471, 322, 295, 33, 430, 309, 321, 102, 36, 291, 381, 231, 426, 196, 3, 132, 293, 345, 278, 209, 152, 37, 330, 420, 336, 67, 201, 162, 110, 204, 10, 154, 122, 427, 358, 252, 55, 223, 369, 184, 332, 9, 179, 13, 310, 120, 22, 18, 31, 439, 72, 96, 298, 428, 134, 49, 153, 364, 463, 416, 46, 387, 79, 112, 448, 404, 350, 253, 422, 224, 318, 360, 229, 453, 450, 402, 150, 443, 265, 99, 458, 289, 106, 361, 136, 260, 235, 368, 379, 307, 215, 187, 255, 396, 306, 346, 371, 43, 467, 347, 178, 319, 210, 325, 382, 233, 83, 203, 320, 266, 263, 456, 316, 239, 311, 277, 103, 400, 434, 66, 292, 377, 446, 109, 386, 156, 384, 185, 12, 301, 230, 11, 335, 159, 135, 264, 246, 242, 275, 256, 303, 363, 268, 445, 343, 413, 142, 123, 257, 7, 44, 100, 271, 202, 349, 415, 449, 5, 126, 65, 129, 163, 258, 462, 410, 151, 21, 63, 460, 337, 296, 280, 50, 158, 407, 121, 119, 74, 115, 105, 237, 45, 177, 124, 35, 341, 76, 299, 205, 274, 313, 282, 429, 355, 40, 440, 285, 133, 189, 397, 247, 143, 236, 173, 212, 391, 267, 32, 53, 94, 329, 225, 146, 80, 219, 468, 370, 70, 454, 406, 25, 192, 338, 304, 90, 317, 226, 359, 190, 269, 251, 356, 249, 141, 4, 436, 461, 290, 459, 198, 166, 87, 82, 432, 389, 128, 195, 435, 380, 331, 419, 348, 174, 84, 47, 276, 414, 270, 221, 68, 117, 180, 200, 339, 464, 171, 56, 175, 140, 308, 403, 2, 437, 394, 86, 473, 164, 375, 245, 405, 455, 57, 88, 147, 139, 168, 465, 95, 14, 145, 354, 433, 54, 60, 417, 92, 393, 287, 78, 441, 93, 19, 297, 108, 207, 118, 182, 176, 261]
og index list energy: 146912723.91339916
index list: [234, 250, 303, 301, 227, 30, 453, 426, 206, 365, 20, 448, 19, 25, 461, 320, 58, 54, 359, 243, 342, 158, 435, 32, 2, 396, 149, 188, 24, 66, 11, 462, 259, 375, 287, 119, 371, 155, 117, 350, 229, 422, 96, 167, 297, 142, 67, 436, 50, 440, 27, 244, 420, 413, 294, 44, 108, 72, 97, 286, 263, 80, 253, 151, 170, 351, 147, 394, 165, 291, 116, 164, 169, 395, 16, 258, 341, 160, 451, 225, 344, 53, 105, 388, 29, 336, 459, 236, 195, 402, 180, 254, 49, 302, 81, 126, 385, 241, 339, 33, 466, 34, 8, 184, 364, 421, 430, 194, 189, 352, 192, 400, 219, 176, 35, 15, 460, 335, 415, 196, 391, 280, 71, 418, 64, 265, 218, 118, 154, 370, 307, 216, 95, 113, 3, 179, 124, 313, 129, 156, 278, 78, 148, 454, 332, 246, 315, 292, 166, 125, 135, 358, 268, 411, 304, 178, 185, 85, 13, 439, 369, 271, 228, 331, 427, 340, 237, 256, 326, 284, 463, 384, 211, 9, 349, 51, 290, 111, 214, 378, 28, 86, 204, 233, 213, 127, 416, 202, 68, 52, 91, 90, 134, 296, 472, 438, 201, 190, 197, 360, 133, 346, 121, 12, 73, 146, 10, 469, 46, 251, 406, 444, 362, 455, 4, 191, 5, 208, 0, 288, 23, 163, 308, 264, 373, 276, 102, 182, 273, 282, 390, 100, 377, 159, 324, 316, 414, 321, 465, 449, 382, 186, 348, 333, 367, 131, 325, 305, 239, 314, 281, 205, 471, 48, 279, 410, 198, 168, 6, 429, 187, 366, 357, 207, 200, 249, 398, 114, 217, 376, 79, 89, 60, 92, 380, 130, 347, 372, 82, 83, 441, 289, 98, 334, 445, 450, 37, 337, 199, 210, 431, 446, 457, 404, 183, 40, 215, 275, 443, 267, 26, 353, 473, 152, 231, 145, 161, 232, 248, 447, 55, 141, 230, 464, 42, 59, 381, 270, 153, 45, 306, 223, 458, 222, 261, 423, 1, 300, 226, 31, 172, 41, 224, 424, 252, 181, 328, 383, 392, 70, 61, 77, 433, 437, 138, 137, 150, 115, 356, 75, 355, 247, 112, 368, 432, 173, 84, 434, 175, 295, 393, 99, 470, 221, 412, 76, 107, 311, 260, 338, 330, 132, 38, 387, 93, 122, 467, 22, 401, 452, 177, 468, 36, 403, 212, 456, 283, 101, 329, 171, 327, 272, 298, 174, 310, 245, 109, 106, 269, 397, 409, 274, 262, 39, 354, 379, 389, 257, 18, 255, 209, 14, 386, 405, 56, 425, 7, 47, 345, 62, 428, 110, 442, 123, 65, 128, 407, 266, 277, 343, 361, 293, 74, 299, 220, 103, 140, 323, 317, 399, 136, 238, 162, 193, 139, 144, 69, 57, 417, 322, 17, 120, 309, 43, 21, 235, 143, 87, 63, 88, 157, 374, 203, 408, 94, 240, 419, 312, 242, 319, 363, 318, 285, 104]
index list energy: 1619760.2605151583
Done




program ended at: 2019-12-11 20:17:55.567733 
 time delta: 4 days, 23:50:00.013629
