## SLURM PROLOG ###############################################################
##    Job ID : 9199651
##  Job Name : five_day_runs
##  Nodelist : node1148
##      CPUs : 1
##  Mem/Node : 1024 MB
## Directory : /gpfs/data/nfawzi/skale/Fawzi_pycharm_project
##   Started : Fri Dec  6 20:27:55 EST 2019
###############################################################################
program started at:2019-12-06 20:27:55.323241
iterations: 5000000000 temp: 1000000.0 exponent: 0.7 eif: 300.0
time taken (sec): 392737.14521956444
number of iterations: 5000000000
final temperature: 191.58123138056612
og index list: [44, 93, 383, 182, 401, 51, 363, 263, 149, 368, 185, 316, 94, 244, 309, 285, 31, 247, 89, 190, 271, 80, 46, 62, 385, 165, 374, 47, 348, 381, 23, 295, 123, 409, 171, 445, 100, 279, 147, 145, 133, 204, 231, 410, 302, 220, 300, 438, 362, 183, 317, 387, 397, 324, 181, 252, 424, 143, 270, 451, 73, 122, 164, 215, 426, 352, 289, 310, 43, 282, 351, 337, 281, 345, 108, 240, 179, 14, 155, 269, 395, 18, 307, 394, 291, 34, 175, 151, 217, 398, 3, 403, 290, 187, 95, 441, 186, 258, 106, 45, 11, 358, 435, 335, 65, 377, 30, 241, 50, 17, 191, 127, 124, 446, 96, 405, 189, 167, 357, 118, 334, 278, 467, 277, 206, 154, 233, 112, 193, 194, 299, 201, 41, 343, 323, 131, 75, 26, 28, 24, 48, 170, 228, 68, 212, 59, 64, 103, 91, 52, 305, 208, 346, 101, 110, 253, 419, 81, 268, 222, 19, 452, 69, 105, 200, 49, 229, 1, 63, 321, 425, 407, 198, 466, 353, 344, 360, 102, 223, 473, 428, 280, 404, 331, 418, 447, 56, 176, 224, 393, 138, 130, 109, 359, 284, 356, 197, 12, 218, 306, 251, 276, 332, 308, 163, 292, 5, 462, 347, 257, 396, 211, 262, 79, 287, 464, 134, 0, 266, 442, 7, 25, 150, 121, 326, 313, 472, 386, 156, 373, 184, 71, 87, 420, 248, 463, 366, 169, 132, 237, 301, 341, 286, 13, 382, 21, 274, 400, 288, 273, 315, 70, 243, 39, 57, 469, 364, 219, 99, 415, 443, 375, 153, 126, 340, 303, 454, 339, 178, 78, 440, 471, 209, 85, 113, 470, 107, 427, 265, 202, 411, 255, 246, 329, 422, 192, 6, 455, 457, 120, 115, 146, 384, 421, 391, 328, 342, 354, 367, 431, 195, 174, 2, 38, 72, 83, 254, 27, 275, 97, 239, 162, 214, 86, 114, 408, 238, 260, 436, 465, 173, 221, 210, 399, 333, 199, 8, 355, 160, 256, 298, 230, 312, 412, 372, 9, 142, 267, 327, 158, 82, 297, 15, 116, 416, 67, 242, 414, 365, 20, 58, 55, 104, 152, 33, 180, 196, 294, 74, 448, 460, 336, 60, 139, 37, 129, 320, 325, 389, 236, 458, 249, 207, 177, 361, 444, 392, 4, 54, 203, 88, 439, 413, 264, 453, 272, 166, 10, 76, 226, 40, 350, 468, 157, 402, 449, 450, 296, 245, 36, 349, 42, 234, 330, 388, 417, 22, 90, 77, 111, 283, 434, 227, 161, 135, 406, 29, 319, 456, 338, 379, 119, 390, 423, 128, 140, 98, 92, 304, 371, 322, 459, 430, 293, 125, 137, 144, 437, 141, 168, 250, 35, 461, 370, 148, 429, 61, 32, 432, 369, 216, 378, 433, 380, 314, 172, 159, 311, 225, 16, 53, 261, 213, 188, 232, 259, 136, 117, 205, 318, 66, 84, 235, 376]
og index list energy: 147670002.65236536
index list: [114, 315, 17, 339, 227, 30, 465, 76, 107, 301, 439, 410, 132, 38, 120, 320, 58, 54, 425, 243, 445, 158, 402, 237, 2, 16, 32, 116, 193, 345, 420, 175, 295, 389, 220, 323, 450, 221, 409, 99, 270, 421, 278, 272, 298, 226, 349, 53, 1, 433, 84, 263, 456, 329, 283, 101, 327, 223, 97, 286, 171, 205, 195, 267, 234, 461, 147, 360, 164, 142, 29, 109, 269, 40, 204, 437, 65, 128, 404, 225, 282, 418, 217, 396, 106, 313, 96, 334, 23, 431, 180, 254, 49, 73, 130, 44, 293, 438, 64, 279, 411, 229, 118, 117, 372, 407, 453, 194, 189, 462, 192, 357, 219, 176, 35, 15, 351, 209, 378, 196, 397, 119, 93, 434, 0, 403, 280, 71, 306, 307, 264, 348, 95, 113, 441, 238, 112, 42, 43, 289, 48, 159, 268, 454, 45, 104, 153, 383, 166, 125, 135, 364, 337, 302, 304, 178, 436, 57, 136, 388, 386, 271, 228, 331, 380, 457, 133, 368, 72, 382, 470, 419, 9, 201, 440, 472, 290, 111, 51, 155, 292, 246, 253, 69, 126, 81, 350, 202, 68, 52, 91, 90, 134, 296, 432, 144, 390, 151, 170, 110, 123, 422, 322, 12, 105, 369, 10, 366, 46, 251, 412, 379, 359, 376, 4, 191, 5, 148, 157, 56, 245, 257, 18, 256, 255, 375, 127, 87, 63, 332, 427, 100, 374, 169, 3, 316, 59, 395, 333, 435, 262, 186, 346, 47, 451, 131, 325, 305, 239, 314, 281, 250, 165, 310, 343, 174, 198, 361, 50, 460, 122, 391, 363, 207, 200, 249, 392, 27, 211, 447, 79, 89, 60, 467, 347, 62, 468, 444, 82, 83, 288, 37, 371, 244, 416, 430, 197, 190, 199, 210, 341, 94, 240, 373, 214, 183, 215, 275, 398, 88, 408, 405, 231, 152, 145, 342, 161, 232, 248, 471, 55, 141, 22, 455, 39, 129, 156, 297, 167, 67, 143, 233, 41, 458, 300, 274, 344, 241, 446, 36, 172, 252, 224, 442, 146, 181, 328, 406, 423, 385, 324, 294, 414, 168, 321, 473, 393, 98, 365, 464, 26, 11, 452, 259, 187, 291, 340, 338, 260, 330, 466, 273, 266, 277, 367, 362, 377, 336, 206, 20, 358, 19, 25, 354, 449, 13, 356, 208, 415, 184, 177, 381, 14, 34, 33, 370, 443, 92, 258, 66, 149, 424, 236, 230, 413, 309, 163, 308, 287, 265, 448, 121, 154, 399, 218, 216, 463, 335, 212, 387, 115, 352, 247, 401, 75, 137, 150, 80, 70, 138, 77, 61, 426, 85, 78, 417, 222, 261, 353, 284, 326, 469, 74, 299, 108, 124, 213, 429, 86, 188, 303, 24, 311, 173, 160, 162, 140, 103, 139, 179, 394, 6, 317, 8, 21, 235, 7, 459, 102, 276, 182, 384, 203, 400, 28, 355, 428, 312, 242, 319, 285, 318, 185, 31]
index list energy: 1604206.4101832055
Done




program ended at: 2019-12-11 20:17:55.372655 
 time delta: 4 days, 23:50:00.049414
