## SLURM PROLOG ###############################################################
##    Job ID : 9199676
##  Job Name : five_day_runs
##  Nodelist : node1107
##      CPUs : 1
##  Mem/Node : 1024 MB
## Directory : /gpfs/data/nfawzi/skale/Fawzi_pycharm_project
##   Started : Fri Dec  6 20:28:27 EST 2019
###############################################################################
program started at:2019-12-06 20:28:27.701330
iterations: 5000000000 temp: 1000000.0 exponent: 0.7 eif: 300.0
time taken (sec): 359343.8199119568
number of iterations: 5000000000
final temperature: 191.58123138056612
og index list: [53, 380, 374, 400, 453, 144, 442, 80, 193, 10, 299, 196, 257, 348, 65, 84, 265, 35, 11, 357, 138, 373, 205, 345, 18, 149, 412, 202, 161, 28, 243, 21, 465, 1, 449, 42, 176, 227, 386, 34, 109, 43, 131, 361, 66, 165, 413, 63, 387, 435, 406, 422, 155, 183, 224, 87, 206, 300, 329, 208, 368, 64, 59, 152, 164, 407, 142, 434, 62, 38, 110, 463, 185, 178, 448, 9, 294, 352, 281, 428, 346, 372, 253, 367, 215, 254, 415, 184, 57, 190, 388, 67, 273, 306, 391, 268, 473, 214, 44, 460, 120, 126, 298, 316, 127, 331, 421, 153, 364, 313, 349, 335, 333, 101, 376, 425, 15, 325, 235, 242, 321, 251, 295, 278, 272, 393, 45, 378, 0, 270, 92, 128, 239, 77, 23, 150, 392, 179, 259, 102, 175, 311, 314, 337, 436, 76, 231, 344, 462, 116, 121, 280, 418, 210, 13, 420, 450, 204, 379, 90, 282, 237, 162, 81, 160, 31, 219, 338, 283, 124, 292, 213, 111, 199, 304, 468, 328, 112, 130, 297, 94, 271, 97, 347, 248, 444, 220, 405, 375, 260, 336, 157, 246, 222, 427, 426, 72, 108, 234, 55, 408, 233, 147, 33, 39, 390, 441, 106, 288, 240, 330, 197, 134, 398, 439, 269, 163, 115, 156, 433, 200, 114, 32, 146, 256, 451, 371, 117, 310, 452, 397, 132, 159, 16, 250, 71, 30, 332, 359, 404, 385, 430, 171, 232, 307, 19, 143, 440, 187, 334, 192, 107, 96, 461, 276, 170, 264, 456, 145, 75, 355, 54, 353, 317, 454, 472, 119, 315, 140, 394, 201, 177, 70, 50, 445, 464, 125, 191, 287, 417, 93, 308, 247, 20, 424, 51, 249, 303, 458, 258, 343, 113, 85, 186, 262, 466, 74, 41, 216, 172, 198, 351, 389, 12, 309, 139, 290, 320, 229, 166, 323, 429, 236, 79, 48, 296, 252, 382, 275, 4, 326, 91, 168, 358, 100, 82, 203, 377, 78, 5, 365, 366, 360, 318, 188, 174, 312, 73, 137, 285, 46, 133, 362, 136, 401, 181, 27, 416, 37, 279, 207, 431, 209, 189, 419, 212, 14, 363, 105, 319, 238, 396, 384, 122, 86, 354, 154, 167, 467, 447, 25, 245, 88, 218, 52, 230, 438, 266, 36, 409, 274, 99, 261, 58, 244, 89, 83, 293, 423, 327, 302, 411, 437, 223, 49, 47, 148, 158, 383, 470, 123, 228, 56, 356, 342, 103, 457, 455, 322, 402, 194, 98, 24, 399, 195, 217, 17, 369, 301, 370, 3, 277, 141, 286, 305, 68, 60, 263, 8, 226, 432, 7, 267, 104, 446, 22, 221, 241, 40, 340, 129, 211, 173, 341, 350, 469, 459, 381, 180, 151, 289, 324, 284, 61, 2, 29, 410, 395, 169, 26, 118, 69, 6, 95, 414, 225, 135, 255, 339, 443, 291, 182, 471, 403]
og index list energy: 70312513.99538241
index list: [234, 250, 17, 184, 322, 30, 433, 76, 260, 330, 338, 259, 119, 118, 339, 320, 292, 117, 64, 229, 385, 171, 471, 32, 2, 440, 151, 170, 252, 224, 443, 146, 230, 236, 420, 22, 365, 386, 173, 99, 270, 391, 278, 272, 298, 226, 405, 213, 72, 452, 274, 263, 380, 455, 314, 281, 239, 50, 97, 286, 244, 336, 195, 341, 116, 349, 243, 431, 187, 291, 86, 165, 169, 445, 199, 209, 429, 160, 404, 223, 427, 400, 93, 366, 29, 109, 188, 313, 193, 162, 180, 370, 67, 41, 39, 44, 293, 407, 101, 283, 329, 249, 33, 399, 406, 344, 207, 200, 210, 345, 414, 412, 219, 176, 35, 15, 371, 335, 401, 196, 189, 6, 456, 363, 342, 264, 280, 71, 447, 387, 136, 70, 10, 123, 47, 158, 315, 106, 43, 108, 231, 145, 141, 73, 45, 113, 153, 461, 166, 125, 181, 328, 74, 393, 49, 179, 185, 159, 91, 377, 421, 271, 228, 331, 334, 428, 426, 120, 7, 423, 350, 201, 9, 422, 468, 247, 192, 21, 362, 214, 28, 246, 58, 96, 211, 127, 464, 202, 68, 52, 135, 90, 134, 142, 384, 398, 374, 4, 191, 402, 295, 175, 323, 12, 105, 459, 59, 332, 346, 238, 218, 356, 358, 418, 14, 352, 255, 56, 133, 1, 245, 82, 126, 81, 359, 302, 353, 27, 102, 282, 379, 100, 392, 48, 3, 316, 473, 233, 378, 340, 31, 186, 361, 333, 122, 131, 325, 305, 307, 257, 216, 205, 164, 296, 130, 348, 198, 437, 54, 256, 18, 395, 430, 208, 155, 51, 442, 114, 144, 469, 79, 89, 60, 408, 369, 62, 460, 36, 397, 13, 124, 254, 24, 327, 390, 470, 194, 337, 197, 190, 413, 457, 237, 425, 183, 40, 215, 275, 462, 16, 394, 300, 415, 235, 279, 301, 351, 107, 132, 227, 424, 110, 65, 128, 355, 95, 55, 382, 220, 221, 303, 112, 454, 222, 261, 441, 42, 53, 288, 204, 172, 289, 453, 290, 304, 178, 347, 416, 381, 383, 324, 294, 396, 168, 321, 410, 446, 98, 389, 411, 26, 11, 465, 87, 417, 310, 174, 262, 354, 0, 357, 273, 266, 277, 409, 466, 438, 23, 206, 20, 403, 19, 25, 444, 84, 372, 343, 269, 38, 472, 177, 419, 5, 388, 326, 284, 267, 448, 449, 66, 149, 167, 94, 240, 360, 309, 163, 287, 265, 212, 435, 121, 154, 434, 225, 458, 368, 232, 248, 161, 152, 46, 450, 439, 75, 137, 150, 80, 115, 138, 77, 61, 467, 85, 78, 436, 37, 148, 157, 375, 143, 63, 88, 111, 268, 92, 241, 367, 317, 297, 129, 156, 308, 253, 139, 306, 69, 432, 217, 83, 34, 251, 299, 8, 318, 147, 57, 463, 258, 276, 182, 364, 203, 373, 103, 140, 376, 312, 242, 319, 451, 311, 285, 104]
index list energy: 1647708.2733692855
Done




program ended at: 2019-12-11 20:18:27.711835 
 time delta: 4 days, 23:50:00.010505
