## SLURM PROLOG ###############################################################
##    Job ID : 9199622
##  Job Name : five_day_runs
##  Nodelist : node1111
##      CPUs : 1
##  Mem/Node : 1024 MB
## Directory : /gpfs/data/nfawzi/skale/Fawzi_pycharm_project
##   Started : Fri Dec  6 20:28:55 EST 2019
###############################################################################
program started at:2019-12-06 20:28:55.589605
iterations: 5000000000 temp: 1000000.0 exponent: 0.7 eif: 300.0
time taken (sec): 357414.4522738457
number of iterations: 5000000000
final temperature: 191.58123138056612
og index list: [439, 131, 59, 246, 106, 348, 440, 372, 216, 193, 252, 69, 176, 269, 1, 296, 411, 104, 268, 114, 164, 271, 34, 228, 170, 135, 177, 60, 55, 279, 85, 23, 5, 4, 3, 333, 132, 122, 458, 383, 362, 467, 28, 196, 330, 363, 203, 273, 355, 35, 208, 139, 394, 213, 149, 291, 175, 233, 12, 231, 277, 245, 48, 84, 151, 200, 189, 344, 190, 6, 21, 43, 409, 431, 464, 41, 472, 359, 367, 39, 240, 310, 340, 219, 320, 27, 167, 423, 345, 202, 157, 115, 445, 31, 399, 328, 347, 384, 297, 112, 180, 227, 179, 162, 322, 274, 67, 127, 266, 90, 446, 453, 435, 102, 188, 422, 264, 199, 163, 218, 403, 341, 282, 466, 247, 242, 418, 49, 413, 215, 158, 234, 101, 248, 250, 430, 237, 393, 120, 444, 295, 182, 206, 284, 375, 455, 61, 325, 66, 267, 33, 374, 308, 292, 429, 254, 255, 136, 44, 91, 424, 232, 52, 195, 371, 126, 155, 401, 381, 427, 172, 40, 77, 178, 10, 15, 263, 258, 222, 462, 323, 147, 388, 150, 471, 244, 309, 9, 32, 397, 119, 392, 103, 121, 191, 342, 217, 468, 146, 256, 74, 261, 95, 376, 415, 465, 19, 352, 343, 378, 75, 18, 377, 70, 357, 275, 356, 251, 398, 56, 24, 63, 62, 88, 125, 11, 185, 332, 406, 469, 428, 36, 448, 76, 192, 243, 0, 421, 259, 324, 351, 389, 148, 144, 253, 452, 432, 321, 154, 326, 2, 16, 286, 313, 365, 87, 13, 156, 98, 229, 410, 334, 339, 441, 353, 265, 143, 109, 318, 420, 123, 307, 304, 305, 153, 57, 214, 198, 78, 239, 133, 226, 335, 105, 301, 26, 86, 438, 159, 470, 111, 107, 262, 391, 293, 100, 289, 171, 211, 425, 137, 110, 436, 306, 316, 312, 128, 20, 449, 412, 46, 400, 405, 238, 138, 187, 241, 97, 373, 205, 230, 38, 336, 82, 58, 53, 186, 385, 209, 181, 442, 350, 7, 45, 73, 288, 294, 212, 370, 331, 257, 364, 287, 317, 68, 460, 142, 51, 50, 280, 337, 201, 183, 382, 437, 402, 285, 361, 463, 461, 473, 329, 89, 360, 454, 140, 369, 25, 358, 220, 366, 124, 169, 260, 434, 14, 396, 302, 451, 380, 456, 65, 94, 173, 278, 117, 37, 54, 79, 42, 327, 116, 303, 315, 118, 99, 207, 130, 390, 204, 223, 281, 354, 17, 272, 407, 419, 236, 141, 414, 426, 311, 368, 64, 71, 108, 379, 72, 92, 270, 129, 83, 314, 47, 298, 338, 290, 166, 221, 457, 404, 416, 80, 22, 145, 93, 210, 197, 152, 283, 29, 395, 450, 235, 447, 184, 386, 113, 224, 30, 346, 134, 276, 349, 443, 408, 319, 299, 96, 165, 249, 168, 174, 194, 161, 225, 81, 8, 387, 300, 433, 459, 417, 160]
og index list energy: 132960686.98333311
index list: [234, 205, 235, 301, 227, 30, 370, 76, 107, 132, 330, 260, 217, 338, 307, 320, 195, 452, 419, 210, 249, 33, 366, 32, 2, 329, 237, 116, 369, 295, 352, 175, 323, 448, 173, 119, 118, 155, 117, 64, 229, 445, 460, 167, 297, 142, 96, 402, 28, 472, 27, 244, 397, 373, 209, 31, 424, 50, 97, 286, 263, 106, 23, 267, 216, 450, 243, 431, 187, 291, 246, 164, 169, 358, 199, 48, 440, 403, 327, 223, 412, 53, 93, 470, 29, 336, 188, 313, 259, 25, 180, 254, 49, 218, 109, 127, 63, 469, 101, 283, 417, 34, 8, 212, 351, 400, 426, 194, 189, 364, 192, 436, 219, 176, 35, 15, 377, 335, 441, 247, 75, 401, 221, 392, 292, 315, 428, 141, 371, 87, 378, 108, 124, 213, 72, 38, 303, 202, 43, 289, 432, 211, 179, 346, 45, 86, 153, 455, 166, 125, 135, 372, 337, 302, 304, 178, 427, 10, 453, 36, 461, 271, 228, 331, 454, 347, 44, 112, 7, 458, 467, 201, 9, 353, 326, 284, 290, 111, 387, 264, 280, 285, 58, 56, 54, 69, 362, 245, 68, 52, 91, 90, 134, 296, 130, 446, 122, 203, 170, 110, 47, 414, 322, 12, 105, 136, 59, 332, 405, 306, 339, 356, 444, 342, 4, 191, 14, 251, 238, 120, 220, 257, 18, 256, 255, 349, 102, 334, 273, 282, 423, 274, 262, 129, 3, 279, 381, 316, 354, 158, 171, 186, 391, 333, 380, 131, 325, 305, 239, 314, 281, 250, 165, 310, 13, 466, 198, 394, 261, 376, 230, 393, 343, 207, 200, 430, 6, 114, 162, 408, 79, 89, 60, 92, 457, 62, 365, 438, 404, 133, 123, 174, 241, 236, 399, 442, 196, 5, 190, 197, 471, 94, 344, 465, 269, 40, 215, 275, 433, 16, 367, 55, 383, 95, 73, 146, 425, 360, 26, 24, 348, 113, 451, 41, 39, 464, 99, 270, 156, 67, 143, 233, 429, 278, 300, 226, 361, 272, 298, 193, 253, 416, 224, 435, 252, 177, 355, 411, 418, 340, 324, 294, 420, 168, 321, 443, 368, 98, 407, 395, 0, 288, 51, 388, 384, 312, 341, 65, 128, 386, 42, 222, 88, 157, 439, 434, 20, 204, 206, 350, 389, 19, 447, 22, 410, 84, 382, 437, 100, 396, 181, 328, 398, 276, 473, 182, 462, 11, 258, 66, 149, 468, 183, 214, 449, 299, 163, 308, 265, 287, 406, 121, 154, 375, 46, 421, 231, 152, 145, 232, 248, 161, 456, 390, 345, 137, 150, 80, 115, 138, 422, 70, 409, 85, 61, 77, 374, 266, 277, 385, 413, 293, 160, 21, 140, 103, 357, 71, 104, 379, 78, 208, 311, 1, 139, 144, 81, 126, 82, 83, 37, 148, 309, 268, 317, 147, 57, 359, 225, 463, 151, 172, 319, 240, 242, 459, 318, 185, 415, 74, 363, 184, 17, 159]
index list energy: 1616640.1104927636
Done





program ended at: 2019-12-11 20:18:55.600580 
 time delta: 4 days, 23:50:00.010975
