## SLURM PROLOG ###############################################################
##    Job ID : 9199646
##  Job Name : five_day_runs
##  Nodelist : node1137
##      CPUs : 1
##  Mem/Node : 1024 MB
## Directory : /gpfs/data/nfawzi/skale/Fawzi_pycharm_project
##   Started : Fri Dec  6 20:27:56 EST 2019
###############################################################################
program started at:2019-12-06 20:27:56.298977
iterations: 5000000000 temp: 1000000.0 exponent: 0.7 eif: 300.0
time taken (sec): 363937.51752090454
number of iterations: 5000000000
final temperature: 191.58123138056612
og index list: [141, 406, 393, 213, 271, 201, 309, 176, 26, 62, 228, 6, 121, 95, 33, 10, 348, 198, 459, 3, 300, 152, 454, 267, 55, 340, 13, 253, 188, 195, 120, 453, 388, 73, 138, 200, 42, 133, 136, 163, 360, 242, 375, 274, 70, 173, 288, 457, 312, 71, 322, 59, 203, 222, 396, 335, 366, 277, 292, 282, 337, 423, 296, 430, 2, 14, 17, 458, 400, 413, 66, 108, 419, 373, 11, 390, 74, 145, 57, 31, 334, 34, 205, 148, 49, 179, 56, 123, 330, 219, 220, 339, 125, 257, 411, 164, 38, 149, 139, 289, 158, 262, 307, 372, 92, 204, 382, 428, 414, 166, 154, 416, 306, 146, 371, 370, 114, 233, 161, 69, 385, 297, 316, 260, 386, 363, 391, 135, 295, 155, 429, 293, 417, 23, 40, 251, 350, 8, 369, 324, 365, 128, 88, 224, 290, 134, 168, 61, 81, 249, 218, 311, 93, 22, 199, 96, 110, 211, 107, 221, 305, 54, 323, 51, 16, 244, 212, 84, 248, 420, 252, 259, 247, 387, 268, 170, 383, 76, 100, 451, 9, 442, 299, 345, 313, 280, 21, 287, 398, 225, 302, 318, 448, 362, 397, 52, 137, 381, 314, 272, 105, 250, 129, 178, 174, 85, 379, 346, 433, 12, 5, 132, 126, 399, 122, 380, 196, 143, 19, 367, 327, 472, 156, 46, 452, 194, 281, 326, 113, 236, 217, 241, 329, 182, 187, 308, 153, 368, 284, 189, 172, 407, 118, 4, 321, 471, 325, 466, 258, 418, 333, 83, 408, 167, 41, 226, 111, 99, 278, 265, 331, 37, 171, 445, 328, 319, 90, 343, 159, 63, 197, 266, 78, 270, 115, 140, 230, 389, 24, 351, 53, 460, 276, 238, 415, 310, 89, 392, 468, 15, 94, 102, 427, 184, 210, 246, 87, 441, 223, 469, 447, 286, 269, 101, 440, 97, 116, 378, 303, 1, 127, 245, 395, 426, 355, 109, 263, 119, 208, 401, 35, 261, 431, 255, 216, 207, 425, 332, 237, 106, 20, 0, 422, 359, 279, 75, 298, 434, 191, 192, 77, 291, 82, 356, 435, 186, 215, 32, 377, 376, 104, 357, 18, 264, 25, 254, 47, 117, 144, 273, 463, 45, 320, 446, 162, 160, 455, 409, 183, 304, 421, 27, 29, 193, 354, 39, 461, 342, 86, 150, 347, 352, 50, 344, 112, 384, 470, 177, 439, 64, 28, 405, 30, 283, 358, 240, 456, 301, 317, 91, 103, 231, 180, 229, 315, 165, 444, 202, 80, 7, 72, 256, 436, 285, 234, 130, 60, 450, 412, 403, 235, 353, 169, 209, 443, 190, 98, 437, 227, 67, 462, 68, 58, 374, 181, 142, 424, 214, 275, 349, 467, 404, 175, 157, 65, 438, 402, 336, 79, 131, 185, 147, 449, 432, 43, 232, 364, 410, 151, 394, 294, 338, 124, 48, 361, 465, 239, 464, 473, 206, 44, 36, 243, 341]
og index list energy: 90144837.28267372
index list: [114, 86, 327, 223, 283, 101, 466, 401, 292, 118, 64, 155, 117, 287, 265, 29, 308, 163, 389, 243, 380, 158, 346, 32, 2, 16, 150, 115, 138, 77, 444, 61, 78, 433, 129, 297, 383, 442, 67, 46, 400, 73, 146, 230, 141, 366, 171, 263, 30, 468, 57, 162, 388, 355, 236, 165, 312, 103, 140, 74, 403, 250, 36, 203, 170, 418, 335, 413, 109, 193, 104, 164, 142, 472, 5, 48, 422, 135, 81, 126, 206, 381, 302, 368, 106, 313, 377, 316, 70, 137, 180, 254, 152, 183, 38, 72, 445, 116, 44, 33, 425, 34, 8, 212, 399, 370, 452, 194, 189, 426, 192, 432, 219, 176, 35, 15, 437, 333, 359, 199, 210, 407, 467, 347, 349, 264, 280, 390, 306, 154, 153, 373, 10, 123, 375, 279, 112, 80, 147, 438, 284, 299, 179, 424, 45, 113, 461, 94, 166, 125, 181, 328, 332, 409, 49, 295, 185, 85, 13, 440, 382, 271, 228, 331, 436, 395, 237, 393, 19, 364, 455, 201, 211, 9, 423, 130, 54, 159, 253, 417, 28, 136, 53, 133, 50, 87, 465, 202, 68, 52, 91, 90, 134, 296, 345, 459, 404, 4, 191, 51, 71, 367, 121, 12, 402, 471, 59, 127, 63, 88, 157, 342, 441, 384, 76, 234, 14, 251, 238, 120, 336, 257, 18, 256, 255, 209, 3, 464, 174, 241, 453, 274, 262, 269, 242, 204, 268, 427, 196, 195, 419, 186, 387, 288, 122, 131, 325, 305, 239, 314, 281, 205, 97, 0, 376, 318, 198, 397, 6, 406, 252, 169, 431, 457, 200, 249, 340, 233, 27, 469, 79, 89, 60, 92, 329, 341, 20, 458, 448, 83, 82, 434, 148, 244, 443, 447, 37, 337, 197, 190, 430, 462, 25, 386, 31, 40, 215, 275, 379, 229, 167, 143, 421, 247, 75, 450, 156, 446, 217, 351, 93, 218, 132, 428, 235, 95, 55, 307, 220, 221, 323, 99, 270, 301, 300, 451, 222, 261, 214, 207, 1, 398, 267, 473, 304, 178, 420, 343, 321, 416, 324, 294, 354, 168, 394, 173, 378, 286, 84, 463, 26, 11, 415, 344, 187, 291, 405, 224, 449, 100, 454, 392, 216, 322, 227, 352, 107, 23, 260, 363, 259, 119, 338, 175, 330, 339, 358, 22, 396, 350, 177, 278, 371, 276, 412, 182, 357, 39, 226, 41, 298, 272, 285, 311, 310, 245, 66, 149, 258, 439, 360, 69, 372, 334, 102, 282, 353, 410, 320, 319, 240, 273, 429, 362, 62, 435, 7, 47, 110, 65, 391, 128, 414, 42, 385, 208, 408, 266, 277, 348, 460, 293, 160, 111, 108, 124, 213, 374, 317, 188, 303, 24, 161, 58, 96, 456, 145, 232, 248, 144, 139, 105, 21, 43, 315, 56, 231, 369, 225, 365, 151, 172, 470, 98, 356, 309, 361, 289, 411, 290, 326, 184, 17, 246]
index list energy: 1629354.2990713515
Done



program ended at: 2019-12-11 20:17:56.298895 
 time delta: 4 days, 23:49:59.999918
