## SLURM PROLOG ###############################################################
##    Job ID : 2089312
##  Job Name : Normal
##  Nodelist : node1156
##      CPUs : 1
##  Mem/Node : 1024 MB
## Directory : /gpfs/data/nfawzi/skale/Fawzi_pycharm_project
##   Started : Fri Jan 18 23:37:06 EST 2019
###############################################################################
iterations: 10000000 temp: 1000000.0 exponent: 0.7 eif: 300.0
time taken (sec): 976.8053708076477
number of iterations: 10000000
og index list: [(0, 4), (1, 67), (2, 63), (3, 76), (4, 57), (5, 54), (6, 43), (7, 72), (8, 36), (9, 31), (10, 64), (11, 5), (12, 39), (13, 6), (79, 7), (14, 68), (15, 65), (16, 24), (78, 45), (17, 8), (18, 9), (19, 55), (20, 32), (21, 61), (22, 30), (23, 51), (24, 48), (25, 28), (26, 13), (27, 27), (28, 42), (29, 12), (30, 33), (31, 21), (32, 77), (77, 44), (33, 56), (34, 37), (35, 22), (36, 15), (37, 1), (38, 35), (39, 16), (40, 53), (41, 70), (76, 40), (42, 17), (43, 0), (44, 34), (45, 41), (46, 60), (47, 38), (48, 2), (49, 52), (50, 78), (51, 73), (52, 23), (53, 62), (54, 18), (55, 10), (56, 50), (57, 75), (58, 66), (75, 11), (59, 69), (60, 19), (61, 74), (62, 49), (63, 79), (64, 58), (65, 29), (66, 20), (67, 46), (68, 25), (69, 26), (70, 47), (71, 71), (74, 59), (72, 14), (73, 3)]
og index list energy: 140797082.67212096
index_list: [(0, 73), (1, 0), (2, 1), (3, 2), (4, 79), (5, 72), (6, 6), (7, 7), (8, 8), (9, 9), (10, 10), (11, 11), (12, 12), (13, 13), (79, 49), (14, 14), (15, 15), (16, 16), (78, 78), (17, 17), (18, 18), (19, 19), (20, 20), (21, 21), (22, 22), (23, 23), (24, 24), (25, 25), (26, 26), (27, 27), (28, 28), (29, 29), (30, 30), (31, 31), (32, 32), (77, 76), (33, 33), (34, 34), (35, 35), (36, 36), (37, 37), (38, 38), (39, 39), (40, 40), (41, 41), (76, 77), (42, 42), (43, 43), (44, 44), (45, 45), (46, 46), (47, 47), (48, 48), (49, 75), (50, 50), (51, 51), (52, 52), (53, 53), (54, 54), (55, 55), (56, 56), (57, 57), (58, 58), (75, 74), (59, 59), (60, 60), (61, 61), (62, 62), (63, 63), (64, 64), (65, 65), (66, 66), (67, 67), (68, 68), (69, 69), (70, 70), (71, 71), (74, 4), (72, 5), (73, 3)]
index list: [73, 0, 1, 2, 79, 72, 6, 7, 8, 9, 10, 11, 12, 13, 49, 14, 15, 16, 78, 17, 18, 19, 20, 21, 22, 23, 24, 25, 26, 27, 28, 29, 30, 31, 32, 76, 33, 34, 35, 36, 37, 38, 39, 40, 41, 77, 42, 43, 44, 45, 46, 47, 48, 75, 50, 51, 52, 53, 54, 55, 56, 57, 58, 74, 59, 60, 61, 62, 63, 64, 65, 66, 67, 68, 69, 70, 71, 4, 5, 3]
index list energy: 160626.6557141353
Done


iterations: 10000000 temp: 1000000.0 exponent: 0.7 eif: 300.0
time taken (sec): 749.8084666728973
number of iterations: 10000000
og index list: [(0, 43), (1, 8), (2, 11), (3, 49), (4, 0), (5, 9), (6, 4), (7, 78), (8, 56), (9, 28), (10, 74), (11, 1), (12, 69), (13, 73), (79, 30), (14, 48), (15, 38), (16, 45), (78, 72), (17, 18), (18, 39), (19, 14), (20, 44), (21, 32), (22, 76), (23, 75), (24, 60), (25, 47), (26, 77), (27, 24), (28, 42), (29, 26), (30, 57), (31, 36), (32, 21), (77, 61), (33, 29), (34, 70), (35, 33), (36, 5), (37, 13), (38, 12), (39, 58), (40, 52), (41, 31), (76, 71), (42, 37), (43, 34), (44, 63), (45, 16), (46, 54), (47, 40), (48, 35), (49, 65), (50, 3), (51, 64), (52, 22), (53, 15), (54, 17), (55, 25), (56, 53), (57, 20), (58, 62), (75, 2), (59, 68), (60, 67), (61, 55), (62, 59), (63, 51), (64, 50), (65, 41), (66, 23), (67, 6), (68, 66), (69, 27), (70, 79), (71, 10), (74, 19), (72, 46), (73, 7)]
og index list energy: 107113597.50059108
index_list: [(0, 14), (1, 26), (2, 77), (3, 3), (4, 4), (5, 5), (6, 6), (7, 7), (8, 8), (9, 76), (10, 43), (11, 41), (12, 50), (13, 51), (79, 10), (14, 11), (15, 0), (16, 73), (78, 75), (17, 17), (18, 18), (19, 19), (20, 20), (21, 21), (22, 22), (23, 23), (24, 24), (25, 66), (26, 67), (27, 74), (28, 72), (29, 1), (30, 2), (31, 79), (32, 27), (77, 28), (33, 33), (34, 37), (35, 38), (36, 48), (37, 78), (38, 70), (39, 71), (40, 68), (41, 69), (76, 42), (42, 29), (43, 30), (44, 31), (45, 32), (46, 12), (47, 13), (48, 36), (49, 34), (50, 35), (51, 9), (52, 52), (53, 53), (54, 54), (55, 55), (56, 56), (57, 57), (58, 58), (75, 49), (59, 59), (60, 60), (61, 61), (62, 62), (63, 63), (64, 64), (65, 65), (66, 40), (67, 44), (68, 45), (69, 46), (70, 47), (71, 39), (74, 25), (72, 15), (73, 16)]
index list: [14, 26, 77, 3, 4, 5, 6, 7, 8, 76, 43, 41, 50, 51, 10, 11, 0, 73, 75, 17, 18, 19, 20, 21, 22, 23, 24, 66, 67, 74, 72, 1, 2, 79, 27, 28, 33, 37, 38, 48, 78, 70, 71, 68, 69, 42, 29, 30, 31, 32, 12, 13, 36, 34, 35, 9, 52, 53, 54, 55, 56, 57, 58, 49, 59, 60, 61, 62, 63, 64, 65, 40, 44, 45, 46, 47, 39, 25, 15, 16]
index list energy: 576220.4129834068
Done


iterations: 10000000 temp: 1000000.0 exponent: 0.7 eif: 300.0
time taken (sec): 1015.6095657348633
number of iterations: 10000000
og index list: [(0, 26), (1, 14), (2, 39), (3, 36), (4, 45), (5, 1), (6, 65), (7, 55), (8, 5), (9, 10), (10, 41), (11, 38), (12, 20), (13, 19), (79, 9), (14, 7), (15, 8), (16, 60), (78, 74), (17, 67), (18, 56), (19, 34), (20, 78), (21, 27), (22, 47), (23, 61), (24, 15), (25, 75), (26, 66), (27, 62), (28, 40), (29, 22), (30, 23), (31, 49), (32, 21), (77, 44), (33, 71), (34, 63), (35, 25), (36, 16), (37, 4), (38, 53), (39, 57), (40, 33), (41, 31), (76, 6), (42, 73), (43, 30), (44, 43), (45, 37), (46, 50), (47, 28), (48, 29), (49, 79), (50, 76), (51, 18), (52, 59), (53, 12), (54, 77), (55, 72), (56, 68), (57, 54), (58, 0), (75, 11), (59, 24), (60, 64), (61, 52), (62, 3), (63, 70), (64, 42), (65, 35), (66, 2), (67, 46), (68, 69), (69, 48), (70, 58), (71, 32), (74, 17), (72, 13), (73, 51)]
og index list energy: 83407690.81273094
index_list: [(0, 0), (1, 1), (2, 2), (3, 3), (4, 4), (5, 5), (6, 6), (7, 7), (8, 8), (9, 9), (10, 10), (11, 11), (12, 12), (13, 13), (79, 49), (14, 14), (15, 15), (16, 16), (78, 74), (17, 17), (18, 18), (19, 19), (20, 20), (21, 21), (22, 22), (23, 23), (24, 24), (25, 25), (26, 26), (27, 27), (28, 28), (29, 29), (30, 30), (31, 31), (32, 32), (77, 79), (33, 33), (34, 34), (35, 35), (36, 36), (37, 37), (38, 38), (39, 39), (40, 40), (41, 41), (76, 76), (42, 42), (43, 43), (44, 44), (45, 45), (46, 46), (47, 47), (48, 48), (49, 77), (50, 50), (51, 51), (52, 52), (53, 53), (54, 54), (55, 55), (56, 56), (57, 57), (58, 58), (75, 78), (59, 59), (60, 60), (61, 61), (62, 62), (63, 63), (64, 64), (65, 65), (66, 66), (67, 67), (68, 68), (69, 69), (70, 70), (71, 71), (74, 75), (72, 72), (73, 73)]
index list: [0, 1, 2, 3, 4, 5, 6, 7, 8, 9, 10, 11, 12, 13, 49, 14, 15, 16, 74, 17, 18, 19, 20, 21, 22, 23, 24, 25, 26, 27, 28, 29, 30, 31, 32, 79, 33, 34, 35, 36, 37, 38, 39, 40, 41, 76, 42, 43, 44, 45, 46, 47, 48, 77, 50, 51, 52, 53, 54, 55, 56, 57, 58, 78, 59, 60, 61, 62, 63, 64, 65, 66, 67, 68, 69, 70, 71, 75, 72, 73]
index list energy: 98209.82393678775
Done


iterations: 10000000 temp: 1000000.0 exponent: 0.7 eif: 300.0
time taken (sec): 910.6092994213104
number of iterations: 10000000
og index list: [(0, 54), (1, 56), (2, 13), (3, 36), (4, 55), (5, 15), (6, 19), (7, 72), (8, 27), (9, 47), (10, 5), (11, 58), (12, 71), (13, 30), (79, 62), (14, 9), (15, 11), (16, 24), (78, 43), (17, 65), (18, 2), (19, 21), (20, 63), (21, 23), (22, 28), (23, 4), (24, 12), (25, 34), (26, 45), (27, 39), (28, 6), (29, 67), (30, 3), (31, 73), (32, 50), (77, 48), (33, 53), (34, 49), (35, 17), (36, 26), (37, 78), (38, 40), (39, 57), (40, 10), (41, 25), (76, 60), (42, 31), (43, 52), (44, 69), (45, 61), (46, 64), (47, 70), (48, 33), (49, 38), (50, 66), (51, 7), (52, 32), (53, 22), (54, 75), (55, 41), (56, 51), (57, 74), (58, 1), (75, 76), (59, 35), (60, 0), (61, 8), (62, 29), (63, 18), (64, 20), (65, 46), (66, 68), (67, 79), (68, 16), (69, 14), (70, 44), (71, 37), (74, 77), (72, 59), (73, 42)]
og index list energy: 77241492.97923353
index_list: [(0, 72), (1, 1), (2, 2), (3, 3), (4, 4), (5, 5), (6, 6), (7, 7), (8, 8), (9, 9), (10, 10), (11, 11), (12, 12), (13, 13), (79, 76), (14, 14), (15, 15), (16, 16), (78, 74), (17, 17), (18, 18), (19, 19), (20, 20), (21, 21), (22, 22), (23, 23), (24, 24), (25, 25), (26, 26), (27, 27), (28, 28), (29, 29), (30, 30), (31, 31), (32, 77), (77, 42), (33, 33), (34, 34), (35, 35), (36, 36), (37, 37), (38, 38), (39, 39), (40, 40), (41, 41), (76, 71), (42, 78), (43, 43), (44, 44), (45, 45), (46, 46), (47, 47), (48, 48), (49, 75), (50, 50), (51, 51), (52, 52), (53, 53), (54, 54), (55, 55), (56, 56), (57, 57), (58, 58), (75, 49), (59, 59), (60, 60), (61, 61), (62, 62), (63, 63), (64, 64), (65, 65), (66, 66), (67, 67), (68, 68), (69, 69), (70, 70), (71, 79), (74, 32), (72, 0), (73, 73)]
index list: [72, 1, 2, 3, 4, 5, 6, 7, 8, 9, 10, 11, 12, 13, 76, 14, 15, 16, 74, 17, 18, 19, 20, 21, 22, 23, 24, 25, 26, 27, 28, 29, 30, 31, 77, 42, 33, 34, 35, 36, 37, 38, 39, 40, 41, 71, 78, 43, 44, 45, 46, 47, 48, 75, 50, 51, 52, 53, 54, 55, 56, 57, 58, 49, 59, 60, 61, 62, 63, 64, 65, 66, 67, 68, 69, 70, 79, 32, 0, 73]
index list energy: 116274.79190342824
Done


iterations: 10000000 temp: 1000000.0 exponent: 0.7 eif: 300.0
time taken (sec): 993.9832763671875
number of iterations: 10000000
og index list: [(0, 14), (1, 39), (2, 6), (3, 2), (4, 12), (5, 52), (6, 40), (7, 32), (8, 47), (9, 19), (10, 41), (11, 23), (12, 8), (13, 15), (79, 31), (14, 35), (15, 9), (16, 43), (78, 71), (17, 79), (18, 64), (19, 44), (20, 0), (21, 57), (22, 24), (23, 10), (24, 69), (25, 59), (26, 28), (27, 7), (28, 1), (29, 18), (30, 58), (31, 30), (32, 68), (77, 17), (33, 73), (34, 26), (35, 65), (36, 4), (37, 48), (38, 5), (39, 54), (40, 22), (41, 25), (76, 45), (42, 76), (43, 75), (44, 46), (45, 62), (46, 63), (47, 3), (48, 50), (49, 34), (50, 61), (51, 60), (52, 13), (53, 29), (54, 55), (55, 21), (56, 74), (57, 33), (58, 66), (75, 20), (59, 77), (60, 67), (61, 42), (62, 72), (63, 70), (64, 11), (65, 53), (66, 27), (67, 49), (68, 51), (69, 38), (70, 16), (71, 36), (74, 78), (72, 37), (73, 56)]
og index list energy: 111434488.63769063
index_list: [(0, 0), (1, 1), (2, 2), (3, 3), (4, 4), (5, 5), (6, 6), (7, 7), (8, 8), (9, 9), (10, 10), (11, 11), (12, 12), (13, 13), (79, 79), (14, 14), (15, 15), (16, 16), (78, 75), (17, 17), (18, 18), (19, 19), (20, 20), (21, 21), (22, 22), (23, 23), (24, 24), (25, 25), (26, 26), (27, 27), (28, 28), (29, 29), (30, 30), (31, 31), (32, 32), (77, 77), (33, 33), (34, 34), (35, 35), (36, 36), (37, 37), (38, 38), (39, 39), (40, 40), (41, 41), (76, 78), (42, 42), (43, 43), (44, 44), (45, 45), (46, 46), (47, 47), (48, 48), (49, 74), (50, 50), (51, 51), (52, 52), (53, 53), (54, 54), (55, 55), (56, 56), (57, 57), (58, 58), (75, 49), (59, 59), (60, 60), (61, 61), (62, 62), (63, 63), (64, 64), (65, 65), (66, 66), (67, 67), (68, 68), (69, 69), (70, 70), (71, 71), (74, 76), (72, 72), (73, 73)]
index list: [0, 1, 2, 3, 4, 5, 6, 7, 8, 9, 10, 11, 12, 13, 79, 14, 15, 16, 75, 17, 18, 19, 20, 21, 22, 23, 24, 25, 26, 27, 28, 29, 30, 31, 32, 77, 33, 34, 35, 36, 37, 38, 39, 40, 41, 78, 42, 43, 44, 45, 46, 47, 48, 74, 50, 51, 52, 53, 54, 55, 56, 57, 58, 49, 59, 60, 61, 62, 63, 64, 65, 66, 67, 68, 69, 70, 71, 76, 72, 73]
index list energy: 98209.82393678775
Done


iterations: 10000000 temp: 1000000.0 exponent: 0.7 eif: 300.0
time taken (sec): 1004.7536907196045
number of iterations: 10000000
og index list: [(0, 38), (1, 74), (2, 52), (3, 14), (4, 50), (5, 59), (6, 62), (7, 61), (8, 7), (9, 76), (10, 27), (11, 30), (12, 66), (13, 32), (79, 79), (14, 44), (15, 34), (16, 48), (78, 63), (17, 64), (18, 51), (19, 13), (20, 25), (21, 43), (22, 20), (23, 60), (24, 28), (25, 72), (26, 55), (27, 41), (28, 10), (29, 21), (30, 18), (31, 53), (32, 0), (77, 26), (33, 58), (34, 71), (35, 29), (36, 75), (37, 11), (38, 70), (39, 78), (40, 40), (41, 35), (76, 39), (42, 69), (43, 46), (44, 31), (45, 22), (46, 68), (47, 12), (48, 37), (49, 5), (50, 67), (51, 17), (52, 57), (53, 6), (54, 3), (55, 45), (56, 73), (57, 77), (58, 47), (75, 24), (59, 19), (60, 54), (61, 4), (62, 9), (63, 49), (64, 36), (65, 16), (66, 2), (67, 23), (68, 8), (69, 33), (70, 56), (71, 65), (74, 42), (72, 15), (73, 1)]
og index list energy: 95845455.11586183
index_list: [(0, 0), (1, 1), (2, 2), (3, 3), (4, 4), (5, 5), (6, 6), (7, 7), (8, 8), (9, 9), (10, 10), (11, 11), (12, 12), (13, 13), (79, 77), (14, 14), (15, 15), (16, 16), (78, 75), (17, 17), (18, 18), (19, 19), (20, 20), (21, 21), (22, 22), (23, 23), (24, 24), (25, 25), (26, 26), (27, 27), (28, 28), (29, 29), (30, 30), (31, 31), (32, 32), (77, 79), (33, 33), (34, 34), (35, 35), (36, 36), (37, 37), (38, 38), (39, 39), (40, 40), (41, 41), (76, 78), (42, 42), (43, 43), (44, 44), (45, 45), (46, 46), (47, 47), (48, 48), (49, 74), (50, 50), (51, 51), (52, 52), (53, 53), (54, 54), (55, 55), (56, 56), (57, 57), (58, 58), (75, 49), (59, 59), (60, 60), (61, 61), (62, 62), (63, 63), (64, 64), (65, 65), (66, 66), (67, 67), (68, 68), (69, 69), (70, 70), (71, 71), (74, 76), (72, 72), (73, 73)]
index list: [0, 1, 2, 3, 4, 5, 6, 7, 8, 9, 10, 11, 12, 13, 77, 14, 15, 16, 75, 17, 18, 19, 20, 21, 22, 23, 24, 25, 26, 27, 28, 29, 30, 31, 32, 79, 33, 34, 35, 36, 37, 38, 39, 40, 41, 78, 42, 43, 44, 45, 46, 47, 48, 74, 50, 51, 52, 53, 54, 55, 56, 57, 58, 49, 59, 60, 61, 62, 63, 64, 65, 66, 67, 68, 69, 70, 71, 76, 72, 73]
index list energy: 98209.82393678775
Done


iterations: 10000000 temp: 1000000.0 exponent: 0.7 eif: 300.0
time taken (sec): 996.2802865505219
number of iterations: 10000000
og index list: [(0, 11), (1, 34), (2, 72), (3, 12), (4, 79), (5, 52), (6, 47), (7, 73), (8, 18), (9, 21), (10, 69), (11, 39), (12, 15), (13, 40), (79, 48), (14, 68), (15, 14), (16, 3), (78, 42), (17, 31), (18, 0), (19, 19), (20, 23), (21, 6), (22, 74), (23, 67), (24, 35), (25, 76), (26, 27), (27, 41), (28, 24), (29, 50), (30, 36), (31, 26), (32, 60), (77, 66), (33, 29), (34, 62), (35, 57), (36, 58), (37, 38), (38, 56), (39, 54), (40, 70), (41, 16), (76, 8), (42, 55), (43, 65), (44, 30), (45, 59), (46, 64), (47, 5), (48, 44), (49, 2), (50, 13), (51, 32), (52, 63), (53, 9), (54, 33), (55, 22), (56, 28), (57, 45), (58, 49), (75, 37), (59, 17), (60, 10), (61, 1), (62, 25), (63, 43), (64, 51), (65, 77), (66, 61), (67, 71), (68, 7), (69, 46), (70, 53), (71, 4), (74, 20), (72, 78), (73, 75)]
og index list energy: 109858202.3957427
index_list: [(0, 0), (1, 1), (2, 2), (3, 3), (4, 4), (5, 5), (6, 6), (7, 7), (8, 8), (9, 9), (10, 10), (11, 11), (12, 12), (13, 13), (79, 79), (14, 14), (15, 15), (16, 16), (78, 77), (17, 17), (18, 18), (19, 19), (20, 20), (21, 21), (22, 22), (23, 23), (24, 24), (25, 25), (26, 26), (27, 27), (28, 28), (29, 29), (30, 30), (31, 31), (32, 32), (77, 49), (33, 33), (34, 34), (35, 35), (36, 36), (37, 37), (38, 38), (39, 39), (40, 40), (41, 41), (76, 76), (42, 42), (43, 43), (44, 44), (45, 45), (46, 46), (47, 47), (48, 48), (49, 75), (50, 50), (51, 51), (52, 52), (53, 53), (54, 54), (55, 55), (56, 56), (57, 57), (58, 58), (75, 74), (59, 59), (60, 60), (61, 61), (62, 62), (63, 63), (64, 64), (65, 65), (66, 66), (67, 67), (68, 68), (69, 69), (70, 70), (71, 71), (74, 78), (72, 72), (73, 73)]
index list: [0, 1, 2, 3, 4, 5, 6, 7, 8, 9, 10, 11, 12, 13, 79, 14, 15, 16, 77, 17, 18, 19, 20, 21, 22, 23, 24, 25, 26, 27, 28, 29, 30, 31, 32, 49, 33, 34, 35, 36, 37, 38, 39, 40, 41, 76, 42, 43, 44, 45, 46, 47, 48, 75, 50, 51, 52, 53, 54, 55, 56, 57, 58, 74, 59, 60, 61, 62, 63, 64, 65, 66, 67, 68, 69, 70, 71, 78, 72, 73]
index list energy: 98209.82393678775
Done


iterations: 10000000 temp: 1000000.0 exponent: 0.7 eif: 300.0
time taken (sec): 869.7341637611389
number of iterations: 10000000
og index list: [(0, 25), (1, 72), (2, 1), (3, 16), (4, 50), (5, 15), (6, 2), (7, 49), (8, 54), (9, 26), (10, 39), (11, 0), (12, 66), (13, 59), (79, 40), (14, 29), (15, 73), (16, 47), (78, 62), (17, 30), (18, 75), (19, 76), (20, 56), (21, 8), (22, 68), (23, 9), (24, 17), (25, 32), (26, 21), (27, 23), (28, 20), (29, 14), (30, 36), (31, 65), (32, 37), (77, 22), (33, 19), (34, 34), (35, 6), (36, 51), (37, 7), (38, 38), (39, 27), (40, 41), (41, 10), (76, 55), (42, 69), (43, 71), (44, 24), (45, 13), (46, 58), (47, 77), (48, 4), (49, 44), (50, 52), (51, 74), (52, 43), (53, 5), (54, 63), (55, 48), (56, 61), (57, 67), (58, 45), (75, 31), (59, 57), (60, 28), (61, 64), (62, 53), (63, 60), (64, 42), (65, 78), (66, 11), (67, 33), (68, 18), (69, 46), (70, 79), (71, 70), (74, 12), (72, 35), (73, 3)]
og index list energy: 115243671.90945715
index_list: [(0, 72), (1, 1), (2, 2), (3, 3), (4, 4), (5, 5), (6, 6), (7, 7), (8, 8), (9, 9), (10, 10), (11, 11), (12, 12), (13, 13), (79, 78), (14, 14), (15, 15), (16, 16), (78, 49), (17, 17), (18, 18), (19, 19), (20, 20), (21, 21), (22, 22), (23, 23), (24, 24), (25, 25), (26, 26), (27, 27), (28, 28), (29, 29), (30, 30), (31, 31), (32, 76), (77, 42), (33, 33), (34, 34), (35, 35), (36, 36), (37, 37), (38, 38), (39, 39), (40, 40), (41, 41), (76, 71), (42, 79), (43, 43), (44, 44), (45, 45), (46, 46), (47, 47), (48, 48), (49, 74), (50, 50), (51, 51), (52, 52), (53, 53), (54, 54), (55, 55), (56, 56), (57, 57), (58, 58), (75, 77), (59, 59), (60, 60), (61, 61), (62, 62), (63, 63), (64, 64), (65, 65), (66, 66), (67, 67), (68, 68), (69, 69), (70, 70), (71, 75), (74, 32), (72, 0), (73, 73)]
index list: [72, 1, 2, 3, 4, 5, 6, 7, 8, 9, 10, 11, 12, 13, 78, 14, 15, 16, 49, 17, 18, 19, 20, 21, 22, 23, 24, 25, 26, 27, 28, 29, 30, 31, 76, 42, 33, 34, 35, 36, 37, 38, 39, 40, 41, 71, 79, 43, 44, 45, 46, 47, 48, 74, 50, 51, 52, 53, 54, 55, 56, 57, 58, 77, 59, 60, 61, 62, 63, 64, 65, 66, 67, 68, 69, 70, 75, 32, 0, 73]
index list energy: 116274.79190342824
Done


iterations: 10000000 temp: 1000000.0 exponent: 0.7 eif: 300.0
time taken (sec): 908.4855370521545
number of iterations: 10000000
og index list: [(0, 47), (1, 36), (2, 18), (3, 6), (4, 46), (5, 56), (6, 55), (7, 61), (8, 12), (9, 67), (10, 51), (11, 73), (12, 69), (13, 2), (79, 75), (14, 77), (15, 14), (16, 43), (78, 8), (17, 65), (18, 64), (19, 74), (20, 25), (21, 15), (22, 63), (23, 57), (24, 37), (25, 41), (26, 72), (27, 33), (28, 68), (29, 7), (30, 22), (31, 10), (32, 53), (77, 60), (33, 21), (34, 52), (35, 48), (36, 24), (37, 34), (38, 3), (39, 29), (40, 66), (41, 38), (76, 59), (42, 58), (43, 16), (44, 4), (45, 30), (46, 39), (47, 78), (48, 19), (49, 26), (50, 11), (51, 17), (52, 42), (53, 1), (54, 31), (55, 40), (56, 49), (57, 44), (58, 54), (75, 62), (59, 76), (60, 79), (61, 0), (62, 27), (63, 28), (64, 45), (65, 32), (66, 50), (67, 13), (68, 70), (69, 5), (70, 23), (71, 35), (74, 71), (72, 9), (73, 20)]
og index list energy: 102413804.92050844
index_list: [(0, 0), (1, 1), (2, 2), (3, 3), (4, 4), (5, 5), (6, 6), (7, 7), (8, 8), (9, 9), (10, 10), (11, 11), (12, 12), (13, 13), (79, 79), (14, 14), (15, 15), (16, 16), (78, 76), (17, 17), (18, 18), (19, 19), (20, 20), (21, 21), (22, 22), (23, 23), (24, 24), (25, 25), (26, 26), (27, 27), (28, 28), (29, 29), (30, 30), (31, 31), (32, 32), (77, 49), (33, 33), (34, 34), (35, 35), (36, 36), (37, 37), (38, 38), (39, 39), (40, 40), (41, 41), (76, 71), (42, 77), (43, 43), (44, 44), (45, 45), (46, 46), (47, 47), (48, 48), (49, 75), (50, 50), (51, 51), (52, 52), (53, 53), (54, 54), (55, 55), (56, 56), (57, 57), (58, 58), (75, 74), (59, 59), (60, 60), (61, 61), (62, 62), (63, 63), (64, 64), (65, 65), (66, 66), (67, 67), (68, 68), (69, 69), (70, 70), (71, 78), (74, 42), (72, 72), (73, 73)]
index list: [0, 1, 2, 3, 4, 5, 6, 7, 8, 9, 10, 11, 12, 13, 79, 14, 15, 16, 76, 17, 18, 19, 20, 21, 22, 23, 24, 25, 26, 27, 28, 29, 30, 31, 32, 49, 33, 34, 35, 36, 37, 38, 39, 40, 41, 71, 77, 43, 44, 45, 46, 47, 48, 75, 50, 51, 52, 53, 54, 55, 56, 57, 58, 74, 59, 60, 61, 62, 63, 64, 65, 66, 67, 68, 69, 70, 78, 42, 72, 73]
index list energy: 108070.45780373304
Done


iterations: 10000000 temp: 1000000.0 exponent: 0.7 eif: 300.0
time taken (sec): 948.6026923656464
number of iterations: 10000000
og index list: [(0, 50), (1, 41), (2, 46), (3, 32), (4, 17), (5, 42), (6, 39), (7, 26), (8, 74), (9, 19), (10, 38), (11, 22), (12, 30), (13, 65), (79, 60), (14, 56), (15, 63), (16, 11), (78, 44), (17, 35), (18, 57), (19, 25), (20, 33), (21, 72), (22, 75), (23, 73), (24, 59), (25, 31), (26, 77), (27, 2), (28, 37), (29, 48), (30, 54), (31, 78), (32, 10), (77, 5), (33, 34), (34, 29), (35, 24), (36, 49), (37, 15), (38, 3), (39, 61), (40, 4), (41, 20), (76, 40), (42, 12), (43, 71), (44, 51), (45, 55), (46, 23), (47, 13), (48, 1), (49, 18), (50, 43), (51, 14), (52, 0), (53, 70), (54, 8), (55, 16), (56, 36), (57, 62), (58, 6), (75, 47), (59, 69), (60, 27), (61, 58), (62, 7), (63, 45), (64, 68), (65, 9), (66, 53), (67, 79), (68, 28), (69, 67), (70, 64), (71, 66), (74, 76), (72, 21), (73, 52)]
og index list energy: 98886511.15815431
index_list: [(0, 0), (1, 1), (2, 2), (3, 3), (4, 4), (5, 5), (6, 6), (7, 7), (8, 8), (9, 9), (10, 10), (11, 11), (12, 12), (13, 13), (79, 49), (14, 14), (15, 15), (16, 16), (78, 74), (17, 17), (18, 18), (19, 19), (20, 20), (21, 21), (22, 22), (23, 23), (24, 24), (25, 25), (26, 26), (27, 27), (28, 28), (29, 29), (30, 30), (31, 31), (32, 32), (77, 76), (33, 33), (34, 34), (35, 35), (36, 36), (37, 37), (38, 38), (39, 39), (40, 40), (41, 41), (76, 79), (42, 42), (43, 43), (44, 44), (45, 45), (46, 46), (47, 47), (48, 48), (49, 75), (50, 50), (51, 51), (52, 52), (53, 53), (54, 54), (55, 55), (56, 56), (57, 57), (58, 58), (75, 77), (59, 59), (60, 60), (61, 61), (62, 62), (63, 63), (64, 64), (65, 65), (66, 66), (67, 67), (68, 68), (69, 69), (70, 70), (71, 71), (74, 78), (72, 72), (73, 73)]
index list: [0, 1, 2, 3, 4, 5, 6, 7, 8, 9, 10, 11, 12, 13, 49, 14, 15, 16, 74, 17, 18, 19, 20, 21, 22, 23, 24, 25, 26, 27, 28, 29, 30, 31, 32, 76, 33, 34, 35, 36, 37, 38, 39, 40, 41, 79, 42, 43, 44, 45, 46, 47, 48, 75, 50, 51, 52, 53, 54, 55, 56, 57, 58, 77, 59, 60, 61, 62, 63, 64, 65, 66, 67, 68, 69, 70, 71, 78, 72, 73]
index list energy: 98209.82393678775
Done


iterations: 10000000 temp: 1000000.0 exponent: 0.7 eif: 300.0
time taken (sec): 872.437798500061
number of iterations: 10000000
og index list: [(0, 49), (1, 18), (2, 22), (3, 3), (4, 64), (5, 43), (6, 42), (7, 77), (8, 69), (9, 51), (10, 24), (11, 17), (12, 59), (13, 55), (79, 35), (14, 65), (15, 62), (16, 25), (78, 58), (17, 1), (18, 54), (19, 31), (20, 56), (21, 63), (22, 73), (23, 52), (24, 57), (25, 26), (26, 10), (27, 8), (28, 19), (29, 66), (30, 34), (31, 50), (32, 13), (77, 46), (33, 28), (34, 68), (35, 27), (36, 36), (37, 0), (38, 12), (39, 53), (40, 39), (41, 11), (76, 75), (42, 15), (43, 20), (44, 45), (45, 47), (46, 72), (47, 44), (48, 6), (49, 70), (50, 60), (51, 74), (52, 16), (53, 37), (54, 32), (55, 5), (56, 78), (57, 30), (58, 23), (75, 41), (59, 40), (60, 38), (61, 2), (62, 71), (63, 76), (64, 33), (65, 61), (66, 67), (67, 7), (68, 4), (69, 48), (70, 79), (71, 29), (74, 21), (72, 14), (73, 9)]
og index list energy: 126511547.86103389
index_list: [(0, 72), (1, 1), (2, 2), (3, 3), (4, 4), (5, 5), (6, 6), (7, 7), (8, 8), (9, 9), (10, 10), (11, 11), (12, 12), (13, 13), (79, 49), (14, 14), (15, 15), (16, 16), (78, 75), (17, 17), (18, 18), (19, 19), (20, 20), (21, 21), (22, 22), (23, 23), (24, 24), (25, 25), (26, 26), (27, 27), (28, 28), (29, 29), (30, 30), (31, 31), (32, 32), (77, 76), (33, 33), (34, 34), (35, 35), (36, 36), (37, 37), (38, 38), (39, 77), (40, 41), (41, 79), (76, 73), (42, 78), (43, 42), (44, 43), (45, 44), (46, 45), (47, 46), (48, 48), (49, 0), (50, 50), (51, 51), (52, 52), (53, 53), (54, 54), (55, 55), (56, 56), (57, 57), (58, 58), (75, 74), (59, 59), (60, 60), (61, 61), (62, 62), (63, 63), (64, 64), (65, 65), (66, 66), (67, 67), (68, 68), (69, 69), (70, 70), (71, 71), (74, 40), (72, 47), (73, 39)]
index list: [72, 1, 2, 3, 4, 5, 6, 7, 8, 9, 10, 11, 12, 13, 49, 14, 15, 16, 75, 17, 18, 19, 20, 21, 22, 23, 24, 25, 26, 27, 28, 29, 30, 31, 32, 76, 33, 34, 35, 36, 37, 38, 77, 41, 79, 73, 78, 42, 43, 44, 45, 46, 48, 0, 50, 51, 52, 53, 54, 55, 56, 57, 58, 74, 59, 60, 61, 62, 63, 64, 65, 66, 67, 68, 69, 70, 71, 40, 47, 39]
index list energy: 162389.17126081075
Done


iterations: 10000000 temp: 1000000.0 exponent: 0.7 eif: 300.0
time taken (sec): 884.7895183563232
number of iterations: 10000000
og index list: [(0, 17), (1, 69), (2, 8), (3, 51), (4, 7), (5, 1), (6, 67), (7, 25), (8, 37), (9, 78), (10, 61), (11, 45), (12, 70), (13, 22), (79, 31), (14, 53), (15, 3), (16, 42), (78, 33), (17, 27), (18, 20), (19, 48), (20, 41), (21, 43), (22, 19), (23, 2), (24, 74), (25, 28), (26, 72), (27, 26), (28, 0), (29, 16), (30, 58), (31, 75), (32, 13), (77, 39), (33, 30), (34, 44), (35, 10), (36, 68), (37, 49), (38, 76), (39, 57), (40, 4), (41, 59), (76, 29), (42, 38), (43, 71), (44, 23), (45, 62), (46, 12), (47, 65), (48, 21), (49, 79), (50, 73), (51, 66), (52, 34), (53, 40), (54, 32), (55, 36), (56, 6), (57, 46), (58, 55), (75, 5), (59, 50), (60, 54), (61, 35), (62, 56), (63, 9), (64, 77), (65, 24), (66, 63), (67, 11), (68, 52), (69, 60), (70, 15), (71, 14), (74, 64), (72, 18), (73, 47)]
og index list energy: 94698239.28476278
index_list: [(0, 0), (1, 1), (2, 2), (3, 3), (4, 4), (5, 5), (6, 6), (7, 7), (8, 8), (9, 9), (10, 10), (11, 11), (12, 12), (13, 13), (79, 74), (14, 14), (15, 15), (16, 16), (78, 77), (17, 17), (18, 18), (19, 19), (20, 20), (21, 21), (22, 22), (23, 23), (24, 24), (25, 25), (26, 26), (27, 27), (28, 28), (29, 29), (30, 30), (31, 31), (32, 32), (77, 78), (33, 33), (34, 34), (35, 35), (36, 36), (37, 37), (38, 38), (39, 39), (40, 40), (41, 41), (76, 71), (42, 79), (43, 43), (44, 44), (45, 45), (46, 46), (47, 47), (48, 48), (49, 49), (50, 50), (51, 51), (52, 52), (53, 53), (54, 54), (55, 55), (56, 56), (57, 57), (58, 58), (75, 75), (59, 59), (60, 60), (61, 61), (62, 62), (63, 63), (64, 64), (65, 65), (66, 66), (67, 67), (68, 68), (69, 69), (70, 72), (71, 73), (74, 76), (72, 42), (73, 70)]
index list: [0, 1, 2, 3, 4, 5, 6, 7, 8, 9, 10, 11, 12, 13, 74, 14, 15, 16, 77, 17, 18, 19, 20, 21, 22, 23, 24, 25, 26, 27, 28, 29, 30, 31, 32, 78, 33, 34, 35, 36, 37, 38, 39, 40, 41, 71, 79, 43, 44, 45, 46, 47, 48, 49, 50, 51, 52, 53, 54, 55, 56, 57, 58, 75, 59, 60, 61, 62, 63, 64, 65, 66, 67, 68, 69, 72, 73, 76, 42, 70]
index list energy: 117479.76816687462
Done


iterations: 10000000 temp: 1000000.0 exponent: 0.7 eif: 300.0
time taken (sec): 908.6193780899048
number of iterations: 10000000
og index list: [(0, 60), (1, 12), (2, 29), (3, 79), (4, 58), (5, 31), (6, 7), (7, 11), (8, 28), (9, 45), (10, 71), (11, 46), (12, 57), (13, 41), (79, 30), (14, 21), (15, 76), (16, 5), (78, 14), (17, 22), (18, 63), (19, 37), (20, 8), (21, 72), (22, 36), (23, 15), (24, 75), (25, 13), (26, 73), (27, 40), (28, 56), (29, 44), (30, 48), (31, 16), (32, 4), (77, 50), (33, 52), (34, 62), (35, 1), (36, 47), (37, 67), (38, 39), (39, 42), (40, 65), (41, 69), (76, 34), (42, 32), (43, 77), (44, 2), (45, 64), (46, 53), (47, 26), (48, 6), (49, 9), (50, 59), (51, 54), (52, 27), (53, 10), (54, 70), (55, 0), (56, 20), (57, 51), (58, 68), (75, 74), (59, 38), (60, 61), (61, 23), (62, 66), (63, 3), (64, 35), (65, 33), (66, 25), (67, 24), (68, 19), (69, 43), (70, 49), (71, 17), (74, 78), (72, 18), (73, 55)]
og index list energy: 96823665.85716985
index_list: [(0, 0), (1, 1), (2, 2), (3, 3), (4, 4), (5, 5), (6, 6), (7, 7), (8, 8), (9, 9), (10, 10), (11, 11), (12, 12), (13, 13), (79, 76), (14, 14), (15, 15), (16, 16), (78, 78), (17, 17), (18, 18), (19, 19), (20, 20), (21, 21), (22, 22), (23, 23), (24, 24), (25, 25), (26, 26), (27, 27), (28, 28), (29, 29), (30, 30), (31, 31), (32, 32), (77, 75), (33, 33), (34, 34), (35, 35), (36, 36), (37, 37), (38, 38), (39, 39), (40, 40), (41, 41), (76, 49), (42, 42), (43, 43), (44, 44), (45, 45), (46, 46), (47, 47), (48, 48), (49, 74), (50, 50), (51, 51), (52, 52), (53, 53), (54, 54), (55, 55), (56, 56), (57, 57), (58, 58), (75, 79), (59, 59), (60, 60), (61, 61), (62, 62), (63, 63), (64, 64), (65, 65), (66, 66), (67, 67), (68, 68), (69, 69), (70, 70), (71, 71), (74, 77), (72, 72), (73, 73)]
index list: [0, 1, 2, 3, 4, 5, 6, 7, 8, 9, 10, 11, 12, 13, 76, 14, 15, 16, 78, 17, 18, 19, 20, 21, 22, 23, 24, 25, 26, 27, 28, 29, 30, 31, 32, 75, 33, 34, 35, 36, 37, 38, 39, 40, 41, 49, 42, 43, 44, 45, 46, 47, 48, 74, 50, 51, 52, 53, 54, 55, 56, 57, 58, 79, 59, 60, 61, 62, 63, 64, 65, 66, 67, 68, 69, 70, 71, 77, 72, 73]
index list energy: 98209.82393678775
Done


iterations: 10000000 temp: 1000000.0 exponent: 0.7 eif: 300.0
time taken (sec): 915.5122315883636
number of iterations: 10000000
og index list: [(0, 0), (1, 69), (2, 20), (3, 70), (4, 50), (5, 59), (6, 12), (7, 72), (8, 32), (9, 8), (10, 7), (11, 49), (12, 34), (13, 19), (79, 9), (14, 22), (15, 10), (16, 76), (78, 30), (17, 68), (18, 39), (19, 4), (20, 57), (21, 44), (22, 28), (23, 16), (24, 1), (25, 25), (26, 47), (27, 77), (28, 41), (29, 60), (30, 6), (31, 45), (32, 33), (77, 42), (33, 54), (34, 27), (35, 26), (36, 23), (37, 17), (38, 48), (39, 5), (40, 18), (41, 3), (76, 79), (42, 61), (43, 21), (44, 38), (45, 58), (46, 56), (47, 71), (48, 11), (49, 40), (50, 66), (51, 2), (52, 43), (53, 24), (54, 52), (55, 65), (56, 31), (57, 14), (58, 75), (75, 46), (59, 15), (60, 73), (61, 78), (62, 37), (63, 13), (64, 53), (65, 29), (66, 74), (67, 36), (68, 51), (69, 63), (70, 67), (71, 55), (74, 35), (72, 62), (73, 64)]
og index list energy: 97695358.10571472
index_list: [(0, 0), (1, 1), (2, 2), (3, 3), (4, 4), (5, 5), (6, 6), (7, 7), (8, 8), (9, 9), (10, 10), (11, 11), (12, 12), (13, 13), (79, 77), (14, 14), (15, 15), (16, 16), (78, 74), (17, 17), (18, 18), (19, 19), (20, 20), (21, 21), (22, 22), (23, 23), (24, 24), (25, 25), (26, 26), (27, 27), (28, 28), (29, 29), (30, 30), (31, 31), (32, 32), (77, 78), (33, 33), (34, 34), (35, 35), (36, 36), (37, 37), (38, 38), (39, 39), (40, 40), (41, 41), (76, 76), (42, 42), (43, 43), (44, 44), (45, 45), (46, 46), (47, 47), (48, 48), (49, 75), (50, 50), (51, 51), (52, 52), (53, 53), (54, 54), (55, 55), (56, 56), (57, 57), (58, 58), (75, 49), (59, 59), (60, 60), (61, 61), (62, 62), (63, 63), (64, 64), (65, 65), (66, 66), (67, 67), (68, 68), (69, 69), (70, 70), (71, 71), (74, 79), (72, 72), (73, 73)]
index list: [0, 1, 2, 3, 4, 5, 6, 7, 8, 9, 10, 11, 12, 13, 77, 14, 15, 16, 74, 17, 18, 19, 20, 21, 22, 23, 24, 25, 26, 27, 28, 29, 30, 31, 32, 78, 33, 34, 35, 36, 37, 38, 39, 40, 41, 76, 42, 43, 44, 45, 46, 47, 48, 75, 50, 51, 52, 53, 54, 55, 56, 57, 58, 49, 59, 60, 61, 62, 63, 64, 65, 66, 67, 68, 69, 70, 71, 79, 72, 73]
index list energy: 98209.82393678775
Done


iterations: 10000000 temp: 1000000.0 exponent: 0.7 eif: 300.0
time taken (sec): 832.449955701828
number of iterations: 10000000
og index list: [(0, 39), (1, 22), (2, 54), (3, 72), (4, 9), (5, 35), (6, 73), (7, 31), (8, 1), (9, 28), (10, 40), (11, 23), (12, 43), (13, 78), (79, 2), (14, 76), (15, 44), (16, 33), (78, 37), (17, 4), (18, 71), (19, 15), (20, 69), (21, 14), (22, 56), (23, 79), (24, 63), (25, 26), (26, 67), (27, 34), (28, 7), (29, 21), (30, 64), (31, 53), (32, 45), (77, 55), (33, 52), (34, 19), (35, 30), (36, 32), (37, 77), (38, 47), (39, 59), (40, 60), (41, 13), (76, 36), (42, 57), (43, 8), (44, 12), (45, 46), (46, 20), (47, 62), (48, 65), (49, 27), (50, 6), (51, 11), (52, 18), (53, 16), (54, 3), (55, 66), (56, 75), (57, 61), (58, 17), (75, 74), (59, 10), (60, 5), (61, 48), (62, 25), (63, 58), (64, 38), (65, 41), (66, 68), (67, 24), (68, 51), (69, 29), (70, 0), (71, 50), (74, 49), (72, 70), (73, 42)]
og index list energy: 119647932.0417785
index_list: [(0, 72), (1, 1), (2, 2), (3, 3), (4, 4), (5, 5), (6, 6), (7, 7), (8, 8), (9, 9), (10, 10), (11, 11), (12, 12), (13, 13), (79, 79), (14, 14), (15, 15), (16, 16), (78, 77), (17, 17), (18, 18), (19, 19), (20, 20), (21, 21), (22, 22), (23, 23), (24, 24), (25, 25), (26, 26), (27, 27), (28, 28), (29, 29), (30, 30), (31, 31), (32, 76), (77, 42), (33, 33), (34, 34), (35, 35), (36, 36), (37, 37), (38, 38), (39, 39), (40, 40), (41, 41), (76, 71), (42, 78), (43, 43), (44, 44), (45, 45), (46, 46), (47, 47), (48, 48), (49, 49), (50, 50), (51, 51), (52, 52), (53, 53), (54, 54), (55, 55), (56, 56), (57, 57), (58, 58), (75, 74), (59, 59), (60, 60), (61, 61), (62, 62), (63, 63), (64, 64), (65, 65), (66, 66), (67, 67), (68, 68), (69, 69), (70, 70), (71, 75), (74, 32), (72, 0), (73, 73)]
index list: [72, 1, 2, 3, 4, 5, 6, 7, 8, 9, 10, 11, 12, 13, 79, 14, 15, 16, 77, 17, 18, 19, 20, 21, 22, 23, 24, 25, 26, 27, 28, 29, 30, 31, 76, 42, 33, 34, 35, 36, 37, 38, 39, 40, 41, 71, 78, 43, 44, 45, 46, 47, 48, 49, 50, 51, 52, 53, 54, 55, 56, 57, 58, 74, 59, 60, 61, 62, 63, 64, 65, 66, 67, 68, 69, 70, 75, 32, 0, 73]
index list energy: 115976.29209567203
Done


iterations: 10000000 temp: 1000000.0 exponent: 0.7 eif: 300.0
time taken (sec): 874.6519753932953
number of iterations: 10000000
og index list: [(0, 56), (1, 41), (2, 74), (3, 72), (4, 15), (5, 21), (6, 5), (7, 20), (8, 40), (9, 2), (10, 68), (11, 13), (12, 67), (13, 19), (79, 3), (14, 58), (15, 55), (16, 79), (78, 62), (17, 7), (18, 36), (19, 75), (20, 18), (21, 12), (22, 60), (23, 63), (24, 50), (25, 61), (26, 11), (27, 17), (28, 8), (29, 71), (30, 31), (31, 27), (32, 51), (77, 33), (33, 69), (34, 35), (35, 34), (36, 6), (37, 59), (38, 76), (39, 57), (40, 28), (41, 25), (76, 43), (42, 54), (43, 37), (44, 46), (45, 4), (46, 49), (47, 65), (48, 23), (49, 64), (50, 0), (51, 47), (52, 48), (53, 10), (54, 32), (55, 53), (56, 26), (57, 45), (58, 70), (75, 1), (59, 78), (60, 14), (61, 30), (62, 9), (63, 77), (64, 24), (65, 66), (66, 16), (67, 29), (68, 22), (69, 39), (70, 73), (71, 52), (74, 44), (72, 38), (73, 42)]
og index list energy: 100211923.64246884
index_list: [(0, 72), (1, 1), (2, 2), (3, 3), (4, 4), (5, 5), (6, 6), (7, 7), (8, 8), (9, 9), (10, 10), (11, 11), (12, 76), (13, 43), (79, 44), (14, 45), (15, 16), (16, 78), (78, 42), (17, 17), (18, 18), (19, 19), (20, 20), (21, 21), (22, 22), (23, 23), (24, 24), (25, 25), (26, 26), (27, 27), (28, 28), (29, 29), (30, 30), (31, 31), (32, 32), (77, 79), (33, 33), (34, 34), (35, 35), (36, 36), (37, 37), (38, 38), (39, 39), (40, 40), (41, 41), (76, 0), (42, 73), (43, 77), (44, 12), (45, 13), (46, 46), (47, 47), (48, 48), (49, 75), (50, 50), (51, 51), (52, 52), (53, 53), (54, 54), (55, 55), (56, 56), (57, 57), (58, 58), (75, 49), (59, 59), (60, 60), (61, 61), (62, 62), (63, 63), (64, 64), (65, 65), (66, 66), (67, 67), (68, 68), (69, 69), (70, 70), (71, 71), (74, 74), (72, 14), (73, 15)]
index list: [72, 1, 2, 3, 4, 5, 6, 7, 8, 9, 10, 11, 76, 43, 44, 45, 16, 78, 42, 17, 18, 19, 20, 21, 22, 23, 24, 25, 26, 27, 28, 29, 30, 31, 32, 79, 33, 34, 35, 36, 37, 38, 39, 40, 41, 0, 73, 77, 12, 13, 46, 47, 48, 75, 50, 51, 52, 53, 54, 55, 56, 57, 58, 49, 59, 60, 61, 62, 63, 64, 65, 66, 67, 68, 69, 70, 71, 74, 14, 15]
index list energy: 170652.65891712217
Done


iterations: 10000000 temp: 1000000.0 exponent: 0.7 eif: 300.0
time taken (sec): 883.6385412216187
number of iterations: 10000000
og index list: [(0, 79), (1, 50), (2, 78), (3, 47), (4, 5), (5, 75), (6, 69), (7, 73), (8, 9), (9, 76), (10, 32), (11, 58), (12, 26), (13, 23), (79, 68), (14, 55), (15, 48), (16, 40), (78, 43), (17, 2), (18, 20), (19, 46), (20, 18), (21, 30), (22, 21), (23, 34), (24, 33), (25, 57), (26, 28), (27, 27), (28, 49), (29, 31), (30, 65), (31, 17), (32, 74), (77, 63), (33, 7), (34, 77), (35, 62), (36, 66), (37, 19), (38, 25), (39, 0), (40, 51), (41, 60), (76, 67), (42, 53), (43, 1), (44, 44), (45, 45), (46, 3), (47, 42), (48, 52), (49, 61), (50, 22), (51, 13), (52, 12), (53, 15), (54, 35), (55, 64), (56, 14), (57, 29), (58, 72), (75, 4), (59, 54), (60, 37), (61, 56), (62, 71), (63, 39), (64, 16), (65, 8), (66, 11), (67, 36), (68, 38), (69, 6), (70, 59), (71, 24), (74, 10), (72, 41), (73, 70)]
og index list energy: 88510555.12422396
index_list: [(0, 2), (1, 1), (2, 74), (3, 72), (4, 73), (5, 76), (6, 6), (7, 7), (8, 8), (9, 9), (10, 10), (11, 11), (12, 12), (13, 13), (79, 79), (14, 14), (15, 15), (16, 16), (78, 75), (17, 17), (18, 18), (19, 19), (20, 20), (21, 21), (22, 22), (23, 23), (24, 24), (25, 25), (26, 26), (27, 27), (28, 28), (29, 29), (30, 30), (31, 31), (32, 32), (77, 78), (33, 33), (34, 34), (35, 35), (36, 36), (37, 37), (38, 38), (39, 39), (40, 40), (41, 41), (76, 77), (42, 42), (43, 43), (44, 44), (45, 45), (46, 46), (47, 47), (48, 48), (49, 0), (50, 50), (51, 51), (52, 52), (53, 53), (54, 54), (55, 55), (56, 56), (57, 57), (58, 58), (75, 49), (59, 59), (60, 60), (61, 61), (62, 62), (63, 63), (64, 64), (65, 65), (66, 66), (67, 67), (68, 68), (69, 69), (70, 70), (71, 71), (74, 4), (72, 5), (73, 3)]
index list: [2, 1, 74, 72, 73, 76, 6, 7, 8, 9, 10, 11, 12, 13, 79, 14, 15, 16, 75, 17, 18, 19, 20, 21, 22, 23, 24, 25, 26, 27, 28, 29, 30, 31, 32, 78, 33, 34, 35, 36, 37, 38, 39, 40, 41, 77, 42, 43, 44, 45, 46, 47, 48, 0, 50, 51, 52, 53, 54, 55, 56, 57, 58, 49, 59, 60, 61, 62, 63, 64, 65, 66, 67, 68, 69, 70, 71, 4, 5, 3]
index list energy: 141223.9935198716
Done


iterations: 10000000 temp: 1000000.0 exponent: 0.7 eif: 300.0
time taken (sec): 828.8689138889313
number of iterations: 10000000
og index list: [(0, 12), (1, 75), (2, 59), (3, 30), (4, 23), (5, 0), (6, 35), (7, 4), (8, 41), (9, 74), (10, 50), (11, 20), (12, 13), (13, 44), (79, 78), (14, 68), (15, 31), (16, 43), (78, 45), (17, 65), (18, 11), (19, 53), (20, 2), (21, 15), (22, 56), (23, 3), (24, 60), (25, 63), (26, 24), (27, 40), (28, 51), (29, 73), (30, 34), (31, 29), (32, 70), (77, 25), (33, 32), (34, 26), (35, 55), (36, 28), (37, 22), (38, 72), (39, 76), (40, 16), (41, 52), (76, 36), (42, 6), (43, 58), (44, 57), (45, 5), (46, 19), (47, 47), (48, 66), (49, 77), (50, 64), (51, 69), (52, 8), (53, 54), (54, 46), (55, 1), (56, 38), (57, 39), (58, 27), (75, 7), (59, 18), (60, 33), (61, 37), (62, 10), (63, 48), (64, 79), (65, 17), (66, 42), (67, 62), (68, 67), (69, 49), (70, 21), (71, 61), (74, 71), (72, 14), (73, 9)]
og index list energy: 103495064.50933538
index_list: [(0, 72), (1, 1), (2, 2), (3, 3), (4, 4), (5, 5), (6, 6), (7, 7), (8, 8), (9, 9), (10, 10), (11, 11), (12, 12), (13, 13), (79, 47), (14, 39), (15, 40), (16, 77), (78, 42), (17, 17), (18, 18), (19, 19), (20, 20), (21, 21), (22, 22), (23, 23), (24, 24), (25, 25), (26, 26), (27, 27), (28, 28), (29, 29), (30, 30), (31, 31), (32, 32), (77, 49), (33, 33), (34, 34), (35, 35), (36, 36), (37, 37), (38, 38), (39, 76), (40, 41), (41, 79), (76, 14), (42, 15), (43, 16), (44, 75), (45, 44), (46, 45), (47, 46), (48, 48), (49, 74), (50, 43), (51, 51), (52, 52), (53, 53), (54, 54), (55, 55), (56, 56), (57, 57), (58, 58), (75, 78), (59, 59), (60, 60), (61, 61), (62, 62), (63, 63), (64, 64), (65, 65), (66, 66), (67, 67), (68, 68), (69, 69), (70, 70), (71, 71), (74, 50), (72, 0), (73, 73)]
index list: [72, 1, 2, 3, 4, 5, 6, 7, 8, 9, 10, 11, 12, 13, 47, 39, 40, 77, 42, 17, 18, 19, 20, 21, 22, 23, 24, 25, 26, 27, 28, 29, 30, 31, 32, 49, 33, 34, 35, 36, 37, 38, 76, 41, 79, 14, 15, 16, 75, 44, 45, 46, 48, 74, 43, 51, 52, 53, 54, 55, 56, 57, 58, 78, 59, 60, 61, 62, 63, 64, 65, 66, 67, 68, 69, 70, 71, 50, 0, 73]
index list energy: 197398.68315598372
Done


iterations: 10000000 temp: 1000000.0 exponent: 0.7 eif: 300.0
time taken (sec): 853.9118208885193
number of iterations: 10000000
og index list: [(0, 46), (1, 59), (2, 12), (3, 69), (4, 27), (5, 54), (6, 8), (7, 15), (8, 79), (9, 51), (10, 14), (11, 7), (12, 71), (13, 53), (79, 61), (14, 24), (15, 28), (16, 38), (78, 35), (17, 29), (18, 5), (19, 31), (20, 47), (21, 57), (22, 17), (23, 13), (24, 60), (25, 1), (26, 44), (27, 4), (28, 42), (29, 55), (30, 0), (31, 18), (32, 62), (77, 64), (33, 26), (34, 9), (35, 45), (36, 76), (37, 72), (38, 11), (39, 48), (40, 40), (41, 39), (76, 58), (42, 25), (43, 3), (44, 30), (45, 21), (46, 34), (47, 78), (48, 73), (49, 63), (50, 37), (51, 75), (52, 74), (53, 23), (54, 10), (55, 56), (56, 67), (57, 22), (58, 19), (75, 49), (59, 43), (60, 66), (61, 16), (62, 70), (63, 6), (64, 68), (65, 50), (66, 65), (67, 33), (68, 32), (69, 20), (70, 2), (71, 52), (74, 41), (72, 77), (73, 36)]
og index list energy: 127579915.76351938
index_list: [(0, 42), (1, 72), (2, 1), (3, 2), (4, 41), (5, 77), (6, 6), (7, 7), (8, 8), (9, 9), (10, 10), (11, 11), (12, 12), (13, 13), (79, 49), (14, 14), (15, 15), (16, 16), (78, 79), (17, 17), (18, 18), (19, 19), (20, 20), (21, 21), (22, 22), (23, 23), (24, 24), (25, 25), (26, 26), (27, 27), (28, 28), (29, 29), (30, 30), (31, 31), (32, 32), (77, 76), (33, 33), (34, 34), (35, 35), (36, 36), (37, 37), (38, 38), (39, 39), (40, 40), (41, 47), (76, 0), (42, 73), (43, 75), (44, 43), (45, 44), (46, 45), (47, 46), (48, 48), (49, 74), (50, 50), (51, 51), (52, 52), (53, 53), (54, 54), (55, 55), (56, 56), (57, 57), (58, 58), (75, 78), (59, 59), (60, 60), (61, 61), (62, 62), (63, 63), (64, 64), (65, 65), (66, 66), (67, 67), (68, 68), (69, 69), (70, 70), (71, 71), (74, 4), (72, 5), (73, 3)]
index list: [42, 72, 1, 2, 41, 77, 6, 7, 8, 9, 10, 11, 12, 13, 49, 14, 15, 16, 79, 17, 18, 19, 20, 21, 22, 23, 24, 25, 26, 27, 28, 29, 30, 31, 32, 76, 33, 34, 35, 36, 37, 38, 39, 40, 47, 0, 73, 75, 43, 44, 45, 46, 48, 74, 50, 51, 52, 53, 54, 55, 56, 57, 58, 78, 59, 60, 61, 62, 63, 64, 65, 66, 67, 68, 69, 70, 71, 4, 5, 3]
index list energy: 190637.66745040356
Done


iterations: 10000000 temp: 1000000.0 exponent: 0.7 eif: 300.0
time taken (sec): 826.9429392814636
number of iterations: 10000000
og index list: [(0, 69), (1, 47), (2, 62), (3, 15), (4, 49), (5, 23), (6, 33), (7, 68), (8, 67), (9, 36), (10, 64), (11, 34), (12, 31), (13, 12), (79, 48), (14, 74), (15, 63), (16, 18), (78, 27), (17, 51), (18, 10), (19, 21), (20, 0), (21, 45), (22, 57), (23, 61), (24, 44), (25, 56), (26, 28), (27, 1), (28, 13), (29, 3), (30, 78), (31, 72), (32, 17), (77, 38), (33, 37), (34, 66), (35, 8), (36, 53), (37, 30), (38, 29), (39, 26), (40, 65), (41, 25), (76, 2), (42, 76), (43, 22), (44, 75), (45, 35), (46, 52), (47, 59), (48, 20), (49, 70), (50, 42), (51, 43), (52, 16), (53, 55), (54, 77), (55, 14), (56, 5), (57, 60), (58, 54), (75, 19), (59, 24), (60, 41), (61, 73), (62, 4), (63, 39), (64, 32), (65, 11), (66, 71), (67, 46), (68, 9), (69, 40), (70, 79), (71, 58), (74, 6), (72, 50), (73, 7)]
og index list energy: 80109544.03786452
index_list: [(0, 0), (1, 1), (2, 2), (3, 79), (4, 14), (5, 5), (6, 6), (7, 7), (8, 8), (9, 9), (10, 10), (11, 11), (12, 12), (13, 13), (79, 16), (14, 77), (15, 42), (16, 70), (78, 76), (17, 17), (18, 18), (19, 19), (20, 20), (21, 21), (22, 22), (23, 23), (24, 24), (25, 25), (26, 26), (27, 27), (28, 28), (29, 29), (30, 30), (31, 31), (32, 32), (77, 75), (33, 33), (34, 34), (35, 35), (36, 36), (37, 37), (38, 38), (39, 39), (40, 40), (41, 41), (76, 71), (42, 78), (43, 43), (44, 44), (45, 45), (46, 46), (47, 47), (48, 48), (49, 49), (50, 50), (51, 51), (52, 52), (53, 53), (54, 54), (55, 55), (56, 56), (57, 57), (58, 58), (75, 74), (59, 59), (60, 60), (61, 61), (62, 62), (63, 63), (64, 64), (65, 65), (66, 66), (67, 67), (68, 68), (69, 69), (70, 72), (71, 73), (74, 4), (72, 15), (73, 3)]
index list: [0, 1, 2, 79, 14, 5, 6, 7, 8, 9, 10, 11, 12, 13, 16, 77, 42, 70, 76, 17, 18, 19, 20, 21, 22, 23, 24, 25, 26, 27, 28, 29, 30, 31, 32, 75, 33, 34, 35, 36, 37, 38, 39, 40, 41, 71, 78, 43, 44, 45, 46, 47, 48, 49, 50, 51, 52, 53, 54, 55, 56, 57, 58, 74, 59, 60, 61, 62, 63, 64, 65, 66, 67, 68, 69, 72, 73, 4, 15, 3]
index list energy: 154293.37504491923
Done


iterations: 10000000 temp: 1000000.0 exponent: 0.7 eif: 300.0
time taken (sec): 905.0117201805115
number of iterations: 10000000
og index list: [(0, 28), (1, 29), (2, 54), (3, 2), (4, 13), (5, 72), (6, 62), (7, 12), (8, 42), (9, 18), (10, 8), (11, 25), (12, 33), (13, 19), (79, 7), (14, 60), (15, 40), (16, 66), (78, 79), (17, 23), (18, 45), (19, 39), (20, 43), (21, 67), (22, 50), (23, 26), (24, 37), (25, 57), (26, 21), (27, 61), (28, 11), (29, 74), (30, 65), (31, 30), (32, 71), (77, 69), (33, 53), (34, 55), (35, 35), (36, 49), (37, 31), (38, 46), (39, 48), (40, 70), (41, 47), (76, 38), (42, 17), (43, 36), (44, 9), (45, 77), (46, 0), (47, 3), (48, 34), (49, 73), (50, 59), (51, 68), (52, 76), (53, 1), (54, 44), (55, 16), (56, 20), (57, 14), (58, 63), (75, 78), (59, 5), (60, 58), (61, 27), (62, 52), (63, 4), (64, 56), (65, 6), (66, 10), (67, 24), (68, 75), (69, 32), (70, 51), (71, 41), (74, 22), (72, 64), (73, 15)]
og index list energy: 122348631.97895247
index_list: [(0, 0), (1, 1), (2, 2), (3, 3), (4, 4), (5, 5), (6, 6), (7, 7), (8, 8), (9, 9), (10, 10), (11, 11), (12, 12), (13, 13), (79, 76), (14, 14), (15, 15), (16, 16), (78, 49), (17, 17), (18, 18), (19, 19), (20, 20), (21, 21), (22, 22), (23, 23), (24, 24), (25, 25), (26, 26), (27, 27), (28, 28), (29, 29), (30, 30), (31, 31), (32, 32), (77, 74), (33, 33), (34, 34), (35, 35), (36, 36), (37, 37), (38, 38), (39, 39), (40, 40), (41, 41), (76, 77), (42, 42), (43, 43), (44, 44), (45, 45), (46, 46), (47, 47), (48, 48), (49, 79), (50, 50), (51, 51), (52, 52), (53, 53), (54, 54), (55, 55), (56, 56), (57, 57), (58, 58), (75, 75), (59, 59), (60, 60), (61, 61), (62, 62), (63, 63), (64, 64), (65, 65), (66, 66), (67, 67), (68, 68), (69, 69), (70, 70), (71, 71), (74, 78), (72, 72), (73, 73)]
index list: [0, 1, 2, 3, 4, 5, 6, 7, 8, 9, 10, 11, 12, 13, 76, 14, 15, 16, 49, 17, 18, 19, 20, 21, 22, 23, 24, 25, 26, 27, 28, 29, 30, 31, 32, 74, 33, 34, 35, 36, 37, 38, 39, 40, 41, 77, 42, 43, 44, 45, 46, 47, 48, 79, 50, 51, 52, 53, 54, 55, 56, 57, 58, 75, 59, 60, 61, 62, 63, 64, 65, 66, 67, 68, 69, 70, 71, 78, 72, 73]
index list energy: 98209.82393678775
Done


iterations: 10000000 temp: 1000000.0 exponent: 0.7 eif: 300.0
time taken (sec): 910.1004376411438
number of iterations: 10000000
og index list: [(0, 13), (1, 64), (2, 22), (3, 48), (4, 76), (5, 77), (6, 24), (7, 7), (8, 42), (9, 8), (10, 27), (11, 57), (12, 30), (13, 72), (79, 36), (14, 19), (15, 70), (16, 71), (78, 61), (17, 33), (18, 73), (19, 12), (20, 53), (21, 17), (22, 2), (23, 23), (24, 51), (25, 1), (26, 32), (27, 79), (28, 52), (29, 4), (30, 37), (31, 5), (32, 43), (77, 45), (33, 50), (34, 49), (35, 59), (36, 31), (37, 21), (38, 44), (39, 38), (40, 29), (41, 55), (76, 46), (42, 74), (43, 3), (44, 65), (45, 47), (46, 14), (47, 63), (48, 62), (49, 69), (50, 18), (51, 56), (52, 6), (53, 35), (54, 9), (55, 39), (56, 25), (57, 28), (58, 0), (75, 60), (59, 58), (60, 10), (61, 26), (62, 41), (63, 16), (64, 66), (65, 11), (66, 34), (67, 75), (68, 67), (69, 40), (70, 78), (71, 54), (74, 68), (72, 15), (73, 20)]
og index list energy: 109132611.48254472
index_list: [(0, 0), (1, 1), (2, 2), (3, 3), (4, 4), (5, 5), (6, 6), (7, 7), (8, 8), (9, 9), (10, 10), (11, 11), (12, 12), (13, 13), (79, 78), (14, 14), (15, 15), (16, 16), (78, 77), (17, 17), (18, 18), (19, 19), (20, 20), (21, 21), (22, 22), (23, 23), (24, 24), (25, 25), (26, 26), (27, 27), (28, 28), (29, 29), (30, 30), (31, 31), (32, 32), (77, 76), (33, 33), (34, 34), (35, 35), (36, 36), (37, 37), (38, 38), (39, 39), (40, 40), (41, 41), (76, 79), (42, 42), (43, 43), (44, 44), (45, 45), (46, 46), (47, 47), (48, 48), (49, 75), (50, 50), (51, 51), (52, 52), (53, 53), (54, 54), (55, 55), (56, 56), (57, 57), (58, 58), (75, 74), (59, 59), (60, 60), (61, 61), (62, 62), (63, 63), (64, 64), (65, 65), (66, 66), (67, 67), (68, 68), (69, 69), (70, 70), (71, 71), (74, 49), (72, 72), (73, 73)]
index list: [0, 1, 2, 3, 4, 5, 6, 7, 8, 9, 10, 11, 12, 13, 78, 14, 15, 16, 77, 17, 18, 19, 20, 21, 22, 23, 24, 25, 26, 27, 28, 29, 30, 31, 32, 76, 33, 34, 35, 36, 37, 38, 39, 40, 41, 79, 42, 43, 44, 45, 46, 47, 48, 75, 50, 51, 52, 53, 54, 55, 56, 57, 58, 74, 59, 60, 61, 62, 63, 64, 65, 66, 67, 68, 69, 70, 71, 49, 72, 73]
index list energy: 98209.82393678775
Done


iterations: 10000000 temp: 1000000.0 exponent: 0.7 eif: 300.0
time taken (sec): 922.596880197525
number of iterations: 10000000
og index list: [(0, 10), (1, 30), (2, 64), (3, 34), (4, 12), (5, 72), (6, 32), (7, 40), (8, 50), (9, 78), (10, 19), (11, 48), (12, 43), (13, 25), (79, 21), (14, 53), (15, 61), (16, 51), (78, 71), (17, 70), (18, 11), (19, 67), (20, 23), (21, 3), (22, 68), (23, 8), (24, 36), (25, 57), (26, 15), (27, 74), (28, 58), (29, 46), (30, 47), (31, 73), (32, 27), (77, 75), (33, 7), (34, 14), (35, 39), (36, 26), (37, 17), (38, 54), (39, 20), (40, 9), (41, 31), (76, 62), (42, 79), (43, 44), (44, 16), (45, 6), (46, 1), (47, 59), (48, 41), (49, 35), (50, 52), (51, 22), (52, 55), (53, 60), (54, 42), (55, 0), (56, 69), (57, 77), (58, 38), (75, 56), (59, 2), (60, 45), (61, 28), (62, 24), (63, 33), (64, 4), (65, 13), (66, 63), (67, 5), (68, 29), (69, 49), (70, 37), (71, 18), (74, 76), (72, 65), (73, 66)]
og index list energy: 113825313.13053182
index_list: [(0, 0), (1, 1), (2, 2), (3, 3), (4, 4), (5, 5), (6, 6), (7, 7), (8, 8), (9, 9), (10, 10), (11, 11), (12, 12), (13, 13), (79, 75), (14, 14), (15, 15), (16, 16), (78, 76), (17, 17), (18, 18), (19, 19), (20, 20), (21, 21), (22, 22), (23, 23), (24, 24), (25, 25), (26, 26), (27, 27), (28, 28), (29, 29), (30, 30), (31, 31), (32, 32), (77, 79), (33, 33), (34, 34), (35, 35), (36, 36), (37, 37), (38, 38), (39, 39), (40, 40), (41, 41), (76, 78), (42, 42), (43, 43), (44, 44), (45, 45), (46, 46), (47, 47), (48, 48), (49, 74), (50, 50), (51, 51), (52, 52), (53, 53), (54, 54), (55, 55), (56, 56), (57, 57), (58, 58), (75, 49), (59, 59), (60, 60), (61, 61), (62, 62), (63, 63), (64, 64), (65, 65), (66, 66), (67, 67), (68, 68), (69, 69), (70, 70), (71, 71), (74, 77), (72, 72), (73, 73)]
index list: [0, 1, 2, 3, 4, 5, 6, 7, 8, 9, 10, 11, 12, 13, 75, 14, 15, 16, 76, 17, 18, 19, 20, 21, 22, 23, 24, 25, 26, 27, 28, 29, 30, 31, 32, 79, 33, 34, 35, 36, 37, 38, 39, 40, 41, 78, 42, 43, 44, 45, 46, 47, 48, 74, 50, 51, 52, 53, 54, 55, 56, 57, 58, 49, 59, 60, 61, 62, 63, 64, 65, 66, 67, 68, 69, 70, 71, 77, 72, 73]
index list energy: 98209.82393678775
Done


iterations: 10000000 temp: 1000000.0 exponent: 0.7 eif: 300.0
time taken (sec): 861.3970625400543
number of iterations: 10000000
og index list: [(0, 5), (1, 40), (2, 34), (3, 2), (4, 12), (5, 13), (6, 11), (7, 22), (8, 72), (9, 0), (10, 46), (11, 15), (12, 8), (13, 60), (79, 6), (14, 35), (15, 23), (16, 21), (78, 32), (17, 79), (18, 10), (19, 75), (20, 30), (21, 9), (22, 33), (23, 56), (24, 47), (25, 76), (26, 41), (27, 59), (28, 78), (29, 73), (30, 68), (31, 28), (32, 54), (77, 62), (33, 67), (34, 43), (35, 39), (36, 51), (37, 57), (38, 31), (39, 18), (40, 53), (41, 77), (76, 26), (42, 63), (43, 19), (44, 36), (45, 17), (46, 69), (47, 25), (48, 24), (49, 3), (50, 65), (51, 37), (52, 42), (53, 66), (54, 48), (55, 70), (56, 7), (57, 45), (58, 74), (75, 44), (59, 58), (60, 61), (61, 27), (62, 49), (63, 64), (64, 29), (65, 14), (66, 16), (67, 38), (68, 1), (69, 50), (70, 71), (71, 55), (74, 20), (72, 4), (73, 52)]
og index list energy: 121886244.7062892
index_list: [(0, 72), (1, 1), (2, 2), (3, 3), (4, 4), (5, 5), (6, 6), (7, 7), (8, 8), (9, 9), (10, 10), (11, 11), (12, 12), (13, 13), (79, 0), (14, 73), (15, 75), (16, 71), (78, 77), (17, 17), (18, 18), (19, 19), (20, 20), (21, 21), (22, 22), (23, 23), (24, 24), (25, 25), (26, 26), (27, 27), (28, 28), (29, 29), (30, 30), (31, 31), (32, 32), (77, 76), (33, 33), (34, 34), (35, 35), (36, 36), (37, 37), (38, 38), (39, 39), (40, 40), (41, 41), (76, 78), (42, 42), (43, 43), (44, 44), (45, 45), (46, 46), (47, 47), (48, 48), (49, 49), (50, 50), (51, 51), (52, 52), (53, 53), (54, 54), (55, 55), (56, 56), (57, 57), (58, 58), (75, 74), (59, 59), (60, 60), (61, 61), (62, 62), (63, 63), (64, 64), (65, 65), (66, 66), (67, 67), (68, 68), (69, 69), (70, 70), (71, 79), (74, 14), (72, 15), (73, 16)]
index list: [72, 1, 2, 3, 4, 5, 6, 7, 8, 9, 10, 11, 12, 13, 0, 73, 75, 71, 77, 17, 18, 19, 20, 21, 22, 23, 24, 25, 26, 27, 28, 29, 30, 31, 32, 76, 33, 34, 35, 36, 37, 38, 39, 40, 41, 78, 42, 43, 44, 45, 46, 47, 48, 49, 50, 51, 52, 53, 54, 55, 56, 57, 58, 74, 59, 60, 61, 62, 63, 64, 65, 66, 67, 68, 69, 70, 79, 14, 15, 16]
index list energy: 129820.22727366383
Done


iterations: 10000000 temp: 1000000.0 exponent: 0.7 eif: 300.0
time taken (sec): 903.6153426170349
number of iterations: 10000000
og index list: [(0, 68), (1, 35), (2, 33), (3, 30), (4, 67), (5, 25), (6, 63), (7, 73), (8, 56), (9, 9), (10, 8), (11, 2), (12, 19), (13, 37), (79, 55), (14, 78), (15, 65), (16, 0), (78, 22), (17, 42), (18, 58), (19, 66), (20, 50), (21, 28), (22, 49), (23, 72), (24, 53), (25, 69), (26, 13), (27, 14), (28, 1), (29, 27), (30, 40), (31, 60), (32, 45), (77, 4), (33, 11), (34, 32), (35, 34), (36, 75), (37, 46), (38, 17), (39, 61), (40, 59), (41, 62), (76, 36), (42, 48), (43, 44), (44, 79), (45, 64), (46, 29), (47, 16), (48, 47), (49, 51), (50, 39), (51, 3), (52, 38), (53, 18), (54, 10), (55, 24), (56, 57), (57, 26), (58, 70), (75, 74), (59, 12), (60, 77), (61, 31), (62, 15), (63, 20), (64, 71), (65, 43), (66, 76), (67, 6), (68, 52), (69, 7), (70, 54), (71, 21), (74, 41), (72, 23), (73, 5)]
og index list energy: 123583175.85566683
index_list: [(0, 0), (1, 1), (2, 2), (3, 3), (4, 4), (5, 5), (6, 6), (7, 7), (8, 8), (9, 9), (10, 10), (11, 11), (12, 12), (13, 13), (79, 76), (14, 14), (15, 15), (16, 16), (78, 75), (17, 17), (18, 18), (19, 19), (20, 20), (21, 21), (22, 22), (23, 23), (24, 24), (25, 25), (26, 26), (27, 27), (28, 28), (29, 29), (30, 30), (31, 31), (32, 32), (77, 78), (33, 33), (34, 34), (35, 35), (36, 36), (37, 37), (38, 38), (39, 39), (40, 40), (41, 41), (76, 49), (42, 42), (43, 43), (44, 44), (45, 45), (46, 46), (47, 47), (48, 48), (49, 79), (50, 50), (51, 51), (52, 52), (53, 53), (54, 54), (55, 55), (56, 56), (57, 57), (58, 58), (75, 77), (59, 59), (60, 60), (61, 61), (62, 62), (63, 63), (64, 64), (65, 65), (66, 66), (67, 67), (68, 68), (69, 69), (70, 70), (71, 71), (74, 74), (72, 72), (73, 73)]
index list: [0, 1, 2, 3, 4, 5, 6, 7, 8, 9, 10, 11, 12, 13, 76, 14, 15, 16, 75, 17, 18, 19, 20, 21, 22, 23, 24, 25, 26, 27, 28, 29, 30, 31, 32, 78, 33, 34, 35, 36, 37, 38, 39, 40, 41, 49, 42, 43, 44, 45, 46, 47, 48, 79, 50, 51, 52, 53, 54, 55, 56, 57, 58, 77, 59, 60, 61, 62, 63, 64, 65, 66, 67, 68, 69, 70, 71, 74, 72, 73]
index list energy: 98209.82393678775
Done


iterations: 10000000 temp: 1000000.0 exponent: 0.7 eif: 300.0
time taken (sec): 906.4729342460632
number of iterations: 10000000
og index list: [(0, 48), (1, 22), (2, 75), (3, 35), (4, 4), (5, 42), (6, 19), (7, 60), (8, 72), (9, 14), (10, 52), (11, 41), (12, 3), (13, 11), (79, 77), (14, 62), (15, 45), (16, 69), (78, 79), (17, 0), (18, 10), (19, 21), (20, 36), (21, 50), (22, 71), (23, 6), (24, 31), (25, 29), (26, 30), (27, 68), (28, 5), (29, 9), (30, 25), (31, 16), (32, 17), (77, 15), (33, 63), (34, 51), (35, 24), (36, 67), (37, 70), (38, 76), (39, 54), (40, 64), (41, 27), (76, 2), (42, 61), (43, 7), (44, 38), (45, 23), (46, 8), (47, 49), (48, 65), (49, 32), (50, 56), (51, 44), (52, 34), (53, 47), (54, 78), (55, 43), (56, 20), (57, 37), (58, 46), (75, 73), (59, 13), (60, 18), (61, 53), (62, 57), (63, 66), (64, 26), (65, 74), (66, 39), (67, 40), (68, 1), (69, 12), (70, 33), (71, 58), (74, 59), (72, 55), (73, 28)]
og index list energy: 83735592.02411298
index_list: [(0, 0), (1, 1), (2, 2), (3, 3), (4, 4), (5, 5), (6, 6), (7, 7), (8, 8), (9, 9), (10, 10), (11, 11), (12, 12), (13, 13), (79, 74), (14, 14), (15, 15), (16, 16), (78, 77), (17, 17), (18, 18), (19, 19), (20, 20), (21, 21), (22, 22), (23, 23), (24, 24), (25, 25), (26, 26), (27, 27), (28, 28), (29, 29), (30, 30), (31, 31), (32, 32), (77, 49), (33, 33), (34, 34), (35, 35), (36, 36), (37, 37), (38, 38), (39, 39), (40, 40), (41, 41), (76, 79), (42, 42), (43, 43), (44, 44), (45, 45), (46, 46), (47, 47), (48, 48), (49, 76), (50, 50), (51, 51), (52, 52), (53, 53), (54, 54), (55, 55), (56, 56), (57, 57), (58, 58), (75, 75), (59, 59), (60, 60), (61, 61), (62, 62), (63, 63), (64, 64), (65, 65), (66, 66), (67, 67), (68, 68), (69, 69), (70, 70), (71, 71), (74, 78), (72, 72), (73, 73)]
index list: [0, 1, 2, 3, 4, 5, 6, 7, 8, 9, 10, 11, 12, 13, 74, 14, 15, 16, 77, 17, 18, 19, 20, 21, 22, 23, 24, 25, 26, 27, 28, 29, 30, 31, 32, 49, 33, 34, 35, 36, 37, 38, 39, 40, 41, 79, 42, 43, 44, 45, 46, 47, 48, 76, 50, 51, 52, 53, 54, 55, 56, 57, 58, 75, 59, 60, 61, 62, 63, 64, 65, 66, 67, 68, 69, 70, 71, 78, 72, 73]
index list energy: 98209.82393678775
Done


iterations: 10000000 temp: 1000000.0 exponent: 0.7 eif: 300.0
time taken (sec): 851.3687572479248
number of iterations: 10000000
og index list: [(0, 44), (1, 2), (2, 34), (3, 38), (4, 63), (5, 55), (6, 13), (7, 58), (8, 19), (9, 15), (10, 21), (11, 20), (12, 47), (13, 6), (79, 23), (14, 56), (15, 36), (16, 62), (78, 61), (17, 10), (18, 75), (19, 29), (20, 3), (21, 77), (22, 68), (23, 35), (24, 49), (25, 59), (26, 1), (27, 5), (28, 52), (29, 46), (30, 18), (31, 67), (32, 33), (77, 14), (33, 64), (34, 73), (35, 11), (36, 53), (37, 48), (38, 72), (39, 45), (40, 41), (41, 74), (76, 70), (42, 51), (43, 7), (44, 43), (45, 76), (46, 65), (47, 27), (48, 28), (49, 57), (50, 37), (51, 32), (52, 39), (53, 31), (54, 4), (55, 24), (56, 8), (57, 40), (58, 26), (75, 71), (59, 12), (60, 0), (61, 17), (62, 54), (63, 16), (64, 30), (65, 69), (66, 42), (67, 25), (68, 9), (69, 66), (70, 60), (71, 22), (74, 50), (72, 78), (73, 79)]
og index list energy: 106882147.28574322
index_list: [(0, 43), (1, 1), (2, 2), (3, 3), (4, 4), (5, 5), (6, 6), (7, 7), (8, 8), (9, 9), (10, 10), (11, 11), (12, 78), (13, 14), (79, 15), (14, 44), (15, 45), (16, 16), (78, 75), (17, 17), (18, 18), (19, 19), (20, 20), (21, 21), (22, 22), (23, 23), (24, 24), (25, 25), (26, 26), (27, 27), (28, 28), (29, 29), (30, 30), (31, 31), (32, 76), (77, 42), (33, 33), (34, 34), (35, 35), (36, 36), (37, 37), (38, 38), (39, 39), (40, 40), (41, 41), (76, 79), (42, 32), (43, 77), (44, 12), (45, 13), (46, 46), (47, 47), (48, 48), (49, 0), (50, 50), (51, 51), (52, 52), (53, 53), (54, 54), (55, 55), (56, 56), (57, 57), (58, 58), (75, 74), (59, 59), (60, 60), (61, 61), (62, 62), (63, 63), (64, 64), (65, 65), (66, 66), (67, 67), (68, 68), (69, 69), (70, 70), (71, 71), (74, 49), (72, 72), (73, 73)]
index list: [43, 1, 2, 3, 4, 5, 6, 7, 8, 9, 10, 11, 78, 14, 15, 44, 45, 16, 75, 17, 18, 19, 20, 21, 22, 23, 24, 25, 26, 27, 28, 29, 30, 31, 76, 42, 33, 34, 35, 36, 37, 38, 39, 40, 41, 79, 32, 77, 12, 13, 46, 47, 48, 0, 50, 51, 52, 53, 54, 55, 56, 57, 58, 74, 59, 60, 61, 62, 63, 64, 65, 66, 67, 68, 69, 70, 71, 49, 72, 73]
index list energy: 171347.21775176245
Done


iterations: 10000000 temp: 1000000.0 exponent: 0.7 eif: 300.0
time taken (sec): 911.4298641681671
number of iterations: 10000000
og index list: [(0, 10), (1, 17), (2, 28), (3, 39), (4, 45), (5, 29), (6, 12), (7, 3), (8, 40), (9, 36), (10, 74), (11, 13), (12, 51), (13, 25), (79, 75), (14, 44), (15, 1), (16, 22), (78, 72), (17, 8), (18, 59), (19, 56), (20, 57), (21, 7), (22, 77), (23, 65), (24, 63), (25, 20), (26, 0), (27, 6), (28, 37), (29, 41), (30, 33), (31, 64), (32, 9), (77, 32), (33, 49), (34, 47), (35, 68), (36, 53), (37, 79), (38, 5), (39, 61), (40, 31), (41, 73), (76, 24), (42, 46), (43, 71), (44, 15), (45, 30), (46, 52), (47, 54), (48, 48), (49, 23), (50, 60), (51, 58), (52, 42), (53, 43), (54, 27), (55, 4), (56, 18), (57, 2), (58, 55), (75, 70), (59, 38), (60, 26), (61, 66), (62, 50), (63, 35), (64, 11), (65, 62), (66, 14), (67, 16), (68, 67), (69, 19), (70, 21), (71, 69), (74, 78), (72, 76), (73, 34)]
og index list energy: 94264351.91722189
index_list: [(0, 0), (1, 1), (2, 2), (3, 3), (4, 4), (5, 5), (6, 6), (7, 7), (8, 8), (9, 9), (10, 10), (11, 11), (12, 12), (13, 13), (79, 78), (14, 14), (15, 15), (16, 16), (78, 49), (17, 17), (18, 18), (19, 19), (20, 20), (21, 21), (22, 22), (23, 23), (24, 24), (25, 25), (26, 26), (27, 27), (28, 28), (29, 29), (30, 30), (31, 31), (32, 32), (77, 76), (33, 33), (34, 34), (35, 35), (36, 36), (37, 37), (38, 38), (39, 39), (40, 40), (41, 41), (76, 79), (42, 42), (43, 43), (44, 44), (45, 45), (46, 46), (47, 47), (48, 48), (49, 77), (50, 50), (51, 51), (52, 52), (53, 53), (54, 54), (55, 55), (56, 56), (57, 57), (58, 58), (75, 75), (59, 59), (60, 60), (61, 61), (62, 62), (63, 63), (64, 64), (65, 65), (66, 66), (67, 67), (68, 68), (69, 69), (70, 70), (71, 71), (74, 74), (72, 72), (73, 73)]
index list: [0, 1, 2, 3, 4, 5, 6, 7, 8, 9, 10, 11, 12, 13, 78, 14, 15, 16, 49, 17, 18, 19, 20, 21, 22, 23, 24, 25, 26, 27, 28, 29, 30, 31, 32, 76, 33, 34, 35, 36, 37, 38, 39, 40, 41, 79, 42, 43, 44, 45, 46, 47, 48, 77, 50, 51, 52, 53, 54, 55, 56, 57, 58, 75, 59, 60, 61, 62, 63, 64, 65, 66, 67, 68, 69, 70, 71, 74, 72, 73]
index list energy: 98209.82393678775
Done


iterations: 10000000 temp: 1000000.0 exponent: 0.7 eif: 300.0
time taken (sec): 819.1713857650757
number of iterations: 10000000
og index list: [(0, 77), (1, 12), (2, 43), (3, 46), (4, 47), (5, 50), (6, 10), (7, 66), (8, 16), (9, 28), (10, 75), (11, 21), (12, 65), (13, 25), (79, 35), (14, 17), (15, 7), (16, 1), (78, 14), (17, 0), (18, 4), (19, 56), (20, 5), (21, 70), (22, 26), (23, 34), (24, 55), (25, 3), (26, 57), (27, 23), (28, 78), (29, 31), (30, 41), (31, 72), (32, 27), (77, 49), (33, 71), (34, 59), (35, 61), (36, 68), (37, 37), (38, 60), (39, 73), (40, 33), (41, 15), (76, 44), (42, 45), (43, 32), (44, 67), (45, 19), (46, 18), (47, 42), (48, 24), (49, 76), (50, 54), (51, 6), (52, 48), (53, 51), (54, 11), (55, 58), (56, 63), (57, 69), (58, 38), (75, 64), (59, 9), (60, 53), (61, 52), (62, 22), (63, 20), (64, 8), (65, 79), (66, 62), (67, 2), (68, 30), (69, 13), (70, 39), (71, 40), (74, 36), (72, 29), (73, 74)]
og index list energy: 116089427.33329915
index_list: [(0, 10), (1, 11), (2, 12), (3, 13), (4, 16), (5, 79), (6, 72), (7, 1), (8, 2), (9, 6), (10, 7), (11, 8), (12, 9), (13, 78), (79, 14), (14, 15), (15, 74), (16, 65), (78, 66), (17, 17), (18, 18), (19, 19), (20, 20), (21, 21), (22, 22), (23, 23), (24, 24), (25, 25), (26, 26), (27, 27), (28, 28), (29, 29), (30, 30), (31, 31), (32, 32), (77, 75), (33, 33), (34, 34), (35, 35), (36, 36), (37, 37), (38, 38), (39, 39), (40, 40), (41, 41), (76, 49), (42, 42), (43, 43), (44, 44), (45, 45), (46, 46), (47, 47), (48, 48), (49, 64), (50, 50), (51, 51), (52, 52), (53, 53), (54, 54), (55, 55), (56, 56), (57, 57), (58, 58), (75, 77), (59, 59), (60, 60), (61, 61), (62, 62), (63, 63), (64, 0), (65, 73), (66, 76), (67, 67), (68, 68), (69, 69), (70, 70), (71, 71), (74, 4), (72, 5), (73, 3)]
index list: [10, 11, 12, 13, 16, 79, 72, 1, 2, 6, 7, 8, 9, 78, 14, 15, 74, 65, 66, 17, 18, 19, 20, 21, 22, 23, 24, 25, 26, 27, 28, 29, 30, 31, 32, 75, 33, 34, 35, 36, 37, 38, 39, 40, 41, 49, 42, 43, 44, 45, 46, 47, 48, 64, 50, 51, 52, 53, 54, 55, 56, 57, 58, 77, 59, 60, 61, 62, 63, 0, 73, 76, 67, 68, 69, 70, 71, 4, 5, 3]
index list energy: 224513.19541539258
Done


iterations: 10000000 temp: 1000000.0 exponent: 0.7 eif: 300.0
time taken (sec): 871.6487188339233
number of iterations: 10000000
og index list: [(0, 74), (1, 47), (2, 68), (3, 73), (4, 32), (5, 40), (6, 49), (7, 44), (8, 21), (9, 57), (10, 16), (11, 69), (12, 2), (13, 71), (79, 51), (14, 70), (15, 17), (16, 46), (78, 18), (17, 29), (18, 60), (19, 63), (20, 6), (21, 14), (22, 67), (23, 59), (24, 1), (25, 24), (26, 54), (27, 52), (28, 20), (29, 27), (30, 11), (31, 30), (32, 26), (77, 5), (33, 3), (34, 75), (35, 10), (36, 31), (37, 12), (38, 41), (39, 22), (40, 50), (41, 53), (76, 23), (42, 9), (43, 76), (44, 36), (45, 37), (46, 55), (47, 13), (48, 66), (49, 7), (50, 19), (51, 65), (52, 58), (53, 45), (54, 48), (55, 25), (56, 8), (57, 62), (58, 61), (75, 42), (59, 4), (60, 72), (61, 28), (62, 15), (63, 43), (64, 64), (65, 56), (66, 34), (67, 39), (68, 78), (69, 33), (70, 0), (71, 35), (74, 38), (72, 79), (73, 77)]
og index list energy: 116442555.12202618
index_list: [(0, 43), (1, 76), (2, 14), (3, 15), (4, 16), (5, 78), (6, 6), (7, 7), (8, 8), (9, 9), (10, 10), (11, 11), (12, 12), (13, 13), (79, 49), (14, 42), (15, 72), (16, 73), (78, 75), (17, 17), (18, 18), (19, 19), (20, 20), (21, 21), (22, 22), (23, 23), (24, 24), (25, 25), (26, 26), (27, 27), (28, 28), (29, 29), (30, 30), (31, 31), (32, 32), (77, 79), (33, 33), (34, 34), (35, 35), (36, 36), (37, 37), (38, 38), (39, 39), (40, 40), (41, 41), (76, 0), (42, 1), (43, 2), (44, 44), (45, 45), (46, 46), (47, 47), (48, 48), (49, 77), (50, 50), (51, 51), (52, 52), (53, 53), (54, 54), (55, 55), (56, 56), (57, 57), (58, 58), (75, 74), (59, 59), (60, 60), (61, 61), (62, 62), (63, 63), (64, 64), (65, 65), (66, 66), (67, 67), (68, 68), (69, 69), (70, 70), (71, 71), (74, 4), (72, 5), (73, 3)]
index list: [43, 76, 14, 15, 16, 78, 6, 7, 8, 9, 10, 11, 12, 13, 49, 42, 72, 73, 75, 17, 18, 19, 20, 21, 22, 23, 24, 25, 26, 27, 28, 29, 30, 31, 32, 79, 33, 34, 35, 36, 37, 38, 39, 40, 41, 0, 1, 2, 44, 45, 46, 47, 48, 77, 50, 51, 52, 53, 54, 55, 56, 57, 58, 74, 59, 60, 61, 62, 63, 64, 65, 66, 67, 68, 69, 70, 71, 4, 5, 3]
index list energy: 190165.43495212842
Done


iterations: 10000000 temp: 1000000.0 exponent: 0.7 eif: 300.0
time taken (sec): 898.2284619808197
number of iterations: 10000000
og index list: [(0, 16), (1, 30), (2, 31), (3, 49), (4, 4), (5, 52), (6, 58), (7, 39), (8, 17), (9, 8), (10, 27), (11, 74), (12, 29), (13, 10), (79, 35), (14, 19), (15, 3), (16, 7), (78, 64), (17, 79), (18, 36), (19, 76), (20, 46), (21, 69), (22, 59), (23, 22), (24, 5), (25, 73), (26, 18), (27, 42), (28, 45), (29, 34), (30, 50), (31, 1), (32, 56), (77, 70), (33, 0), (34, 53), (35, 26), (36, 44), (37, 11), (38, 38), (39, 51), (40, 41), (41, 68), (76, 12), (42, 78), (43, 55), (44, 37), (45, 9), (46, 77), (47, 14), (48, 63), (49, 62), (50, 20), (51, 75), (52, 15), (53, 65), (54, 43), (55, 71), (56, 40), (57, 21), (58, 24), (75, 54), (59, 33), (60, 13), (61, 2), (62, 67), (63, 47), (64, 25), (65, 60), (66, 28), (67, 48), (68, 6), (69, 66), (70, 32), (71, 61), (74, 23), (72, 57), (73, 72)]
og index list energy: 101192044.19703826
index_list: [(0, 0), (1, 1), (2, 2), (3, 3), (4, 4), (5, 5), (6, 6), (7, 7), (8, 8), (9, 9), (10, 10), (11, 11), (12, 12), (13, 13), (79, 76), (14, 14), (15, 15), (16, 16), (78, 74), (17, 17), (18, 18), (19, 19), (20, 20), (21, 21), (22, 22), (23, 23), (24, 24), (25, 25), (26, 26), (27, 27), (28, 28), (29, 29), (30, 30), (31, 31), (32, 32), (77, 78), (33, 33), (34, 34), (35, 35), (36, 36), (37, 37), (38, 38), (39, 39), (40, 40), (41, 41), (76, 79), (42, 42), (43, 43), (44, 44), (45, 45), (46, 46), (47, 47), (48, 48), (49, 77), (50, 50), (51, 51), (52, 52), (53, 53), (54, 54), (55, 55), (56, 56), (57, 57), (58, 58), (75, 49), (59, 59), (60, 60), (61, 61), (62, 62), (63, 63), (64, 64), (65, 65), (66, 66), (67, 67), (68, 68), (69, 69), (70, 70), (71, 71), (74, 75), (72, 72), (73, 73)]
index list: [0, 1, 2, 3, 4, 5, 6, 7, 8, 9, 10, 11, 12, 13, 76, 14, 15, 16, 74, 17, 18, 19, 20, 21, 22, 23, 24, 25, 26, 27, 28, 29, 30, 31, 32, 78, 33, 34, 35, 36, 37, 38, 39, 40, 41, 79, 42, 43, 44, 45, 46, 47, 48, 77, 50, 51, 52, 53, 54, 55, 56, 57, 58, 49, 59, 60, 61, 62, 63, 64, 65, 66, 67, 68, 69, 70, 71, 75, 72, 73]
index list energy: 98209.82393678775
Done


iterations: 10000000 temp: 1000000.0 exponent: 0.7 eif: 300.0
time taken (sec): 914.8131380081177
number of iterations: 10000000
og index list: [(0, 20), (1, 25), (2, 16), (3, 9), (4, 46), (5, 28), (6, 13), (7, 38), (8, 21), (9, 79), (10, 22), (11, 58), (12, 37), (13, 45), (79, 75), (14, 60), (15, 5), (16, 51), (78, 44), (17, 32), (18, 70), (19, 1), (20, 76), (21, 73), (22, 19), (23, 68), (24, 35), (25, 8), (26, 59), (27, 47), (28, 62), (29, 41), (30, 15), (31, 48), (32, 65), (77, 17), (33, 71), (34, 66), (35, 54), (36, 64), (37, 6), (38, 12), (39, 36), (40, 2), (41, 14), (76, 31), (42, 27), (43, 3), (44, 72), (45, 40), (46, 18), (47, 55), (48, 30), (49, 33), (50, 0), (51, 49), (52, 10), (53, 69), (54, 78), (55, 63), (56, 39), (57, 11), (58, 56), (75, 52), (59, 7), (60, 50), (61, 29), (62, 77), (63, 67), (64, 23), (65, 53), (66, 42), (67, 34), (68, 4), (69, 43), (70, 57), (71, 61), (74, 24), (72, 26), (73, 74)]
og index list energy: 99469349.67287423
index_list: [(0, 0), (1, 1), (2, 2), (3, 3), (4, 4), (5, 5), (6, 6), (7, 7), (8, 8), (9, 9), (10, 10), (11, 11), (12, 12), (13, 13), (79, 79), (14, 14), (15, 15), (16, 16), (78, 77), (17, 17), (18, 18), (19, 19), (20, 20), (21, 21), (22, 22), (23, 23), (24, 24), (25, 25), (26, 26), (27, 27), (28, 28), (29, 29), (30, 30), (31, 31), (32, 32), (77, 74), (33, 33), (34, 34), (35, 35), (36, 36), (37, 37), (38, 38), (39, 39), (40, 40), (41, 41), (76, 78), (42, 42), (43, 43), (44, 44), (45, 45), (46, 46), (47, 47), (48, 48), (49, 76), (50, 50), (51, 51), (52, 52), (53, 53), (54, 54), (55, 55), (56, 56), (57, 57), (58, 58), (75, 49), (59, 59), (60, 60), (61, 61), (62, 62), (63, 63), (64, 64), (65, 65), (66, 66), (67, 67), (68, 68), (69, 69), (70, 70), (71, 71), (74, 75), (72, 72), (73, 73)]
index list: [0, 1, 2, 3, 4, 5, 6, 7, 8, 9, 10, 11, 12, 13, 79, 14, 15, 16, 77, 17, 18, 19, 20, 21, 22, 23, 24, 25, 26, 27, 28, 29, 30, 31, 32, 74, 33, 34, 35, 36, 37, 38, 39, 40, 41, 78, 42, 43, 44, 45, 46, 47, 48, 76, 50, 51, 52, 53, 54, 55, 56, 57, 58, 49, 59, 60, 61, 62, 63, 64, 65, 66, 67, 68, 69, 70, 71, 75, 72, 73]
index list energy: 98209.82393678775
Done


iterations: 10000000 temp: 1000000.0 exponent: 0.7 eif: 300.0
time taken (sec): 912.5128145217896
number of iterations: 10000000
og index list: [(0, 60), (1, 43), (2, 5), (3, 63), (4, 53), (5, 37), (6, 51), (7, 8), (8, 34), (9, 21), (10, 42), (11, 33), (12, 9), (13, 28), (79, 3), (14, 41), (15, 64), (16, 14), (78, 72), (17, 62), (18, 19), (19, 78), (20, 52), (21, 79), (22, 30), (23, 18), (24, 17), (25, 49), (26, 69), (27, 7), (28, 73), (29, 54), (30, 50), (31, 16), (32, 71), (77, 10), (33, 46), (34, 23), (35, 40), (36, 66), (37, 15), (38, 24), (39, 76), (40, 4), (41, 6), (76, 67), (42, 70), (43, 47), (44, 61), (45, 13), (46, 11), (47, 25), (48, 59), (49, 57), (50, 68), (51, 32), (52, 39), (53, 75), (54, 31), (55, 56), (56, 77), (57, 48), (58, 26), (75, 38), (59, 65), (60, 12), (61, 45), (62, 1), (63, 35), (64, 58), (65, 0), (66, 74), (67, 29), (68, 55), (69, 27), (70, 2), (71, 22), (74, 36), (72, 20), (73, 44)]
og index list energy: 112837089.39985459
index_list: [(0, 0), (1, 1), (2, 2), (3, 3), (4, 4), (5, 5), (6, 6), (7, 7), (8, 8), (9, 9), (10, 10), (11, 11), (12, 12), (13, 13), (79, 74), (14, 14), (15, 15), (16, 16), (78, 79), (17, 17), (18, 18), (19, 19), (20, 20), (21, 21), (22, 22), (23, 23), (24, 24), (25, 25), (26, 26), (27, 27), (28, 28), (29, 29), (30, 30), (31, 31), (32, 32), (77, 78), (33, 33), (34, 34), (35, 35), (36, 36), (37, 37), (38, 38), (39, 39), (40, 40), (41, 41), (76, 71), (42, 76), (43, 43), (44, 44), (45, 45), (46, 46), (47, 47), (48, 48), (49, 75), (50, 50), (51, 51), (52, 52), (53, 53), (54, 54), (55, 55), (56, 56), (57, 57), (58, 58), (75, 49), (59, 59), (60, 60), (61, 61), (62, 62), (63, 63), (64, 64), (65, 65), (66, 66), (67, 67), (68, 68), (69, 69), (70, 70), (71, 77), (74, 42), (72, 72), (73, 73)]
index list: [0, 1, 2, 3, 4, 5, 6, 7, 8, 9, 10, 11, 12, 13, 74, 14, 15, 16, 79, 17, 18, 19, 20, 21, 22, 23, 24, 25, 26, 27, 28, 29, 30, 31, 32, 78, 33, 34, 35, 36, 37, 38, 39, 40, 41, 71, 76, 43, 44, 45, 46, 47, 48, 75, 50, 51, 52, 53, 54, 55, 56, 57, 58, 49, 59, 60, 61, 62, 63, 64, 65, 66, 67, 68, 69, 70, 77, 42, 72, 73]
index list energy: 108070.45780373304
Done


iterations: 10000000 temp: 1000000.0 exponent: 0.7 eif: 300.0
time taken (sec): 932.5421035289764
number of iterations: 10000000
og index list: [(0, 56), (1, 37), (2, 55), (3, 38), (4, 16), (5, 35), (6, 57), (7, 64), (8, 11), (9, 25), (10, 6), (11, 76), (12, 27), (13, 63), (79, 51), (14, 43), (15, 2), (16, 18), (78, 12), (17, 79), (18, 19), (19, 45), (20, 9), (21, 54), (22, 41), (23, 65), (24, 26), (25, 28), (26, 31), (27, 40), (28, 49), (29, 62), (30, 22), (31, 3), (32, 60), (77, 36), (33, 77), (34, 78), (35, 13), (36, 20), (37, 7), (38, 74), (39, 29), (40, 34), (41, 46), (76, 17), (42, 50), (43, 4), (44, 71), (45, 59), (46, 10), (47, 70), (48, 1), (49, 52), (50, 61), (51, 42), (52, 5), (53, 15), (54, 69), (55, 48), (56, 24), (57, 75), (58, 32), (75, 14), (59, 44), (60, 68), (61, 58), (62, 21), (63, 47), (64, 73), (65, 30), (66, 23), (67, 8), (68, 33), (69, 72), (70, 53), (71, 0), (74, 39), (72, 67), (73, 66)]
og index list energy: 108816037.09924401
index_list: [(0, 0), (1, 1), (2, 2), (3, 3), (4, 4), (5, 5), (6, 6), (7, 7), (8, 8), (9, 9), (10, 10), (11, 11), (12, 12), (13, 13), (79, 77), (14, 14), (15, 15), (16, 16), (78, 74), (17, 17), (18, 18), (19, 19), (20, 20), (21, 21), (22, 22), (23, 23), (24, 24), (25, 25), (26, 26), (27, 27), (28, 28), (29, 29), (30, 30), (31, 31), (32, 32), (77, 75), (33, 33), (34, 34), (35, 35), (36, 36), (37, 37), (38, 38), (39, 39), (40, 40), (41, 41), (76, 79), (42, 42), (43, 43), (44, 44), (45, 45), (46, 46), (47, 47), (48, 48), (49, 78), (50, 50), (51, 51), (52, 52), (53, 53), (54, 54), (55, 55), (56, 56), (57, 57), (58, 58), (75, 76), (59, 59), (60, 60), (61, 61), (62, 62), (63, 63), (64, 64), (65, 65), (66, 66), (67, 67), (68, 68), (69, 69), (70, 70), (71, 71), (74, 49), (72, 72), (73, 73)]
index list: [0, 1, 2, 3, 4, 5, 6, 7, 8, 9, 10, 11, 12, 13, 77, 14, 15, 16, 74, 17, 18, 19, 20, 21, 22, 23, 24, 25, 26, 27, 28, 29, 30, 31, 32, 75, 33, 34, 35, 36, 37, 38, 39, 40, 41, 79, 42, 43, 44, 45, 46, 47, 48, 78, 50, 51, 52, 53, 54, 55, 56, 57, 58, 76, 59, 60, 61, 62, 63, 64, 65, 66, 67, 68, 69, 70, 71, 49, 72, 73]
index list energy: 98209.82393678775
Done


iterations: 10000000 temp: 1000000.0 exponent: 0.7 eif: 300.0
time taken (sec): 916.914941072464
number of iterations: 10000000
og index list: [(0, 1), (1, 69), (2, 40), (3, 64), (4, 47), (5, 15), (6, 70), (7, 20), (8, 62), (9, 63), (10, 45), (11, 16), (12, 68), (13, 7), (79, 21), (14, 41), (15, 19), (16, 39), (78, 54), (17, 79), (18, 0), (19, 38), (20, 36), (21, 26), (22, 48), (23, 24), (24, 44), (25, 51), (26, 37), (27, 65), (28, 12), (29, 17), (30, 78), (31, 23), (32, 29), (77, 67), (33, 52), (34, 8), (35, 4), (36, 66), (37, 6), (38, 14), (39, 9), (40, 50), (41, 56), (76, 3), (42, 10), (43, 53), (44, 33), (45, 59), (46, 75), (47, 27), (48, 61), (49, 77), (50, 42), (51, 72), (52, 46), (53, 49), (54, 35), (55, 5), (56, 43), (57, 31), (58, 60), (75, 2), (59, 74), (60, 13), (61, 34), (62, 11), (63, 30), (64, 28), (65, 22), (66, 73), (67, 25), (68, 18), (69, 32), (70, 55), (71, 76), (74, 58), (72, 71), (73, 57)]
og index list energy: 153645699.87467515
index_list: [(0, 0), (1, 1), (2, 2), (3, 3), (4, 4), (5, 5), (6, 6), (7, 7), (8, 8), (9, 9), (10, 10), (11, 11), (12, 12), (13, 13), (79, 79), (14, 14), (15, 15), (16, 16), (78, 78), (17, 17), (18, 18), (19, 19), (20, 20), (21, 21), (22, 22), (23, 23), (24, 24), (25, 25), (26, 26), (27, 27), (28, 28), (29, 29), (30, 30), (31, 31), (32, 32), (77, 77), (33, 33), (34, 34), (35, 35), (36, 36), (37, 37), (38, 38), (39, 39), (40, 40), (41, 41), (76, 71), (42, 75), (43, 43), (44, 44), (45, 45), (46, 46), (47, 47), (48, 48), (49, 49), (50, 50), (51, 51), (52, 52), (53, 53), (54, 54), (55, 55), (56, 56), (57, 57), (58, 58), (75, 76), (59, 59), (60, 60), (61, 61), (62, 62), (63, 63), (64, 64), (65, 65), (66, 66), (67, 67), (68, 68), (69, 69), (70, 70), (71, 74), (74, 42), (72, 72), (73, 73)]
index list: [0, 1, 2, 3, 4, 5, 6, 7, 8, 9, 10, 11, 12, 13, 79, 14, 15, 16, 78, 17, 18, 19, 20, 21, 22, 23, 24, 25, 26, 27, 28, 29, 30, 31, 32, 77, 33, 34, 35, 36, 37, 38, 39, 40, 41, 71, 75, 43, 44, 45, 46, 47, 48, 49, 50, 51, 52, 53, 54, 55, 56, 57, 58, 76, 59, 60, 61, 62, 63, 64, 65, 66, 67, 68, 69, 70, 74, 42, 72, 73]
index list energy: 107771.95799597686
Done


iterations: 10000000 temp: 1000000.0 exponent: 0.7 eif: 300.0
time taken (sec): 933.9590475559235
number of iterations: 10000000
og index list: [(0, 18), (1, 30), (2, 71), (3, 10), (4, 57), (5, 51), (6, 19), (7, 53), (8, 37), (9, 36), (10, 27), (11, 56), (12, 12), (13, 24), (79, 73), (14, 48), (15, 32), (16, 21), (78, 38), (17, 3), (18, 13), (19, 59), (20, 25), (21, 2), (22, 41), (23, 47), (24, 70), (25, 28), (26, 76), (27, 52), (28, 58), (29, 23), (30, 75), (31, 15), (32, 45), (77, 34), (33, 43), (34, 14), (35, 54), (36, 26), (37, 11), (38, 0), (39, 1), (40, 77), (41, 67), (76, 61), (42, 16), (43, 49), (44, 4), (45, 17), (46, 64), (47, 68), (48, 74), (49, 7), (50, 5), (51, 44), (52, 66), (53, 22), (54, 31), (55, 69), (56, 78), (57, 35), (58, 9), (75, 33), (59, 55), (60, 39), (61, 60), (62, 46), (63, 62), (64, 42), (65, 72), (66, 40), (67, 65), (68, 29), (69, 50), (70, 79), (71, 6), (74, 20), (72, 63), (73, 8)]
og index list energy: 108004269.7538953
index_list: [(0, 72), (1, 1), (2, 2), (3, 3), (4, 4), (5, 5), (6, 6), (7, 7), (8, 8), (9, 9), (10, 10), (11, 11), (12, 12), (13, 13), (79, 78), (14, 14), (15, 15), (16, 16), (78, 79), (17, 17), (18, 18), (19, 19), (20, 20), (21, 21), (22, 22), (23, 23), (24, 24), (25, 25), (26, 26), (27, 27), (28, 28), (29, 29), (30, 30), (31, 31), (32, 32), (77, 49), (33, 33), (34, 34), (35, 35), (36, 36), (37, 37), (38, 38), (39, 39), (40, 40), (41, 41), (76, 76), (42, 42), (43, 43), (44, 44), (45, 45), (46, 46), (47, 47), (48, 48), (49, 74), (50, 50), (51, 51), (52, 52), (53, 53), (54, 54), (55, 55), (56, 56), (57, 57), (58, 58), (75, 75), (59, 59), (60, 60), (61, 61), (62, 62), (63, 63), (64, 64), (65, 65), (66, 66), (67, 67), (68, 68), (69, 69), (70, 70), (71, 71), (74, 0), (72, 77), (73, 73)]
index list: [72, 1, 2, 3, 4, 5, 6, 7, 8, 9, 10, 11, 12, 13, 78, 14, 15, 16, 79, 17, 18, 19, 20, 21, 22, 23, 24, 25, 26, 27, 28, 29, 30, 31, 32, 49, 33, 34, 35, 36, 37, 38, 39, 40, 41, 76, 42, 43, 44, 45, 46, 47, 48, 74, 50, 51, 52, 53, 54, 55, 56, 57, 58, 75, 59, 60, 61, 62, 63, 64, 65, 66, 67, 68, 69, 70, 71, 0, 77, 73]
index list energy: 100415.02532256568
Done


iterations: 10000000 temp: 1000000.0 exponent: 0.7 eif: 300.0
time taken (sec): 903.218199968338
number of iterations: 10000000
og index list: [(0, 57), (1, 68), (2, 30), (3, 7), (4, 10), (5, 27), (6, 18), (7, 36), (8, 13), (9, 40), (10, 51), (11, 32), (12, 53), (13, 48), (79, 14), (14, 23), (15, 75), (16, 15), (78, 73), (17, 59), (18, 8), (19, 4), (20, 45), (21, 5), (22, 20), (23, 70), (24, 77), (25, 28), (26, 26), (27, 47), (28, 21), (29, 16), (30, 43), (31, 49), (32, 42), (77, 25), (33, 2), (34, 39), (35, 74), (36, 38), (37, 67), (38, 69), (39, 22), (40, 11), (41, 34), (76, 33), (42, 71), (43, 76), (44, 3), (45, 37), (46, 58), (47, 35), (48, 46), (49, 1), (50, 66), (51, 65), (52, 0), (53, 56), (54, 64), (55, 6), (56, 41), (57, 52), (58, 50), (75, 44), (59, 62), (60, 63), (61, 60), (62, 29), (63, 79), (64, 55), (65, 61), (66, 17), (67, 19), (68, 54), (69, 12), (70, 24), (71, 72), (74, 9), (72, 31), (73, 78)]
og index list energy: 107833123.07123573
index_list: [(0, 0), (1, 1), (2, 2), (3, 3), (4, 4), (5, 5), (6, 6), (7, 7), (8, 8), (9, 9), (10, 10), (11, 11), (12, 12), (13, 13), (79, 75), (14, 14), (15, 15), (16, 16), (78, 74), (17, 17), (18, 18), (19, 19), (20, 20), (21, 21), (22, 22), (23, 23), (24, 24), (25, 25), (26, 26), (27, 27), (28, 28), (29, 29), (30, 30), (31, 31), (32, 32), (77, 77), (33, 33), (34, 34), (35, 35), (36, 36), (37, 37), (38, 38), (39, 39), (40, 40), (41, 41), (76, 71), (42, 78), (43, 43), (44, 44), (45, 45), (46, 46), (47, 47), (48, 48), (49, 79), (50, 50), (51, 51), (52, 52), (53, 53), (54, 54), (55, 55), (56, 56), (57, 57), (58, 58), (75, 76), (59, 59), (60, 60), (61, 61), (62, 62), (63, 63), (64, 64), (65, 65), (66, 66), (67, 67), (68, 68), (69, 69), (70, 72), (71, 73), (74, 49), (72, 42), (73, 70)]
index list: [0, 1, 2, 3, 4, 5, 6, 7, 8, 9, 10, 11, 12, 13, 75, 14, 15, 16, 74, 17, 18, 19, 20, 21, 22, 23, 24, 25, 26, 27, 28, 29, 30, 31, 32, 77, 33, 34, 35, 36, 37, 38, 39, 40, 41, 71, 78, 43, 44, 45, 46, 47, 48, 79, 50, 51, 52, 53, 54, 55, 56, 57, 58, 76, 59, 60, 61, 62, 63, 64, 65, 66, 67, 68, 69, 72, 73, 49, 42, 70]
index list energy: 117778.2679746308
Done


iterations: 10000000 temp: 1000000.0 exponent: 0.7 eif: 300.0
time taken (sec): 954.6115982532501
number of iterations: 10000000
og index list: [(0, 68), (1, 47), (2, 77), (3, 69), (4, 25), (5, 62), (6, 18), (7, 48), (8, 11), (9, 55), (10, 76), (11, 23), (12, 45), (13, 75), (79, 10), (14, 65), (15, 24), (16, 0), (78, 74), (17, 40), (18, 52), (19, 8), (20, 27), (21, 60), (22, 15), (23, 73), (24, 9), (25, 7), (26, 38), (27, 64), (28, 4), (29, 67), (30, 46), (31, 13), (32, 3), (77, 26), (33, 16), (34, 41), (35, 6), (36, 79), (37, 35), (38, 33), (39, 1), (40, 43), (41, 70), (76, 78), (42, 12), (43, 54), (44, 58), (45, 34), (46, 42), (47, 22), (48, 44), (49, 21), (50, 39), (51, 50), (52, 14), (53, 53), (54, 28), (55, 36), (56, 32), (57, 63), (58, 29), (75, 66), (59, 51), (60, 31), (61, 61), (62, 37), (63, 20), (64, 5), (65, 71), (66, 72), (67, 49), (68, 17), (69, 2), (70, 19), (71, 57), (74, 59), (72, 30), (73, 56)]
og index list energy: 102824859.06595644
index_list: [(0, 0), (1, 1), (2, 2), (3, 3), (4, 4), (5, 5), (6, 6), (7, 7), (8, 8), (9, 9), (10, 10), (11, 11), (12, 12), (13, 13), (79, 76), (14, 14), (15, 15), (16, 16), (78, 78), (17, 17), (18, 18), (19, 19), (20, 20), (21, 21), (22, 22), (23, 23), (24, 24), (25, 25), (26, 26), (27, 27), (28, 28), (29, 29), (30, 30), (31, 31), (32, 32), (77, 79), (33, 33), (34, 34), (35, 35), (36, 36), (37, 37), (38, 38), (39, 39), (40, 40), (41, 41), (76, 49), (42, 42), (43, 43), (44, 44), (45, 45), (46, 46), (47, 47), (48, 48), (49, 74), (50, 50), (51, 51), (52, 52), (53, 53), (54, 54), (55, 55), (56, 56), (57, 57), (58, 58), (75, 75), (59, 59), (60, 60), (61, 61), (62, 62), (63, 63), (64, 64), (65, 65), (66, 66), (67, 67), (68, 68), (69, 69), (70, 70), (71, 71), (74, 77), (72, 72), (73, 73)]
index list: [0, 1, 2, 3, 4, 5, 6, 7, 8, 9, 10, 11, 12, 13, 76, 14, 15, 16, 78, 17, 18, 19, 20, 21, 22, 23, 24, 25, 26, 27, 28, 29, 30, 31, 32, 79, 33, 34, 35, 36, 37, 38, 39, 40, 41, 49, 42, 43, 44, 45, 46, 47, 48, 74, 50, 51, 52, 53, 54, 55, 56, 57, 58, 75, 59, 60, 61, 62, 63, 64, 65, 66, 67, 68, 69, 70, 71, 77, 72, 73]
index list energy: 98209.82393678775
Done


iterations: 10000000 temp: 1000000.0 exponent: 0.7 eif: 300.0
time taken (sec): 746.2133917808533
number of iterations: 10000000
og index list: [(0, 73), (1, 46), (2, 21), (3, 66), (4, 67), (5, 9), (6, 27), (7, 32), (8, 4), (9, 37), (10, 48), (11, 77), (12, 61), (13, 78), (79, 23), (14, 69), (15, 24), (16, 63), (78, 17), (17, 20), (18, 50), (19, 0), (20, 31), (21, 79), (22, 2), (23, 13), (24, 14), (25, 35), (26, 42), (27, 58), (28, 5), (29, 72), (30, 52), (31, 47), (32, 65), (77, 60), (33, 19), (34, 54), (35, 1), (36, 41), (37, 15), (38, 34), (39, 51), (40, 44), (41, 11), (76, 28), (42, 71), (43, 33), (44, 70), (45, 6), (46, 40), (47, 16), (48, 45), (49, 3), (50, 74), (51, 43), (52, 18), (53, 75), (54, 68), (55, 7), (56, 22), (57, 12), (58, 30), (75, 36), (59, 62), (60, 76), (61, 39), (62, 8), (63, 59), (64, 29), (65, 38), (66, 53), (67, 49), (68, 25), (69, 57), (70, 56), (71, 10), (74, 26), (72, 64), (73, 55)]
og index list energy: 95791096.84048456
index_list: [(0, 43), (1, 1), (2, 2), (3, 3), (4, 75), (5, 17), (6, 77), (7, 7), (8, 8), (9, 9), (10, 10), (11, 11), (12, 50), (13, 51), (79, 52), (14, 14), (15, 5), (16, 6), (78, 53), (17, 76), (18, 18), (19, 19), (20, 20), (21, 21), (22, 22), (23, 23), (24, 24), (25, 25), (26, 4), (27, 26), (28, 74), (29, 27), (30, 28), (31, 29), (32, 30), (77, 31), (33, 54), (34, 34), (35, 35), (36, 36), (37, 37), (38, 38), (39, 39), (40, 40), (41, 44), (76, 45), (42, 32), (43, 12), (44, 13), (45, 16), (46, 0), (47, 47), (48, 48), (49, 78), (50, 42), (51, 72), (52, 73), (53, 79), (54, 33), (55, 55), (56, 56), (57, 57), (58, 58), (75, 49), (59, 59), (60, 60), (61, 61), (62, 62), (63, 63), (64, 64), (65, 65), (66, 66), (67, 67), (68, 68), (69, 69), (70, 70), (71, 71), (74, 15), (72, 46), (73, 41)]
index list: [43, 1, 2, 3, 75, 17, 77, 7, 8, 9, 10, 11, 50, 51, 52, 14, 5, 6, 53, 76, 18, 19, 20, 21, 22, 23, 24, 25, 4, 26, 74, 27, 28, 29, 30, 31, 54, 34, 35, 36, 37, 38, 39, 40, 44, 45, 32, 12, 13, 16, 0, 47, 48, 78, 42, 72, 73, 79, 33, 55, 56, 57, 58, 49, 59, 60, 61, 62, 63, 64, 65, 66, 67, 68, 69, 70, 71, 15, 46, 41]
index list energy: 742105.4962770357
Done


iterations: 10000000 temp: 1000000.0 exponent: 0.7 eif: 300.0
time taken (sec): 847.5414900779724
number of iterations: 10000000
og index list: [(0, 68), (1, 61), (2, 0), (3, 14), (4, 67), (5, 53), (6, 39), (7, 15), (8, 50), (9, 70), (10, 51), (11, 74), (12, 43), (13, 41), (79, 42), (14, 13), (15, 57), (16, 31), (78, 22), (17, 40), (18, 77), (19, 62), (20, 27), (21, 63), (22, 4), (23, 38), (24, 29), (25, 66), (26, 56), (27, 18), (28, 1), (29, 73), (30, 17), (31, 59), (32, 23), (77, 47), (33, 16), (34, 78), (35, 37), (36, 49), (37, 34), (38, 75), (39, 69), (40, 64), (41, 28), (76, 65), (42, 3), (43, 21), (44, 25), (45, 30), (46, 5), (47, 6), (48, 32), (49, 2), (50, 7), (51, 26), (52, 54), (53, 11), (54, 44), (55, 76), (56, 60), (57, 19), (58, 79), (75, 10), (59, 36), (60, 9), (61, 55), (62, 20), (63, 24), (64, 48), (65, 72), (66, 52), (67, 8), (68, 45), (69, 46), (70, 33), (71, 58), (74, 35), (72, 71), (73, 12)]
og index list energy: 105562018.12659264
index_list: [(0, 72), (1, 1), (2, 2), (3, 3), (4, 4), (5, 5), (6, 6), (7, 7), (8, 8), (9, 9), (10, 10), (11, 11), (12, 77), (13, 43), (79, 44), (14, 45), (15, 16), (16, 76), (78, 42), (17, 17), (18, 18), (19, 19), (20, 20), (21, 21), (22, 22), (23, 23), (24, 24), (25, 25), (26, 26), (27, 27), (28, 28), (29, 29), (30, 30), (31, 31), (32, 32), (77, 75), (33, 33), (34, 34), (35, 35), (36, 36), (37, 37), (38, 38), (39, 39), (40, 40), (41, 41), (76, 0), (42, 73), (43, 78), (44, 12), (45, 13), (46, 46), (47, 47), (48, 48), (49, 74), (50, 50), (51, 51), (52, 52), (53, 53), (54, 54), (55, 55), (56, 56), (57, 57), (58, 58), (75, 79), (59, 59), (60, 60), (61, 61), (62, 62), (63, 63), (64, 64), (65, 65), (66, 66), (67, 67), (68, 68), (69, 69), (70, 70), (71, 71), (74, 49), (72, 14), (73, 15)]
index list: [72, 1, 2, 3, 4, 5, 6, 7, 8, 9, 10, 11, 77, 43, 44, 45, 16, 76, 42, 17, 18, 19, 20, 21, 22, 23, 24, 25, 26, 27, 28, 29, 30, 31, 32, 75, 33, 34, 35, 36, 37, 38, 39, 40, 41, 0, 73, 78, 12, 13, 46, 47, 48, 74, 50, 51, 52, 53, 54, 55, 56, 57, 58, 79, 59, 60, 61, 62, 63, 64, 65, 66, 67, 68, 69, 70, 71, 49, 14, 15]
index list energy: 170652.65891712217
Done


iterations: 10000000 temp: 1000000.0 exponent: 0.7 eif: 300.0
time taken (sec): 47.84598898887634
number of iterations: 1319502
og index list: [(0, 51), (1, 19), (2, 15), (3, 57), (4, 55), (5, 2), (6, 37), (7, 7), (8, 64), (9, 59), (10, 72), (11, 50), (12, 13), (13, 60), (79, 4), (14, 52), (15, 30), (16, 75), (78, 58), (17, 23), (18, 77), (19, 20), (20, 41), (21, 12), (22, 21), (23, 76), (24, 48), (25, 44), (26, 66), (27, 46), (28, 67), (29, 29), (30, 27), (31, 16), (32, 26), (77, 69), (33, 53), (34, 35), (35, 45), (36, 3), (37, 56), (38, 65), (39, 62), (40, 79), (41, 11), (76, 63), (42, 40), (43, 70), (44, 39), (45, 71), (46, 49), (47, 42), (48, 74), (49, 8), (50, 31), (51, 5), (52, 0), (53, 1), (54, 24), (55, 17), (56, 28), (57, 47), (58, 10), (75, 43), (59, 38), (60, 32), (61, 73), (62, 34), (63, 9), (64, 54), (65, 22), (66, 78), (67, 68), (68, 61), (69, 18), (70, 14), (71, 36), (74, 33), (72, 25), (73, 6)]
og index list energy: 80760459.73963359
index_list: [(0, 73), (1, 5), (2, 50), (3, 9), (4, 52), (5, 69), (6, 70), (7, 71), (8, 7), (9, 8), (10, 59), (11, 56), (12, 66), (13, 14), (79, 26), (14, 27), (15, 28), (16, 72), (78, 41), (17, 0), (18, 51), (19, 38), (20, 58), (21, 74), (22, 35), (23, 45), (24, 39), (25, 68), (26, 17), (27, 76), (28, 32), (29, 1), (30, 2), (31, 19), (32, 4), (77, 60), (33, 61), (34, 10), (35, 53), (36, 54), (37, 77), (38, 29), (39, 30), (40, 31), (41, 46), (76, 11), (42, 16), (43, 25), (44, 15), (45, 33), (46, 62), (47, 78), (48, 44), (49, 75), (50, 20), (51, 22), (52, 23), (53, 42), (54, 43), (55, 64), (56, 63), (57, 55), (58, 67), (75, 48), (59, 34), (60, 49), (61, 18), (62, 3), (63, 21), (64, 37), (65, 79), (66, 40), (67, 6), (68, 24), (69, 13), (70, 36), (71, 12), (74, 57), (72, 65), (73, 47)]
index list: [73, 5, 50, 9, 52, 69, 70, 71, 7, 8, 59, 56, 66, 14, 26, 27, 28, 72, 41, 0, 51, 38, 58, 74, 35, 45, 39, 68, 17, 76, 32, 1, 2, 19, 4, 60, 61, 10, 53, 54, 77, 29, 30, 31, 46, 11, 16, 25, 15, 33, 62, 78, 44, 75, 20, 22, 23, 42, 43, 64, 63, 55, 67, 48, 34, 49, 18, 3, 21, 37, 79, 40, 6, 24, 13, 36, 12, 57, 65, 47]
index list energy: 8499297.35839765
Done


