## SLURM PROLOG ###############################################################
##    Job ID : 9199659
##  Job Name : five_day_runs
##  Nodelist : node1315
##      CPUs : 1
##  Mem/Node : 1024 MB
## Directory : /gpfs/data/nfawzi/skale/Fawzi_pycharm_project
##   Started : Fri Dec  6 20:28:25 EST 2019
###############################################################################
program started at:2019-12-06 20:28:27.507301
iterations: 5000000000 temp: 1000000.0 exponent: 0.7 eif: 300.0
time taken (sec): 375858.9890694618
number of iterations: 5000000000
final temperature: 191.58123138056612
og index list: [447, 131, 109, 6, 448, 426, 431, 335, 266, 365, 456, 79, 367, 15, 171, 169, 320, 142, 272, 67, 423, 416, 435, 341, 186, 390, 179, 393, 89, 324, 30, 242, 60, 19, 55, 144, 108, 155, 287, 137, 389, 36, 437, 16, 425, 297, 48, 380, 20, 278, 87, 422, 402, 205, 81, 411, 140, 38, 458, 214, 409, 172, 136, 183, 391, 118, 231, 37, 209, 243, 88, 104, 309, 322, 40, 77, 408, 303, 194, 248, 189, 298, 414, 308, 12, 236, 117, 62, 373, 254, 314, 139, 102, 374, 132, 181, 350, 307, 255, 436, 394, 382, 207, 420, 376, 397, 11, 234, 371, 190, 180, 327, 450, 245, 33, 135, 51, 434, 279, 45, 160, 126, 348, 299, 133, 292, 141, 346, 230, 94, 440, 200, 134, 392, 323, 197, 56, 41, 429, 288, 384, 318, 289, 58, 319, 173, 199, 224, 339, 4, 349, 116, 421, 49, 91, 163, 53, 7, 96, 388, 217, 61, 168, 438, 129, 247, 428, 277, 152, 127, 241, 97, 304, 154, 198, 80, 175, 238, 166, 69, 63, 120, 153, 66, 193, 410, 95, 35, 9, 78, 24, 162, 8, 113, 251, 296, 353, 125, 419, 462, 449, 459, 355, 466, 383, 64, 372, 114, 317, 110, 395, 467, 276, 196, 439, 191, 405, 100, 84, 280, 258, 130, 32, 385, 424, 34, 237, 123, 85, 259, 302, 185, 465, 387, 363, 13, 282, 0, 164, 441, 256, 188, 337, 239, 268, 331, 124, 269, 369, 412, 106, 430, 312, 86, 157, 159, 418, 208, 65, 415, 377, 433, 407, 128, 165, 246, 344, 271, 260, 14, 257, 59, 2, 398, 220, 122, 329, 119, 357, 39, 326, 212, 284, 330, 334, 176, 151, 290, 267, 404, 121, 417, 82, 378, 76, 218, 336, 275, 333, 233, 460, 182, 301, 352, 362, 250, 345, 469, 285, 244, 170, 261, 325, 101, 274, 29, 464, 46, 468, 313, 291, 203, 75, 406, 18, 211, 445, 216, 70, 332, 42, 138, 453, 223, 174, 379, 72, 455, 265, 177, 103, 213, 235, 281, 328, 229, 57, 252, 187, 454, 227, 184, 446, 68, 471, 306, 286, 249, 443, 147, 354, 305, 47, 375, 98, 366, 364, 43, 148, 27, 150, 146, 52, 31, 158, 273, 111, 472, 206, 470, 461, 226, 232, 413, 21, 293, 311, 71, 145, 343, 221, 338, 351, 401, 463, 105, 3, 473, 386, 403, 310, 92, 215, 381, 222, 457, 201, 22, 5, 228, 264, 115, 316, 156, 195, 210, 300, 295, 44, 17, 83, 90, 342, 178, 358, 452, 347, 442, 396, 370, 73, 321, 400, 204, 50, 315, 356, 26, 294, 202, 192, 263, 219, 1, 340, 427, 225, 74, 167, 143, 23, 161, 107, 28, 253, 240, 54, 399, 451, 262, 368, 432, 112, 149, 444, 361, 10, 93, 99, 359, 25, 283, 360, 270]
og index list energy: 102727017.37451494
index list: [234, 205, 17, 421, 227, 30, 369, 76, 107, 301, 330, 338, 132, 38, 339, 320, 214, 192, 21, 115, 238, 33, 430, 32, 2, 16, 375, 116, 294, 44, 442, 388, 324, 419, 168, 321, 448, 344, 95, 404, 260, 306, 368, 259, 187, 291, 424, 213, 272, 373, 6, 411, 235, 384, 209, 466, 18, 69, 130, 54, 218, 250, 36, 37, 170, 386, 243, 472, 109, 298, 113, 164, 169, 459, 200, 210, 473, 160, 365, 225, 407, 413, 53, 395, 380, 336, 414, 316, 24, 56, 180, 254, 300, 246, 335, 28, 406, 457, 64, 279, 353, 229, 118, 117, 155, 292, 434, 352, 315, 171, 286, 97, 263, 176, 35, 15, 460, 438, 453, 194, 189, 436, 465, 427, 327, 223, 348, 237, 363, 264, 454, 280, 71, 140, 103, 1, 219, 108, 8, 184, 34, 153, 179, 464, 221, 159, 220, 323, 295, 142, 181, 376, 337, 302, 405, 178, 185, 85, 13, 429, 422, 271, 228, 331, 390, 451, 387, 124, 233, 446, 40, 349, 49, 9, 393, 158, 433, 245, 163, 308, 265, 299, 58, 135, 261, 81, 374, 253, 68, 52, 91, 90, 134, 125, 381, 362, 303, 203, 196, 287, 51, 346, 322, 12, 105, 470, 10, 379, 46, 332, 345, 340, 401, 468, 4, 191, 5, 188, 193, 262, 313, 0, 437, 334, 102, 282, 3, 351, 99, 241, 377, 100, 410, 173, 175, 126, 43, 289, 360, 370, 23, 186, 328, 333, 397, 131, 270, 278, 41, 39, 226, 29, 288, 224, 441, 78, 198, 284, 326, 356, 432, 458, 467, 343, 347, 247, 394, 114, 217, 471, 79, 89, 60, 162, 350, 119, 372, 426, 378, 290, 304, 463, 98, 244, 396, 399, 199, 190, 197, 201, 412, 94, 240, 444, 311, 273, 215, 275, 409, 267, 26, 341, 383, 152, 231, 145, 161, 232, 248, 449, 55, 141, 230, 236, 359, 133, 50, 122, 305, 45, 73, 67, 420, 59, 74, 439, 293, 251, 106, 207, 269, 183, 416, 84, 425, 165, 447, 423, 281, 314, 239, 307, 392, 385, 257, 216, 120, 455, 123, 62, 110, 47, 367, 7, 461, 296, 469, 65, 128, 361, 42, 222, 382, 325, 415, 418, 208, 31, 206, 20, 428, 19, 25, 364, 93, 371, 403, 249, 157, 443, 177, 342, 252, 276, 354, 182, 258, 11, 92, 66, 149, 450, 174, 166, 310, 86, 195, 445, 212, 440, 402, 121, 154, 400, 211, 435, 329, 283, 101, 255, 256, 14, 417, 408, 75, 137, 150, 80, 112, 136, 70, 138, 77, 61, 391, 129, 358, 266, 277, 389, 366, 63, 88, 111, 167, 143, 127, 297, 317, 96, 156, 398, 202, 48, 139, 144, 87, 431, 27, 83, 82, 148, 309, 268, 204, 147, 57, 462, 274, 22, 146, 357, 151, 172, 72, 452, 456, 312, 242, 319, 355, 318, 285, 104]
index list energy: 1629300.3732533385
Done




program ended at: 2019-12-11 20:18:27.695378 
 time delta: 4 days, 23:50:00.188077
