## SLURM PROLOG ###############################################################
##    Job ID : 9199681
##  Job Name : five_day_runs
##  Nodelist : node1108
##      CPUs : 1
##  Mem/Node : 1024 MB
## Directory : /gpfs/data/nfawzi/skale/Fawzi_pycharm_project
##   Started : Fri Dec  6 20:28:26 EST 2019
###############################################################################
program started at:2019-12-06 20:28:26.520709
iterations: 5000000000 temp: 1000000.0 exponent: 0.7 eif: 300.0
time taken (sec): 369578.8010811806
number of iterations: 5000000000
final temperature: 191.58123138056612
og index list: [190, 99, 102, 375, 331, 226, 212, 187, 179, 403, 401, 260, 47, 355, 100, 112, 177, 364, 77, 76, 365, 273, 51, 214, 421, 455, 325, 41, 75, 197, 118, 169, 108, 303, 206, 261, 392, 91, 60, 309, 469, 236, 205, 380, 145, 244, 330, 410, 291, 42, 63, 329, 358, 170, 36, 211, 263, 436, 360, 124, 9, 274, 279, 399, 352, 114, 168, 239, 25, 470, 151, 257, 18, 182, 1, 288, 89, 44, 23, 83, 472, 159, 430, 16, 73, 33, 294, 81, 473, 231, 48, 439, 121, 247, 135, 119, 385, 34, 406, 186, 218, 198, 104, 414, 416, 468, 268, 106, 384, 462, 203, 323, 441, 290, 242, 308, 7, 38, 313, 180, 341, 342, 431, 202, 453, 164, 287, 147, 457, 367, 228, 232, 349, 144, 435, 458, 301, 101, 237, 5, 123, 344, 15, 343, 22, 467, 126, 227, 65, 35, 157, 334, 46, 337, 298, 302, 115, 281, 56, 356, 440, 289, 321, 464, 199, 152, 79, 116, 361, 397, 428, 71, 173, 383, 189, 398, 140, 276, 12, 368, 371, 195, 269, 54, 404, 125, 346, 50, 265, 165, 320, 155, 215, 424, 37, 327, 172, 388, 188, 390, 400, 369, 233, 275, 171, 314, 272, 448, 94, 389, 0, 312, 196, 387, 111, 61, 160, 402, 282, 350, 90, 133, 394, 143, 305, 359, 412, 137, 295, 419, 335, 427, 191, 348, 225, 162, 395, 433, 415, 53, 19, 13, 417, 418, 113, 296, 310, 166, 300, 238, 425, 271, 134, 443, 326, 297, 87, 351, 194, 10, 220, 259, 122, 154, 131, 442, 471, 136, 374, 353, 245, 98, 204, 14, 138, 80, 249, 449, 333, 324, 463, 460, 318, 422, 103, 407, 366, 409, 217, 465, 208, 200, 444, 201, 117, 158, 251, 267, 128, 328, 248, 85, 40, 26, 423, 84, 363, 408, 20, 280, 345, 266, 234, 62, 340, 270, 184, 148, 304, 105, 299, 379, 357, 373, 316, 246, 67, 52, 262, 420, 386, 69, 466, 429, 219, 17, 332, 445, 176, 319, 213, 156, 322, 142, 185, 32, 459, 95, 120, 167, 30, 222, 451, 391, 278, 192, 393, 210, 221, 258, 183, 27, 250, 11, 6, 49, 377, 153, 396, 253, 434, 292, 437, 31, 277, 372, 286, 92, 161, 209, 3, 96, 285, 127, 293, 354, 447, 82, 241, 130, 461, 8, 68, 311, 57, 178, 378, 141, 59, 405, 339, 256, 438, 107, 307, 381, 252, 150, 223, 86, 72, 317, 216, 452, 315, 224, 413, 254, 78, 306, 181, 230, 146, 74, 426, 376, 55, 456, 243, 110, 347, 240, 336, 93, 24, 432, 66, 255, 109, 338, 64, 283, 175, 235, 193, 29, 163, 264, 229, 284, 21, 129, 97, 132, 207, 45, 149, 454, 28, 139, 70, 411, 382, 370, 43, 4, 58, 39, 450, 88, 362, 174, 2, 446]
og index list energy: 84637925.80586432
index list: [234, 205, 48, 452, 50, 47, 408, 7, 349, 62, 439, 110, 132, 38, 120, 320, 42, 65, 447, 147, 451, 158, 413, 32, 2, 16, 37, 170, 288, 0, 426, 235, 130, 342, 173, 119, 396, 155, 117, 404, 229, 428, 96, 167, 297, 142, 341, 213, 113, 370, 225, 334, 441, 357, 209, 472, 18, 69, 339, 27, 102, 322, 253, 151, 114, 343, 243, 471, 335, 236, 104, 164, 169, 465, 199, 210, 347, 143, 127, 63, 88, 442, 93, 415, 29, 308, 450, 245, 23, 149, 180, 254, 49, 108, 206, 20, 379, 261, 34, 33, 394, 389, 8, 356, 467, 39, 368, 196, 351, 171, 263, 400, 219, 176, 35, 15, 468, 376, 424, 194, 189, 6, 365, 360, 366, 264, 280, 448, 154, 362, 212, 265, 237, 71, 218, 121, 64, 80, 43, 289, 44, 1, 179, 305, 45, 317, 153, 434, 166, 125, 135, 392, 337, 302, 373, 178, 431, 57, 123, 403, 427, 271, 228, 331, 444, 409, 133, 405, 19, 456, 372, 201, 9, 464, 422, 247, 192, 21, 183, 214, 28, 86, 58, 56, 54, 81, 345, 202, 68, 52, 91, 90, 134, 312, 397, 435, 367, 203, 188, 414, 126, 82, 144, 12, 105, 399, 59, 355, 174, 241, 385, 470, 455, 438, 211, 191, 395, 251, 217, 287, 313, 163, 375, 94, 453, 148, 318, 273, 319, 285, 242, 274, 311, 185, 350, 316, 344, 321, 324, 387, 466, 186, 380, 128, 462, 131, 325, 283, 329, 327, 223, 282, 458, 310, 238, 112, 198, 168, 294, 359, 187, 348, 463, 207, 200, 249, 406, 74, 221, 386, 79, 89, 60, 92, 429, 13, 423, 36, 377, 53, 303, 446, 98, 244, 432, 381, 4, 5, 190, 197, 384, 352, 25, 473, 31, 40, 215, 275, 421, 270, 363, 231, 419, 152, 145, 393, 161, 232, 248, 364, 141, 73, 67, 146, 388, 3, 99, 338, 10, 420, 300, 301, 41, 459, 208, 230, 46, 332, 449, 336, 109, 124, 461, 106, 269, 181, 328, 382, 416, 333, 70, 136, 401, 354, 292, 315, 358, 286, 84, 97, 281, 314, 239, 307, 165, 291, 378, 224, 457, 100, 410, 407, 391, 227, 346, 76, 107, 262, 260, 330, 259, 26, 430, 24, 66, 11, 383, 258, 22, 411, 177, 433, 374, 276, 182, 252, 250, 412, 369, 226, 298, 272, 278, 78, 156, 299, 195, 418, 304, 454, 290, 326, 284, 267, 222, 398, 122, 425, 101, 255, 256, 14, 390, 361, 75, 137, 150, 115, 353, 138, 437, 61, 77, 85, 469, 129, 440, 30, 371, 175, 295, 323, 160, 111, 193, 95, 55, 402, 159, 257, 216, 306, 246, 220, 139, 162, 140, 103, 443, 279, 118, 51, 309, 268, 204, 445, 240, 277, 293, 266, 460, 172, 340, 116, 72, 436, 417, 296, 87, 233, 83, 184, 17, 157]
index list energy: 1613070.2380531644
Done




program ended at: 2019-12-11 20:18:26.528352 
 time delta: 4 days, 23:50:00.007643
