## SLURM PROLOG ###############################################################
##    Job ID : 9199631
##  Job Name : five_day_runs
##  Nodelist : node1312
##      CPUs : 1
##  Mem/Node : 1024 MB
## Directory : /gpfs/data/nfawzi/skale/Fawzi_pycharm_project
##   Started : Fri Dec  6 20:27:54 EST 2019
###############################################################################
program started at:2019-12-06 20:27:55.329929
iterations: 5000000000 temp: 1000000.0 exponent: 0.7 eif: 300.0
time taken (sec): 371467.6795680523
number of iterations: 5000000000
final temperature: 191.58123138056612
og index list: [326, 376, 258, 348, 328, 421, 61, 324, 274, 241, 359, 401, 259, 64, 305, 68, 385, 395, 134, 188, 119, 168, 22, 53, 19, 306, 429, 361, 115, 466, 67, 12, 351, 344, 127, 66, 130, 278, 271, 20, 276, 60, 237, 190, 270, 471, 330, 2, 14, 269, 102, 183, 227, 356, 266, 453, 357, 284, 47, 403, 178, 371, 142, 51, 3, 31, 340, 193, 316, 384, 268, 228, 462, 290, 5, 428, 386, 149, 147, 30, 74, 247, 184, 408, 446, 331, 123, 396, 86, 434, 105, 159, 8, 151, 437, 23, 248, 272, 300, 150, 42, 210, 341, 345, 175, 460, 0, 253, 197, 65, 236, 355, 131, 181, 90, 148, 27, 339, 414, 298, 288, 411, 451, 81, 116, 308, 394, 235, 358, 387, 294, 297, 267, 456, 33, 263, 242, 233, 40, 362, 152, 180, 407, 56, 313, 287, 165, 261, 432, 246, 45, 125, 213, 62, 95, 182, 377, 108, 44, 120, 375, 215, 192, 256, 410, 464, 157, 162, 16, 323, 232, 430, 406, 69, 230, 58, 139, 240, 366, 468, 24, 94, 457, 363, 156, 166, 252, 77, 251, 352, 262, 100, 194, 63, 209, 211, 92, 218, 265, 107, 307, 255, 333, 41, 97, 304, 289, 48, 185, 402, 325, 9, 347, 470, 315, 158, 365, 4, 312, 244, 431, 369, 73, 117, 141, 80, 469, 6, 467, 121, 301, 145, 13, 179, 286, 214, 343, 112, 137, 388, 423, 281, 461, 303, 114, 153, 18, 420, 320, 146, 111, 144, 70, 425, 39, 336, 54, 128, 226, 11, 329, 170, 231, 445, 418, 454, 319, 280, 109, 21, 321, 436, 206, 310, 29, 189, 409, 455, 346, 186, 292, 36, 433, 222, 234, 452, 291, 383, 257, 472, 332, 96, 126, 397, 122, 353, 138, 311, 98, 243, 374, 217, 129, 93, 338, 104, 392, 364, 135, 167, 87, 219, 458, 140, 229, 78, 164, 293, 26, 264, 221, 212, 390, 439, 169, 442, 444, 337, 379, 204, 17, 57, 399, 473, 25, 225, 52, 238, 118, 7, 335, 103, 382, 283, 360, 275, 163, 309, 82, 417, 155, 88, 404, 299, 370, 37, 245, 101, 187, 201, 43, 46, 49, 273, 422, 302, 334, 443, 198, 389, 450, 177, 220, 438, 239, 35, 380, 413, 449, 1, 465, 412, 75, 91, 32, 132, 195, 327, 405, 161, 373, 205, 173, 435, 424, 254, 171, 398, 459, 196, 99, 83, 10, 416, 368, 216, 393, 318, 322, 342, 106, 191, 279, 59, 285, 367, 260, 350, 440, 38, 143, 314, 400, 124, 296, 441, 463, 426, 84, 224, 372, 207, 277, 282, 295, 110, 427, 208, 349, 199, 250, 160, 317, 381, 85, 154, 71, 34, 79, 174, 419, 28, 15, 172, 89, 176, 203, 136, 249, 113, 448, 415, 378, 55, 76, 202, 391, 72, 133, 447, 200, 354, 223, 50]
og index list energy: 87759320.6586373
index list: [4, 205, 249, 370, 27, 456, 207, 200, 210, 366, 448, 467, 19, 25, 401, 29, 214, 192, 21, 75, 431, 20, 329, 32, 2, 447, 149, 188, 24, 66, 11, 455, 453, 36, 413, 30, 426, 212, 338, 330, 260, 306, 437, 259, 187, 291, 305, 213, 137, 357, 221, 323, 220, 429, 294, 324, 173, 103, 140, 6, 295, 250, 253, 151, 170, 458, 243, 445, 198, 459, 104, 164, 169, 31, 5, 432, 18, 15, 62, 469, 206, 472, 53, 360, 216, 39, 359, 245, 195, 365, 180, 254, 121, 154, 264, 280, 440, 402, 153, 279, 471, 229, 118, 117, 64, 155, 222, 457, 342, 42, 375, 290, 326, 284, 267, 406, 396, 247, 403, 197, 379, 201, 9, 350, 211, 381, 158, 460, 142, 167, 297, 384, 127, 143, 233, 83, 108, 336, 193, 114, 256, 255, 179, 422, 325, 86, 163, 265, 287, 51, 449, 296, 49, 93, 304, 178, 386, 59, 123, 376, 358, 271, 228, 331, 340, 438, 237, 354, 81, 126, 364, 189, 378, 428, 439, 335, 89, 316, 48, 356, 28, 308, 147, 7, 79, 72, 468, 202, 68, 52, 91, 90, 134, 125, 373, 392, 446, 190, 191, 466, 133, 218, 71, 12, 105, 136, 10, 434, 46, 332, 236, 353, 470, 341, 76, 234, 14, 251, 238, 166, 246, 292, 315, 390, 102, 282, 334, 339, 99, 241, 345, 274, 262, 1, 128, 111, 441, 321, 387, 372, 450, 186, 463, 333, 369, 131, 204, 217, 47, 110, 120, 116, 288, 0, 389, 124, 209, 435, 261, 34, 44, 182, 382, 346, 199, 425, 343, 96, 67, 462, 87, 348, 63, 88, 464, 119, 405, 362, 168, 175, 303, 289, 98, 244, 442, 65, 37, 337, 196, 194, 404, 424, 82, 419, 183, 40, 215, 275, 411, 16, 301, 300, 395, 235, 302, 258, 421, 107, 132, 420, 8, 352, 100, 176, 35, 84, 38, 374, 3, 55, 57, 473, 270, 443, 286, 263, 171, 219, 97, 174, 314, 281, 423, 307, 239, 165, 312, 351, 465, 115, 414, 33, 363, 377, 161, 152, 231, 145, 135, 388, 26, 430, 418, 113, 391, 310, 349, 22, 454, 162, 398, 60, 160, 139, 144, 400, 232, 313, 361, 248, 436, 45, 141, 397, 95, 73, 383, 146, 230, 407, 181, 328, 355, 276, 380, 252, 224, 226, 408, 41, 298, 272, 278, 156, 157, 122, 109, 106, 269, 416, 242, 415, 285, 409, 225, 393, 394, 172, 320, 319, 412, 273, 461, 318, 371, 112, 150, 80, 70, 138, 77, 61, 427, 85, 78, 129, 452, 266, 277, 367, 385, 293, 74, 299, 268, 92, 50, 368, 283, 257, 23, 208, 311, 58, 417, 327, 101, 223, 433, 177, 399, 148, 309, 43, 317, 56, 69, 13, 344, 322, 227, 410, 203, 347, 94, 240, 451, 185, 444, 130, 54, 184, 17, 159]
index list energy: 1644315.2726059791
Done



program ended at: 2019-12-11 20:17:55.332969 
 time delta: 4 days, 23:50:00.003040
