## SLURM PROLOG ###############################################################
##    Job ID : 2089014
##  Job Name : pypy_1e9
##  Nodelist : node1304
##      CPUs : 1
##  Mem/Node : 1024 MB
## Directory : /gpfs/data/nfawzi/skale/Fawzi_pycharm_project
##   Started : Fri Jan 18 13:06:44 EST 2019
###############################################################################
iterations: 10000000 temp: 1000000.0 exponent: 0.7 eif: 200.0
time taken (sec): 916.7490975856781
number of iterations: 10000000
og index list: [(43, 53), (1, 15), (2, 30), (3, 77), (4, 6), (5, 61), (6, 62), (7, 22), (8, 40), (9, 59), (10, 17), (11, 4), (12, 34), (13, 46), (78, 47), (14, 65), (15, 37), (16, 73), (79, 64), (17, 43), (18, 7), (19, 42), (20, 23), (21, 45), (22, 3), (23, 57), (24, 16), (25, 9), (26, 52), (27, 74), (28, 0), (29, 13), (30, 20), (31, 49), (32, 44), (75, 29), (33, 79), (34, 8), (35, 72), (36, 67), (37, 70), (38, 26), (39, 1), (40, 33), (41, 39), (71, 71), (0, 21), (44, 2), (45, 78), (46, 31), (47, 58), (76, 28), (48, 75), (77, 11), (50, 76), (51, 19), (52, 56), (53, 12), (54, 48), (55, 36), (56, 35), (57, 18), (58, 60), (49, 63), (59, 32), (60, 5), (61, 25), (62, 41), (63, 69), (64, 55), (65, 10), (66, 68), (67, 24), (68, 27), (69, 51), (70, 66), (74, 14), (42, 38), (72, 54), (73, 50)]
og index list energy: 108327006.09499207
index_list: [(43, 72), (1, 1), (2, 2), (3, 3), (4, 4), (5, 5), (6, 6), (7, 7), (8, 8), (9, 9), (10, 10), (11, 11), (12, 12), (13, 13), (78, 32), (14, 74), (15, 15), (16, 16), (79, 77), (17, 17), (18, 18), (19, 19), (20, 20), (21, 21), (22, 22), (23, 23), (24, 24), (25, 25), (26, 26), (27, 27), (28, 28), (29, 29), (30, 30), (31, 31), (32, 78), (75, 42), (33, 33), (34, 34), (35, 35), (36, 36), (37, 37), (38, 38), (39, 39), (40, 40), (41, 41), (71, 76), (0, 14), (44, 75), (45, 44), (46, 45), (47, 46), (76, 47), (48, 48), (77, 79), (50, 43), (51, 51), (52, 52), (53, 53), (54, 54), (55, 55), (56, 56), (57, 57), (58, 58), (49, 49), (59, 59), (60, 60), (61, 61), (62, 62), (63, 63), (64, 64), (65, 65), (66, 66), (67, 67), (68, 68), (69, 69), (70, 70), (74, 71), (42, 50), (72, 0), (73, 73)]
index list: [72, 1, 2, 3, 4, 5, 6, 7, 8, 9, 10, 11, 12, 13, 32, 74, 15, 16, 77, 17, 18, 19, 20, 21, 22, 23, 24, 25, 26, 27, 28, 29, 30, 31, 78, 42, 33, 34, 35, 36, 37, 38, 39, 40, 41, 76, 14, 75, 44, 45, 46, 47, 48, 79, 43, 51, 52, 53, 54, 55, 56, 57, 58, 49, 59, 60, 61, 62, 63, 64, 65, 66, 67, 68, 69, 70, 71, 50, 0, 73]
index list energy: 132986.13426300525
Done


iterations: 10000000 temp: 1000000.0 exponent: 0.7 eif: 200.0
time taken (sec): 930.7279660701752
number of iterations: 10000000
og index list: [(43, 50), (1, 49), (2, 51), (3, 32), (4, 9), (5, 26), (6, 57), (7, 14), (8, 40), (9, 15), (10, 78), (11, 39), (12, 5), (13, 46), (78, 11), (14, 23), (15, 66), (16, 24), (79, 0), (17, 38), (18, 1), (19, 37), (20, 12), (21, 20), (22, 43), (23, 47), (24, 58), (25, 21), (26, 29), (27, 68), (28, 77), (29, 65), (30, 64), (31, 33), (32, 19), (75, 13), (33, 31), (34, 59), (35, 67), (36, 10), (37, 4), (38, 56), (39, 18), (40, 75), (41, 6), (71, 22), (0, 76), (44, 69), (45, 28), (46, 3), (47, 60), (76, 45), (48, 62), (77, 72), (50, 73), (51, 34), (52, 41), (53, 36), (54, 16), (55, 25), (56, 63), (57, 70), (58, 53), (49, 61), (59, 54), (60, 8), (61, 79), (62, 44), (63, 35), (64, 48), (65, 55), (66, 27), (67, 71), (68, 52), (69, 7), (70, 17), (74, 30), (42, 74), (72, 42), (73, 2)]
og index list energy: 87974381.30000763
index_list: [(43, 14), (1, 15), (2, 77), (3, 42), (4, 72), (5, 73), (6, 75), (7, 1), (8, 2), (9, 6), (10, 7), (11, 8), (12, 9), (13, 10), (78, 11), (14, 12), (15, 13), (16, 16), (79, 76), (17, 17), (18, 18), (19, 19), (20, 20), (21, 21), (22, 22), (23, 23), (24, 24), (25, 25), (26, 26), (27, 27), (28, 28), (29, 29), (30, 30), (31, 31), (32, 32), (75, 49), (33, 33), (34, 34), (35, 35), (36, 36), (37, 37), (38, 38), (39, 39), (40, 40), (41, 41), (71, 0), (0, 79), (44, 43), (45, 44), (46, 45), (47, 46), (76, 47), (48, 48), (77, 78), (50, 50), (51, 51), (52, 52), (53, 53), (54, 54), (55, 55), (56, 56), (57, 57), (58, 58), (49, 74), (59, 59), (60, 60), (61, 61), (62, 62), (63, 63), (64, 64), (65, 65), (66, 66), (67, 67), (68, 68), (69, 69), (70, 70), (74, 71), (42, 4), (72, 5), (73, 3)]
index list: [14, 15, 77, 42, 72, 73, 75, 1, 2, 6, 7, 8, 9, 10, 11, 12, 13, 16, 76, 17, 18, 19, 20, 21, 22, 23, 24, 25, 26, 27, 28, 29, 30, 31, 32, 49, 33, 34, 35, 36, 37, 38, 39, 40, 41, 0, 79, 43, 44, 45, 46, 47, 48, 78, 50, 51, 52, 53, 54, 55, 56, 57, 58, 74, 59, 60, 61, 62, 63, 64, 65, 66, 67, 68, 69, 70, 71, 4, 5, 3]
index list energy: 174251.70858493168
Done


iterations: 10000000 temp: 1000000.0 exponent: 0.7 eif: 200.0
time taken (sec): 867.0300874710083
number of iterations: 10000000
og index list: [(43, 31), (1, 36), (2, 3), (3, 76), (4, 75), (5, 51), (6, 15), (7, 41), (8, 54), (9, 47), (10, 26), (11, 63), (12, 77), (13, 66), (78, 37), (14, 62), (15, 53), (16, 21), (79, 9), (17, 30), (18, 58), (19, 7), (20, 0), (21, 16), (22, 64), (23, 12), (24, 13), (25, 44), (26, 67), (27, 33), (28, 1), (29, 73), (30, 6), (31, 11), (32, 34), (75, 61), (33, 5), (34, 49), (35, 78), (36, 69), (37, 43), (38, 65), (39, 19), (40, 27), (41, 42), (71, 4), (0, 74), (44, 40), (45, 18), (46, 29), (47, 28), (76, 57), (48, 24), (77, 14), (50, 38), (51, 71), (52, 35), (53, 56), (54, 8), (55, 20), (56, 45), (57, 52), (58, 46), (49, 60), (59, 10), (60, 70), (61, 25), (62, 59), (63, 50), (64, 79), (65, 68), (66, 2), (67, 17), (68, 22), (69, 48), (70, 39), (74, 72), (42, 55), (72, 32), (73, 23)]
og index list energy: 106362356.59221175
index_list: [(43, 72), (1, 1), (2, 2), (3, 3), (4, 4), (5, 5), (6, 6), (7, 7), (8, 8), (9, 9), (10, 10), (11, 11), (12, 12), (13, 13), (78, 32), (14, 50), (15, 74), (16, 14), (79, 77), (17, 17), (18, 18), (19, 19), (20, 20), (21, 21), (22, 22), (23, 23), (24, 24), (25, 25), (26, 26), (27, 27), (28, 28), (29, 29), (30, 30), (31, 31), (32, 75), (75, 42), (33, 33), (34, 34), (35, 35), (36, 36), (37, 37), (38, 38), (39, 39), (40, 40), (41, 41), (71, 0), (0, 73), (44, 76), (45, 44), (46, 45), (47, 46), (76, 47), (48, 48), (77, 78), (50, 43), (51, 51), (52, 52), (53, 53), (54, 54), (55, 55), (56, 56), (57, 57), (58, 58), (49, 79), (59, 59), (60, 60), (61, 61), (62, 62), (63, 63), (64, 64), (65, 65), (66, 66), (67, 67), (68, 68), (69, 69), (70, 70), (74, 71), (42, 49), (72, 15), (73, 16)]
index list: [72, 1, 2, 3, 4, 5, 6, 7, 8, 9, 10, 11, 12, 13, 32, 50, 74, 14, 77, 17, 18, 19, 20, 21, 22, 23, 24, 25, 26, 27, 28, 29, 30, 31, 75, 42, 33, 34, 35, 36, 37, 38, 39, 40, 41, 0, 73, 76, 44, 45, 46, 47, 48, 78, 43, 51, 52, 53, 54, 55, 56, 57, 58, 79, 59, 60, 61, 62, 63, 64, 65, 66, 67, 68, 69, 70, 71, 49, 15, 16]
index list energy: 150264.75506518874
Done


iterations: 10000000 temp: 1000000.0 exponent: 0.7 eif: 200.0
time taken (sec): 813.3487334251404
number of iterations: 9042020
og index list: [(43, 65), (1, 44), (2, 75), (3, 67), (4, 10), (5, 24), (6, 58), (7, 14), (8, 26), (9, 57), (10, 1), (11, 17), (12, 51), (13, 64), (78, 72), (14, 66), (15, 48), (16, 2), (79, 40), (17, 74), (18, 77), (19, 3), (20, 12), (21, 54), (22, 35), (23, 28), (24, 71), (25, 60), (26, 34), (27, 37), (28, 18), (29, 61), (30, 27), (31, 63), (32, 30), (75, 55), (33, 78), (34, 4), (35, 59), (36, 43), (37, 7), (38, 73), (39, 39), (40, 8), (41, 69), (71, 22), (0, 15), (44, 31), (45, 49), (46, 36), (47, 68), (76, 20), (48, 11), (77, 13), (50, 41), (51, 46), (52, 42), (53, 23), (54, 45), (55, 21), (56, 25), (57, 53), (58, 6), (49, 5), (59, 29), (60, 33), (61, 9), (62, 56), (63, 19), (64, 0), (65, 38), (66, 32), (67, 16), (68, 50), (69, 70), (70, 76), (74, 79), (42, 62), (72, 52), (73, 47)]
og index list energy: 109702385.6123155
index_list: [(43, 43), (1, 1), (2, 2), (3, 3), (4, 4), (5, 5), (6, 6), (7, 7), (8, 8), (9, 9), (10, 10), (11, 11), (12, 12), (13, 13), (78, 79), (14, 14), (15, 15), (16, 16), (79, 75), (17, 17), (18, 18), (19, 19), (20, 20), (21, 21), (22, 22), (23, 23), (24, 24), (25, 25), (26, 26), (27, 27), (28, 28), (29, 29), (30, 30), (31, 31), (32, 32), (75, 74), (33, 48), (34, 34), (35, 35), (36, 36), (37, 37), (38, 38), (39, 39), (40, 40), (41, 41), (71, 0), (0, 44), (44, 45), (45, 46), (46, 47), (47, 77), (76, 42), (48, 33), (77, 76), (50, 50), (51, 51), (52, 52), (53, 53), (54, 54), (55, 55), (56, 56), (57, 57), (58, 58), (49, 78), (59, 59), (60, 60), (61, 61), (62, 62), (63, 63), (64, 64), (65, 65), (66, 66), (67, 67), (68, 68), (69, 69), (70, 70), (74, 71), (42, 49), (72, 72), (73, 73)]
index list: [43, 1, 2, 3, 4, 5, 6, 7, 8, 9, 10, 11, 12, 13, 79, 14, 15, 16, 75, 17, 18, 19, 20, 21, 22, 23, 24, 25, 26, 27, 28, 29, 30, 31, 32, 74, 48, 34, 35, 36, 37, 38, 39, 40, 41, 0, 44, 45, 46, 47, 77, 42, 33, 76, 50, 51, 52, 53, 54, 55, 56, 57, 58, 78, 59, 60, 61, 62, 63, 64, 65, 66, 67, 68, 69, 70, 71, 49, 72, 73]
index list energy: 163364.90643111177
Done


