## SLURM PROLOG ###############################################################
##    Job ID : 9199699
##  Job Name : five_day_runs
##  Nodelist : node1321
##      CPUs : 1
##  Mem/Node : 1024 MB
## Directory : /gpfs/data/nfawzi/skale/Fawzi_pycharm_project
##   Started : Fri Dec  6 20:28:55 EST 2019
###############################################################################
program started at:2019-12-06 20:28:57.656129
iterations: 5000000000 temp: 1000000.0 exponent: 0.7 eif: 300.0
time taken (sec): 354704.76888489723
number of iterations: 5000000000
final temperature: 191.58123138056612
og index list: [199, 146, 312, 362, 427, 68, 334, 39, 318, 381, 34, 88, 55, 407, 418, 46, 116, 429, 218, 442, 168, 211, 196, 351, 159, 118, 51, 458, 257, 353, 254, 242, 383, 15, 261, 237, 265, 322, 198, 372, 120, 302, 368, 197, 187, 325, 160, 219, 12, 449, 360, 461, 389, 92, 297, 62, 410, 129, 292, 287, 179, 342, 400, 378, 30, 365, 388, 147, 377, 105, 317, 247, 417, 311, 71, 435, 49, 296, 421, 64, 323, 370, 186, 364, 314, 306, 420, 74, 47, 452, 78, 348, 29, 447, 238, 201, 114, 282, 37, 395, 409, 291, 399, 280, 23, 87, 266, 235, 244, 82, 373, 203, 352, 330, 394, 93, 89, 463, 246, 22, 328, 413, 316, 467, 21, 336, 99, 174, 308, 301, 276, 430, 228, 0, 428, 310, 19, 2, 415, 329, 470, 75, 190, 366, 271, 96, 138, 371, 339, 274, 212, 397, 5, 178, 448, 156, 281, 367, 67, 181, 123, 419, 26, 60, 472, 81, 100, 36, 102, 18, 142, 390, 220, 205, 414, 170, 423, 331, 135, 104, 250, 16, 215, 253, 434, 391, 468, 290, 411, 358, 221, 194, 80, 110, 455, 245, 464, 171, 259, 439, 240, 268, 70, 340, 396, 115, 177, 77, 354, 361, 444, 164, 173, 347, 132, 230, 232, 32, 150, 85, 303, 126, 43, 24, 57, 321, 273, 7, 48, 148, 313, 337, 63, 260, 356, 83, 95, 223, 295, 284, 374, 357, 258, 299, 38, 86, 422, 466, 109, 84, 416, 451, 441, 433, 332, 278, 107, 350, 193, 44, 167, 300, 285, 165, 151, 141, 437, 202, 425, 239, 183, 41, 91, 9, 226, 72, 456, 17, 252, 359, 327, 145, 450, 307, 243, 204, 11, 236, 4, 333, 227, 103, 125, 263, 106, 231, 264, 225, 14, 61, 163, 412, 1, 402, 355, 69, 143, 161, 144, 403, 385, 216, 379, 315, 188, 152, 101, 35, 40, 154, 98, 349, 210, 286, 445, 404, 289, 79, 446, 56, 108, 6, 380, 214, 432, 326, 343, 426, 335, 346, 405, 76, 272, 192, 73, 305, 222, 465, 241, 375, 206, 393, 112, 275, 408, 25, 319, 256, 208, 166, 131, 233, 184, 454, 169, 124, 97, 382, 122, 234, 33, 392, 158, 270, 398, 438, 369, 344, 462, 345, 217, 200, 473, 111, 8, 66, 191, 137, 176, 162, 384, 130, 277, 386, 269, 139, 185, 121, 45, 453, 10, 119, 53, 248, 443, 54, 440, 52, 338, 195, 304, 182, 283, 180, 457, 469, 459, 431, 471, 153, 436, 341, 127, 255, 134, 298, 59, 267, 401, 376, 13, 224, 406, 293, 128, 262, 94, 50, 136, 20, 58, 28, 460, 209, 3, 251, 320, 249, 229, 294, 279, 42, 175, 424, 363, 324, 207, 213, 27, 157, 155, 288, 133, 140, 90, 189, 117, 65, 172, 149, 387, 31, 113, 309]
og index list energy: 88607900.55413862
index list: [234, 205, 109, 419, 100, 362, 224, 454, 335, 414, 288, 371, 287, 163, 308, 29, 265, 117, 118, 229, 64, 218, 473, 37, 337, 392, 255, 209, 340, 257, 216, 439, 62, 343, 110, 30, 382, 330, 217, 338, 260, 306, 404, 259, 187, 291, 383, 213, 214, 417, 27, 244, 396, 403, 314, 281, 239, 50, 97, 286, 263, 106, 23, 151, 114, 421, 147, 361, 247, 142, 159, 164, 169, 457, 200, 206, 390, 105, 69, 102, 282, 341, 53, 459, 456, 336, 96, 86, 24, 303, 180, 254, 49, 73, 135, 28, 430, 116, 249, 33, 425, 34, 8, 212, 350, 412, 466, 194, 189, 347, 192, 395, 219, 176, 35, 15, 355, 333, 394, 196, 195, 358, 445, 307, 379, 264, 280, 452, 154, 436, 136, 70, 10, 123, 47, 158, 124, 202, 43, 108, 44, 79, 179, 305, 45, 113, 153, 411, 166, 125, 381, 32, 2, 261, 369, 177, 328, 1, 84, 351, 433, 271, 228, 331, 424, 400, 237, 435, 7, 367, 5, 463, 9, 201, 422, 6, 374, 21, 171, 315, 292, 299, 220, 160, 126, 81, 365, 245, 68, 52, 91, 90, 134, 296, 423, 461, 377, 203, 170, 230, 141, 465, 121, 12, 460, 432, 59, 241, 386, 22, 441, 353, 453, 363, 4, 191, 14, 251, 208, 162, 313, 140, 103, 71, 293, 266, 277, 372, 273, 285, 242, 274, 311, 269, 3, 316, 268, 398, 56, 470, 431, 186, 359, 236, 368, 131, 325, 283, 329, 327, 223, 322, 165, 312, 238, 112, 198, 256, 54, 458, 18, 406, 366, 388, 155, 51, 464, 89, 60, 413, 87, 342, 63, 88, 448, 146, 444, 36, 384, 13, 157, 451, 148, 207, 468, 399, 197, 190, 199, 210, 360, 94, 240, 345, 183, 40, 215, 275, 446, 16, 111, 26, 471, 243, 130, 449, 122, 434, 65, 38, 93, 437, 132, 227, 385, 248, 232, 161, 167, 67, 143, 233, 370, 173, 302, 380, 235, 300, 301, 297, 172, 289, 408, 290, 304, 178, 391, 393, 375, 348, 324, 294, 407, 168, 321, 443, 416, 98, 409, 376, 41, 39, 420, 272, 298, 310, 174, 262, 389, 0, 450, 99, 357, 339, 428, 76, 107, 204, 352, 279, 401, 119, 429, 344, 221, 323, 175, 295, 387, 469, 181, 252, 250, 276, 455, 182, 258, 11, 92, 66, 149, 462, 211, 101, 133, 309, 19, 25, 20, 440, 427, 326, 284, 267, 222, 405, 42, 364, 128, 426, 188, 193, 410, 402, 75, 137, 150, 80, 115, 138, 77, 61, 354, 85, 78, 129, 373, 145, 231, 152, 346, 46, 270, 334, 253, 95, 55, 349, 104, 278, 156, 226, 31, 48, 139, 144, 72, 356, 82, 83, 397, 332, 317, 58, 246, 467, 57, 442, 225, 415, 320, 378, 319, 472, 418, 318, 447, 185, 438, 74, 127, 184, 17, 120]
index list energy: 1618411.9623394064
Done




program ended at: 2019-12-11 20:18:57.667768 
 time delta: 4 days, 23:50:00.011639
