## SLURM PROLOG ###############################################################
##    Job ID : 9199655
##  Job Name : five_day_runs
##  Nodelist : node1148
##      CPUs : 1
##  Mem/Node : 1024 MB
## Directory : /gpfs/data/nfawzi/skale/Fawzi_pycharm_project
##   Started : Fri Dec  6 20:27:55 EST 2019
###############################################################################
program started at:2019-12-06 20:27:55.663551
iterations: 5000000000 temp: 1000000.0 exponent: 0.7 eif: 300.0
time taken (sec): 417139.7183930874
number of iterations: 5000000000
final temperature: 191.58123138056612
og index list: [386, 293, 303, 189, 130, 195, 398, 355, 385, 309, 269, 219, 373, 233, 63, 414, 28, 391, 282, 240, 437, 351, 421, 55, 270, 5, 363, 183, 354, 268, 312, 82, 442, 430, 58, 375, 128, 53, 455, 456, 228, 162, 110, 170, 316, 409, 325, 187, 444, 306, 173, 54, 252, 402, 350, 263, 251, 174, 449, 471, 253, 12, 339, 381, 365, 226, 380, 99, 327, 213, 218, 443, 394, 112, 379, 280, 209, 224, 370, 473, 114, 132, 424, 445, 117, 16, 33, 122, 210, 317, 321, 179, 313, 410, 357, 30, 185, 310, 200, 408, 425, 249, 56, 165, 22, 49, 220, 103, 106, 90, 292, 346, 169, 29, 225, 26, 65, 104, 71, 115, 392, 164, 264, 83, 25, 216, 92, 36, 163, 241, 61, 188, 244, 149, 344, 335, 419, 126, 403, 348, 457, 467, 237, 17, 275, 6, 250, 368, 376, 171, 160, 111, 131, 194, 297, 136, 470, 278, 453, 271, 212, 331, 305, 345, 127, 15, 337, 211, 10, 223, 441, 40, 460, 64, 146, 299, 87, 328, 440, 458, 21, 0, 75, 52, 166, 48, 155, 318, 145, 396, 222, 302, 231, 417, 62, 332, 184, 248, 86, 406, 135, 69, 147, 37, 186, 168, 281, 84, 125, 230, 97, 172, 416, 239, 39, 274, 401, 80, 284, 227, 347, 201, 294, 341, 101, 34, 60, 349, 361, 336, 50, 68, 79, 387, 395, 389, 151, 390, 206, 286, 207, 72, 472, 20, 435, 285, 461, 85, 192, 432, 208, 148, 193, 315, 234, 81, 197, 124, 423, 377, 74, 261, 205, 204, 95, 14, 247, 295, 159, 447, 272, 469, 9, 388, 283, 257, 431, 276, 372, 138, 23, 369, 108, 374, 418, 42, 217, 382, 405, 334, 45, 367, 300, 465, 113, 77, 153, 427, 255, 291, 35, 96, 254, 464, 198, 359, 273, 38, 180, 436, 152, 462, 107, 411, 277, 41, 175, 307, 134, 43, 288, 393, 323, 358, 378, 133, 27, 66, 141, 150, 450, 3, 267, 242, 400, 98, 451, 439, 235, 31, 262, 298, 109, 4, 338, 407, 144, 154, 19, 177, 319, 446, 384, 266, 343, 301, 459, 383, 157, 236, 433, 123, 118, 429, 289, 196, 18, 352, 246, 340, 434, 105, 116, 94, 8, 178, 245, 140, 93, 119, 463, 89, 324, 364, 47, 265, 412, 329, 142, 243, 452, 221, 13, 199, 2, 420, 73, 1, 78, 466, 191, 454, 404, 362, 238, 468, 181, 32, 399, 167, 91, 215, 366, 260, 397, 259, 76, 415, 143, 333, 232, 287, 422, 356, 279, 102, 51, 320, 353, 290, 311, 44, 67, 156, 190, 428, 314, 57, 214, 296, 203, 46, 176, 426, 342, 256, 158, 120, 326, 7, 202, 129, 438, 11, 24, 360, 322, 229, 100, 139, 413, 258, 371, 88, 161, 448, 137, 182, 308, 70, 304, 59, 121, 330]
og index list energy: 130753320.88386723
index list: [131, 29, 257, 216, 322, 30, 350, 76, 107, 301, 338, 330, 132, 217, 365, 320, 58, 54, 359, 53, 128, 42, 353, 32, 2, 464, 149, 234, 24, 66, 11, 92, 258, 364, 235, 130, 351, 418, 260, 348, 229, 422, 96, 167, 452, 296, 67, 356, 7, 403, 286, 263, 423, 385, 314, 281, 239, 223, 445, 100, 428, 205, 195, 162, 114, 344, 243, 429, 335, 133, 116, 164, 169, 381, 16, 388, 127, 143, 87, 63, 88, 400, 93, 411, 236, 202, 375, 313, 23, 97, 180, 254, 49, 157, 211, 101, 283, 325, 329, 33, 391, 34, 8, 212, 420, 425, 432, 194, 189, 466, 192, 465, 219, 176, 35, 15, 340, 333, 373, 199, 210, 461, 378, 448, 163, 264, 280, 349, 306, 307, 154, 118, 117, 121, 449, 279, 108, 336, 43, 289, 288, 0, 179, 305, 45, 113, 153, 417, 166, 125, 134, 387, 337, 302, 304, 178, 369, 10, 136, 456, 454, 271, 228, 331, 225, 406, 44, 450, 233, 408, 442, 201, 9, 421, 386, 6, 71, 21, 441, 218, 28, 86, 173, 160, 69, 81, 473, 245, 188, 259, 187, 291, 367, 1, 355, 467, 122, 203, 170, 110, 123, 372, 238, 12, 105, 357, 59, 82, 409, 148, 405, 368, 410, 5, 4, 439, 14, 120, 208, 18, 126, 17, 184, 56, 419, 266, 277, 360, 273, 446, 290, 326, 284, 142, 3, 316, 268, 404, 342, 158, 468, 186, 402, 47, 451, 196, 206, 436, 27, 91, 159, 250, 379, 328, 13, 124, 198, 48, 50, 341, 165, 412, 374, 346, 200, 249, 440, 139, 144, 455, 79, 89, 60, 345, 362, 62, 399, 407, 343, 237, 256, 255, 209, 244, 352, 65, 37, 191, 197, 190, 438, 94, 240, 395, 31, 40, 215, 275, 384, 267, 26, 371, 383, 247, 75, 427, 20, 414, 19, 25, 443, 84, 401, 251, 390, 248, 232, 161, 220, 221, 323, 99, 270, 435, 300, 213, 380, 261, 214, 308, 253, 437, 424, 39, 278, 177, 363, 226, 430, 361, 366, 294, 354, 168, 321, 324, 389, 98, 347, 413, 119, 287, 51, 393, 358, 141, 73, 146, 377, 230, 470, 222, 462, 444, 156, 78, 297, 207, 129, 472, 85, 61, 138, 77, 150, 80, 115, 415, 70, 376, 181, 447, 36, 382, 370, 434, 109, 106, 269, 183, 38, 459, 311, 174, 310, 111, 68, 52, 90, 392, 145, 135, 231, 152, 46, 469, 460, 147, 227, 453, 276, 102, 282, 334, 396, 22, 339, 274, 431, 458, 295, 175, 303, 112, 471, 137, 463, 241, 426, 140, 103, 293, 74, 299, 193, 95, 55, 457, 104, 265, 64, 155, 204, 292, 315, 171, 327, 272, 298, 83, 416, 332, 317, 246, 309, 433, 57, 182, 41, 224, 252, 398, 151, 172, 72, 394, 397, 312, 242, 319, 285, 318, 185, 262]
index list energy: 1615620.8334213952
Done



program ended at: 2019-12-11 20:17:55.663639 
 time delta: 4 days, 23:50:00.000088
