## SLURM PROLOG ###############################################################
##    Job ID : 9199627
##  Job Name : five_day_runs
##  Nodelist : node1313
##      CPUs : 1
##  Mem/Node : 1024 MB
## Directory : /gpfs/data/nfawzi/skale/Fawzi_pycharm_project
##   Started : Fri Dec  6 20:27:56 EST 2019
###############################################################################
program started at:2019-12-06 20:27:56.382520
iterations: 5000000000 temp: 1000000.0 exponent: 0.7 eif: 300.0
time taken (sec): 343227.4614956379
number of iterations: 5000000000
final temperature: 191.58123138056612
og index list: [355, 405, 409, 96, 382, 353, 73, 163, 389, 472, 253, 365, 453, 392, 27, 172, 310, 461, 64, 184, 140, 379, 443, 324, 95, 91, 233, 89, 286, 440, 7, 80, 125, 219, 261, 227, 283, 203, 138, 151, 128, 92, 186, 347, 158, 250, 143, 74, 69, 333, 230, 6, 79, 452, 280, 362, 121, 436, 4, 3, 375, 179, 442, 166, 361, 20, 432, 40, 372, 211, 60, 17, 374, 332, 369, 37, 51, 181, 100, 245, 33, 294, 49, 391, 5, 150, 398, 173, 447, 189, 133, 346, 467, 371, 263, 385, 66, 242, 285, 159, 399, 359, 418, 366, 291, 62, 466, 278, 117, 281, 269, 323, 335, 272, 396, 171, 229, 218, 57, 427, 110, 303, 194, 196, 193, 459, 330, 161, 430, 368, 11, 276, 337, 123, 428, 241, 331, 12, 174, 237, 435, 329, 47, 341, 360, 42, 299, 411, 122, 16, 426, 102, 77, 45, 298, 415, 465, 0, 88, 185, 431, 223, 437, 287, 390, 300, 214, 370, 320, 202, 43, 416, 309, 23, 270, 162, 304, 224, 406, 351, 99, 232, 403, 19, 296, 251, 147, 195, 176, 429, 97, 454, 168, 438, 340, 358, 167, 31, 356, 35, 124, 136, 86, 10, 70, 267, 339, 328, 28, 469, 113, 441, 400, 316, 247, 94, 199, 119, 182, 235, 76, 236, 29, 44, 312, 15, 439, 338, 410, 13, 225, 210, 380, 190, 160, 56, 343, 106, 165, 231, 175, 25, 135, 420, 344, 456, 311, 177, 206, 103, 255, 170, 18, 384, 473, 240, 462, 191, 314, 53, 306, 407, 157, 104, 412, 307, 262, 200, 244, 457, 248, 239, 141, 130, 458, 256, 209, 38, 212, 386, 321, 264, 425, 259, 137, 393, 112, 221, 155, 373, 336, 52, 290, 450, 421, 83, 460, 313, 394, 357, 127, 109, 198, 284, 334, 413, 120, 297, 350, 417, 348, 388, 26, 463, 188, 464, 9, 58, 41, 424, 354, 183, 132, 315, 21, 468, 152, 75, 87, 282, 238, 84, 50, 101, 67, 308, 68, 408, 471, 226, 319, 201, 448, 317, 265, 260, 134, 93, 292, 318, 149, 326, 402, 266, 455, 376, 14, 30, 111, 46, 275, 322, 146, 154, 105, 98, 470, 220, 187, 243, 449, 414, 423, 363, 277, 192, 180, 228, 61, 24, 55, 208, 216, 205, 289, 383, 234, 107, 2, 377, 301, 131, 249, 32, 279, 78, 419, 142, 129, 118, 1, 342, 153, 349, 271, 169, 213, 387, 445, 71, 85, 164, 116, 273, 54, 325, 302, 65, 148, 139, 22, 444, 258, 114, 352, 381, 327, 72, 215, 295, 145, 257, 274, 367, 204, 90, 217, 34, 422, 108, 36, 397, 451, 126, 254, 404, 433, 178, 395, 288, 446, 156, 293, 222, 81, 345, 197, 252, 364, 246, 401, 48, 144, 305, 207, 39, 268, 115, 378, 82, 63, 434, 59, 8]
og index list energy: 94325214.7992938
index list: [234, 205, 235, 301, 227, 30, 338, 76, 107, 367, 407, 110, 132, 38, 120, 29, 204, 217, 427, 229, 405, 153, 361, 37, 337, 444, 149, 188, 24, 66, 11, 92, 91, 159, 358, 48, 422, 426, 87, 63, 88, 157, 393, 156, 297, 142, 43, 440, 113, 384, 138, 228, 452, 339, 259, 187, 291, 341, 334, 225, 416, 250, 36, 402, 116, 408, 147, 420, 435, 1, 104, 164, 169, 404, 16, 158, 441, 105, 69, 102, 397, 53, 93, 453, 322, 313, 96, 31, 109, 106, 269, 40, 215, 251, 0, 311, 174, 241, 34, 33, 383, 366, 8, 469, 42, 129, 450, 196, 360, 171, 263, 419, 219, 176, 35, 15, 446, 335, 462, 239, 314, 281, 305, 307, 460, 264, 280, 71, 350, 306, 212, 265, 237, 218, 154, 121, 64, 336, 193, 114, 256, 255, 101, 283, 325, 23, 315, 447, 166, 125, 127, 32, 2, 369, 49, 179, 312, 242, 236, 381, 376, 320, 438, 331, 44, 357, 185, 85, 13, 372, 14, 386, 9, 201, 211, 392, 117, 246, 253, 430, 28, 86, 195, 56, 54, 133, 377, 202, 68, 52, 135, 90, 134, 296, 411, 349, 122, 203, 194, 463, 123, 47, 238, 12, 443, 391, 59, 332, 359, 98, 461, 345, 399, 434, 5, 191, 395, 206, 20, 18, 285, 257, 216, 81, 466, 302, 82, 27, 79, 148, 340, 100, 373, 328, 3, 316, 268, 417, 198, 425, 108, 468, 343, 189, 401, 131, 270, 284, 326, 385, 222, 282, 356, 231, 279, 124, 209, 428, 50, 458, 165, 342, 449, 207, 200, 249, 6, 89, 60, 424, 354, 83, 375, 333, 423, 62, 448, 454, 243, 130, 412, 254, 432, 244, 406, 374, 197, 190, 199, 210, 409, 94, 365, 17, 184, 347, 4, 186, 387, 267, 26, 473, 467, 19, 25, 348, 413, 472, 95, 55, 141, 73, 45, 457, 414, 248, 232, 161, 167, 67, 143, 233, 258, 464, 300, 213, 451, 72, 240, 317, 172, 289, 389, 290, 304, 178, 470, 396, 429, 400, 324, 294, 439, 168, 321, 380, 433, 368, 459, 75, 150, 247, 115, 137, 379, 173, 118, 119, 155, 292, 418, 99, 415, 274, 262, 364, 39, 126, 260, 330, 97, 286, 84, 394, 221, 352, 388, 65, 128, 398, 181, 442, 252, 276, 182, 41, 224, 226, 390, 278, 298, 272, 353, 180, 310, 111, 70, 80, 77, 136, 10, 382, 370, 152, 46, 275, 362, 455, 318, 319, 436, 273, 403, 371, 183, 214, 192, 21, 431, 351, 112, 303, 175, 295, 346, 208, 344, 266, 277, 445, 410, 293, 74, 299, 220, 103, 140, 323, 308, 355, 78, 144, 245, 61, 139, 329, 327, 223, 378, 177, 437, 261, 309, 58, 163, 456, 7, 57, 465, 160, 162, 363, 151, 170, 421, 288, 287, 51, 471, 22, 146, 230, 145, 271]
index list energy: 1618567.9677506227
Done



program ended at: 2019-12-11 20:17:56.579961 
 time delta: 4 days, 23:50:00.197441
