## SLURM PROLOG ###############################################################
##    Job ID : 9199697
##  Job Name : five_day_runs
##  Nodelist : node1153
##      CPUs : 1
##  Mem/Node : 1024 MB
## Directory : /gpfs/data/nfawzi/skale/Fawzi_pycharm_project
##   Started : Fri Dec  6 20:28:55 EST 2019
###############################################################################
program started at:2019-12-06 20:28:57.771551
iterations: 5000000000 temp: 1000000.0 exponent: 0.7 eif: 300.0
time taken (sec): 374291.6647875309
number of iterations: 5000000000
final temperature: 191.58123138056612
og index list: [250, 230, 359, 130, 171, 341, 262, 206, 93, 95, 28, 295, 385, 2, 30, 274, 66, 119, 60, 212, 197, 263, 452, 166, 199, 384, 35, 401, 254, 345, 308, 238, 68, 371, 417, 187, 369, 456, 148, 404, 190, 192, 415, 309, 233, 144, 22, 387, 188, 431, 410, 451, 156, 20, 178, 115, 123, 282, 288, 172, 204, 330, 405, 154, 298, 421, 376, 253, 159, 153, 8, 61, 411, 170, 220, 117, 248, 67, 132, 174, 348, 29, 160, 116, 373, 305, 78, 471, 429, 319, 338, 343, 335, 125, 121, 129, 16, 225, 361, 34, 126, 426, 97, 133, 19, 38, 227, 344, 17, 112, 224, 45, 402, 26, 183, 447, 128, 271, 372, 324, 134, 287, 258, 90, 203, 291, 281, 242, 434, 409, 403, 463, 398, 430, 23, 49, 194, 292, 120, 280, 141, 390, 307, 4, 396, 332, 53, 306, 113, 9, 105, 441, 88, 302, 55, 427, 131, 213, 122, 81, 353, 364, 237, 21, 286, 413, 118, 143, 428, 103, 265, 211, 249, 450, 346, 438, 326, 36, 442, 245, 71, 259, 73, 46, 209, 15, 79, 50, 352, 231, 422, 399, 303, 96, 142, 310, 177, 283, 65, 318, 229, 468, 240, 40, 1, 215, 304, 62, 157, 424, 127, 362, 377, 400, 379, 86, 0, 243, 347, 406, 393, 76, 327, 100, 164, 261, 462, 167, 87, 179, 256, 383, 149, 161, 102, 350, 163, 151, 108, 313, 146, 473, 445, 24, 270, 54, 200, 392, 205, 169, 315, 314, 436, 374, 57, 297, 465, 311, 433, 44, 380, 232, 56, 336, 300, 416, 52, 32, 180, 218, 329, 98, 255, 158, 446, 91, 368, 455, 299, 266, 214, 397, 241, 99, 414, 459, 184, 5, 375, 412, 357, 124, 268, 135, 470, 461, 162, 325, 389, 317, 244, 316, 168, 139, 181, 18, 296, 382, 6, 42, 378, 284, 189, 363, 467, 43, 155, 193, 176, 407, 136, 150, 175, 13, 92, 109, 246, 277, 7, 331, 74, 140, 228, 104, 222, 388, 41, 47, 221, 272, 322, 358, 3, 367, 33, 454, 111, 312, 110, 75, 217, 391, 80, 173, 448, 226, 236, 301, 59, 356, 10, 419, 58, 333, 195, 260, 223, 432, 354, 186, 466, 210, 264, 37, 464, 25, 349, 290, 247, 469, 386, 420, 394, 285, 328, 207, 269, 234, 257, 395, 320, 14, 101, 107, 82, 453, 365, 360, 64, 39, 342, 69, 337, 219, 472, 278, 457, 51, 355, 72, 216, 252, 381, 339, 275, 458, 443, 437, 165, 94, 321, 77, 147, 185, 273, 418, 293, 182, 83, 449, 425, 460, 191, 145, 408, 208, 289, 89, 239, 70, 198, 27, 114, 196, 84, 31, 106, 138, 267, 334, 11, 370, 323, 294, 85, 444, 251, 63, 201, 235, 137, 279, 152, 340, 423, 351, 435, 202, 439, 48, 366, 440, 276, 12]
og index list energy: 83420752.31688413
index list: [116, 205, 380, 72, 45, 406, 385, 414, 80, 75, 150, 115, 138, 77, 85, 29, 129, 61, 467, 243, 410, 158, 349, 37, 337, 418, 149, 188, 258, 66, 11, 341, 24, 446, 168, 30, 447, 330, 217, 338, 260, 306, 458, 259, 187, 92, 268, 408, 113, 413, 27, 263, 434, 357, 209, 437, 327, 223, 351, 286, 171, 250, 253, 151, 114, 391, 333, 246, 335, 127, 104, 164, 169, 399, 199, 210, 395, 65, 128, 445, 206, 435, 53, 368, 407, 202, 107, 313, 464, 25, 180, 254, 121, 154, 264, 280, 352, 153, 64, 155, 353, 229, 118, 117, 345, 468, 416, 190, 197, 201, 459, 9, 409, 19, 454, 13, 350, 195, 371, 194, 189, 433, 242, 394, 439, 103, 389, 237, 265, 212, 218, 420, 123, 302, 436, 279, 124, 336, 235, 130, 430, 211, 101, 283, 325, 31, 329, 33, 34, 51, 339, 32, 2, 348, 49, 179, 312, 277, 84, 342, 386, 343, 334, 331, 228, 364, 428, 142, 143, 297, 417, 443, 300, 432, 41, 39, 226, 86, 278, 298, 272, 285, 58, 1, 54, 69, 376, 317, 68, 52, 91, 90, 181, 328, 390, 422, 252, 203, 170, 110, 47, 344, 50, 133, 404, 96, 59, 332, 396, 148, 157, 402, 401, 5, 76, 234, 14, 251, 38, 120, 159, 257, 18, 256, 255, 56, 3, 369, 99, 241, 457, 213, 108, 296, 156, 316, 43, 463, 247, 423, 23, 186, 451, 216, 461, 131, 270, 305, 239, 314, 281, 282, 134, 310, 450, 78, 198, 378, 261, 465, 70, 377, 346, 207, 200, 249, 366, 233, 67, 340, 79, 89, 60, 162, 426, 62, 425, 347, 431, 83, 429, 293, 266, 244, 473, 262, 196, 191, 4, 398, 167, 94, 456, 403, 183, 40, 215, 275, 442, 16, 236, 105, 455, 147, 227, 132, 122, 470, 119, 466, 93, 15, 412, 219, 405, 238, 112, 136, 10, 438, 135, 57, 381, 35, 28, 374, 102, 276, 182, 36, 172, 289, 462, 290, 304, 178, 397, 472, 358, 308, 163, 287, 363, 356, 288, 0, 424, 98, 307, 360, 26, 97, 441, 419, 165, 291, 370, 176, 440, 100, 421, 224, 392, 139, 144, 161, 232, 321, 365, 248, 415, 22, 146, 230, 141, 73, 400, 208, 411, 383, 177, 362, 222, 453, 326, 284, 267, 20, 449, 469, 315, 292, 174, 166, 125, 111, 324, 173, 140, 71, 354, 44, 387, 294, 225, 375, 452, 367, 320, 319, 240, 273, 379, 427, 359, 214, 192, 21, 361, 372, 175, 303, 301, 221, 460, 355, 46, 145, 231, 152, 471, 382, 6, 309, 193, 95, 55, 388, 245, 220, 42, 137, 204, 48, 160, 82, 81, 126, 393, 322, 17, 184, 299, 8, 318, 448, 7, 87, 63, 88, 106, 269, 109, 384, 311, 274, 373, 185, 444, 74, 323, 12, 295, 271]
index list energy: 1607545.4347295212
Done




program ended at: 2019-12-11 20:18:57.768695 
 time delta: 4 days, 23:49:59.997144
