## SLURM PROLOG ###############################################################
##    Job ID : 9199647
##  Job Name : five_day_runs
##  Nodelist : node1157
##      CPUs : 1
##  Mem/Node : 1024 MB
## Directory : /gpfs/data/nfawzi/skale/Fawzi_pycharm_project
##   Started : Fri Dec  6 20:27:55 EST 2019
###############################################################################
program started at:2019-12-06 20:27:55.479333
iterations: 5000000000 temp: 1000000.0 exponent: 0.7 eif: 300.0
time taken (sec): 364463.39325523376
number of iterations: 5000000000
final temperature: 191.58123138056612
og index list: [148, 33, 126, 233, 369, 262, 297, 351, 438, 43, 95, 431, 415, 254, 307, 216, 139, 281, 349, 261, 440, 76, 376, 337, 265, 210, 107, 156, 407, 320, 252, 289, 54, 8, 205, 19, 237, 375, 94, 121, 454, 258, 196, 393, 68, 11, 352, 51, 172, 190, 248, 398, 267, 112, 182, 462, 135, 290, 124, 140, 313, 47, 212, 24, 217, 322, 184, 463, 247, 81, 328, 345, 459, 245, 97, 207, 409, 129, 446, 365, 468, 61, 470, 96, 0, 370, 64, 13, 204, 315, 425, 93, 90, 383, 152, 298, 326, 57, 336, 115, 362, 240, 256, 211, 186, 158, 442, 227, 433, 293, 84, 219, 38, 250, 390, 235, 141, 285, 427, 16, 389, 472, 358, 301, 380, 147, 7, 309, 214, 65, 125, 232, 402, 251, 3, 134, 136, 255, 364, 270, 30, 236, 229, 361, 439, 146, 295, 110, 426, 99, 63, 401, 34, 403, 173, 335, 357, 434, 150, 208, 35, 458, 367, 171, 464, 163, 187, 257, 242, 55, 66, 62, 272, 179, 234, 4, 40, 209, 74, 230, 49, 67, 274, 177, 197, 239, 87, 296, 428, 189, 59, 465, 319, 374, 291, 105, 332, 202, 102, 422, 259, 160, 70, 368, 348, 98, 132, 445, 276, 27, 273, 341, 388, 157, 417, 185, 168, 154, 23, 346, 387, 122, 386, 138, 397, 123, 32, 394, 342, 452, 82, 299, 45, 181, 399, 448, 366, 193, 278, 408, 228, 359, 116, 175, 201, 133, 167, 28, 165, 130, 12, 41, 169, 338, 404, 325, 324, 420, 178, 275, 413, 378, 14, 318, 21, 292, 471, 151, 344, 304, 224, 85, 444, 302, 429, 143, 312, 75, 58, 303, 183, 450, 198, 353, 238, 88, 218, 113, 131, 226, 149, 26, 29, 377, 231, 466, 355, 384, 412, 473, 69, 405, 15, 350, 456, 329, 363, 213, 144, 372, 279, 101, 284, 286, 203, 449, 469, 288, 373, 371, 221, 410, 220, 441, 80, 10, 50, 108, 17, 343, 457, 153, 263, 72, 241, 36, 128, 243, 109, 2, 356, 120, 249, 20, 453, 327, 432, 382, 260, 268, 467, 89, 79, 424, 18, 117, 225, 199, 330, 100, 6, 396, 91, 347, 460, 277, 269, 360, 305, 162, 310, 155, 92, 311, 200, 406, 137, 159, 308, 161, 455, 78, 127, 188, 283, 244, 317, 331, 73, 48, 300, 77, 180, 22, 56, 164, 418, 142, 436, 176, 400, 106, 253, 86, 83, 333, 103, 192, 271, 294, 42, 306, 430, 411, 119, 195, 385, 25, 37, 145, 170, 53, 395, 437, 392, 354, 379, 166, 60, 443, 461, 435, 391, 282, 5, 31, 9, 114, 246, 381, 44, 266, 118, 191, 316, 264, 423, 314, 414, 421, 447, 334, 419, 1, 39, 104, 223, 451, 280, 194, 215, 111, 46, 71, 321, 206, 52, 416, 340, 339, 323, 222, 174, 287]
og index list energy: 92694037.8855288
index list: [234, 205, 48, 368, 27, 376, 207, 200, 210, 462, 461, 398, 19, 25, 440, 29, 109, 0, 361, 147, 249, 33, 456, 37, 337, 396, 331, 364, 294, 44, 470, 426, 324, 404, 168, 321, 467, 472, 436, 99, 270, 405, 112, 435, 136, 70, 43, 463, 113, 10, 383, 307, 306, 412, 314, 281, 239, 264, 280, 71, 46, 322, 36, 394, 116, 473, 333, 434, 247, 296, 104, 164, 142, 352, 199, 206, 466, 447, 327, 223, 423, 386, 302, 402, 350, 106, 75, 80, 96, 56, 180, 254, 268, 315, 171, 272, 298, 400, 153, 279, 351, 229, 118, 117, 415, 349, 416, 194, 189, 366, 263, 431, 219, 176, 35, 15, 460, 209, 371, 196, 377, 22, 422, 146, 230, 236, 181, 356, 457, 64, 212, 265, 218, 154, 216, 121, 287, 313, 308, 163, 411, 309, 53, 468, 93, 245, 188, 259, 187, 291, 329, 32, 2, 425, 49, 179, 312, 57, 354, 41, 372, 151, 335, 288, 98, 374, 237, 432, 79, 458, 406, 390, 9, 201, 451, 183, 192, 21, 20, 392, 28, 86, 173, 160, 126, 81, 418, 202, 68, 52, 91, 159, 90, 1, 413, 471, 444, 203, 170, 51, 155, 292, 238, 12, 105, 347, 59, 332, 408, 89, 382, 380, 407, 4, 5, 464, 14, 251, 208, 23, 336, 257, 18, 256, 255, 359, 69, 102, 395, 241, 338, 38, 339, 169, 3, 316, 58, 344, 450, 158, 355, 186, 445, 243, 122, 131, 120, 217, 47, 110, 123, 282, 134, 125, 13, 124, 198, 305, 50, 378, 165, 365, 387, 388, 211, 101, 6, 114, 60, 409, 375, 127, 63, 88, 367, 119, 362, 39, 417, 133, 346, 222, 261, 244, 214, 469, 197, 191, 190, 428, 135, 94, 448, 343, 31, 40, 215, 275, 393, 16, 340, 26, 437, 152, 231, 145, 161, 232, 248, 370, 141, 73, 45, 452, 235, 95, 55, 455, 167, 67, 143, 233, 226, 441, 300, 213, 453, 195, 449, 253, 172, 289, 384, 290, 304, 178, 403, 342, 421, 278, 156, 78, 401, 429, 129, 381, 85, 61, 77, 138, 150, 430, 115, 137, 420, 328, 373, 224, 419, 100, 399, 262, 341, 274, 442, 76, 107, 204, 260, 330, 97, 286, 84, 446, 221, 391, 295, 323, 443, 427, 177, 385, 250, 276, 182, 252, 360, 11, 258, 66, 149, 92, 174, 166, 310, 111, 269, 240, 72, 414, 242, 357, 334, 228, 225, 439, 285, 433, 320, 319, 454, 273, 438, 345, 62, 30, 132, 227, 301, 303, 175, 348, 369, 42, 65, 128, 358, 266, 277, 459, 353, 293, 74, 299, 220, 103, 140, 162, 297, 34, 318, 24, 311, 193, 139, 144, 87, 410, 82, 83, 157, 148, 246, 8, 271, 108, 7, 424, 397, 325, 283, 465, 267, 389, 284, 326, 379, 185, 363, 130, 54, 184, 17, 317]
index list energy: 1611156.6831006056
Done




program ended at: 2019-12-11 20:17:55.482402 
 time delta: 4 days, 23:50:00.003069
