## SLURM PROLOG ###############################################################
##    Job ID : 9199673
##  Job Name : five_day_runs
##  Nodelist : node1106
##      CPUs : 1
##  Mem/Node : 1024 MB
## Directory : /gpfs/data/nfawzi/skale/Fawzi_pycharm_project
##   Started : Fri Dec  6 20:28:25 EST 2019
###############################################################################
program started at:2019-12-06 20:28:26.455862
iterations: 5000000000 temp: 1000000.0 exponent: 0.7 eif: 300.0
time taken (sec): 366505.4756157398
number of iterations: 5000000000
final temperature: 191.58123138056612
og index list: [14, 421, 247, 256, 325, 237, 12, 228, 320, 395, 160, 238, 308, 21, 307, 176, 282, 332, 149, 360, 353, 3, 348, 241, 352, 432, 139, 108, 62, 28, 49, 453, 119, 7, 384, 328, 364, 127, 452, 6, 24, 377, 459, 467, 105, 116, 183, 272, 354, 200, 111, 34, 192, 31, 386, 71, 363, 373, 418, 470, 337, 441, 135, 164, 96, 399, 45, 405, 2, 44, 70, 35, 368, 182, 396, 351, 184, 76, 137, 413, 443, 450, 262, 50, 301, 53, 209, 147, 216, 214, 186, 229, 148, 318, 400, 460, 109, 125, 199, 212, 376, 23, 280, 434, 153, 122, 39, 334, 163, 422, 281, 248, 378, 78, 66, 86, 365, 447, 32, 394, 150, 190, 414, 249, 69, 275, 54, 380, 215, 457, 141, 449, 36, 356, 124, 466, 306, 84, 114, 157, 397, 101, 273, 1, 375, 288, 330, 8, 424, 220, 20, 264, 350, 242, 85, 372, 312, 437, 390, 88, 64, 213, 106, 118, 289, 309, 461, 419, 167, 166, 67, 47, 79, 130, 100, 155, 191, 138, 89, 341, 172, 0, 97, 276, 253, 117, 338, 347, 349, 38, 197, 179, 393, 181, 326, 140, 189, 290, 295, 245, 362, 407, 219, 448, 299, 389, 102, 29, 469, 25, 311, 436, 223, 243, 388, 173, 196, 132, 68, 133, 5, 403, 168, 170, 91, 263, 313, 162, 271, 279, 427, 274, 329, 146, 314, 265, 98, 324, 193, 304, 423, 292, 103, 77, 430, 171, 30, 286, 298, 345, 231, 416, 152, 355, 438, 93, 258, 83, 250, 244, 232, 90, 445, 266, 462, 297, 142, 165, 156, 174, 454, 236, 361, 65, 225, 367, 340, 420, 75, 431, 268, 428, 442, 74, 333, 55, 60, 99, 339, 261, 270, 26, 178, 473, 17, 346, 433, 417, 235, 221, 415, 322, 227, 408, 202, 369, 411, 257, 455, 293, 315, 472, 72, 331, 358, 446, 410, 15, 409, 121, 439, 154, 46, 177, 48, 233, 56, 359, 240, 246, 310, 151, 285, 383, 217, 128, 426, 187, 371, 398, 180, 451, 335, 158, 145, 205, 222, 95, 230, 73, 458, 115, 327, 239, 283, 59, 33, 22, 211, 392, 63, 208, 4, 43, 16, 120, 379, 316, 252, 41, 321, 401, 391, 370, 104, 61, 161, 319, 169, 269, 385, 159, 129, 387, 425, 234, 259, 260, 201, 381, 402, 80, 465, 198, 13, 131, 188, 207, 218, 471, 92, 224, 143, 194, 317, 37, 9, 126, 11, 110, 468, 267, 18, 344, 343, 112, 52, 204, 210, 294, 357, 464, 27, 81, 412, 277, 278, 136, 463, 456, 57, 255, 296, 40, 435, 144, 123, 226, 175, 382, 305, 107, 303, 134, 10, 82, 284, 366, 58, 195, 429, 254, 185, 113, 42, 302, 444, 251, 323, 404, 342, 19, 206, 406, 291, 374, 336, 203, 287, 300, 87, 51, 94, 440]
og index list energy: 100740255.12921052
index list: [234, 205, 257, 216, 227, 30, 395, 76, 107, 301, 338, 330, 132, 38, 339, 29, 48, 67, 344, 147, 249, 33, 329, 32, 2, 16, 303, 116, 193, 439, 416, 175, 295, 414, 173, 119, 346, 221, 323, 99, 270, 406, 278, 156, 78, 129, 96, 374, 113, 402, 27, 244, 362, 349, 259, 187, 291, 347, 274, 286, 263, 80, 253, 151, 114, 448, 211, 353, 209, 18, 104, 195, 463, 423, 200, 210, 352, 7, 79, 425, 206, 409, 302, 470, 430, 202, 411, 112, 23, 97, 180, 254, 268, 236, 54, 50, 388, 455, 153, 279, 465, 229, 383, 117, 412, 372, 424, 194, 189, 348, 192, 437, 219, 176, 35, 15, 438, 335, 380, 196, 333, 288, 436, 342, 163, 308, 265, 237, 364, 71, 401, 280, 64, 154, 118, 121, 218, 313, 43, 155, 292, 293, 160, 407, 53, 159, 188, 351, 106, 109, 181, 369, 337, 93, 49, 179, 185, 85, 138, 356, 441, 271, 228, 331, 373, 462, 77, 61, 81, 357, 456, 201, 9, 371, 224, 378, 100, 86, 315, 171, 272, 309, 167, 143, 127, 87, 467, 334, 68, 52, 91, 90, 134, 296, 408, 417, 358, 203, 170, 110, 123, 47, 317, 12, 442, 136, 10, 433, 46, 332, 405, 410, 420, 376, 37, 191, 14, 251, 0, 449, 336, 283, 101, 327, 223, 399, 57, 457, 102, 241, 350, 238, 166, 125, 3, 316, 59, 469, 446, 359, 204, 186, 396, 158, 450, 131, 325, 305, 239, 314, 281, 282, 164, 328, 13, 384, 198, 168, 6, 363, 468, 169, 34, 459, 199, 51, 413, 139, 144, 105, 452, 89, 60, 365, 375, 62, 460, 36, 427, 83, 82, 157, 148, 207, 386, 390, 4, 5, 190, 197, 421, 70, 368, 385, 31, 40, 215, 275, 454, 260, 217, 397, 354, 243, 130, 287, 122, 451, 306, 307, 95, 73, 45, 429, 419, 269, 84, 183, 39, 464, 300, 226, 41, 235, 74, 256, 255, 98, 284, 297, 172, 289, 392, 290, 304, 178, 428, 453, 321, 360, 324, 294, 343, 345, 466, 137, 418, 115, 150, 75, 403, 247, 440, 387, 165, 312, 381, 94, 458, 135, 367, 222, 426, 248, 471, 161, 232, 245, 152, 231, 145, 141, 400, 230, 55, 146, 398, 22, 473, 461, 177, 252, 250, 276, 361, 182, 258, 11, 92, 66, 149, 379, 311, 174, 310, 111, 298, 240, 72, 443, 242, 340, 285, 432, 225, 472, 394, 366, 320, 319, 355, 273, 389, 391, 382, 26, 19, 25, 415, 24, 431, 20, 370, 42, 65, 128, 422, 266, 277, 341, 377, 63, 88, 126, 220, 103, 140, 162, 264, 444, 120, 208, 262, 58, 1, 56, 69, 133, 404, 322, 17, 184, 299, 8, 318, 445, 212, 326, 434, 261, 21, 447, 267, 214, 28, 393, 435, 142, 44, 233, 213, 108, 124, 246]
index list energy: 1607745.0459832705
Done




program ended at: 2019-12-11 20:18:26.466602 
 time delta: 4 days, 23:50:00.010740
