## SLURM PROLOG ###############################################################
##    Job ID : 9199649
##  Job Name : five_day_runs
##  Nodelist : node1144
##      CPUs : 1
##  Mem/Node : 1024 MB
## Directory : /gpfs/data/nfawzi/skale/Fawzi_pycharm_project
##   Started : Fri Dec  6 20:27:55 EST 2019
###############################################################################
program started at:2019-12-06 20:27:55.876423
iterations: 5000000000 temp: 1000000.0 exponent: 0.7 eif: 300.0
time taken (sec): 333611.7403357029
number of iterations: 5000000000
final temperature: 191.58123138056612
og index list: [334, 348, 1, 277, 241, 36, 374, 184, 200, 224, 90, 190, 315, 383, 463, 336, 295, 263, 29, 98, 198, 433, 256, 381, 122, 46, 284, 211, 101, 129, 15, 402, 153, 172, 0, 327, 390, 395, 17, 86, 23, 19, 338, 362, 93, 439, 309, 330, 136, 49, 367, 14, 244, 87, 222, 112, 341, 163, 50, 176, 225, 96, 427, 188, 377, 258, 102, 252, 404, 82, 353, 304, 368, 79, 449, 421, 192, 429, 386, 182, 266, 299, 272, 107, 412, 97, 181, 132, 226, 227, 434, 365, 397, 6, 201, 307, 59, 48, 77, 205, 44, 296, 166, 329, 444, 150, 407, 351, 257, 65, 213, 324, 422, 53, 392, 80, 100, 447, 52, 217, 173, 473, 178, 269, 152, 352, 466, 354, 9, 344, 459, 238, 151, 273, 165, 179, 359, 204, 271, 426, 61, 424, 39, 121, 268, 109, 20, 32, 41, 451, 461, 22, 375, 123, 265, 320, 183, 361, 303, 425, 10, 358, 384, 212, 319, 206, 396, 140, 30, 306, 468, 291, 5, 472, 11, 195, 316, 142, 401, 42, 460, 119, 70, 264, 419, 234, 91, 207, 470, 297, 148, 208, 335, 2, 85, 278, 417, 13, 310, 349, 290, 186, 40, 135, 155, 21, 350, 51, 126, 337, 38, 114, 410, 31, 288, 379, 318, 197, 431, 7, 415, 467, 420, 26, 292, 137, 446, 160, 231, 411, 435, 117, 62, 293, 430, 84, 138, 409, 162, 124, 294, 387, 302, 223, 455, 443, 450, 343, 260, 373, 331, 242, 274, 298, 185, 33, 218, 131, 469, 408, 191, 243, 168, 326, 398, 259, 141, 323, 34, 69, 75, 95, 199, 357, 43, 332, 164, 54, 246, 432, 428, 106, 261, 342, 130, 58, 78, 249, 301, 27, 413, 438, 63, 228, 76, 118, 232, 254, 363, 399, 24, 110, 325, 56, 71, 16, 406, 289, 376, 174, 454, 81, 18, 462, 328, 281, 45, 452, 157, 356, 262, 394, 453, 194, 250, 339, 175, 55, 247, 180, 143, 103, 145, 445, 385, 60, 12, 391, 209, 464, 414, 159, 270, 245, 125, 216, 113, 317, 314, 251, 171, 456, 437, 83, 196, 72, 305, 3, 156, 230, 389, 378, 364, 457, 372, 116, 436, 371, 393, 111, 177, 134, 405, 108, 239, 105, 68, 203, 92, 8, 276, 333, 279, 280, 285, 236, 233, 267, 104, 220, 88, 312, 255, 229, 235, 369, 167, 74, 282, 448, 158, 94, 67, 147, 127, 193, 128, 382, 441, 28, 66, 149, 308, 355, 187, 115, 360, 286, 300, 347, 321, 169, 311, 440, 35, 340, 248, 345, 133, 202, 215, 73, 120, 146, 465, 210, 4, 418, 99, 37, 219, 388, 47, 237, 57, 287, 322, 214, 458, 154, 253, 400, 346, 89, 221, 161, 283, 423, 366, 189, 144, 403, 370, 380, 471, 64, 240, 313, 416, 139, 170, 25, 275, 442]
og index list energy: 123288246.2321957
index list: [234, 205, 48, 401, 238, 112, 404, 70, 80, 138, 150, 115, 61, 77, 85, 29, 214, 192, 21, 75, 26, 20, 411, 32, 2, 376, 149, 188, 24, 66, 11, 429, 235, 460, 173, 119, 365, 155, 117, 436, 229, 390, 246, 167, 450, 296, 67, 387, 251, 443, 99, 378, 39, 412, 335, 448, 185, 59, 228, 225, 334, 250, 36, 447, 116, 469, 147, 414, 164, 142, 104, 195, 352, 359, 270, 156, 127, 143, 87, 63, 88, 360, 53, 461, 109, 106, 96, 86, 23, 97, 180, 254, 49, 320, 44, 28, 386, 241, 108, 124, 349, 34, 33, 467, 393, 249, 207, 200, 433, 415, 263, 470, 219, 176, 35, 15, 423, 442, 358, 194, 189, 377, 357, 430, 438, 264, 280, 71, 385, 306, 212, 64, 218, 154, 118, 121, 265, 336, 163, 287, 51, 288, 268, 342, 27, 204, 382, 259, 187, 291, 468, 37, 337, 302, 413, 178, 303, 301, 279, 459, 441, 151, 373, 331, 473, 368, 237, 455, 7, 458, 14, 428, 9, 201, 418, 130, 54, 136, 381, 0, 56, 245, 1, 160, 69, 81, 90, 317, 68, 52, 91, 159, 134, 125, 135, 472, 126, 203, 170, 315, 50, 463, 133, 12, 105, 471, 10, 361, 46, 332, 456, 375, 398, 432, 4, 191, 5, 333, 208, 78, 313, 129, 297, 72, 380, 363, 318, 273, 319, 285, 242, 213, 402, 169, 3, 316, 348, 233, 426, 351, 202, 186, 421, 158, 419, 131, 120, 217, 239, 314, 281, 216, 165, 312, 83, 383, 198, 168, 294, 389, 371, 457, 113, 347, 454, 247, 345, 114, 137, 437, 79, 89, 60, 92, 341, 292, 369, 427, 391, 13, 82, 157, 148, 244, 388, 466, 197, 190, 199, 210, 344, 94, 240, 370, 183, 40, 215, 275, 397, 206, 19, 25, 356, 464, 84, 406, 171, 372, 286, 355, 221, 323, 295, 465, 451, 95, 55, 307, 153, 45, 73, 305, 236, 255, 209, 211, 431, 300, 258, 311, 172, 41, 420, 226, 453, 177, 440, 379, 321, 324, 43, 408, 445, 409, 161, 152, 231, 145, 403, 354, 366, 196, 340, 30, 350, 410, 47, 110, 62, 394, 123, 384, 322, 227, 435, 76, 107, 193, 260, 330, 338, 132, 396, 38, 93, 444, 269, 422, 100, 405, 181, 328, 346, 16, 362, 252, 224, 407, 399, 146, 230, 141, 174, 166, 310, 111, 298, 278, 272, 395, 329, 283, 101, 327, 223, 364, 353, 243, 434, 182, 276, 102, 282, 416, 424, 22, 339, 274, 262, 374, 175, 392, 400, 42, 65, 128, 446, 266, 277, 439, 449, 293, 74, 299, 220, 103, 140, 162, 31, 257, 256, 18, 271, 58, 139, 144, 232, 417, 248, 179, 367, 6, 308, 253, 309, 8, 57, 452, 222, 325, 284, 343, 267, 98, 290, 326, 289, 425, 304, 462, 261, 184, 17, 122]
index list energy: 1613991.871053729
Done




program ended at: 2019-12-11 20:17:55.883519 
 time delta: 4 days, 23:50:00.007096
