SER_1      
THR_2      221 (15)  
PRO_3      48 (13)  
LYS_4      315 (11)  1023 (58)  
ASP_5      160 (30)  1062 (18)  
ASP_6      
GLU_7      340 (75)  
PHE_8      1077 (98)  
TYR_9      333 (95)  
GLN_10     119 (26)  
GLN_11     
TRP_12     
GLN_13     
LEU_14     
LYS_15     51 (11)  100 (25)  121 (13)  294 (15)  
TYR_16     281 (25)  339 (33)  342 (28)  345 (35)  1087 (13)  
PRO_17     143 (15)  325 (20)  
LYS_18     1023 (31)  
LEU_19     158 (15)  1038 (18)  1064 (13)  1088 (18)  
ILE_20     318 (11)  1069 (11)  
LEU_21     61 (60)  
ARG_22     64 (36)  87 (45)  
GLU_23     285 (11)  
ALA_24     161 (18)  1004 (11)  1043 (26)  
SER_25     
SER_26     166 (13)  191 (53)  
VAL_27     48 (38)  173 (46)  
SER_28     26 (46)  188 (45)  
GLU_29     73 (71)  
GLU_30     295 (21)  
LEU_31     13 (31)  
HIS_32     297 (85)  
LYS_33     298 (96)  
GLU_34     27 (98)  
VAL_35     130 (96)  
GLN_36     1056 (86)  
GLU_37     99 (18)  
ALA_38     313 (16)  
PHE_39     300 (71)  305 (35)  309 (16)  323 (48)  367 (18)  1067 (31)  1081 (11)  
LEU_40     144 (15)  
THR_41     136 (30)  240 (28)  1009 (18)  
LEU_42     
HIS_43     293 (13)  
LYS_44     
HIS_45     30 (50)  
GLY_46     205 (20)  1011 (43)  
CYS_47     86 (20)  292 (43)  
LEU_48     20 (11)  265 (23)  
PHE_49     381 (35)  1069 (23)  5011 (13)  
ARG_50     1071 (20)  
ASP_51     89 (38)  1004 (28)  
LEU_52     11 (11)  76 (20)  95 (31)  
VAL_53     103 (15)  326 (40)  
ARG_54     77 (15)  363 (21)  1045 (25)  1090 (38)  
ILE_55     18 (15)  115 (30)  
GLN_56     307 (25)  1046 (21)  
GLY_57     1072 (20)  
LYS_58     334 (56)  1061 (30)  
ASP_59     90 (25)  1073 (46)  
LEU_60     2004 (68)  
LEU_61     268 (61)  355 (11)  
THR_62     91 (75)  
PRO_63     7 (35)  63 (11)  
VAL_64     120 (51)  372 (30)  
SER_65     22 (21)  
ARG_66     8 (23)  1012 (36)  
ILE_67     18 (20)  79 (41)  
LEU_68     61 (18)  265 (23)  
ILE_69     103 (15)  
GLY_70     150 (13)  212 (28)  1005 (18)  1038 (20)  1048 (16)  
ASN_71     
PRO_72     
GLY_73     
CYS_74     1028 (25)  
THR_75     
TYR_76     350 (48)  
LYS_77     60 (16)  274 (28)  
TYR_78     79 (26)  318 (11)  
LEU_79     93 (16)  111 (15)  
ASN_80     2001 (13)  
THR_81     303 (13)  
ARG_82     165 (13)  1090 (30)  
LEU_83     20 (56)  89 (13)  1047 (23)  
PHE_84     53 (31)  355 (25)  381 (16)  
THR_85     175 (21)  209 (30)  1085 (31)  
VAL_86     75 (78)  165 (31)  1031 (20)  
PRO_87     7 (30)  
TRP_88     45 (15)  287 (60)  307 (16)  
PRO_89     
VAL_90     170 (30)  372 (40)  
LYS_91     77 (50)  274 (26)  
GLY_92     183 (15)  205 (20)  1015 (40)  2005 (16)  
SER_93     210 (26)  
ASN_94     56 (18)  141 (41)  
ILE_95     346 (91)  
LYS_96     60 (76)  
HIS_97     125 (63)  
THR_98     
GLU_99     157 (40)  165 (18)  244 (40)  
ALA_100    67 (25)  
GLU_101    81 (26)  247 (16)  1007 (23)  1081 (23)  
ILE_102    301 (100)  
ALA_103    16 (100)  
ALA_104    249 (46)  251 (15)  331 (51)  
ALA_105    248 (100)  
CYS_106    117 (20)  127 (25)  1091 (95)  
GLU_107    288 (33)  1096 (30)  1097 (33)  
THR_108    
PHE_109    
LEU_110    330 (13)  
LYS_111    293 (35)  319 (18)  1033 (13)  1044 (21)  
LEU_112    90 (13)  
ASN_113    74 (18)  153 (18)  
ASP_114    92 (28)  1030 (41)  
TYR_115    360 (40)  1018 (20)  
LEU_116    22 (30)  330 (15)  
GLN_117    295 (15)  
ILE_118    273 (15)  1029 (25)  1100 (43)  
GLU_119    1041 (26)  
THR_120    229 (26)  
ILE_121    
GLN_122    1041 (11)  
ALA_123    1072 (21)  
LEU_124    
GLU_125    
GLU_126    1036 (13)  
LEU_127    
ALA_128    153 (18)  
ALA_129    112 (51)  313 (20)  1072 (16)  
LYS_130    1035 (88)  1081 (13)  
GLU_131    361 (80)  
LYS_132    13 (23)  1054 (30)  
ALA_133    259 (100)  
ASN_134    
GLU_135    354 (40)  
ASP_136    337 (58)  1010 (30)  
ALA_137    257 (88)  
VAL_138    364 (73)  1007 (18)  
PRO_139    1083 (35)  
LEU_140    10 (13)  149 (18)  168 (33)  1055 (26)  
CYS_141    263 (33)  1014 (11)  1081 (20)  
MET_142    44 (11)  1054 (35)  
SER_143    15 (36)  176 (20)  1066 (40)  
ALA_144    50 (28)  66 (31)  71 (18)  1034 (48)  1051 (46)  
ASP_145    85 (26)  184 (40)  1080 (25)  
PHE_146    314 (66)  329 (25)  347 (23)  381 (16)  1030 (20)  1086 (26)  1087 (26)  5011 (21)  
PRO_147    143 (23)  325 (63)  
ARG_148    308 (70)  363 (13)  
VAL_149    357 (36)  
GLY_150    181 (31)  183 (23)  1048 (13)  
MET_151    1061 (23)  
GLY_152    2005 (68)  
SER_153    210 (73)  
SER_154    341 (70)  
TYR_155    128 (20)  1039 (75)  
ASN_156    43 (38)  151 (13)  
GLY_157    207 (38)  1026 (68)  
GLN_158    336 (100)  
ASP_159    1022 (78)  
GLU_160    344 (70)  1079 (13)  
VAL_161    1025 (85)  
ASP_162    1042 (96)  
ILE_163    1037 (85)  
LYS_164    356 (73)  
SER_165    188 (25)  
ARG_166    71 (20)  180 (13)  
ALA_167    34 (58)  1004 (15)  
ALA_168    4 (80)  34 (31)  251 (46)  1072 (15)  
TYR_169    96 (26)  305 (15)  309 (66)  1067 (15)  
ASN_170    74 (33)  151 (15)  265 (26)  
VAL_171    
THR_172    240 (21)  1099 (50)  
LEU_173    1008 (70)  
LEU_174    76 (13)  365 (18)  1089 (15)  
ASN_175    1030 (18)  
PHE_176    53 (33)  323 (11)  355 (15)  1069 (36)  
MET_177    8 (20)  43 (18)  72 (20)  
ASP_178    90 (13)  276 (68)  
PRO_179    25 (13)  
GLN_180    185 (43)  1041 (11)  
LYS_181    98 (50)  102 (15)  155 (13)  1050 (18)  
MET_182    30 (31)  164 (20)  2002 (80)  
PRO_183    
TYR_184    299 (73)  351 (25)  
LEU_185    62 (13)  111 (13)  250 (85)  
LYS_186    121 (21)  155 (65)  368 (23)  1063 (23)  
GLU_187    94 (23)  1064 (13)  
GLU_188    55 (43)  
PRO_189    
TYR_190    264 (31)  278 (53)  
PHE_191    266 (13)  330 (16)  1053 (23)  
GLY_192    150 (40)  207 (16)  212 (35)  1015 (33)  1026 (16)  2005 (15)  
MET_193    29 (16)  139 (11)  
GLY_194    207 (18)  212 (16)  1011 (21)  
LYS_195    334 (25)  1028 (21)  1061 (28)  
MET_196    102 (30)  125 (13)  
ALA_197    112 (23)  
VAL_198    2003 (86)  
SER_199    26 (45)  176 (21)  
TRP_200    73 (26)  1031 (13)  
HIS_201    
HIS_202    1000 (15)  
ASP_203    160 (13)  
GLU_204    
ASN_205    
LEU_206    138 (36)  159 (18)  
VAL_207    103 (13)  1049 (16)  
ASP_208    10 (41)  58 (35)  109 (26)  
ARG_209    
SER_210    35 (15)  316 (65)  1057 (28)  
ALA_211    50 (45)  66 (16)  1051 (31)  
VAL_212    364 (21)  
ALA_213    113 (11)  
VAL_214    1002 (26)  1007 (13)  2003 (13)  
TYR_215    93 (33)  345 (15)  1001 (36)  
SER_216    146 (58)  175 (13)  
TYR_217    68 (16)  128 (63)  
SER_218    
CYS_219    
GLU_220    338 (56)  
GLY_221    197 (25)  211 (15)  1098 (31)  
PRO_222    63 (26)  1006 (31)  
GLU_223    126 (76)  
GLU_224    285 (73)  
GLU_225    280 (81)  
SER_226    316 (18)  1057 (68)  
GLU_227    5 (31)  180 (16)  
ASP_228    337 (21)  1010 (26)  
ASP_229    268 (16)  
SER_230    91 (13)  303 (38)  
HIS_231    5 (11)  180 (13)  1000 (20)  
LEU_232    20 (11)  62 (21)  1062 (26)  1065 (71)  1071 (13)  
GLU_233    100 (46)  
GLY_234    198 (81)  
ARG_235    349 (88)  
ASP_236    114 (66)  
PRO_237    
ASP_238    168 (11)  1016 (38)  
ILE_239    
TRP_240    356 (13)  
HIS_241    
VAL_242    357 (40)  
GLY_243    181 (66)  
PHE_244    329 (21)  347 (20)  1078 (91)  
LYS_245    51 (23)  102 (13)  164 (23)  1071 (11)  
ILE_246    79 (11)  318 (43)  
SER_247    1068 (21)  1085 (31)  
TRP_248    5 (20)  
ASP_249    337 (16)  
ILE_250    
GLU_251    54 (13)  1046 (18)  
THR_252    2 (21)  221 (46)  1099 (21)  
PRO_253    
GLY_254    
LEU_255    29 (40)  140 (20)  
ALA_256    70 (66)  113 (28)  271 (80)  2001 (33)  
ILE_257    327 (68)  2033 (20)  
PRO_258    7 (16)  48 (13)  1009 (11)  
LEU_259    1016 (26)  1055 (23)  
HIS_260    2001 (13)  
GLN_261    98 (35)  
GLY_262    1098 (46)  
ASP_263    1059 (60)  
CYS_264    
TYR_265    281 (23)  
PHE_266    154 (20)  266 (20)  330 (20)  
MET_267    8 (11)  72 (16)  139 (31)  
LEU_268    80 (51)  158 (18)  
ASP_269    11 (38)  1089 (11)  
ASP_270    365 (25)  
LEU_271    355 (11)  
ASN_272    153 (11)  
ALA_273    113 (15)  
THR_274    1095 (90)  
HIS_275    284 (76)  
GLN_276    
HIS_277    
CYS_278    
VAL_279    1083 (11)  
LEU_280    343 (100)  
ALA_281    1017 (100)  
GLY_282    1 (53)  
SER_283    341 (13)  
GLN_284    
PRO_285    
ARG_286    
PHE_287    255 (41)  266 (18)  339 (28)  342 (28)  1053 (48)  
SER_288    175 (33)  
SER_289    
THR_290    191 (18)  
HIS_291    
ARG_292    352 (45)  
VAL_293    
ALA_294    49 (85)  161 (21)  
GLU_295    96 (60)  142 (35)  
CYS_296    101 (76)  166 (13)  
SER_297    
THR_298    191 (16)  
GLY_299    182 (100)  
THR_300    186 (100)  
LEU_301    1008 (11)  1032 (16)  
ASP_302    154 (43)  
TYR_303    310 (48)  317 (41)  380 (48)  1018 (16)  
ILE_304    25 (36)  47 (40)  1009 (31)  
LEU_305    
GLN_306    
ARG_307    289 (11)  308 (11)  
CYS_308    117 (21)  242 (38)  1096 (11)  1097 (26)  
GLN_309    28 (11)  119 (35)  1097 (23)  
LEU_310    373 (21)  
ALA_311    153 (20)  
LEU_312    85 (21)  1080 (15)  1094 (36)  
GLN_313    
ASN_314    220 (91)  
VAL_315    23 (83)  
CYS_316    83 (100)  
ASP_317    116 (96)  
ASP_318    1086 (55)  
VAL_319    
ASP_320    58 (18)  109 (20)  270 (45)  1093 (35)  
ASN_321    245 (50)  1030 (11)  
ASP_322    159 (35)  
ASP_323    78 (18)  92 (13)  
VAL_324    47 (31)  353 (50)  
SER_325    1068 (36)  
LEU_326    56 (43)  68 (40)  71 (26)  123 (43)  
LYS_327    51 (11)  121 (20)  171 (15)  368 (20)  369 (30)  1063 (11)  
SER_328    176 (25)  1066 (48)  
PHE_329    1003 (45)  1039 (13)  
GLU_330    
PRO_331    
ALA_332    19 (28)  147 (73)  
VAL_333    31 (81)  33 (18)  88 (30)  321 (21)  371 (21)  
LEU_334    1055 (23)  1093 (23)  
LYS_335    122 (60)  171 (31)  319 (48)  
GLN_336    294 (25)  
GLY_337    1020 (28)  
GLU_338    59 (35)  86 (35)  127 (11)  134 (40)  1002 (55)  
GLU_339    124 (13)  252 (26)  
ILE_340    359 (25)  
HIS_341    1041 (11)  1046 (13)  
ASN_342    
GLU_343    
VAL_344    135 (50)  193 (21)  
GLU_345    54 (11)  59 (11)  77 (11)  104 (20)  1060 (11)  
PHE_346    266 (23)  328 (36)  359 (28)  1003 (25)  
GLU_347    28 (13)  32 (18)  1046 (15)  
TRP_348    367 (11)  
LEU_349    106 (38)  148 (13)  172 (11)  
ARG_350    
GLN_351    
PHE_352    367 (20)  
TRP_353    28 (18)  32 (15)  1009 (15)  
PHE_354    264 (15)  1003 (20)  
GLN_355    
GLY_356    1098 (15)  
ASN_357    1052 (48)  1059 (33)  
ARG_358    9 (11)  352 (15)  354 (26)  
TYR_359    281 (16)  310 (26)  311 (46)  
ARG_360    363 (26)  1046 (15)  
LYS_361    14 (20)  44 (40)  171 (13)  246 (16)  279 (33)  369 (13)  
CYS_362    59 (21)  1001 (28)  
THR_363    2 (15)  192 (20)  
ASP_364    1032 (63)  
TRP_365    263 (43)  
TRP_366    69 (11)  
CYS_367    
GLN_368    
PRO_369    143 (23)  
MET_370    118 (58)  170 (15)  1044 (16)  
ALA_371    67 (48)  256 (56)  
GLN_372    127 (11)  247 (80)  
LEU_373    172 (75)  
GLU_374    
ALA_375    313 (35)  1013 (41)  1027 (11)  
LEU_376    1080 (15)  1094 (21)  
TRP_377    261 (53)  
LYS_378    21 (28)  37 (11)  99 (33)  107 (11)  246 (20)  1033 (46)  
LYS_379    21 (20)  171 (16)  279 (35)  373 (13)  
MET_380    
GLU_381    144 (16)  
GLY_382    211 (11)  1020 (11)  1024 (93)  
VAL_383    5022 (100)  
THR_384    192 (78)  
ASN_385    1012 (46)  
ALA_386    112 (15)  260 (13)  
VAL_387    31 (13)  33 (13)  88 (25)  269 (16)  321 (28)  371 (48)  
LEU_388    158 (11)  
HIS_389    302 (68)  
GLU_390    28 (11)  99 (11)  252 (45)  
VAL_391    136 (18)  193 (36)  242 (13)  273 (40)  335 (13)  1029 (21)  
LYS_392    37 (30)  107 (26)  118 (21)  170 (21)  187 (16)  306 (48)  315 (31)  
ARG_393    17 (61)  332 (25)  
GLU_394    69 (45)  
GLY_395    197 (18)  205 (23)  
LEU_396    2033 (28)  
PRO_397    199 (11)  208 (11)  
VAL_398    84 (38)  288 (36)  
GLU_399    104 (21)  129 (45)  187 (18)  
GLN_400    
ARG_401    370 (55)  
ASN_402    1073 (46)  
GLU_403    354 (26)  
ILE_404    1029 (21)  
LEU_405    163 (85)  
THR_406    156 (11)  178 (90)  
ALA_407    177 (88)  
ILE_408    304 (91)  
LEU_409    65 (75)  270 (23)  
ALA_410    113 (13)  256 (16)  
SER_411    179 (71)  
LEU_412    148 (35)  
THR_413    156 (76)  335 (11)  
ALA_414    254 (88)  
ARG_415    1 (23)  81 (21)  289 (20)  
GLN_416    144 (15)  
ASN_417    148 (40)  324 (53)  
LEU_418    45 (13)  92 (11)  1088 (48)  
ARG_419    340 (20)  1014 (48)  
ARG_420    370 (23)  
GLU_421    332 (23)  
TRP_422    124 (35)  
HIS_423    
ALA_424    1043 (11)  
ARG_425    81 (25)  374 (35)  
CYS_426    
GLN_427    338 (11)  
SER_428    35 (26)  
ARG_429    272 (50)  
ILE_430    115 (16)  359 (11)  360 (13)  1094 (18)  
ALA_431    
ARG_432    9 (38)  289 (43)  
THR_433    209 (36)  
LEU_434    
PRO_435    3 (13)  23 (11)  199 (13)  1049 (23)  
ALA_436    19 (25)  147 (26)  149 (50)  
ASP_437    138 (31)  1052 (38)  
GLN_438    
LYS_439    14 (33)  55 (13)  246 (31)  
PRO_440    
GLU_441    
CYS_442    
ARG_443    1090 (13)  
PRO_444    
TYR_445    351 (41)  5011 (13)  
TRP_446    261 (15)  
GLU_447    
LYS_448    14 (25)  44 (13)  55 (11)  369 (18)  
ASP_449    1060 (16)  
ASP_450    76 (33)  95 (18)  
ALA_451    52 (95)  
SER_452    152 (100)  
MET_453    12 (91)  
PRO_454    127 (40)  
LEU_455    149 (11)  1093 (11)  
PRO_456    3 (23)  199 (21)  269 (11)  292 (21)  
PHE_457    278 (16)  317 (41)  
ASP_458    11 (13)  78 (30)  111 (26)  
LEU_459    78 (30)  
THR_460    303 (15)  
ASP_461    106 (31)  
ILE_462    1040 (100)  
VAL_463    167 (100)  
SER_464    189 (100)  
GLU_465    258 (100)  
LEU_466    348 (100)  
ARG_467    162 (100)  
GLY_468    1019 (100)  
GLN_469    312 (100)  
LEU_470    24 (100)  
LEU_471    160 (21)  
GLU_472    87 (23)  
ALA_473    110 (88)  1043 (13)  
LYS_474    275 (91)  1050 (16)  
PRO_475    1045 (55)  
