RES     peak_id              reli             N            HN            CA            CB          CO-1          CA-1          CB-1
SER_1   -                       -             -             -             -             -             -             -             -
THR_2   -                       -             -             -             -             -             -             -             -
PRO_3   -                       -             -             -             -             -             -             -             -
LYS_4   1023                  (M)     121.00000       8.12900      56.84330      32.42465     176.48480      63.98330      32.02465
ASP_5   -                       -             -             -             -             -             -             -             -
ASP_6   -                       -             -             -             -             -             -             -             -
GLU_7   340                   (M)     121.40000       8.31800      58.78330      29.65465     176.88480      56.14330      41.49465
PHE_8   1077                  (M)     121.10000       8.03800      60.40330      39.34465     176.98480      58.73330      29.77465
TYR_9   333                   (M)     119.50000       7.89100      60.53330      38.44465     176.18480      60.35330      39.27465
GLN_10  -                       -             -             -             -             -             -             -             -
GLN_11  -                       -             -             -             -             -             -             -             -
TRP_12  -                       -             -             -             -             -             -             -             -
GLN_13  -                       -             -             -             -             -             -             -             -
LEU_14  -                       -             -             -             -             -             -             -             -
LYS_15  -                       -             -             -             -             -             -             -             -
TYR_16  345                   (L)     121.80000       8.17900      54.72330      44.18465     175.38480      54.76330      33.77465
PRO_17  -                       -             -             -             -             -             -             -             -
LYS_18  -                       -             -             -             -             -             -             -             -
LEU_19  -                       -             -             -             -             -             -             -             -
ILE_20  -                       -             -             -             -             -             -             -             -
LEU_21  61                    (L)     128.80000       8.71900      54.14330      44.73465     174.48480      58.07330      39.46465
ARG_22  -                       -             -             -             -             -             -             -             -
GLU_23  -                       -             -             -             -             -             -             -             -
ALA_24  -                       -             -             -             -             -             -             -             -
SER_25  -                       -             -             -             -             -             -             -             -
SER_26  191                   (L)     113.10000       8.04900      64.26330      69.32465     175.68480      57.30330      71.39465
VAL_27  -                       -             -             -             -             -             -             -             -
SER_28  -                       -             -             -             -             -             -             -             -
GLU_29  73                    (M)     127.10000       8.79300      60.10330      29.70465     174.48480      58.85330      64.16465
GLU_30  -                       -             -             -             -             -             -             -             -
LEU_31  -                       -             -             -             -             -             -             -             -
HIS_32  297                   (M)     116.70000       7.65500      59.89330      31.38465     177.58480      57.50330      41.54465
LYS_33  298                   (M)     116.70000       7.69900      59.76330             -     177.68480      59.83330             -
GLU_34  27                    (M)     118.30000       7.32100      59.48330             -     178.38480      59.59330      32.47465
VAL_35  130                   (M)     122.40000       8.47800      66.61330             -     179.08480      59.37330             -
GLN_36  1056                  (M)     118.70000       8.16900      60.11330             -     176.28480      66.45330             -
GLU_37  -                       -             -             -             -             -             -             -             -
ALA_38  -                       -             -             -             -             -             -             -             -
PHE_39  300                   (M)     117.30000       7.87300      53.93330      39.27465     177.58480      53.55330      18.63465
LEU_40  -                       -             -             -             -             -             -             -             -
THR_41  -                       -             -             -             -             -             -             -             -
LEU_42  -                       -             -             -             -             -             -             -             -
HIS_43  -                       -             -             -             -             -             -             -             -
LYS_44  -                       -             -             -             -             -             -             -             -
HIS_45  30                    (L)     120.00000       6.96500      53.81330      33.25465     175.18480      54.83330      32.81465
GLY_46  -                       -             -             -             -             -             -             -             -
CYS_47  -                       -             -             -             -             -             -             -             -
LEU_48  -                       -             -             -             -             -             -             -             -
PHE_49  381                   (L)     120.80000       7.73200      56.40330      41.28465     174.08480      54.55330      41.48465
ARG_50  -                       -             -             -             -             -             -             -             -
ASP_51  89                    (L)     121.40000       9.45900             -      41.26465     174.88480      54.87330      30.51465
LEU_52  -                       -             -             -             -             -             -             -             -
VAL_53  326                   (L)     119.40000       8.20600      60.19330      32.06465     178.18480      58.47330      49.80465
ARG_54  -                       -             -             -             -             -             -             -             -
ILE_55  -                       -             -             -             -             -             -             -             -
GLN_56  -                       -             -             -             -             -             -             -             -
GLY_57  -                       -             -             -             -             -             -             -             -
LYS_58  334                   (L)     120.10000       8.31400      56.91330      32.86465     172.58480      44.23330             -
ASP_59  -                       -             -             -             -             -             -             -             -
LEU_60  2004                  (L)     121.30000       7.33700      54.94330             -     174.88480      53.77330             -
LEU_61  268                   (M)     123.10000       8.33200      53.08330      43.00465     173.18480      54.97330      44.66465
THR_62  91                    (M)     120.80000       9.33500      60.55330      69.50465     177.48480      53.03330      43.09465
PRO_63  -                       -             -             -             -             -             -             -             -
VAL_64  120                   (L)     120.30000       8.88200      61.25330      31.52465     178.48480             -             -
SER_65  -                       -             -             -             -             -             -             -             -
ARG_66  1012                  (L)     122.60000       8.29100      53.28330      32.84465     172.58480             -      65.38465
ILE_67  -                       -             -             -             -             -             -             -             -
LEU_68  -                       -             -             -             -             -             -             -             -
ILE_69  -                       -             -             -             -             -             -             -             -
GLY_70  -                       -             -             -             -             -             -             -             -
ASN_71  -                       -             -             -             -             -             -             -             -
PRO_72  -                       -             -             -             -             -             -             -             -
GLY_73  -                       -             -             -             -             -             -             -             -
CYS_74  -                       -             -             -             -             -             -             -             -
THR_75  -                       -             -             -             -             -             -             -             -
TYR_76  -                       -             -             -             -             -             -             -             -
LYS_77  -                       -             -             -             -             -             -             -             -
TYR_78  -                       -             -             -             -             -             -             -             -
LEU_79  -                       -             -             -             -             -             -             -             -
ASN_80  -                       -             -             -             -             -             -             -             -
THR_81  -                       -             -             -             -             -             -             -             -
ARG_82  -                       -             -             -             -             -             -             -             -
LEU_83  20                    (L)     122.70000       7.41900      53.57330      43.92465     171.68480      56.68330      29.35465
PHE_84  -                       -             -             -             -             -             -             -             -
THR_85  -                       -             -             -             -             -             -             -             -
VAL_86  75                    (M)     126.30000       8.77100      61.39330      31.58465     176.68480      62.37330      69.42465
PRO_87  -                       -             -             -             -             -             -             -             -
TRP_88  287                   (M)     114.80000       7.26900      54.59330      28.97465     173.58480      63.63330      27.85465
PRO_89  -                       -             -             -             -             -             -             -             -
VAL_90  372                   (L)     121.60000       7.75100      61.83330      33.26465     174.08480      63.37330      29.36465
LYS_91  77                    (L)     127.20000       8.64200      58.70330      31.69465     176.28480      61.80330      33.01465
GLY_92  -                       -             -             -             -             -             -             -             -
SER_93  -                       -             -             -             -             -             -             -             -
ASN_94  141                   (L)     117.80000       9.30700      54.81330      41.12465     171.88480      56.19330      62.82465
ILE_95  346                   (L)     121.90000       8.22900      60.93330      38.93465     173.58480      53.43330      38.54465
LYS_96  60                    (M)     129.40000       9.09200      55.47330      34.19465     174.88480      60.83330      38.91465
HIS_97  125                   (L)     122.40000       8.55400      57.30330      34.41465     174.38480      55.45330      34.36465
THR_98  -                       -             -             -             -             -             -             -             -
GLU_99  157                   (L)     116.00000       8.37000      55.08330      31.08465     172.28480      51.62330      71.89465
ALA_100 -                       -             -             -             -             -             -             -             -
GLU_101 -                       -             -             -             -             -             -             -             -
ILE_102 301                  (FM)     117.30000       8.07400      63.82330      37.45465     179.28480      60.05330             -
ALA_103 16                   (FH)     125.10000       7.43700      55.56330      18.75465     177.28480      63.89330      37.43465
ALA_104 -                       -             -             -             -             -             -             -             -
ALA_105 248                   (L)     121.70000       7.56600      55.44330      17.63465     179.58480      54.83330      19.13465
CYS_106 1091                  (M)     115.60000       7.98500      65.76330      27.43465     178.78480      55.31330             -
GLU_107 -                       -             -             -             -             -             -             -             -
THR_108 -                       -             -             -             -             -             -             -             -
PHE_109 -                       -             -             -             -             -             -             -             -
LEU_110 -                       -             -             -             -             -             -             -             -
LYS_111 293                   (L)     116.50000       7.43000      59.43330             -     177.58480             -             -
LEU_112 -                       -             -             -             -             -             -             -             -
ASN_113 -                       -             -             -             -             -             -             -             -
ASP_114 1030                  (L)     121.40000       7.83600      55.91330      38.96465     174.88480      54.53330             -
TYR_115 360                   (L)     121.40000       7.91200      65.08330      42.85465     174.28480      55.89330             -
LEU_116 -                       -             -             -             -             -             -             -             -
GLN_117 -                       -             -             -             -             -             -             -             -
ILE_118 1100                  (L)     124.90000       8.72800      64.58330             -     179.48480             -             -
GLU_119 -                       -             -             -             -             -             -             -             -
THR_120 -                       -             -             -             -             -             -             -             -
ILE_121 -                       -             -             -             -             -             -             -             -
GLN_122 -                       -             -             -             -             -             -             -             -
ALA_123 -                       -             -             -             -             -             -             -             -
LEU_124 -                       -             -             -             -             -             -             -             -
GLU_125 -                       -             -             -             -             -             -             -             -
GLU_126 -                       -             -             -             -             -             -             -             -
LEU_127 -                       -             -             -             -             -             -             -             -
ALA_128 -                       -             -             -             -             -             -             -             -
ALA_129 112                   (L)     125.00000       7.82600      52.69330             -     178.28480      54.91330             -
LYS_130 1035                  (M)     121.80000       7.91900      60.32330      32.38465     176.88480      52.64330      19.25465
GLU_131 361                   (M)     120.90000       7.92200      59.39330             -     178.68480             -      32.34465
LYS_132 -                       -             -             -             -             -             -             -             -
ALA_133 259                  (FM)     122.90000       7.74200      53.59330      18.70465     176.78480      57.66330      32.30465
ASN_134 -                       -             -             -             -             -             -             -             -
GLU_135 -                       -             -             -             -             -             -             -             -
ASP_136 337                   (M)     120.80000       8.14500      54.97330      41.27465     176.08480      57.59330      30.10465
ALA_137 257                   (M)     123.80000       7.81700      52.78330      19.27465     175.38480      54.95330      41.22465
VAL_138 364                   (M)     121.30000       7.85000      60.39330      32.35465     176.88480      52.76330      19.25465
PRO_139 -                       -             -             -             -             -             -             -             -
LEU_140 168                   (L)     119.30000       8.40600      55.18330      41.63465     176.08480      63.67330      32.36465
CYS_141 -                       -             -             -             -             -             -             -             -
MET_142 -                       -             -             -             -             -             -             -             -
SER_143 -                       -             -             -             -             -             -             -             -
ALA_144 -                       -             -             -             -             -             -             -             -
ASP_145 184                   (L)     112.50000       8.31100      54.81330             -     175.78480             -             -
PHE_146 314                   (M)     121.30000       7.66700      56.17330      39.17465     174.88480      54.64330      41.25465
PRO_147 -                       -             -             -             -             -             -             -             -
ARG_148 308                   (M)     117.90000       7.55500      59.89330      29.71465     178.08480      62.73330             -
VAL_149 -                       -             -             -             -             -             -             -             -
GLY_150 -                       -             -             -             -             -             -             -             -
MET_151 -                       -             -             -             -             -             -             -             -
GLY_152 2005                  (L)     104.60000       7.10800      46.49330             -     175.18480      56.95330      40.84465
SER_153 210                   (M)     109.10000       7.10500      58.98330      72.67465     174.28480      46.59330             -
SER_154 341                   (L)     121.70000       8.24500             -      64.03465     172.58480             -      63.80465
TYR_155 1039                  (M)     122.70000       8.09700      56.57330             -     173.58480      58.75330      63.82465
ASN_156 -                       -             -             -             -             -             -             -             -
GLY_157 1026                  (L)     109.50000       7.73200      45.93330             -     176.08480      54.62330      41.38465
GLN_158 336                   (M)     120.30000       8.28200      56.30330      29.41465     173.98480      45.72330             -
ASP_159 1022                  (M)     121.50000       8.33900      55.06330      41.36465     175.28480             -      29.41465
GLU_160 344                   (M)     121.50000       8.16600      57.37330      30.19465     173.18480      55.01330      41.38465
VAL_161 1025                  (L)     121.00000       7.94500      62.91330      32.68465     175.98480      57.04330      30.19465
ASP_162 1042                  (M)     124.30000       8.21500      54.64330      41.38465     175.28480      62.76330      32.74465
ILE_163 1037                  (M)     122.20000       7.95900      62.57330      38.33465     176.28480      54.73330      41.50465
LYS_164 356                   (M)     121.60000       8.01500      59.47330      32.81465     173.98480      62.47330             -
SER_165 -                       -             -             -             -             -             -             -             -
ARG_166 -                       -             -             -             -             -             -             -             -
ALA_167 34                    (M)     118.00000       6.91500      49.85330      21.00465     173.18480      46.36330             -
ALA_168 4                     (M)     122.30000       6.22400      50.70330      16.35465     174.28480      49.83330      20.81465
TYR_169 309                   (L)     118.40000       7.61800      59.85330      33.65465     175.68480      52.60330      19.49465
ASN_170 -                       -             -             -             -             -             -             -             -
VAL_171 -                       -             -             -             -             -             -             -             -
THR_172 1099                  (L)     113.70000       7.67300      60.47330             -     175.78480             -             -
LEU_173 1008                  (M)     119.40000       8.45900      56.94330      42.56465     171.38480      60.46330      72.60465
LEU_174 -                       -             -             -             -             -             -             -             -
ASN_175 -                       -             -             -             -             -             -             -             -
PHE_176 1069                  (L)     125.90000       8.70600      57.99330      39.27465             -      53.55330             -
MET_177 -                       -             -             -             -             -             -             -             -
ASP_178 276                   (M)     122.50000       8.02300      49.78330      41.96465     171.58480      54.30330      35.99465
PRO_179 -                       -             -             -             -             -             -             -             -
GLN_180 185                   (L)     116.40000       7.92000      57.92330      28.33465     177.38480      65.15330      31.89465
LYS_181 -                       -             -             -             -             -             -             -             -
MET_182 2002                  (M)     125.80000       7.93600      52.55330      31.22465     175.58480      57.06330             -
PRO_183 -                       -             -             -             -             -             -             -             -
TYR_184 299                   (M)     117.20000       7.71000      56.98330      37.60465     175.88480      63.86330      31.76465
LEU_185 250                   (M)     123.00000       7.51600      55.25330      42.20465     174.78480      56.95330      37.57465
LYS_186 155                   (M)     116.30000       8.52000      56.96330      32.32465     175.68480      55.45330             -
GLU_187 -                       -             -             -             -             -             -             -             -
GLU_188 -                       -             -             -             -             -             -             -             -
PRO_189 -                       -             -             -             -             -             -             -             -
TYR_190 278                   (L)     123.00000       8.18400      56.01330      42.13465     176.48480      63.40330      32.06465
PHE_191 -                       -             -             -             -             -             -             -             -
GLY_192 150                   (L)     116.80000       8.74500      45.67330             -     175.28480      59.07330      62.44465
MET_193 -                       -             -             -             -             -             -             -             -
GLY_194 -                       -             -             -             -             -             -             -             -
LYS_195 -                       -             -             -             -             -             -             -             -
MET_196 -                       -             -             -             -             -             -             -             -
ALA_197 -                       -             -             -             -             -             -             -             -
VAL_198 2003                  (M)     118.10000       7.57200             -      33.77465     175.58480      52.54330      19.40465
SER_199 26                    (L)     119.40000       7.34800      58.82330      64.04465     173.58480      61.62330      33.73465
TRP_200 -                       -             -             -             -             -             -             -             -
HIS_201 -                       -             -             -             -             -             -             -             -
HIS_202 -                       -             -             -             -             -             -             -             -
ASP_203 -                       -             -             -             -             -             -             -             -
GLU_204 -                       -             -             -             -             -             -             -             -
ASN_205 -                       -             -             -             -             -             -             -             -
LEU_206 138                   (L)     119.40000       8.61400      57.12330      43.35465     173.58480      51.90330             -
VAL_207 -                       -             -             -             -             -             -             -             -
ASP_208 10                    (L)     124.40000       6.88900      54.28330      40.84465     174.48480      62.13330      34.81465
ARG_209 -                       -             -             -             -             -             -             -             -
SER_210 316                   (M)     117.80000       8.25900      58.30330      64.32465     175.78480      56.82330      30.31465
ALA_211 50                    (L)     129.20000       7.94200      52.88330             -     171.98480      58.16330             -
VAL_212 -                       -             -             -             -             -             -             -             -
ALA_213 -                       -             -             -             -             -             -             -             -
VAL_214 -                       -             -             -             -             -             -             -             -
TYR_215 1001                  (L)     126.10000       8.26100      58.69330             -     173.88480      58.70330      32.79465
SER_216 146                   (L)     118.30000       8.73800      58.23330             -     174.88480      57.58330      41.67465
TYR_217 128                   (M)     123.70000       8.47700      56.98330      30.28465     174.08480      58.28330      64.30465
SER_218 -                       -             -             -             -             -             -             -             -
CYS_219 -                       -             -             -             -             -             -             -             -
GLU_220 338                   (L)     121.70000       8.26500      57.12330      30.32465     173.28480      59.36330      28.84465
GLY_221 -                       -             -             -             -             -             -             -             -
PRO_222 -                       -             -             -             -             -             -             -             -
GLU_223 126                   (M)     122.30000       8.59900      57.15330      30.17465     176.08480      62.96330      34.69465
GLU_224 285                   (M)     122.50000       8.39500      56.73330             -     175.78480      57.10330      30.15465
GLU_225 280                   (M)     122.80000       8.34400      56.76330      30.42465     175.78480      56.57330      30.58465
SER_226 1057                  (M)     118.50000       8.26000      58.30330      64.29465     175.78480      56.84330      30.25465
GLU_227 -                       -             -             -             -             -             -             -             -
ASP_228 -                       -             -             -             -             -             -             -             -
ASP_229 -                       -             -             -             -             -             -             -             -
SER_230 303                   (L)     116.70000       8.16000      59.64330      63.85465     176.18480      54.69330      41.09465
HIS_231 -                       -             -             -             -             -             -             -             -
LEU_232 1065                  (M)     122.90000       7.77600      56.72330      41.94465     174.78480      56.85330      30.13465
GLU_233 -                       -             -             -             -             -             -             -             -
GLY_234 198                   (M)     110.50000       8.15100      45.45330             -     176.18480      56.81330      30.19465
ARG_235 349                   (M)     121.00000       7.97400      55.33330      30.39465     172.98480      45.44330             -
ASP_236 114                   (L)     124.80000       8.48400      53.02330             -     175.08480      55.32330      30.40465
PRO_237 -                       -             -             -             -             -             -             -             -
ASP_238 1016                  (L)     120.20000       8.27000      55.12330      41.28465     176.18480      63.73330      31.90465
ILE_239 -                       -             -             -             -             -             -             -             -
TRP_240 -                       -             -             -             -             -             -             -             -
HIS_241 -                       -             -             -             -             -             -             -             -
VAL_242 -                       -             -             -             -             -             -             -             -
GLY_243 181                   (L)     112.90000       8.37400      45.54330             -     176.08480      62.60330      32.76465
PHE_244 1078                  (M)     120.30000       8.14000      55.85330             -     173.68480      45.53330             -
LYS_245 -                       -             -             -             -             -             -             -             -
ILE_246 318                   (L)     118.20000       8.11400      61.79330      40.79465     176.08480      55.54330             -
SER_247 -                       -             -             -             -             -             -             -             -
TRP_248 -                       -             -             -             -             -             -             -             -
ASP_249 -                       -             -             -             -             -             -             -             -
ILE_250 -                       -             -             -             -             -             -             -             -
GLU_251 -                       -             -             -             -             -             -             -             -
THR_252 221                   (L)     109.70000       6.43000      59.72330             -             -             -             -
PRO_253 -                       -             -             -             -             -             -             -             -
GLY_254 -                       -             -             -             -             -             -             -             -
LEU_255 29                    (L)     118.00000       7.27000      55.45330      42.52465     171.98480      45.87330             -
ALA_256 271                   (L)     123.60000       8.18900      51.48330      21.92465     172.58480      58.32330      41.54465
ILE_257 327                   (M)     119.40000       8.23900      61.90330      36.58465     175.98480      51.51330             -
PRO_258 -                       -             -             -             -             -             -             -             -
LEU_259 -                       -             -             -             -             -             -             -             -
HIS_260 -                       -             -             -             -             -             -             -             -
GLN_261 -                       -             -             -             -             -             -             -             -
GLY_262 -                       -             -             -             -             -             -             -             -
ASP_263 1059                  (L)     123.40000       8.29900      53.95330             -     170.58480      44.86330             -
CYS_264 -                       -             -             -             -             -             -             -             -
TYR_265 -                       -             -             -             -             -             -             -             -
PHE_266 -                       -             -             -             -             -             -             -             -
MET_267 -                       -             -             -             -             -             -             -             -
LEU_268 80                    (L)     126.60000       8.41400      57.12330      41.02465     172.98480      55.58330             -
ASP_269 11                    (L)     121.20000       6.59400      53.64330      42.32465     174.18480      56.90330      40.89465
ASP_270 -                       -             -             -             -             -             -             -             -
LEU_271 -                       -             -             -             -             -             -             -             -
ASN_272 -                       -             -             -             -             -             -             -             -
ALA_273 -                       -             -             -             -             -             -             -             -
THR_274 1095                  (M)     121.90000       8.27400      63.06330      70.66465     174.08480      54.85330      17.61465
HIS_275 284                   (M)     122.30000       8.31000             -             -     174.38480      63.11330             -
GLN_276 -                       -             -             -             -             -             -             -             -
HIS_277 -                       -             -             -             -             -             -             -             -
CYS_278 -                       -             -             -             -             -             -             -             -
VAL_279 -                       -             -             -             -             -             -             -             -
LEU_280 343                  (FH)     121.50000       8.21100      56.83330      30.18465     176.78480      55.64330      41.98465
ALA_281 1017                 (FH)     126.10000       8.01300      52.72330      19.13465     175.38480      56.87330      30.19465
GLY_282 -                       -             -             -             -             -             -             -             -
SER_283 -                       -             -             -             -             -             -             -             -
GLN_284 -                       -             -             -             -             -             -             -             -
PRO_285 -                       -             -             -             -             -             -             -             -
ARG_286 -                       -             -             -             -             -             -             -             -
PHE_287 1053                  (L)     117.10000       8.07800      58.69330             -     175.58480      55.83330             -
SER_288 -                       -             -             -             -             -             -             -             -
SER_289 -                       -             -             -             -             -             -             -             -
THR_290 -                       -             -             -             -             -             -             -             -
HIS_291 -                       -             -             -             -             -             -             -             -
ARG_292 -                       -             -             -             -             -             -             -             -
VAL_293 -                       -             -             -             -             -             -             -             -
ALA_294 49                    (M)     127.50000       7.93000      50.24330      23.00465     174.18480      61.93330      30.18465
GLU_295 96                    (M)     122.80000       8.92200      57.31330             -     175.48480      50.45330             -
CYS_296 101                   (L)     123.00000       8.77500      59.09330      30.00465     175.58480      55.14330      31.81465
SER_297 -                       -             -             -             -             -             -             -             -
THR_298 -                       -             -             -             -             -             -             -             -
GLY_299 182                  (FH)     114.50000       8.14200      45.74330             -     175.58480      70.16330      55.19465
THR_300 186                  (FH)     115.60000       7.82200      59.08330      65.21465     173.98480      45.66330             -
LEU_301 -                       -             -             -             -             -             -             -             -
ASP_302 -                       -             -             -             -             -             -             -             -
TYR_303 310                   (L)     118.90000       7.76200      62.42330      32.83465     175.48480      54.47330      41.17465
ILE_304 -                       -             -             -             -             -             -             -             -
LEU_305 -                       -             -             -             -             -             -             -             -
GLN_306 -                       -             -             -             -             -             -             -             -
ARG_307 -                       -             -             -             -             -             -             -             -
CYS_308 242                   (L)     112.30000       7.42100      62.85330      28.62465     179.68480      62.89330      28.68465
GLN_309 -                       -             -             -             -             -             -             -             -
LEU_310 -                       -             -             -             -             -             -             -             -
ALA_311 -                       -             -             -             -             -             -             -             -
LEU_312 1094                  (L)     106.10000       7.41800      62.41330      39.89465     178.78480      54.92330             -
GLN_313 -                       -             -             -             -             -             -             -             -
ASN_314 220                   (M)     112.00000       6.97100      52.77330      39.43465     175.88480      58.20330      27.82465
VAL_315 23                    (M)     120.10000       7.28500      62.26330      32.05465     173.48480      52.78330      39.67465
CYS_316 83                    (L)     126.20000       8.58700      60.46330      27.87465     175.18480      62.26330      32.31465
ASP_317 116                   (M)     124.40000       8.38700      54.78330      41.14465     174.28480      60.43330      27.70465
ASP_318 1086                  (L)     121.60000       7.76100      56.12330      39.07465     174.88480      54.53330      41.27465
VAL_319 -                       -             -             -             -             -             -             -             -
ASP_320 270                   (L)     123.50000       8.28400      56.31330      42.07465     175.48480      63.15330      34.27465
ASN_321 -                       -             -             -             -             -             -             -             -
ASP_322 -                       -             -             -             -             -             -             -             -
ASP_323 -                       -             -             -             -             -             -             -             -
VAL_324 353                  (FL)     121.80000       8.07800      62.53330      32.79465     175.68480      56.55330      30.29465
SER_325 -                       -             -             -             -             -             -             -             -
LEU_326 56                    (L)     131.40000       9.07600      54.13330      42.83465     175.58480      52.95330      61.50465
LYS_327 -                       -             -             -             -             -             -             -             -
SER_328 1066                  (L)     123.20000       7.82300      60.34330      64.99465     174.78480      55.73330      32.86465
PHE_329 -                       -             -             -             -             -             -             -             -
GLU_330 -                       -             -             -             -             -             -             -             -
PRO_331 -                       -             -             -             -             -             -             -             -
ALA_332 147                   (M)     117.60000       8.67200      56.02330      18.55465     176.88480      67.09330      32.12465
VAL_333 31                    (M)     119.80000       7.01400      65.67330      31.91465     180.78480      55.88330             -
LEU_334 -                       -             -             -             -             -             -             -             -
LYS_335 122                   (M)     121.60000       8.74100      60.55330      33.08465     180.08480      57.11330             -
GLN_336 -                       -             -             -             -             -             -             -             -
GLY_337 -                       -             -             -             -             -             -             -             -
GLU_338 1002                  (L)     128.20000       8.73200      59.92330             -             -      49.50330             -
GLU_339 -                       -             -             -             -             -             -             -             -
ILE_340 -                       -             -             -             -             -             -             -             -
HIS_341 -                       -             -             -             -             -             -             -             -
ASN_342 -                       -             -             -             -             -             -             -             -
GLU_343 -                       -             -             -             -             -             -             -             -
VAL_344 135                   (L)     120.50000       8.75500      55.16330      31.30465     172.48480      56.59330      31.34465
GLU_345 -                       -             -             -             -             -             -             -             -
PHE_346 328                   (L)     119.80000       8.22800      55.37330      41.21465     173.98480      53.46330      39.47465
GLU_347 -                       -             -             -             -             -             -             -             -
TRP_348 -                       -             -             -             -             -             -             -             -
LEU_349 106                   (L)     125.50000       8.31400      59.95330      41.17465     177.08480      62.31330      30.20465
ARG_350 -                       -             -             -             -             -             -             -             -
GLN_351 -                       -             -             -             -             -             -             -             -
PHE_352 -                       -             -             -             -             -             -             -             -
TRP_353 -                       -             -             -             -             -             -             -             -
PHE_354 -                       -             -             -             -             -             -             -             -
GLN_355 -                       -             -             -             -             -             -             -             -
GLY_356 -                       -             -             -             -             -             -             -             -
ASN_357 1052                  (L)     117.50000       7.93600      53.99330      39.25465     177.58480             -      18.74465
ARG_358 -                       -             -             -             -             -             -             -             -
TYR_359 311                   (L)     118.70000       7.79500      53.47330      39.49465     174.98480      54.76330             -
ARG_360 -                       -             -             -             -             -             -             -             -
LYS_361 44                    (L)     125.10000       7.59300      57.57330      33.57465     176.68480             -      30.23465
CYS_362 -                       -             -             -             -             -             -             -             -
THR_363 -                       -             -             -             -             -             -             -             -
ASP_364 1032                  (L)     120.50000       7.71400             -      41.86465     173.68480      63.50330             -
TRP_365 -                       -             -             -             -             -             -             -             -
TRP_366 -                       -             -             -             -             -             -             -             -
CYS_367 -                       -             -             -             -             -             -             -             -
GLN_368 -                       -             -             -             -             -             -             -             -
PRO_369 -                       -             -             -             -             -             -             -             -
MET_370 118                   (M)     119.40000       9.18900      60.47330      28.48465     176.58480      66.38330      31.41465
ALA_371 256                   (L)     123.00000       7.85000      54.21330      17.92465     177.18480      60.52330             -
GLN_372 247                   (L)     121.30000       7.55400      58.31330      27.88465     177.38480      56.40330      19.35465
LEU_373 172                   (M)     119.00000       8.31900      57.98330      41.21465     176.48480      58.47330             -
GLU_374 -                       -             -             -             -             -             -             -             -
ALA_375 1013                  (L)     122.00000       7.82200             -      18.22465     179.68480             -             -
LEU_376 -                       -             -             -             -             -             -             -             -
TRP_377 261                   (L)     122.10000       7.66600      59.92330      29.58465     177.78480      56.39330      39.40465
LYS_378 1033                  (L)     121.20000       7.73600      60.15330             -     178.98480      59.94330             -
LYS_379 -                       -             -             -             -             -             -             -             -
MET_380 -                       -             -             -             -             -             -             -             -
GLU_381 -                       -             -             -             -             -             -             -             -
GLY_382 1024                  (M)     106.90000       7.09600      47.51330             -     177.08480      61.19330      29.13465
VAL_383 5022                  (M)     125.90000       7.89400      67.28330      30.81465     176.38480      47.49330      29.81465
THR_384 192                   (L)     113.60000       7.89100      56.45330      65.21465     176.78480      58.68330      33.48465
ASN_385 -                       -             -             -             -             -             -             -             -
ALA_386 -                       -             -             -             -             -             -             -             -
VAL_387 371                   (L)     121.20000       7.79000      53.80330      34.10465     175.68480      52.70330      19.11465
LEU_388 -                       -             -             -             -             -             -             -             -
HIS_389 302                  (FL)     117.60000       8.10600      60.12330      30.00465     178.98480      57.74330      39.78465
GLU_390 -                       -             -             -             -             -             -             -             -
VAL_391 -                       -             -             -             -             -             -             -             -
LYS_392 -                       -             -             -             -             -             -             -             -
ARG_393 17                    (L)     124.20000       7.41400      58.08330      30.68465     175.68480      56.13330      32.74465
GLU_394 -                       -             -             -             -             -             -             -             -
GLY_395 -                       -             -             -             -             -             -             -             -
LEU_396 -                       -             -             -             -             -             -             -             -
PRO_397 -                       -             -             -             -             -             -             -             -
VAL_398 84                    (L)     126.00000       8.65100      66.43330      31.88465     177.58480      63.61330      32.69465
GLU_399 -                       -             -             -             -             -             -             -             -
GLN_400 -                       -             -             -             -             -             -             -             -
ARG_401 370                   (L)     120.50000       7.74700             -      32.36465     177.78480      58.60330      29.76465
ASN_402 -                       -             -             -             -             -             -             -             -
GLU_403 -                       -             -             -             -             -             -             -             -
ILE_404 -                       -             -             -             -             -             -             -             -
LEU_405 163                   (M)     118.10000       8.35300      58.57330      42.25465     177.08480      66.89330      37.51465
THR_406 178                   (M)     113.50000       8.40600      66.78330      69.22465     178.38480      58.71330             -
ALA_407 177                   (L)     114.20000       8.52400      56.00330      19.99465     178.68480             -      67.22465
ILE_408 304                   (M)     116.50000       8.21800      62.95330             -     180.78480      56.03330             -
LEU_409 65                    (M)     127.80000       9.28400      61.26330      41.51465     177.08480      62.84330      36.40465
ALA_410 -                       -             -             -             -             -             -             -             -
SER_411 179                   (M)     112.40000       8.56000      60.92330      62.52465     180.18480      44.82330             -
LEU_412 -                       -             -             -             -             -             -             -             -
THR_413 156                   (M)     117.40000       8.49600      67.47330             -     177.28480      56.21330             -
ALA_414 254                   (M)     123.70000       7.92100             -      17.62465     175.78480      67.50330      69.02465
ARG_415 -                       -             -             -             -             -             -             -             -
GLN_416 -                       -             -             -             -             -             -             -             -
ASN_417 324                   (L)     118.70000       8.10900      56.51330      38.12465     177.58480      57.92330      28.07465
LEU_418 -                       -             -             -             -             -             -             -             -
ARG_419 1014                  (L)     119.60000       8.15200      58.81330      28.03465     177.08480      56.05330      42.18465
ARG_420 -                       -             -             -             -             -             -             -             -
GLU_421 -                       -             -             -             -             -             -             -             -
TRP_422 -                       -             -             -             -             -             -             -             -
HIS_423 -                       -             -             -             -             -             -             -             -
ALA_424 -                       -             -             -             -             -             -             -             -
ARG_425 374                   (L)     122.10000       7.79500      54.90330      32.08465     176.08480      63.68330      19.12465
CYS_426 -                       -             -             -             -             -             -             -             -
GLN_427 -                       -             -             -             -             -             -             -             -
SER_428 -                       -             -             -             -             -             -             -             -
ARG_429 272                   (L)     123.80000       8.09900      55.27330      29.55465     174.28480      57.04330      65.58465
ILE_430 -                       -             -             -             -             -             -             -             -
ALA_431 -                       -             -             -             -             -             -             -             -
ARG_432 289                   (L)     112.80000       7.58300      58.24330      29.94465     178.68480      55.53330      18.58465
THR_433 -                       -             -             -             -             -             -             -             -
LEU_434 -                       -             -             -             -             -             -             -             -
PRO_435 -                       -             -             -             -             -             -             -             -
ALA_436 149                   (L)     116.80000       8.73300      51.92330             -     175.98480      62.22330      29.74465
ASP_437 1052                  (L)     117.50000       7.93600      53.99330      39.25465     177.58480             -      18.74465
GLN_438 -                       -             -             -             -             -             -             -             -
LYS_439 14                    (L)     121.90000       7.03500      55.54330      32.45465     173.78480      54.86330      31.94465
PRO_440 -                       -             -             -             -             -             -             -             -
GLU_441 -                       -             -             -             -             -             -             -             -
CYS_442 -                       -             -             -             -             -             -             -             -
ARG_443 -                       -             -             -             -             -             -             -             -
PRO_444 -                       -             -             -             -             -             -             -             -
TYR_445 351                   (L)     121.80000       8.14800      56.18330             -     176.08480      63.63330      31.87465
TRP_446 -                       -             -             -             -             -             -             -             -
GLU_447 -                       -             -             -             -             -             -             -             -
LYS_448 -                       -             -             -             -             -             -             -             -
ASP_449 -                       -             -             -             -             -             -             -             -
ASP_450 76                    (L)     126.20000       8.74100      54.83330      41.65465     173.88480      55.15330      44.61465
ALA_451 52                    (M)     129.90000       8.42600      53.34330      18.58465     175.98480      54.60330             -
SER_452 152                   (M)     115.10000       8.62600      60.10330      63.95465     177.48480      53.37330             -
MET_453 12                    (M)     121.60000       6.79000      50.28330      30.70465     172.98480      60.05330      63.94465
PRO_454 -                       -             -             -             -             -             -             -             -
LEU_455 -                       -             -             -             -             -             -             -             -
PRO_456 -                       -             -             -             -             -             -             -             -
PHE_457 317                   (L)     117.70000       8.18200      53.47330      40.77465     175.78480      60.72330      38.93465
ASP_458 -                       -             -             -             -             -             -             -             -
LEU_459 -                       -             -             -             -             -             -             -             -
THR_460 -                       -             -             -             -             -             -             -             -
ASP_461 -                       -             -             -             -             -             -             -             -
ILE_462 1040                  (M)     123.30000       8.10700      64.99330      37.92465             -             -      41.22465
VAL_463 167                  (FH)     119.50000       8.55100      67.77330      31.15465     177.48480      65.23330             -
SER_464 189                   (H)     114.50000       7.99900      62.24330      63.03465     177.28480      67.77330      31.40465
GLU_465 258                   (H)     123.60000       7.78700      59.53330      29.29465     176.98480      62.06330             -
LEU_466 348                   (H)     120.40000       8.02300      58.23330      41.53465     178.98480      59.52330             -
ARG_467 162                  (FH)     118.10000       8.42100      60.01330      30.03465     178.38480      58.19330      41.76465
GLY_468 1019                  (H)     105.30000       7.78300      46.93330             -     178.78480      59.96330      30.00465
GLN_469 312                   (H)     120.20000       7.58400      58.15330      29.30465     175.38480      46.94330             -
LEU_470 24                   (FM)     120.00000       7.34800      56.65330      42.26465     177.08480      58.09330      29.31465
LEU_471 -                       -             -             -             -             -             -             -             -
GLU_472 -                       -             -             -             -             -             -             -             -
ALA_473 110                   (M)     125.10000       7.93800      52.54330      19.19465     175.58480      57.08330      30.12465
LYS_474 275                   (M)     123.20000       8.07100      54.29330      32.27465     176.58480      52.52330      19.17465
PRO_475 -                       -             -             -             -             -             -             -             -
