SER_1           
THR_2           
PRO_3           
LYS_4      1023  (M)
ASP_5           
ASP_6           
GLU_7      340  (M)
PHE_8      1077  (M)
TYR_9      333  (M)
GLN_10          
GLN_11          
TRP_12          
GLN_13          
LEU_14          
LYS_15          
TYR_16     345  (L)
PRO_17          
LYS_18          
LEU_19          
ILE_20          
LEU_21     61  (L)
ARG_22           
GLU_23          
ALA_24          
SER_25          
SER_26     191  (L)
VAL_27           
SER_28           
GLU_29     73  (M)
GLU_30          
LEU_31          
HIS_32     297  (M)
LYS_33     298  (M)
GLU_34     27  (M)
VAL_35     130  (M)
GLN_36     1056  (M)
GLU_37          
ALA_38          
PHE_39     300  (M)
LEU_40          
THR_41          
LEU_42          
HIS_43          
LYS_44          
HIS_45     30  (L)
GLY_46           
CYS_47           
LEU_48          
PHE_49     381  (L)
ARG_50          
ASP_51     89  (L)
LEU_52          
VAL_53     326  (L)
ARG_54           
ILE_55          
GLN_56          
GLY_57          
LYS_58     334  (L)
ASP_59           
LEU_60     2004  (L)
LEU_61     268  (M)
THR_62     91  (M)
PRO_63           
VAL_64     120  (L)
SER_65          
ARG_66     1012  (L)
ILE_67           
LEU_68          
ILE_69          
GLY_70          
ASN_71          
PRO_72          
GLY_73          
CYS_74          
THR_75          
TYR_76          
LYS_77          
TYR_78          
LEU_79          
ASN_80          
THR_81          
ARG_82          
LEU_83     20  (L)
PHE_84          
THR_85          
VAL_86     75  (M)
PRO_87          
TRP_88     287  (M)
PRO_89          
VAL_90     372  (L)
LYS_91     77  (L)
GLY_92           
SER_93          
ASN_94     141  (L)
ILE_95     346  (L)
LYS_96     60  (M)
HIS_97     125  (L)
THR_98          
GLU_99     157  (L)
ALA_100         
GLU_101         
ILE_102    301 (FM)
ALA_103    16 (FH)
ALA_104          
ALA_105    248  (L)
CYS_106    1091  (M)
GLU_107          
THR_108         
PHE_109         
LEU_110         
LYS_111    293  (L)
LEU_112         
ASN_113         
ASP_114    1030  (L)
TYR_115    360  (L)
LEU_116         
GLN_117         
ILE_118    1100  (L)
GLU_119         
THR_120         
ILE_121         
GLN_122         
ALA_123         
LEU_124         
GLU_125         
GLU_126         
LEU_127         
ALA_128         
ALA_129    112  (L)
LYS_130    1035  (M)
GLU_131    361  (M)
LYS_132         
ALA_133    259 (FM)
ASN_134         
GLU_135         
ASP_136    337  (M)
ALA_137    257  (M)
VAL_138    364  (M)
PRO_139         
LEU_140    168  (L)
CYS_141          
MET_142          
SER_143          
ALA_144          
ASP_145    184  (L)
PHE_146    314  (M)
PRO_147          
ARG_148    308  (M)
VAL_149         
GLY_150         
MET_151         
GLY_152    2005  (L)
SER_153    210  (M)
SER_154    341  (L)
TYR_155    1039  (M)
ASN_156          
GLY_157    1026  (L)
GLN_158    336  (M)
ASP_159    1022  (M)
GLU_160    344  (M)
VAL_161    1025  (L)
ASP_162    1042  (M)
ILE_163    1037  (M)
LYS_164    356  (M)
SER_165         
ARG_166         
ALA_167    34  (M)
ALA_168    4  (M)
TYR_169    309  (L)
ASN_170          
VAL_171         
THR_172    1099  (L)
LEU_173    1008  (M)
LEU_174         
ASN_175         
PHE_176    1069  (L)
MET_177         
ASP_178    276  (M)
PRO_179         
GLN_180    185  (L)
LYS_181          
MET_182    2002  (M)
PRO_183         
TYR_184    299  (M)
LEU_185    250  (M)
LYS_186    155  (M)
GLU_187         
GLU_188         
PRO_189         
TYR_190    278  (L)
PHE_191         
GLY_192    150  (L)
MET_193         
GLY_194         
LYS_195         
MET_196         
ALA_197         
VAL_198    2003  (M)
SER_199    26  (L)
TRP_200         
HIS_201         
HIS_202         
ASP_203         
GLU_204         
ASN_205         
LEU_206    138  (L)
VAL_207         
ASP_208    10  (L)
ARG_209         
SER_210    316  (M)
ALA_211    50  (L)
VAL_212         
ALA_213         
VAL_214         
TYR_215    1001  (L)
SER_216    146  (L)
TYR_217    128  (M)
SER_218         
CYS_219         
GLU_220    338  (L)
GLY_221         
PRO_222         
GLU_223    126  (M)
GLU_224    285  (M)
GLU_225    280  (M)
SER_226    1057  (M)
GLU_227         
ASP_228         
ASP_229         
SER_230    303  (L)
HIS_231         
LEU_232    1065  (M)
GLU_233         
GLY_234    198  (M)
ARG_235    349  (M)
ASP_236    114  (L)
PRO_237         
ASP_238    1016  (L)
ILE_239         
TRP_240         
HIS_241         
VAL_242         
GLY_243    181  (L)
PHE_244    1078  (M)
LYS_245         
ILE_246    318  (L)
SER_247         
TRP_248         
ASP_249         
ILE_250         
GLU_251         
THR_252    221  (L)
PRO_253         
GLY_254         
LEU_255    29  (L)
ALA_256    271  (L)
ILE_257    327  (M)
PRO_258         
LEU_259         
HIS_260         
GLN_261         
GLY_262         
ASP_263    1059  (L)
CYS_264         
TYR_265         
PHE_266         
MET_267         
LEU_268    80  (L)
ASP_269    11  (L)
ASP_270         
LEU_271         
ASN_272         
ALA_273         
THR_274    1095  (M)
HIS_275    284  (M)
GLN_276         
HIS_277         
CYS_278         
VAL_279         
LEU_280    343 (FH)
ALA_281    1017 (FH)
GLY_282          
SER_283         
GLN_284         
PRO_285         
ARG_286         
PHE_287    1053  (L)
SER_288         
SER_289         
THR_290         
HIS_291         
ARG_292         
VAL_293         
ALA_294    49  (M)
GLU_295    96  (M)
CYS_296    101  (L)
SER_297         
THR_298         
GLY_299    182 (FH)
THR_300    186 (FH)
LEU_301         
ASP_302         
TYR_303    310  (L)
ILE_304          
LEU_305         
GLN_306         
ARG_307         
CYS_308    242  (L)
GLN_309          
LEU_310         
ALA_311         
LEU_312    1094  (L)
GLN_313         
ASN_314    220  (M)
VAL_315    23  (M)
CYS_316    83  (L)
ASP_317    116  (M)
ASP_318    1086  (L)
VAL_319         
ASP_320    270  (L)
ASN_321          
ASP_322         
ASP_323         
VAL_324    353 (FL)
SER_325         
LEU_326    56  (L)
LYS_327         
SER_328    1066  (L)
PHE_329          
GLU_330         
PRO_331         
ALA_332    147  (M)
VAL_333    31  (M)
LEU_334         
LYS_335    122  (M)
GLN_336         
GLY_337         
GLU_338    1002  (L)
GLU_339         
ILE_340         
HIS_341         
ASN_342         
GLU_343         
VAL_344    135  (L)
GLU_345         
PHE_346    328  (L)
GLU_347         
TRP_348         
LEU_349    106  (L)
ARG_350         
GLN_351         
PHE_352         
TRP_353         
PHE_354         
GLN_355         
GLY_356         
ASN_357    1052  (L)
ARG_358         
TYR_359    311  (L)
ARG_360         
LYS_361    44  (L)
CYS_362         
THR_363         
ASP_364    1032  (L)
TRP_365         
TRP_366         
CYS_367         
GLN_368         
PRO_369         
MET_370    118  (M)
ALA_371    256  (L)
GLN_372    247  (L)
LEU_373    172  (M)
GLU_374         
ALA_375    1013  (L)
LEU_376         
TRP_377    261  (L)
LYS_378    1033  (L)
LYS_379          
MET_380         
GLU_381         
GLY_382    1024  (M)
VAL_383    5022  (M)
THR_384    192  (L)
ASN_385         
ALA_386         
VAL_387    371  (L)
LEU_388         
HIS_389    302 (FL)
GLU_390          
VAL_391          
LYS_392          
ARG_393    17  (L)
GLU_394         
GLY_395         
LEU_396         
PRO_397         
VAL_398    84  (L)
GLU_399          
GLN_400         
ARG_401    370  (L)
ASN_402         
GLU_403         
ILE_404         
LEU_405    163  (M)
THR_406    178  (M)
ALA_407    177  (L)
ILE_408    304  (M)
LEU_409    65  (M)
ALA_410         
SER_411    179  (M)
LEU_412         
THR_413    156  (M)
ALA_414    254  (M)
ARG_415         
GLN_416         
ASN_417    324  (L)
LEU_418          
ARG_419    1014  (L)
ARG_420         
GLU_421         
TRP_422         
HIS_423         
ALA_424         
ARG_425    374  (L)
CYS_426         
GLN_427         
SER_428         
ARG_429    272  (L)
ILE_430         
ALA_431         
ARG_432    289  (L)
THR_433         
LEU_434         
PRO_435         
ALA_436    149  (L)
ASP_437    1052  (L)
GLN_438         
LYS_439    14  (L)
PRO_440         
GLU_441         
CYS_442         
ARG_443         
PRO_444         
TYR_445    351  (L)
TRP_446         
GLU_447         
LYS_448         
ASP_449         
ASP_450    76  (L)
ALA_451    52  (M)
SER_452    152  (M)
MET_453    12  (M)
PRO_454         
LEU_455         
PRO_456         
PHE_457    317  (L)
ASP_458         
LEU_459         
THR_460         
ASP_461         
ILE_462    1040  (M)
VAL_463    167 (FH)
SER_464    189  (H)
GLU_465    258  (H)
LEU_466    348  (H)
ARG_467    162 (FH)
GLY_468    1019  (H)
GLN_469    312  (H)
LEU_470    24 (FM)
LEU_471         
GLU_472         
ALA_473    110  (M)
LYS_474    275  (M)
PRO_475          
