1       GLY_282 
2       THR_363 
3       PRO_456 
4       ALA_168 
5       GLU_227 
7       PRO_63  
8       MET_267 
9       ARG_432 
10      ASP_208 
11      LEU_174 
12      MET_453 
13      LEU_31  
14      LYS_361 
15      SER_143 
16      ALA_103 
17      ARG_393 
18      ILE_67  
19      ALA_436 
20      LEU_48  
21      LYS_378 
22      LEU_116 
23      PRO_435 
24      LEU_470 
25      ILE_304 
26      SER_199 
27      GLU_34  
28      GLU_390 
29      LEU_255 
30      HIS_45  
31      VAL_333 
32      GLN_336 
33      ILE_408 
34      ALA_167 
35      SER_428 
37      LYS_392 
38      ASP_263 
43      ASN_113 
44      LYS_361 
45      LEU_418 
47      ILE_304 
48      VAL_27  
49      ALA_294 
50      ALA_211 
51      LYS_245 
52      ALA_451 
53      PHE_176 
54      GLU_251 
55      GLU_188 
56      ASN_94  
58      ASP_208 
59      GLU_338 
60      LYS_96  
61      LEU_21  
62      ASP_203 
63      PRO_222 
64      ARG_22  
65      LEU_409 
66      ALA_407 
67      ALA_371 
68      LEU_326 
69      GLU_394 
70      ALA_256 
71      ARG_166 
72      MET_267 
73      TRP_200 
74      ASN_170 
75      GLU_99  
76      LEU_52  
77      LYS_91  
78      ASP_323 
79      ILE_67  
80      LEU_232 
81      ARG_425 
83      CYS_316 
84      VAL_391 
85      ASP_145 
86      GLU_338 
87      ARG_22  
88      VAL_387 
89      ASP_51  
90      ASP_178 
91      THR_62  
92      PHE_191 
93      TYR_215 
94      LYS_327 
95      LEU_52  
96      GLU_295 
98      LYS_181 
99      GLU_37  
100     GLU_233 
101     CYS_296 
102     MET_196 
103     VAL_53  
104     GLU_345 
106     LEU_349 
107     LYS_392 
109     ASP_208 
110     ALA_424 
111     LEU_79  
112     ALA_129 
113     ALA_273 
114     ASP_236 
115     ILE_430 
116     ASP_317 
117     CYS_308 
118     MET_370 
119     GLN_10  
120     VAL_64  
121     LYS_15  
122     LYS_335 
123     ARG_429 
124     TRP_422 
125     HIS_97  
126     GLU_223 
127     GLU_338 
128     TYR_217 
129     GLU_399 
130     VAL_35  
134     GLU_338 
135     VAL_344 
136     VAL_391 
138     LEU_206 
139     MET_193 
140     LEU_255 
141     ASN_94  
142     GLU_295 
143     PRO_369 
144     GLU_381 
146     SER_216 
147     ALA_332 
148     LEU_412 
149     ALA_436 
150     GLY_192 
151     MET_177 
152     SER_452 
153     ASN_272 
154     PHE_266 
155     LYS_186 
156     THR_413 
157     GLU_99  
158     LEU_268 
159     ASP_322 
160     LEU_471 
161     ALA_294 
162     ARG_467 
163     LEU_405 
164     LYS_245 
165     GLU_99  
166     CYS_296 
167     VAL_463 
168     LEU_140 
169     ASP_238 
170     LYS_392 
171     LYS_335 
172     LEU_373 
173     VAL_27  
175     THR_85  
176     SER_328 
177     ALA_407 
178     THR_406 
179     SER_411 
180     HIS_231 
181     GLY_150 
182     GLY_299 
183     GLY_92  
184     ASP_145 
185     GLN_180 
186     THR_300 
187     LYS_392 
188     SER_28  
189     SER_464 
191     SER_26  
192     THR_363 
193     VAL_391 
197     GLY_221 
198     GLY_234 
199     PRO_456 
205     GLY_382 
207     GLY_194 
208     PRO_397 
209     THR_433 
210     SER_153 
211     GLY_221 
212     GLY_70  
220     ASN_314 
221     THR_252 
229     THR_120 
240     THR_41  
242     TRP_348 
244     GLU_99  
245     ASN_321 
246     LYS_439 
247     GLN_372 
248     ALA_105 
249     ALA_104 
250     LEU_185 
251     ALA_168 
252     GLU_339 
254     ALA_414 
255     PHE_287 
256     ALA_371 
257     ALA_137 
258     GLU_465 
259     ALA_133 
260     ALA_386 
261     GLU_403 
263     CYS_141 
264     TYR_190 
265     LEU_68  
266     PHE_191 
268     LEU_61  
269     ILE_408 
270     ASP_320 
271     ALA_256 
272     ARG_429 
273     VAL_391 
274     LYS_77  
275     LYS_474 
276     ASP_178 
278     TYR_445 
279     LYS_361 
280     GLU_225 
281     TYR_16  
284     HIS_275 
285     GLU_224 
287     TRP_88  
288     VAL_398 
289     ARG_432 
292     CYS_47  
293     LYS_111 
294     GLN_336 
295     GLN_117 
297     HIS_32  
298     LYS_33  
299     TYR_184 
300     PHE_39  
301     ILE_102 
302     HIS_389 
303     SER_230 
304     VAL_319 
305     TYR_169 
306     LYS_392 
307     GLY_254 
308     ARG_148 
309     TYR_169 
310     TYR_303 
311     TYR_359 
312     GLN_469 
313     ALA_128 
314     PHE_146 
315     LYS_392 
316     SER_210 
317     TYR_303 
318     ILE_20  
319     LYS_335 
321     VAL_387 
323     PHE_287 
324     ASN_417 
325     PRO_147 
326     VAL_53  
327     ILE_257 
328     PHE_457 
329     PHE_146 
330     PHE_191 
331     ALA_104 
332     GLU_421 
333     TYR_9   
334     LYS_58  
335     VAL_391 
336     GLN_158 
337     ASP_228 
338     GLU_220 
339     TYR_16  
340     GLU_7   
341     SER_154 
342     PHE_287 
343     LEU_280 
344     GLU_160 
345     TYR_16  
346     ILE_95  
347     PHE_176 
348     LEU_466 
349     ARG_235 
350     TYR_76  
351     TYR_445 
352     ARG_292 
353     VAL_324 
354     GLU_135 
355     LEU_459 
356     LYS_164 
357     VAL_149 
359     ILE_55  
360     TYR_115 
361     GLU_131 
363     ARG_54  
364     VAL_138 
365     LEU_174 
367     PHE_352 
368     LYS_245 
369     LYS_361 
370     ARG_420 
371     VAL_387 
372     VAL_64  
373     LYS_379 
374     ARG_425 
380     TYR_303 
381     PHE_49  
1000    TYR_16  
1001    TYR_78  
1002    VAL_214 
1003    PHE_346 
1004    ASP_51  
1005    GLY_70  
1006    PRO_222 
1007    GLU_101 
1008    LEU_173 
1009    ILE_304 
1010    ASP_136 
1011    GLY_46  
1012    ARG_66  
1013    ALA_375 
1014    CYS_141 
1015    GLY_92  
1016    ASP_238 
1017    ALA_281 
1018    TYR_303 
1019    GLY_468 
1020    GLY_337 
1021    PRO_440 
1022    ASP_159 
1023    LYS_18  
1024    GLY_382 
1025    VAL_161 
1026    GLY_157 
1027    ALA_375 
1028    LYS_195 
1029    ILE_404 
1030    ASP_114 
1031    TYR_76  
1032    ASP_364 
1033    LYS_378 
1034    ALA_144 
1035    LYS_130 
1036    GLU_126 
1037    ILE_163 
1038    GLY_70  
1039    TYR_155 
1040    ILE_462 
1041    HIS_341 
1042    ASP_162 
1043    ALA_473 
1044    MET_370 
1045    ARG_54  
1046    GLN_56  
1047    ASP_51  
1048    GLY_243 
1049    PRO_456 
1050    LYS_474 
1051    ALA_144 
1052    ASN_357 
1053    PHE_84  
1054    MET_142 
1055    LEU_140 
1056    GLN_36  
1057    SER_226 
1058    GLN_10  
1059    ASN_357 
1060    GLU_345 
1061    MET_151 
1062    ASP_5   
1063    LYS_15  
1064    ALA_24  
1065    LEU_232 
1066    SER_143 
1067    ILE_257 
1068    SER_325 
1069    PHE_49  
1071    LEU_19  
1072    ALA_123 
1073    ASP_59  
1077    PHE_8   
1078    PHE_244 
1079    ASP_229 
1080    LEU_312 
1081    CYS_141 
1083    VAL_86  
1085    THR_460 
1086    ASP_318 
1087    TYR_16  
1088    LEU_83  
1089    ASP_269 
1090    ARG_54  
1091    CYS_106 
1093    LEU_455 
1094    LEU_312 
1095    THR_274 
1096    GLU_107 
1097    GLN_309 
1098    GLY_221 
1099    THR_172 
1100    ILE_118 
2001    ALA_256 
2002    MET_182 
2003    VAL_198 
2004    LEU_60  
2005    GLY_152 
2033    LEU_396 
5011    TYR_445 
5022    VAL_383 
