RES     peak_id              reli          delN         delHN         delCA         delCB       delCO-1       delCA-1       delCB-1
SER_1   -                       -             -             -             -             -             -             -             -
THR_2   -                       -             -             -             -             -             -             -             -
PRO_3   -                       -             -             -             -             -             -             -             -
LYS_4   1023                  (M)      -0.07000      -0.39100      -0.16000      -1.54000      -0.18000      -0.51000      -1.06000
ASP_5   -                       -             -             -             -             -             -             -             -
ASP_6   -                       -             -             -             -             -             -             -             -
GLU_7   340                   (M)       0.83000      -0.10200       1.38000      -1.11000       1.71000       0.99000      -0.47000
PHE_8   1077                  (M)      -0.28000      -0.31200       1.70000      -1.27000       1.86000       1.33000      -0.99000
TYR_9   333                   (M)      -3.44000      -0.44900       1.47000      -1.36000       1.13000       1.65000      -1.34000
GLN_10  -                       -             -             -             -             -             -             -             -
GLN_11  -                       -             -             -             -             -             -             -             -
TRP_12  -                       -             -             -             -             -             -             -             -
GLN_13  -                       -             -             -             -             -             -             -             -
LEU_14  -                       -             -             -             -             -             -             -             -
LYS_15  -                       -             -             -             -             -             -             -             -
TYR_16  345                   (L)      -0.25000      -0.04100      -2.32000       4.38000       0.75000      -2.03000      -0.19000
PRO_17  -                       -             -             -             -             -             -             -             -
LYS_18  -                       -             -             -             -             -             -             -             -
LEU_19  -                       -             -             -             -             -             -             -             -
ILE_20  -                       -             -             -             -             -             -             -             -
LEU_21  61                    (L)       2.27000       0.28900      -2.03000       1.41000      -1.49000      -4.26000      -0.31000
ARG_22  -                       -             -             -             -             -             -             -             -
GLU_23  -                       -             -             -             -             -             -             -             -
ALA_24  -                       -             -             -             -             -             -             -             -
SER_25  -                       -             -             -             -             -             -             -             -
SER_26  191                   (L)      -5.01000      -0.49100       4.89000       4.40000       1.29000      -2.13000       6.47000
VAL_27  -                       -             -             -             -             -             -             -             -
SER_28  -                       -             -             -             -             -             -             -             -
GLU_29  73                    (M)       4.55000       0.26300       2.67000      -1.06000       0.28000      -0.50000      -0.76000
GLU_30  -                       -             -             -             -             -             -             -             -
LEU_31  -                       -             -             -             -             -             -             -             -
HIS_32  297                   (M)      -2.35000      -1.01500       4.19000       1.52000       0.72000       1.29000      -1.78000
LYS_33  298                   (M)      -5.18000      -0.83100       2.84000             -       4.73000       4.13000             -
GLU_34  27                    (M)      -3.33000      -1.16900       2.33000             -       3.00000       2.67000      -1.49000
VAL_35  130                   (M)       1.83000       0.18800       3.23000             -       3.75000       2.22000             -
GLN_36  1056                  (M)      -5.24000      -0.41100       3.21000             -       0.44000       3.07000             -
GLU_37  -                       -             -             -             -             -             -             -             -
ALA_38  -                       -             -             -             -             -             -             -             -
PHE_39  300                   (M)      -2.29000      -0.47700      -4.90000      -1.34000       0.66000       0.13000      -1.49000
LEU_40  -                       -             -             -             -             -             -             -             -
THR_41  -                       -             -             -             -             -             -             -             -
LEU_42  -                       -             -             -             -             -             -             -             -
HIS_43  -                       -             -             -             -             -             -             -             -
LYS_44  -                       -             -             -             -             -             -             -             -
HIS_45  30                    (L)       0.23000      -1.73500      -1.95000       3.39000      -0.03000      -2.08000      -1.15000
GLY_46  -                       -             -             -             -             -             -             -             -
CYS_47  -                       -             -             -             -             -             -             -             -
LEU_48  -                       -             -             -             -             -             -             -             -
PHE_49  381                   (L)      -0.41000      -0.69800      -2.43000       0.67000      -2.52000      -1.57000      -1.84000
ARG_50  -                       -             -             -             -             -             -             -             -
ASP_51  89                    (L)      -0.48000       0.77900             -      -0.70000      -0.07000      -1.97000      -1.25000
LEU_52  -                       -             -             -             -             -             -             -             -
VAL_53  326                   (L)      -0.71000      -0.07400      -3.16000      -1.62000       1.17000       2.18000       6.48000
ARG_54  -                       -             -             -             -             -             -             -             -
ILE_55  -                       -             -             -             -             -             -             -             -
GLN_56  -                       -             -             -             -             -             -             -             -
GLY_57  -                       -             -             -             -             -             -             -             -
LYS_58  334                   (L)      -0.10000      -0.01600      -0.07000      -1.10000      -1.15000      -1.87000             -
ASP_59  -                       -             -             -             -             -             -             -             -
LEU_60  2004                  (L)      -1.22000      -1.05300      -1.46000             -      -0.22000      -1.09000             -
LEU_61  268                   (M)       0.28000      -0.08800      -3.16000      -0.32000      -3.90000      -1.43000       1.34000
THR_62  91                    (M)       4.07000       1.12500      -0.27000      -1.37000       0.56000      -3.21000      -0.23000
PRO_63  -                       -             -             -             -             -             -             -             -
VAL_64  120                   (L)       0.26000       0.56200      -2.08000      -2.16000       1.89000             -             -
SER_65  -                       -             -             -             -             -             -             -             -
ARG_66  1012                  (L)      -0.31000      -0.19900      -3.43000       1.08000      -1.61000             -       0.46000
ILE_67  -                       -             -             -             -             -             -             -             -
LEU_68  -                       -             -             -             -             -             -             -             -
ILE_69  -                       -             -             -             -             -             -             -             -
GLY_70  -                       -             -             -             -             -             -             -             -
ASN_71  -                       -             -             -             -             -             -             -             -
PRO_72  -                       -             -             -             -             -             -             -             -
GLY_73  -                       -             -             -             -             -             -             -             -
CYS_74  -                       -             -             -             -             -             -             -             -
THR_75  -                       -             -             -             -             -             -             -             -
TYR_76  -                       -             -             -             -             -             -             -             -
LYS_77  -                       -             -             -             -             -             -             -             -
TYR_78  -                       -             -             -             -             -             -             -             -
LEU_79  -                       -             -             -             -             -             -             -             -
ASN_80  -                       -             -             -             -             -             -             -             -
THR_81  -                       -             -             -             -             -             -             -             -
ARG_82  -                       -             -             -             -             -             -             -             -
LEU_83  20                    (L)      -0.23000      -0.89100      -2.44000       0.60000      -3.47000      -0.12000      -2.41000
PHE_84  -                       -             -             -             -             -             -             -             -
THR_85  -                       -             -             -             -             -             -             -             -
VAL_86  75                    (M)       3.34000       0.65100      -0.12000      -2.10000       2.89000      -0.27000      -1.45000
PRO_87  -                       -             -             -             -             -             -             -             -
TRP_88  287                   (M)      -7.95000      -0.96100      -1.81000      -1.64000      -2.21000      -0.66000      -5.23000
PRO_89  -                       -             -             -             -             -             -             -             -
VAL_90  372                   (L)       1.73000      -0.56900      -1.47000      -0.42000      -2.34000      -0.93000      -3.72000
LYS_91  77                    (L)       2.46000       0.11200       1.74000      -2.27000       0.35000      -1.50000      -0.67000
GLY_92  -                       -             -             -             -             -             -             -             -
SER_93  -                       -             -             -             -             -             -             -             -
ASN_94  141                   (L)      -3.31000       0.69700       0.77000       1.17000      -2.32000      -3.23000      -2.10000
ILE_95  346                   (L)       1.33000      -0.04100      -1.59000      -0.84000      -1.24000      -0.61000      -1.41000
LYS_96  60                    (M)       4.68000       0.60200      -1.41000       0.23000      -1.12000      -1.69000      -0.86000
HIS_97  125                   (L)       2.66000      -0.14600       1.58000       4.55000      -0.87000      -1.43000       0.40000
THR_98  -                       -             -             -             -             -             -             -             -
GLU_99  157                   (L)      -6.65000      -0.12000      -2.25000       0.32000      -2.10000     -11.11000       1.02000
ALA_100 -                       -             -             -             -             -             -             -             -
GLU_101 -                       -             -             -             -             -             -             -             -
ILE_102 301                  (FM)      -3.78000      -0.19600       1.54000      -2.32000       3.85000       2.81000             -
ALA_103 16                   (FH)      -3.24000      -1.03300       2.14000      -1.37000       1.65000       1.61000      -2.34000
ALA_104 -                       -             -             -             -             -             -             -             -
ALA_105 248                   (L)      -1.27000      -0.83400       1.85000      -2.49000       2.47000       1.34000      -0.99000
CYS_106 1091                  (M)      -2.43000      -0.49500       6.37000      -1.77000       1.41000       1.72000             -
GLU_107 -                       -             -             -             -             -             -             -             -
THR_108 -                       -             -             -             -             -             -             -             -
PHE_109 -                       -             -             -             -             -             -             -             -
LEU_110 -                       -             -             -             -             -             -             -             -
LYS_111 293                   (L)      -4.81000      -1.04000       2.52000             -       0.62000             -             -
LEU_112 -                       -             -             -             -             -             -             -             -
ASN_113 -                       -             -             -             -             -             -             -             -
ASP_114 1030                  (L)       0.56000      -0.74400       0.92000      -3.00000       0.04000       0.39000             -
TYR_115 360                   (L)       0.38000      -0.45800       5.87000       3.05000      -0.55000       0.90000             -
LEU_116 -                       -             -             -             -             -             -             -             -
GLN_117 -                       -             -             -             -             -             -             -             -
ILE_118 1100                  (L)       3.58000       0.43800       2.22000             -       3.94000             -             -
GLU_119 -                       -             -             -             -             -             -             -             -
THR_120 -                       -             -             -             -             -             -             -             -
ILE_121 -                       -             -             -             -             -             -             -             -
GLN_122 -                       -             -             -             -             -             -             -             -
ALA_123 -                       -             -             -             -             -             -             -             -
LEU_124 -                       -             -             -             -             -             -             -             -
GLU_125 -                       -             -             -             -             -             -             -             -
GLU_126 -                       -             -             -             -             -             -             -             -
LEU_127 -                       -             -             -             -             -             -             -             -
ALA_128 -                       -             -             -             -             -             -             -             -
ALA_129 112                   (L)       1.97000      -0.56400      -0.86000             -       1.23000       1.45000             -
LYS_130 1035                  (M)       2.17000      -0.48100       3.36000      -1.58000      -0.50000      -0.91000      -0.87000
GLU_131 361                   (M)      -0.67000      -0.58800       2.14000             -       3.15000             -      -1.62000
LYS_132 -                       -             -             -             -             -             -             -             -
ALA_133 259                  (FM)      -2.21000      -0.71800       0.04000      -1.42000       1.67000       0.80000      -1.66000
ASN_134 -                       -             -             -             -             -             -             -             -
GLU_135 -                       -             -             -             -             -             -             -             -
ASP_136 337                   (M)      -0.78000      -0.51500       0.11000      -0.69000       0.68000      -0.02000      -0.66000
ALA_137 257                   (M)      -0.72000      -0.62300      -0.86000      -0.85000       0.57000       0.09000      -0.74000
VAL_138 364                   (M)       1.69000      -0.20000      -1.06000      -1.33000       0.10000      -0.88000      -0.87000
PRO_139 -                       -             -             -             -             -             -             -             -
LEU_140 168                   (L)      -3.11000      -0.04400      -1.02000      -1.69000      -0.53000      -0.69000      -0.72000
CYS_141 -                       -             -             -             -             -             -             -             -
MET_142 -                       -             -             -             -             -             -             -             -
SER_143 -                       -             -             -             -             -             -             -             -
ALA_144 -                       -             -             -             -             -             -             -             -
ASP_145 184                   (L)      -6.84000      -0.19900       0.00000             -      -1.44000             -             -
PHE_146 314                   (M)      -9.14000      -0.60300      -0.95000      -1.44000       0.47000      -0.17000      -0.71000
PRO_147 -                       -             -             -             -             -             -             -             -
ARG_148 308                   (M)      -3.33000      -0.97500       3.30000      -2.05000       1.53000      -1.74000             -
VAL_149 -                       -             -             -             -             -             -             -             -
GLY_150 -                       -             -             -             -             -             -             -             -
MET_151 -                       -             -             -             -             -             -             -             -
GLY_152 2005                  (L)      -5.74000      -1.42200       0.46000             -      -1.36000       0.40000       7.04000
SER_153 210                   (M)      -6.57000      -1.29500      -0.39000       7.75000       0.45000       0.56000             -
SER_154 341                   (L)       3.88000      -0.23500             -      -0.89000      -1.88000             -      -1.12000
TYR_155 1039                  (M)       0.11000      -0.29300      -2.59000             -      -0.28000      -0.61000      -1.10000
ASN_156 -                       -             -             -             -             -             -             -             -
GLY_157 1026                  (L)      -0.03000      -0.78800      -0.41000             -       0.77000       0.45000       1.43000
GLN_158 336                   (M)       0.70000      -0.12800      -0.70000      -0.98000       0.15000      -0.62000             -
ASP_159 1022                  (M)      -0.32000      -0.34100       0.12000      -0.60000      -0.39000             -      -0.98000
GLU_160 344                   (M)       0.58000      -0.32400      -0.05000      -0.57000      -1.94000       0.07000      -0.58000
VAL_161 1025                  (L)       0.49000      -0.33500      -0.53000      -1.00000       0.60000      -0.38000      -0.57000
ASP_162 1042                  (M)      -0.30000      -0.45500      -0.12000      -0.58000      -0.46000      -0.68000      -0.94000
ILE_163 1037                  (M)       1.64000      -0.32100       0.03000      -1.44000       1.26000      -0.03000      -0.46000
LYS_164 356                   (M)      -3.64000      -0.48500       2.58000      -1.15000      -1.99000      -0.07000             -
SER_165 -                       -             -             -             -             -             -             -             -
ARG_166 -                       -             -             -             -             -             -             -             -
ALA_167 34                    (M)      -7.09000      -1.53500      -3.57000       0.88000      -1.68000     -10.38000             -
ALA_168 4                     (M)      -0.50000      -2.08600      -2.74000      -3.77000      -2.71000      -3.59000       0.69000
TYR_169 309                   (L)      -1.07000      -0.68200       0.76000      -6.15000      -1.35000      -0.84000      -0.63000
ASN_170 -                       -             -             -             -             -             -             -             -
VAL_171 -                       -             -             -             -             -             -             -             -
THR_172 1099                  (L)      -4.10000      -0.71700      -2.20000             -      -0.45000             -             -
LEU_173 1008                  (M)      -5.04000       0.06900       0.67000      -0.76000      -3.02000      -2.21000       1.73000
LEU_174 -                       -             -             -             -             -             -             -             -
ASN_175 -                       -             -             -             -             -             -             -             -
PHE_176 1069                  (L)       4.93000       0.28600      -1.21000      -1.34000             -      -0.36000             -
MET_177 -                       -             -             -             -             -             -             -             -
ASP_178 276                   (M)      -0.15000      -0.50700      -3.14000       0.00000      -3.66000      -2.31000       2.19000
PRO_179 -                       -             -             -             -             -             -             -             -
GLN_180 185                   (L)      -4.07000      -0.68000       1.01000      -2.06000       0.70000       0.48000      -1.19000
LYS_181 -                       -             -             -             -             -             -             -             -
MET_182 2002                  (M)       3.85000      -0.44400      -1.98000      -2.58000       0.56000      -0.06000             -
PRO_183 -                       -             -             -             -             -             -             -             -
TYR_184 299                   (M)      -3.83000      -0.71000      -2.00000      -2.20000      -0.38000      -0.34000      -1.32000
LEU_185 250                   (M)      -1.61000      -0.82400      -0.95000      -1.12000      -0.82000      -2.03000      -2.23000
LYS_186 155                   (M)      -4.95000       0.05000       0.03000      -1.64000      -1.29000      -0.75000             -
GLU_187 -                       -             -             -             -             -             -             -             -
GLU_188 -                       -             -             -             -             -             -             -             -
PRO_189 -                       -             -             -             -             -             -             -             -
TYR_190 278                   (L)       2.32000      -0.14600      -2.84000       2.33000       0.24000      -0.91000      -1.02000
PHE_191 -                       -             -             -             -             -             -             -             -
GLY_192 150                   (L)       5.42000       0.25500      -0.66000             -      -0.58000       0.14000      21.83000
MET_193 -                       -             -             -             -             -             -             -             -
GLY_194 -                       -             -             -             -             -             -             -             -
LYS_195 -                       -             -             -             -             -             -             -             -
MET_196 -                       -             -             -             -             -             -             -             -
ALA_197 -                       -             -             -             -             -             -             -             -
VAL_198 2003                  (M)      -0.50000      -0.62800             -       0.09000      -1.62000      -0.79000      -0.72000
SER_199 26                    (L)      -0.38000      -1.12200      -0.44000      -0.88000      -2.47000      -1.75000       0.05000
TRP_200 -                       -             -             -             -             -             -             -             -
HIS_201 -                       -             -             -             -             -             -             -             -
HIS_202 -                       -             -             -             -             -             -             -             -
ASP_203 -                       -             -             -             -             -             -             -             -
GLU_204 -                       -             -             -             -             -             -             -             -
ASN_205 -                       -             -             -             -             -             -             -             -
LEU_206 138                   (L)      -3.13000       0.25400       0.85000       0.03000      -1.27000      -2.16000             -
VAL_207 -                       -             -             -             -             -             -             -             -
ASP_208 10                    (L)      -0.20000      -1.82100      -0.61000      -1.12000      -1.33000      -1.29000       1.13000
ARG_209 -                       -             -             -             -             -             -             -             -
SER_210 316                   (M)       0.81000      -0.27100      -0.97000      -0.60000       0.53000      -0.13000      -1.45000
ALA_211 50                    (L)       2.99000      -0.51800      -0.64000             -      -1.92000      -1.11000             -
VAL_212 -                       -             -             -             -             -             -             -             -
ALA_213 -                       -             -             -             -             -             -             -             -
VAL_214 -                       -             -             -             -             -             -             -             -
TYR_215 1001                  (L)       1.49000      -0.13900      -0.27000             -      -1.72000      -4.53000      -0.89000
SER_216 146                   (L)       0.02000       0.32800      -1.06000             -      -0.73000      -1.38000       1.87000
TYR_217 128                   (M)       0.88000       0.08700      -2.13000      -9.52000       0.31000      -1.01000      -0.62000
SER_218 -                       -             -             -             -             -             -             -             -
CYS_219 -                       -             -             -             -             -             -             -             -
GLU_220 338                   (L)      -1.57000      -0.33500      -0.36000      -0.44000      -0.87000      -0.10000      -0.36000
GLY_221 -                       -             -             -             -             -             -             -             -
PRO_222 -                       -             -             -             -             -             -             -             -
GLU_223 126                   (M)       1.43000       0.03900      -0.17000      -0.59000      -0.73000      -1.44000       1.61000
GLU_224 285                   (M)       0.99000      -0.12500      -0.62000             -       0.27000      -0.22000      -0.61000
GLU_225 280                   (M)       1.12000      -0.17600      -0.59000      -0.34000       0.38000      -0.78000      -0.18000
SER_226 1057                  (M)       1.49000      -0.29000      -1.12000      -0.63000       0.30000      -0.51000      -0.51000
GLU_227 -                       -             -             -             -             -             -             -             -
ASP_228 -                       -             -             -             -             -             -             -             -
ASP_229 -                       -             -             -             -             -             -             -             -
SER_230 303                   (L)       0.69000      -0.37000       0.03000      -1.07000       0.93000      -0.46000      -0.87000
HIS_231 -                       -             -             -             -             -             -             -             -
LEU_232 1065                  (M)      -0.38000      -0.67400       0.53000      -1.38000       1.85000       1.04000       0.27000
GLU_233 -                       -             -             -             -             -             -             -             -
GLY_234 198                   (M)       0.33000      -0.38900      -0.70000             -       0.23000      -0.60000      -0.57000
ARG_235 349                   (M)       0.70000      -0.38600      -1.45000      -1.37000      -0.74000      -0.71000             -
ASP_236 114                   (L)       2.10000      -0.04600       0.05000             -       0.35000      -1.46000      -1.36000
PRO_237 -                       -             -             -             -             -             -             -             -
ASP_238 1016                  (L)      -0.93000      -0.42000       0.32000      -0.68000      -0.40000      -1.00000      -1.18000
ILE_239 -                       -             -             -             -             -             -             -             -
TRP_240 -                       -             -             -             -             -             -             -             -
HIS_241 -                       -             -             -             -             -             -             -             -
VAL_242 -                       -             -             -             -             -             -             -             -
GLY_243 181                   (L)       0.25000      -0.08600      -0.38000             -      -0.22000      -0.81000      -0.92000
PHE_244 1078                  (M)       0.20000      -0.14000      -2.91000             -       0.28000      -0.39000             -
LYS_245 -                       -             -             -             -             -             -             -             -
ILE_246 318                   (L)      -3.24000      -0.16600      -0.51000       1.02000       0.83000      -1.30000             -
SER_247 -                       -             -             -             -             -             -             -             -
TRP_248 -                       -             -             -             -             -             -             -             -
ASP_249 -                       -             -             -             -             -             -             -             -
ILE_250 -                       -             -             -             -             -             -             -             -
GLU_251 -                       -             -             -             -             -             -             -             -
THR_252 221                   (L)      -7.49000      -1.79000      -1.12000             -             -             -             -
PRO_253 -                       -             -             -             -             -             -             -             -
GLY_254 -                       -             -             -             -             -             -             -             -
LEU_255 29                    (L)      -3.47000      -0.96000      -0.63000      -0.80000      -1.84000      -0.22000             -
ALA_256 271                   (L)      -1.11000      -0.24100      -1.95000       1.80000      -4.36000       2.24000      -1.78000
ILE_257 327                   (M)      -1.41000       0.17900       1.44000      -3.19000      -0.79000      -1.92000             -
PRO_258 -                       -             -             -             -             -             -             -             -
LEU_259 -                       -             -             -             -             -             -             -             -
HIS_260 -                       -             -             -             -             -             -             -             -
GLN_261 -                       -             -             -             -             -             -             -             -
GLY_262 -                       -             -             -             -             -             -             -             -
ASP_263 1059                  (L)       3.26000      -0.24100      -0.96000             -      -3.07000      -1.35000             -
CYS_264 -                       -             -             -             -             -             -             -             -
TYR_265 -                       -             -             -             -             -             -             -             -
PHE_266 -                       -             -             -             -             -             -             -             -
MET_267 -                       -             -             -             -             -             -             -             -
LEU_268 80                    (L)       3.43000       0.01400       0.93000      -2.30000      -2.81000      -0.93000             -
ASP_269 11                    (L)      -0.05000      -2.07600      -1.37000       0.36000      -2.77000       0.71000      -2.43000
ASP_270 -                       -             -             -             -             -             -             -             -
LEU_271 -                       -             -             -             -             -             -             -             -
ASN_272 -                       -             -             -             -             -             -             -             -
ALA_273 -                       -             -             -             -             -             -             -             -
THR_274 1095                  (M)       9.42000      -0.00600       0.30000      -0.21000      -3.58000       1.06000      -2.51000
HIS_275 284                   (M)       1.46000      -0.37000             -             -       0.02000       0.35000             -
GLN_276 -                       -             -             -             -             -             -             -             -
HIS_277 -                       -             -             -             -             -             -             -             -
CYS_278 -                       -             -             -             -             -             -             -             -
VAL_279 -                       -             -             -             -             -             -             -             -
LEU_280 343                  (FH)      -4.31000      -0.18900       0.77000     -13.14000       1.04000      -7.75000       8.30000
ALA_281 1017                 (FH)       1.25000      -0.47700      -0.91000      -0.99000      -1.38000       0.81000     -13.13000
GLY_282 -                       -             -             -             -             -             -             -             -
SER_283 -                       -             -             -             -             -             -             -             -
GLN_284 -                       -             -             -             -             -             -             -             -
PRO_285 -                       -             -             -             -             -             -             -             -
ARG_286 -                       -             -             -             -             -             -             -             -
PHE_287 1053                  (L)      -4.79000      -0.35200      -0.09000             -       0.72000      -0.74000             -
SER_288 -                       -             -             -             -             -             -             -             -
SER_289 -                       -             -             -             -             -             -             -             -
THR_290 -                       -             -             -             -             -             -             -             -
HIS_291 -                       -             -             -             -             -             -             -             -
ARG_292 -                       -             -             -             -             -             -             -             -
VAL_293 -                       -             -             -             -             -             -             -             -
ALA_294 49                    (M)      -0.44000      -0.56000      -3.26000       2.88000      -1.38000      -1.28000      -3.50000
GLU_295 96                    (M)       3.43000       0.47200      -0.06000             -      -1.81000      -3.05000             -
CYS_296 101                   (L)       2.72000       0.21500      -0.29000       0.80000       0.08000      -2.23000       1.05000
SER_297 -                       -             -             -             -             -             -             -             -
THR_298 -                       -             -             -             -             -             -             -             -
GLY_299 182                  (FH)       2.95000      -0.40800      -0.51000             -       0.65000       7.24000     -15.68000
THR_300 186                  (FH)       2.14000      -0.39800      -3.61000      -5.66000      -0.11000      -0.59000             -
LEU_301 -                       -             -             -             -             -             -             -             -
ASP_302 -                       -             -             -             -             -             -             -             -
TYR_303 310                   (L)      -2.12000      -0.57800       3.31000      -6.97000       0.68000      -0.32000      -0.79000
ILE_304 -                       -             -             -             -             -             -             -             -
LEU_305 -                       -             -             -             -             -             -             -             -
GLN_306 -                       -             -             -             -             -             -             -             -
ARG_307 -                       -             -             -             -             -             -             -             -
CYS_308 242                   (L)      -7.98000      -1.14900       3.51000      -0.58000       4.59000       6.14000      -3.08000
GLN_309 -                       -             -             -             -             -             -             -             -
LEU_310 -                       -             -             -             -             -             -             -             -
ALA_311 -                       -             -             -             -             -             -             -             -
LEU_312 1094                  (L)     -14.99000      -0.91200       6.16000      -3.43000       1.46000       1.39000             -
GLN_313 -                       -             -             -             -             -             -             -             -
ASN_314 220                   (M)      -8.18000      -1.63900      -1.17000      -0.52000       0.42000       1.20000      -2.57000
VAL_315 23                    (M)       0.29000      -0.98500      -1.29000      -1.63000      -1.32000      -1.16000      -0.28000
CYS_316 83                    (L)       3.26000       0.00700       1.07000      -1.33000      -0.73000      -1.29000      -1.37000
ASP_317 116                   (M)       1.13000      -0.34300      -0.30000      -0.82000       0.26000       1.04000      -1.50000
ASP_318 1086                  (L)       0.48000      -0.88900       1.10000      -2.89000      -0.04000      -0.55000      -0.69000
VAL_319 -                       -             -             -             -             -             -             -             -
ASP_320 270                   (L)      -0.98000      -0.41600       1.38000       0.11000      -0.33000      -0.49000       0.59000
ASN_321 -                       -             -             -             -             -             -             -             -
ASP_322 -                       -             -             -             -             -             -             -             -
ASP_323 -                       -             -             -             -             -             -             -             -
VAL_324 353                  (FL)       1.77000      -0.19200      -1.03000      -0.89000       0.60000       1.53000     -11.67000
SER_325 -                       -             -             -             -             -             -             -             -
LEU_326 56                    (L)       7.25000       0.66600      -2.14000      -0.49000       1.40000      -6.38000      -3.42000
LYS_327 -                       -             -             -             -             -             -             -             -
SER_328 1066                  (L)       6.42000      -0.62700       1.14000       0.07000      -0.77000      -1.20000      -1.10000
PHE_329 -                       -             -             -             -             -             -             -             -
GLU_330 -                       -             -             -             -             -             -             -             -
PRO_331 -                       -             -             -             -             -             -             -             -
ALA_332 147                   (M)      -6.93000       0.18200       2.61000      -1.57000       0.56000       2.73000      -0.96000
VAL_333 31                    (M)       1.31000      -1.18600       2.32000      -1.77000       3.49000       2.47000             -
LEU_334 -                       -             -             -             -             -             -             -             -
LYS_335 122                   (M)       0.29000       0.26100       3.60000      -0.88000       3.05000       0.99000             -
GLN_336 -                       -             -             -             -             -             -             -             -
GLY_337 -                       -             -             -             -             -             -             -             -
GLU_338 1002                  (L)       8.20000       0.36200       2.62000             -             -       3.37000             -
GLU_339 -                       -             -             -             -             -             -             -             -
ILE_340 -                       -             -             -             -             -             -             -             -
HIS_341 -                       -             -             -             -             -             -             -             -
ASN_342 -                       -             -             -             -             -             -             -             -
GLU_343 -                       -             -             -             -             -             -             -             -
VAL_344 135                   (L)      -0.01000       0.47500      -8.20000      -2.38000      -2.93000      -0.81000       0.58000
GLU_345 -                       -             -             -             -             -             -             -             -
PHE_346 328                   (L)      -1.81000      -0.20200      -3.47000       0.60000      -1.09000      -3.67000       8.71000
GLU_347 -                       -             -             -             -             -             -             -             -
TRP_348 -                       -             -             -             -             -             -             -             -
LEU_349 106                   (L)       0.65000       0.01400       3.74000      -2.15000       1.25000       3.98000      -0.41000
ARG_350 -                       -             -             -             -             -             -             -             -
GLN_351 -                       -             -             -             -             -             -             -             -
PHE_352 -                       -             -             -             -             -             -             -             -
TRP_353 -                       -             -             -             -             -             -             -             -
PHE_354 -                       -             -             -             -             -             -             -             -
GLN_355 -                       -             -             -             -             -             -             -             -
GLY_356 -                       -             -             -             -             -             -             -             -
ASN_357 1052                  (L)      -1.06000      -0.55400      -0.05000      -0.70000       4.01000             -             -
ARG_358 -                       -             -             -             -             -             -             -             -
TYR_359 311                   (L)      -3.08000      -0.59500      -5.51000      -0.31000       0.15000      -2.03000             -
ARG_360 -                       -             -             -             -             -             -             -             -
LYS_361 44                    (L)       3.34000      -0.89700       0.67000      -0.39000       1.64000             -      -1.53000
CYS_362 -                       -             -             -             -             -             -             -             -
THR_363 -                       -             -             -             -             -             -             -             -
ASP_364 1032                  (L)      -2.42000      -0.85600             -      -0.10000      -0.54000       0.61000             -
TRP_365 -                       -             -             -             -             -             -             -             -
TRP_366 -                       -             -             -             -             -             -             -             -
CYS_367 -                       -             -             -             -             -             -             -             -
GLN_368 -                       -             -             -             -             -             -             -             -
PRO_369 -                       -             -             -             -             -             -             -             -
MET_370 118                   (M)      -0.74000       0.62900       4.07000      -5.32000      -0.12000       1.76000      -1.67000
ALA_371 256                   (L)      -2.23000      -0.63000       0.73000      -2.20000       1.50000       4.12000             -
GLN_372 247                   (L)       2.21000      -0.92600       1.35000      -2.51000       0.09000       2.92000      -0.77000
LEU_373 172                   (M)      -4.22000      -0.08100       1.77000      -2.11000       0.80000       1.51000             -
GLU_374 -                       -             -             -             -             -             -             -             -
ALA_375 1013                  (L)      -3.17000      -0.64800             -      -1.90000       4.50000             -             -
LEU_376 -                       -             -             -             -             -             -             -             -
TRP_377 261                   (L)      -0.05000      -0.66400       1.62000      -1.03000       0.99000       0.25000      -3.92000
LYS_378 1033                  (L)      -2.19000      -0.63400       3.25000             -       3.08000       1.64000             -
LYS_379 -                       -             -             -             -             -             -             -             -
MET_380 -                       -             -             -             -             -             -             -             -
GLU_381 -                       -             -             -             -             -             -             -             -
GLY_382 1024                  (M)      -3.27000      -1.41400       1.50000             -       1.18000       3.87000      -1.63000
VAL_383 5022                  (M)       6.73000      -0.26600       3.93000      -2.87000       2.74000       1.48000             -
THR_384 192                   (L)      -4.08000      -0.49900      -6.29000      -5.66000       0.45000      -4.67000      -0.20000
ASN_385 -                       -             -             -             -             -             -             -             -
ALA_386 -                       -             -             -             -             -             -             -             -
VAL_387 371                   (L)       2.71000      -0.41000      -9.55000       0.42000      -1.60000      -0.92000      -1.01000
LEU_388 -                       -             -             -             -             -             -             -             -
HIS_389 302                  (FL)      -1.45000      -0.56400       4.39000       0.14000       2.10000       1.60000      -3.54000
GLU_390 -                       -             -             -             -             -             -             -             -
VAL_391 -                       -             -             -             -             -             -             -             -
LYS_392 -                       -             -             -             -             -             -             -             -
ARG_393 17                    (L)       2.33000      -1.08600       1.40000      -1.08000       0.27000      -0.76000      -1.22000
GLU_394 -                       -             -             -             -             -             -             -             -
GLY_395 -                       -             -             -             -             -             -             -             -
LEU_396 -                       -             -             -             -             -             -             -             -
PRO_397 -                       -             -             -             -             -             -             -             -
VAL_398 84                    (L)       6.13000       0.33100       3.10000      -1.80000       0.99000      -0.69000      -0.39000
GLU_399 -                       -             -             -             -             -             -             -             -
GLN_400 -                       -             -             -             -             -             -             -             -
ARG_401 370                   (L)      -1.36000      -0.76300             -       0.60000       2.22000       1.62000      -0.63000
ASN_402 -                       -             -             -             -             -             -             -             -
GLU_403 -                       -             -             -             -             -             -             -             -
ILE_404 -                       -             -             -             -             -             -             -             -
LEU_405 163                   (M)      -8.54000      -0.09700       2.37000      -1.07000       1.18000       4.54000      -2.26000
THR_406 178                   (M)      -0.82000       0.06600       4.13000      -1.65000       1.04000       2.51000             -
ALA_407 177                   (L)     -12.24000       0.09400       2.48000      -0.13000       4.50000             -      -3.65000
ILE_408 304                   (M)      -2.69000       0.00800       0.59000             -       3.54000       2.51000             -
LEU_409 65                    (M)       1.46000       0.88400       5.19000      -1.81000       1.05000       0.48000      -3.37000
ALA_410 -                       -             -             -             -             -             -             -             -
SER_411 179                   (M)      -2.59000       0.09000       1.51000      -2.40000       2.76000      -8.73000             -
LEU_412 -                       -             -             -             -             -             -             -             -
THR_413 156                   (M)       3.08000       0.15600       4.82000             -      -0.09000      -0.13000             -
ALA_414 254                   (M)      -2.74000      -0.54900             -      -2.50000       1.60000       4.85000      -1.85000
ARG_415 -                       -             -             -             -             -             -             -             -
GLN_416 -                       -             -             -             -             -             -             -             -
ASN_417 324                   (L)      -1.48000      -0.52100       2.46000      -1.83000       2.18000       0.96000      -2.32000
LEU_418 -                       -             -             -             -             -             -             -             -
ARG_419 1014                  (L)      -1.81000      -0.35800       2.07000      -3.73000      -0.04000      -0.36000      -1.14000
ARG_420 -                       -             -             -             -             -             -             -             -
GLU_421 -                       -             -             -             -             -             -             -             -
TRP_422 -                       -             -             -             -             -             -             -             -
HIS_423 -                       -             -             -             -             -             -             -             -
ALA_424 -                       -             -             -             -             -             -             -             -
ARG_425 374                   (L)       2.43000      -0.64500      -1.87000       0.32000      -1.16000      10.13000      -1.00000
CYS_426 -                       -             -             -             -             -             -             -             -
GLN_427 -                       -             -             -             -             -             -             -             -
SER_428 -                       -             -             -             -             -             -             -             -
ARG_429 272                   (L)       0.89000      -0.39100      -1.44000      -2.21000       0.09000      -2.38000       0.66000
ILE_430 -                       -             -             -             -             -             -             -             -
ALA_431 -                       -             -             -             -             -             -             -             -
ARG_432 289                   (L)      -7.10000      -0.87700       1.44000      -1.82000       1.40000       2.01000      -1.54000
THR_433 -                       -             -             -             -             -             -             -             -
LEU_434 -                       -             -             -             -             -             -             -             -
PRO_435 -                       -             -             -             -             -             -             -             -
ALA_436 149                   (L)      -7.67000       0.22300      -1.70000             -      -0.41000      -2.12000      -3.34000
ASP_437 1052                  (L)      -2.19000      -0.67400      -0.99000      -2.71000       0.30000             -      -1.38000
GLN_438 -                       -             -             -             -             -             -             -             -
LYS_439 14                    (L)      -1.00000      -1.29500       0.52000      -1.51000      -1.37000      -2.28000       1.55000
PRO_440 -                       -             -             -             -             -             -             -             -
GLU_441 -                       -             -             -             -             -             -             -             -
CYS_442 -                       -             -             -             -             -             -             -             -
ARG_443 -                       -             -             -             -             -             -             -             -
PRO_444 -                       -             -             -             -             -             -             -             -
TYR_445 351                   (L)       0.89000      -0.17200      -2.73000             -      -0.17000      -0.62000      -1.21000
TRP_446 -                       -             -             -             -             -             -             -             -
GLU_447 -                       -             -             -             -             -             -             -             -
LYS_448 -                       -             -             -             -             -             -             -             -
ASP_449 -                       -             -             -             -             -             -             -             -
ASP_450 76                    (L)       5.27000       0.09100      -0.23000      -0.31000      -1.14000       0.19000       2.65000
ALA_451 52                    (M)       5.27000      -0.03400      -0.43000      -1.54000       1.10000      -0.46000             -
SER_452 152                   (M)       0.17000       0.14600       0.49000      -0.97000       0.06000      -0.40000             -
MET_453 12                    (M)      -1.33000      -1.61000      -4.40000      -3.10000      -0.93000       0.44000      -0.98000
PRO_454 -                       -             -             -             -             -             -             -             -
LEU_455 -                       -             -             -             -             -             -             -             -
PRO_456 -                       -             -             -             -             -             -             -             -
PHE_457 317                   (L)      -3.27000      -0.28800      -5.42000       0.16000      -0.55000      -3.56000       5.85000
ASP_458 -                       -             -             -             -             -             -             -             -
LEU_459 -                       -             -             -             -             -             -             -             -
THR_460 -                       -             -             -             -             -             -             -             -
ASP_461 -                       -             -             -             -             -             -             -             -
ILE_462 1040                  (M)       2.68000      -0.15300       2.55000      -1.85000             -             -      -0.74000
VAL_463 167                  (FH)      -4.54000       0.25100       4.47000      -2.53000       1.58000       2.79000             -
SER_464 189                   (H)      -5.34000      -0.57100       2.89000      -1.89000       1.34000       4.47000      -2.28000
GLU_465 258                   (H)       0.99000      -0.74300       2.12000      -1.47000       2.78000       2.71000             -
LEU_466 348                   (H)      -2.77000      -0.38700       2.00000      -1.79000       3.55000       2.11000             -
ARG_467 162                  (FH)      -3.45000      -0.10900       3.20000      -1.73000       1.36000       1.96000      -1.56000
GLY_468 1019                  (H)      -4.98000      -0.75700       0.83000             -       3.13000       3.15000      -1.76000
GLN_469 312                   (H)       0.54000      -0.82600       1.25000      -1.09000       1.64000       0.84000             -
LEU_470 24                   (FM)      -3.28000      -1.05200       0.46000      -1.06000       1.33000       1.19000      -1.08000
LEU_471 -                       -             -             -             -             -             -             -             -
GLU_472 -                       -             -             -             -             -             -             -             -
ALA_473 110                   (M)      -0.01000      -0.53200      -1.00000      -0.93000       0.40000      -0.16000      -0.64000
LYS_474 275                   (M)       2.49000      -0.17900      -0.75000      -1.69000      -0.20000      -1.02000      -0.95000
PRO_475 -                       -             -             -             -             -             -             -             -
