RES     peak_id              reli          delN         delHN         delCA         delCB       delCO-1       delCA-1       delCB-1
SER_1   -                       -             -             -             -             -             -             -             -
THR_2   -                       -             -             -             -             -             -             -             -
PRO_3   -                       -             -             -             -             -             -             -             -
LYS_4   1023                  (M)      -0.07000      -0.39100       0.62330      -0.67535      -0.69520       0.27330      -0.19535
ASP_5   -                       -             -             -             -             -             -             -             -
ASP_6   -                       -             -             -             -             -             -             -             -
GLU_7   340                   (M)       0.83000      -0.10200       2.16330      -0.24535       1.19480       1.77330       0.39465
PHE_8   1077                  (M)      -0.28000      -0.31200       2.48330      -0.40535       1.34480       2.11330      -0.12535
TYR_9   333                   (M)      -3.44000      -0.44900       2.25330      -0.49535       0.61480       2.43330      -0.47535
GLN_10  -                       -             -             -             -             -             -             -             -
GLN_11  -                       -             -             -             -             -             -             -             -
TRP_12  -                       -             -             -             -             -             -             -             -
GLN_13  -                       -             -             -             -             -             -             -             -
LEU_14  -                       -             -             -             -             -             -             -             -
LYS_15  -                       -             -             -             -             -             -             -             -
TYR_16  345                   (L)      -0.25000      -0.04100      -1.53670       5.24465       0.23480      -1.24670       0.67465
PRO_17  -                       -             -             -             -             -             -             -             -
LYS_18  -                       -             -             -             -             -             -             -             -
LEU_19  -                       -             -             -             -             -             -             -             -
ILE_20  -                       -             -             -             -             -             -             -             -
LEU_21  61                    (L)       2.27000       0.28900      -1.24670       2.27465      -2.00520      -3.47670       0.55465
ARG_22  -                       -             -             -             -             -             -             -             -
GLU_23  -                       -             -             -             -             -             -             -             -
ALA_24  -                       -             -             -             -             -             -             -             -
SER_25  -                       -             -             -             -             -             -             -             -
SER_26  191                   (L)      -5.01000      -0.49100       5.67330       5.26465       0.77480      -1.34670       7.33465
VAL_27  -                       -             -             -             -             -             -             -             -
SER_28  -                       -             -             -             -             -             -             -             -
GLU_29  73                    (M)       4.55000       0.26300       3.45330      -0.19535      -0.23520       0.28330       0.10465
GLU_30  -                       -             -             -             -             -             -             -             -
LEU_31  -                       -             -             -             -             -             -             -             -
HIS_32  297                   (M)      -2.35000      -1.01500       4.97330       2.38465       0.20480       2.07330      -0.91535
LYS_33  298                   (M)      -5.18000      -0.83100       3.62330             -       4.21480       4.91330             -
GLU_34  27                    (M)      -3.33000      -1.16900       3.11330             -       2.48480       3.45330      -0.62535
VAL_35  130                   (M)       1.83000       0.18800       4.01330             -       3.23480       3.00330             -
GLN_36  1056                  (M)      -5.24000      -0.41100       3.99330             -      -0.07520       3.85330             -
GLU_37  -                       -             -             -             -             -             -             -             -
ALA_38  -                       -             -             -             -             -             -             -             -
PHE_39  300                   (M)      -2.29000      -0.47700      -4.11670      -0.47535       0.14480       0.91330      -0.62535
LEU_40  -                       -             -             -             -             -             -             -             -
THR_41  -                       -             -             -             -             -             -             -             -
LEU_42  -                       -             -             -             -             -             -             -             -
HIS_43  -                       -             -             -             -             -             -             -             -
LYS_44  -                       -             -             -             -             -             -             -             -
HIS_45  30                    (L)       0.23000      -1.73500      -1.16670       4.25465      -0.54520      -1.29670      -0.28535
GLY_46  -                       -             -             -             -             -             -             -             -
CYS_47  -                       -             -             -             -             -             -             -             -
LEU_48  -                       -             -             -             -             -             -             -             -
PHE_49  381                   (L)      -0.41000      -0.69800      -1.64670       1.53465      -3.03520      -0.78670      -0.97535
ARG_50  -                       -             -             -             -             -             -             -             -
ASP_51  89                    (L)      -0.48000       0.77900             -       0.16465      -0.58520      -1.18670      -0.38535
LEU_52  -                       -             -             -             -             -             -             -             -
VAL_53  326                   (L)      -0.71000      -0.07400      -2.37670      -0.75535       0.65480       2.96330       7.34465
ARG_54  -                       -             -             -             -             -             -             -             -
ILE_55  -                       -             -             -             -             -             -             -             -
GLN_56  -                       -             -             -             -             -             -             -             -
GLY_57  -                       -             -             -             -             -             -             -             -
LYS_58  334                   (L)      -0.10000      -0.01600       0.71330      -0.23535      -1.66520      -1.08670             -
ASP_59  -                       -             -             -             -             -             -             -             -
LEU_60  2004                  (L)      -1.22000      -1.05300      -0.67670             -      -0.73520      -0.30670             -
LEU_61  268                   (M)       0.28000      -0.08800      -2.37670       0.54465      -4.41520      -0.64670       2.20465
THR_62  91                    (M)       4.07000       1.12500       0.51330      -0.50535       0.04480      -2.42670       0.63465
PRO_63  -                       -             -             -             -             -             -             -             -
VAL_64  120                   (L)       0.26000       0.56200      -1.29670      -1.29535       1.37480             -             -
SER_65  -                       -             -             -             -             -             -             -             -
ARG_66  1012                  (L)      -0.31000      -0.19900      -2.64670       1.94465      -2.12520             -       1.32465
ILE_67  -                       -             -             -             -             -             -             -             -
LEU_68  -                       -             -             -             -             -             -             -             -
ILE_69  -                       -             -             -             -             -             -             -             -
GLY_70  -                       -             -             -             -             -             -             -             -
ASN_71  -                       -             -             -             -             -             -             -             -
PRO_72  -                       -             -             -             -             -             -             -             -
GLY_73  -                       -             -             -             -             -             -             -             -
CYS_74  -                       -             -             -             -             -             -             -             -
THR_75  -                       -             -             -             -             -             -             -             -
TYR_76  -                       -             -             -             -             -             -             -             -
LYS_77  -                       -             -             -             -             -             -             -             -
TYR_78  -                       -             -             -             -             -             -             -             -
LEU_79  -                       -             -             -             -             -             -             -             -
ASN_80  -                       -             -             -             -             -             -             -             -
THR_81  -                       -             -             -             -             -             -             -             -
ARG_82  -                       -             -             -             -             -             -             -             -
LEU_83  20                    (L)      -0.23000      -0.89100      -1.65670       1.46465      -3.98520       0.66330      -1.54535
PHE_84  -                       -             -             -             -             -             -             -             -
THR_85  -                       -             -             -             -             -             -             -             -
VAL_86  75                    (M)       3.34000       0.65100       0.66330      -1.23535       2.37480       0.51330      -0.58535
PRO_87  -                       -             -             -             -             -             -             -             -
TRP_88  287                   (M)      -7.95000      -0.96100      -1.02670      -0.77535      -2.72520       0.12330      -4.36535
PRO_89  -                       -             -             -             -             -             -             -             -
VAL_90  372                   (L)       1.73000      -0.56900      -0.68670       0.44465      -2.85520      -0.14670      -2.85535
LYS_91  77                    (L)       2.46000       0.11200       2.52330      -1.40535      -0.16520      -0.71670       0.19465
GLY_92  -                       -             -             -             -             -             -             -             -
SER_93  -                       -             -             -             -             -             -             -             -
ASN_94  141                   (L)      -3.31000       0.69700       1.55330       2.03465      -2.83520      -2.44670      -1.23535
ILE_95  346                   (L)       1.33000      -0.04100      -0.80670       0.02465      -1.75520       0.17330      -0.54535
LYS_96  60                    (M)       4.68000       0.60200      -0.62670       1.09465      -1.63520      -0.90670       0.00465
HIS_97  125                   (L)       2.66000      -0.14600       2.36330       5.41465      -1.38520      -0.64670       1.26465
THR_98  -                       -             -             -             -             -             -             -             -
GLU_99  157                   (L)      -6.65000      -0.12000      -1.46670       1.18465      -2.61520     -10.32670       1.88465
ALA_100 -                       -             -             -             -             -             -             -             -
GLU_101 -                       -             -             -             -             -             -             -             -
ILE_102 301                  (FM)      -3.78000      -0.19600       2.32330      -1.45535       3.33480       3.59330             -
ALA_103 16                   (FH)      -3.24000      -1.03300       2.92330      -0.50535       1.13480       2.39330      -1.47535
ALA_104 -                       -             -             -             -             -             -             -             -
ALA_105 248                   (L)      -1.27000      -0.83400       2.63330      -1.62535       1.95480       2.12330      -0.12535
CYS_106 1091                  (M)      -2.43000      -0.49500       7.15330      -0.90535       0.89480       2.50330             -
GLU_107 -                       -             -             -             -             -             -             -             -
THR_108 -                       -             -             -             -             -             -             -             -
PHE_109 -                       -             -             -             -             -             -             -             -
LEU_110 -                       -             -             -             -             -             -             -             -
LYS_111 293                   (L)      -4.81000      -1.04000       3.30330             -       0.10480             -             -
LEU_112 -                       -             -             -             -             -             -             -             -
ASN_113 -                       -             -             -             -             -             -             -             -
ASP_114 1030                  (L)       0.56000      -0.74400       1.70330      -2.13535      -0.47520       1.17330             -
TYR_115 360                   (L)       0.38000      -0.45800       6.65330       3.91465      -1.06520       1.68330             -
LEU_116 -                       -             -             -             -             -             -             -             -
GLN_117 -                       -             -             -             -             -             -             -             -
ILE_118 1100                  (L)       3.58000       0.43800       3.00330             -       3.42480             -             -
GLU_119 -                       -             -             -             -             -             -             -             -
THR_120 -                       -             -             -             -             -             -             -             -
ILE_121 -                       -             -             -             -             -             -             -             -
GLN_122 -                       -             -             -             -             -             -             -             -
ALA_123 -                       -             -             -             -             -             -             -             -
LEU_124 -                       -             -             -             -             -             -             -             -
GLU_125 -                       -             -             -             -             -             -             -             -
GLU_126 -                       -             -             -             -             -             -             -             -
LEU_127 -                       -             -             -             -             -             -             -             -
ALA_128 -                       -             -             -             -             -             -             -             -
ALA_129 112                   (L)       1.97000      -0.56400      -0.07670             -       0.71480       2.23330             -
LYS_130 1035                  (M)       2.17000      -0.48100       4.14330      -0.71535      -1.01520      -0.12670      -0.00535
GLU_131 361                   (M)      -0.67000      -0.58800       2.92330             -       2.63480             -      -0.75535
LYS_132 -                       -             -             -             -             -             -             -             -
ALA_133 259                  (FM)      -2.21000      -0.71800       0.82330      -0.55535       1.15480       1.58330      -0.79535
ASN_134 -                       -             -             -             -             -             -             -             -
GLU_135 -                       -             -             -             -             -             -             -             -
ASP_136 337                   (M)      -0.78000      -0.51500       0.89330       0.17465       0.16480       0.76330       0.20465
ALA_137 257                   (M)      -0.72000      -0.62300      -0.07670       0.01465       0.05480       0.87330       0.12465
VAL_138 364                   (M)       1.69000      -0.20000      -0.27670      -0.46535      -0.41520      -0.09670      -0.00535
PRO_139 -                       -             -             -             -             -             -             -             -
LEU_140 168                   (L)      -3.11000      -0.04400      -0.23670      -0.82535      -1.04520       0.09330       0.14465
CYS_141 -                       -             -             -             -             -             -             -             -
MET_142 -                       -             -             -             -             -             -             -             -
SER_143 -                       -             -             -             -             -             -             -             -
ALA_144 -                       -             -             -             -             -             -             -             -
ASP_145 184                   (L)      -6.84000      -0.19900       0.78330             -      -1.95520             -             -
PHE_146 314                   (M)      -9.14000      -0.60300      -0.16670      -0.57535      -0.04520       0.61330       0.15465
PRO_147 -                       -             -             -             -             -             -             -             -
ARG_148 308                   (M)      -3.33000      -0.97500       4.08330      -1.18535       1.01480      -0.95670             -
VAL_149 -                       -             -             -             -             -             -             -             -
GLY_150 -                       -             -             -             -             -             -             -             -
MET_151 -                       -             -             -             -             -             -             -             -
GLY_152 2005                  (L)      -5.74000      -1.42200       1.24330             -      -1.87520       1.18330       7.90465
SER_153 210                   (M)      -6.57000      -1.29500       0.39330       8.61465      -0.06520       1.34330             -
SER_154 341                   (L)       3.88000      -0.23500             -      -0.02535      -2.39520             -      -0.25535
TYR_155 1039                  (M)       0.11000      -0.29300      -1.80670             -      -0.79520       0.17330      -0.23535
ASN_156 -                       -             -             -             -             -             -             -             -
GLY_157 1026                  (L)      -0.03000      -0.78800       0.37330             -       0.25480       1.23330       2.29465
GLN_158 336                   (M)       0.70000      -0.12800       0.08330      -0.11535      -0.36520       0.16330             -
ASP_159 1022                  (M)      -0.32000      -0.34100       0.90330       0.26465      -0.90520             -      -0.11535
GLU_160 344                   (M)       0.58000      -0.32400       0.73330       0.29465      -2.45520       0.85330       0.28465
VAL_161 1025                  (L)       0.49000      -0.33500       0.25330      -0.13535       0.08480       0.40330       0.29465
ASP_162 1042                  (M)      -0.30000      -0.45500       0.66330       0.28465      -0.97520       0.10330      -0.07535
ILE_163 1037                  (M)       1.64000      -0.32100       0.81330      -0.57535       0.74480       0.75330       0.40465
LYS_164 356                   (M)      -3.64000      -0.48500       3.36330      -0.28535      -2.50520       0.71330             -
SER_165 -                       -             -             -             -             -             -             -             -
ARG_166 -                       -             -             -             -             -             -             -             -
ALA_167 34                    (M)      -7.09000      -1.53500      -2.78670       1.74465      -2.19520      -9.59670             -
ALA_168 4                     (M)      -0.50000      -2.08600      -1.95670      -2.90535      -3.22520      -2.80670       1.55465
TYR_169 309                   (L)      -1.07000      -0.68200       1.54330      -5.28535      -1.86520      -0.05670       0.23465
ASN_170 -                       -             -             -             -             -             -             -             -
VAL_171 -                       -             -             -             -             -             -             -             -
THR_172 1099                  (L)      -4.10000      -0.71700      -1.41670             -      -0.96520             -             -
LEU_173 1008                  (M)      -5.04000       0.06900       1.45330       0.10465      -3.53520      -1.42670       2.59465
LEU_174 -                       -             -             -             -             -             -             -             -
ASN_175 -                       -             -             -             -             -             -             -             -
PHE_176 1069                  (L)       4.93000       0.28600      -0.42670      -0.47535             -       0.42330             -
MET_177 -                       -             -             -             -             -             -             -             -
ASP_178 276                   (M)      -0.15000      -0.50700      -2.35670       0.86465      -4.17520      -1.52670       3.05465
PRO_179 -                       -             -             -             -             -             -             -             -
GLN_180 185                   (L)      -4.07000      -0.68000       1.79330      -1.19535       0.18480       1.26330      -0.32535
LYS_181 -                       -             -             -             -             -             -             -             -
MET_182 2002                  (M)       3.85000      -0.44400      -1.19670      -1.71535       0.04480       0.72330             -
PRO_183 -                       -             -             -             -             -             -             -             -
TYR_184 299                   (M)      -3.83000      -0.71000      -1.21670      -1.33535      -0.89520       0.44330      -0.45535
LEU_185 250                   (M)      -1.61000      -0.82400      -0.16670      -0.25535      -1.33520      -1.24670      -1.36535
LYS_186 155                   (M)      -4.95000       0.05000       0.81330      -0.77535      -1.80520       0.03330             -
GLU_187 -                       -             -             -             -             -             -             -             -
GLU_188 -                       -             -             -             -             -             -             -             -
PRO_189 -                       -             -             -             -             -             -             -             -
TYR_190 278                   (L)       2.32000      -0.14600      -2.05670       3.19465      -0.27520      -0.12670      -0.15535
PHE_191 -                       -             -             -             -             -             -             -             -
GLY_192 150                   (L)       5.42000       0.25500       0.12330             -      -1.09520       0.92330      22.69465
MET_193 -                       -             -             -             -             -             -             -             -
GLY_194 -                       -             -             -             -             -             -             -             -
LYS_195 -                       -             -             -             -             -             -             -             -
MET_196 -                       -             -             -             -             -             -             -             -
ALA_197 -                       -             -             -             -             -             -             -             -
VAL_198 2003                  (M)      -0.50000      -0.62800             -       0.95465      -2.13520      -0.00670       0.14465
SER_199 26                    (L)      -0.38000      -1.12200       0.34330      -0.01535      -2.98520      -0.96670       0.91465
TRP_200 -                       -             -             -             -             -             -             -             -
HIS_201 -                       -             -             -             -             -             -             -             -
HIS_202 -                       -             -             -             -             -             -             -             -
ASP_203 -                       -             -             -             -             -             -             -             -
GLU_204 -                       -             -             -             -             -             -             -             -
ASN_205 -                       -             -             -             -             -             -             -             -
LEU_206 138                   (L)      -3.13000       0.25400       1.63330       0.89465      -1.78520      -1.37670             -
VAL_207 -                       -             -             -             -             -             -             -             -
ASP_208 10                    (L)      -0.20000      -1.82100       0.17330      -0.25535      -1.84520      -0.50670       1.99465
ARG_209 -                       -             -             -             -             -             -             -             -
SER_210 316                   (M)       0.81000      -0.27100      -0.18670       0.26465       0.01480       0.65330      -0.58535
ALA_211 50                    (L)       2.99000      -0.51800       0.14330             -      -2.43520      -0.32670             -
VAL_212 -                       -             -             -             -             -             -             -             -
ALA_213 -                       -             -             -             -             -             -             -             -
VAL_214 -                       -             -             -             -             -             -             -             -
TYR_215 1001                  (L)       1.49000      -0.13900       0.51330             -      -2.23520      -3.74670      -0.02535
SER_216 146                   (L)       0.02000       0.32800      -0.27670             -      -1.24520      -0.59670       2.73465
TYR_217 128                   (M)       0.88000       0.08700      -1.34670      -8.65535      -0.20520      -0.22670       0.24465
SER_218 -                       -             -             -             -             -             -             -             -
CYS_219 -                       -             -             -             -             -             -             -             -
GLU_220 338                   (L)      -1.57000      -0.33500       0.42330       0.42465      -1.38520       0.68330       0.50465
GLY_221 -                       -             -             -             -             -             -             -             -
PRO_222 -                       -             -             -             -             -             -             -             -
GLU_223 126                   (M)       1.43000       0.03900       0.61330       0.27465      -1.24520      -0.65670       2.47465
GLU_224 285                   (M)       0.99000      -0.12500       0.16330             -      -0.24520       0.56330       0.25465
GLU_225 280                   (M)       1.12000      -0.17600       0.19330       0.52465      -0.13520       0.00330       0.68465
SER_226 1057                  (M)       1.49000      -0.29000      -0.33670       0.23465      -0.21520       0.27330       0.35465
GLU_227 -                       -             -             -             -             -             -             -             -
ASP_228 -                       -             -             -             -             -             -             -             -
ASP_229 -                       -             -             -             -             -             -             -             -
SER_230 303                   (L)       0.69000      -0.37000       0.81330      -0.20535       0.41480       0.32330      -0.00535
HIS_231 -                       -             -             -             -             -             -             -             -
LEU_232 1065                  (M)      -0.38000      -0.67400       1.31330      -0.51535       1.33480       1.82330       1.13465
GLU_233 -                       -             -             -             -             -             -             -             -
GLY_234 198                   (M)       0.33000      -0.38900       0.08330             -      -0.28520       0.18330       0.29465
ARG_235 349                   (M)       0.70000      -0.38600      -0.66670      -0.50535      -1.25520       0.07330             -
ASP_236 114                   (L)       2.10000      -0.04600       0.83330             -      -0.16520      -0.67670      -0.49535
PRO_237 -                       -             -             -             -             -             -             -             -
ASP_238 1016                  (L)      -0.93000      -0.42000       1.10330       0.18465      -0.91520      -0.21670      -0.31535
ILE_239 -                       -             -             -             -             -             -             -             -
TRP_240 -                       -             -             -             -             -             -             -             -
HIS_241 -                       -             -             -             -             -             -             -             -
VAL_242 -                       -             -             -             -             -             -             -             -
GLY_243 181                   (L)       0.25000      -0.08600       0.40330             -      -0.73520      -0.02670      -0.05535
PHE_244 1078                  (M)       0.20000      -0.14000      -2.12670             -      -0.23520       0.39330             -
LYS_245 -                       -             -             -             -             -             -             -             -
ILE_246 318                   (L)      -3.24000      -0.16600       0.27330       1.88465       0.31480      -0.51670             -
SER_247 -                       -             -             -             -             -             -             -             -
TRP_248 -                       -             -             -             -             -             -             -             -
ASP_249 -                       -             -             -             -             -             -             -             -
ILE_250 -                       -             -             -             -             -             -             -             -
GLU_251 -                       -             -             -             -             -             -             -             -
THR_252 221                   (L)      -7.49000      -1.79000      -0.33670             -             -             -             -
PRO_253 -                       -             -             -             -             -             -             -             -
GLY_254 -                       -             -             -             -             -             -             -             -
LEU_255 29                    (L)      -3.47000      -0.96000       0.15330       0.06465      -2.35520       0.56330             -
ALA_256 271                   (L)      -1.11000      -0.24100      -1.16670       2.66465      -4.87520       3.02330      -0.91535
ILE_257 327                   (M)      -1.41000       0.17900       2.22330      -2.32535      -1.30520      -1.13670             -
PRO_258 -                       -             -             -             -             -             -             -             -
LEU_259 -                       -             -             -             -             -             -             -             -
HIS_260 -                       -             -             -             -             -             -             -             -
GLN_261 -                       -             -             -             -             -             -             -             -
GLY_262 -                       -             -             -             -             -             -             -             -
ASP_263 1059                  (L)       3.26000      -0.24100      -0.17670             -      -3.58520      -0.56670             -
CYS_264 -                       -             -             -             -             -             -             -             -
TYR_265 -                       -             -             -             -             -             -             -             -
PHE_266 -                       -             -             -             -             -             -             -             -
MET_267 -                       -             -             -             -             -             -             -             -
LEU_268 80                    (L)       3.43000       0.01400       1.71330      -1.43535      -3.32520      -0.14670             -
ASP_269 11                    (L)      -0.05000      -2.07600      -0.58670       1.22465      -3.28520       1.49330      -1.56535
ASP_270 -                       -             -             -             -             -             -             -             -
LEU_271 -                       -             -             -             -             -             -             -             -
ASN_272 -                       -             -             -             -             -             -             -             -
ALA_273 -                       -             -             -             -             -             -             -             -
THR_274 1095                  (M)       9.42000      -0.00600       1.08330       0.65465      -4.09520       1.84330      -1.64535
HIS_275 284                   (M)       1.46000      -0.37000             -             -      -0.49520       1.13330             -
GLN_276 -                       -             -             -             -             -             -             -             -
HIS_277 -                       -             -             -             -             -             -             -             -
CYS_278 -                       -             -             -             -             -             -             -             -
VAL_279 -                       -             -             -             -             -             -             -             -
LEU_280 343                  (FH)      -4.31000      -0.18900       1.55330     -12.27535       0.52480      -6.96670       9.16465
ALA_281 1017                 (FH)       1.25000      -0.47700      -0.12670      -0.12535      -1.89520       1.59330     -12.26535
GLY_282 -                       -             -             -             -             -             -             -             -
SER_283 -                       -             -             -             -             -             -             -             -
GLN_284 -                       -             -             -             -             -             -             -             -
PRO_285 -                       -             -             -             -             -             -             -             -
ARG_286 -                       -             -             -             -             -             -             -             -
PHE_287 1053                  (L)      -4.79000      -0.35200       0.69330             -       0.20480       0.04330             -
SER_288 -                       -             -             -             -             -             -             -             -
SER_289 -                       -             -             -             -             -             -             -             -
THR_290 -                       -             -             -             -             -             -             -             -
HIS_291 -                       -             -             -             -             -             -             -             -
ARG_292 -                       -             -             -             -             -             -             -             -
VAL_293 -                       -             -             -             -             -             -             -             -
ALA_294 49                    (M)      -0.44000      -0.56000      -2.47670       3.74465      -1.89520      -0.49670      -2.63535
GLU_295 96                    (M)       3.43000       0.47200       0.72330             -      -2.32520      -2.26670             -
CYS_296 101                   (L)       2.72000       0.21500       0.49330       1.66465      -0.43520      -1.44670       1.91465
SER_297 -                       -             -             -             -             -             -             -             -
THR_298 -                       -             -             -             -             -             -             -             -
GLY_299 182                  (FH)       2.95000      -0.40800       0.27330             -       0.13480       8.02330     -14.81535
THR_300 186                  (FH)       2.14000      -0.39800      -2.82670      -4.79535      -0.62520       0.19330             -
LEU_301 -                       -             -             -             -             -             -             -             -
ASP_302 -                       -             -             -             -             -             -             -             -
TYR_303 310                   (L)      -2.12000      -0.57800       4.09330      -6.10535       0.16480       0.46330       0.07465
ILE_304 -                       -             -             -             -             -             -             -             -
LEU_305 -                       -             -             -             -             -             -             -             -
GLN_306 -                       -             -             -             -             -             -             -             -
ARG_307 -                       -             -             -             -             -             -             -             -
CYS_308 242                   (L)      -7.98000      -1.14900       4.29330       0.28465       4.07480       6.92330      -2.21535
GLN_309 -                       -             -             -             -             -             -             -             -
LEU_310 -                       -             -             -             -             -             -             -             -
ALA_311 -                       -             -             -             -             -             -             -             -
LEU_312 1094                  (L)     -14.99000      -0.91200       6.94330      -2.56535       0.94480       2.17330             -
GLN_313 -                       -             -             -             -             -             -             -             -
ASN_314 220                   (M)      -8.18000      -1.63900      -0.38670       0.34465      -0.09520       1.98330      -1.70535
VAL_315 23                    (M)       0.29000      -0.98500      -0.50670      -0.76535      -1.83520      -0.37670       0.58465
CYS_316 83                    (L)       3.26000       0.00700       1.85330      -0.46535      -1.24520      -0.50670      -0.50535
ASP_317 116                   (M)       1.13000      -0.34300       0.48330       0.04465      -0.25520       1.82330      -0.63535
ASP_318 1086                  (L)       0.48000      -0.88900       1.88330      -2.02535      -0.55520       0.23330       0.17465
VAL_319 -                       -             -             -             -             -             -             -             -
ASP_320 270                   (L)      -0.98000      -0.41600       2.16330       0.97465      -0.84520       0.29330       1.45465
ASN_321 -                       -             -             -             -             -             -             -             -
ASP_322 -                       -             -             -             -             -             -             -             -
ASP_323 -                       -             -             -             -             -             -             -             -
VAL_324 353                  (FL)       1.77000      -0.19200      -0.24670      -0.02535       0.08480       2.31330     -10.80535
SER_325 -                       -             -             -             -             -             -             -             -
LEU_326 56                    (L)       7.25000       0.66600      -1.35670       0.37465       0.88480      -5.59670      -2.55535
LYS_327 -                       -             -             -             -             -             -             -             -
SER_328 1066                  (L)       6.42000      -0.62700       1.92330       0.93465      -1.28520      -0.41670      -0.23535
PHE_329 -                       -             -             -             -             -             -             -             -
GLU_330 -                       -             -             -             -             -             -             -             -
PRO_331 -                       -             -             -             -             -             -             -             -
ALA_332 147                   (M)      -6.93000       0.18200       3.39330      -0.70535       0.04480       3.51330      -0.09535
VAL_333 31                    (M)       1.31000      -1.18600       3.10330      -0.90535       2.97480       3.25330             -
LEU_334 -                       -             -             -             -             -             -             -             -
LYS_335 122                   (M)       0.29000       0.26100       4.38330      -0.01535       2.53480       1.77330             -
GLN_336 -                       -             -             -             -             -             -             -             -
GLY_337 -                       -             -             -             -             -             -             -             -
GLU_338 1002                  (L)       8.20000       0.36200       3.40330             -             -       4.15330             -
GLU_339 -                       -             -             -             -             -             -             -             -
ILE_340 -                       -             -             -             -             -             -             -             -
HIS_341 -                       -             -             -             -             -             -             -             -
ASN_342 -                       -             -             -             -             -             -             -             -
GLU_343 -                       -             -             -             -             -             -             -             -
VAL_344 135                   (L)      -0.01000       0.47500      -7.41670      -1.51535      -3.44520      -0.02670       1.44465
GLU_345 -                       -             -             -             -             -             -             -             -
PHE_346 328                   (L)      -1.81000      -0.20200      -2.68670       1.46465      -1.60520      -2.88670       9.57465
GLU_347 -                       -             -             -             -             -             -             -             -
TRP_348 -                       -             -             -             -             -             -             -             -
LEU_349 106                   (L)       0.65000       0.01400       4.52330      -1.28535       0.73480       4.76330       0.45465
ARG_350 -                       -             -             -             -             -             -             -             -
GLN_351 -                       -             -             -             -             -             -             -             -
PHE_352 -                       -             -             -             -             -             -             -             -
TRP_353 -                       -             -             -             -             -             -             -             -
PHE_354 -                       -             -             -             -             -             -             -             -
GLN_355 -                       -             -             -             -             -             -             -             -
GLY_356 -                       -             -             -             -             -             -             -             -
ASN_357 1052                  (L)      -1.06000      -0.55400       0.73330       0.16465       3.49480             -             -
ARG_358 -                       -             -             -             -             -             -             -             -
TYR_359 311                   (L)      -3.08000      -0.59500      -4.72670       0.55465      -0.36520      -1.24670             -
ARG_360 -                       -             -             -             -             -             -             -             -
LYS_361 44                    (L)       3.34000      -0.89700       1.45330       0.47465       1.12480             -      -0.66535
CYS_362 -                       -             -             -             -             -             -             -             -
THR_363 -                       -             -             -             -             -             -             -             -
ASP_364 1032                  (L)      -2.42000      -0.85600             -       0.76465      -1.05520       1.39330             -
TRP_365 -                       -             -             -             -             -             -             -             -
TRP_366 -                       -             -             -             -             -             -             -             -
CYS_367 -                       -             -             -             -             -             -             -             -
GLN_368 -                       -             -             -             -             -             -             -             -
PRO_369 -                       -             -             -             -             -             -             -             -
MET_370 118                   (M)      -0.74000       0.62900       4.85330      -4.45535      -0.63520       2.54330      -0.80535
ALA_371 256                   (L)      -2.23000      -0.63000       1.51330      -1.33535       0.98480       4.90330             -
GLN_372 247                   (L)       2.21000      -0.92600       2.13330      -1.64535      -0.42520       3.70330       0.09465
LEU_373 172                   (M)      -4.22000      -0.08100       2.55330      -1.24535       0.28480       2.29330             -
GLU_374 -                       -             -             -             -             -             -             -             -
ALA_375 1013                  (L)      -3.17000      -0.64800             -      -1.03535       3.98480             -             -
LEU_376 -                       -             -             -             -             -             -             -             -
TRP_377 261                   (L)      -0.05000      -0.66400       2.40330      -0.16535       0.47480       1.03330      -3.05535
LYS_378 1033                  (L)      -2.19000      -0.63400       4.03330             -       2.56480       2.42330             -
LYS_379 -                       -             -             -             -             -             -             -             -
MET_380 -                       -             -             -             -             -             -             -             -
GLU_381 -                       -             -             -             -             -             -             -             -
GLY_382 1024                  (M)      -3.27000      -1.41400       2.28330             -       0.66480       4.65330      -0.76535
VAL_383 5022                  (M)       6.73000      -0.26600       4.71330      -2.00535       2.22480       2.26330             -
THR_384 192                   (L)      -4.08000      -0.49900      -5.50670      -4.79535      -0.06520      -3.88670       0.66465
ASN_385 -                       -             -             -             -             -             -             -             -
ALA_386 -                       -             -             -             -             -             -             -             -
VAL_387 371                   (L)       2.71000      -0.41000      -8.76670       1.28465      -2.11520      -0.13670      -0.14535
LEU_388 -                       -             -             -             -             -             -             -             -
HIS_389 302                  (FL)      -1.45000      -0.56400       5.17330       1.00465       1.58480       2.38330      -2.67535
GLU_390 -                       -             -             -             -             -             -             -             -
VAL_391 -                       -             -             -             -             -             -             -             -
LYS_392 -                       -             -             -             -             -             -             -             -
ARG_393 17                    (L)       2.33000      -1.08600       2.18330      -0.21535      -0.24520       0.02330      -0.35535
GLU_394 -                       -             -             -             -             -             -             -             -
GLY_395 -                       -             -             -             -             -             -             -             -
LEU_396 -                       -             -             -             -             -             -             -             -
PRO_397 -                       -             -             -             -             -             -             -             -
VAL_398 84                    (L)       6.13000       0.33100       3.88330      -0.93535       0.47480       0.09330       0.47465
GLU_399 -                       -             -             -             -             -             -             -             -
GLN_400 -                       -             -             -             -             -             -             -             -
ARG_401 370                   (L)      -1.36000      -0.76300             -       1.46465       1.70480       2.40330       0.23465
ASN_402 -                       -             -             -             -             -             -             -             -
GLU_403 -                       -             -             -             -             -             -             -             -
ILE_404 -                       -             -             -             -             -             -             -             -
LEU_405 163                   (M)      -8.54000      -0.09700       3.15330      -0.20535       0.66480       5.32330      -1.39535
THR_406 178                   (M)      -0.82000       0.06600       4.91330      -0.78535       0.52480       3.29330             -
ALA_407 177                   (L)     -12.24000       0.09400       3.26330       0.73465       3.98480             -      -2.78535
ILE_408 304                   (M)      -2.69000       0.00800       1.37330             -       3.02480       3.29330             -
LEU_409 65                    (M)       1.46000       0.88400       5.97330      -0.94535       0.53480       1.26330      -2.50535
ALA_410 -                       -             -             -             -             -             -             -             -
SER_411 179                   (M)      -2.59000       0.09000       2.29330      -1.53535       2.24480      -7.94670             -
LEU_412 -                       -             -             -             -             -             -             -             -
THR_413 156                   (M)       3.08000       0.15600       5.60330             -      -0.60520       0.65330             -
ALA_414 254                   (M)      -2.74000      -0.54900             -      -1.63535       1.08480       5.63330      -0.98535
ARG_415 -                       -             -             -             -             -             -             -             -
GLN_416 -                       -             -             -             -             -             -             -             -
ASN_417 324                   (L)      -1.48000      -0.52100       3.24330      -0.96535       1.66480       1.74330      -1.45535
LEU_418 -                       -             -             -             -             -             -             -             -
ARG_419 1014                  (L)      -1.81000      -0.35800       2.85330      -2.86535      -0.55520       0.42330      -0.27535
ARG_420 -                       -             -             -             -             -             -             -             -
GLU_421 -                       -             -             -             -             -             -             -             -
TRP_422 -                       -             -             -             -             -             -             -             -
HIS_423 -                       -             -             -             -             -             -             -             -
ALA_424 -                       -             -             -             -             -             -             -             -
ARG_425 374                   (L)       2.43000      -0.64500      -1.08670       1.18465      -1.67520      10.91330      -0.13535
CYS_426 -                       -             -             -             -             -             -             -             -
GLN_427 -                       -             -             -             -             -             -             -             -
SER_428 -                       -             -             -             -             -             -             -             -
ARG_429 272                   (L)       0.89000      -0.39100      -0.65670      -1.34535      -0.42520      -1.59670       1.52465
ILE_430 -                       -             -             -             -             -             -             -             -
ALA_431 -                       -             -             -             -             -             -             -             -
ARG_432 289                   (L)      -7.10000      -0.87700       2.22330      -0.95535       0.88480       2.79330      -0.67535
THR_433 -                       -             -             -             -             -             -             -             -
LEU_434 -                       -             -             -             -             -             -             -             -
PRO_435 -                       -             -             -             -             -             -             -             -
ALA_436 149                   (L)      -7.67000       0.22300      -0.91670             -      -0.92520      -1.33670      -2.47535
ASP_437 1052                  (L)      -2.19000      -0.67400      -0.20670      -1.84535      -0.21520             -      -0.51535
GLN_438 -                       -             -             -             -             -             -             -             -
LYS_439 14                    (L)      -1.00000      -1.29500       1.30330      -0.64535      -1.88520      -1.49670       2.41465
PRO_440 -                       -             -             -             -             -             -             -             -
GLU_441 -                       -             -             -             -             -             -             -             -
CYS_442 -                       -             -             -             -             -             -             -             -
ARG_443 -                       -             -             -             -             -             -             -             -
PRO_444 -                       -             -             -             -             -             -             -             -
TYR_445 351                   (L)       0.89000      -0.17200      -1.94670             -      -0.68520       0.16330      -0.34535
TRP_446 -                       -             -             -             -             -             -             -             -
GLU_447 -                       -             -             -             -             -             -             -             -
LYS_448 -                       -             -             -             -             -             -             -             -
ASP_449 -                       -             -             -             -             -             -             -             -
ASP_450 76                    (L)       5.27000       0.09100       0.55330       0.55465      -1.65520       0.97330       3.51465
ALA_451 52                    (M)       5.27000      -0.03400       0.35330      -0.67535       0.58480       0.32330             -
SER_452 152                   (M)       0.17000       0.14600       1.27330      -0.10535      -0.45520       0.38330             -
MET_453 12                    (M)      -1.33000      -1.61000      -3.61670      -2.23535      -1.44520       1.22330      -0.11535
PRO_454 -                       -             -             -             -             -             -             -             -
LEU_455 -                       -             -             -             -             -             -             -             -
PRO_456 -                       -             -             -             -             -             -             -             -
PHE_457 317                   (L)      -3.27000      -0.28800      -4.63670       1.02465      -1.06520      -2.77670       6.71465
ASP_458 -                       -             -             -             -             -             -             -             -
LEU_459 -                       -             -             -             -             -             -             -             -
THR_460 -                       -             -             -             -             -             -             -             -
ASP_461 -                       -             -             -             -             -             -             -             -
ILE_462 1040                  (M)       2.68000      -0.15300       3.33330      -0.98535             -             -       0.12465
VAL_463 167                  (FH)      -4.54000       0.25100       5.25330      -1.66535       1.06480       3.57330             -
SER_464 189                   (H)      -5.34000      -0.57100       3.67330      -1.02535       0.82480       5.25330      -1.41535
GLU_465 258                   (H)       0.99000      -0.74300       2.90330      -0.60535       2.26480       3.49330             -
LEU_466 348                   (H)      -2.77000      -0.38700       2.78330      -0.92535       3.03480       2.89330             -
ARG_467 162                  (FH)      -3.45000      -0.10900       3.98330      -0.86535       0.84480       2.74330      -0.69535
GLY_468 1019                  (H)      -4.98000      -0.75700       1.61330             -       2.61480       3.93330      -0.89535
GLN_469 312                   (H)       0.54000      -0.82600       2.03330      -0.22535       1.12480       1.62330             -
LEU_470 24                   (FM)      -3.28000      -1.05200       1.24330      -0.19535       0.81480       1.97330      -0.21535
LEU_471 -                       -             -             -             -             -             -             -             -
GLU_472 -                       -             -             -             -             -             -             -             -
ALA_473 110                   (M)      -0.01000      -0.53200      -0.21670      -0.06535      -0.11520       0.62330       0.22465
LYS_474 275                   (M)       2.49000      -0.17900       0.03330      -0.82535      -0.71520      -0.23670      -0.08535
PRO_475 -                       -             -             -             -             -             -             -             -
