(K4)CA-N-HN(M)     56.060    121.000      8.129
(E7)CA-N-HN(M)     58.000    121.400      8.318
(F8)CA-N-HN(M)     59.620    121.100      8.038
(Y9)CA-N-HN(M)     59.750    119.500      7.891
(Y16)CA-N-HN(L)     53.940    121.800      8.179
(L21)CA-N-HN(L)     53.360    128.800      8.719
(S26)CA-N-HN(L)     63.480    113.100      8.049
(E29)CA-N-HN(M)     59.320    127.100      8.793
(H32)CA-N-HN(M)     59.110    116.700      7.655
(K33)CA-N-HN(M)     58.980    116.700      7.699
(E34)CA-N-HN(M)     58.700    118.300      7.321
(V35)CA-N-HN(M)     65.830    122.400      8.478
(Q36)CA-N-HN(M)     59.330    118.700      8.169
(F39)CA-N-HN(M)     53.150    117.300      7.873
(H45)CA-N-HN(L)     53.030    120.000      6.965
(F49)CA-N-HN(L)     55.620    120.800      7.732
(V53)CA-N-HN(L)     59.410    119.400      8.206
(K58)CA-N-HN(L)     56.130    120.100      8.314
(L60)CA-N-HN(L)     54.160    121.300      7.337
(L61)CA-N-HN(M)     52.300    123.100      8.332
(T62)CA-N-HN(M)     59.770    120.800      9.335
(V64)CA-N-HN(L)     60.470    120.300      8.882
(R66)CA-N-HN(L)     52.500    122.600      8.291
(L83)CA-N-HN(L)     52.790    122.700      7.419
(V86)CA-N-HN(M)     60.610    126.300      8.771
(W88)CA-N-HN(M)     53.810    114.800      7.269
(V90)CA-N-HN(L)     61.050    121.600      7.751
(K91)CA-N-HN(L)     57.920    127.200      8.642
(N94)CA-N-HN(L)     54.030    117.800      9.307
(I95)CA-N-HN(L)     60.150    121.900      8.229
(K96)CA-N-HN(M)     54.690    129.400      9.092
(H97)CA-N-HN(L)     56.520    122.400      8.554
(E99)CA-N-HN(L)     54.300    116.000      8.370
(I102)CA-N-HN(F)     63.040    117.300      8.074
(A103)CA-N-HN(F)     54.780    125.100      7.437
(A105)CA-N-HN(L)     54.660    121.700      7.566
(C106)CA-N-HN(M)     64.980    115.600      7.985
(K111)CA-N-HN(L)     58.650    116.500      7.430
(D114)CA-N-HN(L)     55.130    121.400      7.836
(Y115)CA-N-HN(L)     64.300    121.400      7.912
(I118)CA-N-HN(L)     63.800    124.900      8.728
(A129)CA-N-HN(L)     51.910    125.000      7.826
(K130)CA-N-HN(M)     59.540    121.800      7.919
(E131)CA-N-HN(M)     58.610    120.900      7.922
(A133)CA-N-HN(F)     52.810    122.900      7.742
(D136)CA-N-HN(M)     54.190    120.800      8.145
(A137)CA-N-HN(M)     52.000    123.800      7.817
(V138)CA-N-HN(M)     59.610    121.300      7.850
(L140)CA-N-HN(L)     54.400    119.300      8.406
(D145)CA-N-HN(L)     54.030    112.500      8.311
(F146)CA-N-HN(M)     55.390    121.300      7.667
(R148)CA-N-HN(M)     59.110    117.900      7.555
(G152)CA-N-HN(L)     45.710    104.600      7.108
(S153)CA-N-HN(M)     58.200    109.100      7.105
(Y155)CA-N-HN(M)     55.790    122.700      8.097
(G157)CA-N-HN(L)     45.150    109.500      7.732
(Q158)CA-N-HN(M)     55.520    120.300      8.282
(D159)CA-N-HN(M)     54.280    121.500      8.339
(E160)CA-N-HN(M)     56.590    121.500      8.166
(V161)CA-N-HN(L)     62.130    121.000      7.945
(D162)CA-N-HN(M)     53.860    124.300      8.215
(I163)CA-N-HN(M)     61.790    122.200      7.959
(K164)CA-N-HN(M)     58.690    121.600      8.015
(A167)CA-N-HN(M)     49.070    118.000      6.915
(A168)CA-N-HN(M)     49.920    122.300      6.224
(Y169)CA-N-HN(L)     59.070    118.400      7.618
(T172)CA-N-HN(L)     59.690    113.700      7.673
(L173)CA-N-HN(M)     56.160    119.400      8.459
(F176)CA-N-HN(L)     57.210    125.900      8.706
(D178)CA-N-HN(M)     49.000    122.500      8.023
(Q180)CA-N-HN(L)     57.140    116.400      7.920
(M182)CA-N-HN(M)     51.770    125.800      7.936
(Y184)CA-N-HN(M)     56.200    117.200      7.710
(L185)CA-N-HN(M)     54.470    123.000      7.516
(K186)CA-N-HN(M)     56.180    116.300      8.520
(Y190)CA-N-HN(L)     55.230    123.000      8.184
(G192)CA-N-HN(L)     44.890    116.800      8.745
(S199)CA-N-HN(L)     58.040    119.400      7.348
(L206)CA-N-HN(L)     56.340    119.400      8.614
(D208)CA-N-HN(L)     53.500    124.400      6.889
(S210)CA-N-HN(M)     57.520    117.800      8.259
(A211)CA-N-HN(L)     52.100    129.200      7.942
(Y215)CA-N-HN(L)     57.910    126.100      8.261
(S216)CA-N-HN(L)     57.450    118.300      8.738
(Y217)CA-N-HN(M)     56.200    123.700      8.477
(E220)CA-N-HN(L)     56.340    121.700      8.265
(E223)CA-N-HN(M)     56.370    122.300      8.599
(E224)CA-N-HN(M)     55.950    122.500      8.395
(E225)CA-N-HN(M)     55.980    122.800      8.344
(S226)CA-N-HN(M)     57.520    118.500      8.260
(S230)CA-N-HN(L)     58.860    116.700      8.160
(L232)CA-N-HN(M)     55.940    122.900      7.776
(G234)CA-N-HN(M)     44.670    110.500      8.151
(R235)CA-N-HN(M)     54.550    121.000      7.974
(D236)CA-N-HN(L)     52.240    124.800      8.484
(D238)CA-N-HN(L)     54.340    120.200      8.270
(G243)CA-N-HN(L)     44.760    112.900      8.374
(F244)CA-N-HN(M)     55.070    120.300      8.140
(I246)CA-N-HN(L)     61.010    118.200      8.114
(T252)CA-N-HN(L)     58.940    109.700      6.430
(L255)CA-N-HN(L)     54.670    118.000      7.270
(A256)CA-N-HN(L)     50.700    123.600      8.189
(I257)CA-N-HN(M)     61.120    119.400      8.239
(D263)CA-N-HN(L)     53.170    123.400      8.299
(L268)CA-N-HN(L)     56.340    126.600      8.414
(D269)CA-N-HN(L)     52.860    121.200      6.594
(T274)CA-N-HN(M)     62.280    121.900      8.274
(L280)CA-N-HN(F)     56.050    121.500      8.211
(A281)CA-N-HN(F)     51.940    126.100      8.013
(F287)CA-N-HN(L)     57.910    117.100      8.078
(A294)CA-N-HN(M)     49.460    127.500      7.930
(E295)CA-N-HN(M)     56.530    122.800      8.922
(C296)CA-N-HN(L)     58.310    123.000      8.775
(G299)CA-N-HN(F)     44.960    114.500      8.142
(T300)CA-N-HN(F)     58.300    115.600      7.822
(Y303)CA-N-HN(L)     61.640    118.900      7.762
(C308)CA-N-HN(L)     62.070    112.300      7.421
(L312)CA-N-HN(L)     61.630    106.100      7.418
(N314)CA-N-HN(M)     51.990    112.000      6.971
(V315)CA-N-HN(M)     61.480    120.100      7.285
(C316)CA-N-HN(L)     59.680    126.200      8.587
(D317)CA-N-HN(M)     54.000    124.400      8.387
(D318)CA-N-HN(L)     55.340    121.600      7.761
(D320)CA-N-HN(L)     55.530    123.500      8.284
(V324)CA-N-HN(F)     61.750    121.800      8.078
(L326)CA-N-HN(L)     53.350    131.400      9.076
(S328)CA-N-HN(L)     59.560    123.200      7.823
(A332)CA-N-HN(M)     55.240    117.600      8.672
(V333)CA-N-HN(M)     64.890    119.800      7.014
(K335)CA-N-HN(M)     59.770    121.600      8.741
(E338)CA-N-HN(L)     59.140    128.200      8.732
(V344)CA-N-HN(L)     54.380    120.500      8.755
(F346)CA-N-HN(L)     54.590    119.800      8.228
(L349)CA-N-HN(L)     59.170    125.500      8.314
(N357)CA-N-HN(L)     53.210    117.500      7.936
(Y359)CA-N-HN(L)     52.690    118.700      7.795
(K361)CA-N-HN(L)     56.790    125.100      7.593
(M370)CA-N-HN(M)     59.690    119.400      9.189
(A371)CA-N-HN(L)     53.430    123.000      7.850
(Q372)CA-N-HN(L)     57.530    121.300      7.554
(L373)CA-N-HN(M)     57.200    119.000      8.319
(W377)CA-N-HN(L)     59.140    122.100      7.666
(K378)CA-N-HN(L)     59.370    121.200      7.736
(G382)CA-N-HN(M)     46.730    106.900      7.096
(V383)CA-N-HN(M)     66.500    125.900      7.894
(T384)CA-N-HN(L)     55.670    113.600      7.891
(V387)CA-N-HN(L)     53.020    121.200      7.790
(H389)CA-N-HN(F)     59.340    117.600      8.106
(R393)CA-N-HN(L)     57.300    124.200      7.414
(V398)CA-N-HN(L)     65.650    126.000      8.651
(L405)CA-N-HN(M)     57.790    118.100      8.353
(T406)CA-N-HN(M)     66.000    113.500      8.406
(A407)CA-N-HN(L)     55.220    114.200      8.524
(I408)CA-N-HN(M)     62.170    116.500      8.218
(L409)CA-N-HN(M)     60.480    127.800      9.284
(S411)CA-N-HN(M)     60.140    112.400      8.560
(T413)CA-N-HN(M)     66.690    117.400      8.496
(N417)CA-N-HN(L)     55.730    118.700      8.109
(R419)CA-N-HN(L)     58.030    119.600      8.152
(R425)CA-N-HN(L)     54.120    122.100      7.795
(R429)CA-N-HN(L)     54.490    123.800      8.099
(R432)CA-N-HN(L)     57.460    112.800      7.583
(A436)CA-N-HN(L)     51.140    116.800      8.733
(D437)CA-N-HN(L)     53.210    117.500      7.936
(K439)CA-N-HN(L)     54.760    121.900      7.035
(Y445)CA-N-HN(L)     55.400    121.800      8.148
(D450)CA-N-HN(L)     54.050    126.200      8.741
(A451)CA-N-HN(M)     52.560    129.900      8.426
(S452)CA-N-HN(M)     59.320    115.100      8.626
(M453)CA-N-HN(M)     49.500    121.600      6.790
(F457)CA-N-HN(L)     52.690    117.700      8.182
(I462)CA-N-HN(M)     64.210    123.300      8.107
(V463)CA-N-HN(F)     66.990    119.500      8.551
(S464)CA-N-HN(H)     61.460    114.500      7.999
(E465)CA-N-HN(H)     58.750    123.600      7.787
(L466)CA-N-HN(H)     57.450    120.400      8.023
(R467)CA-N-HN(F)     59.230    118.100      8.421
(G468)CA-N-HN(H)     46.150    105.300      7.783
(Q469)CA-N-HN(H)     57.370    120.200      7.584
(L470)CA-N-HN(F)     55.870    120.000      7.348
(A473)CA-N-HN(M)     51.760    125.100      7.938
(K474)CA-N-HN(M)     53.510    123.200      8.071
(1)CA-N-HN     43.330    108.000      2.881
(2)CA-N-HN     58.540    113.900      5.668
(5)CA-N-HN     56.700    120.000      6.312
(7)CA-N-HN     62.940    110.100      6.218
(8)CA-N-HN     52.650    128.300      6.918
(9)CA-N-HN     52.560    125.600      7.065
(13)CA-N-HN     56.770    122.100      7.010
(15)CA-N-HN     56.720    122.700      7.199
(18)CA-N-HN     58.480    122.800      7.375
(19)CA-N-HN     54.330    123.800      7.463
(21)CA-N-HN     58.560    121.300      7.320
(22)CA-N-HN     57.320    120.600      7.309
(25)CA-N-HN     64.290    120.600      7.377
(28)CA-N-HN     58.350    117.900      7.325
(32)CA-N-HN     58.060    119.000      6.834
(33)CA-N-HN     64.340    118.900      6.735
(35)CA-N-HN     58.010    117.200      6.870
(37)CA-N-HN     55.410    117.600      6.959
(38)CA-N-HN     53.350    115.400      6.756
(43)CA-N-HN     53.560    125.400      7.540
(45)CA-N-HN     55.180    124.400      7.557
(47)CA-N-HN     64.410    123.700      7.643
(48)CA-N-HN     60.810    127.600      7.875
(51)CA-N-HN     54.740    129.300      8.162
(53)CA-N-HN     57.730    130.500      8.660
(54)CA-N-HN     56.680    131.300      8.845
(55)CA-N-HN     54.990    130.500      8.906
(58)CA-N-HN     53.060    132.200      9.172
(59)CA-N-HN     57.840    128.300      8.753
(62)CA-N-HN     53.440    128.600      8.398
(64)CA-N-HN     52.370    128.700      9.231
(66)CA-N-HN     52.490    127.200      9.434
(67)CA-N-HN     55.820    126.700      9.341
(68)CA-N-HN     55.340    127.300      8.949
(69)CA-N-HN     57.520    128.400      8.666
(70)CA-N-HN     49.770    128.200      8.312
(71)CA-N-HN     53.180    127.900      8.471
(72)CA-N-HN     56.700    127.700      8.677
(74)CA-N-HN     55.650    126.700      8.834
(78)CA-N-HN     54.200    127.300      8.511
(79)CA-N-HN     59.310    126.900      8.563
(81)CA-N-HN     56.820    126.400      8.510
(85)CA-N-HN     55.390    126.400      8.585
(86)CA-N-HN     60.470    125.600      9.006
(87)CA-N-HN     54.480    124.100      9.294
(88)CA-N-HN     65.630    124.700      8.605
(90)CA-N-HN     51.600    121.800      9.330
(92)CA-N-HN     57.100    122.000      9.113
(93)CA-N-HN     56.490    123.300      8.968
(94)CA-N-HN     55.440    123.400      8.944
(95)CA-N-HN     54.050    123.200      8.880
(98)CA-N-HN     56.120    123.800      8.819
(99)CA-N-HN     59.000    123.800      8.776
(100)CA-N-HN     55.930    124.000      8.775
(102)CA-N-HN     54.930    122.600      8.673
(103)CA-N-HN     59.020    121.900      8.962
(104)CA-N-HN     55.710    126.700      8.164
(107)CA-N-HN     57.990    125.100      8.123
(109)CA-N-HN     53.900    125.000      8.229
(111)CA-N-HN     54.370    125.400      7.794
(113)CA-N-HN     51.870    124.400      7.735
(115)CA-N-HN     61.340    125.000      8.433
(117)CA-N-HN     61.700    120.000      9.116
(119)CA-N-HN     59.640    120.400      8.888
(121)CA-N-HN     54.870    121.900      8.711
(124)CA-N-HN     59.220    122.700      8.543
(127)CA-N-HN     60.250    122.000      8.559
(134)CA-N-HN     57.280    120.900      8.682
(136)CA-N-HN     66.610    119.900      8.691
(139)CA-N-HN     54.920    118.800      8.876
(140)CA-N-HN     57.620    117.900      9.125
(142)CA-N-HN     54.530    115.900      9.154
(144)CA-N-HN     57.220    118.000      8.970
(148)CA-N-HN     55.600    117.400      8.689
(151)CA-N-HN     54.040    116.100      8.724
(153)CA-N-HN     53.970    115.900      8.562
(154)CA-N-HN     57.310    117.100      8.615
(158)CA-N-HN     58.140    116.200      8.320
(159)CA-N-HN     52.690    117.100      8.313
(160)CA-N-HN     55.610    117.000      8.362
(161)CA-N-HN     53.770    117.500      8.388
(164)CA-N-HN     53.560    118.300      8.330
(165)CA-N-HN     58.970    118.500      8.286
(166)CA-N-HN     59.040    118.800      8.591
(170)CA-N-HN     59.160    119.800      8.454
(171)CA-N-HN     58.270    119.900      8.464
(173)CA-N-HN     59.370    118.800      8.335
(175)CA-N-HN     57.530    112.900      8.851
(176)CA-N-HN     56.430    112.400      8.776
(180)CA-N-HN     57.010    113.700      8.166
(183)CA-N-HN     42.910    114.500      8.058
(187)CA-N-HN     62.910    115.300      7.815
(188)CA-N-HN     60.840    114.800      7.801
(193)CA-N-HN     64.620    113.200      7.779
(197)CA-N-HN     43.740    110.600      8.240
(205)CA-N-HN     46.660    109.500      7.779
(207)CA-N-HN     45.190    109.400      7.655
(209)CA-N-HN     61.370    108.400      7.467
(212)CA-N-HN     44.640    109.200      6.977
(240)CA-N-HN     59.620    111.900      7.162
(244)CA-N-HN     58.620    120.000      7.442
(245)CA-N-HN     53.810    120.500      7.479
(246)CA-N-HN     54.030    121.000      7.533
(249)CA-N-HN     54.380    122.200      7.499
(251)CA-N-HN     51.740    123.300      7.535
(252)CA-N-HN     58.100    122.800      7.572
(255)CA-N-HN     54.880    123.600      7.892
(263)CA-N-HN     58.620    123.600      7.715
(264)CA-N-HN     56.250    121.900      8.454
(265)CA-N-HN     52.930    121.800      8.448
(266)CA-N-HN     56.010    122.800      8.410
(269)CA-N-HN     63.500    123.500      8.252
(273)CA-N-HN     65.500    123.600      8.134
(274)CA-N-HN     54.060    123.000      8.019
(281)CA-N-HN     55.880    122.700      8.302
(288)CA-N-HN     62.720    113.000      7.662
(292)CA-N-HN     60.830    117.000      7.315
(294)CA-N-HN     56.170    116.900      7.369
(295)CA-N-HN     58.490    117.900      7.395
(305)CA-N-HN     53.880    118.300      7.978
(306)CA-N-HN     59.500    118.100      7.860
(307)CA-N-HN     50.180    117.800      7.659
(313)CA-N-HN     54.010    120.500      7.647
(315)CA-N-HN     61.030    121.100      7.594
(319)CA-N-HN     58.140    120.000      7.743
(321)CA-N-HN     58.150    118.400      7.834
(323)CA-N-HN     53.790    118.800      8.016
(325)CA-N-HN     61.700    118.900      8.178
(329)CA-N-HN     50.950    119.600      8.140
(330)CA-N-HN     57.050    119.600      8.058
(331)CA-N-HN     54.060    119.500      7.968
(332)CA-N-HN     57.890    119.900      7.956
(335)CA-N-HN     66.760    120.400      8.309
(339)CA-N-HN     54.340    121.500      8.263
(342)CA-N-HN     53.950    121.300      8.168
(347)CA-N-HN     55.550    120.200      8.052
(350)CA-N-HN     60.010    122.000      8.143
(352)CA-N-HN     54.180    121.400      8.098
(354)CA-N-HN     56.830    121.800      8.050
(355)CA-N-HN     58.650    121.700      8.014
(357)CA-N-HN     62.050    121.400      8.004
(359)CA-N-HN     62.510    121.600      7.937
(363)CA-N-HN     52.450    120.700      7.923
(365)CA-N-HN     53.400    120.900      7.852
(367)CA-N-HN     60.200    120.000      7.787
(368)CA-N-HN     55.390    120.100      7.853
(369)CA-N-HN     55.120    120.300      7.714
(373)CA-N-HN     57.550    122.000      7.736
(380)CA-N-HN     56.300    120.700      7.710
(1000)CA-N-HN     56.180    115.300      6.730
(1003)CA-N-HN     52.390    126.200      8.234
(1004)CA-N-HN     52.050    124.600      8.352
(1007)CA-N-HN     59.130    118.500      8.215
(1009)CA-N-HN     62.710    122.000      8.214
(1010)CA-N-HN     54.080    120.700      8.086
(1011)CA-N-HN     50.660    108.400      7.483
(1015)CA-N-HN     44.970    110.300      8.249
(1018)CA-N-HN     60.720    122.100      8.097
(1020)CA-N-HN     48.340    106.500      8.121
(1028)CA-N-HN     56.750    120.800      7.815
(1029)CA-N-HN     66.290    121.300      7.874
(1031)CA-N-HN     59.550    122.000      7.849
(1034)CA-N-HN     57.380    122.100      8.034
(1036)CA-N-HN     57.630    122.000      7.920
(1041)CA-N-HN     56.260    114.200      7.939
(1043)CA-N-HN     52.100    123.800      8.259
(1044)CA-N-HN     57.540    115.800      7.621
(1046)CA-N-HN     54.600    124.100      8.189
(1047)CA-N-HN     53.480    121.600      8.869
(1048)CA-N-HN     44.630    116.000      7.552
(1049)CA-N-HN     61.100    114.900      7.308
(1050)CA-N-HN     54.090    117.300      7.495
(1051)CA-N-HN     53.390    132.100      7.855
(1054)CA-N-HN     56.620    128.500      7.893
(1055)CA-N-HN     56.320    129.000      7.750
(1061)CA-N-HN     56.530    124.200      7.744
(1062)CA-N-HN     55.720    127.400      7.856
(1063)CA-N-HN     57.850    121.200      8.226
(1067)CA-N-HN     59.220    123.200      7.658
(1068)CA-N-HN     57.630    123.300      7.700
(1071)CA-N-HN     54.910    124.300      7.892
(1072)CA-N-HN     43.320    115.900      7.198
(1073)CA-N-HN     53.100    116.500      8.171
(1080)CA-N-HN     53.830    119.400      8.067
(1081)CA-N-HN     58.610    120.100      7.861
(1083)CA-N-HN     61.200    122.100      7.941
(1085)CA-N-HN     53.860    121.800      7.748
(1087)CA-N-HN     55.660    122.900      8.102
(1088)CA-N-HN     55.120    122.500      8.087
(1093)CA-N-HN     54.030    122.600      8.288
(1096)CA-N-HN     62.170    112.000      7.337
(1097)CA-N-HN     61.830    111.900      7.100
(1098)CA-N-HN     43.880    110.700      8.346
(2001)CA-N-HN     52.060    125.900      7.822
(5011)CA-N-HN     56.600    118.300      7.699
