(K4)CB-N-HN(M)     31.560    121.000      8.129
(E7)CB-N-HN(M)     28.790    121.400      8.318
(F8)CB-N-HN(M)     38.480    121.100      8.038
(Y9)CB-N-HN(M)     37.580    119.500      7.891
(Y16)CB-N-HN(L)     43.320    121.800      8.179
(L21)CB-N-HN(L)     43.870    128.800      8.719
(S26)CB-N-HN(L)     68.460    113.100      8.049
(E29)CB-N-HN(M)     28.840    127.100      8.793
(H32)CB-N-HN(M)     30.520    116.700      7.655
(F39)CB-N-HN(M)     38.410    117.300      7.873
(H45)CB-N-HN(L)     32.390    120.000      6.965
(F49)CB-N-HN(L)     40.420    120.800      7.732
(D51)CB-N-HN(L)     40.400    121.400      9.459
(V53)CB-N-HN(L)     31.200    119.400      8.206
(K58)CB-N-HN(L)     32.000    120.100      8.314
(L61)CB-N-HN(M)     42.140    123.100      8.332
(T62)CB-N-HN(M)     68.640    120.800      9.335
(V64)CB-N-HN(L)     30.660    120.300      8.882
(R66)CB-N-HN(L)     31.980    122.600      8.291
(L83)CB-N-HN(L)     43.060    122.700      7.419
(V86)CB-N-HN(M)     30.720    126.300      8.771
(W88)CB-N-HN(M)     28.110    114.800      7.269
(V90)CB-N-HN(L)     32.400    121.600      7.751
(K91)CB-N-HN(L)     30.830    127.200      8.642
(N94)CB-N-HN(L)     40.260    117.800      9.307
(I95)CB-N-HN(L)     38.070    121.900      8.229
(K96)CB-N-HN(M)     33.330    129.400      9.092
(H97)CB-N-HN(L)     33.550    122.400      8.554
(E99)CB-N-HN(L)     30.220    116.000      8.370
(I102)CB-N-HN(F)     36.590    117.300      8.074
(A103)CB-N-HN(F)     17.890    125.100      7.437
(A105)CB-N-HN(L)     16.770    121.700      7.566
(C106)CB-N-HN(M)     26.570    115.600      7.985
(D114)CB-N-HN(L)     38.100    121.400      7.836
(Y115)CB-N-HN(L)     41.990    121.400      7.912
(K130)CB-N-HN(M)     31.520    121.800      7.919
(A133)CB-N-HN(F)     17.840    122.900      7.742
(D136)CB-N-HN(M)     40.410    120.800      8.145
(A137)CB-N-HN(M)     18.410    123.800      7.817
(V138)CB-N-HN(M)     31.490    121.300      7.850
(L140)CB-N-HN(L)     40.770    119.300      8.406
(F146)CB-N-HN(M)     38.310    121.300      7.667
(R148)CB-N-HN(M)     28.850    117.900      7.555
(S153)CB-N-HN(M)     71.810    109.100      7.105
(S154)CB-N-HN(L)     63.170    121.700      8.245
(Q158)CB-N-HN(M)     28.550    120.300      8.282
(D159)CB-N-HN(M)     40.500    121.500      8.339
(E160)CB-N-HN(M)     29.330    121.500      8.166
(V161)CB-N-HN(L)     31.820    121.000      7.945
(D162)CB-N-HN(M)     40.520    124.300      8.215
(I163)CB-N-HN(M)     37.470    122.200      7.959
(K164)CB-N-HN(M)     31.950    121.600      8.015
(A167)CB-N-HN(M)     20.140    118.000      6.915
(A168)CB-N-HN(M)     15.490    122.300      6.224
(Y169)CB-N-HN(L)     32.790    118.400      7.618
(L173)CB-N-HN(M)     41.700    119.400      8.459
(F176)CB-N-HN(L)     38.410    125.900      8.706
(D178)CB-N-HN(M)     41.100    122.500      8.023
(Q180)CB-N-HN(L)     27.470    116.400      7.920
(M182)CB-N-HN(M)     30.360    125.800      7.936
(Y184)CB-N-HN(M)     36.740    117.200      7.710
(L185)CB-N-HN(M)     41.340    123.000      7.516
(K186)CB-N-HN(M)     31.460    116.300      8.520
(Y190)CB-N-HN(L)     41.270    123.000      8.184
(V198)CB-N-HN(M)     32.910    118.100      7.572
(S199)CB-N-HN(L)     63.180    119.400      7.348
(L206)CB-N-HN(L)     42.490    119.400      8.614
(D208)CB-N-HN(L)     39.980    124.400      6.889
(S210)CB-N-HN(M)     63.460    117.800      8.259
(Y217)CB-N-HN(M)     29.420    123.700      8.477
(E220)CB-N-HN(L)     29.460    121.700      8.265
(E223)CB-N-HN(M)     29.310    122.300      8.599
(E225)CB-N-HN(M)     29.560    122.800      8.344
(S226)CB-N-HN(M)     63.430    118.500      8.260
(S230)CB-N-HN(L)     62.990    116.700      8.160
(L232)CB-N-HN(M)     41.080    122.900      7.776
(R235)CB-N-HN(M)     29.530    121.000      7.974
(D238)CB-N-HN(L)     40.420    120.200      8.270
(I246)CB-N-HN(L)     39.930    118.200      8.114
(L255)CB-N-HN(L)     41.660    118.000      7.270
(A256)CB-N-HN(L)     21.060    123.600      8.189
(I257)CB-N-HN(M)     35.720    119.400      8.239
(L268)CB-N-HN(L)     40.160    126.600      8.414
(D269)CB-N-HN(L)     41.460    121.200      6.594
(T274)CB-N-HN(M)     69.800    121.900      8.274
(L280)CB-N-HN(F)     29.320    121.500      8.211
(A281)CB-N-HN(F)     18.270    126.100      8.013
(A294)CB-N-HN(M)     22.140    127.500      7.930
(C296)CB-N-HN(L)     29.140    123.000      8.775
(T300)CB-N-HN(F)     64.350    115.600      7.822
(Y303)CB-N-HN(L)     31.970    118.900      7.762
(C308)CB-N-HN(L)     27.760    112.300      7.421
(L312)CB-N-HN(L)     39.030    106.100      7.418
(N314)CB-N-HN(M)     38.570    112.000      6.971
(V315)CB-N-HN(M)     31.190    120.100      7.285
(C316)CB-N-HN(L)     27.010    126.200      8.587
(D317)CB-N-HN(M)     40.280    124.400      8.387
(D318)CB-N-HN(L)     38.210    121.600      7.761
(D320)CB-N-HN(L)     41.210    123.500      8.284
(V324)CB-N-HN(F)     31.930    121.800      8.078
(L326)CB-N-HN(L)     41.970    131.400      9.076
(S328)CB-N-HN(L)     64.130    123.200      7.823
(A332)CB-N-HN(M)     17.690    117.600      8.672
(V333)CB-N-HN(M)     31.050    119.800      7.014
(K335)CB-N-HN(M)     32.220    121.600      8.741
(V344)CB-N-HN(L)     30.440    120.500      8.755
(F346)CB-N-HN(L)     40.350    119.800      8.228
(L349)CB-N-HN(L)     40.310    125.500      8.314
(N357)CB-N-HN(L)     38.390    117.500      7.936
(Y359)CB-N-HN(L)     38.630    118.700      7.795
(K361)CB-N-HN(L)     32.710    125.100      7.593
(D364)CB-N-HN(L)     41.000    120.500      7.714
(M370)CB-N-HN(M)     27.620    119.400      9.189
(A371)CB-N-HN(L)     17.060    123.000      7.850
(Q372)CB-N-HN(L)     27.020    121.300      7.554
(L373)CB-N-HN(M)     40.350    119.000      8.319
(A375)CB-N-HN(L)     17.360    122.000      7.822
(W377)CB-N-HN(L)     28.720    122.100      7.666
(V383)CB-N-HN(M)     29.950    125.900      7.894
(T384)CB-N-HN(L)     64.350    113.600      7.891
(V387)CB-N-HN(L)     33.240    121.200      7.790
(H389)CB-N-HN(F)     29.140    117.600      8.106
(R393)CB-N-HN(L)     29.820    124.200      7.414
(V398)CB-N-HN(L)     31.020    126.000      8.651
(R401)CB-N-HN(L)     31.500    120.500      7.747
(L405)CB-N-HN(M)     41.390    118.100      8.353
(T406)CB-N-HN(M)     68.360    113.500      8.406
(A407)CB-N-HN(L)     19.130    114.200      8.524
(L409)CB-N-HN(M)     40.650    127.800      9.284
(S411)CB-N-HN(M)     61.660    112.400      8.560
(A414)CB-N-HN(M)     16.760    123.700      7.921
(N417)CB-N-HN(L)     37.260    118.700      8.109
(R419)CB-N-HN(L)     27.170    119.600      8.152
(R425)CB-N-HN(L)     31.220    122.100      7.795
(R429)CB-N-HN(L)     28.690    123.800      8.099
(R432)CB-N-HN(L)     29.080    112.800      7.583
(D437)CB-N-HN(L)     38.390    117.500      7.936
(K439)CB-N-HN(L)     31.590    121.900      7.035
(D450)CB-N-HN(L)     40.790    126.200      8.741
(A451)CB-N-HN(M)     17.720    129.900      8.426
(S452)CB-N-HN(M)     63.090    115.100      8.626
(M453)CB-N-HN(M)     29.840    121.600      6.790
(F457)CB-N-HN(L)     39.910    117.700      8.182
(I462)CB-N-HN(M)     37.060    123.300      8.107
(V463)CB-N-HN(F)     30.290    119.500      8.551
(S464)CB-N-HN(H)     62.170    114.500      7.999
(E465)CB-N-HN(H)     28.430    123.600      7.787
(L466)CB-N-HN(H)     40.670    120.400      8.023
(R467)CB-N-HN(F)     29.170    118.100      8.421
(Q469)CB-N-HN(H)     28.440    120.200      7.584
(L470)CB-N-HN(F)     41.400    120.000      7.348
(A473)CB-N-HN(M)     18.330    125.100      7.938
(K474)CB-N-HN(M)     31.410    123.200      8.071
(2)CB-N-HN     68.120    113.900      5.668
(5)CB-N-HN     29.350    120.000      6.312
(8)CB-N-HN     32.520    128.300      6.918
(9)CB-N-HN     41.780    125.600      7.065
(15)CB-N-HN     63.290    122.700      7.199
(18)CB-N-HN     37.720    122.800      7.375
(19)CB-N-HN     19.060    123.800      7.463
(21)CB-N-HN     30.520    121.300      7.320
(28)CB-N-HN     28.990    117.900      7.325
(32)CB-N-HN     27.880    119.000      6.834
(35)CB-N-HN     64.200    117.200      6.870
(37)CB-N-HN     32.360    117.600      6.959
(43)CB-N-HN     35.150    125.400      7.540
(47)CB-N-HN     37.740    123.700      7.643
(48)CB-N-HN     32.810    127.600      7.875
(51)CB-N-HN     30.870    129.300      8.162
(53)CB-N-HN     39.680    130.500      8.660
(55)CB-N-HN     30.580    130.500      8.906
(58)CB-N-HN     39.630    132.200      9.172
(59)CB-N-HN     27.490    128.300      8.753
(62)CB-N-HN     41.520    128.600      8.398
(64)CB-N-HN     29.410    128.700      9.231
(66)CB-N-HN     17.750    127.200      9.434
(67)CB-N-HN     18.500    126.700      9.341
(68)CB-N-HN     39.990    127.300      8.949
(69)CB-N-HN     28.460    128.400      8.666
(70)CB-N-HN     18.850    128.200      8.312
(72)CB-N-HN     33.870    127.700      8.677
(74)CB-N-HN     36.960    126.700      8.834
(78)CB-N-HN     42.060    127.300      8.511
(79)CB-N-HN     39.420    126.900      8.563
(81)CB-N-HN     27.860    126.400      8.510
(85)CB-N-HN     40.470    126.400      8.585
(86)CB-N-HN     28.420    125.600      9.006
(87)CB-N-HN     29.350    124.100      9.294
(88)CB-N-HN     37.240    124.700      8.605
(90)CB-N-HN     38.410    121.800      9.330
(92)CB-N-HN     39.820    122.000      9.113
(93)CB-N-HN     40.290    123.300      8.968
(95)CB-N-HN     43.950    123.200      8.880
(98)CB-N-HN     29.600    123.800      8.819
(99)CB-N-HN     30.880    123.800      8.776
(100)CB-N-HN     30.630    124.000      8.775
(102)CB-N-HN     31.970    122.600      8.673
(103)CB-N-HN     33.870    121.900      8.962
(104)CB-N-HN     27.800    126.700      8.164
(107)CB-N-HN     40.660    125.100      8.123
(109)CB-N-HN     40.300    125.000      8.229
(111)CB-N-HN     40.310    125.400      7.794
(113)CB-N-HN     18.670    124.400      7.735
(115)CB-N-HN     36.130    125.000      8.433
(119)CB-N-HN     24.160    120.400      8.888
(121)CB-N-HN     29.390    121.900      8.711
(123)CB-N-HN     37.560    122.600      8.616
(124)CB-N-HN     28.640    122.700      8.543
(127)CB-N-HN     22.250    122.000      8.559
(139)CB-N-HN     34.660    118.800      8.876
(140)CB-N-HN     44.620    117.900      9.125
(148)CB-N-HN     36.560    117.400      8.689
(154)CB-N-HN     40.020    117.100      8.615
(158)CB-N-HN     43.510    116.200      8.320
(159)CB-N-HN     41.180    117.100      8.313
(160)CB-N-HN     40.260    117.000      8.362
(161)CB-N-HN     32.510    117.500      8.388
(164)CB-N-HN     33.140    118.300      8.330
(165)CB-N-HN     28.470    118.500      8.286
(170)CB-N-HN     33.330    119.800      8.454
(171)CB-N-HN     31.070    119.900      8.464
(173)CB-N-HN     30.350    118.800      8.335
(175)CB-N-HN     68.160    112.900      8.851
(176)CB-N-HN     65.790    112.400      8.776
(180)CB-N-HN     29.570    113.700      8.166
(187)CB-N-HN     27.410    115.300      7.815
(188)CB-N-HN     62.100    114.800      7.801
(193)CB-N-HN     30.690    113.200      7.779
(211)CB-N-HN     47.440    108.800      7.077
(240)CB-N-HN     72.110    111.900      7.162
(244)CB-N-HN     26.920    120.000      7.442
(245)CB-N-HN     40.240    120.500      7.479
(246)CB-N-HN     33.660    121.000      7.533
(249)CB-N-HN     17.540    122.200      7.499
(251)CB-N-HN     18.720    123.300      7.535
(252)CB-N-HN     28.360    122.800      7.572
(255)CB-N-HN     41.300    123.600      7.892
(263)CB-N-HN     28.480    123.600      7.715
(264)CB-N-HN     29.390    121.900      8.454
(266)CB-N-HN     29.600    122.800      8.410
(274)CB-N-HN     30.550    123.000      8.019
(279)CB-N-HN     42.110    123.100      8.128
(281)CB-N-HN     29.640    122.700      8.302
(288)CB-N-HN     27.510    113.000      7.662
(292)CB-N-HN     27.800    117.000      7.315
(295)CB-N-HN     27.240    117.900      7.395
(305)CB-N-HN     40.410    118.300      7.978
(306)CB-N-HN     30.480    118.100      7.860
(307)CB-N-HN     27.540    117.800      7.659
(313)CB-N-HN     17.310    120.500      7.647
(319)CB-N-HN     17.260    120.000      7.743
(321)CB-N-HN     26.910    118.400      7.834
(323)CB-N-HN     40.540    118.800      8.016
(325)CB-N-HN     32.940    118.900      8.178
(329)CB-N-HN     36.080    119.600      8.140
(330)CB-N-HN     37.170    119.600      8.058
(331)CB-N-HN     17.070    119.500      7.968
(332)CB-N-HN     28.870    119.900      7.956
(339)CB-N-HN     40.500    121.500      8.263
(342)CB-N-HN     40.610    121.300      8.168
(347)CB-N-HN     28.550    120.200      8.052
(350)CB-N-HN     38.040    122.000      8.143
(352)CB-N-HN     40.530    121.400      8.098
(354)CB-N-HN     29.320    121.800      8.050
(355)CB-N-HN     40.730    121.700      8.014
(359)CB-N-HN     40.700    121.600      7.937
(363)CB-N-HN     43.130    120.700      7.923
(365)CB-N-HN     40.670    120.900      7.852
(368)CB-N-HN     40.490    120.100      7.853
(380)CB-N-HN     29.270    120.700      7.710
(1005)CB-N-HN     72.670    115.500      6.893
(1011)CB-N-HN     69.410    108.400      7.483
(1028)CB-N-HN     30.010    120.800      7.815
(1034)CB-N-HN     18.280    122.100      8.034
(1038)CB-N-HN     44.450    122.400      8.128
(1041)CB-N-HN     28.150    114.200      7.939
(1044)CB-N-HN     31.030    115.800      7.621
(1046)CB-N-HN     29.200    124.100      8.189
(1047)CB-N-HN     42.140    121.600      8.869
(1050)CB-N-HN     32.330    117.300      7.495
(1051)CB-N-HN     19.330    132.100      7.855
(1054)CB-N-HN     32.940    128.500      7.893
(1055)CB-N-HN     42.280    129.000      7.750
(1061)CB-N-HN     32.870    124.200      7.744
(1062)CB-N-HN     41.520    127.400      7.856
(1063)CB-N-HN     32.230    121.200      8.226
(1067)CB-N-HN     39.120    123.200      7.658
(1068)CB-N-HN     64.180    123.300      7.700
(1073)CB-N-HN     38.460    116.500      8.171
(1085)CB-N-HN     63.970    121.800      7.748
(1087)CB-N-HN     38.060    122.900      8.102
(1088)CB-N-HN     41.380    122.500      8.087
(1089)CB-N-HN     42.630    123.100      8.077
(1090)CB-N-HN     33.170    122.900      8.304
(1093)CB-N-HN     40.460    122.600      8.288
(1096)CB-N-HN     27.360    112.000      7.337
(1097)CB-N-HN     26.760    111.900      7.100
(5011)CB-N-HN     38.380    118.300      7.699
