(K4)Cb-N-HN(M)     31.160    121.000      8.129
(E7)Cb-N-HN(M)     40.630    121.400      8.318
(F8)Cb-N-HN(M)     28.910    121.100      8.038
(Y9)Cb-N-HN(M)     38.410    119.500      7.891
(Y16)Cb-N-HN(L)     32.910    121.800      8.179
(L21)Cb-N-HN(L)     38.600    128.800      8.719
(S26)Cb-N-HN(L)     70.530    113.100      8.049
(E29)Cb-N-HN(M)     63.300    127.100      8.793
(H32)Cb-N-HN(M)     40.680    116.700      7.655
(E34)Cb-N-HN(M)     31.610    118.300      7.321
(F39)Cb-N-HN(M)     17.770    117.300      7.873
(H45)Cb-N-HN(L)     31.950    120.000      6.965
(F49)Cb-N-HN(L)     40.620    120.800      7.732
(D51)Cb-N-HN(L)     29.650    121.400      9.459
(V53)Cb-N-HN(L)     48.940    119.400      8.206
(L61)Cb-N-HN(M)     43.800    123.100      8.332
(T62)Cb-N-HN(M)     42.230    120.800      9.335
(R66)Cb-N-HN(L)     64.520    122.600      8.291
(L83)Cb-N-HN(L)     28.490    122.700      7.419
(V86)Cb-N-HN(M)     68.560    126.300      8.771
(W88)Cb-N-HN(M)     26.990    114.800      7.269
(V90)Cb-N-HN(L)     28.500    121.600      7.751
(K91)Cb-N-HN(L)     32.150    127.200      8.642
(N94)Cb-N-HN(L)     61.960    117.800      9.307
(I95)Cb-N-HN(L)     37.680    121.900      8.229
(K96)Cb-N-HN(M)     38.050    129.400      9.092
(H97)Cb-N-HN(L)     33.500    122.400      8.554
(E99)Cb-N-HN(L)     71.030    116.000      8.370
(A103)Cb-N-HN(F)     36.570    125.100      7.437
(A105)Cb-N-HN(L)     18.270    121.700      7.566
(K130)Cb-N-HN(M)     18.390    121.800      7.919
(E131)Cb-N-HN(M)     31.480    120.900      7.922
(A133)Cb-N-HN(F)     31.440    122.900      7.742
(D136)Cb-N-HN(M)     29.240    120.800      8.145
(A137)Cb-N-HN(M)     40.360    123.800      7.817
(V138)Cb-N-HN(M)     18.390    121.300      7.850
(L140)Cb-N-HN(L)     31.500    119.300      8.406
(F146)Cb-N-HN(M)     40.390    121.300      7.667
(G152)Cb-N-HN(L)     39.980    104.600      7.108
(S154)Cb-N-HN(L)     62.940    121.700      8.245
(Y155)Cb-N-HN(M)     62.960    122.700      8.097
(G157)Cb-N-HN(L)     40.520    109.500      7.732
(D159)Cb-N-HN(M)     28.550    121.500      8.339
(E160)Cb-N-HN(M)     40.520    121.500      8.166
(V161)Cb-N-HN(L)     29.330    121.000      7.945
(D162)Cb-N-HN(M)     31.880    124.300      8.215
(I163)Cb-N-HN(M)     40.640    122.200      7.959
(A168)Cb-N-HN(M)     19.950    122.300      6.224
(Y169)Cb-N-HN(L)     18.630    118.400      7.618
(L173)Cb-N-HN(M)     71.740    119.400      8.459
(D178)Cb-N-HN(M)     35.130    122.500      8.023
(Q180)Cb-N-HN(L)     31.030    116.400      7.920
(Y184)Cb-N-HN(M)     30.900    117.200      7.710
(L185)Cb-N-HN(M)     36.710    123.000      7.516
(Y190)Cb-N-HN(L)     31.200    123.000      8.184
(G192)Cb-N-HN(L)     61.580    116.800      8.745
(V198)Cb-N-HN(M)     18.540    118.100      7.572
(S199)Cb-N-HN(L)     32.870    119.400      7.348
(D208)Cb-N-HN(L)     33.950    124.400      6.889
(S210)Cb-N-HN(M)     29.450    117.800      8.259
(Y215)Cb-N-HN(L)     31.930    126.100      8.261
(S216)Cb-N-HN(L)     40.810    118.300      8.738
(Y217)Cb-N-HN(M)     63.440    123.700      8.477
(E220)Cb-N-HN(L)     27.980    121.700      8.265
(E223)Cb-N-HN(M)     33.830    122.300      8.599
(E224)Cb-N-HN(M)     29.290    122.500      8.395
(E225)Cb-N-HN(M)     29.720    122.800      8.344
(S226)Cb-N-HN(M)     29.390    118.500      8.260
(S230)Cb-N-HN(L)     40.230    116.700      8.160
(L232)Cb-N-HN(M)     29.270    122.900      7.776
(G234)Cb-N-HN(M)     29.330    110.500      8.151
(D236)Cb-N-HN(L)     29.540    124.800      8.484
(D238)Cb-N-HN(L)     31.040    120.200      8.270
(G243)Cb-N-HN(L)     31.900    112.900      8.374
(A256)Cb-N-HN(L)     40.680    123.600      8.189
(D269)Cb-N-HN(L)     40.030    121.200      6.594
(T274)Cb-N-HN(M)     16.750    121.900      8.274
(L280)Cb-N-HN(F)     41.120    121.500      8.211
(A281)Cb-N-HN(F)     29.330    126.100      8.013
(A294)Cb-N-HN(M)     29.320    127.500      7.930
(C296)Cb-N-HN(L)     30.950    123.000      8.775
(G299)Cb-N-HN(F)     54.330    114.500      8.142
(Y303)Cb-N-HN(L)     40.310    118.900      7.762
(C308)Cb-N-HN(L)     27.820    112.300      7.421
(N314)Cb-N-HN(M)     26.960    112.000      6.971
(V315)Cb-N-HN(M)     38.810    120.100      7.285
(C316)Cb-N-HN(L)     31.450    126.200      8.587
(D317)Cb-N-HN(M)     26.840    124.400      8.387
(D318)Cb-N-HN(L)     40.410    121.600      7.761
(D320)Cb-N-HN(L)     33.410    123.500      8.284
(V324)Cb-N-HN(F)     29.430    121.800      8.078
(L326)Cb-N-HN(L)     60.640    131.400      9.076
(S328)Cb-N-HN(L)     32.000    123.200      7.823
(A332)Cb-N-HN(M)     31.260    117.600      8.672
(V344)Cb-N-HN(L)     30.480    120.500      8.755
(F346)Cb-N-HN(L)     38.610    119.800      8.228
(L349)Cb-N-HN(L)     29.340    125.500      8.314
(N357)Cb-N-HN(L)     17.880    117.500      7.936
(K361)Cb-N-HN(L)     29.370    125.100      7.593
(M370)Cb-N-HN(M)     30.550    119.400      9.189
(Q372)Cb-N-HN(L)     18.490    121.300      7.554
(W377)Cb-N-HN(L)     38.540    122.100      7.666
(G382)Cb-N-HN(M)     28.270    106.900      7.096
(V383)Cb-N-HN(M)     28.950    125.900      7.894
(T384)Cb-N-HN(L)     32.620    113.600      7.891
(V387)Cb-N-HN(L)     18.250    121.200      7.790
(H389)Cb-N-HN(F)     38.920    117.600      8.106
(R393)Cb-N-HN(L)     31.880    124.200      7.414
(V398)Cb-N-HN(L)     31.830    126.000      8.651
(R401)Cb-N-HN(L)     28.900    120.500      7.747
(L405)Cb-N-HN(M)     36.650    118.100      8.353
(A407)Cb-N-HN(L)     66.360    114.200      8.524
(L409)Cb-N-HN(M)     35.540    127.800      9.284
(A414)Cb-N-HN(M)     68.160    123.700      7.921
(N417)Cb-N-HN(L)     27.210    118.700      8.109
(R419)Cb-N-HN(L)     41.320    119.600      8.152
(R425)Cb-N-HN(L)     18.260    122.100      7.795
(R429)Cb-N-HN(L)     64.720    123.800      8.099
(R432)Cb-N-HN(L)     17.720    112.800      7.583
(A436)Cb-N-HN(L)     28.880    116.800      8.733
(D437)Cb-N-HN(L)     17.880    117.500      7.936
(K439)Cb-N-HN(L)     31.080    121.900      7.035
(Y445)Cb-N-HN(L)     31.010    121.800      8.148
(D450)Cb-N-HN(L)     43.750    126.200      8.741
(M453)Cb-N-HN(M)     63.080    121.600      6.790
(F457)Cb-N-HN(L)     38.070    117.700      8.182
(I462)Cb-N-HN(M)     40.360    123.300      8.107
(S464)Cb-N-HN(H)     30.540    114.500      7.999
(R467)Cb-N-HN(F)     40.900    118.100      8.421
(G468)Cb-N-HN(H)     29.140    105.300      7.783
(L470)Cb-N-HN(F)     28.450    120.000      7.348
(A473)Cb-N-HN(M)     29.260    125.100      7.938
(K474)Cb-N-HN(M)     18.310    123.200      8.071
(1)Cb-N-HN     16.520    108.000      2.881
(2)Cb-N-HN     27.000    113.900      5.668
(5)Cb-N-HN     62.910    120.000      6.312
(15)Cb-N-HN     33.530    122.700      7.199
(18)Cb-N-HN     31.060    122.800      7.375
(19)Cb-N-HN     68.840    123.800      7.463
(21)Cb-N-HN     30.160    121.300      7.320
(32)Cb-N-HN     34.320    119.000      6.834
(35)Cb-N-HN     28.490    117.200      6.870
(37)Cb-N-HN     31.080    117.600      6.959
(43)Cb-N-HN     37.780    125.400      7.540
(47)Cb-N-HN     39.800    123.700      7.643
(51)Cb-N-HN     42.210    129.300      8.162
(55)Cb-N-HN     28.640    130.500      8.906
(58)Cb-N-HN     33.210    132.200      9.172
(59)Cb-N-HN     32.080    128.300      8.753
(64)Cb-N-HN     43.530    128.700      9.231
(66)Cb-N-HN     58.560    127.200      9.434
(67)Cb-N-HN     29.660    126.700      9.341
(68)Cb-N-HN     64.250    127.300      8.949
(69)Cb-N-HN     29.740    128.400      8.666
(70)Cb-N-HN     44.470    128.200      8.312
(71)Cb-N-HN     63.360    127.900      8.471
(72)Cb-N-HN     41.720    127.700      8.677
(74)Cb-N-HN     40.170    126.700      8.834
(78)Cb-N-HN     39.790    127.300      8.511
(79)Cb-N-HN     30.570    126.900      8.563
(81)Cb-N-HN     17.880    126.400      8.510
(85)Cb-N-HN     22.890    126.400      8.585
(87)Cb-N-HN     43.450    124.100      9.294
(88)Cb-N-HN     18.760    124.700      8.605
(90)Cb-N-HN     33.430    121.800      9.330
(92)Cb-N-HN     37.530    122.000      9.113
(95)Cb-N-HN     41.790    123.200      8.880
(98)Cb-N-HN     25.010    123.800      8.819
(100)Cb-N-HN     41.170    124.000      8.775
(103)Cb-N-HN     40.740    121.900      8.962
(104)Cb-N-HN     31.210    126.700      8.164
(109)Cb-N-HN     31.680    125.000      8.229
(111)Cb-N-HN     38.010    125.400      7.794
(113)Cb-N-HN     40.430    124.400      7.735
(115)Cb-N-HN     31.220    125.000      8.433
(123)Cb-N-HN     63.460    122.600      8.616
(153)Cb-N-HN     43.030    115.900      8.562
(154)Cb-N-HN     40.420    117.100      8.615
(158)Cb-N-HN     32.330    116.200      8.320
(159)Cb-N-HN     36.870    117.100      8.313
(161)Cb-N-HN     31.200    117.500      8.388
(165)Cb-N-HN     70.390    118.500      8.286
(170)Cb-N-HN     30.140    119.800      8.454
(173)Cb-N-HN     64.950    118.800      8.335
(175)Cb-N-HN     36.450    112.900      8.851
(176)Cb-N-HN     33.130    112.400      8.776
(180)Cb-N-HN     54.480    113.700      8.166
(183)Cb-N-HN     32.870    114.500      8.058
(187)Cb-N-HN     51.760    115.300      7.815
(188)Cb-N-HN     30.480    114.800      7.801
(197)Cb-N-HN     29.590    110.600      8.240
(205)Cb-N-HN     31.350    109.500      7.779
(207)Cb-N-HN     38.440    109.400      7.655
(212)Cb-N-HN     34.940    109.200      6.977
(240)Cb-N-HN     38.300    111.900      7.162
(244)Cb-N-HN     71.230    120.000      7.442
(245)Cb-N-HN     38.930    120.500      7.479
(246)Cb-N-HN     29.600    121.000      7.533
(249)Cb-N-HN     21.820    122.200      7.499
(251)Cb-N-HN     18.420    123.300      7.535
(252)Cb-N-HN     29.520    122.800      7.572
(255)Cb-N-HN     29.060    123.600      7.892
(263)Cb-N-HN     41.090    123.600      7.715
(264)Cb-N-HN     31.250    121.900      8.454
(266)Cb-N-HN     29.610    122.800      8.410
(274)Cb-N-HN     33.820    123.000      8.019
(279)Cb-N-HN     33.620    123.100      8.128
(281)Cb-N-HN     29.360    122.700      8.302
(288)Cb-N-HN     27.480    113.000      7.662
(292)Cb-N-HN     40.320    117.000      7.315
(305)Cb-N-HN     18.300    118.300      7.978
(306)Cb-N-HN     30.770    118.100      7.860
(319)Cb-N-HN     40.340    120.000      7.743
(321)Cb-N-HN     18.320    118.400      7.834
(323)Cb-N-HN     18.410    118.800      8.016
(325)Cb-N-HN     37.440    118.900      8.178
(330)Cb-N-HN     37.260    119.600      8.058
(331)Cb-N-HN     18.230    119.500      7.968
(332)Cb-N-HN     31.550    119.900      7.956
(339)Cb-N-HN     28.470    121.500      8.263
(342)Cb-N-HN     29.400    121.300      8.168
(352)Cb-N-HN     31.730    121.400      8.098
(354)Cb-N-HN     38.350    121.800      8.050
(355)Cb-N-HN     40.710    121.700      8.014
(357)Cb-N-HN     29.860    121.400      8.004
(359)Cb-N-HN     29.270    121.600      7.937
(365)Cb-N-HN     40.350    120.900      7.852
(368)Cb-N-HN     40.470    120.100      7.853
(380)Cb-N-HN     41.040    120.700      7.710
(1004)Cb-N-HN     29.850    124.600      8.352
(1009)Cb-N-HN     41.850    122.000      8.214
(1011)Cb-N-HN     32.380    108.400      7.483
(1015)Cb-N-HN     40.900    110.300      8.249
(1020)Cb-N-HN     29.450    106.500      8.121
(1031)Cb-N-HN     70.440    122.000      7.849
(1034)Cb-N-HN     63.130    122.100      8.034
(1043)Cb-N-HN     28.500    123.800      8.259
(1045)Cb-N-HN     31.280    124.700      8.444
(1046)Cb-N-HN     40.710    124.100      8.189
(1047)Cb-N-HN     29.350    121.600      8.869
(1050)Cb-N-HN     18.590    117.300      7.495
(1051)Cb-N-HN     63.200    132.100      7.855
(1054)Cb-N-HN     27.480    128.500      7.893
(1055)Cb-N-HN     30.960    129.000      7.750
(1060)Cb-N-HN     31.400    123.500      8.284
(1062)Cb-N-HN     29.680    127.400      7.856
(1063)Cb-N-HN     40.500    121.200      8.226
(1067)Cb-N-HN     18.270    123.200      7.658
(1072)Cb-N-HN     15.910    115.900      7.198
(1073)Cb-N-HN     31.630    116.500      8.171
(1079)Cb-N-HN     40.460    120.500      8.102
(1080)Cb-N-HN     18.280    119.400      8.067
(1085)Cb-N-HN     40.560    121.800      7.748
(1089)Cb-N-HN     42.980    123.100      8.077
(1093)Cb-N-HN     31.930    122.600      8.288
(1096)Cb-N-HN     27.400    112.000      7.337
(1097)Cb-N-HN     26.860    111.900      7.100
(1098)Cb-N-HN     29.570    110.700      8.346
(2001)Cb-N-HN     41.770    125.900      7.822
(2033)Cb-N-HN     18.620    121.300      7.341
