(K4)CA-N-HN(M)     56.060    121.000      8.129
(K4)CB-N-HN(M)     31.560    121.000      8.129
(K4)Co-N-HN(M)    177.000    121.000      8.129
(K4)Ca-N-HN(M)     63.200    121.000      8.129
(K4)Cb-N-HN(M)     31.160    121.000      8.129
(E7)CA-N-HN(M)     58.000    121.400      8.318
(E7)CB-N-HN(M)     28.790    121.400      8.318
(E7)Co-N-HN(M)    177.400    121.400      8.318
(E7)Ca-N-HN(M)     55.360    121.400      8.318
(E7)Cb-N-HN(M)     40.630    121.400      8.318
(F8)CA-N-HN(M)     59.620    121.100      8.038
(F8)CB-N-HN(M)     38.480    121.100      8.038
(F8)Co-N-HN(M)    177.500    121.100      8.038
(F8)Ca-N-HN(M)     57.950    121.100      8.038
(F8)Cb-N-HN(M)     28.910    121.100      8.038
(Y9)CA-N-HN(M)     59.750    119.500      7.891
(Y9)CB-N-HN(M)     37.580    119.500      7.891
(Y9)Co-N-HN(M)    176.700    119.500      7.891
(Y9)Ca-N-HN(M)     59.570    119.500      7.891
(Y9)Cb-N-HN(M)     38.410    119.500      7.891
(Y16)CA-N-HN(L)     53.940    121.800      8.179
(Y16)CB-N-HN(L)     43.320    121.800      8.179
(Y16)Co-N-HN(L)    175.900    121.800      8.179
(Y16)Ca-N-HN(L)     53.980    121.800      8.179
(Y16)Cb-N-HN(L)     32.910    121.800      8.179
(L21)CA-N-HN(L)     53.360    128.800      8.719
(L21)CB-N-HN(L)     43.870    128.800      8.719
(L21)Co-N-HN(L)    175.000    128.800      8.719
(L21)Ca-N-HN(L)     57.290    128.800      8.719
(L21)Cb-N-HN(L)     38.600    128.800      8.719
(S26)CA-N-HN(L)     63.480    113.100      8.049
(S26)CB-N-HN(L)     68.460    113.100      8.049
(S26)Co-N-HN(L)    176.200    113.100      8.049
(S26)Ca-N-HN(L)     56.520    113.100      8.049
(S26)Cb-N-HN(L)     70.530    113.100      8.049
(E29)CA-N-HN(M)     59.320    127.100      8.793
(E29)CB-N-HN(M)     28.840    127.100      8.793
(E29)Co-N-HN(M)    175.000    127.100      8.793
(E29)Ca-N-HN(M)     58.070    127.100      8.793
(E29)Cb-N-HN(M)     63.300    127.100      8.793
(H32)CA-N-HN(M)     59.110    116.700      7.655
(H32)CB-N-HN(M)     30.520    116.700      7.655
(H32)Co-N-HN(M)    178.100    116.700      7.655
(H32)Ca-N-HN(M)     56.720    116.700      7.655
(H32)Cb-N-HN(M)     40.680    116.700      7.655
(K33)CA-N-HN(M)     58.980    116.700      7.699
(K33)Co-N-HN(M)    178.200    116.700      7.699
(K33)Ca-N-HN(M)     59.050    116.700      7.699
(E34)CA-N-HN(M)     58.700    118.300      7.321
(E34)Co-N-HN(M)    178.900    118.300      7.321
(E34)Ca-N-HN(M)     58.810    118.300      7.321
(E34)Cb-N-HN(M)     31.610    118.300      7.321
(V35)CA-N-HN(M)     65.830    122.400      8.478
(V35)Co-N-HN(M)    179.600    122.400      8.478
(V35)Ca-N-HN(M)     58.590    122.400      8.478
(Q36)CA-N-HN(M)     59.330    118.700      8.169
(Q36)Co-N-HN(M)    176.800    118.700      8.169
(Q36)Ca-N-HN(M)     65.670    118.700      8.169
(F39)CA-N-HN(M)     53.150    117.300      7.873
(F39)CB-N-HN(M)     38.410    117.300      7.873
(F39)Co-N-HN(M)    178.100    117.300      7.873
(F39)Ca-N-HN(M)     52.770    117.300      7.873
(F39)Cb-N-HN(M)     17.770    117.300      7.873
(H45)CA-N-HN(L)     53.030    120.000      6.965
(H45)CB-N-HN(L)     32.390    120.000      6.965
(H45)Co-N-HN(L)    175.700    120.000      6.965
(H45)Ca-N-HN(L)     54.050    120.000      6.965
(H45)Cb-N-HN(L)     31.950    120.000      6.965
(F49)CA-N-HN(L)     55.620    120.800      7.732
(F49)CB-N-HN(L)     40.420    120.800      7.732
(F49)Co-N-HN(L)    174.600    120.800      7.732
(F49)Ca-N-HN(L)     53.770    120.800      7.732
(F49)Cb-N-HN(L)     40.620    120.800      7.732
(D51)CB-N-HN(L)     40.400    121.400      9.459
(D51)Co-N-HN(L)    175.400    121.400      9.459
(D51)Ca-N-HN(L)     54.090    121.400      9.459
(D51)Cb-N-HN(L)     29.650    121.400      9.459
(V53)CA-N-HN(L)     59.410    119.400      8.206
(V53)CB-N-HN(L)     31.200    119.400      8.206
(V53)Co-N-HN(L)    178.700    119.400      8.206
(V53)Ca-N-HN(L)     57.690    119.400      8.206
(V53)Cb-N-HN(L)     48.940    119.400      8.206
(K58)CA-N-HN(L)     56.130    120.100      8.314
(K58)CB-N-HN(L)     32.000    120.100      8.314
(K58)Co-N-HN(L)    173.100    120.100      8.314
(K58)Ca-N-HN(L)     43.450    120.100      8.314
(L60)CA-N-HN(L)     54.160    121.300      7.337
(L60)Co-N-HN(L)    175.400    121.300      7.337
(L60)Ca-N-HN(L)     52.990    121.300      7.337
(L61)CA-N-HN(M)     52.300    123.100      8.332
(L61)CB-N-HN(M)     42.140    123.100      8.332
(L61)Co-N-HN(M)    173.700    123.100      8.332
(L61)Ca-N-HN(M)     54.190    123.100      8.332
(L61)Cb-N-HN(M)     43.800    123.100      8.332
(T62)CA-N-HN(M)     59.770    120.800      9.335
(T62)CB-N-HN(M)     68.640    120.800      9.335
(T62)Co-N-HN(M)    178.000    120.800      9.335
(T62)Ca-N-HN(M)     52.250    120.800      9.335
(T62)Cb-N-HN(M)     42.230    120.800      9.335
(V64)CA-N-HN(L)     60.470    120.300      8.882
(V64)CB-N-HN(L)     30.660    120.300      8.882
(V64)Co-N-HN(L)    179.000    120.300      8.882
(R66)CA-N-HN(L)     52.500    122.600      8.291
(R66)CB-N-HN(L)     31.980    122.600      8.291
(R66)Co-N-HN(L)    173.100    122.600      8.291
(R66)Cb-N-HN(L)     64.520    122.600      8.291
(L83)CA-N-HN(L)     52.790    122.700      7.419
(L83)CB-N-HN(L)     43.060    122.700      7.419
(L83)Co-N-HN(L)    172.200    122.700      7.419
(L83)Ca-N-HN(L)     55.900    122.700      7.419
(L83)Cb-N-HN(L)     28.490    122.700      7.419
(V86)CA-N-HN(M)     60.610    126.300      8.771
(V86)CB-N-HN(M)     30.720    126.300      8.771
(V86)Co-N-HN(M)    177.200    126.300      8.771
(V86)Ca-N-HN(M)     61.590    126.300      8.771
(V86)Cb-N-HN(M)     68.560    126.300      8.771
(W88)CA-N-HN(M)     53.810    114.800      7.269
(W88)CB-N-HN(M)     28.110    114.800      7.269
(W88)Co-N-HN(M)    174.100    114.800      7.269
(W88)Ca-N-HN(M)     62.850    114.800      7.269
(W88)Cb-N-HN(M)     26.990    114.800      7.269
(V90)CA-N-HN(L)     61.050    121.600      7.751
(V90)CB-N-HN(L)     32.400    121.600      7.751
(V90)Co-N-HN(L)    174.600    121.600      7.751
(V90)Ca-N-HN(L)     62.590    121.600      7.751
(V90)Cb-N-HN(L)     28.500    121.600      7.751
(K91)CA-N-HN(L)     57.920    127.200      8.642
(K91)CB-N-HN(L)     30.830    127.200      8.642
(K91)Co-N-HN(L)    176.800    127.200      8.642
(K91)Ca-N-HN(L)     61.020    127.200      8.642
(K91)Cb-N-HN(L)     32.150    127.200      8.642
(N94)CA-N-HN(L)     54.030    117.800      9.307
(N94)CB-N-HN(L)     40.260    117.800      9.307
(N94)Co-N-HN(L)    172.400    117.800      9.307
(N94)Ca-N-HN(L)     55.410    117.800      9.307
(N94)Cb-N-HN(L)     61.960    117.800      9.307
(I95)CA-N-HN(L)     60.150    121.900      8.229
(I95)CB-N-HN(L)     38.070    121.900      8.229
(I95)Co-N-HN(L)    174.100    121.900      8.229
(I95)Ca-N-HN(L)     52.650    121.900      8.229
(I95)Cb-N-HN(L)     37.680    121.900      8.229
(K96)CA-N-HN(M)     54.690    129.400      9.092
(K96)CB-N-HN(M)     33.330    129.400      9.092
(K96)Co-N-HN(M)    175.400    129.400      9.092
(K96)Ca-N-HN(M)     60.050    129.400      9.092
(K96)Cb-N-HN(M)     38.050    129.400      9.092
(H97)CA-N-HN(L)     56.520    122.400      8.554
(H97)CB-N-HN(L)     33.550    122.400      8.554
(H97)Co-N-HN(L)    174.900    122.400      8.554
(H97)Ca-N-HN(L)     54.670    122.400      8.554
(H97)Cb-N-HN(L)     33.500    122.400      8.554
(E99)CA-N-HN(L)     54.300    116.000      8.370
(E99)CB-N-HN(L)     30.220    116.000      8.370
(E99)Co-N-HN(L)    172.800    116.000      8.370
(E99)Ca-N-HN(L)     50.840    116.000      8.370
(E99)Cb-N-HN(L)     71.030    116.000      8.370
(I102)CA-N-HN(F)     63.040    117.300      8.074
(I102)CB-N-HN(F)     36.590    117.300      8.074
(I102)Co-N-HN(F)    179.800    117.300      8.074
(I102)Ca-N-HN(F)     59.270    117.300      8.074
(A103)CA-N-HN(F)     54.780    125.100      7.437
(A103)CB-N-HN(F)     17.890    125.100      7.437
(A103)Co-N-HN(F)    177.800    125.100      7.437
(A103)Ca-N-HN(F)     63.110    125.100      7.437
(A103)Cb-N-HN(F)     36.570    125.100      7.437
(A105)CA-N-HN(L)     54.660    121.700      7.566
(A105)CB-N-HN(L)     16.770    121.700      7.566
(A105)Co-N-HN(L)    180.100    121.700      7.566
(A105)Ca-N-HN(L)     54.050    121.700      7.566
(A105)Cb-N-HN(L)     18.270    121.700      7.566
(C106)CA-N-HN(M)     64.980    115.600      7.985
(C106)CB-N-HN(M)     26.570    115.600      7.985
(C106)Co-N-HN(M)    179.300    115.600      7.985
(C106)Ca-N-HN(M)     54.530    115.600      7.985
(K111)CA-N-HN(L)     58.650    116.500      7.430
(K111)Co-N-HN(L)    178.100    116.500      7.430
(D114)CA-N-HN(L)     55.130    121.400      7.836
(D114)CB-N-HN(L)     38.100    121.400      7.836
(D114)Co-N-HN(L)    175.400    121.400      7.836
(D114)Ca-N-HN(L)     53.750    121.400      7.836
(Y115)CA-N-HN(L)     64.300    121.400      7.912
(Y115)CB-N-HN(L)     41.990    121.400      7.912
(Y115)Co-N-HN(L)    174.800    121.400      7.912
(Y115)Ca-N-HN(L)     55.110    121.400      7.912
(I118)CA-N-HN(L)     63.800    124.900      8.728
(I118)Co-N-HN(L)    180.000    124.900      8.728
(A129)CA-N-HN(L)     51.910    125.000      7.826
(A129)Co-N-HN(L)    178.800    125.000      7.826
(A129)Ca-N-HN(L)     54.130    125.000      7.826
(K130)CA-N-HN(M)     59.540    121.800      7.919
(K130)CB-N-HN(M)     31.520    121.800      7.919
(K130)Co-N-HN(M)    177.400    121.800      7.919
(K130)Ca-N-HN(M)     51.860    121.800      7.919
(K130)Cb-N-HN(M)     18.390    121.800      7.919
(E131)CA-N-HN(M)     58.610    120.900      7.922
(E131)Co-N-HN(M)    179.200    120.900      7.922
(E131)Cb-N-HN(M)     31.480    120.900      7.922
(A133)CA-N-HN(F)     52.810    122.900      7.742
(A133)CB-N-HN(F)     17.840    122.900      7.742
(A133)Co-N-HN(F)    177.300    122.900      7.742
(A133)Ca-N-HN(F)     56.880    122.900      7.742
(A133)Cb-N-HN(F)     31.440    122.900      7.742
(D136)CA-N-HN(M)     54.190    120.800      8.145
(D136)CB-N-HN(M)     40.410    120.800      8.145
(D136)Co-N-HN(M)    176.600    120.800      8.145
(D136)Ca-N-HN(M)     56.810    120.800      8.145
(D136)Cb-N-HN(M)     29.240    120.800      8.145
(A137)CA-N-HN(M)     52.000    123.800      7.817
(A137)CB-N-HN(M)     18.410    123.800      7.817
(A137)Co-N-HN(M)    175.900    123.800      7.817
(A137)Ca-N-HN(M)     54.170    123.800      7.817
(A137)Cb-N-HN(M)     40.360    123.800      7.817
(V138)CA-N-HN(M)     59.610    121.300      7.850
(V138)CB-N-HN(M)     31.490    121.300      7.850
(V138)Co-N-HN(M)    177.400    121.300      7.850
(V138)Ca-N-HN(M)     51.980    121.300      7.850
(V138)Cb-N-HN(M)     18.390    121.300      7.850
(L140)CA-N-HN(L)     54.400    119.300      8.406
(L140)CB-N-HN(L)     40.770    119.300      8.406
(L140)Co-N-HN(L)    176.600    119.300      8.406
(L140)Ca-N-HN(L)     62.890    119.300      8.406
(L140)Cb-N-HN(L)     31.500    119.300      8.406
(D145)CA-N-HN(L)     54.030    112.500      8.311
(D145)Co-N-HN(L)    176.300    112.500      8.311
(F146)CA-N-HN(M)     55.390    121.300      7.667
(F146)CB-N-HN(M)     38.310    121.300      7.667
(F146)Co-N-HN(M)    175.400    121.300      7.667
(F146)Ca-N-HN(M)     53.860    121.300      7.667
(F146)Cb-N-HN(M)     40.390    121.300      7.667
(R148)CA-N-HN(M)     59.110    117.900      7.555
(R148)CB-N-HN(M)     28.850    117.900      7.555
(R148)Co-N-HN(M)    178.600    117.900      7.555
(R148)Ca-N-HN(M)     61.950    117.900      7.555
(G152)CA-N-HN(L)     45.710    104.600      7.108
(G152)Co-N-HN(L)    175.700    104.600      7.108
(G152)Ca-N-HN(L)     56.170    104.600      7.108
(G152)Cb-N-HN(L)     39.980    104.600      7.108
(S153)CA-N-HN(M)     58.200    109.100      7.105
(S153)CB-N-HN(M)     71.810    109.100      7.105
(S153)Co-N-HN(M)    174.800    109.100      7.105
(S153)Ca-N-HN(M)     45.810    109.100      7.105
(S154)CB-N-HN(L)     63.170    121.700      8.245
(S154)Co-N-HN(L)    173.100    121.700      8.245
(S154)Cb-N-HN(L)     62.940    121.700      8.245
(Y155)CA-N-HN(M)     55.790    122.700      8.097
(Y155)Co-N-HN(M)    174.100    122.700      8.097
(Y155)Ca-N-HN(M)     57.970    122.700      8.097
(Y155)Cb-N-HN(M)     62.960    122.700      8.097
(G157)CA-N-HN(L)     45.150    109.500      7.732
(G157)Co-N-HN(L)    176.600    109.500      7.732
(G157)Ca-N-HN(L)     53.840    109.500      7.732
(G157)Cb-N-HN(L)     40.520    109.500      7.732
(Q158)CA-N-HN(M)     55.520    120.300      8.282
(Q158)CB-N-HN(M)     28.550    120.300      8.282
(Q158)Co-N-HN(M)    174.500    120.300      8.282
(Q158)Ca-N-HN(M)     44.940    120.300      8.282
(D159)CA-N-HN(M)     54.280    121.500      8.339
(D159)CB-N-HN(M)     40.500    121.500      8.339
(D159)Co-N-HN(M)    175.800    121.500      8.339
(D159)Cb-N-HN(M)     28.550    121.500      8.339
(E160)CA-N-HN(M)     56.590    121.500      8.166
(E160)CB-N-HN(M)     29.330    121.500      8.166
(E160)Co-N-HN(M)    173.700    121.500      8.166
(E160)Ca-N-HN(M)     54.230    121.500      8.166
(E160)Cb-N-HN(M)     40.520    121.500      8.166
(V161)CA-N-HN(L)     62.130    121.000      7.945
(V161)CB-N-HN(L)     31.820    121.000      7.945
(V161)Co-N-HN(L)    176.500    121.000      7.945
(V161)Ca-N-HN(L)     56.260    121.000      7.945
(V161)Cb-N-HN(L)     29.330    121.000      7.945
(D162)CA-N-HN(M)     53.860    124.300      8.215
(D162)CB-N-HN(M)     40.520    124.300      8.215
(D162)Co-N-HN(M)    175.800    124.300      8.215
(D162)Ca-N-HN(M)     61.980    124.300      8.215
(D162)Cb-N-HN(M)     31.880    124.300      8.215
(I163)CA-N-HN(M)     61.790    122.200      7.959
(I163)CB-N-HN(M)     37.470    122.200      7.959
(I163)Co-N-HN(M)    176.800    122.200      7.959
(I163)Ca-N-HN(M)     53.950    122.200      7.959
(I163)Cb-N-HN(M)     40.640    122.200      7.959
(K164)CA-N-HN(M)     58.690    121.600      8.015
(K164)CB-N-HN(M)     31.950    121.600      8.015
(K164)Co-N-HN(M)    174.500    121.600      8.015
(K164)Ca-N-HN(M)     61.690    121.600      8.015
(A167)CA-N-HN(M)     49.070    118.000      6.915
(A167)CB-N-HN(M)     20.140    118.000      6.915
(A167)Co-N-HN(M)    173.700    118.000      6.915
(A167)Ca-N-HN(M)     45.580    118.000      6.915
(A168)CA-N-HN(M)     49.920    122.300      6.224
(A168)CB-N-HN(M)     15.490    122.300      6.224
(A168)Co-N-HN(M)    174.800    122.300      6.224
(A168)Ca-N-HN(M)     49.050    122.300      6.224
(A168)Cb-N-HN(M)     19.950    122.300      6.224
(Y169)CA-N-HN(L)     59.070    118.400      7.618
(Y169)CB-N-HN(L)     32.790    118.400      7.618
(Y169)Co-N-HN(L)    176.200    118.400      7.618
(Y169)Ca-N-HN(L)     51.820    118.400      7.618
(Y169)Cb-N-HN(L)     18.630    118.400      7.618
(T172)CA-N-HN(L)     59.690    113.700      7.673
(T172)Co-N-HN(L)    176.300    113.700      7.673
(L173)CA-N-HN(M)     56.160    119.400      8.459
(L173)CB-N-HN(M)     41.700    119.400      8.459
(L173)Co-N-HN(M)    171.900    119.400      8.459
(L173)Ca-N-HN(M)     59.680    119.400      8.459
(L173)Cb-N-HN(M)     71.740    119.400      8.459
(F176)CA-N-HN(L)     57.210    125.900      8.706
(F176)CB-N-HN(L)     38.410    125.900      8.706
(F176)Ca-N-HN(L)     52.770    125.900      8.706
(D178)CA-N-HN(M)     49.000    122.500      8.023
(D178)CB-N-HN(M)     41.100    122.500      8.023
(D178)Co-N-HN(M)    172.100    122.500      8.023
(D178)Ca-N-HN(M)     53.520    122.500      8.023
(D178)Cb-N-HN(M)     35.130    122.500      8.023
(Q180)CA-N-HN(L)     57.140    116.400      7.920
(Q180)CB-N-HN(L)     27.470    116.400      7.920
(Q180)Co-N-HN(L)    177.900    116.400      7.920
(Q180)Ca-N-HN(L)     64.370    116.400      7.920
(Q180)Cb-N-HN(L)     31.030    116.400      7.920
(M182)CA-N-HN(M)     51.770    125.800      7.936
(M182)CB-N-HN(M)     30.360    125.800      7.936
(M182)Co-N-HN(M)    176.100    125.800      7.936
(M182)Ca-N-HN(M)     56.280    125.800      7.936
(Y184)CA-N-HN(M)     56.200    117.200      7.710
(Y184)CB-N-HN(M)     36.740    117.200      7.710
(Y184)Co-N-HN(M)    176.400    117.200      7.710
(Y184)Ca-N-HN(M)     63.080    117.200      7.710
(Y184)Cb-N-HN(M)     30.900    117.200      7.710
(L185)CA-N-HN(M)     54.470    123.000      7.516
(L185)CB-N-HN(M)     41.340    123.000      7.516
(L185)Co-N-HN(M)    175.300    123.000      7.516
(L185)Ca-N-HN(M)     56.170    123.000      7.516
(L185)Cb-N-HN(M)     36.710    123.000      7.516
(K186)CA-N-HN(M)     56.180    116.300      8.520
(K186)CB-N-HN(M)     31.460    116.300      8.520
(K186)Co-N-HN(M)    176.200    116.300      8.520
(K186)Ca-N-HN(M)     54.670    116.300      8.520
(Y190)CA-N-HN(L)     55.230    123.000      8.184
(Y190)CB-N-HN(L)     41.270    123.000      8.184
(Y190)Co-N-HN(L)    177.000    123.000      8.184
(Y190)Ca-N-HN(L)     62.620    123.000      8.184
(Y190)Cb-N-HN(L)     31.200    123.000      8.184
(G192)CA-N-HN(L)     44.890    116.800      8.745
(G192)Co-N-HN(L)    175.800    116.800      8.745
(G192)Ca-N-HN(L)     58.290    116.800      8.745
(G192)Cb-N-HN(L)     61.580    116.800      8.745
(V198)CB-N-HN(M)     32.910    118.100      7.572
(V198)Co-N-HN(M)    176.100    118.100      7.572
(V198)Ca-N-HN(M)     51.760    118.100      7.572
(V198)Cb-N-HN(M)     18.540    118.100      7.572
(S199)CA-N-HN(L)     58.040    119.400      7.348
(S199)CB-N-HN(L)     63.180    119.400      7.348
(S199)Co-N-HN(L)    174.100    119.400      7.348
(S199)Ca-N-HN(L)     60.840    119.400      7.348
(S199)Cb-N-HN(L)     32.870    119.400      7.348
(L206)CA-N-HN(L)     56.340    119.400      8.614
(L206)CB-N-HN(L)     42.490    119.400      8.614
(L206)Co-N-HN(L)    174.100    119.400      8.614
(L206)Ca-N-HN(L)     51.120    119.400      8.614
(D208)CA-N-HN(L)     53.500    124.400      6.889
(D208)CB-N-HN(L)     39.980    124.400      6.889
(D208)Co-N-HN(L)    175.000    124.400      6.889
(D208)Ca-N-HN(L)     61.350    124.400      6.889
(D208)Cb-N-HN(L)     33.950    124.400      6.889
(S210)CA-N-HN(M)     57.520    117.800      8.259
(S210)CB-N-HN(M)     63.460    117.800      8.259
(S210)Co-N-HN(M)    176.300    117.800      8.259
(S210)Ca-N-HN(M)     56.040    117.800      8.259
(S210)Cb-N-HN(M)     29.450    117.800      8.259
(A211)CA-N-HN(L)     52.100    129.200      7.942
(A211)Co-N-HN(L)    172.500    129.200      7.942
(A211)Ca-N-HN(L)     57.380    129.200      7.942
(Y215)CA-N-HN(L)     57.910    126.100      8.261
(Y215)Co-N-HN(L)    174.400    126.100      8.261
(Y215)Ca-N-HN(L)     57.920    126.100      8.261
(Y215)Cb-N-HN(L)     31.930    126.100      8.261
(S216)CA-N-HN(L)     57.450    118.300      8.738
(S216)Co-N-HN(L)    175.400    118.300      8.738
(S216)Ca-N-HN(L)     56.800    118.300      8.738
(S216)Cb-N-HN(L)     40.810    118.300      8.738
(Y217)CA-N-HN(M)     56.200    123.700      8.477
(Y217)CB-N-HN(M)     29.420    123.700      8.477
(Y217)Co-N-HN(M)    174.600    123.700      8.477
(Y217)Ca-N-HN(M)     57.500    123.700      8.477
(Y217)Cb-N-HN(M)     63.440    123.700      8.477
(E220)CA-N-HN(L)     56.340    121.700      8.265
(E220)CB-N-HN(L)     29.460    121.700      8.265
(E220)Co-N-HN(L)    173.800    121.700      8.265
(E220)Ca-N-HN(L)     58.580    121.700      8.265
(E220)Cb-N-HN(L)     27.980    121.700      8.265
(E223)CA-N-HN(M)     56.370    122.300      8.599
(E223)CB-N-HN(M)     29.310    122.300      8.599
(E223)Co-N-HN(M)    176.600    122.300      8.599
(E223)Ca-N-HN(M)     62.180    122.300      8.599
(E223)Cb-N-HN(M)     33.830    122.300      8.599
(E224)CA-N-HN(M)     55.950    122.500      8.395
(E224)Co-N-HN(M)    176.300    122.500      8.395
(E224)Ca-N-HN(M)     56.320    122.500      8.395
(E224)Cb-N-HN(M)     29.290    122.500      8.395
(E225)CA-N-HN(M)     55.980    122.800      8.344
(E225)CB-N-HN(M)     29.560    122.800      8.344
(E225)Co-N-HN(M)    176.300    122.800      8.344
(E225)Ca-N-HN(M)     55.790    122.800      8.344
(E225)Cb-N-HN(M)     29.720    122.800      8.344
(S226)CA-N-HN(M)     57.520    118.500      8.260
(S226)CB-N-HN(M)     63.430    118.500      8.260
(S226)Co-N-HN(M)    176.300    118.500      8.260
(S226)Ca-N-HN(M)     56.060    118.500      8.260
(S226)Cb-N-HN(M)     29.390    118.500      8.260
(S230)CA-N-HN(L)     58.860    116.700      8.160
(S230)CB-N-HN(L)     62.990    116.700      8.160
(S230)Co-N-HN(L)    176.700    116.700      8.160
(S230)Ca-N-HN(L)     53.910    116.700      8.160
(S230)Cb-N-HN(L)     40.230    116.700      8.160
(L232)CA-N-HN(M)     55.940    122.900      7.776
(L232)CB-N-HN(M)     41.080    122.900      7.776
(L232)Co-N-HN(M)    175.300    122.900      7.776
(L232)Ca-N-HN(M)     56.070    122.900      7.776
(L232)Cb-N-HN(M)     29.270    122.900      7.776
(G234)CA-N-HN(M)     44.670    110.500      8.151
(G234)Co-N-HN(M)    176.700    110.500      8.151
(G234)Ca-N-HN(M)     56.030    110.500      8.151
(G234)Cb-N-HN(M)     29.330    110.500      8.151
(R235)CA-N-HN(M)     54.550    121.000      7.974
(R235)CB-N-HN(M)     29.530    121.000      7.974
(R235)Co-N-HN(M)    173.500    121.000      7.974
(R235)Ca-N-HN(M)     44.660    121.000      7.974
(D236)CA-N-HN(L)     52.240    124.800      8.484
(D236)Co-N-HN(L)    175.600    124.800      8.484
(D236)Ca-N-HN(L)     54.540    124.800      8.484
(D236)Cb-N-HN(L)     29.540    124.800      8.484
(D238)CA-N-HN(L)     54.340    120.200      8.270
(D238)CB-N-HN(L)     40.420    120.200      8.270
(D238)Co-N-HN(L)    176.700    120.200      8.270
(D238)Ca-N-HN(L)     62.950    120.200      8.270
(D238)Cb-N-HN(L)     31.040    120.200      8.270
(G243)CA-N-HN(L)     44.760    112.900      8.374
(G243)Co-N-HN(L)    176.600    112.900      8.374
(G243)Ca-N-HN(L)     61.820    112.900      8.374
(G243)Cb-N-HN(L)     31.900    112.900      8.374
(F244)CA-N-HN(M)     55.070    120.300      8.140
(F244)Co-N-HN(M)    174.200    120.300      8.140
(F244)Ca-N-HN(M)     44.750    120.300      8.140
(I246)CA-N-HN(L)     61.010    118.200      8.114
(I246)CB-N-HN(L)     39.930    118.200      8.114
(I246)Co-N-HN(L)    176.600    118.200      8.114
(I246)Ca-N-HN(L)     54.760    118.200      8.114
(T252)CA-N-HN(L)     58.940    109.700      6.430
(L255)CA-N-HN(L)     54.670    118.000      7.270
(L255)CB-N-HN(L)     41.660    118.000      7.270
(L255)Co-N-HN(L)    172.500    118.000      7.270
(L255)Ca-N-HN(L)     45.090    118.000      7.270
(A256)CA-N-HN(L)     50.700    123.600      8.189
(A256)CB-N-HN(L)     21.060    123.600      8.189
(A256)Co-N-HN(L)    173.100    123.600      8.189
(A256)Ca-N-HN(L)     57.540    123.600      8.189
(A256)Cb-N-HN(L)     40.680    123.600      8.189
(I257)CA-N-HN(M)     61.120    119.400      8.239
(I257)CB-N-HN(M)     35.720    119.400      8.239
(I257)Co-N-HN(M)    176.500    119.400      8.239
(I257)Ca-N-HN(M)     50.730    119.400      8.239
(D263)CA-N-HN(L)     53.170    123.400      8.299
(D263)Co-N-HN(L)    171.100    123.400      8.299
(D263)Ca-N-HN(L)     44.080    123.400      8.299
(L268)CA-N-HN(L)     56.340    126.600      8.414
(L268)CB-N-HN(L)     40.160    126.600      8.414
(L268)Co-N-HN(L)    173.500    126.600      8.414
(L268)Ca-N-HN(L)     54.800    126.600      8.414
(D269)CA-N-HN(L)     52.860    121.200      6.594
(D269)CB-N-HN(L)     41.460    121.200      6.594
(D269)Co-N-HN(L)    174.700    121.200      6.594
(D269)Ca-N-HN(L)     56.120    121.200      6.594
(D269)Cb-N-HN(L)     40.030    121.200      6.594
(T274)CA-N-HN(M)     62.280    121.900      8.274
(T274)CB-N-HN(M)     69.800    121.900      8.274
(T274)Co-N-HN(M)    174.600    121.900      8.274
(T274)Ca-N-HN(M)     54.070    121.900      8.274
(T274)Cb-N-HN(M)     16.750    121.900      8.274
(H275)Co-N-HN(M)    174.900    122.300      8.310
(H275)Ca-N-HN(M)     62.330    122.300      8.310
(L280)CA-N-HN(F)     56.050    121.500      8.211
(L280)CB-N-HN(F)     29.320    121.500      8.211
(L280)Co-N-HN(F)    177.300    121.500      8.211
(L280)Ca-N-HN(F)     54.860    121.500      8.211
(L280)Cb-N-HN(F)     41.120    121.500      8.211
(A281)CA-N-HN(F)     51.940    126.100      8.013
(A281)CB-N-HN(F)     18.270    126.100      8.013
(A281)Co-N-HN(F)    175.900    126.100      8.013
(A281)Ca-N-HN(F)     56.090    126.100      8.013
(A281)Cb-N-HN(F)     29.330    126.100      8.013
(F287)CA-N-HN(L)     57.910    117.100      8.078
(F287)Co-N-HN(L)    176.100    117.100      8.078
(F287)Ca-N-HN(L)     55.050    117.100      8.078
(A294)CA-N-HN(M)     49.460    127.500      7.930
(A294)CB-N-HN(M)     22.140    127.500      7.930
(A294)Co-N-HN(M)    174.700    127.500      7.930
(A294)Ca-N-HN(M)     61.150    127.500      7.930
(A294)Cb-N-HN(M)     29.320    127.500      7.930
(E295)CA-N-HN(M)     56.530    122.800      8.922
(E295)Co-N-HN(M)    176.000    122.800      8.922
(E295)Ca-N-HN(M)     49.670    122.800      8.922
(C296)CA-N-HN(L)     58.310    123.000      8.775
(C296)CB-N-HN(L)     29.140    123.000      8.775
(C296)Co-N-HN(L)    176.100    123.000      8.775
(C296)Ca-N-HN(L)     54.360    123.000      8.775
(C296)Cb-N-HN(L)     30.950    123.000      8.775
(G299)CA-N-HN(F)     44.960    114.500      8.142
(G299)Co-N-HN(F)    176.100    114.500      8.142
(G299)Ca-N-HN(F)     69.380    114.500      8.142
(G299)Cb-N-HN(F)     54.330    114.500      8.142
(T300)CA-N-HN(F)     58.300    115.600      7.822
(T300)CB-N-HN(F)     64.350    115.600      7.822
(T300)Co-N-HN(F)    174.500    115.600      7.822
(T300)Ca-N-HN(F)     44.880    115.600      7.822
(Y303)CA-N-HN(L)     61.640    118.900      7.762
(Y303)CB-N-HN(L)     31.970    118.900      7.762
(Y303)Co-N-HN(L)    176.000    118.900      7.762
(Y303)Ca-N-HN(L)     53.690    118.900      7.762
(Y303)Cb-N-HN(L)     40.310    118.900      7.762
(C308)CA-N-HN(L)     62.070    112.300      7.421
(C308)CB-N-HN(L)     27.760    112.300      7.421
(C308)Co-N-HN(L)    180.200    112.300      7.421
(C308)Ca-N-HN(L)     62.110    112.300      7.421
(C308)Cb-N-HN(L)     27.820    112.300      7.421
(L312)CA-N-HN(L)     61.630    106.100      7.418
(L312)CB-N-HN(L)     39.030    106.100      7.418
(L312)Co-N-HN(L)    179.300    106.100      7.418
(L312)Ca-N-HN(L)     54.140    106.100      7.418
(N314)CA-N-HN(M)     51.990    112.000      6.971
(N314)CB-N-HN(M)     38.570    112.000      6.971
(N314)Co-N-HN(M)    176.400    112.000      6.971
(N314)Ca-N-HN(M)     57.420    112.000      6.971
(N314)Cb-N-HN(M)     26.960    112.000      6.971
(V315)CA-N-HN(M)     61.480    120.100      7.285
(V315)CB-N-HN(M)     31.190    120.100      7.285
(V315)Co-N-HN(M)    174.000    120.100      7.285
(V315)Ca-N-HN(M)     52.000    120.100      7.285
(V315)Cb-N-HN(M)     38.810    120.100      7.285
(C316)CA-N-HN(L)     59.680    126.200      8.587
(C316)CB-N-HN(L)     27.010    126.200      8.587
(C316)Co-N-HN(L)    175.700    126.200      8.587
(C316)Ca-N-HN(L)     61.480    126.200      8.587
(C316)Cb-N-HN(L)     31.450    126.200      8.587
(D317)CA-N-HN(M)     54.000    124.400      8.387
(D317)CB-N-HN(M)     40.280    124.400      8.387
(D317)Co-N-HN(M)    174.800    124.400      8.387
(D317)Ca-N-HN(M)     59.650    124.400      8.387
(D317)Cb-N-HN(M)     26.840    124.400      8.387
(D318)CA-N-HN(L)     55.340    121.600      7.761
(D318)CB-N-HN(L)     38.210    121.600      7.761
(D318)Co-N-HN(L)    175.400    121.600      7.761
(D318)Ca-N-HN(L)     53.750    121.600      7.761
(D318)Cb-N-HN(L)     40.410    121.600      7.761
(D320)CA-N-HN(L)     55.530    123.500      8.284
(D320)CB-N-HN(L)     41.210    123.500      8.284
(D320)Co-N-HN(L)    176.000    123.500      8.284
(D320)Ca-N-HN(L)     62.370    123.500      8.284
(D320)Cb-N-HN(L)     33.410    123.500      8.284
(V324)CA-N-HN(F)     61.750    121.800      8.078
(V324)CB-N-HN(F)     31.930    121.800      8.078
(V324)Co-N-HN(F)    176.200    121.800      8.078
(V324)Ca-N-HN(F)     55.770    121.800      8.078
(V324)Cb-N-HN(F)     29.430    121.800      8.078
(L326)CA-N-HN(L)     53.350    131.400      9.076
(L326)CB-N-HN(L)     41.970    131.400      9.076
(L326)Co-N-HN(L)    176.100    131.400      9.076
(L326)Ca-N-HN(L)     52.170    131.400      9.076
(L326)Cb-N-HN(L)     60.640    131.400      9.076
(S328)CA-N-HN(L)     59.560    123.200      7.823
(S328)CB-N-HN(L)     64.130    123.200      7.823
(S328)Co-N-HN(L)    175.300    123.200      7.823
(S328)Ca-N-HN(L)     54.950    123.200      7.823
(S328)Cb-N-HN(L)     32.000    123.200      7.823
(A332)CA-N-HN(M)     55.240    117.600      8.672
(A332)CB-N-HN(M)     17.690    117.600      8.672
(A332)Co-N-HN(M)    177.400    117.600      8.672
(A332)Ca-N-HN(M)     66.310    117.600      8.672
(A332)Cb-N-HN(M)     31.260    117.600      8.672
(V333)CA-N-HN(M)     64.890    119.800      7.014
(V333)CB-N-HN(M)     31.050    119.800      7.014
(V333)Co-N-HN(M)    181.300    119.800      7.014
(V333)Ca-N-HN(M)     55.100    119.800      7.014
(K335)CA-N-HN(M)     59.770    121.600      8.741
(K335)CB-N-HN(M)     32.220    121.600      8.741
(K335)Co-N-HN(M)    180.600    121.600      8.741
(K335)Ca-N-HN(M)     56.330    121.600      8.741
(E338)CA-N-HN(L)     59.140    128.200      8.732
(E338)Ca-N-HN(L)     48.720    128.200      8.732
(V344)CA-N-HN(L)     54.380    120.500      8.755
(V344)CB-N-HN(L)     30.440    120.500      8.755
(V344)Co-N-HN(L)    173.000    120.500      8.755
(V344)Ca-N-HN(L)     55.810    120.500      8.755
(V344)Cb-N-HN(L)     30.480    120.500      8.755
(F346)CA-N-HN(L)     54.590    119.800      8.228
(F346)CB-N-HN(L)     40.350    119.800      8.228
(F346)Co-N-HN(L)    174.500    119.800      8.228
(F346)Ca-N-HN(L)     52.680    119.800      8.228
(F346)Cb-N-HN(L)     38.610    119.800      8.228
(L349)CA-N-HN(L)     59.170    125.500      8.314
(L349)CB-N-HN(L)     40.310    125.500      8.314
(L349)Co-N-HN(L)    177.600    125.500      8.314
(L349)Ca-N-HN(L)     61.530    125.500      8.314
(L349)Cb-N-HN(L)     29.340    125.500      8.314
(N357)CA-N-HN(L)     53.210    117.500      7.936
(N357)CB-N-HN(L)     38.390    117.500      7.936
(N357)Co-N-HN(L)    178.100    117.500      7.936
(N357)Cb-N-HN(L)     17.880    117.500      7.936
(Y359)CA-N-HN(L)     52.690    118.700      7.795
(Y359)CB-N-HN(L)     38.630    118.700      7.795
(Y359)Co-N-HN(L)    175.500    118.700      7.795
(Y359)Ca-N-HN(L)     53.980    118.700      7.795
(K361)CA-N-HN(L)     56.790    125.100      7.593
(K361)CB-N-HN(L)     32.710    125.100      7.593
(K361)Co-N-HN(L)    177.200    125.100      7.593
(K361)Cb-N-HN(L)     29.370    125.100      7.593
(D364)CB-N-HN(L)     41.000    120.500      7.714
(D364)Co-N-HN(L)    174.200    120.500      7.714
(D364)Ca-N-HN(L)     62.720    120.500      7.714
(M370)CA-N-HN(M)     59.690    119.400      9.189
(M370)CB-N-HN(M)     27.620    119.400      9.189
(M370)Co-N-HN(M)    177.100    119.400      9.189
(M370)Ca-N-HN(M)     65.600    119.400      9.189
(M370)Cb-N-HN(M)     30.550    119.400      9.189
(A371)CA-N-HN(L)     53.430    123.000      7.850
(A371)CB-N-HN(L)     17.060    123.000      7.850
(A371)Co-N-HN(L)    177.700    123.000      7.850
(A371)Ca-N-HN(L)     59.740    123.000      7.850
(Q372)CA-N-HN(L)     57.530    121.300      7.554
(Q372)CB-N-HN(L)     27.020    121.300      7.554
(Q372)Co-N-HN(L)    177.900    121.300      7.554
(Q372)Ca-N-HN(L)     55.620    121.300      7.554
(Q372)Cb-N-HN(L)     18.490    121.300      7.554
(L373)CA-N-HN(M)     57.200    119.000      8.319
(L373)CB-N-HN(M)     40.350    119.000      8.319
(L373)Co-N-HN(M)    177.000    119.000      8.319
(L373)Ca-N-HN(M)     57.690    119.000      8.319
(A375)CB-N-HN(L)     17.360    122.000      7.822
(A375)Co-N-HN(L)    180.200    122.000      7.822
(W377)CA-N-HN(L)     59.140    122.100      7.666
(W377)CB-N-HN(L)     28.720    122.100      7.666
(W377)Co-N-HN(L)    178.300    122.100      7.666
(W377)Ca-N-HN(L)     55.610    122.100      7.666
(W377)Cb-N-HN(L)     38.540    122.100      7.666
(K378)CA-N-HN(L)     59.370    121.200      7.736
(K378)Co-N-HN(L)    179.500    121.200      7.736
(K378)Ca-N-HN(L)     59.160    121.200      7.736
(G382)CA-N-HN(M)     46.730    106.900      7.096
(G382)Co-N-HN(M)    177.600    106.900      7.096
(G382)Ca-N-HN(M)     60.410    106.900      7.096
(G382)Cb-N-HN(M)     28.270    106.900      7.096
(V383)CA-N-HN(M)     66.500    125.900      7.894
(V383)CB-N-HN(M)     29.950    125.900      7.894
(V383)Co-N-HN(M)    176.900    125.900      7.894
(V383)Ca-N-HN(M)     46.710    125.900      7.894
(V383)Cb-N-HN(M)     28.950    125.900      7.894
(T384)CA-N-HN(L)     55.670    113.600      7.891
(T384)CB-N-HN(L)     64.350    113.600      7.891
(T384)Co-N-HN(L)    177.300    113.600      7.891
(T384)Ca-N-HN(L)     57.900    113.600      7.891
(T384)Cb-N-HN(L)     32.620    113.600      7.891
(V387)CA-N-HN(L)     53.020    121.200      7.790
(V387)CB-N-HN(L)     33.240    121.200      7.790
(V387)Co-N-HN(L)    176.200    121.200      7.790
(V387)Ca-N-HN(L)     51.920    121.200      7.790
(V387)Cb-N-HN(L)     18.250    121.200      7.790
(H389)CA-N-HN(F)     59.340    117.600      8.106
(H389)CB-N-HN(F)     29.140    117.600      8.106
(H389)Co-N-HN(F)    179.500    117.600      8.106
(H389)Ca-N-HN(F)     56.960    117.600      8.106
(H389)Cb-N-HN(F)     38.920    117.600      8.106
(R393)CA-N-HN(L)     57.300    124.200      7.414
(R393)CB-N-HN(L)     29.820    124.200      7.414
(R393)Co-N-HN(L)    176.200    124.200      7.414
(R393)Ca-N-HN(L)     55.350    124.200      7.414
(R393)Cb-N-HN(L)     31.880    124.200      7.414
(V398)CA-N-HN(L)     65.650    126.000      8.651
(V398)CB-N-HN(L)     31.020    126.000      8.651
(V398)Co-N-HN(L)    178.100    126.000      8.651
(V398)Ca-N-HN(L)     62.830    126.000      8.651
(V398)Cb-N-HN(L)     31.830    126.000      8.651
(R401)CB-N-HN(L)     31.500    120.500      7.747
(R401)Co-N-HN(L)    178.300    120.500      7.747
(R401)Ca-N-HN(L)     57.820    120.500      7.747
(R401)Cb-N-HN(L)     28.900    120.500      7.747
(L405)CA-N-HN(M)     57.790    118.100      8.353
(L405)CB-N-HN(M)     41.390    118.100      8.353
(L405)Co-N-HN(M)    177.600    118.100      8.353
(L405)Ca-N-HN(M)     66.110    118.100      8.353
(L405)Cb-N-HN(M)     36.650    118.100      8.353
(T406)CA-N-HN(M)     66.000    113.500      8.406
(T406)CB-N-HN(M)     68.360    113.500      8.406
(T406)Co-N-HN(M)    178.900    113.500      8.406
(T406)Ca-N-HN(M)     57.930    113.500      8.406
(A407)CA-N-HN(L)     55.220    114.200      8.524
(A407)CB-N-HN(L)     19.130    114.200      8.524
(A407)Co-N-HN(L)    179.200    114.200      8.524
(A407)Cb-N-HN(L)     66.360    114.200      8.524
(I408)CA-N-HN(M)     62.170    116.500      8.218
(I408)Co-N-HN(M)    181.300    116.500      8.218
(I408)Ca-N-HN(M)     55.250    116.500      8.218
(L409)CA-N-HN(M)     60.480    127.800      9.284
(L409)CB-N-HN(M)     40.650    127.800      9.284
(L409)Co-N-HN(M)    177.600    127.800      9.284
(L409)Ca-N-HN(M)     62.060    127.800      9.284
(L409)Cb-N-HN(M)     35.540    127.800      9.284
(S411)CA-N-HN(M)     60.140    112.400      8.560
(S411)CB-N-HN(M)     61.660    112.400      8.560
(S411)Co-N-HN(M)    180.700    112.400      8.560
(S411)Ca-N-HN(M)     44.040    112.400      8.560
(T413)CA-N-HN(M)     66.690    117.400      8.496
(T413)Co-N-HN(M)    177.800    117.400      8.496
(T413)Ca-N-HN(M)     55.430    117.400      8.496
(A414)CB-N-HN(M)     16.760    123.700      7.921
(A414)Co-N-HN(M)    176.300    123.700      7.921
(A414)Ca-N-HN(M)     66.720    123.700      7.921
(A414)Cb-N-HN(M)     68.160    123.700      7.921
(N417)CA-N-HN(L)     55.730    118.700      8.109
(N417)CB-N-HN(L)     37.260    118.700      8.109
(N417)Co-N-HN(L)    178.100    118.700      8.109
(N417)Ca-N-HN(L)     57.140    118.700      8.109
(N417)Cb-N-HN(L)     27.210    118.700      8.109
(R419)CA-N-HN(L)     58.030    119.600      8.152
(R419)CB-N-HN(L)     27.170    119.600      8.152
(R419)Co-N-HN(L)    177.600    119.600      8.152
(R419)Ca-N-HN(L)     55.270    119.600      8.152
(R419)Cb-N-HN(L)     41.320    119.600      8.152
(R425)CA-N-HN(L)     54.120    122.100      7.795
(R425)CB-N-HN(L)     31.220    122.100      7.795
(R425)Co-N-HN(L)    176.600    122.100      7.795
(R425)Ca-N-HN(L)     62.900    122.100      7.795
(R425)Cb-N-HN(L)     18.260    122.100      7.795
(R429)CA-N-HN(L)     54.490    123.800      8.099
(R429)CB-N-HN(L)     28.690    123.800      8.099
(R429)Co-N-HN(L)    174.800    123.800      8.099
(R429)Ca-N-HN(L)     56.260    123.800      8.099
(R429)Cb-N-HN(L)     64.720    123.800      8.099
(R432)CA-N-HN(L)     57.460    112.800      7.583
(R432)CB-N-HN(L)     29.080    112.800      7.583
(R432)Co-N-HN(L)    179.200    112.800      7.583
(R432)Ca-N-HN(L)     54.750    112.800      7.583
(R432)Cb-N-HN(L)     17.720    112.800      7.583
(A436)CA-N-HN(L)     51.140    116.800      8.733
(A436)Co-N-HN(L)    176.500    116.800      8.733
(A436)Ca-N-HN(L)     61.440    116.800      8.733
(A436)Cb-N-HN(L)     28.880    116.800      8.733
(D437)CA-N-HN(L)     53.210    117.500      7.936
(D437)CB-N-HN(L)     38.390    117.500      7.936
(D437)Co-N-HN(L)    178.100    117.500      7.936
(D437)Cb-N-HN(L)     17.880    117.500      7.936
(K439)CA-N-HN(L)     54.760    121.900      7.035
(K439)CB-N-HN(L)     31.590    121.900      7.035
(K439)Co-N-HN(L)    174.300    121.900      7.035
(K439)Ca-N-HN(L)     54.080    121.900      7.035
(K439)Cb-N-HN(L)     31.080    121.900      7.035
(Y445)CA-N-HN(L)     55.400    121.800      8.148
(Y445)Co-N-HN(L)    176.600    121.800      8.148
(Y445)Ca-N-HN(L)     62.850    121.800      8.148
(Y445)Cb-N-HN(L)     31.010    121.800      8.148
(D450)CA-N-HN(L)     54.050    126.200      8.741
(D450)CB-N-HN(L)     40.790    126.200      8.741
(D450)Co-N-HN(L)    174.400    126.200      8.741
(D450)Ca-N-HN(L)     54.370    126.200      8.741
(D450)Cb-N-HN(L)     43.750    126.200      8.741
(A451)CA-N-HN(M)     52.560    129.900      8.426
(A451)CB-N-HN(M)     17.720    129.900      8.426
(A451)Co-N-HN(M)    176.500    129.900      8.426
(A451)Ca-N-HN(M)     53.820    129.900      8.426
(S452)CA-N-HN(M)     59.320    115.100      8.626
(S452)CB-N-HN(M)     63.090    115.100      8.626
(S452)Co-N-HN(M)    178.000    115.100      8.626
(S452)Ca-N-HN(M)     52.590    115.100      8.626
(M453)CA-N-HN(M)     49.500    121.600      6.790
(M453)CB-N-HN(M)     29.840    121.600      6.790
(M453)Co-N-HN(M)    173.500    121.600      6.790
(M453)Ca-N-HN(M)     59.270    121.600      6.790
(M453)Cb-N-HN(M)     63.080    121.600      6.790
(F457)CA-N-HN(L)     52.690    117.700      8.182
(F457)CB-N-HN(L)     39.910    117.700      8.182
(F457)Co-N-HN(L)    176.300    117.700      8.182
(F457)Ca-N-HN(L)     59.940    117.700      8.182
(F457)Cb-N-HN(L)     38.070    117.700      8.182
(I462)CA-N-HN(M)     64.210    123.300      8.107
(I462)CB-N-HN(M)     37.060    123.300      8.107
(I462)Cb-N-HN(M)     40.360    123.300      8.107
(V463)CA-N-HN(F)     66.990    119.500      8.551
(V463)CB-N-HN(F)     30.290    119.500      8.551
(V463)Co-N-HN(F)    178.000    119.500      8.551
(V463)Ca-N-HN(F)     64.450    119.500      8.551
(S464)CA-N-HN(H)     61.460    114.500      7.999
(S464)CB-N-HN(H)     62.170    114.500      7.999
(S464)Co-N-HN(H)    177.800    114.500      7.999
(S464)Ca-N-HN(H)     66.990    114.500      7.999
(S464)Cb-N-HN(H)     30.540    114.500      7.999
(E465)CA-N-HN(H)     58.750    123.600      7.787
(E465)CB-N-HN(H)     28.430    123.600      7.787
(E465)Co-N-HN(H)    177.500    123.600      7.787
(E465)Ca-N-HN(H)     61.280    123.600      7.787
(L466)CA-N-HN(H)     57.450    120.400      8.023
(L466)CB-N-HN(H)     40.670    120.400      8.023
(L466)Co-N-HN(H)    179.500    120.400      8.023
(L466)Ca-N-HN(H)     58.740    120.400      8.023
(R467)CA-N-HN(F)     59.230    118.100      8.421
(R467)CB-N-HN(F)     29.170    118.100      8.421
(R467)Co-N-HN(F)    178.900    118.100      8.421
(R467)Ca-N-HN(F)     57.410    118.100      8.421
(R467)Cb-N-HN(F)     40.900    118.100      8.421
(G468)CA-N-HN(H)     46.150    105.300      7.783
(G468)Co-N-HN(H)    179.300    105.300      7.783
(G468)Ca-N-HN(H)     59.180    105.300      7.783
(G468)Cb-N-HN(H)     29.140    105.300      7.783
(Q469)CA-N-HN(H)     57.370    120.200      7.584
(Q469)CB-N-HN(H)     28.440    120.200      7.584
(Q469)Co-N-HN(H)    175.900    120.200      7.584
(Q469)Ca-N-HN(H)     46.160    120.200      7.584
(L470)CA-N-HN(F)     55.870    120.000      7.348
(L470)CB-N-HN(F)     41.400    120.000      7.348
(L470)Co-N-HN(F)    177.600    120.000      7.348
(L470)Ca-N-HN(F)     57.310    120.000      7.348
(L470)Cb-N-HN(F)     28.450    120.000      7.348
(A473)CA-N-HN(M)     51.760    125.100      7.938
(A473)CB-N-HN(M)     18.330    125.100      7.938
(A473)Co-N-HN(M)    176.100    125.100      7.938
(A473)Ca-N-HN(M)     56.300    125.100      7.938
(A473)Cb-N-HN(M)     29.260    125.100      7.938
(K474)CA-N-HN(M)     53.510    123.200      8.071
(K474)CB-N-HN(M)     31.410    123.200      8.071
(K474)Co-N-HN(M)    177.100    123.200      8.071
(K474)Ca-N-HN(M)     51.740    123.200      8.071
(K474)Cb-N-HN(M)     18.310    123.200      8.071
(1)CA-N-HN     43.330    108.000      2.881
(1)Co-N-HN    177.700    108.000      2.881
(1)Ca-N-HN     51.690    108.000      2.881
(1)Cb-N-HN     16.520    108.000      2.881
(2)CA-N-HN     58.540    113.900      5.668
(2)CB-N-HN     68.120    113.900      5.668
(2)Co-N-HN    179.800    113.900      5.668
(2)Ca-N-HN     60.790    113.900      5.668
(2)Cb-N-HN     27.000    113.900      5.668
(3)Co-N-HN    176.600    126.200      5.178
(5)CA-N-HN     56.700    120.000      6.312
(5)CB-N-HN     29.350    120.000      6.312
(5)Co-N-HN    173.200    120.000      6.312
(5)Ca-N-HN     58.110    120.000      6.312
(5)Cb-N-HN     62.910    120.000      6.312
(7)CA-N-HN     62.940    110.100      6.218
(7)Ca-N-HN     62.970    110.100      6.218
(8)CA-N-HN     52.650    128.300      6.918
(8)CB-N-HN     32.520    128.300      6.918
(8)Co-N-HN    172.100    128.300      6.918
(8)Ca-N-HN     57.280    128.300      6.918
(9)CA-N-HN     52.560    125.600      7.065
(9)CB-N-HN     41.780    125.600      7.065
(9)Co-N-HN    174.500    125.600      7.065
(9)Ca-N-HN     44.430    125.600      7.065
(13)CA-N-HN     56.770    122.100      7.010
(13)Co-N-HN    178.700    122.100      7.010
(13)Ca-N-HN     58.690    122.100      7.010
(15)CA-N-HN     56.720    122.700      7.199
(15)CB-N-HN     63.290    122.700      7.199
(15)Co-N-HN    172.500    122.700      7.199
(15)Ca-N-HN     55.480    122.700      7.199
(15)Cb-N-HN     33.530    122.700      7.199
(18)CA-N-HN     58.480    122.800      7.375
(18)CB-N-HN     37.720    122.800      7.375
(18)Co-N-HN    176.300    122.800      7.375
(18)Ca-N-HN     49.790    122.800      7.375
(18)Cb-N-HN     31.060    122.800      7.375
(19)CA-N-HN     54.330    123.800      7.463
(19)CB-N-HN     19.060    123.800      7.463
(19)Co-N-HN    176.100    123.800      7.463
(19)Ca-N-HN     65.880    123.800      7.463
(19)Cb-N-HN     68.840    123.800      7.463
(21)CA-N-HN     58.560    121.300      7.320
(21)CB-N-HN     30.520    121.300      7.320
(21)Co-N-HN    180.500    121.300      7.320
(21)Ca-N-HN     59.780    121.300      7.320
(21)Cb-N-HN     30.160    121.300      7.320
(22)CA-N-HN     57.320    120.600      7.309
(22)Co-N-HN    176.200    120.600      7.309
(22)Ca-N-HN     60.630    120.600      7.309
(25)CA-N-HN     64.290    120.600      7.377
(25)Co-N-HN    177.300    120.600      7.377
(28)CA-N-HN     58.350    117.900      7.325
(28)CB-N-HN     28.990    117.900      7.325
(28)Co-N-HN    177.600    117.900      7.325
(28)Ca-N-HN     59.740    117.900      7.325
(32)CA-N-HN     58.060    119.000      6.834
(32)CB-N-HN     27.880    119.000      6.834
(32)Co-N-HN    179.500    119.000      6.834
(32)Ca-N-HN     59.640    119.000      6.834
(32)Cb-N-HN     34.320    119.000      6.834
(33)CA-N-HN     64.340    118.900      6.735
(33)Co-N-HN    179.500    118.900      6.735
(35)CA-N-HN     58.010    117.200      6.870
(35)CB-N-HN     64.200    117.200      6.870
(35)Co-N-HN    175.200    117.200      6.870
(35)Ca-N-HN     53.900    117.200      6.870
(35)Cb-N-HN     28.490    117.200      6.870
(37)CA-N-HN     55.410    117.600      6.959
(37)CB-N-HN     32.360    117.600      6.959
(37)Co-N-HN    176.500    117.600      6.959
(37)Ca-N-HN     64.120    117.600      6.959
(37)Cb-N-HN     31.080    117.600      6.959
(38)CA-N-HN     53.350    115.400      6.756
(38)Co-N-HN    174.800    115.400      6.756
(43)CA-N-HN     53.560    125.400      7.540
(43)CB-N-HN     35.150    125.400      7.540
(43)Co-N-HN    173.200    125.400      7.540
(43)Ca-N-HN     56.230    125.400      7.540
(43)Cb-N-HN     37.780    125.400      7.540
(45)CA-N-HN     55.180    124.400      7.557
(45)Co-N-HN    177.300    124.400      7.557
(47)CA-N-HN     64.410    123.700      7.643
(47)CB-N-HN     37.740    123.700      7.643
(47)Co-N-HN    178.700    123.700      7.643
(47)Ca-N-HN     57.030    123.700      7.643
(47)Cb-N-HN     39.800    123.700      7.643
(48)CA-N-HN     60.810    127.600      7.875
(48)CB-N-HN     32.810    127.600      7.875
(48)Co-N-HN    173.000    127.600      7.875
(48)Ca-N-HN     59.200    127.600      7.875
(51)CA-N-HN     54.740    129.300      8.162
(51)CB-N-HN     30.870    129.300      8.162
(51)Co-N-HN    173.200    129.300      8.162
(51)Ca-N-HN     56.070    129.300      8.162
(51)Cb-N-HN     42.210    129.300      8.162
(53)CA-N-HN     57.730    130.500      8.660
(53)CB-N-HN     39.680    130.500      8.660
(53)Co-N-HN    174.400    130.500      8.660
(53)Ca-N-HN     52.930    130.500      8.660
(54)CA-N-HN     56.680    131.300      8.845
(54)Co-N-HN    177.800    131.300      8.845
(55)CA-N-HN     54.990    130.500      8.906
(55)CB-N-HN     30.580    130.500      8.906
(55)Co-N-HN    176.000    130.500      8.906
(55)Ca-N-HN     55.400    130.500      8.906
(55)Cb-N-HN     28.640    130.500      8.906
(58)CA-N-HN     53.060    132.200      9.172
(58)CB-N-HN     39.630    132.200      9.172
(58)Co-N-HN    174.900    132.200      9.172
(58)Ca-N-HN     61.740    132.200      9.172
(58)Cb-N-HN     33.210    132.200      9.172
(59)CA-N-HN     57.840    128.300      8.753
(59)CB-N-HN     27.490    128.300      8.753
(59)Co-N-HN    176.500    128.300      8.753
(59)Cb-N-HN     32.080    128.300      8.753
(62)CA-N-HN     53.440    128.600      8.398
(62)CB-N-HN     41.520    128.600      8.398
(62)Co-N-HN    171.800    128.600      8.398
(62)Ca-N-HN     55.500    128.600      8.398
(63)Co-N-HN    172.500    133.700      9.833
(64)CA-N-HN     52.370    128.700      9.231
(64)CB-N-HN     29.410    128.700      9.231
(64)Co-N-HN    176.100    128.700      9.231
(64)Ca-N-HN     53.410    128.700      9.231
(64)Cb-N-HN     43.530    128.700      9.231
(66)CA-N-HN     52.490    127.200      9.434
(66)CB-N-HN     17.750    127.200      9.434
(66)Co-N-HN    175.400    127.200      9.434
(66)Ca-N-HN     60.390    127.200      9.434
(66)Cb-N-HN     58.560    127.200      9.434
(67)CA-N-HN     55.820    126.700      9.341
(67)CB-N-HN     18.500    126.700      9.341
(67)Co-N-HN    178.800    126.700      9.341
(67)Ca-N-HN     56.090    126.700      9.341
(67)Cb-N-HN     29.660    126.700      9.341
(68)CA-N-HN     55.340    127.300      8.949
(68)CB-N-HN     39.990    127.300      8.949
(68)Co-N-HN    171.600    127.300      8.949
(68)Ca-N-HN     57.690    127.300      8.949
(68)Cb-N-HN     64.250    127.300      8.949
(69)CA-N-HN     57.520    128.400      8.666
(69)CB-N-HN     28.460    128.400      8.666
(69)Co-N-HN    177.300    128.400      8.666
(69)Ca-N-HN     57.270    128.400      8.666
(69)Cb-N-HN     29.740    128.400      8.666
(70)CA-N-HN     49.770    128.200      8.312
(70)CB-N-HN     18.850    128.200      8.312
(70)Co-N-HN    174.100    128.200      8.312
(70)Ca-N-HN     53.280    128.200      8.312
(70)Cb-N-HN     44.470    128.200      8.312
(71)CA-N-HN     53.180    127.900      8.471
(71)Co-N-HN    174.900    127.900      8.471
(71)Ca-N-HN     63.620    127.900      8.471
(71)Cb-N-HN     63.360    127.900      8.471
(72)CA-N-HN     56.700    127.700      8.677
(72)CB-N-HN     33.870    127.700      8.677
(72)Co-N-HN    175.000    127.700      8.677
(72)Ca-N-HN     60.190    127.700      8.677
(72)Cb-N-HN     41.720    127.700      8.677
(74)CA-N-HN     55.650    126.700      8.834
(74)CB-N-HN     36.960    126.700      8.834
(74)Co-N-HN    174.200    126.700      8.834
(74)Ca-N-HN     56.350    126.700      8.834
(74)Cb-N-HN     40.170    126.700      8.834
(78)CA-N-HN     54.200    127.300      8.511
(78)CB-N-HN     42.060    127.300      8.511
(78)Co-N-HN    176.600    127.300      8.511
(78)Ca-N-HN     52.710    127.300      8.511
(78)Cb-N-HN     39.790    127.300      8.511
(79)CA-N-HN     59.310    126.900      8.563
(79)CB-N-HN     39.420    126.900      8.563
(79)Co-N-HN    175.300    126.900      8.563
(79)Ca-N-HN     54.210    126.900      8.563
(79)Cb-N-HN     30.570    126.900      8.563
(81)CA-N-HN     56.820    126.400      8.510
(81)CB-N-HN     27.860    126.400      8.510
(81)Co-N-HN    178.200    126.400      8.510
(81)Ca-N-HN     52.450    126.400      8.510
(81)Cb-N-HN     17.880    126.400      8.510
(85)CA-N-HN     55.390    126.400      8.585
(85)CB-N-HN     40.470    126.400      8.585
(85)Co-N-HN    174.200    126.400      8.585
(85)Ca-N-HN     54.070    126.400      8.585
(85)Cb-N-HN     22.890    126.400      8.585
(86)CA-N-HN     60.470    125.600      9.006
(86)CB-N-HN     28.420    125.600      9.006
(86)Co-N-HN    181.600    125.600      9.006
(86)Ca-N-HN     58.210    125.600      9.006
(87)CA-N-HN     54.480    124.100      9.294
(87)CB-N-HN     29.350    124.100      9.294
(87)Co-N-HN    175.900    124.100      9.294
(87)Ca-N-HN     52.440    124.100      9.294
(87)Cb-N-HN     43.450    124.100      9.294
(88)CA-N-HN     65.630    124.700      8.605
(88)CB-N-HN     37.240    124.700      8.605
(88)Co-N-HN    181.200    124.700      8.605
(88)Ca-N-HN     59.160    124.700      8.605
(88)Cb-N-HN     18.760    124.700      8.605
(90)CA-N-HN     51.600    121.800      9.330
(90)CB-N-HN     38.410    121.800      9.330
(90)Co-N-HN    177.700    121.800      9.330
(90)Ca-N-HN     58.510    121.800      9.330
(90)Cb-N-HN     33.430    121.800      9.330
(92)CA-N-HN     57.100    122.000      9.113
(92)CB-N-HN     39.820    122.000      9.113
(92)Co-N-HN    178.800    122.000      9.113
(92)Ca-N-HN     55.700    122.000      9.113
(92)Cb-N-HN     37.530    122.000      9.113
(93)CA-N-HN     56.490    123.300      8.968
(93)CB-N-HN     40.290    123.300      8.968
(93)Co-N-HN    174.600    123.300      8.968
(93)Ca-N-HN     58.180    123.300      8.968
(94)CA-N-HN     55.440    123.400      8.944
(94)Co-N-HN    177.300    123.400      8.944
(94)Ca-N-HN     55.560    123.400      8.944
(95)CA-N-HN     54.050    123.200      8.880
(95)CB-N-HN     43.950    123.200      8.880
(95)Co-N-HN    175.300    123.200      8.880
(95)Ca-N-HN     53.790    123.200      8.880
(95)Cb-N-HN     41.790    123.200      8.880
(98)CA-N-HN     56.120    123.800      8.819
(98)CB-N-HN     29.600    123.800      8.819
(98)Co-N-HN    173.800    123.800      8.819
(98)Ca-N-HN     52.280    123.800      8.819
(98)Cb-N-HN     25.010    123.800      8.819
(99)CA-N-HN     59.000    123.800      8.776
(99)CB-N-HN     30.880    123.800      8.776
(99)Co-N-HN    179.700    123.800      8.776
(99)Ca-N-HN     59.310    123.800      8.776
(100)CA-N-HN     55.930    124.000      8.775
(100)CB-N-HN     30.630    124.000      8.775
(100)Co-N-HN    176.500    124.000      8.775
(100)Ca-N-HN     56.070    124.000      8.775
(100)Cb-N-HN     41.170    124.000      8.775
(102)CA-N-HN     54.930    122.600      8.673
(102)CB-N-HN     31.970    122.600      8.673
(102)Co-N-HN    176.500    122.600      8.673
(102)Ca-N-HN     56.060    122.600      8.673
(103)CA-N-HN     59.020    121.900      8.962
(103)CB-N-HN     33.870    121.900      8.962
(103)Co-N-HN    175.700    121.900      8.962
(103)Ca-N-HN     53.820    121.900      8.962
(103)Cb-N-HN     40.740    121.900      8.962
(104)CA-N-HN     55.710    126.700      8.164
(104)CB-N-HN     27.800    126.700      8.164
(104)Co-N-HN    172.600    126.700      8.164
(104)Ca-N-HN     62.250    126.700      8.164
(104)Cb-N-HN     31.210    126.700      8.164
(107)CA-N-HN     57.990    125.100      8.123
(107)CB-N-HN     40.660    125.100      8.123
(107)Co-N-HN    177.600    125.100      8.123
(107)Ca-N-HN     62.210    125.100      8.123
(109)CA-N-HN     53.900    125.000      8.229
(109)CB-N-HN     40.300    125.000      8.229
(109)Co-N-HN    176.300    125.000      8.229
(109)Ca-N-HN     62.480    125.000      8.229
(109)Cb-N-HN     31.680    125.000      8.229
(111)CA-N-HN     54.370    125.400      7.794
(111)CB-N-HN     40.310    125.400      7.794
(111)Co-N-HN    174.600    125.400      7.794
(111)Ca-N-HN     57.320    125.400      7.794
(111)Cb-N-HN     38.010    125.400      7.794
(113)CA-N-HN     51.870    124.400      7.735
(113)CB-N-HN     18.670    124.400      7.735
(113)Co-N-HN    175.700    124.400      7.735
(113)Ca-N-HN     54.010    124.400      7.735
(113)Cb-N-HN     40.430    124.400      7.735
(115)CA-N-HN     61.340    125.000      8.433
(115)CB-N-HN     36.130    125.000      8.433
(115)Co-N-HN    174.200    125.000      8.433
(115)Cb-N-HN     31.220    125.000      8.433
(117)CA-N-HN     61.700    120.000      9.116
(117)Co-N-HN    178.800    120.000      9.116
(119)CA-N-HN     59.640    120.400      8.888
(119)CB-N-HN     24.160    120.400      8.888
(119)Co-N-HN    177.800    120.400      8.888
(119)Ca-N-HN     61.580    120.400      8.888
(121)CA-N-HN     54.870    121.900      8.711
(121)CB-N-HN     29.390    121.900      8.711
(121)Co-N-HN    176.200    121.900      8.711
(121)Ca-N-HN     53.450    121.900      8.711
(123)CB-N-HN     37.560    122.600      8.616
(123)Co-N-HN    172.700    122.600      8.616
(123)Ca-N-HN     55.590    122.600      8.616
(123)Cb-N-HN     63.460    122.600      8.616
(124)CA-N-HN     59.220    122.700      8.543
(124)CB-N-HN     28.640    122.700      8.543
(124)Co-N-HN    179.300    122.700      8.543
(124)Ca-N-HN     57.640    122.700      8.543
(127)CA-N-HN     60.250    122.000      8.559
(127)CB-N-HN     22.250    122.000      8.559
(127)Ca-N-HN     49.510    122.000      8.559
(129)Co-N-HN    177.100    122.600      8.455
(129)Ca-N-HN     62.610    122.600      8.455
(134)CA-N-HN     57.280    120.900      8.682
(134)Co-N-HN    180.800    120.900      8.682
(134)Ca-N-HN     47.410    120.900      8.682
(136)CA-N-HN     66.610    119.900      8.691
(136)Co-N-HN    180.400    119.900      8.691
(136)Ca-N-HN     57.320    119.900      8.691
(139)CA-N-HN     54.920    118.800      8.876
(139)CB-N-HN     34.660    118.800      8.876
(139)Co-N-HN    173.200    118.800      8.876
(140)CA-N-HN     57.620    117.900      9.125
(140)CB-N-HN     44.620    117.900      9.125
(140)Co-N-HN    172.400    117.900      9.125
(142)CA-N-HN     54.530    115.900      9.154
(142)Co-N-HN    176.100    115.900      9.154
(143)Co-N-HN    173.000    117.400      9.038
(143)Ca-N-HN     56.460    117.400      9.038
(144)CA-N-HN     57.220    118.000      8.970
(144)Co-N-HN    177.500    118.000      8.970
(148)CA-N-HN     55.600    117.400      8.689
(148)CB-N-HN     36.560    117.400      8.689
(148)Co-N-HN    178.400    117.400      8.689
(148)Ca-N-HN     60.000    117.400      8.689
(151)CA-N-HN     54.040    116.100      8.724
(151)Co-N-HN    174.800    116.100      8.724
(151)Ca-N-HN     57.660    116.100      8.724
(153)CA-N-HN     53.970    115.900      8.562
(153)Co-N-HN    175.400    115.900      8.562
(153)Ca-N-HN     57.530    115.900      8.562
(153)Cb-N-HN     43.030    115.900      8.562
(154)CA-N-HN     57.310    117.100      8.615
(154)CB-N-HN     40.020    117.100      8.615
(154)Co-N-HN    177.500    117.100      8.615
(154)Ca-N-HN     56.370    117.100      8.615
(154)Cb-N-HN     40.420    117.100      8.615
(158)CA-N-HN     58.140    116.200      8.320
(158)CB-N-HN     43.510    116.200      8.320
(158)Co-N-HN    177.300    116.200      8.320
(158)Cb-N-HN     32.330    116.200      8.320
(159)CA-N-HN     52.690    117.100      8.313
(159)CB-N-HN     41.180    117.100      8.313
(159)Co-N-HN    173.900    117.100      8.313
(159)Ca-N-HN     54.480    117.100      8.313
(159)Cb-N-HN     36.870    117.100      8.313
(160)CA-N-HN     55.610    117.000      8.362
(160)CB-N-HN     40.260    117.000      8.362
(160)Co-N-HN    174.000    117.000      8.362
(160)Ca-N-HN     56.110    117.000      8.362
(161)CA-N-HN     53.770    117.500      8.388
(161)CB-N-HN     32.510    117.500      8.388
(161)Ca-N-HN     55.770    117.500      8.388
(161)Cb-N-HN     31.200    117.500      8.388
(164)CA-N-HN     53.560    118.300      8.330
(164)CB-N-HN     33.140    118.300      8.330
(164)Co-N-HN    173.600    118.300      8.330
(164)Ca-N-HN     56.050    118.300      8.330
(165)CA-N-HN     58.970    118.500      8.286
(165)CB-N-HN     28.470    118.500      8.286
(165)Co-N-HN    178.600    118.500      8.286
(165)Ca-N-HN     59.220    118.500      8.286
(165)Cb-N-HN     70.390    118.500      8.286
(166)CA-N-HN     59.040    118.800      8.591
(166)Co-N-HN    175.300    118.800      8.591
(170)CA-N-HN     59.160    119.800      8.454
(170)CB-N-HN     33.330    119.800      8.454
(170)Co-N-HN    174.200    119.800      8.454
(170)Ca-N-HN     68.340    119.800      8.454
(170)Cb-N-HN     30.140    119.800      8.454
(171)CA-N-HN     58.270    119.900      8.464
(171)CB-N-HN     31.070    119.900      8.464
(171)Co-N-HN    177.700    119.900      8.464
(171)Ca-N-HN     54.290    119.900      8.464
(173)CA-N-HN     59.370    118.800      8.335
(173)CB-N-HN     30.350    118.800      8.335
(173)Co-N-HN    182.000    118.800      8.335
(173)Ca-N-HN     54.730    118.800      8.335
(173)Cb-N-HN     64.950    118.800      8.335
(175)CA-N-HN     57.530    112.900      8.851
(175)CB-N-HN     68.160    112.900      8.851
(175)Co-N-HN    174.000    112.900      8.851
(175)Ca-N-HN     57.910    112.900      8.851
(175)Cb-N-HN     36.450    112.900      8.851
(176)CA-N-HN     56.430    112.400      8.776
(176)CB-N-HN     65.790    112.400      8.776
(176)Co-N-HN    175.300    112.400      8.776
(176)Ca-N-HN     55.380    112.400      8.776
(176)Cb-N-HN     33.130    112.400      8.776
(180)CA-N-HN     57.010    113.700      8.166
(180)CB-N-HN     29.570    113.700      8.166
(180)Co-N-HN    177.100    113.700      8.166
(180)Ca-N-HN     61.280    113.700      8.166
(180)Cb-N-HN     54.480    113.700      8.166
(183)CA-N-HN     42.910    114.500      8.058
(183)Co-N-HN    173.500    114.500      8.058
(183)Ca-N-HN     59.060    114.500      8.058
(183)Cb-N-HN     32.870    114.500      8.058
(187)CA-N-HN     62.910    115.300      7.815
(187)CB-N-HN     27.410    115.300      7.815
(187)Co-N-HN    179.900    115.300      7.815
(187)Ca-N-HN     70.190    115.300      7.815
(187)Cb-N-HN     51.760    115.300      7.815
(188)CA-N-HN     60.840    114.800      7.801
(188)CB-N-HN     62.100    114.800      7.801
(188)Co-N-HN    179.800    114.800      7.801
(188)Ca-N-HN     59.520    114.800      7.801
(188)Cb-N-HN     30.480    114.800      7.801
(193)CA-N-HN     64.620    113.200      7.779
(193)CB-N-HN     30.690    113.200      7.779
(193)Co-N-HN    178.400    113.200      7.779
(193)Ca-N-HN     58.060    113.200      7.779
(197)CA-N-HN     43.740    110.600      8.240
(197)Co-N-HN    176.400    110.600      8.240
(197)Ca-N-HN     55.960    110.600      8.240
(197)Cb-N-HN     29.590    110.600      8.240
(199)Co-N-HN    176.000    133.500      8.282
(205)CA-N-HN     46.660    109.500      7.779
(205)Co-N-HN    174.900    109.500      7.779
(205)Ca-N-HN     57.410    109.500      7.779
(205)Cb-N-HN     31.350    109.500      7.779
(207)CA-N-HN     45.190    109.400      7.655
(207)Co-N-HN    175.400    109.400      7.655
(207)Ca-N-HN     52.550    109.400      7.655
(207)Cb-N-HN     38.440    109.400      7.655
(208)Co-N-HN    175.300    108.900      7.557
(209)CA-N-HN     61.370    108.400      7.467
(209)Co-N-HN    177.500    108.400      7.467
(209)Ca-N-HN     57.490    108.400      7.467
(211)CB-N-HN     47.440    108.800      7.077
(212)CA-N-HN     44.640    109.200      6.977
(212)Co-N-HN    174.400    109.200      6.977
(212)Ca-N-HN     57.690    109.200      6.977
(212)Cb-N-HN     34.940    109.200      6.977
(229)Co-N-HN    179.800    112.100      6.594
(240)CA-N-HN     59.620    111.900      7.162
(240)CB-N-HN     72.110    111.900      7.162
(240)Co-N-HN    173.000    111.900      7.162
(240)Ca-N-HN     60.770    111.900      7.162
(240)Cb-N-HN     38.300    111.900      7.162
(244)CA-N-HN     58.620    120.000      7.442
(244)CB-N-HN     26.920    120.000      7.442
(244)Co-N-HN    179.900    120.000      7.442
(244)Ca-N-HN     57.950    120.000      7.442
(244)Cb-N-HN     71.230    120.000      7.442
(245)CA-N-HN     53.810    120.500      7.479
(245)CB-N-HN     40.240    120.500      7.479
(245)Co-N-HN    175.500    120.500      7.479
(245)Ca-N-HN     53.430    120.500      7.479
(245)Cb-N-HN     38.930    120.500      7.479
(246)CA-N-HN     54.030    121.000      7.533
(246)CB-N-HN     33.660    121.000      7.533
(246)Co-N-HN    172.900    121.000      7.533
(246)Ca-N-HN     44.880    121.000      7.533
(246)Cb-N-HN     29.600    121.000      7.533
(249)CA-N-HN     54.380    122.200      7.499
(249)CB-N-HN     17.540    122.200      7.499
(249)Co-N-HN    178.500    122.200      7.499
(249)Ca-N-HN     58.700    122.200      7.499
(249)Cb-N-HN     21.820    122.200      7.499
(251)CA-N-HN     51.740    123.300      7.535
(251)CB-N-HN     18.720    123.300      7.535
(251)Co-N-HN    175.000    123.300      7.535
(251)Ca-N-HN     53.000    123.300      7.535
(251)Cb-N-HN     18.420    123.300      7.535
(252)CA-N-HN     58.100    122.800      7.572
(252)CB-N-HN     28.360    122.800      7.572
(252)Co-N-HN    178.000    122.800      7.572
(252)Ca-N-HN     59.240    122.800      7.572
(252)Cb-N-HN     29.520    122.800      7.572
(255)CA-N-HN     54.880    123.600      7.892
(255)CB-N-HN     41.300    123.600      7.892
(255)Co-N-HN    175.100    123.600      7.892
(255)Ca-N-HN     55.770    123.600      7.892
(255)Cb-N-HN     29.060    123.600      7.892
(260)Co-N-HN    176.900    122.300      7.622
(263)CA-N-HN     58.620    123.600      7.715
(263)CB-N-HN     28.480    123.600      7.715
(263)Co-N-HN    176.700    123.600      7.715
(263)Ca-N-HN     54.910    123.600      7.715
(263)Cb-N-HN     41.090    123.600      7.715
(264)CA-N-HN     56.250    121.900      8.454
(264)CB-N-HN     29.390    121.900      8.454
(264)Co-N-HN    177.100    121.900      8.454
(264)Ca-N-HN     62.620    121.900      8.454
(264)Cb-N-HN     31.250    121.900      8.454
(265)CA-N-HN     52.930    121.800      8.448
(265)Co-N-HN    175.100    121.800      8.448
(265)Ca-N-HN     59.240    121.800      8.448
(266)CA-N-HN     56.010    122.800      8.410
(266)CB-N-HN     29.600    122.800      8.410
(266)Co-N-HN    176.200    122.800      8.410
(266)Ca-N-HN     55.860    122.800      8.410
(266)Cb-N-HN     29.610    122.800      8.410
(269)CA-N-HN     63.500    123.500      8.252
(269)Co-N-HN    178.600    123.500      8.252
(269)Ca-N-HN     52.570    123.500      8.252
(273)CA-N-HN     65.500    123.600      8.134
(273)Co-N-HN    175.500    123.600      8.134
(273)Ca-N-HN     57.550    123.600      8.134
(274)CA-N-HN     54.060    123.000      8.019
(274)CB-N-HN     30.550    123.000      8.019
(274)Co-N-HN    174.400    123.000      8.019
(274)Ca-N-HN     59.010    123.000      8.019
(274)Cb-N-HN     33.820    123.000      8.019
(279)CB-N-HN     42.110    123.100      8.128
(279)Co-N-HN    174.400    123.100      8.128
(279)Ca-N-HN     54.010    123.100      8.128
(279)Cb-N-HN     33.620    123.100      8.128
(281)CA-N-HN     55.880    122.700      8.302
(281)CB-N-HN     29.640    122.700      8.302
(281)Co-N-HN    176.500    122.700      8.302
(281)Ca-N-HN     56.220    122.700      8.302
(281)Cb-N-HN     29.360    122.700      8.302
(288)CA-N-HN     62.720    113.000      7.662
(288)CB-N-HN     27.510    113.000      7.662
(288)Co-N-HN    180.300    113.000      7.662
(288)Ca-N-HN     62.740    113.000      7.662
(288)Cb-N-HN     27.480    113.000      7.662
(292)CA-N-HN     60.830    117.000      7.315
(292)CB-N-HN     27.800    117.000      7.315
(292)Co-N-HN    173.600    117.000      7.315
(292)Ca-N-HN     45.910    117.000      7.315
(292)Cb-N-HN     40.320    117.000      7.315
(294)CA-N-HN     56.170    116.900      7.369
(294)Co-N-HN    177.900    116.900      7.369
(295)CA-N-HN     58.490    117.900      7.395
(295)CB-N-HN     27.240    117.900      7.395
(295)Co-N-HN    177.500    117.900      7.395
(305)CA-N-HN     53.880    118.300      7.978
(305)CB-N-HN     40.410    118.300      7.978
(305)Co-N-HN    177.200    118.300      7.978
(305)Ca-N-HN     52.420    118.300      7.978
(305)Cb-N-HN     18.300    118.300      7.978
(306)CA-N-HN     59.500    118.100      7.860
(306)CB-N-HN     30.480    118.100      7.860
(306)Co-N-HN    177.100    118.100      7.860
(306)Ca-N-HN     64.170    118.100      7.860
(306)Cb-N-HN     30.770    118.100      7.860
(307)CA-N-HN     50.180    117.800      7.659
(307)CB-N-HN     27.540    117.800      7.659
(307)Co-N-HN    176.700    117.800      7.659
(307)Ca-N-HN     61.280    117.800      7.659
(313)CA-N-HN     54.010    120.500      7.647
(313)CB-N-HN     17.310    120.500      7.647
(313)Co-N-HN    180.200    120.500      7.647
(315)CA-N-HN     61.030    121.100      7.594
(315)Co-N-HN    178.400    121.100      7.594
(315)Ca-N-HN     70.240    121.100      7.594
(319)CA-N-HN     58.140    120.000      7.743
(319)CB-N-HN     17.260    120.000      7.743
(319)Co-N-HN    180.200    120.000      7.743
(319)Ca-N-HN     53.890    120.000      7.743
(319)Cb-N-HN     40.340    120.000      7.743
(321)CA-N-HN     58.150    118.400      7.834
(321)CB-N-HN     26.910    118.400      7.834
(321)Co-N-HN    176.500    118.400      7.834
(321)Ca-N-HN     63.700    118.400      7.834
(321)Cb-N-HN     18.320    118.400      7.834
(323)CA-N-HN     53.790    118.800      8.016
(323)CB-N-HN     40.540    118.800      8.016
(323)Co-N-HN    177.200    118.800      8.016
(323)Ca-N-HN     52.240    118.800      8.016
(323)Cb-N-HN     18.410    118.800      8.016
(325)CA-N-HN     61.700    118.900      8.178
(325)CB-N-HN     32.940    118.900      8.178
(325)Co-N-HN    171.800    118.900      8.178
(325)Ca-N-HN     54.430    118.900      8.178
(325)Cb-N-HN     37.440    118.900      8.178
(329)CA-N-HN     50.950    119.600      8.140
(329)CB-N-HN     36.080    119.600      8.140
(329)Co-N-HN    170.900    119.600      8.140
(329)Ca-N-HN     44.680    119.600      8.140
(330)CA-N-HN     57.050    119.600      8.058
(330)CB-N-HN     37.170    119.600      8.058
(330)Co-N-HN    177.000    119.600      8.058
(330)Ca-N-HN     59.760    119.600      8.058
(330)Cb-N-HN     37.260    119.600      8.058
(331)CA-N-HN     54.060    119.500      7.968
(331)CB-N-HN     17.070    119.500      7.968
(331)Co-N-HN    180.000    119.500      7.968
(331)Ca-N-HN     54.960    119.500      7.968
(331)Cb-N-HN     18.230    119.500      7.968
(332)CA-N-HN     57.890    119.900      7.956
(332)CB-N-HN     28.870    119.900      7.956
(332)Co-N-HN    178.700    119.900      7.956
(332)Ca-N-HN     58.110    119.900      7.956
(332)Cb-N-HN     31.550    119.900      7.956
(335)CA-N-HN     66.760    120.400      8.309
(335)Co-N-HN    178.700    120.400      8.309
(335)Ca-N-HN     56.710    120.400      8.309
(339)CA-N-HN     54.340    121.500      8.263
(339)CB-N-HN     40.500    121.500      8.263
(339)Co-N-HN    175.800    121.500      8.263
(339)Ca-N-HN     55.510    121.500      8.263
(339)Cb-N-HN     28.470    121.500      8.263
(342)CA-N-HN     53.950    121.300      8.168
(342)CB-N-HN     40.610    121.300      8.168
(342)Co-N-HN    176.200    121.300      8.168
(342)Ca-N-HN     56.170    121.300      8.168
(342)Cb-N-HN     29.400    121.300      8.168
(347)CA-N-HN     55.550    120.200      8.052
(347)CB-N-HN     28.550    120.200      8.052
(347)Co-N-HN    174.200    120.200      8.052
(347)Ca-N-HN     45.170    120.200      8.052
(350)CA-N-HN     60.010    122.000      8.143
(350)CB-N-HN     38.040    122.000      8.143
(350)Co-N-HN    175.400    122.000      8.143
(350)Ca-N-HN     61.760    122.000      8.143
(352)CA-N-HN     54.180    121.400      8.098
(352)CB-N-HN     40.530    121.400      8.098
(352)Co-N-HN    176.600    121.400      8.098
(352)Ca-N-HN     56.000    121.400      8.098
(352)Cb-N-HN     31.730    121.400      8.098
(354)CA-N-HN     56.830    121.800      8.050
(354)CB-N-HN     29.320    121.800      8.050
(354)Co-N-HN    175.800    121.800      8.050
(354)Ca-N-HN     53.210    121.800      8.050
(354)Cb-N-HN     38.350    121.800      8.050
(355)CA-N-HN     58.650    121.700      8.014
(355)CB-N-HN     40.730    121.700      8.014
(355)Co-N-HN    175.400    121.700      8.014
(355)Ca-N-HN     53.330    121.700      8.014
(355)Cb-N-HN     40.710    121.700      8.014
(357)CA-N-HN     62.050    121.400      8.004
(357)Co-N-HN    176.300    121.400      8.004
(357)Ca-N-HN     55.380    121.400      8.004
(357)Cb-N-HN     29.860    121.400      8.004
(359)CA-N-HN     62.510    121.600      7.937
(359)CB-N-HN     40.700    121.600      7.937
(359)Co-N-HN    176.800    121.600      7.937
(359)Ca-N-HN     56.690    121.600      7.937
(359)Cb-N-HN     29.270    121.600      7.937
(363)CA-N-HN     52.450    120.700      7.923
(363)CB-N-HN     43.130    120.700      7.923
(363)Co-N-HN    175.200    120.700      7.923
(363)Ca-N-HN     61.500    120.700      7.923
(365)CA-N-HN     53.400    120.900      7.852
(365)CB-N-HN     40.670    120.900      7.852
(365)Co-N-HN    175.900    120.900      7.852
(365)Ca-N-HN     54.560    120.900      7.852
(365)Cb-N-HN     40.350    120.900      7.852
(367)CA-N-HN     60.200    120.000      7.787
(367)Co-N-HN    178.800    120.000      7.787
(368)CA-N-HN     55.390    120.100      7.853
(368)CB-N-HN     40.490    120.100      7.853
(368)Co-N-HN    174.500    120.100      7.853
(368)Ca-N-HN     51.990    120.100      7.853
(368)Cb-N-HN     40.470    120.100      7.853
(369)CA-N-HN     55.120    120.300      7.714
(369)Co-N-HN    177.800    120.300      7.714
(369)Ca-N-HN     55.820    120.300      7.714
(373)CA-N-HN     57.550    122.000      7.736
(373)Co-N-HN    178.500    122.000      7.736
(373)Ca-N-HN     58.140    122.000      7.736
(380)CA-N-HN     56.300    120.700      7.710
(380)CB-N-HN     29.270    120.700      7.710
(380)Co-N-HN    177.700    120.700      7.710
(380)Ca-N-HN     55.020    120.700      7.710
(380)Cb-N-HN     41.040    120.700      7.710
(1000)CA-N-HN     56.180    115.300      6.730
(1000)Co-N-HN    174.900    115.300      6.730
(1003)CA-N-HN     52.390    126.200      8.234
(1003)Co-N-HN    174.500    126.200      8.234
(1003)Ca-N-HN     57.900    126.200      8.234
(1004)CA-N-HN     52.050    124.600      8.352
(1004)Co-N-HN    175.700    124.600      8.352
(1004)Ca-N-HN     55.040    124.600      8.352
(1004)Cb-N-HN     29.850    124.600      8.352
(1005)CB-N-HN     72.670    115.500      6.893
(1005)Co-N-HN    171.100    115.500      6.893
(1006)Co-N-HN    172.000    117.300      8.515
(1007)CA-N-HN     59.130    118.500      8.215
(1007)Co-N-HN    179.000    118.500      8.215
(1007)Ca-N-HN     50.810    118.500      8.215
(1009)CA-N-HN     62.710    122.000      8.214
(1009)Co-N-HN    176.600    122.000      8.214
(1009)Ca-N-HN     62.760    122.000      8.214
(1009)Cb-N-HN     41.850    122.000      8.214
(1010)CA-N-HN     54.080    120.700      8.086
(1010)Co-N-HN    176.300    120.700      8.086
(1010)Ca-N-HN     56.760    120.700      8.086
(1011)CA-N-HN     50.660    108.400      7.483
(1011)CB-N-HN     69.410    108.400      7.483
(1011)Co-N-HN    177.400    108.400      7.483
(1011)Cb-N-HN     32.380    108.400      7.483
(1015)CA-N-HN     44.970    110.300      8.249
(1015)Co-N-HN    177.000    110.300      8.249
(1015)Ca-N-HN     59.190    110.300      8.249
(1015)Cb-N-HN     40.900    110.300      8.249
(1018)CA-N-HN     60.720    122.100      8.097
(1018)Co-N-HN    178.500    122.100      8.097
(1020)CA-N-HN     48.340    106.500      8.121
(1020)Co-N-HN    178.200    106.500      8.121
(1020)Ca-N-HN     58.340    106.500      8.121
(1020)Cb-N-HN     29.450    106.500      8.121
(1021)Co-N-HN    175.000    122.200      8.234
(1027)Co-N-HN    178.700    121.100      7.910
(1028)CA-N-HN     56.750    120.800      7.815
(1028)CB-N-HN     30.010    120.800      7.815
(1028)Co-N-HN    174.000    120.800      7.815
(1028)Ca-N-HN     44.940    120.800      7.815
(1029)CA-N-HN     66.290    121.300      7.874
(1029)Co-N-HN    179.800    121.300      7.874
(1029)Ca-N-HN     59.070    121.300      7.874
(1031)CA-N-HN     59.550    122.000      7.849
(1031)Co-N-HN    177.400    122.000      7.849
(1031)Ca-N-HN     51.980    122.000      7.849
(1031)Cb-N-HN     70.440    122.000      7.849
(1034)CA-N-HN     57.380    122.100      8.034
(1034)CB-N-HN     18.280    122.100      8.034
(1034)Co-N-HN    173.800    122.100      8.034
(1034)Ca-N-HN     57.890    122.100      8.034
(1034)Cb-N-HN     63.130    122.100      8.034
(1036)CA-N-HN     57.630    122.000      7.920
(1036)Co-N-HN    179.100    122.000      7.920
(1038)CB-N-HN     44.450    122.400      8.128
(1038)Co-N-HN    177.200    122.400      8.128
(1041)CA-N-HN     56.260    114.200      7.939
(1041)CB-N-HN     28.150    114.200      7.939
(1041)Co-N-HN    178.200    114.200      7.939
(1041)Ca-N-HN     66.220    114.200      7.939
(1043)CA-N-HN     52.100    123.800      8.259
(1043)Co-N-HN    175.700    123.800      8.259
(1043)Ca-N-HN     54.960    123.800      8.259
(1043)Cb-N-HN     28.500    123.800      8.259
(1044)CA-N-HN     57.540    115.800      7.621
(1044)CB-N-HN     31.030    115.800      7.621
(1044)Co-N-HN    178.600    115.800      7.621
(1045)Co-N-HN    175.700    124.700      8.444
(1045)Cb-N-HN     31.280    124.700      8.444
(1046)CA-N-HN     54.600    124.100      8.189
(1046)CB-N-HN     29.200    124.100      8.189
(1046)Co-N-HN    177.000    124.100      8.189
(1046)Ca-N-HN     62.430    124.100      8.189
(1046)Cb-N-HN     40.710    124.100      8.189
(1047)CA-N-HN     53.480    121.600      8.869
(1047)CB-N-HN     42.140    121.600      8.869
(1047)Co-N-HN    175.300    121.600      8.869
(1047)Ca-N-HN     54.310    121.600      8.869
(1047)Cb-N-HN     29.350    121.600      8.869
(1048)CA-N-HN     44.630    116.000      7.552
(1048)Co-N-HN    171.600    116.000      7.552
(1049)CA-N-HN     61.100    114.900      7.308
(1049)Co-N-HN    176.600    114.900      7.308
(1050)CA-N-HN     54.090    117.300      7.495
(1050)CB-N-HN     32.330    117.300      7.495
(1050)Co-N-HN    177.200    117.300      7.495
(1050)Ca-N-HN     57.130    117.300      7.495
(1050)Cb-N-HN     18.590    117.300      7.495
(1051)CA-N-HN     53.390    132.100      7.855
(1051)CB-N-HN     19.330    132.100      7.855
(1051)Co-N-HN    173.100    132.100      7.855
(1051)Ca-N-HN     57.750    132.100      7.855
(1051)Cb-N-HN     63.200    132.100      7.855
(1054)CA-N-HN     56.620    128.500      7.893
(1054)CB-N-HN     32.940    128.500      7.893
(1054)Co-N-HN    173.500    128.500      7.893
(1054)Ca-N-HN     57.860    128.500      7.893
(1054)Cb-N-HN     27.480    128.500      7.893
(1055)CA-N-HN     56.320    129.000      7.750
(1055)CB-N-HN     42.280    129.000      7.750
(1055)Co-N-HN    176.000    129.000      7.750
(1055)Ca-N-HN     62.730    129.000      7.750
(1055)Cb-N-HN     30.960    129.000      7.750
(1058)Co-N-HN    177.100    117.500      8.219
(1060)Co-N-HN    176.800    123.500      8.284
(1060)Cb-N-HN     31.400    123.500      8.284
(1061)CA-N-HN     56.530    124.200      7.744
(1061)CB-N-HN     32.870    124.200      7.744
(1061)Co-N-HN    175.100    124.200      7.744
(1061)Ca-N-HN     44.760    124.200      7.744
(1062)CA-N-HN     55.720    127.400      7.856
(1062)CB-N-HN     41.520    127.400      7.856
(1062)Co-N-HN    175.300    127.400      7.856
(1062)Ca-N-HN     55.870    127.400      7.856
(1062)Cb-N-HN     29.680    127.400      7.856
(1063)CA-N-HN     57.850    121.200      8.226
(1063)CB-N-HN     32.230    121.200      8.226
(1063)Co-N-HN    177.800    121.200      8.226
(1063)Ca-N-HN     52.560    121.200      8.226
(1063)Cb-N-HN     40.500    121.200      8.226
(1064)Co-N-HN    176.500    123.400      8.302
(1064)Ca-N-HN     56.240    123.400      8.302
(1067)CA-N-HN     59.220    123.200      7.658
(1067)CB-N-HN     39.120    123.200      7.658
(1067)Co-N-HN    176.100    123.200      7.658
(1067)Ca-N-HN     54.450    123.200      7.658
(1067)Cb-N-HN     18.270    123.200      7.658
(1068)CA-N-HN     57.630    123.300      7.700
(1068)CB-N-HN     64.180    123.300      7.700
(1068)Co-N-HN    175.600    123.300      7.700
(1071)CA-N-HN     54.910    124.300      7.892
(1071)Co-N-HN    175.100    124.300      7.892
(1071)Ca-N-HN     55.810    124.300      7.892
(1072)CA-N-HN     43.320    115.900      7.198
(1072)Ca-N-HN     65.840    115.900      7.198
(1072)Cb-N-HN     15.910    115.900      7.198
(1073)CA-N-HN     53.100    116.500      8.171
(1073)CB-N-HN     38.460    116.500      8.171
(1073)Co-N-HN    177.000    116.500      8.171
(1073)Ca-N-HN     58.230    116.500      8.171
(1073)Cb-N-HN     31.630    116.500      8.171
(1079)Ca-N-HN     54.410    120.500      8.102
(1079)Cb-N-HN     40.460    120.500      8.102
(1080)CA-N-HN     53.830    119.400      8.067
(1080)Ca-N-HN     57.040    119.400      8.067
(1080)Cb-N-HN     18.280    119.400      8.067
(1081)CA-N-HN     58.610    120.100      7.861
(1081)Co-N-HN    178.300    120.100      7.861
(1081)Ca-N-HN     54.080    120.100      7.861
(1083)CA-N-HN     61.200    122.100      7.941
(1083)Co-N-HN    176.300    122.100      7.941
(1083)Ca-N-HN     59.040    122.100      7.941
(1085)CA-N-HN     53.860    121.800      7.748
(1085)CB-N-HN     63.970    121.800      7.748
(1085)Co-N-HN    179.500    121.800      7.748
(1085)Ca-N-HN     58.520    121.800      7.748
(1085)Cb-N-HN     40.560    121.800      7.748
(1087)CA-N-HN     55.660    122.900      8.102
(1087)CB-N-HN     38.060    122.900      8.102
(1087)Co-N-HN    176.600    122.900      8.102
(1088)CA-N-HN     55.120    122.500      8.087
(1088)CB-N-HN     41.380    122.500      8.087
(1088)Co-N-HN    176.600    122.500      8.087
(1088)Ca-N-HN     55.390    122.500      8.087
(1089)CB-N-HN     42.630    123.100      8.077
(1089)Co-N-HN    175.500    123.100      8.077
(1089)Ca-N-HN     57.520    123.100      8.077
(1089)Cb-N-HN     42.980    123.100      8.077
(1090)CB-N-HN     33.170    122.900      8.304
(1090)Co-N-HN    175.700    122.900      8.304
(1090)Ca-N-HN     62.240    122.900      8.304
(1093)CA-N-HN     54.030    122.600      8.288
(1093)CB-N-HN     40.460    122.600      8.288
(1093)Co-N-HN    175.900    122.600      8.288
(1093)Ca-N-HN     61.620    122.600      8.288
(1093)Cb-N-HN     31.930    122.600      8.288
(1096)CA-N-HN     62.170    112.000      7.337
(1096)CB-N-HN     27.360    112.000      7.337
(1096)Co-N-HN    180.100    112.000      7.337
(1096)Ca-N-HN     62.170    112.000      7.337
(1096)Cb-N-HN     27.400    112.000      7.337
(1097)CA-N-HN     61.830    111.900      7.100
(1097)CB-N-HN     26.760    111.900      7.100
(1097)Co-N-HN    179.800    111.900      7.100
(1097)Ca-N-HN     61.820    111.900      7.100
(1097)Cb-N-HN     26.860    111.900      7.100
(1098)CA-N-HN     43.880    110.700      8.346
(1098)Co-N-HN    176.800    110.700      8.346
(1098)Ca-N-HN     56.330    110.700      8.346
(1098)Cb-N-HN     29.570    110.700      8.346
(2001)CA-N-HN     52.060    125.900      7.822
(2001)Co-N-HN    174.700    125.900      7.822
(2001)Ca-N-HN     54.040    125.900      7.822
(2001)Cb-N-HN     41.770    125.900      7.822
(2033)Cb-N-HN     18.620    121.300      7.341
(5011)CA-N-HN     56.600    118.300      7.699
(5011)CB-N-HN     38.380    118.300      7.699
(5011)Co-N-HN    176.500    118.300      7.699
