(K4)Co-N-HN(M)    177.000    121.000      8.129
(E7)Co-N-HN(M)    177.400    121.400      8.318
(F8)Co-N-HN(M)    177.500    121.100      8.038
(Y9)Co-N-HN(M)    176.700    119.500      7.891
(Y16)Co-N-HN(L)    175.900    121.800      8.179
(L21)Co-N-HN(L)    175.000    128.800      8.719
(S26)Co-N-HN(L)    176.200    113.100      8.049
(E29)Co-N-HN(M)    175.000    127.100      8.793
(H32)Co-N-HN(M)    178.100    116.700      7.655
(K33)Co-N-HN(M)    178.200    116.700      7.699
(E34)Co-N-HN(M)    178.900    118.300      7.321
(V35)Co-N-HN(M)    179.600    122.400      8.478
(Q36)Co-N-HN(M)    176.800    118.700      8.169
(F39)Co-N-HN(M)    178.100    117.300      7.873
(H45)Co-N-HN(L)    175.700    120.000      6.965
(F49)Co-N-HN(L)    174.600    120.800      7.732
(D51)Co-N-HN(L)    175.400    121.400      9.459
(V53)Co-N-HN(L)    178.700    119.400      8.206
(K58)Co-N-HN(L)    173.100    120.100      8.314
(L60)Co-N-HN(L)    175.400    121.300      7.337
(L61)Co-N-HN(M)    173.700    123.100      8.332
(T62)Co-N-HN(M)    178.000    120.800      9.335
(V64)Co-N-HN(L)    179.000    120.300      8.882
(R66)Co-N-HN(L)    173.100    122.600      8.291
(L83)Co-N-HN(L)    172.200    122.700      7.419
(V86)Co-N-HN(M)    177.200    126.300      8.771
(W88)Co-N-HN(M)    174.100    114.800      7.269
(V90)Co-N-HN(L)    174.600    121.600      7.751
(K91)Co-N-HN(L)    176.800    127.200      8.642
(N94)Co-N-HN(L)    172.400    117.800      9.307
(I95)Co-N-HN(L)    174.100    121.900      8.229
(K96)Co-N-HN(M)    175.400    129.400      9.092
(H97)Co-N-HN(L)    174.900    122.400      8.554
(E99)Co-N-HN(L)    172.800    116.000      8.370
(I102)Co-N-HN(F)    179.800    117.300      8.074
(A103)Co-N-HN(F)    177.800    125.100      7.437
(A105)Co-N-HN(L)    180.100    121.700      7.566
(C106)Co-N-HN(M)    179.300    115.600      7.985
(K111)Co-N-HN(L)    178.100    116.500      7.430
(D114)Co-N-HN(L)    175.400    121.400      7.836
(Y115)Co-N-HN(L)    174.800    121.400      7.912
(I118)Co-N-HN(L)    180.000    124.900      8.728
(A129)Co-N-HN(L)    178.800    125.000      7.826
(K130)Co-N-HN(M)    177.400    121.800      7.919
(E131)Co-N-HN(M)    179.200    120.900      7.922
(A133)Co-N-HN(F)    177.300    122.900      7.742
(D136)Co-N-HN(M)    176.600    120.800      8.145
(A137)Co-N-HN(M)    175.900    123.800      7.817
(V138)Co-N-HN(M)    177.400    121.300      7.850
(L140)Co-N-HN(L)    176.600    119.300      8.406
(D145)Co-N-HN(L)    176.300    112.500      8.311
(F146)Co-N-HN(M)    175.400    121.300      7.667
(R148)Co-N-HN(M)    178.600    117.900      7.555
(G152)Co-N-HN(L)    175.700    104.600      7.108
(S153)Co-N-HN(M)    174.800    109.100      7.105
(S154)Co-N-HN(L)    173.100    121.700      8.245
(Y155)Co-N-HN(M)    174.100    122.700      8.097
(G157)Co-N-HN(L)    176.600    109.500      7.732
(Q158)Co-N-HN(M)    174.500    120.300      8.282
(D159)Co-N-HN(M)    175.800    121.500      8.339
(E160)Co-N-HN(M)    173.700    121.500      8.166
(V161)Co-N-HN(L)    176.500    121.000      7.945
(D162)Co-N-HN(M)    175.800    124.300      8.215
(I163)Co-N-HN(M)    176.800    122.200      7.959
(K164)Co-N-HN(M)    174.500    121.600      8.015
(A167)Co-N-HN(M)    173.700    118.000      6.915
(A168)Co-N-HN(M)    174.800    122.300      6.224
(Y169)Co-N-HN(L)    176.200    118.400      7.618
(T172)Co-N-HN(L)    176.300    113.700      7.673
(L173)Co-N-HN(M)    171.900    119.400      8.459
(D178)Co-N-HN(M)    172.100    122.500      8.023
(Q180)Co-N-HN(L)    177.900    116.400      7.920
(M182)Co-N-HN(M)    176.100    125.800      7.936
(Y184)Co-N-HN(M)    176.400    117.200      7.710
(L185)Co-N-HN(M)    175.300    123.000      7.516
(K186)Co-N-HN(M)    176.200    116.300      8.520
(Y190)Co-N-HN(L)    177.000    123.000      8.184
(G192)Co-N-HN(L)    175.800    116.800      8.745
(V198)Co-N-HN(M)    176.100    118.100      7.572
(S199)Co-N-HN(L)    174.100    119.400      7.348
(L206)Co-N-HN(L)    174.100    119.400      8.614
(D208)Co-N-HN(L)    175.000    124.400      6.889
(S210)Co-N-HN(M)    176.300    117.800      8.259
(A211)Co-N-HN(L)    172.500    129.200      7.942
(Y215)Co-N-HN(L)    174.400    126.100      8.261
(S216)Co-N-HN(L)    175.400    118.300      8.738
(Y217)Co-N-HN(M)    174.600    123.700      8.477
(E220)Co-N-HN(L)    173.800    121.700      8.265
(E223)Co-N-HN(M)    176.600    122.300      8.599
(E224)Co-N-HN(M)    176.300    122.500      8.395
(E225)Co-N-HN(M)    176.300    122.800      8.344
(S226)Co-N-HN(M)    176.300    118.500      8.260
(S230)Co-N-HN(L)    176.700    116.700      8.160
(L232)Co-N-HN(M)    175.300    122.900      7.776
(G234)Co-N-HN(M)    176.700    110.500      8.151
(R235)Co-N-HN(M)    173.500    121.000      7.974
(D236)Co-N-HN(L)    175.600    124.800      8.484
(D238)Co-N-HN(L)    176.700    120.200      8.270
(G243)Co-N-HN(L)    176.600    112.900      8.374
(F244)Co-N-HN(M)    174.200    120.300      8.140
(I246)Co-N-HN(L)    176.600    118.200      8.114
(L255)Co-N-HN(L)    172.500    118.000      7.270
(A256)Co-N-HN(L)    173.100    123.600      8.189
(I257)Co-N-HN(M)    176.500    119.400      8.239
(D263)Co-N-HN(L)    171.100    123.400      8.299
(L268)Co-N-HN(L)    173.500    126.600      8.414
(D269)Co-N-HN(L)    174.700    121.200      6.594
(T274)Co-N-HN(M)    174.600    121.900      8.274
(H275)Co-N-HN(M)    174.900    122.300      8.310
(L280)Co-N-HN(F)    177.300    121.500      8.211
(A281)Co-N-HN(F)    175.900    126.100      8.013
(F287)Co-N-HN(L)    176.100    117.100      8.078
(A294)Co-N-HN(M)    174.700    127.500      7.930
(E295)Co-N-HN(M)    176.000    122.800      8.922
(C296)Co-N-HN(L)    176.100    123.000      8.775
(G299)Co-N-HN(F)    176.100    114.500      8.142
(T300)Co-N-HN(F)    174.500    115.600      7.822
(Y303)Co-N-HN(L)    176.000    118.900      7.762
(C308)Co-N-HN(L)    180.200    112.300      7.421
(L312)Co-N-HN(L)    179.300    106.100      7.418
(N314)Co-N-HN(M)    176.400    112.000      6.971
(V315)Co-N-HN(M)    174.000    120.100      7.285
(C316)Co-N-HN(L)    175.700    126.200      8.587
(D317)Co-N-HN(M)    174.800    124.400      8.387
(D318)Co-N-HN(L)    175.400    121.600      7.761
(D320)Co-N-HN(L)    176.000    123.500      8.284
(V324)Co-N-HN(F)    176.200    121.800      8.078
(L326)Co-N-HN(L)    176.100    131.400      9.076
(S328)Co-N-HN(L)    175.300    123.200      7.823
(A332)Co-N-HN(M)    177.400    117.600      8.672
(V333)Co-N-HN(M)    181.300    119.800      7.014
(K335)Co-N-HN(M)    180.600    121.600      8.741
(V344)Co-N-HN(L)    173.000    120.500      8.755
(F346)Co-N-HN(L)    174.500    119.800      8.228
(L349)Co-N-HN(L)    177.600    125.500      8.314
(N357)Co-N-HN(L)    178.100    117.500      7.936
(Y359)Co-N-HN(L)    175.500    118.700      7.795
(K361)Co-N-HN(L)    177.200    125.100      7.593
(D364)Co-N-HN(L)    174.200    120.500      7.714
(M370)Co-N-HN(M)    177.100    119.400      9.189
(A371)Co-N-HN(L)    177.700    123.000      7.850
(Q372)Co-N-HN(L)    177.900    121.300      7.554
(L373)Co-N-HN(M)    177.000    119.000      8.319
(A375)Co-N-HN(L)    180.200    122.000      7.822
(W377)Co-N-HN(L)    178.300    122.100      7.666
(K378)Co-N-HN(L)    179.500    121.200      7.736
(G382)Co-N-HN(M)    177.600    106.900      7.096
(V383)Co-N-HN(M)    176.900    125.900      7.894
(T384)Co-N-HN(L)    177.300    113.600      7.891
(V387)Co-N-HN(L)    176.200    121.200      7.790
(H389)Co-N-HN(F)    179.500    117.600      8.106
(R393)Co-N-HN(L)    176.200    124.200      7.414
(V398)Co-N-HN(L)    178.100    126.000      8.651
(R401)Co-N-HN(L)    178.300    120.500      7.747
(L405)Co-N-HN(M)    177.600    118.100      8.353
(T406)Co-N-HN(M)    178.900    113.500      8.406
(A407)Co-N-HN(L)    179.200    114.200      8.524
(I408)Co-N-HN(M)    181.300    116.500      8.218
(L409)Co-N-HN(M)    177.600    127.800      9.284
(S411)Co-N-HN(M)    180.700    112.400      8.560
(T413)Co-N-HN(M)    177.800    117.400      8.496
(A414)Co-N-HN(M)    176.300    123.700      7.921
(N417)Co-N-HN(L)    178.100    118.700      8.109
(R419)Co-N-HN(L)    177.600    119.600      8.152
(R425)Co-N-HN(L)    176.600    122.100      7.795
(R429)Co-N-HN(L)    174.800    123.800      8.099
(R432)Co-N-HN(L)    179.200    112.800      7.583
(A436)Co-N-HN(L)    176.500    116.800      8.733
(D437)Co-N-HN(L)    178.100    117.500      7.936
(K439)Co-N-HN(L)    174.300    121.900      7.035
(Y445)Co-N-HN(L)    176.600    121.800      8.148
(D450)Co-N-HN(L)    174.400    126.200      8.741
(A451)Co-N-HN(M)    176.500    129.900      8.426
(S452)Co-N-HN(M)    178.000    115.100      8.626
(M453)Co-N-HN(M)    173.500    121.600      6.790
(F457)Co-N-HN(L)    176.300    117.700      8.182
(V463)Co-N-HN(F)    178.000    119.500      8.551
(S464)Co-N-HN(H)    177.800    114.500      7.999
(E465)Co-N-HN(H)    177.500    123.600      7.787
(L466)Co-N-HN(H)    179.500    120.400      8.023
(R467)Co-N-HN(F)    178.900    118.100      8.421
(G468)Co-N-HN(H)    179.300    105.300      7.783
(Q469)Co-N-HN(H)    175.900    120.200      7.584
(L470)Co-N-HN(F)    177.600    120.000      7.348
(A473)Co-N-HN(M)    176.100    125.100      7.938
(K474)Co-N-HN(M)    177.100    123.200      8.071
(1)Co-N-HN    177.700    108.000      2.881
(2)Co-N-HN    179.800    113.900      5.668
(3)Co-N-HN    176.600    126.200      5.178
(5)Co-N-HN    173.200    120.000      6.312
(8)Co-N-HN    172.100    128.300      6.918
(9)Co-N-HN    174.500    125.600      7.065
(13)Co-N-HN    178.700    122.100      7.010
(15)Co-N-HN    172.500    122.700      7.199
(18)Co-N-HN    176.300    122.800      7.375
(19)Co-N-HN    176.100    123.800      7.463
(21)Co-N-HN    180.500    121.300      7.320
(22)Co-N-HN    176.200    120.600      7.309
(25)Co-N-HN    177.300    120.600      7.377
(28)Co-N-HN    177.600    117.900      7.325
(32)Co-N-HN    179.500    119.000      6.834
(33)Co-N-HN    179.500    118.900      6.735
(35)Co-N-HN    175.200    117.200      6.870
(37)Co-N-HN    176.500    117.600      6.959
(38)Co-N-HN    174.800    115.400      6.756
(43)Co-N-HN    173.200    125.400      7.540
(45)Co-N-HN    177.300    124.400      7.557
(47)Co-N-HN    178.700    123.700      7.643
(48)Co-N-HN    173.000    127.600      7.875
(51)Co-N-HN    173.200    129.300      8.162
(53)Co-N-HN    174.400    130.500      8.660
(54)Co-N-HN    177.800    131.300      8.845
(55)Co-N-HN    176.000    130.500      8.906
(58)Co-N-HN    174.900    132.200      9.172
(59)Co-N-HN    176.500    128.300      8.753
(62)Co-N-HN    171.800    128.600      8.398
(63)Co-N-HN    172.500    133.700      9.833
(64)Co-N-HN    176.100    128.700      9.231
(66)Co-N-HN    175.400    127.200      9.434
(67)Co-N-HN    178.800    126.700      9.341
(68)Co-N-HN    171.600    127.300      8.949
(69)Co-N-HN    177.300    128.400      8.666
(70)Co-N-HN    174.100    128.200      8.312
(71)Co-N-HN    174.900    127.900      8.471
(72)Co-N-HN    175.000    127.700      8.677
(74)Co-N-HN    174.200    126.700      8.834
(78)Co-N-HN    176.600    127.300      8.511
(79)Co-N-HN    175.300    126.900      8.563
(81)Co-N-HN    178.200    126.400      8.510
(85)Co-N-HN    174.200    126.400      8.585
(86)Co-N-HN    181.600    125.600      9.006
(87)Co-N-HN    175.900    124.100      9.294
(88)Co-N-HN    181.200    124.700      8.605
(90)Co-N-HN    177.700    121.800      9.330
(92)Co-N-HN    178.800    122.000      9.113
(93)Co-N-HN    174.600    123.300      8.968
(94)Co-N-HN    177.300    123.400      8.944
(95)Co-N-HN    175.300    123.200      8.880
(98)Co-N-HN    173.800    123.800      8.819
(99)Co-N-HN    179.700    123.800      8.776
(100)Co-N-HN    176.500    124.000      8.775
(102)Co-N-HN    176.500    122.600      8.673
(103)Co-N-HN    175.700    121.900      8.962
(104)Co-N-HN    172.600    126.700      8.164
(107)Co-N-HN    177.600    125.100      8.123
(109)Co-N-HN    176.300    125.000      8.229
(111)Co-N-HN    174.600    125.400      7.794
(113)Co-N-HN    175.700    124.400      7.735
(115)Co-N-HN    174.200    125.000      8.433
(117)Co-N-HN    178.800    120.000      9.116
(119)Co-N-HN    177.800    120.400      8.888
(121)Co-N-HN    176.200    121.900      8.711
(123)Co-N-HN    172.700    122.600      8.616
(124)Co-N-HN    179.300    122.700      8.543
(129)Co-N-HN    177.100    122.600      8.455
(134)Co-N-HN    180.800    120.900      8.682
(136)Co-N-HN    180.400    119.900      8.691
(139)Co-N-HN    173.200    118.800      8.876
(140)Co-N-HN    172.400    117.900      9.125
(142)Co-N-HN    176.100    115.900      9.154
(143)Co-N-HN    173.000    117.400      9.038
(144)Co-N-HN    177.500    118.000      8.970
(148)Co-N-HN    178.400    117.400      8.689
(151)Co-N-HN    174.800    116.100      8.724
(153)Co-N-HN    175.400    115.900      8.562
(154)Co-N-HN    177.500    117.100      8.615
(158)Co-N-HN    177.300    116.200      8.320
(159)Co-N-HN    173.900    117.100      8.313
(160)Co-N-HN    174.000    117.000      8.362
(164)Co-N-HN    173.600    118.300      8.330
(165)Co-N-HN    178.600    118.500      8.286
(166)Co-N-HN    175.300    118.800      8.591
(170)Co-N-HN    174.200    119.800      8.454
(171)Co-N-HN    177.700    119.900      8.464
(173)Co-N-HN    182.000    118.800      8.335
(175)Co-N-HN    174.000    112.900      8.851
(176)Co-N-HN    175.300    112.400      8.776
(180)Co-N-HN    177.100    113.700      8.166
(183)Co-N-HN    173.500    114.500      8.058
(187)Co-N-HN    179.900    115.300      7.815
(188)Co-N-HN    179.800    114.800      7.801
(193)Co-N-HN    178.400    113.200      7.779
(197)Co-N-HN    176.400    110.600      8.240
(199)Co-N-HN    176.000    133.500      8.282
(205)Co-N-HN    174.900    109.500      7.779
(207)Co-N-HN    175.400    109.400      7.655
(208)Co-N-HN    175.300    108.900      7.557
(209)Co-N-HN    177.500    108.400      7.467
(212)Co-N-HN    174.400    109.200      6.977
(229)Co-N-HN    179.800    112.100      6.594
(240)Co-N-HN    173.000    111.900      7.162
(244)Co-N-HN    179.900    120.000      7.442
(245)Co-N-HN    175.500    120.500      7.479
(246)Co-N-HN    172.900    121.000      7.533
(249)Co-N-HN    178.500    122.200      7.499
(251)Co-N-HN    175.000    123.300      7.535
(252)Co-N-HN    178.000    122.800      7.572
(255)Co-N-HN    175.100    123.600      7.892
(260)Co-N-HN    176.900    122.300      7.622
(263)Co-N-HN    176.700    123.600      7.715
(264)Co-N-HN    177.100    121.900      8.454
(265)Co-N-HN    175.100    121.800      8.448
(266)Co-N-HN    176.200    122.800      8.410
(269)Co-N-HN    178.600    123.500      8.252
(273)Co-N-HN    175.500    123.600      8.134
(274)Co-N-HN    174.400    123.000      8.019
(279)Co-N-HN    174.400    123.100      8.128
(281)Co-N-HN    176.500    122.700      8.302
(288)Co-N-HN    180.300    113.000      7.662
(292)Co-N-HN    173.600    117.000      7.315
(294)Co-N-HN    177.900    116.900      7.369
(295)Co-N-HN    177.500    117.900      7.395
(305)Co-N-HN    177.200    118.300      7.978
(306)Co-N-HN    177.100    118.100      7.860
(307)Co-N-HN    176.700    117.800      7.659
(313)Co-N-HN    180.200    120.500      7.647
(315)Co-N-HN    178.400    121.100      7.594
(319)Co-N-HN    180.200    120.000      7.743
(321)Co-N-HN    176.500    118.400      7.834
(323)Co-N-HN    177.200    118.800      8.016
(325)Co-N-HN    171.800    118.900      8.178
(329)Co-N-HN    170.900    119.600      8.140
(330)Co-N-HN    177.000    119.600      8.058
(331)Co-N-HN    180.000    119.500      7.968
(332)Co-N-HN    178.700    119.900      7.956
(335)Co-N-HN    178.700    120.400      8.309
(339)Co-N-HN    175.800    121.500      8.263
(342)Co-N-HN    176.200    121.300      8.168
(347)Co-N-HN    174.200    120.200      8.052
(350)Co-N-HN    175.400    122.000      8.143
(352)Co-N-HN    176.600    121.400      8.098
(354)Co-N-HN    175.800    121.800      8.050
(355)Co-N-HN    175.400    121.700      8.014
(357)Co-N-HN    176.300    121.400      8.004
(359)Co-N-HN    176.800    121.600      7.937
(363)Co-N-HN    175.200    120.700      7.923
(365)Co-N-HN    175.900    120.900      7.852
(367)Co-N-HN    178.800    120.000      7.787
(368)Co-N-HN    174.500    120.100      7.853
(369)Co-N-HN    177.800    120.300      7.714
(373)Co-N-HN    178.500    122.000      7.736
(380)Co-N-HN    177.700    120.700      7.710
(1000)Co-N-HN    174.900    115.300      6.730
(1003)Co-N-HN    174.500    126.200      8.234
(1004)Co-N-HN    175.700    124.600      8.352
(1005)Co-N-HN    171.100    115.500      6.893
(1006)Co-N-HN    172.000    117.300      8.515
(1007)Co-N-HN    179.000    118.500      8.215
(1009)Co-N-HN    176.600    122.000      8.214
(1010)Co-N-HN    176.300    120.700      8.086
(1011)Co-N-HN    177.400    108.400      7.483
(1015)Co-N-HN    177.000    110.300      8.249
(1018)Co-N-HN    178.500    122.100      8.097
(1020)Co-N-HN    178.200    106.500      8.121
(1021)Co-N-HN    175.000    122.200      8.234
(1027)Co-N-HN    178.700    121.100      7.910
(1028)Co-N-HN    174.000    120.800      7.815
(1029)Co-N-HN    179.800    121.300      7.874
(1031)Co-N-HN    177.400    122.000      7.849
(1034)Co-N-HN    173.800    122.100      8.034
(1036)Co-N-HN    179.100    122.000      7.920
(1038)Co-N-HN    177.200    122.400      8.128
(1041)Co-N-HN    178.200    114.200      7.939
(1043)Co-N-HN    175.700    123.800      8.259
(1044)Co-N-HN    178.600    115.800      7.621
(1045)Co-N-HN    175.700    124.700      8.444
(1046)Co-N-HN    177.000    124.100      8.189
(1047)Co-N-HN    175.300    121.600      8.869
(1048)Co-N-HN    171.600    116.000      7.552
(1049)Co-N-HN    176.600    114.900      7.308
(1050)Co-N-HN    177.200    117.300      7.495
(1051)Co-N-HN    173.100    132.100      7.855
(1054)Co-N-HN    173.500    128.500      7.893
(1055)Co-N-HN    176.000    129.000      7.750
(1058)Co-N-HN    177.100    117.500      8.219
(1060)Co-N-HN    176.800    123.500      8.284
(1061)Co-N-HN    175.100    124.200      7.744
(1062)Co-N-HN    175.300    127.400      7.856
(1063)Co-N-HN    177.800    121.200      8.226
(1064)Co-N-HN    176.500    123.400      8.302
(1067)Co-N-HN    176.100    123.200      7.658
(1068)Co-N-HN    175.600    123.300      7.700
(1071)Co-N-HN    175.100    124.300      7.892
(1073)Co-N-HN    177.000    116.500      8.171
(1081)Co-N-HN    178.300    120.100      7.861
(1083)Co-N-HN    176.300    122.100      7.941
(1085)Co-N-HN    179.500    121.800      7.748
(1087)Co-N-HN    176.600    122.900      8.102
(1088)Co-N-HN    176.600    122.500      8.087
(1089)Co-N-HN    175.500    123.100      8.077
(1090)Co-N-HN    175.700    122.900      8.304
(1093)Co-N-HN    175.900    122.600      8.288
(1096)Co-N-HN    180.100    112.000      7.337
(1097)Co-N-HN    179.800    111.900      7.100
(1098)Co-N-HN    176.800    110.700      8.346
(2001)Co-N-HN    174.700    125.900      7.822
(5011)Co-N-HN    176.500    118.300      7.699
