(K4)Ca-N-HN(M)     63.200    121.000      8.129
(E7)Ca-N-HN(M)     55.360    121.400      8.318
(F8)Ca-N-HN(M)     57.950    121.100      8.038
(Y9)Ca-N-HN(M)     59.570    119.500      7.891
(Y16)Ca-N-HN(L)     53.980    121.800      8.179
(L21)Ca-N-HN(L)     57.290    128.800      8.719
(S26)Ca-N-HN(L)     56.520    113.100      8.049
(E29)Ca-N-HN(M)     58.070    127.100      8.793
(H32)Ca-N-HN(M)     56.720    116.700      7.655
(K33)Ca-N-HN(M)     59.050    116.700      7.699
(E34)Ca-N-HN(M)     58.810    118.300      7.321
(V35)Ca-N-HN(M)     58.590    122.400      8.478
(Q36)Ca-N-HN(M)     65.670    118.700      8.169
(F39)Ca-N-HN(M)     52.770    117.300      7.873
(H45)Ca-N-HN(L)     54.050    120.000      6.965
(F49)Ca-N-HN(L)     53.770    120.800      7.732
(D51)Ca-N-HN(L)     54.090    121.400      9.459
(V53)Ca-N-HN(L)     57.690    119.400      8.206
(K58)Ca-N-HN(L)     43.450    120.100      8.314
(L60)Ca-N-HN(L)     52.990    121.300      7.337
(L61)Ca-N-HN(M)     54.190    123.100      8.332
(T62)Ca-N-HN(M)     52.250    120.800      9.335
(L83)Ca-N-HN(L)     55.900    122.700      7.419
(V86)Ca-N-HN(M)     61.590    126.300      8.771
(W88)Ca-N-HN(M)     62.850    114.800      7.269
(V90)Ca-N-HN(L)     62.590    121.600      7.751
(K91)Ca-N-HN(L)     61.020    127.200      8.642
(N94)Ca-N-HN(L)     55.410    117.800      9.307
(I95)Ca-N-HN(L)     52.650    121.900      8.229
(K96)Ca-N-HN(M)     60.050    129.400      9.092
(H97)Ca-N-HN(L)     54.670    122.400      8.554
(E99)Ca-N-HN(L)     50.840    116.000      8.370
(I102)Ca-N-HN(F)     59.270    117.300      8.074
(A103)Ca-N-HN(F)     63.110    125.100      7.437
(A105)Ca-N-HN(L)     54.050    121.700      7.566
(C106)Ca-N-HN(M)     54.530    115.600      7.985
(D114)Ca-N-HN(L)     53.750    121.400      7.836
(Y115)Ca-N-HN(L)     55.110    121.400      7.912
(A129)Ca-N-HN(L)     54.130    125.000      7.826
(K130)Ca-N-HN(M)     51.860    121.800      7.919
(A133)Ca-N-HN(F)     56.880    122.900      7.742
(D136)Ca-N-HN(M)     56.810    120.800      8.145
(A137)Ca-N-HN(M)     54.170    123.800      7.817
(V138)Ca-N-HN(M)     51.980    121.300      7.850
(L140)Ca-N-HN(L)     62.890    119.300      8.406
(F146)Ca-N-HN(M)     53.860    121.300      7.667
(R148)Ca-N-HN(M)     61.950    117.900      7.555
(G152)Ca-N-HN(L)     56.170    104.600      7.108
(S153)Ca-N-HN(M)     45.810    109.100      7.105
(Y155)Ca-N-HN(M)     57.970    122.700      8.097
(G157)Ca-N-HN(L)     53.840    109.500      7.732
(Q158)Ca-N-HN(M)     44.940    120.300      8.282
(E160)Ca-N-HN(M)     54.230    121.500      8.166
(V161)Ca-N-HN(L)     56.260    121.000      7.945
(D162)Ca-N-HN(M)     61.980    124.300      8.215
(I163)Ca-N-HN(M)     53.950    122.200      7.959
(K164)Ca-N-HN(M)     61.690    121.600      8.015
(A167)Ca-N-HN(M)     45.580    118.000      6.915
(A168)Ca-N-HN(M)     49.050    122.300      6.224
(Y169)Ca-N-HN(L)     51.820    118.400      7.618
(L173)Ca-N-HN(M)     59.680    119.400      8.459
(F176)Ca-N-HN(L)     52.770    125.900      8.706
(D178)Ca-N-HN(M)     53.520    122.500      8.023
(Q180)Ca-N-HN(L)     64.370    116.400      7.920
(M182)Ca-N-HN(M)     56.280    125.800      7.936
(Y184)Ca-N-HN(M)     63.080    117.200      7.710
(L185)Ca-N-HN(M)     56.170    123.000      7.516
(K186)Ca-N-HN(M)     54.670    116.300      8.520
(Y190)Ca-N-HN(L)     62.620    123.000      8.184
(G192)Ca-N-HN(L)     58.290    116.800      8.745
(V198)Ca-N-HN(M)     51.760    118.100      7.572
(S199)Ca-N-HN(L)     60.840    119.400      7.348
(L206)Ca-N-HN(L)     51.120    119.400      8.614
(D208)Ca-N-HN(L)     61.350    124.400      6.889
(S210)Ca-N-HN(M)     56.040    117.800      8.259
(A211)Ca-N-HN(L)     57.380    129.200      7.942
(Y215)Ca-N-HN(L)     57.920    126.100      8.261
(S216)Ca-N-HN(L)     56.800    118.300      8.738
(Y217)Ca-N-HN(M)     57.500    123.700      8.477
(E220)Ca-N-HN(L)     58.580    121.700      8.265
(E223)Ca-N-HN(M)     62.180    122.300      8.599
(E224)Ca-N-HN(M)     56.320    122.500      8.395
(E225)Ca-N-HN(M)     55.790    122.800      8.344
(S226)Ca-N-HN(M)     56.060    118.500      8.260
(S230)Ca-N-HN(L)     53.910    116.700      8.160
(L232)Ca-N-HN(M)     56.070    122.900      7.776
(G234)Ca-N-HN(M)     56.030    110.500      8.151
(R235)Ca-N-HN(M)     44.660    121.000      7.974
(D236)Ca-N-HN(L)     54.540    124.800      8.484
(D238)Ca-N-HN(L)     62.950    120.200      8.270
(G243)Ca-N-HN(L)     61.820    112.900      8.374
(F244)Ca-N-HN(M)     44.750    120.300      8.140
(I246)Ca-N-HN(L)     54.760    118.200      8.114
(L255)Ca-N-HN(L)     45.090    118.000      7.270
(A256)Ca-N-HN(L)     57.540    123.600      8.189
(I257)Ca-N-HN(M)     50.730    119.400      8.239
(D263)Ca-N-HN(L)     44.080    123.400      8.299
(L268)Ca-N-HN(L)     54.800    126.600      8.414
(D269)Ca-N-HN(L)     56.120    121.200      6.594
(T274)Ca-N-HN(M)     54.070    121.900      8.274
(H275)Ca-N-HN(M)     62.330    122.300      8.310
(L280)Ca-N-HN(F)     54.860    121.500      8.211
(A281)Ca-N-HN(F)     56.090    126.100      8.013
(F287)Ca-N-HN(L)     55.050    117.100      8.078
(A294)Ca-N-HN(M)     61.150    127.500      7.930
(E295)Ca-N-HN(M)     49.670    122.800      8.922
(C296)Ca-N-HN(L)     54.360    123.000      8.775
(G299)Ca-N-HN(F)     69.380    114.500      8.142
(T300)Ca-N-HN(F)     44.880    115.600      7.822
(Y303)Ca-N-HN(L)     53.690    118.900      7.762
(C308)Ca-N-HN(L)     62.110    112.300      7.421
(L312)Ca-N-HN(L)     54.140    106.100      7.418
(N314)Ca-N-HN(M)     57.420    112.000      6.971
(V315)Ca-N-HN(M)     52.000    120.100      7.285
(C316)Ca-N-HN(L)     61.480    126.200      8.587
(D317)Ca-N-HN(M)     59.650    124.400      8.387
(D318)Ca-N-HN(L)     53.750    121.600      7.761
(D320)Ca-N-HN(L)     62.370    123.500      8.284
(V324)Ca-N-HN(F)     55.770    121.800      8.078
(L326)Ca-N-HN(L)     52.170    131.400      9.076
(S328)Ca-N-HN(L)     54.950    123.200      7.823
(A332)Ca-N-HN(M)     66.310    117.600      8.672
(V333)Ca-N-HN(M)     55.100    119.800      7.014
(K335)Ca-N-HN(M)     56.330    121.600      8.741
(E338)Ca-N-HN(L)     48.720    128.200      8.732
(V344)Ca-N-HN(L)     55.810    120.500      8.755
(F346)Ca-N-HN(L)     52.680    119.800      8.228
(L349)Ca-N-HN(L)     61.530    125.500      8.314
(Y359)Ca-N-HN(L)     53.980    118.700      7.795
(D364)Ca-N-HN(L)     62.720    120.500      7.714
(M370)Ca-N-HN(M)     65.600    119.400      9.189
(A371)Ca-N-HN(L)     59.740    123.000      7.850
(Q372)Ca-N-HN(L)     55.620    121.300      7.554
(L373)Ca-N-HN(M)     57.690    119.000      8.319
(W377)Ca-N-HN(L)     55.610    122.100      7.666
(K378)Ca-N-HN(L)     59.160    121.200      7.736
(G382)Ca-N-HN(M)     60.410    106.900      7.096
(V383)Ca-N-HN(M)     46.710    125.900      7.894
(T384)Ca-N-HN(L)     57.900    113.600      7.891
(V387)Ca-N-HN(L)     51.920    121.200      7.790
(H389)Ca-N-HN(F)     56.960    117.600      8.106
(R393)Ca-N-HN(L)     55.350    124.200      7.414
(V398)Ca-N-HN(L)     62.830    126.000      8.651
(R401)Ca-N-HN(L)     57.820    120.500      7.747
(L405)Ca-N-HN(M)     66.110    118.100      8.353
(T406)Ca-N-HN(M)     57.930    113.500      8.406
(I408)Ca-N-HN(M)     55.250    116.500      8.218
(L409)Ca-N-HN(M)     62.060    127.800      9.284
(S411)Ca-N-HN(M)     44.040    112.400      8.560
(T413)Ca-N-HN(M)     55.430    117.400      8.496
(A414)Ca-N-HN(M)     66.720    123.700      7.921
(N417)Ca-N-HN(L)     57.140    118.700      8.109
(R419)Ca-N-HN(L)     55.270    119.600      8.152
(R425)Ca-N-HN(L)     62.900    122.100      7.795
(R429)Ca-N-HN(L)     56.260    123.800      8.099
(R432)Ca-N-HN(L)     54.750    112.800      7.583
(A436)Ca-N-HN(L)     61.440    116.800      8.733
(K439)Ca-N-HN(L)     54.080    121.900      7.035
(Y445)Ca-N-HN(L)     62.850    121.800      8.148
(D450)Ca-N-HN(L)     54.370    126.200      8.741
(A451)Ca-N-HN(M)     53.820    129.900      8.426
(S452)Ca-N-HN(M)     52.590    115.100      8.626
(M453)Ca-N-HN(M)     59.270    121.600      6.790
(F457)Ca-N-HN(L)     59.940    117.700      8.182
(V463)Ca-N-HN(F)     64.450    119.500      8.551
(S464)Ca-N-HN(H)     66.990    114.500      7.999
(E465)Ca-N-HN(H)     61.280    123.600      7.787
(L466)Ca-N-HN(H)     58.740    120.400      8.023
(R467)Ca-N-HN(F)     57.410    118.100      8.421
(G468)Ca-N-HN(H)     59.180    105.300      7.783
(Q469)Ca-N-HN(H)     46.160    120.200      7.584
(L470)Ca-N-HN(F)     57.310    120.000      7.348
(A473)Ca-N-HN(M)     56.300    125.100      7.938
(K474)Ca-N-HN(M)     51.740    123.200      8.071
(1)Ca-N-HN     51.690    108.000      2.881
(2)Ca-N-HN     60.790    113.900      5.668
(5)Ca-N-HN     58.110    120.000      6.312
(7)Ca-N-HN     62.970    110.100      6.218
(8)Ca-N-HN     57.280    128.300      6.918
(9)Ca-N-HN     44.430    125.600      7.065
(13)Ca-N-HN     58.690    122.100      7.010
(15)Ca-N-HN     55.480    122.700      7.199
(18)Ca-N-HN     49.790    122.800      7.375
(19)Ca-N-HN     65.880    123.800      7.463
(21)Ca-N-HN     59.780    121.300      7.320
(22)Ca-N-HN     60.630    120.600      7.309
(28)Ca-N-HN     59.740    117.900      7.325
(32)Ca-N-HN     59.640    119.000      6.834
(35)Ca-N-HN     53.900    117.200      6.870
(37)Ca-N-HN     64.120    117.600      6.959
(43)Ca-N-HN     56.230    125.400      7.540
(47)Ca-N-HN     57.030    123.700      7.643
(48)Ca-N-HN     59.200    127.600      7.875
(51)Ca-N-HN     56.070    129.300      8.162
(53)Ca-N-HN     52.930    130.500      8.660
(55)Ca-N-HN     55.400    130.500      8.906
(58)Ca-N-HN     61.740    132.200      9.172
(62)Ca-N-HN     55.500    128.600      8.398
(64)Ca-N-HN     53.410    128.700      9.231
(66)Ca-N-HN     60.390    127.200      9.434
(67)Ca-N-HN     56.090    126.700      9.341
(68)Ca-N-HN     57.690    127.300      8.949
(69)Ca-N-HN     57.270    128.400      8.666
(70)Ca-N-HN     53.280    128.200      8.312
(71)Ca-N-HN     63.620    127.900      8.471
(72)Ca-N-HN     60.190    127.700      8.677
(74)Ca-N-HN     56.350    126.700      8.834
(78)Ca-N-HN     52.710    127.300      8.511
(79)Ca-N-HN     54.210    126.900      8.563
(81)Ca-N-HN     52.450    126.400      8.510
(85)Ca-N-HN     54.070    126.400      8.585
(86)Ca-N-HN     58.210    125.600      9.006
(87)Ca-N-HN     52.440    124.100      9.294
(88)Ca-N-HN     59.160    124.700      8.605
(90)Ca-N-HN     58.510    121.800      9.330
(92)Ca-N-HN     55.700    122.000      9.113
(93)Ca-N-HN     58.180    123.300      8.968
(94)Ca-N-HN     55.560    123.400      8.944
(95)Ca-N-HN     53.790    123.200      8.880
(98)Ca-N-HN     52.280    123.800      8.819
(99)Ca-N-HN     59.310    123.800      8.776
(100)Ca-N-HN     56.070    124.000      8.775
(102)Ca-N-HN     56.060    122.600      8.673
(103)Ca-N-HN     53.820    121.900      8.962
(104)Ca-N-HN     62.250    126.700      8.164
(107)Ca-N-HN     62.210    125.100      8.123
(109)Ca-N-HN     62.480    125.000      8.229
(111)Ca-N-HN     57.320    125.400      7.794
(113)Ca-N-HN     54.010    124.400      7.735
(119)Ca-N-HN     61.580    120.400      8.888
(121)Ca-N-HN     53.450    121.900      8.711
(123)Ca-N-HN     55.590    122.600      8.616
(124)Ca-N-HN     57.640    122.700      8.543
(127)Ca-N-HN     49.510    122.000      8.559
(129)Ca-N-HN     62.610    122.600      8.455
(134)Ca-N-HN     47.410    120.900      8.682
(136)Ca-N-HN     57.320    119.900      8.691
(143)Ca-N-HN     56.460    117.400      9.038
(148)Ca-N-HN     60.000    117.400      8.689
(151)Ca-N-HN     57.660    116.100      8.724
(153)Ca-N-HN     57.530    115.900      8.562
(154)Ca-N-HN     56.370    117.100      8.615
(159)Ca-N-HN     54.480    117.100      8.313
(160)Ca-N-HN     56.110    117.000      8.362
(161)Ca-N-HN     55.770    117.500      8.388
(164)Ca-N-HN     56.050    118.300      8.330
(165)Ca-N-HN     59.220    118.500      8.286
(170)Ca-N-HN     68.340    119.800      8.454
(171)Ca-N-HN     54.290    119.900      8.464
(173)Ca-N-HN     54.730    118.800      8.335
(175)Ca-N-HN     57.910    112.900      8.851
(176)Ca-N-HN     55.380    112.400      8.776
(180)Ca-N-HN     61.280    113.700      8.166
(183)Ca-N-HN     59.060    114.500      8.058
(187)Ca-N-HN     70.190    115.300      7.815
(188)Ca-N-HN     59.520    114.800      7.801
(193)Ca-N-HN     58.060    113.200      7.779
(197)Ca-N-HN     55.960    110.600      8.240
(205)Ca-N-HN     57.410    109.500      7.779
(207)Ca-N-HN     52.550    109.400      7.655
(209)Ca-N-HN     57.490    108.400      7.467
(212)Ca-N-HN     57.690    109.200      6.977
(240)Ca-N-HN     60.770    111.900      7.162
(244)Ca-N-HN     57.950    120.000      7.442
(245)Ca-N-HN     53.430    120.500      7.479
(246)Ca-N-HN     44.880    121.000      7.533
(249)Ca-N-HN     58.700    122.200      7.499
(251)Ca-N-HN     53.000    123.300      7.535
(252)Ca-N-HN     59.240    122.800      7.572
(255)Ca-N-HN     55.770    123.600      7.892
(263)Ca-N-HN     54.910    123.600      7.715
(264)Ca-N-HN     62.620    121.900      8.454
(265)Ca-N-HN     59.240    121.800      8.448
(266)Ca-N-HN     55.860    122.800      8.410
(269)Ca-N-HN     52.570    123.500      8.252
(273)Ca-N-HN     57.550    123.600      8.134
(274)Ca-N-HN     59.010    123.000      8.019
(279)Ca-N-HN     54.010    123.100      8.128
(281)Ca-N-HN     56.220    122.700      8.302
(288)Ca-N-HN     62.740    113.000      7.662
(292)Ca-N-HN     45.910    117.000      7.315
(305)Ca-N-HN     52.420    118.300      7.978
(306)Ca-N-HN     64.170    118.100      7.860
(307)Ca-N-HN     61.280    117.800      7.659
(315)Ca-N-HN     70.240    121.100      7.594
(319)Ca-N-HN     53.890    120.000      7.743
(321)Ca-N-HN     63.700    118.400      7.834
(323)Ca-N-HN     52.240    118.800      8.016
(325)Ca-N-HN     54.430    118.900      8.178
(329)Ca-N-HN     44.680    119.600      8.140
(330)Ca-N-HN     59.760    119.600      8.058
(331)Ca-N-HN     54.960    119.500      7.968
(332)Ca-N-HN     58.110    119.900      7.956
(335)Ca-N-HN     56.710    120.400      8.309
(339)Ca-N-HN     55.510    121.500      8.263
(342)Ca-N-HN     56.170    121.300      8.168
(347)Ca-N-HN     45.170    120.200      8.052
(350)Ca-N-HN     61.760    122.000      8.143
(352)Ca-N-HN     56.000    121.400      8.098
(354)Ca-N-HN     53.210    121.800      8.050
(355)Ca-N-HN     53.330    121.700      8.014
(357)Ca-N-HN     55.380    121.400      8.004
(359)Ca-N-HN     56.690    121.600      7.937
(363)Ca-N-HN     61.500    120.700      7.923
(365)Ca-N-HN     54.560    120.900      7.852
(368)Ca-N-HN     51.990    120.100      7.853
(369)Ca-N-HN     55.820    120.300      7.714
(373)Ca-N-HN     58.140    122.000      7.736
(380)Ca-N-HN     55.020    120.700      7.710
(1003)Ca-N-HN     57.900    126.200      8.234
(1004)Ca-N-HN     55.040    124.600      8.352
(1007)Ca-N-HN     50.810    118.500      8.215
(1009)Ca-N-HN     62.760    122.000      8.214
(1010)Ca-N-HN     56.760    120.700      8.086
(1015)Ca-N-HN     59.190    110.300      8.249
(1020)Ca-N-HN     58.340    106.500      8.121
(1028)Ca-N-HN     44.940    120.800      7.815
(1029)Ca-N-HN     59.070    121.300      7.874
(1031)Ca-N-HN     51.980    122.000      7.849
(1034)Ca-N-HN     57.890    122.100      8.034
(1041)Ca-N-HN     66.220    114.200      7.939
(1043)Ca-N-HN     54.960    123.800      8.259
(1046)Ca-N-HN     62.430    124.100      8.189
(1047)Ca-N-HN     54.310    121.600      8.869
(1050)Ca-N-HN     57.130    117.300      7.495
(1051)Ca-N-HN     57.750    132.100      7.855
(1054)Ca-N-HN     57.860    128.500      7.893
(1055)Ca-N-HN     62.730    129.000      7.750
(1061)Ca-N-HN     44.760    124.200      7.744
(1062)Ca-N-HN     55.870    127.400      7.856
(1063)Ca-N-HN     52.560    121.200      8.226
(1064)Ca-N-HN     56.240    123.400      8.302
(1067)Ca-N-HN     54.450    123.200      7.658
(1071)Ca-N-HN     55.810    124.300      7.892
(1072)Ca-N-HN     65.840    115.900      7.198
(1073)Ca-N-HN     58.230    116.500      8.171
(1079)Ca-N-HN     54.410    120.500      8.102
(1080)Ca-N-HN     57.040    119.400      8.067
(1081)Ca-N-HN     54.080    120.100      7.861
(1083)Ca-N-HN     59.040    122.100      7.941
(1085)Ca-N-HN     58.520    121.800      7.748
(1088)Ca-N-HN     55.390    122.500      8.087
(1089)Ca-N-HN     57.520    123.100      8.077
(1090)Ca-N-HN     62.240    122.900      8.304
(1093)Ca-N-HN     61.620    122.600      8.288
(1096)Ca-N-HN     62.170    112.000      7.337
(1097)Ca-N-HN     61.820    111.900      7.100
(1098)Ca-N-HN     56.330    110.700      8.346
(2001)Ca-N-HN     54.040    125.900      7.822
