## SLURM PROLOG ###############################################################
##    Job ID : 11946074
##  Job Name : new_and_improved?
##  Nodelist : node1630
##      CPUs : 1
##  Mem/Node : 1024 MB
## Directory : /gpfs/data/nfawzi/skale/Fawzi_pycharm_project
##   Started : Sun Apr  5 22:55:53 EDT 2020
###############################################################################
program started at:2020-04-05 22:55:53.736712
iterations: 72000000 temp: 1000000.0 exponent: 0.9 eif: 300.0
time taken (sec): 33499.59877324104
number of iterations: 72000000
final temperature: 159.26791088519815
og index list: [17, 186, 362, 338, 57, 183, 351, 167, 153, 202, 243, 107, 453, 94, 349, 44, 341, 388, 179, 463, 441, 464, 127, 298, 452, 426, 319, 22, 176, 51, 466, 408, 369, 53, 48, 204, 248, 117, 306, 92, 68, 178, 440, 331, 173, 343, 26, 159, 422, 448, 229, 81, 409, 226, 185, 207, 238, 73, 222, 380, 177, 28, 339, 47, 206, 205, 90, 419, 445, 370, 282, 103, 259, 315, 124, 247, 354, 332, 255, 416, 163, 361, 432, 45, 86, 41, 220, 456, 77, 276, 328, 98, 108, 82, 78, 471, 71, 283, 15, 142, 251, 313, 280, 382, 164, 58, 191, 70, 43, 281, 406, 110, 346, 184, 213, 269, 128, 203, 379, 264, 168, 157, 263, 225, 301, 61, 198, 254, 447, 188, 215, 109, 287, 256, 397, 246, 0, 180, 24, 458, 224, 311, 299, 443, 39, 253, 415, 350, 249, 88, 152, 245, 1, 293, 10, 314, 105, 189, 355, 129, 63, 454, 244, 425, 89, 55, 193, 67, 148, 19, 214, 446, 309, 122, 106, 383, 175, 181, 410, 460, 132, 40, 329, 288, 30, 412, 284, 85, 97, 300, 210, 172, 258, 74, 365, 170, 400, 335, 27, 321, 295, 76, 66, 318, 270, 219, 114, 194, 375, 31, 16, 149, 267, 322, 134, 455, 302, 100, 187, 14, 468, 286, 467, 305, 358, 450, 34, 423, 303, 143, 80, 427, 242, 348, 38, 384, 333, 33, 221, 337, 327, 352, 378, 414, 367, 436, 347, 240, 398, 271, 83, 131, 312, 171, 126, 190, 262, 162, 438, 424, 390, 278, 113, 260, 118, 20, 334, 137, 69, 218, 36, 325, 265, 279, 316, 420, 442, 340, 174, 125, 9, 197, 372, 323, 308, 393, 457, 200, 304, 150, 216, 326, 18, 59, 4, 130, 320, 37, 357, 235, 35, 417, 285, 330, 296, 111, 391, 239, 119, 252, 294, 395, 96, 421, 236, 399, 42, 101, 32, 72, 62, 470, 120, 459, 394, 310, 232, 368, 404, 95, 230, 277, 336, 46, 133, 437, 465, 431, 112, 461, 407, 234, 324, 250, 403, 121, 439, 165, 231, 472, 91, 11, 25, 87, 49, 3, 29, 292, 392, 223, 227, 146, 413, 7, 307, 342, 366, 297, 402, 208, 291, 428, 93, 430, 169, 376, 233, 201, 50, 212, 381, 345, 21, 102, 451, 84, 371, 156, 139, 192, 209, 360, 138, 273, 23, 429, 166, 65, 364, 155, 411, 385, 6, 353, 195, 154, 79, 123, 116, 199, 272, 396, 405, 356, 60, 104, 444, 377, 52, 158, 473, 266, 54, 182, 12, 387, 363, 99, 161, 374, 434, 449, 373, 289, 268, 160, 290, 274, 145, 217, 359, 228, 237, 344, 115, 433, 462, 261, 418, 241, 141, 5, 151, 211, 135, 386, 196, 257, 401, 140, 2, 56, 317, 389, 8, 64, 147, 275, 136, 435, 469, 75, 13, 144]
og index list energy: 253634848.3502226
index list: [233, 289, 370, 94, 305, 281, 465, 127, 140, 166, 449, 143, 357, 290, 472, 43, 404, 98, 213, 239, 107, 441, 78, 459, 248, 334, 19, 392, 110, 90, 25, 368, 123, 363, 309, 364, 285, 10, 425, 293, 155, 302, 339, 57, 379, 83, 82, 89, 134, 27, 350, 73, 218, 93, 108, 314, 419, 163, 22, 394, 139, 428, 126, 328, 24, 284, 149, 72, 467, 49, 236, 168, 397, 128, 258, 5, 207, 197, 210, 199, 329, 32, 471, 212, 365, 56, 265, 138, 352, 131, 145, 133, 167, 450, 41, 380, 38, 282, 136, 447, 137, 436, 187, 283, 85, 298, 184, 30, 106, 156, 346, 205, 458, 161, 409, 181, 355, 52, 225, 349, 103, 470, 175, 340, 229, 460, 279, 433, 96, 226, 438, 173, 371, 277, 440, 165, 432, 275, 454, 115, 331, 70, 463, 142, 434, 186, 383, 260, 468, 182, 327, 151, 246, 105, 416, 129, 381, 330, 179, 466, 125, 124, 63, 377, 296, 135, 348, 66, 164, 170, 473, 172, 75, 252, 87, 79, 410, 268, 421, 54, 361, 16, 400, 104, 152, 183, 35, 367, 263, 337, 272, 453, 40, 86, 88, 318, 113, 324, 119, 176, 446, 242, 343, 191, 4, 192, 351, 2, 469, 20, 443, 206, 8, 420, 271, 384, 21, 59, 18, 398, 243, 399, 320, 273, 356, 270, 393, 9, 378, 194, 196, 189, 437, 36, 462, 322, 61, 424, 109, 0, 208, 153, 76, 257, 405, 46, 430, 160, 372, 238, 442, 58, 311, 216, 158, 464, 227, 1, 286, 269, 102, 297, 234, 235, 132, 122, 215, 389, 203, 171, 29, 201, 224, 174, 202, 303, 249, 228, 53, 390, 178, 332, 457, 280, 245, 190, 97, 200, 99, 241, 344, 267, 65, 359, 159, 14, 403, 48, 251, 317, 188, 300, 185, 37, 388, 3, 204, 193, 306, 7, 118, 253, 254, 323, 154, 395, 316, 412, 321, 247, 266, 415, 147, 91, 338, 77, 376, 55, 414, 313, 342, 71, 308, 28, 375, 237, 261, 347, 244, 92, 47, 373, 274, 353, 222, 262, 402, 101, 144, 64, 60, 120, 51, 255, 287, 406, 39, 391, 292, 301, 276, 422, 221, 360, 26, 396, 13, 162, 461, 111, 68, 232, 299, 112, 42, 411, 310, 431, 326, 387, 31, 209, 295, 325, 336, 423, 211, 362, 198, 429, 195, 354, 427, 291, 452, 81, 435, 67, 231, 304, 358, 69, 45, 259, 385, 33, 256, 62, 6, 366, 15, 150, 250, 157, 278, 95, 401, 335, 23, 214, 345, 12, 386, 177, 315, 130, 121, 382, 180, 169, 439, 17, 444, 333, 288, 408, 223, 369, 74, 418, 312, 114, 230, 413, 294, 455, 264, 451, 141, 448, 117, 341, 11, 319, 240, 456, 220, 84, 407, 50, 374, 146, 34, 116, 80, 307, 219, 426, 217, 417, 100, 445, 44, 148]
index list energy: 25907222.860702902
Done


program ended at: 2020-04-06 08:14:13.769245 
 time delta: 9:18:20.032533
