## SLURM PROLOG ###############################################################
##    Job ID : 11945925
##  Job Name : new_and_improved?
##  Nodelist : node1621
##      CPUs : 1
##  Mem/Node : 1024 MB
## Directory : /gpfs/data/nfawzi/skale/Fawzi_pycharm_project
##   Started : Sun Apr  5 22:55:12 EDT 2020
###############################################################################
program started at:2020-04-05 22:55:16.248921
iterations: 72000000 temp: 1000000.0 exponent: 0.9 eif: 300.0
time taken (sec): 43366.46403002739
number of iterations: 72000000
final temperature: 159.26791088519815
og index list: [299, 309, 295, 304, 67, 415, 164, 364, 316, 90, 376, 420, 170, 311, 35, 418, 346, 289, 55, 240, 324, 173, 231, 137, 79, 100, 163, 53, 71, 298, 206, 133, 125, 184, 237, 359, 267, 160, 264, 136, 388, 32, 325, 16, 190, 59, 92, 257, 62, 74, 461, 42, 175, 361, 397, 8, 275, 12, 131, 26, 118, 69, 156, 340, 56, 385, 178, 76, 339, 212, 366, 423, 129, 307, 220, 111, 260, 277, 468, 409, 211, 138, 434, 99, 292, 451, 134, 426, 201, 49, 242, 227, 85, 306, 249, 115, 419, 191, 373, 404, 384, 112, 1, 314, 83, 328, 228, 57, 416, 209, 370, 143, 166, 336, 127, 73, 469, 144, 150, 96, 296, 165, 185, 436, 176, 104, 107, 429, 114, 302, 464, 15, 278, 400, 4, 234, 347, 261, 77, 141, 17, 60, 216, 20, 457, 285, 330, 396, 148, 183, 233, 369, 25, 149, 297, 188, 122, 14, 433, 317, 154, 438, 21, 7, 251, 456, 427, 453, 68, 232, 82, 167, 41, 459, 321, 406, 439, 357, 248, 181, 452, 65, 258, 288, 152, 91, 229, 50, 294, 265, 256, 179, 281, 244, 393, 197, 442, 276, 51, 140, 186, 66, 318, 38, 411, 465, 205, 80, 272, 333, 5, 72, 286, 274, 238, 235, 410, 142, 387, 338, 398, 454, 95, 241, 182, 169, 94, 284, 378, 308, 431, 327, 147, 187, 43, 253, 472, 224, 210, 86, 98, 389, 408, 386, 139, 259, 81, 208, 113, 430, 226, 291, 441, 279, 11, 263, 390, 322, 412, 315, 326, 222, 383, 174, 123, 157, 424, 202, 130, 354, 198, 293, 120, 355, 303, 331, 105, 320, 374, 283, 255, 301, 168, 391, 273, 247, 22, 106, 466, 219, 447, 3, 159, 162, 319, 177, 172, 199, 37, 214, 358, 351, 192, 287, 445, 403, 45, 334, 449, 377, 473, 10, 119, 245, 367, 195, 189, 413, 70, 414, 207, 155, 402, 269, 440, 52, 446, 217, 63, 36, 153, 432, 196, 395, 352, 363, 193, 271, 344, 108, 360, 109, 19, 371, 455, 48, 89, 132, 313, 128, 471, 460, 343, 121, 161, 230, 218, 158, 417, 239, 254, 64, 171, 87, 353, 61, 421, 407, 221, 435, 124, 58, 54, 180, 290, 243, 462, 88, 282, 101, 444, 40, 300, 310, 117, 110, 204, 126, 102, 75, 145, 422, 350, 335, 23, 381, 312, 458, 252, 223, 27, 365, 450, 375, 392, 236, 246, 399, 250, 379, 349, 28, 372, 345, 29, 116, 146, 425, 213, 437, 266, 18, 270, 323, 448, 401, 337, 348, 203, 103, 13, 78, 262, 44, 24, 93, 6, 200, 0, 332, 31, 2, 342, 362, 382, 135, 268, 33, 394, 84, 305, 151, 380, 215, 405, 467, 329, 341, 46, 463, 47, 39, 356, 9, 470, 30, 34, 194, 97, 280, 368, 443, 225, 428]
og index list energy: 242026926.33753473
index list: [28, 236, 66, 357, 241, 347, 261, 278, 244, 465, 158, 425, 61, 150, 164, 148, 458, 116, 163, 423, 195, 406, 146, 471, 70, 80, 63, 344, 279, 437, 94, 304, 442, 135, 351, 83, 402, 79, 348, 60, 134, 170, 372, 237, 256, 154, 64, 296, 445, 57, 218, 89, 231, 332, 473, 225, 428, 221, 298, 87, 411, 153, 415, 78, 118, 20, 3, 204, 2, 254, 56, 363, 33, 32, 325, 161, 334, 229, 358, 46, 435, 194, 37, 398, 62, 286, 171, 186, 234, 382, 220, 320, 321, 416, 339, 217, 407, 160, 438, 145, 457, 310, 330, 52, 460, 266, 340, 27, 38, 370, 121, 75, 414, 264, 367, 101, 419, 178, 439, 147, 262, 301, 1, 258, 77, 371, 13, 355, 111, 19, 463, 309, 124, 281, 114, 166, 422, 313, 456, 293, 365, 418, 205, 440, 337, 230, 288, 25, 396, 113, 451, 104, 427, 88, 424, 117, 388, 233, 127, 84, 317, 109, 181, 362, 269, 69, 21, 323, 99, 453, 172, 257, 246, 51, 284, 223, 354, 54, 454, 275, 410, 58, 368, 105, 319, 292, 144, 138, 207, 201, 210, 199, 446, 10, 361, 120, 125, 155, 107, 214, 448, 168, 389, 294, 137, 157, 390, 53, 287, 208, 8, 252, 193, 76, 447, 312, 353, 151, 408, 248, 302, 182, 176, 394, 188, 191, 4, 308, 5, 443, 314, 386, 49, 305, 328, 333, 249, 177, 34, 274, 430, 45, 272, 227, 432, 189, 380, 196, 346, 9, 387, 291, 352, 300, 185, 381, 243, 420, 169, 184, 216, 173, 159, 235, 267, 315, 26, 0, 374, 139, 449, 85, 412, 72, 97, 192, 359, 212, 350, 119, 384, 152, 255, 324, 253, 263, 30, 392, 251, 224, 345, 6, 136, 215, 385, 149, 14, 322, 91, 401, 180, 433, 42, 122, 377, 24, 303, 23, 379, 327, 202, 467, 238, 318, 143, 364, 55, 82, 378, 142, 44, 342, 331, 126, 247, 131, 128, 466, 50, 444, 226, 95, 426, 65, 167, 429, 165, 403, 115, 277, 400, 103, 239, 123, 404, 73, 360, 22, 228, 259, 395, 179, 376, 211, 311, 197, 206, 338, 29, 341, 11, 110, 15, 369, 242, 356, 71, 18, 297, 175, 393, 129, 276, 462, 326, 86, 285, 31, 336, 209, 174, 271, 469, 17, 441, 96, 92, 93, 450, 43, 468, 273, 329, 290, 431, 280, 245, 270, 383, 203, 289, 100, 417, 59, 162, 282, 140, 81, 405, 90, 472, 156, 373, 295, 41, 40, 464, 335, 391, 187, 399, 307, 133, 7, 366, 68, 421, 36, 434, 39, 455, 198, 250, 106, 343, 190, 452, 200, 240, 459, 47, 108, 74, 232, 35, 283, 12, 299, 219, 260, 375, 316, 268, 349, 132, 397, 112, 130, 265, 213, 183, 98, 461, 102, 436, 222, 141, 306, 413, 67, 470, 48, 409, 16]
index list energy: 28809732.233192217
Done


program ended at: 2020-04-06 10:58:03.058916 
 time delta: 12:02:46.809995
