## SLURM PROLOG ###############################################################
##    Job ID : 11945967
##  Job Name : new_and_improved?
##  Nodelist : node1143
##      CPUs : 1
##  Mem/Node : 1024 MB
## Directory : /gpfs/data/nfawzi/skale/Fawzi_pycharm_project
##   Started : Sun Apr  5 22:55:43 EDT 2020
###############################################################################
program started at:2020-04-05 22:55:44.792587
iterations: 72000000 temp: 1000000.0 exponent: 0.9 eif: 300.0
time taken (sec): 38880.2506506443
number of iterations: 72000000
final temperature: 159.26791088519815
og index list: [177, 375, 249, 352, 84, 467, 44, 73, 369, 14, 382, 42, 51, 170, 30, 411, 231, 241, 273, 165, 308, 421, 277, 443, 38, 332, 304, 80, 341, 16, 110, 94, 117, 299, 52, 346, 310, 457, 385, 472, 171, 48, 136, 259, 265, 263, 219, 137, 328, 383, 68, 275, 74, 407, 222, 17, 134, 451, 248, 169, 85, 283, 8, 81, 95, 465, 212, 307, 83, 295, 321, 442, 253, 429, 113, 342, 56, 471, 163, 339, 337, 12, 176, 211, 213, 214, 449, 129, 180, 160, 195, 260, 444, 103, 187, 279, 244, 232, 93, 62, 312, 196, 78, 190, 24, 331, 132, 230, 28, 378, 54, 13, 264, 114, 409, 203, 313, 50, 297, 182, 161, 133, 116, 115, 377, 316, 432, 393, 397, 403, 354, 96, 258, 86, 192, 435, 439, 384, 359, 119, 368, 150, 301, 112, 32, 142, 327, 166, 412, 63, 418, 23, 406, 87, 147, 207, 468, 59, 157, 26, 209, 466, 111, 238, 405, 109, 345, 41, 334, 184, 255, 336, 293, 454, 191, 285, 286, 71, 414, 288, 367, 363, 229, 335, 101, 36, 357, 33, 125, 216, 270, 131, 289, 79, 226, 309, 11, 197, 419, 401, 427, 243, 148, 338, 330, 250, 72, 121, 31, 92, 389, 325, 430, 271, 254, 130, 204, 5, 164, 450, 227, 61, 358, 272, 70, 246, 69, 413, 349, 242, 306, 106, 234, 391, 107, 423, 361, 102, 53, 7, 396, 428, 344, 27, 39, 1, 144, 470, 29, 233, 140, 123, 402, 0, 4, 394, 461, 247, 104, 141, 206, 9, 236, 371, 183, 374, 220, 420, 105, 19, 353, 291, 46, 34, 434, 49, 218, 381, 376, 98, 118, 425, 422, 298, 436, 199, 317, 99, 318, 364, 365, 322, 462, 10, 181, 441, 395, 400, 256, 294, 175, 380, 172, 120, 469, 200, 40, 305, 362, 404, 437, 262, 245, 60, 458, 193, 194, 416, 251, 146, 370, 58, 460, 302, 21, 326, 138, 152, 455, 76, 240, 392, 373, 387, 348, 108, 398, 90, 205, 431, 356, 158, 151, 274, 303, 452, 201, 202, 100, 124, 410, 296, 347, 239, 221, 65, 37, 143, 173, 20, 433, 159, 179, 390, 440, 66, 447, 57, 223, 276, 135, 284, 287, 388, 424, 292, 311, 366, 408, 320, 217, 426, 343, 178, 340, 149, 399, 188, 15, 268, 162, 67, 64, 91, 333, 355, 257, 97, 415, 446, 82, 155, 168, 167, 379, 235, 75, 89, 448, 185, 189, 208, 6, 386, 145, 228, 128, 282, 186, 225, 215, 267, 122, 153, 198, 154, 18, 329, 456, 280, 22, 174, 139, 156, 372, 266, 315, 290, 463, 126, 269, 453, 278, 324, 314, 261, 47, 360, 319, 351, 323, 77, 252, 45, 88, 210, 35, 237, 464, 281, 43, 55, 25, 473, 438, 127, 300, 459, 350, 3, 445, 224, 417, 2]
og index list energy: 285504233.33685786
index list: [246, 74, 445, 143, 368, 106, 394, 102, 367, 78, 167, 38, 370, 88, 358, 56, 180, 421, 165, 363, 99, 472, 33, 414, 187, 252, 136, 276, 447, 72, 365, 314, 405, 90, 356, 52, 163, 357, 50, 380, 107, 401, 185, 34, 169, 416, 189, 425, 4, 347, 19, 320, 168, 437, 152, 460, 95, 417, 26, 410, 2, 275, 191, 278, 6, 108, 27, 139, 1, 41, 352, 0, 305, 176, 374, 199, 204, 272, 184, 299, 336, 206, 415, 208, 58, 153, 111, 350, 123, 395, 264, 429, 316, 166, 86, 156, 85, 330, 179, 470, 13, 344, 45, 342, 158, 118, 145, 12, 436, 322, 30, 361, 40, 453, 219, 319, 254, 182, 243, 439, 197, 398, 200, 205, 432, 100, 326, 403, 226, 298, 221, 404, 290, 140, 428, 71, 462, 280, 371, 321, 283, 234, 434, 172, 98, 236, 142, 133, 435, 110, 237, 457, 148, 348, 196, 420, 195, 355, 64, 130, 346, 210, 97, 228, 134, 328, 112, 91, 251, 409, 60, 261, 155, 101, 362, 244, 373, 54, 341, 186, 384, 43, 399, 105, 418, 260, 392, 138, 413, 135, 104, 75, 250, 270, 201, 227, 20, 32, 387, 188, 396, 46, 385, 325, 455, 266, 81, 122, 59, 284, 289, 202, 256, 7, 287, 297, 213, 128, 334, 271, 216, 203, 301, 422, 331, 452, 39, 360, 44, 103, 323, 21, 419, 25, 443, 53, 115, 464, 61, 92, 324, 5, 235, 267, 359, 257, 388, 73, 441, 304, 389, 286, 129, 229, 424, 3, 171, 63, 446, 70, 440, 144, 300, 127, 379, 94, 340, 89, 448, 255, 109, 408, 17, 119, 68, 239, 125, 193, 220, 302, 288, 431, 309, 313, 315, 269, 66, 247, 76, 51, 376, 29, 406, 62, 159, 217, 458, 241, 225, 160, 393, 80, 310, 245, 327, 55, 345, 339, 198, 259, 37, 407, 211, 461, 274, 466, 36, 473, 9, 454, 194, 369, 318, 15, 294, 390, 146, 248, 468, 23, 427, 307, 174, 11, 303, 35, 381, 120, 212, 141, 154, 181, 215, 372, 263, 423, 335, 28, 354, 285, 223, 451, 8, 400, 14, 161, 337, 31, 253, 147, 293, 77, 467, 83, 383, 151, 232, 230, 364, 262, 292, 351, 69, 338, 311, 87, 265, 57, 377, 233, 137, 84, 378, 79, 162, 170, 207, 190, 150, 397, 10, 433, 48, 450, 124, 240, 444, 164, 391, 42, 329, 333, 282, 22, 456, 249, 183, 149, 279, 469, 93, 366, 24, 214, 295, 192, 177, 258, 317, 117, 465, 116, 412, 312, 375, 238, 47, 402, 49, 113, 430, 131, 281, 18, 426, 178, 411, 242, 471, 175, 349, 209, 132, 442, 96, 438, 65, 231, 67, 353, 222, 173, 268, 343, 16, 386, 332, 463, 273, 382, 277, 308, 157, 224, 459, 121, 126, 114, 218, 296, 82, 306, 449, 291]
index list energy: 30552107.465572905
Done


program ended at: 2020-04-06 09:43:45.415629 
 time delta: 10:48:00.623042
