## SLURM PROLOG ###############################################################
##    Job ID : 11945963
##  Job Name : new_and_improved?
##  Nodelist : node1103
##      CPUs : 1
##  Mem/Node : 1024 MB
## Directory : /gpfs/data/nfawzi/skale/Fawzi_pycharm_project
##   Started : Sun Apr  5 22:55:41 EDT 2020
###############################################################################
program started at:2020-04-05 22:55:44.784546
iterations: 72000000 temp: 1000000.0 exponent: 0.9 eif: 300.0
time taken (sec): 50037.049506664276
number of iterations: 72000000
final temperature: 159.26791088519815
og index list: [191, 56, 127, 130, 96, 31, 11, 62, 446, 361, 189, 277, 187, 452, 197, 295, 123, 388, 21, 192, 341, 88, 121, 115, 451, 356, 57, 107, 389, 46, 226, 273, 20, 383, 304, 269, 370, 343, 445, 413, 137, 66, 396, 292, 253, 218, 73, 148, 280, 244, 78, 447, 306, 129, 139, 464, 328, 353, 312, 421, 83, 140, 5, 71, 393, 289, 387, 39, 233, 363, 223, 10, 211, 113, 146, 111, 392, 398, 333, 120, 434, 437, 454, 242, 100, 0, 166, 175, 365, 412, 28, 243, 375, 334, 34, 429, 403, 183, 222, 390, 358, 438, 156, 85, 350, 55, 198, 228, 424, 194, 225, 236, 369, 463, 106, 7, 149, 54, 219, 284, 200, 44, 49, 407, 144, 12, 132, 368, 203, 70, 371, 32, 13, 296, 265, 178, 459, 330, 86, 458, 469, 271, 114, 385, 105, 119, 310, 101, 380, 346, 229, 473, 279, 23, 399, 52, 425, 419, 311, 406, 79, 3, 293, 414, 43, 170, 408, 116, 184, 329, 470, 195, 204, 283, 238, 135, 141, 259, 332, 318, 128, 471, 374, 409, 216, 376, 6, 262, 29, 258, 118, 291, 410, 466, 69, 342, 239, 59, 430, 174, 274, 208, 206, 268, 90, 151, 150, 367, 202, 4, 359, 213, 436, 51, 50, 313, 325, 305, 63, 261, 217, 442, 404, 173, 154, 267, 131, 461, 68, 117, 177, 391, 340, 415, 272, 125, 270, 435, 179, 210, 163, 214, 378, 186, 309, 357, 440, 263, 366, 302, 248, 15, 143, 420, 235, 159, 439, 53, 65, 336, 252, 201, 405, 45, 152, 42, 215, 104, 339, 460, 61, 161, 188, 322, 92, 181, 82, 245, 40, 109, 416, 286, 427, 64, 260, 103, 230, 207, 448, 254, 443, 93, 172, 185, 462, 355, 428, 164, 453, 209, 95, 48, 30, 331, 168, 16, 264, 112, 99, 400, 266, 441, 317, 138, 337, 282, 1, 352, 84, 297, 450, 299, 249, 386, 36, 24, 37, 110, 321, 247, 25, 457, 169, 190, 316, 234, 338, 142, 349, 87, 72, 155, 58, 241, 157, 91, 275, 182, 326, 255, 74, 134, 98, 278, 80, 433, 354, 423, 256, 307, 199, 47, 251, 384, 180, 323, 373, 449, 19, 35, 300, 231, 153, 402, 257, 362, 145, 418, 147, 314, 417, 431, 379, 347, 97, 220, 348, 281, 351, 33, 294, 360, 41, 67, 227, 246, 394, 344, 232, 26, 38, 382, 467, 18, 76, 432, 372, 94, 455, 290, 167, 77, 468, 193, 422, 364, 324, 162, 250, 303, 75, 102, 27, 276, 124, 320, 426, 17, 2, 136, 9, 285, 81, 126, 22, 377, 160, 287, 456, 288, 345, 60, 444, 205, 381, 401, 158, 165, 315, 319, 397, 176, 122, 89, 301, 237, 327, 196, 14, 240, 171, 298, 411, 212, 472, 395, 308, 335, 8, 133, 224, 221, 465, 108]
og index list energy: 220961580.72532353
index list: [15, 236, 260, 308, 111, 363, 124, 185, 406, 187, 345, 39, 454, 286, 176, 208, 148, 94, 134, 239, 157, 28, 258, 259, 390, 270, 383, 51, 156, 92, 269, 73, 379, 336, 13, 447, 274, 207, 445, 102, 351, 261, 352, 130, 237, 329, 178, 234, 348, 142, 160, 374, 250, 177, 356, 96, 97, 217, 34, 62, 44, 181, 440, 63, 297, 85, 112, 135, 451, 2, 472, 32, 405, 227, 265, 244, 425, 19, 473, 116, 264, 317, 115, 337, 220, 138, 449, 313, 409, 229, 368, 248, 375, 309, 417, 121, 437, 213, 65, 462, 48, 170, 327, 77, 441, 68, 377, 199, 195, 243, 330, 325, 399, 235, 197, 122, 110, 7, 37, 6, 288, 171, 66, 393, 339, 211, 9, 385, 14, 344, 36, 404, 251, 347, 263, 301, 400, 289, 468, 165, 315, 225, 434, 41, 118, 43, 364, 238, 401, 273, 428, 42, 357, 173, 349, 247, 45, 460, 209, 95, 298, 11, 403, 219, 214, 158, 380, 206, 5, 191, 433, 194, 86, 335, 307, 22, 372, 23, 419, 16, 439, 275, 456, 105, 228, 159, 226, 240, 252, 152, 466, 25, 80, 218, 300, 249, 338, 4, 245, 147, 310, 1, 283, 12, 76, 108, 296, 55, 284, 292, 162, 267, 446, 272, 395, 126, 139, 60, 424, 326, 18, 402, 203, 444, 253, 212, 150, 114, 133, 366, 241, 341, 294, 99, 413, 132, 452, 144, 93, 334, 83, 193, 107, 72, 389, 104, 343, 10, 411, 189, 196, 186, 201, 113, 287, 183, 54, 82, 388, 90, 155, 26, 303, 17, 369, 27, 79, 89, 414, 81, 316, 443, 0, 354, 318, 58, 278, 3, 408, 192, 21, 423, 149, 230, 458, 324, 59, 436, 190, 188, 410, 70, 20, 224, 311, 129, 276, 376, 106, 469, 302, 421, 231, 57, 360, 182, 87, 346, 151, 172, 306, 119, 459, 254, 174, 180, 416, 154, 331, 137, 350, 222, 78, 215, 415, 31, 40, 381, 198, 153, 455, 136, 431, 271, 358, 123, 282, 386, 257, 373, 168, 387, 91, 204, 35, 450, 69, 371, 8, 50, 418, 143, 394, 88, 370, 322, 24, 467, 29, 340, 314, 320, 184, 120, 328, 161, 470, 291, 457, 141, 285, 117, 471, 175, 353, 277, 367, 202, 30, 391, 127, 46, 382, 75, 216, 262, 426, 103, 378, 163, 448, 71, 319, 312, 430, 53, 304, 465, 290, 435, 221, 398, 321, 461, 131, 128, 407, 145, 61, 427, 109, 166, 397, 281, 422, 200, 355, 210, 342, 33, 432, 242, 140, 323, 38, 232, 101, 179, 392, 205, 420, 223, 362, 280, 412, 169, 438, 255, 293, 167, 279, 359, 74, 442, 98, 429, 49, 299, 332, 453, 100, 384, 268, 396, 233, 52, 305, 125, 146, 246, 64, 84, 256, 333, 295, 47, 365, 266, 463, 67, 361, 164, 464, 56]
index list energy: 27880775.97382483
Done


program ended at: 2020-04-06 12:49:42.218623 
 time delta: 13:53:57.434077
