## SLURM PROLOG ###############################################################
##    Job ID : 11945968
##  Job Name : new_and_improved?
##  Nodelist : node1164
##      CPUs : 1
##  Mem/Node : 1024 MB
## Directory : /gpfs/data/nfawzi/skale/Fawzi_pycharm_project
##   Started : Sun Apr  5 22:55:41 EDT 2020
###############################################################################
program started at:2020-04-05 22:55:44.811026
iterations: 72000000 temp: 1000000.0 exponent: 0.9 eif: 300.0
time taken (sec): 44368.7393283844
number of iterations: 72000000
final temperature: 159.26791088519815
og index list: [330, 328, 420, 259, 82, 96, 122, 65, 29, 134, 299, 232, 437, 359, 301, 173, 207, 389, 41, 329, 152, 208, 53, 110, 410, 376, 449, 428, 452, 436, 236, 189, 10, 167, 374, 345, 180, 203, 391, 315, 200, 140, 195, 113, 314, 344, 397, 242, 257, 135, 352, 118, 70, 3, 170, 234, 467, 132, 277, 275, 341, 182, 147, 14, 284, 322, 209, 26, 216, 353, 334, 454, 191, 185, 157, 169, 56, 401, 413, 102, 346, 206, 464, 434, 103, 308, 470, 289, 290, 262, 405, 219, 21, 386, 144, 360, 7, 31, 54, 335, 39, 243, 73, 286, 281, 246, 318, 247, 241, 305, 338, 59, 444, 390, 240, 34, 51, 44, 416, 245, 38, 321, 220, 460, 258, 193, 256, 171, 307, 89, 324, 319, 15, 139, 172, 427, 435, 462, 142, 183, 295, 129, 309, 350, 252, 312, 6, 114, 303, 105, 347, 398, 313, 32, 81, 274, 61, 292, 57, 58, 24, 429, 412, 415, 179, 223, 355, 77, 383, 276, 215, 214, 382, 372, 300, 116, 267, 326, 403, 423, 217, 268, 385, 97, 278, 380, 136, 455, 265, 332, 323, 120, 310, 126, 331, 250, 36, 354, 67, 127, 218, 414, 71, 153, 373, 4, 235, 109, 461, 94, 125, 159, 404, 186, 72, 393, 273, 88, 68, 370, 279, 361, 465, 306, 184, 431, 311, 371, 456, 130, 402, 287, 74, 100, 351, 148, 17, 438, 233, 137, 422, 107, 365, 92, 150, 55, 399, 30, 62, 224, 348, 472, 181, 66, 37, 46, 255, 408, 443, 8, 93, 111, 421, 131, 108, 388, 451, 19, 270, 160, 20, 151, 269, 285, 188, 357, 244, 163, 0, 445, 450, 298, 85, 166, 60, 442, 296, 266, 101, 294, 394, 141, 194, 154, 177, 441, 190, 473, 63, 1, 128, 176, 196, 86, 419, 146, 400, 138, 317, 106, 395, 161, 343, 168, 349, 145, 211, 155, 78, 367, 447, 115, 231, 64, 198, 2, 69, 104, 25, 237, 199, 263, 471, 28, 280, 453, 221, 283, 47, 87, 239, 42, 463, 11, 406, 363, 133, 49, 48, 426, 33, 197, 432, 13, 340, 230, 288, 16, 27, 375, 356, 424, 439, 149, 91, 9, 112, 446, 254, 369, 213, 339, 228, 440, 282, 458, 95, 381, 433, 98, 378, 358, 384, 123, 325, 272, 117, 271, 75, 457, 396, 156, 407, 162, 45, 362, 238, 192, 364, 297, 202, 121, 212, 225, 466, 119, 52, 411, 264, 379, 50, 210, 164, 83, 387, 468, 418, 84, 469, 409, 174, 430, 377, 327, 90, 35, 336, 229, 80, 251, 99, 226, 333, 316, 253, 261, 425, 12, 337, 248, 40, 175, 368, 291, 201, 43, 124, 320, 204, 18, 143, 392, 187, 23, 366, 459, 158, 304, 342, 76, 302, 222, 260, 227, 417, 178, 5, 79, 293, 22, 205, 249, 165, 448]
og index list energy: 252573196.4115022
index list: [286, 230, 325, 383, 120, 151, 471, 253, 233, 312, 61, 34, 69, 326, 244, 469, 39, 405, 177, 155, 84, 398, 269, 95, 446, 121, 457, 262, 379, 339, 71, 307, 259, 416, 301, 64, 24, 453, 88, 108, 209, 79, 305, 220, 60, 119, 360, 113, 406, 22, 423, 38, 441, 28, 435, 294, 449, 328, 250, 192, 345, 53, 401, 292, 333, 362, 30, 357, 211, 80, 81, 295, 111, 394, 107, 299, 57, 452, 137, 162, 282, 217, 201, 206, 200, 243, 239, 313, 41, 298, 179, 170, 260, 384, 279, 431, 46, 395, 130, 347, 48, 97, 359, 249, 185, 442, 202, 409, 6, 358, 40, 207, 396, 67, 218, 156, 451, 129, 222, 245, 109, 377, 226, 135, 403, 327, 17, 388, 101, 232, 163, 371, 3, 454, 5, 131, 254, 56, 364, 19, 334, 261, 319, 169, 438, 268, 458, 266, 421, 290, 468, 166, 417, 106, 102, 86, 274, 444, 161, 419, 63, 428, 241, 352, 99, 349, 157, 42, 167, 346, 263, 375, 271, 147, 369, 154, 402, 153, 418, 186, 426, 43, 367, 50, 281, 437, 72, 280, 439, 237, 354, 238, 142, 124, 139, 308, 289, 467, 216, 127, 461, 144, 385, 310, 464, 208, 231, 132, 303, 210, 287, 68, 350, 187, 329, 11, 415, 2, 397, 117, 302, 338, 96, 450, 225, 386, 242, 466, 285, 189, 194, 351, 197, 370, 193, 181, 411, 191, 390, 32, 368, 213, 89, 126, 55, 410, 173, 315, 316, 264, 424, 58, 324, 309, 412, 8, 87, 118, 229, 429, 227, 300, 125, 440, 44, 472, 29, 258, 188, 195, 267, 115, 37, 448, 94, 399, 83, 323, 21, 122, 20, 434, 4, 214, 171, 255, 136, 75, 378, 76, 381, 85, 1, 366, 0, 414, 248, 353, 203, 176, 433, 272, 140, 174, 158, 374, 330, 123, 112, 235, 321, 470, 25, 26, 473, 52, 425, 49, 365, 100, 407, 332, 273, 297, 13, 306, 382, 105, 389, 275, 427, 304, 392, 45, 341, 199, 198, 342, 141, 318, 212, 455, 180, 204, 66, 78, 278, 149, 33, 284, 77, 184, 7, 376, 59, 82, 148, 355, 293, 348, 277, 31, 276, 361, 320, 91, 159, 18, 363, 164, 462, 145, 400, 175, 391, 70, 408, 223, 150, 445, 247, 98, 413, 224, 183, 110, 168, 62, 12, 221, 344, 160, 343, 104, 422, 138, 317, 47, 246, 73, 182, 134, 27, 265, 15, 51, 256, 335, 114, 252, 270, 331, 90, 393, 10, 380, 93, 443, 146, 288, 283, 257, 103, 459, 172, 23, 463, 128, 65, 228, 420, 133, 387, 54, 92, 165, 296, 432, 291, 143, 404, 205, 236, 36, 372, 336, 356, 14, 340, 178, 234, 215, 74, 430, 240, 456, 314, 337, 311, 219, 447, 251, 373, 322, 35, 152, 460, 116, 190, 196, 465, 9, 436, 16]
index list energy: 27325341.278105315
Done


program ended at: 2020-04-06 11:15:13.903679 
 time delta: 12:19:29.092653
