## SLURM PROLOG ###############################################################
##    Job ID : 12005714
##  Job Name : new_and_improved?
##  Nodelist : node1127
##      CPUs : 1
##  Mem/Node : 1024 MB
## Directory : /gpfs/data/nfawzi/skale/Fawzi_pycharm_project
##   Started : Mon Apr  6 12:54:33 EDT 2020
###############################################################################
program started at:2020-04-06 12:54:33.276466
iterations: 72000000 temp: 1000000.0 exponent: 0.9 eif: 300.0
time taken (sec): 43446.287167310715
number of iterations: 72000000
final temperature: 159.26791088519815
og index list: [318, 128, 30, 449, 201, 91, 90, 445, 74, 252, 0, 264, 168, 441, 337, 369, 296, 115, 322, 214, 347, 140, 186, 8, 40, 198, 52, 384, 443, 156, 460, 153, 3, 291, 388, 274, 71, 10, 315, 188, 359, 160, 255, 336, 457, 232, 82, 37, 243, 122, 75, 145, 26, 302, 166, 370, 197, 171, 425, 411, 265, 335, 426, 76, 41, 286, 259, 345, 99, 420, 27, 387, 239, 101, 472, 312, 23, 42, 303, 48, 317, 64, 304, 306, 84, 93, 17, 21, 375, 208, 235, 44, 56, 161, 338, 77, 107, 307, 193, 100, 152, 192, 350, 195, 170, 164, 282, 419, 367, 310, 54, 334, 46, 272, 218, 139, 183, 169, 194, 358, 43, 102, 431, 69, 63, 150, 217, 285, 381, 148, 308, 20, 331, 376, 300, 86, 392, 187, 4, 97, 271, 96, 60, 142, 377, 92, 393, 279, 284, 228, 244, 366, 458, 29, 106, 133, 59, 344, 53, 212, 127, 427, 202, 423, 407, 330, 120, 250, 343, 155, 399, 68, 289, 58, 372, 207, 72, 138, 175, 176, 35, 309, 363, 220, 391, 469, 199, 386, 134, 311, 385, 65, 34, 389, 413, 408, 15, 351, 314, 2, 448, 436, 295, 130, 332, 234, 31, 110, 196, 238, 165, 73, 125, 395, 421, 430, 7, 185, 124, 298, 416, 453, 467, 45, 61, 269, 451, 204, 379, 319, 112, 141, 275, 325, 268, 410, 428, 383, 123, 429, 406, 11, 116, 418, 149, 219, 117, 450, 412, 154, 39, 24, 340, 260, 5, 25, 329, 215, 349, 224, 213, 459, 57, 333, 55, 396, 305, 357, 355, 313, 276, 114, 13, 371, 16, 464, 19, 362, 223, 390, 229, 327, 9, 374, 242, 471, 144, 226, 108, 294, 227, 190, 277, 230, 248, 253, 456, 1, 121, 79, 137, 293, 126, 225, 113, 36, 442, 143, 49, 221, 316, 342, 283, 354, 180, 240, 439, 288, 147, 151, 251, 353, 94, 394, 321, 211, 378, 256, 14, 33, 438, 131, 81, 12, 257, 434, 159, 191, 465, 400, 135, 466, 444, 463, 245, 118, 401, 119, 409, 382, 287, 103, 80, 278, 28, 346, 470, 299, 206, 261, 462, 177, 297, 360, 129, 167, 98, 222, 352, 455, 172, 365, 67, 380, 417, 233, 163, 236, 47, 209, 280, 437, 51, 62, 461, 158, 189, 205, 323, 402, 348, 263, 247, 174, 290, 136, 182, 203, 181, 397, 361, 249, 266, 424, 422, 404, 454, 320, 50, 32, 22, 83, 435, 258, 356, 262, 89, 87, 403, 6, 146, 415, 216, 109, 88, 184, 281, 157, 405, 270, 364, 447, 66, 78, 373, 432, 246, 200, 231, 440, 85, 324, 70, 241, 111, 237, 326, 414, 254, 368, 104, 18, 267, 178, 341, 473, 446, 179, 132, 301, 95, 173, 433, 105, 162, 292, 38, 398, 468, 339, 210, 328, 273, 452]
og index list energy: 253089384.90398285
index list: [147, 291, 155, 166, 234, 378, 89, 51, 265, 269, 109, 407, 72, 409, 220, 76, 387, 324, 65, 372, 248, 356, 238, 424, 144, 83, 357, 306, 304, 393, 87, 330, 156, 129, 402, 130, 405, 312, 436, 168, 6, 471, 251, 192, 379, 19, 176, 299, 241, 458, 104, 110, 38, 308, 178, 462, 217, 447, 75, 437, 292, 186, 346, 66, 344, 267, 131, 171, 325, 457, 280, 71, 470, 336, 249, 45, 323, 48, 452, 135, 360, 73, 417, 149, 450, 54, 388, 243, 430, 331, 359, 294, 439, 266, 423, 152, 97, 282, 464, 100, 453, 112, 133, 427, 4, 399, 3, 444, 105, 150, 95, 394, 212, 258, 263, 429, 11, 13, 460, 132, 228, 259, 374, 50, 365, 307, 88, 383, 47, 334, 39, 145, 276, 421, 96, 262, 418, 208, 9, 466, 196, 350, 189, 473, 182, 79, 28, 371, 174, 273, 395, 99, 270, 348, 320, 61, 108, 139, 373, 161, 283, 24, 34, 26, 239, 120, 180, 213, 92, 195, 422, 5, 32, 252, 35, 62, 385, 268, 396, 20, 375, 74, 386, 194, 191, 425, 16, 230, 63, 392, 175, 82, 271, 201, 2, 338, 289, 380, 90, 187, 445, 7, 358, 296, 167, 322, 154, 134, 369, 106, 287, 438, 157, 412, 333, 337, 30, 279, 288, 376, 43, 351, 229, 232, 321, 389, 173, 113, 80, 209, 302, 467, 203, 107, 250, 153, 22, 413, 318, 233, 78, 59, 408, 93, 295, 102, 414, 242, 384, 98, 431, 275, 305, 125, 390, 84, 53, 319, 137, 285, 57, 342, 116, 124, 94, 443, 60, 118, 158, 303, 27, 244, 461, 260, 184, 123, 183, 286, 254, 23, 151, 440, 119, 148, 449, 224, 416, 206, 14, 37, 465, 216, 181, 140, 33, 349, 136, 459, 17, 160, 446, 277, 317, 274, 354, 172, 77, 256, 128, 127, 143, 355, 177, 204, 21, 404, 164, 170, 433, 310, 456, 221, 410, 316, 420, 190, 398, 197, 188, 235, 58, 1, 193, 138, 126, 0, 162, 451, 314, 434, 264, 441, 68, 284, 69, 454, 85, 207, 198, 432, 231, 300, 255, 218, 272, 91, 29, 419, 111, 415, 12, 401, 15, 64, 41, 298, 146, 236, 311, 335, 381, 339, 185, 86, 327, 328, 219, 159, 227, 391, 40, 345, 10, 55, 315, 202, 364, 226, 366, 8, 400, 326, 463, 301, 435, 261, 426, 70, 25, 362, 253, 103, 214, 36, 368, 332, 448, 46, 428, 245, 257, 352, 115, 411, 205, 472, 121, 455, 52, 361, 141, 403, 44, 406, 142, 468, 247, 179, 353, 42, 329, 225, 343, 81, 341, 163, 363, 237, 293, 347, 222, 31, 313, 215, 278, 281, 367, 49, 340, 309, 67, 297, 56, 114, 240, 246, 169, 122, 199, 200, 210, 469, 211, 377, 101, 223, 370, 117, 442, 290, 397, 165, 382, 18]
index list energy: 26937303.576382406
Done


program ended at: 2020-04-07 00:58:39.906128 
 time delta: 12:04:06.629662
