## SLURM PROLOG ###############################################################
##    Job ID : 11995600
##  Job Name : new_and_improved?
##  Nodelist : node1132
##      CPUs : 1
##  Mem/Node : 1024 MB
## Directory : /gpfs/data/nfawzi/skale/Fawzi_pycharm_project
##   Started : Mon Apr  6 10:02:22 EDT 2020
###############################################################################
program started at:2020-04-06 10:02:23.759616
iterations: 72000000 temp: 1000000.0 exponent: 0.9 eif: 300.0
time taken (sec): 35853.11179947853
number of iterations: 72000000
final temperature: 159.26791088519815
og index list: [134, 366, 140, 461, 52, 33, 277, 113, 319, 236, 64, 271, 424, 187, 270, 407, 244, 156, 392, 381, 252, 37, 303, 198, 472, 101, 183, 377, 27, 47, 466, 104, 411, 286, 369, 337, 240, 233, 341, 417, 298, 446, 365, 346, 396, 373, 289, 14, 355, 439, 153, 11, 93, 45, 260, 69, 173, 227, 445, 34, 35, 172, 339, 275, 356, 117, 399, 292, 326, 42, 285, 4, 300, 349, 203, 143, 413, 59, 294, 420, 266, 403, 71, 125, 385, 267, 177, 463, 31, 436, 470, 182, 278, 364, 81, 128, 432, 458, 142, 75, 352, 160, 434, 247, 123, 272, 164, 152, 207, 188, 1, 9, 186, 157, 376, 56, 394, 61, 241, 409, 398, 406, 165, 149, 328, 74, 245, 44, 88, 430, 257, 176, 400, 362, 102, 237, 174, 427, 83, 412, 304, 389, 317, 38, 121, 354, 8, 305, 388, 367, 282, 380, 297, 201, 363, 138, 57, 144, 309, 242, 315, 238, 293, 391, 189, 168, 161, 318, 67, 469, 28, 39, 139, 210, 329, 22, 395, 90, 455, 124, 18, 23, 426, 98, 276, 350, 375, 120, 308, 2, 327, 323, 344, 334, 384, 471, 368, 49, 440, 258, 459, 386, 191, 141, 335, 30, 147, 118, 301, 310, 279, 228, 24, 253, 370, 453, 127, 40, 218, 348, 351, 148, 111, 374, 283, 167, 116, 77, 431, 12, 226, 15, 41, 338, 158, 190, 110, 179, 20, 251, 288, 222, 63, 194, 170, 454, 299, 36, 234, 263, 84, 393, 311, 340, 192, 214, 162, 115, 419, 322, 345, 97, 122, 443, 13, 473, 163, 85, 211, 408, 452, 262, 259, 51, 78, 109, 422, 181, 209, 254, 215, 7, 423, 390, 195, 86, 19, 447, 456, 333, 415, 216, 467, 264, 206, 25, 248, 65, 55, 307, 325, 129, 450, 451, 106, 230, 460, 103, 316, 159, 358, 320, 321, 347, 290, 464, 404, 313, 402, 291, 105, 274, 58, 99, 444, 145, 379, 133, 360, 331, 442, 53, 383, 62, 219, 48, 433, 246, 43, 94, 435, 387, 54, 249, 185, 287, 457, 66, 70, 296, 68, 269, 371, 5, 425, 405, 314, 112, 353, 468, 229, 223, 82, 302, 180, 166, 29, 46, 265, 10, 196, 414, 132, 397, 100, 108, 205, 50, 213, 382, 200, 359, 107, 429, 131, 243, 255, 178, 342, 281, 202, 438, 204, 89, 91, 184, 217, 273, 171, 372, 169, 225, 136, 324, 448, 312, 343, 208, 235, 119, 295, 16, 231, 465, 146, 96, 76, 151, 401, 449, 306, 6, 416, 26, 221, 87, 95, 250, 220, 224, 280, 80, 193, 155, 32, 79, 410, 154, 72, 437, 212, 197, 21, 284, 126, 150, 361, 17, 114, 92, 232, 332, 462, 73, 330, 135, 199, 441, 239, 428, 256, 421, 137, 0, 175, 130, 336, 418, 357, 261, 3, 268, 378, 60]
og index list energy: 231768693.0142598
index list: [179, 390, 262, 348, 277, 450, 112, 309, 39, 122, 388, 164, 389, 169, 438, 138, 126, 316, 82, 455, 89, 419, 259, 324, 261, 358, 254, 468, 206, 355, 307, 194, 427, 196, 414, 202, 127, 337, 205, 250, 227, 80, 177, 308, 75, 407, 190, 86, 197, 199, 406, 211, 216, 198, 399, 14, 444, 189, 209, 200, 207, 148, 403, 63, 360, 27, 374, 219, 464, 29, 382, 26, 228, 32, 356, 59, 162, 319, 310, 293, 119, 81, 246, 21, 110, 275, 283, 230, 45, 301, 461, 229, 447, 41, 467, 331, 123, 244, 422, 70, 371, 115, 473, 125, 431, 137, 366, 166, 410, 165, 459, 135, 118, 213, 408, 67, 362, 217, 391, 300, 292, 306, 361, 146, 367, 71, 182, 77, 423, 61, 278, 156, 129, 297, 117, 264, 436, 132, 432, 223, 418, 321, 340, 312, 428, 0, 456, 116, 453, 104, 443, 52, 365, 248, 344, 154, 183, 93, 159, 101, 437, 274, 373, 174, 168, 235, 188, 396, 30, 392, 107, 334, 83, 284, 134, 114, 378, 56, 347, 76, 430, 153, 375, 272, 97, 442, 271, 236, 178, 124, 57, 72, 187, 276, 31, 413, 9, 401, 302, 239, 314, 242, 351, 257, 108, 253, 149, 243, 201, 193, 145, 252, 220, 224, 303, 144, 150, 327, 160, 457, 240, 369, 282, 323, 99, 270, 161, 17, 405, 152, 454, 103, 384, 238, 286, 280, 204, 263, 35, 341, 111, 451, 221, 139, 380, 62, 466, 133, 383, 44, 421, 208, 65, 446, 90, 469, 58, 51, 15, 12, 60, 92, 296, 256, 38, 120, 74, 121, 439, 267, 255, 185, 287, 24, 78, 269, 84, 69, 305, 171, 176, 385, 260, 1, 376, 49, 460, 289, 299, 23, 215, 136, 354, 25, 417, 5, 381, 2, 322, 20, 472, 55, 357, 7, 214, 265, 91, 387, 212, 64, 8, 349, 175, 434, 131, 173, 465, 42, 364, 222, 395, 290, 285, 237, 345, 325, 195, 37, 426, 18, 435, 336, 393, 22, 404, 46, 251, 342, 96, 445, 10, 429, 48, 433, 66, 11, 13, 298, 304, 218, 249, 470, 335, 363, 95, 416, 180, 415, 87, 424, 73, 130, 315, 94, 449, 50, 452, 313, 353, 143, 140, 295, 247, 36, 232, 328, 33, 368, 6, 350, 19, 158, 440, 210, 34, 68, 167, 258, 458, 141, 441, 332, 448, 225, 377, 268, 398, 294, 402, 100, 397, 318, 241, 28, 231, 113, 192, 370, 163, 394, 98, 102, 266, 400, 203, 40, 184, 320, 326, 346, 142, 425, 279, 412, 151, 411, 147, 339, 109, 181, 379, 281, 106, 186, 170, 471, 233, 226, 43, 409, 105, 329, 79, 462, 88, 288, 245, 330, 273, 420, 234, 172, 54, 463, 291, 155, 53, 157, 191, 4, 372, 3, 317, 333, 359, 311, 47, 338, 85, 343, 128, 352, 386, 16]
index list energy: 26256776.817407392
Done


program ended at: 2020-04-06 19:59:57.212031 
 time delta: 9:57:33.452415
