## SLURM PROLOG ###############################################################
##    Job ID : 11946045
##  Job Name : new_and_improved?
##  Nodelist : node1617
##      CPUs : 1
##  Mem/Node : 1024 MB
## Directory : /gpfs/data/nfawzi/skale/Fawzi_pycharm_project
##   Started : Sun Apr  5 22:55:53 EDT 2020
###############################################################################
program started at:2020-04-05 22:55:53.237218
iterations: 72000000 temp: 1000000.0 exponent: 0.9 eif: 300.0
time taken (sec): 74341.27309775352
number of iterations: 72000000
final temperature: 159.26791088519815
og index list: [253, 93, 350, 273, 85, 266, 272, 114, 268, 333, 231, 463, 242, 110, 185, 360, 90, 433, 51, 91, 339, 356, 180, 473, 308, 390, 408, 68, 113, 411, 374, 202, 221, 367, 42, 338, 276, 150, 371, 422, 137, 421, 252, 370, 320, 181, 316, 412, 222, 100, 299, 358, 13, 458, 49, 325, 117, 34, 10, 305, 409, 334, 373, 159, 189, 109, 378, 340, 399, 331, 306, 318, 312, 404, 194, 468, 323, 97, 464, 251, 321, 225, 87, 62, 443, 439, 173, 444, 244, 224, 171, 40, 375, 449, 223, 311, 364, 182, 3, 174, 324, 72, 451, 238, 405, 18, 116, 66, 380, 291, 39, 143, 30, 130, 235, 448, 237, 140, 163, 447, 65, 188, 118, 157, 48, 347, 69, 4, 155, 344, 381, 31, 300, 103, 453, 92, 420, 138, 389, 351, 428, 11, 342, 107, 126, 176, 440, 434, 456, 393, 352, 54, 377, 343, 357, 249, 127, 452, 175, 81, 141, 382, 337, 0, 392, 164, 275, 403, 246, 315, 467, 197, 147, 214, 250, 218, 195, 148, 376, 269, 73, 417, 95, 132, 19, 256, 379, 2, 319, 94, 416, 131, 413, 220, 183, 139, 317, 84, 219, 80, 287, 454, 78, 70, 199, 156, 431, 187, 204, 348, 280, 133, 369, 192, 432, 310, 27, 271, 466, 9, 289, 64, 15, 1, 206, 129, 279, 82, 462, 396, 386, 402, 303, 166, 112, 21, 23, 152, 41, 60, 345, 59, 162, 233, 38, 142, 36, 228, 215, 149, 35, 471, 45, 239, 75, 397, 128, 359, 354, 423, 346, 212, 108, 341, 296, 301, 123, 213, 326, 56, 313, 388, 67, 427, 201, 135, 102, 111, 460, 407, 165, 327, 419, 293, 25, 146, 88, 383, 302, 362, 418, 363, 203, 144, 232, 53, 134, 61, 167, 438, 28, 330, 430, 136, 22, 71, 230, 262, 186, 170, 332, 349, 184, 200, 437, 106, 7, 278, 410, 241, 265, 258, 177, 372, 193, 236, 414, 255, 259, 198, 98, 426, 270, 74, 124, 394, 355, 145, 425, 429, 122, 178, 229, 365, 226, 248, 446, 290, 96, 283, 17, 58, 105, 168, 260, 120, 254, 400, 247, 210, 314, 46, 57, 240, 424, 361, 227, 50, 77, 6, 294, 208, 99, 469, 297, 282, 274, 86, 160, 455, 179, 205, 243, 26, 336, 24, 398, 217, 391, 295, 461, 52, 216, 263, 445, 304, 285, 43, 55, 387, 83, 101, 435, 33, 190, 169, 465, 172, 267, 368, 5, 44, 154, 384, 63, 441, 257, 151, 385, 406, 29, 329, 196, 335, 8, 209, 450, 288, 353, 277, 459, 307, 37, 12, 79, 245, 207, 366, 119, 14, 153, 298, 76, 401, 32, 442, 158, 457, 121, 115, 234, 125, 211, 20, 264, 286, 292, 395, 415, 89, 47, 261, 472, 16, 104, 281, 161, 284, 191, 436, 470, 322, 309, 328]
og index list energy: 276731013.9984462
index list: [124, 16, 425, 309, 437, 156, 225, 343, 130, 86, 42, 70, 366, 100, 405, 208, 453, 73, 359, 121, 348, 311, 83, 129, 284, 72, 161, 402, 266, 446, 285, 277, 467, 77, 410, 38, 439, 292, 367, 46, 357, 169, 354, 33, 385, 248, 191, 4, 5, 314, 427, 55, 365, 151, 334, 10, 384, 197, 207, 19, 457, 186, 398, 336, 465, 235, 53, 84, 429, 213, 126, 139, 329, 79, 466, 302, 346, 179, 276, 408, 29, 438, 134, 355, 147, 18, 392, 230, 319, 339, 316, 441, 245, 152, 288, 41, 462, 176, 454, 187, 234, 412, 249, 123, 444, 193, 52, 318, 190, 201, 66, 24, 428, 143, 228, 233, 51, 424, 128, 383, 144, 350, 137, 379, 141, 103, 463, 220, 116, 461, 222, 312, 117, 360, 279, 422, 165, 148, 361, 294, 283, 306, 458, 163, 406, 291, 443, 332, 372, 260, 347, 45, 389, 104, 34, 244, 252, 262, 315, 261, 92, 17, 330, 180, 337, 198, 371, 211, 470, 22, 71, 265, 325, 37, 450, 14, 377, 0, 390, 54, 407, 268, 416, 115, 238, 112, 85, 280, 414, 185, 420, 328, 11, 91, 242, 456, 157, 297, 109, 183, 113, 114, 264, 368, 35, 171, 3, 32, 204, 286, 125, 323, 31, 370, 30, 303, 63, 256, 96, 232, 289, 464, 88, 352, 61, 342, 142, 341, 310, 388, 270, 387, 102, 349, 307, 138, 305, 255, 64, 13, 378, 237, 445, 241, 118, 172, 12, 9, 468, 195, 413, 240, 271, 395, 67, 440, 132, 472, 57, 400, 107, 155, 269, 69, 455, 89, 287, 76, 460, 27, 122, 435, 226, 333, 188, 224, 473, 23, 168, 338, 335, 160, 376, 81, 447, 267, 259, 215, 120, 119, 374, 227, 150, 20, 82, 404, 99, 162, 80, 131, 59, 174, 253, 21, 214, 192, 364, 202, 170, 397, 326, 340, 40, 418, 6, 426, 196, 247, 173, 140, 282, 411, 205, 194, 433, 210, 423, 254, 48, 1, 344, 145, 278, 94, 434, 95, 320, 135, 272, 409, 28, 133, 375, 184, 15, 149, 442, 219, 436, 177, 218, 322, 36, 203, 110, 189, 373, 231, 7, 136, 308, 257, 62, 97, 181, 258, 246, 313, 380, 296, 386, 98, 167, 159, 87, 421, 166, 469, 106, 459, 304, 452, 93, 154, 448, 217, 451, 146, 327, 164, 432, 321, 345, 273, 430, 43, 401, 178, 382, 111, 369, 281, 26, 75, 25, 216, 324, 60, 353, 127, 105, 293, 251, 8, 108, 212, 239, 158, 393, 47, 399, 44, 50, 317, 290, 419, 49, 471, 295, 78, 65, 431, 101, 275, 417, 331, 182, 263, 236, 68, 391, 90, 56, 356, 39, 298, 229, 394, 175, 381, 223, 415, 74, 396, 58, 363, 274, 362, 243, 449, 299, 221, 358, 2, 403, 199, 200, 209, 206, 250, 300, 301, 351, 153]
index list energy: 27516729.758332204
Done


program ended at: 2020-04-06 19:34:54.871255 
 time delta: 20:39:01.634037
