## SLURM PROLOG ###############################################################
##    Job ID : 11946072
##  Job Name : new_and_improved?
##  Nodelist : node1624
##      CPUs : 1
##  Mem/Node : 1024 MB
## Directory : /gpfs/data/nfawzi/skale/Fawzi_pycharm_project
##   Started : Sun Apr  5 22:55:53 EDT 2020
###############################################################################
program started at:2020-04-05 22:55:53.574542
iterations: 72000000 temp: 1000000.0 exponent: 0.9 eif: 300.0
time taken (sec): 62322.3669526577
number of iterations: 72000000
final temperature: 159.26791088519815
og index list: [294, 117, 204, 231, 414, 341, 100, 359, 362, 396, 342, 311, 97, 18, 6, 99, 406, 388, 154, 220, 225, 347, 115, 282, 381, 236, 7, 270, 112, 31, 233, 376, 255, 252, 186, 320, 422, 448, 206, 19, 265, 223, 314, 41, 95, 92, 383, 30, 209, 38, 146, 424, 44, 136, 199, 21, 455, 33, 215, 26, 307, 377, 466, 116, 81, 275, 354, 263, 224, 45, 456, 184, 349, 324, 318, 118, 134, 274, 57, 303, 27, 11, 361, 106, 281, 114, 343, 250, 370, 66, 309, 159, 299, 40, 445, 208, 164, 39, 128, 131, 276, 3, 218, 418, 330, 267, 83, 195, 261, 80, 269, 46, 432, 59, 421, 335, 22, 167, 10, 34, 144, 284, 266, 104, 288, 36, 42, 125, 340, 332, 153, 393, 230, 379, 205, 402, 79, 61, 411, 172, 181, 257, 193, 256, 326, 386, 29, 143, 168, 351, 262, 133, 70, 162, 122, 323, 213, 392, 174, 88, 249, 259, 391, 417, 127, 444, 465, 54, 300, 94, 389, 51, 219, 132, 242, 471, 279, 55, 109, 141, 226, 105, 217, 295, 90, 148, 346, 85, 69, 196, 399, 441, 212, 62, 253, 107, 47, 334, 165, 138, 429, 23, 145, 419, 403, 420, 89, 451, 410, 171, 58, 17, 313, 191, 382, 336, 227, 440, 472, 301, 400, 401, 188, 258, 63, 273, 338, 278, 468, 339, 469, 179, 430, 289, 86, 0, 71, 65, 170, 364, 460, 449, 431, 237, 286, 197, 244, 103, 426, 150, 73, 446, 353, 357, 254, 450, 35, 352, 292, 198, 20, 124, 91, 293, 119, 360, 120, 368, 308, 333, 374, 452, 50, 459, 439, 356, 395, 283, 437, 211, 363, 246, 305, 9, 151, 371, 93, 192, 187, 297, 287, 76, 108, 296, 409, 277, 454, 82, 43, 74, 222, 238, 166, 390, 160, 434, 325, 180, 285, 48, 96, 203, 101, 189, 271, 75, 130, 251, 175, 367, 139, 137, 415, 157, 147, 123, 306, 378, 185, 369, 404, 375, 201, 28, 126, 64, 14, 169, 52, 443, 24, 183, 331, 321, 2, 473, 235, 268, 380, 8, 463, 280, 302, 102, 78, 84, 111, 228, 322, 438, 140, 248, 348, 397, 129, 328, 407, 264, 155, 142, 312, 350, 121, 416, 53, 214, 344, 1, 457, 13, 319, 298, 304, 412, 413, 12, 135, 68, 16, 372, 453, 98, 425, 194, 247, 178, 216, 229, 337, 355, 207, 470, 77, 385, 5, 32, 158, 110, 152, 25, 49, 182, 467, 173, 427, 408, 291, 221, 464, 156, 428, 56, 327, 315, 442, 245, 241, 239, 60, 329, 87, 458, 234, 202, 176, 210, 272, 316, 113, 436, 37, 433, 317, 405, 15, 290, 447, 423, 365, 149, 232, 163, 310, 394, 260, 358, 200, 398, 435, 387, 72, 190, 384, 373, 67, 177, 345, 243, 462, 161, 366, 461, 240, 4]
og index list energy: 257707389.09932876
index list: [250, 280, 377, 210, 114, 110, 203, 249, 392, 141, 175, 246, 229, 292, 338, 16, 451, 289, 93, 412, 123, 427, 25, 341, 173, 101, 140, 458, 314, 256, 300, 257, 391, 336, 259, 469, 177, 384, 226, 361, 172, 151, 315, 70, 237, 346, 42, 174, 285, 194, 403, 36, 463, 211, 368, 254, 342, 19, 464, 200, 363, 116, 402, 171, 188, 329, 263, 214, 422, 89, 230, 431, 33, 94, 433, 198, 450, 168, 398, 176, 374, 227, 354, 46, 360, 54, 204, 18, 102, 383, 223, 380, 301, 448, 103, 415, 221, 424, 135, 462, 47, 284, 78, 306, 366, 251, 124, 31, 472, 222, 136, 282, 64, 260, 212, 287, 278, 309, 365, 52, 72, 439, 139, 444, 7, 45, 348, 165, 34, 105, 340, 335, 326, 376, 217, 355, 90, 138, 425, 61, 434, 137, 452, 296, 385, 43, 467, 321, 298, 331, 224, 179, 276, 122, 429, 104, 349, 304, 453, 96, 394, 180, 461, 17, 182, 111, 159, 107, 447, 233, 59, 396, 189, 32, 201, 22, 438, 240, 441, 313, 468, 243, 327, 333, 359, 146, 215, 281, 283, 273, 393, 274, 120, 206, 118, 261, 218, 255, 247, 28, 397, 14, 410, 325, 30, 286, 262, 76, 40, 322, 20, 297, 8, 418, 267, 75, 149, 62, 446, 3, 132, 369, 277, 466, 99, 266, 430, 225, 436, 100, 428, 39, 345, 145, 351, 268, 460, 339, 29, 375, 91, 293, 86, 12, 150, 294, 405, 126, 71, 81, 379, 119, 308, 241, 417, 106, 153, 84, 252, 26, 265, 181, 303, 271, 193, 2, 437, 57, 443, 79, 347, 115, 409, 160, 323, 23, 147, 161, 337, 9, 37, 207, 196, 208, 378, 21, 195, 80, 74, 352, 307, 11, 82, 386, 244, 155, 401, 269, 154, 457, 35, 357, 272, 318, 69, 395, 109, 420, 125, 299, 143, 387, 48, 440, 55, 408, 248, 445, 178, 411, 264, 423, 213, 421, 121, 456, 67, 373, 38, 236, 163, 239, 66, 216, 112, 328, 85, 77, 290, 334, 166, 183, 68, 358, 95, 228, 73, 128, 390, 24, 258, 302, 404, 187, 449, 253, 88, 382, 129, 454, 130, 234, 288, 324, 127, 167, 364, 291, 83, 406, 205, 97, 6, 372, 184, 202, 416, 238, 370, 10, 232, 209, 235, 131, 134, 317, 51, 343, 50, 426, 231, 142, 344, 316, 319, 87, 350, 144, 162, 0, 92, 58, 1, 320, 60, 356, 27, 432, 44, 362, 199, 197, 399, 169, 389, 190, 419, 242, 13, 455, 157, 435, 158, 413, 245, 98, 133, 113, 388, 220, 41, 471, 170, 53, 305, 312, 63, 381, 56, 191, 4, 5, 186, 367, 270, 414, 332, 459, 279, 473, 117, 400, 275, 470, 185, 330, 65, 108, 49, 465, 310, 353, 156, 311, 152, 371, 219, 442, 295, 15, 192, 407, 164, 148]
index list energy: 27038927.478356246
Done


program ended at: 2020-04-06 16:14:36.302794 
 time delta: 17:18:42.728252
