## SLURM PROLOG ###############################################################
##    Job ID : 11945909
##  Job Name : new_and_improved?
##  Nodelist : node1162
##      CPUs : 1
##  Mem/Node : 1024 MB
## Directory : /gpfs/data/nfawzi/skale/Fawzi_pycharm_project
##   Started : Sun Apr  5 22:55:10 EDT 2020
###############################################################################
program started at:2020-04-05 22:55:16.342570
iterations: 72000000 temp: 1000000.0 exponent: 0.9 eif: 300.0
time taken (sec): 52318.991173267365
number of iterations: 72000000
final temperature: 159.26791088519815
og index list: [15, 118, 67, 411, 435, 63, 322, 100, 309, 146, 470, 331, 91, 173, 342, 246, 131, 271, 456, 377, 298, 136, 424, 109, 183, 283, 210, 192, 193, 245, 370, 178, 284, 32, 357, 235, 334, 290, 160, 339, 347, 150, 0, 461, 453, 335, 254, 125, 378, 375, 441, 132, 74, 264, 310, 77, 200, 356, 168, 465, 294, 389, 374, 211, 123, 258, 365, 418, 408, 99, 112, 229, 103, 346, 282, 166, 249, 212, 463, 43, 170, 432, 387, 202, 42, 203, 345, 321, 6, 338, 54, 405, 382, 102, 413, 38, 114, 349, 52, 239, 165, 87, 302, 417, 191, 366, 45, 50, 241, 26, 163, 277, 363, 457, 430, 364, 28, 362, 182, 367, 372, 34, 395, 187, 152, 115, 218, 328, 330, 161, 313, 78, 429, 444, 401, 139, 311, 437, 318, 205, 296, 53, 167, 305, 396, 269, 186, 447, 255, 62, 197, 434, 386, 344, 394, 422, 73, 96, 315, 40, 227, 276, 101, 383, 64, 295, 11, 336, 450, 238, 108, 39, 14, 12, 153, 17, 265, 222, 431, 272, 190, 156, 231, 120, 13, 348, 145, 55, 253, 122, 471, 393, 472, 291, 151, 208, 414, 141, 83, 460, 234, 440, 426, 126, 261, 419, 466, 25, 61, 355, 236, 181, 177, 289, 343, 280, 303, 105, 162, 81, 189, 237, 412, 273, 458, 268, 266, 407, 267, 46, 399, 423, 304, 47, 196, 195, 329, 438, 58, 240, 27, 416, 121, 351, 44, 56, 244, 169, 415, 279, 307, 373, 301, 60, 110, 262, 214, 72, 297, 327, 106, 425, 421, 252, 194, 312, 233, 89, 278, 409, 20, 8, 455, 225, 459, 179, 428, 220, 288, 35, 94, 410, 308, 137, 293, 98, 209, 207, 86, 175, 19, 18, 204, 90, 113, 48, 380, 127, 217, 468, 439, 133, 155, 391, 68, 5, 285, 358, 404, 397, 184, 359, 107, 66, 65, 206, 198, 157, 449, 224, 353, 257, 41, 223, 31, 390, 93, 95, 333, 85, 84, 400, 149, 251, 469, 140, 448, 4, 158, 216, 79, 213, 92, 159, 228, 442, 402, 337, 352, 124, 445, 21, 243, 104, 148, 392, 164, 451, 147, 369, 274, 80, 116, 371, 275, 135, 143, 368, 9, 188, 467, 427, 201, 250, 70, 443, 171, 128, 172, 381, 75, 185, 270, 314, 433, 230, 51, 464, 7, 30, 215, 398, 260, 174, 88, 57, 354, 129, 316, 82, 219, 259, 341, 97, 326, 117, 403, 473, 59, 361, 248, 199, 22, 138, 324, 180, 452, 325, 446, 247, 226, 384, 3, 221, 286, 317, 111, 340, 263, 134, 320, 37, 154, 420, 119, 406, 323, 332, 142, 287, 360, 462, 292, 16, 256, 2, 242, 379, 29, 319, 232, 69, 23, 33, 76, 36, 130, 144, 176, 350, 71, 24, 376, 1, 388, 299, 281, 385, 454, 300, 306, 49, 436, 10]
og index list energy: 261359750.7063763
index list: [250, 132, 388, 168, 436, 33, 214, 192, 204, 304, 434, 259, 340, 229, 405, 74, 432, 103, 323, 135, 233, 169, 231, 90, 398, 88, 128, 459, 220, 47, 341, 131, 310, 348, 156, 378, 38, 92, 96, 23, 252, 149, 333, 465, 151, 435, 75, 445, 175, 381, 294, 331, 174, 68, 319, 185, 338, 35, 426, 40, 330, 251, 470, 46, 300, 218, 42, 265, 55, 167, 119, 383, 71, 272, 431, 22, 422, 154, 108, 49, 297, 274, 397, 99, 438, 326, 389, 56, 117, 472, 104, 441, 266, 373, 285, 261, 427, 15, 264, 329, 254, 355, 292, 8, 380, 301, 11, 347, 219, 457, 184, 91, 223, 364, 134, 27, 287, 247, 79, 450, 166, 118, 137, 238, 124, 73, 357, 85, 279, 34, 39, 278, 176, 349, 205, 366, 311, 291, 325, 37, 456, 9, 384, 194, 437, 186, 377, 10, 370, 115, 344, 130, 321, 372, 309, 248, 455, 100, 467, 112, 182, 41, 305, 289, 120, 81, 402, 59, 281, 365, 109, 283, 270, 12, 177, 337, 440, 280, 413, 275, 343, 158, 439, 125, 84, 358, 260, 240, 361, 25, 299, 180, 114, 133, 239, 217, 298, 63, 322, 95, 466, 211, 152, 387, 17, 334, 241, 400, 222, 145, 212, 141, 77, 395, 64, 296, 93, 178, 442, 245, 138, 404, 163, 386, 116, 80, 62, 375, 13, 350, 188, 367, 196, 193, 19, 230, 371, 191, 170, 5, 374, 32, 315, 161, 399, 271, 393, 28, 471, 6, 463, 286, 257, 335, 376, 171, 227, 20, 391, 101, 401, 139, 396, 127, 327, 107, 209, 202, 412, 253, 36, 390, 263, 140, 320, 242, 460, 267, 417, 24, 356, 4, 416, 235, 111, 363, 14, 408, 78, 453, 89, 18, 228, 346, 65, 444, 179, 97, 66, 201, 69, 403, 197, 207, 189, 110, 187, 354, 45, 256, 249, 446, 224, 303, 72, 246, 113, 67, 448, 3, 105, 468, 2, 258, 30, 216, 51, 419, 61, 313, 150, 425, 143, 473, 165, 284, 106, 461, 213, 394, 172, 147, 312, 162, 406, 142, 368, 52, 1, 469, 0, 58, 153, 60, 293, 159, 226, 324, 203, 48, 146, 342, 29, 449, 290, 458, 44, 16, 407, 144, 464, 123, 352, 126, 50, 82, 87, 415, 157, 262, 243, 351, 173, 215, 359, 31, 183, 199, 195, 421, 210, 362, 428, 53, 451, 76, 409, 221, 392, 237, 369, 21, 462, 164, 7, 136, 430, 302, 424, 339, 129, 255, 328, 269, 336, 308, 121, 122, 410, 83, 232, 57, 155, 86, 94, 429, 244, 234, 414, 282, 411, 102, 276, 236, 307, 98, 317, 295, 54, 423, 26, 208, 148, 379, 70, 225, 443, 277, 288, 385, 273, 447, 43, 454, 181, 433, 160, 318, 190, 198, 420, 206, 452, 200, 353, 306, 418, 314, 382, 316, 345, 332, 360, 268]
index list energy: 26335513.569743056
Done


program ended at: 2020-04-06 13:27:15.708198 
 time delta: 14:31:59.365628
