## SLURM PROLOG ###############################################################
##    Job ID : 11974182
##  Job Name : new_and_improved?
##  Nodelist : node1112
##      CPUs : 1
##  Mem/Node : 1024 MB
## Directory : /gpfs/data/nfawzi/skale/Fawzi_pycharm_project
##   Started : Mon Apr  6 05:20:19 EDT 2020
###############################################################################
program started at:2020-04-06 05:21:03.096943
iterations: 72000000 temp: 1000000.0 exponent: 0.9 eif: 300.0
time taken (sec): 33527.87239789963
number of iterations: 72000000
final temperature: 159.26791088519815
og index list: [46, 464, 232, 254, 33, 356, 409, 273, 76, 189, 435, 400, 180, 153, 219, 256, 217, 144, 32, 194, 315, 287, 140, 398, 196, 128, 209, 264, 296, 285, 214, 411, 305, 290, 255, 420, 235, 458, 317, 288, 385, 122, 103, 388, 309, 106, 183, 100, 257, 336, 199, 419, 324, 313, 252, 318, 378, 362, 302, 316, 104, 259, 90, 345, 23, 45, 11, 52, 339, 26, 323, 220, 445, 221, 166, 156, 125, 334, 340, 36, 449, 337, 2, 245, 149, 19, 177, 174, 274, 69, 248, 465, 239, 131, 379, 314, 112, 105, 428, 270, 241, 135, 59, 40, 282, 348, 178, 64, 237, 390, 377, 167, 226, 357, 197, 361, 234, 431, 92, 344, 299, 81, 31, 20, 467, 369, 367, 277, 429, 230, 438, 407, 50, 403, 238, 332, 371, 132, 121, 1, 142, 63, 265, 198, 303, 258, 191, 353, 325, 13, 133, 469, 60, 391, 204, 83, 351, 160, 295, 389, 162, 227, 175, 418, 294, 185, 150, 146, 109, 354, 181, 73, 392, 25, 18, 16, 129, 182, 216, 430, 346, 470, 139, 179, 114, 308, 184, 44, 93, 152, 186, 137, 102, 101, 335, 386, 463, 307, 115, 275, 443, 243, 406, 224, 22, 164, 171, 279, 223, 399, 260, 6, 78, 455, 71, 168, 382, 116, 29, 148, 427, 271, 55, 269, 383, 0, 37, 395, 176, 453, 276, 293, 446, 17, 201, 56, 384, 283, 58, 86, 263, 304, 343, 30, 43, 205, 110, 70, 424, 364, 27, 123, 416, 7, 242, 408, 405, 466, 333, 85, 225, 4, 373, 456, 75, 328, 448, 34, 113, 91, 136, 244, 72, 215, 5, 422, 425, 127, 397, 229, 359, 173, 253, 442, 130, 262, 261, 202, 452, 67, 231, 145, 236, 48, 39, 272, 437, 355, 62, 375, 365, 107, 440, 141, 300, 77, 291, 82, 436, 413, 450, 65, 457, 297, 169, 278, 358, 134, 338, 461, 54, 87, 192, 193, 210, 222, 143, 394, 68, 321, 208, 172, 24, 124, 326, 462, 89, 111, 212, 8, 88, 327, 233, 459, 368, 439, 99, 15, 200, 38, 311, 49, 376, 352, 57, 12, 95, 266, 157, 138, 42, 370, 3, 281, 94, 21, 195, 402, 472, 415, 473, 471, 159, 47, 61, 268, 421, 74, 53, 165, 240, 330, 310, 207, 203, 320, 154, 249, 312, 432, 147, 108, 322, 190, 423, 117, 228, 213, 396, 66, 341, 280, 211, 250, 331, 447, 187, 381, 96, 319, 10, 350, 410, 347, 84, 118, 433, 155, 251, 218, 267, 126, 372, 98, 363, 35, 468, 301, 292, 329, 454, 441, 349, 412, 41, 188, 451, 284, 247, 79, 119, 158, 286, 151, 426, 298, 360, 401, 342, 374, 404, 206, 306, 417, 163, 51, 97, 120, 170, 28, 380, 393, 80, 289, 14, 434, 9, 460, 161, 414, 246, 387, 366, 444]
og index list energy: 220889807.2340164
index list: [14, 391, 137, 104, 439, 64, 136, 437, 292, 445, 8, 385, 174, 168, 337, 313, 204, 253, 147, 226, 152, 410, 161, 425, 6, 182, 190, 453, 70, 365, 205, 62, 441, 202, 352, 210, 150, 374, 131, 257, 369, 44, 315, 22, 450, 282, 211, 199, 283, 195, 243, 461, 335, 160, 442, 12, 359, 21, 224, 414, 294, 153, 418, 235, 113, 422, 143, 397, 251, 192, 242, 214, 358, 59, 266, 81, 408, 238, 148, 120, 218, 135, 60, 401, 295, 43, 347, 233, 375, 316, 305, 222, 141, 380, 151, 308, 225, 332, 367, 173, 395, 172, 274, 145, 355, 220, 216, 194, 428, 203, 339, 302, 448, 47, 244, 129, 86, 77, 41, 265, 328, 146, 95, 33, 426, 259, 209, 217, 411, 133, 357, 309, 118, 163, 470, 169, 386, 208, 388, 270, 319, 99, 421, 20, 398, 230, 191, 4, 389, 5, 372, 331, 440, 55, 67, 465, 85, 419, 177, 338, 112, 7, 460, 68, 360, 175, 334, 185, 384, 29, 405, 149, 354, 237, 288, 321, 378, 275, 393, 293, 433, 280, 376, 115, 368, 111, 300, 18, 45, 364, 49, 430, 93, 458, 26, 228, 66, 407, 11, 263, 417, 38, 276, 307, 119, 349, 324, 247, 318, 249, 69, 108, 23, 412, 36, 432, 65, 239, 142, 193, 15, 37, 473, 189, 197, 348, 325, 362, 310, 342, 105, 402, 63, 423, 106, 10, 252, 134, 213, 158, 284, 109, 166, 125, 245, 271, 377, 39, 449, 279, 366, 16, 232, 87, 256, 262, 287, 128, 400, 17, 427, 101, 409, 326, 396, 46, 207, 180, 406, 336, 76, 201, 31, 107, 272, 258, 227, 303, 327, 25, 446, 32, 340, 268, 353, 277, 452, 198, 40, 455, 322, 139, 444, 79, 469, 19, 424, 96, 255, 254, 289, 73, 420, 333, 181, 124, 156, 281, 462, 159, 50, 436, 91, 30, 176, 443, 260, 456, 75, 379, 80, 241, 329, 320, 206, 200, 434, 9, 435, 132, 464, 306, 429, 267, 404, 28, 188, 269, 51, 454, 286, 84, 155, 323, 27, 110, 164, 34, 240, 184, 212, 1, 0, 122, 451, 299, 285, 123, 114, 351, 273, 415, 72, 390, 165, 296, 403, 186, 383, 301, 167, 127, 466, 94, 350, 229, 438, 48, 126, 83, 52, 170, 394, 89, 278, 157, 447, 121, 304, 361, 130, 413, 231, 248, 373, 291, 387, 103, 468, 117, 370, 179, 416, 3, 457, 314, 2, 472, 24, 92, 171, 250, 13, 317, 71, 356, 264, 140, 57, 82, 363, 312, 144, 162, 297, 78, 382, 88, 246, 116, 330, 154, 399, 58, 467, 61, 371, 90, 236, 42, 53, 345, 56, 343, 290, 471, 98, 223, 97, 381, 102, 346, 54, 431, 74, 463, 100, 187, 215, 261, 392, 35, 298, 196, 311, 219, 183, 221, 459, 178, 344, 234, 341, 138]
index list energy: 26880707.388293866
Done


program ended at: 2020-04-06 14:39:51.328176 
 time delta: 9:18:48.231233
