## SLURM PROLOG ###############################################################
##    Job ID : 11945966
##  Job Name : new_and_improved?
##  Nodelist : node1127
##      CPUs : 1
##  Mem/Node : 1024 MB
## Directory : /gpfs/data/nfawzi/skale/Fawzi_pycharm_project
##   Started : Sun Apr  5 22:55:40 EDT 2020
###############################################################################
program started at:2020-04-05 22:55:44.843582
iterations: 72000000 temp: 1000000.0 exponent: 0.9 eif: 300.0
time taken (sec): 46332.52664875984
number of iterations: 72000000
final temperature: 159.26791088519815
og index list: [394, 147, 68, 129, 215, 202, 434, 84, 98, 247, 120, 117, 405, 14, 348, 346, 34, 350, 96, 134, 221, 41, 469, 73, 410, 277, 27, 115, 252, 216, 437, 351, 358, 116, 128, 51, 173, 194, 213, 374, 38, 233, 302, 360, 33, 315, 137, 167, 166, 470, 293, 270, 258, 110, 338, 77, 417, 4, 392, 61, 471, 380, 162, 92, 399, 465, 317, 149, 184, 250, 464, 440, 271, 245, 457, 461, 21, 468, 329, 349, 23, 239, 174, 121, 303, 197, 6, 168, 80, 365, 378, 416, 285, 430, 347, 240, 466, 193, 353, 403, 93, 402, 210, 448, 273, 333, 256, 187, 304, 59, 66, 235, 321, 171, 396, 13, 72, 323, 345, 229, 255, 314, 24, 227, 40, 451, 324, 106, 364, 100, 204, 71, 308, 31, 259, 264, 426, 195, 140, 294, 165, 209, 312, 7, 63, 113, 226, 124, 335, 107, 288, 192, 44, 328, 155, 85, 118, 181, 143, 26, 1, 123, 318, 454, 183, 89, 49, 81, 322, 45, 50, 257, 48, 412, 463, 148, 343, 261, 152, 262, 473, 178, 136, 427, 467, 83, 331, 404, 390, 445, 442, 391, 36, 376, 342, 176, 2, 217, 39, 18, 406, 164, 449, 456, 453, 280, 196, 260, 12, 203, 377, 455, 104, 332, 102, 145, 185, 119, 359, 53, 272, 122, 367, 109, 286, 35, 316, 309, 472, 306, 241, 355, 78, 188, 182, 87, 75, 0, 443, 415, 172, 131, 99, 127, 52, 284, 60, 368, 281, 276, 225, 141, 459, 133, 421, 298, 56, 67, 186, 9, 409, 231, 366, 418, 433, 212, 243, 319, 19, 191, 337, 3, 237, 441, 432, 17, 159, 95, 238, 206, 265, 263, 301, 82, 361, 218, 279, 369, 46, 150, 340, 169, 74, 246, 274, 436, 268, 393, 388, 398, 414, 439, 112, 431, 175, 254, 408, 422, 32, 296, 65, 420, 232, 424, 15, 220, 400, 305, 91, 105, 438, 25, 158, 16, 177, 413, 205, 160, 79, 219, 339, 395, 446, 419, 139, 69, 64, 334, 101, 357, 201, 287, 313, 189, 244, 211, 248, 411, 249, 267, 97, 199, 42, 5, 146, 283, 383, 384, 190, 354, 54, 224, 330, 344, 325, 450, 379, 291, 161, 20, 103, 428, 372, 236, 156, 447, 460, 108, 386, 375, 326, 389, 126, 429, 70, 11, 407, 341, 307, 94, 30, 153, 234, 144, 282, 381, 275, 114, 300, 111, 22, 37, 207, 462, 253, 8, 371, 179, 458, 230, 320, 125, 170, 58, 266, 180, 356, 295, 311, 138, 43, 198, 47, 62, 55, 163, 76, 292, 132, 290, 373, 363, 222, 242, 299, 370, 10, 86, 228, 387, 251, 90, 452, 401, 208, 28, 269, 423, 223, 88, 214, 327, 29, 310, 385, 289, 435, 382, 130, 336, 425, 151, 57, 200, 397, 297, 157, 278, 352, 142, 444, 135, 154, 362]
og index list energy: 233708513.20208174
index list: [220, 16, 372, 100, 423, 12, 438, 75, 34, 301, 449, 136, 354, 50, 419, 272, 445, 87, 459, 47, 158, 392, 29, 415, 55, 441, 237, 342, 94, 156, 338, 93, 78, 232, 135, 346, 184, 35, 348, 192, 374, 15, 417, 168, 406, 95, 80, 289, 82, 429, 43, 368, 151, 365, 292, 469, 241, 225, 391, 102, 389, 302, 394, 59, 120, 84, 284, 263, 287, 65, 230, 256, 333, 255, 206, 210, 453, 9, 118, 10, 340, 336, 353, 45, 181, 291, 162, 267, 379, 223, 363, 266, 454, 169, 404, 40, 451, 217, 414, 70, 265, 320, 117, 473, 300, 318, 46, 251, 6, 349, 28, 462, 276, 377, 316, 228, 96, 472, 142, 62, 341, 123, 315, 115, 446, 216, 274, 145, 329, 25, 432, 161, 214, 234, 410, 260, 457, 106, 442, 195, 411, 3, 403, 248, 384, 74, 378, 164, 437, 331, 306, 124, 296, 116, 468, 71, 367, 233, 83, 324, 88, 126, 130, 385, 99, 288, 431, 27, 79, 373, 107, 76, 204, 235, 213, 293, 382, 58, 433, 81, 413, 186, 399, 304, 105, 447, 257, 397, 13, 167, 149, 299, 219, 334, 69, 317, 91, 428, 7, 138, 1, 53, 421, 294, 286, 222, 90, 319, 259, 24, 122, 375, 187, 305, 171, 250, 89, 231, 67, 381, 2, 351, 103, 140, 450, 295, 176, 444, 198, 205, 337, 182, 177, 443, 178, 148, 339, 144, 114, 141, 201, 199, 208, 150, 23, 163, 344, 264, 361, 221, 63, 275, 108, 111, 420, 85, 236, 57, 467, 212, 21, 98, 238, 246, 61, 244, 448, 19, 11, 303, 227, 430, 131, 51, 407, 0, 252, 153, 283, 322, 17, 439, 270, 313, 239, 243, 37, 352, 30, 137, 359, 60, 350, 132, 33, 360, 180, 466, 332, 371, 22, 456, 285, 146, 262, 426, 229, 463, 42, 393, 271, 356, 281, 355, 73, 357, 104, 193, 4, 5, 343, 254, 32, 207, 152, 369, 49, 383, 48, 20, 401, 312, 155, 127, 387, 166, 125, 471, 129, 297, 328, 335, 278, 249, 440, 119, 455, 112, 314, 402, 173, 175, 380, 311, 165, 215, 366, 174, 326, 408, 325, 31, 200, 376, 211, 396, 253, 18, 92, 282, 416, 185, 434, 44, 191, 189, 435, 327, 194, 460, 202, 323, 14, 261, 307, 269, 157, 128, 370, 143, 86, 159, 245, 279, 427, 56, 422, 321, 470, 273, 409, 179, 170, 209, 26, 64, 52, 139, 183, 218, 109, 247, 101, 464, 226, 77, 405, 172, 72, 425, 290, 308, 68, 362, 66, 465, 190, 196, 452, 188, 395, 197, 388, 268, 412, 8, 400, 36, 280, 258, 38, 347, 134, 424, 113, 358, 154, 390, 41, 461, 277, 97, 240, 242, 436, 310, 386, 121, 458, 309, 298, 39, 345, 147, 224, 398, 160, 418, 203, 330, 133, 364, 110, 54]
index list energy: 26986275.61916479
Done


program ended at: 2020-04-06 11:47:57.727011 
 time delta: 12:52:12.883429
