## SLURM PROLOG ###############################################################
##    Job ID : 12000505
##  Job Name : new_and_improved?
##  Nodelist : node1117
##      CPUs : 1
##  Mem/Node : 1024 MB
## Directory : /gpfs/data/nfawzi/skale/Fawzi_pycharm_project
##   Started : Mon Apr  6 11:00:59 EDT 2020
###############################################################################
program started at:2020-04-06 11:01:00.652395
iterations: 72000000 temp: 1000000.0 exponent: 0.9 eif: 300.0
time taken (sec): 44715.39877080917
number of iterations: 72000000
final temperature: 159.26791088519815
og index list: [365, 362, 92, 11, 400, 98, 65, 373, 182, 26, 175, 429, 334, 368, 246, 52, 265, 138, 264, 287, 8, 399, 136, 38, 310, 242, 163, 240, 307, 350, 342, 226, 357, 458, 309, 414, 285, 1, 409, 127, 369, 356, 393, 407, 280, 410, 324, 251, 296, 211, 115, 3, 244, 68, 312, 377, 10, 224, 30, 185, 137, 177, 64, 318, 311, 179, 345, 113, 85, 384, 214, 432, 122, 366, 389, 97, 200, 379, 461, 331, 157, 385, 262, 347, 454, 58, 118, 387, 322, 0, 54, 358, 29, 170, 27, 352, 459, 134, 107, 218, 34, 7, 284, 374, 436, 123, 206, 405, 281, 370, 228, 199, 457, 372, 390, 33, 205, 160, 328, 466, 39, 238, 245, 256, 191, 437, 286, 404, 181, 314, 56, 297, 417, 6, 104, 276, 210, 227, 340, 22, 232, 255, 187, 167, 424, 236, 308, 91, 338, 128, 330, 445, 119, 260, 278, 398, 451, 383, 434, 189, 453, 415, 164, 348, 321, 243, 151, 158, 88, 391, 19, 420, 4, 277, 14, 142, 82, 51, 381, 2, 427, 209, 15, 43, 106, 327, 325, 230, 464, 172, 108, 94, 62, 78, 180, 188, 259, 306, 111, 76, 465, 233, 25, 109, 95, 289, 156, 257, 213, 116, 102, 431, 323, 339, 300, 396, 80, 413, 426, 61, 452, 335, 221, 215, 229, 87, 351, 263, 37, 376, 282, 397, 329, 67, 32, 267, 439, 456, 220, 392, 166, 96, 291, 24, 72, 17, 9, 272, 79, 295, 271, 235, 247, 143, 16, 130, 395, 279, 371, 84, 204, 133, 283, 145, 86, 249, 46, 448, 55, 449, 254, 313, 35, 48, 112, 124, 288, 354, 380, 154, 355, 468, 268, 147, 21, 207, 195, 20, 75, 83, 49, 241, 446, 363, 150, 419, 252, 292, 430, 152, 59, 28, 375, 203, 388, 193, 141, 290, 77, 406, 125, 31, 359, 186, 361, 190, 273, 90, 294, 403, 412, 40, 315, 418, 382, 239, 131, 169, 135, 103, 428, 343, 319, 386, 332, 423, 197, 360, 470, 408, 148, 253, 212, 364, 45, 53, 196, 378, 275, 344, 208, 36, 174, 305, 101, 12, 304, 81, 70, 333, 258, 316, 162, 165, 270, 5, 299, 269, 89, 219, 450, 18, 192, 416, 71, 326, 50, 438, 194, 302, 178, 337, 23, 183, 463, 394, 441, 346, 401, 442, 425, 349, 114, 225, 467, 216, 298, 472, 250, 202, 176, 41, 73, 421, 117, 440, 248, 140, 422, 433, 121, 110, 237, 120, 60, 473, 411, 222, 155, 402, 301, 261, 149, 341, 293, 443, 231, 171, 274, 198, 469, 168, 57, 69, 234, 132, 460, 47, 66, 144, 217, 159, 42, 173, 320, 435, 161, 74, 447, 63, 100, 471, 93, 146, 462, 184, 139, 367, 444, 223, 455, 99, 13, 129, 126, 353, 153, 201, 266, 336, 105, 303, 317, 44]
og index list energy: 241649198.5645685
index list: [366, 275, 373, 190, 200, 389, 199, 462, 13, 207, 345, 135, 436, 145, 108, 268, 426, 285, 163, 273, 82, 422, 157, 445, 247, 119, 161, 402, 175, 245, 72, 338, 172, 226, 109, 377, 147, 129, 442, 90, 159, 143, 441, 96, 448, 223, 355, 325, 300, 339, 274, 276, 84, 139, 137, 456, 61, 459, 17, 340, 242, 401, 272, 383, 202, 35, 346, 46, 363, 12, 447, 45, 450, 36, 403, 213, 435, 241, 388, 99, 410, 102, 349, 331, 296, 54, 472, 87, 470, 197, 209, 198, 205, 260, 348, 179, 417, 78, 167, 414, 231, 39, 204, 203, 77, 318, 142, 464, 310, 406, 316, 342, 277, 458, 89, 284, 47, 97, 306, 228, 379, 301, 424, 249, 387, 29, 232, 70, 454, 322, 75, 467, 217, 461, 101, 288, 351, 177, 409, 53, 375, 452, 238, 415, 229, 56, 419, 279, 127, 444, 83, 365, 117, 411, 71, 55, 361, 152, 431, 116, 468, 328, 270, 396, 144, 106, 420, 57, 347, 302, 122, 265, 15, 30, 320, 107, 453, 289, 439, 280, 384, 132, 362, 264, 244, 412, 121, 451, 41, 443, 42, 248, 140, 394, 216, 73, 295, 327, 184, 11, 391, 62, 150, 120, 292, 114, 246, 149, 329, 134, 471, 125, 425, 79, 92, 294, 367, 166, 413, 219, 429, 311, 224, 350, 154, 433, 304, 67, 438, 309, 473, 173, 354, 332, 407, 212, 158, 344, 7, 69, 469, 66, 286, 235, 10, 201, 195, 400, 136, 80, 44, 148, 215, 430, 187, 385, 138, 381, 160, 218, 222, 257, 239, 112, 58, 1, 319, 0, 153, 421, 208, 171, 206, 193, 188, 267, 24, 258, 259, 146, 343, 6, 437, 313, 440, 130, 60, 341, 74, 25, 170, 395, 307, 181, 2, 397, 194, 256, 151, 303, 210, 335, 21, 298, 333, 446, 336, 460, 271, 356, 178, 404, 326, 398, 314, 371, 104, 321, 378, 103, 465, 221, 334, 237, 192, 360, 28, 352, 251, 230, 214, 405, 168, 34, 269, 253, 180, 287, 51, 162, 76, 428, 8, 126, 293, 252, 261, 263, 262, 380, 14, 399, 174, 33, 59, 283, 27, 81, 368, 233, 324, 94, 155, 317, 290, 52, 323, 18, 364, 64, 185, 432, 113, 19, 434, 88, 358, 85, 234, 110, 100, 50, 382, 65, 23, 418, 93, 393, 182, 156, 86, 49, 449, 63, 308, 240, 457, 165, 359, 98, 133, 123, 416, 266, 37, 466, 196, 20, 376, 3, 408, 22, 463, 141, 330, 95, 105, 427, 227, 369, 176, 386, 32, 374, 191, 4, 5, 48, 124, 243, 297, 131, 281, 43, 390, 115, 111, 26, 278, 169, 455, 189, 186, 423, 254, 372, 31, 183, 40, 357, 225, 305, 291, 370, 16, 353, 9, 91, 337, 128, 282, 392, 68, 250, 299, 38, 164, 315, 211, 118, 255, 220, 312, 236]
index list energy: 29845774.509088125
Done


program ended at: 2020-04-06 23:26:17.285387 
 time delta: 12:25:16.632992
