## SLURM PROLOG ###############################################################
##    Job ID : 12005695
##  Job Name : new_and_improved?
##  Nodelist : node1127
##      CPUs : 1
##  Mem/Node : 1024 MB
## Directory : /gpfs/data/nfawzi/skale/Fawzi_pycharm_project
##   Started : Mon Apr  6 12:46:48 EDT 2020
###############################################################################
program started at:2020-04-06 12:46:48.805492
iterations: 72000000 temp: 1000000.0 exponent: 0.9 eif: 300.0
time taken (sec): 41512.598606824875
number of iterations: 72000000
final temperature: 159.26791088519815
og index list: [334, 270, 224, 230, 398, 460, 182, 470, 106, 47, 314, 117, 155, 364, 76, 382, 251, 263, 260, 287, 152, 236, 188, 160, 442, 41, 119, 120, 363, 124, 439, 377, 191, 431, 113, 2, 57, 373, 437, 324, 401, 34, 171, 282, 379, 305, 177, 144, 414, 242, 265, 101, 10, 309, 362, 465, 269, 148, 468, 471, 22, 206, 178, 104, 208, 286, 395, 71, 13, 42, 98, 35, 402, 234, 320, 386, 129, 375, 391, 94, 186, 403, 4, 421, 275, 249, 456, 140, 393, 262, 404, 141, 195, 388, 429, 107, 243, 103, 40, 293, 153, 3, 387, 459, 185, 237, 255, 419, 339, 194, 424, 18, 14, 294, 154, 123, 394, 199, 311, 348, 220, 295, 128, 267, 48, 366, 19, 356, 411, 274, 184, 445, 82, 257, 67, 405, 149, 390, 172, 435, 181, 355, 264, 92, 256, 409, 58, 450, 73, 50, 350, 397, 244, 145, 423, 116, 408, 205, 335, 297, 378, 466, 312, 232, 33, 65, 433, 127, 253, 84, 197, 228, 365, 318, 461, 276, 27, 368, 89, 26, 28, 258, 332, 384, 112, 163, 229, 304, 9, 349, 360, 241, 281, 44, 331, 432, 105, 303, 376, 62, 467, 250, 284, 100, 69, 75, 430, 338, 283, 190, 91, 344, 7, 415, 444, 159, 448, 371, 396, 217, 351, 132, 280, 469, 166, 434, 326, 20, 68, 17, 426, 381, 322, 353, 23, 136, 323, 321, 83, 21, 212, 64, 227, 43, 175, 273, 225, 307, 95, 102, 285, 59, 118, 93, 142, 319, 358, 299, 56, 345, 222, 214, 221, 114, 193, 357, 427, 271, 370, 139, 167, 161, 392, 203, 111, 88, 97, 164, 425, 417, 210, 174, 109, 288, 55, 337, 333, 176, 400, 135, 341, 110, 170, 457, 316, 422, 70, 226, 168, 458, 247, 462, 115, 24, 300, 133, 39, 336, 96, 380, 420, 196, 150, 215, 207, 436, 454, 446, 137, 162, 85, 290, 317, 266, 200, 25, 45, 330, 268, 223, 385, 248, 61, 158, 472, 63, 327, 87, 51, 189, 453, 410, 0, 240, 79, 216, 342, 209, 53, 165, 399, 346, 328, 201, 441, 383, 279, 473, 412, 157, 308, 277, 1, 213, 29, 231, 198, 272, 66, 30, 143, 8, 407, 151, 406, 183, 122, 289, 86, 126, 455, 121, 451, 60, 416, 238, 46, 343, 138, 49, 204, 11, 246, 449, 218, 219, 134, 291, 72, 52, 187, 80, 169, 452, 428, 292, 447, 37, 90, 361, 443, 173, 211, 359, 310, 32, 5, 418, 252, 131, 130, 278, 369, 306, 78, 347, 367, 413, 192, 99, 259, 301, 325, 340, 202, 54, 36, 374, 245, 438, 296, 261, 372, 12, 235, 463, 315, 31, 77, 156, 38, 354, 108, 233, 254, 146, 125, 464, 313, 302, 329, 239, 15, 179, 352, 6, 298, 74, 16, 180, 147, 389, 440, 81]
og index list energy: 239870181.17740655
index list: [2, 275, 410, 189, 206, 191, 414, 53, 86, 163, 295, 309, 319, 125, 437, 72, 342, 65, 349, 136, 35, 392, 328, 40, 443, 279, 434, 300, 412, 245, 274, 11, 366, 327, 249, 329, 78, 442, 51, 445, 213, 106, 232, 157, 466, 95, 381, 39, 372, 85, 126, 59, 293, 304, 320, 254, 352, 19, 316, 461, 131, 313, 391, 330, 28, 140, 244, 441, 203, 216, 56, 283, 91, 102, 108, 243, 201, 9, 422, 190, 188, 305, 403, 198, 250, 286, 235, 289, 167, 382, 103, 373, 310, 376, 44, 453, 99, 449, 312, 423, 130, 282, 70, 404, 212, 469, 77, 32, 246, 7, 222, 193, 194, 73, 431, 133, 406, 301, 256, 261, 146, 405, 218, 318, 112, 79, 166, 162, 455, 57, 429, 143, 371, 117, 467, 115, 61, 340, 88, 357, 152, 402, 247, 100, 426, 43, 395, 294, 459, 273, 351, 17, 343, 80, 113, 419, 98, 307, 272, 214, 462, 211, 31, 168, 361, 336, 363, 87, 139, 427, 63, 82, 285, 8, 380, 14, 411, 186, 384, 138, 358, 208, 416, 48, 60, 465, 333, 18, 359, 104, 224, 374, 229, 365, 89, 134, 169, 347, 231, 49, 444, 69, 425, 314, 424, 71, 401, 151, 265, 187, 470, 83, 308, 176, 107, 269, 50, 315, 179, 440, 16, 396, 226, 270, 415, 241, 348, 325, 385, 200, 197, 468, 209, 199, 210, 236, 75, 101, 29, 207, 398, 3, 394, 296, 378, 6, 460, 137, 413, 248, 362, 240, 321, 344, 196, 183, 268, 369, 62, 132, 158, 204, 30, 155, 436, 322, 26, 149, 368, 271, 24, 259, 177, 337, 129, 418, 38, 281, 303, 27, 262, 114, 334, 54, 473, 302, 227, 215, 74, 144, 94, 67, 287, 420, 25, 119, 323, 257, 464, 121, 284, 154, 239, 135, 276, 278, 128, 452, 123, 122, 234, 409, 277, 428, 335, 331, 185, 159, 13, 360, 4, 5, 388, 111, 220, 173, 346, 55, 454, 20, 433, 178, 451, 23, 353, 184, 202, 458, 45, 471, 93, 341, 156, 228, 432, 219, 255, 64, 172, 292, 192, 386, 76, 324, 175, 379, 41, 147, 161, 393, 180, 258, 120, 22, 397, 68, 345, 230, 97, 399, 47, 355, 109, 124, 127, 233, 182, 142, 457, 251, 317, 253, 36, 92, 306, 145, 367, 105, 438, 237, 408, 221, 446, 225, 417, 81, 354, 290, 298, 260, 364, 217, 439, 33, 383, 90, 377, 326, 339, 46, 297, 181, 390, 66, 110, 21, 34, 52, 456, 153, 435, 238, 1, 447, 58, 311, 0, 288, 263, 338, 264, 375, 266, 407, 164, 430, 96, 356, 171, 84, 450, 141, 332, 472, 160, 150, 170, 42, 400, 299, 223, 463, 280, 389, 291, 370, 10, 15, 37, 350, 195, 252, 174, 205, 267, 421, 242, 448, 12, 387, 116, 118, 165, 148]
index list energy: 27438777.170155548
Done


program ended at: 2020-04-07 00:18:41.763453 
 time delta: 11:31:52.957961
