## SLURM PROLOG ###############################################################
##    Job ID : 11946026
##  Job Name : new_and_improved?
##  Nodelist : node1615
##      CPUs : 1
##  Mem/Node : 1024 MB
## Directory : /gpfs/data/nfawzi/skale/Fawzi_pycharm_project
##   Started : Sun Apr  5 22:55:50 EDT 2020
###############################################################################
program started at:2020-04-05 22:55:51.911046
iterations: 72000000 temp: 1000000.0 exponent: 0.9 eif: 300.0
time taken (sec): 68779.50029063225
number of iterations: 72000000
final temperature: 159.26791088519815
og index list: [91, 462, 51, 14, 107, 397, 208, 109, 472, 430, 345, 186, 0, 380, 33, 184, 287, 108, 204, 420, 163, 418, 409, 215, 173, 123, 459, 307, 23, 132, 258, 285, 460, 207, 53, 115, 424, 137, 99, 274, 222, 289, 423, 155, 171, 238, 384, 432, 48, 260, 230, 326, 390, 416, 439, 381, 440, 242, 17, 149, 327, 77, 378, 244, 329, 334, 193, 79, 27, 291, 352, 84, 139, 338, 233, 128, 129, 431, 411, 263, 340, 153, 240, 62, 82, 410, 6, 112, 237, 111, 7, 444, 73, 80, 145, 305, 31, 379, 8, 63, 20, 98, 361, 71, 158, 36, 426, 451, 272, 457, 280, 165, 52, 429, 355, 310, 331, 247, 262, 383, 43, 229, 135, 199, 178, 170, 228, 434, 116, 312, 119, 232, 351, 401, 301, 282, 218, 468, 76, 235, 295, 60, 9, 461, 436, 428, 121, 314, 147, 166, 105, 318, 113, 328, 217, 369, 473, 219, 205, 303, 394, 64, 157, 181, 387, 56, 12, 81, 447, 268, 216, 67, 455, 276, 360, 16, 271, 15, 87, 220, 144, 370, 313, 88, 408, 389, 32, 382, 350, 388, 311, 452, 253, 124, 4, 19, 417, 402, 161, 93, 200, 300, 252, 231, 172, 192, 174, 197, 377, 299, 101, 92, 160, 29, 358, 246, 330, 366, 365, 196, 255, 336, 209, 61, 55, 134, 38, 467, 308, 269, 386, 187, 236, 203, 286, 138, 110, 306, 162, 50, 471, 72, 427, 114, 26, 398, 59, 69, 143, 372, 28, 89, 133, 341, 206, 5, 437, 470, 239, 458, 362, 142, 25, 39, 332, 275, 118, 293, 213, 392, 344, 266, 469, 117, 103, 367, 385, 13, 264, 343, 448, 127, 435, 70, 11, 146, 221, 281, 41, 152, 270, 290, 243, 159, 296, 97, 140, 277, 349, 284, 256, 179, 450, 368, 102, 168, 259, 202, 210, 78, 375, 175, 406, 66, 154, 317, 212, 49, 463, 333, 324, 151, 148, 75, 226, 364, 302, 120, 180, 283, 40, 191, 18, 100, 415, 438, 45, 126, 189, 353, 169, 46, 57, 65, 321, 278, 156, 211, 399, 414, 294, 357, 225, 342, 400, 185, 104, 348, 265, 167, 248, 422, 94, 425, 249, 95, 354, 322, 198, 396, 194, 347, 177, 273, 442, 288, 298, 323, 443, 267, 421, 413, 2, 195, 86, 251, 74, 339, 227, 359, 183, 22, 68, 234, 150, 201, 363, 433, 21, 44, 1, 456, 90, 182, 309, 96, 445, 464, 47, 164, 10, 325, 106, 449, 42, 254, 453, 245, 261, 419, 376, 30, 279, 37, 257, 404, 130, 391, 346, 374, 3, 441, 316, 136, 83, 466, 371, 141, 250, 176, 297, 131, 214, 241, 446, 335, 54, 337, 315, 223, 188, 224, 35, 292, 85, 24, 407, 412, 320, 403, 393, 122, 356, 465, 34, 373, 304, 58, 190, 125, 395, 405, 454, 319]
og index list energy: 203394787.30830324
index list: [172, 16, 238, 317, 179, 312, 170, 340, 70, 427, 141, 288, 449, 55, 463, 280, 432, 321, 331, 310, 457, 51, 218, 95, 402, 84, 429, 325, 352, 327, 2, 382, 198, 32, 204, 146, 259, 393, 247, 99, 246, 221, 437, 316, 380, 274, 282, 215, 332, 426, 299, 314, 302, 69, 290, 456, 169, 34, 91, 460, 330, 208, 428, 46, 174, 35, 12, 154, 354, 72, 153, 273, 473, 76, 408, 152, 357, 270, 458, 106, 470, 57, 155, 469, 66, 186, 323, 18, 401, 164, 436, 10, 337, 295, 225, 411, 181, 27, 97, 447, 257, 216, 112, 71, 363, 173, 450, 195, 404, 206, 329, 197, 210, 114, 386, 111, 108, 128, 435, 294, 414, 47, 459, 326, 123, 265, 38, 239, 231, 17, 44, 371, 121, 438, 49, 279, 167, 230, 359, 127, 424, 50, 150, 166, 348, 74, 103, 343, 100, 334, 4, 5, 191, 192, 277, 400, 184, 113, 308, 253, 235, 203, 300, 471, 45, 86, 67, 82, 126, 135, 256, 212, 318, 286, 139, 19, 410, 43, 356, 0, 345, 138, 398, 189, 68, 381, 24, 56, 421, 254, 306, 251, 433, 11, 158, 284, 156, 452, 149, 28, 350, 14, 445, 339, 147, 224, 320, 322, 131, 185, 342, 187, 419, 96, 374, 261, 378, 13, 444, 160, 54, 417, 143, 305, 125, 52, 392, 94, 431, 269, 130, 364, 222, 292, 298, 81, 315, 182, 98, 448, 307, 93, 367, 15, 370, 62, 346, 136, 455, 133, 420, 227, 388, 237, 116, 389, 291, 434, 115, 120, 23, 297, 144, 362, 242, 244, 439, 85, 88, 373, 73, 278, 176, 232, 33, 303, 101, 442, 61, 281, 423, 223, 383, 53, 228, 122, 107, 60, 241, 258, 134, 162, 287, 379, 243, 171, 29, 201, 267, 193, 272, 214, 20, 462, 220, 145, 157, 461, 90, 416, 217, 406, 260, 351, 304, 163, 365, 245, 3, 369, 9, 443, 211, 403, 263, 92, 102, 140, 77, 1, 178, 440, 65, 395, 309, 366, 109, 412, 213, 161, 468, 42, 394, 64, 40, 358, 262, 250, 31, 377, 336, 209, 271, 249, 344, 87, 83, 319, 175, 472, 79, 89, 289, 276, 418, 142, 454, 313, 451, 39, 465, 328, 25, 129, 78, 148, 233, 324, 59, 368, 293, 252, 159, 30, 183, 7, 360, 202, 361, 205, 355, 104, 385, 248, 425, 58, 347, 105, 391, 36, 467, 8, 396, 219, 422, 168, 22, 399, 119, 466, 137, 446, 264, 409, 151, 415, 41, 453, 333, 372, 285, 226, 430, 301, 405, 335, 21, 283, 6, 413, 255, 387, 117, 177, 464, 48, 124, 63, 236, 165, 234, 311, 275, 397, 196, 37, 390, 190, 341, 188, 349, 194, 132, 375, 240, 376, 200, 207, 199, 384, 266, 338, 26, 407, 75, 80, 180, 353, 110, 296, 441, 229, 118, 268]
index list energy: 27396551.388445448
Done


program ended at: 2020-04-06 18:02:11.757330 
 time delta: 19:06:19.846284
