## SLURM PROLOG ###############################################################
##    Job ID : 11946070
##  Job Name : new_and_improved?
##  Nodelist : node1624
##      CPUs : 1
##  Mem/Node : 1024 MB
## Directory : /gpfs/data/nfawzi/skale/Fawzi_pycharm_project
##   Started : Sun Apr  5 22:55:52 EDT 2020
###############################################################################
program started at:2020-04-05 22:55:53.032696
iterations: 72000000 temp: 1000000.0 exponent: 0.9 eif: 300.0
time taken (sec): 67295.32176399231
number of iterations: 72000000
final temperature: 159.26791088519815
og index list: [297, 86, 208, 310, 50, 434, 13, 25, 214, 26, 74, 94, 309, 161, 82, 382, 75, 442, 222, 108, 383, 412, 406, 351, 135, 206, 266, 397, 328, 113, 446, 432, 12, 207, 150, 198, 176, 147, 366, 186, 248, 437, 348, 352, 97, 430, 304, 67, 156, 291, 184, 457, 100, 387, 142, 262, 11, 449, 257, 2, 160, 254, 164, 192, 163, 277, 98, 120, 358, 267, 462, 219, 234, 276, 131, 389, 439, 417, 377, 6, 66, 103, 106, 326, 65, 1, 372, 388, 460, 177, 165, 445, 404, 197, 182, 315, 85, 95, 395, 145, 354, 129, 215, 24, 141, 17, 60, 243, 359, 84, 391, 296, 349, 105, 367, 231, 159, 357, 288, 327, 123, 452, 46, 31, 421, 204, 45, 238, 350, 242, 9, 401, 191, 203, 61, 76, 386, 313, 311, 247, 426, 138, 62, 468, 298, 22, 264, 471, 299, 250, 36, 420, 119, 322, 218, 146, 320, 400, 273, 32, 90, 308, 370, 223, 414, 225, 202, 451, 169, 189, 294, 441, 52, 392, 224, 122, 337, 3, 281, 185, 473, 373, 173, 252, 286, 364, 336, 263, 187, 436, 152, 312, 253, 110, 96, 104, 183, 290, 15, 194, 289, 121, 71, 292, 461, 324, 158, 255, 330, 240, 237, 450, 139, 356, 58, 93, 405, 374, 280, 256, 81, 340, 195, 205, 34, 229, 79, 190, 209, 149, 118, 115, 178, 241, 144, 128, 54, 72, 117, 201, 425, 317, 55, 172, 407, 212, 398, 278, 220, 42, 179, 455, 56, 295, 170, 260, 10, 235, 92, 365, 44, 124, 236, 27, 258, 133, 467, 325, 249, 137, 64, 428, 174, 316, 47, 48, 37, 167, 233, 70, 151, 140, 232, 35, 73, 171, 157, 21, 217, 188, 59, 463, 259, 454, 375, 456, 134, 8, 338, 344, 332, 307, 19, 275, 293, 453, 14, 7, 4, 168, 69, 210, 30, 362, 416, 216, 199, 200, 379, 39, 114, 440, 447, 423, 272, 99, 269, 28, 227, 346, 5, 127, 271, 448, 87, 78, 102, 396, 282, 472, 41, 166, 381, 63, 399, 427, 49, 303, 68, 431, 221, 107, 125, 101, 33, 213, 394, 469, 329, 331, 279, 444, 318, 239, 180, 369, 38, 83, 380, 333, 29, 353, 53, 251, 418, 274, 16, 175, 302, 80, 148, 341, 368, 335, 23, 89, 321, 306, 435, 402, 408, 196, 363, 459, 376, 0, 283, 154, 20, 424, 393, 410, 112, 413, 111, 228, 130, 193, 355, 323, 57, 109, 343, 438, 116, 285, 132, 284, 347, 261, 419, 433, 458, 345, 464, 301, 246, 226, 429, 155, 143, 136, 18, 422, 470, 334, 319, 378, 77, 339, 360, 415, 181, 342, 371, 411, 305, 403, 230, 300, 385, 268, 43, 314, 466, 270, 409, 244, 153, 390, 384, 40, 88, 287, 443, 91, 265, 126, 162, 361, 51, 465, 245, 211]
og index list energy: 268779776.1172943
index list: [307, 18, 380, 260, 355, 33, 404, 212, 13, 92, 73, 52, 384, 160, 467, 286, 312, 463, 49, 464, 102, 416, 36, 452, 199, 209, 197, 188, 191, 5, 472, 194, 201, 311, 330, 253, 71, 244, 443, 285, 109, 398, 187, 282, 396, 250, 185, 329, 328, 316, 412, 29, 367, 335, 234, 39, 413, 277, 140, 15, 62, 65, 442, 128, 299, 53, 339, 50, 284, 75, 268, 456, 119, 239, 221, 67, 441, 45, 436, 12, 108, 168, 431, 222, 23, 148, 233, 313, 383, 295, 223, 453, 105, 359, 63, 470, 48, 315, 166, 343, 106, 124, 144, 112, 142, 97, 57, 410, 51, 150, 423, 300, 269, 130, 318, 35, 176, 451, 263, 22, 427, 113, 258, 146, 457, 42, 471, 279, 374, 100, 415, 290, 347, 314, 448, 178, 400, 275, 377, 115, 248, 167, 246, 151, 455, 74, 327, 247, 271, 37, 411, 200, 426, 9, 353, 55, 141, 388, 332, 345, 310, 385, 164, 215, 395, 195, 378, 27, 360, 147, 289, 0, 1, 376, 320, 237, 379, 43, 446, 132, 403, 186, 170, 350, 262, 389, 213, 293, 287, 429, 296, 154, 121, 381, 139, 256, 64, 95, 126, 41, 356, 333, 298, 229, 225, 261, 184, 189, 255, 193, 20, 450, 181, 469, 17, 358, 91, 276, 438, 196, 208, 363, 3, 245, 235, 80, 173, 283, 104, 422, 219, 409, 14, 394, 192, 81, 352, 270, 228, 6, 417, 76, 425, 31, 334, 190, 437, 242, 386, 273, 387, 302, 354, 325, 101, 434, 240, 461, 198, 373, 202, 205, 163, 156, 393, 66, 149, 11, 344, 243, 466, 259, 407, 24, 265, 111, 303, 79, 59, 322, 21, 419, 210, 346, 77, 369, 89, 397, 58, 460, 60, 399, 69, 46, 34, 274, 25, 216, 131, 224, 351, 180, 114, 348, 306, 349, 179, 439, 135, 231, 117, 372, 78, 337, 40, 468, 159, 123, 93, 305, 257, 447, 211, 406, 28, 272, 204, 172, 96, 56, 371, 143, 136, 175, 420, 84, 252, 47, 288, 26, 249, 401, 174, 7, 214, 432, 336, 362, 251, 433, 10, 122, 30, 177, 317, 38, 155, 319, 169, 127, 402, 203, 125, 326, 366, 226, 357, 230, 462, 238, 428, 137, 375, 281, 414, 103, 86, 85, 292, 162, 323, 206, 364, 120, 8, 183, 254, 110, 227, 68, 297, 129, 232, 61, 449, 54, 368, 44, 408, 19, 294, 361, 2, 207, 4, 171, 32, 424, 266, 365, 72, 390, 88, 157, 440, 83, 338, 134, 444, 90, 454, 217, 435, 145, 421, 301, 118, 321, 465, 241, 342, 70, 331, 291, 304, 430, 182, 98, 236, 158, 370, 107, 153, 382, 309, 391, 264, 445, 116, 459, 133, 473, 16, 340, 138, 458, 94, 82, 392, 87, 218, 324, 161, 278, 99, 341, 152, 418, 267, 308, 220, 165, 405, 280]
index list energy: 25399799.679201204
Done


program ended at: 2020-04-06 17:37:28.705835 
 time delta: 18:41:35.673139
