## SLURM PROLOG ###############################################################
##    Job ID : 11946020
##  Job Name : new_and_improved?
##  Nodelist : node1613
##      CPUs : 1
##  Mem/Node : 1024 MB
## Directory : /gpfs/data/nfawzi/skale/Fawzi_pycharm_project
##   Started : Sun Apr  5 22:55:50 EDT 2020
###############################################################################
program started at:2020-04-05 22:55:52.035982
iterations: 72000000 temp: 1000000.0 exponent: 0.9 eif: 300.0
time taken (sec): 64013.29137015343
number of iterations: 72000000
final temperature: 159.26791088519815
og index list: [123, 303, 255, 467, 397, 370, 173, 171, 371, 426, 48, 284, 347, 200, 104, 438, 448, 146, 6, 369, 461, 410, 457, 87, 241, 72, 428, 258, 47, 280, 175, 222, 63, 274, 324, 108, 143, 16, 4, 440, 388, 119, 250, 165, 125, 98, 402, 35, 95, 359, 317, 131, 373, 8, 361, 453, 360, 183, 65, 310, 377, 209, 20, 456, 270, 14, 390, 71, 404, 118, 235, 362, 389, 22, 130, 221, 248, 225, 181, 276, 205, 450, 163, 178, 116, 58, 67, 299, 352, 79, 73, 121, 395, 416, 177, 423, 378, 81, 298, 273, 139, 261, 70, 92, 304, 237, 342, 315, 234, 25, 259, 300, 169, 3, 23, 99, 166, 228, 321, 18, 385, 251, 124, 444, 50, 414, 230, 216, 455, 372, 195, 115, 337, 91, 460, 393, 340, 106, 267, 145, 334, 269, 57, 296, 33, 197, 454, 13, 411, 164, 263, 420, 61, 188, 264, 68, 312, 101, 60, 11, 292, 148, 343, 406, 211, 297, 182, 295, 43, 223, 294, 335, 54, 313, 306, 117, 217, 305, 459, 0, 64, 83, 288, 86, 159, 415, 97, 327, 384, 227, 137, 379, 90, 167, 17, 170, 470, 322, 224, 26, 133, 325, 232, 434, 66, 185, 39, 36, 212, 336, 229, 153, 403, 89, 431, 252, 260, 213, 157, 445, 277, 96, 180, 156, 462, 286, 469, 463, 408, 318, 353, 132, 174, 34, 15, 424, 400, 349, 42, 193, 464, 233, 186, 76, 199, 77, 311, 375, 266, 417, 12, 413, 314, 59, 151, 363, 128, 307, 316, 293, 339, 429, 198, 219, 32, 184, 383, 75, 210, 436, 281, 346, 394, 82, 279, 220, 271, 387, 204, 208, 419, 136, 418, 473, 88, 355, 278, 291, 357, 138, 386, 471, 368, 135, 331, 441, 28, 49, 243, 21, 1, 206, 290, 275, 46, 202, 422, 432, 215, 24, 107, 74, 381, 332, 350, 55, 93, 409, 140, 40, 158, 451, 283, 326, 287, 319, 427, 442, 10, 44, 53, 333, 282, 338, 102, 254, 301, 218, 147, 127, 120, 396, 172, 446, 129, 407, 80, 398, 341, 189, 141, 56, 111, 168, 245, 112, 69, 380, 249, 126, 179, 85, 449, 113, 9, 430, 367, 134, 256, 366, 5, 253, 247, 262, 329, 214, 190, 196, 302, 344, 242, 309, 268, 356, 51, 152, 238, 150, 103, 19, 142, 231, 285, 323, 399, 458, 31, 244, 345, 207, 391, 447, 41, 94, 374, 320, 433, 37, 109, 358, 308, 354, 226, 466, 114, 401, 421, 162, 465, 105, 78, 45, 257, 160, 392, 382, 149, 62, 144, 155, 425, 2, 439, 203, 52, 376, 187, 240, 192, 30, 365, 191, 468, 443, 154, 122, 472, 194, 348, 328, 272, 84, 27, 351, 110, 7, 236, 100, 452, 176, 330, 201, 161, 412, 265, 437, 38, 239, 405, 29, 364, 246, 289, 435]
og index list energy: 259515334.633073
index list: [149, 286, 327, 75, 80, 184, 21, 192, 423, 205, 202, 177, 466, 46, 442, 54, 425, 115, 6, 446, 271, 360, 289, 324, 220, 83, 373, 144, 410, 45, 445, 73, 92, 336, 193, 210, 380, 20, 3, 435, 119, 170, 386, 195, 365, 9, 330, 257, 283, 263, 190, 447, 111, 120, 277, 244, 456, 318, 203, 169, 341, 275, 362, 255, 315, 134, 337, 106, 269, 89, 236, 76, 209, 28, 352, 212, 469, 316, 260, 424, 26, 443, 36, 59, 252, 291, 233, 153, 304, 427, 55, 353, 264, 465, 22, 288, 222, 40, 367, 68, 77, 398, 187, 234, 463, 31, 405, 199, 311, 251, 323, 326, 256, 307, 51, 140, 79, 419, 112, 147, 312, 329, 38, 231, 159, 39, 385, 90, 42, 471, 123, 320, 151, 377, 179, 462, 306, 87, 459, 172, 325, 245, 247, 224, 430, 302, 439, 221, 351, 266, 395, 225, 282, 114, 390, 71, 242, 357, 241, 182, 7, 136, 452, 25, 30, 162, 375, 126, 88, 431, 99, 420, 107, 65, 287, 53, 368, 227, 441, 74, 455, 16, 383, 270, 217, 86, 171, 268, 191, 5, 32, 2, 354, 50, 285, 181, 274, 417, 310, 366, 178, 468, 237, 397, 93, 121, 384, 113, 243, 183, 8, 472, 33, 156, 1, 180, 338, 57, 470, 163, 148, 412, 152, 334, 102, 346, 321, 381, 165, 305, 41, 379, 173, 415, 139, 240, 403, 164, 457, 63, 34, 17, 215, 382, 154, 345, 301, 361, 339, 116, 317, 313, 239, 95, 433, 66, 186, 124, 279, 82, 94, 473, 253, 208, 250, 211, 364, 15, 448, 62, 37, 370, 198, 349, 206, 391, 174, 69, 64, 135, 432, 314, 396, 58, 428, 138, 0, 19, 278, 168, 298, 293, 399, 49, 467, 47, 297, 70, 409, 60, 322, 142, 411, 67, 393, 128, 421, 133, 232, 125, 117, 340, 10, 359, 12, 414, 105, 400, 290, 392, 100, 356, 332, 437, 13, 201, 267, 294, 453, 230, 388, 281, 401, 188, 158, 108, 24, 347, 52, 97, 122, 343, 23, 389, 27, 407, 328, 84, 44, 460, 166, 155, 284, 29, 426, 335, 300, 254, 303, 259, 204, 35, 214, 175, 458, 160, 378, 18, 451, 48, 372, 145, 127, 137, 418, 238, 413, 110, 98, 258, 333, 308, 249, 219, 416, 185, 129, 404, 61, 406, 143, 434, 248, 376, 331, 72, 408, 309, 85, 228, 299, 91, 207, 200, 461, 11, 344, 197, 246, 176, 262, 118, 101, 358, 213, 350, 78, 319, 296, 454, 109, 295, 157, 402, 14, 422, 196, 348, 194, 189, 371, 4, 464, 43, 363, 229, 342, 96, 235, 226, 394, 103, 56, 429, 130, 387, 141, 150, 273, 438, 223, 440, 261, 450, 132, 167, 449, 104, 369, 131, 218, 216, 161, 265, 292, 146, 276, 355, 272, 374, 436, 81, 444, 280]
index list energy: 26551792.40627189
Done


program ended at: 2020-04-06 16:42:45.684989 
 time delta: 17:46:53.649007
