## SLURM PROLOG ###############################################################
##    Job ID : 11946015
##  Job Name : new_and_improved?
##  Nodelist : node1613
##      CPUs : 1
##  Mem/Node : 1024 MB
## Directory : /gpfs/data/nfawzi/skale/Fawzi_pycharm_project
##   Started : Sun Apr  5 22:55:49 EDT 2020
###############################################################################
program started at:2020-04-05 22:55:51.916842
iterations: 72000000 temp: 1000000.0 exponent: 0.9 eif: 300.0
time taken (sec): 70987.56558704376
number of iterations: 72000000
final temperature: 159.26791088519815
og index list: [184, 205, 20, 39, 114, 157, 31, 217, 240, 344, 47, 334, 377, 376, 212, 451, 391, 85, 314, 346, 70, 328, 194, 421, 453, 312, 461, 406, 56, 154, 162, 215, 285, 296, 404, 234, 401, 266, 340, 364, 218, 281, 148, 125, 428, 152, 309, 456, 101, 24, 236, 41, 282, 317, 1, 366, 25, 297, 45, 385, 430, 15, 256, 355, 49, 123, 307, 447, 77, 102, 400, 417, 68, 2, 306, 138, 382, 67, 106, 426, 161, 324, 241, 308, 165, 245, 389, 337, 74, 201, 170, 436, 230, 374, 347, 342, 332, 229, 203, 115, 318, 180, 411, 185, 379, 73, 394, 333, 432, 193, 393, 448, 79, 112, 54, 348, 130, 434, 29, 166, 150, 76, 458, 164, 200, 46, 140, 322, 30, 359, 275, 33, 237, 92, 119, 87, 465, 253, 399, 4, 378, 423, 82, 94, 444, 219, 441, 43, 283, 407, 244, 372, 176, 443, 127, 431, 226, 17, 326, 414, 211, 22, 269, 197, 144, 181, 261, 145, 349, 470, 142, 210, 246, 249, 172, 323, 5, 298, 163, 35, 397, 457, 251, 156, 158, 83, 105, 50, 188, 287, 335, 139, 182, 413, 186, 51, 416, 66, 341, 221, 265, 420, 113, 262, 136, 59, 128, 239, 402, 178, 258, 387, 189, 442, 173, 424, 190, 279, 369, 339, 78, 57, 459, 122, 13, 454, 72, 370, 214, 410, 450, 132, 118, 455, 353, 111, 135, 96, 412, 103, 88, 187, 149, 351, 208, 63, 179, 268, 177, 93, 362, 116, 235, 0, 303, 350, 343, 126, 445, 9, 141, 408, 368, 58, 278, 81, 42, 272, 358, 216, 14, 360, 396, 195, 143, 27, 320, 61, 398, 238, 104, 464, 277, 108, 134, 53, 232, 60, 313, 32, 356, 392, 169, 437, 228, 415, 6, 38, 12, 446, 199, 292, 462, 363, 168, 472, 325, 274, 299, 338, 302, 375, 409, 198, 336, 247, 26, 44, 243, 373, 175, 133, 452, 250, 466, 34, 191, 231, 86, 202, 252, 371, 233, 75, 471, 433, 367, 52, 155, 206, 225, 160, 204, 224, 99, 422, 284, 80, 3, 90, 62, 257, 37, 330, 10, 98, 383, 427, 84, 192, 263, 100, 301, 319, 89, 183, 209, 7, 310, 222, 294, 48, 64, 264, 468, 110, 259, 460, 305, 19, 276, 213, 254, 248, 439, 196, 36, 255, 8, 171, 220, 365, 131, 345, 419, 357, 311, 321, 388, 137, 395, 18, 390, 429, 95, 381, 473, 40, 69, 273, 290, 386, 146, 223, 23, 418, 463, 403, 449, 97, 109, 270, 300, 435, 331, 315, 280, 438, 380, 71, 11, 316, 120, 361, 467, 352, 291, 159, 354, 65, 124, 121, 21, 288, 440, 151, 267, 153, 207, 289, 295, 91, 329, 286, 55, 28, 227, 260, 304, 16, 271, 425, 167, 117, 293, 129, 107, 384, 174, 242, 147, 469, 327, 405]
og index list energy: 248168242.2184281
index list: [46, 464, 169, 82, 465, 123, 127, 419, 87, 315, 143, 181, 378, 213, 407, 43, 404, 182, 93, 453, 78, 429, 90, 463, 49, 264, 353, 133, 374, 237, 469, 139, 166, 125, 457, 23, 365, 310, 305, 14, 323, 209, 141, 103, 405, 10, 360, 30, 421, 326, 351, 300, 349, 242, 359, 248, 369, 71, 215, 34, 251, 89, 347, 321, 247, 85, 45, 106, 53, 358, 171, 131, 312, 367, 119, 443, 120, 165, 114, 273, 118, 255, 224, 99, 241, 230, 340, 275, 341, 105, 400, 270, 283, 330, 223, 395, 299, 219, 317, 253, 7, 417, 110, 33, 376, 285, 136, 63, 428, 101, 86, 152, 432, 277, 246, 198, 379, 177, 368, 12, 402, 274, 440, 217, 468, 331, 98, 448, 260, 319, 157, 175, 435, 80, 26, 447, 19, 240, 372, 263, 97, 225, 363, 164, 380, 54, 370, 339, 332, 373, 266, 461, 320, 116, 430, 279, 423, 316, 65, 354, 173, 238, 130, 466, 146, 160, 413, 168, 265, 58, 0, 208, 153, 81, 318, 35, 431, 280, 356, 2, 385, 138, 471, 61, 366, 13, 308, 291, 126, 179, 455, 47, 438, 111, 187, 322, 289, 426, 60, 137, 462, 212, 444, 271, 203, 296, 151, 411, 29, 214, 228, 239, 269, 48, 327, 59, 371, 192, 454, 314, 148, 441, 262, 434, 257, 216, 333, 75, 452, 147, 292, 427, 220, 154, 250, 267, 11, 32, 342, 66, 243, 293, 284, 27, 233, 231, 159, 67, 377, 115, 344, 302, 79, 245, 38, 337, 186, 201, 104, 188, 350, 325, 297, 142, 450, 121, 22, 343, 88, 128, 287, 180, 424, 51, 458, 21, 150, 259, 235, 24, 256, 68, 433, 286, 254, 18, 122, 467, 15, 1, 375, 132, 388, 41, 397, 221, 176, 459, 194, 470, 196, 472, 202, 276, 204, 69, 389, 307, 91, 244, 288, 386, 336, 352, 249, 442, 145, 261, 334, 117, 306, 72, 398, 62, 207, 412, 200, 355, 55, 167, 232, 304, 420, 8, 460, 226, 31, 436, 100, 406, 174, 52, 382, 281, 399, 94, 155, 112, 144, 414, 57, 329, 40, 298, 107, 418, 83, 451, 129, 446, 36, 303, 328, 172, 73, 108, 184, 56, 20, 252, 189, 338, 199, 391, 9, 437, 272, 409, 96, 361, 95, 218, 210, 183, 163, 473, 64, 39, 42, 140, 191, 4, 415, 5, 190, 324, 294, 384, 222, 193, 229, 364, 3, 449, 149, 381, 16, 392, 185, 278, 84, 311, 335, 425, 50, 393, 156, 135, 422, 161, 17, 258, 92, 44, 357, 28, 403, 158, 410, 178, 124, 309, 394, 76, 346, 74, 445, 348, 227, 162, 6, 362, 268, 37, 383, 197, 295, 195, 439, 206, 345, 211, 205, 416, 313, 170, 387, 134, 456, 113, 234, 109, 25, 282, 401, 77, 102, 396, 70, 408, 290, 390, 301, 236]
index list energy: 29225090.263038263
Done


program ended at: 2020-04-06 18:38:59.835764 
 time delta: 19:43:07.918922
