## SLURM PROLOG ###############################################################
##    Job ID : 11945918
##  Job Name : new_and_improved?
##  Nodelist : node1627
##      CPUs : 1
##  Mem/Node : 1024 MB
## Directory : /gpfs/data/nfawzi/skale/Fawzi_pycharm_project
##   Started : Sun Apr  5 22:55:11 EDT 2020
###############################################################################
program started at:2020-04-05 22:55:16.938344
iterations: 72000000 temp: 1000000.0 exponent: 0.9 eif: 300.0
time taken (sec): 47718.37470293045
number of iterations: 72000000
final temperature: 159.26791088519815
og index list: [183, 469, 37, 38, 13, 72, 366, 178, 417, 41, 414, 80, 388, 154, 470, 439, 393, 227, 99, 170, 340, 367, 258, 266, 456, 29, 212, 419, 103, 384, 294, 364, 413, 118, 14, 312, 146, 117, 397, 11, 338, 465, 51, 359, 63, 171, 151, 332, 274, 64, 203, 432, 134, 247, 279, 32, 224, 9, 223, 401, 305, 105, 380, 292, 126, 115, 334, 270, 407, 239, 429, 185, 62, 244, 350, 462, 240, 459, 121, 93, 75, 445, 163, 53, 120, 399, 428, 345, 273, 52, 174, 452, 66, 6, 182, 22, 161, 133, 5, 135, 195, 104, 30, 463, 424, 47, 254, 98, 205, 272, 145, 433, 230, 427, 324, 411, 196, 144, 157, 347, 404, 229, 79, 123, 211, 457, 374, 18, 369, 410, 434, 375, 1, 245, 73, 286, 311, 353, 316, 190, 202, 136, 280, 267, 71, 236, 446, 317, 430, 26, 363, 220, 191, 85, 214, 83, 92, 259, 152, 248, 35, 438, 228, 468, 129, 265, 17, 435, 57, 180, 206, 162, 100, 67, 450, 56, 34, 299, 241, 19, 184, 365, 27, 159, 188, 343, 467, 390, 336, 155, 464, 458, 39, 327, 61, 179, 287, 60, 181, 197, 322, 176, 225, 392, 210, 379, 261, 382, 204, 372, 219, 113, 455, 28, 91, 102, 437, 132, 357, 10, 368, 277, 124, 166, 249, 3, 246, 341, 441, 460, 453, 55, 473, 58, 148, 276, 339, 49, 237, 288, 43, 215, 193, 82, 314, 149, 70, 7, 328, 201, 309, 306, 31, 90, 21, 447, 307, 40, 255, 68, 398, 141, 293, 391, 110, 346, 471, 421, 168, 335, 87, 383, 24, 116, 253, 213, 42, 260, 303, 373, 300, 88, 425, 406, 142, 408, 264, 232, 192, 16, 45, 251, 296, 256, 396, 356, 186, 290, 242, 20, 360, 198, 36, 119, 443, 352, 319, 362, 25, 325, 169, 221, 431, 109, 302, 89, 128, 394, 381, 308, 278, 243, 59, 238, 44, 208, 378, 8, 153, 355, 451, 348, 107, 233, 69, 351, 291, 108, 235, 65, 283, 342, 331, 281, 250, 333, 50, 200, 252, 187, 409, 173, 416, 77, 160, 313, 449, 147, 344, 402, 2, 231, 315, 461, 97, 400, 54, 349, 125, 172, 74, 94, 209, 76, 131, 323, 329, 321, 234, 284, 263, 84, 387, 165, 81, 101, 122, 423, 442, 15, 448, 130, 96, 412, 269, 422, 217, 139, 275, 23, 199, 33, 177, 46, 218, 436, 271, 282, 86, 137, 262, 150, 385, 0, 370, 143, 415, 111, 112, 194, 318, 395, 140, 358, 301, 285, 268, 257, 164, 138, 158, 298, 226, 175, 472, 371, 418, 440, 354, 106, 386, 304, 361, 114, 389, 216, 426, 377, 405, 326, 156, 420, 127, 207, 4, 48, 167, 454, 466, 337, 78, 320, 310, 95, 403, 444, 297, 289, 12, 295, 376, 330, 189, 222]
og index list energy: 248563264.64934242
index list: [322, 313, 444, 223, 473, 115, 174, 187, 288, 52, 308, 185, 347, 273, 278, 267, 418, 221, 432, 339, 88, 456, 243, 367, 49, 93, 450, 279, 304, 429, 257, 424, 182, 245, 71, 22, 232, 220, 27, 446, 78, 331, 125, 139, 248, 380, 76, 398, 63, 86, 166, 215, 399, 9, 330, 270, 346, 260, 384, 264, 348, 0, 342, 109, 247, 212, 162, 462, 81, 159, 291, 406, 132, 293, 289, 387, 314, 363, 311, 198, 256, 271, 80, 60, 361, 280, 122, 155, 105, 378, 320, 42, 458, 100, 412, 225, 92, 302, 24, 284, 7, 228, 214, 85, 226, 350, 151, 167, 441, 66, 99, 386, 13, 258, 263, 298, 249, 435, 200, 150, 195, 382, 62, 471, 202, 373, 210, 354, 36, 283, 211, 385, 326, 140, 218, 161, 402, 208, 114, 452, 84, 82, 148, 319, 377, 230, 415, 145, 285, 133, 468, 130, 389, 241, 447, 266, 463, 224, 396, 141, 234, 250, 259, 359, 199, 206, 340, 73, 96, 425, 45, 370, 242, 97, 183, 50, 430, 15, 422, 43, 344, 153, 393, 306, 154, 381, 6, 1, 176, 168, 374, 14, 467, 209, 46, 334, 333, 353, 192, 207, 369, 244, 466, 165, 356, 16, 355, 20, 201, 188, 301, 191, 349, 325, 5, 323, 75, 23, 461, 261, 54, 375, 189, 196, 197, 203, 416, 152, 372, 178, 469, 103, 41, 358, 39, 18, 277, 440, 147, 281, 419, 21, 413, 180, 411, 77, 352, 164, 366, 55, 428, 53, 390, 332, 414, 51, 236, 117, 362, 25, 335, 287, 65, 465, 26, 19, 437, 4, 460, 2, 364, 171, 274, 216, 324, 134, 83, 126, 17, 120, 95, 316, 449, 275, 404, 3, 376, 194, 32, 400, 190, 193, 111, 124, 79, 329, 107, 286, 40, 29, 409, 8, 443, 177, 170, 68, 246, 131, 127, 233, 59, 351, 175, 184, 181, 282, 90, 276, 368, 72, 357, 238, 113, 303, 35, 307, 251, 421, 172, 56, 128, 401, 146, 108, 116, 464, 44, 448, 142, 327, 30, 397, 336, 253, 272, 69, 442, 143, 394, 48, 61, 297, 47, 459, 179, 337, 310, 451, 33, 426, 12, 470, 121, 300, 231, 136, 392, 138, 395, 67, 436, 237, 434, 101, 431, 255, 64, 294, 405, 119, 427, 205, 37, 254, 235, 31, 383, 163, 318, 70, 299, 290, 391, 321, 379, 74, 410, 262, 305, 453, 38, 388, 102, 160, 417, 11, 252, 219, 204, 28, 445, 149, 472, 158, 265, 110, 213, 371, 123, 239, 222, 156, 365, 129, 269, 157, 106, 338, 87, 317, 309, 345, 135, 89, 341, 91, 112, 328, 227, 315, 217, 423, 240, 439, 173, 98, 454, 312, 118, 292, 408, 360, 186, 455, 268, 433, 104, 34, 229, 343, 10, 438, 137, 403, 57, 457, 296, 144, 94, 420, 169, 407, 295, 58]
index list energy: 29193886.553853925
Done


program ended at: 2020-04-06 12:10:35.662314 
 time delta: 13:15:18.723970
