## SLURM PROLOG ###############################################################
##    Job ID : 11984684
##  Job Name : new_and_improved?
##  Nodelist : node1116
##      CPUs : 1
##  Mem/Node : 1024 MB
## Directory : /gpfs/data/nfawzi/skale/Fawzi_pycharm_project
##   Started : Mon Apr  6 07:41:50 EDT 2020
###############################################################################
program started at:2020-04-06 07:41:52.022650
iterations: 72000000 temp: 1000000.0 exponent: 0.9 eif: 300.0
time taken (sec): 45143.229031801224
number of iterations: 72000000
final temperature: 159.26791088519815
og index list: [282, 110, 264, 11, 247, 320, 385, 64, 272, 262, 352, 407, 140, 0, 152, 453, 335, 94, 472, 275, 433, 307, 5, 231, 36, 295, 271, 43, 28, 130, 49, 236, 112, 67, 305, 70, 279, 435, 14, 347, 240, 256, 336, 333, 445, 232, 35, 416, 177, 195, 42, 440, 423, 239, 441, 216, 251, 46, 135, 384, 122, 95, 172, 190, 182, 461, 187, 82, 194, 142, 343, 179, 53, 432, 405, 366, 149, 91, 197, 302, 298, 465, 144, 397, 222, 309, 370, 358, 469, 276, 113, 377, 470, 291, 443, 56, 429, 392, 23, 418, 17, 159, 45, 217, 204, 214, 51, 224, 40, 325, 390, 102, 16, 324, 206, 363, 81, 126, 87, 360, 129, 76, 391, 225, 439, 34, 27, 167, 24, 448, 281, 449, 242, 290, 147, 398, 446, 139, 412, 466, 376, 415, 108, 183, 69, 223, 230, 442, 430, 157, 62, 380, 111, 71, 100, 13, 228, 444, 1, 174, 401, 32, 30, 241, 268, 233, 136, 143, 192, 96, 395, 454, 80, 348, 270, 89, 176, 243, 104, 373, 6, 234, 235, 394, 315, 150, 326, 331, 297, 378, 285, 463, 393, 119, 178, 289, 428, 59, 66, 68, 420, 193, 421, 411, 213, 33, 353, 154, 349, 252, 340, 19, 124, 410, 431, 196, 273, 339, 332, 155, 86, 15, 146, 168, 278, 274, 396, 283, 47, 322, 413, 364, 161, 259, 88, 215, 92, 414, 25, 257, 26, 457, 304, 288, 460, 123, 329, 328, 261, 316, 327, 355, 330, 101, 464, 103, 153, 22, 379, 255, 473, 137, 2, 462, 265, 8, 467, 319, 369, 78, 107, 267, 60, 269, 210, 437, 399, 148, 351, 128, 286, 99, 90, 402, 334, 200, 292, 258, 73, 425, 207, 246, 354, 208, 106, 345, 133, 72, 409, 458, 471, 361, 296, 404, 342, 31, 201, 38, 250, 229, 163, 321, 12, 374, 238, 249, 134, 48, 20, 199, 277, 156, 388, 237, 263, 301, 422, 293, 141, 459, 205, 424, 169, 173, 280, 191, 452, 44, 244, 170, 115, 29, 383, 98, 114, 63, 175, 39, 188, 299, 451, 350, 260, 85, 145, 79, 365, 368, 127, 77, 387, 93, 3, 117, 245, 386, 419, 158, 253, 356, 450, 180, 389, 434, 346, 203, 162, 65, 318, 166, 164, 468, 381, 317, 120, 227, 287, 55, 50, 294, 212, 75, 323, 54, 456, 248, 344, 171, 132, 406, 311, 186, 189, 21, 211, 300, 52, 357, 403, 338, 438, 7, 408, 4, 209, 116, 226, 306, 284, 447, 303, 125, 37, 61, 18, 417, 97, 362, 372, 220, 218, 118, 121, 109, 371, 57, 219, 221, 131, 359, 138, 202, 367, 341, 165, 160, 105, 185, 58, 10, 312, 313, 314, 84, 427, 400, 310, 41, 181, 74, 375, 83, 455, 184, 198, 382, 308, 266, 426, 254, 9, 151, 436, 337]
og index list energy: 269907781.3754834
index list: [273, 236, 324, 104, 86, 116, 375, 142, 47, 465, 42, 445, 112, 296, 383, 138, 382, 125, 380, 134, 373, 262, 97, 393, 270, 41, 368, 144, 353, 57, 425, 76, 433, 127, 408, 31, 252, 27, 330, 30, 132, 79, 302, 424, 94, 460, 180, 239, 212, 318, 15, 140, 322, 98, 317, 131, 160, 422, 35, 64, 253, 58, 336, 10, 92, 139, 293, 184, 12, 300, 153, 3, 394, 267, 242, 343, 332, 453, 226, 246, 88, 167, 455, 32, 354, 227, 456, 286, 312, 432, 294, 391, 164, 449, 135, 124, 113, 215, 376, 165, 150, 175, 400, 174, 85, 420, 292, 22, 326, 361, 119, 421, 195, 463, 151, 265, 198, 381, 40, 440, 38, 372, 161, 170, 110, 117, 429, 7, 122, 457, 26, 377, 179, 472, 339, 316, 399, 275, 407, 102, 447, 223, 285, 241, 392, 186, 237, 374, 48, 398, 67, 284, 235, 271, 243, 426, 115, 466, 163, 458, 194, 75, 303, 196, 11, 211, 359, 66, 148, 111, 59, 441, 60, 297, 143, 136, 360, 54, 355, 16, 444, 208, 451, 168, 80, 272, 204, 74, 214, 177, 418, 229, 101, 192, 218, 13, 258, 387, 24, 305, 448, 199, 452, 200, 423, 2, 37, 315, 206, 333, 473, 309, 403, 21, 350, 73, 311, 103, 450, 152, 81, 358, 95, 388, 205, 314, 337, 254, 9, 396, 137, 416, 50, 162, 84, 454, 257, 342, 87, 283, 83, 338, 61, 459, 269, 172, 146, 329, 28, 176, 370, 240, 187, 282, 82, 341, 230, 364, 91, 409, 185, 327, 29, 471, 49, 340, 222, 224, 65, 45, 404, 158, 344, 33, 155, 249, 108, 289, 436, 120, 68, 99, 182, 313, 308, 220, 89, 278, 19, 228, 126, 255, 173, 6, 395, 36, 378, 166, 276, 207, 106, 232, 266, 233, 156, 128, 435, 231, 306, 468, 71, 431, 14, 410, 219, 384, 121, 288, 367, 90, 70, 114, 438, 260, 363, 8, 427, 190, 352, 56, 412, 307, 123, 244, 467, 63, 402, 109, 129, 348, 105, 183, 295, 145, 417, 251, 25, 319, 281, 34, 51, 386, 107, 62, 72, 365, 130, 415, 210, 357, 263, 171, 189, 247, 193, 20, 439, 0, 379, 335, 470, 96, 298, 259, 52, 256, 217, 397, 93, 462, 245, 178, 437, 248, 118, 301, 428, 310, 442, 304, 405, 44, 277, 385, 169, 1, 369, 4, 446, 5, 188, 191, 349, 261, 413, 221, 371, 17, 414, 331, 77, 154, 401, 238, 78, 23, 406, 320, 274, 362, 147, 133, 157, 389, 159, 216, 46, 325, 419, 202, 323, 197, 201, 43, 469, 141, 279, 356, 18, 430, 213, 287, 268, 351, 264, 390, 290, 366, 100, 411, 225, 461, 53, 464, 280, 345, 299, 250, 203, 328, 209, 69, 434, 149, 443, 321, 346, 55, 334, 181, 234, 39, 347, 291]
index list energy: 25474395.62687501
Done


program ended at: 2020-04-06 20:14:15.649021 
 time delta: 12:32:23.626371
