## SLURM PROLOG ###############################################################
##    Job ID : 11945978
##  Job Name : new_and_improved?
##  Nodelist : node1163
##      CPUs : 1
##  Mem/Node : 1024 MB
## Directory : /gpfs/data/nfawzi/skale/Fawzi_pycharm_project
##   Started : Sun Apr  5 22:55:42 EDT 2020
###############################################################################
program started at:2020-04-05 22:55:44.971768
iterations: 72000000 temp: 1000000.0 exponent: 0.9 eif: 300.0
time taken (sec): 55423.53713226318
number of iterations: 72000000
final temperature: 159.26791088519815
og index list: [216, 17, 287, 467, 360, 253, 297, 110, 160, 267, 148, 452, 132, 421, 92, 347, 135, 431, 41, 264, 72, 362, 257, 227, 223, 158, 397, 225, 146, 393, 98, 472, 56, 177, 317, 331, 37, 112, 313, 356, 445, 159, 45, 175, 309, 199, 423, 405, 103, 424, 73, 260, 407, 357, 334, 11, 252, 46, 232, 374, 127, 235, 66, 162, 139, 339, 12, 153, 196, 198, 6, 106, 298, 385, 26, 3, 425, 172, 88, 350, 21, 471, 241, 200, 249, 61, 96, 278, 271, 22, 29, 320, 42, 170, 279, 157, 207, 308, 71, 10, 463, 462, 236, 28, 221, 54, 152, 62, 238, 190, 113, 256, 314, 97, 204, 230, 284, 409, 194, 420, 247, 212, 306, 63, 367, 217, 124, 268, 442, 195, 119, 5, 237, 60, 18, 142, 261, 246, 53, 310, 465, 457, 251, 154, 150, 143, 285, 240, 167, 187, 205, 337, 234, 229, 40, 390, 283, 381, 245, 24, 123, 259, 459, 4, 352, 315, 218, 52, 365, 144, 274, 258, 410, 345, 415, 59, 64, 299, 203, 58, 57, 87, 191, 166, 50, 348, 211, 454, 107, 395, 265, 446, 180, 380, 406, 161, 441, 343, 386, 453, 404, 120, 109, 32, 185, 206, 95, 147, 189, 447, 338, 174, 276, 291, 272, 39, 275, 68, 388, 449, 438, 86, 319, 280, 224, 164, 281, 468, 115, 466, 137, 100, 373, 316, 429, 250, 318, 399, 101, 181, 361, 69, 440, 141, 23, 293, 304, 391, 336, 426, 375, 25, 408, 108, 19, 401, 389, 263, 311, 301, 233, 371, 83, 82, 270, 383, 8, 47, 273, 65, 102, 363, 470, 289, 116, 419, 7, 1, 43, 44, 439, 372, 254, 128, 379, 188, 451, 208, 114, 13, 151, 461, 455, 125, 326, 400, 292, 460, 20, 330, 105, 133, 396, 213, 89, 163, 344, 121, 384, 351, 156, 376, 51, 473, 9, 325, 328, 248, 197, 76, 2, 288, 355, 437, 435, 0, 329, 432, 417, 183, 312, 31, 332, 302, 49, 231, 48, 418, 33, 134, 75, 145, 165, 140, 90, 222, 111, 169, 403, 209, 434, 118, 117, 176, 149, 173, 333, 243, 412, 193, 277, 369, 358, 93, 138, 214, 349, 215, 286, 436, 201, 155, 295, 77, 366, 430, 370, 341, 422, 411, 136, 321, 126, 324, 300, 129, 433, 15, 427, 305, 94, 262, 359, 131, 416, 323, 398, 210, 228, 458, 36, 179, 242, 402, 168, 30, 444, 220, 184, 448, 202, 340, 91, 85, 354, 171, 303, 99, 296, 282, 377, 35, 239, 67, 456, 178, 38, 364, 81, 342, 464, 27, 14, 469, 327, 79, 34, 413, 130, 78, 192, 80, 382, 414, 182, 307, 269, 353, 368, 74, 394, 392, 443, 266, 122, 450, 55, 16, 219, 387, 244, 186, 322, 84, 378, 290, 335, 428, 255, 226, 70, 346, 104, 294]
og index list energy: 248782771.17777646
index list: [147, 293, 410, 152, 408, 216, 274, 339, 307, 71, 399, 38, 311, 306, 360, 89, 436, 112, 9, 368, 149, 278, 85, 450, 294, 316, 406, 178, 465, 98, 394, 321, 473, 129, 281, 449, 320, 177, 337, 249, 181, 395, 6, 443, 176, 168, 431, 277, 414, 335, 397, 7, 462, 75, 327, 175, 423, 142, 457, 187, 347, 119, 315, 226, 433, 80, 76, 387, 158, 284, 87, 211, 352, 255, 310, 349, 224, 331, 285, 59, 82, 162, 247, 63, 239, 56, 28, 430, 221, 370, 273, 460, 292, 419, 151, 367, 223, 241, 426, 231, 23, 345, 296, 124, 220, 44, 348, 88, 424, 106, 269, 227, 286, 157, 356, 189, 425, 105, 452, 20, 402, 210, 448, 195, 362, 206, 439, 194, 454, 301, 427, 279, 440, 39, 451, 260, 334, 153, 308, 290, 409, 116, 238, 140, 340, 280, 371, 165, 182, 332, 407, 229, 404, 141, 365, 115, 45, 461, 184, 336, 466, 263, 31, 215, 298, 271, 357, 32, 2, 328, 12, 384, 242, 118, 333, 154, 389, 160, 343, 268, 398, 81, 240, 351, 376, 103, 64, 43, 416, 21, 447, 102, 29, 366, 244, 108, 300, 262, 374, 14, 388, 199, 197, 458, 30, 132, 326, 287, 209, 107, 330, 193, 289, 470, 27, 51, 319, 312, 445, 131, 291, 270, 150, 170, 422, 217, 429, 25, 248, 161, 234, 342, 222, 282, 403, 302, 139, 305, 324, 8, 174, 185, 405, 11, 1, 283, 65, 428, 53, 377, 0, 208, 237, 355, 163, 472, 54, 467, 94, 180, 358, 90, 250, 134, 34, 172, 74, 22, 354, 79, 246, 83, 235, 58, 130, 252, 212, 214, 381, 166, 125, 120, 49, 236, 109, 464, 26, 60, 126, 243, 400, 84, 110, 267, 265, 46, 201, 325, 99, 459, 41, 37, 434, 3, 297, 77, 304, 317, 52, 361, 61, 392, 137, 207, 344, 190, 469, 251, 353, 253, 198, 196, 396, 200, 421, 55, 369, 143, 420, 230, 438, 48, 167, 72, 393, 95, 113, 204, 218, 146, 91, 364, 272, 86, 36, 453, 78, 259, 188, 446, 233, 254, 171, 96, 412, 261, 309, 341, 127, 245, 50, 375, 47, 455, 173, 471, 123, 303, 314, 372, 264, 444, 145, 441, 67, 155, 10, 456, 202, 205, 329, 322, 111, 183, 101, 442, 299, 69, 288, 68, 437, 203, 401, 169, 463, 16, 435, 179, 379, 117, 363, 266, 350, 219, 15, 432, 121, 258, 385, 136, 192, 382, 33, 295, 318, 66, 417, 24, 228, 156, 92, 42, 256, 73, 13, 390, 225, 380, 164, 468, 100, 346, 213, 138, 373, 133, 276, 122, 186, 191, 4, 5, 313, 359, 144, 232, 135, 159, 57, 383, 128, 338, 148, 378, 275, 114, 386, 93, 104, 418, 17, 323, 257, 391, 40, 97, 19, 411, 35, 62, 413, 70, 415, 18]
index list energy: 26672396.26035985
Done


program ended at: 2020-04-06 14:19:28.891434 
 time delta: 15:23:43.919666
