## SLURM PROLOG ###############################################################
##    Job ID : 12002060
##  Job Name : new_and_improved?
##  Nodelist : node1119
##      CPUs : 1
##  Mem/Node : 1024 MB
## Directory : /gpfs/data/nfawzi/skale/Fawzi_pycharm_project
##   Started : Mon Apr  6 11:19:55 EDT 2020
###############################################################################
program started at:2020-04-06 11:19:55.694784
iterations: 72000000 temp: 1000000.0 exponent: 0.9 eif: 300.0
time taken (sec): 46272.54139304161
number of iterations: 72000000
final temperature: 159.26791088519815
og index list: [341, 154, 44, 350, 338, 11, 435, 85, 451, 275, 52, 263, 199, 62, 38, 211, 432, 273, 250, 6, 28, 238, 376, 46, 395, 365, 237, 374, 426, 367, 177, 83, 128, 326, 368, 50, 138, 406, 126, 217, 394, 466, 347, 332, 184, 159, 101, 318, 21, 262, 360, 342, 437, 137, 39, 294, 153, 80, 240, 134, 291, 445, 125, 37, 379, 195, 143, 469, 175, 392, 385, 405, 141, 1, 231, 298, 408, 10, 119, 102, 201, 330, 241, 104, 439, 93, 14, 107, 442, 196, 15, 117, 472, 267, 254, 150, 244, 261, 348, 443, 356, 227, 166, 386, 473, 415, 165, 36, 352, 266, 23, 121, 271, 158, 191, 97, 307, 181, 157, 218, 417, 391, 179, 403, 56, 402, 423, 35, 91, 135, 92, 357, 303, 5, 336, 455, 351, 70, 69, 215, 343, 251, 90, 19, 361, 142, 369, 276, 355, 322, 362, 42, 202, 308, 225, 292, 29, 319, 288, 306, 147, 293, 447, 100, 144, 229, 27, 88, 239, 95, 335, 407, 140, 340, 243, 30, 17, 208, 182, 359, 354, 283, 148, 421, 373, 174, 170, 270, 198, 470, 189, 422, 221, 213, 180, 258, 103, 289, 450, 265, 364, 235, 146, 459, 381, 64, 233, 163, 54, 458, 41, 412, 400, 465, 74, 34, 76, 457, 61, 424, 247, 313, 337, 471, 245, 193, 187, 440, 448, 329, 108, 68, 461, 25, 220, 287, 188, 192, 309, 55, 212, 106, 372, 380, 59, 249, 172, 8, 404, 353, 460, 12, 162, 186, 43, 401, 280, 2, 388, 278, 127, 200, 398, 183, 145, 49, 431, 77, 344, 51, 164, 84, 411, 375, 252, 331, 160, 110, 53, 171, 169, 149, 328, 167, 260, 219, 223, 300, 425, 197, 363, 114, 256, 420, 397, 299, 382, 433, 409, 75, 321, 444, 456, 378, 40, 178, 32, 234, 216, 173, 274, 325, 130, 31, 242, 115, 441, 339, 111, 214, 327, 427, 207, 133, 190, 72, 24, 120, 434, 345, 210, 257, 26, 4, 393, 236, 453, 3, 295, 463, 302, 71, 464, 255, 48, 16, 305, 371, 281, 151, 253, 129, 123, 176, 139, 86, 449, 113, 286, 282, 314, 67, 410, 22, 161, 156, 396, 0, 301, 82, 454, 297, 87, 122, 58, 264, 204, 60, 277, 438, 304, 57, 387, 136, 320, 13, 418, 311, 390, 185, 269, 296, 285, 224, 436, 414, 152, 65, 155, 334, 66, 20, 94, 346, 33, 310, 428, 81, 124, 467, 462, 230, 259, 446, 7, 9, 98, 323, 268, 45, 226, 47, 317, 416, 279, 18, 377, 132, 131, 168, 333, 96, 248, 105, 89, 399, 194, 116, 99, 63, 232, 366, 312, 272, 109, 205, 246, 429, 419, 370, 316, 228, 324, 468, 452, 209, 349, 389, 284, 112, 383, 118, 430, 73, 79, 290, 384, 358, 413, 203, 78, 222, 315, 206]
og index list energy: 239462825.5189081
index list: [139, 236, 78, 439, 143, 394, 218, 73, 451, 25, 448, 279, 400, 75, 255, 230, 170, 373, 202, 440, 293, 334, 153, 398, 58, 82, 144, 351, 71, 365, 98, 367, 285, 339, 142, 464, 156, 137, 356, 299, 50, 77, 391, 221, 41, 457, 17, 396, 261, 381, 241, 353, 116, 96, 449, 131, 226, 472, 225, 232, 220, 328, 51, 366, 209, 219, 65, 326, 420, 222, 56, 201, 210, 319, 185, 371, 182, 277, 456, 145, 335, 455, 6, 323, 53, 401, 94, 415, 290, 382, 63, 370, 88, 441, 85, 377, 267, 32, 408, 249, 263, 228, 311, 38, 86, 23, 418, 103, 443, 29, 467, 318, 197, 352, 99, 364, 193, 333, 393, 177, 191, 258, 288, 336, 68, 458, 158, 306, 355, 247, 296, 282, 343, 270, 436, 100, 427, 47, 395, 253, 31, 183, 198, 384, 206, 43, 204, 14, 422, 304, 307, 331, 159, 271, 115, 466, 151, 172, 272, 97, 92, 8, 207, 252, 322, 24, 433, 133, 445, 147, 289, 62, 284, 30, 265, 107, 402, 291, 429, 74, 462, 313, 459, 223, 251, 438, 187, 148, 330, 310, 385, 160, 461, 300, 45, 214, 157, 407, 101, 234, 383, 109, 431, 168, 184, 35, 428, 28, 15, 76, 463, 59, 256, 138, 0, 181, 303, 175, 404, 42, 240, 444, 105, 423, 128, 67, 13, 413, 19, 359, 104, 327, 294, 434, 119, 54, 123, 411, 314, 21, 399, 66, 406, 72, 287, 60, 447, 83, 450, 264, 388, 286, 244, 350, 135, 421, 280, 468, 208, 22, 425, 146, 1, 174, 192, 126, 89, 149, 389, 274, 233, 324, 106, 278, 266, 375, 260, 259, 340, 33, 435, 180, 150, 186, 122, 40, 298, 91, 337, 216, 81, 357, 111, 176, 347, 215, 161, 140, 346, 257, 199, 442, 113, 211, 368, 235, 245, 173, 354, 302, 430, 163, 34, 224, 317, 250, 254, 203, 471, 200, 417, 9, 362, 46, 386, 70, 273, 360, 120, 18, 297, 212, 64, 11, 342, 213, 242, 162, 84, 338, 196, 155, 166, 125, 37, 387, 61, 465, 243, 409, 309, 80, 154, 315, 36, 349, 238, 473, 136, 344, 5, 4, 188, 276, 345, 69, 446, 227, 110, 127, 403, 87, 419, 231, 179, 312, 305, 292, 117, 372, 165, 114, 239, 262, 269, 130, 124, 217, 295, 281, 129, 412, 432, 268, 361, 20, 414, 48, 410, 301, 453, 49, 460, 95, 93, 378, 26, 134, 7, 452, 52, 57, 358, 90, 329, 79, 248, 416, 112, 178, 376, 3, 470, 325, 283, 195, 189, 454, 190, 194, 437, 44, 405, 16, 348, 164, 426, 10, 171, 39, 469, 205, 152, 369, 332, 374, 55, 390, 102, 308, 316, 380, 132, 392, 2, 167, 108, 27, 363, 121, 12, 397, 237, 379, 321, 246, 320, 229, 118, 141, 424, 169, 341, 275]
index list energy: 27779783.41925411
Done


program ended at: 2020-04-07 00:11:08.604420 
 time delta: 12:51:12.909636
