## SLURM PROLOG ###############################################################
##    Job ID : 11946034
##  Job Name : new_and_improved?
##  Nodelist : node1615
##      CPUs : 1
##  Mem/Node : 1024 MB
## Directory : /gpfs/data/nfawzi/skale/Fawzi_pycharm_project
##   Started : Sun Apr  5 22:55:53 EDT 2020
###############################################################################
program started at:2020-04-05 22:55:53.438423
iterations: 72000000 temp: 1000000.0 exponent: 0.9 eif: 300.0
time taken (sec): 62455.004167318344
number of iterations: 72000000
final temperature: 159.26791088519815
og index list: [75, 369, 245, 200, 68, 47, 107, 246, 318, 399, 463, 11, 61, 209, 350, 21, 348, 199, 249, 120, 169, 2, 54, 326, 86, 208, 389, 387, 395, 464, 32, 59, 128, 19, 147, 96, 151, 131, 235, 159, 403, 402, 180, 195, 382, 262, 205, 273, 81, 219, 41, 52, 421, 311, 218, 236, 132, 315, 46, 428, 70, 150, 138, 222, 337, 420, 378, 372, 323, 344, 231, 260, 153, 193, 269, 457, 329, 227, 97, 340, 418, 265, 174, 319, 27, 317, 385, 187, 334, 259, 406, 394, 264, 405, 239, 375, 14, 291, 165, 266, 248, 202, 408, 161, 345, 298, 280, 423, 201, 258, 66, 224, 467, 410, 176, 371, 409, 279, 215, 310, 50, 349, 361, 84, 338, 72, 393, 166, 430, 435, 39, 451, 206, 194, 304, 130, 122, 367, 49, 78, 73, 58, 108, 351, 43, 30, 172, 455, 109, 192, 87, 391, 446, 189, 384, 211, 230, 137, 379, 164, 103, 119, 238, 353, 140, 363, 182, 10, 380, 343, 173, 183, 331, 216, 145, 154, 143, 191, 415, 63, 447, 449, 65, 376, 401, 412, 253, 250, 460, 104, 255, 300, 99, 126, 100, 358, 411, 438, 342, 293, 135, 313, 242, 454, 91, 220, 286, 364, 355, 79, 432, 322, 123, 25, 263, 124, 442, 186, 267, 377, 71, 162, 53, 341, 471, 354, 294, 381, 213, 459, 472, 170, 366, 160, 400, 356, 422, 336, 347, 268, 141, 15, 470, 16, 190, 424, 217, 69, 112, 274, 413, 102, 386, 443, 357, 414, 271, 228, 34, 146, 26, 115, 314, 431, 241, 171, 251, 35, 320, 29, 142, 237, 282, 307, 158, 234, 440, 453, 254, 36, 178, 312, 181, 198, 373, 204, 295, 51, 0, 85, 148, 98, 223, 426, 462, 155, 76, 5, 437, 114, 233, 441, 458, 374, 397, 17, 417, 306, 45, 398, 77, 149, 232, 325, 90, 56, 44, 301, 308, 388, 339, 450, 57, 20, 465, 456, 13, 8, 74, 330, 196, 113, 7, 433, 62, 297, 368, 289, 92, 105, 256, 214, 276, 221, 67, 110, 133, 275, 335, 309, 439, 469, 284, 197, 121, 118, 212, 296, 127, 88, 333, 473, 416, 290, 203, 82, 18, 419, 106, 360, 80, 392, 445, 94, 324, 316, 64, 346, 243, 116, 283, 83, 93, 436, 22, 101, 352, 40, 4, 60, 55, 466, 278, 152, 292, 136, 24, 125, 299, 425, 332, 407, 207, 461, 168, 117, 226, 6, 448, 157, 177, 362, 277, 139, 156, 144, 23, 272, 281, 33, 429, 244, 229, 111, 38, 452, 370, 48, 95, 12, 427, 167, 31, 287, 1, 365, 468, 9, 185, 434, 270, 303, 175, 210, 383, 257, 252, 3, 89, 444, 396, 247, 184, 240, 261, 37, 328, 42, 288, 225, 134, 390, 129, 321, 188, 404, 359, 179, 305, 302, 327, 285, 163, 28]
og index list energy: 259800304.30420884
index list: [147, 289, 431, 247, 28, 329, 15, 299, 249, 124, 157, 334, 48, 443, 327, 89, 388, 248, 427, 49, 62, 373, 91, 10, 449, 60, 82, 347, 173, 402, 143, 139, 323, 296, 111, 228, 13, 239, 26, 258, 180, 282, 392, 93, 447, 121, 419, 69, 46, 214, 337, 311, 267, 193, 105, 458, 3, 442, 182, 8, 256, 132, 422, 129, 234, 36, 348, 5, 387, 253, 151, 40, 251, 32, 360, 115, 466, 18, 420, 210, 436, 136, 317, 2, 384, 186, 97, 235, 262, 381, 102, 410, 272, 411, 9, 429, 211, 33, 423, 320, 184, 326, 140, 362, 141, 341, 38, 242, 456, 325, 209, 199, 460, 300, 201, 20, 470, 177, 437, 41, 425, 310, 34, 226, 359, 322, 212, 308, 154, 92, 149, 340, 117, 396, 88, 50, 448, 138, 371, 266, 440, 294, 245, 316, 397, 58, 315, 179, 114, 342, 229, 225, 451, 321, 467, 165, 349, 237, 469, 70, 351, 271, 150, 330, 35, 350, 7, 318, 293, 368, 292, 366, 192, 424, 328, 53, 435, 280, 464, 54, 372, 313, 415, 178, 116, 383, 75, 268, 361, 4, 207, 197, 25, 265, 259, 324, 61, 159, 185, 134, 369, 264, 376, 81, 255, 59, 354, 333, 215, 160, 441, 175, 353, 153, 99, 1, 413, 47, 446, 223, 74, 390, 241, 450, 312, 120, 103, 370, 260, 403, 250, 203, 394, 261, 459, 191, 288, 389, 127, 73, 418, 79, 302, 187, 382, 45, 406, 142, 398, 55, 457, 171, 194, 76, 246, 331, 181, 297, 205, 385, 30, 11, 227, 269, 156, 335, 434, 206, 276, 64, 263, 462, 332, 339, 98, 430, 172, 21, 51, 218, 84, 455, 65, 236, 0, 287, 278, 208, 303, 119, 290, 412, 29, 395, 163, 408, 14, 286, 176, 107, 367, 244, 452, 94, 468, 77, 155, 78, 338, 135, 438, 23, 17, 298, 168, 12, 472, 273, 391, 270, 439, 190, 204, 6, 400, 158, 463, 131, 123, 56, 343, 301, 57, 407, 309, 346, 27, 162, 108, 71, 19, 357, 281, 365, 217, 364, 221, 146, 428, 161, 414, 222, 285, 238, 216, 72, 386, 133, 167, 401, 279, 433, 200, 421, 243, 409, 52, 230, 307, 295, 68, 283, 24, 31, 252, 22, 174, 336, 352, 164, 432, 198, 355, 152, 445, 202, 417, 213, 461, 39, 305, 109, 356, 128, 170, 148, 104, 86, 83, 344, 67, 126, 144, 231, 137, 377, 85, 100, 374, 66, 284, 145, 358, 95, 363, 254, 224, 183, 96, 232, 304, 112, 90, 444, 130, 471, 220, 314, 306, 453, 42, 454, 110, 275, 426, 44, 465, 113, 43, 375, 277, 405, 16, 473, 188, 399, 189, 404, 196, 195, 37, 380, 274, 118, 291, 219, 319, 257, 80, 101, 122, 378, 166, 393, 87, 345, 125, 63, 379, 106, 233, 169, 416, 240]
index list energy: 27196390.648906738
Done


program ended at: 2020-04-06 16:16:48.818812 
 time delta: 17:20:55.380389
