## SLURM PROLOG ###############################################################
##    Job ID : 11946054
##  Job Name : new_and_improved?
##  Nodelist : node1620
##      CPUs : 1
##  Mem/Node : 1024 MB
## Directory : /gpfs/data/nfawzi/skale/Fawzi_pycharm_project
##   Started : Sun Apr  5 22:55:51 EDT 2020
###############################################################################
program started at:2020-04-05 22:55:51.946607
iterations: 72000000 temp: 1000000.0 exponent: 0.9 eif: 300.0
time taken (sec): 63045.40641069412
number of iterations: 72000000
final temperature: 159.26791088519815
og index list: [214, 52, 117, 270, 415, 315, 346, 286, 202, 452, 348, 225, 449, 155, 262, 410, 223, 435, 127, 361, 209, 282, 411, 170, 283, 308, 379, 281, 331, 314, 389, 373, 394, 50, 467, 234, 236, 7, 69, 153, 36, 72, 400, 267, 428, 213, 448, 166, 231, 316, 38, 453, 289, 396, 102, 446, 268, 325, 245, 27, 142, 468, 347, 323, 255, 349, 383, 362, 451, 356, 93, 210, 60, 41, 33, 272, 186, 222, 363, 403, 206, 307, 309, 381, 398, 145, 443, 197, 220, 2, 401, 207, 151, 413, 203, 235, 334, 171, 40, 426, 86, 472, 172, 454, 279, 164, 162, 227, 161, 219, 78, 51, 152, 64, 320, 158, 463, 181, 148, 31, 391, 146, 466, 53, 266, 89, 407, 111, 132, 461, 191, 319, 293, 310, 456, 108, 217, 471, 70, 182, 224, 333, 26, 387, 445, 94, 17, 372, 28, 408, 249, 251, 376, 75, 139, 80, 87, 294, 392, 189, 124, 82, 431, 287, 384, 103, 397, 317, 23, 324, 45, 159, 157, 386, 257, 427, 92, 163, 140, 21, 125, 24, 208, 375, 447, 37, 183, 442, 114, 95, 302, 433, 250, 359, 462, 119, 357, 269, 169, 244, 414, 34, 150, 367, 10, 423, 303, 107, 404, 425, 167, 76, 13, 12, 118, 141, 275, 62, 405, 455, 174, 436, 180, 306, 137, 178, 120, 246, 48, 465, 35, 190, 469, 470, 56, 459, 112, 393, 311, 196, 440, 228, 176, 11, 322, 168, 263, 97, 32, 274, 299, 55, 84, 253, 422, 195, 173, 353, 337, 419, 301, 329, 104, 395, 339, 67, 20, 332, 74, 321, 65, 260, 232, 83, 336, 429, 59, 313, 264, 369, 215, 390, 100, 138, 154, 473, 131, 424, 399, 110, 437, 418, 192, 63, 248, 115, 344, 98, 328, 352, 201, 96, 368, 54, 292, 261, 205, 42, 240, 371, 295, 90, 330, 6, 300, 258, 113, 106, 237, 25, 341, 296, 198, 271, 343, 298, 126, 432, 342, 374, 133, 81, 91, 417, 134, 200, 239, 290, 438, 366, 5, 355, 147, 216, 130, 15, 44, 47, 421, 457, 39, 409, 280, 241, 116, 57, 335, 340, 350, 105, 185, 30, 377, 441, 9, 123, 458, 444, 193, 165, 221, 278, 327, 326, 73, 29, 351, 439, 380, 66, 450, 364, 464, 420, 136, 77, 238, 273, 385, 128, 188, 199, 365, 121, 179, 416, 402, 129, 460, 135, 276, 277, 46, 144, 58, 14, 378, 247, 318, 8, 156, 194, 259, 230, 430, 22, 211, 177, 122, 175, 265, 101, 358, 388, 16, 291, 68, 256, 85, 254, 226, 285, 297, 212, 187, 109, 4, 304, 360, 0, 242, 19, 305, 143, 338, 243, 3, 43, 149, 288, 382, 284, 406, 79, 18, 412, 160, 204, 370, 434, 345, 88, 61, 233, 354, 49, 1, 218, 184, 252, 71, 99, 229, 312]
og index list energy: 264667262.92008555
index list: [333, 148, 49, 334, 147, 226, 444, 77, 467, 128, 410, 71, 234, 386, 88, 313, 400, 164, 125, 412, 13, 439, 202, 364, 206, 252, 259, 466, 161, 349, 172, 152, 341, 64, 292, 339, 218, 42, 176, 425, 187, 447, 165, 459, 131, 442, 296, 316, 471, 160, 396, 188, 191, 416, 174, 267, 355, 3, 299, 196, 235, 16, 324, 229, 331, 312, 448, 310, 41, 370, 302, 78, 356, 21, 80, 220, 123, 454, 241, 451, 29, 420, 249, 239, 181, 275, 284, 20, 443, 133, 430, 62, 422, 254, 465, 211, 408, 199, 379, 9, 390, 210, 398, 7, 136, 468, 66, 228, 120, 295, 264, 407, 277, 435, 290, 351, 39, 441, 17, 322, 261, 415, 31, 389, 219, 452, 198, 446, 40, 402, 330, 121, 308, 231, 116, 438, 238, 87, 378, 279, 392, 178, 391, 223, 232, 89, 183, 98, 367, 95, 374, 248, 411, 44, 142, 365, 130, 323, 173, 371, 23, 114, 262, 256, 149, 122, 204, 93, 265, 119, 445, 55, 404, 45, 320, 321, 462, 106, 457, 240, 368, 268, 434, 175, 150, 418, 271, 236, 36, 413, 168, 366, 325, 246, 222, 156, 85, 384, 189, 463, 70, 285, 90, 353, 2, 6, 428, 4, 335, 12, 283, 180, 359, 227, 30, 221, 303, 101, 237, 383, 280, 306, 388, 48, 393, 47, 118, 0, 86, 53, 1, 346, 105, 424, 263, 132, 281, 337, 257, 269, 25, 297, 94, 15, 82, 143, 405, 96, 395, 81, 469, 208, 233, 157, 24, 437, 153, 11, 363, 111, 215, 134, 348, 79, 108, 289, 276, 449, 14, 350, 32, 258, 455, 75, 216, 318, 91, 373, 224, 113, 472, 300, 255, 18, 358, 151, 421, 35, 184, 22, 432, 26, 464, 314, 242, 423, 28, 214, 74, 245, 19, 193, 83, 51, 162, 201, 205, 460, 253, 304, 217, 298, 110, 60, 287, 399, 273, 347, 294, 403, 100, 377, 250, 99, 278, 209, 59, 352, 8, 56, 414, 10, 376, 274, 146, 433, 166, 419, 104, 431, 179, 461, 109, 362, 141, 286, 328, 61, 440, 185, 338, 65, 340, 73, 46, 37, 319, 336, 243, 369, 158, 68, 260, 309, 124, 69, 288, 230, 345, 33, 397, 190, 450, 307, 194, 171, 5, 357, 272, 92, 76, 34, 63, 458, 251, 38, 317, 72, 456, 129, 342, 103, 354, 270, 327, 138, 394, 115, 305, 137, 429, 144, 126, 107, 247, 203, 293, 182, 177, 470, 84, 427, 50, 409, 27, 57, 155, 135, 159, 127, 167, 244, 380, 311, 163, 102, 401, 332, 387, 282, 360, 301, 170, 43, 453, 195, 97, 381, 291, 343, 117, 344, 58, 382, 266, 140, 436, 67, 385, 52, 361, 145, 54, 417, 186, 329, 200, 197, 207, 225, 473, 326, 426, 192, 212, 315, 213, 406, 112, 154, 372, 169, 375, 139]
index list energy: 28222567.44579091
Done


program ended at: 2020-04-06 16:26:37.709697 
 time delta: 17:30:45.763090
