## SLURM PROLOG ###############################################################
##    Job ID : 11945972
##  Job Name : new_and_improved?
##  Nodelist : node1144
##      CPUs : 1
##  Mem/Node : 1024 MB
## Directory : /gpfs/data/nfawzi/skale/Fawzi_pycharm_project
##   Started : Sun Apr  5 22:55:41 EDT 2020
###############################################################################
program started at:2020-04-05 22:55:44.935926
iterations: 72000000 temp: 1000000.0 exponent: 0.9 eif: 300.0
time taken (sec): 49779.52946090698
number of iterations: 72000000
final temperature: 159.26791088519815
og index list: [374, 181, 391, 212, 0, 148, 69, 260, 21, 339, 330, 11, 156, 252, 64, 193, 431, 364, 450, 357, 106, 279, 67, 343, 277, 90, 227, 149, 445, 171, 322, 250, 29, 169, 49, 451, 134, 254, 291, 144, 309, 136, 229, 186, 398, 283, 233, 258, 458, 407, 244, 437, 126, 24, 323, 267, 402, 83, 140, 266, 248, 13, 76, 454, 331, 380, 146, 384, 41, 351, 5, 368, 348, 151, 114, 220, 471, 172, 353, 255, 371, 81, 246, 378, 202, 94, 360, 66, 408, 420, 207, 287, 139, 297, 355, 17, 345, 285, 440, 73, 438, 128, 327, 174, 435, 137, 280, 164, 459, 372, 340, 387, 247, 1, 238, 82, 313, 373, 163, 173, 307, 44, 231, 389, 211, 333, 290, 393, 278, 8, 394, 406, 425, 416, 442, 216, 150, 234, 251, 42, 465, 53, 403, 470, 93, 187, 315, 182, 419, 43, 98, 264, 377, 92, 88, 155, 272, 243, 329, 461, 326, 434, 108, 208, 281, 303, 429, 405, 120, 388, 14, 390, 143, 135, 256, 337, 37, 177, 77, 369, 453, 48, 170, 472, 61, 456, 298, 436, 197, 317, 265, 311, 33, 320, 460, 118, 324, 10, 236, 51, 218, 411, 122, 365, 104, 370, 232, 294, 346, 240, 284, 75, 205, 180, 304, 296, 347, 16, 228, 46, 55, 302, 23, 349, 57, 38, 455, 335, 72, 352, 361, 131, 56, 26, 409, 96, 423, 117, 78, 376, 6, 184, 261, 354, 444, 219, 12, 466, 39, 344, 439, 189, 452, 62, 239, 400, 121, 214, 179, 45, 95, 18, 84, 194, 195, 3, 85, 132, 206, 109, 306, 263, 63, 413, 292, 275, 27, 87, 103, 342, 257, 328, 288, 185, 427, 130, 473, 191, 4, 47, 338, 32, 116, 341, 22, 115, 415, 223, 162, 467, 319, 428, 105, 286, 217, 362, 175, 441, 412, 366, 153, 447, 199, 178, 25, 60, 249, 237, 154, 167, 417, 282, 28, 396, 414, 268, 356, 158, 421, 74, 325, 36, 190, 203, 50, 432, 160, 241, 188, 273, 124, 30, 443, 462, 147, 213, 161, 209, 469, 308, 262, 9, 468, 299, 404, 367, 386, 382, 159, 363, 86, 19, 289, 401, 31, 235, 242, 70, 142, 381, 269, 383, 276, 259, 225, 183, 201, 457, 395, 100, 271, 59, 316, 300, 68, 215, 318, 359, 433, 133, 385, 34, 112, 35, 221, 141, 463, 293, 210, 449, 332, 123, 226, 464, 176, 253, 102, 375, 270, 111, 295, 101, 138, 312, 200, 334, 321, 350, 358, 397, 40, 230, 157, 245, 192, 97, 107, 379, 127, 7, 71, 80, 198, 426, 446, 166, 392, 196, 430, 54, 65, 168, 110, 204, 113, 422, 15, 448, 418, 89, 301, 129, 310, 52, 99, 410, 20, 336, 224, 399, 305, 165, 424, 91, 119, 58, 222, 125, 274, 79, 152, 2, 314, 145]
og index list energy: 251242040.45094043
index list: [307, 43, 349, 0, 208, 376, 73, 13, 344, 141, 86, 135, 305, 125, 384, 81, 438, 143, 416, 139, 65, 150, 259, 462, 29, 239, 173, 399, 133, 369, 72, 70, 419, 68, 386, 41, 187, 215, 398, 272, 380, 316, 414, 105, 421, 264, 446, 197, 337, 285, 35, 370, 302, 461, 50, 403, 49, 329, 67, 334, 38, 240, 408, 220, 299, 267, 26, 189, 432, 277, 56, 431, 322, 59, 295, 89, 424, 165, 390, 304, 459, 90, 15, 62, 425, 18, 371, 181, 347, 301, 367, 55, 363, 223, 319, 310, 231, 241, 470, 136, 338, 130, 420, 10, 406, 235, 45, 177, 453, 111, 92, 253, 8, 466, 219, 377, 6, 407, 95, 300, 204, 179, 213, 155, 467, 94, 228, 82, 128, 427, 57, 346, 131, 281, 417, 292, 464, 291, 358, 254, 257, 101, 320, 123, 447, 54, 396, 52, 61, 458, 163, 375, 314, 160, 442, 117, 473, 202, 198, 378, 211, 283, 199, 252, 210, 451, 134, 27, 389, 2, 365, 5, 32, 287, 209, 63, 412, 138, 360, 243, 387, 280, 373, 266, 318, 203, 242, 236, 245, 321, 248, 393, 168, 379, 250, 91, 175, 359, 11, 455, 274, 149, 397, 96, 423, 30, 382, 12, 157, 108, 112, 218, 42, 140, 79, 106, 222, 109, 444, 121, 289, 114, 342, 237, 315, 331, 348, 224, 340, 238, 103, 410, 116, 80, 154, 441, 311, 93, 217, 122, 153, 167, 352, 184, 48, 176, 436, 296, 435, 309, 356, 74, 246, 88, 1, 401, 275, 402, 247, 333, 23, 411, 24, 51, 265, 75, 110, 21, 317, 164, 328, 7, 256, 158, 226, 303, 192, 429, 271, 469, 244, 357, 216, 113, 258, 159, 40, 293, 118, 261, 388, 227, 60, 183, 76, 463, 9, 232, 144, 364, 33, 37, 430, 14, 31, 450, 251, 44, 345, 180, 439, 161, 445, 17, 392, 290, 471, 98, 409, 100, 468, 294, 355, 172, 151, 260, 372, 169, 434, 313, 129, 124, 156, 422, 330, 47, 433, 146, 278, 166, 405, 119, 284, 78, 214, 255, 339, 185, 85, 454, 273, 457, 19, 448, 66, 234, 383, 182, 69, 34, 212, 460, 46, 279, 394, 3, 426, 230, 449, 195, 452, 36, 170, 39, 201, 286, 249, 400, 206, 335, 385, 152, 323, 270, 25, 145, 361, 107, 391, 127, 418, 137, 381, 115, 343, 53, 351, 221, 440, 325, 97, 193, 171, 178, 191, 4, 20, 437, 336, 207, 354, 200, 341, 326, 413, 312, 22, 366, 64, 205, 395, 263, 472, 28, 350, 327, 190, 196, 374, 188, 362, 194, 308, 186, 415, 71, 456, 142, 148, 443, 229, 104, 132, 297, 84, 269, 233, 324, 87, 77, 282, 120, 58, 353, 16, 288, 368, 147, 102, 332, 162, 174, 99, 404, 126, 262, 276, 83, 298, 225, 465, 306, 428, 268]
index list energy: 27592149.025021534
Done


program ended at: 2020-04-06 12:45:24.833518 
 time delta: 13:49:39.897592
