## SLURM PROLOG ###############################################################
##    Job ID : 11945965
##  Job Name : new_and_improved?
##  Nodelist : node1127
##      CPUs : 1
##  Mem/Node : 1024 MB
## Directory : /gpfs/data/nfawzi/skale/Fawzi_pycharm_project
##   Started : Sun Apr  5 22:55:41 EDT 2020
###############################################################################
program started at:2020-04-05 22:55:44.823468
iterations: 72000000 temp: 1000000.0 exponent: 0.9 eif: 300.0
time taken (sec): 43740.002854824066
number of iterations: 72000000
final temperature: 159.26791088519815
og index list: [160, 391, 246, 229, 320, 435, 317, 375, 287, 309, 103, 13, 60, 55, 228, 263, 298, 424, 210, 196, 432, 468, 247, 421, 331, 73, 172, 178, 212, 157, 358, 359, 141, 30, 111, 64, 224, 24, 260, 110, 404, 15, 335, 113, 352, 79, 465, 129, 279, 256, 118, 254, 46, 357, 399, 261, 463, 338, 27, 85, 376, 151, 98, 417, 306, 393, 467, 18, 321, 380, 197, 293, 144, 428, 0, 19, 187, 454, 120, 367, 439, 243, 340, 153, 295, 215, 81, 441, 117, 183, 410, 427, 348, 402, 409, 314, 25, 237, 104, 222, 199, 3, 164, 318, 290, 159, 158, 9, 186, 69, 233, 473, 208, 322, 323, 124, 273, 173, 236, 167, 190, 351, 216, 354, 349, 147, 138, 283, 226, 154, 458, 219, 292, 248, 114, 76, 116, 255, 66, 416, 230, 192, 105, 470, 252, 133, 181, 280, 194, 20, 334, 284, 71, 353, 302, 57, 91, 286, 54, 217, 221, 450, 282, 407, 431, 206, 345, 195, 191, 269, 41, 311, 35, 2, 175, 56, 457, 423, 270, 281, 108, 177, 218, 72, 343, 305, 266, 42, 80, 44, 97, 316, 96, 70, 51, 214, 231, 355, 119, 451, 40, 394, 379, 179, 447, 462, 383, 49, 166, 146, 239, 171, 339, 381, 152, 425, 397, 364, 17, 145, 276, 258, 90, 1, 176, 411, 122, 4, 406, 336, 53, 61, 242, 209, 36, 328, 198, 155, 232, 436, 420, 220, 350, 235, 86, 162, 398, 137, 21, 268, 346, 456, 303, 84, 285, 32, 169, 99, 201, 14, 225, 373, 360, 361, 130, 125, 244, 174, 193, 405, 378, 11, 265, 366, 168, 274, 89, 142, 92, 112, 365, 63, 312, 185, 250, 93, 386, 102, 388, 434, 304, 387, 136, 342, 87, 29, 245, 127, 333, 22, 438, 16, 251, 356, 319, 75, 204, 38, 77, 156, 374, 326, 289, 419, 188, 267, 291, 149, 459, 58, 401, 396, 415, 180, 400, 227, 330, 449, 442, 200, 307, 106, 297, 392, 426, 10, 262, 278, 446, 466, 448, 148, 23, 384, 240, 347, 455, 128, 433, 100, 150, 143, 444, 94, 121, 189, 325, 140, 253, 464, 288, 369, 205, 264, 472, 132, 65, 371, 101, 329, 207, 362, 67, 294, 259, 33, 131, 395, 385, 59, 377, 471, 453, 301, 95, 461, 109, 272, 299, 296, 452, 324, 403, 165, 213, 460, 440, 5, 414, 390, 47, 368, 163, 26, 277, 445, 184, 50, 39, 115, 310, 202, 45, 12, 126, 37, 123, 107, 429, 337, 74, 271, 139, 308, 389, 422, 88, 443, 170, 363, 344, 313, 332, 275, 62, 43, 327, 257, 249, 135, 161, 418, 28, 7, 68, 211, 48, 370, 238, 413, 203, 134, 78, 341, 437, 6, 52, 372, 241, 31, 234, 223, 182, 83, 8, 82, 382, 430, 315, 412, 300, 34, 408, 469]
og index list energy: 236460329.96496758
index list: [216, 243, 403, 81, 144, 122, 278, 43, 123, 265, 129, 97, 425, 143, 452, 275, 376, 309, 128, 364, 53, 353, 133, 1, 361, 55, 365, 279, 460, 285, 98, 295, 130, 239, 151, 344, 235, 111, 333, 349, 322, 7, 405, 160, 471, 10, 432, 36, 357, 45, 438, 156, 106, 276, 317, 260, 44, 446, 109, 152, 380, 240, 72, 448, 213, 126, 302, 397, 255, 289, 148, 181, 341, 85, 385, 23, 75, 346, 139, 387, 78, 330, 69, 187, 406, 313, 214, 153, 440, 248, 379, 229, 454, 312, 377, 307, 120, 251, 383, 253, 136, 6, 413, 182, 20, 404, 3, 414, 2, 359, 17, 381, 22, 298, 101, 64, 242, 410, 222, 224, 384, 304, 428, 52, 343, 145, 447, 157, 282, 294, 378, 41, 363, 245, 172, 103, 388, 280, 37, 348, 197, 442, 39, 435, 169, 18, 305, 277, 472, 316, 434, 290, 371, 273, 429, 321, 164, 431, 127, 393, 57, 140, 135, 468, 320, 168, 433, 29, 401, 25, 59, 232, 60, 92, 218, 88, 411, 54, 415, 259, 430, 186, 319, 173, 261, 437, 270, 162, 202, 114, 444, 46, 458, 300, 211, 189, 118, 31, 336, 40, 400, 263, 375, 67, 465, 158, 345, 238, 418, 219, 360, 115, 77, 470, 223, 281, 382, 241, 464, 102, 74, 461, 271, 301, 419, 28, 373, 192, 329, 188, 191, 4, 386, 5, 362, 268, 398, 264, 288, 194, 417, 42, 315, 177, 246, 272, 372, 95, 459, 49, 342, 73, 87, 233, 83, 456, 58, 193, 208, 112, 24, 323, 0, 167, 138, 284, 21, 252, 110, 66, 11, 399, 32, 185, 183, 220, 314, 303, 249, 334, 269, 14, 395, 171, 50, 466, 63, 116, 389, 331, 335, 12, 299, 161, 394, 203, 293, 339, 165, 34, 61, 355, 76, 131, 324, 159, 137, 453, 125, 166, 155, 311, 94, 422, 121, 338, 38, 124, 217, 244, 308, 310, 457, 117, 178, 296, 450, 113, 170, 56, 297, 262, 256, 180, 150, 402, 26, 368, 93, 449, 35, 258, 80, 142, 367, 274, 421, 212, 356, 328, 231, 33, 354, 206, 149, 391, 326, 91, 227, 439, 30, 204, 107, 287, 100, 82, 347, 230, 79, 90, 358, 134, 27, 441, 257, 234, 283, 84, 51, 436, 306, 420, 89, 221, 463, 47, 392, 179, 408, 237, 443, 71, 369, 104, 366, 15, 350, 199, 407, 210, 196, 207, 201, 267, 62, 108, 13, 340, 48, 184, 174, 68, 390, 8, 318, 176, 427, 146, 416, 226, 462, 141, 175, 351, 292, 200, 409, 325, 473, 163, 337, 225, 332, 236, 96, 451, 247, 327, 16, 445, 190, 209, 132, 423, 195, 426, 105, 455, 9, 412, 205, 250, 119, 374, 286, 469, 198, 215, 352, 154, 424, 147, 70, 266, 86, 65, 370, 99, 228, 467, 19, 396, 254, 291]
index list energy: 26146111.82396074
Done


program ended at: 2020-04-06 11:04:45.186666 
 time delta: 12:09:00.363198
