## SLURM PROLOG ###############################################################
##    Job ID : 11985266
##  Job Name : new_and_improved?
##  Nodelist : node1119
##      CPUs : 1
##  Mem/Node : 1024 MB
## Directory : /gpfs/data/nfawzi/skale/Fawzi_pycharm_project
##   Started : Mon Apr  6 07:50:36 EDT 2020
###############################################################################
program started at:2020-04-06 07:50:37.490083
iterations: 72000000 temp: 1000000.0 exponent: 0.9 eif: 300.0
time taken (sec): 48552.82367873192
number of iterations: 72000000
final temperature: 159.26791088519815
og index list: [327, 49, 66, 292, 82, 411, 250, 182, 176, 406, 309, 293, 137, 58, 237, 405, 75, 113, 187, 444, 420, 289, 346, 338, 161, 40, 276, 76, 200, 97, 301, 294, 20, 453, 400, 460, 371, 374, 369, 392, 398, 153, 446, 465, 299, 467, 210, 273, 219, 225, 118, 38, 209, 24, 170, 313, 335, 114, 99, 63, 410, 280, 190, 283, 277, 193, 110, 264, 372, 349, 435, 302, 265, 433, 78, 325, 230, 18, 134, 17, 312, 45, 177, 7, 213, 462, 74, 418, 85, 138, 226, 340, 397, 459, 328, 281, 201, 423, 121, 222, 244, 111, 221, 314, 333, 194, 448, 384, 348, 73, 204, 315, 383, 206, 360, 119, 25, 56, 231, 145, 347, 185, 167, 158, 60, 52, 319, 101, 120, 229, 192, 0, 356, 124, 343, 129, 274, 290, 407, 357, 373, 108, 450, 203, 417, 197, 354, 408, 416, 430, 394, 382, 365, 95, 258, 19, 466, 127, 454, 36, 131, 100, 336, 94, 48, 456, 307, 415, 376, 150, 160, 470, 174, 50, 249, 413, 464, 268, 139, 2, 324, 332, 51, 166, 88, 308, 165, 286, 149, 455, 334, 375, 207, 449, 188, 89, 72, 135, 154, 202, 87, 77, 43, 364, 279, 189, 380, 233, 9, 11, 208, 26, 163, 156, 426, 130, 272, 424, 431, 186, 15, 37, 105, 395, 238, 32, 442, 33, 355, 47, 352, 254, 44, 42, 146, 136, 57, 227, 267, 90, 323, 351, 437, 183, 261, 39, 300, 27, 388, 366, 389, 10, 275, 55, 439, 214, 228, 3, 86, 173, 269, 107, 443, 251, 246, 414, 205, 140, 337, 419, 318, 79, 310, 215, 195, 199, 330, 147, 257, 317, 234, 253, 461, 68, 80, 65, 117, 211, 305, 13, 178, 329, 436, 393, 29, 391, 304, 259, 162, 458, 159, 155, 143, 452, 291, 438, 386, 240, 171, 67, 4, 71, 6, 212, 169, 469, 175, 126, 331, 69, 262, 144, 96, 116, 109, 402, 445, 390, 427, 263, 339, 270, 362, 288, 8, 434, 46, 180, 168, 28, 91, 132, 471, 84, 5, 54, 125, 198, 141, 341, 345, 401, 367, 247, 31, 295, 297, 359, 103, 256, 61, 412, 64, 181, 363, 377, 179, 16, 242, 422, 70, 122, 353, 303, 92, 243, 232, 133, 429, 463, 378, 172, 115, 62, 224, 12, 326, 102, 220, 93, 311, 321, 385, 358, 284, 104, 472, 361, 447, 128, 184, 98, 403, 152, 164, 1, 123, 320, 342, 266, 432, 404, 112, 252, 236, 441, 191, 196, 409, 148, 421, 223, 428, 473, 151, 387, 83, 59, 381, 370, 271, 396, 53, 285, 298, 218, 23, 282, 14, 255, 425, 248, 41, 216, 142, 468, 30, 306, 316, 34, 350, 81, 21, 35, 368, 451, 287, 217, 322, 260, 106, 278, 241, 245, 379, 157, 22, 399, 235, 440, 457, 344, 239, 296]
og index list energy: 255840836.88771647
index list: [254, 171, 178, 234, 158, 356, 27, 91, 11, 358, 330, 301, 459, 12, 433, 138, 446, 50, 349, 65, 393, 312, 232, 237, 405, 175, 414, 251, 262, 337, 310, 38, 443, 31, 471, 177, 46, 457, 295, 21, 413, 161, 220, 249, 438, 304, 235, 194, 403, 195, 299, 210, 427, 257, 150, 319, 115, 239, 333, 402, 99, 74, 366, 23, 188, 66, 440, 49, 283, 154, 56, 463, 205, 134, 213, 339, 109, 364, 104, 348, 88, 447, 84, 240, 287, 53, 1, 236, 58, 92, 233, 296, 445, 117, 437, 250, 8, 204, 6, 400, 202, 98, 362, 331, 0, 288, 344, 325, 468, 129, 409, 135, 421, 87, 465, 231, 165, 170, 473, 241, 390, 274, 442, 119, 467, 15, 399, 168, 174, 7, 136, 80, 196, 412, 189, 197, 424, 152, 425, 285, 294, 369, 55, 398, 173, 54, 323, 248, 375, 39, 183, 270, 377, 260, 444, 28, 460, 320, 242, 334, 35, 140, 340, 335, 160, 368, 3, 286, 255, 125, 156, 215, 278, 261, 214, 73, 389, 16, 382, 186, 448, 268, 37, 370, 199, 365, 123, 148, 263, 386, 10, 308, 75, 113, 207, 303, 328, 211, 226, 52, 343, 127, 407, 311, 302, 184, 300, 20, 34, 193, 145, 252, 187, 258, 79, 408, 94, 305, 47, 453, 43, 464, 105, 416, 151, 388, 169, 462, 225, 406, 90, 378, 70, 143, 345, 76, 360, 25, 315, 96, 354, 212, 439, 243, 41, 404, 164, 191, 4, 5, 190, 132, 201, 332, 192, 372, 81, 410, 166, 155, 60, 338, 24, 429, 306, 72, 417, 267, 441, 45, 106, 376, 102, 383, 227, 82, 297, 85, 396, 93, 216, 176, 449, 153, 86, 95, 144, 293, 108, 30, 395, 107, 470, 69, 374, 48, 367, 200, 209, 198, 120, 326, 380, 101, 64, 147, 71, 387, 244, 363, 314, 159, 224, 114, 351, 217, 246, 219, 118, 33, 469, 318, 185, 157, 282, 397, 42, 353, 112, 280, 431, 142, 272, 122, 253, 36, 411, 29, 454, 266, 381, 182, 172, 22, 342, 181, 379, 149, 247, 78, 385, 238, 89, 256, 139, 167, 111, 452, 279, 401, 13, 392, 59, 461, 83, 97, 466, 218, 110, 281, 423, 133, 391, 141, 428, 180, 472, 61, 450, 309, 341, 68, 124, 264, 128, 276, 434, 63, 77, 265, 116, 350, 221, 352, 273, 289, 426, 14, 435, 40, 357, 203, 346, 271, 321, 455, 206, 336, 451, 245, 19, 32, 2, 317, 259, 371, 121, 9, 347, 130, 162, 355, 292, 324, 57, 298, 100, 269, 131, 51, 284, 103, 394, 291, 373, 327, 223, 456, 313, 222, 126, 26, 230, 436, 290, 329, 179, 384, 163, 422, 316, 458, 208, 432, 18, 418, 277, 228, 146, 419, 17, 322, 137, 415, 62, 420, 67, 359, 307, 229, 361, 44, 430, 275]
index list energy: 30859189.480130006
Done


program ended at: 2020-04-06 21:19:50.694580 
 time delta: 13:29:13.204497
