## SLURM PROLOG ###############################################################
##    Job ID : 11946061
##  Job Name : new_and_improved?
##  Nodelist : node1624
##      CPUs : 1
##  Mem/Node : 1024 MB
## Directory : /gpfs/data/nfawzi/skale/Fawzi_pycharm_project
##   Started : Sun Apr  5 22:55:51 EDT 2020
###############################################################################
program started at:2020-04-05 22:55:52.741924
iterations: 72000000 temp: 1000000.0 exponent: 0.9 eif: 300.0
time taken (sec): 62055.69667506218
number of iterations: 72000000
final temperature: 159.26791088519815
og index list: [162, 405, 45, 414, 315, 326, 0, 422, 49, 125, 8, 110, 306, 219, 462, 216, 246, 6, 323, 467, 20, 439, 446, 211, 167, 236, 298, 206, 423, 210, 395, 280, 296, 460, 270, 113, 300, 435, 161, 87, 39, 249, 403, 76, 157, 42, 372, 23, 233, 275, 106, 424, 371, 267, 169, 160, 338, 198, 261, 335, 264, 121, 397, 150, 265, 452, 27, 145, 117, 155, 427, 217, 93, 250, 179, 176, 132, 318, 366, 69, 92, 135, 346, 458, 260, 295, 274, 325, 317, 257, 364, 9, 433, 199, 46, 416, 369, 440, 54, 400, 408, 103, 177, 282, 224, 200, 34, 186, 374, 379, 309, 153, 152, 84, 166, 15, 90, 381, 293, 168, 26, 207, 438, 360, 266, 465, 36, 86, 303, 314, 111, 271, 367, 227, 171, 13, 256, 193, 283, 96, 368, 187, 272, 417, 463, 43, 426, 305, 188, 337, 248, 357, 297, 334, 105, 259, 185, 444, 151, 472, 196, 301, 89, 7, 71, 61, 222, 37, 191, 385, 287, 450, 451, 245, 429, 140, 56, 263, 396, 66, 142, 115, 44, 138, 327, 388, 418, 149, 407, 348, 212, 65, 380, 302, 347, 290, 352, 99, 195, 377, 197, 127, 316, 308, 38, 156, 182, 12, 126, 415, 241, 286, 33, 41, 258, 97, 215, 231, 449, 94, 378, 10, 190, 63, 330, 273, 235, 268, 238, 165, 448, 220, 375, 345, 2, 469, 16, 184, 116, 144, 141, 471, 181, 118, 351, 183, 189, 14, 239, 180, 304, 399, 79, 136, 312, 277, 47, 95, 208, 55, 420, 453, 164, 398, 77, 332, 339, 289, 394, 133, 358, 1, 124, 158, 201, 461, 279, 313, 464, 81, 291, 251, 58, 101, 431, 244, 387, 362, 109, 21, 382, 225, 288, 123, 237, 148, 31, 342, 147, 436, 410, 204, 4, 307, 254, 391, 112, 459, 170, 355, 386, 78, 376, 252, 70, 5, 139, 234, 421, 428, 146, 175, 430, 310, 73, 52, 30, 19, 392, 18, 383, 228, 122, 409, 102, 85, 223, 226, 209, 413, 60, 100, 25, 24, 91, 466, 447, 276, 83, 389, 173, 456, 82, 48, 370, 336, 344, 108, 53, 365, 143, 390, 278, 178, 154, 98, 328, 163, 107, 221, 356, 214, 324, 242, 343, 404, 62, 340, 402, 17, 457, 432, 384, 57, 445, 159, 454, 88, 74, 284, 319, 75, 114, 40, 285, 232, 72, 35, 363, 172, 294, 194, 192, 218, 22, 243, 255, 120, 230, 393, 130, 205, 137, 425, 468, 373, 473, 68, 341, 322, 262, 349, 331, 320, 470, 11, 213, 202, 51, 59, 240, 442, 311, 292, 67, 406, 412, 437, 269, 419, 32, 353, 281, 441, 434, 128, 64, 129, 361, 443, 247, 354, 229, 333, 299, 401, 253, 80, 50, 203, 29, 134, 119, 174, 131, 329, 321, 104, 350, 359, 28, 411, 455, 3]
og index list energy: 258618211.6042523
index list: [131, 193, 144, 352, 143, 329, 50, 128, 371, 166, 114, 347, 220, 221, 467, 240, 433, 120, 75, 294, 303, 112, 28, 71, 378, 219, 97, 276, 77, 298, 295, 133, 438, 142, 398, 175, 122, 472, 73, 183, 35, 174, 146, 443, 250, 242, 445, 325, 382, 196, 20, 446, 206, 260, 435, 254, 101, 349, 119, 246, 198, 268, 450, 229, 346, 51, 32, 365, 243, 293, 1, 427, 309, 162, 465, 137, 420, 107, 463, 200, 189, 37, 283, 36, 204, 291, 94, 56, 344, 44, 462, 102, 395, 270, 354, 117, 411, 115, 305, 70, 10, 258, 315, 327, 185, 134, 461, 271, 59, 364, 81, 404, 217, 448, 52, 247, 39, 297, 109, 424, 125, 348, 135, 441, 23, 307, 25, 284, 139, 155, 228, 86, 61, 159, 48, 345, 141, 177, 232, 19, 361, 6, 391, 336, 209, 74, 207, 383, 190, 168, 432, 170, 417, 152, 92, 63, 372, 274, 282, 353, 96, 355, 100, 451, 248, 384, 279, 285, 211, 416, 2, 16, 373, 57, 362, 164, 436, 83, 444, 186, 340, 275, 400, 12, 412, 7, 440, 208, 191, 5, 351, 4, 464, 160, 259, 181, 265, 21, 192, 140, 320, 145, 319, 126, 136, 60, 409, 30, 337, 289, 124, 69, 386, 262, 454, 89, 368, 67, 396, 179, 148, 359, 238, 469, 116, 237, 367, 113, 338, 90, 184, 199, 449, 9, 377, 286, 129, 426, 316, 363, 163, 235, 72, 201, 91, 49, 423, 296, 447, 178, 415, 230, 182, 154, 150, 80, 43, 387, 272, 13, 473, 212, 239, 330, 203, 210, 76, 403, 14, 216, 273, 393, 267, 418, 195, 356, 171, 249, 442, 130, 127, 360, 233, 313, 167, 342, 123, 99, 287, 194, 429, 318, 79, 390, 110, 223, 369, 241, 15, 402, 40, 458, 263, 214, 187, 34, 333, 456, 62, 302, 379, 245, 66, 26, 149, 323, 300, 169, 471, 33, 422, 202, 108, 227, 24, 252, 188, 197, 407, 153, 339, 3, 269, 147, 281, 53, 421, 64, 165, 452, 22, 437, 98, 357, 225, 176, 460, 45, 405, 253, 11, 358, 158, 311, 27, 278, 156, 84, 78, 389, 321, 292, 414, 47, 381, 88, 380, 18, 413, 106, 408, 224, 231, 226, 350, 304, 370, 266, 376, 324, 87, 82, 410, 93, 157, 256, 301, 299, 335, 388, 41, 470, 104, 457, 103, 236, 173, 394, 261, 406, 251, 8, 317, 205, 215, 31, 118, 322, 38, 46, 466, 331, 306, 439, 68, 234, 255, 257, 341, 105, 366, 222, 312, 419, 161, 288, 308, 310, 401, 151, 455, 42, 172, 0, 468, 332, 290, 397, 58, 218, 121, 375, 132, 374, 314, 385, 65, 334, 244, 392, 277, 453, 54, 434, 280, 428, 85, 29, 343, 328, 326, 111, 17, 459, 180, 213, 430, 55, 425, 95, 399, 264, 431, 138]
index list energy: 29256592.525392905
Done


program ended at: 2020-04-06 16:10:08.790937 
 time delta: 17:14:16.049013
