## SLURM PROLOG ###############################################################
##    Job ID : 11946032
##  Job Name : new_and_improved?
##  Nodelist : node1615
##      CPUs : 1
##  Mem/Node : 1024 MB
## Directory : /gpfs/data/nfawzi/skale/Fawzi_pycharm_project
##   Started : Sun Apr  5 22:55:50 EDT 2020
###############################################################################
program started at:2020-04-05 22:55:52.044568
iterations: 72000000 temp: 1000000.0 exponent: 0.9 eif: 300.0
time taken (sec): 66961.9362282753
number of iterations: 72000000
final temperature: 159.26791088519815
og index list: [159, 338, 399, 378, 382, 154, 93, 245, 348, 255, 223, 415, 173, 100, 163, 143, 416, 140, 250, 142, 263, 252, 201, 109, 77, 452, 94, 70, 53, 213, 392, 377, 62, 236, 225, 248, 408, 441, 16, 387, 287, 335, 226, 401, 288, 307, 235, 238, 130, 232, 369, 363, 322, 253, 80, 156, 170, 217, 98, 422, 351, 218, 384, 308, 419, 278, 195, 91, 410, 323, 78, 430, 339, 183, 7, 69, 344, 315, 246, 466, 239, 189, 440, 470, 208, 425, 24, 371, 71, 20, 346, 178, 150, 8, 449, 447, 325, 397, 38, 3, 28, 362, 228, 436, 81, 152, 177, 2, 115, 413, 443, 455, 101, 132, 303, 442, 196, 131, 149, 321, 39, 18, 104, 119, 353, 462, 158, 383, 114, 267, 105, 395, 44, 6, 50, 409, 35, 118, 294, 31, 219, 334, 403, 209, 342, 424, 364, 393, 19, 41, 162, 370, 51, 337, 437, 106, 407, 271, 15, 172, 221, 59, 327, 454, 301, 161, 145, 264, 125, 165, 107, 66, 313, 23, 65, 181, 0, 429, 259, 203, 463, 310, 445, 311, 112, 277, 260, 366, 37, 205, 138, 4, 275, 438, 102, 233, 11, 72, 247, 139, 451, 365, 423, 375, 133, 312, 192, 47, 389, 175, 155, 266, 174, 328, 220, 249, 198, 126, 289, 188, 190, 356, 293, 110, 251, 459, 469, 55, 58, 84, 222, 420, 52, 193, 76, 431, 42, 103, 30, 300, 148, 17, 82, 9, 45, 361, 48, 36, 357, 214, 336, 434, 120, 67, 265, 391, 240, 92, 273, 373, 444, 314, 56, 54, 296, 347, 284, 316, 421, 329, 446, 256, 465, 359, 136, 146, 244, 368, 285, 341, 127, 360, 458, 326, 272, 298, 471, 111, 22, 385, 290, 349, 129, 197, 270, 405, 376, 224, 324, 427, 380, 305, 34, 10, 450, 88, 124, 283, 73, 426, 404, 286, 268, 350, 169, 374, 304, 135, 200, 414, 99, 49, 318, 12, 164, 345, 230, 276, 187, 185, 95, 379, 210, 157, 333, 269, 97, 43, 89, 254, 390, 211, 63, 343, 400, 212, 137, 372, 64, 464, 433, 25, 168, 1, 331, 229, 320, 309, 432, 117, 176, 166, 206, 262, 460, 292, 317, 295, 258, 74, 216, 453, 456, 90, 182, 13, 388, 332, 274, 473, 194, 134, 448, 147, 85, 435, 282, 5, 330, 153, 417, 234, 108, 57, 32, 386, 354, 257, 27, 261, 243, 191, 33, 21, 79, 113, 302, 75, 14, 26, 319, 29, 40, 231, 358, 394, 381, 299, 237, 96, 86, 439, 87, 227, 280, 121, 281, 46, 60, 428, 199, 179, 467, 83, 186, 68, 128, 116, 151, 122, 215, 242, 472, 352, 355, 396, 297, 340, 279, 202, 402, 180, 291, 167, 184, 398, 204, 141, 160, 367, 406, 468, 171, 306, 123, 144, 461, 207, 61, 411, 241, 457, 412, 418]
og index list energy: 262585780.56617215
index list: [2, 275, 150, 410, 154, 308, 17, 64, 318, 311, 171, 8, 454, 198, 345, 16, 391, 84, 330, 269, 143, 297, 285, 117, 422, 310, 415, 105, 355, 220, 151, 428, 133, 334, 292, 357, 68, 445, 72, 373, 28, 256, 147, 78, 255, 328, 106, 432, 294, 342, 66, 425, 48, 358, 45, 178, 420, 55, 278, 152, 412, 302, 459, 312, 92, 67, 396, 142, 82, 120, 313, 3, 101, 215, 417, 253, 14, 381, 192, 411, 33, 368, 177, 234, 162, 43, 451, 58, 437, 225, 367, 266, 354, 19, 423, 254, 224, 161, 418, 226, 372, 251, 214, 427, 36, 464, 202, 243, 374, 335, 204, 98, 283, 274, 324, 134, 27, 233, 59, 86, 144, 431, 83, 462, 137, 406, 115, 424, 164, 446, 100, 430, 306, 433, 282, 229, 441, 54, 407, 321, 380, 99, 388, 277, 118, 186, 443, 260, 389, 296, 320, 110, 273, 442, 121, 392, 38, 400, 96, 401, 264, 41, 399, 331, 172, 47, 456, 157, 221, 329, 126, 88, 444, 75, 386, 238, 469, 268, 413, 212, 468, 181, 365, 180, 213, 426, 29, 463, 79, 140, 57, 323, 131, 301, 93, 265, 77, 124, 51, 89, 377, 163, 182, 73, 108, 26, 467, 111, 34, 23, 155, 112, 39, 1, 6, 287, 247, 176, 375, 211, 18, 429, 199, 387, 206, 200, 402, 190, 440, 276, 344, 170, 356, 169, 393, 81, 167, 49, 416, 293, 174, 107, 353, 209, 326, 122, 114, 369, 299, 304, 364, 289, 338, 9, 458, 30, 343, 135, 102, 408, 15, 127, 227, 439, 244, 316, 452, 94, 395, 50, 63, 378, 237, 436, 146, 434, 40, 339, 139, 25, 379, 104, 222, 291, 384, 13, 153, 465, 0, 60, 360, 132, 309, 298, 149, 350, 322, 168, 80, 35, 201, 136, 188, 305, 20, 346, 242, 385, 95, 295, 290, 409, 42, 383, 160, 361, 62, 337, 145, 21, 449, 103, 284, 197, 450, 7, 71, 12, 245, 230, 394, 259, 70, 315, 261, 398, 185, 303, 165, 472, 158, 403, 109, 317, 156, 22, 232, 53, 252, 249, 271, 349, 5, 191, 4, 370, 314, 419, 267, 447, 116, 352, 216, 175, 32, 376, 262, 236, 336, 24, 448, 218, 286, 123, 183, 272, 239, 159, 69, 31, 235, 85, 207, 250, 325, 228, 129, 390, 307, 90, 404, 231, 44, 248, 460, 240, 473, 270, 351, 332, 246, 173, 371, 119, 194, 193, 189, 217, 471, 257, 300, 46, 113, 288, 10, 435, 76, 382, 91, 128, 421, 333, 347, 327, 263, 205, 455, 195, 461, 219, 359, 196, 203, 56, 97, 366, 179, 457, 280, 397, 210, 37, 148, 414, 281, 348, 61, 341, 241, 438, 223, 363, 208, 466, 74, 362, 52, 187, 405, 11, 258, 279, 453, 184, 65, 87, 340, 166, 125, 319, 141, 470, 130, 138]
index list energy: 27350806.03964858
Done


program ended at: 2020-04-06 17:31:54.328774 
 time delta: 18:36:02.284206
