## SLURM PROLOG ###############################################################
##    Job ID : 11998167
##  Job Name : new_and_improved?
##  Nodelist : node1119
##      CPUs : 1
##  Mem/Node : 1024 MB
## Directory : /gpfs/data/nfawzi/skale/Fawzi_pycharm_project
##   Started : Mon Apr  6 10:33:45 EDT 2020
###############################################################################
program started at:2020-04-06 10:33:47.030025
iterations: 72000000 temp: 1000000.0 exponent: 0.9 eif: 300.0
time taken (sec): 51521.90173912048
number of iterations: 72000000
final temperature: 159.26791088519815
og index list: [362, 406, 324, 205, 247, 288, 390, 322, 64, 69, 146, 365, 411, 120, 402, 285, 300, 100, 284, 118, 321, 458, 287, 186, 106, 180, 430, 171, 471, 422, 142, 356, 140, 164, 431, 138, 421, 363, 214, 176, 225, 465, 210, 168, 135, 464, 383, 15, 435, 33, 217, 101, 206, 282, 371, 276, 451, 403, 348, 381, 397, 193, 94, 410, 320, 437, 426, 173, 17, 80, 224, 219, 407, 91, 119, 444, 2, 239, 420, 86, 396, 194, 461, 14, 359, 331, 413, 357, 398, 376, 203, 472, 183, 160, 253, 156, 105, 84, 325, 9, 246, 37, 374, 448, 22, 283, 345, 78, 361, 352, 434, 71, 192, 292, 143, 50, 344, 45, 162, 112, 196, 31, 125, 301, 369, 350, 36, 291, 423, 182, 248, 163, 211, 76, 302, 49, 332, 220, 256, 62, 443, 280, 98, 137, 23, 299, 223, 227, 151, 47, 442, 466, 107, 425, 104, 440, 289, 102, 159, 326, 330, 391, 266, 319, 242, 339, 25, 197, 136, 117, 67, 268, 272, 41, 66, 450, 455, 114, 34, 392, 27, 233, 53, 60, 428, 303, 415, 298, 394, 467, 19, 347, 342, 323, 388, 409, 127, 174, 75, 128, 297, 255, 261, 172, 364, 296, 82, 189, 238, 188, 436, 95, 408, 290, 341, 170, 204, 405, 424, 313, 108, 96, 267, 355, 310, 187, 5, 473, 304, 166, 278, 199, 328, 48, 6, 459, 202, 1, 257, 0, 165, 335, 360, 469, 43, 184, 152, 222, 230, 307, 429, 387, 121, 343, 74, 251, 123, 209, 275, 153, 382, 8, 309, 24, 190, 126, 358, 281, 198, 63, 312, 68, 208, 81, 259, 3, 147, 249, 111, 418, 207, 155, 131, 305, 73, 226, 314, 191, 244, 59, 308, 115, 460, 88, 10, 373, 216, 273, 412, 438, 378, 351, 263, 145, 212, 185, 56, 318, 265, 141, 386, 116, 399, 370, 452, 453, 271, 379, 240, 35, 144, 377, 315, 103, 380, 389, 11, 293, 395, 400, 445, 32, 468, 250, 427, 109, 139, 7, 178, 306, 264, 462, 20, 89, 327, 375, 234, 237, 83, 157, 329, 29, 416, 52, 133, 148, 46, 85, 181, 16, 294, 200, 419, 447, 12, 72, 236, 241, 338, 40, 470, 28, 243, 110, 269, 270, 177, 446, 167, 161, 295, 439, 130, 57, 90, 372, 235, 441, 26, 13, 179, 457, 175, 44, 158, 51, 87, 367, 277, 169, 38, 384, 58, 132, 79, 349, 333, 245, 346, 93, 195, 231, 201, 134, 336, 150, 334, 340, 122, 279, 113, 92, 385, 354, 124, 97, 368, 99, 353, 262, 77, 228, 254, 218, 229, 454, 414, 4, 70, 232, 366, 252, 42, 221, 39, 317, 149, 61, 337, 18, 65, 404, 21, 129, 154, 449, 30, 274, 54, 456, 393, 215, 432, 311, 417, 213, 55, 433, 316, 258, 463, 286, 260, 401]
og index list energy: 257295008.4366175
index list: [2, 322, 62, 207, 472, 195, 429, 113, 198, 458, 172, 175, 355, 271, 433, 186, 435, 98, 290, 284, 242, 334, 143, 341, 109, 349, 224, 353, 262, 288, 100, 118, 311, 233, 137, 398, 85, 451, 11, 374, 5, 171, 20, 373, 168, 78, 432, 79, 434, 57, 338, 21, 416, 199, 414, 9, 424, 210, 438, 104, 115, 148, 281, 403, 163, 323, 81, 417, 59, 74, 18, 421, 33, 383, 88, 303, 197, 407, 194, 468, 188, 232, 48, 215, 293, 275, 402, 230, 121, 376, 213, 329, 241, 442, 321, 122, 267, 367, 325, 365, 3, 191, 404, 296, 86, 208, 153, 53, 1, 441, 0, 264, 457, 133, 316, 443, 77, 459, 221, 327, 333, 392, 248, 183, 17, 400, 103, 386, 180, 351, 312, 372, 310, 415, 131, 173, 411, 58, 427, 314, 307, 49, 92, 142, 471, 268, 234, 464, 266, 437, 294, 344, 102, 397, 277, 369, 46, 71, 389, 10, 449, 335, 28, 399, 270, 347, 189, 388, 196, 431, 289, 193, 190, 368, 26, 19, 450, 4, 447, 302, 343, 243, 419, 260, 130, 282, 155, 236, 128, 456, 145, 473, 166, 315, 144, 324, 39, 393, 106, 340, 226, 276, 408, 152, 318, 160, 348, 220, 66, 252, 306, 364, 147, 285, 107, 460, 116, 455, 304, 430, 240, 305, 295, 63, 381, 94, 467, 134, 328, 27, 214, 6, 382, 12, 426, 313, 60, 371, 332, 357, 13, 339, 30, 239, 123, 217, 345, 95, 178, 346, 231, 16, 135, 391, 192, 387, 181, 466, 69, 245, 169, 34, 158, 258, 390, 22, 405, 119, 124, 25, 84, 287, 269, 157, 453, 96, 356, 179, 82, 120, 126, 273, 452, 54, 162, 361, 222, 129, 298, 76, 40, 32, 256, 68, 380, 80, 244, 396, 38, 251, 8, 317, 14, 436, 261, 140, 64, 156, 350, 87, 358, 70, 51, 461, 105, 428, 326, 463, 253, 203, 420, 205, 337, 204, 219, 278, 154, 354, 238, 56, 440, 292, 114, 283, 23, 366, 216, 110, 61, 406, 73, 83, 297, 227, 151, 377, 274, 182, 174, 35, 359, 24, 308, 111, 37, 439, 93, 446, 211, 352, 139, 319, 254, 161, 250, 31, 202, 235, 263, 299, 136, 159, 50, 360, 47, 470, 127, 370, 320, 301, 99, 363, 255, 141, 259, 454, 165, 167, 265, 237, 342, 67, 90, 413, 117, 132, 97, 279, 378, 75, 209, 206, 228, 176, 200, 336, 423, 36, 395, 218, 45, 15, 425, 300, 185, 330, 187, 422, 91, 448, 52, 465, 309, 384, 223, 394, 247, 44, 112, 225, 418, 72, 379, 29, 412, 55, 410, 164, 291, 362, 272, 201, 43, 444, 65, 108, 41, 469, 146, 170, 42, 409, 138, 375, 286, 257, 101, 89, 149, 331, 125, 150, 246, 249, 177, 462, 7, 184, 229, 401, 445, 280, 385, 212]
index list energy: 28429458.564016834
Done


program ended at: 2020-04-07 00:52:29.313806 
 time delta: 14:18:42.283781
