## SLURM PROLOG ###############################################################
##    Job ID : 11994957
##  Job Name : new_and_improved?
##  Nodelist : node1132
##      CPUs : 1
##  Mem/Node : 1024 MB
## Directory : /gpfs/data/nfawzi/skale/Fawzi_pycharm_project
##   Started : Mon Apr  6 09:55:10 EDT 2020
###############################################################################
program started at:2020-04-06 09:55:15.830724
iterations: 72000000 temp: 1000000.0 exponent: 0.9 eif: 300.0
time taken (sec): 45694.9951736927
number of iterations: 72000000
final temperature: 159.26791088519815
og index list: [72, 53, 189, 423, 140, 61, 15, 8, 205, 136, 42, 469, 171, 232, 243, 96, 154, 55, 225, 272, 399, 330, 125, 245, 472, 49, 465, 444, 381, 460, 141, 356, 28, 143, 295, 127, 427, 4, 81, 463, 25, 18, 429, 54, 395, 67, 439, 229, 139, 131, 29, 365, 316, 116, 182, 441, 235, 87, 170, 321, 179, 471, 156, 241, 19, 288, 338, 121, 264, 413, 389, 333, 292, 91, 105, 461, 455, 126, 291, 30, 69, 347, 52, 114, 249, 260, 213, 307, 305, 168, 50, 468, 73, 418, 337, 176, 220, 431, 188, 354, 108, 314, 388, 273, 290, 195, 37, 6, 1, 38, 345, 262, 312, 470, 191, 26, 86, 186, 93, 377, 285, 20, 416, 9, 353, 366, 332, 10, 90, 177, 383, 435, 146, 145, 457, 75, 340, 432, 89, 382, 163, 242, 130, 276, 193, 390, 98, 155, 159, 117, 164, 200, 128, 169, 464, 218, 341, 410, 227, 384, 456, 206, 129, 27, 406, 335, 197, 36, 57, 120, 174, 210, 162, 415, 428, 187, 326, 190, 99, 133, 300, 318, 473, 425, 261, 48, 196, 420, 46, 310, 71, 342, 278, 287, 379, 267, 394, 336, 39, 393, 244, 66, 386, 222, 181, 259, 279, 255, 240, 118, 60, 297, 378, 304, 363, 51, 134, 400, 82, 226, 207, 148, 172, 24, 445, 466, 263, 100, 238, 149, 391, 397, 367, 298, 211, 317, 111, 286, 113, 404, 173, 208, 59, 313, 237, 160, 351, 106, 70, 219, 283, 293, 31, 97, 194, 280, 138, 47, 343, 254, 43, 392, 289, 269, 12, 102, 63, 319, 2, 334, 322, 144, 40, 41, 103, 408, 84, 119, 359, 282, 448, 123, 323, 236, 265, 387, 135, 360, 309, 437, 137, 403, 371, 271, 167, 311, 185, 372, 252, 268, 421, 23, 104, 402, 192, 92, 407, 352, 107, 433, 62, 5, 450, 151, 234, 344, 436, 251, 58, 166, 430, 122, 79, 221, 180, 302, 153, 65, 281, 247, 158, 83, 368, 370, 446, 124, 209, 11, 246, 256, 453, 303, 358, 401, 109, 350, 411, 375, 239, 215, 216, 32, 385, 294, 325, 462, 183, 443, 417, 266, 45, 101, 223, 165, 361, 115, 13, 346, 110, 306, 355, 274, 14, 284, 34, 33, 250, 152, 467, 412, 458, 184, 253, 17, 440, 331, 329, 132, 77, 150, 178, 258, 7, 320, 409, 364, 16, 231, 85, 357, 398, 212, 147, 21, 296, 228, 369, 434, 157, 308, 374, 74, 76, 327, 3, 142, 68, 339, 175, 64, 22, 380, 233, 438, 95, 424, 299, 202, 348, 362, 224, 198, 248, 376, 349, 419, 35, 204, 88, 454, 452, 275, 270, 315, 78, 422, 80, 201, 301, 442, 0, 277, 324, 373, 94, 426, 447, 161, 199, 214, 451, 257, 203, 449, 459, 396, 414, 230, 217, 112, 328, 56, 44, 405]
og index list energy: 230387224.63084936
index list: [322, 153, 37, 352, 8, 38, 13, 377, 111, 228, 315, 68, 403, 152, 187, 185, 204, 29, 288, 215, 415, 333, 173, 405, 80, 146, 420, 217, 386, 95, 250, 41, 34, 212, 298, 238, 112, 133, 436, 211, 183, 57, 344, 51, 383, 137, 285, 331, 220, 130, 467, 274, 105, 397, 88, 455, 106, 323, 270, 65, 449, 275, 438, 328, 160, 376, 6, 445, 102, 430, 16, 470, 253, 168, 245, 271, 155, 10, 419, 216, 78, 311, 87, 297, 69, 81, 432, 53, 439, 178, 357, 248, 462, 117, 362, 163, 273, 372, 77, 417, 40, 120, 259, 31, 368, 235, 28, 303, 321, 454, 174, 26, 407, 72, 129, 256, 143, 161, 170, 131, 110, 175, 398, 39, 382, 75, 300, 64, 7, 207, 62, 370, 200, 460, 199, 388, 194, 132, 364, 325, 421, 262, 390, 277, 353, 291, 441, 225, 365, 55, 423, 63, 379, 169, 306, 468, 196, 197, 404, 20, 283, 188, 335, 66, 11, 91, 45, 410, 263, 433, 12, 413, 210, 191, 400, 2, 447, 54, 345, 268, 408, 286, 412, 190, 192, 443, 332, 293, 446, 172, 154, 167, 276, 409, 156, 272, 371, 249, 340, 206, 337, 289, 189, 350, 149, 24, 108, 89, 177, 214, 461, 135, 118, 61, 442, 261, 458, 243, 361, 144, 227, 444, 247, 314, 113, 96, 435, 22, 427, 339, 205, 384, 36, 391, 267, 387, 324, 231, 73, 1, 374, 67, 265, 30, 424, 60, 473, 164, 347, 229, 375, 56, 114, 246, 159, 290, 236, 0, 448, 25, 414, 208, 269, 85, 139, 295, 19, 418, 79, 278, 257, 327, 59, 466, 202, 76, 252, 296, 44, 86, 58, 82, 92, 74, 431, 5, 4, 222, 157, 351, 242, 434, 251, 219, 319, 336, 14, 366, 198, 162, 100, 396, 107, 150, 302, 393, 83, 399, 94, 126, 48, 380, 213, 287, 355, 142, 124, 49, 471, 241, 411, 42, 115, 464, 119, 329, 255, 294, 451, 230, 305, 23, 258, 134, 239, 254, 299, 181, 440, 84, 71, 284, 27, 97, 193, 15, 201, 171, 32, 342, 209, 260, 176, 358, 318, 121, 456, 145, 50, 346, 104, 425, 166, 428, 109, 385, 304, 18, 182, 309, 469, 244, 401, 123, 389, 158, 70, 394, 151, 359, 46, 426, 224, 9, 453, 226, 367, 195, 416, 3, 179, 234, 406, 264, 457, 186, 360, 221, 349, 266, 348, 233, 281, 450, 125, 369, 128, 465, 127, 354, 180, 218, 310, 140, 184, 35, 232, 326, 373, 33, 429, 21, 395, 136, 422, 17, 122, 282, 320, 101, 437, 237, 378, 240, 459, 90, 330, 203, 313, 334, 99, 343, 280, 463, 103, 472, 116, 338, 147, 312, 308, 292, 148, 307, 43, 452, 165, 341, 93, 141, 392, 279, 356, 52, 402, 316, 381, 47, 223, 317, 98, 363, 301, 138]
index list energy: 27775811.948010128
Done


program ended at: 2020-04-06 22:36:51.192383 
 time delta: 12:41:35.361659
