## SLURM PROLOG ###############################################################
##    Job ID : 11945986
##  Job Name : new_and_improved?
##  Nodelist : node1136
##      CPUs : 1
##  Mem/Node : 1024 MB
## Directory : /gpfs/data/nfawzi/skale/Fawzi_pycharm_project
##   Started : Sun Apr  5 22:55:41 EDT 2020
###############################################################################
program started at:2020-04-05 22:55:41.343551
iterations: 72000000 temp: 1000000.0 exponent: 0.9 eif: 300.0
time taken (sec): 52521.066264629364
number of iterations: 72000000
final temperature: 159.26791088519815
og index list: [374, 76, 382, 287, 244, 171, 372, 210, 222, 141, 237, 448, 393, 157, 216, 80, 98, 21, 309, 140, 74, 351, 55, 420, 196, 104, 267, 348, 142, 252, 185, 366, 403, 192, 178, 118, 416, 345, 419, 7, 182, 14, 151, 264, 93, 67, 317, 198, 221, 218, 226, 281, 306, 87, 468, 462, 346, 43, 214, 54, 184, 138, 61, 316, 239, 169, 112, 451, 139, 454, 242, 225, 392, 46, 174, 27, 354, 324, 466, 164, 387, 333, 258, 23, 438, 408, 437, 50, 373, 295, 146, 38, 399, 305, 119, 442, 349, 68, 319, 358, 207, 224, 339, 292, 103, 1, 149, 40, 436, 312, 168, 72, 170, 256, 269, 368, 4, 260, 321, 134, 102, 200, 70, 83, 272, 106, 431, 307, 41, 329, 298, 388, 407, 158, 132, 342, 240, 412, 232, 251, 24, 177, 12, 289, 308, 127, 400, 406, 113, 99, 18, 116, 357, 325, 162, 160, 16, 429, 33, 95, 64, 284, 271, 82, 183, 117, 163, 44, 337, 422, 459, 96, 148, 277, 42, 133, 159, 379, 49, 285, 62, 15, 259, 330, 52, 59, 395, 180, 57, 145, 110, 91, 107, 5, 446, 249, 286, 89, 25, 401, 176, 34, 31, 344, 318, 56, 213, 390, 268, 404, 126, 370, 92, 236, 376, 22, 85, 369, 191, 377, 461, 189, 355, 421, 90, 0, 167, 304, 418, 245, 441, 97, 109, 396, 253, 353, 447, 332, 11, 471, 255, 204, 297, 414, 350, 282, 212, 389, 71, 428, 130, 279, 425, 450, 228, 439, 265, 365, 35, 202, 53, 383, 73, 432, 32, 28, 122, 367, 384, 155, 147, 248, 323, 301, 9, 336, 275, 278, 359, 449, 47, 111, 391, 294, 48, 417, 108, 410, 331, 340, 227, 20, 201, 219, 58, 427, 77, 375, 75, 205, 101, 310, 362, 105, 347, 8, 175, 424, 6, 60, 385, 409, 63, 173, 78, 144, 472, 150, 36, 193, 457, 398, 266, 469, 397, 433, 257, 246, 352, 17, 187, 380, 137, 234, 235, 371, 94, 199, 280, 233, 262, 291, 463, 315, 313, 434, 188, 273, 326, 435, 84, 2, 129, 263, 300, 241, 19, 311, 79, 123, 470, 209, 327, 69, 356, 386, 223, 453, 172, 229, 378, 458, 203, 283, 430, 250, 413, 125, 66, 10, 156, 136, 381, 394, 343, 208, 415, 320, 65, 361, 13, 360, 456, 303, 322, 120, 440, 26, 426, 121, 334, 30, 88, 465, 186, 153, 29, 288, 179, 423, 152, 135, 341, 444, 254, 290, 3, 335, 115, 314, 363, 131, 86, 452, 411, 231, 270, 460, 128, 81, 243, 473, 195, 51, 190, 154, 161, 217, 261, 143, 455, 296, 302, 39, 37, 114, 197, 274, 467, 238, 206, 328, 405, 299, 211, 247, 230, 100, 124, 166, 293, 276, 194, 165, 445, 443, 215, 338, 364, 220, 464, 181, 45, 402]
og index list energy: 226028681.8918871
index list: [156, 148, 399, 331, 295, 247, 147, 137, 435, 125, 61, 465, 330, 133, 305, 291, 394, 172, 333, 190, 422, 33, 401, 203, 389, 177, 288, 355, 44, 237, 428, 50, 150, 85, 381, 64, 185, 402, 238, 215, 261, 350, 285, 257, 456, 47, 308, 7, 207, 196, 343, 221, 57, 141, 104, 359, 143, 82, 63, 329, 325, 313, 384, 4, 210, 259, 466, 311, 3, 375, 186, 450, 112, 17, 303, 35, 357, 179, 182, 293, 120, 198, 235, 95, 363, 74, 412, 56, 234, 421, 117, 340, 312, 444, 113, 111, 26, 108, 169, 371, 213, 287, 400, 21, 140, 315, 23, 284, 142, 393, 129, 181, 366, 226, 446, 175, 369, 290, 426, 273, 372, 231, 220, 87, 361, 229, 416, 68, 276, 244, 34, 243, 334, 194, 461, 272, 440, 286, 70, 115, 434, 145, 55, 341, 316, 58, 385, 310, 436, 321, 370, 164, 114, 49, 354, 42, 398, 296, 161, 297, 222, 109, 459, 184, 255, 437, 28, 386, 188, 191, 193, 132, 298, 302, 171, 2, 348, 16, 352, 267, 454, 280, 463, 253, 271, 413, 66, 236, 84, 445, 60, 457, 14, 256, 202, 246, 127, 388, 30, 176, 262, 383, 178, 469, 119, 180, 88, 438, 324, 216, 289, 135, 395, 83, 379, 208, 404, 192, 380, 9, 138, 358, 306, 342, 195, 197, 462, 32, 460, 189, 40, 430, 251, 425, 173, 43, 37, 449, 327, 72, 245, 107, 155, 22, 351, 166, 170, 470, 163, 396, 314, 160, 323, 75, 362, 67, 54, 419, 211, 219, 349, 274, 201, 336, 5, 204, 93, 279, 455, 79, 89, 162, 390, 51, 281, 214, 187, 365, 139, 433, 165, 415, 0, 230, 1, 153, 144, 126, 80, 100, 420, 242, 218, 46, 136, 410, 6, 318, 62, 377, 263, 407, 13, 258, 282, 472, 27, 451, 131, 128, 81, 423, 59, 332, 405, 260, 458, 270, 376, 217, 427, 309, 92, 149, 408, 25, 356, 19, 368, 18, 429, 73, 397, 154, 167, 94, 134, 345, 335, 337, 300, 174, 249, 183, 12, 168, 353, 8, 41, 387, 38, 364, 103, 391, 294, 283, 65, 432, 307, 130, 158, 439, 101, 29, 228, 468, 90, 240, 344, 110, 78, 346, 24, 317, 269, 157, 277, 452, 233, 414, 224, 320, 106, 278, 77, 86, 48, 152, 374, 71, 411, 105, 232, 248, 373, 76, 347, 98, 319, 52, 97, 124, 69, 45, 473, 11, 239, 15, 442, 254, 328, 99, 448, 304, 252, 326, 378, 205, 31, 367, 292, 322, 39, 118, 151, 447, 146, 299, 339, 116, 382, 266, 471, 227, 467, 301, 102, 409, 20, 441, 264, 431, 53, 417, 212, 122, 96, 265, 121, 360, 223, 424, 268, 453, 275, 338, 199, 200, 209, 206, 464, 91, 392, 241, 159, 225, 403, 123, 406, 250, 10, 443, 36, 418]
index list energy: 27288899.120307483
Done


program ended at: 2020-04-06 13:31:02.756813 
 time delta: 14:35:21.413262
