## SLURM PROLOG ###############################################################
##    Job ID : 11946060
##  Job Name : new_and_improved?
##  Nodelist : node1620
##      CPUs : 1
##  Mem/Node : 1024 MB
## Directory : /gpfs/data/nfawzi/skale/Fawzi_pycharm_project
##   Started : Sun Apr  5 22:55:53 EDT 2020
###############################################################################
program started at:2020-04-05 22:55:53.192675
iterations: 72000000 temp: 1000000.0 exponent: 0.9 eif: 300.0
time taken (sec): 62669.25240659714
number of iterations: 72000000
final temperature: 159.26791088519815
og index list: [125, 423, 274, 60, 210, 68, 6, 35, 281, 454, 25, 345, 121, 153, 319, 470, 296, 190, 112, 276, 329, 155, 30, 75, 197, 206, 109, 134, 365, 266, 122, 316, 224, 331, 195, 130, 357, 22, 412, 261, 127, 47, 218, 350, 110, 119, 434, 293, 214, 32, 295, 328, 249, 425, 17, 36, 459, 136, 154, 255, 15, 245, 183, 335, 366, 439, 227, 411, 291, 342, 185, 251, 172, 194, 430, 318, 143, 128, 468, 399, 2, 300, 141, 376, 49, 384, 118, 369, 79, 322, 9, 80, 138, 181, 43, 385, 219, 198, 280, 13, 42, 225, 50, 157, 74, 189, 41, 286, 401, 20, 200, 56, 339, 279, 93, 85, 215, 71, 420, 216, 354, 298, 421, 466, 371, 287, 222, 402, 416, 29, 21, 289, 336, 0, 174, 378, 438, 105, 469, 326, 217, 129, 424, 156, 394, 372, 4, 334, 81, 182, 243, 44, 19, 193, 159, 252, 343, 204, 327, 321, 418, 191, 120, 196, 320, 211, 472, 27, 302, 361, 137, 113, 306, 370, 231, 269, 150, 397, 208, 73, 202, 333, 173, 426, 111, 89, 77, 429, 368, 165, 360, 192, 277, 442, 45, 139, 11, 40, 37, 400, 175, 271, 238, 239, 379, 177, 273, 259, 124, 441, 63, 230, 108, 178, 464, 86, 312, 72, 285, 447, 260, 359, 443, 14, 92, 450, 212, 362, 449, 107, 87, 461, 437, 315, 324, 78, 31, 413, 317, 241, 228, 246, 135, 67, 452, 229, 257, 307, 270, 388, 28, 290, 301, 59, 353, 456, 7, 97, 242, 462, 275, 264, 344, 184, 158, 373, 146, 294, 102, 387, 435, 140, 54, 84, 338, 448, 226, 152, 116, 392, 148, 382, 237, 465, 381, 88, 292, 233, 393, 415, 100, 414, 10, 386, 346, 403, 106, 427, 272, 431, 305, 207, 162, 164, 103, 26, 395, 171, 203, 405, 364, 188, 349, 265, 61, 428, 471, 363, 311, 348, 48, 163, 297, 55, 383, 283, 117, 8, 444, 244, 308, 380, 90, 473, 213, 131, 436, 12, 406, 114, 352, 417, 236, 304, 455, 404, 445, 410, 170, 250, 76, 38, 64, 268, 377, 5, 409, 96, 223, 24, 303, 367, 220, 375, 115, 201, 254, 398, 341, 407, 313, 23, 309, 16, 82, 65, 262, 133, 91, 186, 98, 282, 422, 70, 46, 432, 340, 310, 147, 232, 358, 99, 95, 58, 347, 408, 458, 263, 123, 34, 132, 332, 419, 248, 62, 161, 144, 57, 83, 325, 299, 446, 166, 323, 3, 209, 33, 52, 94, 187, 180, 179, 66, 337, 205, 453, 247, 355, 151, 440, 39, 1, 53, 145, 168, 104, 314, 160, 240, 463, 199, 351, 126, 235, 256, 467, 169, 176, 278, 433, 101, 167, 51, 330, 457, 389, 221, 391, 390, 460, 234, 374, 288, 258, 356, 396, 142, 253, 451, 149, 18, 69, 267, 284]
og index list energy: 237453825.49761593
index list: [297, 56, 414, 241, 320, 48, 124, 125, 341, 144, 112, 169, 245, 237, 342, 153, 461, 223, 384, 98, 386, 296, 91, 399, 121, 397, 180, 422, 161, 393, 285, 270, 415, 113, 401, 213, 361, 64, 175, 356, 147, 173, 456, 273, 372, 88, 446, 328, 238, 191, 197, 190, 171, 4, 409, 100, 463, 294, 201, 2, 445, 16, 431, 70, 259, 434, 335, 371, 325, 442, 240, 3, 252, 89, 177, 373, 127, 79, 364, 27, 150, 441, 321, 255, 32, 394, 196, 313, 195, 348, 5, 395, 19, 410, 254, 218, 322, 139, 298, 217, 334, 120, 142, 262, 402, 235, 292, 119, 319, 398, 224, 23, 278, 309, 149, 86, 185, 159, 231, 266, 437, 128, 246, 227, 436, 65, 187, 7, 464, 49, 433, 101, 282, 151, 232, 279, 411, 268, 423, 55, 347, 229, 145, 170, 447, 208, 405, 136, 183, 36, 426, 200, 97, 22, 408, 165, 37, 345, 184, 31, 315, 109, 272, 412, 302, 84, 323, 26, 455, 300, 157, 276, 20, 421, 131, 44, 353, 230, 454, 267, 407, 138, 357, 12, 28, 419, 318, 212, 140, 104, 34, 179, 362, 45, 228, 244, 360, 15, 122, 243, 400, 93, 389, 61, 47, 465, 220, 253, 205, 51, 406, 21, 404, 68, 60, 317, 107, 76, 375, 110, 74, 449, 225, 451, 172, 304, 41, 381, 271, 359, 203, 71, 46, 382, 219, 367, 24, 459, 269, 242, 358, 69, 83, 417, 211, 346, 250, 9, 444, 210, 199, 132, 293, 338, 87, 82, 148, 344, 337, 198, 365, 209, 274, 283, 181, 366, 62, 390, 192, 118, 286, 310, 207, 80, 193, 141, 233, 435, 10, 388, 8, 133, 472, 186, 469, 248, 75, 162, 194, 189, 258, 314, 92, 72, 355, 42, 222, 324, 25, 155, 59, 287, 126, 137, 18, 239, 96, 329, 117, 458, 260, 108, 134, 204, 168, 221, 470, 103, 453, 115, 378, 123, 428, 263, 6, 352, 111, 114, 379, 289, 443, 143, 473, 160, 452, 57, 284, 129, 376, 63, 363, 67, 167, 50, 430, 166, 467, 130, 448, 85, 340, 11, 214, 188, 303, 116, 264, 368, 78, 369, 106, 30, 216, 174, 281, 336, 308, 280, 471, 206, 418, 301, 247, 249, 427, 158, 295, 333, 354, 135, 77, 432, 17, 392, 33, 343, 40, 391, 152, 374, 290, 413, 316, 370, 312, 54, 468, 331, 330, 307, 299, 332, 457, 178, 403, 326, 350, 35, 420, 257, 327, 215, 256, 156, 73, 462, 66, 265, 13, 305, 226, 52, 29, 429, 176, 351, 202, 439, 251, 39, 425, 105, 377, 43, 380, 163, 234, 383, 291, 99, 349, 14, 236, 0, 90, 1, 81, 385, 58, 450, 182, 102, 261, 466, 275, 288, 94, 416, 154, 396, 306, 339, 146, 424, 95, 460, 38, 440, 311, 277, 438, 164, 387, 53]
index list energy: 29179494.170003038
Done


program ended at: 2020-04-06 16:20:22.808573 
 time delta: 17:24:29.615898
