## SLURM PROLOG ###############################################################
##    Job ID : 12005868
##  Job Name : new_and_improved?
##  Nodelist : node1304
##      CPUs : 1
##  Mem/Node : 1024 MB
## Directory : /gpfs/data/nfawzi/skale/Fawzi_pycharm_project
##   Started : Mon Apr  6 12:56:36 EDT 2020
###############################################################################
program started at:2020-04-06 12:56:41.124460
iterations: 72000000 temp: 1000000.0 exponent: 0.9 eif: 300.0
time taken (sec): 45232.7054066658
number of iterations: 72000000
final temperature: 159.26791088519815
og index list: [423, 311, 204, 220, 421, 439, 15, 200, 77, 343, 14, 255, 121, 271, 373, 41, 46, 303, 216, 352, 171, 339, 105, 0, 63, 62, 130, 397, 239, 390, 432, 164, 433, 386, 125, 224, 256, 440, 463, 35, 363, 368, 147, 120, 170, 104, 150, 340, 53, 332, 323, 225, 141, 400, 391, 276, 153, 179, 424, 381, 176, 325, 21, 124, 452, 455, 282, 196, 138, 169, 111, 326, 411, 302, 428, 143, 286, 414, 291, 109, 409, 71, 151, 197, 402, 57, 249, 39, 2, 300, 395, 272, 312, 460, 322, 173, 367, 106, 321, 83, 267, 307, 96, 248, 22, 139, 290, 341, 337, 273, 101, 370, 69, 314, 28, 448, 305, 348, 357, 394, 258, 208, 471, 152, 36, 66, 380, 192, 42, 29, 100, 149, 385, 315, 85, 129, 279, 31, 237, 219, 406, 404, 198, 145, 430, 209, 194, 90, 434, 292, 387, 148, 356, 188, 195, 185, 453, 354, 161, 351, 401, 251, 419, 133, 33, 274, 437, 47, 451, 465, 324, 412, 426, 313, 136, 296, 362, 10, 470, 298, 99, 167, 87, 417, 277, 95, 142, 242, 3, 128, 257, 72, 178, 281, 159, 32, 260, 468, 379, 45, 212, 183, 174, 23, 246, 376, 270, 466, 181, 244, 336, 154, 346, 420, 450, 48, 461, 349, 127, 335, 157, 275, 254, 446, 266, 58, 384, 40, 431, 68, 56, 399, 226, 30, 247, 467, 44, 447, 163, 193, 360, 88, 70, 407, 201, 418, 472, 116, 415, 331, 287, 177, 34, 405, 429, 231, 359, 265, 295, 318, 253, 1, 227, 102, 115, 283, 319, 8, 435, 134, 113, 442, 51, 240, 365, 457, 344, 199, 458, 229, 191, 190, 393, 59, 462, 263, 93, 9, 24, 371, 126, 16, 60, 98, 214, 345, 165, 328, 75, 26, 180, 329, 112, 278, 427, 243, 284, 49, 436, 186, 388, 61, 12, 67, 119, 375, 182, 17, 459, 37, 304, 334, 233, 4, 123, 306, 250, 469, 54, 223, 110, 374, 73, 269, 50, 236, 310, 221, 187, 207, 392, 398, 355, 158, 20, 81, 342, 285, 206, 131, 317, 416, 91, 122, 238, 262, 445, 135, 144, 184, 92, 132, 146, 210, 377, 301, 232, 156, 172, 383, 218, 454, 449, 297, 80, 308, 294, 408, 217, 97, 215, 338, 396, 11, 202, 205, 140, 441, 293, 94, 155, 65, 309, 245, 413, 473, 422, 7, 438, 79, 166, 84, 74, 13, 353, 107, 389, 234, 5, 361, 382, 203, 330, 162, 55, 350, 235, 38, 103, 280, 347, 213, 456, 443, 168, 43, 289, 137, 299, 118, 372, 261, 222, 464, 288, 264, 228, 189, 117, 6, 444, 78, 18, 378, 241, 410, 160, 327, 358, 89, 333, 403, 27, 211, 64, 82, 25, 425, 366, 114, 76, 252, 320, 175, 230, 268, 19, 364, 86, 316, 108, 52, 369, 259]
og index list energy: 230188806.29845876
index list: [430, 74, 391, 198, 386, 90, 37, 183, 159, 262, 465, 333, 425, 242, 384, 81, 398, 9, 385, 325, 26, 344, 110, 75, 319, 449, 331, 345, 109, 378, 226, 124, 244, 298, 145, 155, 311, 157, 227, 34, 125, 24, 228, 412, 211, 122, 308, 72, 360, 209, 195, 210, 199, 200, 401, 169, 441, 273, 355, 295, 2, 236, 336, 443, 216, 289, 134, 256, 136, 101, 448, 36, 445, 254, 31, 35, 320, 196, 464, 285, 326, 252, 271, 149, 365, 53, 287, 313, 224, 444, 225, 246, 248, 369, 121, 396, 77, 276, 38, 410, 84, 427, 281, 442, 127, 304, 467, 187, 377, 335, 12, 437, 182, 274, 245, 220, 33, 204, 95, 354, 177, 359, 25, 106, 447, 129, 282, 118, 98, 334, 70, 279, 61, 466, 88, 408, 44, 148, 237, 347, 93, 432, 141, 67, 433, 58, 459, 165, 457, 314, 321, 341, 234, 43, 400, 57, 82, 143, 452, 328, 47, 303, 91, 330, 27, 111, 403, 208, 229, 323, 218, 79, 470, 261, 380, 192, 364, 230, 395, 268, 463, 119, 371, 152, 409, 253, 30, 22, 128, 135, 473, 76, 107, 338, 178, 191, 5, 404, 188, 243, 429, 213, 440, 117, 462, 153, 140, 162, 59, 1, 468, 324, 64, 87, 317, 247, 113, 219, 394, 307, 275, 458, 100, 418, 339, 163, 375, 290, 387, 173, 357, 221, 407, 179, 350, 300, 453, 175, 451, 80, 235, 263, 284, 50, 231, 89, 416, 142, 455, 42, 361, 16, 222, 23, 469, 255, 291, 46, 352, 212, 450, 7, 318, 139, 456, 0, 201, 206, 207, 203, 51, 258, 269, 302, 265, 267, 299, 193, 66, 250, 294, 376, 270, 240, 413, 14, 214, 166, 108, 60, 405, 160, 21, 305, 257, 431, 168, 428, 85, 388, 11, 69, 137, 349, 147, 176, 288, 446, 102, 358, 99, 266, 424, 251, 215, 174, 241, 154, 133, 114, 353, 194, 381, 10, 435, 190, 372, 6, 420, 54, 123, 363, 52, 315, 68, 471, 205, 202, 367, 28, 379, 96, 259, 373, 277, 402, 161, 17, 434, 217, 239, 180, 170, 120, 45, 399, 29, 362, 272, 411, 260, 327, 40, 322, 337, 296, 383, 280, 297, 158, 382, 115, 436, 309, 356, 146, 393, 306, 104, 423, 292, 55, 417, 172, 189, 8, 421, 171, 184, 197, 342, 39, 389, 164, 454, 138, 374, 105, 439, 130, 406, 332, 415, 62, 19, 181, 232, 316, 366, 15, 293, 460, 48, 343, 83, 370, 49, 167, 156, 278, 78, 329, 185, 414, 20, 32, 368, 4, 397, 3, 422, 131, 301, 286, 71, 340, 103, 461, 233, 249, 472, 65, 18, 426, 116, 151, 283, 238, 41, 392, 310, 438, 186, 390, 132, 419, 223, 92, 63, 97, 348, 126, 312, 144, 112, 94, 264, 86, 13, 351, 73, 150, 346, 56]
index list energy: 26870472.372089926
Done


program ended at: 2020-04-07 01:30:34.202723 
 time delta: 12:33:53.078263
