## SLURM PROLOG ###############################################################
##    Job ID : 11946037
##  Job Name : new_and_improved?
##  Nodelist : node1617
##      CPUs : 1
##  Mem/Node : 1024 MB
## Directory : /gpfs/data/nfawzi/skale/Fawzi_pycharm_project
##   Started : Sun Apr  5 22:55:53 EDT 2020
###############################################################################
program started at:2020-04-05 22:55:53.393108
iterations: 72000000 temp: 1000000.0 exponent: 0.9 eif: 300.0
time taken (sec): 64906.37668180466
number of iterations: 72000000
final temperature: 159.26791088519815
og index list: [440, 40, 240, 108, 412, 335, 305, 148, 144, 286, 375, 32, 374, 354, 447, 28, 84, 323, 156, 207, 53, 448, 103, 208, 454, 222, 26, 146, 346, 394, 273, 58, 47, 60, 460, 231, 20, 303, 183, 349, 456, 244, 113, 95, 233, 300, 343, 178, 83, 285, 308, 219, 85, 423, 143, 442, 227, 157, 409, 317, 436, 196, 359, 319, 185, 30, 471, 93, 78, 421, 348, 114, 104, 425, 234, 90, 170, 15, 461, 314, 270, 467, 2, 220, 188, 77, 226, 278, 287, 405, 174, 361, 283, 221, 432, 302, 393, 316, 457, 204, 443, 347, 321, 18, 224, 254, 232, 297, 89, 326, 466, 190, 238, 379, 458, 438, 426, 439, 119, 451, 296, 468, 96, 430, 216, 43, 418, 377, 453, 16, 339, 4, 165, 472, 187, 255, 55, 340, 376, 118, 373, 150, 218, 411, 410, 154, 29, 473, 391, 363, 112, 327, 241, 322, 419, 260, 355, 139, 23, 152, 383, 310, 22, 441, 131, 470, 117, 333, 166, 386, 130, 126, 434, 331, 98, 388, 290, 69, 401, 275, 350, 404, 13, 33, 132, 211, 387, 70, 271, 54, 1, 162, 312, 172, 67, 0, 149, 253, 76, 42, 225, 147, 378, 294, 429, 79, 72, 262, 299, 311, 356, 400, 465, 9, 86, 325, 164, 186, 127, 258, 276, 6, 422, 92, 243, 338, 101, 177, 464, 217, 136, 133, 88, 57, 138, 284, 398, 469, 459, 277, 415, 282, 414, 416, 417, 280, 264, 345, 307, 3, 205, 281, 24, 433, 201, 437, 344, 19, 87, 385, 242, 21, 298, 180, 115, 249, 395, 213, 364, 230, 381, 301, 450, 34, 263, 141, 366, 452, 427, 10, 199, 392, 50, 155, 99, 367, 91, 334, 291, 168, 357, 116, 318, 257, 397, 267, 365, 236, 352, 158, 235, 214, 332, 210, 435, 455, 49, 215, 153, 142, 45, 228, 396, 274, 209, 292, 74, 41, 353, 129, 252, 46, 17, 389, 37, 424, 7, 203, 272, 123, 135, 382, 288, 97, 56, 160, 212, 66, 413, 369, 75, 71, 380, 336, 384, 121, 328, 266, 247, 237, 223, 128, 110, 52, 402, 81, 269, 403, 102, 106, 169, 245, 293, 371, 189, 36, 182, 25, 445, 140, 200, 120, 80, 289, 198, 38, 163, 39, 12, 109, 64, 175, 279, 111, 73, 399, 251, 360, 181, 431, 62, 173, 449, 8, 239, 444, 250, 370, 320, 27, 313, 358, 256, 304, 330, 428, 48, 59, 197, 194, 82, 14, 268, 5, 362, 406, 407, 35, 11, 463, 206, 192, 122, 137, 100, 63, 159, 229, 295, 68, 167, 342, 368, 125, 171, 176, 390, 44, 248, 337, 151, 265, 134, 184, 202, 94, 246, 161, 261, 179, 195, 51, 306, 315, 372, 65, 61, 351, 145, 446, 462, 420, 124, 408, 31, 193, 191, 324, 107, 105, 329, 309, 341, 259]
og index list energy: 254238291.5145035
index list: [102, 275, 191, 353, 55, 298, 95, 179, 447, 226, 413, 301, 342, 248, 343, 18, 398, 145, 272, 373, 333, 228, 159, 187, 297, 24, 64, 52, 406, 73, 256, 121, 409, 13, 306, 378, 335, 458, 316, 411, 72, 44, 468, 88, 450, 61, 367, 47, 348, 125, 473, 185, 284, 149, 366, 270, 452, 68, 114, 143, 379, 208, 134, 454, 106, 258, 286, 257, 374, 113, 470, 8, 128, 303, 325, 76, 37, 361, 295, 211, 201, 253, 271, 30, 86, 56, 455, 74, 80, 178, 428, 238, 459, 130, 382, 70, 104, 204, 96, 349, 296, 362, 218, 38, 466, 262, 112, 168, 246, 247, 66, 214, 181, 252, 21, 11, 445, 249, 234, 453, 29, 457, 103, 318, 292, 354, 142, 372, 67, 371, 241, 439, 133, 170, 341, 90, 429, 16, 110, 237, 122, 98, 408, 224, 451, 132, 419, 294, 434, 164, 422, 332, 351, 321, 221, 427, 299, 127, 124, 166, 162, 410, 123, 463, 48, 281, 400, 213, 441, 161, 108, 26, 101, 337, 129, 87, 375, 186, 436, 243, 376, 54, 364, 105, 390, 7, 136, 148, 3, 319, 312, 2, 407, 20, 255, 339, 27, 323, 93, 217, 346, 309, 401, 49, 144, 386, 324, 233, 57, 440, 31, 202, 356, 196, 425, 227, 282, 175, 389, 222, 291, 403, 331, 363, 254, 219, 402, 174, 46, 160, 358, 273, 340, 267, 12, 157, 10, 420, 69, 150, 317, 53, 177, 444, 151, 99, 265, 220, 300, 334, 190, 236, 203, 5, 193, 0, 171, 138, 391, 89, 359, 15, 167, 352, 131, 182, 244, 421, 320, 109, 59, 471, 39, 437, 274, 433, 153, 239, 51, 155, 154, 305, 235, 172, 245, 107, 194, 75, 60, 232, 79, 293, 183, 78, 269, 63, 388, 22, 278, 261, 212, 397, 158, 368, 277, 311, 91, 360, 326, 34, 85, 462, 42, 438, 119, 288, 216, 25, 414, 260, 383, 264, 45, 387, 17, 116, 283, 225, 456, 289, 426, 65, 464, 242, 365, 111, 147, 259, 287, 23, 369, 84, 141, 449, 139, 82, 328, 184, 41, 405, 32, 169, 424, 189, 209, 250, 266, 355, 192, 435, 173, 6, 404, 146, 415, 152, 385, 313, 327, 285, 251, 263, 443, 198, 442, 205, 432, 9, 207, 377, 200, 195, 4, 461, 231, 156, 347, 50, 381, 94, 83, 308, 163, 469, 81, 1, 126, 135, 465, 137, 384, 290, 140, 279, 345, 322, 28, 446, 33, 176, 314, 215, 418, 310, 118, 40, 399, 36, 380, 336, 92, 302, 423, 304, 460, 223, 71, 97, 472, 100, 395, 229, 396, 268, 430, 77, 338, 120, 43, 392, 19, 416, 230, 350, 180, 276, 344, 117, 357, 115, 329, 307, 240, 370, 280, 467, 165, 315, 62, 431, 330, 35, 417, 14, 394, 188, 412, 199, 448, 197, 206, 210, 393, 58]
index list energy: 28916410.626872268
Done


program ended at: 2020-04-06 16:57:40.134053 
 time delta: 18:01:46.740945
