## SLURM PROLOG ###############################################################
##    Job ID : 12005703
##  Job Name : new_and_improved?
##  Nodelist : node1127
##      CPUs : 1
##  Mem/Node : 1024 MB
## Directory : /gpfs/data/nfawzi/skale/Fawzi_pycharm_project
##   Started : Mon Apr  6 12:50:25 EDT 2020
###############################################################################
program started at:2020-04-06 12:50:25.465077
iterations: 72000000 temp: 1000000.0 exponent: 0.9 eif: 300.0
time taken (sec): 41136.85560464859
number of iterations: 72000000
final temperature: 159.26791088519815
og index list: [119, 321, 430, 261, 436, 192, 136, 425, 262, 300, 105, 195, 188, 71, 434, 418, 116, 269, 161, 330, 358, 90, 204, 163, 258, 307, 438, 122, 54, 175, 140, 228, 268, 349, 456, 100, 458, 396, 197, 220, 451, 319, 35, 469, 367, 255, 398, 143, 322, 317, 337, 11, 137, 257, 309, 53, 32, 260, 311, 393, 99, 60, 368, 245, 240, 0, 287, 124, 251, 350, 150, 410, 439, 470, 401, 441, 182, 437, 405, 211, 26, 288, 36, 229, 404, 12, 75, 275, 21, 64, 126, 72, 222, 46, 37, 371, 224, 30, 97, 432, 444, 216, 135, 184, 301, 333, 293, 248, 68, 115, 397, 338, 155, 459, 302, 7, 310, 138, 239, 101, 209, 238, 254, 373, 28, 178, 233, 106, 31, 378, 295, 154, 59, 440, 4, 118, 427, 417, 25, 215, 1, 442, 306, 41, 345, 131, 206, 369, 65, 267, 249, 252, 464, 402, 205, 285, 128, 200, 223, 324, 381, 327, 202, 422, 237, 58, 354, 341, 377, 159, 83, 388, 385, 177, 472, 129, 23, 19, 420, 104, 86, 271, 15, 172, 76, 44, 356, 380, 460, 230, 343, 73, 365, 166, 127, 357, 411, 87, 383, 78, 221, 274, 91, 164, 412, 149, 446, 236, 84, 382, 462, 34, 193, 180, 235, 366, 117, 329, 70, 395, 187, 49, 51, 201, 323, 74, 79, 426, 8, 370, 112, 375, 374, 217, 183, 308, 113, 407, 93, 191, 376, 423, 48, 170, 167, 332, 95, 174, 92, 453, 67, 43, 234, 162, 408, 47, 473, 148, 133, 20, 305, 38, 364, 409, 264, 103, 292, 242, 185, 190, 55, 253, 392, 45, 312, 443, 431, 334, 465, 213, 241, 5, 50, 114, 362, 94, 372, 386, 57, 40, 13, 158, 33, 452, 142, 331, 243, 384, 244, 289, 448, 6, 416, 62, 256, 81, 85, 88, 447, 353, 290, 278, 42, 389, 66, 89, 16, 355, 326, 315, 435, 351, 433, 421, 77, 157, 69, 316, 463, 207, 152, 212, 109, 336, 276, 196, 171, 318, 344, 403, 56, 299, 455, 419, 110, 466, 198, 165, 232, 108, 428, 282, 18, 399, 179, 199, 107, 246, 449, 284, 22, 296, 247, 273, 363, 120, 400, 98, 125, 227, 414, 272, 121, 153, 111, 151, 335, 277, 173, 413, 445, 391, 314, 340, 219, 450, 186, 226, 123, 387, 359, 29, 2, 270, 283, 291, 80, 390, 147, 265, 297, 468, 339, 225, 415, 457, 279, 194, 231, 266, 17, 467, 39, 169, 63, 250, 52, 347, 144, 471, 156, 461, 352, 286, 304, 361, 342, 394, 280, 203, 61, 328, 139, 3, 429, 325, 379, 181, 303, 454, 313, 176, 298, 146, 281, 189, 132, 27, 102, 82, 424, 24, 145, 208, 214, 406, 360, 9, 130, 168, 210, 348, 160, 263, 14, 10, 96, 134, 218, 259, 320, 346, 294, 141]
og index list energy: 254686038.2212234
index list: [325, 153, 326, 461, 55, 285, 41, 140, 446, 206, 200, 336, 344, 210, 401, 268, 458, 333, 139, 439, 111, 170, 126, 116, 256, 238, 25, 118, 151, 397, 101, 239, 311, 64, 269, 299, 147, 44, 86, 328, 77, 234, 124, 213, 456, 216, 57, 305, 226, 50, 422, 3, 201, 245, 194, 103, 391, 179, 444, 266, 329, 275, 445, 130, 109, 452, 96, 385, 127, 231, 240, 60, 348, 211, 442, 220, 7, 399, 188, 341, 76, 317, 75, 287, 235, 138, 467, 27, 468, 229, 232, 165, 380, 264, 338, 15, 367, 12, 423, 71, 97, 298, 185, 167, 68, 334, 271, 414, 69, 396, 10, 346, 296, 441, 35, 246, 176, 249, 21, 155, 108, 145, 244, 354, 52, 95, 425, 161, 17, 406, 42, 384, 19, 345, 294, 462, 320, 243, 362, 195, 407, 196, 283, 9, 419, 186, 370, 330, 316, 288, 112, 70, 276, 447, 332, 417, 301, 472, 292, 347, 321, 374, 221, 308, 219, 386, 274, 222, 312, 454, 198, 215, 432, 181, 361, 248, 393, 87, 438, 54, 410, 132, 375, 121, 278, 141, 300, 291, 430, 13, 381, 113, 29, 420, 253, 125, 324, 102, 416, 11, 427, 177, 465, 247, 46, 32, 169, 409, 30, 457, 22, 388, 187, 191, 172, 192, 63, 162, 144, 389, 16, 405, 223, 455, 327, 310, 263, 363, 251, 28, 183, 164, 337, 209, 286, 289, 40, 353, 94, 84, 1, 233, 0, 159, 149, 259, 340, 335, 373, 270, 357, 74, 351, 152, 366, 217, 81, 464, 58, 82, 148, 242, 150, 137, 258, 79, 89, 134, 365, 107, 265, 73, 255, 218, 208, 66, 175, 466, 133, 460, 93, 156, 402, 227, 428, 45, 171, 2, 403, 199, 378, 20, 383, 178, 228, 193, 322, 120, 267, 387, 26, 6, 122, 355, 309, 8, 157, 412, 14, 204, 78, 471, 51, 356, 146, 371, 168, 154, 319, 214, 394, 202, 205, 31, 252, 174, 224, 433, 281, 313, 352, 131, 128, 114, 434, 85, 323, 339, 36, 207, 368, 261, 451, 33, 421, 272, 453, 250, 314, 302, 413, 282, 106, 303, 203, 293, 184, 212, 100, 448, 65, 404, 62, 395, 67, 443, 90, 236, 117, 463, 110, 304, 160, 34, 98, 429, 318, 295, 173, 398, 273, 372, 104, 92, 136, 277, 436, 142, 437, 262, 449, 290, 379, 163, 435, 43, 473, 115, 80, 123, 411, 48, 350, 241, 364, 119, 23, 284, 24, 237, 359, 91, 279, 343, 158, 418, 47, 450, 143, 376, 61, 469, 88, 459, 135, 390, 38, 331, 369, 180, 426, 99, 424, 280, 470, 225, 342, 306, 382, 59, 431, 83, 230, 349, 72, 315, 166, 392, 257, 105, 358, 254, 56, 415, 53, 400, 49, 297, 182, 129, 377, 189, 37, 360, 190, 197, 4, 5, 440, 39, 408, 307, 260, 18]
index list energy: 29284895.93996927
Done


program ended at: 2020-04-07 00:16:02.643496 
 time delta: 11:25:37.178419
