## SLURM PROLOG ###############################################################
##    Job ID : 11946013
##  Job Name : new_and_improved?
##  Nodelist : node1613
##      CPUs : 1
##  Mem/Node : 1024 MB
## Directory : /gpfs/data/nfawzi/skale/Fawzi_pycharm_project
##   Started : Sun Apr  5 22:55:50 EDT 2020
###############################################################################
program started at:2020-04-05 22:55:52.068094
iterations: 72000000 temp: 1000000.0 exponent: 0.9 eif: 300.0
time taken (sec): 73194.88901042938
number of iterations: 72000000
final temperature: 159.26791088519815
og index list: [468, 78, 431, 154, 376, 108, 227, 243, 248, 37, 41, 321, 81, 320, 422, 211, 77, 103, 387, 281, 405, 109, 275, 97, 130, 404, 189, 459, 149, 381, 15, 67, 195, 58, 378, 93, 442, 466, 353, 92, 469, 449, 400, 460, 87, 450, 334, 380, 83, 127, 384, 373, 307, 455, 50, 168, 43, 0, 144, 68, 438, 246, 118, 311, 217, 29, 245, 35, 27, 7, 162, 177, 116, 124, 223, 114, 349, 198, 298, 146, 357, 265, 286, 75, 451, 12, 354, 257, 200, 17, 305, 299, 279, 38, 31, 360, 441, 394, 110, 137, 215, 220, 403, 352, 409, 96, 194, 345, 406, 179, 9, 385, 216, 164, 22, 303, 306, 382, 370, 186, 463, 326, 53, 207, 84, 271, 290, 421, 173, 332, 153, 462, 250, 252, 251, 398, 49, 214, 448, 145, 64, 197, 355, 199, 393, 247, 193, 155, 277, 264, 152, 5, 262, 229, 366, 402, 235, 91, 117, 161, 111, 120, 26, 338, 273, 48, 69, 328, 301, 213, 8, 319, 361, 63, 368, 383, 415, 129, 310, 140, 112, 289, 191, 284, 358, 52, 270, 39, 413, 40, 342, 45, 150, 375, 367, 432, 209, 208, 205, 351, 445, 170, 285, 55, 424, 456, 287, 309, 82, 244, 288, 447, 390, 330, 258, 452, 59, 222, 335, 25, 266, 388, 416, 102, 255, 297, 439, 467, 66, 392, 470, 70, 272, 11, 386, 105, 234, 302, 322, 362, 98, 323, 131, 278, 86, 206, 46, 453, 6, 464, 94, 414, 410, 167, 341, 72, 417, 401, 407, 369, 425, 269, 212, 61, 16, 1, 408, 317, 190, 461, 343, 187, 56, 363, 57, 423, 365, 47, 430, 276, 444, 226, 221, 359, 148, 33, 420, 249, 435, 133, 350, 115, 28, 395, 224, 85, 163, 465, 315, 121, 443, 283, 60, 180, 89, 256, 294, 119, 300, 274, 104, 374, 14, 236, 344, 411, 379, 471, 472, 182, 230, 107, 138, 346, 139, 356, 79, 340, 259, 99, 253, 157, 440, 280, 176, 329, 100, 34, 419, 160, 19, 254, 80, 233, 324, 202, 239, 159, 231, 171, 88, 261, 166, 308, 65, 20, 18, 188, 71, 333, 325, 136, 267, 142, 10, 312, 316, 169, 242, 203, 147, 412, 372, 184, 183, 113, 446, 4, 397, 32, 225, 174, 44, 23, 331, 172, 101, 73, 21, 106, 42, 123, 348, 204, 126, 218, 327, 337, 437, 457, 210, 178, 219, 418, 396, 135, 427, 240, 292, 132, 62, 296, 436, 90, 156, 141, 426, 399, 95, 228, 165, 364, 336, 128, 434, 339, 175, 428, 2, 318, 122, 313, 268, 237, 291, 371, 30, 196, 74, 391, 389, 232, 473, 314, 13, 24, 51, 429, 3, 36, 458, 125, 158, 143, 134, 454, 304, 293, 181, 238, 76, 54, 282, 241, 151, 192, 260, 201, 433, 185, 347, 377, 295, 263]
og index list energy: 244107309.89213252
index list: [203, 313, 360, 209, 113, 459, 136, 149, 299, 68, 428, 217, 228, 41, 367, 230, 387, 101, 160, 352, 112, 7, 413, 200, 207, 331, 161, 297, 127, 386, 173, 394, 128, 362, 70, 433, 187, 470, 147, 141, 256, 253, 273, 354, 316, 181, 407, 116, 401, 61, 421, 301, 99, 285, 38, 454, 120, 72, 414, 67, 375, 275, 466, 157, 234, 76, 457, 216, 63, 74, 227, 191, 5, 59, 388, 18, 148, 385, 219, 378, 292, 81, 242, 87, 392, 328, 85, 57, 118, 42, 473, 266, 450, 71, 432, 143, 245, 49, 460, 174, 11, 315, 169, 448, 249, 140, 365, 192, 64, 261, 303, 212, 374, 260, 359, 335, 326, 334, 263, 30, 78, 287, 23, 122, 338, 17, 390, 146, 381, 279, 349, 320, 179, 455, 229, 105, 342, 240, 340, 163, 55, 368, 182, 152, 449, 53, 424, 296, 115, 124, 88, 415, 164, 82, 276, 397, 102, 317, 314, 370, 224, 80, 272, 458, 75, 6, 348, 307, 65, 318, 176, 34, 274, 60, 284, 26, 452, 186, 425, 291, 409, 280, 456, 255, 73, 422, 233, 185, 372, 156, 442, 325, 400, 270, 44, 108, 165, 27, 232, 14, 366, 237, 369, 177, 364, 10, 441, 79, 184, 211, 323, 175, 214, 396, 25, 427, 206, 210, 170, 319, 268, 341, 294, 380, 247, 121, 278, 154, 92, 271, 373, 9, 403, 194, 429, 138, 0, 353, 33, 391, 96, 222, 310, 439, 139, 350, 218, 248, 258, 106, 446, 132, 86, 333, 24, 117, 395, 95, 417, 225, 419, 188, 171, 46, 308, 13, 418, 15, 393, 62, 324, 134, 347, 39, 269, 84, 239, 125, 356, 58, 1, 406, 208, 54, 162, 126, 321, 286, 289, 282, 66, 300, 293, 416, 189, 426, 195, 398, 2, 389, 190, 4, 201, 100, 339, 8, 443, 336, 344, 119, 19, 351, 35, 399, 168, 438, 221, 445, 98, 469, 264, 463, 103, 434, 40, 204, 12, 90, 361, 56, 384, 48, 150, 151, 465, 47, 467, 226, 329, 290, 281, 183, 94, 412, 51, 436, 254, 235, 129, 155, 259, 180, 337, 265, 213, 32, 461, 202, 107, 472, 69, 411, 144, 145, 408, 83, 410, 153, 383, 197, 345, 36, 462, 250, 251, 231, 45, 246, 22, 330, 93, 346, 77, 379, 135, 371, 159, 241, 464, 306, 430, 223, 451, 277, 377, 16, 420, 133, 435, 322, 238, 158, 252, 28, 298, 21, 288, 172, 20, 3, 327, 193, 29, 220, 111, 468, 130, 440, 50, 305, 109, 137, 283, 166, 215, 376, 142, 382, 104, 447, 304, 178, 423, 243, 444, 196, 343, 31, 236, 198, 471, 91, 302, 437, 123, 97, 52, 405, 131, 295, 262, 358, 267, 402, 89, 357, 244, 355, 309, 205, 37, 431, 257, 199, 167, 114, 404, 110, 312, 453, 311, 332, 363, 43]
index list energy: 30332084.17483237
Done


program ended at: 2020-04-06 19:15:47.307278 
 time delta: 20:19:55.239184
