## SLURM PROLOG ###############################################################
##    Job ID : 11946009
##  Job Name : new_and_improved?
##  Nodelist : node1136
##      CPUs : 1
##  Mem/Node : 1024 MB
## Directory : /gpfs/data/nfawzi/skale/Fawzi_pycharm_project
##   Started : Sun Apr  5 22:55:49 EDT 2020
###############################################################################
program started at:2020-04-05 22:55:49.646031
iterations: 72000000 temp: 1000000.0 exponent: 0.9 eif: 300.0
time taken (sec): 50065.478207588196
number of iterations: 72000000
final temperature: 159.26791088519815
og index list: [392, 1, 264, 191, 245, 377, 420, 108, 73, 192, 151, 67, 279, 13, 400, 143, 226, 126, 102, 448, 407, 65, 113, 350, 129, 290, 330, 52, 388, 104, 348, 267, 8, 271, 145, 136, 64, 449, 84, 146, 325, 405, 42, 450, 417, 109, 223, 466, 454, 224, 101, 236, 214, 355, 44, 254, 298, 415, 140, 346, 351, 291, 155, 38, 306, 74, 156, 421, 111, 117, 141, 127, 441, 374, 92, 260, 203, 397, 124, 340, 404, 294, 197, 99, 322, 393, 329, 91, 382, 326, 426, 80, 96, 437, 452, 265, 240, 77, 243, 237, 170, 456, 157, 344, 296, 396, 25, 372, 14, 81, 174, 442, 50, 32, 175, 34, 318, 251, 249, 277, 424, 444, 128, 114, 247, 186, 262, 193, 121, 432, 47, 266, 133, 57, 54, 403, 122, 422, 352, 366, 373, 292, 468, 232, 472, 286, 333, 345, 378, 383, 297, 45, 222, 28, 302, 337, 24, 202, 275, 16, 239, 6, 168, 362, 119, 10, 280, 163, 464, 410, 200, 207, 51, 182, 301, 181, 272, 60, 273, 66, 166, 313, 440, 287, 210, 289, 365, 258, 162, 95, 451, 371, 188, 49, 231, 406, 461, 48, 164, 269, 257, 142, 229, 199, 4, 221, 158, 334, 134, 443, 216, 171, 336, 303, 7, 379, 347, 212, 323, 425, 94, 61, 0, 27, 250, 381, 314, 349, 215, 321, 416, 79, 190, 354, 86, 402, 411, 356, 376, 93, 342, 100, 196, 87, 9, 103, 445, 33, 469, 172, 153, 433, 137, 160, 370, 395, 130, 178, 169, 131, 83, 359, 386, 110, 147, 357, 135, 39, 471, 328, 184, 319, 76, 176, 75, 293, 244, 419, 88, 361, 123, 85, 56, 384, 259, 430, 55, 284, 198, 312, 90, 324, 228, 299, 20, 105, 332, 367, 12, 288, 204, 320, 179, 369, 2, 139, 248, 53, 338, 447, 159, 63, 220, 125, 398, 82, 194, 253, 219, 19, 154, 434, 22, 132, 457, 453, 213, 308, 46, 435, 201, 427, 335, 97, 283, 304, 341, 389, 71, 29, 465, 310, 428, 446, 429, 462, 209, 208, 37, 149, 408, 418, 217, 185, 414, 391, 385, 18, 5, 358, 274, 62, 368, 285, 343, 401, 98, 120, 23, 305, 394, 230, 195, 106, 353, 211, 459, 173, 460, 30, 252, 112, 467, 375, 70, 233, 317, 256, 161, 470, 40, 11, 238, 276, 399, 69, 180, 59, 241, 413, 364, 218, 431, 26, 327, 387, 41, 17, 390, 235, 115, 463, 316, 68, 270, 255, 307, 455, 360, 423, 234, 177, 363, 15, 187, 281, 246, 138, 31, 242, 183, 315, 380, 205, 43, 225, 144, 167, 412, 436, 409, 3, 268, 227, 35, 263, 118, 116, 58, 89, 300, 339, 150, 152, 206, 78, 282, 21, 165, 438, 148, 278, 36, 331, 311, 458, 107, 473, 295, 189, 309, 72, 261, 439]
og index list energy: 250641275.90868017
index list: [321, 153, 379, 115, 164, 362, 42, 363, 279, 78, 129, 357, 231, 163, 182, 132, 463, 274, 84, 295, 8, 444, 227, 423, 168, 177, 389, 116, 460, 137, 288, 302, 451, 127, 169, 458, 33, 442, 261, 364, 40, 352, 172, 117, 140, 466, 171, 5, 411, 242, 443, 238, 29, 413, 13, 446, 80, 46, 452, 103, 439, 186, 184, 262, 191, 197, 422, 36, 228, 286, 0, 427, 50, 174, 216, 217, 334, 62, 133, 361, 322, 277, 396, 76, 257, 1, 64, 230, 345, 270, 473, 331, 327, 99, 384, 264, 425, 190, 189, 459, 9, 346, 339, 31, 360, 336, 207, 436, 95, 319, 125, 26, 166, 391, 77, 111, 10, 370, 328, 35, 306, 342, 271, 455, 304, 428, 221, 283, 41, 393, 17, 419, 248, 118, 75, 170, 471, 208, 385, 105, 432, 310, 366, 312, 382, 268, 388, 131, 292, 273, 415, 102, 340, 294, 272, 305, 296, 135, 440, 61, 123, 124, 47, 392, 314, 214, 383, 45, 416, 136, 252, 194, 461, 160, 395, 93, 467, 54, 464, 43, 348, 275, 341, 332, 285, 63, 86, 280, 355, 88, 297, 180, 343, 25, 155, 210, 258, 441, 300, 134, 354, 107, 358, 7, 418, 4, 203, 32, 410, 16, 437, 289, 85, 183, 219, 303, 15, 49, 397, 60, 236, 126, 143, 162, 317, 229, 359, 44, 429, 320, 151, 298, 152, 338, 87, 18, 315, 233, 324, 68, 401, 59, 287, 121, 405, 237, 387, 260, 431, 104, 375, 58, 141, 367, 179, 403, 243, 82, 266, 83, 350, 30, 150, 434, 318, 51, 181, 114, 356, 69, 323, 247, 38, 89, 278, 79, 204, 192, 293, 406, 255, 73, 256, 138, 472, 139, 462, 154, 420, 130, 421, 175, 112, 249, 2, 404, 14, 399, 267, 106, 187, 337, 156, 215, 371, 109, 265, 269, 128, 281, 433, 23, 284, 149, 335, 12, 470, 20, 453, 198, 37, 386, 209, 66, 225, 407, 245, 67, 402, 94, 372, 158, 377, 21, 308, 213, 450, 71, 301, 368, 263, 447, 185, 329, 253, 19, 445, 145, 276, 347, 157, 52, 92, 299, 72, 351, 218, 235, 101, 3, 201, 176, 380, 55, 408, 96, 394, 313, 246, 226, 122, 224, 311, 220, 244, 48, 28, 232, 11, 91, 212, 146, 259, 239, 120, 161, 39, 435, 173, 448, 200, 378, 199, 449, 211, 53, 424, 113, 454, 22, 97, 119, 414, 222, 193, 195, 468, 188, 438, 178, 234, 398, 251, 457, 202, 465, 196, 250, 90, 417, 147, 254, 159, 142, 469, 309, 223, 412, 326, 353, 98, 426, 6, 240, 34, 206, 205, 369, 74, 376, 70, 282, 144, 430, 307, 316, 24, 374, 100, 330, 290, 400, 291, 167, 148, 108, 27, 57, 409, 333, 456, 65, 344, 241, 381, 110, 165, 373, 325, 349, 365, 56, 390, 81]
index list energy: 26962279.596004
Done


program ended at: 2020-04-06 12:50:15.509065 
 time delta: 13:54:25.863034
