## SLURM PROLOG ###############################################################
##    Job ID : 12001750
##  Job Name : new_and_improved?
##  Nodelist : node1126
##      CPUs : 1
##  Mem/Node : 1024 MB
## Directory : /gpfs/data/nfawzi/skale/Fawzi_pycharm_project
##   Started : Mon Apr  6 11:15:15 EDT 2020
###############################################################################
program started at:2020-04-06 11:15:20.004289
iterations: 72000000 temp: 1000000.0 exponent: 0.9 eif: 300.0
time taken (sec): 48963.938694000244
number of iterations: 72000000
final temperature: 159.26791088519815
og index list: [421, 430, 418, 379, 340, 449, 26, 319, 248, 389, 63, 7, 328, 314, 229, 75, 302, 47, 226, 244, 215, 266, 44, 396, 254, 65, 360, 137, 324, 46, 180, 179, 142, 423, 201, 419, 240, 30, 463, 329, 196, 336, 104, 110, 232, 237, 435, 456, 431, 82, 300, 241, 81, 394, 159, 115, 318, 403, 79, 68, 52, 27, 424, 223, 415, 312, 72, 472, 181, 131, 269, 97, 467, 175, 426, 95, 395, 169, 160, 156, 124, 422, 334, 208, 231, 20, 84, 433, 252, 459, 143, 212, 203, 385, 313, 186, 322, 387, 445, 258, 414, 441, 144, 407, 73, 290, 458, 5, 377, 253, 50, 59, 108, 233, 11, 402, 273, 363, 286, 125, 191, 170, 413, 36, 164, 194, 317, 4, 272, 154, 106, 234, 345, 339, 100, 466, 109, 101, 91, 359, 62, 473, 195, 247, 66, 270, 457, 211, 129, 369, 468, 439, 436, 120, 107, 54, 189, 287, 38, 268, 245, 409, 21, 281, 262, 332, 33, 148, 412, 90, 94, 13, 282, 434, 344, 373, 80, 96, 209, 153, 323, 444, 222, 289, 295, 145, 311, 56, 437, 8, 348, 371, 264, 69, 130, 298, 238, 230, 23, 2, 275, 133, 401, 316, 343, 285, 93, 218, 171, 172, 297, 224, 184, 382, 265, 60, 185, 274, 15, 333, 283, 166, 251, 293, 380, 199, 470, 214, 28, 376, 71, 176, 276, 267, 330, 246, 353, 384, 342, 365, 9, 187, 149, 146, 19, 206, 192, 399, 397, 87, 346, 98, 147, 462, 349, 134, 67, 256, 362, 128, 361, 271, 105, 173, 123, 77, 119, 51, 452, 6, 127, 393, 263, 406, 227, 305, 327, 25, 370, 411, 121, 103, 465, 375, 351, 83, 453, 29, 219, 174, 356, 427, 117, 18, 464, 217, 383, 111, 378, 86, 280, 443, 386, 17, 139, 10, 260, 49, 460, 161, 41, 200, 255, 320, 22, 243, 76, 116, 228, 45, 61, 400, 404, 469, 432, 135, 388, 34, 118, 381, 347, 296, 451, 37, 291, 450, 448, 88, 446, 64, 152, 374, 165, 177, 207, 239, 12, 178, 405, 310, 190, 39, 162, 40, 167, 249, 358, 42, 221, 442, 354, 410, 182, 140, 303, 321, 89, 335, 309, 391, 168, 141, 471, 112, 341, 301, 220, 315, 366, 392, 32, 138, 136, 428, 461, 35, 294, 279, 1, 204, 447, 416, 326, 151, 114, 304, 284, 398, 454, 78, 278, 242, 307, 338, 102, 368, 250, 372, 55, 299, 352, 337, 425, 455, 205, 0, 43, 183, 331, 197, 364, 438, 367, 308, 157, 122, 277, 355, 257, 113, 31, 259, 350, 85, 390, 325, 53, 158, 210, 126, 24, 188, 92, 288, 306, 429, 58, 16, 163, 225, 48, 198, 193, 236, 14, 132, 440, 57, 155, 357, 420, 417, 408, 74, 99, 70, 216, 3, 202, 292, 261, 150, 213, 235]
og index list energy: 247127678.22596702
index list: [179, 236, 244, 378, 19, 473, 22, 405, 64, 41, 429, 173, 373, 147, 222, 230, 397, 65, 393, 66, 181, 234, 367, 5, 188, 462, 273, 454, 330, 154, 175, 122, 276, 396, 212, 123, 288, 406, 36, 204, 200, 198, 460, 161, 215, 456, 45, 156, 170, 410, 229, 106, 137, 272, 411, 203, 250, 253, 247, 166, 358, 58, 466, 57, 340, 310, 79, 331, 293, 246, 87, 342, 33, 218, 209, 192, 376, 46, 182, 107, 341, 28, 334, 146, 110, 243, 289, 43, 377, 70, 114, 445, 279, 388, 296, 374, 121, 44, 282, 359, 73, 171, 306, 207, 201, 210, 381, 325, 315, 335, 407, 309, 159, 152, 362, 89, 126, 144, 265, 60, 162, 423, 269, 324, 48, 61, 38, 323, 85, 398, 160, 356, 13, 345, 80, 7, 408, 186, 444, 105, 420, 117, 449, 102, 426, 268, 329, 270, 305, 109, 360, 50, 413, 231, 143, 355, 52, 380, 178, 458, 90, 180, 328, 93, 347, 27, 399, 21, 361, 216, 59, 446, 139, 138, 392, 53, 366, 275, 471, 54, 452, 16, 394, 301, 442, 130, 422, 81, 319, 169, 386, 116, 432, 115, 99, 157, 228, 455, 320, 131, 457, 24, 400, 299, 225, 461, 164, 354, 151, 459, 91, 258, 259, 451, 2, 261, 412, 238, 321, 372, 74, 465, 290, 338, 262, 163, 404, 248, 167, 439, 67, 150, 124, 103, 127, 148, 233, 402, 76, 30, 463, 176, 297, 12, 351, 190, 196, 415, 165, 97, 414, 18, 448, 219, 348, 213, 313, 387, 133, 364, 4, 333, 191, 20, 418, 14, 469, 120, 221, 421, 35, 303, 249, 300, 193, 129, 78, 23, 298, 206, 336, 437, 322, 132, 278, 0, 108, 208, 235, 302, 34, 72, 327, 292, 419, 263, 353, 49, 337, 401, 168, 346, 111, 140, 184, 172, 135, 239, 257, 436, 8, 440, 10, 368, 69, 430, 241, 86, 339, 316, 417, 55, 357, 142, 15, 149, 252, 39, 435, 153, 434, 304, 317, 3, 395, 71, 47, 470, 237, 391, 94, 384, 125, 281, 427, 158, 379, 187, 403, 68, 349, 318, 100, 77, 223, 88, 128, 385, 227, 390, 185, 92, 11, 307, 217, 136, 363, 56, 104, 438, 177, 447, 29, 232, 17, 284, 242, 468, 271, 389, 95, 113, 424, 119, 26, 441, 31, 283, 189, 202, 467, 294, 431, 277, 371, 280, 344, 326, 285, 211, 9, 343, 251, 464, 197, 195, 32, 409, 174, 311, 6, 214, 472, 25, 134, 274, 118, 83, 82, 183, 96, 51, 416, 84, 308, 332, 350, 260, 428, 98, 365, 226, 255, 291, 433, 145, 63, 450, 267, 155, 264, 224, 1, 245, 205, 443, 40, 453, 199, 370, 194, 369, 286, 220, 240, 352, 266, 287, 75, 383, 101, 295, 112, 254, 382, 314, 256, 62, 425, 312, 141, 375, 42, 37]
index list energy: 25447107.867172517
Done


program ended at: 2020-04-07 00:51:24.319565 
 time delta: 13:36:04.315276
