## SLURM PROLOG ###############################################################
##    Job ID : 11992138
##  Job Name : new_and_improved?
##  Nodelist : node1122
##      CPUs : 1
##  Mem/Node : 1024 MB
## Directory : /gpfs/data/nfawzi/skale/Fawzi_pycharm_project
##   Started : Mon Apr  6 09:21:10 EDT 2020
###############################################################################
program started at:2020-04-06 09:21:15.657330
iterations: 72000000 temp: 1000000.0 exponent: 0.9 eif: 300.0
time taken (sec): 40242.65033841133
number of iterations: 72000000
final temperature: 159.26791088519815
og index list: [21, 408, 24, 468, 279, 78, 167, 464, 349, 266, 97, 177, 161, 116, 0, 42, 409, 143, 354, 397, 32, 124, 11, 172, 189, 390, 147, 101, 341, 247, 402, 106, 170, 38, 315, 300, 194, 449, 302, 115, 259, 237, 28, 371, 453, 113, 68, 269, 63, 217, 196, 131, 385, 110, 469, 285, 330, 126, 270, 227, 179, 327, 420, 329, 197, 40, 204, 320, 264, 248, 444, 102, 381, 201, 75, 26, 417, 350, 448, 456, 275, 455, 236, 303, 389, 365, 267, 446, 61, 316, 13, 340, 348, 289, 169, 33, 254, 3, 460, 70, 183, 436, 157, 146, 46, 434, 405, 297, 216, 221, 431, 268, 104, 429, 148, 114, 92, 242, 72, 27, 338, 457, 406, 368, 77, 155, 326, 422, 145, 467, 257, 296, 250, 123, 411, 450, 281, 67, 407, 178, 284, 458, 318, 182, 8, 154, 251, 427, 186, 462, 213, 377, 260, 418, 117, 107, 305, 234, 312, 7, 265, 85, 232, 66, 382, 220, 173, 359, 29, 118, 443, 109, 103, 261, 459, 203, 95, 121, 358, 374, 137, 166, 56, 299, 322, 246, 282, 244, 410, 364, 9, 383, 440, 395, 111, 335, 168, 18, 43, 192, 16, 162, 308, 373, 138, 88, 290, 30, 445, 386, 86, 105, 80, 423, 301, 441, 84, 74, 73, 35, 134, 99, 54, 208, 19, 428, 263, 412, 139, 442, 100, 34, 416, 243, 240, 419, 112, 262, 360, 399, 470, 294, 190, 393, 41, 164, 376, 314, 369, 252, 185, 323, 136, 344, 94, 210, 122, 337, 272, 239, 404, 454, 65, 241, 133, 331, 274, 325, 258, 276, 324, 413, 175, 81, 228, 435, 256, 249, 379, 152, 48, 432, 400, 127, 174, 23, 463, 447, 231, 277, 1, 44, 200, 306, 156, 199, 69, 53, 361, 130, 211, 278, 451, 198, 311, 283, 163, 120, 295, 378, 158, 215, 293, 424, 149, 209, 345, 89, 79, 351, 5, 425, 307, 433, 20, 87, 184, 128, 384, 396, 76, 292, 119, 51, 392, 160, 60, 165, 132, 333, 49, 108, 135, 25, 430, 93, 472, 288, 10, 223, 55, 253, 298, 140, 187, 96, 205, 181, 71, 313, 212, 366, 388, 4, 357, 245, 6, 58, 129, 363, 238, 52, 355, 347, 153, 59, 14, 191, 291, 437, 394, 150, 352, 37, 82, 214, 22, 64, 334, 233, 415, 287, 142, 317, 230, 403, 91, 206, 273, 2, 452, 346, 141, 473, 50, 15, 362, 176, 224, 226, 222, 343, 280, 193, 391, 367, 375, 31, 12, 387, 229, 225, 328, 321, 90, 319, 461, 380, 83, 202, 339, 304, 144, 310, 286, 159, 219, 370, 98, 195, 421, 235, 398, 336, 471, 255, 426, 17, 218, 353, 45, 372, 47, 332, 125, 439, 180, 62, 466, 171, 401, 342, 356, 151, 438, 57, 309, 39, 271, 465, 414, 207, 36, 188]
og index list energy: 262599334.29954693
index list: [328, 16, 92, 57, 379, 83, 129, 319, 161, 282, 292, 441, 41, 151, 408, 74, 371, 70, 271, 420, 46, 409, 193, 188, 194, 149, 247, 48, 440, 68, 250, 322, 13, 31, 183, 205, 202, 215, 285, 224, 265, 141, 429, 61, 442, 104, 406, 85, 270, 451, 272, 394, 267, 359, 3, 352, 195, 196, 189, 190, 311, 313, 412, 336, 342, 128, 120, 281, 374, 242, 291, 102, 427, 107, 364, 39, 454, 327, 301, 222, 20, 423, 51, 154, 365, 94, 458, 138, 386, 100, 338, 225, 332, 369, 96, 384, 254, 157, 279, 361, 135, 67, 368, 147, 125, 238, 463, 76, 387, 318, 10, 460, 325, 448, 176, 439, 299, 296, 389, 116, 456, 90, 395, 69, 447, 212, 413, 11, 339, 177, 232, 198, 235, 229, 426, 136, 415, 240, 449, 179, 124, 304, 432, 50, 453, 54, 455, 117, 143, 435, 95, 207, 164, 465, 152, 410, 333, 277, 452, 23, 214, 286, 185, 443, 78, 234, 363, 132, 26, 425, 218, 310, 284, 302, 405, 197, 469, 213, 419, 275, 391, 186, 329, 17, 133, 383, 47, 230, 388, 178, 457, 237, 350, 55, 127, 148, 82, 380, 103, 416, 245, 93, 309, 366, 62, 398, 29, 348, 15, 150, 259, 201, 8, 256, 60, 468, 126, 110, 144, 159, 208, 341, 266, 464, 243, 223, 344, 9, 354, 209, 200, 346, 206, 45, 305, 153, 1, 375, 0, 59, 417, 12, 473, 98, 295, 49, 459, 63, 377, 142, 347, 268, 446, 7, 77, 283, 81, 293, 367, 300, 32, 258, 184, 137, 288, 199, 397, 211, 407, 307, 27, 108, 257, 358, 320, 233, 71, 308, 40, 287, 370, 131, 392, 289, 162, 246, 75, 101, 2, 470, 35, 323, 326, 334, 30, 156, 166, 337, 89, 204, 66, 22, 467, 72, 97, 438, 44, 433, 112, 88, 430, 52, 158, 461, 36, 434, 14, 385, 335, 170, 264, 466, 241, 37, 382, 114, 317, 316, 393, 280, 390, 109, 353, 253, 91, 167, 33, 303, 139, 24, 252, 181, 140, 134, 362, 227, 86, 79, 297, 187, 373, 191, 4, 171, 5, 80, 84, 343, 53, 381, 173, 276, 231, 175, 155, 278, 130, 324, 42, 418, 221, 403, 163, 145, 400, 119, 315, 260, 414, 251, 355, 261, 34, 249, 122, 445, 111, 263, 450, 172, 330, 290, 306, 424, 219, 56, 28, 372, 174, 203, 312, 428, 248, 105, 436, 226, 402, 220, 262, 399, 168, 411, 274, 396, 146, 422, 113, 216, 180, 360, 64, 255, 314, 472, 294, 401, 6, 345, 210, 444, 19, 182, 99, 236, 38, 123, 217, 239, 18, 462, 115, 378, 58, 118, 65, 437, 165, 421, 321, 404, 273, 376, 73, 357, 43, 340, 121, 471, 21, 228, 192, 431, 269, 160, 244, 356, 87, 298, 106, 351, 331, 169, 349, 25]
index list energy: 28366600.853308726
Done


program ended at: 2020-04-06 20:31:58.674928 
 time delta: 11:10:43.017598
