## SLURM PROLOG ###############################################################
##    Job ID : 11945916
##  Job Name : new_and_improved?
##  Nodelist : node1626
##      CPUs : 1
##  Mem/Node : 1024 MB
## Directory : /gpfs/data/nfawzi/skale/Fawzi_pycharm_project
##   Started : Sun Apr  5 22:55:11 EDT 2020
###############################################################################
program started at:2020-04-05 22:55:16.201588
iterations: 72000000 temp: 1000000.0 exponent: 0.9 eif: 300.0
time taken (sec): 31076.071908712387
number of iterations: 72000000
final temperature: 159.26791088519815
og index list: [334, 458, 258, 5, 271, 201, 293, 465, 61, 80, 378, 147, 139, 97, 134, 406, 55, 259, 112, 430, 341, 426, 309, 442, 196, 394, 105, 39, 322, 56, 473, 23, 26, 192, 125, 27, 288, 265, 92, 226, 126, 183, 210, 437, 362, 369, 1, 409, 133, 423, 95, 118, 120, 0, 363, 351, 323, 291, 129, 213, 182, 432, 176, 98, 340, 73, 324, 195, 211, 469, 345, 461, 338, 368, 2, 81, 16, 283, 296, 4, 365, 206, 356, 212, 343, 179, 404, 441, 266, 218, 140, 234, 397, 352, 77, 400, 253, 91, 193, 113, 251, 22, 420, 294, 452, 244, 115, 307, 232, 186, 436, 297, 264, 7, 262, 141, 28, 168, 348, 344, 228, 279, 317, 239, 76, 43, 451, 144, 33, 336, 260, 287, 313, 233, 439, 52, 273, 128, 54, 29, 48, 90, 464, 269, 353, 385, 414, 88, 72, 399, 221, 373, 331, 330, 222, 272, 472, 131, 263, 454, 136, 24, 318, 339, 314, 390, 117, 180, 34, 302, 11, 15, 66, 175, 235, 270, 377, 9, 63, 204, 419, 62, 20, 290, 214, 188, 355, 38, 247, 242, 245, 132, 37, 200, 83, 68, 10, 177, 391, 109, 276, 421, 298, 357, 161, 424, 471, 209, 347, 248, 315, 167, 106, 278, 138, 286, 94, 360, 203, 93, 171, 342, 250, 407, 413, 107, 41, 249, 277, 173, 300, 237, 21, 230, 274, 197, 303, 371, 114, 241, 31, 87, 12, 370, 217, 448, 425, 159, 224, 100, 111, 428, 261, 350, 284, 30, 101, 403, 312, 282, 42, 157, 321, 121, 305, 275, 444, 8, 299, 14, 372, 325, 187, 170, 326, 104, 185, 463, 135, 69, 79, 443, 6, 335, 364, 383, 110, 163, 410, 58, 349, 3, 103, 310, 208, 96, 225, 70, 435, 240, 13, 416, 86, 459, 257, 191, 124, 329, 449, 229, 45, 412, 427, 202, 308, 166, 466, 402, 152, 99, 181, 174, 431, 190, 50, 366, 361, 67, 422, 178, 285, 194, 415, 119, 53, 346, 108, 142, 172, 388, 243, 450, 17, 160, 36, 384, 146, 51, 219, 268, 367, 158, 374, 198, 150, 165, 18, 333, 417, 316, 227, 252, 468, 446, 396, 130, 238, 153, 47, 304, 332, 85, 254, 215, 337, 434, 457, 59, 149, 311, 455, 216, 281, 102, 354, 456, 78, 84, 155, 46, 145, 64, 231, 447, 127, 122, 445, 148, 440, 74, 319, 123, 382, 389, 164, 189, 89, 60, 328, 19, 359, 376, 205, 380, 320, 32, 220, 156, 25, 184, 162, 246, 467, 306, 462, 154, 381, 358, 151, 65, 327, 393, 49, 438, 433, 199, 137, 375, 236, 392, 408, 116, 387, 57, 255, 429, 295, 256, 143, 398, 418, 411, 395, 379, 40, 44, 82, 301, 405, 292, 223, 71, 75, 386, 280, 453, 470, 460, 207, 169, 35, 401, 267, 289]
og index list energy: 217201147.45601118
index list: [322, 268, 245, 12, 464, 70, 161, 337, 110, 326, 211, 252, 295, 257, 458, 153, 371, 100, 415, 195, 429, 9, 34, 304, 352, 160, 137, 425, 77, 365, 106, 305, 278, 94, 82, 233, 171, 23, 470, 142, 308, 213, 417, 93, 64, 145, 392, 107, 347, 251, 444, 205, 282, 99, 407, 263, 400, 28, 320, 36, 377, 148, 287, 51, 349, 111, 32, 261, 386, 254, 291, 97, 191, 258, 177, 1, 419, 58, 435, 57, 150, 4, 342, 2, 361, 109, 112, 18, 141, 431, 173, 440, 44, 428, 146, 25, 167, 424, 301, 461, 133, 234, 381, 157, 13, 471, 193, 188, 37, 345, 69, 442, 332, 389, 226, 144, 370, 83, 162, 127, 385, 27, 366, 7, 367, 170, 335, 364, 105, 411, 151, 358, 117, 378, 270, 454, 260, 54, 405, 165, 459, 96, 380, 206, 341, 235, 200, 207, 426, 199, 232, 325, 409, 279, 222, 224, 420, 47, 92, 50, 317, 139, 73, 394, 154, 457, 75, 323, 24, 298, 95, 192, 318, 212, 87, 63, 375, 275, 469, 16, 404, 53, 472, 264, 362, 290, 402, 186, 443, 189, 197, 196, 194, 155, 284, 113, 438, 255, 218, 168, 376, 128, 441, 0, 80, 138, 397, 46, 184, 216, 85, 108, 72, 450, 59, 250, 180, 215, 395, 328, 43, 422, 65, 357, 88, 104, 463, 67, 387, 178, 388, 55, 102, 460, 181, 399, 26, 11, 315, 89, 247, 79, 118, 210, 76, 427, 241, 140, 272, 445, 40, 236, 10, 60, 374, 281, 56, 246, 262, 30, 449, 253, 172, 126, 293, 303, 198, 286, 176, 336, 447, 227, 297, 302, 382, 84, 410, 289, 324, 49, 350, 21, 393, 243, 456, 134, 343, 15, 239, 132, 158, 329, 130, 285, 131, 269, 244, 86, 19, 360, 149, 412, 327, 296, 276, 372, 45, 123, 201, 136, 8, 354, 259, 465, 271, 439, 31, 5, 314, 3, 390, 179, 406, 190, 359, 152, 467, 143, 182, 267, 455, 156, 61, 217, 353, 306, 114, 78, 473, 68, 147, 174, 185, 448, 274, 299, 33, 338, 333, 101, 122, 228, 348, 14, 29, 351, 35, 183, 292, 346, 115, 451, 38, 242, 446, 339, 203, 20, 434, 249, 430, 159, 309, 379, 121, 300, 39, 256, 6, 401, 219, 175, 452, 125, 166, 124, 231, 103, 413, 48, 384, 42, 398, 225, 436, 208, 319, 169, 433, 238, 466, 41, 432, 119, 414, 116, 437, 17, 391, 321, 265, 248, 311, 129, 135, 330, 277, 91, 373, 202, 344, 66, 204, 187, 214, 307, 62, 356, 209, 22, 355, 90, 120, 240, 71, 288, 421, 312, 230, 418, 266, 369, 280, 334, 221, 283, 316, 423, 273, 383, 331, 408, 81, 462, 313, 340, 164, 468, 229, 294, 396, 52, 453, 220, 237, 416, 223, 368, 310, 403, 98, 163, 363, 74]
index list energy: 27257685.615096886
Done


program ended at: 2020-04-06 07:33:12.622619 
 time delta: 8:37:56.421031
