## SLURM PROLOG ###############################################################
##    Job ID : 11988050
##  Job Name : new_and_improved?
##  Nodelist : node1103
##      CPUs : 1
##  Mem/Node : 1024 MB
## Directory : /gpfs/data/nfawzi/skale/Fawzi_pycharm_project
##   Started : Mon Apr  6 08:30:05 EDT 2020
###############################################################################
program started at:2020-04-06 08:30:06.906135
iterations: 72000000 temp: 1000000.0 exponent: 0.9 eif: 300.0
time taken (sec): 44647.35560584068
number of iterations: 72000000
final temperature: 159.26791088519815
og index list: [387, 111, 281, 108, 320, 106, 9, 205, 272, 203, 468, 20, 193, 459, 454, 19, 368, 183, 30, 425, 391, 439, 249, 230, 213, 100, 130, 406, 190, 34, 102, 437, 313, 32, 155, 396, 252, 364, 343, 113, 29, 341, 291, 62, 161, 394, 411, 0, 126, 296, 58, 12, 122, 436, 255, 162, 137, 338, 328, 163, 433, 393, 275, 388, 332, 176, 116, 119, 83, 327, 223, 207, 247, 329, 381, 169, 225, 318, 423, 470, 56, 342, 88, 204, 236, 115, 292, 82, 274, 354, 6, 242, 150, 392, 460, 426, 245, 17, 438, 3, 198, 52, 293, 189, 201, 446, 276, 22, 466, 219, 431, 143, 51, 53, 257, 345, 173, 442, 152, 323, 334, 117, 171, 217, 132, 260, 200, 89, 447, 167, 151, 28, 147, 134, 68, 221, 42, 199, 87, 384, 465, 235, 23, 91, 400, 86, 424, 371, 357, 79, 464, 239, 85, 233, 35, 294, 448, 105, 398, 450, 312, 238, 269, 78, 390, 402, 145, 300, 231, 382, 186, 385, 379, 451, 38, 311, 114, 374, 118, 314, 412, 224, 317, 331, 348, 417, 112, 234, 280, 339, 196, 165, 54, 248, 202, 80, 472, 399, 404, 10, 369, 222, 39, 160, 397, 188, 57, 13, 180, 156, 63, 215, 422, 401, 262, 457, 212, 340, 172, 131, 376, 94, 47, 421, 325, 195, 304, 206, 33, 267, 237, 277, 443, 14, 253, 129, 414, 7, 92, 136, 288, 197, 409, 418, 299, 270, 211, 337, 41, 229, 16, 378, 31, 97, 46, 218, 471, 26, 419, 168, 375, 45, 141, 95, 71, 220, 410, 435, 178, 135, 123, 174, 127, 322, 287, 467, 246, 415, 25, 462, 93, 69, 166, 128, 297, 373, 48, 434, 285, 372, 306, 27, 429, 389, 286, 209, 144, 181, 182, 149, 309, 284, 271, 70, 90, 282, 254, 125, 395, 290, 55, 60, 244, 157, 458, 356, 326, 428, 250, 440, 321, 305, 362, 324, 185, 18, 194, 256, 441, 455, 302, 279, 184, 159, 360, 452, 164, 67, 170, 444, 243, 351, 273, 407, 84, 104, 232, 75, 227, 43, 366, 77, 138, 148, 432, 36, 266, 98, 15, 216, 120, 333, 175, 2, 315, 259, 59, 278, 153, 50, 473, 363, 228, 121, 427, 355, 430, 208, 258, 8, 96, 298, 214, 350, 146, 349, 469, 347, 133, 226, 109, 37, 383, 240, 192, 461, 261, 295, 303, 265, 107, 44, 74, 370, 99, 353, 301, 61, 263, 139, 72, 110, 380, 81, 289, 413, 103, 65, 187, 416, 21, 352, 307, 158, 5, 73, 386, 449, 335, 310, 40, 445, 359, 308, 367, 316, 358, 408, 210, 177, 403, 344, 241, 101, 251, 154, 319, 420, 76, 456, 124, 365, 463, 283, 4, 405, 336, 142, 49, 1, 11, 330, 179, 66, 377, 268, 453, 191, 346, 361, 64, 24, 140, 264]
og index list energy: 243593757.057223
index list: [112, 240, 262, 453, 321, 386, 102, 37, 412, 41, 232, 31, 425, 295, 147, 56, 282, 285, 270, 374, 5, 393, 187, 191, 4, 259, 381, 120, 110, 220, 213, 419, 165, 239, 175, 463, 292, 151, 465, 75, 204, 15, 341, 168, 387, 192, 379, 211, 207, 194, 334, 318, 67, 123, 350, 145, 398, 237, 469, 9, 371, 53, 422, 196, 444, 219, 396, 264, 184, 3, 1, 6, 416, 250, 231, 109, 156, 467, 49, 456, 195, 173, 170, 399, 322, 74, 249, 284, 190, 441, 104, 229, 12, 319, 459, 301, 238, 62, 395, 80, 310, 122, 372, 320, 274, 157, 246, 103, 317, 57, 427, 76, 59, 391, 28, 339, 188, 464, 21, 65, 91, 245, 235, 217, 228, 209, 198, 336, 183, 271, 447, 251, 299, 273, 397, 290, 455, 186, 388, 100, 367, 266, 443, 117, 460, 275, 423, 164, 348, 331, 222, 224, 118, 241, 93, 121, 256, 159, 309, 323, 130, 101, 418, 163, 362, 142, 383, 193, 2, 432, 161, 215, 405, 189, 329, 160, 390, 16, 468, 268, 342, 54, 365, 314, 233, 413, 389, 138, 375, 25, 401, 152, 473, 72, 51, 162, 258, 23, 373, 254, 296, 63, 472, 30, 286, 32, 457, 293, 332, 438, 208, 68, 58, 452, 307, 7, 384, 46, 133, 446, 243, 346, 178, 461, 223, 298, 39, 440, 316, 458, 279, 370, 179, 380, 177, 148, 415, 203, 218, 185, 434, 158, 394, 61, 244, 359, 116, 360, 71, 55, 354, 267, 257, 180, 355, 45, 236, 95, 60, 134, 328, 98, 83, 347, 0, 363, 261, 242, 82, 79, 144, 150, 126, 43, 435, 69, 34, 85, 402, 227, 429, 14, 428, 230, 304, 361, 225, 349, 89, 287, 364, 20, 283, 272, 431, 8, 382, 17, 449, 333, 247, 119, 445, 294, 376, 70, 344, 52, 437, 172, 174, 135, 86, 146, 337, 330, 35, 366, 64, 113, 234, 255, 182, 66, 471, 47, 288, 114, 433, 153, 407, 129, 167, 277, 92, 176, 24, 358, 11, 265, 300, 312, 78, 278, 141, 108, 27, 352, 226, 106, 426, 206, 200, 450, 199, 454, 181, 409, 73, 357, 221, 111, 26, 149, 252, 29, 303, 313, 414, 335, 140, 385, 136, 115, 436, 327, 10, 345, 33, 353, 96, 212, 462, 248, 22, 351, 139, 44, 421, 48, 128, 406, 392, 280, 439, 107, 378, 306, 424, 99, 403, 210, 40, 410, 197, 201, 253, 87, 155, 311, 125, 124, 281, 368, 94, 442, 263, 369, 205, 340, 202, 214, 326, 315, 36, 338, 302, 377, 143, 50, 420, 131, 88, 171, 13, 451, 19, 448, 132, 417, 325, 466, 18, 305, 90, 38, 408, 77, 356, 169, 411, 216, 289, 470, 81, 308, 154, 269, 42, 137, 430, 324, 127, 105, 400, 84, 297, 166, 276, 404, 260, 97, 343, 291]
index list energy: 28781021.856676295
Done


program ended at: 2020-04-06 20:54:14.638454 
 time delta: 12:24:07.732319
