## SLURM PROLOG ###############################################################
##    Job ID : 12005876
##  Job Name : new_and_improved?
##  Nodelist : node1308
##      CPUs : 1
##  Mem/Node : 1024 MB
## Directory : /gpfs/data/nfawzi/skale/Fawzi_pycharm_project
##   Started : Mon Apr  6 12:59:42 EDT 2020
###############################################################################
program started at:2020-04-06 12:59:49.346272
iterations: 72000000 temp: 1000000.0 exponent: 0.9 eif: 300.0
time taken (sec): 36549.68374013901
number of iterations: 72000000
final temperature: 159.26791088519815
og index list: [335, 469, 99, 352, 121, 439, 79, 83, 5, 143, 360, 27, 338, 126, 390, 276, 431, 158, 278, 75, 364, 64, 411, 444, 10, 325, 78, 104, 47, 139, 42, 395, 397, 17, 234, 379, 228, 114, 21, 45, 73, 256, 261, 222, 176, 297, 341, 1, 74, 408, 285, 369, 284, 410, 48, 424, 146, 66, 394, 67, 436, 124, 94, 24, 347, 97, 119, 427, 85, 105, 286, 451, 373, 18, 435, 441, 162, 196, 343, 354, 194, 166, 192, 337, 321, 453, 299, 203, 181, 216, 60, 54, 58, 154, 263, 389, 269, 336, 122, 254, 288, 189, 280, 314, 151, 209, 331, 236, 65, 303, 149, 46, 127, 455, 433, 437, 152, 291, 72, 145, 287, 258, 88, 365, 102, 361, 2, 138, 417, 350, 294, 312, 244, 246, 195, 193, 375, 374, 466, 71, 346, 108, 184, 227, 168, 332, 25, 277, 392, 169, 183, 225, 257, 9, 342, 23, 243, 403, 418, 268, 428, 171, 26, 467, 462, 191, 448, 237, 199, 62, 96, 217, 313, 393, 290, 452, 463, 13, 304, 320, 264, 56, 468, 235, 22, 34, 409, 298, 274, 90, 95, 161, 307, 210, 4, 464, 413, 429, 187, 388, 111, 159, 81, 324, 61, 33, 423, 163, 6, 160, 265, 305, 20, 11, 391, 128, 118, 19, 131, 147, 345, 465, 140, 326, 271, 334, 377, 106, 382, 310, 412, 318, 443, 207, 470, 238, 363, 449, 398, 401, 445, 405, 426, 356, 414, 141, 421, 57, 327, 416, 241, 32, 112, 115, 232, 458, 430, 68, 471, 188, 129, 357, 172, 300, 386, 100, 293, 473, 212, 98, 250, 155, 82, 63, 460, 329, 16, 198, 339, 125, 165, 295, 220, 245, 206, 35, 186, 447, 142, 226, 3, 402, 425, 319, 289, 376, 101, 381, 438, 231, 233, 281, 156, 351, 440, 107, 323, 340, 177, 259, 240, 113, 31, 43, 109, 400, 211, 185, 116, 157, 385, 308, 219, 12, 378, 450, 40, 349, 120, 92, 419, 273, 279, 132, 110, 103, 358, 353, 306, 167, 153, 89, 87, 175, 267, 135, 70, 366, 296, 432, 205, 178, 223, 224, 247, 344, 37, 330, 86, 372, 472, 182, 282, 370, 39, 14, 36, 50, 362, 51, 69, 275, 8, 266, 355, 270, 133, 442, 242, 359, 420, 130, 399, 230, 221, 208, 0, 422, 59, 384, 53, 251, 55, 457, 367, 218, 52, 396, 316, 262, 272, 170, 204, 44, 150, 311, 7, 80, 215, 322, 415, 84, 179, 255, 77, 461, 30, 201, 134, 49, 253, 93, 200, 309, 292, 371, 456, 348, 229, 144, 434, 202, 249, 214, 315, 406, 38, 454, 174, 180, 446, 239, 252, 260, 173, 190, 76, 368, 248, 317, 148, 380, 407, 28, 137, 333, 283, 136, 91, 302, 328, 383, 387, 117, 197, 164, 213, 301, 41, 15, 29, 404, 459, 123]
og index list energy: 239963040.33269686
index list: [131, 56, 174, 185, 371, 187, 397, 85, 262, 338, 72, 352, 226, 301, 409, 132, 402, 234, 329, 326, 336, 423, 202, 341, 168, 392, 211, 207, 170, 256, 29, 201, 300, 218, 111, 96, 343, 231, 133, 446, 184, 68, 180, 215, 322, 6, 470, 36, 435, 206, 376, 79, 250, 130, 100, 440, 294, 265, 76, 19, 59, 236, 101, 46, 136, 450, 212, 274, 246, 11, 395, 66, 228, 40, 360, 257, 426, 9, 380, 200, 249, 283, 99, 399, 149, 355, 217, 1, 191, 5, 445, 4, 331, 169, 417, 15, 320, 192, 140, 467, 147, 327, 195, 346, 199, 416, 91, 62, 108, 333, 25, 181, 434, 157, 388, 152, 384, 67, 86, 177, 34, 156, 242, 92, 253, 286, 311, 259, 337, 20, 171, 189, 458, 225, 2, 428, 3, 18, 307, 325, 442, 332, 342, 117, 349, 74, 413, 104, 98, 456, 321, 403, 292, 390, 103, 358, 116, 389, 173, 454, 296, 21, 393, 335, 120, 24, 382, 126, 227, 118, 23, 224, 155, 345, 172, 270, 457, 280, 406, 43, 429, 243, 420, 50, 87, 387, 210, 58, 37, 432, 209, 7, 407, 113, 137, 309, 303, 222, 235, 244, 368, 41, 348, 64, 263, 302, 377, 48, 112, 60, 378, 289, 439, 310, 214, 22, 419, 261, 465, 83, 167, 281, 369, 233, 127, 422, 264, 315, 129, 468, 49, 408, 47, 379, 295, 268, 334, 151, 370, 45, 448, 35, 271, 308, 42, 150, 351, 220, 304, 279, 386, 208, 359, 203, 269, 124, 16, 239, 80, 119, 26, 258, 317, 255, 71, 139, 427, 213, 339, 324, 89, 106, 354, 241, 122, 252, 205, 374, 69, 375, 70, 248, 441, 240, 463, 95, 298, 229, 287, 51, 356, 107, 30, 366, 163, 362, 176, 415, 219, 367, 110, 12, 204, 115, 466, 254, 328, 158, 373, 78, 297, 306, 94, 438, 61, 365, 105, 350, 55, 462, 290, 245, 221, 460, 65, 405, 135, 97, 421, 54, 353, 125, 237, 183, 84, 305, 109, 284, 57, 144, 162, 459, 267, 193, 134, 27, 82, 372, 81, 32, 288, 148, 293, 453, 141, 401, 238, 412, 175, 449, 160, 418, 251, 146, 164, 471, 330, 313, 464, 142, 278, 31, 430, 90, 472, 198, 398, 93, 232, 39, 344, 247, 178, 282, 318, 10, 347, 8, 364, 196, 451, 277, 444, 102, 319, 291, 396, 63, 88, 128, 383, 166, 114, 436, 165, 361, 154, 216, 182, 285, 77, 411, 312, 443, 52, 400, 316, 447, 145, 473, 299, 123, 73, 431, 121, 33, 410, 190, 404, 188, 424, 197, 194, 0, 437, 230, 425, 363, 153, 38, 272, 357, 138, 223, 381, 179, 276, 452, 260, 469, 273, 391, 186, 414, 275, 340, 266, 13, 385, 314, 28, 159, 143, 461, 14, 455, 161, 17, 394, 75, 323, 44, 433, 53]
index list energy: 28655887.280222658
Done


program ended at: 2020-04-06 23:08:59.397702 
 time delta: 10:09:10.051430
