## SLURM PROLOG ###############################################################
##    Job ID : 11945984
##  Job Name : new_and_improved?
##  Nodelist : node1136
##      CPUs : 1
##  Mem/Node : 1024 MB
## Directory : /gpfs/data/nfawzi/skale/Fawzi_pycharm_project
##   Started : Sun Apr  5 22:55:42 EDT 2020
###############################################################################
program started at:2020-04-05 22:55:42.398102
iterations: 72000000 temp: 1000000.0 exponent: 0.9 eif: 300.0
time taken (sec): 48073.98030924797
number of iterations: 72000000
final temperature: 159.26791088519815
og index list: [151, 455, 140, 246, 350, 203, 274, 467, 72, 24, 108, 389, 371, 19, 234, 383, 138, 185, 11, 58, 430, 160, 317, 193, 264, 199, 250, 360, 187, 33, 195, 204, 38, 349, 259, 320, 172, 209, 419, 101, 248, 212, 155, 323, 466, 113, 400, 365, 196, 396, 34, 249, 205, 192, 391, 344, 453, 197, 241, 413, 445, 96, 286, 379, 298, 364, 262, 381, 46, 463, 306, 89, 90, 122, 221, 9, 112, 53, 107, 75, 399, 390, 409, 328, 153, 57, 39, 368, 438, 186, 150, 235, 450, 18, 82, 115, 327, 401, 231, 51, 366, 414, 356, 386, 111, 176, 435, 121, 143, 237, 363, 73, 309, 40, 222, 276, 340, 353, 334, 102, 68, 272, 144, 424, 216, 15, 177, 240, 382, 242, 446, 81, 449, 322, 270, 117, 69, 412, 105, 299, 426, 27, 21, 410, 422, 303, 137, 258, 156, 35, 163, 431, 352, 252, 268, 214, 41, 109, 470, 408, 48, 133, 341, 307, 302, 324, 397, 103, 100, 331, 23, 439, 254, 239, 329, 247, 106, 388, 26, 13, 269, 64, 116, 76, 380, 54, 114, 404, 6, 62, 464, 131, 420, 406, 357, 405, 129, 166, 77, 162, 198, 230, 56, 312, 60, 219, 210, 83, 358, 94, 208, 330, 393, 384, 85, 201, 8, 407, 343, 79, 0, 454, 36, 110, 296, 88, 200, 256, 318, 283, 182, 4, 319, 392, 174, 308, 361, 167, 472, 257, 218, 387, 43, 99, 67, 471, 168, 277, 63, 130, 278, 275, 232, 217, 128, 452, 398, 280, 44, 429, 457, 284, 170, 425, 436, 175, 165, 335, 126, 97, 148, 271, 159, 255, 297, 451, 459, 342, 147, 169, 189, 282, 345, 245, 394, 314, 2, 301, 120, 228, 336, 374, 194, 146, 178, 92, 93, 290, 418, 78, 141, 215, 433, 444, 229, 25, 465, 273, 354, 325, 220, 30, 437, 59, 65, 191, 411, 5, 1, 460, 52, 164, 3, 373, 180, 347, 321, 20, 369, 17, 226, 458, 145, 469, 291, 223, 132, 149, 440, 206, 310, 267, 403, 281, 448, 432, 207, 289, 468, 124, 332, 288, 84, 427, 227, 385, 29, 139, 253, 12, 243, 442, 61, 266, 376, 338, 55, 123, 285, 213, 66, 22, 462, 428, 287, 326, 119, 415, 183, 32, 190, 80, 348, 127, 152, 304, 135, 279, 260, 293, 95, 157, 188, 118, 98, 313, 91, 367, 134, 434, 244, 49, 45, 10, 305, 86, 50, 154, 37, 42, 136, 173, 261, 370, 473, 461, 125, 447, 16, 225, 184, 14, 158, 346, 31, 292, 372, 441, 142, 375, 333, 70, 104, 355, 351, 295, 456, 377, 87, 211, 315, 421, 47, 161, 265, 337, 359, 423, 300, 7, 316, 263, 417, 233, 236, 224, 294, 71, 28, 251, 395, 171, 311, 339, 74, 416, 378, 443, 402, 362, 202, 181, 179, 238]
og index list energy: 230378642.81100604
index list: [2, 74, 201, 206, 211, 374, 171, 326, 34, 263, 406, 290, 462, 221, 366, 208, 464, 17, 71, 345, 6, 439, 259, 154, 150, 451, 219, 44, 283, 40, 369, 36, 336, 452, 45, 465, 249, 423, 178, 459, 73, 438, 272, 31, 372, 253, 12, 371, 333, 167, 248, 1, 153, 98, 427, 163, 380, 53, 446, 0, 334, 313, 434, 89, 80, 185, 348, 139, 318, 286, 230, 28, 422, 32, 415, 193, 5, 338, 3, 173, 191, 257, 118, 255, 226, 324, 107, 236, 164, 470, 100, 458, 169, 319, 312, 305, 110, 72, 238, 444, 237, 442, 310, 295, 94, 400, 23, 287, 51, 450, 42, 65, 122, 114, 392, 307, 217, 416, 260, 242, 388, 274, 166, 351, 269, 233, 78, 311, 106, 278, 316, 449, 277, 343, 96, 391, 117, 268, 425, 165, 108, 309, 131, 133, 396, 30, 288, 346, 266, 353, 330, 105, 469, 332, 355, 270, 398, 39, 349, 200, 357, 300, 174, 194, 140, 188, 467, 251, 421, 77, 49, 419, 182, 68, 340, 87, 352, 81, 347, 16, 471, 267, 364, 225, 457, 327, 101, 138, 245, 104, 377, 95, 247, 119, 276, 384, 128, 342, 79, 292, 86, 157, 124, 235, 229, 113, 472, 160, 365, 202, 420, 21, 394, 285, 25, 382, 14, 232, 146, 393, 275, 234, 92, 47, 67, 403, 50, 448, 179, 441, 264, 402, 19, 210, 199, 186, 407, 205, 378, 293, 370, 35, 412, 22, 454, 213, 320, 244, 460, 116, 170, 148, 64, 4, 432, 8, 18, 215, 405, 168, 303, 11, 360, 103, 440, 209, 46, 373, 55, 367, 10, 456, 212, 214, 159, 271, 158, 315, 76, 155, 60, 282, 413, 56, 82, 375, 241, 99, 436, 147, 254, 176, 20, 265, 261, 468, 15, 26, 228, 149, 180, 376, 93, 363, 184, 66, 447, 192, 204, 335, 29, 411, 75, 417, 121, 381, 41, 151, 317, 120, 90, 435, 61, 323, 331, 243, 69, 408, 9, 289, 308, 306, 356, 195, 409, 224, 463, 141, 273, 461, 296, 231, 172, 91, 344, 339, 123, 177, 337, 145, 430, 216, 250, 7, 329, 62, 386, 222, 70, 455, 33, 258, 246, 24, 390, 175, 359, 291, 223, 473, 136, 239, 112, 203, 220, 38, 227, 298, 84, 433, 109, 428, 127, 361, 129, 297, 281, 262, 368, 314, 426, 321, 418, 294, 389, 132, 304, 279, 404, 63, 399, 135, 397, 125, 387, 88, 395, 302, 341, 156, 183, 102, 429, 161, 424, 59, 431, 83, 48, 162, 385, 130, 43, 379, 218, 142, 284, 299, 85, 256, 181, 443, 328, 322, 111, 362, 301, 13, 37, 207, 354, 198, 240, 383, 126, 137, 414, 57, 144, 143, 437, 115, 54, 453, 58, 466, 134, 27, 358, 52, 187, 97, 252, 325, 401, 152, 350, 197, 410, 190, 196, 189, 445, 280]
index list energy: 30848485.725531507
Done


program ended at: 2020-04-06 12:16:56.767401 
 time delta: 13:21:14.369299
