## SLURM PROLOG ###############################################################
##    Job ID : 11988447
##  Job Name : new_and_improved?
##  Nodelist : node1128
##      CPUs : 1
##  Mem/Node : 1024 MB
## Directory : /gpfs/data/nfawzi/skale/Fawzi_pycharm_project
##   Started : Mon Apr  6 08:36:13 EDT 2020
###############################################################################
program started at:2020-04-06 08:36:28.007967
iterations: 72000000 temp: 1000000.0 exponent: 0.9 eif: 300.0
time taken (sec): 41597.83941531181
number of iterations: 72000000
final temperature: 159.26791088519815
og index list: [72, 417, 183, 336, 95, 75, 141, 457, 321, 206, 343, 188, 467, 371, 45, 426, 50, 116, 340, 318, 192, 322, 382, 22, 461, 125, 320, 85, 92, 178, 359, 314, 354, 380, 5, 124, 441, 97, 101, 301, 161, 109, 420, 305, 270, 413, 164, 377, 267, 299, 442, 400, 275, 352, 249, 342, 163, 264, 48, 312, 158, 453, 240, 88, 136, 319, 369, 199, 154, 153, 248, 444, 365, 236, 348, 68, 405, 218, 129, 185, 122, 79, 51, 71, 7, 308, 98, 323, 361, 120, 175, 61, 324, 77, 239, 289, 458, 103, 254, 310, 328, 237, 41, 86, 273, 298, 81, 224, 47, 243, 370, 159, 12, 203, 448, 378, 422, 242, 286, 281, 274, 142, 137, 44, 147, 19, 302, 187, 177, 235, 0, 162, 291, 139, 339, 156, 341, 263, 251, 215, 424, 385, 1, 232, 59, 10, 293, 13, 69, 18, 387, 217, 213, 256, 170, 225, 176, 300, 454, 70, 384, 362, 272, 204, 327, 4, 184, 364, 27, 317, 375, 427, 64, 94, 112, 231, 329, 398, 433, 118, 367, 99, 421, 374, 411, 446, 87, 388, 397, 54, 415, 253, 351, 360, 455, 245, 168, 334, 244, 23, 412, 108, 227, 91, 287, 2, 403, 363, 284, 439, 260, 169, 150, 452, 37, 414, 473, 229, 131, 93, 419, 331, 434, 133, 297, 182, 42, 11, 404, 347, 146, 110, 26, 460, 373, 390, 410, 280, 220, 296, 173, 145, 258, 25, 90, 166, 332, 211, 149, 80, 462, 221, 383, 58, 350, 376, 379, 315, 195, 311, 32, 459, 73, 196, 466, 271, 335, 207, 325, 238, 425, 111, 49, 102, 471, 135, 295, 40, 60, 283, 104, 167, 259, 233, 252, 84, 226, 265, 14, 66, 313, 96, 193, 309, 55, 278, 447, 33, 6, 143, 307, 451, 46, 30, 472, 74, 128, 209, 470, 349, 326, 407, 62, 344, 431, 393, 338, 337, 266, 303, 394, 355, 53, 121, 436, 140, 17, 443, 346, 449, 432, 186, 189, 268, 89, 82, 63, 117, 115, 366, 401, 113, 241, 29, 395, 306, 440, 333, 9, 230, 180, 435, 277, 205, 250, 208, 181, 255, 148, 119, 56, 21, 223, 279, 216, 222, 201, 345, 200, 450, 464, 172, 130, 269, 126, 144, 197, 28, 423, 134, 160, 406, 179, 290, 127, 155, 381, 437, 31, 16, 34, 52, 389, 292, 132, 67, 392, 228, 316, 39, 152, 107, 198, 409, 353, 356, 219, 262, 445, 294, 261, 276, 418, 396, 438, 391, 35, 43, 38, 408, 247, 463, 428, 402, 429, 214, 105, 358, 100, 65, 83, 285, 165, 157, 190, 174, 20, 399, 194, 36, 416, 288, 430, 212, 282, 171, 386, 234, 368, 357, 114, 330, 57, 151, 78, 304, 191, 123, 138, 15, 372, 3, 257, 456, 465, 468, 24, 8, 246, 76, 210, 469, 106, 202]
og index list energy: 234567037.8339799
index list: [131, 313, 82, 305, 412, 25, 222, 126, 27, 118, 173, 324, 115, 363, 318, 267, 28, 378, 19, 453, 177, 459, 181, 334, 98, 380, 113, 282, 110, 274, 228, 216, 158, 317, 187, 416, 185, 454, 42, 239, 129, 73, 140, 297, 217, 379, 213, 386, 321, 344, 320, 89, 15, 106, 215, 449, 309, 95, 108, 103, 432, 280, 365, 57, 445, 94, 457, 87, 37, 384, 230, 223, 246, 151, 172, 271, 371, 200, 337, 201, 249, 473, 238, 325, 376, 240, 382, 275, 354, 70, 401, 130, 170, 96, 420, 105, 441, 59, 364, 83, 361, 144, 448, 85, 374, 116, 407, 168, 278, 147, 245, 260, 121, 390, 3, 410, 65, 466, 195, 220, 243, 419, 235, 331, 296, 93, 92, 259, 136, 256, 29, 258, 8, 393, 263, 355, 264, 43, 394, 114, 387, 48, 307, 50, 451, 54, 460, 273, 430, 225, 395, 199, 190, 197, 210, 440, 279, 182, 55, 396, 161, 343, 169, 422, 143, 310, 369, 107, 30, 426, 10, 366, 286, 134, 328, 160, 362, 81, 462, 58, 439, 208, 345, 111, 80, 212, 218, 268, 435, 62, 295, 120, 21, 308, 11, 287, 135, 388, 149, 32, 429, 5, 209, 211, 0, 302, 45, 397, 153, 276, 91, 252, 171, 20, 413, 23, 349, 244, 392, 178, 16, 159, 67, 347, 142, 409, 88, 311, 49, 359, 163, 373, 248, 381, 139, 1, 184, 193, 35, 293, 469, 60, 352, 22, 329, 46, 467, 152, 424, 141, 360, 186, 319, 51, 415, 79, 236, 66, 470, 68, 391, 26, 436, 7, 423, 2, 404, 333, 375, 191, 4, 372, 174, 251, 285, 188, 206, 400, 76, 421, 226, 196, 383, 233, 312, 323, 12, 303, 75, 255, 254, 132, 84, 284, 242, 444, 99, 322, 192, 385, 119, 183, 13, 377, 335, 150, 133, 283, 237, 418, 257, 304, 389, 9, 214, 367, 272, 326, 338, 290, 438, 40, 315, 36, 417, 6, 207, 205, 427, 18, 447, 31, 411, 189, 340, 104, 351, 112, 281, 456, 194, 127, 288, 442, 63, 452, 125, 306, 162, 402, 64, 47, 464, 299, 38, 261, 277, 461, 33, 431, 253, 336, 301, 167, 450, 52, 370, 157, 128, 341, 269, 339, 101, 90, 446, 146, 77, 406, 17, 443, 180, 348, 224, 44, 155, 472, 109, 342, 145, 414, 61, 437, 137, 357, 154, 56, 298, 166, 425, 41, 97, 78, 405, 219, 86, 203, 156, 227, 234, 368, 241, 123, 265, 198, 356, 69, 204, 202, 327, 24, 399, 176, 455, 71, 231, 247, 117, 434, 175, 232, 221, 403, 332, 289, 164, 408, 316, 262, 148, 122, 124, 72, 53, 458, 179, 398, 294, 428, 165, 358, 292, 465, 138, 463, 74, 353, 100, 346, 314, 102, 350, 266, 433, 229, 300, 330, 14, 34, 39, 468, 250, 270, 471, 291]
index list energy: 26674056.8108782
Done


program ended at: 2020-04-06 20:09:46.211251 
 time delta: 11:33:18.203284
