## SLURM PROLOG ###############################################################
##    Job ID : 12004725
##  Job Name : new_and_improved?
##  Nodelist : node1106
##      CPUs : 1
##  Mem/Node : 1024 MB
## Directory : /gpfs/data/nfawzi/skale/Fawzi_pycharm_project
##   Started : Mon Apr  6 12:09:01 EDT 2020
###############################################################################
program started at:2020-04-06 12:09:02.766017
iterations: 72000000 temp: 1000000.0 exponent: 0.9 eif: 300.0
time taken (sec): 47590.544481515884
number of iterations: 72000000
final temperature: 159.26791088519815
og index list: [231, 461, 249, 294, 238, 414, 332, 375, 372, 342, 127, 288, 305, 366, 43, 353, 210, 427, 171, 393, 440, 143, 75, 280, 48, 320, 24, 296, 392, 298, 195, 116, 61, 14, 431, 407, 355, 226, 157, 443, 422, 83, 358, 335, 41, 29, 81, 16, 103, 272, 133, 23, 413, 438, 190, 270, 329, 137, 293, 396, 97, 389, 32, 35, 202, 279, 381, 149, 20, 141, 5, 27, 194, 165, 470, 313, 371, 346, 158, 135, 415, 39, 125, 322, 28, 285, 193, 347, 8, 169, 138, 406, 445, 3, 66, 242, 7, 205, 304, 448, 172, 306, 136, 148, 54, 318, 369, 460, 89, 244, 187, 235, 321, 367, 395, 423, 67, 373, 446, 307, 86, 283, 206, 59, 324, 219, 40, 154, 356, 390, 351, 110, 248, 397, 73, 188, 268, 452, 243, 237, 60, 444, 365, 326, 250, 221, 348, 276, 291, 91, 436, 417, 139, 344, 220, 364, 101, 102, 350, 118, 112, 166, 119, 236, 261, 45, 246, 30, 337, 224, 33, 473, 433, 429, 22, 182, 341, 68, 34, 120, 215, 379, 78, 256, 424, 410, 145, 212, 129, 11, 287, 247, 400, 179, 462, 160, 398, 262, 65, 2, 216, 277, 286, 13, 79, 334, 336, 260, 0, 317, 404, 239, 447, 230, 88, 134, 70, 292, 377, 96, 434, 258, 464, 430, 185, 207, 155, 227, 90, 457, 241, 98, 428, 465, 345, 401, 217, 449, 275, 234, 289, 121, 113, 394, 50, 19, 441, 411, 63, 299, 290, 357, 186, 471, 408, 240, 456, 144, 162, 4, 36, 203, 174, 152, 469, 354, 93, 380, 184, 472, 211, 167, 432, 405, 265, 284, 105, 271, 146, 100, 458, 435, 363, 388, 253, 201, 437, 99, 42, 204, 189, 74, 140, 26, 315, 339, 191, 426, 104, 58, 25, 108, 309, 84, 368, 453, 44, 62, 114, 82, 229, 439, 308, 267, 378, 319, 147, 159, 156, 196, 107, 12, 340, 385, 132, 251, 178, 57, 31, 295, 420, 252, 55, 200, 214, 232, 9, 281, 412, 170, 175, 15, 451, 180, 80, 403, 115, 6, 71, 349, 361, 376, 301, 223, 338, 263, 92, 77, 323, 150, 273, 264, 255, 274, 467, 312, 310, 300, 245, 183, 402, 282, 111, 198, 109, 94, 391, 399, 87, 418, 151, 266, 442, 450, 421, 384, 463, 327, 208, 383, 46, 316, 126, 222, 56, 123, 161, 409, 330, 168, 21, 254, 387, 386, 303, 419, 197, 37, 259, 17, 49, 382, 468, 297, 177, 124, 130, 218, 359, 95, 454, 228, 18, 128, 192, 163, 225, 106, 311, 278, 153, 173, 176, 47, 142, 51, 333, 325, 1, 122, 72, 459, 76, 199, 374, 164, 53, 181, 64, 85, 257, 328, 416, 455, 425, 466, 331, 269, 362, 10, 314, 302, 69, 233, 360, 38, 352, 370, 343, 131, 52, 209, 117, 213]
og index list energy: 241342563.86442396
index list: [120, 230, 77, 405, 7, 362, 8, 352, 266, 382, 212, 463, 262, 276, 455, 263, 425, 274, 413, 41, 96, 458, 119, 64, 6, 388, 206, 354, 309, 417, 93, 256, 296, 379, 169, 122, 214, 174, 165, 460, 192, 326, 389, 202, 356, 14, 325, 37, 448, 198, 408, 69, 126, 166, 461, 83, 415, 94, 462, 103, 150, 235, 188, 395, 251, 315, 302, 453, 55, 351, 29, 465, 143, 252, 30, 33, 204, 293, 215, 265, 101, 112, 76, 107, 447, 26, 421, 87, 407, 306, 449, 117, 152, 416, 330, 205, 336, 172, 184, 161, 284, 177, 369, 333, 129, 344, 70, 137, 387, 312, 454, 42, 363, 321, 348, 310, 424, 320, 75, 342, 136, 191, 4, 189, 378, 2, 390, 193, 44, 298, 3, 171, 187, 232, 190, 140, 410, 5, 427, 332, 414, 273, 371, 142, 381, 186, 380, 133, 418, 123, 357, 178, 472, 105, 422, 294, 331, 220, 247, 39, 359, 242, 155, 402, 260, 366, 106, 181, 423, 78, 297, 73, 391, 156, 211, 62, 471, 138, 473, 280, 445, 268, 385, 277, 384, 261, 271, 324, 31, 209, 229, 245, 10, 432, 58, 429, 153, 162, 1, 0, 377, 147, 292, 80, 139, 60, 452, 100, 285, 84, 456, 264, 468, 213, 15, 350, 35, 409, 290, 426, 74, 305, 48, 398, 52, 195, 383, 65, 420, 22, 102, 367, 17, 322, 46, 236, 243, 365, 32, 207, 110, 21, 319, 109, 345, 128, 401, 279, 364, 304, 397, 227, 375, 244, 353, 339, 267, 370, 168, 286, 259, 132, 303, 79, 355, 131, 301, 49, 435, 255, 281, 23, 167, 338, 88, 53, 97, 134, 412, 57, 396, 194, 451, 275, 443, 66, 404, 144, 157, 124, 25, 282, 24, 176, 201, 203, 40, 433, 196, 86, 328, 295, 85, 160, 457, 185, 308, 71, 373, 13, 237, 340, 47, 399, 61, 400, 225, 334, 98, 343, 238, 392, 141, 347, 154, 159, 224, 299, 231, 291, 92, 27, 182, 149, 82, 18, 148, 358, 59, 118, 99, 361, 289, 411, 222, 218, 111, 239, 72, 430, 257, 12, 317, 233, 254, 51, 246, 127, 287, 228, 269, 89, 258, 9, 307, 158, 386, 56, 438, 130, 394, 50, 318, 253, 125, 34, 249, 300, 173, 403, 45, 444, 36, 314, 436, 327, 28, 434, 250, 223, 466, 163, 393, 164, 360, 208, 442, 116, 170, 341, 115, 450, 197, 323, 199, 210, 68, 11, 91, 439, 219, 335, 372, 216, 113, 217, 428, 180, 234, 464, 175, 329, 146, 183, 151, 446, 241, 349, 63, 376, 316, 283, 270, 240, 145, 114, 406, 121, 54, 467, 104, 469, 81, 441, 248, 437, 90, 288, 67, 470, 226, 278, 43, 368, 16, 346, 135, 431, 95, 108, 38, 272, 419, 20, 374, 200, 19, 459, 179, 337, 221, 440, 311, 313]
index list energy: 29130739.44397092
Done


program ended at: 2020-04-07 01:22:13.686054 
 time delta: 13:13:10.920037
