## SLURM PROLOG ###############################################################
##    Job ID : 11946068
##  Job Name : new_and_improved?
##  Nodelist : node1624
##      CPUs : 1
##  Mem/Node : 1024 MB
## Directory : /gpfs/data/nfawzi/skale/Fawzi_pycharm_project
##   Started : Sun Apr  5 22:55:51 EDT 2020
###############################################################################
program started at:2020-04-05 22:55:52.741898
iterations: 72000000 temp: 1000000.0 exponent: 0.9 eif: 300.0
time taken (sec): 63636.46096634865
number of iterations: 72000000
final temperature: 159.26791088519815
og index list: [346, 0, 445, 76, 78, 449, 167, 261, 131, 193, 442, 197, 157, 250, 405, 96, 439, 68, 119, 152, 81, 465, 79, 284, 168, 326, 349, 27, 123, 232, 385, 115, 447, 321, 471, 237, 165, 400, 327, 54, 300, 433, 200, 431, 55, 302, 138, 255, 469, 12, 13, 325, 384, 464, 352, 126, 136, 192, 169, 364, 298, 93, 288, 315, 82, 369, 23, 230, 111, 97, 409, 319, 272, 334, 345, 432, 254, 248, 386, 124, 270, 318, 473, 2, 355, 419, 360, 122, 88, 257, 317, 46, 196, 147, 50, 362, 374, 176, 226, 140, 402, 303, 31, 118, 156, 19, 320, 11, 245, 132, 133, 260, 417, 84, 80, 333, 453, 328, 26, 277, 35, 205, 341, 450, 448, 233, 143, 206, 215, 74, 235, 383, 182, 61, 25, 16, 198, 154, 273, 459, 148, 370, 178, 112, 58, 262, 73, 218, 222, 286, 151, 33, 393, 276, 382, 415, 451, 67, 460, 87, 145, 350, 443, 180, 137, 343, 367, 454, 458, 159, 42, 37, 290, 9, 28, 379, 210, 361, 56, 340, 194, 375, 336, 89, 116, 70, 220, 92, 266, 461, 275, 351, 36, 430, 3, 416, 134, 457, 455, 398, 344, 39, 113, 282, 75, 338, 6, 163, 91, 264, 404, 307, 426, 228, 135, 394, 213, 202, 377, 463, 331, 234, 98, 188, 201, 322, 323, 423, 64, 65, 470, 316, 24, 366, 376, 183, 437, 429, 207, 99, 309, 153, 324, 105, 177, 365, 392, 211, 63, 418, 339, 293, 281, 241, 171, 203, 294, 47, 297, 103, 279, 179, 251, 446, 425, 347, 295, 403, 267, 378, 217, 48, 371, 100, 312, 22, 51, 142, 30, 162, 287, 10, 424, 40, 128, 1, 401, 189, 435, 472, 69, 95, 185, 468, 8, 20, 342, 5, 368, 161, 452, 329, 242, 280, 90, 209, 388, 354, 166, 187, 373, 214, 296, 125, 330, 332, 389, 310, 57, 253, 444, 372, 304, 62, 127, 271, 396, 265, 308, 108, 129, 94, 32, 186, 110, 219, 107, 174, 173, 184, 395, 231, 52, 236, 462, 466, 299, 427, 263, 77, 208, 155, 413, 269, 29, 117, 410, 191, 130, 224, 283, 104, 72, 258, 221, 391, 38, 390, 141, 387, 306, 149, 238, 292, 83, 256, 411, 101, 144, 190, 170, 17, 456, 243, 359, 274, 335, 314, 428, 291, 313, 358, 397, 45, 34, 278, 44, 434, 380, 399, 412, 175, 150, 420, 285, 348, 109, 146, 381, 421, 440, 305, 223, 15, 172, 356, 407, 289, 106, 422, 467, 164, 7, 244, 85, 212, 337, 438, 181, 102, 86, 441, 268, 353, 252, 160, 21, 120, 114, 239, 225, 41, 60, 249, 18, 49, 195, 406, 66, 259, 139, 53, 14, 204, 199, 301, 408, 436, 43, 121, 4, 59, 363, 229, 227, 71, 246, 216, 357, 247, 240, 414, 158, 311]
og index list energy: 225881569.82952213
index list: [337, 153, 98, 398, 218, 205, 423, 36, 232, 44, 372, 314, 409, 290, 457, 138, 439, 142, 93, 391, 87, 341, 85, 319, 327, 154, 436, 161, 418, 326, 283, 213, 412, 109, 34, 286, 184, 157, 29, 167, 108, 47, 426, 241, 465, 75, 80, 233, 51, 411, 206, 200, 210, 197, 422, 266, 424, 271, 359, 299, 318, 275, 114, 287, 53, 463, 310, 239, 102, 461, 230, 330, 336, 59, 351, 9, 201, 199, 413, 19, 467, 107, 148, 215, 434, 208, 344, 43, 438, 301, 384, 270, 329, 100, 97, 65, 366, 2, 446, 277, 171, 5, 207, 214, 61, 395, 269, 131, 296, 437, 67, 309, 435, 127, 369, 143, 83, 472, 166, 140, 86, 128, 390, 22, 464, 63, 462, 312, 339, 152, 388, 285, 103, 345, 165, 234, 433, 81, 397, 229, 248, 104, 401, 178, 348, 242, 389, 260, 408, 39, 349, 96, 459, 73, 445, 6, 415, 273, 371, 335, 28, 320, 216, 112, 192, 146, 298, 89, 77, 449, 151, 278, 193, 191, 4, 190, 346, 58, 381, 0, 425, 18, 431, 223, 308, 255, 249, 1, 62, 379, 57, 374, 60, 261, 468, 33, 78, 378, 333, 23, 430, 211, 288, 3, 302, 139, 404, 91, 322, 25, 410, 181, 469, 289, 257, 156, 252, 66, 452, 203, 291, 347, 263, 311, 40, 226, 428, 147, 222, 355, 116, 383, 307, 144, 170, 243, 421, 231, 217, 50, 448, 24, 368, 244, 414, 225, 407, 279, 353, 105, 400, 16, 110, 174, 250, 274, 280, 204, 11, 111, 26, 303, 125, 79, 382, 14, 417, 325, 354, 10, 37, 454, 168, 32, 450, 68, 455, 69, 150, 180, 258, 365, 300, 313, 228, 466, 267, 224, 162, 82, 94, 324, 126, 76, 358, 316, 331, 293, 456, 189, 30, 419, 164, 453, 136, 447, 202, 92, 123, 377, 194, 458, 45, 440, 15, 442, 13, 118, 221, 352, 163, 399, 247, 259, 256, 52, 245, 121, 471, 54, 394, 182, 141, 432, 304, 367, 135, 470, 177, 443, 8, 402, 212, 375, 35, 315, 160, 176, 340, 7, 145, 282, 297, 134, 27, 427, 262, 317, 185, 338, 21, 451, 328, 158, 133, 364, 238, 236, 70, 403, 292, 343, 38, 360, 117, 64, 272, 473, 195, 363, 173, 460, 235, 48, 120, 281, 129, 175, 155, 106, 276, 137, 357, 295, 42, 268, 361, 172, 72, 405, 179, 334, 115, 284, 321, 362, 90, 350, 95, 441, 209, 46, 251, 198, 385, 31, 196, 444, 188, 373, 254, 20, 323, 306, 71, 380, 101, 99, 376, 113, 392, 17, 386, 74, 420, 220, 264, 356, 56, 84, 429, 88, 227, 124, 187, 387, 253, 12, 219, 122, 416, 149, 132, 159, 240, 237, 342, 49, 396, 55, 305, 130, 265, 119, 183, 294, 246, 41, 370, 332, 393, 169, 406, 186]
index list energy: 28229371.124372
Done


program ended at: 2020-04-06 16:36:29.551816 
 time delta: 17:40:36.809918
