## SLURM PROLOG ###############################################################
##    Job ID : 12004712
##  Job Name : new_and_improved?
##  Nodelist : node1131
##      CPUs : 1
##  Mem/Node : 1024 MB
## Directory : /gpfs/data/nfawzi/skale/Fawzi_pycharm_project
##   Started : Mon Apr  6 12:04:31 EDT 2020
###############################################################################
program started at:2020-04-06 12:04:32.946272
iterations: 72000000 temp: 1000000.0 exponent: 0.9 eif: 300.0
time taken (sec): 48810.76044368744
number of iterations: 72000000
final temperature: 159.26791088519815
og index list: [80, 401, 228, 352, 74, 208, 308, 452, 78, 183, 240, 470, 206, 287, 372, 428, 274, 313, 472, 132, 250, 230, 104, 100, 200, 63, 225, 315, 397, 288, 47, 81, 345, 355, 437, 168, 101, 421, 280, 226, 404, 443, 436, 269, 344, 336, 237, 245, 297, 406, 122, 136, 370, 358, 420, 71, 53, 139, 296, 43, 402, 84, 106, 73, 120, 161, 149, 129, 95, 187, 409, 134, 246, 194, 347, 216, 294, 155, 72, 91, 28, 64, 467, 405, 12, 0, 343, 88, 247, 457, 339, 93, 411, 174, 150, 312, 447, 178, 14, 205, 201, 17, 422, 158, 135, 354, 172, 115, 328, 199, 111, 382, 410, 433, 54, 48, 184, 330, 164, 464, 220, 61, 445, 218, 38, 110, 56, 295, 211, 389, 434, 1, 214, 55, 98, 435, 414, 236, 182, 241, 27, 275, 68, 171, 157, 233, 186, 9, 58, 235, 22, 356, 231, 209, 185, 25, 468, 285, 257, 305, 126, 439, 259, 99, 163, 338, 195, 438, 188, 341, 258, 473, 118, 329, 3, 112, 325, 45, 196, 203, 210, 5, 70, 306, 348, 317, 394, 167, 456, 392, 304, 450, 6, 138, 128, 365, 34, 374, 416, 227, 393, 169, 50, 65, 87, 331, 191, 153, 440, 160, 277, 426, 318, 156, 219, 107, 375, 7, 197, 46, 202, 76, 251, 212, 316, 273, 307, 141, 85, 59, 37, 346, 430, 145, 362, 103, 448, 35, 133, 62, 267, 239, 41, 83, 213, 36, 244, 255, 463, 385, 398, 419, 152, 311, 332, 366, 403, 144, 384, 289, 337, 11, 327, 177, 357, 234, 179, 378, 266, 353, 333, 461, 20, 459, 130, 340, 82, 151, 380, 415, 66, 217, 114, 57, 162, 102, 413, 117, 223, 222, 299, 32, 386, 465, 418, 407, 424, 2, 49, 423, 13, 147, 309, 364, 412, 159, 301, 284, 432, 387, 23, 381, 323, 90, 249, 321, 396, 367, 399, 371, 449, 16, 262, 148, 310, 124, 131, 96, 460, 265, 256, 125, 260, 361, 319, 121, 143, 342, 314, 39, 31, 453, 140, 170, 271, 97, 298, 176, 363, 471, 290, 51, 30, 252, 454, 282, 408, 377, 192, 469, 379, 442, 351, 15, 4, 388, 242, 391, 113, 238, 26, 300, 42, 21, 376, 444, 291, 431, 166, 279, 123, 303, 368, 334, 248, 165, 10, 232, 350, 119, 281, 278, 395, 221, 243, 253, 79, 322, 29, 137, 335, 383, 69, 52, 417, 108, 455, 75, 18, 261, 429, 229, 19, 67, 360, 320, 24, 254, 180, 77, 286, 446, 276, 193, 204, 8, 154, 89, 263, 92, 142, 60, 373, 44, 189, 175, 324, 390, 127, 462, 33, 224, 326, 425, 369, 173, 272, 146, 427, 181, 94, 109, 451, 458, 86, 207, 441, 292, 359, 190, 302, 116, 400, 215, 105, 270, 293, 40, 283, 268, 466, 198, 264, 349]
og index list energy: 239290035.2687344
index list: [273, 261, 345, 152, 204, 336, 10, 182, 286, 90, 346, 327, 128, 12, 62, 208, 422, 26, 385, 75, 324, 147, 231, 78, 269, 21, 354, 205, 214, 384, 202, 168, 360, 330, 28, 431, 136, 415, 7, 380, 101, 160, 372, 102, 379, 88, 364, 84, 370, 135, 72, 416, 314, 114, 396, 332, 246, 339, 180, 282, 222, 18, 411, 17, 436, 156, 57, 445, 203, 224, 458, 271, 283, 157, 470, 238, 104, 438, 151, 92, 250, 137, 162, 132, 305, 291, 419, 81, 392, 321, 408, 316, 403, 105, 426, 279, 176, 209, 39, 407, 95, 262, 466, 112, 68, 459, 45, 369, 29, 249, 318, 165, 473, 94, 82, 232, 87, 83, 350, 172, 326, 471, 23, 35, 381, 218, 229, 64, 301, 353, 251, 342, 253, 36, 463, 198, 405, 280, 409, 164, 334, 248, 178, 310, 358, 58, 97, 237, 361, 55, 439, 144, 424, 127, 383, 50, 349, 47, 460, 158, 315, 185, 447, 167, 270, 259, 118, 300, 255, 31, 450, 302, 391, 242, 285, 219, 456, 76, 437, 74, 421, 43, 428, 115, 113, 444, 22, 171, 290, 401, 131, 312, 60, 452, 59, 449, 129, 423, 213, 99, 454, 24, 457, 111, 303, 322, 107, 30, 216, 177, 432, 27, 393, 134, 328, 15, 469, 194, 195, 338, 54, 295, 20, 357, 4, 191, 5, 356, 2, 288, 170, 98, 417, 103, 440, 289, 267, 427, 188, 48, 201, 153, 138, 374, 254, 226, 100, 355, 223, 340, 96, 1, 265, 80, 235, 0, 236, 196, 11, 211, 344, 335, 108, 85, 51, 308, 184, 66, 122, 220, 192, 462, 38, 272, 228, 146, 240, 239, 53, 166, 367, 266, 351, 268, 467, 190, 359, 333, 413, 77, 212, 252, 247, 121, 329, 49, 397, 296, 234, 257, 299, 320, 73, 256, 274, 323, 52, 150, 402, 281, 70, 446, 304, 464, 46, 434, 116, 33, 390, 6, 448, 294, 183, 181, 343, 264, 472, 217, 378, 56, 245, 109, 278, 106, 311, 89, 287, 284, 139, 93, 19, 400, 233, 126, 79, 207, 363, 293, 140, 8, 406, 119, 215, 120, 14, 362, 244, 430, 91, 398, 149, 110, 187, 258, 377, 13, 442, 230, 387, 9, 37, 461, 163, 376, 241, 453, 130, 389, 173, 435, 117, 414, 161, 347, 25, 410, 71, 373, 141, 388, 179, 451, 221, 382, 307, 227, 352, 41, 297, 169, 145, 124, 65, 67, 143, 155, 317, 125, 175, 425, 337, 40, 455, 32, 375, 193, 3, 341, 123, 429, 159, 142, 365, 306, 418, 325, 368, 197, 210, 206, 394, 199, 200, 186, 399, 44, 441, 189, 366, 263, 331, 468, 313, 133, 34, 69, 465, 174, 225, 371, 42, 298, 16, 433, 243, 420, 61, 309, 86, 63, 412, 260, 395, 154, 319, 292, 276, 443, 277, 386, 348, 148, 404, 275]
index list energy: 25798732.659792352
Done


program ended at: 2020-04-07 01:38:04.076936 
 time delta: 13:33:31.130664
