## SLURM PROLOG ###############################################################
##    Job ID : 11946052
##  Job Name : new_and_improved?
##  Nodelist : node1620
##      CPUs : 1
##  Mem/Node : 1024 MB
## Directory : /gpfs/data/nfawzi/skale/Fawzi_pycharm_project
##   Started : Sun Apr  5 22:55:52 EDT 2020
###############################################################################
program started at:2020-04-05 22:55:53.094538
iterations: 72000000 temp: 1000000.0 exponent: 0.9 eif: 300.0
time taken (sec): 71152.14602732658
number of iterations: 72000000
final temperature: 159.26791088519815
og index list: [172, 332, 153, 139, 72, 285, 367, 268, 464, 334, 330, 441, 452, 256, 196, 298, 283, 152, 435, 343, 104, 197, 353, 219, 351, 138, 8, 397, 338, 132, 262, 36, 398, 29, 134, 425, 75, 423, 444, 226, 151, 239, 231, 168, 462, 453, 470, 54, 345, 301, 411, 220, 69, 146, 193, 27, 426, 67, 308, 292, 314, 127, 118, 448, 55, 408, 379, 354, 238, 248, 184, 10, 185, 348, 98, 439, 421, 358, 165, 60, 412, 413, 188, 282, 387, 431, 339, 161, 471, 321, 18, 394, 456, 41, 316, 39, 204, 160, 396, 244, 440, 364, 25, 110, 46, 273, 433, 279, 357, 391, 235, 80, 465, 85, 336, 356, 81, 377, 148, 136, 287, 179, 342, 191, 467, 126, 53, 281, 442, 94, 349, 6, 299, 128, 158, 35, 280, 434, 249, 30, 68, 253, 149, 43, 269, 23, 112, 210, 383, 325, 58, 293, 370, 306, 410, 76, 48, 102, 320, 216, 32, 403, 278, 190, 303, 200, 406, 313, 140, 261, 194, 305, 404, 304, 458, 432, 167, 318, 1, 373, 328, 222, 91, 107, 11, 52, 437, 145, 40, 214, 143, 294, 7, 163, 44, 295, 246, 171, 340, 77, 17, 106, 267, 181, 288, 419, 446, 47, 120, 5, 381, 123, 28, 252, 24, 258, 322, 12, 34, 393, 417, 366, 64, 57, 341, 457, 182, 380, 116, 405, 461, 21, 416, 155, 449, 66, 175, 16, 198, 105, 455, 463, 323, 376, 169, 243, 274, 359, 242, 212, 176, 33, 15, 374, 472, 111, 100, 2, 344, 454, 289, 223, 137, 87, 247, 162, 101, 460, 384, 447, 206, 13, 260, 438, 92, 109, 286, 407, 164, 144, 229, 186, 335, 297, 414, 203, 333, 337, 208, 250, 187, 388, 385, 65, 19, 228, 131, 451, 114, 50, 95, 331, 302, 150, 375, 89, 217, 386, 300, 173, 130, 174, 362, 245, 61, 78, 363, 409, 74, 213, 103, 240, 232, 205, 154, 192, 264, 360, 427, 99, 119, 4, 79, 42, 329, 209, 141, 469, 22, 177, 310, 31, 129, 83, 73, 350, 311, 395, 178, 156, 473, 90, 108, 361, 0, 59, 218, 97, 45, 207, 233, 70, 430, 199, 86, 296, 215, 9, 135, 291, 201, 317, 62, 84, 347, 20, 236, 445, 355, 307, 263, 166, 399, 195, 257, 436, 51, 115, 372, 224, 275, 56, 371, 251, 122, 415, 276, 96, 400, 234, 382, 230, 422, 272, 390, 352, 259, 324, 82, 402, 3, 202, 211, 142, 183, 71, 290, 14, 237, 221, 63, 124, 157, 121, 265, 37, 401, 284, 254, 346, 170, 315, 424, 147, 125, 225, 369, 117, 49, 227, 312, 468, 277, 113, 255, 365, 189, 88, 418, 133, 241, 271, 93, 450, 309, 266, 319, 159, 420, 368, 270, 378, 392, 38, 326, 327, 459, 429, 389, 466, 443, 180, 26, 428]
og index list energy: 262399312.85841
index list: [189, 148, 318, 219, 357, 39, 352, 261, 433, 245, 14, 226, 428, 93, 154, 284, 67, 231, 158, 424, 95, 118, 25, 340, 199, 206, 210, 314, 417, 109, 362, 105, 397, 182, 128, 183, 306, 367, 76, 203, 310, 380, 130, 437, 55, 419, 160, 311, 146, 259, 461, 19, 387, 6, 455, 4, 361, 194, 197, 188, 462, 27, 440, 15, 303, 238, 155, 58, 1, 405, 267, 381, 106, 138, 411, 331, 52, 99, 431, 249, 297, 85, 53, 0, 467, 291, 92, 274, 448, 195, 37, 427, 90, 346, 70, 458, 17, 432, 79, 470, 324, 233, 129, 91, 436, 264, 459, 175, 281, 418, 84, 368, 221, 435, 50, 135, 167, 444, 309, 383, 156, 378, 179, 124, 330, 94, 262, 379, 166, 125, 400, 143, 342, 47, 421, 133, 445, 213, 420, 100, 423, 294, 299, 301, 385, 43, 359, 229, 344, 104, 382, 248, 354, 332, 295, 190, 410, 192, 228, 348, 21, 239, 71, 283, 7, 386, 141, 64, 322, 208, 391, 120, 144, 28, 218, 243, 472, 186, 370, 268, 413, 275, 439, 165, 372, 237, 289, 451, 223, 464, 225, 395, 217, 162, 126, 269, 83, 329, 132, 69, 373, 337, 422, 110, 159, 335, 320, 285, 263, 101, 33, 438, 209, 176, 207, 35, 408, 5, 463, 325, 240, 446, 22, 407, 316, 177, 319, 293, 34, 277, 343, 42, 140, 406, 113, 54, 57, 82, 350, 254, 256, 211, 80, 180, 399, 242, 364, 222, 304, 279, 426, 16, 377, 200, 394, 8, 429, 181, 441, 2, 334, 45, 201, 235, 10, 89, 60, 355, 59, 345, 72, 204, 202, 215, 443, 36, 278, 286, 123, 134, 430, 139, 365, 87, 265, 111, 63, 108, 149, 258, 147, 255, 185, 388, 212, 288, 466, 75, 250, 174, 30, 97, 150, 260, 308, 187, 328, 77, 51, 415, 137, 369, 61, 402, 26, 392, 103, 323, 112, 220, 244, 371, 251, 452, 29, 473, 68, 276, 468, 56, 358, 224, 305, 173, 347, 65, 393, 290, 363, 115, 107, 44, 122, 336, 356, 227, 31, 252, 184, 296, 302, 86, 131, 145, 49, 73, 384, 270, 24, 447, 11, 338, 12, 300, 161, 170, 412, 280, 376, 116, 471, 312, 282, 246, 327, 142, 457, 172, 152, 469, 38, 460, 121, 456, 333, 48, 315, 307, 13, 360, 241, 416, 151, 232, 272, 236, 253, 205, 196, 198, 353, 32, 414, 62, 273, 425, 119, 216, 41, 349, 157, 102, 351, 78, 287, 214, 114, 398, 168, 191, 171, 40, 193, 20, 3, 409, 46, 136, 317, 9, 326, 396, 271, 313, 234, 449, 292, 401, 18, 450, 164, 434, 153, 390, 169, 442, 321, 453, 96, 374, 117, 366, 74, 341, 81, 465, 98, 403, 163, 375, 178, 404, 339, 23, 257, 454, 66, 247, 266, 298, 88, 127, 389, 230]
index list energy: 28832459.136223663
Done


program ended at: 2020-04-06 18:41:45.596389 
 time delta: 19:45:52.501851
