## SLURM PROLOG ###############################################################
##    Job ID : 11946019
##  Job Name : new_and_improved?
##  Nodelist : node1613
##      CPUs : 1
##  Mem/Node : 1024 MB
## Directory : /gpfs/data/nfawzi/skale/Fawzi_pycharm_project
##   Started : Sun Apr  5 22:55:49 EDT 2020
###############################################################################
program started at:2020-04-05 22:55:52.078547
iterations: 72000000 temp: 1000000.0 exponent: 0.9 eif: 300.0
time taken (sec): 64007.90897679329
number of iterations: 72000000
final temperature: 159.26791088519815
og index list: [285, 435, 300, 53, 381, 196, 118, 346, 287, 425, 54, 383, 409, 5, 468, 464, 256, 385, 91, 40, 141, 195, 29, 252, 242, 280, 273, 410, 402, 384, 254, 448, 161, 269, 19, 318, 11, 145, 429, 35, 398, 214, 330, 51, 106, 98, 112, 341, 192, 295, 313, 79, 245, 416, 31, 59, 292, 299, 305, 298, 431, 400, 463, 47, 85, 456, 217, 73, 147, 367, 101, 369, 372, 128, 235, 355, 270, 230, 347, 103, 49, 224, 260, 393, 187, 219, 267, 345, 186, 275, 146, 215, 253, 43, 419, 66, 336, 250, 266, 399, 377, 353, 243, 362, 151, 177, 148, 237, 20, 138, 302, 261, 143, 171, 33, 310, 257, 24, 95, 78, 248, 182, 109, 343, 283, 88, 358, 122, 438, 21, 181, 45, 460, 155, 154, 111, 453, 157, 335, 75, 117, 308, 332, 32, 200, 96, 221, 56, 113, 311, 436, 41, 12, 374, 28, 284, 306, 455, 454, 414, 432, 121, 114, 179, 251, 350, 140, 4, 395, 290, 23, 156, 378, 213, 2, 126, 450, 123, 467, 168, 338, 364, 307, 396, 387, 124, 76, 394, 405, 165, 86, 428, 150, 342, 173, 421, 368, 389, 37, 403, 339, 89, 281, 7, 205, 320, 191, 188, 445, 407, 55, 127, 391, 3, 134, 426, 6, 314, 83, 105, 473, 16, 176, 323, 451, 129, 189, 408, 352, 136, 206, 131, 289, 92, 388, 361, 163, 329, 208, 170, 277, 107, 309, 304, 375, 229, 337, 288, 197, 72, 322, 226, 472, 158, 359, 406, 379, 423, 70, 48, 449, 420, 360, 461, 458, 30, 44, 194, 119, 61, 469, 459, 62, 380, 160, 115, 397, 452, 93, 130, 17, 263, 441, 137, 271, 82, 234, 444, 22, 65, 466, 209, 232, 144, 291, 303, 412, 278, 233, 415, 125, 201, 465, 149, 207, 152, 64, 52, 262, 184, 382, 81, 418, 279, 26, 34, 282, 110, 344, 356, 447, 87, 159, 94, 349, 202, 249, 97, 301, 216, 227, 74, 172, 77, 222, 178, 231, 328, 236, 133, 223, 108, 446, 135, 354, 225, 57, 67, 333, 27, 462, 433, 286, 9, 471, 315, 247, 166, 427, 340, 363, 404, 193, 183, 296, 69, 0, 373, 457, 240, 220, 167, 162, 198, 327, 316, 14, 351, 386, 46, 50, 246, 139, 180, 324, 325, 434, 437, 10, 175, 211, 164, 244, 331, 15, 268, 210, 401, 238, 376, 357, 265, 334, 1, 153, 422, 25, 185, 317, 18, 169, 430, 241, 239, 90, 203, 8, 319, 38, 100, 104, 297, 390, 348, 80, 366, 264, 204, 39, 312, 326, 36, 470, 60, 102, 68, 443, 255, 71, 440, 371, 42, 116, 439, 190, 365, 258, 294, 424, 63, 142, 321, 84, 218, 442, 212, 392, 58, 199, 417, 259, 120, 370, 228, 99, 272, 411, 174, 274, 13, 132, 276, 413, 293]
og index list energy: 251760539.43515256
index list: [405, 275, 191, 424, 28, 449, 163, 319, 329, 103, 382, 242, 452, 7, 323, 227, 462, 206, 211, 445, 243, 432, 157, 456, 229, 366, 274, 38, 391, 110, 306, 93, 358, 117, 443, 312, 317, 51, 453, 25, 298, 50, 464, 217, 86, 113, 401, 203, 6, 204, 212, 371, 210, 337, 199, 346, 195, 471, 300, 136, 80, 16, 434, 40, 438, 146, 55, 271, 264, 287, 148, 364, 120, 85, 156, 276, 388, 99, 325, 440, 101, 392, 165, 213, 256, 58, 418, 54, 37, 427, 190, 207, 9, 468, 198, 439, 202, 279, 412, 169, 334, 98, 402, 335, 365, 179, 460, 143, 308, 87, 426, 127, 72, 429, 17, 251, 245, 175, 303, 181, 116, 155, 451, 129, 435, 42, 238, 437, 112, 332, 385, 247, 70, 369, 145, 351, 173, 81, 433, 273, 182, 248, 344, 152, 397, 280, 355, 47, 406, 159, 13, 66, 15, 258, 299, 41, 420, 330, 244, 448, 231, 180, 124, 49, 404, 109, 92, 35, 302, 374, 235, 267, 403, 12, 340, 96, 459, 56, 398, 132, 447, 138, 232, 104, 416, 184, 219, 236, 36, 338, 263, 209, 4, 381, 8, 233, 125, 428, 107, 0, 415, 53, 400, 23, 407, 261, 290, 450, 168, 188, 269, 20, 140, 295, 328, 89, 162, 82, 178, 446, 186, 341, 266, 223, 118, 137, 97, 395, 237, 444, 262, 396, 171, 2, 387, 291, 94, 441, 83, 293, 252, 324, 216, 73, 361, 149, 356, 3, 357, 196, 386, 208, 32, 241, 283, 68, 313, 383, 144, 277, 108, 26, 249, 461, 200, 399, 197, 370, 91, 192, 467, 135, 339, 185, 153, 265, 158, 1, 10, 297, 326, 57, 278, 230, 289, 305, 193, 189, 194, 76, 347, 84, 389, 281, 282, 215, 34, 286, 318, 77, 61, 421, 272, 46, 394, 250, 31, 345, 172, 336, 95, 384, 71, 390, 75, 362, 327, 121, 363, 39, 348, 154, 65, 222, 257, 431, 63, 88, 167, 18, 414, 67, 393, 309, 458, 45, 354, 111, 174, 29, 425, 24, 239, 33, 176, 214, 322, 255, 259, 44, 373, 160, 377, 62, 472, 30, 11, 126, 333, 454, 147, 59, 270, 376, 134, 27, 442, 5, 48, 353, 142, 128, 170, 463, 64, 119, 226, 352, 254, 123, 409, 115, 343, 310, 78, 183, 304, 284, 106, 342, 316, 166, 473, 321, 246, 139, 164, 413, 311, 19, 131, 457, 320, 21, 60, 423, 331, 187, 466, 285, 69, 419, 218, 141, 122, 410, 22, 228, 359, 220, 224, 422, 130, 288, 378, 90, 114, 411, 221, 301, 465, 292, 408, 268, 375, 205, 253, 14, 315, 177, 150, 234, 240, 360, 151, 430, 294, 470, 100, 372, 225, 367, 43, 469, 74, 380, 105, 350, 314, 368, 102, 417, 161, 436, 260, 455, 296, 307, 79, 349, 52, 379, 133, 201]
index list energy: 26847166.87309528
Done


program ended at: 2020-04-06 16:42:40.445076 
 time delta: 17:46:48.366529
