## SLURM PROLOG ###############################################################
##    Job ID : 11951692
##  Job Name : new_and_improved?
##  Nodelist : node1119
##      CPUs : 1
##  Mem/Node : 1024 MB
## Directory : /gpfs/data/nfawzi/skale/Fawzi_pycharm_project
##   Started : Mon Apr  6 00:10:29 EDT 2020
###############################################################################
program started at:2020-04-06 00:10:31.301627
iterations: 72000000 temp: 1000000.0 exponent: 0.9 eif: 300.0
time taken (sec): 44729.27518248558
number of iterations: 72000000
final temperature: 159.26791088519815
og index list: [73, 379, 80, 143, 56, 211, 367, 30, 44, 418, 346, 185, 291, 465, 215, 77, 167, 342, 406, 457, 55, 290, 410, 136, 91, 340, 105, 26, 461, 31, 104, 331, 422, 395, 435, 424, 314, 14, 369, 293, 219, 172, 383, 458, 187, 260, 226, 50, 405, 2, 198, 49, 156, 387, 69, 296, 111, 106, 16, 96, 238, 408, 12, 129, 186, 10, 319, 34, 61, 396, 62, 327, 299, 300, 375, 271, 66, 390, 223, 278, 402, 184, 21, 97, 264, 257, 89, 169, 470, 423, 473, 138, 23, 447, 102, 385, 397, 123, 71, 117, 101, 145, 60, 326, 270, 430, 376, 455, 65, 250, 324, 459, 393, 244, 48, 282, 54, 381, 352, 437, 392, 88, 341, 272, 208, 6, 38, 115, 356, 58, 472, 274, 449, 249, 87, 343, 240, 294, 35, 27, 159, 353, 262, 466, 357, 137, 441, 22, 125, 182, 153, 151, 304, 258, 43, 161, 351, 90, 81, 134, 203, 45, 419, 52, 248, 128, 39, 120, 339, 436, 42, 440, 68, 142, 140, 362, 133, 360, 118, 110, 358, 163, 51, 37, 204, 237, 25, 100, 401, 209, 261, 443, 420, 200, 389, 19, 462, 86, 224, 464, 332, 284, 302, 433, 144, 344, 206, 17, 11, 334, 197, 190, 194, 103, 99, 374, 234, 76, 365, 254, 253, 425, 239, 7, 196, 179, 285, 429, 380, 228, 241, 308, 155, 416, 350, 456, 164, 306, 18, 252, 225, 400, 126, 158, 57, 403, 413, 451, 135, 28, 442, 328, 20, 273, 359, 220, 311, 75, 318, 32, 337, 309, 94, 122, 147, 323, 149, 41, 454, 229, 146, 95, 236, 213, 189, 222, 321, 33, 471, 364, 428, 349, 181, 412, 338, 469, 170, 295, 320, 193, 333, 72, 415, 70, 345, 1, 177, 83, 9, 329, 307, 174, 201, 114, 368, 315, 450, 195, 92, 63, 53, 325, 188, 230, 64, 148, 411, 439, 468, 221, 124, 218, 210, 394, 3, 287, 246, 47, 317, 8, 180, 251, 460, 178, 409, 24, 141, 154, 280, 173, 305, 245, 445, 116, 303, 127, 247, 363, 427, 269, 205, 266, 259, 36, 347, 355, 322, 448, 183, 98, 370, 130, 288, 243, 372, 404, 426, 263, 131, 421, 227, 74, 434, 301, 233, 286, 330, 40, 463, 384, 407, 354, 276, 467, 452, 216, 371, 121, 119, 242, 15, 313, 446, 113, 171, 168, 279, 59, 310, 366, 361, 268, 202, 112, 414, 175, 109, 108, 292, 139, 297, 150, 316, 93, 289, 192, 277, 78, 132, 176, 232, 431, 283, 152, 160, 165, 231, 417, 4, 162, 5, 348, 438, 388, 398, 298, 256, 275, 214, 235, 373, 84, 382, 212, 336, 391, 46, 399, 281, 386, 432, 207, 166, 191, 67, 378, 107, 444, 0, 157, 29, 335, 312, 85, 267, 13, 79, 82, 377, 199, 265, 217, 453, 255]
og index list energy: 234157181.00934076
index list: [2, 236, 20, 32, 319, 312, 347, 7, 135, 155, 420, 73, 344, 49, 166, 148, 371, 221, 346, 195, 197, 452, 134, 464, 15, 228, 292, 353, 301, 379, 316, 361, 123, 446, 90, 428, 77, 342, 154, 257, 438, 102, 305, 51, 378, 38, 72, 317, 46, 470, 190, 207, 360, 199, 457, 9, 408, 211, 201, 325, 171, 16, 436, 202, 205, 393, 151, 176, 246, 107, 132, 150, 189, 76, 467, 53, 411, 0, 1, 288, 153, 461, 161, 17, 322, 326, 439, 58, 435, 104, 471, 229, 245, 279, 426, 45, 62, 278, 115, 359, 78, 181, 432, 23, 308, 336, 235, 14, 366, 31, 368, 318, 70, 423, 147, 163, 381, 262, 418, 264, 183, 217, 232, 157, 427, 95, 383, 130, 472, 112, 48, 175, 86, 47, 315, 328, 192, 444, 206, 200, 430, 331, 382, 223, 380, 186, 466, 165, 118, 179, 114, 244, 404, 224, 358, 273, 402, 100, 364, 127, 460, 327, 87, 162, 302, 91, 392, 94, 451, 289, 425, 196, 193, 36, 256, 293, 385, 54, 386, 138, 415, 291, 345, 194, 198, 365, 269, 240, 441, 52, 276, 307, 33, 406, 187, 370, 68, 468, 160, 140, 413, 61, 465, 88, 63, 372, 141, 283, 149, 11, 122, 124, 330, 111, 180, 234, 459, 83, 422, 247, 168, 97, 105, 473, 225, 266, 469, 321, 431, 173, 241, 458, 75, 373, 146, 259, 320, 152, 233, 226, 282, 71, 82, 355, 144, 143, 350, 332, 295, 39, 449, 56, 93, 409, 3, 396, 227, 433, 85, 390, 50, 252, 210, 167, 443, 333, 35, 22, 214, 405, 24, 437, 131, 169, 126, 306, 329, 172, 66, 447, 41, 388, 89, 419, 159, 79, 239, 30, 188, 324, 294, 60, 128, 456, 237, 352, 99, 265, 26, 6, 341, 253, 335, 21, 374, 109, 453, 296, 416, 106, 117, 391, 271, 394, 8, 204, 142, 215, 351, 55, 401, 145, 120, 263, 12, 429, 286, 125, 424, 313, 348, 129, 287, 337, 250, 42, 25, 362, 84, 139, 64, 57, 297, 238, 448, 121, 343, 281, 108, 213, 274, 340, 254, 300, 110, 67, 434, 243, 284, 5, 191, 4, 209, 29, 349, 267, 445, 230, 440, 314, 184, 260, 417, 220, 203, 177, 37, 397, 103, 298, 101, 369, 255, 310, 258, 242, 450, 248, 182, 311, 116, 376, 421, 18, 367, 275, 403, 96, 387, 178, 414, 277, 377, 212, 339, 218, 136, 10, 92, 304, 231, 272, 407, 270, 323, 81, 334, 65, 156, 454, 137, 303, 158, 34, 222, 40, 389, 28, 356, 261, 174, 249, 395, 280, 462, 133, 375, 80, 74, 354, 216, 309, 268, 384, 251, 463, 219, 398, 290, 410, 164, 170, 43, 455, 208, 357, 185, 59, 285, 27, 412, 98, 400, 113, 299, 13, 338, 119, 363, 19, 399, 44, 442, 69]
index list energy: 27816304.985826924
Done


program ended at: 2020-04-06 12:36:00.958227 
 time delta: 12:25:29.656600
