## SLURM PROLOG ###############################################################
##    Job ID : 11946062
##  Job Name : new_and_improved?
##  Nodelist : node1624
##      CPUs : 1
##  Mem/Node : 1024 MB
## Directory : /gpfs/data/nfawzi/skale/Fawzi_pycharm_project
##   Started : Sun Apr  5 22:55:53 EDT 2020
###############################################################################
program started at:2020-04-05 22:55:53.359978
iterations: 72000000 temp: 1000000.0 exponent: 0.9 eif: 300.0
time taken (sec): 62239.514676094055
number of iterations: 72000000
final temperature: 159.26791088519815
og index list: [323, 394, 403, 174, 181, 351, 468, 227, 291, 234, 14, 70, 302, 74, 11, 17, 45, 16, 125, 256, 68, 2, 118, 443, 167, 405, 286, 165, 340, 245, 436, 171, 463, 233, 470, 91, 104, 162, 352, 4, 26, 272, 360, 428, 445, 170, 273, 374, 312, 253, 416, 458, 120, 285, 344, 260, 384, 395, 241, 92, 363, 387, 67, 51, 452, 333, 142, 448, 24, 140, 19, 47, 82, 422, 187, 243, 237, 319, 210, 251, 28, 432, 466, 27, 193, 225, 292, 98, 150, 15, 1, 408, 415, 12, 178, 195, 321, 399, 300, 201, 320, 21, 354, 425, 450, 109, 275, 279, 112, 414, 421, 324, 239, 254, 473, 66, 8, 40, 242, 367, 38, 263, 103, 30, 317, 370, 41, 310, 173, 232, 380, 449, 121, 339, 372, 336, 442, 314, 101, 139, 3, 238, 453, 364, 214, 53, 184, 444, 192, 71, 247, 309, 274, 290, 137, 454, 107, 172, 9, 446, 313, 293, 301, 283, 406, 393, 378, 255, 113, 388, 218, 433, 7, 63, 108, 155, 368, 123, 114, 431, 62, 409, 99, 43, 236, 29, 240, 196, 332, 390, 410, 77, 90, 469, 427, 127, 437, 418, 87, 235, 467, 156, 46, 305, 199, 211, 72, 203, 18, 73, 346, 56, 355, 80, 230, 96, 215, 217, 198, 371, 440, 244, 282, 294, 52, 31, 379, 25, 216, 376, 434, 252, 69, 85, 369, 169, 457, 228, 115, 459, 20, 188, 455, 186, 106, 222, 44, 128, 471, 126, 197, 10, 176, 306, 349, 149, 205, 338, 345, 206, 166, 76, 401, 280, 271, 307, 220, 157, 303, 281, 134, 209, 392, 65, 223, 257, 212, 75, 407, 269, 400, 334, 438, 377, 295, 296, 84, 322, 151, 37, 219, 331, 231, 362, 59, 261, 152, 361, 202, 182, 358, 430, 266, 97, 122, 110, 190, 58, 129, 131, 299, 89, 33, 158, 462, 265, 105, 391, 135, 460, 350, 136, 132, 148, 163, 207, 382, 60, 168, 54, 268, 161, 429, 55, 385, 146, 456, 389, 61, 318, 311, 270, 326, 259, 138, 347, 79, 194, 329, 179, 81, 94, 297, 154, 330, 472, 402, 36, 289, 100, 64, 102, 419, 88, 335, 343, 5, 337, 224, 0, 124, 130, 398, 250, 381, 327, 183, 441, 278, 262, 147, 117, 439, 133, 246, 23, 308, 464, 404, 153, 159, 185, 177, 258, 95, 248, 348, 22, 328, 451, 287, 264, 298, 13, 411, 325, 284, 57, 180, 423, 315, 204, 93, 249, 143, 164, 365, 277, 213, 175, 447, 119, 366, 465, 386, 420, 435, 357, 48, 373, 208, 356, 35, 160, 42, 341, 34, 288, 78, 83, 141, 144, 413, 226, 32, 396, 221, 316, 39, 461, 267, 276, 412, 426, 200, 86, 145, 6, 191, 424, 359, 50, 383, 375, 304, 342, 229, 49, 353, 417, 189, 397, 111, 116]
og index list energy: 247160500.15506545
index list: [220, 302, 408, 104, 430, 80, 117, 345, 314, 353, 264, 52, 454, 123, 400, 132, 413, 111, 212, 341, 6, 399, 171, 5, 424, 4, 384, 143, 398, 224, 64, 84, 78, 317, 269, 249, 396, 160, 338, 32, 366, 190, 193, 96, 201, 113, 211, 216, 306, 114, 272, 452, 243, 432, 321, 460, 325, 9, 204, 10, 395, 53, 427, 75, 382, 320, 57, 239, 94, 456, 186, 319, 289, 293, 388, 21, 108, 88, 448, 296, 279, 155, 355, 244, 82, 148, 182, 313, 394, 44, 443, 223, 409, 194, 197, 210, 215, 284, 266, 393, 178, 352, 295, 136, 363, 169, 389, 151, 407, 333, 288, 405, 254, 316, 265, 38, 370, 72, 417, 62, 425, 135, 339, 144, 346, 83, 433, 43, 305, 126, 137, 435, 312, 115, 450, 98, 308, 74, 410, 166, 124, 105, 376, 47, 421, 18, 392, 238, 179, 378, 172, 331, 159, 131, 156, 361, 241, 133, 436, 65, 451, 101, 67, 461, 218, 163, 472, 7, 439, 158, 134, 276, 79, 154, 347, 130, 431, 275, 434, 81, 419, 240, 449, 260, 307, 77, 86, 268, 362, 245, 63, 420, 229, 334, 49, 227, 342, 281, 106, 294, 437, 335, 357, 185, 214, 119, 303, 66, 192, 246, 129, 252, 68, 453, 274, 282, 15, 180, 213, 92, 208, 411, 128, 414, 332, 467, 164, 183, 251, 438, 36, 365, 196, 415, 199, 236, 206, 412, 336, 200, 374, 235, 26, 122, 35, 273, 375, 263, 442, 225, 465, 286, 176, 174, 146, 367, 56, 350, 45, 99, 422, 177, 191, 403, 189, 250, 149, 221, 441, 24, 255, 157, 349, 219, 259, 445, 120, 161, 17, 322, 318, 168, 207, 1, 112, 181, 423, 89, 167, 25, 404, 29, 228, 175, 416, 19, 397, 27, 59, 90, 162, 150, 380, 60, 323, 301, 23, 428, 267, 188, 20, 464, 2, 406, 3, 470, 271, 368, 253, 198, 440, 203, 466, 300, 48, 55, 385, 39, 444, 230, 34, 8, 258, 69, 373, 85, 22, 371, 202, 359, 14, 391, 95, 31, 40, 457, 326, 50, 364, 226, 329, 209, 76, 256, 139, 299, 107, 459, 247, 292, 51, 278, 16, 298, 262, 471, 13, 287, 237, 315, 87, 379, 125, 297, 121, 234, 455, 145, 217, 343, 285, 330, 242, 447, 309, 372, 310, 381, 61, 118, 103, 369, 100, 469, 277, 0, 463, 248, 426, 141, 233, 324, 127, 458, 109, 327, 231, 93, 358, 257, 71, 386, 165, 402, 147, 429, 70, 311, 205, 462, 91, 187, 337, 110, 328, 33, 348, 116, 354, 261, 232, 142, 222, 291, 170, 360, 270, 418, 153, 30, 12, 468, 54, 390, 173, 383, 152, 344, 290, 377, 304, 356, 58, 401, 138, 446, 42, 283, 102, 351, 41, 387, 184, 11, 46, 140, 28, 97, 73, 37, 473, 195, 340, 280]
index list energy: 27045369.665259745
Done


program ended at: 2020-04-06 16:13:13.237414 
 time delta: 17:17:19.877436
