## SLURM PROLOG ###############################################################
##    Job ID : 11986924
##  Job Name : new_and_improved?
##  Nodelist : node1311
##      CPUs : 1
##  Mem/Node : 1024 MB
## Directory : /gpfs/data/nfawzi/skale/Fawzi_pycharm_project
##   Started : Mon Apr  6 08:14:45 EDT 2020
###############################################################################
program started at:2020-04-06 08:14:54.194341
iterations: 72000000 temp: 1000000.0 exponent: 0.9 eif: 300.0
time taken (sec): 32674.678077697754
number of iterations: 72000000
final temperature: 159.26791088519815
og index list: [198, 15, 29, 284, 427, 356, 269, 380, 190, 371, 212, 56, 258, 362, 181, 437, 80, 431, 152, 322, 337, 405, 204, 164, 189, 445, 153, 278, 444, 121, 54, 397, 449, 247, 231, 299, 239, 191, 406, 440, 253, 424, 167, 295, 216, 373, 454, 428, 423, 393, 112, 285, 468, 315, 331, 101, 459, 433, 341, 213, 345, 100, 161, 430, 16, 469, 403, 7, 467, 438, 177, 369, 366, 404, 207, 377, 286, 248, 105, 442, 63, 83, 76, 20, 303, 62, 187, 65, 457, 455, 234, 146, 394, 353, 74, 346, 154, 124, 114, 137, 261, 391, 118, 171, 329, 352, 197, 249, 47, 448, 447, 368, 293, 8, 463, 328, 96, 45, 81, 263, 193, 90, 86, 230, 461, 233, 358, 265, 436, 298, 113, 22, 434, 46, 87, 166, 288, 419, 421, 330, 228, 117, 135, 326, 294, 252, 287, 452, 69, 97, 24, 334, 309, 363, 35, 220, 264, 236, 386, 160, 365, 388, 302, 133, 12, 2, 94, 349, 367, 473, 412, 310, 211, 6, 21, 314, 200, 71, 178, 250, 143, 18, 351, 201, 333, 44, 255, 42, 5, 323, 75, 409, 215, 453, 307, 422, 66, 155, 32, 316, 313, 296, 340, 145, 389, 48, 175, 79, 41, 39, 70, 300, 130, 256, 237, 364, 119, 413, 229, 159, 245, 33, 318, 387, 64, 129, 206, 218, 36, 195, 158, 312, 390, 52, 383, 165, 108, 235, 283, 26, 426, 439, 273, 147, 416, 470, 78, 446, 451, 279, 176, 243, 304, 376, 219, 141, 241, 223, 98, 162, 107, 379, 38, 224, 336, 392, 301, 222, 136, 28, 91, 291, 30, 208, 84, 411, 435, 372, 325, 40, 169, 471, 0, 109, 462, 89, 227, 168, 290, 425, 131, 53, 73, 104, 257, 350, 184, 274, 183, 378, 407, 359, 396, 182, 311, 360, 460, 102, 205, 464, 280, 308, 210, 132, 254, 120, 95, 355, 172, 402, 170, 126, 267, 414, 251, 196, 49, 214, 142, 370, 221, 347, 272, 72, 335, 375, 150, 67, 432, 410, 400, 122, 57, 34, 327, 13, 385, 415, 111, 401, 361, 456, 31, 348, 144, 268, 127, 199, 246, 9, 282, 319, 443, 281, 192, 338, 420, 156, 342, 173, 321, 242, 324, 148, 202, 332, 317, 395, 149, 343, 128, 37, 134, 275, 292, 10, 289, 259, 209, 381, 140, 441, 384, 276, 59, 344, 260, 465, 174, 203, 115, 3, 185, 429, 297, 179, 11, 186, 262, 240, 271, 106, 238, 125, 163, 4, 60, 226, 354, 217, 61, 55, 417, 116, 180, 306, 93, 374, 382, 270, 25, 266, 82, 151, 99, 68, 458, 88, 418, 51, 43, 58, 244, 103, 450, 110, 466, 232, 14, 85, 277, 139, 157, 17, 339, 188, 19, 472, 92, 398, 194, 123, 77, 357, 305, 27, 23, 138, 408, 225, 1, 399, 50, 320]
og index list energy: 275785103.57638717
index list: [286, 230, 450, 113, 361, 119, 256, 101, 177, 34, 212, 141, 452, 251, 120, 132, 305, 262, 371, 52, 130, 390, 324, 42, 462, 260, 427, 217, 464, 38, 114, 146, 419, 314, 276, 239, 259, 403, 99, 451, 254, 463, 200, 385, 199, 426, 243, 389, 158, 349, 93, 416, 26, 180, 232, 75, 381, 261, 448, 41, 454, 280, 338, 66, 24, 303, 226, 154, 417, 46, 325, 441, 197, 31, 458, 78, 415, 19, 156, 383, 33, 449, 175, 447, 293, 56, 421, 18, 400, 327, 273, 412, 9, 341, 198, 250, 307, 257, 431, 5, 267, 171, 191, 4, 20, 433, 32, 472, 7, 136, 292, 404, 103, 375, 3, 299, 244, 348, 271, 283, 65, 456, 14, 252, 133, 366, 187, 391, 112, 238, 357, 123, 179, 346, 237, 461, 245, 15, 264, 350, 165, 170, 434, 102, 380, 240, 467, 164, 347, 248, 437, 225, 356, 152, 223, 466, 2, 418, 188, 195, 354, 6, 184, 190, 196, 401, 211, 92, 25, 140, 288, 216, 318, 192, 258, 30, 429, 149, 351, 275, 379, 16, 340, 241, 438, 39, 409, 58, 392, 178, 411, 49, 344, 100, 122, 1, 153, 353, 160, 81, 342, 89, 370, 88, 118, 176, 473, 302, 405, 29, 410, 311, 68, 193, 63, 74, 155, 96, 343, 229, 208, 387, 116, 163, 455, 306, 414, 321, 378, 294, 55, 407, 145, 124, 61, 428, 182, 84, 284, 138, 365, 27, 214, 87, 471, 144, 80, 137, 362, 104, 367, 266, 265, 50, 97, 334, 313, 369, 320, 128, 442, 107, 246, 185, 373, 219, 358, 117, 247, 224, 22, 82, 319, 159, 83, 386, 172, 233, 0, 388, 131, 270, 166, 148, 86, 213, 368, 168, 420, 11, 423, 59, 328, 79, 430, 206, 40, 374, 21, 444, 235, 242, 228, 62, 323, 231, 67, 394, 57, 90, 308, 125, 376, 300, 336, 204, 91, 215, 317, 70, 372, 221, 360, 322, 326, 397, 10, 355, 105, 236, 285, 281, 424, 277, 399, 129, 227, 453, 94, 279, 432, 218, 64, 127, 345, 205, 249, 73, 460, 202, 329, 45, 12, 297, 316, 98, 457, 143, 352, 126, 121, 60, 134, 234, 151, 162, 408, 43, 445, 253, 8, 183, 189, 201, 194, 422, 269, 47, 110, 106, 95, 382, 51, 287, 17, 359, 139, 330, 161, 425, 115, 398, 310, 298, 220, 291, 142, 150, 363, 147, 263, 167, 278, 28, 108, 335, 13, 413, 48, 393, 203, 222, 44, 440, 69, 71, 396, 157, 459, 339, 255, 173, 304, 468, 23, 207, 333, 443, 295, 135, 85, 435, 296, 268, 469, 169, 446, 290, 54, 364, 36, 377, 53, 37, 439, 272, 402, 301, 406, 312, 465, 332, 289, 395, 76, 470, 210, 209, 111, 337, 35, 181, 274, 174, 309, 315, 72, 384, 109, 331, 77, 282, 436, 186]
index list energy: 27878367.14976184
Done


program ended at: 2020-04-06 17:19:29.250026 
 time delta: 9:04:35.055685
