## SLURM PROLOG ###############################################################
##    Job ID : 11965292
##  Job Name : new_and_improved?
##  Nodelist : node1140
##      CPUs : 1
##  Mem/Node : 1024 MB
## Directory : /gpfs/data/nfawzi/skale/Fawzi_pycharm_project
##   Started : Mon Apr  6 03:16:10 EDT 2020
###############################################################################
program started at:2020-04-06 03:16:19.389861
iterations: 72000000 temp: 1000000.0 exponent: 0.9 eif: 300.0
time taken (sec): 35858.20268583298
number of iterations: 72000000
final temperature: 159.26791088519815
og index list: [158, 29, 322, 249, 290, 49, 292, 168, 401, 56, 38, 471, 149, 423, 369, 247, 394, 47, 21, 255, 20, 439, 14, 437, 198, 184, 351, 173, 159, 294, 333, 318, 390, 229, 42, 441, 306, 246, 71, 95, 143, 257, 284, 197, 381, 304, 153, 398, 303, 97, 33, 374, 230, 406, 178, 445, 415, 416, 61, 319, 400, 59, 144, 180, 410, 11, 348, 186, 427, 433, 365, 182, 72, 422, 165, 354, 218, 227, 96, 108, 90, 420, 321, 45, 32, 467, 162, 457, 403, 261, 446, 404, 375, 79, 228, 140, 9, 242, 347, 380, 364, 430, 327, 147, 353, 131, 220, 252, 470, 310, 77, 203, 259, 214, 329, 121, 53, 155, 463, 111, 223, 157, 407, 288, 110, 89, 314, 265, 379, 18, 456, 385, 15, 34, 248, 377, 207, 277, 372, 346, 85, 320, 127, 105, 190, 469, 116, 425, 293, 58, 84, 54, 37, 330, 317, 209, 145, 421, 156, 418, 81, 276, 221, 113, 363, 302, 133, 174, 271, 224, 83, 226, 166, 358, 50, 361, 17, 285, 208, 268, 462, 64, 387, 43, 233, 225, 187, 356, 183, 266, 386, 256, 454, 130, 6, 126, 308, 343, 23, 296, 429, 28, 12, 106, 67, 295, 76, 66, 455, 192, 172, 412, 109, 103, 120, 31, 201, 392, 167, 340, 91, 137, 215, 237, 150, 449, 39, 240, 87, 438, 19, 101, 241, 107, 82, 269, 0, 245, 202, 336, 419, 453, 65, 250, 193, 278, 177, 148, 74, 370, 352, 434, 27, 57, 44, 417, 163, 112, 291, 136, 472, 152, 170, 160, 473, 362, 396, 122, 447, 176, 466, 63, 384, 328, 134, 244, 3, 117, 444, 5, 93, 335, 315, 251, 359, 468, 409, 325, 92, 22, 397, 309, 440, 286, 262, 238, 465, 460, 232, 210, 459, 383, 341, 461, 146, 405, 191, 424, 349, 316, 451, 297, 2, 283, 123, 253, 125, 10, 274, 339, 189, 378, 287, 86, 442, 62, 299, 326, 236, 195, 345, 41, 367, 342, 443, 279, 344, 373, 119, 273, 98, 114, 78, 331, 324, 431, 452, 357, 464, 450, 13, 175, 115, 205, 36, 305, 254, 239, 104, 80, 389, 337, 280, 164, 301, 289, 458, 139, 138, 75, 436, 161, 376, 270, 414, 408, 51, 135, 132, 70, 211, 435, 1, 234, 25, 142, 258, 204, 212, 213, 371, 196, 411, 55, 281, 16, 311, 282, 102, 24, 129, 181, 179, 199, 426, 368, 267, 313, 118, 60, 243, 188, 141, 312, 48, 355, 69, 99, 94, 350, 448, 298, 263, 7, 154, 219, 151, 4, 332, 264, 46, 124, 40, 88, 393, 169, 52, 222, 128, 200, 413, 382, 391, 360, 366, 428, 206, 26, 231, 432, 8, 323, 30, 399, 194, 307, 216, 217, 35, 73, 300, 235, 68, 272, 260, 171, 395, 388, 402, 334, 338, 275, 185, 100]
og index list energy: 268819201.1868286
index list: [241, 230, 122, 220, 73, 308, 146, 25, 459, 257, 283, 38, 348, 173, 72, 54, 231, 121, 354, 244, 441, 272, 298, 200, 355, 219, 222, 262, 413, 212, 246, 151, 35, 97, 41, 387, 336, 457, 261, 427, 205, 337, 184, 191, 442, 5, 407, 53, 278, 163, 299, 28, 207, 419, 4, 357, 2, 422, 267, 352, 102, 275, 470, 90, 80, 295, 84, 214, 22, 379, 280, 430, 328, 66, 389, 7, 349, 195, 188, 377, 198, 369, 87, 239, 62, 287, 180, 148, 391, 55, 428, 104, 454, 296, 332, 78, 86, 32, 375, 286, 129, 174, 68, 258, 135, 359, 156, 448, 147, 312, 432, 109, 276, 281, 106, 381, 259, 345, 85, 34, 227, 361, 233, 150, 311, 169, 438, 279, 436, 161, 364, 123, 170, 456, 226, 431, 100, 318, 42, 343, 115, 401, 131, 1, 424, 186, 414, 0, 294, 353, 320, 225, 325, 411, 277, 319, 242, 392, 19, 443, 13, 117, 386, 149, 134, 452, 250, 76, 360, 101, 12, 302, 402, 216, 89, 49, 373, 313, 444, 268, 435, 132, 450, 331, 335, 390, 69, 81, 306, 341, 179, 426, 264, 346, 187, 124, 157, 285, 120, 243, 399, 193, 9, 437, 26, 288, 199, 395, 27, 83, 324, 112, 289, 167, 108, 206, 229, 462, 105, 468, 119, 408, 67, 458, 47, 139, 265, 125, 143, 182, 107, 342, 203, 70, 162, 171, 17, 317, 95, 155, 356, 14, 344, 189, 201, 196, 385, 44, 434, 301, 412, 291, 423, 192, 130, 449, 240, 46, 461, 210, 36, 252, 23, 315, 213, 330, 91, 79, 439, 181, 185, 303, 71, 15, 256, 253, 61, 127, 420, 29, 374, 237, 383, 58, 297, 51, 284, 60, 183, 74, 300, 293, 160, 37, 421, 194, 197, 464, 190, 416, 39, 340, 177, 367, 21, 338, 64, 274, 418, 110, 316, 460, 326, 228, 11, 425, 45, 394, 98, 141, 465, 165, 362, 40, 159, 209, 202, 232, 158, 56, 403, 309, 350, 111, 463, 304, 282, 24, 429, 6, 33, 371, 145, 447, 136, 440, 93, 368, 152, 471, 211, 247, 255, 310, 323, 113, 144, 126, 249, 400, 3, 59, 322, 20, 347, 290, 366, 153, 415, 292, 339, 269, 65, 363, 137, 406, 50, 409, 166, 365, 128, 445, 223, 77, 82, 455, 245, 57, 133, 370, 307, 94, 404, 52, 398, 16, 466, 103, 140, 334, 217, 358, 175, 393, 178, 234, 410, 96, 384, 218, 333, 172, 116, 378, 263, 453, 238, 118, 8, 451, 31, 215, 251, 376, 224, 446, 273, 469, 260, 327, 254, 99, 270, 43, 329, 314, 417, 142, 388, 75, 433, 88, 236, 48, 305, 63, 380, 221, 382, 248, 473, 321, 208, 396, 138, 472, 266, 176, 168, 372, 271, 204, 235, 30, 351, 154, 92, 10, 397, 114, 467, 164, 405, 18]
index list energy: 26018203.791609246
Done


program ended at: 2020-04-06 13:13:57.963597 
 time delta: 9:57:38.573736
