## SLURM PROLOG ###############################################################
##    Job ID : 11945974
##  Job Name : new_and_improved?
##  Nodelist : node1144
##      CPUs : 1
##  Mem/Node : 1024 MB
## Directory : /gpfs/data/nfawzi/skale/Fawzi_pycharm_project
##   Started : Sun Apr  5 22:55:41 EDT 2020
###############################################################################
program started at:2020-04-05 22:55:44.917203
iterations: 72000000 temp: 1000000.0 exponent: 0.9 eif: 300.0
time taken (sec): 49556.33418011665
number of iterations: 72000000
final temperature: 159.26791088519815
og index list: [280, 374, 448, 183, 386, 423, 54, 344, 453, 155, 380, 371, 397, 372, 115, 456, 394, 437, 300, 45, 377, 163, 125, 13, 298, 62, 126, 447, 332, 340, 441, 81, 161, 199, 22, 392, 137, 135, 0, 222, 268, 28, 254, 191, 438, 150, 196, 70, 418, 290, 270, 312, 205, 181, 256, 309, 117, 129, 260, 131, 143, 433, 301, 464, 369, 146, 27, 148, 341, 46, 250, 327, 104, 179, 322, 203, 185, 92, 176, 240, 204, 232, 119, 247, 197, 389, 299, 360, 402, 411, 274, 347, 257, 39, 454, 368, 36, 336, 166, 229, 255, 317, 417, 169, 465, 55, 286, 390, 182, 415, 97, 313, 354, 306, 393, 37, 355, 44, 412, 201, 439, 14, 72, 214, 357, 134, 9, 420, 175, 382, 361, 350, 346, 63, 293, 294, 75, 440, 359, 122, 443, 385, 109, 108, 99, 221, 171, 263, 334, 407, 472, 147, 188, 42, 469, 173, 216, 238, 366, 6, 21, 430, 358, 10, 289, 78, 272, 114, 101, 120, 353, 225, 200, 35, 26, 318, 425, 231, 193, 187, 102, 267, 209, 259, 288, 112, 64, 239, 110, 2, 128, 326, 89, 462, 87, 302, 65, 168, 107, 265, 428, 86, 279, 59, 467, 292, 43, 424, 212, 335, 362, 90, 164, 71, 49, 321, 404, 287, 468, 80, 84, 435, 388, 51, 408, 345, 1, 230, 275, 223, 233, 351, 413, 253, 339, 315, 38, 405, 18, 140, 4, 157, 316, 283, 211, 452, 67, 68, 343, 165, 96, 291, 58, 419, 167, 121, 349, 113, 153, 177, 149, 195, 33, 466, 295, 285, 337, 130, 111, 237, 66, 249, 303, 305, 261, 323, 333, 376, 436, 61, 190, 455, 198, 416, 399, 434, 271, 228, 8, 273, 5, 234, 264, 133, 276, 98, 406, 243, 40, 151, 60, 387, 310, 186, 352, 138, 278, 17, 73, 105, 29, 219, 252, 100, 25, 282, 284, 30, 367, 162, 93, 180, 224, 20, 170, 379, 401, 194, 329, 320, 277, 244, 246, 308, 331, 12, 383, 144, 307, 410, 56, 258, 431, 127, 446, 227, 422, 95, 220, 50, 459, 342, 103, 174, 403, 79, 364, 34, 266, 218, 159, 242, 178, 470, 11, 7, 172, 460, 139, 41, 52, 236, 124, 158, 296, 365, 189, 338, 442, 330, 370, 375, 88, 378, 24, 297, 363, 184, 31, 348, 213, 217, 398, 77, 15, 427, 381, 202, 451, 400, 94, 132, 91, 450, 215, 53, 325, 248, 85, 123, 207, 160, 421, 395, 145, 457, 141, 281, 152, 245, 373, 76, 444, 226, 206, 328, 426, 356, 396, 429, 432, 136, 83, 156, 19, 208, 384, 69, 463, 210, 74, 314, 269, 57, 461, 324, 32, 319, 23, 16, 251, 311, 82, 391, 473, 142, 449, 458, 47, 192, 235, 3, 118, 409, 471, 116, 262, 48, 304, 154, 414, 445, 106, 241]
og index list energy: 286919735.35576594
index list: [120, 81, 93, 329, 49, 355, 38, 167, 463, 142, 452, 238, 373, 131, 311, 153, 461, 17, 414, 271, 370, 300, 126, 52, 148, 470, 151, 170, 351, 102, 389, 332, 469, 129, 57, 384, 279, 419, 143, 459, 241, 441, 103, 140, 99, 254, 328, 25, 377, 72, 307, 15, 246, 160, 365, 222, 292, 192, 330, 75, 362, 186, 369, 51, 444, 79, 62, 265, 225, 239, 240, 380, 24, 123, 256, 133, 453, 296, 425, 274, 272, 402, 175, 413, 113, 106, 348, 18, 290, 374, 331, 224, 152, 396, 266, 214, 32, 428, 195, 399, 189, 196, 347, 158, 145, 349, 135, 73, 395, 250, 202, 303, 171, 31, 20, 388, 5, 205, 353, 21, 191, 258, 122, 314, 372, 221, 375, 85, 124, 147, 185, 70, 354, 7, 182, 13, 357, 280, 386, 321, 288, 96, 471, 257, 455, 268, 323, 80, 216, 116, 308, 260, 315, 310, 97, 360, 173, 359, 65, 412, 112, 281, 443, 90, 345, 178, 415, 3, 451, 312, 0, 247, 208, 352, 199, 107, 356, 58, 439, 43, 340, 230, 223, 436, 169, 431, 249, 291, 381, 19, 405, 2, 385, 4, 35, 227, 187, 426, 194, 210, 457, 22, 387, 226, 282, 251, 276, 139, 363, 53, 366, 84, 448, 23, 14, 252, 89, 154, 166, 391, 313, 368, 165, 449, 179, 433, 309, 376, 121, 86, 42, 472, 294, 285, 27, 233, 218, 144, 87, 293, 397, 83, 350, 177, 215, 379, 119, 317, 115, 263, 364, 30, 34, 302, 367, 50, 236, 60, 150, 324, 59, 74, 336, 201, 219, 243, 393, 47, 407, 299, 245, 101, 435, 325, 445, 197, 447, 68, 110, 180, 403, 237, 465, 54, 278, 63, 37, 430, 262, 190, 404, 98, 1, 284, 8, 467, 333, 149, 11, 45, 394, 213, 26, 400, 69, 343, 61, 383, 231, 109, 155, 437, 157, 320, 206, 200, 193, 211, 114, 361, 67, 341, 159, 270, 442, 242, 410, 273, 406, 136, 77, 283, 111, 416, 339, 253, 29, 346, 184, 95, 127, 105, 162, 446, 235, 198, 423, 161, 39, 204, 36, 401, 66, 337, 141, 46, 82, 108, 255, 125, 134, 464, 286, 212, 118, 181, 183, 289, 466, 78, 232, 156, 128, 338, 137, 295, 76, 456, 10, 421, 217, 318, 28, 319, 335, 277, 420, 327, 41, 424, 146, 454, 104, 392, 229, 56, 305, 48, 440, 91, 434, 203, 40, 462, 176, 358, 117, 438, 261, 228, 12, 382, 174, 94, 298, 71, 342, 88, 408, 55, 468, 244, 92, 301, 297, 269, 168, 378, 33, 334, 44, 207, 409, 16, 304, 411, 172, 220, 132, 130, 422, 322, 267, 398, 164, 344, 163, 417, 234, 458, 264, 429, 275, 371, 138, 473, 248, 64, 209, 100, 432, 259, 427, 6, 460, 9, 418, 188, 326, 450, 316, 390, 306, 287]
index list energy: 28956235.647134606
Done


program ended at: 2020-04-06 12:41:41.621284 
 time delta: 13:45:56.704081
