## SLURM PROLOG ###############################################################
##    Job ID : 11945915
##  Job Name : new_and_improved?
##  Nodelist : node1162
##      CPUs : 1
##  Mem/Node : 1024 MB
## Directory : /gpfs/data/nfawzi/skale/Fawzi_pycharm_project
##   Started : Sun Apr  5 22:55:11 EDT 2020
###############################################################################
program started at:2020-04-05 22:55:16.214849
iterations: 72000000 temp: 1000000.0 exponent: 0.9 eif: 300.0
time taken (sec): 31580.766382932663
number of iterations: 72000000
final temperature: 159.26791088519815
og index list: [224, 64, 293, 209, 52, 81, 218, 377, 184, 276, 419, 194, 168, 17, 208, 445, 324, 142, 249, 453, 14, 16, 262, 38, 152, 418, 410, 110, 284, 451, 286, 74, 75, 283, 245, 404, 356, 100, 225, 247, 346, 363, 29, 352, 273, 358, 80, 96, 4, 131, 144, 337, 405, 117, 119, 460, 285, 54, 179, 360, 126, 349, 51, 403, 396, 439, 315, 228, 401, 299, 468, 122, 31, 323, 397, 329, 158, 1, 28, 175, 146, 49, 76, 289, 416, 32, 347, 250, 101, 92, 305, 191, 215, 280, 57, 380, 199, 392, 107, 116, 176, 71, 182, 210, 186, 84, 310, 7, 435, 429, 386, 446, 313, 385, 172, 41, 77, 95, 159, 223, 457, 203, 253, 331, 340, 351, 177, 272, 151, 279, 301, 48, 216, 83, 406, 196, 407, 399, 257, 362, 3, 2, 72, 469, 50, 133, 382, 174, 348, 87, 125, 292, 79, 365, 240, 449, 321, 335, 424, 242, 98, 381, 232, 431, 417, 473, 93, 384, 306, 441, 160, 281, 430, 180, 118, 274, 154, 161, 37, 60, 231, 376, 282, 140, 192, 395, 197, 472, 153, 193, 166, 443, 408, 390, 103, 311, 183, 219, 11, 139, 334, 270, 290, 456, 267, 91, 309, 389, 39, 27, 353, 212, 40, 378, 448, 412, 187, 181, 307, 364, 25, 248, 162, 120, 99, 345, 62, 155, 426, 164, 217, 104, 269, 374, 68, 357, 455, 185, 10, 339, 150, 359, 322, 466, 141, 421, 213, 420, 452, 45, 42, 67, 178, 227, 88, 318, 320, 450, 458, 115, 459, 387, 236, 325, 204, 33, 19, 256, 102, 341, 148, 43, 278, 201, 241, 344, 427, 221, 26, 296, 22, 336, 205, 230, 73, 394, 271, 206, 21, 428, 287, 244, 444, 338, 8, 370, 0, 170, 106, 89, 461, 254, 46, 200, 78, 300, 132, 265, 295, 438, 433, 379, 136, 291, 121, 65, 211, 371, 143, 303, 20, 298, 423, 415, 109, 246, 111, 198, 354, 61, 447, 330, 366, 260, 229, 400, 432, 264, 202, 398, 138, 226, 44, 294, 156, 85, 442, 189, 134, 268, 261, 333, 86, 129, 327, 163, 123, 326, 332, 434, 171, 367, 157, 361, 34, 58, 55, 277, 391, 312, 195, 6, 5, 36, 316, 207, 56, 275, 239, 255, 425, 165, 471, 90, 383, 319, 413, 342, 69, 308, 113, 393, 105, 375, 147, 63, 12, 343, 124, 259, 373, 369, 470, 243, 127, 454, 30, 130, 266, 235, 66, 402, 422, 137, 314, 237, 82, 173, 328, 23, 214, 263, 317, 97, 53, 368, 462, 190, 222, 465, 463, 9, 388, 350, 302, 145, 258, 251, 47, 24, 414, 114, 94, 288, 409, 467, 297, 464, 18, 252, 112, 13, 35, 108, 59, 411, 440, 70, 149, 220, 355, 167, 188, 128, 15, 169, 436, 304, 372, 234, 233, 135, 238, 437]
og index list energy: 268785255.4731386
index list: [320, 16, 252, 69, 389, 91, 417, 33, 298, 322, 249, 272, 357, 147, 255, 18, 305, 52, 158, 401, 326, 455, 289, 8, 308, 111, 333, 462, 123, 184, 66, 336, 97, 355, 23, 31, 439, 176, 315, 172, 120, 181, 351, 105, 38, 167, 99, 450, 195, 9, 345, 243, 126, 121, 397, 169, 77, 388, 100, 204, 325, 56, 449, 271, 311, 64, 68, 287, 134, 382, 230, 232, 119, 32, 393, 2, 319, 48, 110, 79, 239, 20, 359, 15, 279, 258, 216, 227, 467, 253, 199, 206, 200, 37, 473, 235, 266, 118, 312, 469, 75, 437, 25, 422, 274, 410, 295, 331, 285, 26, 86, 241, 159, 29, 201, 328, 194, 210, 171, 6, 471, 296, 174, 98, 92, 309, 426, 133, 124, 142, 318, 113, 34, 335, 381, 205, 448, 268, 416, 304, 349, 117, 145, 114, 364, 94, 464, 130, 237, 444, 316, 415, 131, 222, 332, 423, 152, 440, 80, 39, 387, 177, 170, 10, 372, 28, 396, 46, 156, 431, 51, 457, 128, 302, 277, 263, 360, 58, 428, 53, 366, 74, 386, 178, 234, 352, 101, 148, 466, 71, 112, 247, 299, 41, 297, 138, 78, 82, 356, 57, 424, 76, 403, 4, 458, 217, 362, 260, 441, 212, 265, 136, 267, 323, 59, 361, 160, 436, 144, 383, 132, 446, 164, 373, 168, 337, 250, 198, 215, 409, 223, 425, 102, 344, 95, 379, 300, 259, 283, 218, 208, 153, 1, 87, 341, 139, 405, 19, 412, 254, 411, 275, 402, 49, 180, 407, 54, 354, 22, 81, 418, 30, 209, 36, 350, 62, 286, 187, 276, 365, 192, 242, 463, 321, 395, 63, 281, 375, 0, 452, 21, 207, 420, 43, 214, 399, 191, 190, 5, 447, 3, 193, 202, 390, 14, 435, 262, 391, 273, 261, 45, 456, 245, 229, 429, 165, 432, 146, 327, 24, 150, 453, 211, 197, 188, 196, 392, 189, 183, 270, 384, 203, 40, 408, 149, 248, 454, 290, 374, 291, 339, 292, 278, 73, 460, 35, 103, 445, 7, 367, 60, 348, 233, 185, 85, 293, 284, 141, 251, 303, 42, 427, 17, 347, 89, 385, 125, 346, 47, 443, 106, 468, 330, 65, 246, 96, 377, 313, 363, 226, 329, 224, 161, 378, 109, 430, 151, 108, 72, 317, 213, 438, 306, 182, 127, 414, 107, 162, 137, 371, 12, 11, 459, 225, 334, 219, 461, 163, 394, 238, 155, 93, 404, 50, 406, 269, 88, 231, 129, 353, 324, 166, 433, 83, 157, 421, 67, 122, 257, 343, 244, 256, 44, 472, 175, 470, 70, 179, 282, 358, 154, 294, 228, 236, 13, 369, 27, 90, 240, 288, 338, 84, 368, 220, 310, 140, 434, 264, 376, 115, 370, 116, 280, 342, 186, 398, 307, 301, 55, 465, 221, 419, 173, 400, 314, 380, 104, 442, 143, 451, 135, 340, 61, 413]
index list energy: 27410195.440027725
Done


program ended at: 2020-04-06 07:41:37.321042 
 time delta: 8:46:21.106193
