## SLURM PROLOG ###############################################################
##    Job ID : 11945961
##  Job Name : new_and_improved?
##  Nodelist : node1303
##      CPUs : 1
##  Mem/Node : 1024 MB
## Directory : /gpfs/data/nfawzi/skale/Fawzi_pycharm_project
##   Started : Sun Apr  5 22:55:40 EDT 2020
###############################################################################
program started at:2020-04-05 22:55:44.906859
iterations: 72000000 temp: 1000000.0 exponent: 0.9 eif: 300.0
time taken (sec): 43503.45817732811
number of iterations: 72000000
final temperature: 159.26791088519815
og index list: [99, 38, 20, 86, 371, 129, 446, 83, 318, 260, 411, 404, 284, 272, 460, 79, 64, 245, 91, 243, 289, 186, 255, 432, 4, 419, 224, 101, 167, 413, 163, 242, 203, 143, 214, 310, 451, 177, 317, 228, 24, 156, 110, 395, 393, 249, 193, 280, 105, 8, 45, 165, 42, 295, 14, 183, 338, 305, 97, 430, 390, 286, 150, 190, 70, 135, 61, 273, 174, 374, 75, 443, 57, 392, 445, 340, 346, 35, 244, 218, 343, 100, 114, 372, 314, 247, 180, 373, 473, 291, 283, 416, 394, 339, 461, 107, 447, 196, 166, 157, 222, 300, 266, 359, 48, 238, 89, 332, 337, 239, 235, 16, 320, 412, 254, 349, 252, 225, 452, 53, 215, 194, 130, 271, 85, 369, 164, 108, 450, 463, 375, 65, 421, 54, 9, 278, 336, 462, 434, 40, 6, 356, 219, 169, 259, 294, 253, 118, 386, 141, 313, 153, 189, 437, 376, 122, 431, 211, 267, 168, 178, 472, 279, 146, 185, 325, 117, 387, 344, 63, 44, 221, 299, 233, 102, 303, 440, 93, 458, 43, 30, 383, 441, 380, 355, 220, 202, 170, 229, 98, 78, 435, 144, 263, 162, 179, 197, 3, 72, 425, 151, 149, 172, 429, 92, 230, 348, 301, 0, 377, 401, 410, 23, 76, 381, 456, 329, 109, 351, 25, 306, 84, 125, 442, 33, 240, 379, 120, 5, 142, 391, 96, 95, 406, 46, 50, 217, 182, 353, 41, 140, 248, 398, 195, 422, 311, 382, 250, 199, 49, 409, 152, 159, 270, 292, 454, 319, 205, 29, 362, 26, 1, 160, 448, 274, 12, 62, 470, 17, 59, 341, 34, 455, 171, 444, 330, 368, 414, 327, 427, 32, 192, 209, 207, 467, 407, 354, 402, 400, 256, 308, 312, 11, 268, 187, 397, 18, 322, 459, 73, 176, 22, 324, 104, 124, 285, 466, 403, 82, 27, 88, 181, 58, 241, 137, 13, 417, 19, 264, 7, 81, 74, 246, 60, 384, 155, 111, 55, 298, 145, 119, 277, 136, 133, 469, 71, 2, 251, 262, 68, 275, 77, 236, 426, 309, 464, 316, 191, 315, 198, 216, 123, 331, 361, 261, 116, 436, 66, 302, 433, 282, 94, 453, 276, 420, 115, 213, 112, 345, 439, 234, 131, 449, 408, 139, 90, 39, 321, 158, 323, 471, 365, 428, 148, 293, 357, 212, 126, 415, 328, 457, 287, 134, 80, 21, 132, 51, 257, 423, 67, 370, 200, 405, 223, 269, 175, 206, 226, 184, 103, 237, 290, 121, 296, 47, 385, 333, 326, 231, 367, 154, 127, 56, 366, 304, 288, 424, 36, 347, 161, 352, 438, 363, 378, 399, 227, 364, 15, 210, 188, 69, 173, 265, 128, 281, 106, 388, 31, 307, 147, 342, 37, 52, 360, 28, 350, 468, 204, 208, 389, 396, 418, 258, 10, 297, 201, 334, 358, 335, 87, 113, 138, 232, 465]
og index list energy: 283674323.7723067
index list: [215, 1, 15, 399, 47, 378, 11, 174, 159, 339, 212, 315, 141, 154, 246, 147, 310, 435, 181, 276, 21, 24, 303, 335, 102, 437, 314, 170, 363, 189, 343, 168, 448, 33, 443, 274, 184, 300, 312, 80, 22, 45, 295, 111, 431, 36, 457, 196, 398, 200, 190, 373, 28, 204, 164, 432, 251, 412, 316, 264, 460, 275, 414, 223, 308, 0, 371, 2, 201, 188, 267, 118, 320, 14, 305, 289, 408, 127, 60, 379, 158, 468, 66, 180, 349, 186, 359, 43, 404, 9, 421, 195, 321, 454, 294, 356, 125, 282, 465, 156, 393, 48, 397, 95, 401, 281, 425, 218, 93, 123, 417, 121, 97, 216, 76, 367, 42, 214, 12, 445, 144, 249, 82, 120, 59, 362, 104, 288, 94, 34, 302, 278, 69, 447, 322, 38, 254, 153, 411, 257, 311, 113, 405, 71, 353, 227, 358, 105, 375, 210, 199, 191, 402, 197, 5, 346, 3, 471, 165, 429, 290, 338, 224, 354, 151, 433, 238, 388, 193, 194, 32, 16, 171, 208, 235, 242, 419, 81, 374, 132, 387, 268, 455, 67, 145, 392, 248, 18, 415, 273, 453, 221, 436, 109, 228, 428, 27, 350, 173, 444, 96, 65, 341, 87, 360, 107, 406, 243, 63, 424, 116, 20, 449, 51, 416, 57, 126, 137, 407, 213, 240, 439, 225, 319, 78, 220, 53, 232, 4, 337, 150, 403, 211, 385, 325, 106, 37, 438, 272, 256, 279, 108, 83, 134, 472, 75, 351, 169, 470, 277, 441, 313, 461, 117, 400, 72, 54, 317, 247, 160, 396, 7, 136, 135, 323, 26, 99, 287, 462, 226, 130, 334, 332, 467, 233, 255, 157, 413, 79, 331, 293, 266, 298, 58, 162, 466, 62, 89, 258, 149, 192, 64, 326, 410, 328, 198, 131, 40, 207, 382, 172, 270, 35, 386, 185, 167, 61, 420, 139, 245, 50, 352, 114, 446, 39, 92, 327, 100, 306, 348, 163, 383, 41, 456, 229, 469, 110, 241, 381, 230, 77, 366, 318, 91, 252, 10, 183, 187, 370, 103, 430, 259, 146, 434, 17, 450, 101, 283, 301, 377, 309, 166, 380, 206, 209, 49, 299, 336, 239, 85, 329, 30, 140, 55, 342, 133, 426, 138, 52, 384, 90, 357, 292, 265, 73, 409, 285, 25, 19, 463, 260, 364, 176, 440, 161, 355, 6, 389, 205, 369, 31, 253, 46, 418, 177, 236, 175, 442, 250, 263, 219, 395, 8, 347, 202, 376, 68, 231, 203, 23, 286, 296, 330, 128, 155, 262, 124, 98, 459, 29, 422, 261, 390, 13, 284, 217, 122, 70, 391, 237, 464, 115, 423, 280, 372, 88, 368, 142, 56, 86, 244, 297, 324, 178, 394, 112, 307, 152, 365, 44, 361, 182, 291, 451, 74, 452, 179, 340, 119, 427, 333, 234, 458, 269, 84, 344, 222, 129, 271, 345, 143, 473, 304, 148]
index list energy: 29742137.57912751
Done


program ended at: 2020-04-06 11:00:49.094604 
 time delta: 12:05:04.187745
