## SLURM PROLOG ###############################################################
##    Job ID : 11946056
##  Job Name : new_and_improved?
##  Nodelist : node1620
##      CPUs : 1
##  Mem/Node : 1024 MB
## Directory : /gpfs/data/nfawzi/skale/Fawzi_pycharm_project
##   Started : Sun Apr  5 22:55:51 EDT 2020
###############################################################################
program started at:2020-04-05 22:55:52.013518
iterations: 72000000 temp: 1000000.0 exponent: 0.9 eif: 300.0
time taken (sec): 63039.06185460091
number of iterations: 72000000
final temperature: 159.26791088519815
og index list: [157, 264, 0, 200, 147, 422, 168, 68, 239, 444, 455, 452, 20, 462, 242, 181, 459, 109, 65, 23, 188, 272, 386, 82, 294, 276, 158, 351, 220, 14, 62, 341, 154, 301, 176, 232, 246, 126, 359, 112, 140, 468, 244, 280, 326, 277, 440, 91, 279, 104, 473, 250, 67, 255, 203, 309, 213, 165, 118, 226, 450, 146, 266, 425, 373, 285, 42, 161, 116, 439, 337, 153, 325, 385, 201, 107, 379, 353, 193, 58, 12, 330, 268, 259, 47, 97, 355, 417, 328, 43, 345, 287, 145, 321, 383, 251, 454, 310, 15, 395, 314, 451, 207, 360, 288, 100, 311, 108, 453, 428, 407, 218, 315, 45, 437, 472, 190, 106, 282, 175, 463, 364, 123, 196, 418, 21, 124, 319, 248, 366, 2, 32, 399, 63, 172, 117, 228, 128, 433, 199, 160, 144, 103, 443, 225, 74, 424, 223, 461, 33, 28, 284, 356, 332, 152, 308, 191, 235, 187, 224, 388, 137, 29, 206, 73, 95, 179, 37, 101, 83, 75, 336, 229, 99, 349, 5, 76, 304, 347, 130, 110, 372, 86, 50, 344, 204, 64, 368, 438, 134, 275, 115, 141, 120, 167, 217, 238, 51, 363, 302, 258, 52, 293, 414, 338, 260, 9, 162, 150, 166, 367, 411, 182, 392, 313, 57, 131, 393, 466, 305, 273, 26, 174, 119, 77, 194, 436, 96, 429, 415, 322, 151, 464, 263, 143, 49, 210, 252, 180, 416, 320, 236, 79, 286, 135, 269, 81, 173, 3, 105, 297, 339, 156, 215, 390, 202, 85, 41, 72, 27, 403, 434, 227, 122, 435, 133, 155, 139, 98, 420, 270, 222, 142, 102, 374, 402, 365, 296, 318, 88, 178, 195, 127, 410, 233, 16, 307, 300, 398, 371, 48, 265, 358, 11, 17, 125, 221, 401, 60, 262, 348, 469, 18, 317, 212, 343, 209, 430, 54, 234, 389, 449, 457, 419, 35, 10, 342, 404, 171, 405, 291, 170, 352, 467, 245, 471, 231, 92, 382, 149, 40, 192, 387, 36, 409, 113, 78, 114, 421, 335, 333, 431, 256, 71, 136, 87, 370, 247, 271, 295, 56, 316, 6, 384, 375, 312, 183, 84, 211, 427, 281, 46, 423, 214, 164, 186, 354, 53, 323, 30, 38, 240, 460, 445, 138, 94, 254, 465, 129, 163, 369, 448, 44, 70, 257, 412, 61, 274, 329, 185, 378, 361, 243, 426, 406, 292, 397, 205, 89, 169, 267, 219, 230, 376, 391, 261, 24, 298, 303, 456, 69, 340, 396, 458, 31, 470, 80, 331, 334, 1, 22, 253, 381, 148, 66, 432, 111, 447, 90, 327, 197, 121, 362, 19, 184, 132, 283, 350, 198, 346, 357, 442, 159, 299, 55, 93, 8, 189, 7, 13, 290, 400, 413, 216, 39, 394, 249, 25, 177, 237, 278, 59, 208, 4, 289, 446, 408, 380, 377, 306, 241, 34, 441, 324]
og index list energy: 243102104.4438269
index list: [102, 236, 238, 347, 49, 356, 38, 67, 383, 39, 451, 164, 340, 3, 371, 186, 407, 4, 191, 392, 185, 401, 24, 110, 113, 97, 80, 178, 435, 46, 386, 173, 410, 336, 204, 171, 8, 437, 5, 404, 2, 467, 209, 31, 203, 338, 263, 465, 36, 398, 242, 423, 321, 229, 348, 222, 285, 71, 426, 314, 320, 74, 458, 211, 198, 359, 12, 303, 253, 219, 227, 92, 17, 126, 302, 145, 360, 316, 468, 312, 271, 472, 40, 293, 322, 268, 140, 233, 255, 331, 301, 170, 96, 459, 10, 232, 248, 308, 169, 343, 281, 282, 334, 174, 85, 439, 249, 470, 76, 298, 26, 288, 41, 366, 146, 259, 167, 379, 117, 269, 134, 375, 136, 51, 430, 73, 156, 162, 378, 19, 193, 188, 438, 199, 207, 189, 421, 72, 355, 90, 433, 61, 297, 63, 425, 43, 319, 125, 273, 86, 196, 194, 197, 190, 415, 176, 374, 217, 305, 23, 311, 120, 94, 427, 75, 122, 456, 95, 442, 33, 449, 6, 201, 172, 210, 99, 443, 280, 397, 177, 408, 208, 448, 123, 416, 129, 286, 291, 450, 237, 429, 220, 266, 283, 132, 252, 202, 460, 147, 310, 295, 241, 382, 180, 384, 27, 464, 32, 387, 157, 228, 135, 258, 187, 444, 69, 159, 272, 376, 200, 195, 405, 142, 372, 307, 151, 441, 115, 403, 7, 91, 369, 13, 447, 168, 18, 214, 300, 289, 45, 246, 206, 65, 108, 304, 155, 264, 82, 57, 469, 412, 16, 130, 50, 364, 328, 313, 453, 79, 393, 60, 324, 84, 127, 353, 89, 149, 9, 326, 402, 14, 251, 323, 93, 141, 390, 274, 414, 15, 34, 179, 337, 184, 138, 440, 66, 235, 243, 37, 373, 20, 284, 25, 150, 59, 418, 137, 400, 244, 432, 83, 388, 143, 87, 424, 128, 118, 52, 221, 385, 42, 349, 0, 395, 144, 409, 104, 365, 152, 278, 101, 154, 78, 342, 58, 1, 462, 133, 389, 81, 182, 48, 358, 106, 422, 53, 64, 166, 419, 139, 239, 216, 262, 461, 257, 231, 247, 158, 411, 333, 428, 68, 30, 183, 325, 354, 332, 368, 212, 431, 261, 455, 35, 22, 317, 111, 454, 56, 124, 103, 226, 265, 77, 446, 330, 100, 315, 290, 381, 47, 362, 88, 70, 344, 175, 473, 213, 391, 299, 254, 98, 339, 225, 345, 223, 275, 361, 116, 367, 250, 160, 445, 192, 327, 21, 363, 335, 466, 205, 215, 29, 380, 11, 370, 279, 256, 62, 329, 112, 218, 161, 119, 287, 351, 107, 463, 224, 406, 131, 109, 413, 277, 452, 240, 352, 44, 234, 396, 230, 318, 28, 417, 153, 341, 105, 377, 55, 350, 165, 394, 163, 399, 267, 420, 54, 457, 294, 181, 296, 276, 434, 292, 245, 121, 357, 260, 309, 114, 471, 270, 346, 306, 436, 148]
index list energy: 27675540.37023106
Done


program ended at: 2020-04-06 16:26:31.421847 
 time delta: 17:30:39.408329
