## SLURM PROLOG ###############################################################
##    Job ID : 11946035
##  Job Name : new_and_improved?
##  Nodelist : node1615
##      CPUs : 1
##  Mem/Node : 1024 MB
## Directory : /gpfs/data/nfawzi/skale/Fawzi_pycharm_project
##   Started : Sun Apr  5 22:55:50 EDT 2020
###############################################################################
program started at:2020-04-05 22:55:51.985957
iterations: 72000000 temp: 1000000.0 exponent: 0.9 eif: 300.0
time taken (sec): 60270.56540822983
number of iterations: 72000000
final temperature: 159.26791088519815
og index list: [17, 6, 259, 336, 283, 428, 454, 128, 322, 184, 398, 79, 124, 216, 85, 383, 304, 449, 107, 44, 396, 448, 356, 98, 241, 68, 30, 56, 134, 155, 198, 461, 114, 436, 342, 110, 326, 346, 281, 252, 92, 319, 287, 377, 41, 246, 65, 457, 118, 292, 89, 395, 325, 275, 422, 193, 338, 29, 157, 78, 270, 368, 218, 344, 15, 278, 354, 167, 450, 260, 174, 63, 161, 223, 123, 137, 374, 99, 400, 329, 105, 298, 80, 159, 55, 273, 203, 170, 127, 176, 417, 253, 116, 290, 312, 74, 220, 88, 462, 363, 341, 231, 169, 345, 49, 255, 131, 306, 343, 357, 267, 45, 409, 82, 261, 370, 148, 244, 328, 347, 327, 264, 402, 72, 369, 441, 243, 405, 31, 439, 185, 375, 5, 221, 247, 141, 136, 97, 310, 427, 425, 238, 122, 229, 459, 379, 95, 366, 242, 274, 20, 272, 168, 372, 309, 230, 399, 332, 38, 101, 412, 102, 109, 473, 420, 446, 120, 294, 392, 197, 171, 7, 373, 21, 228, 407, 382, 201, 191, 195, 3, 37, 465, 265, 286, 32, 430, 62, 139, 130, 321, 135, 353, 177, 397, 266, 330, 390, 324, 456, 51, 277, 418, 316, 239, 335, 150, 403, 280, 179, 385, 351, 233, 73, 90, 355, 384, 463, 447, 313, 245, 11, 237, 381, 112, 129, 187, 13, 297, 364, 388, 301, 106, 387, 359, 164, 140, 438, 100, 455, 24, 87, 125, 213, 36, 69, 248, 172, 19, 76, 365, 146, 440, 339, 0, 320, 34, 471, 285, 26, 460, 1, 64, 367, 86, 331, 59, 429, 235, 47, 94, 257, 9, 411, 60, 296, 121, 333, 426, 263, 196, 451, 156, 52, 340, 2, 42, 18, 28, 61, 282, 458, 53, 303, 189, 8, 217, 183, 393, 175, 115, 25, 215, 406, 315, 67, 151, 145, 206, 152, 293, 337, 153, 190, 207, 308, 424, 443, 39, 117, 182, 467, 50, 251, 144, 472, 389, 22, 16, 154, 234, 414, 149, 413, 258, 181, 291, 404, 96, 349, 192, 173, 386, 209, 262, 40, 66, 93, 227, 376, 279, 57, 468, 91, 358, 43, 226, 224, 470, 180, 4, 464, 435, 269, 299, 361, 104, 133, 222, 219, 142, 445, 200, 162, 126, 23, 401, 444, 166, 371, 83, 81, 350, 212, 307, 419, 14, 416, 380, 186, 415, 300, 138, 268, 160, 71, 147, 240, 433, 256, 33, 113, 391, 103, 305, 48, 188, 469, 302, 84, 58, 178, 111, 214, 317, 452, 194, 434, 236, 165, 163, 318, 199, 158, 348, 314, 432, 423, 250, 27, 249, 466, 46, 437, 378, 421, 289, 295, 143, 77, 70, 205, 394, 288, 108, 453, 323, 276, 225, 442, 431, 211, 210, 352, 75, 334, 271, 10, 360, 132, 119, 408, 208, 204, 311, 12, 254, 35, 54, 362, 202, 232, 410, 284]
og index list energy: 256769889.79099828
index list: [215, 236, 95, 458, 135, 47, 371, 245, 85, 432, 182, 187, 407, 7, 470, 166, 464, 160, 155, 140, 242, 368, 292, 428, 19, 207, 374, 206, 447, 304, 33, 161, 451, 249, 448, 327, 13, 66, 418, 294, 297, 158, 423, 197, 435, 200, 210, 162, 137, 349, 238, 258, 124, 30, 329, 263, 401, 40, 356, 36, 403, 74, 406, 79, 362, 22, 395, 332, 404, 126, 132, 139, 381, 48, 324, 142, 376, 67, 430, 77, 323, 233, 125, 148, 454, 89, 80, 322, 57, 388, 221, 63, 317, 133, 49, 419, 180, 27, 308, 156, 421, 23, 284, 129, 231, 181, 465, 78, 65, 350, 257, 427, 103, 360, 168, 250, 28, 413, 99, 214, 192, 393, 318, 175, 460, 90, 164, 409, 339, 93, 217, 92, 225, 424, 72, 167, 307, 268, 391, 190, 194, 188, 342, 267, 466, 186, 321, 402, 247, 178, 114, 346, 62, 389, 14, 456, 213, 121, 459, 147, 110, 312, 436, 248, 320, 173, 415, 255, 59, 281, 455, 157, 352, 333, 420, 83, 417, 54, 473, 280, 372, 275, 463, 309, 53, 444, 88, 227, 384, 241, 347, 39, 319, 296, 138, 295, 208, 228, 24, 469, 50, 365, 105, 400, 8, 204, 35, 300, 176, 115, 361, 107, 283, 145, 38, 184, 12, 289, 471, 101, 302, 422, 42, 357, 131, 254, 75, 411, 244, 232, 87, 385, 61, 351, 123, 286, 218, 260, 353, 2, 452, 153, 154, 26, 11, 326, 345, 285, 196, 37, 298, 240, 338, 32, 373, 3, 230, 315, 279, 265, 64, 6, 364, 94, 398, 273, 468, 151, 366, 271, 152, 354, 195, 199, 86, 69, 97, 52, 358, 0, 441, 100, 183, 235, 128, 122, 222, 109, 282, 261, 380, 29, 396, 177, 390, 104, 5, 108, 4, 149, 216, 191, 170, 243, 111, 256, 328, 91, 252, 198, 276, 433, 9, 425, 46, 363, 55, 440, 165, 394, 290, 412, 316, 387, 274, 341, 237, 405, 299, 313, 130, 429, 193, 325, 159, 171, 20, 344, 202, 377, 15, 288, 259, 442, 112, 25, 119, 106, 220, 269, 51, 343, 293, 287, 303, 113, 41, 446, 21, 82, 60, 445, 134, 431, 185, 453, 68, 56, 179, 472, 301, 340, 143, 369, 141, 439, 264, 382, 229, 379, 98, 437, 71, 334, 272, 348, 211, 31, 209, 336, 467, 251, 234, 386, 44, 1, 410, 277, 378, 253, 189, 335, 461, 219, 337, 262, 201, 17, 449, 311, 73, 136, 150, 146, 438, 10, 278, 144, 84, 174, 127, 102, 370, 306, 408, 45, 359, 331, 305, 169, 399, 266, 367, 76, 450, 70, 330, 172, 43, 416, 203, 226, 18, 392, 120, 314, 239, 310, 118, 116, 397, 223, 16, 375, 58, 462, 205, 34, 270, 443, 163, 457, 224, 426, 117, 246, 96, 434, 212, 414, 355, 291, 383, 81]
index list energy: 27043058.93857024
Done


program ended at: 2020-04-06 15:40:22.902558 
 time delta: 16:44:30.916601
