## SLURM PROLOG ###############################################################
##    Job ID : 12003147
##  Job Name : new_and_improved?
##  Nodelist : node1128
##      CPUs : 1
##  Mem/Node : 1024 MB
## Directory : /gpfs/data/nfawzi/skale/Fawzi_pycharm_project
##   Started : Mon Apr  6 11:32:16 EDT 2020
###############################################################################
program started at:2020-04-06 11:32:18.056415
iterations: 72000000 temp: 1000000.0 exponent: 0.9 eif: 300.0
time taken (sec): 43416.28154563904
number of iterations: 72000000
final temperature: 159.26791088519815
og index list: [333, 374, 314, 399, 49, 93, 450, 123, 192, 248, 66, 75, 257, 346, 17, 118, 369, 302, 246, 407, 411, 247, 250, 182, 44, 88, 184, 446, 288, 149, 463, 362, 98, 316, 315, 298, 145, 271, 100, 267, 9, 22, 468, 243, 211, 255, 45, 382, 284, 68, 258, 136, 473, 202, 94, 230, 210, 434, 191, 81, 262, 187, 366, 357, 218, 281, 405, 132, 235, 249, 253, 451, 109, 188, 287, 326, 229, 334, 89, 104, 173, 295, 307, 95, 21, 34, 363, 33, 69, 421, 186, 244, 472, 198, 378, 349, 128, 276, 329, 416, 290, 137, 32, 157, 384, 181, 0, 23, 25, 67, 370, 63, 48, 457, 55, 219, 331, 52, 412, 285, 165, 341, 348, 180, 110, 106, 433, 209, 420, 112, 135, 327, 116, 38, 240, 297, 161, 10, 208, 54, 438, 345, 342, 435, 279, 325, 400, 292, 318, 133, 76, 156, 467, 266, 296, 260, 107, 336, 381, 373, 241, 351, 37, 335, 127, 53, 383, 322, 129, 65, 96, 462, 300, 402, 223, 175, 397, 273, 119, 312, 153, 459, 283, 197, 236, 432, 415, 178, 8, 232, 205, 272, 51, 212, 395, 337, 237, 282, 46, 11, 453, 256, 294, 338, 79, 309, 50, 340, 47, 396, 30, 162, 305, 194, 43, 82, 190, 91, 386, 20, 74, 353, 31, 303, 154, 430, 99, 360, 436, 444, 226, 85, 62, 304, 460, 2, 280, 377, 214, 392, 199, 150, 224, 196, 221, 120, 403, 359, 344, 203, 461, 158, 148, 70, 361, 200, 5, 431, 90, 372, 16, 442, 311, 57, 177, 201, 167, 41, 263, 102, 454, 274, 350, 441, 437, 4, 42, 428, 207, 389, 103, 56, 388, 29, 64, 310, 86, 466, 264, 375, 7, 286, 61, 225, 317, 233, 410, 379, 458, 3, 238, 393, 176, 414, 390, 122, 354, 215, 80, 217, 59, 404, 470, 301, 429, 142, 265, 171, 111, 324, 376, 401, 471, 6, 113, 163, 365, 422, 14, 36, 356, 77, 84, 291, 332, 18, 418, 131, 330, 424, 313, 289, 408, 147, 406, 166, 358, 143, 426, 126, 114, 92, 159, 71, 252, 321, 385, 117, 371, 364, 261, 183, 40, 308, 195, 234, 28, 204, 155, 299, 328, 172, 174, 151, 206, 141, 124, 275, 72, 26, 231, 160, 254, 323, 398, 319, 465, 1, 125, 12, 417, 456, 105, 269, 24, 168, 220, 228, 270, 443, 78, 347, 355, 144, 391, 164, 439, 73, 130, 367, 101, 245, 387, 268, 134, 35, 83, 193, 213, 409, 146, 413, 121, 13, 343, 87, 19, 222, 27, 97, 259, 140, 455, 278, 445, 452, 352, 447, 138, 380, 216, 108, 39, 152, 427, 464, 394, 293, 419, 169, 170, 60, 449, 115, 251, 425, 320, 306, 469, 189, 440, 339, 179, 448, 15, 242, 227, 185, 139, 423, 277, 368, 58, 239]
og index list energy: 264238019.59109753
index list: [299, 243, 214, 408, 271, 288, 202, 147, 77, 92, 203, 296, 473, 42, 452, 186, 443, 41, 70, 465, 116, 377, 310, 411, 178, 2, 330, 4, 393, 91, 358, 185, 428, 52, 187, 453, 220, 249, 286, 224, 216, 59, 82, 283, 151, 445, 144, 345, 131, 40, 204, 285, 250, 10, 37, 398, 254, 62, 118, 36, 378, 74, 351, 222, 292, 263, 353, 65, 201, 188, 236, 194, 432, 32, 437, 244, 372, 274, 363, 241, 391, 158, 360, 136, 327, 322, 171, 235, 197, 206, 207, 200, 210, 199, 441, 325, 355, 166, 282, 123, 329, 71, 409, 120, 311, 80, 119, 22, 218, 73, 287, 51, 392, 87, 47, 58, 53, 162, 0, 1, 128, 97, 112, 328, 137, 389, 13, 362, 190, 439, 5, 380, 196, 349, 179, 431, 165, 469, 44, 276, 338, 294, 454, 273, 438, 240, 394, 264, 379, 314, 381, 221, 420, 238, 321, 464, 48, 467, 213, 111, 386, 176, 406, 95, 12, 208, 153, 320, 172, 38, 252, 270, 340, 7, 342, 160, 390, 43, 347, 267, 387, 76, 463, 105, 373, 113, 256, 54, 383, 336, 198, 435, 326, 228, 239, 24, 68, 374, 101, 402, 169, 237, 232, 242, 141, 337, 461, 93, 370, 33, 403, 109, 157, 460, 223, 29, 462, 46, 424, 248, 293, 371, 309, 444, 117, 121, 369, 90, 170, 459, 67, 397, 154, 466, 177, 148, 149, 472, 25, 30, 457, 192, 284, 132, 308, 63, 385, 316, 319, 413, 225, 16, 414, 15, 183, 39, 20, 421, 219, 272, 419, 31, 191, 388, 35, 212, 318, 180, 468, 339, 26, 134, 365, 129, 83, 450, 85, 344, 257, 300, 182, 211, 471, 230, 350, 45, 401, 168, 78, 23, 399, 247, 251, 146, 470, 14, 215, 332, 184, 302, 86, 181, 315, 69, 34, 107, 368, 301, 434, 57, 359, 135, 159, 245, 98, 418, 50, 400, 125, 456, 143, 429, 152, 122, 334, 100, 265, 331, 417, 81, 382, 173, 423, 145, 404, 139, 407, 8, 405, 209, 66, 189, 108, 306, 21, 278, 261, 297, 72, 343, 277, 305, 64, 333, 451, 11, 259, 346, 227, 150, 298, 106, 75, 356, 269, 84, 410, 280, 396, 281, 361, 290, 317, 130, 114, 175, 446, 226, 449, 161, 17, 458, 262, 364, 115, 427, 88, 231, 233, 127, 341, 195, 376, 9, 455, 268, 357, 279, 440, 55, 422, 61, 430, 49, 412, 133, 375, 3, 442, 104, 193, 102, 258, 348, 289, 255, 89, 167, 79, 323, 126, 94, 155, 295, 27, 140, 99, 246, 103, 352, 142, 234, 425, 18, 433, 229, 436, 96, 56, 19, 367, 266, 138, 426, 335, 28, 366, 253, 205, 448, 174, 6, 291, 303, 313, 164, 416, 60, 354, 110, 324, 312, 124, 260, 156, 447, 217, 415, 163, 395, 304, 384, 307, 275]
index list energy: 27740250.974370386
Done


program ended at: 2020-04-06 23:35:54.702235 
 time delta: 12:03:36.645820
