## SLURM PROLOG ###############################################################
##    Job ID : 12005055
##  Job Name : new_and_improved?
##  Nodelist : node1131
##      CPUs : 1
##  Mem/Node : 1024 MB
## Directory : /gpfs/data/nfawzi/skale/Fawzi_pycharm_project
##   Started : Mon Apr  6 12:26:45 EDT 2020
###############################################################################
program started at:2020-04-06 12:26:45.894946
iterations: 72000000 temp: 1000000.0 exponent: 0.9 eif: 300.0
time taken (sec): 48593.12473988533
number of iterations: 72000000
final temperature: 159.26791088519815
og index list: [0, 338, 335, 29, 344, 456, 154, 446, 457, 294, 87, 417, 302, 107, 328, 260, 117, 450, 468, 196, 24, 287, 167, 454, 290, 333, 288, 470, 81, 447, 244, 160, 330, 373, 138, 256, 423, 326, 304, 104, 419, 146, 314, 323, 264, 341, 452, 265, 200, 129, 76, 336, 451, 217, 108, 455, 426, 121, 54, 210, 26, 343, 5, 340, 346, 371, 133, 175, 226, 112, 202, 301, 232, 49, 33, 393, 53, 4, 205, 182, 445, 383, 172, 467, 47, 10, 158, 75, 212, 374, 460, 157, 263, 187, 375, 276, 206, 247, 79, 51, 267, 351, 277, 61, 228, 103, 193, 186, 331, 238, 308, 342, 310, 266, 387, 224, 274, 58, 356, 120, 322, 271, 97, 435, 137, 220, 403, 110, 258, 365, 64, 17, 280, 414, 246, 345, 225, 7, 176, 57, 128, 208, 191, 145, 254, 380, 149, 305, 385, 111, 391, 321, 472, 141, 469, 239, 464, 297, 166, 429, 218, 30, 45, 372, 68, 168, 28, 124, 48, 444, 275, 348, 282, 234, 316, 74, 113, 296, 320, 397, 36, 357, 270, 90, 369, 70, 9, 3, 62, 368, 44, 261, 354, 211, 400, 363, 401, 339, 181, 253, 165, 306, 144, 23, 420, 96, 15, 184, 353, 408, 73, 63, 388, 438, 222, 2, 434, 441, 309, 55, 143, 319, 197, 439, 458, 352, 95, 243, 362, 131, 223, 466, 279, 139, 430, 185, 69, 78, 16, 6, 465, 273, 245, 156, 155, 311, 431, 364, 183, 272, 421, 461, 109, 25, 199, 227, 411, 198, 94, 173, 436, 355, 406, 337, 11, 85, 66, 233, 84, 462, 83, 80, 237, 179, 404, 425, 148, 98, 318, 209, 60, 106, 14, 40, 252, 101, 102, 440, 382, 34, 422, 216, 43, 77, 119, 347, 88, 235, 379, 405, 82, 327, 315, 432, 92, 249, 135, 459, 361, 448, 291, 395, 1, 242, 22, 378, 122, 142, 240, 259, 396, 215, 299, 427, 86, 415, 46, 18, 12, 136, 105, 152, 381, 295, 285, 229, 19, 59, 163, 442, 389, 214, 241, 114, 71, 50, 100, 437, 147, 188, 255, 284, 269, 350, 289, 125, 31, 392, 127, 251, 257, 334, 416, 189, 153, 262, 13, 203, 332, 115, 99, 89, 164, 190, 292, 370, 412, 473, 236, 317, 386, 37, 39, 428, 150, 384, 194, 281, 180, 204, 132, 278, 171, 169, 134, 307, 418, 195, 230, 268, 140, 349, 376, 325, 367, 161, 221, 293, 409, 402, 463, 394, 366, 231, 93, 471, 312, 286, 32, 56, 453, 123, 41, 52, 20, 91, 159, 219, 329, 313, 72, 407, 433, 8, 213, 300, 178, 360, 443, 358, 21, 116, 151, 248, 449, 42, 67, 390, 207, 424, 377, 303, 174, 118, 192, 177, 170, 201, 130, 359, 324, 162, 413, 27, 283, 38, 398, 126, 410, 35, 298, 250, 399, 65]
og index list energy: 258604344.25719702
index list: [15, 435, 266, 364, 0, 1, 239, 121, 431, 153, 408, 130, 449, 321, 349, 43, 355, 163, 244, 386, 22, 468, 116, 467, 285, 42, 97, 433, 52, 451, 111, 26, 397, 8, 369, 47, 338, 28, 295, 109, 149, 24, 258, 372, 177, 405, 188, 196, 4, 413, 3, 423, 133, 378, 195, 92, 178, 50, 232, 331, 222, 230, 382, 235, 243, 402, 210, 35, 108, 324, 138, 457, 119, 51, 103, 411, 311, 206, 199, 353, 212, 265, 79, 89, 427, 16, 469, 56, 455, 264, 429, 174, 203, 169, 357, 60, 82, 293, 359, 141, 94, 144, 317, 158, 401, 68, 415, 185, 376, 299, 325, 366, 164, 337, 9, 339, 217, 356, 257, 150, 463, 113, 388, 221, 461, 241, 395, 220, 314, 438, 41, 140, 399, 55, 462, 105, 367, 267, 344, 294, 298, 225, 442, 262, 365, 53, 470, 273, 362, 327, 316, 166, 319, 157, 154, 204, 6, 441, 336, 209, 253, 200, 422, 263, 99, 342, 223, 256, 95, 323, 46, 303, 213, 77, 159, 13, 384, 291, 385, 81, 439, 275, 437, 229, 207, 193, 190, 313, 389, 189, 37, 371, 197, 368, 74, 286, 59, 126, 274, 434, 335, 307, 19, 444, 67, 390, 49, 347, 309, 25, 252, 247, 36, 351, 30, 391, 107, 62, 396, 31, 268, 426, 40, 453, 271, 272, 465, 248, 443, 330, 142, 410, 38, 392, 72, 18, 297, 318, 76, 450, 91, 228, 192, 341, 151, 131, 123, 305, 71, 290, 393, 208, 194, 466, 250, 29, 236, 165, 215, 201, 302, 139, 226, 460, 322, 132, 245, 187, 360, 66, 64, 231, 102, 421, 333, 340, 251, 134, 27, 281, 124, 10, 428, 280, 86, 7, 430, 205, 282, 242, 345, 181, 473, 156, 412, 23, 168, 320, 254, 328, 78, 424, 12, 284, 69, 447, 147, 34, 11, 214, 161, 454, 21, 283, 98, 167, 114, 122, 334, 296, 358, 332, 118, 17, 436, 172, 219, 175, 112, 85, 350, 304, 348, 73, 361, 152, 259, 287, 417, 224, 110, 128, 233, 129, 278, 93, 394, 84, 269, 101, 255, 310, 432, 75, 292, 472, 136, 374, 238, 343, 33, 380, 216, 160, 218, 146, 409, 240, 279, 329, 173, 414, 115, 407, 70, 440, 270, 381, 96, 315, 277, 162, 237, 400, 65, 375, 57, 406, 83, 288, 419, 104, 354, 301, 459, 54, 383, 44, 234, 170, 276, 326, 464, 261, 184, 198, 202, 14, 346, 211, 300, 176, 171, 39, 425, 32, 379, 2, 182, 20, 418, 5, 398, 191, 445, 100, 458, 80, 137, 143, 404, 48, 363, 58, 446, 306, 416, 179, 148, 471, 312, 120, 186, 155, 373, 88, 90, 370, 61, 448, 145, 456, 289, 246, 227, 117, 387, 45, 452, 63, 377, 106, 420, 87, 127, 308, 135, 403, 125, 180, 352, 260, 183, 249]
index list energy: 28772929.108554713
Done


program ended at: 2020-04-07 01:56:39.392910 
 time delta: 13:29:53.497964
