## SLURM PROLOG ###############################################################
##    Job ID : 11945973
##  Job Name : new_and_improved?
##  Nodelist : node1144
##      CPUs : 1
##  Mem/Node : 1024 MB
## Directory : /gpfs/data/nfawzi/skale/Fawzi_pycharm_project
##   Started : Sun Apr  5 22:55:43 EDT 2020
###############################################################################
program started at:2020-04-05 22:55:44.943109
iterations: 72000000 temp: 1000000.0 exponent: 0.9 eif: 300.0
time taken (sec): 52317.83161020279
number of iterations: 72000000
final temperature: 159.26791088519815
og index list: [340, 64, 56, 189, 115, 47, 342, 168, 108, 246, 219, 113, 231, 81, 175, 21, 33, 330, 317, 458, 13, 22, 172, 426, 73, 260, 9, 341, 463, 411, 54, 349, 99, 301, 131, 238, 215, 116, 344, 63, 367, 185, 352, 275, 258, 332, 249, 431, 287, 270, 326, 193, 240, 416, 430, 158, 149, 159, 271, 255, 24, 415, 118, 298, 452, 25, 358, 92, 314, 55, 110, 392, 2, 394, 455, 220, 351, 383, 77, 6, 97, 85, 262, 201, 7, 233, 173, 247, 209, 329, 17, 321, 400, 440, 335, 336, 372, 404, 50, 333, 469, 18, 263, 155, 196, 357, 124, 183, 414, 427, 57, 163, 237, 106, 179, 380, 177, 413, 8, 59, 133, 254, 376, 223, 96, 71, 315, 369, 186, 60, 105, 29, 319, 402, 190, 119, 3, 90, 442, 371, 259, 30, 420, 459, 109, 76, 417, 428, 252, 375, 75, 178, 236, 448, 436, 444, 467, 162, 422, 153, 261, 294, 284, 446, 150, 338, 281, 447, 222, 211, 347, 471, 146, 334, 15, 387, 355, 130, 313, 31, 49, 210, 46, 142, 242, 439, 433, 268, 0, 5, 180, 39, 356, 195, 273, 343, 381, 244, 235, 373, 72, 393, 425, 122, 154, 184, 277, 28, 188, 435, 91, 103, 304, 143, 213, 202, 279, 449, 405, 4, 399, 80, 170, 293, 370, 144, 276, 288, 470, 418, 19, 295, 306, 52, 214, 128, 34, 286, 66, 391, 129, 198, 257, 243, 303, 250, 43, 396, 457, 320, 217, 307, 229, 208, 10, 300, 74, 462, 443, 200, 397, 324, 126, 197, 234, 139, 37, 226, 27, 61, 145, 368, 83, 309, 361, 460, 62, 353, 310, 23, 401, 100, 308, 228, 434, 65, 282, 403, 98, 199, 187, 346, 36, 379, 221, 265, 111, 450, 205, 445, 12, 424, 269, 384, 121, 164, 266, 378, 251, 70, 465, 419, 167, 232, 339, 227, 127, 161, 325, 216, 51, 86, 451, 207, 407, 101, 169, 132, 468, 429, 283, 166, 472, 331, 204, 296, 44, 239, 68, 123, 191, 473, 408, 360, 253, 297, 93, 299, 67, 176, 135, 432, 157, 437, 137, 203, 454, 156, 218, 374, 441, 69, 241, 311, 147, 328, 165, 323, 40, 20, 152, 409, 84, 141, 464, 148, 248, 182, 224, 245, 151, 348, 345, 120, 290, 41, 79, 461, 312, 125, 302, 38, 87, 32, 406, 362, 53, 134, 359, 230, 366, 318, 382, 42, 78, 35, 322, 423, 412, 58, 181, 140, 453, 206, 48, 138, 292, 438, 398, 274, 192, 104, 16, 385, 421, 267, 350, 285, 280, 410, 256, 95, 225, 117, 171, 107, 102, 354, 82, 272, 160, 264, 174, 388, 390, 364, 14, 466, 112, 377, 289, 26, 291, 94, 194, 389, 316, 136, 89, 456, 365, 337, 395, 1, 327, 88, 386, 212, 11, 278, 114, 305, 363, 45]
og index list energy: 250188799.42958456
index list: [172, 74, 103, 305, 133, 170, 417, 213, 390, 307, 301, 113, 398, 55, 403, 268, 349, 17, 261, 424, 93, 217, 406, 197, 432, 206, 468, 71, 415, 295, 116, 311, 242, 421, 277, 362, 31, 450, 100, 399, 203, 344, 326, 466, 250, 320, 96, 161, 340, 179, 443, 194, 35, 121, 347, 69, 118, 219, 304, 37, 470, 235, 312, 461, 274, 15, 367, 29, 369, 119, 54, 368, 157, 257, 315, 176, 351, 189, 387, 193, 266, 425, 267, 323, 26, 230, 21, 236, 75, 44, 345, 128, 437, 50, 135, 105, 372, 160, 388, 299, 224, 180, 408, 68, 258, 256, 52, 418, 181, 435, 330, 309, 446, 98, 456, 11, 45, 386, 111, 209, 70, 413, 94, 355, 83, 246, 115, 126, 339, 144, 57, 353, 117, 297, 178, 378, 182, 41, 371, 314, 428, 306, 376, 165, 343, 16, 455, 123, 373, 65, 329, 49, 365, 152, 63, 317, 130, 276, 427, 77, 364, 333, 381, 262, 210, 433, 184, 10, 380, 281, 382, 208, 214, 79, 232, 59, 457, 186, 422, 76, 469, 275, 234, 384, 205, 282, 211, 132, 383, 145, 471, 229, 99, 462, 163, 9, 78, 361, 195, 337, 454, 95, 465, 331, 154, 354, 129, 216, 190, 198, 409, 125, 92, 153, 124, 325, 108, 24, 404, 402, 291, 359, 238, 459, 142, 141, 122, 220, 22, 385, 221, 394, 241, 356, 109, 313, 278, 62, 287, 107, 453, 84, 284, 227, 442, 272, 439, 168, 426, 270, 473, 148, 150, 247, 143, 447, 87, 444, 310, 411, 200, 283, 147, 0, 239, 30, 273, 322, 156, 215, 90, 110, 237, 348, 8, 204, 251, 438, 286, 23, 228, 449, 25, 240, 400, 233, 324, 131, 293, 1, 112, 58, 162, 42, 159, 19, 294, 341, 66, 264, 34, 292, 334, 91, 300, 255, 289, 370, 18, 82, 139, 366, 89, 64, 335, 6, 308, 28, 445, 316, 396, 321, 395, 14, 265, 101, 290, 464, 80, 244, 140, 460, 226, 149, 379, 134, 328, 27, 414, 60, 207, 174, 13, 393, 202, 423, 175, 436, 269, 33, 303, 151, 86, 243, 431, 73, 410, 3, 191, 201, 318, 48, 120, 12, 452, 185, 183, 81, 448, 169, 397, 61, 346, 285, 146, 158, 155, 166, 338, 127, 392, 88, 167, 302, 416, 187, 114, 252, 249, 263, 350, 223, 472, 225, 405, 43, 391, 7, 440, 46, 136, 192, 271, 298, 212, 259, 358, 39, 420, 196, 199, 377, 245, 20, 171, 51, 319, 296, 106, 342, 137, 360, 85, 375, 222, 254, 40, 419, 253, 36, 451, 336, 357, 177, 288, 412, 279, 363, 56, 47, 430, 260, 53, 401, 173, 458, 72, 97, 38, 434, 102, 429, 2, 441, 138, 374, 67, 231, 248, 389, 4, 188, 467, 5, 407, 32, 352, 327, 218, 332, 104, 164, 463, 280]
index list energy: 26518882.69838866
Done


program ended at: 2020-04-06 13:27:43.141791 
 time delta: 14:31:58.198682
