## SLURM PROLOG ###############################################################
##    Job ID : 11945926
##  Job Name : new_and_improved?
##  Nodelist : node1621
##      CPUs : 1
##  Mem/Node : 1024 MB
## Directory : /gpfs/data/nfawzi/skale/Fawzi_pycharm_project
##   Started : Sun Apr  5 22:55:11 EDT 2020
###############################################################################
program started at:2020-04-05 22:55:16.294894
iterations: 72000000 temp: 1000000.0 exponent: 0.9 eif: 300.0
time taken (sec): 44648.18171477318
number of iterations: 72000000
final temperature: 159.26791088519815
og index list: [113, 457, 300, 275, 317, 80, 453, 292, 32, 318, 145, 66, 274, 286, 209, 194, 126, 13, 71, 146, 426, 366, 461, 341, 27, 160, 263, 464, 60, 215, 200, 469, 265, 451, 456, 257, 384, 297, 226, 181, 285, 39, 357, 435, 74, 149, 55, 97, 252, 240, 140, 112, 141, 391, 4, 443, 15, 172, 335, 90, 218, 314, 369, 213, 167, 107, 37, 472, 355, 36, 30, 81, 106, 269, 157, 68, 164, 407, 43, 352, 393, 58, 188, 208, 152, 61, 87, 425, 56, 207, 24, 17, 392, 279, 417, 282, 70, 430, 390, 455, 199, 5, 246, 412, 155, 219, 340, 95, 325, 293, 383, 448, 6, 385, 339, 289, 368, 23, 406, 114, 327, 116, 230, 69, 287, 232, 458, 427, 174, 243, 148, 163, 302, 371, 315, 33, 471, 249, 185, 333, 450, 104, 195, 76, 143, 239, 470, 423, 336, 291, 102, 401, 441, 264, 260, 447, 346, 99, 298, 405, 46, 374, 331, 205, 94, 21, 288, 408, 224, 322, 77, 313, 0, 201, 348, 12, 396, 117, 398, 89, 202, 132, 11, 347, 183, 389, 227, 111, 78, 259, 41, 91, 267, 278, 281, 192, 367, 454, 65, 428, 105, 295, 312, 3, 434, 190, 235, 129, 338, 303, 7, 419, 100, 462, 98, 466, 309, 184, 16, 305, 276, 169, 262, 463, 161, 242, 437, 38, 165, 415, 176, 365, 433, 159, 404, 130, 54, 40, 189, 29, 394, 45, 370, 330, 73, 410, 44, 424, 442, 50, 52, 468, 254, 248, 387, 304, 67, 323, 386, 294, 446, 237, 22, 92, 206, 440, 122, 115, 177, 131, 48, 449, 217, 123, 250, 10, 421, 324, 210, 400, 84, 283, 326, 1, 353, 395, 223, 233, 253, 301, 311, 109, 62, 351, 229, 142, 124, 432, 258, 414, 439, 214, 220, 212, 244, 373, 162, 277, 118, 147, 280, 270, 376, 53, 436, 133, 120, 228, 222, 168, 20, 429, 402, 344, 34, 245, 203, 473, 187, 179, 306, 459, 413, 170, 42, 329, 268, 158, 308, 409, 86, 377, 328, 180, 196, 25, 197, 316, 465, 125, 379, 18, 82, 59, 119, 319, 382, 358, 375, 83, 186, 28, 363, 35, 378, 103, 110, 332, 359, 19, 388, 64, 266, 334, 361, 211, 14, 296, 337, 241, 403, 72, 63, 221, 255, 445, 191, 350, 26, 381, 460, 166, 320, 420, 342, 31, 96, 51, 271, 204, 247, 416, 273, 231, 372, 57, 75, 175, 238, 307, 136, 422, 49, 321, 444, 121, 261, 137, 290, 154, 354, 8, 256, 362, 2, 343, 418, 128, 299, 349, 216, 182, 108, 93, 101, 88, 360, 284, 153, 345, 431, 380, 198, 79, 438, 151, 193, 134, 150, 356, 85, 171, 272, 251, 47, 452, 225, 411, 156, 310, 138, 397, 139, 173, 467, 9, 144, 135, 236, 399, 178, 364, 127, 234]
og index list energy: 258458407.49940366
index list: [19, 56, 279, 379, 143, 398, 79, 60, 459, 27, 134, 169, 402, 145, 111, 53, 461, 233, 109, 450, 49, 156, 303, 187, 418, 158, 97, 334, 172, 57, 468, 213, 118, 44, 83, 167, 124, 289, 246, 216, 93, 323, 316, 40, 159, 273, 388, 238, 113, 282, 112, 267, 214, 192, 389, 102, 266, 201, 21, 385, 26, 208, 349, 223, 417, 244, 420, 50, 383, 88, 236, 135, 234, 68, 435, 33, 174, 251, 395, 263, 243, 445, 47, 367, 72, 313, 391, 230, 413, 229, 426, 104, 295, 294, 360, 42, 416, 119, 404, 253, 8, 375, 205, 449, 31, 194, 342, 154, 405, 3, 207, 62, 365, 105, 408, 7, 353, 312, 390, 332, 401, 146, 237, 288, 427, 39, 355, 98, 356, 321, 335, 170, 446, 226, 343, 164, 348, 286, 425, 264, 382, 163, 359, 197, 196, 268, 374, 189, 276, 466, 330, 147, 304, 329, 75, 22, 412, 131, 161, 305, 184, 142, 326, 256, 35, 71, 397, 202, 148, 242, 82, 87, 462, 139, 284, 17, 341, 58, 380, 43, 363, 227, 381, 190, 372, 2, 472, 186, 423, 311, 325, 456, 5, 191, 228, 297, 302, 403, 99, 370, 45, 464, 178, 254, 339, 211, 352, 241, 217, 162, 376, 128, 428, 94, 126, 15, 176, 384, 165, 319, 291, 437, 180, 453, 136, 215, 133, 337, 173, 338, 14, 345, 219, 406, 11, 280, 34, 307, 89, 127, 344, 293, 108, 177, 346, 18, 392, 261, 407, 100, 386, 74, 448, 63, 411, 78, 54, 369, 160, 218, 29, 258, 70, 357, 65, 222, 220, 121, 454, 81, 315, 209, 59, 424, 6, 182, 185, 432, 224, 80, 67, 37, 438, 106, 269, 51, 144, 287, 107, 324, 30, 298, 250, 36, 354, 200, 452, 314, 46, 265, 73, 429, 25, 117, 442, 64, 23, 387, 257, 247, 95, 399, 272, 409, 138, 1, 0, 443, 262, 439, 290, 183, 285, 277, 91, 347, 12, 430, 188, 153, 473, 336, 193, 198, 204, 171, 212, 309, 358, 101, 120, 231, 129, 364, 137, 460, 195, 441, 9, 433, 4, 239, 90, 300, 32, 470, 28, 400, 69, 451, 66, 255, 296, 331, 394, 181, 371, 249, 467, 306, 122, 350, 38, 77, 283, 84, 41, 455, 292, 419, 55, 422, 157, 431, 166, 125, 155, 414, 61, 340, 281, 221, 421, 179, 308, 20, 373, 270, 436, 175, 368, 274, 458, 151, 434, 152, 232, 10, 447, 123, 149, 366, 52, 361, 301, 377, 260, 465, 310, 362, 259, 378, 13, 471, 96, 150, 210, 410, 199, 235, 85, 86, 225, 351, 110, 48, 469, 328, 322, 271, 76, 278, 132, 415, 115, 317, 141, 248, 396, 116, 463, 320, 16, 457, 275, 444, 103, 140, 299, 333, 92, 24, 327, 206, 252, 203, 168, 393, 318, 130, 114, 440, 245, 240]
index list energy: 26802226.56821698
Done


program ended at: 2020-04-06 11:19:24.822569 
 time delta: 12:24:08.527675
