## SLURM PROLOG ###############################################################
##    Job ID : 11946030
##  Job Name : new_and_improved?
##  Nodelist : node1615
##      CPUs : 1
##  Mem/Node : 1024 MB
## Directory : /gpfs/data/nfawzi/skale/Fawzi_pycharm_project
##   Started : Sun Apr  5 22:55:52 EDT 2020
###############################################################################
program started at:2020-04-05 22:55:52.812089
iterations: 72000000 temp: 1000000.0 exponent: 0.9 eif: 300.0
time taken (sec): 65080.579011678696
number of iterations: 72000000
final temperature: 159.26791088519815
og index list: [99, 388, 393, 28, 469, 69, 369, 43, 271, 302, 220, 438, 411, 44, 17, 368, 427, 448, 264, 100, 355, 48, 350, 386, 98, 90, 183, 211, 391, 3, 21, 51, 206, 198, 322, 244, 468, 77, 102, 74, 35, 306, 332, 187, 66, 160, 40, 123, 197, 20, 229, 173, 445, 260, 433, 376, 465, 325, 204, 472, 161, 132, 282, 314, 311, 255, 385, 431, 384, 270, 165, 338, 175, 223, 108, 30, 310, 318, 179, 442, 422, 380, 451, 199, 231, 403, 84, 202, 458, 290, 217, 449, 284, 205, 14, 415, 459, 22, 291, 233, 315, 139, 212, 333, 56, 208, 397, 15, 296, 387, 262, 154, 404, 347, 37, 120, 258, 222, 326, 12, 412, 277, 343, 182, 125, 92, 221, 246, 150, 148, 295, 239, 169, 263, 272, 87, 1, 118, 362, 32, 110, 219, 178, 413, 305, 363, 238, 168, 83, 281, 218, 370, 93, 189, 396, 153, 143, 297, 329, 155, 164, 116, 2, 11, 203, 288, 171, 60, 313, 185, 191, 356, 225, 126, 276, 241, 162, 135, 407, 96, 441, 320, 257, 61, 452, 358, 95, 64, 265, 195, 440, 455, 36, 89, 299, 292, 224, 444, 163, 361, 251, 473, 345, 63, 360, 470, 196, 65, 372, 33, 75, 462, 408, 176, 280, 4, 423, 454, 429, 55, 334, 9, 45, 366, 5, 298, 130, 172, 401, 232, 321, 365, 226, 0, 348, 174, 8, 461, 367, 177, 324, 53, 399, 316, 180, 81, 383, 209, 446, 249, 286, 419, 41, 142, 439, 406, 146, 300, 59, 112, 456, 400, 214, 192, 294, 109, 152, 390, 430, 26, 149, 354, 76, 235, 364, 335, 287, 331, 308, 414, 104, 443, 122, 377, 188, 466, 68, 409, 88, 101, 410, 237, 266, 94, 389, 420, 54, 227, 421, 79, 117, 136, 236, 159, 129, 375, 47, 140, 319, 450, 453, 259, 234, 346, 31, 425, 58, 50, 201, 328, 158, 381, 67, 38, 351, 312, 337, 460, 392, 357, 254, 283, 279, 352, 268, 424, 275, 151, 447, 167, 327, 181, 131, 10, 23, 73, 216, 402, 138, 243, 418, 317, 86, 80, 166, 457, 340, 303, 261, 42, 124, 145, 39, 144, 248, 200, 210, 253, 278, 133, 194, 170, 379, 273, 301, 141, 309, 398, 374, 417, 323, 215, 353, 274, 27, 434, 70, 245, 342, 193, 85, 471, 359, 24, 157, 267, 405, 304, 416, 307, 435, 395, 289, 382, 97, 18, 156, 228, 114, 115, 82, 341, 250, 105, 46, 78, 16, 119, 371, 106, 91, 184, 147, 49, 186, 111, 247, 252, 467, 437, 7, 113, 57, 103, 52, 127, 339, 72, 432, 426, 6, 128, 394, 121, 240, 293, 242, 213, 330, 107, 349, 13, 373, 230, 463, 134, 285, 29, 344, 34, 71, 336, 190, 207, 378, 62, 25, 19, 464, 137, 269, 256, 428, 436]
og index list energy: 241975744.38106707
index list: [17, 366, 255, 70, 317, 181, 239, 333, 406, 146, 415, 161, 469, 306, 424, 58, 441, 152, 362, 98, 431, 304, 457, 123, 357, 49, 374, 314, 97, 295, 94, 464, 331, 310, 156, 82, 459, 127, 297, 72, 308, 84, 100, 287, 319, 23, 170, 212, 349, 8, 204, 139, 232, 318, 279, 455, 332, 278, 106, 6, 379, 132, 383, 296, 371, 213, 150, 243, 448, 89, 354, 134, 27, 79, 422, 218, 142, 299, 99, 381, 322, 137, 458, 26, 395, 291, 417, 18, 9, 429, 199, 19, 201, 210, 350, 173, 460, 160, 365, 22, 461, 335, 64, 216, 117, 301, 453, 292, 251, 419, 184, 28, 444, 187, 234, 282, 86, 233, 324, 88, 450, 83, 428, 42, 423, 57, 144, 338, 65, 430, 248, 421, 52, 114, 412, 133, 346, 275, 169, 37, 399, 195, 164, 392, 116, 148, 435, 39, 380, 102, 266, 223, 389, 241, 447, 131, 328, 203, 136, 283, 45, 396, 180, 470, 257, 113, 413, 15, 300, 289, 377, 194, 167, 87, 159, 105, 420, 240, 341, 186, 452, 302, 376, 192, 143, 400, 85, 177, 442, 222, 245, 119, 284, 21, 258, 158, 393, 231, 93, 385, 95, 154, 440, 75, 126, 293, 120, 250, 30, 286, 125, 191, 348, 7, 386, 269, 5, 368, 2, 334, 54, 352, 190, 473, 197, 189, 465, 196, 347, 235, 188, 55, 398, 62, 32, 155, 288, 326, 468, 3, 4, 265, 267, 33, 252, 107, 228, 66, 298, 121, 446, 206, 237, 343, 147, 141, 236, 20, 171, 185, 176, 168, 353, 174, 73, 91, 92, 271, 34, 227, 149, 303, 219, 437, 24, 311, 336, 122, 401, 25, 402, 273, 434, 16, 373, 51, 388, 74, 80, 325, 193, 59, 183, 76, 411, 294, 60, 403, 225, 355, 242, 391, 249, 387, 13, 323, 157, 140, 69, 407, 48, 118, 202, 11, 214, 466, 104, 153, 321, 1, 364, 263, 0, 209, 138, 358, 253, 229, 454, 280, 369, 281, 151, 340, 50, 244, 361, 68, 129, 276, 426, 29, 315, 259, 215, 261, 207, 109, 463, 36, 432, 10, 108, 274, 38, 246, 31, 327, 272, 418, 35, 359, 220, 12, 410, 178, 467, 268, 416, 130, 462, 179, 124, 44, 384, 71, 307, 41, 445, 103, 226, 356, 172, 224, 247, 330, 96, 427, 90, 378, 67, 433, 344, 53, 439, 81, 436, 264, 305, 40, 425, 14, 397, 198, 337, 205, 390, 200, 404, 285, 316, 110, 101, 256, 115, 382, 339, 277, 262, 409, 165, 394, 175, 363, 63, 405, 290, 375, 260, 78, 443, 270, 329, 313, 456, 145, 342, 112, 230, 46, 351, 211, 56, 372, 111, 163, 471, 254, 77, 182, 217, 451, 208, 449, 312, 408, 309, 360, 320, 166, 367, 135, 345, 128, 61, 162, 472, 47, 370, 238, 414, 221, 438, 43]
index list energy: 27035621.69178238
Done


program ended at: 2020-04-06 17:00:33.751245 
 time delta: 18:04:40.939156
