## SLURM PROLOG ###############################################################
##    Job ID : 12004549
##  Job Name : new_and_improved?
##  Nodelist : node1119
##      CPUs : 1
##  Mem/Node : 1024 MB
## Directory : /gpfs/data/nfawzi/skale/Fawzi_pycharm_project
##   Started : Mon Apr  6 11:56:34 EDT 2020
###############################################################################
program started at:2020-04-06 11:56:34.730007
iterations: 72000000 temp: 1000000.0 exponent: 0.9 eif: 300.0
time taken (sec): 45596.25127077103
number of iterations: 72000000
final temperature: 159.26791088519815
og index list: [350, 226, 237, 461, 97, 297, 155, 18, 332, 208, 140, 438, 353, 2, 223, 407, 338, 450, 318, 416, 360, 229, 74, 434, 316, 89, 49, 238, 423, 69, 236, 356, 201, 171, 108, 186, 217, 32, 387, 153, 19, 378, 466, 11, 51, 372, 86, 151, 98, 105, 77, 342, 15, 183, 196, 343, 81, 330, 107, 103, 259, 359, 73, 300, 30, 207, 113, 147, 352, 169, 460, 449, 14, 191, 469, 25, 232, 202, 115, 141, 212, 85, 8, 116, 50, 241, 233, 180, 26, 7, 256, 154, 408, 166, 131, 290, 364, 72, 3, 410, 33, 279, 440, 310, 309, 298, 384, 340, 227, 53, 436, 269, 35, 459, 43, 299, 341, 265, 61, 220, 179, 176, 347, 289, 163, 161, 199, 377, 281, 315, 41, 209, 250, 59, 125, 12, 143, 84, 224, 403, 280, 129, 255, 326, 158, 234, 446, 22, 354, 31, 118, 228, 96, 421, 365, 392, 288, 160, 401, 184, 244, 126, 393, 396, 327, 458, 313, 333, 452, 386, 361, 305, 239, 292, 211, 27, 246, 188, 429, 385, 444, 303, 263, 216, 382, 426, 400, 402, 195, 71, 412, 369, 231, 10, 117, 388, 44, 67, 272, 80, 127, 442, 296, 268, 210, 204, 293, 215, 111, 39, 123, 95, 349, 445, 319, 106, 301, 376, 381, 468, 46, 398, 57, 270, 119, 242, 451, 366, 320, 267, 60, 100, 455, 134, 317, 344, 104, 368, 203, 462, 200, 273, 38, 453, 144, 367, 329, 138, 286, 307, 258, 6, 152, 218, 181, 266, 264, 170, 253, 380, 112, 278, 99, 109, 441, 285, 420, 464, 394, 308, 383, 374, 399, 235, 391, 405, 48, 274, 271, 78, 37, 29, 415, 406, 137, 133, 362, 110, 45, 146, 40, 323, 373, 90, 136, 52, 295, 348, 91, 156, 419, 142, 28, 363, 331, 192, 174, 334, 13, 221, 214, 312, 379, 145, 294, 64, 187, 21, 62, 167, 261, 414, 139, 358, 194, 457, 357, 23, 447, 193, 337, 198, 375, 185, 247, 63, 284, 0, 230, 291, 164, 1, 257, 165, 335, 428, 472, 177, 189, 467, 219, 47, 435, 425, 168, 282, 150, 173, 321, 205, 54, 397, 277, 34, 346, 448, 56, 262, 58, 93, 101, 87, 20, 213, 456, 79, 75, 276, 66, 4, 206, 314, 304, 413, 430, 128, 222, 328, 409, 252, 470, 311, 389, 424, 249, 417, 345, 24, 121, 55, 94, 68, 283, 322, 431, 132, 190, 439, 114, 248, 395, 411, 254, 148, 432, 251, 336, 243, 92, 82, 17, 306, 404, 135, 355, 463, 390, 124, 175, 422, 83, 70, 182, 471, 172, 325, 240, 197, 159, 122, 418, 16, 130, 149, 339, 302, 287, 351, 370, 454, 245, 465, 76, 437, 443, 65, 162, 473, 427, 324, 9, 371, 225, 120, 88, 5, 36, 178, 157, 102, 275, 433, 260, 42]
og index list energy: 235051937.87990516
index list: [286, 296, 252, 188, 207, 347, 176, 195, 452, 196, 370, 31, 352, 206, 422, 186, 348, 27, 67, 441, 46, 322, 212, 301, 358, 29, 423, 160, 440, 117, 73, 97, 309, 345, 70, 381, 128, 431, 88, 429, 147, 78, 233, 182, 332, 82, 359, 96, 232, 151, 350, 325, 201, 45, 343, 190, 368, 192, 468, 316, 465, 275, 375, 271, 398, 326, 204, 227, 135, 276, 391, 107, 462, 324, 247, 249, 264, 353, 197, 409, 25, 458, 75, 149, 93, 439, 50, 1, 306, 399, 277, 362, 270, 445, 333, 361, 179, 254, 312, 341, 172, 111, 340, 145, 122, 228, 443, 331, 257, 344, 244, 464, 213, 385, 94, 140, 124, 166, 406, 266, 414, 90, 425, 234, 152, 387, 310, 448, 39, 317, 260, 415, 102, 412, 104, 374, 71, 74, 354, 115, 460, 52, 453, 61, 470, 240, 438, 100, 349, 294, 355, 65, 456, 130, 288, 178, 371, 220, 146, 386, 72, 38, 471, 161, 131, 171, 328, 235, 267, 209, 255, 30, 427, 200, 239, 205, 411, 21, 413, 293, 379, 268, 305, 129, 41, 109, 380, 43, 432, 194, 183, 198, 457, 142, 175, 155, 393, 225, 334, 17, 396, 211, 424, 199, 32, 459, 53, 320, 189, 24, 463, 163, 126, 54, 162, 80, 14, 403, 311, 321, 236, 335, 435, 22, 245, 248, 392, 229, 436, 55, 417, 279, 224, 382, 84, 280, 455, 89, 287, 256, 281, 366, 106, 48, 308, 47, 338, 237, 397, 44, 377, 18, 283, 159, 242, 363, 230, 278, 177, 215, 367, 203, 134, 92, 139, 369, 216, 144, 302, 79, 137, 329, 222, 125, 419, 218, 119, 323, 51, 472, 154, 121, 360, 58, 86, 274, 101, 37, 454, 59, 446, 3, 300, 193, 103, 364, 99, 346, 120, 6, 394, 251, 217, 34, 318, 36, 365, 292, 407, 136, 444, 314, 87, 421, 304, 473, 98, 461, 173, 105, 410, 307, 91, 356, 219, 156, 395, 83, 342, 138, 372, 127, 451, 272, 298, 57, 246, 202, 295, 132, 351, 210, 269, 181, 265, 143, 108, 68, 243, 450, 231, 185, 339, 5, 433, 168, 191, 319, 330, 66, 60, 118, 76, 214, 327, 33, 402, 56, 337, 373, 336, 40, 466, 253, 85, 282, 110, 77, 170, 378, 174, 69, 297, 261, 187, 258, 418, 20, 442, 8, 184, 4, 405, 9, 416, 16, 384, 116, 180, 169, 428, 62, 26, 11, 262, 400, 259, 263, 447, 35, 15, 315, 158, 467, 23, 284, 49, 167, 383, 290, 63, 389, 221, 434, 12, 430, 223, 376, 241, 449, 285, 133, 123, 81, 390, 164, 114, 401, 10, 28, 426, 2, 289, 0, 208, 153, 420, 238, 13, 469, 165, 113, 148, 64, 313, 19, 437, 299, 95, 357, 141, 157, 42, 404, 112, 273, 150, 388, 7, 303, 250, 226, 408, 291]
index list energy: 26786909.597619098
Done


program ended at: 2020-04-07 00:36:31.363605 
 time delta: 12:39:56.633598
