## SLURM PROLOG ###############################################################
##    Job ID : 11946011
##  Job Name : new_and_improved?
##  Nodelist : node1302
##      CPUs : 1
##  Mem/Node : 1024 MB
## Directory : /gpfs/data/nfawzi/skale/Fawzi_pycharm_project
##   Started : Sun Apr  5 22:55:49 EDT 2020
###############################################################################
program started at:2020-04-05 22:55:51.953391
iterations: 72000000 temp: 1000000.0 exponent: 0.9 eif: 300.0
time taken (sec): 47187.1761469841
number of iterations: 72000000
final temperature: 159.26791088519815
og index list: [61, 102, 420, 10, 244, 125, 214, 146, 158, 141, 375, 332, 319, 26, 403, 299, 321, 348, 234, 84, 209, 50, 239, 454, 273, 264, 295, 316, 198, 282, 366, 180, 165, 46, 269, 166, 290, 80, 367, 64, 38, 451, 42, 163, 49, 87, 281, 378, 184, 473, 105, 91, 16, 279, 285, 36, 311, 133, 418, 238, 424, 249, 334, 346, 8, 365, 211, 60, 156, 183, 405, 186, 286, 421, 100, 225, 149, 68, 206, 364, 248, 107, 471, 305, 355, 306, 103, 226, 112, 23, 126, 177, 5, 228, 30, 205, 337, 314, 132, 75, 268, 216, 379, 115, 400, 124, 4, 7, 461, 410, 303, 106, 168, 176, 359, 32, 137, 315, 455, 351, 408, 199, 442, 430, 372, 161, 67, 333, 373, 66, 94, 263, 335, 406, 329, 155, 280, 15, 265, 58, 463, 301, 425, 446, 304, 267, 470, 416, 255, 220, 398, 415, 229, 252, 307, 25, 35, 134, 190, 29, 152, 462, 235, 292, 154, 169, 433, 85, 179, 399, 188, 382, 464, 27, 338, 178, 448, 390, 383, 22, 97, 189, 327, 317, 93, 356, 428, 288, 457, 296, 21, 45, 51, 53, 128, 363, 19, 175, 83, 171, 40, 131, 129, 92, 9, 31, 330, 150, 298, 74, 164, 215, 441, 340, 59, 203, 404, 193, 413, 28, 200, 12, 110, 276, 384, 196, 300, 202, 456, 108, 70, 127, 347, 151, 118, 139, 0, 294, 231, 95, 181, 90, 192, 98, 20, 187, 392, 63, 62, 55, 236, 275, 350, 468, 465, 256, 310, 227, 370, 122, 218, 472, 197, 222, 394, 212, 24, 362, 57, 434, 101, 435, 185, 336, 82, 79, 302, 322, 232, 182, 447, 210, 81, 445, 466, 145, 119, 423, 467, 111, 326, 271, 460, 1, 245, 65, 240, 459, 393, 44, 237, 278, 147, 195, 361, 349, 54, 357, 114, 34, 277, 39, 143, 159, 221, 37, 217, 13, 284, 52, 76, 86, 371, 401, 427, 376, 172, 14, 223, 440, 469, 242, 162, 130, 41, 246, 318, 386, 56, 138, 444, 213, 380, 439, 142, 250, 283, 167, 411, 381, 17, 262, 3, 453, 254, 33, 369, 241, 170, 121, 261, 397, 325, 201, 71, 174, 18, 438, 320, 258, 120, 339, 344, 458, 312, 194, 354, 391, 374, 313, 412, 443, 270, 140, 387, 419, 341, 144, 117, 157, 291, 135, 173, 48, 360, 324, 343, 436, 328, 342, 323, 2, 432, 109, 208, 96, 402, 368, 437, 233, 429, 358, 253, 422, 191, 272, 6, 331, 377, 385, 73, 259, 123, 297, 431, 287, 452, 352, 251, 395, 257, 224, 99, 88, 409, 309, 89, 353, 148, 116, 449, 104, 207, 417, 289, 266, 426, 160, 47, 43, 407, 204, 219, 69, 11, 243, 247, 389, 396, 260, 230, 113, 308, 72, 136, 153, 293, 345, 77, 450, 274, 78, 388, 414]
og index list energy: 233663020.6288103
index list: [89, 236, 38, 345, 264, 444, 95, 22, 334, 157, 259, 362, 117, 225, 422, 54, 391, 144, 80, 57, 162, 166, 451, 335, 419, 19, 86, 73, 265, 311, 269, 50, 473, 70, 133, 369, 281, 355, 316, 379, 98, 446, 273, 408, 290, 427, 222, 77, 343, 49, 441, 244, 122, 423, 229, 372, 103, 363, 237, 421, 179, 148, 458, 85, 252, 139, 11, 455, 142, 132, 435, 326, 400, 111, 29, 461, 300, 312, 154, 255, 328, 17, 90, 284, 26, 149, 305, 291, 428, 52, 440, 131, 241, 221, 382, 266, 218, 160, 445, 128, 214, 106, 34, 48, 272, 398, 66, 278, 180, 430, 212, 351, 28, 344, 271, 350, 336, 443, 41, 467, 33, 457, 46, 418, 143, 403, 137, 472, 126, 88, 399, 61, 82, 234, 464, 135, 392, 280, 356, 163, 248, 471, 332, 118, 295, 74, 323, 277, 102, 462, 279, 367, 178, 407, 47, 406, 67, 436, 145, 232, 296, 449, 136, 416, 113, 388, 8, 287, 36, 349, 45, 425, 35, 15, 308, 63, 438, 240, 468, 93, 359, 275, 394, 7, 32, 384, 196, 313, 368, 189, 417, 9, 159, 123, 239, 25, 161, 426, 243, 424, 209, 219, 386, 262, 437, 58, 389, 59, 339, 216, 285, 235, 83, 246, 60, 120, 324, 181, 456, 96, 87, 207, 452, 6, 354, 205, 337, 4, 201, 2, 342, 320, 99, 228, 411, 16, 184, 116, 23, 168, 347, 293, 297, 69, 174, 40, 330, 263, 366, 55, 357, 186, 108, 94, 393, 107, 56, 155, 114, 134, 370, 165, 27, 317, 79, 121, 302, 81, 465, 43, 396, 203, 182, 251, 187, 410, 158, 204, 30, 171, 10, 298, 322, 138, 318, 213, 365, 62, 413, 76, 172, 227, 78, 390, 127, 1, 309, 0, 434, 194, 193, 208, 245, 5, 353, 20, 374, 260, 307, 261, 432, 39, 283, 325, 211, 360, 199, 198, 450, 44, 397, 105, 463, 206, 459, 195, 401, 197, 92, 230, 380, 249, 420, 247, 24, 329, 250, 130, 192, 223, 385, 91, 348, 185, 258, 364, 333, 303, 21, 315, 42, 340, 72, 402, 151, 220, 217, 288, 101, 415, 75, 257, 97, 65, 412, 68, 383, 109, 341, 13, 371, 190, 405, 164, 453, 100, 31, 253, 176, 183, 310, 346, 224, 152, 304, 381, 104, 378, 175, 373, 314, 170, 376, 115, 119, 53, 414, 200, 395, 14, 466, 202, 215, 64, 299, 147, 173, 146, 460, 12, 242, 256, 274, 358, 84, 156, 387, 125, 167, 124, 233, 231, 129, 442, 327, 294, 361, 292, 469, 141, 448, 71, 433, 286, 169, 377, 270, 454, 289, 431, 226, 110, 18, 150, 375, 112, 238, 404, 321, 352, 301, 409, 268, 319, 153, 439, 331, 306, 282, 276, 447, 267, 338, 188, 3, 140, 177, 191, 37, 470, 210, 429, 254, 51]
index list energy: 26281986.450847033
Done


program ended at: 2020-04-06 12:02:19.795644 
 time delta: 13:06:27.842253
