## SLURM PROLOG ###############################################################
##    Job ID : 11946000
##  Job Name : new_and_improved?
##  Nodelist : node1117
##      CPUs : 1
##  Mem/Node : 1024 MB
## Directory : /gpfs/data/nfawzi/skale/Fawzi_pycharm_project
##   Started : Sun Apr  5 22:55:52 EDT 2020
###############################################################################
program started at:2020-04-05 22:55:52.265870
iterations: 72000000 temp: 1000000.0 exponent: 0.9 eif: 300.0
time taken (sec): 51208.065524339676
number of iterations: 72000000
final temperature: 159.26791088519815
og index list: [316, 299, 396, 222, 385, 391, 450, 86, 367, 344, 467, 250, 408, 25, 172, 407, 392, 329, 188, 393, 114, 41, 371, 437, 169, 442, 32, 152, 160, 454, 295, 176, 192, 194, 62, 347, 264, 201, 187, 323, 339, 377, 155, 318, 435, 304, 193, 206, 28, 374, 460, 34, 414, 444, 113, 275, 451, 286, 102, 233, 258, 334, 260, 380, 398, 7, 431, 11, 365, 22, 419, 382, 185, 315, 463, 325, 184, 43, 345, 44, 383, 341, 340, 278, 6, 336, 256, 170, 273, 262, 112, 174, 164, 57, 280, 321, 337, 106, 65, 433, 202, 92, 402, 189, 39, 401, 423, 387, 227, 61, 247, 376, 52, 417, 87, 292, 68, 15, 178, 168, 153, 303, 471, 328, 301, 472, 320, 128, 438, 73, 448, 144, 459, 469, 208, 246, 67, 159, 49, 196, 218, 313, 406, 186, 148, 156, 100, 346, 210, 2, 89, 216, 359, 17, 307, 413, 281, 272, 182, 266, 145, 0, 373, 211, 101, 297, 18, 330, 16, 198, 298, 412, 416, 455, 239, 225, 310, 464, 115, 372, 138, 14, 271, 296, 241, 314, 140, 23, 9, 327, 130, 224, 12, 362, 357, 427, 137, 84, 446, 399, 430, 265, 191, 283, 72, 235, 27, 8, 213, 411, 132, 45, 171, 342, 36, 220, 109, 157, 126, 277, 422, 5, 403, 353, 154, 88, 63, 384, 204, 141, 369, 276, 231, 42, 381, 274, 445, 93, 124, 40, 253, 203, 254, 135, 119, 456, 426, 279, 429, 173, 66, 294, 363, 146, 466, 263, 53, 234, 293, 244, 165, 105, 255, 20, 229, 46, 441, 76, 21, 197, 38, 181, 420, 443, 31, 338, 190, 306, 94, 95, 305, 410, 425, 125, 48, 415, 200, 249, 379, 215, 428, 166, 351, 378, 462, 232, 389, 390, 322, 158, 30, 161, 418, 121, 74, 324, 261, 117, 257, 85, 209, 397, 332, 287, 54, 60, 284, 133, 300, 243, 242, 75, 97, 80, 453, 252, 317, 409, 319, 142, 78, 291, 326, 331, 99, 404, 151, 83, 205, 47, 394, 143, 370, 457, 58, 13, 212, 468, 447, 131, 33, 19, 50, 1, 465, 177, 386, 354, 421, 355, 240, 356, 350, 98, 35, 179, 55, 118, 37, 59, 149, 267, 162, 452, 458, 335, 163, 434, 270, 251, 424, 364, 108, 167, 285, 91, 104, 217, 123, 139, 103, 368, 51, 69, 388, 64, 343, 333, 248, 221, 129, 348, 10, 183, 440, 309, 82, 361, 81, 349, 199, 288, 352, 122, 259, 71, 214, 473, 195, 107, 366, 432, 79, 312, 302, 289, 311, 269, 436, 134, 24, 77, 219, 180, 26, 226, 405, 207, 439, 236, 395, 308, 70, 470, 4, 360, 290, 29, 358, 238, 245, 228, 268, 150, 116, 96, 120, 147, 90, 400, 461, 175, 375, 3, 136, 56, 110, 237, 111, 230, 223, 127, 282, 449]
og index list energy: 327229654.1473727
index list: [250, 186, 370, 202, 454, 261, 366, 36, 323, 212, 471, 45, 140, 72, 390, 267, 420, 90, 111, 342, 27, 64, 333, 358, 141, 308, 248, 127, 403, 129, 276, 50, 360, 172, 166, 278, 87, 376, 245, 67, 159, 233, 324, 83, 222, 126, 41, 162, 379, 106, 305, 312, 311, 137, 416, 103, 387, 38, 352, 84, 86, 16, 449, 58, 182, 94, 108, 243, 32, 2, 155, 20, 228, 51, 362, 10, 373, 221, 388, 237, 251, 444, 263, 184, 269, 286, 171, 144, 238, 344, 44, 116, 452, 164, 341, 149, 209, 69, 346, 231, 23, 436, 142, 262, 356, 98, 464, 46, 6, 410, 21, 214, 8, 258, 421, 146, 66, 434, 281, 375, 135, 319, 128, 457, 61, 429, 88, 359, 296, 445, 47, 430, 117, 450, 133, 459, 292, 54, 469, 304, 456, 234, 170, 191, 5, 236, 4, 470, 189, 396, 271, 431, 331, 301, 294, 355, 213, 232, 120, 101, 218, 93, 175, 239, 89, 367, 145, 92, 302, 371, 31, 458, 40, 77, 364, 143, 439, 177, 415, 74, 433, 73, 460, 154, 279, 400, 259, 211, 409, 225, 432, 121, 368, 62, 24, 287, 82, 79, 320, 158, 435, 17, 397, 160, 413, 227, 361, 220, 60, 405, 257, 327, 306, 440, 81, 0, 426, 119, 102, 283, 291, 404, 179, 453, 310, 428, 55, 274, 447, 203, 272, 448, 290, 466, 316, 313, 183, 71, 265, 335, 395, 293, 463, 157, 337, 161, 462, 147, 193, 3, 338, 53, 167, 14, 381, 22, 174, 180, 407, 43, 298, 208, 59, 438, 132, 315, 29, 249, 451, 139, 303, 217, 418, 151, 110, 169, 374, 185, 204, 192, 424, 229, 216, 138, 1, 112, 289, 148, 322, 30, 441, 57, 201, 136, 277, 442, 107, 34, 76, 389, 326, 422, 247, 321, 115, 417, 235, 13, 385, 80, 12, 348, 242, 328, 241, 297, 314, 49, 468, 163, 394, 264, 349, 48, 299, 309, 411, 105, 365, 153, 334, 52, 37, 465, 318, 113, 336, 412, 91, 15, 252, 156, 181, 414, 224, 295, 178, 398, 123, 130, 256, 206, 35, 472, 63, 270, 386, 254, 125, 124, 26, 134, 317, 11, 350, 85, 372, 18, 100, 461, 339, 96, 377, 255, 150, 378, 95, 406, 42, 443, 223, 425, 196, 473, 198, 343, 253, 205, 391, 9, 330, 266, 340, 131, 285, 280, 329, 28, 118, 168, 369, 7, 402, 200, 392, 325, 446, 194, 345, 188, 437, 190, 382, 187, 282, 68, 246, 307, 226, 65, 284, 109, 383, 78, 215, 401, 165, 423, 260, 467, 273, 347, 104, 240, 363, 332, 384, 300, 230, 33, 176, 419, 275, 114, 122, 408, 19, 25, 152, 288, 354, 219, 268, 357, 244, 39, 399, 99, 427, 70, 393, 173, 97, 75, 207, 351, 199, 210, 380, 197, 455, 195, 353, 56]
index list energy: 30049393.329460334
Done


program ended at: 2020-04-06 13:09:20.718271 
 time delta: 14:13:28.452401
