## SLURM PROLOG ###############################################################
##    Job ID : 11945971
##  Job Name : new_and_improved?
##  Nodelist : node1144
##      CPUs : 1
##  Mem/Node : 1024 MB
## Directory : /gpfs/data/nfawzi/skale/Fawzi_pycharm_project
##   Started : Sun Apr  5 22:55:40 EDT 2020
###############################################################################
program started at:2020-04-05 22:55:44.805632
iterations: 72000000 temp: 1000000.0 exponent: 0.9 eif: 300.0
time taken (sec): 53155.61626672745
number of iterations: 72000000
final temperature: 159.26791088519815
og index list: [99, 121, 168, 280, 455, 98, 66, 420, 270, 301, 25, 314, 264, 176, 339, 324, 91, 347, 145, 246, 327, 406, 393, 331, 163, 108, 330, 79, 226, 279, 337, 441, 6, 43, 408, 366, 72, 434, 110, 471, 359, 123, 203, 51, 336, 85, 466, 140, 109, 189, 33, 68, 310, 14, 174, 448, 463, 341, 39, 250, 401, 335, 194, 84, 192, 385, 363, 152, 150, 15, 381, 348, 262, 282, 161, 217, 394, 24, 2, 409, 274, 440, 74, 322, 209, 435, 19, 44, 326, 316, 389, 90, 228, 467, 464, 240, 361, 119, 320, 5, 357, 283, 207, 132, 313, 41, 151, 309, 42, 104, 398, 221, 206, 198, 452, 97, 116, 395, 261, 405, 22, 67, 266, 86, 69, 21, 430, 415, 52, 30, 245, 383, 120, 297, 26, 45, 190, 236, 399, 232, 272, 224, 136, 230, 260, 319, 111, 431, 242, 438, 382, 173, 403, 356, 128, 456, 256, 134, 238, 247, 220, 352, 59, 277, 139, 413, 461, 0, 184, 317, 157, 422, 354, 138, 459, 1, 365, 284, 315, 105, 80, 386, 241, 281, 289, 411, 377, 40, 225, 249, 82, 458, 164, 64, 117, 421, 155, 340, 446, 23, 4, 78, 106, 397, 432, 333, 131, 182, 48, 412, 195, 288, 278, 214, 143, 304, 248, 122, 17, 376, 199, 351, 50, 188, 371, 296, 125, 12, 353, 342, 73, 115, 65, 216, 307, 234, 36, 146, 306, 293, 49, 55, 147, 276, 237, 77, 410, 172, 473, 269, 127, 183, 94, 197, 457, 308, 233, 170, 63, 129, 208, 268, 275, 255, 436, 107, 424, 180, 46, 193, 135, 391, 290, 114, 160, 3, 254, 153, 227, 187, 201, 369, 454, 311, 101, 62, 231, 92, 294, 470, 81, 402, 350, 222, 257, 148, 178, 113, 223, 103, 429, 323, 235, 286, 118, 344, 298, 229, 70, 11, 378, 334, 416, 387, 34, 462, 60, 47, 362, 149, 202, 292, 9, 439, 175, 259, 102, 239, 179, 75, 162, 18, 191, 343, 453, 96, 444, 89, 154, 367, 213, 312, 76, 300, 137, 287, 265, 379, 450, 329, 425, 141, 186, 345, 133, 419, 71, 61, 338, 321, 384, 258, 346, 169, 358, 325, 83, 144, 29, 299, 443, 100, 126, 13, 130, 418, 390, 373, 57, 166, 124, 291, 451, 142, 7, 177, 295, 27, 360, 112, 16, 328, 10, 465, 428, 20, 219, 374, 332, 185, 93, 212, 35, 196, 211, 58, 167, 318, 156, 8, 251, 368, 447, 392, 54, 267, 433, 364, 253, 181, 469, 271, 302, 449, 349, 396, 165, 244, 303, 200, 37, 460, 273, 263, 468, 417, 210, 31, 218, 158, 437, 87, 243, 215, 305, 427, 472, 445, 56, 372, 375, 205, 53, 404, 285, 388, 32, 355, 28, 95, 407, 159, 204, 400, 426, 171, 252, 38, 370, 414, 442, 380, 88, 423]
og index list energy: 247694276.18657565
index list: [112, 300, 224, 460, 221, 401, 310, 244, 451, 70, 356, 48, 346, 143, 373, 286, 173, 458, 137, 347, 175, 387, 292, 364, 325, 196, 345, 189, 358, 188, 201, 195, 462, 130, 158, 305, 161, 472, 93, 252, 249, 333, 454, 163, 435, 6, 407, 46, 473, 76, 369, 51, 287, 415, 316, 447, 332, 427, 23, 342, 57, 171, 7, 315, 251, 166, 232, 72, 396, 27, 424, 176, 390, 59, 377, 289, 262, 276, 277, 442, 123, 238, 139, 60, 256, 230, 170, 150, 207, 384, 199, 197, 210, 368, 152, 156, 278, 49, 459, 103, 317, 77, 340, 187, 169, 440, 136, 362, 294, 441, 121, 273, 461, 154, 431, 213, 141, 433, 311, 219, 432, 314, 269, 233, 78, 354, 106, 324, 88, 436, 223, 155, 246, 39, 420, 115, 92, 280, 61, 400, 165, 329, 44, 375, 116, 240, 118, 17, 434, 226, 327, 151, 452, 229, 306, 104, 183, 95, 381, 242, 389, 184, 8, 45, 298, 336, 376, 28, 350, 41, 428, 241, 84, 53, 228, 237, 446, 43, 392, 186, 463, 54, 465, 261, 467, 263, 101, 148, 295, 133, 456, 168, 214, 192, 211, 122, 191, 438, 132, 127, 406, 83, 437, 328, 89, 15, 114, 303, 222, 29, 162, 259, 1, 422, 21, 399, 30, 379, 31, 215, 74, 405, 102, 410, 179, 319, 353, 80, 172, 182, 144, 450, 260, 140, 126, 16, 96, 348, 322, 134, 382, 35, 385, 12, 330, 14, 266, 285, 105, 471, 22, 457, 62, 339, 90, 355, 313, 82, 282, 160, 469, 120, 208, 153, 361, 58, 453, 107, 334, 302, 290, 370, 110, 111, 247, 253, 243, 352, 193, 20, 349, 296, 264, 236, 231, 69, 284, 0, 403, 63, 383, 36, 258, 283, 225, 360, 2, 408, 3, 397, 146, 206, 200, 209, 73, 468, 47, 372, 307, 125, 128, 359, 281, 159, 113, 419, 4, 5, 366, 194, 9, 365, 267, 32, 443, 26, 378, 19, 320, 138, 393, 301, 391, 335, 411, 98, 227, 418, 10, 204, 202, 124, 274, 398, 109, 326, 448, 147, 129, 439, 42, 297, 65, 409, 271, 425, 25, 288, 24, 145, 108, 149, 423, 185, 343, 178, 388, 56, 413, 309, 357, 13, 52, 371, 85, 337, 174, 157, 293, 64, 257, 299, 79, 218, 33, 367, 94, 177, 402, 304, 91, 338, 270, 404, 203, 291, 351, 100, 380, 181, 412, 205, 131, 235, 40, 34, 66, 323, 318, 164, 239, 87, 417, 50, 265, 135, 449, 38, 234, 68, 363, 250, 11, 464, 190, 198, 426, 272, 444, 216, 99, 308, 119, 18, 341, 279, 344, 248, 386, 75, 37, 466, 268, 394, 312, 430, 117, 416, 142, 86, 67, 167, 212, 374, 81, 414, 331, 254, 445, 217, 395, 71, 470, 255, 220, 180, 455, 321, 429, 245, 55, 97, 421, 275]
index list energy: 27771986.015082907
Done


program ended at: 2020-04-06 13:41:40.791576 
 time delta: 14:45:55.985944
