## SLURM PROLOG ###############################################################
##    Job ID : 11946065
##  Job Name : new_and_improved?
##  Nodelist : node1624
##      CPUs : 1
##  Mem/Node : 1024 MB
## Directory : /gpfs/data/nfawzi/skale/Fawzi_pycharm_project
##   Started : Sun Apr  5 22:55:51 EDT 2020
###############################################################################
program started at:2020-04-05 22:55:52.754731
iterations: 72000000 temp: 1000000.0 exponent: 0.9 eif: 300.0
time taken (sec): 65053.96935868263
number of iterations: 72000000
final temperature: 159.26791088519815
og index list: [363, 458, 432, 253, 259, 248, 348, 389, 406, 11, 113, 354, 461, 5, 126, 366, 242, 47, 266, 122, 109, 150, 111, 285, 468, 187, 405, 101, 442, 455, 93, 249, 217, 262, 465, 473, 220, 128, 17, 431, 339, 140, 404, 43, 379, 439, 186, 33, 290, 215, 440, 0, 77, 288, 286, 180, 272, 202, 184, 359, 421, 95, 331, 83, 378, 155, 27, 225, 377, 333, 445, 208, 417, 301, 114, 170, 8, 358, 337, 414, 423, 229, 347, 353, 373, 135, 13, 70, 105, 352, 264, 14, 102, 205, 320, 297, 34, 374, 309, 316, 10, 334, 211, 48, 357, 321, 372, 66, 158, 238, 149, 69, 221, 61, 299, 302, 338, 471, 306, 395, 49, 138, 240, 310, 64, 168, 87, 382, 411, 198, 330, 1, 279, 245, 380, 401, 223, 213, 192, 18, 108, 107, 463, 129, 120, 22, 154, 103, 2, 399, 165, 139, 398, 460, 390, 444, 364, 427, 51, 275, 86, 200, 449, 57, 151, 298, 174, 190, 148, 74, 324, 327, 203, 130, 194, 408, 164, 80, 230, 277, 31, 67, 276, 341, 441, 241, 37, 141, 294, 24, 307, 216, 450, 308, 403, 344, 462, 127, 55, 350, 210, 119, 25, 429, 311, 176, 53, 393, 413, 322, 133, 271, 400, 145, 269, 118, 88, 206, 386, 369, 191, 433, 472, 39, 65, 163, 214, 71, 265, 396, 110, 367, 79, 161, 92, 343, 287, 273, 68, 116, 453, 182, 282, 167, 268, 383, 237, 422, 185, 418, 325, 446, 162, 232, 254, 335, 157, 73, 362, 257, 280, 293, 136, 4, 304, 6, 166, 415, 250, 94, 183, 231, 125, 345, 60, 329, 227, 313, 426, 274, 15, 50, 30, 437, 451, 278, 251, 54, 409, 78, 332, 100, 29, 368, 12, 26, 40, 328, 394, 121, 263, 349, 38, 261, 402, 177, 342, 305, 318, 82, 300, 212, 435, 464, 181, 351, 388, 207, 454, 336, 41, 456, 45, 16, 35, 42, 428, 397, 19, 46, 420, 76, 256, 169, 376, 365, 58, 234, 281, 375, 430, 104, 235, 84, 7, 171, 96, 153, 90, 123, 188, 36, 319, 416, 131, 62, 255, 258, 222, 470, 346, 284, 63, 243, 143, 160, 134, 112, 99, 448, 239, 356, 72, 173, 252, 132, 270, 178, 9, 312, 291, 144, 381, 315, 323, 204, 146, 407, 443, 244, 224, 326, 142, 85, 434, 233, 199, 21, 292, 156, 289, 424, 371, 23, 340, 147, 459, 391, 56, 3, 452, 189, 137, 467, 218, 466, 283, 75, 97, 412, 457, 303, 436, 124, 115, 59, 44, 81, 179, 197, 91, 469, 246, 20, 260, 295, 438, 360, 447, 209, 175, 52, 195, 219, 89, 385, 355, 425, 98, 226, 361, 236, 152, 196, 117, 201, 387, 172, 28, 314, 370, 193, 419, 247, 296, 317, 32, 410, 228, 392, 159, 384, 267, 106]
og index list energy: 265051636.8298326
index list: [120, 313, 317, 147, 133, 366, 296, 112, 68, 232, 251, 343, 226, 11, 342, 235, 7, 136, 164, 413, 231, 48, 315, 177, 414, 35, 434, 202, 458, 306, 272, 252, 285, 130, 369, 269, 135, 305, 51, 93, 82, 355, 137, 412, 144, 279, 437, 46, 402, 81, 395, 110, 219, 75, 354, 184, 203, 281, 250, 55, 351, 186, 265, 59, 141, 21, 239, 69, 246, 216, 27, 256, 205, 32, 201, 326, 416, 72, 432, 179, 282, 174, 36, 344, 172, 280, 392, 20, 207, 9, 393, 199, 383, 248, 346, 154, 283, 217, 374, 127, 284, 233, 435, 94, 449, 152, 339, 103, 382, 266, 126, 294, 320, 57, 411, 91, 445, 134, 433, 31, 469, 38, 360, 163, 41, 368, 119, 424, 42, 443, 116, 359, 44, 403, 237, 471, 304, 261, 466, 104, 467, 80, 309, 314, 447, 275, 370, 88, 297, 50, 353, 40, 356, 254, 198, 200, 347, 182, 299, 39, 415, 270, 242, 429, 302, 461, 33, 161, 14, 122, 396, 29, 257, 166, 278, 63, 399, 243, 362, 43, 426, 74, 444, 65, 47, 330, 238, 139, 464, 221, 345, 321, 470, 84, 407, 125, 459, 70, 420, 62, 417, 332, 358, 89, 105, 87, 244, 401, 107, 167, 323, 181, 408, 168, 259, 365, 328, 106, 425, 28, 291, 418, 210, 423, 196, 371, 195, 376, 223, 450, 173, 363, 316, 288, 114, 1, 158, 308, 241, 300, 159, 17, 406, 24, 298, 190, 348, 2, 357, 169, 3, 148, 367, 175, 334, 73, 236, 185, 438, 192, 378, 132, 204, 96, 327, 260, 379, 212, 375, 30, 76, 150, 440, 227, 394, 60, 405, 61, 462, 213, 361, 12, 319, 230, 460, 129, 99, 352, 263, 421, 322, 15, 388, 79, 454, 318, 293, 377, 102, 409, 111, 422, 142, 373, 156, 92, 128, 341, 100, 380, 290, 463, 311, 151, 170, 338, 180, 468, 49, 273, 404, 131, 312, 140, 331, 310, 349, 98, 410, 153, 419, 295, 176, 385, 13, 400, 206, 86, 245, 286, 90, 109, 258, 118, 6, 453, 211, 209, 188, 193, 5, 473, 267, 171, 4, 189, 249, 397, 0, 37, 398, 240, 143, 428, 138, 53, 448, 56, 108, 101, 97, 255, 78, 372, 218, 113, 364, 333, 95, 64, 222, 23, 303, 220, 289, 85, 162, 442, 83, 155, 10, 465, 194, 389, 197, 268, 386, 229, 145, 325, 456, 67, 472, 165, 452, 123, 381, 274, 276, 441, 25, 215, 228, 157, 287, 187, 337, 52, 124, 77, 214, 22, 390, 336, 335, 307, 8, 384, 292, 146, 183, 253, 160, 54, 457, 45, 178, 191, 324, 271, 446, 234, 58, 340, 247, 117, 431, 262, 224, 451, 225, 455, 208, 436, 16, 430, 301, 19, 121, 427, 26, 34, 66, 329, 149, 391, 277, 350, 264, 439, 71, 387, 115, 18]
index list energy: 28369624.75882945
Done


program ended at: 2020-04-06 17:00:07.073921 
 time delta: 18:04:14.319190
