## SLURM PROLOG ###############################################################
##    Job ID : 11945904
##  Job Name : new_and_improved?
##  Nodelist : node1117
##      CPUs : 1
##  Mem/Node : 1024 MB
## Directory : /gpfs/data/nfawzi/skale/Fawzi_pycharm_project
##   Started : Sun Apr  5 22:55:10 EDT 2020
###############################################################################
program started at:2020-04-05 22:55:16.255342
iterations: 72000000 temp: 1000000.0 exponent: 0.9 eif: 300.0
time taken (sec): 57048.243549346924
number of iterations: 72000000
final temperature: 159.26791088519815
og index list: [101, 78, 468, 335, 472, 425, 203, 145, 216, 371, 228, 306, 400, 356, 55, 242, 446, 222, 120, 146, 102, 158, 443, 40, 119, 439, 177, 132, 176, 450, 135, 405, 194, 62, 412, 166, 280, 181, 153, 14, 118, 423, 300, 331, 193, 257, 307, 196, 449, 202, 333, 380, 455, 453, 309, 379, 123, 155, 99, 236, 323, 462, 270, 411, 67, 79, 185, 393, 87, 413, 31, 163, 444, 241, 386, 368, 375, 367, 212, 433, 80, 168, 290, 13, 170, 343, 350, 114, 141, 249, 143, 20, 454, 165, 221, 167, 397, 385, 328, 297, 116, 407, 391, 376, 142, 42, 470, 267, 226, 295, 390, 4, 28, 436, 107, 59, 320, 340, 134, 352, 264, 12, 147, 293, 269, 151, 201, 383, 419, 77, 428, 66, 199, 287, 344, 233, 36, 8, 382, 312, 288, 227, 11, 172, 109, 461, 466, 396, 10, 334, 424, 421, 330, 248, 441, 83, 149, 195, 467, 115, 362, 359, 126, 250, 3, 65, 427, 129, 93, 154, 272, 258, 223, 321, 426, 235, 360, 398, 337, 29, 370, 388, 187, 255, 180, 110, 58, 265, 363, 169, 324, 409, 164, 286, 387, 336, 325, 97, 206, 473, 261, 210, 63, 7, 395, 224, 95, 435, 186, 122, 384, 41, 88, 96, 219, 234, 215, 53, 274, 471, 64, 440, 2, 22, 279, 184, 38, 298, 418, 5, 103, 378, 301, 238, 230, 271, 430, 69, 253, 130, 51, 105, 260, 192, 239, 218, 406, 231, 392, 179, 402, 57, 417, 277, 458, 188, 16, 259, 431, 9, 100, 275, 247, 174, 420, 452, 74, 82, 254, 25, 89, 302, 354, 81, 410, 72, 459, 434, 276, 304, 245, 237, 30, 355, 182, 372, 32, 75, 117, 329, 205, 6, 291, 429, 314, 208, 281, 332, 442, 414, 139, 211, 133, 456, 389, 315, 463, 408, 217, 68, 381, 448, 240, 339, 327, 106, 342, 268, 156, 144, 464, 285, 19, 15, 178, 47, 326, 207, 91, 157, 308, 305, 204, 85, 113, 457, 338, 35, 374, 318, 282, 71, 256, 399, 111, 54, 1, 447, 252, 460, 37, 303, 365, 373, 26, 200, 284, 70, 140, 76, 347, 148, 403, 52, 189, 0, 289, 229, 48, 61, 152, 292, 127, 112, 319, 39, 349, 438, 43, 369, 416, 171, 246, 27, 160, 73, 394, 161, 345, 213, 49, 92, 465, 263, 451, 404, 469, 220, 190, 251, 313, 262, 348, 198, 357, 183, 445, 317, 225, 98, 150, 351, 364, 346, 278, 124, 23, 322, 244, 175, 60, 341, 294, 50, 214, 162, 94, 283, 45, 121, 377, 17, 138, 46, 299, 358, 273, 243, 197, 191, 209, 432, 84, 86, 232, 310, 422, 136, 401, 316, 159, 90, 34, 56, 266, 125, 296, 366, 44, 415, 128, 24, 137, 104, 437, 131, 311, 353, 18, 108, 173, 361, 33, 21]
og index list energy: 257796258.27000174
index list: [316, 313, 407, 151, 370, 64, 274, 22, 459, 330, 262, 388, 164, 356, 173, 56, 432, 168, 404, 38, 329, 121, 360, 95, 344, 72, 427, 129, 374, 84, 256, 101, 65, 239, 39, 150, 175, 402, 260, 287, 215, 381, 327, 24, 426, 270, 122, 418, 88, 140, 73, 378, 33, 174, 219, 365, 251, 28, 15, 62, 348, 216, 166, 125, 155, 303, 314, 212, 369, 211, 230, 417, 325, 207, 172, 243, 357, 165, 170, 222, 193, 130, 80, 242, 436, 280, 403, 85, 358, 248, 392, 178, 462, 221, 343, 331, 109, 40, 416, 90, 34, 107, 298, 128, 167, 86, 293, 120, 235, 302, 218, 198, 405, 113, 337, 205, 420, 177, 442, 229, 472, 13, 445, 7, 184, 46, 410, 116, 391, 179, 312, 103, 315, 217, 382, 41, 421, 132, 354, 295, 225, 266, 346, 117, 347, 53, 406, 307, 152, 223, 457, 332, 232, 104, 363, 131, 52, 454, 115, 341, 261, 318, 29, 396, 25, 119, 449, 227, 322, 10, 447, 149, 11, 278, 68, 106, 463, 74, 460, 275, 439, 268, 362, 70, 430, 238, 429, 240, 425, 55, 451, 220, 237, 350, 75, 390, 324, 224, 470, 259, 453, 142, 434, 285, 146, 181, 431, 45, 340, 209, 195, 158, 31, 443, 286, 328, 111, 114, 353, 48, 153, 419, 110, 136, 471, 189, 437, 36, 334, 253, 8, 377, 263, 371, 299, 291, 204, 50, 448, 79, 162, 345, 66, 297, 89, 272, 118, 233, 126, 81, 393, 16, 269, 180, 213, 133, 236, 57, 288, 60, 265, 27, 473, 257, 252, 171, 147, 32, 400, 12, 246, 160, 373, 26, 320, 35, 355, 185, 134, 408, 67, 438, 78, 412, 145, 87, 465, 333, 282, 187, 415, 69, 258, 292, 466, 200, 206, 375, 199, 423, 290, 352, 326, 309, 469, 112, 44, 82, 422, 91, 94, 395, 231, 139, 364, 19, 97, 428, 196, 37, 440, 188, 308, 249, 380, 143, 450, 144, 127, 18, 383, 77, 339, 51, 444, 76, 214, 323, 176, 203, 105, 379, 96, 424, 335, 255, 20, 283, 192, 397, 2, 398, 267, 108, 30, 413, 47, 461, 300, 296, 93, 49, 183, 244, 317, 71, 389, 43, 446, 141, 387, 169, 245, 247, 163, 372, 154, 399, 137, 228, 42, 359, 17, 361, 277, 376, 301, 100, 368, 99, 182, 321, 458, 273, 305, 310, 468, 190, 464, 9, 394, 6, 349, 14, 467, 83, 452, 254, 281, 59, 319, 289, 441, 123, 3, 455, 241, 159, 0, 433, 157, 338, 138, 411, 21, 156, 124, 135, 61, 284, 63, 401, 294, 208, 384, 304, 342, 98, 1, 23, 234, 202, 148, 414, 194, 366, 336, 276, 271, 279, 161, 351, 58, 409, 54, 92, 197, 4, 201, 210, 191, 250, 5, 456, 226, 102, 386, 311, 264, 367, 306, 385, 435, 186]
index list energy: 28063040.108880598
Done


program ended at: 2020-04-06 14:46:04.874488 
 time delta: 15:50:48.619146
