## SLURM PROLOG ###############################################################
##    Job ID : 11946007
##  Job Name : new_and_improved?
##  Nodelist : node1136
##      CPUs : 1
##  Mem/Node : 1024 MB
## Directory : /gpfs/data/nfawzi/skale/Fawzi_pycharm_project
##   Started : Sun Apr  5 22:55:49 EDT 2020
###############################################################################
program started at:2020-04-05 22:55:49.848227
iterations: 72000000 temp: 1000000.0 exponent: 0.9 eif: 300.0
time taken (sec): 51709.52424454689
number of iterations: 72000000
final temperature: 159.26791088519815
og index list: [375, 263, 63, 276, 180, 252, 143, 154, 87, 172, 413, 415, 302, 229, 274, 204, 453, 461, 351, 4, 82, 91, 149, 183, 361, 22, 31, 191, 83, 34, 15, 399, 261, 457, 187, 98, 26, 77, 240, 283, 66, 59, 318, 468, 284, 443, 75, 359, 51, 100, 308, 45, 228, 11, 353, 129, 162, 65, 179, 433, 33, 42, 139, 18, 373, 56, 292, 300, 436, 108, 393, 390, 268, 205, 306, 175, 440, 372, 210, 412, 138, 382, 455, 145, 470, 142, 225, 85, 454, 96, 147, 134, 288, 25, 321, 409, 150, 319, 46, 16, 255, 471, 275, 334, 36, 432, 156, 305, 226, 307, 120, 392, 404, 201, 445, 81, 303, 186, 5, 441, 136, 161, 206, 214, 356, 78, 90, 128, 317, 106, 384, 313, 116, 370, 297, 326, 273, 84, 218, 462, 450, 12, 123, 327, 456, 58, 285, 403, 115, 431, 311, 430, 423, 260, 394, 153, 265, 29, 329, 233, 174, 280, 247, 343, 427, 271, 235, 202, 109, 97, 159, 424, 13, 107, 367, 55, 336, 463, 378, 230, 114, 354, 8, 60, 291, 299, 121, 338, 113, 405, 194, 315, 166, 146, 68, 362, 388, 309, 335, 310, 355, 52, 234, 465, 2, 451, 95, 411, 160, 322, 23, 426, 27, 54, 419, 126, 1, 184, 369, 279, 6, 345, 414, 137, 434, 133, 245, 258, 469, 272, 227, 171, 282, 104, 0, 72, 112, 316, 410, 117, 366, 176, 314, 192, 217, 196, 92, 178, 304, 421, 130, 340, 250, 331, 200, 396, 420, 380, 103, 377, 211, 89, 248, 64, 347, 17, 435, 148, 28, 466, 88, 449, 215, 448, 3, 348, 243, 35, 401, 14, 71, 324, 262, 385, 389, 237, 323, 151, 203, 99, 208, 195, 358, 199, 157, 122, 256, 47, 381, 295, 406, 185, 296, 407, 37, 294, 238, 422, 417, 464, 131, 253, 125, 298, 437, 223, 94, 425, 352, 7, 330, 277, 163, 41, 165, 140, 44, 429, 188, 241, 69, 357, 254, 452, 270, 221, 61, 467, 472, 197, 79, 266, 267, 251, 349, 190, 209, 39, 278, 216, 80, 53, 231, 397, 222, 342, 236, 70, 287, 350, 224, 30, 212, 428, 57, 249, 346, 76, 193, 332, 207, 395, 219, 189, 368, 379, 74, 365, 364, 67, 446, 418, 86, 293, 289, 460, 257, 337, 232, 246, 73, 239, 386, 182, 173, 21, 152, 177, 328, 473, 264, 408, 19, 110, 24, 402, 9, 135, 118, 102, 442, 164, 301, 213, 144, 391, 398, 124, 48, 155, 20, 62, 40, 339, 341, 158, 141, 286, 38, 320, 242, 93, 43, 374, 181, 244, 32, 111, 269, 312, 333, 50, 220, 344, 169, 438, 360, 447, 363, 387, 459, 439, 170, 290, 383, 376, 49, 119, 458, 167, 444, 325, 259, 127, 10, 132, 105, 416, 198, 168, 400, 101, 371, 281]
og index list energy: 225364407.56851172
index list: [101, 436, 257, 367, 62, 180, 114, 256, 163, 348, 292, 96, 432, 71, 406, 16, 327, 161, 17, 359, 218, 147, 32, 426, 46, 133, 373, 90, 343, 195, 450, 197, 334, 335, 462, 307, 28, 455, 261, 459, 12, 329, 237, 448, 55, 167, 121, 93, 435, 244, 427, 325, 272, 207, 457, 295, 209, 203, 141, 326, 374, 18, 420, 14, 415, 290, 258, 286, 330, 324, 132, 158, 162, 59, 414, 10, 92, 160, 308, 45, 425, 35, 342, 26, 303, 291, 126, 313, 57, 354, 137, 399, 105, 471, 299, 274, 170, 282, 411, 226, 451, 314, 409, 262, 398, 77, 183, 248, 60, 120, 255, 289, 100, 449, 216, 123, 228, 392, 173, 113, 410, 339, 75, 412, 44, 433, 164, 401, 270, 375, 151, 298, 224, 22, 315, 39, 380, 74, 456, 165, 424, 234, 419, 264, 422, 54, 349, 63, 365, 61, 379, 131, 281, 247, 128, 319, 125, 467, 145, 112, 238, 143, 439, 130, 9, 372, 3, 204, 243, 364, 190, 287, 210, 200, 214, 206, 447, 268, 460, 186, 403, 43, 385, 40, 266, 465, 316, 235, 194, 37, 431, 196, 337, 198, 250, 240, 191, 311, 4, 5, 470, 53, 458, 104, 336, 215, 363, 66, 371, 251, 239, 135, 440, 107, 30, 76, 297, 157, 358, 220, 138, 366, 103, 400, 42, 245, 279, 405, 273, 418, 221, 382, 241, 360, 111, 29, 473, 208, 124, 23, 469, 69, 445, 188, 24, 421, 254, 48, 404, 19, 159, 56, 394, 6, 428, 259, 148, 309, 452, 73, 356, 322, 227, 109, 344, 185, 284, 212, 362, 149, 11, 91, 429, 302, 338, 85, 443, 269, 263, 300, 0, 178, 395, 153, 1, 64, 333, 155, 199, 378, 242, 353, 293, 136, 423, 139, 387, 229, 407, 144, 82, 461, 83, 438, 106, 402, 78, 156, 181, 278, 95, 352, 271, 368, 177, 377, 142, 294, 232, 225, 417, 296, 134, 361, 13, 396, 219, 340, 320, 230, 463, 253, 168, 192, 444, 7, 351, 171, 176, 152, 305, 249, 33, 376, 117, 345, 205, 397, 260, 288, 110, 328, 51, 89, 154, 265, 119, 464, 213, 369, 217, 370, 98, 381, 67, 441, 318, 94, 472, 116, 201, 231, 172, 187, 169, 34, 84, 184, 21, 389, 79, 122, 350, 331, 285, 202, 453, 277, 454, 31, 36, 357, 174, 321, 384, 280, 118, 332, 393, 38, 175, 323, 15, 150, 211, 80, 189, 466, 193, 2, 346, 267, 252, 20, 430, 8, 386, 68, 408, 65, 283, 52, 246, 41, 341, 25, 146, 97, 468, 72, 108, 49, 391, 88, 390, 179, 312, 306, 236, 87, 383, 27, 81, 413, 166, 434, 115, 140, 99, 355, 102, 182, 275, 442, 58, 388, 50, 437, 129, 301, 446, 304, 223, 347, 233, 222, 127, 276, 86, 47, 317, 70, 416, 310]
index list energy: 28306895.641781926
Done


program ended at: 2020-04-06 13:17:39.753016 
 time delta: 14:21:49.904789
