## SLURM PROLOG ###############################################################
##    Job ID : 12005869
##  Job Name : new_and_improved?
##  Nodelist : node1304
##      CPUs : 1
##  Mem/Node : 1024 MB
## Directory : /gpfs/data/nfawzi/skale/Fawzi_pycharm_project
##   Started : Mon Apr  6 12:56:36 EDT 2020
###############################################################################
program started at:2020-04-06 12:56:41.125003
iterations: 72000000 temp: 1000000.0 exponent: 0.9 eif: 300.0
time taken (sec): 41947.87596988678
number of iterations: 72000000
final temperature: 159.26791088519815
og index list: [199, 148, 277, 135, 293, 383, 279, 211, 437, 448, 408, 6, 281, 407, 403, 194, 178, 210, 98, 183, 142, 64, 52, 18, 291, 421, 315, 352, 368, 149, 60, 83, 213, 459, 463, 471, 425, 161, 152, 412, 80, 171, 456, 275, 257, 280, 86, 440, 335, 285, 290, 431, 449, 151, 386, 14, 354, 433, 424, 40, 286, 339, 221, 203, 107, 140, 292, 327, 57, 451, 332, 270, 62, 342, 384, 55, 284, 278, 334, 395, 259, 358, 289, 308, 240, 344, 441, 39, 393, 54, 120, 122, 422, 1, 61, 326, 389, 455, 390, 349, 143, 27, 116, 88, 265, 330, 93, 46, 402, 243, 464, 95, 346, 446, 196, 19, 378, 3, 144, 450, 229, 49, 71, 458, 457, 473, 416, 28, 130, 381, 26, 191, 411, 252, 282, 299, 391, 75, 406, 172, 79, 38, 70, 167, 85, 239, 295, 234, 419, 253, 219, 2, 375, 33, 36, 357, 216, 104, 136, 461, 430, 208, 89, 189, 43, 176, 150, 209, 101, 118, 319, 24, 369, 245, 59, 264, 379, 77, 439, 236, 371, 214, 108, 170, 197, 394, 133, 365, 153, 258, 44, 359, 97, 428, 113, 387, 154, 288, 254, 182, 404, 470, 92, 273, 155, 82, 114, 164, 212, 380, 362, 251, 298, 124, 48, 247, 311, 192, 159, 324, 367, 10, 146, 336, 224, 414, 169, 63, 413, 12, 58, 220, 157, 420, 119, 353, 29, 466, 398, 262, 0, 231, 313, 453, 162, 25, 111, 348, 179, 370, 222, 276, 20, 160, 377, 81, 366, 174, 90, 372, 363, 373, 283, 112, 312, 267, 314, 202, 331, 68, 355, 134, 301, 141, 432, 472, 345, 42, 396, 376, 23, 397, 305, 410, 47, 233, 321, 37, 195, 307, 317, 198, 30, 78, 5, 204, 190, 186, 103, 237, 274, 405, 320, 126, 306, 232, 415, 51, 228, 322, 388, 256, 323, 250, 338, 123, 266, 165, 66, 241, 217, 131, 242, 225, 427, 139, 163, 115, 399, 129, 468, 7, 444, 21, 261, 31, 325, 435, 248, 177, 230, 400, 227, 333, 374, 32, 268, 184, 105, 341, 74, 168, 138, 180, 4, 201, 156, 127, 294, 132, 392, 69, 249, 9, 215, 434, 226, 67, 417, 445, 429, 128, 84, 318, 263, 465, 147, 94, 443, 207, 15, 423, 218, 452, 460, 244, 121, 206, 34, 309, 438, 50, 436, 235, 385, 187, 454, 137, 343, 304, 269, 72, 303, 125, 91, 76, 442, 329, 175, 200, 316, 185, 117, 145, 22, 16, 409, 223, 96, 246, 272, 469, 300, 347, 41, 447, 271, 310, 462, 65, 188, 158, 181, 106, 173, 382, 166, 13, 73, 296, 53, 361, 11, 287, 302, 109, 401, 110, 426, 56, 8, 193, 205, 102, 328, 87, 351, 360, 260, 356, 297, 17, 238, 255, 364, 45, 337, 99, 35, 418, 340, 100, 467, 350]
og index list energy: 237245892.0220034
index list: [322, 81, 218, 311, 217, 155, 330, 120, 50, 77, 319, 125, 369, 166, 355, 240, 272, 467, 98, 377, 247, 127, 442, 129, 394, 174, 203, 387, 209, 29, 305, 256, 47, 92, 68, 399, 262, 362, 328, 5, 267, 448, 191, 4, 357, 32, 418, 62, 446, 8, 271, 265, 253, 45, 15, 34, 219, 441, 107, 37, 378, 16, 187, 471, 333, 338, 241, 244, 297, 87, 138, 432, 324, 79, 323, 94, 73, 365, 66, 231, 249, 396, 26, 60, 118, 275, 108, 54, 97, 382, 195, 403, 9, 401, 36, 344, 205, 354, 63, 429, 156, 465, 78, 406, 23, 109, 278, 314, 458, 336, 367, 224, 6, 472, 136, 407, 22, 214, 150, 175, 228, 295, 25, 459, 220, 179, 234, 436, 71, 360, 279, 348, 229, 178, 393, 163, 391, 268, 411, 186, 456, 381, 100, 444, 264, 147, 285, 221, 462, 307, 105, 350, 10, 372, 194, 283, 96, 334, 261, 424, 14, 64, 192, 184, 12, 177, 170, 0, 193, 53, 404, 27, 157, 435, 67, 238, 455, 289, 352, 293, 349, 74, 288, 426, 143, 428, 154, 230, 345, 294, 380, 273, 383, 161, 400, 158, 287, 461, 55, 46, 434, 72, 447, 88, 222, 137, 470, 302, 452, 33, 171, 153, 409, 281, 337, 169, 40, 239, 266, 457, 132, 389, 61, 438, 52, 38, 329, 39, 347, 131, 270, 376, 104, 342, 254, 208, 298, 57, 320, 51, 408, 76, 420, 168, 384, 128, 80, 121, 351, 142, 167, 286, 339, 260, 460, 7, 433, 102, 368, 316, 225, 366, 106, 252, 139, 207, 198, 215, 463, 211, 308, 85, 416, 269, 251, 353, 11, 388, 212, 182, 41, 469, 84, 1, 112, 31, 75, 206, 422, 213, 359, 2, 340, 42, 162, 419, 237, 397, 89, 385, 216, 145, 93, 413, 180, 183, 133, 423, 141, 341, 48, 417, 83, 414, 321, 440, 290, 370, 301, 248, 468, 245, 116, 421, 160, 395, 115, 246, 113, 313, 284, 304, 227, 43, 358, 126, 189, 140, 392, 111, 114, 390, 274, 263, 232, 300, 259, 28, 242, 450, 21, 427, 188, 200, 122, 124, 243, 402, 69, 318, 250, 309, 30, 226, 375, 91, 445, 56, 451, 135, 363, 149, 159, 13, 258, 24, 303, 146, 181, 371, 151, 172, 173, 325, 364, 202, 431, 196, 437, 3, 453, 164, 398, 117, 454, 58, 327, 65, 430, 223, 86, 144, 233, 235, 49, 82, 204, 59, 317, 176, 35, 386, 70, 379, 185, 412, 335, 103, 326, 361, 95, 255, 312, 374, 257, 449, 99, 90, 464, 134, 276, 410, 332, 18, 439, 165, 466, 299, 20, 201, 19, 356, 280, 296, 443, 310, 123, 473, 152, 415, 306, 277, 236, 101, 148, 130, 346, 199, 190, 197, 373, 210, 343, 119, 110, 292, 405, 17, 315, 44, 282, 425, 331, 291]
index list energy: 27933500.554726154
Done


program ended at: 2020-04-07 00:35:49.368178 
 time delta: 11:39:08.243175
