## SLURM PROLOG ###############################################################
##    Job ID : 11945898
##  Job Name : new_and_improved?
##  Nodelist : node1119
##      CPUs : 1
##  Mem/Node : 1024 MB
## Directory : /gpfs/data/nfawzi/skale/Fawzi_pycharm_project
##   Started : Sun Apr  5 22:55:10 EDT 2020
###############################################################################
program started at:2020-04-05 22:55:16.153720
iterations: 72000000 temp: 1000000.0 exponent: 0.9 eif: 300.0
time taken (sec): 40023.846143722534
number of iterations: 72000000
final temperature: 159.26791088519815
og index list: [257, 283, 334, 331, 124, 258, 170, 66, 329, 72, 387, 446, 164, 436, 68, 457, 80, 389, 413, 468, 50, 285, 421, 154, 1, 255, 190, 130, 326, 444, 212, 88, 87, 368, 26, 294, 459, 49, 83, 114, 274, 162, 39, 24, 437, 247, 367, 286, 168, 206, 32, 107, 325, 318, 301, 139, 167, 115, 252, 126, 406, 185, 420, 251, 447, 100, 323, 369, 423, 179, 9, 402, 407, 302, 377, 210, 148, 2, 44, 304, 236, 390, 297, 288, 226, 453, 140, 144, 366, 441, 321, 52, 462, 15, 472, 415, 198, 448, 136, 348, 113, 359, 21, 102, 429, 385, 105, 310, 333, 12, 243, 426, 18, 173, 7, 250, 149, 313, 330, 351, 439, 153, 36, 19, 108, 405, 237, 249, 79, 176, 338, 205, 456, 271, 256, 458, 133, 141, 215, 150, 34, 327, 280, 422, 230, 47, 379, 165, 298, 320, 371, 208, 189, 92, 191, 431, 90, 209, 14, 4, 266, 362, 142, 403, 118, 37, 218, 54, 262, 110, 300, 180, 376, 129, 101, 265, 183, 312, 125, 214, 220, 76, 408, 99, 227, 364, 259, 392, 357, 352, 471, 434, 82, 315, 347, 418, 438, 45, 182, 137, 194, 135, 396, 51, 61, 217, 454, 410, 345, 328, 109, 186, 417, 216, 160, 159, 199, 196, 282, 231, 335, 157, 134, 238, 296, 269, 158, 317, 324, 77, 344, 425, 463, 98, 412, 111, 442, 380, 293, 349, 85, 291, 202, 30, 353, 188, 465, 277, 281, 184, 469, 172, 143, 97, 289, 361, 253, 213, 443, 292, 314, 356, 228, 62, 309, 224, 370, 93, 181, 427, 372, 75, 203, 121, 60, 127, 241, 336, 112, 467, 200, 0, 41, 155, 84, 33, 440, 221, 381, 414, 201, 311, 299, 397, 178, 242, 354, 235, 340, 120, 116, 70, 455, 393, 374, 71, 223, 145, 86, 316, 248, 187, 28, 11, 233, 81, 378, 445, 161, 375, 156, 219, 131, 59, 64, 279, 104, 399, 394, 151, 430, 174, 35, 95, 232, 432, 225, 260, 177, 363, 391, 195, 46, 58, 342, 171, 428, 117, 25, 23, 276, 222, 244, 322, 94, 263, 63, 305, 106, 358, 452, 27, 464, 332, 13, 319, 89, 278, 197, 473, 461, 29, 343, 246, 287, 307, 146, 355, 73, 337, 138, 43, 132, 365, 470, 91, 234, 166, 123, 400, 339, 268, 346, 192, 295, 3, 74, 40, 411, 395, 341, 360, 103, 419, 204, 211, 17, 388, 261, 306, 272, 5, 239, 31, 449, 10, 270, 38, 240, 48, 57, 290, 409, 96, 78, 42, 303, 401, 254, 284, 175, 424, 193, 6, 152, 69, 451, 56, 67, 245, 273, 163, 416, 350, 382, 53, 229, 122, 8, 460, 308, 147, 383, 128, 435, 373, 65, 20, 384, 119, 267, 55, 169, 22, 404, 398, 386, 207, 275, 466, 16, 450, 433, 264]
og index list energy: 262432781.4990903
index list: [225, 405, 35, 453, 46, 308, 263, 250, 70, 402, 38, 368, 229, 154, 363, 56, 279, 358, 144, 400, 72, 359, 20, 462, 52, 331, 48, 353, 126, 115, 248, 443, 83, 460, 301, 364, 127, 454, 112, 131, 51, 398, 339, 24, 118, 6, 305, 53, 162, 84, 420, 324, 120, 218, 22, 391, 314, 119, 317, 257, 388, 208, 371, 128, 153, 295, 0, 58, 1, 286, 291, 369, 25, 211, 288, 200, 207, 393, 104, 340, 93, 216, 138, 222, 134, 234, 465, 280, 468, 164, 445, 102, 182, 179, 433, 165, 82, 233, 173, 385, 23, 97, 110, 178, 7, 133, 349, 30, 98, 329, 237, 345, 175, 417, 77, 124, 226, 456, 68, 284, 11, 228, 306, 411, 249, 285, 146, 396, 168, 463, 116, 394, 172, 316, 440, 169, 442, 227, 389, 307, 17, 44, 350, 161, 451, 43, 380, 117, 361, 266, 245, 260, 408, 71, 426, 294, 159, 99, 367, 69, 404, 184, 149, 370, 29, 256, 296, 45, 459, 129, 303, 328, 27, 441, 62, 259, 406, 275, 365, 2, 469, 81, 446, 199, 9, 341, 333, 148, 140, 88, 377, 85, 347, 190, 147, 185, 436, 28, 181, 122, 315, 113, 42, 357, 242, 346, 277, 297, 318, 158, 397, 89, 464, 109, 59, 261, 293, 282, 276, 425, 289, 92, 213, 239, 270, 174, 325, 423, 336, 209, 36, 372, 14, 449, 8, 54, 57, 366, 76, 255, 123, 265, 121, 335, 401, 12, 356, 223, 472, 332, 431, 74, 152, 410, 55, 352, 240, 252, 193, 212, 32, 204, 322, 79, 246, 139, 73, 108, 290, 298, 19, 407, 210, 452, 157, 258, 80, 217, 287, 64, 107, 281, 379, 132, 344, 163, 26, 466, 180, 167, 215, 437, 33, 386, 176, 450, 219, 383, 273, 413, 206, 354, 192, 351, 274, 470, 78, 283, 143, 378, 94, 362, 231, 106, 419, 135, 136, 10, 409, 5, 343, 3, 177, 337, 327, 326, 473, 254, 269, 230, 455, 61, 86, 310, 155, 63, 37, 444, 4, 435, 264, 130, 191, 422, 244, 430, 114, 214, 300, 457, 101, 299, 49, 166, 125, 41, 360, 103, 384, 160, 13, 66, 439, 60, 330, 262, 395, 18, 448, 247, 111, 418, 91, 156, 412, 187, 278, 205, 403, 251, 421, 142, 381, 241, 434, 47, 382, 238, 447, 67, 309, 432, 348, 243, 390, 268, 334, 320, 292, 39, 461, 151, 467, 105, 427, 304, 374, 271, 220, 31, 201, 188, 342, 311, 189, 392, 253, 221, 183, 312, 323, 224, 438, 141, 376, 302, 375, 272, 355, 198, 203, 40, 471, 21, 416, 96, 100, 232, 186, 429, 50, 87, 236, 137, 424, 90, 428, 321, 387, 65, 319, 145, 16, 458, 267, 414, 95, 15, 235, 75, 150, 399, 171, 195, 170, 202, 415, 197, 196, 338, 194, 34, 373, 313]
index list energy: 29489852.90472571
Done


program ended at: 2020-04-06 10:02:20.399062 
 time delta: 11:07:04.245342
