## SLURM PROLOG ###############################################################
##    Job ID : 12005534
##  Job Name : new_and_improved?
##  Nodelist : node1111
##      CPUs : 1
##  Mem/Node : 1024 MB
## Directory : /gpfs/data/nfawzi/skale/Fawzi_pycharm_project
##   Started : Mon Apr  6 12:42:01 EDT 2020
###############################################################################
program started at:2020-04-06 12:42:08.386548
iterations: 72000000 temp: 1000000.0 exponent: 0.9 eif: 300.0
time taken (sec): 54105.46822142601
number of iterations: 72000000
final temperature: 159.26791088519815
og index list: [269, 133, 132, 429, 276, 34, 99, 142, 425, 332, 265, 92, 186, 253, 222, 300, 467, 32, 194, 62, 226, 411, 71, 272, 427, 248, 234, 388, 116, 379, 67, 175, 469, 301, 387, 21, 200, 413, 41, 251, 459, 247, 368, 230, 61, 460, 275, 473, 458, 334, 214, 68, 246, 266, 318, 105, 463, 52, 11, 17, 30, 158, 104, 441, 23, 242, 161, 462, 81, 317, 94, 73, 328, 381, 150, 273, 396, 151, 26, 358, 5, 178, 231, 69, 327, 149, 121, 237, 257, 258, 83, 171, 321, 207, 365, 164, 2, 202, 423, 131, 216, 28, 339, 193, 472, 346, 289, 405, 350, 353, 233, 292, 192, 378, 349, 256, 8, 127, 89, 393, 138, 364, 323, 455, 86, 278, 345, 43, 297, 290, 100, 45, 44, 426, 291, 360, 183, 443, 31, 227, 146, 414, 74, 107, 351, 188, 243, 373, 348, 136, 452, 1, 407, 330, 213, 255, 331, 93, 296, 288, 421, 0, 254, 354, 46, 12, 101, 66, 390, 204, 376, 382, 122, 400, 380, 134, 79, 189, 42, 84, 170, 308, 263, 38, 419, 59, 85, 355, 191, 209, 416, 109, 47, 14, 64, 33, 461, 162, 37, 274, 371, 322, 228, 395, 6, 15, 197, 113, 219, 418, 457, 173, 57, 287, 445, 24, 110, 366, 335, 311, 91, 448, 329, 187, 221, 454, 13, 102, 450, 238, 294, 304, 51, 96, 434, 305, 167, 70, 218, 119, 125, 163, 82, 160, 447, 182, 293, 286, 169, 143, 20, 184, 196, 409, 87, 114, 424, 249, 259, 307, 386, 241, 224, 410, 144, 277, 314, 370, 402, 232, 341, 375, 438, 342, 106, 95, 394, 374, 404, 90, 391, 361, 126, 36, 225, 27, 270, 244, 435, 389, 285, 29, 363, 98, 468, 357, 428, 9, 262, 168, 245, 50, 210, 295, 377, 324, 282, 139, 336, 60, 444, 16, 325, 320, 313, 369, 217, 117, 347, 344, 223, 451, 432, 77, 464, 422, 403, 129, 55, 309, 206, 4, 312, 165, 176, 385, 326, 415, 436, 283, 199, 174, 159, 264, 431, 252, 108, 180, 157, 181, 212, 166, 103, 3, 466, 48, 383, 177, 343, 97, 430, 298, 315, 148, 470, 112, 456, 340, 356, 145, 220, 76, 205, 88, 399, 78, 362, 261, 198, 140, 250, 440, 152, 22, 19, 185, 302, 338, 155, 211, 65, 118, 18, 310, 201, 299, 208, 75, 111, 80, 7, 120, 56, 319, 195, 172, 203, 153, 281, 128, 333, 420, 398, 384, 147, 130, 465, 229, 115, 306, 372, 124, 453, 267, 190, 268, 271, 433, 240, 215, 179, 236, 54, 446, 392, 63, 39, 442, 401, 58, 154, 137, 135, 10, 280, 406, 337, 449, 408, 359, 53, 49, 72, 352, 397, 25, 260, 239, 141, 123, 412, 235, 303, 367, 437, 279, 417, 439, 316, 40, 471, 284, 35, 156]
og index list energy: 242393727.16164646
index list: [80, 58, 464, 104, 279, 466, 55, 432, 152, 436, 133, 376, 304, 38, 359, 313, 338, 294, 246, 221, 46, 416, 123, 364, 182, 154, 183, 115, 392, 274, 41, 147, 70, 326, 386, 48, 447, 237, 402, 172, 141, 223, 378, 264, 430, 316, 380, 47, 162, 379, 225, 322, 68, 337, 281, 424, 177, 215, 167, 277, 319, 293, 370, 57, 461, 61, 401, 263, 448, 12, 56, 344, 260, 453, 247, 139, 381, 206, 86, 203, 125, 434, 166, 345, 251, 324, 24, 417, 233, 129, 50, 329, 151, 97, 382, 270, 327, 21, 410, 112, 85, 232, 218, 306, 124, 145, 385, 176, 168, 449, 187, 276, 90, 418, 28, 114, 356, 202, 411, 132, 212, 339, 271, 234, 388, 300, 31, 346, 10, 468, 72, 122, 458, 216, 314, 228, 308, 175, 245, 105, 278, 266, 373, 102, 407, 272, 347, 131, 44, 360, 332, 445, 273, 298, 289, 229, 204, 200, 198, 205, 438, 93, 462, 91, 118, 135, 387, 126, 79, 396, 66, 171, 267, 255, 137, 143, 435, 186, 444, 43, 419, 16, 442, 290, 0, 305, 169, 153, 420, 189, 6, 201, 196, 333, 397, 208, 42, 1, 282, 121, 457, 107, 340, 144, 87, 92, 81, 317, 60, 127, 391, 235, 20, 239, 5, 361, 26, 320, 261, 440, 89, 441, 248, 452, 96, 39, 421, 36, 40, 34, 149, 341, 63, 459, 88, 230, 140, 349, 312, 94, 398, 83, 284, 302, 184, 249, 367, 19, 446, 95, 399, 53, 303, 51, 365, 65, 280, 467, 130, 191, 243, 403, 286, 32, 394, 209, 99, 389, 134, 428, 15, 463, 159, 30, 456, 227, 25, 52, 408, 138, 473, 103, 374, 240, 323, 257, 390, 2, 120, 35, 366, 194, 193, 73, 207, 210, 199, 197, 190, 469, 224, 383, 325, 415, 160, 285, 146, 375, 211, 372, 336, 465, 254, 22, 315, 238, 354, 321, 409, 262, 443, 241, 214, 62, 259, 119, 157, 393, 67, 287, 164, 297, 49, 155, 427, 222, 328, 253, 128, 311, 11, 413, 109, 23, 358, 217, 454, 181, 362, 301, 357, 220, 296, 451, 75, 180, 310, 426, 76, 265, 100, 82, 258, 192, 295, 59, 343, 18, 148, 431, 142, 150, 437, 71, 342, 101, 455, 173, 37, 404, 8, 353, 136, 395, 13, 433, 117, 299, 226, 371, 116, 352, 425, 268, 412, 242, 470, 195, 250, 9, 439, 331, 77, 244, 110, 213, 108, 84, 350, 269, 106, 14, 231, 185, 423, 64, 7, 307, 69, 406, 78, 334, 156, 161, 17, 283, 27, 252, 318, 111, 29, 348, 158, 236, 309, 472, 179, 377, 54, 256, 113, 405, 74, 355, 163, 422, 178, 384, 165, 288, 292, 400, 291, 414, 219, 429, 3, 363, 4, 368, 174, 335, 460, 188, 170, 351, 33, 471, 98, 450, 45, 369, 330, 275]
index list energy: 27052281.203270495
Done


program ended at: 2020-04-07 03:43:54.220645 
 time delta: 15:01:45.834097
