## SLURM PROLOG ###############################################################
##    Job ID : 11945921
##  Job Name : new_and_improved?
##  Nodelist : node1627
##      CPUs : 1
##  Mem/Node : 1024 MB
## Directory : /gpfs/data/nfawzi/skale/Fawzi_pycharm_project
##   Started : Sun Apr  5 22:55:11 EDT 2020
###############################################################################
program started at:2020-04-05 22:55:16.335357
iterations: 72000000 temp: 1000000.0 exponent: 0.9 eif: 300.0
time taken (sec): 57554.587319374084
number of iterations: 72000000
final temperature: 159.26791088519815
og index list: [197, 1, 168, 175, 4, 208, 6, 321, 406, 92, 52, 56, 342, 95, 295, 404, 133, 184, 27, 473, 72, 334, 74, 66, 391, 129, 320, 47, 358, 293, 23, 145, 420, 373, 172, 409, 140, 425, 107, 286, 335, 357, 459, 387, 289, 466, 383, 16, 427, 51, 313, 178, 455, 215, 209, 146, 173, 202, 177, 411, 457, 354, 433, 144, 363, 32, 369, 344, 400, 110, 33, 347, 42, 226, 237, 83, 253, 437, 69, 170, 298, 187, 231, 41, 343, 61, 45, 432, 315, 346, 120, 62, 416, 439, 153, 392, 446, 73, 193, 276, 152, 163, 302, 472, 134, 269, 236, 104, 442, 323, 471, 441, 139, 125, 379, 98, 12, 456, 283, 0, 112, 355, 65, 350, 196, 300, 364, 101, 227, 336, 423, 82, 7, 219, 413, 380, 176, 63, 130, 180, 68, 121, 279, 119, 123, 309, 378, 135, 91, 3, 257, 271, 201, 78, 89, 285, 424, 341, 116, 210, 307, 291, 131, 154, 241, 84, 216, 325, 204, 306, 79, 214, 43, 458, 113, 228, 429, 270, 122, 157, 287, 331, 262, 155, 384, 290, 71, 438, 255, 222, 221, 186, 447, 351, 190, 143, 382, 465, 194, 36, 278, 275, 58, 326, 200, 372, 451, 239, 238, 317, 240, 14, 415, 128, 327, 281, 322, 233, 166, 117, 419, 353, 412, 105, 401, 250, 405, 192, 274, 454, 195, 108, 35, 452, 368, 388, 329, 371, 296, 159, 263, 102, 339, 115, 265, 259, 417, 20, 464, 17, 430, 230, 448, 132, 5, 434, 87, 468, 318, 461, 273, 212, 314, 403, 299, 436, 76, 126, 162, 246, 86, 252, 414, 18, 249, 205, 211, 44, 203, 345, 189, 141, 397, 26, 389, 213, 449, 311, 103, 284, 19, 348, 109, 244, 223, 232, 312, 171, 138, 242, 161, 304, 385, 367, 297, 150, 160, 24, 418, 445, 148, 167, 94, 460, 381, 191, 256, 396, 324, 39, 29, 332, 25, 470, 169, 22, 174, 85, 386, 111, 251, 224, 308, 393, 183, 310, 181, 59, 55, 431, 57, 395, 88, 21, 124, 316, 349, 375, 399, 450, 356, 100, 11, 319, 352, 366, 462, 337, 164, 198, 151, 268, 142, 435, 93, 218, 13, 463, 243, 96, 28, 2, 407, 390, 50, 305, 303, 377, 280, 15, 199, 254, 9, 365, 147, 46, 330, 292, 207, 301, 376, 149, 97, 118, 338, 288, 49, 360, 267, 106, 114, 229, 70, 264, 362, 158, 54, 81, 277, 40, 185, 127, 260, 294, 408, 48, 53, 247, 359, 272, 428, 402, 333, 80, 444, 217, 261, 67, 37, 374, 467, 156, 421, 60, 136, 443, 34, 266, 469, 410, 38, 248, 234, 137, 188, 31, 206, 370, 77, 8, 282, 245, 394, 90, 422, 182, 361, 328, 440, 453, 99, 225, 75, 398, 220, 30, 165, 179, 235, 258, 426, 340, 10, 64]
og index list energy: 262856283.25471294
index list: [75, 300, 218, 21, 250, 13, 308, 160, 450, 165, 470, 178, 465, 163, 469, 302, 351, 5, 423, 7, 50, 97, 345, 128, 108, 316, 115, 238, 342, 117, 350, 151, 379, 226, 408, 216, 274, 64, 166, 155, 287, 222, 51, 255, 269, 78, 362, 197, 370, 210, 448, 73, 386, 158, 458, 47, 297, 306, 248, 167, 466, 58, 396, 3, 20, 171, 196, 203, 314, 207, 472, 59, 433, 27, 406, 175, 460, 190, 338, 6, 144, 432, 267, 99, 441, 313, 451, 291, 449, 105, 383, 229, 438, 169, 357, 260, 246, 331, 296, 445, 131, 173, 372, 68, 364, 320, 12, 60, 82, 162, 19, 439, 138, 228, 426, 0, 295, 324, 53, 157, 387, 127, 339, 96, 429, 281, 41, 70, 343, 311, 154, 340, 67, 159, 244, 427, 182, 81, 348, 36, 410, 194, 189, 32, 353, 54, 369, 253, 272, 319, 310, 118, 292, 363, 312, 374, 285, 42, 414, 57, 442, 137, 367, 61, 334, 328, 249, 124, 192, 318, 176, 252, 11, 91, 388, 49, 355, 240, 431, 275, 409, 119, 170, 435, 279, 428, 333, 43, 405, 266, 354, 241, 385, 130, 69, 434, 195, 235, 188, 193, 143, 271, 425, 9, 371, 30, 424, 40, 322, 208, 153, 1, 265, 15, 347, 22, 436, 65, 356, 225, 74, 397, 277, 382, 168, 473, 35, 256, 251, 114, 234, 468, 121, 391, 111, 268, 358, 29, 375, 211, 183, 263, 101, 191, 214, 139, 437, 231, 116, 455, 262, 148, 380, 26, 359, 220, 280, 185, 204, 261, 242, 303, 187, 123, 440, 2, 454, 17, 315, 4, 181, 447, 273, 86, 85, 140, 77, 201, 142, 346, 299, 335, 276, 284, 243, 459, 247, 110, 149, 467, 107, 106, 76, 417, 113, 45, 368, 104, 180, 401, 126, 88, 307, 63, 232, 87, 390, 95, 457, 184, 28, 464, 254, 71, 215, 122, 239, 264, 419, 98, 361, 223, 444, 332, 298, 33, 136, 400, 336, 230, 283, 161, 413, 14, 120, 46, 377, 259, 10, 177, 378, 24, 373, 202, 257, 317, 133, 456, 38, 227, 66, 366, 233, 125, 337, 286, 23, 8, 326, 452, 212, 141, 323, 213, 245, 290, 150, 18, 349, 309, 376, 134, 416, 330, 109, 209, 84, 174, 294, 34, 83, 344, 293, 461, 55, 329, 146, 393, 39, 415, 206, 199, 37, 389, 200, 236, 90, 453, 52, 221, 305, 129, 394, 145, 72, 278, 327, 48, 89, 418, 217, 79, 304, 392, 94, 404, 179, 446, 135, 381, 198, 463, 205, 395, 31, 282, 412, 270, 430, 325, 443, 164, 407, 186, 403, 102, 402, 219, 56, 384, 321, 341, 16, 420, 100, 471, 112, 172, 237, 411, 301, 421, 147, 398, 132, 422, 80, 156, 92, 224, 365, 152, 258, 288, 360, 25, 93, 462, 62, 103, 399, 44, 352, 289]
index list energy: 27670688.69825262
Done


program ended at: 2020-04-06 14:54:31.281578 
 time delta: 15:59:14.946221
