## SLURM PROLOG ###############################################################
##    Job ID : 11945920
##  Job Name : new_and_improved?
##  Nodelist : node1627
##      CPUs : 1
##  Mem/Node : 1024 MB
## Directory : /gpfs/data/nfawzi/skale/Fawzi_pycharm_project
##   Started : Sun Apr  5 22:55:11 EDT 2020
###############################################################################
program started at:2020-04-05 22:55:16.303618
iterations: 72000000 temp: 1000000.0 exponent: 0.9 eif: 300.0
time taken (sec): 47282.8193795681
number of iterations: 72000000
final temperature: 159.26791088519815
og index list: [294, 428, 311, 263, 250, 102, 74, 405, 452, 270, 267, 91, 141, 265, 127, 244, 391, 113, 286, 370, 220, 206, 93, 229, 121, 426, 116, 331, 381, 120, 101, 436, 389, 247, 463, 66, 446, 246, 209, 377, 231, 402, 416, 358, 368, 280, 327, 138, 288, 178, 295, 160, 335, 390, 70, 254, 314, 59, 199, 109, 429, 277, 355, 455, 369, 35, 319, 284, 350, 351, 142, 12, 293, 268, 341, 322, 469, 467, 394, 378, 172, 242, 406, 86, 401, 49, 275, 58, 50, 29, 6, 46, 348, 13, 397, 408, 75, 302, 473, 301, 60, 223, 417, 364, 198, 273, 133, 7, 21, 157, 444, 398, 94, 156, 27, 168, 376, 24, 388, 36, 10, 119, 81, 409, 144, 115, 221, 312, 52, 456, 321, 179, 31, 194, 227, 423, 342, 15, 68, 67, 14, 461, 76, 72, 84, 145, 45, 132, 472, 414, 26, 357, 360, 412, 158, 148, 5, 425, 17, 125, 372, 240, 399, 222, 124, 164, 281, 285, 460, 2, 344, 330, 177, 374, 340, 186, 255, 366, 290, 457, 249, 462, 261, 88, 107, 48, 304, 211, 149, 192, 9, 96, 306, 386, 445, 434, 181, 210, 315, 185, 441, 37, 419, 432, 291, 303, 83, 47, 258, 435, 100, 92, 173, 201, 61, 150, 153, 359, 191, 40, 4, 154, 238, 440, 234, 278, 25, 384, 32, 289, 38, 387, 53, 225, 85, 34, 431, 73, 166, 279, 23, 184, 334, 226, 135, 466, 453, 437, 218, 202, 44, 180, 163, 375, 57, 269, 110, 333, 0, 114, 56, 188, 87, 111, 65, 41, 64, 272, 251, 365, 123, 392, 128, 448, 237, 239, 443, 162, 161, 55, 189, 11, 143, 134, 18, 175, 373, 471, 283, 126, 146, 208, 3, 39, 362, 264, 33, 347, 137, 353, 274, 447, 420, 136, 151, 235, 195, 296, 271, 203, 103, 260, 424, 329, 403, 320, 196, 395, 230, 241, 77, 318, 159, 326, 104, 307, 316, 339, 299, 427, 197, 464, 71, 282, 383, 97, 79, 253, 8, 470, 352, 106, 95, 418, 42, 131, 165, 28, 22, 400, 228, 433, 451, 99, 243, 256, 214, 371, 217, 287, 449, 385, 380, 309, 328, 174, 363, 212, 169, 90, 155, 167, 262, 415, 422, 216, 219, 130, 19, 421, 78, 112, 171, 336, 105, 430, 200, 356, 367, 170, 117, 51, 382, 252, 20, 89, 63, 215, 332, 349, 183, 361, 465, 323, 187, 393, 324, 266, 80, 413, 69, 213, 190, 438, 140, 343, 232, 182, 337, 248, 297, 193, 129, 16, 410, 207, 54, 325, 300, 346, 439, 317, 1, 404, 30, 62, 450, 338, 118, 298, 108, 310, 305, 396, 43, 139, 292, 459, 308, 468, 245, 224, 442, 176, 122, 204, 458, 98, 205, 313, 276, 354, 407, 147, 411, 454, 152, 379, 236, 259, 345, 257, 82, 233]
og index list energy: 252511363.0254882
index list: [120, 302, 155, 161, 344, 71, 364, 295, 306, 150, 43, 457, 330, 59, 162, 230, 82, 337, 40, 397, 333, 468, 304, 256, 257, 24, 399, 219, 423, 318, 189, 209, 103, 303, 193, 202, 394, 2, 351, 211, 329, 147, 163, 367, 113, 404, 6, 33, 439, 325, 239, 223, 122, 255, 414, 135, 180, 108, 309, 22, 388, 268, 454, 90, 395, 115, 112, 51, 415, 149, 236, 293, 429, 271, 473, 177, 305, 44, 118, 182, 205, 383, 95, 446, 247, 275, 469, 291, 371, 169, 403, 221, 378, 98, 418, 235, 3, 55, 347, 173, 352, 195, 282, 218, 146, 346, 77, 234, 39, 430, 109, 331, 254, 78, 362, 181, 391, 143, 466, 164, 345, 279, 398, 188, 340, 168, 300, 31, 183, 272, 471, 253, 222, 374, 229, 104, 448, 81, 422, 7, 136, 10, 350, 133, 373, 74, 431, 42, 455, 270, 359, 316, 0, 179, 1, 248, 400, 310, 360, 312, 441, 160, 456, 332, 246, 158, 167, 159, 80, 25, 425, 76, 420, 35, 421, 19, 357, 53, 460, 16, 419, 58, 389, 174, 267, 465, 5, 186, 410, 197, 196, 4, 190, 396, 32, 204, 128, 23, 411, 286, 123, 65, 413, 212, 265, 251, 68, 124, 15, 73, 323, 70, 315, 156, 311, 231, 139, 242, 467, 203, 250, 339, 85, 91, 440, 192, 355, 225, 443, 335, 102, 370, 266, 372, 84, 138, 13, 435, 166, 125, 144, 83, 428, 28, 349, 187, 116, 424, 96, 341, 64, 208, 14, 261, 217, 363, 153, 462, 57, 436, 324, 89, 134, 427, 26, 402, 30, 259, 252, 263, 75, 417, 41, 334, 172, 94, 100, 287, 132, 227, 62, 445, 307, 289, 459, 274, 215, 322, 107, 408, 60, 29, 220, 11, 377, 199, 207, 194, 387, 9, 86, 191, 453, 185, 386, 129, 233, 328, 127, 278, 290, 284, 277, 366, 244, 308, 273, 449, 260, 97, 358, 213, 121, 49, 154, 232, 38, 348, 178, 148, 140, 365, 114, 292, 382, 126, 79, 361, 165, 461, 48, 297, 52, 262, 379, 93, 451, 8, 356, 184, 336, 152, 326, 298, 249, 69, 433, 21, 228, 245, 226, 369, 46, 416, 151, 288, 390, 56, 463, 238, 464, 142, 353, 141, 224, 338, 241, 342, 130, 175, 375, 111, 384, 294, 472, 285, 12, 283, 171, 210, 214, 201, 36, 381, 198, 280, 401, 314, 412, 45, 450, 264, 409, 17, 447, 216, 110, 101, 432, 27, 368, 176, 438, 157, 269, 117, 299, 72, 434, 50, 92, 137, 437, 320, 276, 319, 37, 442, 206, 20, 470, 200, 376, 243, 317, 105, 34, 66, 313, 258, 99, 406, 54, 405, 47, 301, 170, 452, 131, 145, 426, 88, 18, 380, 240, 61, 385, 106, 392, 281, 354, 87, 63, 458, 67, 407, 296, 393, 237, 444, 321, 343, 327, 119]
index list energy: 27854910.735994037
Done


program ended at: 2020-04-06 12:03:19.482984 
 time delta: 13:08:03.179366
