## SLURM PROLOG ###############################################################
##    Job ID : 11946048
##  Job Name : new_and_improved?
##  Nodelist : node1617
##      CPUs : 1
##  Mem/Node : 1024 MB
## Directory : /gpfs/data/nfawzi/skale/Fawzi_pycharm_project
##   Started : Sun Apr  5 22:55:51 EDT 2020
###############################################################################
program started at:2020-04-05 22:55:52.029559
iterations: 72000000 temp: 1000000.0 exponent: 0.9 eif: 300.0
time taken (sec): 61911.69580030441
number of iterations: 72000000
final temperature: 159.26791088519815
og index list: [414, 164, 359, 415, 299, 147, 140, 266, 398, 193, 231, 27, 379, 112, 72, 455, 355, 354, 319, 132, 275, 449, 367, 429, 385, 372, 81, 363, 350, 138, 73, 209, 42, 451, 436, 239, 296, 384, 22, 175, 308, 456, 293, 167, 461, 332, 220, 273, 440, 96, 328, 247, 465, 316, 408, 270, 469, 83, 6, 371, 412, 467, 330, 7, 333, 0, 2, 430, 435, 325, 32, 263, 213, 195, 411, 366, 361, 14, 244, 391, 397, 115, 251, 401, 470, 123, 222, 11, 289, 318, 198, 153, 245, 8, 394, 452, 192, 162, 413, 353, 124, 180, 302, 256, 406, 396, 215, 36, 197, 335, 339, 357, 255, 341, 323, 241, 52, 424, 428, 155, 66, 283, 262, 45, 331, 301, 217, 94, 106, 320, 373, 107, 174, 252, 437, 183, 98, 356, 399, 297, 272, 421, 305, 238, 151, 265, 446, 129, 431, 102, 30, 409, 176, 125, 48, 300, 450, 181, 104, 131, 204, 105, 441, 443, 362, 5, 18, 249, 16, 103, 130, 230, 31, 3, 160, 387, 386, 235, 312, 177, 37, 326, 40, 227, 370, 109, 322, 417, 119, 200, 157, 254, 187, 229, 279, 135, 422, 95, 33, 348, 67, 97, 334, 47, 24, 288, 271, 54, 282, 80, 253, 286, 344, 352, 39, 223, 161, 381, 76, 64, 55, 133, 26, 345, 74, 90, 433, 403, 432, 150, 378, 311, 85, 248, 420, 246, 340, 190, 447, 260, 182, 419, 242, 158, 329, 201, 60, 448, 111, 224, 46, 59, 142, 313, 388, 304, 165, 100, 268, 28, 191, 210, 226, 44, 38, 314, 114, 317, 17, 281, 169, 218, 202, 29, 454, 196, 327, 393, 274, 310, 240, 70, 276, 410, 237, 258, 221, 459, 427, 425, 87, 75, 61, 236, 23, 186, 259, 168, 203, 163, 120, 58, 122, 232, 473, 49, 207, 127, 290, 277, 68, 351, 137, 216, 156, 41, 141, 468, 25, 79, 159, 426, 211, 368, 285, 343, 113, 56, 407, 309, 418, 146, 453, 63, 438, 21, 390, 346, 423, 471, 118, 315, 78, 269, 321, 1, 466, 225, 50, 110, 389, 143, 117, 382, 444, 92, 13, 360, 402, 51, 189, 84, 99, 458, 439, 121, 93, 35, 136, 10, 20, 243, 126, 4, 267, 400, 149, 199, 303, 375, 434, 369, 358, 392, 62, 457, 185, 172, 349, 134, 128, 178, 108, 194, 34, 342, 214, 19, 145, 284, 206, 472, 65, 337, 101, 139, 77, 212, 188, 298, 208, 71, 250, 287, 405, 280, 347, 376, 442, 338, 383, 43, 464, 86, 234, 228, 82, 404, 278, 294, 173, 53, 307, 377, 116, 171, 374, 463, 154, 292, 144, 264, 295, 365, 148, 257, 306, 380, 324, 89, 395, 88, 12, 233, 152, 416, 462, 184, 179, 460, 364, 336, 445, 219, 170, 57, 205, 166, 91, 15, 69, 291, 261, 9]
og index list energy: 251904182.9277361
index list: [215, 236, 102, 471, 325, 31, 298, 9, 464, 3, 355, 179, 376, 178, 394, 132, 385, 314, 321, 452, 198, 441, 135, 112, 194, 456, 77, 434, 253, 184, 121, 33, 140, 458, 274, 317, 336, 252, 266, 159, 22, 246, 75, 284, 181, 270, 239, 242, 369, 211, 337, 235, 84, 46, 207, 214, 182, 326, 419, 200, 209, 275, 373, 45, 272, 412, 208, 153, 1, 58, 171, 57, 430, 224, 449, 189, 197, 353, 196, 110, 127, 136, 387, 27, 445, 186, 354, 243, 83, 405, 165, 345, 143, 344, 172, 99, 155, 106, 96, 438, 129, 156, 278, 249, 259, 400, 28, 446, 117, 410, 168, 118, 213, 340, 244, 109, 283, 163, 455, 331, 421, 310, 64, 318, 229, 343, 152, 141, 362, 217, 183, 147, 169, 375, 151, 389, 295, 267, 342, 225, 443, 63, 167, 124, 281, 148, 330, 50, 409, 41, 384, 304, 348, 316, 361, 335, 12, 226, 370, 177, 467, 219, 34, 107, 76, 427, 91, 415, 53, 162, 0, 371, 42, 417, 199, 25, 364, 54, 351, 43, 436, 81, 424, 62, 122, 315, 333, 39, 411, 312, 426, 95, 73, 204, 255, 185, 85, 406, 302, 380, 339, 69, 379, 10, 305, 232, 142, 433, 94, 269, 311, 78, 466, 137, 126, 30, 293, 332, 359, 203, 18, 360, 299, 220, 273, 350, 103, 150, 114, 463, 90, 164, 431, 67, 309, 268, 459, 180, 358, 17, 453, 139, 323, 65, 365, 23, 382, 221, 341, 98, 428, 240, 308, 261, 374, 21, 462, 146, 469, 74, 287, 216, 206, 44, 391, 120, 38, 276, 82, 87, 47, 301, 461, 49, 24, 303, 187, 435, 222, 128, 254, 450, 119, 397, 55, 201, 16, 60, 383, 144, 472, 72, 378, 70, 285, 160, 418, 241, 19, 228, 134, 356, 66, 334, 13, 231, 233, 327, 7, 108, 245, 101, 271, 425, 32, 388, 205, 420, 113, 414, 307, 116, 195, 14, 37, 363, 2, 352, 5, 324, 36, 473, 174, 35, 398, 263, 193, 158, 372, 111, 190, 392, 79, 399, 26, 192, 319, 59, 256, 289, 465, 320, 131, 296, 6, 347, 212, 97, 29, 395, 251, 322, 250, 292, 80, 123, 401, 230, 451, 130, 288, 408, 175, 366, 237, 329, 11, 396, 52, 439, 257, 338, 68, 297, 210, 423, 157, 264, 468, 238, 470, 248, 381, 279, 368, 313, 454, 125, 444, 71, 265, 51, 218, 93, 149, 15, 258, 188, 191, 386, 4, 349, 20, 346, 328, 286, 176, 404, 227, 8, 422, 40, 377, 202, 457, 115, 416, 100, 223, 413, 161, 429, 247, 280, 390, 61, 145, 92, 89, 437, 154, 300, 291, 170, 262, 367, 260, 440, 290, 403, 306, 282, 166, 442, 56, 277, 86, 88, 357, 48, 432, 105, 460, 173, 448, 104, 402, 294, 447, 133, 393, 234, 407, 138]
index list energy: 27783938.77417608
Done


program ended at: 2020-04-06 16:07:44.079836 
 time delta: 17:11:52.050277
