## SLURM PROLOG ###############################################################
##    Job ID : 11969505
##  Job Name : new_and_improved?
##  Nodelist : node1142
##      CPUs : 1
##  Mem/Node : 1024 MB
## Directory : /gpfs/data/nfawzi/skale/Fawzi_pycharm_project
##   Started : Mon Apr  6 04:15:16 EDT 2020
###############################################################################
program started at:2020-04-06 04:15:21.509665
iterations: 72000000 temp: 1000000.0 exponent: 0.9 eif: 300.0
time taken (sec): 57208.18167805672
number of iterations: 72000000
final temperature: 159.26791088519815
og index list: [373, 224, 207, 122, 435, 38, 127, 430, 3, 166, 331, 468, 281, 277, 12, 234, 361, 228, 32, 307, 270, 165, 464, 315, 353, 124, 72, 134, 216, 449, 205, 173, 391, 182, 162, 436, 357, 92, 322, 63, 223, 8, 126, 62, 469, 152, 410, 39, 265, 264, 17, 200, 329, 1, 221, 44, 360, 305, 292, 144, 30, 321, 143, 115, 388, 229, 159, 432, 81, 402, 456, 418, 180, 346, 337, 7, 417, 156, 379, 395, 334, 57, 85, 374, 280, 22, 272, 409, 462, 29, 106, 313, 109, 213, 139, 282, 293, 413, 36, 16, 130, 48, 104, 382, 310, 458, 58, 258, 232, 412, 157, 407, 231, 125, 196, 98, 463, 311, 79, 53, 110, 31, 259, 457, 422, 24, 427, 101, 460, 352, 93, 419, 268, 286, 203, 314, 365, 283, 387, 425, 369, 450, 178, 467, 50, 167, 233, 192, 116, 429, 100, 273, 441, 34, 163, 399, 148, 335, 171, 121, 43, 244, 393, 113, 256, 70, 83, 341, 27, 465, 5, 443, 290, 51, 23, 117, 431, 451, 421, 466, 103, 363, 185, 356, 406, 453, 405, 444, 150, 202, 398, 19, 197, 172, 470, 75, 168, 214, 133, 295, 25, 371, 349, 254, 433, 350, 236, 289, 111, 348, 186, 302, 65, 68, 201, 414, 215, 155, 208, 67, 332, 222, 343, 0, 218, 400, 189, 140, 161, 169, 392, 275, 274, 212, 426, 249, 333, 344, 452, 61, 442, 336, 246, 319, 385, 359, 129, 40, 99, 325, 242, 278, 297, 14, 372, 378, 238, 179, 445, 330, 137, 448, 362, 73, 269, 267, 257, 397, 88, 339, 170, 434, 37, 160, 338, 235, 175, 300, 56, 209, 294, 454, 326, 394, 90, 358, 250, 20, 132, 204, 271, 266, 177, 230, 328, 423, 55, 390, 340, 194, 420, 128, 438, 428, 384, 320, 145, 368, 102, 243, 217, 239, 411, 376, 211, 439, 225, 472, 107, 323, 291, 375, 404, 2, 279, 87, 262, 389, 226, 74, 191, 364, 471, 184, 459, 408, 76, 26, 355, 342, 210, 183, 147, 15, 240, 308, 119, 28, 304, 193, 298, 401, 146, 285, 46, 366, 473, 253, 276, 11, 219, 60, 59, 263, 245, 301, 347, 377, 447, 21, 309, 131, 174, 312, 71, 176, 52, 78, 288, 327, 227, 54, 354, 181, 345, 198, 135, 416, 141, 42, 440, 380, 386, 69, 437, 142, 248, 415, 154, 136, 13, 316, 247, 317, 66, 303, 112, 95, 261, 237, 91, 187, 153, 96, 367, 138, 80, 33, 114, 6, 455, 4, 41, 49, 123, 252, 89, 318, 381, 45, 383, 86, 18, 120, 299, 9, 260, 64, 190, 306, 164, 370, 94, 396, 108, 77, 351, 188, 149, 158, 151, 287, 461, 251, 10, 199, 82, 403, 206, 118, 105, 241, 35, 84, 296, 220, 47, 284, 446, 324, 195, 97, 255, 424]
og index list energy: 244501927.36279964
index list: [247, 87, 420, 3, 5, 93, 358, 210, 70, 288, 414, 13, 351, 333, 170, 313, 470, 130, 456, 266, 447, 249, 410, 14, 407, 270, 384, 299, 172, 98, 326, 406, 160, 461, 96, 187, 258, 8, 350, 322, 15, 412, 141, 352, 75, 349, 229, 183, 169, 34, 22, 211, 161, 361, 248, 37, 415, 196, 311, 261, 450, 16, 463, 174, 152, 318, 84, 293, 472, 219, 56, 397, 198, 202, 429, 24, 465, 66, 398, 274, 411, 134, 422, 60, 468, 58, 469, 106, 151, 341, 175, 145, 276, 41, 458, 262, 282, 29, 371, 68, 253, 138, 378, 339, 0, 1, 396, 263, 208, 153, 346, 218, 6, 136, 421, 209, 46, 353, 95, 154, 297, 277, 435, 52, 245, 285, 143, 344, 112, 289, 338, 121, 265, 57, 82, 114, 400, 43, 436, 205, 337, 204, 251, 192, 427, 132, 319, 176, 168, 347, 165, 386, 48, 232, 88, 231, 217, 389, 101, 298, 103, 403, 110, 44, 473, 123, 401, 10, 404, 212, 155, 286, 328, 91, 320, 28, 437, 275, 391, 280, 440, 230, 466, 105, 157, 418, 166, 416, 158, 433, 281, 471, 49, 387, 26, 392, 85, 394, 11, 228, 395, 335, 462, 90, 180, 191, 451, 296, 76, 357, 69, 201, 193, 243, 256, 111, 216, 242, 443, 316, 324, 225, 388, 273, 315, 190, 167, 373, 62, 164, 428, 304, 117, 423, 19, 236, 21, 367, 272, 287, 65, 364, 238, 73, 278, 59, 441, 294, 370, 100, 457, 186, 86, 241, 365, 312, 54, 343, 332, 360, 35, 12, 300, 171, 235, 9, 150, 61, 359, 302, 182, 107, 30, 177, 148, 185, 108, 47, 220, 125, 413, 199, 194, 431, 188, 303, 17, 325, 336, 119, 380, 223, 214, 327, 32, 2, 453, 254, 4, 20, 442, 267, 426, 221, 454, 307, 50, 425, 83, 162, 390, 144, 340, 290, 45, 464, 55, 379, 42, 377, 314, 393, 149, 446, 203, 408, 7, 97, 381, 291, 405, 113, 64, 244, 385, 39, 284, 301, 159, 224, 23, 323, 109, 252, 206, 200, 445, 257, 308, 31, 399, 271, 354, 250, 233, 173, 67, 126, 79, 449, 139, 345, 27, 239, 184, 33, 434, 18, 438, 259, 355, 147, 306, 459, 71, 124, 115, 439, 135, 329, 131, 156, 432, 80, 38, 317, 78, 163, 334, 94, 460, 321, 375, 116, 140, 81, 246, 102, 374, 222, 226, 402, 99, 383, 89, 295, 63, 122, 51, 363, 269, 331, 129, 348, 310, 207, 195, 455, 25, 283, 197, 409, 146, 305, 133, 118, 40, 419, 189, 215, 376, 36, 366, 268, 448, 179, 356, 142, 240, 72, 417, 292, 53, 467, 128, 137, 372, 127, 382, 279, 430, 104, 181, 444, 74, 369, 330, 264, 342, 309, 368, 120, 237, 77, 92, 213, 452, 260, 255, 362, 178, 234, 424, 227]
index list energy: 29150507.34474774
Done


program ended at: 2020-04-06 20:08:50.128287 
 time delta: 15:53:28.618622
