## SLURM PROLOG ###############################################################
##    Job ID : 11946063
##  Job Name : new_and_improved?
##  Nodelist : node1624
##      CPUs : 1
##  Mem/Node : 1024 MB
## Directory : /gpfs/data/nfawzi/skale/Fawzi_pycharm_project
##   Started : Sun Apr  5 22:55:51 EDT 2020
###############################################################################
program started at:2020-04-05 22:55:52.734694
iterations: 72000000 temp: 1000000.0 exponent: 0.9 eif: 300.0
time taken (sec): 69538.20617103577
number of iterations: 72000000
final temperature: 159.26791088519815
og index list: [189, 297, 147, 249, 215, 458, 141, 39, 294, 412, 84, 193, 259, 232, 105, 16, 380, 224, 331, 140, 452, 413, 407, 71, 156, 69, 363, 355, 371, 374, 56, 228, 365, 243, 329, 197, 445, 130, 95, 82, 241, 399, 170, 263, 320, 213, 280, 211, 261, 437, 417, 409, 448, 301, 256, 8, 163, 45, 350, 289, 173, 341, 431, 196, 254, 234, 404, 24, 233, 387, 110, 378, 198, 60, 240, 187, 219, 428, 9, 253, 103, 377, 453, 181, 244, 4, 87, 85, 194, 180, 358, 47, 220, 167, 229, 400, 436, 67, 460, 334, 309, 252, 274, 114, 323, 270, 126, 80, 442, 153, 190, 443, 146, 346, 360, 41, 464, 222, 151, 342, 237, 23, 203, 119, 94, 135, 36, 188, 175, 348, 185, 15, 127, 385, 208, 423, 461, 310, 73, 106, 150, 364, 70, 277, 18, 295, 470, 12, 116, 357, 112, 129, 345, 391, 440, 257, 255, 10, 131, 361, 32, 63, 1, 31, 328, 307, 311, 286, 322, 217, 393, 424, 79, 251, 6, 432, 281, 236, 136, 183, 205, 152, 271, 369, 245, 433, 330, 207, 416, 308, 269, 471, 92, 467, 285, 339, 338, 356, 81, 13, 37, 2, 231, 403, 195, 113, 282, 34, 290, 204, 325, 411, 381, 117, 465, 396, 446, 223, 401, 444, 466, 398, 25, 102, 38, 238, 157, 22, 372, 218, 90, 182, 30, 296, 366, 202, 336, 19, 267, 425, 20, 5, 462, 148, 40, 279, 316, 109, 420, 29, 337, 335, 199, 435, 394, 83, 230, 262, 426, 284, 430, 122, 312, 242, 0, 58, 200, 272, 28, 468, 209, 55, 166, 304, 91, 172, 118, 429, 383, 451, 326, 100, 408, 191, 273, 268, 298, 340, 120, 302, 226, 21, 333, 349, 89, 359, 142, 66, 97, 154, 179, 353, 375, 313, 17, 123, 75, 52, 138, 192, 379, 107, 405, 7, 260, 449, 54, 162, 115, 317, 86, 101, 373, 343, 395, 247, 419, 469, 384, 276, 427, 43, 93, 367, 248, 293, 53, 306, 351, 283, 160, 61, 246, 88, 216, 158, 457, 352, 177, 149, 418, 108, 124, 410, 77, 14, 227, 51, 327, 178, 134, 33, 144, 46, 161, 164, 305, 422, 389, 42, 292, 382, 402, 288, 214, 300, 265, 314, 275, 98, 145, 137, 35, 184, 176, 168, 59, 96, 235, 473, 459, 62, 463, 368, 332, 174, 450, 221, 171, 76, 397, 441, 128, 344, 347, 291, 44, 392, 266, 201, 78, 447, 99, 438, 210, 264, 472, 319, 439, 287, 324, 421, 169, 406, 68, 121, 48, 258, 239, 132, 250, 299, 315, 321, 212, 318, 278, 376, 456, 414, 186, 415, 159, 370, 388, 143, 139, 390, 362, 155, 434, 454, 3, 386, 206, 49, 133, 72, 74, 354, 125, 57, 104, 225, 64, 27, 26, 65, 111, 50, 11, 303, 165, 455]
og index list energy: 228999836.77898994
index list: [131, 153, 15, 367, 202, 457, 184, 29, 259, 372, 296, 272, 380, 229, 453, 313, 461, 42, 390, 339, 127, 362, 137, 373, 194, 193, 190, 407, 330, 65, 13, 61, 307, 112, 24, 450, 109, 329, 164, 382, 49, 368, 320, 78, 298, 324, 217, 79, 404, 134, 409, 121, 72, 374, 169, 311, 117, 183, 38, 114, 222, 56, 378, 26, 52, 252, 107, 394, 247, 119, 101, 430, 91, 28, 227, 177, 408, 105, 353, 301, 473, 185, 295, 63, 278, 43, 465, 280, 442, 221, 341, 290, 444, 163, 460, 94, 345, 88, 145, 141, 342, 172, 156, 226, 433, 173, 412, 98, 306, 375, 75, 455, 180, 366, 19, 228, 187, 170, 471, 132, 212, 437, 304, 84, 150, 361, 166, 443, 123, 317, 129, 424, 67, 246, 332, 77, 358, 81, 343, 225, 388, 102, 370, 179, 423, 16, 464, 316, 454, 55, 350, 104, 383, 151, 369, 152, 425, 224, 458, 262, 371, 269, 128, 99, 334, 302, 122, 303, 73, 436, 293, 37, 420, 242, 256, 6, 398, 186, 449, 289, 365, 240, 393, 96, 318, 192, 349, 148, 421, 326, 440, 250, 31, 204, 157, 335, 108, 231, 89, 281, 191, 4, 396, 41, 171, 21, 323, 274, 25, 216, 8, 174, 27, 207, 410, 300, 235, 198, 215, 285, 268, 451, 277, 446, 237, 322, 120, 14, 214, 62, 265, 309, 283, 261, 263, 230, 337, 40, 97, 158, 429, 255, 113, 20, 201, 5, 469, 36, 406, 206, 209, 181, 239, 243, 363, 66, 236, 17, 352, 95, 71, 143, 470, 85, 284, 69, 348, 149, 106, 267, 76, 86, 2, 463, 188, 395, 83, 287, 59, 447, 32, 346, 196, 333, 452, 168, 386, 251, 356, 199, 472, 11, 288, 282, 419, 294, 273, 347, 248, 441, 45, 402, 48, 232, 279, 389, 135, 167, 319, 310, 422, 314, 234, 35, 344, 321, 467, 264, 340, 178, 82, 459, 60, 438, 12, 258, 118, 270, 110, 87, 405, 133, 403, 136, 359, 57, 34, 47, 53, 64, 286, 218, 111, 0, 1, 23, 435, 58, 92, 126, 139, 144, 387, 93, 159, 238, 22, 244, 162, 427, 213, 154, 30, 51, 297, 336, 360, 328, 271, 39, 400, 331, 182, 210, 392, 208, 417, 9, 434, 197, 155, 124, 245, 125, 315, 68, 276, 50, 381, 115, 260, 431, 165, 397, 299, 74, 161, 140, 416, 100, 357, 211, 379, 257, 462, 10, 414, 33, 466, 46, 401, 219, 175, 292, 308, 90, 418, 312, 338, 130, 146, 385, 142, 384, 3, 448, 325, 456, 327, 103, 428, 116, 413, 54, 351, 70, 160, 377, 18, 364, 195, 432, 275, 426, 203, 176, 411, 253, 266, 354, 223, 391, 138, 439, 233, 44, 376, 241, 445, 200, 415, 205, 468, 189, 399, 80, 220, 7, 305, 147, 249, 355, 254, 291]
index list energy: 26953316.81319203
Done


program ended at: 2020-04-06 18:14:51.293684 
 time delta: 19:18:58.558990
