## SLURM PROLOG ###############################################################
##    Job ID : 11946053
##  Job Name : new_and_improved?
##  Nodelist : node1620
##      CPUs : 1
##  Mem/Node : 1024 MB
## Directory : /gpfs/data/nfawzi/skale/Fawzi_pycharm_project
##   Started : Sun Apr  5 22:55:50 EDT 2020
###############################################################################
program started at:2020-04-05 22:55:52.022465
iterations: 72000000 temp: 1000000.0 exponent: 0.9 eif: 300.0
time taken (sec): 66169.91637444496
number of iterations: 72000000
final temperature: 159.26791088519815
og index list: [250, 15, 240, 7, 33, 35, 138, 133, 444, 247, 131, 72, 39, 360, 370, 112, 171, 428, 275, 337, 453, 348, 443, 376, 254, 375, 23, 295, 451, 189, 117, 61, 338, 91, 48, 134, 175, 68, 67, 132, 371, 400, 389, 54, 284, 368, 140, 88, 74, 361, 325, 120, 194, 385, 418, 235, 399, 396, 455, 121, 225, 388, 55, 271, 420, 176, 209, 241, 406, 199, 309, 329, 231, 36, 37, 204, 257, 232, 220, 221, 185, 292, 349, 71, 20, 426, 291, 198, 97, 327, 303, 440, 251, 165, 174, 277, 210, 202, 438, 274, 212, 211, 214, 242, 237, 343, 412, 215, 108, 285, 96, 433, 19, 336, 228, 0, 470, 422, 246, 445, 258, 205, 351, 328, 446, 352, 305, 409, 283, 403, 56, 424, 115, 421, 8, 264, 126, 255, 454, 312, 230, 70, 306, 79, 419, 425, 102, 40, 195, 363, 11, 423, 172, 457, 301, 333, 44, 216, 25, 427, 355, 353, 288, 109, 381, 143, 5, 362, 3, 318, 27, 339, 103, 342, 92, 85, 398, 135, 136, 287, 114, 413, 152, 346, 63, 169, 31, 431, 146, 311, 124, 452, 462, 331, 166, 59, 245, 227, 58, 86, 467, 180, 248, 137, 178, 93, 84, 286, 236, 186, 439, 380, 129, 6, 142, 104, 99, 203, 340, 184, 243, 273, 156, 390, 319, 386, 377, 410, 62, 94, 300, 460, 265, 256, 447, 160, 32, 213, 38, 463, 168, 465, 42, 167, 182, 197, 16, 83, 13, 173, 297, 81, 466, 196, 401, 364, 24, 365, 157, 43, 334, 464, 170, 407, 207, 344, 147, 324, 53, 200, 229, 395, 307, 268, 177, 314, 393, 201, 89, 144, 298, 293, 187, 2, 113, 128, 321, 323, 372, 161, 373, 130, 51, 278, 359, 289, 391, 414, 162, 153, 17, 82, 416, 69, 29, 461, 459, 473, 64, 262, 442, 163, 415, 383, 320, 263, 405, 272, 10, 369, 281, 417, 21, 326, 450, 105, 217, 52, 471, 332, 282, 183, 223, 310, 397, 100, 315, 76, 66, 382, 122, 65, 41, 302, 234, 356, 260, 123, 437, 49, 127, 22, 188, 233, 472, 139, 192, 330, 294, 299, 9, 101, 222, 345, 219, 57, 111, 154, 249, 47, 95, 224, 276, 155, 30, 296, 367, 411, 119, 125, 141, 279, 456, 60, 448, 26, 193, 150, 253, 259, 110, 469, 12, 304, 75, 18, 341, 206, 151, 45, 28, 267, 73, 354, 4, 335, 145, 408, 14, 80, 347, 434, 77, 387, 218, 429, 34, 374, 458, 366, 270, 430, 164, 106, 159, 468, 158, 280, 50, 432, 226, 90, 148, 179, 269, 191, 116, 402, 449, 107, 379, 290, 384, 435, 238, 239, 322, 190, 252, 392, 358, 308, 357, 1, 378, 208, 394, 441, 98, 436, 46, 87, 313, 317, 316, 78, 149, 118, 261, 244, 404, 266, 350, 181]
og index list energy: 225490809.90707532
index list: [199, 76, 344, 206, 400, 195, 388, 210, 367, 326, 461, 335, 395, 277, 306, 148, 341, 57, 410, 88, 297, 68, 235, 259, 419, 328, 129, 65, 97, 458, 300, 91, 34, 212, 428, 157, 228, 319, 169, 440, 22, 472, 310, 359, 237, 162, 159, 72, 411, 311, 250, 263, 197, 207, 406, 190, 193, 75, 377, 294, 343, 208, 413, 222, 324, 134, 213, 362, 11, 46, 450, 51, 184, 59, 266, 81, 403, 271, 456, 38, 322, 94, 298, 130, 214, 54, 369, 138, 448, 339, 14, 436, 192, 422, 8, 345, 251, 144, 430, 70, 183, 80, 101, 370, 142, 348, 295, 152, 346, 285, 219, 396, 168, 336, 253, 20, 204, 33, 434, 172, 147, 312, 380, 103, 462, 42, 399, 318, 36, 356, 254, 205, 37, 443, 189, 188, 405, 243, 330, 320, 270, 394, 96, 141, 467, 74, 315, 117, 453, 221, 361, 332, 401, 241, 397, 242, 432, 171, 314, 364, 196, 249, 238, 201, 325, 191, 283, 4, 5, 265, 32, 239, 293, 82, 140, 225, 469, 313, 407, 230, 425, 275, 421, 200, 198, 417, 261, 18, 223, 454, 7, 246, 19, 383, 211, 351, 126, 131, 366, 158, 232, 28, 167, 282, 111, 26, 299, 139, 154, 216, 247, 289, 118, 15, 363, 29, 373, 99, 433, 260, 236, 279, 329, 161, 17, 426, 93, 121, 408, 296, 217, 342, 100, 305, 374, 43, 303, 203, 220, 272, 108, 79, 89, 317, 202, 215, 451, 301, 416, 55, 466, 16, 151, 353, 64, 156, 153, 473, 73, 31, 381, 187, 393, 176, 447, 175, 137, 273, 463, 107, 132, 389, 182, 30, 391, 69, 287, 371, 257, 446, 40, 355, 209, 291, 347, 227, 149, 62, 60, 120, 307, 274, 122, 334, 27, 327, 45, 378, 12, 379, 104, 164, 337, 174, 177, 323, 269, 226, 52, 128, 439, 133, 87, 464, 49, 155, 352, 160, 429, 10, 445, 194, 455, 173, 248, 264, 412, 179, 435, 56, 431, 90, 292, 258, 460, 112, 286, 185, 398, 85, 6, 465, 181, 382, 66, 35, 459, 21, 288, 418, 255, 392, 110, 113, 25, 180, 354, 304, 0, 376, 83, 449, 58, 1, 234, 48, 360, 23, 387, 135, 390, 146, 78, 150, 338, 77, 166, 256, 95, 365, 218, 178, 114, 437, 119, 427, 224, 331, 245, 39, 423, 290, 441, 165, 420, 240, 404, 229, 105, 385, 127, 470, 233, 125, 63, 86, 262, 170, 471, 109, 442, 333, 13, 438, 24, 350, 136, 402, 50, 349, 123, 124, 309, 308, 244, 452, 3, 468, 115, 9, 457, 2, 252, 267, 375, 44, 276, 357, 268, 284, 41, 384, 53, 414, 84, 278, 106, 98, 102, 340, 163, 415, 186, 358, 302, 47, 92, 316, 444, 321, 368, 281, 372, 116, 61, 231, 67, 424, 143, 145, 409, 71, 386, 280]
index list energy: 24794309.200441323
Done


program ended at: 2020-04-06 17:18:42.285525 
 time delta: 18:22:50.263060
