## SLURM PROLOG ###############################################################
##    Job ID : 12004326
##  Job Name : new_and_improved?
##  Nodelist : node1106
##      CPUs : 1
##  Mem/Node : 1024 MB
## Directory : /gpfs/data/nfawzi/skale/Fawzi_pycharm_project
##   Started : Mon Apr  6 11:47:59 EDT 2020
###############################################################################
program started at:2020-04-06 11:48:03.235263
iterations: 72000000 temp: 1000000.0 exponent: 0.9 eif: 300.0
time taken (sec): 45790.783395051956
number of iterations: 72000000
final temperature: 159.26791088519815
og index list: [278, 77, 425, 133, 435, 78, 51, 301, 182, 283, 45, 122, 10, 399, 371, 261, 228, 123, 60, 253, 308, 287, 374, 293, 271, 57, 289, 206, 30, 418, 73, 354, 145, 364, 277, 71, 233, 47, 333, 171, 43, 460, 231, 422, 91, 36, 379, 64, 114, 260, 135, 320, 400, 128, 288, 176, 210, 416, 154, 282, 89, 143, 132, 113, 439, 327, 431, 218, 85, 229, 468, 119, 248, 290, 444, 84, 461, 423, 456, 29, 446, 179, 318, 252, 412, 129, 467, 191, 152, 438, 7, 276, 62, 392, 428, 459, 256, 138, 53, 255, 247, 183, 445, 80, 314, 452, 328, 142, 350, 368, 232, 97, 401, 31, 369, 378, 66, 104, 16, 101, 2, 124, 177, 272, 413, 430, 25, 121, 319, 332, 6, 395, 346, 414, 352, 266, 230, 281, 448, 20, 34, 236, 106, 340, 310, 58, 131, 86, 3, 249, 111, 299, 219, 405, 12, 316, 241, 296, 366, 209, 87, 381, 268, 313, 309, 285, 167, 195, 98, 197, 360, 239, 409, 118, 100, 42, 180, 52, 27, 189, 370, 324, 187, 155, 136, 93, 215, 458, 24, 221, 302, 216, 263, 472, 473, 70, 437, 406, 451, 427, 95, 330, 139, 170, 116, 376, 99, 157, 426, 14, 94, 40, 120, 163, 356, 305, 50, 264, 323, 345, 1, 213, 286, 222, 417, 294, 343, 207, 56, 329, 390, 220, 404, 243, 175, 237, 244, 149, 205, 96, 375, 202, 148, 274, 306, 388, 199, 226, 41, 251, 63, 387, 270, 49, 284, 408, 407, 88, 61, 46, 9, 18, 291, 321, 81, 126, 384, 19, 361, 204, 380, 391, 341, 67, 201, 265, 102, 358, 108, 156, 267, 134, 398, 393, 103, 74, 55, 415, 338, 355, 224, 196, 107, 434, 153, 69, 165, 186, 65, 382, 411, 421, 193, 217, 238, 164, 465, 280, 147, 441, 15, 190, 158, 161, 317, 386, 39, 28, 151, 240, 169, 225, 304, 433, 315, 127, 432, 339, 342, 297, 259, 105, 172, 440, 0, 168, 298, 188, 11, 227, 223, 174, 397, 144, 429, 254, 303, 21, 410, 344, 83, 334, 258, 76, 250, 347, 385, 146, 322, 32, 470, 38, 194, 92, 13, 455, 109, 279, 159, 140, 403, 235, 394, 325, 349, 208, 269, 367, 447, 466, 292, 125, 173, 348, 396, 8, 117, 454, 262, 436, 185, 363, 331, 141, 311, 110, 295, 326, 462, 184, 351, 4, 150, 54, 273, 192, 242, 419, 337, 75, 82, 464, 450, 214, 130, 336, 300, 112, 33, 68, 453, 362, 5, 383, 469, 245, 365, 307, 246, 166, 359, 257, 449, 35, 420, 377, 424, 17, 26, 23, 48, 137, 22, 79, 181, 234, 44, 90, 211, 442, 457, 115, 353, 59, 37, 198, 357, 200, 178, 275, 402, 312, 471, 72, 212, 162, 443, 335, 373, 160, 463, 372, 389, 203]
og index list energy: 240347314.50640455
index list: [215, 119, 31, 305, 401, 333, 8, 111, 24, 176, 341, 77, 265, 257, 246, 84, 360, 89, 409, 67, 456, 296, 426, 233, 306, 182, 102, 402, 142, 329, 69, 157, 381, 13, 34, 90, 336, 85, 450, 322, 213, 184, 290, 167, 404, 73, 92, 263, 101, 155, 106, 338, 30, 183, 46, 436, 117, 177, 337, 172, 273, 74, 71, 440, 39, 386, 188, 193, 149, 115, 138, 452, 332, 461, 249, 79, 134, 410, 144, 470, 91, 201, 196, 247, 326, 395, 255, 291, 363, 105, 127, 397, 83, 378, 104, 340, 146, 22, 330, 38, 323, 135, 388, 136, 364, 52, 10, 406, 229, 433, 328, 307, 151, 349, 49, 284, 112, 64, 95, 216, 262, 455, 42, 387, 145, 304, 429, 48, 301, 448, 339, 110, 147, 169, 353, 309, 383, 240, 268, 373, 420, 222, 285, 141, 427, 186, 282, 118, 21, 228, 191, 4, 430, 2, 398, 331, 414, 260, 446, 165, 345, 72, 358, 80, 220, 128, 445, 269, 93, 287, 308, 26, 171, 175, 405, 75, 473, 302, 392, 54, 390, 53, 359, 197, 194, 5, 35, 18, 438, 299, 253, 68, 99, 325, 20, 369, 292, 379, 286, 59, 354, 36, 376, 293, 303, 76, 346, 15, 300, 417, 289, 468, 238, 124, 139, 311, 62, 113, 460, 25, 280, 348, 221, 232, 294, 320, 103, 413, 57, 472, 88, 377, 279, 159, 55, 236, 143, 1, 170, 66, 469, 40, 437, 60, 367, 121, 321, 459, 295, 266, 343, 132, 41, 416, 242, 418, 43, 464, 7, 185, 347, 94, 82, 399, 81, 355, 318, 219, 471, 250, 33, 122, 17, 457, 245, 327, 96, 259, 403, 29, 412, 0, 208, 153, 356, 217, 380, 274, 466, 181, 411, 87, 126, 227, 451, 203, 209, 19, 382, 173, 351, 154, 394, 98, 133, 372, 156, 365, 47, 278, 61, 361, 109, 458, 271, 205, 350, 272, 315, 316, 407, 164, 449, 200, 454, 152, 288, 248, 439, 56, 425, 226, 443, 161, 419, 224, 150, 357, 244, 368, 163, 400, 51, 162, 239, 107, 23, 168, 214, 252, 202, 11, 231, 158, 467, 131, 281, 235, 166, 125, 428, 324, 78, 335, 465, 27, 408, 230, 389, 210, 344, 28, 352, 198, 334, 137, 12, 256, 261, 218, 174, 243, 140, 120, 3, 362, 123, 44, 384, 179, 298, 277, 423, 270, 434, 58, 462, 251, 276, 319, 393, 9, 211, 283, 190, 195, 204, 32, 435, 14, 447, 225, 391, 180, 114, 258, 108, 212, 187, 317, 129, 130, 192, 441, 45, 86, 241, 297, 237, 444, 65, 223, 421, 275, 97, 396, 50, 370, 16, 375, 63, 432, 267, 371, 6, 207, 431, 199, 189, 374, 206, 37, 366, 254, 313, 463, 314, 160, 424, 264, 453, 310, 442, 100, 422, 178, 234, 342, 312, 385, 116, 415, 70, 148]
index list energy: 26218229.65309478
Done


program ended at: 2020-04-07 00:31:14.614132 
 time delta: 12:43:11.378869
