## SLURM PROLOG ###############################################################
##    Job ID : 11945914
##  Job Name : new_and_improved?
##  Nodelist : node1162
##      CPUs : 1
##  Mem/Node : 1024 MB
## Directory : /gpfs/data/nfawzi/skale/Fawzi_pycharm_project
##   Started : Sun Apr  5 22:55:11 EDT 2020
###############################################################################
program started at:2020-04-05 22:55:16.260861
iterations: 72000000 temp: 1000000.0 exponent: 0.9 eif: 300.0
time taken (sec): 51409.75907444954
number of iterations: 72000000
final temperature: 159.26791088519815
og index list: [383, 468, 166, 441, 210, 5, 442, 196, 430, 362, 203, 130, 98, 426, 427, 450, 147, 194, 61, 273, 221, 364, 301, 143, 448, 34, 142, 374, 113, 178, 24, 341, 295, 393, 408, 67, 248, 292, 164, 291, 277, 306, 92, 60, 330, 146, 435, 37, 241, 415, 181, 345, 124, 263, 238, 344, 132, 252, 303, 144, 321, 122, 74, 204, 409, 387, 154, 50, 444, 302, 311, 198, 202, 278, 66, 325, 293, 121, 446, 30, 309, 22, 39, 110, 19, 16, 353, 342, 315, 127, 417, 254, 10, 212, 18, 2, 412, 153, 21, 175, 352, 107, 208, 318, 31, 296, 287, 128, 328, 437, 45, 111, 93, 299, 373, 162, 380, 171, 95, 13, 394, 300, 32, 216, 28, 339, 41, 8, 423, 243, 15, 457, 11, 384, 140, 237, 473, 139, 86, 136, 105, 288, 377, 402, 100, 63, 87, 294, 9, 414, 71, 413, 64, 43, 149, 38, 91, 271, 101, 354, 163, 376, 183, 392, 104, 470, 145, 223, 185, 12, 447, 182, 286, 390, 186, 466, 425, 65, 401, 398, 265, 99, 68, 431, 404, 324, 155, 56, 201, 438, 80, 197, 449, 117, 329, 347, 411, 114, 369, 455, 249, 333, 90, 464, 53, 27, 336, 35, 443, 397, 125, 428, 307, 36, 416, 399, 47, 378, 269, 389, 78, 199, 156, 116, 75, 120, 469, 355, 58, 236, 226, 96, 375, 190, 454, 229, 220, 308, 239, 367, 119, 52, 150, 340, 29, 161, 459, 118, 234, 227, 44, 472, 304, 356, 260, 109, 137, 256, 235, 168, 14, 274, 432, 258, 419, 72, 319, 259, 407, 57, 112, 133, 326, 158, 7, 436, 400, 261, 275, 135, 123, 363, 49, 305, 323, 388, 187, 232, 69, 189, 338, 217, 3, 290, 465, 365, 25, 115, 385, 381, 272, 312, 129, 410, 298, 429, 176, 177, 348, 77, 51, 76, 159, 346, 439, 331, 255, 451, 396, 471, 357, 244, 59, 343, 453, 283, 440, 266, 42, 460, 138, 48, 97, 361, 467, 461, 270, 62, 327, 452, 370, 106, 70, 405, 322, 103, 233, 85, 445, 188, 276, 214, 206, 33, 316, 434, 6, 192, 222, 167, 424, 403, 358, 337, 170, 280, 379, 55, 289, 172, 462, 40, 88, 366, 422, 372, 0, 200, 4, 26, 173, 213, 240, 350, 169, 391, 102, 242, 134, 253, 395, 332, 174, 225, 46, 94, 191, 420, 152, 334, 421, 84, 180, 351, 264, 81, 165, 83, 433, 209, 184, 314, 148, 406, 179, 141, 268, 228, 79, 382, 230, 282, 219, 73, 211, 247, 317, 250, 371, 82, 157, 17, 231, 245, 20, 313, 251, 281, 131, 463, 297, 205, 349, 458, 126, 368, 151, 246, 257, 267, 23, 335, 54, 279, 89, 195, 1, 218, 224, 215, 359, 207, 262, 456, 108, 386, 310, 284, 360, 193, 285, 320, 160, 418]
og index list energy: 243413001.948777
index list: [179, 236, 253, 70, 413, 123, 347, 224, 405, 90, 238, 278, 277, 445, 336, 132, 348, 31, 30, 434, 168, 419, 330, 304, 379, 264, 382, 249, 444, 42, 430, 12, 369, 64, 312, 376, 157, 14, 308, 38, 62, 248, 439, 185, 303, 188, 320, 197, 316, 441, 151, 392, 213, 137, 93, 381, 61, 57, 329, 65, 372, 275, 421, 271, 247, 267, 201, 69, 305, 96, 230, 258, 146, 246, 325, 171, 294, 400, 296, 318, 254, 193, 6, 435, 190, 235, 111, 429, 147, 226, 175, 334, 55, 317, 113, 404, 60, 432, 142, 315, 68, 144, 341, 176, 468, 21, 346, 29, 378, 19, 457, 115, 114, 393, 133, 431, 145, 390, 220, 189, 385, 339, 231, 33, 420, 245, 48, 124, 290, 437, 166, 125, 357, 143, 365, 104, 395, 56, 415, 331, 129, 173, 442, 98, 472, 243, 356, 178, 350, 229, 398, 121, 97, 216, 217, 463, 335, 99, 425, 41, 388, 15, 118, 285, 119, 373, 174, 293, 394, 39, 370, 89, 302, 384, 36, 205, 371, 54, 449, 268, 460, 74, 344, 221, 281, 402, 67, 280, 232, 50, 383, 27, 167, 79, 128, 465, 182, 237, 88, 52, 108, 103, 422, 136, 162, 255, 78, 283, 94, 110, 83, 401, 112, 135, 287, 208, 153, 160, 408, 301, 138, 399, 250, 203, 450, 225, 355, 44, 223, 380, 198, 170, 199, 206, 209, 313, 324, 109, 319, 134, 191, 311, 5, 414, 307, 63, 427, 279, 349, 260, 470, 266, 102, 433, 4, 368, 16, 53, 375, 286, 1, 0, 411, 58, 467, 76, 451, 233, 306, 227, 436, 218, 51, 426, 24, 284, 13, 459, 59, 126, 81, 446, 148, 47, 367, 45, 26, 406, 270, 127, 471, 107, 259, 34, 66, 214, 120, 261, 212, 351, 326, 462, 32, 340, 202, 418, 3, 389, 2, 338, 164, 453, 257, 288, 211, 452, 9, 364, 314, 403, 105, 345, 272, 37, 323, 192, 183, 11, 428, 18, 82, 86, 156, 87, 424, 139, 23, 466, 25, 75, 122, 440, 180, 328, 241, 72, 455, 219, 80, 172, 22, 461, 181, 276, 354, 116, 410, 46, 448, 292, 295, 106, 215, 327, 10, 155, 300, 291, 397, 7, 454, 8, 187, 252, 91, 228, 85, 298, 84, 456, 269, 244, 423, 152, 77, 159, 117, 352, 309, 409, 165, 412, 396, 158, 358, 263, 366, 194, 416, 234, 464, 196, 262, 337, 391, 242, 204, 40, 386, 95, 222, 161, 282, 363, 141, 100, 360, 177, 374, 210, 200, 362, 195, 207, 443, 149, 297, 49, 321, 387, 130, 265, 17, 289, 407, 273, 353, 333, 20, 473, 332, 438, 240, 342, 184, 28, 417, 251, 92, 322, 35, 299, 43, 469, 186, 447, 163, 140, 239, 154, 359, 274, 256, 310, 458, 101, 361, 71, 343, 131, 169, 150, 377, 73]
index list energy: 28775988.762797497
Done


program ended at: 2020-04-06 13:12:06.390493 
 time delta: 14:16:50.129632
