## SLURM PROLOG ###############################################################
##    Job ID : 11946046
##  Job Name : new_and_improved?
##  Nodelist : node1617
##      CPUs : 1
##  Mem/Node : 1024 MB
## Directory : /gpfs/data/nfawzi/skale/Fawzi_pycharm_project
##   Started : Sun Apr  5 22:55:49 EDT 2020
###############################################################################
program started at:2020-04-05 22:55:51.967114
iterations: 72000000 temp: 1000000.0 exponent: 0.9 eif: 300.0
time taken (sec): 66757.42252922058
number of iterations: 72000000
final temperature: 159.26791088519815
og index list: [79, 420, 317, 407, 124, 35, 18, 364, 41, 240, 423, 197, 267, 111, 304, 295, 63, 174, 268, 214, 452, 107, 186, 416, 370, 88, 277, 435, 347, 66, 164, 205, 157, 218, 448, 74, 222, 4, 253, 195, 70, 454, 329, 292, 2, 464, 89, 90, 365, 465, 181, 313, 83, 411, 171, 138, 192, 357, 457, 322, 36, 425, 308, 300, 450, 142, 99, 332, 353, 23, 215, 11, 71, 237, 274, 136, 39, 183, 48, 232, 49, 15, 335, 255, 217, 459, 305, 447, 140, 32, 463, 396, 1, 98, 275, 285, 246, 296, 168, 299, 135, 102, 221, 5, 96, 57, 356, 82, 378, 149, 25, 244, 95, 120, 118, 38, 260, 421, 185, 445, 113, 119, 73, 26, 40, 351, 380, 110, 468, 320, 44, 6, 94, 273, 429, 129, 213, 191, 428, 288, 265, 166, 397, 208, 301, 162, 60, 264, 137, 400, 114, 289, 159, 238, 179, 141, 384, 404, 152, 339, 286, 327, 270, 59, 101, 46, 324, 200, 410, 19, 333, 85, 151, 424, 438, 156, 109, 399, 436, 103, 204, 328, 422, 188, 199, 176, 228, 395, 376, 432, 130, 104, 434, 117, 34, 146, 153, 212, 123, 405, 45, 161, 56, 108, 341, 257, 440, 417, 374, 276, 375, 61, 409, 219, 93, 319, 334, 263, 54, 437, 17, 318, 309, 239, 455, 116, 106, 306, 163, 366, 431, 81, 223, 235, 167, 458, 241, 65, 251, 190, 371, 224, 209, 78, 187, 383, 248, 315, 28, 419, 148, 337, 150, 258, 346, 290, 406, 184, 52, 312, 401, 189, 182, 310, 413, 462, 155, 211, 252, 198, 13, 294, 206, 272, 297, 331, 441, 281, 58, 139, 20, 21, 97, 426, 278, 67, 128, 307, 359, 298, 170, 144, 72, 220, 91, 247, 316, 147, 121, 430, 10, 472, 178, 321, 461, 279, 466, 231, 0, 269, 207, 68, 386, 112, 143, 86, 29, 76, 389, 202, 293, 145, 51, 133, 80, 388, 261, 343, 233, 115, 323, 412, 340, 362, 460, 390, 287, 16, 55, 12, 291, 175, 470, 284, 158, 92, 352, 360, 303, 22, 398, 172, 27, 180, 7, 84, 245, 225, 229, 236, 134, 358, 345, 311, 50, 249, 377, 373, 33, 230, 348, 446, 368, 280, 469, 37, 165, 418, 254, 9, 325, 394, 449, 126, 439, 53, 392, 8, 47, 361, 125, 100, 443, 415, 132, 402, 453, 283, 259, 444, 173, 372, 467, 31, 194, 24, 342, 62, 234, 349, 393, 350, 381, 282, 354, 433, 169, 216, 3, 243, 105, 242, 326, 338, 330, 363, 403, 201, 382, 64, 87, 451, 196, 271, 122, 193, 473, 14, 355, 227, 385, 456, 302, 127, 42, 177, 160, 442, 69, 266, 367, 210, 369, 387, 262, 131, 336, 77, 75, 344, 314, 471, 30, 408, 43, 226, 250, 427, 391, 154, 256, 203, 414, 379]
og index list energy: 236307692.0513402
index list: [322, 74, 393, 8, 347, 184, 211, 6, 417, 69, 426, 48, 47, 446, 245, 240, 234, 356, 4, 444, 2, 329, 227, 440, 121, 93, 104, 459, 301, 398, 42, 462, 285, 173, 445, 146, 156, 423, 255, 110, 15, 149, 228, 327, 11, 388, 28, 454, 101, 319, 134, 341, 89, 181, 376, 295, 241, 441, 217, 86, 139, 324, 161, 17, 436, 14, 276, 298, 107, 30, 236, 7, 232, 68, 414, 274, 297, 105, 50, 167, 78, 352, 244, 335, 160, 138, 174, 268, 361, 290, 305, 312, 400, 116, 140, 38, 215, 334, 189, 430, 96, 451, 33, 118, 326, 435, 129, 108, 72, 385, 27, 338, 62, 380, 26, 208, 308, 220, 0, 1, 238, 112, 141, 282, 406, 172, 260, 204, 273, 381, 270, 34, 20, 452, 194, 37, 466, 81, 463, 254, 257, 311, 113, 95, 386, 291, 469, 142, 403, 22, 425, 216, 103, 370, 75, 449, 147, 77, 122, 438, 259, 209, 9, 330, 210, 408, 195, 447, 57, 231, 126, 119, 299, 132, 465, 43, 344, 58, 354, 186, 365, 313, 390, 294, 198, 351, 300, 56, 304, 368, 49, 159, 225, 261, 258, 12, 252, 10, 460, 281, 348, 187, 389, 248, 219, 315, 99, 416, 213, 64, 123, 162, 214, 180, 124, 23, 411, 60, 392, 151, 183, 224, 395, 277, 307, 13, 383, 29, 340, 331, 176, 382, 41, 468, 309, 171, 135, 55, 346, 333, 369, 32, 473, 165, 337, 168, 422, 102, 378, 250, 253, 302, 391, 264, 432, 90, 54, 287, 269, 185, 256, 53, 157, 31, 470, 196, 437, 154, 358, 243, 111, 191, 456, 5, 201, 193, 158, 136, 421, 205, 85, 401, 71, 148, 457, 59, 323, 35, 293, 427, 88, 265, 318, 25, 420, 263, 203, 472, 40, 442, 66, 405, 212, 434, 177, 364, 202, 353, 296, 91, 271, 374, 39, 362, 279, 343, 316, 372, 321, 431, 178, 412, 314, 428, 131, 289, 443, 106, 284, 153, 397, 328, 51, 21, 164, 114, 272, 278, 36, 410, 251, 262, 336, 303, 249, 242, 92, 76, 439, 127, 413, 143, 182, 83, 342, 87, 453, 94, 155, 371, 233, 79, 320, 84, 355, 292, 384, 18, 471, 145, 399, 152, 339, 226, 467, 24, 359, 218, 80, 120, 237, 283, 117, 247, 175, 415, 229, 221, 461, 3, 363, 163, 433, 169, 458, 16, 464, 179, 350, 46, 150, 170, 396, 197, 190, 366, 192, 207, 419, 45, 239, 19, 404, 133, 455, 61, 373, 125, 367, 166, 82, 409, 144, 407, 137, 450, 222, 306, 360, 115, 377, 223, 402, 286, 52, 345, 70, 349, 230, 317, 100, 387, 275, 418, 130, 98, 288, 357, 44, 424, 266, 379, 280, 394, 235, 67, 429, 188, 199, 200, 206, 375, 128, 325, 109, 65, 63, 332, 73, 246, 310, 97, 448, 267]
index list energy: 25678749.278346755
Done


program ended at: 2020-04-06 17:28:29.735873 
 time delta: 18:32:37.768759
