## SLURM PROLOG ###############################################################
##    Job ID : 12001923
##  Job Name : new_and_improved?
##  Nodelist : node1107
##      CPUs : 1
##  Mem/Node : 1024 MB
## Directory : /gpfs/data/nfawzi/skale/Fawzi_pycharm_project
##   Started : Mon Apr  6 11:17:52 EDT 2020
###############################################################################
program started at:2020-04-06 11:17:57.362454
iterations: 72000000 temp: 1000000.0 exponent: 0.9 eif: 300.0
time taken (sec): 46780.85954070091
number of iterations: 72000000
final temperature: 159.26791088519815
og index list: [213, 57, 358, 121, 88, 128, 116, 122, 259, 181, 29, 459, 352, 171, 240, 472, 245, 369, 166, 380, 458, 154, 324, 10, 411, 318, 254, 306, 155, 103, 28, 140, 330, 54, 435, 169, 231, 41, 265, 261, 129, 383, 223, 14, 106, 443, 19, 442, 238, 413, 193, 187, 267, 301, 429, 59, 23, 462, 294, 194, 315, 439, 97, 58, 32, 423, 191, 33, 377, 379, 50, 258, 82, 34, 257, 263, 84, 428, 391, 53, 335, 355, 347, 211, 317, 196, 370, 364, 67, 219, 375, 362, 81, 394, 12, 70, 47, 291, 146, 30, 405, 293, 410, 79, 139, 87, 285, 199, 307, 226, 473, 173, 229, 397, 255, 109, 434, 432, 374, 333, 448, 247, 371, 220, 66, 272, 252, 56, 127, 422, 334, 104, 283, 357, 288, 268, 165, 24, 2, 302, 446, 51, 331, 227, 461, 43, 278, 152, 115, 366, 36, 404, 224, 149, 399, 26, 118, 63, 197, 214, 202, 60, 445, 38, 312, 354, 350, 143, 144, 332, 243, 203, 130, 162, 235, 385, 190, 159, 145, 200, 386, 6, 308, 342, 183, 440, 453, 100, 232, 246, 239, 297, 31, 95, 396, 71, 441, 76, 105, 282, 260, 218, 431, 204, 249, 388, 86, 403, 93, 401, 241, 110, 415, 170, 378, 345, 174, 325, 92, 112, 18, 73, 450, 209, 184, 425, 402, 15, 176, 133, 111, 290, 120, 65, 309, 372, 348, 304, 289, 69, 228, 384, 274, 316, 46, 353, 270, 408, 269, 147, 182, 321, 365, 192, 416, 206, 271, 449, 124, 467, 94, 248, 340, 55, 91, 251, 186, 418, 75, 160, 336, 242, 359, 430, 175, 424, 212, 167, 409, 132, 337, 296, 344, 77, 349, 98, 217, 208, 138, 264, 108, 469, 420, 188, 275, 300, 215, 123, 4, 407, 119, 256, 61, 5, 426, 164, 406, 341, 463, 117, 7, 234, 465, 189, 313, 102, 83, 68, 237, 314, 168, 466, 179, 438, 85, 444, 21, 455, 421, 201, 125, 328, 417, 346, 172, 80, 44, 142, 427, 351, 412, 447, 470, 136, 210, 137, 39, 253, 338, 277, 322, 280, 390, 177, 222, 221, 395, 89, 45, 198, 52, 37, 284, 343, 207, 454, 456, 49, 381, 101, 8, 99, 339, 13, 414, 400, 40, 205, 90, 178, 1, 96, 20, 195, 452, 298, 225, 141, 310, 250, 387, 392, 22, 303, 148, 131, 311, 216, 468, 157, 113, 16, 233, 363, 299, 457, 134, 72, 433, 163, 17, 319, 382, 230, 107, 151, 273, 389, 74, 150, 305, 9, 437, 373, 48, 398, 266, 64, 262, 135, 0, 35, 156, 42, 161, 27, 323, 114, 78, 236, 376, 360, 11, 295, 464, 281, 361, 3, 276, 329, 279, 185, 460, 62, 320, 393, 153, 244, 327, 126, 326, 158, 287, 356, 25, 436, 419, 180, 286, 451, 367, 368, 471, 292]
og index list energy: 221392475.23444557
index list: [307, 286, 296, 464, 260, 392, 133, 419, 38, 343, 52, 295, 142, 175, 167, 148, 368, 60, 372, 135, 287, 335, 364, 259, 409, 242, 467, 245, 157, 349, 166, 183, 129, 269, 84, 155, 278, 139, 466, 22, 64, 119, 315, 290, 412, 271, 250, 30, 62, 180, 92, 125, 264, 283, 224, 319, 226, 326, 308, 49, 396, 53, 249, 337, 174, 126, 45, 184, 63, 284, 243, 370, 50, 458, 302, 327, 13, 441, 160, 390, 136, 187, 444, 253, 88, 347, 36, 427, 229, 452, 248, 414, 55, 385, 144, 80, 57, 170, 297, 281, 78, 407, 39, 108, 209, 33, 161, 437, 10, 338, 137, 227, 395, 172, 112, 58, 0, 179, 1, 279, 389, 153, 354, 244, 394, 213, 86, 274, 425, 48, 363, 67, 159, 164, 379, 61, 423, 43, 345, 314, 273, 405, 221, 304, 305, 56, 459, 332, 443, 225, 140, 320, 103, 391, 44, 384, 165, 393, 220, 310, 410, 117, 362, 223, 241, 71, 303, 107, 34, 16, 201, 267, 404, 69, 413, 2, 353, 138, 402, 268, 380, 54, 424, 301, 99, 401, 266, 230, 218, 219, 26, 177, 116, 408, 21, 247, 185, 341, 193, 3, 374, 237, 426, 272, 285, 8, 465, 29, 40, 258, 85, 454, 94, 453, 293, 214, 447, 196, 352, 11, 469, 147, 70, 216, 24, 176, 448, 322, 270, 442, 77, 457, 169, 246, 121, 236, 35, 420, 212, 252, 110, 181, 350, 325, 171, 23, 415, 168, 191, 5, 4, 208, 32, 436, 299, 96, 324, 66, 149, 471, 28, 15, 300, 128, 154, 371, 27, 18, 124, 59, 434, 91, 470, 289, 329, 211, 231, 111, 439, 277, 232, 6, 450, 313, 398, 311, 79, 298, 89, 321, 451, 132, 228, 65, 411, 309, 234, 376, 106, 282, 456, 98, 445, 294, 432, 72, 262, 438, 182, 130, 114, 342, 192, 433, 19, 417, 131, 222, 145, 81, 162, 143, 82, 331, 340, 333, 373, 115, 238, 369, 292, 472, 46, 460, 318, 12, 383, 152, 97, 93, 73, 358, 9, 256, 17, 360, 195, 381, 113, 42, 239, 101, 365, 75, 255, 265, 206, 150, 198, 387, 200, 431, 74, 430, 188, 210, 421, 20, 366, 261, 123, 382, 330, 68, 217, 317, 202, 122, 377, 7, 288, 25, 440, 263, 463, 251, 355, 31, 422, 336, 397, 205, 429, 102, 323, 275, 473, 306, 462, 47, 386, 158, 357, 189, 194, 334, 41, 37, 359, 339, 235, 163, 156, 346, 90, 403, 87, 344, 173, 461, 127, 118, 109, 378, 51, 134, 215, 204, 203, 178, 406, 95, 367, 240, 399, 104, 446, 141, 233, 257, 416, 120, 291, 375, 146, 400, 151, 361, 276, 351, 100, 455, 76, 356, 280, 418, 312, 316, 468, 105, 388, 328, 14, 348, 254, 190, 207, 199, 197, 435, 449, 83, 428, 186]
index list energy: 27644257.226213712
Done


program ended at: 2020-04-07 00:17:38.601813 
 time delta: 12:59:41.239359
