## SLURM PROLOG ###############################################################
##    Job ID : 12004879
##  Job Name : new_and_improved?
##  Nodelist : node1106
##      CPUs : 1
##  Mem/Node : 1024 MB
## Directory : /gpfs/data/nfawzi/skale/Fawzi_pycharm_project
##   Started : Mon Apr  6 12:11:02 EDT 2020
###############################################################################
program started at:2020-04-06 12:11:02.915240
iterations: 72000000 temp: 1000000.0 exponent: 0.9 eif: 300.0
time taken (sec): 52723.26941084862
number of iterations: 72000000
final temperature: 159.26791088519815
og index list: [464, 123, 172, 211, 196, 101, 134, 366, 266, 89, 118, 311, 15, 1, 210, 173, 161, 354, 312, 296, 423, 140, 286, 42, 104, 442, 82, 116, 167, 272, 378, 93, 113, 285, 298, 105, 30, 352, 223, 375, 399, 184, 318, 202, 369, 328, 473, 355, 208, 120, 373, 429, 426, 127, 246, 183, 326, 20, 209, 343, 275, 41, 276, 55, 199, 84, 436, 262, 356, 455, 68, 270, 217, 359, 427, 17, 23, 377, 77, 117, 124, 114, 360, 67, 415, 28, 316, 386, 388, 294, 250, 137, 450, 307, 149, 190, 64, 243, 171, 98, 411, 156, 265, 125, 37, 176, 466, 441, 350, 447, 371, 178, 340, 385, 126, 443, 4, 446, 405, 314, 280, 310, 260, 88, 416, 278, 177, 166, 353, 32, 110, 282, 219, 342, 76, 95, 267, 144, 182, 256, 87, 251, 374, 467, 106, 284, 10, 59, 361, 242, 236, 79, 194, 324, 56, 305, 21, 75, 291, 454, 39, 376, 229, 239, 382, 451, 345, 220, 403, 54, 432, 100, 180, 181, 175, 417, 421, 404, 261, 321, 193, 247, 221, 383, 45, 400, 19, 365, 419, 5, 198, 66, 456, 452, 141, 363, 43, 468, 74, 139, 409, 103, 147, 391, 111, 226, 390, 3, 214, 348, 460, 81, 437, 109, 80, 358, 162, 347, 195, 413, 155, 25, 11, 273, 16, 258, 241, 157, 186, 293, 115, 449, 69, 204, 53, 233, 309, 444, 108, 397, 313, 364, 357, 224, 40, 462, 469, 33, 439, 268, 57, 322, 306, 457, 26, 130, 227, 381, 86, 398, 244, 346, 301, 458, 129, 410, 257, 47, 142, 52, 83, 90, 325, 8, 133, 44, 252, 131, 414, 135, 145, 384, 27, 70, 191, 168, 435, 368, 78, 31, 420, 189, 308, 6, 231, 259, 287, 271, 341, 288, 472, 249, 418, 94, 300, 187, 245, 24, 136, 304, 333, 138, 48, 46, 349, 320, 165, 402, 431, 370, 303, 228, 200, 18, 292, 274, 12, 197, 445, 153, 395, 327, 362, 29, 302, 295, 22, 146, 393, 207, 380, 407, 13, 61, 71, 128, 163, 92, 367, 319, 96, 7, 448, 253, 205, 169, 283, 107, 159, 408, 338, 99, 433, 372, 425, 453, 465, 232, 158, 119, 85, 238, 203, 65, 396, 72, 50, 216, 290, 121, 255, 264, 9, 97, 329, 289, 461, 58, 73, 218, 317, 63, 206, 463, 440, 471, 225, 412, 248, 394, 122, 323, 334, 179, 132, 339, 102, 379, 281, 91, 428, 151, 35, 470, 230, 401, 152, 234, 332, 263, 344, 160, 60, 315, 269, 192, 148, 254, 201, 0, 222, 297, 51, 2, 279, 392, 188, 36, 174, 277, 112, 62, 154, 34, 185, 387, 170, 235, 150, 38, 237, 422, 336, 424, 331, 430, 299, 212, 14, 406, 337, 330, 143, 240, 434, 438, 335, 164, 459, 213, 351, 215, 49, 389]
og index list energy: 244436653.17416033
index list: [178, 236, 6, 472, 19, 209, 253, 8, 174, 292, 441, 251, 465, 260, 435, 208, 414, 163, 156, 398, 316, 381, 78, 423, 244, 155, 225, 266, 425, 224, 150, 406, 157, 305, 128, 369, 13, 393, 61, 91, 346, 35, 387, 176, 451, 263, 278, 302, 394, 203, 258, 80, 307, 75, 355, 165, 170, 341, 335, 12, 184, 230, 204, 66, 349, 129, 124, 63, 388, 336, 153, 37, 256, 77, 396, 87, 97, 262, 427, 182, 310, 84, 403, 299, 171, 89, 252, 313, 288, 232, 152, 413, 321, 411, 306, 102, 467, 270, 455, 238, 223, 379, 320, 68, 360, 48, 383, 27, 415, 79, 172, 125, 297, 327, 104, 109, 418, 135, 463, 154, 461, 52, 464, 217, 445, 264, 434, 216, 312, 347, 147, 71, 447, 294, 350, 42, 353, 275, 234, 359, 131, 145, 456, 105, 410, 240, 45, 380, 191, 4, 190, 193, 194, 229, 55, 399, 142, 67, 342, 226, 329, 121, 407, 46, 241, 167, 28, 298, 219, 376, 17, 120, 293, 317, 30, 9, 422, 16, 446, 138, 391, 54, 402, 98, 326, 348, 212, 214, 32, 283, 188, 276, 69, 246, 33, 284, 85, 468, 231, 143, 437, 83, 470, 94, 134, 328, 3, 25, 287, 189, 370, 227, 392, 233, 222, 296, 130, 29, 375, 10, 148, 385, 136, 151, 220, 331, 301, 384, 99, 215, 281, 308, 198, 158, 356, 291, 339, 5, 20, 452, 160, 303, 21, 269, 267, 257, 338, 211, 373, 200, 351, 132, 201, 272, 235, 112, 53, 345, 139, 15, 428, 88, 372, 41, 352, 107, 239, 213, 330, 111, 51, 433, 70, 119, 265, 185, 86, 7, 426, 249, 439, 2, 443, 186, 378, 181, 271, 334, 324, 81, 311, 59, 404, 290, 405, 273, 419, 261, 228, 192, 122, 473, 26, 448, 38, 323, 173, 420, 277, 344, 117, 408, 161, 36, 183, 202, 421, 58, 1, 162, 0, 354, 144, 82, 322, 206, 114, 457, 205, 280, 389, 31, 110, 187, 364, 90, 180, 169, 395, 149, 416, 333, 382, 22, 401, 332, 133, 458, 218, 314, 430, 72, 319, 247, 14, 343, 100, 361, 24, 466, 11, 146, 286, 159, 318, 113, 400, 289, 471, 175, 444, 39, 429, 101, 432, 96, 118, 116, 95, 368, 93, 64, 23, 108, 43, 366, 255, 166, 459, 57, 92, 103, 377, 164, 424, 18, 453, 199, 207, 197, 374, 210, 168, 126, 60, 357, 237, 340, 50, 409, 65, 469, 141, 140, 127, 460, 221, 285, 106, 454, 300, 40, 365, 242, 34, 325, 362, 195, 358, 196, 245, 248, 363, 73, 412, 304, 279, 386, 56, 259, 337, 250, 177, 367, 115, 462, 254, 295, 62, 371, 44, 440, 74, 431, 243, 397, 274, 390, 309, 282, 450, 47, 315, 49, 123, 436, 179, 449, 137, 438, 442, 268, 417, 76]
index list energy: 26688819.06660775
Done


program ended at: 2020-04-07 02:49:46.567384 
 time delta: 14:38:43.652144
