## SLURM PROLOG ###############################################################
##    Job ID : 11946040
##  Job Name : new_and_improved?
##  Nodelist : node1617
##      CPUs : 1
##  Mem/Node : 1024 MB
## Directory : /gpfs/data/nfawzi/skale/Fawzi_pycharm_project
##   Started : Sun Apr  5 22:55:50 EDT 2020
###############################################################################
program started at:2020-04-05 22:55:51.959044
iterations: 72000000 temp: 1000000.0 exponent: 0.9 eif: 300.0
time taken (sec): 57012.050989151
number of iterations: 72000000
final temperature: 159.26791088519815
og index list: [412, 222, 410, 411, 263, 93, 363, 246, 452, 37, 466, 149, 203, 242, 34, 271, 70, 288, 212, 331, 233, 360, 239, 99, 376, 270, 67, 11, 150, 107, 281, 380, 421, 182, 115, 472, 123, 379, 259, 163, 238, 44, 6, 429, 401, 175, 113, 4, 226, 35, 96, 206, 362, 64, 225, 377, 330, 280, 250, 400, 224, 191, 26, 352, 473, 348, 469, 92, 464, 456, 173, 210, 326, 184, 420, 251, 350, 219, 117, 435, 349, 53, 89, 108, 328, 289, 171, 471, 339, 297, 329, 218, 160, 84, 266, 176, 444, 135, 457, 120, 228, 388, 383, 56, 392, 217, 413, 125, 60, 403, 27, 80, 298, 186, 356, 373, 157, 293, 236, 321, 426, 43, 114, 39, 42, 94, 61, 262, 170, 395, 65, 307, 159, 106, 132, 153, 408, 374, 245, 168, 147, 116, 342, 73, 9, 319, 337, 166, 82, 459, 50, 177, 353, 104, 58, 72, 24, 196, 285, 258, 467, 130, 12, 66, 16, 316, 335, 470, 51, 8, 276, 231, 161, 204, 189, 291, 124, 14, 398, 198, 193, 310, 463, 162, 243, 275, 433, 139, 255, 278, 430, 389, 52, 371, 253, 195, 102, 154, 237, 22, 292, 414, 183, 213, 343, 164, 188, 129, 15, 215, 74, 324, 235, 194, 405, 465, 397, 230, 454, 90, 385, 133, 425, 172, 81, 122, 300, 390, 121, 207, 364, 462, 277, 181, 200, 97, 283, 249, 109, 359, 382, 241, 197, 351, 105, 131, 45, 336, 394, 146, 442, 416, 248, 223, 347, 384, 254, 419, 38, 272, 357, 127, 332, 370, 7, 137, 393, 145, 240, 214, 18, 100, 118, 434, 156, 86, 128, 41, 234, 98, 453, 461, 144, 19, 346, 409, 309, 267, 303, 59, 167, 423, 112, 30, 458, 244, 205, 366, 48, 427, 31, 312, 79, 23, 431, 295, 76, 399, 344, 439, 209, 256, 190, 178, 446, 290, 345, 318, 2, 29, 211, 88, 264, 460, 325, 378, 54, 71, 365, 169, 311, 361, 110, 17, 269, 338, 440, 229, 340, 25, 1, 432, 55, 46, 455, 375, 317, 327, 368, 187, 334, 301, 391, 33, 314, 302, 424, 78, 134, 83, 418, 227, 284, 49, 199, 322, 5, 404, 143, 287, 192, 57, 40, 441, 320, 305, 202, 85, 294, 148, 341, 111, 279, 232, 438, 447, 151, 333, 386, 36, 415, 185, 450, 136, 381, 367, 407, 141, 201, 220, 3, 10, 406, 443, 21, 69, 208, 274, 313, 95, 13, 180, 369, 304, 101, 155, 216, 396, 372, 296, 103, 299, 261, 87, 140, 468, 91, 152, 437, 247, 252, 315, 448, 445, 273, 428, 282, 119, 63, 260, 77, 126, 422, 402, 268, 179, 75, 32, 221, 165, 355, 308, 417, 257, 47, 68, 354, 387, 306, 142, 62, 358, 323, 436, 0, 265, 138, 28, 158, 286, 20, 174, 449, 451]
og index list energy: 250997122.32170215
index list: [30, 43, 377, 202, 462, 91, 447, 270, 433, 129, 453, 260, 472, 127, 232, 268, 340, 137, 417, 62, 319, 90, 187, 140, 448, 33, 387, 277, 421, 223, 420, 173, 348, 285, 151, 463, 259, 427, 152, 135, 389, 49, 376, 244, 466, 115, 238, 120, 72, 412, 66, 457, 192, 21, 465, 253, 102, 150, 149, 180, 461, 54, 379, 23, 396, 213, 265, 121, 154, 284, 227, 106, 357, 293, 322, 267, 305, 458, 158, 92, 29, 359, 130, 128, 278, 27, 341, 230, 281, 451, 50, 413, 109, 440, 40, 355, 271, 220, 247, 245, 22, 146, 346, 24, 441, 31, 385, 6, 382, 307, 274, 14, 460, 321, 298, 78, 384, 279, 468, 251, 219, 454, 335, 337, 310, 283, 177, 303, 218, 168, 12, 64, 184, 25, 228, 179, 418, 208, 450, 294, 459, 331, 170, 276, 449, 313, 262, 464, 290, 438, 4, 188, 191, 5, 404, 225, 356, 325, 400, 272, 308, 198, 403, 263, 269, 161, 360, 126, 147, 77, 214, 194, 235, 41, 122, 98, 365, 291, 397, 138, 411, 186, 367, 131, 71, 373, 94, 318, 107, 393, 332, 363, 273, 419, 45, 108, 8, 473, 302, 471, 105, 349, 104, 345, 324, 65, 37, 266, 252, 144, 407, 83, 249, 201, 32, 436, 42, 229, 402, 339, 280, 288, 452, 19, 97, 26, 372, 103, 390, 117, 430, 163, 178, 371, 241, 236, 52, 408, 165, 328, 139, 351, 206, 20, 342, 261, 344, 160, 366, 248, 394, 148, 207, 197, 381, 157, 240, 401, 59, 162, 60, 334, 210, 134, 323, 79, 216, 51, 434, 255, 166, 375, 176, 437, 7, 386, 88, 378, 254, 185, 85, 99, 415, 56, 292, 362, 320, 2, 289, 190, 343, 84, 297, 3, 167, 295, 46, 204, 10, 443, 242, 258, 114, 435, 189, 317, 61, 86, 63, 1, 53, 392, 0, 352, 211, 383, 199, 200, 410, 36, 446, 250, 69, 182, 112, 257, 287, 264, 406, 275, 431, 311, 57, 217, 422, 58, 364, 87, 439, 48, 309, 118, 312, 246, 17, 388, 119, 416, 175, 338, 196, 80, 193, 15, 374, 181, 124, 143, 145, 405, 68, 215, 34, 174, 76, 395, 123, 153, 444, 55, 409, 141, 399, 304, 82, 233, 330, 125, 67, 423, 231, 89, 306, 234, 39, 455, 316, 391, 100, 358, 314, 470, 467, 132, 432, 16, 369, 205, 368, 169, 183, 28, 73, 256, 35, 300, 136, 333, 353, 172, 133, 282, 456, 164, 398, 156, 111, 11, 380, 13, 469, 113, 221, 424, 222, 301, 315, 195, 9, 429, 237, 361, 116, 155, 70, 425, 327, 47, 171, 243, 445, 95, 286, 159, 296, 93, 354, 142, 38, 442, 44, 329, 74, 426, 81, 428, 96, 226, 224, 350, 75, 370, 110, 101, 239, 299, 212, 326, 347, 209, 203, 336, 414, 18]
index list energy: 28222228.419390947
Done


program ended at: 2020-04-06 14:46:04.500463 
 time delta: 15:50:12.541419
