## SLURM PROLOG ###############################################################
##    Job ID : 11946028
##  Job Name : new_and_improved?
##  Nodelist : node1615
##      CPUs : 1
##  Mem/Node : 1024 MB
## Directory : /gpfs/data/nfawzi/skale/Fawzi_pycharm_project
##   Started : Sun Apr  5 22:55:52 EDT 2020
###############################################################################
program started at:2020-04-05 22:55:52.885561
iterations: 72000000 temp: 1000000.0 exponent: 0.9 eif: 300.0
time taken (sec): 67378.02591061592
number of iterations: 72000000
final temperature: 159.26791088519815
og index list: [321, 82, 419, 99, 434, 193, 49, 2, 461, 352, 316, 144, 204, 392, 254, 266, 156, 267, 369, 35, 62, 272, 459, 12, 359, 75, 154, 150, 122, 218, 87, 59, 97, 74, 172, 180, 448, 271, 349, 395, 366, 444, 270, 107, 343, 443, 178, 116, 110, 51, 190, 164, 457, 205, 198, 470, 21, 442, 452, 429, 117, 449, 454, 353, 348, 280, 445, 63, 374, 177, 259, 210, 361, 72, 242, 136, 25, 341, 381, 108, 274, 81, 186, 114, 283, 68, 42, 128, 384, 234, 326, 465, 176, 140, 70, 431, 134, 246, 437, 447, 44, 45, 328, 367, 404, 417, 187, 80, 347, 320, 52, 396, 318, 66, 22, 217, 208, 298, 249, 221, 229, 96, 163, 428, 385, 422, 293, 50, 427, 236, 302, 304, 191, 102, 23, 389, 18, 67, 275, 43, 250, 409, 209, 118, 340, 153, 371, 171, 391, 424, 441, 162, 368, 173, 196, 239, 119, 425, 226, 333, 308, 106, 37, 281, 48, 34, 363, 158, 32, 456, 269, 393, 388, 5, 78, 225, 303, 407, 201, 13, 233, 257, 188, 182, 143, 243, 147, 342, 376, 334, 240, 6, 405, 290, 152, 455, 358, 278, 471, 146, 264, 433, 47, 383, 438, 305, 420, 263, 462, 148, 86, 312, 228, 214, 224, 69, 288, 377, 375, 344, 386, 301, 402, 408, 390, 202, 238, 76, 127, 473, 98, 71, 247, 124, 141, 19, 399, 95, 300, 212, 203, 125, 215, 406, 137, 306, 467, 27, 155, 426, 1, 11, 230, 292, 463, 387, 113, 8, 192, 472, 195, 157, 360, 20, 416, 16, 273, 325, 30, 310, 418, 296, 104, 170, 245, 139, 421, 189, 199, 207, 261, 109, 450, 26, 364, 241, 335, 256, 307, 336, 415, 222, 9, 232, 323, 159, 299, 55, 332, 378, 197, 61, 83, 60, 446, 227, 46, 111, 354, 411, 244, 216, 149, 4, 89, 28, 166, 179, 294, 355, 90, 40, 464, 458, 260, 394, 469, 350, 91, 169, 453, 317, 56, 413, 322, 41, 295, 85, 277, 184, 14, 0, 255, 73, 365, 382, 330, 398, 105, 284, 276, 279, 282, 220, 331, 160, 286, 373, 126, 79, 57, 3, 262, 435, 297, 440, 468, 311, 291, 287, 142, 235, 138, 88, 181, 231, 314, 439, 7, 357, 309, 460, 92, 345, 10, 135, 58, 33, 38, 112, 100, 206, 252, 183, 410, 167, 362, 315, 200, 289, 131, 329, 237, 213, 120, 151, 161, 65, 54, 64, 265, 165, 248, 29, 219, 185, 339, 175, 401, 17, 251, 285, 379, 397, 414, 39, 370, 327, 94, 338, 101, 84, 211, 337, 174, 324, 380, 145, 351, 356, 77, 93, 436, 36, 133, 168, 313, 103, 130, 400, 253, 15, 466, 132, 403, 423, 31, 346, 194, 123, 121, 129, 372, 258, 268, 319, 430, 412, 451, 432, 223, 115, 53, 24]
og index list energy: 250032976.5355628
index list: [46, 322, 176, 429, 19, 86, 11, 377, 88, 231, 85, 434, 295, 169, 448, 313, 402, 325, 459, 290, 45, 64, 20, 204, 25, 303, 223, 404, 335, 276, 307, 26, 392, 202, 228, 406, 136, 124, 137, 360, 77, 128, 282, 277, 361, 42, 65, 382, 115, 445, 21, 97, 15, 105, 470, 12, 397, 271, 232, 102, 372, 186, 234, 17, 376, 174, 130, 318, 89, 256, 18, 114, 389, 79, 430, 260, 456, 27, 463, 59, 339, 57, 352, 60, 431, 268, 258, 236, 39, 345, 262, 403, 44, 279, 396, 152, 393, 63, 306, 462, 269, 87, 50, 399, 187, 162, 76, 34, 300, 147, 184, 333, 100, 439, 14, 261, 373, 31, 8, 374, 206, 348, 91, 108, 48, 61, 330, 113, 411, 255, 55, 317, 95, 420, 270, 413, 285, 267, 354, 294, 350, 229, 465, 151, 369, 227, 225, 378, 237, 329, 68, 331, 110, 185, 461, 242, 288, 444, 101, 334, 274, 319, 72, 146, 216, 24, 436, 132, 387, 84, 287, 30, 214, 22, 407, 49, 452, 7, 442, 16, 401, 275, 398, 197, 454, 195, 193, 81, 455, 179, 388, 164, 312, 320, 13, 391, 69, 383, 73, 141, 451, 94, 159, 286, 218, 263, 343, 190, 171, 208, 153, 138, 305, 336, 235, 119, 32, 278, 251, 299, 181, 346, 304, 427, 117, 366, 131, 52, 90, 447, 121, 443, 116, 247, 226, 230, 412, 9, 201, 41, 426, 109, 265, 129, 298, 289, 359, 321, 446, 332, 414, 74, 362, 106, 183, 324, 56, 370, 219, 149, 259, 6, 37, 466, 0, 62, 1, 3, 375, 2, 440, 58, 379, 154, 82, 182, 175, 292, 385, 188, 410, 273, 453, 233, 328, 66, 99, 246, 250, 107, 302, 139, 252, 192, 405, 196, 207, 199, 381, 71, 293, 315, 326, 471, 281, 433, 126, 83, 347, 111, 167, 134, 437, 254, 28, 415, 272, 419, 172, 248, 367, 310, 161, 215, 368, 210, 337, 200, 371, 291, 349, 314, 450, 178, 408, 158, 418, 156, 284, 35, 323, 33, 239, 249, 356, 177, 344, 157, 308, 205, 211, 438, 253, 36, 198, 409, 245, 327, 212, 421, 224, 316, 422, 213, 122, 180, 394, 280, 472, 309, 353, 296, 67, 145, 386, 93, 358, 217, 297, 78, 283, 103, 395, 127, 144, 458, 98, 135, 417, 220, 221, 123, 238, 423, 264, 53, 435, 241, 390, 266, 150, 340, 222, 257, 75, 23, 365, 163, 441, 51, 425, 166, 125, 155, 428, 47, 467, 143, 364, 133, 351, 165, 449, 301, 380, 189, 460, 191, 4, 400, 5, 357, 464, 54, 416, 70, 432, 80, 29, 384, 194, 342, 43, 457, 96, 473, 38, 338, 104, 341, 142, 92, 240, 170, 243, 244, 140, 355, 112, 160, 424, 311, 10, 468, 40, 363, 203, 469, 209, 120, 168, 118, 173, 148]
index list energy: 25968358.44148528
Done


program ended at: 2020-04-06 17:38:51.276602 
 time delta: 18:42:58.391041
