## SLURM PROLOG ###############################################################
##    Job ID : 11956210
##  Job Name : new_and_improved?
##  Nodelist : node1131
##      CPUs : 1
##  Mem/Node : 1024 MB
## Directory : /gpfs/data/nfawzi/skale/Fawzi_pycharm_project
##   Started : Mon Apr  6 01:10:54 EDT 2020
###############################################################################
program started at:2020-04-06 01:11:03.043299
iterations: 72000000 temp: 1000000.0 exponent: 0.9 eif: 300.0
time taken (sec): 40425.98630237579
number of iterations: 72000000
final temperature: 159.26791088519815
og index list: [75, 322, 387, 281, 297, 108, 177, 463, 191, 215, 390, 102, 388, 257, 381, 183, 195, 158, 83, 50, 336, 271, 319, 186, 138, 233, 380, 236, 17, 395, 408, 217, 228, 436, 269, 304, 150, 413, 210, 220, 63, 329, 163, 116, 164, 149, 453, 314, 185, 311, 115, 368, 338, 205, 37, 352, 16, 412, 294, 371, 263, 443, 187, 367, 40, 307, 8, 14, 430, 197, 146, 448, 421, 135, 277, 206, 53, 425, 456, 41, 402, 153, 295, 455, 335, 214, 199, 340, 308, 296, 284, 317, 410, 136, 245, 85, 293, 246, 423, 45, 11, 132, 103, 385, 64, 288, 285, 240, 441, 156, 28, 223, 264, 426, 175, 98, 9, 126, 76, 114, 44, 333, 4, 286, 18, 422, 280, 25, 123, 178, 411, 142, 449, 247, 364, 202, 119, 248, 134, 383, 113, 268, 365, 79, 386, 155, 81, 31, 172, 173, 418, 55, 207, 326, 460, 2, 348, 0, 59, 325, 242, 68, 161, 73, 97, 198, 152, 355, 52, 375, 117, 362, 127, 91, 403, 39, 78, 130, 341, 350, 447, 66, 469, 120, 49, 159, 145, 376, 320, 71, 392, 414, 33, 274, 384, 452, 82, 330, 128, 140, 298, 462, 312, 299, 100, 323, 170, 154, 26, 265, 90, 409, 363, 279, 57, 343, 203, 10, 301, 32, 442, 464, 266, 309, 167, 213, 241, 229, 29, 137, 23, 419, 219, 359, 143, 276, 22, 80, 431, 337, 122, 92, 69, 54, 243, 361, 267, 20, 358, 252, 13, 169, 15, 106, 179, 225, 396, 24, 327, 458, 1, 96, 324, 21, 112, 121, 237, 5, 347, 27, 289, 310, 47, 201, 256, 131, 148, 275, 184, 373, 70, 424, 176, 34, 200, 61, 439, 238, 196, 109, 259, 292, 88, 313, 139, 38, 389, 110, 290, 334, 251, 133, 344, 273, 209, 253, 48, 107, 231, 160, 466, 260, 168, 435, 3, 407, 470, 189, 457, 129, 60, 428, 58, 429, 35, 283, 227, 188, 77, 353, 222, 105, 234, 157, 291, 471, 232, 261, 19, 465, 12, 144, 30, 406, 397, 258, 434, 393, 300, 461, 250, 321, 190, 399, 438, 454, 125, 306, 366, 182, 432, 72, 221, 270, 318, 6, 354, 272, 226, 379, 332, 331, 224, 218, 56, 51, 451, 216, 382, 427, 391, 111, 369, 282, 328, 404, 235, 99, 89, 287, 42, 84, 357, 417, 459, 437, 211, 372, 166, 305, 433, 65, 86, 194, 174, 165, 400, 204, 468, 446, 339, 342, 46, 345, 472, 249, 394, 244, 303, 141, 349, 101, 208, 378, 7, 230, 278, 351, 180, 370, 36, 467, 346, 254, 255, 239, 212, 62, 420, 151, 87, 104, 124, 302, 74, 377, 193, 43, 440, 93, 162, 147, 398, 262, 450, 405, 181, 401, 360, 67, 374, 473, 444, 94, 316, 356, 118, 171, 445, 315, 415, 416, 95, 192]
og index list energy: 258558679.19276023
index list: [255, 291, 457, 2, 456, 195, 338, 32, 402, 336, 442, 10, 288, 435, 116, 16, 449, 133, 103, 439, 107, 329, 227, 353, 248, 12, 468, 160, 348, 173, 357, 146, 327, 292, 426, 226, 52, 128, 415, 144, 320, 49, 334, 154, 376, 310, 391, 251, 163, 298, 220, 60, 134, 458, 169, 438, 115, 234, 76, 354, 126, 132, 445, 263, 343, 8, 307, 196, 342, 119, 148, 237, 265, 168, 9, 63, 369, 135, 453, 27, 258, 372, 333, 199, 210, 268, 424, 138, 407, 264, 464, 314, 350, 316, 403, 321, 37, 447, 205, 452, 171, 194, 249, 386, 188, 340, 95, 383, 73, 71, 472, 131, 304, 380, 180, 232, 137, 405, 47, 450, 127, 437, 50, 443, 306, 469, 83, 467, 281, 170, 124, 91, 305, 13, 346, 7, 330, 302, 382, 273, 423, 221, 433, 100, 429, 43, 441, 225, 266, 416, 299, 165, 358, 48, 394, 130, 222, 296, 282, 384, 312, 72, 414, 31, 151, 92, 202, 324, 40, 122, 451, 190, 235, 84, 278, 139, 366, 186, 466, 81, 367, 275, 422, 179, 337, 262, 35, 56, 473, 14, 436, 187, 215, 420, 212, 156, 399, 46, 136, 117, 374, 94, 359, 61, 364, 260, 470, 272, 239, 198, 287, 82, 408, 269, 293, 387, 21, 231, 3, 392, 208, 434, 55, 375, 301, 261, 341, 270, 335, 178, 378, 105, 471, 45, 319, 153, 192, 418, 211, 446, 309, 228, 106, 297, 328, 99, 425, 102, 440, 65, 352, 53, 86, 23, 409, 289, 230, 430, 224, 193, 75, 189, 247, 125, 463, 238, 120, 38, 412, 253, 142, 246, 254, 172, 157, 42, 417, 109, 78, 30, 365, 206, 34, 240, 421, 85, 284, 74, 201, 89, 385, 322, 147, 344, 88, 448, 203, 129, 252, 93, 216, 77, 244, 345, 175, 393, 44, 347, 159, 87, 167, 351, 57, 155, 110, 217, 377, 213, 396, 164, 460, 223, 461, 166, 114, 64, 79, 22, 162, 108, 295, 274, 311, 24, 410, 233, 185, 462, 158, 362, 62, 381, 285, 90, 401, 113, 140, 432, 181, 379, 26, 300, 174, 29, 317, 6, 256, 111, 80, 184, 243, 207, 200, 431, 250, 197, 388, 280, 444, 39, 145, 373, 152, 356, 218, 112, 25, 308, 104, 183, 59, 315, 257, 331, 51, 0, 411, 58, 1, 229, 370, 143, 390, 98, 318, 54, 283, 36, 209, 33, 214, 428, 69, 303, 332, 368, 68, 19, 389, 15, 395, 149, 97, 339, 66, 427, 290, 459, 123, 371, 141, 419, 279, 465, 4, 5, 176, 413, 259, 191, 20, 118, 241, 286, 70, 454, 325, 150, 236, 242, 355, 271, 397, 182, 277, 400, 161, 17, 245, 67, 363, 121, 18, 361, 267, 294, 323, 219, 101, 276, 455, 11, 204, 28, 360, 177, 349, 96, 41, 404, 406, 313, 398, 326]
index list energy: 26791313.646689426
Done


program ended at: 2020-04-06 12:24:49.402078 
 time delta: 11:13:46.358779
