## SLURM PROLOG ###############################################################
##    Job ID : 11946022
##  Job Name : new_and_improved?
##  Nodelist : node1613
##      CPUs : 1
##  Mem/Node : 1024 MB
## Directory : /gpfs/data/nfawzi/skale/Fawzi_pycharm_project
##   Started : Sun Apr  5 22:55:52 EDT 2020
###############################################################################
program started at:2020-04-05 22:55:52.273512
iterations: 72000000 temp: 1000000.0 exponent: 0.9 eif: 300.0
time taken (sec): 68563.28394389153
number of iterations: 72000000
final temperature: 159.26791088519815
og index list: [68, 92, 257, 363, 93, 459, 405, 66, 336, 317, 137, 293, 215, 450, 311, 13, 201, 438, 291, 316, 74, 378, 214, 154, 155, 305, 39, 105, 142, 55, 219, 150, 62, 292, 162, 79, 381, 418, 424, 448, 96, 1, 399, 217, 294, 473, 53, 284, 414, 384, 110, 302, 354, 386, 101, 377, 58, 318, 210, 179, 95, 279, 427, 265, 274, 27, 278, 272, 248, 22, 299, 400, 366, 370, 264, 379, 8, 343, 315, 319, 7, 0, 232, 382, 102, 325, 122, 237, 146, 26, 123, 300, 259, 178, 282, 186, 77, 369, 149, 348, 356, 184, 286, 461, 138, 249, 367, 253, 432, 225, 395, 434, 233, 46, 470, 375, 417, 143, 208, 349, 362, 464, 425, 63, 25, 307, 241, 353, 135, 76, 467, 82, 194, 437, 111, 103, 308, 301, 64, 344, 37, 42, 296, 57, 323, 462, 422, 140, 260, 390, 204, 170, 376, 329, 451, 167, 4, 182, 45, 9, 73, 289, 389, 117, 454, 61, 212, 90, 132, 166, 65, 192, 99, 19, 128, 263, 251, 209, 191, 269, 453, 385, 32, 411, 261, 409, 392, 183, 231, 449, 410, 327, 332, 118, 441, 163, 358, 41, 125, 161, 295, 280, 175, 21, 133, 347, 47, 227, 380, 355, 189, 331, 100, 114, 87, 398, 129, 36, 342, 108, 416, 23, 309, 10, 141, 275, 176, 402, 256, 70, 157, 396, 330, 151, 218, 211, 277, 267, 457, 443, 455, 169, 52, 446, 345, 109, 412, 97, 250, 407, 340, 16, 326, 408, 160, 81, 406, 80, 72, 203, 35, 29, 321, 287, 420, 328, 433, 165, 371, 15, 365, 104, 333, 34, 252, 71, 148, 245, 130, 106, 285, 49, 364, 84, 456, 50, 238, 188, 2, 44, 202, 320, 5, 206, 12, 458, 242, 394, 69, 460, 283, 205, 452, 468, 290, 17, 372, 306, 30, 281, 368, 397, 193, 152, 187, 222, 313, 226, 255, 346, 312, 144, 196, 266, 262, 244, 174, 213, 444, 428, 67, 195, 158, 436, 43, 131, 361, 171, 239, 134, 419, 28, 153, 11, 230, 472, 216, 350, 51, 200, 112, 421, 236, 466, 404, 469, 387, 223, 423, 447, 126, 243, 426, 463, 54, 127, 197, 352, 156, 303, 180, 334, 440, 240, 314, 124, 391, 229, 139, 38, 98, 136, 199, 235, 442, 119, 435, 273, 159, 221, 374, 415, 254, 337, 20, 338, 268, 83, 31, 393, 75, 471, 107, 24, 258, 373, 60, 40, 147, 276, 185, 48, 430, 431, 91, 247, 220, 88, 181, 85, 6, 228, 304, 465, 413, 78, 86, 94, 271, 429, 445, 18, 145, 401, 383, 246, 59, 339, 14, 403, 121, 3, 190, 388, 207, 116, 322, 56, 172, 33, 164, 224, 335, 113, 177, 288, 310, 324, 115, 351, 173, 198, 120, 297, 360, 234, 359, 341, 298, 89, 270, 357, 439, 168]
og index list energy: 256520915.6341986
index list: [64, 74, 404, 115, 458, 216, 95, 392, 217, 382, 296, 406, 339, 67, 468, 54, 69, 384, 6, 346, 196, 461, 153, 46, 453, 101, 215, 34, 172, 277, 167, 41, 446, 109, 393, 147, 218, 295, 121, 385, 72, 463, 309, 238, 86, 220, 50, 457, 169, 378, 55, 364, 272, 374, 99, 360, 42, 423, 151, 288, 354, 58, 292, 349, 320, 142, 321, 433, 134, 369, 56, 179, 278, 224, 359, 260, 445, 205, 204, 197, 473, 31, 343, 263, 401, 240, 366, 18, 443, 314, 299, 223, 390, 273, 380, 326, 92, 28, 394, 311, 26, 228, 249, 239, 259, 358, 131, 23, 234, 333, 124, 285, 79, 331, 327, 27, 82, 472, 21, 35, 379, 8, 184, 112, 10, 246, 251, 212, 421, 146, 357, 229, 431, 39, 338, 22, 408, 181, 418, 98, 466, 264, 363, 262, 383, 43, 347, 325, 377, 195, 388, 200, 210, 168, 283, 199, 448, 211, 371, 250, 336, 209, 91, 462, 267, 158, 344, 233, 78, 106, 122, 276, 370, 225, 231, 94, 425, 186, 365, 268, 454, 16, 411, 248, 162, 413, 60, 230, 441, 104, 400, 144, 297, 83, 85, 286, 185, 345, 254, 136, 373, 5, 97, 405, 3, 440, 206, 397, 2, 386, 208, 303, 20, 129, 207, 252, 203, 77, 467, 110, 81, 464, 90, 317, 244, 470, 123, 330, 70, 187, 7, 232, 177, 150, 258, 148, 242, 414, 45, 141, 355, 40, 350, 66, 341, 241, 265, 257, 62, 80, 19, 132, 416, 154, 439, 96, 171, 14, 428, 180, 334, 194, 1, 437, 0, 471, 113, 32, 407, 253, 44, 191, 214, 29, 460, 36, 432, 174, 274, 160, 403, 237, 449, 280, 422, 51, 89, 342, 75, 438, 221, 435, 156, 152, 456, 137, 451, 57, 155, 84, 319, 143, 455, 164, 312, 417, 103, 306, 402, 116, 375, 47, 87, 409, 145, 447, 133, 315, 178, 282, 305, 71, 271, 118, 247, 49, 166, 114, 419, 313, 269, 126, 289, 159, 328, 59, 322, 11, 201, 15, 37, 429, 213, 284, 128, 281, 459, 63, 125, 135, 436, 227, 198, 337, 293, 120, 107, 340, 300, 127, 389, 30, 219, 372, 226, 163, 367, 291, 444, 68, 25, 108, 304, 256, 157, 261, 412, 33, 381, 9, 368, 189, 329, 4, 140, 376, 290, 308, 316, 245, 165, 170, 362, 270, 465, 53, 387, 105, 399, 48, 391, 88, 430, 61, 356, 119, 324, 130, 279, 410, 190, 452, 235, 193, 188, 396, 139, 73, 420, 52, 352, 111, 13, 424, 307, 24, 176, 353, 192, 323, 202, 183, 12, 348, 222, 182, 76, 442, 138, 38, 318, 302, 236, 117, 434, 332, 298, 266, 398, 301, 102, 351, 243, 361, 275, 310, 395, 175, 415, 335, 426, 149, 255, 173, 93, 161, 17, 427, 65, 450, 294, 469, 100, 287]
index list energy: 28173960.454321615
Done


program ended at: 2020-04-06 17:58:35.912918 
 time delta: 19:02:43.639406
