## SLURM PROLOG ###############################################################
##    Job ID : 11945907
##  Job Name : new_and_improved?
##  Nodelist : node1136
##      CPUs : 1
##  Mem/Node : 1024 MB
## Directory : /gpfs/data/nfawzi/skale/Fawzi_pycharm_project
##   Started : Sun Apr  5 22:55:11 EDT 2020
###############################################################################
program started at:2020-04-05 22:55:16.186961
iterations: 72000000 temp: 1000000.0 exponent: 0.9 eif: 300.0
time taken (sec): 49610.32505083084
number of iterations: 72000000
final temperature: 159.26791088519815
og index list: [192, 91, 406, 423, 431, 349, 247, 355, 184, 182, 178, 19, 17, 57, 202, 20, 400, 4, 443, 239, 74, 447, 306, 305, 196, 274, 409, 364, 83, 325, 107, 452, 335, 75, 407, 405, 171, 256, 320, 45, 426, 327, 297, 115, 381, 365, 440, 252, 404, 384, 214, 206, 1, 243, 408, 310, 347, 6, 466, 205, 415, 255, 392, 138, 98, 177, 273, 268, 251, 299, 402, 94, 380, 173, 460, 254, 187, 169, 215, 330, 265, 66, 385, 311, 51, 358, 249, 421, 465, 270, 419, 436, 144, 140, 463, 467, 146, 32, 360, 147, 194, 70, 441, 125, 263, 193, 324, 29, 428, 65, 109, 269, 126, 354, 217, 437, 271, 363, 357, 164, 277, 39, 153, 23, 346, 124, 237, 374, 425, 232, 393, 281, 71, 420, 339, 185, 183, 231, 290, 7, 211, 225, 165, 379, 300, 101, 403, 26, 11, 469, 303, 308, 285, 315, 298, 377, 322, 410, 321, 313, 226, 210, 111, 90, 69, 61, 257, 48, 350, 334, 163, 337, 446, 191, 396, 370, 201, 448, 417, 56, 301, 159, 166, 119, 209, 235, 292, 82, 401, 188, 219, 200, 77, 288, 264, 37, 459, 473, 328, 31, 430, 186, 302, 293, 43, 157, 279, 28, 172, 453, 341, 434, 112, 399, 464, 218, 472, 282, 352, 180, 16, 229, 204, 398, 362, 35, 8, 331, 100, 156, 92, 42, 397, 366, 34, 102, 154, 286, 148, 361, 411, 439, 369, 332, 203, 198, 110, 93, 368, 9, 105, 234, 149, 326, 424, 158, 470, 5, 103, 207, 58, 222, 199, 336, 258, 236, 246, 294, 344, 418, 280, 450, 230, 81, 284, 195, 30, 266, 89, 38, 376, 117, 162, 190, 416, 99, 221, 25, 152, 86, 27, 343, 371, 427, 233, 372, 329, 272, 387, 389, 129, 13, 155, 189, 395, 33, 181, 468, 18, 433, 276, 338, 53, 240, 24, 213, 295, 97, 449, 46, 309, 435, 128, 296, 451, 367, 44, 87, 143, 49, 390, 120, 238, 36, 14, 220, 197, 106, 340, 21, 245, 462, 414, 161, 79, 278, 307, 167, 319, 223, 139, 378, 224, 458, 15, 22, 432, 55, 84, 80, 160, 455, 136, 175, 283, 248, 287, 388, 59, 228, 67, 114, 342, 317, 122, 353, 63, 2, 316, 141, 151, 113, 88, 262, 60, 216, 176, 131, 333, 40, 134, 471, 275, 386, 10, 314, 318, 291, 259, 442, 391, 241, 78, 359, 62, 150, 96, 12, 104, 116, 50, 422, 127, 133, 304, 132, 383, 438, 373, 348, 54, 3, 73, 47, 108, 168, 289, 412, 64, 95, 52, 145, 142, 394, 323, 121, 261, 461, 413, 356, 68, 429, 267, 457, 242, 444, 123, 253, 72, 445, 208, 170, 454, 118, 456, 174, 345, 312, 227, 375, 212, 382, 137, 250, 76, 130, 244, 135, 0, 351, 85, 41, 179, 260]
og index list energy: 242207487.86912826
index list: [188, 148, 245, 242, 354, 285, 332, 290, 345, 193, 267, 329, 9, 434, 196, 313, 391, 163, 233, 311, 72, 404, 156, 369, 49, 89, 408, 160, 365, 222, 173, 12, 295, 32, 288, 258, 256, 85, 84, 396, 116, 205, 323, 333, 468, 270, 37, 378, 191, 202, 250, 62, 15, 176, 206, 350, 192, 46, 214, 322, 263, 236, 135, 118, 200, 426, 68, 446, 19, 430, 81, 379, 113, 184, 36, 207, 398, 95, 342, 316, 456, 35, 136, 149, 358, 208, 373, 138, 382, 2, 451, 375, 178, 348, 237, 150, 247, 320, 279, 92, 90, 360, 141, 145, 410, 195, 394, 199, 437, 45, 201, 325, 235, 25, 211, 283, 130, 432, 60, 126, 52, 440, 137, 317, 103, 128, 392, 42, 400, 109, 170, 401, 241, 340, 260, 183, 327, 76, 364, 164, 363, 221, 397, 44, 462, 73, 419, 262, 276, 226, 452, 96, 393, 105, 417, 182, 38, 351, 147, 169, 167, 121, 376, 53, 442, 0, 389, 238, 119, 24, 157, 228, 438, 106, 409, 50, 431, 275, 384, 268, 449, 16, 433, 14, 334, 21, 265, 291, 71, 441, 175, 338, 75, 11, 303, 253, 274, 66, 181, 185, 377, 219, 353, 300, 310, 123, 380, 179, 140, 1, 461, 153, 134, 328, 244, 172, 227, 40, 439, 203, 132, 457, 261, 277, 436, 266, 424, 189, 194, 460, 31, 209, 314, 215, 455, 54, 374, 254, 33, 259, 286, 174, 3, 271, 453, 10, 405, 104, 415, 131, 445, 240, 464, 28, 402, 171, 146, 26, 107, 287, 51, 80, 269, 27, 330, 58, 129, 57, 420, 293, 204, 166, 337, 298, 64, 5, 371, 20, 403, 177, 467, 6, 390, 43, 406, 39, 387, 78, 463, 29, 220, 69, 239, 158, 297, 296, 429, 154, 355, 55, 395, 112, 165, 412, 111, 427, 110, 7, 232, 309, 34, 249, 361, 318, 101, 450, 331, 224, 225, 458, 294, 448, 248, 231, 212, 67, 122, 48, 414, 230, 339, 23, 444, 79, 366, 63, 108, 94, 315, 22, 281, 282, 343, 41, 466, 180, 344, 88, 454, 218, 117, 86, 161, 17, 120, 213, 82, 471, 87, 425, 83, 357, 324, 144, 124, 292, 155, 56, 370, 143, 469, 127, 368, 125, 319, 65, 422, 77, 299, 326, 359, 251, 278, 198, 470, 8, 341, 336, 421, 13, 435, 114, 386, 61, 159, 302, 413, 264, 346, 243, 362, 4, 399, 210, 197, 383, 47, 59, 352, 301, 162, 30, 347, 272, 459, 187, 473, 335, 234, 423, 151, 97, 381, 321, 229, 428, 312, 367, 142, 465, 304, 385, 133, 289, 305, 257, 416, 139, 18, 307, 223, 284, 280, 447, 115, 411, 216, 217, 407, 99, 308, 273, 74, 388, 186, 356, 152, 91, 93, 246, 98, 252, 255, 70, 102, 418, 168, 443, 190, 372, 100, 472, 306, 349]
index list energy: 27952436.424497124
Done


program ended at: 2020-04-06 12:42:06.884517 
 time delta: 13:46:50.697556
