## SLURM PROLOG ###############################################################
##    Job ID : 11995808
##  Job Name : new_and_improved?
##  Nodelist : node1124
##      CPUs : 1
##  Mem/Node : 1024 MB
## Directory : /gpfs/data/nfawzi/skale/Fawzi_pycharm_project
##   Started : Mon Apr  6 10:05:28 EDT 2020
###############################################################################
program started at:2020-04-06 10:05:38.340561
iterations: 72000000 temp: 1000000.0 exponent: 0.9 eif: 300.0
time taken (sec): 34479.26777386665
number of iterations: 72000000
final temperature: 159.26791088519815
og index list: [211, 98, 254, 251, 350, 414, 285, 346, 165, 438, 238, 48, 390, 184, 426, 343, 364, 461, 126, 246, 445, 78, 315, 55, 305, 200, 128, 316, 19, 431, 306, 456, 439, 261, 175, 139, 392, 227, 231, 138, 428, 103, 338, 65, 169, 118, 434, 373, 464, 23, 188, 54, 389, 104, 372, 80, 1, 146, 437, 473, 28, 368, 429, 155, 208, 382, 458, 330, 130, 226, 91, 417, 5, 340, 303, 440, 177, 12, 47, 236, 206, 15, 207, 168, 349, 102, 381, 413, 401, 259, 50, 329, 185, 189, 142, 197, 57, 140, 291, 159, 253, 74, 356, 232, 323, 472, 111, 256, 150, 421, 280, 82, 247, 53, 416, 149, 122, 62, 257, 327, 240, 13, 331, 454, 114, 230, 171, 94, 24, 176, 214, 370, 162, 391, 18, 353, 37, 69, 224, 275, 218, 272, 396, 278, 30, 79, 243, 143, 4, 147, 132, 318, 71, 195, 249, 89, 221, 307, 465, 412, 73, 135, 460, 314, 248, 121, 268, 298, 362, 433, 317, 386, 383, 201, 274, 296, 108, 129, 196, 109, 97, 107, 32, 289, 379, 158, 46, 397, 96, 199, 351, 235, 210, 411, 51, 407, 191, 85, 76, 387, 172, 187, 88, 441, 357, 58, 451, 282, 68, 148, 83, 435, 67, 229, 31, 38, 258, 117, 388, 320, 385, 151, 325, 77, 244, 174, 124, 380, 345, 120, 164, 361, 131, 334, 182, 166, 294, 219, 420, 301, 335, 203, 277, 442, 430, 425, 452, 81, 14, 265, 72, 228, 444, 313, 250, 260, 119, 213, 40, 202, 432, 145, 342, 408, 116, 263, 405, 90, 217, 75, 99, 86, 344, 299, 287, 127, 70, 295, 281, 36, 371, 8, 467, 26, 3, 17, 374, 34, 136, 450, 375, 443, 154, 61, 339, 355, 366, 144, 115, 322, 42, 290, 354, 463, 292, 92, 267, 406, 157, 0, 293, 186, 284, 134, 288, 160, 446, 304, 423, 436, 319, 245, 63, 35, 448, 328, 326, 402, 105, 422, 220, 27, 302, 21, 45, 20, 276, 43, 113, 198, 310, 266, 468, 87, 44, 348, 455, 404, 270, 234, 400, 418, 190, 56, 16, 410, 286, 193, 321, 205, 403, 398, 367, 192, 112, 9, 181, 110, 242, 22, 409, 10, 395, 337, 457, 212, 358, 167, 33, 471, 239, 377, 204, 161, 52, 163, 237, 447, 233, 352, 308, 369, 215, 137, 424, 453, 153, 180, 183, 393, 273, 300, 394, 365, 466, 84, 241, 133, 264, 347, 29, 125, 363, 222, 341, 333, 262, 360, 123, 427, 41, 415, 269, 49, 376, 462, 59, 11, 6, 170, 336, 419, 469, 7, 223, 216, 279, 332, 312, 39, 2, 179, 106, 64, 66, 25, 271, 378, 399, 255, 309, 470, 359, 283, 152, 141, 156, 384, 178, 173, 100, 297, 101, 449, 194, 95, 252, 459, 60, 311, 209, 93, 225, 324]
og index list energy: 283857817.0789274
index list: [147, 56, 469, 292, 419, 163, 407, 290, 426, 44, 446, 71, 439, 151, 401, 53, 397, 333, 86, 171, 192, 449, 306, 363, 194, 4, 188, 288, 375, 15, 0, 208, 418, 339, 138, 472, 129, 427, 115, 144, 113, 464, 299, 224, 434, 271, 97, 179, 343, 316, 361, 274, 114, 26, 420, 7, 307, 29, 451, 223, 390, 268, 404, 225, 282, 385, 11, 158, 150, 106, 148, 285, 220, 213, 448, 261, 13, 402, 131, 110, 296, 21, 357, 180, 393, 74, 287, 1, 63, 444, 117, 341, 55, 386, 152, 348, 145, 258, 428, 327, 109, 25, 400, 127, 256, 134, 383, 60, 324, 130, 238, 342, 47, 468, 143, 50, 159, 135, 356, 24, 317, 38, 28, 141, 389, 335, 12, 157, 405, 302, 87, 233, 125, 124, 166, 234, 422, 280, 462, 19, 210, 37, 391, 9, 182, 291, 346, 325, 294, 379, 221, 395, 178, 424, 279, 372, 217, 433, 465, 133, 228, 412, 42, 470, 72, 374, 312, 94, 441, 79, 155, 119, 323, 270, 432, 36, 362, 16, 355, 81, 423, 186, 350, 260, 334, 314, 322, 275, 167, 388, 310, 67, 345, 69, 246, 33, 414, 46, 329, 73, 366, 88, 349, 68, 35, 149, 455, 187, 252, 185, 387, 309, 371, 289, 59, 160, 399, 6, 460, 209, 153, 376, 75, 360, 248, 319, 229, 367, 104, 442, 142, 320, 273, 421, 43, 236, 173, 112, 126, 336, 82, 184, 89, 304, 396, 102, 359, 262, 413, 264, 459, 132, 232, 41, 283, 91, 227, 52, 466, 83, 137, 380, 193, 27, 303, 85, 93, 62, 409, 254, 328, 128, 382, 181, 431, 161, 249, 351, 139, 177, 406, 241, 183, 54, 136, 305, 293, 18, 278, 120, 57, 286, 255, 284, 98, 358, 154, 463, 237, 377, 244, 92, 77, 452, 175, 454, 330, 90, 66, 308, 269, 189, 204, 31, 250, 331, 169, 298, 105, 415, 195, 373, 198, 215, 392, 242, 369, 99, 245, 313, 226, 338, 172, 103, 381, 61, 122, 340, 281, 368, 266, 265, 23, 425, 78, 84, 297, 231, 20, 34, 267, 410, 3, 259, 239, 247, 212, 64, 96, 447, 203, 40, 176, 443, 80, 165, 416, 76, 378, 116, 436, 95, 156, 108, 218, 257, 429, 65, 140, 450, 321, 235, 222, 276, 315, 39, 471, 326, 456, 8, 417, 191, 438, 196, 197, 216, 199, 205, 337, 174, 14, 403, 168, 300, 51, 162, 347, 107, 440, 17, 352, 30, 295, 253, 146, 111, 430, 311, 70, 458, 263, 364, 272, 214, 32, 201, 211, 200, 445, 202, 473, 190, 384, 240, 435, 123, 121, 398, 58, 411, 5, 207, 206, 394, 164, 461, 332, 408, 100, 354, 277, 457, 243, 370, 2, 353, 101, 45, 118, 22, 318, 10, 437, 219, 344, 251, 170, 301, 365, 49, 467, 48, 453, 230]
index list energy: 24503658.18653216
Done


program ended at: 2020-04-06 19:40:17.969024 
 time delta: 9:34:39.628463
