## SLURM PROLOG ###############################################################
##    Job ID : 11945894
##  Job Name : new_and_improved?
##  Nodelist : node1111
##      CPUs : 1
##  Mem/Node : 1024 MB
## Directory : /gpfs/data/nfawzi/skale/Fawzi_pycharm_project
##   Started : Mon Apr  6 13:14:01 EDT 2020
###############################################################################
program started at:2020-04-06 13:14:01.880884
iterations: 72000000 temp: 1000000.0 exponent: 0.9 eif: 300.0
time taken (sec): 49720.13066458702
number of iterations: 72000000
final temperature: 159.26791088519815
og index list: [87, 152, 145, 28, 294, 394, 13, 272, 151, 52, 7, 0, 447, 418, 189, 224, 334, 178, 250, 387, 420, 162, 20, 439, 472, 347, 101, 126, 2, 340, 410, 141, 181, 378, 381, 416, 108, 448, 248, 425, 81, 273, 369, 404, 213, 267, 177, 244, 432, 69, 55, 21, 116, 452, 214, 458, 331, 310, 414, 44, 270, 235, 230, 191, 156, 19, 29, 237, 192, 411, 35, 277, 63, 444, 42, 173, 144, 170, 278, 190, 438, 292, 264, 288, 336, 471, 276, 263, 280, 385, 209, 66, 450, 129, 323, 12, 232, 86, 179, 473, 119, 399, 342, 210, 43, 180, 219, 197, 429, 332, 40, 417, 445, 68, 351, 465, 76, 365, 117, 274, 308, 462, 245, 132, 266, 206, 104, 50, 142, 8, 391, 283, 375, 241, 169, 47, 290, 107, 406, 88, 30, 383, 257, 457, 95, 211, 200, 382, 100, 185, 367, 22, 147, 409, 325, 353, 424, 349, 392, 252, 133, 400, 10, 92, 182, 60, 338, 57, 53, 193, 202, 362, 468, 225, 304, 27, 33, 388, 366, 121, 201, 306, 246, 440, 303, 296, 412, 183, 212, 242, 297, 49, 221, 423, 243, 314, 120, 216, 413, 205, 171, 470, 150, 386, 361, 313, 403, 15, 330, 25, 163, 419, 259, 329, 364, 124, 102, 309, 350, 251, 379, 195, 459, 204, 128, 317, 71, 199, 233, 78, 160, 134, 260, 285, 395, 284, 229, 376, 431, 90, 73, 105, 127, 368, 405, 75, 265, 198, 113, 125, 220, 408, 239, 396, 433, 333, 16, 146, 299, 372, 258, 355, 80, 384, 461, 38, 72, 131, 262, 167, 302, 442, 139, 32, 345, 437, 59, 96, 218, 343, 11, 93, 64, 307, 203, 328, 324, 421, 344, 463, 402, 415, 282, 217, 360, 401, 455, 186, 451, 322, 45, 70, 319, 62, 398, 321, 84, 54, 358, 389, 208, 166, 374, 159, 234, 122, 435, 298, 337, 255, 281, 354, 98, 83, 184, 174, 464, 279, 3, 441, 320, 356, 158, 427, 94, 312, 240, 82, 466, 143, 268, 287, 165, 247, 311, 407, 226, 155, 111, 188, 426, 77, 428, 269, 24, 187, 393, 103, 346, 67, 363, 34, 430, 61, 373, 5, 467, 327, 56, 154, 1, 449, 115, 114, 41, 140, 175, 79, 91, 434, 168, 271, 454, 18, 136, 39, 36, 305, 17, 300, 228, 315, 123, 48, 335, 110, 295, 227, 135, 339, 6, 254, 316, 222, 236, 26, 207, 293, 118, 194, 97, 4, 301, 253, 275, 172, 261, 46, 286, 109, 357, 85, 318, 348, 74, 390, 215, 51, 380, 289, 176, 138, 371, 238, 148, 436, 352, 469, 157, 149, 460, 359, 422, 112, 106, 223, 377, 130, 397, 37, 153, 370, 14, 446, 291, 453, 161, 137, 23, 326, 58, 99, 443, 231, 249, 89, 164, 196, 341, 65, 31, 456, 9, 256]
og index list energy: 245877640.43331236
index list: [366, 138, 363, 55, 388, 112, 247, 130, 238, 284, 142, 390, 226, 282, 306, 236, 15, 11, 137, 295, 106, 269, 255, 71, 443, 72, 207, 427, 314, 383, 45, 192, 413, 253, 68, 404, 172, 263, 110, 26, 167, 12, 158, 317, 73, 349, 7, 102, 315, 47, 453, 49, 394, 94, 407, 117, 288, 316, 82, 410, 281, 230, 461, 176, 420, 259, 322, 143, 79, 374, 84, 469, 91, 66, 452, 35, 397, 168, 396, 219, 209, 28, 347, 107, 445, 18, 87, 379, 264, 433, 229, 400, 105, 425, 96, 350, 260, 455, 127, 128, 155, 334, 129, 85, 456, 77, 403, 274, 385, 147, 224, 357, 98, 44, 386, 227, 100, 256, 203, 136, 111, 447, 156, 86, 39, 278, 24, 467, 261, 185, 257, 239, 212, 435, 120, 123, 412, 313, 441, 321, 166, 364, 103, 50, 401, 208, 459, 70, 57, 428, 273, 442, 272, 393, 276, 376, 165, 454, 125, 179, 472, 144, 124, 63, 174, 115, 372, 181, 391, 22, 118, 19, 327, 33, 262, 215, 360, 291, 436, 74, 352, 186, 373, 101, 160, 415, 277, 355, 222, 134, 27, 218, 81, 331, 59, 162, 3, 457, 119, 0, 365, 61, 450, 328, 75, 210, 199, 149, 201, 302, 438, 51, 426, 231, 121, 214, 30, 369, 164, 465, 132, 305, 223, 419, 336, 198, 37, 204, 46, 325, 246, 294, 343, 178, 418, 54, 451, 4, 250, 242, 402, 20, 377, 243, 184, 333, 346, 254, 448, 13, 362, 58, 159, 29, 382, 267, 324, 2, 408, 171, 286, 53, 287, 378, 76, 354, 217, 258, 399, 189, 93, 228, 405, 109, 153, 297, 5, 303, 249, 191, 411, 6, 387, 280, 342, 187, 298, 89, 126, 60, 468, 190, 300, 157, 108, 21, 323, 14, 252, 197, 34, 40, 341, 135, 177, 356, 48, 437, 299, 154, 464, 339, 244, 370, 225, 434, 304, 237, 431, 163, 353, 114, 389, 90, 424, 65, 319, 220, 241, 1, 430, 292, 470, 131, 301, 409, 88, 466, 64, 213, 78, 380, 285, 23, 429, 67, 384, 290, 381, 69, 414, 175, 330, 36, 235, 10, 446, 195, 202, 194, 351, 196, 348, 270, 283, 326, 422, 56, 462, 152, 371, 146, 344, 182, 151, 183, 279, 265, 25, 359, 95, 423, 180, 345, 310, 232, 271, 440, 193, 32, 375, 188, 460, 320, 42, 240, 395, 332, 97, 80, 335, 113, 340, 216, 8, 416, 205, 458, 31, 406, 133, 92, 145, 245, 309, 392, 307, 221, 449, 41, 361, 161, 17, 358, 139, 150, 52, 233, 329, 83, 367, 289, 170, 268, 308, 141, 318, 296, 293, 122, 234, 368, 275, 471, 104, 421, 173, 38, 266, 439, 99, 140, 148, 473, 16, 248, 444, 9, 463, 311, 206, 200, 338, 312, 211, 398, 116, 251, 337, 62, 432, 169, 417, 43]
index list energy: 29760334.125638895
Done


program ended at: 2020-04-07 03:02:42.384480 
 time delta: 13:48:40.503596
