## SLURM PROLOG ###############################################################
##    Job ID : 11946041
##  Job Name : new_and_improved?
##  Nodelist : node1617
##      CPUs : 1
##  Mem/Node : 1024 MB
## Directory : /gpfs/data/nfawzi/skale/Fawzi_pycharm_project
##   Started : Sun Apr  5 22:55:50 EDT 2020
###############################################################################
program started at:2020-04-05 22:55:52.029619
iterations: 72000000 temp: 1000000.0 exponent: 0.9 eif: 300.0
time taken (sec): 67246.66522717476
number of iterations: 72000000
final temperature: 159.26791088519815
og index list: [11, 146, 413, 333, 241, 313, 308, 356, 244, 4, 447, 264, 157, 467, 243, 117, 330, 261, 126, 42, 449, 43, 236, 339, 232, 182, 20, 111, 251, 168, 445, 178, 358, 89, 275, 374, 134, 421, 185, 420, 332, 7, 289, 382, 376, 5, 40, 326, 131, 409, 230, 391, 136, 302, 49, 110, 395, 38, 96, 184, 213, 35, 219, 109, 235, 342, 431, 30, 132, 92, 174, 396, 316, 462, 472, 385, 166, 16, 217, 250, 152, 27, 1, 108, 50, 53, 390, 347, 307, 116, 268, 429, 470, 389, 271, 130, 211, 361, 343, 372, 463, 294, 189, 419, 387, 129, 200, 321, 188, 239, 411, 238, 150, 207, 386, 123, 180, 443, 418, 438, 93, 457, 257, 328, 430, 24, 448, 119, 451, 74, 160, 360, 469, 460, 192, 424, 201, 97, 204, 458, 13, 381, 324, 221, 436, 427, 303, 338, 248, 86, 76, 352, 212, 198, 398, 471, 190, 28, 164, 102, 61, 278, 309, 155, 94, 318, 320, 175, 296, 401, 145, 383, 176, 276, 247, 337, 304, 365, 280, 388, 158, 335, 300, 354, 88, 36, 317, 384, 73, 466, 397, 375, 305, 70, 0, 267, 425, 393, 468, 428, 98, 113, 266, 246, 454, 442, 144, 72, 100, 322, 368, 65, 218, 25, 148, 353, 54, 287, 283, 440, 473, 215, 262, 293, 22, 6, 452, 415, 377, 319, 277, 437, 444, 349, 34, 147, 379, 118, 101, 226, 105, 292, 298, 229, 417, 346, 290, 15, 263, 9, 331, 29, 91, 172, 315, 181, 329, 282, 3, 128, 169, 392, 142, 125, 426, 95, 256, 370, 288, 373, 10, 306, 210, 234, 450, 48, 286, 402, 194, 224, 122, 453, 233, 208, 51, 68, 37, 406, 135, 17, 141, 186, 197, 80, 433, 23, 464, 127, 314, 112, 252, 162, 403, 405, 404, 357, 456, 149, 153, 82, 71, 312, 364, 269, 366, 106, 187, 336, 137, 39, 83, 183, 274, 60, 225, 179, 161, 281, 441, 434, 265, 90, 378, 33, 154, 121, 362, 340, 461, 31, 259, 260, 325, 199, 55, 63, 408, 351, 206, 414, 77, 344, 120, 45, 299, 139, 380, 270, 193, 291, 32, 84, 59, 104, 66, 21, 400, 44, 249, 115, 195, 67, 345, 423, 173, 159, 399, 446, 231, 435, 163, 170, 297, 363, 205, 359, 439, 295, 209, 369, 371, 279, 240, 143, 156, 311, 310, 47, 255, 41, 151, 253, 459, 56, 140, 341, 432, 114, 85, 410, 323, 167, 18, 177, 26, 69, 348, 416, 222, 138, 81, 242, 273, 245, 334, 107, 301, 284, 227, 285, 75, 52, 124, 165, 237, 422, 258, 355, 8, 228, 57, 327, 412, 12, 62, 214, 465, 14, 350, 254, 203, 87, 171, 223, 103, 133, 99, 58, 196, 367, 78, 2, 202, 19, 407, 79, 191, 220, 394, 216, 46, 272, 64, 455]
og index list energy: 257959715.93736216
index list: [131, 230, 136, 423, 212, 315, 235, 200, 260, 392, 336, 355, 19, 25, 437, 43, 441, 98, 418, 314, 308, 189, 173, 419, 196, 188, 195, 384, 210, 207, 414, 159, 165, 123, 344, 220, 163, 10, 372, 211, 379, 22, 376, 147, 169, 341, 103, 346, 125, 358, 80, 261, 330, 190, 450, 194, 424, 197, 228, 160, 357, 291, 451, 78, 298, 324, 15, 214, 187, 337, 259, 59, 386, 51, 108, 339, 6, 177, 288, 192, 442, 27, 139, 300, 289, 132, 174, 126, 36, 368, 253, 306, 215, 34, 250, 91, 234, 446, 249, 470, 176, 351, 7, 472, 251, 64, 17, 305, 254, 154, 134, 323, 60, 342, 128, 327, 65, 373, 52, 295, 41, 370, 219, 145, 356, 72, 262, 388, 48, 462, 292, 457, 57, 140, 435, 143, 449, 54, 426, 104, 415, 117, 404, 301, 469, 74, 390, 321, 467, 273, 453, 42, 349, 55, 471, 100, 440, 316, 167, 406, 318, 304, 121, 374, 33, 112, 205, 257, 0, 287, 66, 216, 93, 303, 24, 37, 362, 53, 430, 81, 410, 275, 361, 105, 363, 266, 122, 422, 311, 13, 382, 62, 26, 365, 237, 394, 94, 366, 221, 377, 263, 31, 40, 458, 322, 158, 371, 96, 464, 208, 153, 83, 425, 84, 111, 30, 171, 107, 359, 178, 148, 444, 296, 396, 142, 130, 329, 67, 466, 241, 429, 294, 393, 333, 204, 280, 405, 203, 76, 345, 85, 233, 79, 272, 473, 271, 455, 248, 397, 279, 354, 18, 258, 181, 256, 47, 236, 14, 283, 227, 255, 149, 77, 162, 420, 75, 246, 12, 436, 326, 403, 39, 463, 198, 348, 242, 82, 375, 87, 231, 69, 92, 302, 138, 252, 193, 35, 265, 293, 119, 58, 1, 180, 438, 137, 155, 166, 364, 144, 127, 447, 307, 50, 378, 312, 284, 129, 461, 157, 276, 281, 445, 161, 4, 340, 2, 183, 32, 387, 28, 416, 325, 391, 168, 191, 5, 20, 398, 113, 313, 353, 71, 319, 338, 179, 328, 21, 150, 224, 421, 156, 433, 135, 413, 45, 73, 468, 8, 401, 185, 432, 277, 456, 106, 175, 409, 247, 222, 133, 343, 309, 239, 213, 49, 278, 23, 460, 56, 297, 335, 86, 269, 286, 109, 95, 367, 274, 114, 395, 217, 381, 244, 369, 99, 408, 68, 347, 90, 61, 385, 88, 434, 63, 380, 245, 89, 412, 290, 352, 332, 350, 238, 225, 417, 285, 141, 399, 202, 232, 184, 11, 428, 101, 334, 264, 443, 151, 317, 146, 448, 218, 70, 465, 110, 38, 427, 243, 400, 9, 360, 3, 44, 452, 268, 439, 229, 383, 116, 186, 124, 115, 120, 16, 454, 172, 331, 226, 164, 310, 431, 102, 118, 29, 459, 240, 97, 209, 206, 201, 199, 411, 152, 407, 46, 402, 270, 182, 299, 320, 223, 282, 170, 389, 267]
index list energy: 26003322.107923854
Done


program ended at: 2020-04-06 17:36:39.037306 
 time delta: 18:40:47.007687
