## SLURM PROLOG ###############################################################
##    Job ID : 11946012
##  Job Name : new_and_improved?
##  Nodelist : node1322
##      CPUs : 1
##  Mem/Node : 1024 MB
## Directory : /gpfs/data/nfawzi/skale/Fawzi_pycharm_project
##   Started : Sun Apr  5 22:55:52 EDT 2020
###############################################################################
program started at:2020-04-05 22:55:54.019522
iterations: 72000000 temp: 1000000.0 exponent: 0.9 eif: 300.0
time taken (sec): 32049.44779586792
number of iterations: 72000000
final temperature: 159.26791088519815
og index list: [180, 349, 154, 107, 271, 276, 198, 457, 13, 53, 351, 28, 347, 171, 210, 127, 161, 333, 213, 245, 147, 12, 346, 283, 258, 224, 188, 334, 315, 73, 52, 307, 88, 77, 442, 234, 461, 399, 199, 372, 235, 407, 61, 264, 142, 306, 414, 123, 297, 152, 25, 325, 331, 158, 242, 196, 396, 129, 256, 321, 114, 467, 31, 63, 81, 393, 262, 102, 195, 337, 24, 27, 10, 278, 236, 56, 65, 3, 318, 406, 91, 261, 137, 177, 104, 293, 423, 4, 126, 472, 130, 131, 327, 97, 387, 328, 183, 113, 356, 298, 358, 109, 371, 254, 367, 270, 460, 366, 385, 412, 326, 363, 420, 273, 115, 462, 190, 417, 145, 133, 287, 167, 181, 388, 354, 437, 66, 42, 301, 225, 55, 340, 35, 313, 71, 449, 305, 471, 359, 280, 160, 303, 405, 296, 238, 330, 101, 448, 244, 212, 416, 379, 32, 60, 395, 352, 435, 233, 96, 30, 466, 103, 83, 438, 279, 377, 40, 348, 453, 120, 105, 311, 398, 192, 255, 173, 292, 231, 380, 368, 136, 317, 288, 436, 106, 391, 84, 89, 361, 381, 7, 57, 82, 203, 400, 85, 79, 463, 409, 432, 322, 165, 163, 6, 169, 146, 386, 41, 22, 20, 33, 26, 456, 170, 39, 282, 324, 252, 237, 338, 227, 128, 370, 175, 214, 223, 275, 159, 121, 193, 184, 220, 239, 248, 143, 17, 208, 299, 470, 186, 0, 285, 312, 389, 94, 419, 316, 392, 144, 228, 365, 253, 141, 59, 51, 116, 150, 291, 310, 157, 54, 8, 155, 48, 277, 43, 294, 454, 11, 425, 197, 124, 240, 98, 49, 1, 373, 413, 118, 69, 216, 446, 217, 455, 148, 260, 191, 230, 80, 378, 251, 300, 259, 189, 290, 108, 418, 362, 18, 263, 209, 246, 440, 2, 156, 323, 469, 36, 219, 319, 211, 433, 122, 37, 78, 62, 201, 268, 295, 93, 441, 15, 70, 426, 206, 309, 447, 451, 99, 342, 47, 16, 168, 335, 314, 257, 355, 304, 200, 353, 72, 74, 332, 369, 134, 403, 100, 344, 374, 176, 112, 439, 119, 421, 397, 401, 140, 422, 452, 151, 19, 95, 226, 383, 9, 343, 207, 459, 284, 458, 232, 364, 29, 445, 67, 444, 182, 111, 267, 204, 428, 415, 410, 215, 229, 249, 38, 266, 166, 64, 218, 468, 450, 408, 473, 429, 222, 23, 250, 21, 443, 139, 205, 424, 394, 194, 308, 187, 384, 350, 320, 274, 241, 427, 286, 76, 75, 45, 339, 434, 125, 302, 92, 135, 34, 390, 110, 178, 87, 382, 117, 50, 404, 14, 357, 402, 464, 90, 345, 431, 46, 281, 162, 138, 164, 341, 185, 269, 179, 86, 132, 221, 58, 202, 68, 174, 44, 430, 265, 247, 329, 272, 360, 243, 149, 172, 375, 376, 5, 411, 336, 289, 153, 465]
og index list energy: 252515974.68764696
index list: [300, 313, 462, 304, 334, 254, 64, 263, 269, 187, 337, 185, 354, 61, 447, 58, 48, 471, 123, 450, 76, 420, 10, 365, 88, 231, 63, 363, 42, 232, 152, 398, 324, 39, 396, 106, 122, 410, 65, 57, 467, 328, 134, 377, 85, 211, 207, 198, 416, 93, 159, 29, 256, 168, 55, 385, 96, 45, 317, 310, 288, 101, 239, 235, 209, 9, 285, 219, 425, 205, 236, 255, 174, 36, 431, 318, 277, 225, 444, 2, 120, 3, 154, 176, 315, 268, 459, 230, 389, 165, 237, 430, 131, 37, 388, 194, 465, 261, 470, 38, 348, 163, 383, 90, 441, 243, 426, 41, 375, 195, 466, 234, 197, 98, 366, 13, 329, 253, 28, 373, 250, 202, 386, 249, 417, 19, 25, 118, 327, 233, 51, 463, 226, 52, 94, 44, 344, 267, 391, 339, 294, 308, 290, 140, 443, 16, 454, 104, 429, 229, 393, 178, 469, 223, 456, 238, 438, 116, 113, 405, 292, 191, 4, 402, 5, 414, 307, 47, 77, 374, 213, 30, 297, 69, 218, 203, 445, 54, 424, 280, 368, 53, 357, 279, 436, 248, 184, 138, 473, 309, 92, 210, 199, 458, 6, 323, 70, 91, 282, 66, 406, 84, 358, 40, 448, 62, 340, 132, 32, 251, 423, 87, 311, 79, 204, 322, 142, 224, 359, 137, 272, 392, 127, 415, 144, 82, 381, 143, 356, 299, 326, 407, 321, 200, 352, 186, 162, 241, 409, 242, 382, 46, 437, 72, 342, 14, 440, 221, 418, 314, 364, 275, 265, 331, 175, 390, 208, 245, 206, 403, 8, 435, 126, 244, 432, 89, 346, 26, 286, 125, 284, 247, 129, 302, 34, 212, 214, 468, 15, 33, 161, 428, 270, 240, 141, 252, 74, 411, 49, 293, 155, 107, 376, 336, 298, 31, 215, 325, 149, 446, 35, 24, 228, 278, 111, 68, 413, 164, 404, 169, 434, 78, 18, 86, 27, 360, 146, 276, 246, 102, 379, 173, 397, 139, 408, 83, 59, 387, 301, 289, 433, 295, 312, 287, 349, 257, 11, 303, 109, 461, 12, 419, 158, 97, 258, 259, 156, 22, 380, 260, 378, 17, 449, 130, 222, 145, 371, 80, 136, 369, 21, 171, 189, 193, 20, 353, 177, 1, 401, 333, 167, 395, 262, 115, 367, 67, 128, 372, 71, 399, 281, 103, 412, 172, 220, 266, 330, 217, 150, 345, 105, 274, 283, 100, 472, 181, 361, 179, 148, 305, 296, 442, 81, 121, 347, 60, 183, 151, 439, 227, 119, 99, 384, 320, 160, 350, 110, 216, 180, 124, 95, 108, 23, 422, 157, 335, 464, 316, 351, 332, 455, 273, 394, 43, 182, 117, 457, 147, 0, 343, 271, 460, 56, 192, 201, 7, 451, 75, 306, 170, 427, 112, 153, 370, 291, 338, 196, 341, 188, 190, 453, 73, 355, 133, 421, 166, 114, 452, 50, 319, 400, 264, 362, 135]
index list energy: 27962329.876026753
Done


program ended at: 2020-04-06 07:50:03.847303 
 time delta: 8:54:09.827781
