## SLURM PROLOG ###############################################################
##    Job ID : 11946036
##  Job Name : new_and_improved?
##  Nodelist : node1615
##      CPUs : 1
##  Mem/Node : 1024 MB
## Directory : /gpfs/data/nfawzi/skale/Fawzi_pycharm_project
##   Started : Sun Apr  5 22:55:53 EDT 2020
###############################################################################
program started at:2020-04-05 22:55:53.685509
iterations: 72000000 temp: 1000000.0 exponent: 0.9 eif: 300.0
time taken (sec): 67497.52660346031
number of iterations: 72000000
final temperature: 159.26791088519815
og index list: [379, 308, 154, 196, 330, 468, 164, 51, 263, 470, 8, 374, 53, 443, 151, 215, 353, 118, 101, 236, 402, 126, 201, 38, 149, 68, 407, 289, 77, 387, 131, 412, 158, 49, 171, 232, 206, 137, 80, 30, 397, 292, 257, 392, 9, 47, 328, 84, 152, 375, 255, 351, 462, 427, 144, 347, 406, 230, 193, 368, 441, 459, 94, 314, 69, 431, 250, 107, 290, 324, 417, 103, 335, 401, 423, 121, 339, 413, 195, 451, 360, 373, 211, 331, 376, 249, 207, 177, 300, 322, 349, 346, 104, 168, 162, 287, 284, 383, 129, 471, 410, 83, 59, 125, 214, 227, 391, 166, 252, 160, 254, 45, 425, 350, 200, 185, 419, 13, 323, 174, 279, 465, 218, 111, 381, 334, 134, 280, 81, 27, 418, 307, 25, 242, 63, 428, 73, 78, 82, 283, 301, 239, 369, 65, 398, 344, 124, 122, 179, 187, 438, 439, 190, 56, 235, 34, 22, 98, 33, 221, 362, 453, 4, 251, 312, 442, 356, 361, 294, 264, 76, 0, 389, 132, 93, 393, 446, 92, 175, 178, 70, 88, 436, 277, 305, 370, 216, 450, 2, 10, 11, 6, 85, 12, 52, 183, 281, 306, 140, 192, 3, 58, 112, 42, 422, 89, 310, 203, 110, 108, 97, 437, 291, 194, 404, 377, 57, 32, 366, 454, 127, 145, 204, 167, 197, 234, 44, 74, 61, 400, 430, 159, 40, 285, 466, 358, 233, 41, 409, 155, 399, 416, 202, 372, 298, 139, 67, 163, 18, 269, 248, 219, 16, 367, 105, 297, 352, 317, 31, 364, 17, 226, 24, 274, 184, 340, 386, 169, 321, 120, 217, 261, 343, 35, 119, 329, 273, 378, 365, 157, 259, 176, 445, 153, 19, 304, 238, 191, 282, 455, 460, 396, 116, 390, 456, 267, 345, 325, 135, 90, 380, 156, 180, 316, 408, 332, 224, 23, 54, 276, 403, 472, 28, 420, 444, 440, 432, 266, 209, 87, 464, 172, 66, 148, 128, 62, 467, 100, 225, 146, 426, 388, 449, 72, 265, 357, 447, 189, 115, 123, 181, 256, 338, 327, 170, 223, 150, 20, 15, 270, 429, 302, 333, 434, 253, 240, 313, 433, 138, 26, 136, 435, 414, 14, 229, 415, 113, 394, 39, 405, 275, 133, 220, 457, 411, 258, 99, 448, 245, 458, 371, 60, 326, 102, 303, 241, 186, 319, 222, 5, 320, 424, 452, 188, 363, 260, 348, 199, 244, 278, 64, 48, 461, 143, 147, 117, 208, 86, 286, 354, 337, 43, 469, 385, 463, 382, 79, 355, 161, 96, 336, 95, 36, 213, 37, 237, 341, 114, 198, 7, 182, 205, 106, 359, 46, 262, 299, 272, 311, 50, 268, 165, 315, 231, 210, 91, 473, 293, 384, 212, 130, 173, 75, 55, 142, 29, 71, 228, 395, 1, 295, 421, 247, 243, 318, 21, 296, 288, 342, 271, 109, 309, 141, 246]
og index list energy: 284920196.4891129
index list: [200, 208, 403, 211, 442, 206, 451, 253, 205, 371, 31, 288, 174, 198, 429, 43, 370, 62, 386, 197, 448, 77, 159, 38, 393, 180, 334, 306, 226, 387, 332, 417, 233, 125, 124, 143, 108, 79, 455, 229, 218, 181, 274, 311, 131, 257, 97, 15, 122, 358, 93, 104, 329, 12, 390, 190, 118, 160, 290, 45, 471, 275, 406, 327, 126, 310, 425, 212, 184, 76, 236, 107, 373, 63, 365, 3, 178, 468, 264, 438, 119, 405, 262, 203, 176, 243, 418, 18, 435, 100, 342, 331, 44, 404, 164, 82, 469, 49, 384, 130, 284, 50, 346, 157, 78, 369, 292, 376, 28, 177, 239, 182, 35, 343, 238, 69, 424, 251, 397, 296, 204, 336, 423, 20, 201, 199, 466, 304, 281, 444, 67, 375, 247, 65, 91, 170, 202, 186, 37, 354, 325, 294, 459, 98, 428, 58, 360, 309, 421, 61, 379, 52, 276, 283, 173, 341, 113, 149, 377, 111, 323, 23, 168, 413, 29, 447, 142, 68, 227, 80, 289, 215, 59, 456, 191, 5, 420, 240, 409, 268, 378, 16, 353, 110, 120, 151, 319, 291, 112, 152, 396, 99, 270, 464, 101, 217, 465, 301, 419, 154, 357, 248, 452, 4, 394, 267, 364, 147, 324, 7, 86, 129, 351, 185, 256, 261, 92, 158, 450, 17, 322, 127, 144, 57, 317, 139, 155, 133, 352, 146, 345, 320, 42, 399, 106, 171, 41, 361, 156, 94, 430, 109, 175, 145, 410, 277, 445, 39, 398, 71, 359, 302, 297, 105, 380, 103, 1, 449, 266, 244, 472, 333, 150, 207, 194, 385, 13, 347, 21, 75, 367, 73, 402, 224, 228, 246, 116, 412, 222, 269, 316, 287, 278, 313, 470, 254, 193, 335, 74, 286, 231, 187, 462, 32, 440, 237, 422, 121, 72, 437, 87, 265, 260, 431, 172, 96, 214, 426, 10, 401, 8, 461, 90, 392, 179, 344, 299, 321, 348, 163, 223, 414, 221, 416, 55, 355, 19, 408, 25, 153, 443, 161, 232, 225, 407, 48, 167, 463, 273, 362, 242, 460, 272, 34, 14, 436, 259, 293, 473, 318, 46, 427, 66, 216, 6, 258, 24, 391, 27, 134, 415, 135, 60, 298, 166, 148, 350, 230, 81, 140, 389, 141, 83, 457, 123, 307, 89, 338, 11, 368, 26, 263, 388, 22, 339, 300, 245, 271, 458, 36, 382, 196, 411, 188, 189, 280, 136, 234, 114, 252, 219, 453, 210, 337, 255, 312, 303, 326, 64, 95, 366, 2, 349, 249, 433, 165, 183, 192, 330, 235, 328, 30, 132, 439, 85, 209, 47, 400, 220, 213, 434, 241, 295, 138, 383, 117, 356, 279, 56, 308, 88, 467, 54, 381, 314, 454, 70, 315, 169, 432, 102, 374, 53, 446, 33, 372, 115, 128, 395, 137, 441, 9, 340, 250, 195, 282, 40, 363, 84, 285, 51, 162, 305, 0]
index list energy: 27284120.85543251
Done


program ended at: 2020-04-06 17:40:51.584153 
 time delta: 18:44:57.898644
