## SLURM PROLOG ###############################################################
##    Job ID : 11946069
##  Job Name : new_and_improved?
##  Nodelist : node1624
##      CPUs : 1
##  Mem/Node : 1024 MB
## Directory : /gpfs/data/nfawzi/skale/Fawzi_pycharm_project
##   Started : Sun Apr  5 22:55:53 EDT 2020
###############################################################################
program started at:2020-04-05 22:55:54.008037
iterations: 72000000 temp: 1000000.0 exponent: 0.9 eif: 300.0
time taken (sec): 63754.087829351425
number of iterations: 72000000
final temperature: 159.26791088519815
og index list: [404, 183, 156, 267, 196, 14, 12, 415, 191, 273, 2, 334, 446, 395, 100, 463, 150, 381, 53, 298, 426, 45, 275, 440, 205, 457, 349, 86, 179, 225, 259, 284, 217, 272, 418, 106, 410, 233, 347, 66, 104, 222, 399, 287, 57, 430, 29, 50, 240, 340, 151, 305, 92, 214, 248, 354, 437, 335, 6, 338, 351, 297, 255, 144, 112, 435, 37, 193, 68, 292, 145, 250, 326, 388, 123, 447, 33, 35, 220, 3, 97, 126, 41, 469, 4, 44, 184, 9, 24, 251, 21, 27, 285, 11, 467, 178, 359, 78, 120, 443, 107, 289, 400, 34, 25, 390, 368, 373, 385, 200, 204, 386, 99, 22, 43, 422, 372, 329, 230, 83, 318, 110, 82, 236, 5, 361, 302, 226, 59, 96, 370, 80, 323, 49, 187, 171, 445, 413, 394, 303, 424, 362, 72, 472, 360, 419, 108, 207, 192, 62, 93, 113, 101, 337, 269, 371, 389, 342, 414, 124, 317, 313, 336, 247, 105, 369, 438, 433, 160, 330, 143, 185, 237, 36, 252, 125, 127, 441, 266, 47, 387, 115, 198, 262, 363, 341, 293, 209, 46, 208, 122, 189, 232, 434, 270, 118, 141, 40, 261, 63, 319, 436, 77, 30, 162, 229, 454, 425, 65, 421, 75, 448, 168, 131, 378, 355, 148, 161, 291, 23, 95, 407, 111, 177, 412, 223, 300, 294, 312, 416, 19, 316, 10, 402, 348, 231, 449, 249, 280, 173, 408, 54, 89, 74, 149, 1, 121, 423, 331, 213, 308, 81, 451, 169, 87, 114, 263, 396, 471, 459, 38, 344, 352, 333, 42, 172, 137, 442, 32, 238, 48, 365, 7, 311, 295, 157, 219, 28, 152, 278, 170, 215, 159, 296, 286, 301, 203, 128, 15, 136, 165, 391, 379, 310, 282, 211, 279, 94, 58, 464, 31, 76, 383, 465, 393, 199, 206, 155, 218, 429, 181, 119, 274, 321, 277, 345, 69, 216, 239, 18, 64, 134, 224, 84, 182, 431, 453, 242, 309, 91, 163, 79, 133, 324, 377, 158, 61, 350, 375, 328, 466, 186, 245, 346, 55, 461, 268, 304, 117, 102, 458, 420, 139, 405, 142, 176, 450, 417, 427, 439, 452, 51, 327, 98, 210, 8, 180, 109, 462, 256, 392, 60, 197, 52, 473, 332, 460, 138, 146, 356, 85, 190, 264, 384, 398, 455, 140, 235, 456, 281, 374, 234, 306, 20, 116, 428, 265, 382, 367, 243, 271, 357, 444, 67, 167, 71, 88, 221, 147, 380, 26, 322, 227, 154, 258, 358, 129, 174, 164, 409, 202, 0, 339, 166, 283, 276, 257, 299, 397, 228, 212, 103, 290, 364, 135, 411, 470, 175, 253, 194, 188, 16, 314, 406, 353, 254, 260, 241, 244, 307, 315, 195, 201, 325, 246, 73, 403, 376, 343, 320, 70, 130, 401, 366, 56, 17, 432, 288, 153, 468, 132, 90, 39, 13]
og index list energy: 231254488.75024927
index list: [253, 208, 6, 376, 300, 127, 219, 411, 233, 109, 170, 167, 224, 382, 222, 153, 459, 175, 428, 3, 232, 195, 193, 189, 197, 194, 380, 332, 288, 330, 110, 123, 472, 182, 274, 262, 452, 218, 213, 265, 78, 114, 84, 352, 63, 371, 47, 244, 377, 325, 150, 30, 464, 45, 320, 314, 443, 301, 356, 7, 228, 268, 405, 102, 317, 139, 134, 118, 199, 209, 81, 37, 449, 151, 355, 143, 71, 276, 345, 107, 86, 309, 372, 26, 394, 53, 397, 56, 384, 266, 419, 223, 416, 117, 386, 55, 285, 22, 460, 226, 181, 462, 292, 456, 156, 469, 95, 383, 41, 418, 205, 448, 192, 392, 326, 458, 336, 344, 321, 23, 388, 311, 61, 429, 17, 64, 121, 214, 13, 305, 220, 249, 319, 75, 283, 113, 421, 291, 398, 229, 357, 103, 353, 44, 381, 106, 444, 40, 439, 203, 408, 190, 471, 165, 442, 0, 1, 468, 135, 159, 138, 431, 216, 172, 225, 97, 204, 293, 425, 98, 287, 51, 409, 211, 455, 273, 412, 275, 473, 54, 446, 16, 463, 4, 341, 5, 235, 76, 385, 116, 43, 438, 179, 467, 191, 435, 68, 396, 12, 137, 457, 88, 400, 221, 231, 168, 149, 402, 322, 33, 252, 83, 136, 108, 196, 206, 62, 299, 237, 447, 89, 329, 65, 391, 241, 90, 389, 31, 351, 250, 261, 437, 14, 270, 278, 58, 201, 146, 39, 414, 94, 166, 82, 451, 144, 238, 354, 70, 148, 390, 131, 313, 59, 346, 185, 433, 280, 124, 176, 243, 32, 2, 401, 145, 112, 28, 303, 272, 298, 38, 227, 434, 129, 461, 126, 324, 160, 423, 69, 338, 46, 342, 281, 171, 52, 364, 200, 470, 119, 180, 328, 27, 77, 92, 79, 80, 60, 450, 15, 188, 267, 255, 312, 154, 308, 169, 417, 67, 466, 158, 304, 350, 101, 100, 122, 34, 177, 362, 163, 290, 360, 316, 140, 215, 120, 234, 454, 248, 427, 230, 407, 202, 375, 187, 365, 19, 436, 85, 387, 25, 315, 333, 318, 335, 155, 379, 147, 128, 29, 465, 50, 367, 21, 93, 284, 35, 178, 349, 11, 348, 111, 174, 24, 393, 251, 343, 307, 289, 374, 245, 87, 339, 57, 239, 133, 183, 72, 432, 279, 323, 257, 347, 36, 368, 217, 395, 8, 363, 306, 378, 310, 399, 42, 413, 104, 132, 424, 164, 420, 105, 359, 141, 246, 212, 263, 258, 66, 286, 125, 404, 49, 162, 282, 340, 161, 440, 294, 361, 130, 406, 142, 453, 115, 403, 157, 247, 173, 410, 99, 366, 331, 373, 260, 18, 277, 370, 242, 445, 74, 256, 96, 334, 302, 259, 415, 20, 426, 254, 327, 9, 295, 198, 236, 210, 240, 207, 441, 152, 369, 296, 430, 269, 271, 48, 184, 10, 358, 91, 337, 73, 297, 264, 422, 186]
index list energy: 27267245.526009526
Done


program ended at: 2020-04-06 16:38:28.459951 
 time delta: 17:42:34.451914
