## SLURM PROLOG ###############################################################
##    Job ID : 11946001
##  Job Name : new_and_improved?
##  Nodelist : node1117
##      CPUs : 1
##  Mem/Node : 1024 MB
## Directory : /gpfs/data/nfawzi/skale/Fawzi_pycharm_project
##   Started : Sun Apr  5 22:55:51 EDT 2020
###############################################################################
program started at:2020-04-05 22:55:51.330944
iterations: 72000000 temp: 1000000.0 exponent: 0.9 eif: 300.0
time taken (sec): 46825.10878753662
number of iterations: 72000000
final temperature: 159.26791088519815
og index list: [94, 97, 381, 7, 214, 272, 314, 461, 429, 450, 249, 372, 471, 237, 232, 108, 344, 117, 290, 458, 178, 281, 292, 380, 367, 327, 142, 356, 209, 435, 164, 149, 465, 27, 390, 8, 173, 15, 312, 436, 85, 80, 307, 419, 352, 51, 53, 50, 39, 158, 279, 105, 180, 148, 387, 66, 218, 230, 377, 340, 186, 227, 18, 175, 199, 4, 79, 334, 361, 401, 229, 251, 468, 223, 470, 426, 113, 243, 315, 45, 300, 407, 171, 268, 151, 91, 363, 2, 350, 136, 459, 434, 253, 452, 359, 165, 296, 134, 447, 288, 411, 204, 443, 400, 96, 72, 308, 147, 284, 115, 286, 176, 397, 241, 276, 203, 266, 35, 277, 260, 19, 109, 263, 167, 30, 145, 333, 21, 235, 317, 12, 303, 464, 56, 102, 417, 140, 433, 86, 347, 446, 448, 382, 120, 47, 161, 215, 304, 353, 49, 22, 366, 135, 330, 89, 126, 31, 424, 257, 264, 357, 13, 162, 201, 100, 228, 310, 133, 181, 239, 62, 248, 208, 193, 247, 196, 121, 55, 309, 430, 187, 437, 46, 114, 65, 299, 34, 28, 246, 431, 322, 82, 351, 270, 26, 354, 405, 341, 160, 6, 238, 298, 221, 455, 439, 388, 119, 174, 81, 449, 386, 313, 373, 157, 324, 287, 462, 185, 44, 154, 370, 170, 442, 275, 364, 210, 409, 375, 141, 60, 111, 58, 225, 379, 77, 116, 188, 217, 425, 169, 129, 69, 0, 98, 283, 394, 63, 389, 124, 166, 122, 280, 432, 67, 20, 451, 316, 346, 460, 40, 319, 371, 183, 112, 163, 456, 445, 259, 369, 360, 216, 418, 70, 258, 302, 155, 220, 358, 143, 331, 320, 54, 17, 93, 144, 68, 190, 33, 441, 130, 240, 153, 222, 194, 127, 250, 37, 453, 383, 325, 261, 150, 326, 1, 42, 36, 200, 396, 385, 195, 131, 138, 207, 289, 11, 219, 99, 197, 329, 472, 297, 78, 444, 152, 242, 212, 271, 74, 410, 168, 101, 301, 274, 84, 414, 132, 282, 255, 265, 104, 43, 384, 156, 463, 376, 457, 256, 52, 125, 391, 61, 374, 473, 262, 267, 408, 306, 172, 454, 24, 339, 244, 311, 427, 305, 355, 29, 440, 198, 349, 415, 23, 9, 273, 323, 71, 399, 423, 226, 291, 10, 421, 285, 469, 3, 177, 213, 332, 224, 252, 107, 466, 206, 294, 402, 393, 25, 348, 245, 159, 73, 318, 192, 338, 269, 293, 205, 123, 83, 137, 343, 87, 106, 422, 254, 335, 337, 57, 38, 184, 416, 103, 75, 59, 395, 233, 88, 139, 179, 128, 32, 90, 5, 146, 412, 362, 392, 345, 48, 403, 398, 92, 234, 191, 321, 41, 76, 211, 467, 404, 378, 438, 236, 328, 420, 342, 428, 182, 189, 64, 110, 202, 406, 95, 365, 231, 16, 336, 295, 278, 368, 118, 413, 14]
og index list energy: 219281163.107623
index list: [381, 16, 167, 378, 55, 370, 67, 449, 90, 100, 450, 8, 204, 187, 387, 58, 184, 292, 232, 182, 80, 101, 396, 306, 377, 7, 46, 360, 110, 23, 256, 142, 170, 373, 109, 363, 281, 414, 50, 457, 134, 456, 125, 118, 143, 130, 405, 241, 432, 14, 382, 325, 183, 335, 276, 427, 206, 364, 197, 190, 196, 208, 346, 257, 461, 242, 440, 28, 177, 337, 291, 374, 158, 174, 285, 115, 133, 394, 320, 263, 35, 420, 253, 99, 423, 267, 209, 313, 51, 422, 309, 92, 63, 458, 223, 357, 224, 73, 395, 198, 246, 216, 31, 342, 25, 390, 153, 270, 404, 152, 1, 222, 0, 460, 138, 111, 239, 220, 27, 79, 201, 318, 2, 376, 75, 171, 193, 20, 235, 188, 98, 329, 321, 315, 333, 406, 112, 132, 305, 141, 331, 301, 403, 176, 408, 74, 361, 211, 210, 199, 194, 5, 367, 32, 338, 6, 15, 123, 368, 52, 244, 397, 88, 462, 105, 83, 385, 249, 214, 259, 308, 251, 286, 410, 22, 150, 470, 87, 340, 175, 409, 268, 398, 332, 448, 104, 172, 56, 155, 350, 233, 128, 72, 344, 40, 446, 202, 255, 311, 151, 345, 81, 353, 126, 139, 383, 212, 38, 300, 59, 358, 289, 379, 84, 287, 265, 269, 119, 365, 316, 324, 262, 454, 131, 339, 261, 140, 273, 429, 4, 431, 195, 430, 9, 469, 275, 191, 421, 85, 124, 166, 207, 415, 93, 144, 162, 82, 417, 127, 114, 317, 240, 94, 433, 157, 407, 280, 435, 180, 418, 149, 122, 24, 108, 296, 148, 215, 293, 97, 322, 192, 34, 68, 76, 447, 102, 451, 250, 33, 366, 229, 299, 12, 18, 258, 465, 106, 459, 181, 319, 254, 185, 424, 66, 466, 168, 200, 252, 213, 341, 47, 463, 3, 44, 234, 425, 243, 386, 39, 228, 237, 464, 274, 11, 359, 189, 419, 36, 388, 277, 343, 173, 135, 445, 121, 399, 146, 372, 116, 236, 165, 328, 45, 78, 282, 26, 30, 86, 129, 69, 227, 278, 48, 303, 77, 284, 95, 356, 61, 13, 443, 19, 426, 327, 247, 64, 330, 218, 21, 412, 307, 62, 29, 392, 295, 113, 453, 230, 439, 312, 401, 42, 314, 402, 71, 455, 57, 471, 137, 384, 107, 297, 10, 434, 302, 231, 336, 411, 205, 444, 219, 279, 467, 248, 371, 43, 400, 117, 438, 304, 437, 103, 355, 310, 442, 238, 326, 298, 217, 283, 260, 473, 65, 352, 91, 375, 147, 145, 472, 169, 369, 41, 441, 226, 245, 294, 416, 266, 348, 272, 354, 225, 468, 54, 349, 70, 393, 163, 60, 428, 164, 391, 53, 380, 96, 323, 179, 362, 154, 161, 17, 120, 186, 334, 160, 271, 436, 203, 136, 264, 37, 288, 452, 178, 413, 290, 389, 156, 221, 351, 49, 347, 159, 89]
index list energy: 27792956.474679094
Done


program ended at: 2020-04-06 11:56:16.817628 
 time delta: 13:00:25.486684
