## SLURM PROLOG ###############################################################
##    Job ID : 12006056
##  Job Name : new_and_improved?
##  Nodelist : node1111
##      CPUs : 1
##  Mem/Node : 1024 MB
## Directory : /gpfs/data/nfawzi/skale/Fawzi_pycharm_project
##   Started : Mon Apr  6 13:06:55 EDT 2020
###############################################################################
program started at:2020-04-06 13:06:56.043959
iterations: 72000000 temp: 1000000.0 exponent: 0.9 eif: 300.0
time taken (sec): 49123.07625555992
number of iterations: 72000000
final temperature: 159.26791088519815
og index list: [222, 301, 395, 12, 394, 269, 205, 255, 45, 139, 111, 102, 237, 203, 385, 6, 471, 339, 121, 114, 73, 107, 182, 282, 441, 280, 353, 402, 366, 463, 454, 451, 330, 144, 26, 253, 469, 117, 75, 213, 13, 310, 23, 18, 278, 288, 444, 382, 305, 325, 462, 15, 66, 27, 368, 191, 198, 188, 30, 148, 302, 387, 408, 473, 131, 137, 79, 143, 398, 309, 346, 56, 245, 275, 176, 314, 68, 153, 406, 399, 189, 261, 293, 241, 217, 162, 8, 207, 159, 48, 424, 391, 236, 64, 257, 401, 214, 285, 141, 63, 44, 95, 268, 250, 276, 419, 433, 140, 409, 319, 84, 416, 414, 425, 183, 291, 290, 437, 169, 32, 371, 193, 390, 379, 357, 125, 328, 274, 442, 204, 332, 321, 57, 386, 14, 264, 101, 184, 130, 308, 367, 438, 260, 87, 432, 3, 129, 348, 338, 212, 210, 431, 135, 396, 436, 400, 108, 327, 10, 35, 46, 307, 334, 164, 4, 196, 361, 287, 258, 239, 281, 262, 146, 86, 232, 458, 168, 326, 370, 52, 109, 311, 112, 186, 192, 158, 240, 299, 231, 427, 179, 422, 91, 17, 110, 200, 388, 247, 324, 171, 120, 25, 412, 464, 453, 377, 248, 21, 138, 415, 392, 364, 65, 457, 244, 369, 354, 303, 151, 337, 407, 170, 31, 29, 378, 28, 380, 421, 389, 435, 289, 323, 194, 352, 423, 209, 397, 365, 267, 100, 154, 92, 53, 381, 38, 254, 266, 163, 88, 298, 55, 49, 187, 83, 455, 313, 43, 119, 318, 177, 256, 300, 277, 373, 374, 224, 190, 219, 51, 82, 161, 345, 393, 359, 202, 249, 375, 384, 89, 234, 443, 270, 220, 40, 246, 122, 271, 47, 320, 41, 230, 142, 362, 335, 344, 465, 265, 363, 58, 94, 24, 411, 206, 96, 7, 358, 160, 54, 118, 62, 263, 440, 136, 150, 33, 81, 1, 403, 418, 74, 115, 459, 226, 296, 133, 349, 218, 413, 77, 93, 127, 173, 61, 450, 67, 356, 20, 5, 223, 445, 449, 195, 215, 149, 22, 372, 259, 452, 251, 439, 216, 279, 383, 99, 252, 172, 466, 238, 376, 472, 167, 430, 181, 448, 98, 420, 166, 447, 229, 243, 434, 343, 123, 180, 295, 306, 165, 317, 37, 16, 242, 340, 152, 405, 227, 417, 105, 347, 178, 355, 331, 59, 446, 235, 36, 11, 199, 456, 294, 404, 197, 460, 145, 286, 0, 410, 225, 429, 284, 342, 174, 70, 272, 304, 208, 50, 201, 80, 147, 132, 157, 316, 228, 2, 175, 470, 85, 426, 329, 113, 341, 211, 134, 124, 350, 116, 104, 336, 185, 19, 103, 78, 221, 467, 71, 76, 360, 233, 273, 461, 428, 351, 283, 97, 297, 322, 69, 34, 90, 315, 468, 156, 126, 60, 312, 128, 9, 72, 155, 106, 333, 42, 39, 292]
og index list energy: 229400576.2130147
index list: [212, 287, 452, 154, 370, 91, 167, 332, 426, 8, 204, 176, 353, 12, 417, 56, 445, 146, 265, 75, 149, 456, 129, 108, 113, 107, 459, 261, 100, 437, 203, 249, 449, 336, 301, 349, 23, 400, 98, 155, 51, 305, 324, 94, 316, 457, 89, 453, 57, 399, 76, 361, 245, 190, 396, 19, 455, 206, 199, 200, 414, 267, 463, 59, 162, 338, 72, 303, 322, 213, 258, 66, 209, 139, 126, 60, 354, 102, 461, 180, 431, 135, 342, 197, 208, 236, 188, 132, 433, 277, 357, 42, 365, 117, 384, 248, 394, 152, 363, 52, 86, 90, 269, 231, 328, 174, 95, 99, 246, 38, 272, 346, 161, 183, 182, 11, 473, 262, 410, 69, 295, 292, 378, 192, 402, 142, 145, 430, 63, 88, 407, 309, 128, 170, 385, 67, 442, 54, 150, 446, 123, 369, 307, 112, 327, 58, 390, 320, 260, 404, 270, 424, 273, 266, 87, 233, 125, 356, 250, 259, 147, 184, 6, 398, 93, 447, 158, 297, 242, 289, 1, 120, 318, 10, 472, 293, 386, 275, 435, 268, 395, 160, 348, 156, 276, 244, 376, 230, 351, 105, 382, 254, 137, 218, 84, 78, 300, 284, 15, 207, 5, 35, 359, 225, 345, 20, 118, 9, 372, 286, 468, 185, 134, 278, 227, 311, 255, 220, 321, 131, 313, 371, 81, 425, 164, 82, 350, 172, 217, 97, 80, 103, 373, 7, 420, 138, 223, 465, 119, 31, 195, 32, 317, 216, 61, 239, 166, 470, 55, 368, 143, 409, 109, 68, 429, 253, 18, 393, 157, 471, 335, 308, 24, 323, 21, 374, 215, 37, 466, 271, 355, 189, 340, 243, 193, 64, 116, 171, 46, 251, 448, 302, 159, 240, 434, 219, 288, 30, 0, 106, 53, 377, 83, 358, 191, 4, 247, 2, 325, 198, 110, 264, 39, 427, 333, 256, 202, 362, 211, 383, 196, 388, 3, 460, 181, 234, 122, 360, 114, 392, 312, 237, 405, 17, 252, 177, 337, 194, 235, 326, 304, 329, 229, 344, 33, 428, 29, 366, 210, 408, 104, 444, 25, 387, 65, 140, 85, 438, 169, 397, 50, 364, 22, 214, 45, 28, 285, 205, 36, 201, 40, 443, 141, 451, 136, 163, 418, 291, 467, 306, 367, 339, 130, 315, 310, 432, 71, 462, 226, 334, 151, 411, 263, 375, 77, 92, 44, 26, 403, 13, 391, 168, 419, 294, 406, 280, 379, 173, 238, 124, 70, 343, 299, 62, 101, 279, 454, 257, 283, 187, 352, 27, 440, 133, 389, 79, 464, 144, 381, 127, 347, 47, 96, 34, 296, 111, 14, 298, 274, 436, 121, 228, 331, 153, 421, 330, 165, 341, 43, 412, 73, 441, 16, 415, 115, 175, 469, 41, 458, 314, 282, 450, 186, 401, 74, 232, 222, 224, 439, 179, 422, 290, 380, 221, 319, 48, 241, 413, 49, 423, 281, 416, 178, 148]
index list energy: 27454458.97154155
Done


program ended at: 2020-04-07 02:45:39.496864 
 time delta: 13:38:43.452905
