## SLURM PROLOG ###############################################################
##    Job ID : 11945970
##  Job Name : new_and_improved?
##  Nodelist : node1144
##      CPUs : 1
##  Mem/Node : 1024 MB
## Directory : /gpfs/data/nfawzi/skale/Fawzi_pycharm_project
##   Started : Sun Apr  5 22:55:41 EDT 2020
###############################################################################
program started at:2020-04-05 22:55:44.850583
iterations: 72000000 temp: 1000000.0 exponent: 0.9 eif: 300.0
time taken (sec): 49844.218759059906
number of iterations: 72000000
final temperature: 159.26791088519815
og index list: [333, 467, 174, 210, 132, 223, 148, 109, 461, 453, 80, 447, 76, 28, 301, 180, 85, 367, 128, 427, 420, 254, 92, 389, 190, 383, 16, 403, 44, 446, 391, 282, 466, 96, 17, 126, 361, 338, 393, 303, 412, 74, 473, 141, 182, 6, 72, 46, 138, 152, 294, 83, 137, 455, 25, 370, 42, 384, 421, 229, 260, 23, 168, 344, 390, 250, 332, 104, 162, 236, 32, 408, 172, 130, 10, 340, 52, 304, 217, 169, 257, 402, 33, 364, 276, 258, 274, 357, 439, 325, 264, 386, 204, 237, 191, 326, 409, 368, 13, 469, 251, 243, 163, 70, 339, 102, 351, 425, 147, 54, 78, 348, 181, 457, 424, 165, 11, 30, 298, 50, 170, 127, 31, 270, 459, 124, 45, 187, 456, 1, 24, 20, 38, 287, 158, 55, 77, 263, 108, 209, 440, 295, 112, 279, 18, 208, 272, 261, 184, 255, 101, 438, 319, 93, 196, 87, 401, 86, 115, 185, 114, 117, 318, 121, 241, 82, 97, 213, 129, 341, 266, 406, 205, 212, 385, 14, 392, 167, 179, 238, 296, 259, 0, 71, 372, 394, 220, 111, 458, 240, 354, 450, 360, 342, 293, 262, 79, 146, 442, 149, 337, 322, 73, 171, 140, 429, 299, 379, 252, 435, 221, 94, 197, 202, 426, 369, 206, 353, 358, 265, 416, 131, 352, 314, 430, 462, 103, 176, 106, 228, 63, 215, 207, 437, 188, 60, 366, 242, 67, 297, 75, 7, 321, 232, 156, 468, 271, 95, 120, 400, 227, 328, 307, 224, 444, 177, 12, 308, 166, 3, 189, 460, 69, 173, 302, 441, 5, 396, 335, 329, 365, 64, 275, 378, 231, 153, 199, 249, 29, 136, 433, 26, 381, 145, 40, 81, 125, 116, 267, 284, 316, 35, 359, 107, 200, 178, 278, 327, 428, 362, 195, 89, 91, 192, 9, 398, 315, 380, 151, 244, 405, 235, 320, 407, 159, 214, 62, 8, 273, 218, 134, 311, 387, 216, 411, 309, 160, 100, 2, 194, 234, 39, 201, 323, 343, 56, 47, 305, 356, 346, 470, 144, 289, 382, 164, 288, 226, 22, 404, 133, 283, 19, 448, 464, 373, 349, 37, 15, 418, 88, 375, 61, 472, 99, 434, 413, 290, 65, 371, 58, 300, 432, 395, 454, 253, 445, 203, 310, 157, 36, 280, 245, 285, 350, 155, 363, 118, 122, 219, 277, 334, 186, 211, 41, 431, 59, 415, 347, 451, 324, 377, 436, 336, 222, 142, 49, 230, 397, 317, 452, 268, 161, 66, 119, 183, 312, 286, 330, 465, 34, 21, 246, 135, 154, 90, 57, 48, 292, 374, 419, 198, 449, 4, 313, 388, 53, 410, 143, 113, 291, 239, 256, 269, 414, 110, 233, 225, 417, 247, 43, 150, 123, 463, 471, 399, 51, 345, 139, 105, 98, 422, 355, 27, 423, 175, 306, 443, 331, 281, 248, 193, 376, 84, 68]
og index list energy: 253785733.3067683
index list: [220, 208, 152, 380, 96, 383, 314, 338, 179, 282, 319, 347, 151, 388, 104, 243, 445, 44, 434, 105, 81, 409, 27, 396, 18, 261, 375, 173, 470, 47, 102, 381, 38, 288, 52, 371, 25, 458, 231, 182, 149, 413, 330, 335, 469, 28, 298, 30, 140, 374, 101, 160, 227, 299, 262, 466, 194, 440, 12, 303, 21, 0, 443, 168, 362, 293, 126, 217, 239, 244, 240, 46, 450, 32, 34, 51, 437, 270, 420, 79, 315, 59, 329, 40, 461, 56, 364, 16, 457, 306, 290, 382, 67, 446, 128, 170, 456, 11, 345, 318, 7, 111, 367, 310, 162, 92, 94, 82, 57, 455, 147, 296, 215, 402, 242, 204, 10, 358, 135, 300, 439, 48, 385, 316, 414, 223, 377, 285, 331, 257, 80, 311, 274, 366, 93, 423, 131, 153, 356, 229, 341, 95, 379, 254, 393, 138, 473, 184, 277, 361, 42, 431, 332, 154, 387, 114, 344, 133, 447, 226, 112, 175, 350, 224, 245, 279, 459, 33, 252, 247, 123, 272, 155, 106, 84, 211, 442, 53, 353, 275, 398, 268, 432, 312, 198, 305, 336, 58, 463, 176, 428, 164, 334, 177, 390, 188, 156, 454, 45, 157, 397, 237, 416, 255, 89, 180, 265, 213, 284, 286, 193, 212, 289, 422, 267, 189, 392, 199, 424, 165, 148, 415, 238, 61, 349, 88, 370, 185, 108, 281, 19, 449, 4, 465, 2, 448, 73, 452, 169, 20, 400, 6, 401, 15, 346, 75, 421, 115, 351, 320, 294, 230, 451, 263, 453, 71, 236, 139, 360, 134, 328, 60, 365, 129, 233, 109, 191, 5, 278, 35, 171, 91, 297, 22, 339, 66, 425, 68, 258, 205, 368, 248, 201, 324, 210, 37, 214, 337, 219, 323, 69, 359, 158, 118, 196, 394, 36, 436, 197, 190, 373, 253, 250, 260, 271, 430, 23, 234, 342, 90, 343, 142, 395, 172, 251, 276, 348, 325, 232, 161, 384, 195, 207, 200, 209, 178, 97, 121, 472, 313, 467, 77, 41, 429, 85, 433, 29, 183, 78, 132, 256, 8, 174, 302, 283, 192, 340, 72, 355, 181, 146, 122, 17, 218, 166, 125, 87, 471, 127, 407, 63, 308, 137, 357, 116, 65, 327, 291, 417, 266, 292, 386, 39, 427, 103, 399, 333, 70, 246, 113, 24, 435, 259, 228, 326, 167, 438, 130, 120, 55, 468, 3, 404, 9, 406, 43, 419, 206, 249, 460, 203, 301, 99, 462, 225, 389, 295, 100, 391, 187, 464, 62, 403, 31, 317, 64, 107, 110, 269, 83, 287, 144, 124, 145, 50, 86, 117, 321, 426, 76, 378, 241, 411, 186, 408, 143, 363, 141, 1, 49, 405, 309, 235, 98, 410, 221, 352, 264, 369, 163, 273, 444, 280, 372, 74, 304, 418, 26, 222, 159, 13, 441, 136, 412, 202, 216, 307, 322, 14, 376, 119, 150, 354, 54]
index list energy: 28123533.046546217
Done


program ended at: 2020-04-06 12:46:29.438445 
 time delta: 13:50:44.587862
