## SLURM PROLOG ###############################################################
##    Job ID : 11945922
##  Job Name : new_and_improved?
##  Nodelist : node1627
##      CPUs : 1
##  Mem/Node : 1024 MB
## Directory : /gpfs/data/nfawzi/skale/Fawzi_pycharm_project
##   Started : Sun Apr  5 22:55:10 EDT 2020
###############################################################################
program started at:2020-04-05 22:55:16.275127
iterations: 72000000 temp: 1000000.0 exponent: 0.9 eif: 300.0
time taken (sec): 44529.78029584885
number of iterations: 72000000
final temperature: 159.26791088519815
og index list: [287, 415, 392, 342, 391, 262, 84, 311, 33, 271, 54, 304, 280, 254, 31, 76, 440, 341, 397, 295, 7, 66, 388, 92, 30, 294, 117, 220, 231, 32, 366, 232, 242, 306, 429, 296, 434, 133, 152, 450, 199, 431, 331, 97, 433, 435, 332, 191, 449, 309, 78, 229, 473, 233, 354, 14, 159, 95, 115, 126, 443, 441, 414, 307, 170, 8, 245, 365, 200, 277, 11, 38, 266, 379, 49, 454, 60, 137, 466, 298, 269, 274, 148, 51, 387, 203, 23, 93, 272, 168, 447, 103, 91, 157, 154, 179, 167, 452, 214, 401, 409, 208, 411, 273, 377, 451, 74, 192, 442, 372, 48, 259, 37, 160, 136, 290, 44, 87, 279, 35, 456, 142, 282, 230, 57, 145, 427, 58, 150, 83, 188, 171, 421, 362, 463, 79, 461, 177, 102, 408, 134, 222, 436, 394, 20, 288, 317, 121, 389, 218, 439, 24, 221, 112, 404, 338, 346, 320, 419, 390, 263, 471, 122, 46, 183, 22, 36, 244, 369, 438, 370, 313, 343, 119, 334, 315, 16, 0, 425, 85, 141, 64, 52, 114, 467, 138, 284, 17, 69, 129, 143, 219, 12, 384, 182, 249, 174, 248, 437, 333, 395, 289, 470, 314, 364, 247, 469, 381, 120, 356, 18, 86, 25, 75, 301, 111, 368, 417, 198, 132, 460, 41, 418, 194, 374, 193, 9, 140, 360, 276, 407, 410, 350, 253, 27, 101, 173, 251, 123, 180, 227, 63, 185, 303, 45, 135, 286, 413, 88, 258, 322, 283, 292, 106, 19, 94, 224, 446, 299, 243, 396, 329, 422, 73, 62, 278, 376, 398, 166, 326, 144, 239, 252, 40, 402, 128, 163, 71, 234, 246, 321, 28, 56, 319, 196, 104, 43, 339, 351, 240, 256, 130, 291, 131, 406, 465, 161, 155, 223, 348, 337, 424, 108, 81, 420, 50, 216, 432, 169, 323, 110, 330, 187, 270, 336, 382, 344, 204, 318, 201, 1, 275, 158, 385, 281, 472, 375, 464, 77, 238, 268, 355, 184, 186, 349, 105, 6, 125, 345, 264, 405, 5, 430, 10, 26, 181, 202, 90, 4, 21, 39, 457, 172, 225, 340, 453, 428, 15, 444, 403, 297, 380, 146, 68, 165, 386, 42, 308, 147, 255, 383, 459, 412, 257, 468, 373, 89, 399, 164, 156, 61, 151, 13, 211, 215, 99, 327, 300, 250, 423, 3, 53, 260, 328, 205, 241, 2, 118, 378, 347, 175, 207, 197, 178, 359, 352, 400, 210, 189, 458, 293, 325, 162, 98, 212, 47, 416, 426, 236, 316, 393, 139, 176, 462, 206, 217, 335, 324, 302, 312, 305, 455, 59, 29, 72, 265, 195, 34, 82, 113, 228, 367, 226, 363, 445, 310, 100, 353, 361, 267, 235, 55, 209, 357, 153, 190, 448, 96, 237, 116, 70, 124, 285, 107, 261, 371, 358, 109, 149, 127, 65, 213, 80, 67]
og index list energy: 228680506.73767665
index list: [120, 235, 101, 449, 274, 401, 257, 150, 308, 311, 192, 435, 253, 251, 6, 73, 396, 174, 146, 348, 64, 13, 469, 46, 29, 408, 36, 370, 31, 420, 19, 397, 206, 459, 91, 337, 328, 90, 9, 388, 171, 272, 454, 249, 360, 292, 295, 164, 380, 121, 455, 203, 12, 204, 196, 194, 404, 28, 416, 205, 458, 43, 461, 136, 393, 85, 244, 207, 428, 132, 236, 79, 315, 107, 250, 335, 183, 261, 232, 45, 156, 389, 200, 30, 300, 230, 463, 58, 432, 61, 383, 48, 407, 321, 347, 285, 112, 325, 188, 394, 187, 234, 198, 466, 336, 297, 14, 445, 84, 269, 225, 239, 89, 392, 316, 378, 159, 163, 464, 26, 359, 23, 168, 122, 379, 172, 144, 94, 426, 309, 83, 444, 57, 402, 137, 429, 71, 87, 345, 266, 182, 294, 453, 103, 386, 74, 367, 105, 438, 55, 460, 49, 457, 67, 306, 340, 22, 354, 314, 298, 165, 215, 437, 263, 405, 8, 450, 217, 390, 216, 111, 208, 52, 423, 318, 10, 427, 243, 376, 54, 430, 291, 406, 229, 299, 271, 412, 313, 424, 270, 447, 327, 219, 33, 184, 189, 385, 95, 433, 221, 288, 106, 341, 27, 287, 68, 422, 113, 110, 11, 373, 259, 167, 1, 92, 154, 97, 59, 440, 175, 18, 414, 248, 349, 332, 177, 472, 209, 190, 197, 210, 199, 395, 131, 324, 268, 252, 98, 81, 127, 342, 304, 441, 247, 15, 40, 425, 66, 93, 346, 307, 119, 377, 333, 368, 224, 446, 143, 421, 226, 152, 278, 286, 53, 338, 63, 214, 24, 456, 302, 78, 465, 322, 62, 34, 69, 158, 381, 51, 365, 76, 284, 116, 280, 246, 293, 37, 409, 149, 0, 366, 240, 283, 254, 289, 228, 99, 241, 60, 255, 134, 47, 334, 139, 145, 451, 312, 470, 3, 364, 44, 384, 4, 191, 20, 358, 211, 374, 195, 201, 301, 417, 72, 176, 323, 267, 415, 290, 452, 153, 410, 262, 222, 185, 467, 32, 296, 361, 5, 468, 96, 193, 202, 471, 330, 166, 371, 212, 242, 399, 129, 155, 391, 125, 281, 118, 77, 473, 279, 448, 17, 343, 25, 276, 398, 339, 142, 56, 124, 88, 231, 147, 161, 170, 413, 310, 317, 123, 320, 42, 403, 130, 303, 21, 258, 218, 35, 352, 277, 439, 326, 372, 41, 305, 141, 2, 265, 151, 75, 462, 102, 442, 38, 114, 80, 180, 108, 264, 329, 65, 128, 351, 133, 245, 50, 387, 213, 431, 109, 375, 39, 319, 157, 350, 237, 86, 117, 362, 173, 357, 115, 238, 419, 186, 169, 400, 331, 220, 16, 434, 135, 140, 138, 356, 181, 436, 7, 256, 160, 70, 443, 178, 148, 369, 227, 411, 100, 418, 179, 282, 353, 233, 126, 260, 82, 363, 104, 162, 382, 223, 344, 273, 355, 275]
index list energy: 29330196.540468104
Done


program ended at: 2020-04-06 11:17:26.418062 
 time delta: 12:22:10.142935
