## SLURM PROLOG ###############################################################
##    Job ID : 11983998
##  Job Name : new_and_improved?
##  Nodelist : node1117
##      CPUs : 1
##  Mem/Node : 1024 MB
## Directory : /gpfs/data/nfawzi/skale/Fawzi_pycharm_project
##   Started : Mon Apr  6 07:33:37 EDT 2020
###############################################################################
program started at:2020-04-06 07:33:39.629894
iterations: 72000000 temp: 1000000.0 exponent: 0.9 eif: 300.0
time taken (sec): 47443.09876060486
number of iterations: 72000000
final temperature: 159.26791088519815
og index list: [125, 248, 309, 363, 428, 203, 215, 175, 93, 434, 433, 30, 378, 407, 134, 427, 267, 149, 151, 366, 445, 279, 382, 182, 459, 419, 325, 307, 308, 193, 100, 429, 22, 229, 358, 349, 401, 244, 398, 153, 62, 112, 408, 126, 400, 456, 24, 150, 99, 340, 417, 380, 376, 329, 293, 461, 187, 45, 54, 69, 184, 64, 272, 167, 439, 163, 370, 25, 101, 117, 171, 135, 355, 111, 312, 147, 435, 348, 224, 131, 82, 473, 145, 319, 269, 72, 231, 324, 178, 301, 37, 350, 469, 225, 123, 318, 369, 213, 19, 164, 389, 197, 41, 143, 137, 144, 35, 379, 195, 432, 85, 331, 221, 292, 209, 360, 161, 105, 109, 264, 406, 463, 430, 169, 440, 311, 394, 278, 70, 201, 230, 303, 114, 104, 448, 34, 335, 277, 420, 206, 252, 234, 336, 266, 199, 219, 7, 317, 217, 148, 50, 113, 124, 185, 426, 351, 55, 416, 452, 241, 321, 410, 364, 220, 48, 95, 462, 255, 236, 270, 239, 300, 431, 20, 250, 179, 362, 405, 67, 155, 132, 347, 84, 253, 47, 152, 273, 91, 438, 387, 352, 275, 374, 467, 174, 63, 180, 343, 8, 80, 23, 354, 21, 256, 232, 291, 44, 49, 56, 235, 170, 468, 26, 18, 365, 212, 280, 57, 260, 254, 320, 316, 166, 76, 313, 449, 92, 345, 186, 247, 393, 257, 141, 450, 436, 16, 395, 12, 446, 140, 443, 87, 121, 71, 258, 58, 415, 285, 327, 383, 81, 441, 339, 297, 61, 129, 314, 96, 465, 328, 402, 330, 290, 210, 458, 338, 399, 413, 262, 102, 326, 119, 0, 32, 156, 36, 424, 423, 346, 176, 472, 142, 238, 165, 158, 298, 138, 418, 130, 98, 391, 94, 471, 196, 115, 282, 74, 233, 162, 388, 281, 68, 227, 4, 216, 455, 51, 412, 191, 60, 218, 46, 464, 322, 103, 286, 404, 284, 173, 9, 392, 359, 33, 107, 120, 78, 200, 73, 177, 375, 373, 29, 422, 261, 344, 52, 353, 271, 106, 168, 53, 43, 242, 38, 39, 460, 172, 3, 89, 447, 295, 190, 289, 296, 367, 79, 83, 42, 357, 2, 243, 442, 146, 263, 333, 356, 192, 222, 444, 425, 306, 323, 305, 304, 381, 414, 189, 15, 116, 372, 466, 294, 470, 268, 334, 66, 403, 127, 108, 249, 228, 77, 6, 1, 13, 86, 451, 202, 214, 188, 361, 299, 160, 5, 385, 240, 159, 341, 157, 27, 259, 122, 342, 204, 390, 133, 136, 97, 211, 194, 59, 315, 181, 198, 377, 183, 276, 453, 396, 110, 310, 14, 28, 75, 17, 246, 265, 337, 454, 421, 386, 10, 274, 207, 371, 384, 283, 245, 332, 139, 226, 208, 154, 457, 409, 397, 302, 40, 411, 205, 31, 368, 118, 288, 287, 251, 88, 237, 223, 128, 11, 65, 90, 437]
og index list energy: 236430284.7490315
index list: [119, 148, 339, 22, 367, 218, 42, 437, 178, 288, 52, 397, 67, 309, 432, 291, 434, 190, 194, 188, 215, 322, 111, 350, 154, 299, 151, 415, 220, 163, 235, 272, 444, 69, 38, 34, 136, 17, 380, 59, 241, 144, 94, 389, 58, 143, 1, 0, 412, 73, 393, 254, 295, 3, 384, 294, 410, 193, 32, 177, 445, 18, 124, 129, 155, 70, 239, 216, 321, 107, 153, 330, 116, 232, 189, 465, 168, 221, 408, 211, 198, 174, 292, 337, 293, 201, 259, 240, 446, 320, 225, 377, 100, 467, 142, 369, 247, 233, 125, 86, 281, 166, 471, 123, 284, 157, 246, 78, 23, 392, 244, 214, 342, 182, 202, 443, 30, 82, 162, 360, 83, 388, 50, 419, 164, 366, 109, 457, 332, 423, 279, 447, 101, 145, 422, 115, 376, 43, 420, 197, 37, 207, 210, 459, 195, 461, 200, 460, 40, 251, 97, 62, 417, 29, 363, 6, 424, 316, 400, 152, 224, 315, 98, 394, 226, 335, 364, 64, 85, 346, 257, 258, 120, 181, 456, 156, 395, 138, 348, 268, 470, 54, 472, 105, 398, 44, 191, 53, 349, 5, 361, 4, 385, 135, 318, 106, 421, 253, 35, 28, 463, 76, 451, 147, 265, 213, 93, 15, 409, 267, 458, 249, 440, 13, 365, 261, 362, 290, 468, 112, 16, 317, 41, 368, 205, 252, 8, 354, 7, 411, 46, 430, 277, 357, 104, 186, 402, 88, 464, 127, 414, 237, 118, 132, 122, 334, 264, 269, 180, 234, 439, 20, 378, 229, 427, 45, 171, 11, 14, 204, 192, 130, 303, 326, 338, 199, 396, 325, 278, 286, 312, 84, 323, 72, 128, 212, 426, 227, 167, 87, 441, 55, 297, 243, 416, 263, 26, 462, 149, 108, 300, 185, 466, 68, 183, 165, 353, 245, 113, 399, 333, 10, 355, 19, 33, 469, 141, 184, 96, 379, 95, 343, 63, 347, 49, 436, 47, 373, 306, 159, 61, 433, 133, 150, 228, 429, 311, 266, 450, 280, 405, 262, 102, 407, 179, 170, 256, 81, 289, 359, 131, 126, 139, 473, 137, 287, 172, 209, 160, 358, 310, 374, 36, 403, 242, 308, 217, 351, 103, 71, 425, 222, 304, 331, 327, 175, 391, 56, 298, 39, 428, 66, 24, 438, 12, 231, 158, 356, 238, 382, 117, 386, 75, 80, 21, 387, 336, 206, 454, 31, 329, 271, 404, 301, 248, 302, 92, 90, 114, 401, 161, 276, 431, 274, 273, 453, 110, 25, 307, 89, 418, 173, 282, 324, 146, 383, 57, 375, 77, 442, 51, 305, 169, 455, 255, 341, 27, 283, 79, 134, 328, 60, 140, 74, 352, 48, 371, 121, 236, 219, 381, 223, 275, 319, 372, 176, 413, 9, 390, 250, 2, 344, 208, 448, 313, 260, 452, 270, 340, 196, 203, 296, 187, 345, 91, 370, 65, 449, 99, 406, 285, 314, 435, 230]
index list energy: 27788302.152492538
Done


program ended at: 2020-04-06 20:44:23.112991 
 time delta: 13:10:43.483097
