## SLURM PROLOG ###############################################################
##    Job ID : 11983097
##  Job Name : new_and_improved?
##  Nodelist : node1104
##      CPUs : 1
##  Mem/Node : 1024 MB
## Directory : /gpfs/data/nfawzi/skale/Fawzi_pycharm_project
##   Started : Mon Apr  6 07:20:15 EDT 2020
###############################################################################
program started at:2020-04-06 07:20:22.003260
iterations: 72000000 temp: 1000000.0 exponent: 0.9 eif: 300.0
time taken (sec): 50045.37591171265
number of iterations: 72000000
final temperature: 159.26791088519815
og index list: [117, 237, 393, 113, 328, 368, 335, 298, 272, 1, 205, 31, 93, 323, 290, 294, 206, 281, 135, 5, 238, 165, 392, 74, 373, 338, 67, 353, 386, 371, 212, 314, 21, 289, 39, 81, 347, 413, 444, 307, 460, 268, 280, 143, 28, 375, 442, 97, 284, 349, 382, 65, 118, 351, 440, 91, 436, 120, 171, 201, 292, 152, 455, 155, 327, 461, 182, 248, 153, 300, 449, 383, 258, 320, 365, 359, 336, 240, 87, 316, 433, 200, 372, 408, 122, 423, 62, 130, 8, 157, 64, 197, 363, 256, 405, 77, 274, 435, 337, 426, 20, 94, 217, 137, 403, 136, 142, 68, 24, 417, 167, 350, 96, 57, 324, 303, 399, 384, 169, 401, 45, 473, 369, 234, 51, 60, 355, 364, 27, 235, 370, 216, 35, 269, 416, 420, 84, 141, 42, 66, 32, 293, 275, 447, 49, 230, 194, 190, 210, 415, 38, 151, 76, 241, 17, 390, 204, 172, 266, 156, 357, 180, 223, 146, 59, 36, 278, 358, 334, 106, 95, 163, 139, 239, 302, 279, 322, 48, 227, 72, 453, 313, 469, 339, 388, 82, 296, 44, 402, 166, 188, 174, 69, 454, 305, 411, 193, 441, 255, 282, 312, 196, 466, 308, 231, 406, 330, 367, 214, 154, 110, 100, 311, 116, 342, 378, 15, 105, 356, 352, 61, 472, 119, 178, 150, 160, 297, 125, 222, 168, 387, 37, 219, 283, 467, 354, 202, 14, 263, 47, 448, 397, 89, 361, 267, 129, 158, 295, 85, 109, 465, 374, 409, 115, 34, 425, 404, 98, 427, 11, 199, 233, 99, 134, 301, 228, 443, 326, 170, 132, 450, 247, 438, 185, 385, 70, 121, 33, 421, 471, 389, 183, 318, 207, 380, 410, 434, 208, 451, 341, 102, 30, 26, 414, 309, 53, 321, 54, 148, 12, 225, 246, 346, 422, 331, 112, 107, 145, 4, 325, 394, 79, 315, 344, 189, 232, 446, 215, 181, 128, 391, 291, 245, 464, 431, 101, 221, 412, 179, 285, 186, 253, 191, 264, 40, 407, 161, 41, 366, 88, 332, 126, 56, 78, 22, 133, 73, 270, 456, 437, 271, 317, 138, 7, 114, 175, 127, 377, 2, 429, 452, 90, 140, 348, 184, 398, 164, 226, 468, 277, 86, 111, 299, 396, 124, 192, 459, 147, 177, 319, 340, 159, 265, 463, 273, 209, 83, 218, 92, 362, 187, 236, 195, 288, 63, 6, 418, 71, 203, 286, 306, 343, 432, 376, 250, 149, 259, 445, 395, 262, 75, 23, 198, 10, 310, 458, 58, 211, 104, 9, 381, 220, 80, 244, 144, 345, 430, 457, 287, 400, 304, 249, 329, 360, 257, 419, 52, 162, 0, 3, 108, 29, 173, 50, 252, 123, 103, 254, 229, 439, 46, 16, 25, 462, 242, 43, 176, 379, 224, 131, 243, 251, 13, 19, 470, 428, 213, 276, 424, 333, 55, 18, 260, 261]
og index list energy: 249032704.83409333
index list: [233, 313, 232, 264, 442, 231, 63, 88, 429, 123, 124, 145, 47, 305, 312, 148, 105, 370, 318, 8, 382, 69, 323, 127, 390, 89, 182, 13, 447, 159, 26, 166, 391, 170, 108, 157, 388, 129, 404, 247, 220, 248, 424, 49, 434, 222, 109, 41, 147, 156, 340, 121, 72, 187, 470, 28, 97, 212, 174, 251, 394, 119, 379, 293, 155, 87, 426, 324, 299, 15, 181, 455, 101, 32, 355, 149, 243, 459, 113, 431, 216, 195, 196, 37, 366, 68, 151, 236, 205, 194, 450, 9, 295, 100, 402, 292, 384, 106, 412, 327, 225, 437, 44, 373, 304, 146, 453, 176, 406, 254, 378, 165, 440, 19, 413, 314, 71, 471, 38, 276, 136, 377, 202, 193, 158, 463, 189, 451, 286, 409, 261, 214, 22, 396, 332, 234, 372, 18, 102, 334, 213, 422, 120, 262, 361, 275, 150, 441, 179, 438, 163, 273, 381, 266, 277, 415, 260, 416, 114, 352, 142, 3, 90, 385, 73, 308, 224, 239, 61, 287, 365, 173, 116, 319, 473, 83, 435, 208, 371, 74, 460, 85, 376, 6, 369, 36, 204, 54, 46, 297, 111, 282, 337, 331, 255, 328, 281, 472, 161, 206, 344, 35, 345, 242, 274, 23, 410, 267, 360, 210, 118, 135, 184, 20, 418, 257, 131, 126, 169, 364, 280, 456, 279, 400, 104, 425, 229, 55, 417, 310, 86, 241, 443, 221, 50, 81, 458, 227, 112, 53, 374, 138, 1, 24, 82, 223, 452, 164, 433, 94, 329, 302, 122, 58, 414, 0, 132, 278, 21, 172, 139, 177, 191, 4, 171, 2, 465, 5, 449, 75, 188, 110, 12, 330, 29, 421, 153, 315, 95, 217, 303, 107, 30, 469, 336, 253, 45, 420, 79, 408, 57, 144, 386, 285, 335, 411, 250, 14, 427, 192, 350, 141, 219, 439, 296, 387, 39, 430, 66, 25, 134, 448, 59, 339, 60, 354, 143, 362, 117, 467, 306, 436, 199, 200, 207, 375, 137, 154, 180, 291, 357, 307, 226, 333, 346, 27, 380, 77, 383, 152, 317, 84, 183, 78, 167, 322, 31, 398, 259, 11, 368, 96, 258, 91, 215, 34, 76, 423, 168, 349, 125, 356, 178, 341, 320, 98, 395, 289, 343, 309, 446, 65, 444, 48, 367, 269, 175, 298, 316, 466, 272, 432, 40, 393, 185, 464, 62, 401, 52, 445, 10, 252, 198, 351, 270, 240, 311, 99, 468, 17, 228, 64, 300, 140, 389, 33, 407, 190, 347, 70, 399, 197, 162, 301, 284, 51, 359, 130, 454, 128, 419, 133, 283, 218, 263, 256, 238, 461, 93, 363, 67, 353, 245, 268, 358, 42, 288, 405, 230, 397, 203, 265, 16, 348, 290, 428, 103, 244, 115, 338, 237, 92, 43, 342, 186, 392, 321, 209, 326, 403, 271, 201, 211, 246, 325, 235, 160, 462, 294, 80, 249, 7, 457, 56]
index list energy: 27111772.30103743
Done


program ended at: 2020-04-06 21:14:27.785537 
 time delta: 13:54:05.782277
