## SLURM PROLOG ###############################################################
##    Job ID : 11945985
##  Job Name : new_and_improved?
##  Nodelist : node1136
##      CPUs : 1
##  Mem/Node : 1024 MB
## Directory : /gpfs/data/nfawzi/skale/Fawzi_pycharm_project
##   Started : Sun Apr  5 22:55:40 EDT 2020
###############################################################################
program started at:2020-04-05 22:55:41.192366
iterations: 72000000 temp: 1000000.0 exponent: 0.9 eif: 300.0
time taken (sec): 45845.546446084976
number of iterations: 72000000
final temperature: 159.26791088519815
og index list: [58, 18, 395, 222, 466, 473, 119, 281, 338, 453, 189, 181, 383, 294, 138, 184, 1, 442, 443, 193, 408, 412, 246, 88, 282, 319, 163, 387, 392, 57, 61, 404, 118, 202, 349, 201, 90, 70, 171, 105, 24, 369, 388, 364, 423, 422, 248, 9, 299, 190, 182, 44, 365, 218, 122, 26, 195, 167, 231, 45, 135, 314, 164, 212, 66, 91, 379, 94, 85, 430, 440, 108, 298, 147, 4, 347, 464, 324, 270, 384, 152, 357, 315, 340, 239, 111, 110, 327, 92, 472, 28, 303, 300, 446, 7, 65, 304, 444, 456, 411, 336, 77, 140, 64, 243, 134, 424, 79, 179, 168, 316, 321, 275, 151, 469, 165, 330, 214, 63, 305, 333, 359, 331, 341, 145, 332, 209, 438, 382, 428, 268, 84, 142, 445, 89, 285, 30, 254, 426, 325, 97, 288, 244, 361, 295, 367, 238, 337, 31, 12, 391, 224, 104, 78, 251, 312, 217, 396, 95, 421, 199, 174, 137, 0, 68, 223, 211, 313, 375, 59, 32, 86, 221, 115, 441, 257, 406, 457, 109, 54, 276, 334, 210, 419, 429, 225, 435, 6, 317, 427, 245, 405, 374, 120, 10, 93, 261, 328, 351, 318, 37, 343, 454, 265, 362, 127, 400, 185, 416, 376, 99, 308, 296, 470, 82, 352, 205, 133, 259, 106, 141, 87, 128, 220, 14, 149, 284, 27, 260, 306, 5, 366, 237, 403, 377, 370, 323, 266, 73, 13, 75, 326, 196, 302, 287, 401, 460, 121, 269, 227, 450, 204, 169, 229, 188, 373, 62, 234, 235, 386, 100, 213, 320, 186, 112, 418, 170, 339, 42, 192, 148, 29, 350, 389, 226, 267, 230, 35, 50, 53, 36, 154, 293, 407, 356, 437, 346, 232, 156, 23, 301, 415, 335, 200, 447, 113, 160, 448, 69, 397, 417, 3, 286, 20, 2, 283, 250, 380, 278, 273, 172, 33, 177, 368, 101, 72, 465, 290, 71, 432, 173, 49, 150, 263, 187, 252, 297, 124, 56, 219, 433, 381, 291, 463, 161, 354, 413, 107, 233, 16, 322, 241, 436, 191, 425, 98, 158, 131, 458, 21, 277, 41, 394, 249, 274, 8, 455, 393, 139, 81, 242, 410, 194, 462, 228, 80, 166, 258, 132, 34, 398, 48, 449, 256, 459, 207, 102, 311, 414, 159, 451, 358, 52, 420, 344, 178, 144, 55, 143, 15, 467, 39, 310, 253, 153, 175, 390, 60, 183, 385, 40, 130, 126, 206, 155, 240, 399, 116, 279, 342, 67, 236, 22, 409, 162, 51, 157, 309, 434, 431, 345, 363, 19, 117, 17, 372, 208, 25, 271, 176, 136, 47, 123, 329, 439, 103, 371, 180, 46, 468, 215, 262, 197, 83, 216, 360, 198, 255, 402, 146, 378, 76, 272, 264, 471, 461, 74, 289, 280, 452, 353, 247, 125, 43, 355, 96, 203, 114, 129, 11, 292, 348, 307, 38]
og index list energy: 239819388.04974052
index list: [145, 236, 33, 246, 30, 110, 272, 283, 23, 432, 259, 362, 22, 288, 348, 74, 353, 0, 1, 376, 296, 320, 83, 443, 270, 293, 295, 160, 420, 69, 34, 91, 61, 402, 242, 418, 249, 214, 97, 327, 35, 118, 219, 361, 36, 40, 384, 11, 392, 8, 255, 184, 279, 455, 312, 388, 316, 96, 453, 105, 374, 186, 467, 46, 136, 193, 247, 95, 356, 302, 54, 359, 271, 122, 334, 107, 76, 162, 324, 222, 289, 10, 381, 198, 215, 405, 262, 449, 221, 390, 285, 241, 133, 371, 135, 466, 231, 172, 142, 450, 90, 415, 158, 357, 13, 155, 341, 19, 154, 342, 62, 360, 12, 471, 274, 174, 26, 228, 181, 380, 70, 393, 63, 86, 109, 386, 299, 169, 454, 165, 461, 260, 368, 264, 350, 307, 306, 148, 445, 25, 178, 276, 468, 330, 282, 56, 273, 439, 325, 463, 200, 369, 199, 209, 190, 408, 147, 182, 48, 413, 205, 311, 47, 451, 203, 177, 397, 176, 252, 166, 284, 197, 401, 14, 322, 31, 354, 268, 391, 53, 367, 275, 426, 294, 225, 377, 216, 230, 343, 266, 465, 102, 140, 120, 281, 423, 129, 425, 220, 332, 352, 6, 419, 194, 462, 89, 337, 328, 84, 167, 87, 315, 157, 66, 378, 18, 435, 206, 394, 139, 240, 351, 123, 52, 349, 310, 379, 248, 319, 421, 71, 464, 149, 345, 212, 138, 265, 156, 93, 278, 217, 298, 119, 65, 64, 333, 396, 41, 428, 146, 441, 208, 308, 7, 411, 21, 43, 329, 131, 126, 125, 75, 297, 94, 58, 429, 134, 213, 239, 151, 269, 24, 303, 29, 287, 437, 78, 444, 224, 175, 459, 50, 108, 81, 458, 59, 32, 398, 15, 416, 27, 233, 128, 37, 364, 57, 159, 60, 256, 227, 180, 472, 79, 323, 101, 300, 161, 183, 85, 191, 3, 170, 124, 195, 192, 207, 470, 261, 440, 321, 436, 244, 150, 211, 258, 286, 254, 301, 290, 457, 173, 446, 257, 99, 427, 28, 430, 38, 448, 335, 409, 113, 422, 163, 77, 372, 238, 431, 88, 358, 68, 347, 39, 339, 187, 395, 100, 473, 185, 456, 223, 251, 49, 73, 469, 72, 305, 313, 387, 116, 317, 318, 235, 210, 152, 201, 243, 218, 202, 250, 111, 373, 326, 452, 179, 338, 304, 55, 366, 103, 382, 117, 404, 229, 375, 132, 355, 196, 363, 9, 336, 204, 253, 45, 407, 245, 137, 344, 144, 82, 433, 127, 141, 424, 143, 346, 292, 98, 399, 42, 447, 112, 115, 403, 130, 237, 92, 121, 417, 226, 114, 434, 331, 153, 44, 414, 277, 412, 291, 385, 263, 106, 51, 438, 309, 232, 104, 80, 67, 400, 164, 406, 16, 370, 267, 442, 17, 383, 168, 20, 410, 189, 171, 4, 188, 389, 2, 365, 5, 234, 460, 314, 340, 280]
index list energy: 28007271.998045057
Done


program ended at: 2020-04-06 11:39:47.122222 
 time delta: 12:44:05.929856
