## SLURM PROLOG ###############################################################
##    Job ID : 11945977
##  Job Name : new_and_improved?
##  Nodelist : node1163
##      CPUs : 1
##  Mem/Node : 1024 MB
## Directory : /gpfs/data/nfawzi/skale/Fawzi_pycharm_project
##   Started : Sun Apr  5 22:55:42 EDT 2020
###############################################################################
program started at:2020-04-05 22:55:44.929499
iterations: 72000000 temp: 1000000.0 exponent: 0.9 eif: 300.0
time taken (sec): 55071.288358688354
number of iterations: 72000000
final temperature: 159.26791088519815
og index list: [298, 159, 283, 348, 226, 444, 6, 320, 243, 338, 13, 442, 57, 79, 98, 31, 308, 375, 391, 213, 164, 230, 223, 296, 377, 363, 307, 65, 114, 401, 470, 124, 67, 339, 250, 64, 157, 460, 47, 289, 423, 279, 455, 340, 415, 140, 1, 410, 371, 209, 378, 136, 87, 248, 145, 27, 318, 21, 306, 280, 44, 469, 274, 407, 390, 39, 473, 0, 416, 409, 381, 252, 262, 380, 270, 241, 72, 227, 335, 430, 263, 471, 181, 163, 436, 71, 100, 238, 199, 458, 59, 142, 146, 424, 472, 411, 349, 443, 50, 273, 152, 293, 347, 74, 255, 108, 266, 115, 42, 353, 426, 139, 63, 369, 229, 413, 344, 425, 69, 3, 366, 25, 82, 204, 218, 92, 374, 48, 132, 372, 324, 451, 393, 394, 76, 317, 239, 80, 214, 20, 7, 148, 445, 434, 175, 93, 454, 165, 60, 467, 29, 419, 365, 33, 352, 408, 68, 336, 37, 462, 52, 310, 36, 166, 319, 400, 58, 385, 55, 399, 131, 125, 364, 290, 111, 43, 305, 404, 162, 268, 245, 205, 189, 291, 360, 8, 414, 439, 99, 78, 345, 169, 112, 191, 435, 185, 405, 96, 168, 303, 276, 95, 167, 195, 267, 341, 158, 334, 311, 83, 383, 30, 237, 433, 106, 247, 337, 18, 464, 355, 351, 194, 269, 465, 236, 448, 441, 5, 468, 104, 373, 387, 23, 246, 446, 101, 116, 288, 134, 275, 201, 127, 277, 447, 121, 332, 440, 190, 357, 403, 294, 315, 265, 97, 225, 249, 314, 62, 432, 330, 231, 156, 17, 384, 73, 88, 329, 188, 224, 346, 323, 368, 457, 128, 417, 359, 397, 35, 34, 331, 395, 461, 309, 242, 103, 107, 456, 56, 219, 150, 312, 53, 257, 122, 183, 38, 278, 32, 200, 49, 184, 19, 135, 22, 24, 151, 321, 272, 304, 356, 210, 90, 301, 126, 382, 328, 187, 89, 215, 282, 102, 220, 4, 386, 232, 130, 12, 429, 438, 459, 75, 286, 120, 196, 208, 154, 284, 180, 342, 259, 149, 437, 161, 235, 358, 171, 9, 327, 84, 233, 234, 333, 160, 421, 85, 376, 297, 15, 207, 119, 222, 70, 137, 66, 322, 41, 258, 260, 182, 271, 61, 361, 117, 178, 261, 133, 26, 192, 256, 2, 46, 105, 197, 123, 81, 367, 45, 177, 109, 392, 264, 11, 251, 203, 453, 211, 110, 144, 193, 418, 350, 10, 422, 143, 28, 94, 216, 326, 174, 172, 406, 202, 77, 466, 179, 427, 138, 402, 449, 450, 141, 173, 431, 343, 113, 254, 379, 40, 212, 412, 244, 396, 86, 452, 354, 389, 398, 370, 302, 170, 420, 186, 388, 463, 285, 428, 240, 198, 299, 316, 217, 147, 153, 118, 228, 221, 281, 292, 176, 16, 54, 287, 206, 155, 91, 295, 129, 362, 51, 14, 253, 325, 313, 300]
og index list energy: 292668974.29612714
index list: [110, 208, 360, 229, 359, 296, 435, 121, 466, 69, 379, 250, 203, 226, 433, 43, 415, 96, 336, 351, 212, 145, 124, 324, 63, 125, 161, 397, 330, 224, 155, 420, 25, 421, 238, 464, 249, 218, 307, 237, 256, 93, 356, 46, 329, 75, 470, 244, 385, 277, 265, 154, 299, 253, 270, 362, 260, 447, 202, 205, 198, 148, 13, 365, 333, 443, 316, 423, 331, 409, 16, 445, 112, 50, 340, 98, 345, 310, 467, 151, 427, 87, 376, 57, 183, 81, 372, 230, 37, 392, 197, 189, 188, 419, 73, 91, 192, 258, 395, 285, 8, 390, 322, 185, 136, 402, 190, 283, 115, 201, 271, 363, 318, 9, 444, 264, 353, 314, 455, 152, 440, 109, 128, 181, 234, 269, 84, 284, 139, 426, 65, 67, 350, 61, 400, 114, 348, 280, 424, 105, 441, 88, 407, 53, 97, 240, 231, 0, 248, 1, 383, 195, 393, 3, 370, 295, 175, 401, 142, 162, 468, 22, 214, 429, 107, 34, 44, 233, 129, 297, 176, 278, 26, 80, 111, 6, 465, 313, 352, 268, 428, 267, 288, 374, 300, 123, 29, 236, 182, 14, 382, 85, 66, 366, 174, 33, 381, 194, 171, 2, 369, 41, 361, 259, 180, 27, 344, 72, 126, 106, 403, 68, 252, 243, 193, 325, 287, 215, 127, 343, 186, 431, 294, 418, 223, 459, 169, 92, 48, 276, 449, 172, 131, 319, 159, 138, 453, 141, 100, 422, 101, 380, 251, 32, 317, 36, 389, 45, 457, 301, 439, 289, 414, 62, 232, 179, 328, 137, 462, 94, 349, 132, 323, 35, 15, 358, 302, 347, 76, 239, 227, 320, 10, 442, 20, 451, 326, 371, 263, 209, 255, 306, 412, 275, 367, 220, 196, 235, 149, 11, 327, 134, 408, 335, 364, 211, 31, 337, 40, 120, 166, 417, 272, 450, 146, 246, 135, 454, 281, 342, 79, 399, 51, 207, 206, 200, 434, 199, 396, 210, 430, 4, 191, 5, 438, 116, 446, 47, 308, 56, 452, 304, 108, 12, 309, 461, 274, 89, 388, 144, 143, 82, 133, 384, 292, 60, 354, 257, 398, 262, 387, 261, 21, 472, 7, 118, 242, 338, 24, 303, 38, 184, 279, 122, 437, 23, 86, 291, 228, 78, 204, 30, 286, 156, 448, 28, 293, 334, 59, 298, 245, 39, 222, 52, 158, 373, 17, 405, 113, 117, 463, 178, 456, 104, 469, 177, 368, 95, 341, 55, 394, 217, 471, 70, 225, 241, 150, 187, 436, 168, 216, 19, 410, 119, 305, 311, 130, 140, 90, 425, 312, 375, 157, 42, 315, 164, 254, 64, 49, 219, 167, 77, 282, 54, 346, 247, 266, 458, 83, 386, 160, 413, 58, 357, 273, 473, 221, 339, 290, 404, 165, 391, 74, 355, 153, 99, 378, 213, 406, 147, 71, 460, 102, 332, 377, 163, 321, 411, 103, 416, 173, 170, 432, 18]
index list energy: 25982928.480628252
Done


program ended at: 2020-04-06 14:13:36.614741 
 time delta: 15:17:51.685242
