## SLURM PROLOG ###############################################################
##    Job ID : 11946047
##  Job Name : new_and_improved?
##  Nodelist : node1617
##      CPUs : 1
##  Mem/Node : 1024 MB
## Directory : /gpfs/data/nfawzi/skale/Fawzi_pycharm_project
##   Started : Sun Apr  5 22:55:52 EDT 2020
###############################################################################
program started at:2020-04-05 22:55:52.652753
iterations: 72000000 temp: 1000000.0 exponent: 0.9 eif: 300.0
time taken (sec): 64715.95772027969
number of iterations: 72000000
final temperature: 159.26791088519815
og index list: [168, 58, 242, 401, 471, 197, 411, 199, 425, 251, 238, 378, 219, 107, 234, 460, 84, 455, 420, 447, 380, 92, 81, 277, 183, 104, 111, 12, 322, 227, 43, 416, 151, 468, 169, 106, 96, 89, 50, 340, 137, 350, 112, 395, 296, 233, 97, 436, 466, 59, 249, 90, 276, 23, 353, 124, 440, 316, 22, 241, 336, 158, 0, 125, 398, 239, 41, 19, 335, 465, 203, 324, 152, 236, 82, 286, 303, 191, 282, 310, 40, 16, 309, 149, 211, 314, 159, 201, 355, 122, 393, 164, 162, 386, 388, 181, 205, 441, 69, 363, 60, 338, 68, 185, 349, 408, 71, 10, 102, 5, 433, 228, 204, 432, 133, 70, 292, 247, 220, 26, 75, 33, 344, 354, 280, 352, 117, 67, 213, 177, 182, 93, 312, 450, 427, 160, 2, 368, 307, 243, 409, 402, 187, 452, 313, 361, 257, 235, 64, 39, 202, 396, 266, 417, 196, 271, 250, 216, 328, 132, 299, 48, 295, 66, 374, 387, 273, 323, 284, 400, 272, 113, 414, 357, 14, 86, 381, 65, 123, 53, 462, 291, 384, 369, 332, 143, 399, 38, 24, 28, 121, 297, 47, 74, 244, 356, 394, 9, 15, 57, 114, 37, 459, 173, 209, 467, 174, 252, 118, 421, 32, 258, 153, 141, 212, 17, 184, 325, 437, 392, 119, 268, 29, 397, 52, 329, 339, 294, 434, 442, 293, 134, 373, 46, 6, 451, 136, 100, 331, 91, 448, 453, 240, 85, 429, 278, 372, 51, 431, 157, 315, 285, 456, 147, 270, 225, 116, 406, 412, 383, 267, 360, 367, 245, 171, 370, 8, 72, 170, 391, 154, 318, 208, 223, 302, 279, 327, 232, 78, 215, 138, 190, 55, 128, 45, 289, 94, 161, 180, 364, 207, 195, 231, 359, 18, 63, 463, 188, 20, 458, 189, 221, 80, 83, 333, 385, 255, 262, 469, 419, 1, 405, 218, 365, 103, 31, 473, 127, 230, 260, 321, 366, 166, 95, 426, 446, 49, 326, 148, 115, 179, 424, 88, 222, 343, 193, 438, 172, 44, 382, 283, 301, 42, 445, 287, 263, 87, 105, 144, 410, 253, 274, 348, 237, 259, 379, 311, 139, 3, 375, 413, 443, 404, 435, 200, 34, 73, 126, 261, 167, 342, 11, 54, 288, 146, 110, 7, 99, 464, 4, 430, 281, 422, 269, 155, 334, 214, 403, 130, 129, 454, 135, 415, 341, 305, 275, 186, 229, 320, 472, 77, 317, 226, 423, 345, 461, 194, 176, 308, 358, 142, 290, 61, 390, 248, 389, 98, 109, 371, 470, 156, 264, 163, 407, 256, 418, 36, 150, 346, 254, 210, 444, 192, 246, 145, 376, 265, 140, 25, 21, 120, 377, 27, 198, 175, 62, 351, 13, 304, 306, 347, 337, 330, 131, 76, 79, 362, 319, 428, 457, 300, 224, 439, 217, 178, 30, 35, 101, 298, 108, 165, 206, 449, 56]
og index list energy: 215427754.20118552
index list: [36, 287, 34, 9, 37, 341, 7, 123, 238, 408, 330, 130, 469, 316, 298, 280, 458, 222, 224, 414, 154, 144, 122, 450, 248, 126, 81, 455, 42, 59, 283, 116, 370, 18, 342, 296, 369, 161, 124, 225, 276, 87, 353, 175, 162, 247, 83, 366, 79, 470, 22, 339, 185, 92, 45, 368, 73, 399, 309, 428, 99, 16, 462, 48, 347, 60, 417, 27, 297, 333, 53, 343, 203, 328, 106, 97, 349, 192, 373, 226, 311, 233, 375, 107, 86, 43, 118, 289, 411, 169, 472, 294, 273, 423, 163, 435, 2, 150, 3, 406, 253, 202, 387, 77, 385, 91, 140, 323, 331, 467, 254, 157, 95, 388, 213, 410, 173, 361, 90, 449, 103, 459, 159, 69, 204, 257, 453, 13, 301, 329, 28, 404, 221, 394, 160, 471, 131, 291, 440, 61, 378, 128, 355, 44, 282, 240, 391, 277, 351, 264, 452, 98, 421, 332, 405, 102, 436, 172, 141, 433, 178, 429, 260, 403, 219, 464, 184, 12, 427, 206, 201, 193, 101, 155, 23, 168, 357, 132, 360, 54, 444, 153, 468, 304, 302, 425, 76, 236, 127, 105, 57, 400, 67, 415, 49, 227, 424, 223, 120, 15, 358, 40, 379, 335, 272, 326, 437, 147, 390, 300, 20, 345, 306, 377, 212, 174, 63, 325, 359, 188, 148, 307, 195, 367, 190, 197, 354, 177, 170, 151, 167, 418, 46, 136, 278, 166, 215, 348, 84, 263, 456, 17, 303, 261, 108, 117, 376, 135, 393, 50, 460, 267, 324, 242, 344, 237, 275, 473, 78, 29, 430, 216, 181, 465, 211, 239, 194, 243, 397, 142, 75, 189, 454, 146, 187, 274, 315, 249, 145, 33, 82, 286, 293, 252, 231, 10, 320, 209, 74, 62, 191, 337, 259, 356, 164, 398, 229, 93, 284, 89, 443, 217, 265, 269, 165, 374, 255, 310, 350, 220, 152, 245, 39, 363, 115, 432, 179, 312, 448, 55, 232, 199, 200, 26, 409, 119, 244, 319, 71, 230, 396, 70, 386, 109, 457, 41, 463, 262, 446, 110, 139, 279, 308, 52, 256, 241, 380, 21, 258, 112, 327, 11, 214, 180, 322, 318, 68, 246, 138, 420, 281, 0, 80, 19, 395, 208, 382, 56, 340, 113, 439, 72, 305, 156, 416, 111, 218, 129, 30, 434, 14, 295, 8, 438, 210, 451, 100, 392, 85, 461, 65, 364, 133, 114, 381, 268, 362, 270, 431, 299, 38, 419, 314, 121, 402, 158, 441, 104, 250, 198, 288, 196, 338, 125, 317, 94, 372, 134, 234, 442, 66, 228, 24, 371, 6, 183, 32, 383, 4, 171, 5, 466, 321, 58, 292, 422, 47, 389, 313, 35, 413, 176, 1, 271, 365, 336, 412, 205, 384, 182, 31, 426, 186, 207, 235, 96, 401, 143, 445, 88, 346, 64, 51, 137, 407, 25, 447, 251, 334, 285, 266, 290, 352, 149]
index list energy: 27120188.510251563
Done


program ended at: 2020-04-06 16:54:28.974160 
 time delta: 17:58:36.321407
