## SLURM PROLOG ###############################################################
##    Job ID : 11945964
##  Job Name : new_and_improved?
##  Nodelist : node1116
##      CPUs : 1
##  Mem/Node : 1024 MB
## Directory : /gpfs/data/nfawzi/skale/Fawzi_pycharm_project
##   Started : Sun Apr  5 22:55:42 EDT 2020
###############################################################################
program started at:2020-04-05 22:55:44.779023
iterations: 72000000 temp: 1000000.0 exponent: 0.9 eif: 300.0
time taken (sec): 40065.97169017792
number of iterations: 72000000
final temperature: 159.26791088519815
og index list: [153, 50, 47, 250, 230, 227, 408, 309, 62, 99, 255, 317, 96, 240, 368, 163, 136, 184, 402, 92, 431, 103, 218, 272, 328, 435, 82, 159, 444, 341, 378, 182, 80, 193, 432, 151, 350, 315, 379, 276, 391, 281, 335, 53, 278, 183, 352, 192, 58, 24, 380, 247, 393, 28, 69, 129, 207, 355, 457, 323, 390, 373, 363, 32, 322, 208, 384, 326, 104, 411, 44, 259, 217, 387, 271, 228, 143, 60, 10, 242, 299, 300, 122, 45, 376, 354, 74, 65, 365, 78, 471, 313, 2, 260, 216, 256, 197, 166, 179, 94, 91, 239, 349, 325, 212, 77, 90, 434, 275, 331, 175, 470, 221, 198, 33, 306, 458, 156, 360, 52, 81, 421, 118, 314, 467, 414, 292, 72, 87, 353, 39, 3, 294, 367, 174, 280, 1, 332, 168, 424, 269, 157, 345, 425, 439, 235, 16, 206, 73, 460, 161, 307, 108, 262, 369, 245, 177, 346, 171, 200, 141, 364, 86, 226, 311, 38, 112, 167, 436, 412, 302, 236, 88, 201, 128, 29, 356, 246, 139, 185, 320, 319, 397, 6, 371, 61, 375, 25, 264, 41, 442, 40, 404, 418, 120, 146, 4, 43, 105, 71, 312, 327, 448, 160, 152, 318, 189, 223, 121, 173, 11, 76, 7, 138, 407, 31, 339, 289, 224, 413, 9, 324, 343, 249, 133, 101, 251, 225, 229, 274, 131, 48, 100, 169, 214, 102, 305, 188, 203, 12, 59, 423, 415, 359, 416, 330, 46, 417, 358, 117, 348, 165, 234, 296, 211, 244, 231, 372, 395, 403, 172, 54, 23, 440, 398, 366, 233, 340, 115, 469, 422, 450, 419, 190, 362, 154, 344, 170, 406, 253, 149, 410, 336, 409, 321, 79, 195, 199, 446, 338, 283, 0, 219, 282, 56, 17, 273, 67, 329, 37, 400, 381, 5, 456, 205, 297, 453, 303, 8, 110, 132, 89, 267, 222, 257, 316, 298, 123, 150, 15, 158, 291, 386, 19, 84, 261, 288, 119, 125, 377, 145, 455, 462, 342, 42, 333, 334, 191, 126, 351, 93, 13, 361, 142, 399, 293, 464, 449, 459, 187, 75, 64, 202, 277, 461, 370, 420, 109, 35, 155, 83, 95, 124, 451, 66, 270, 213, 405, 394, 134, 164, 443, 70, 385, 438, 97, 63, 454, 308, 396, 437, 127, 85, 140, 466, 430, 263, 107, 347, 137, 428, 429, 49, 162, 106, 445, 148, 55, 441, 304, 258, 266, 209, 20, 285, 210, 243, 295, 374, 14, 252, 382, 383, 392, 27, 147, 452, 135, 114, 180, 265, 310, 21, 287, 232, 30, 472, 26, 357, 186, 238, 176, 401, 130, 279, 389, 51, 427, 463, 337, 98, 57, 237, 301, 215, 220, 465, 473, 144, 433, 194, 254, 111, 178, 286, 22, 468, 204, 116, 18, 268, 36, 196, 426, 181, 68, 284, 447, 388, 113, 290, 248, 241, 34]
og index list energy: 238282739.07806638
index list: [120, 289, 92, 142, 325, 369, 39, 284, 198, 122, 257, 445, 206, 200, 288, 280, 423, 96, 444, 233, 78, 363, 226, 440, 332, 468, 304, 356, 123, 368, 309, 76, 347, 85, 437, 35, 278, 8, 111, 411, 216, 72, 265, 318, 253, 154, 30, 405, 300, 338, 251, 420, 15, 121, 425, 62, 341, 145, 29, 298, 173, 313, 442, 46, 460, 202, 246, 227, 203, 125, 430, 74, 218, 109, 432, 190, 402, 160, 395, 163, 174, 73, 349, 91, 59, 236, 179, 148, 389, 104, 470, 229, 279, 461, 264, 373, 25, 119, 323, 306, 374, 112, 165, 381, 70, 408, 23, 250, 316, 410, 129, 22, 459, 157, 472, 169, 231, 260, 453, 220, 152, 301, 471, 146, 428, 151, 358, 41, 342, 238, 285, 274, 343, 241, 150, 130, 234, 446, 117, 394, 99, 377, 299, 42, 80, 138, 382, 116, 361, 175, 415, 40, 351, 196, 452, 0, 1, 105, 370, 153, 398, 19, 308, 244, 334, 24, 327, 66, 101, 396, 219, 217, 102, 352, 159, 139, 418, 186, 378, 268, 417, 43, 421, 331, 182, 261, 184, 16, 391, 168, 400, 172, 13, 469, 28, 303, 90, 149, 435, 49, 329, 192, 386, 187, 170, 243, 183, 10, 167, 33, 64, 132, 126, 79, 134, 27, 258, 335, 429, 224, 56, 449, 326, 367, 199, 232, 210, 197, 333, 282, 371, 131, 222, 48, 276, 54, 436, 100, 376, 110, 259, 215, 424, 61, 245, 67, 457, 166, 388, 44, 383, 53, 143, 447, 115, 387, 208, 384, 248, 11, 409, 89, 345, 83, 317, 68, 97, 271, 118, 212, 21, 380, 17, 350, 84, 464, 47, 336, 412, 164, 419, 237, 399, 230, 439, 7, 207, 337, 286, 293, 359, 69, 407, 3, 195, 390, 133, 9, 256, 235, 180, 252, 272, 450, 321, 355, 65, 155, 372, 50, 465, 127, 473, 32, 451, 55, 140, 305, 310, 339, 277, 427, 176, 315, 171, 191, 4, 5, 354, 291, 290, 360, 12, 177, 34, 45, 281, 214, 204, 135, 94, 287, 124, 98, 375, 106, 467, 328, 242, 365, 263, 362, 6, 392, 26, 247, 113, 385, 324, 144, 82, 60, 295, 254, 51, 108, 269, 18, 297, 87, 466, 213, 77, 239, 262, 181, 455, 249, 366, 20, 456, 189, 448, 194, 379, 147, 193, 103, 441, 137, 403, 294, 346, 223, 416, 266, 364, 52, 162, 348, 88, 57, 413, 107, 463, 320, 185, 397, 158, 283, 93, 434, 296, 353, 128, 86, 75, 228, 156, 462, 38, 426, 307, 311, 205, 209, 322, 2, 433, 188, 201, 136, 114, 240, 406, 71, 443, 95, 438, 36, 401, 211, 302, 422, 141, 454, 221, 330, 161, 414, 255, 273, 275, 357, 58, 292, 225, 344, 14, 393, 270, 431, 31, 267, 458, 178, 37, 312, 63, 319, 404, 314, 340, 81]
index list energy: 28537160.06570916
Done


program ended at: 2020-04-06 10:03:31.142572 
 time delta: 11:07:46.363549
