## SLURM PROLOG ###############################################################
##    Job ID : 11946073
##  Job Name : new_and_improved?
##  Nodelist : node1630
##      CPUs : 1
##  Mem/Node : 1024 MB
## Directory : /gpfs/data/nfawzi/skale/Fawzi_pycharm_project
##   Started : Sun Apr  5 22:55:52 EDT 2020
###############################################################################
program started at:2020-04-05 22:55:53.147147
iterations: 72000000 temp: 1000000.0 exponent: 0.9 eif: 300.0
time taken (sec): 37508.866052389145
number of iterations: 72000000
final temperature: 159.26791088519815
og index list: [42, 162, 273, 416, 172, 301, 207, 211, 111, 453, 268, 77, 86, 213, 277, 473, 168, 425, 81, 300, 350, 215, 27, 434, 229, 29, 424, 171, 88, 460, 84, 363, 83, 290, 139, 158, 345, 47, 13, 163, 191, 167, 170, 188, 85, 73, 351, 355, 365, 344, 223, 177, 119, 435, 23, 156, 358, 443, 373, 379, 33, 157, 312, 385, 193, 208, 46, 440, 183, 236, 117, 353, 11, 295, 186, 291, 124, 418, 258, 463, 446, 352, 92, 87, 256, 3, 189, 249, 22, 265, 140, 414, 96, 335, 134, 228, 279, 349, 461, 361, 61, 306, 455, 309, 421, 70, 390, 148, 276, 103, 0, 164, 31, 6, 334, 201, 346, 327, 227, 395, 278, 294, 245, 324, 304, 275, 297, 431, 224, 198, 199, 99, 150, 465, 24, 142, 91, 471, 303, 196, 125, 467, 43, 41, 175, 106, 217, 226, 252, 407, 274, 28, 264, 439, 244, 271, 391, 386, 65, 182, 378, 97, 321, 338, 78, 173, 281, 135, 152, 38, 394, 298, 145, 137, 56, 2, 16, 178, 320, 380, 240, 40, 242, 259, 400, 63, 218, 225, 52, 438, 283, 241, 239, 210, 370, 411, 429, 404, 270, 368, 248, 197, 286, 166, 305, 396, 234, 59, 371, 263, 15, 220, 454, 69, 49, 381, 417, 68, 105, 292, 144, 204, 362, 107, 323, 285, 131, 80, 169, 39, 347, 232, 340, 399, 181, 159, 451, 221, 246, 315, 147, 143, 203, 235, 161, 466, 257, 185, 176, 90, 5, 184, 34, 36, 458, 222, 339, 102, 19, 410, 377, 436, 35, 128, 442, 130, 447, 408, 53, 66, 437, 133, 397, 266, 360, 121, 403, 308, 76, 328, 427, 113, 329, 364, 114, 261, 26, 64, 388, 459, 272, 95, 469, 231, 1, 307, 287, 54, 82, 67, 37, 444, 122, 359, 369, 238, 58, 253, 343, 367, 376, 151, 393, 160, 374, 282, 18, 89, 348, 375, 426, 243, 288, 333, 384, 260, 214, 401, 254, 342, 464, 7, 237, 413, 44, 101, 284, 326, 341, 262, 293, 205, 317, 136, 233, 62, 441, 230, 432, 280, 470, 60, 9, 452, 165, 72, 423, 445, 430, 422, 200, 195, 14, 127, 251, 398, 112, 462, 357, 448, 115, 311, 383, 314, 116, 21, 110, 433, 45, 123, 93, 126, 132, 108, 57, 25, 154, 10, 192, 310, 472, 79, 206, 4, 74, 449, 392, 269, 194, 319, 180, 330, 468, 356, 450, 255, 382, 55, 51, 456, 209, 50, 419, 267, 98, 120, 104, 212, 94, 17, 402, 409, 336, 332, 190, 8, 412, 216, 331, 354, 146, 30, 187, 372, 20, 299, 457, 179, 325, 296, 313, 406, 250, 389, 138, 32, 202, 387, 48, 405, 420, 155, 302, 118, 75, 219, 12, 141, 337, 415, 153, 289, 174, 366, 316, 247, 109, 71, 322, 318, 149, 428, 129, 100]
og index list energy: 245241263.51613086
index list: [131, 291, 426, 57, 370, 50, 342, 314, 343, 156, 418, 274, 400, 219, 34, 16, 404, 45, 447, 237, 261, 397, 185, 396, 40, 6, 430, 250, 327, 39, 405, 251, 160, 432, 70, 417, 8, 214, 119, 96, 338, 293, 127, 282, 465, 266, 83, 379, 233, 296, 307, 104, 392, 12, 401, 163, 369, 316, 246, 7, 413, 313, 443, 129, 278, 87, 345, 30, 455, 325, 0, 255, 336, 259, 446, 172, 141, 393, 115, 245, 243, 122, 252, 62, 216, 186, 328, 280, 310, 453, 247, 152, 402, 225, 415, 271, 35, 118, 184, 66, 258, 187, 377, 262, 424, 292, 365, 22, 146, 232, 285, 181, 92, 175, 354, 227, 425, 205, 463, 31, 352, 136, 460, 130, 351, 142, 180, 456, 339, 295, 17, 97, 466, 110, 72, 355, 52, 132, 358, 241, 428, 169, 454, 133, 467, 53, 238, 390, 49, 321, 361, 102, 412, 217, 473, 105, 363, 294, 101, 353, 226, 170, 65, 431, 46, 411, 194, 235, 210, 76, 451, 139, 297, 242, 213, 281, 406, 230, 357, 268, 464, 275, 462, 221, 442, 244, 269, 138, 423, 254, 121, 64, 111, 155, 311, 106, 128, 444, 286, 77, 234, 85, 178, 440, 222, 23, 140, 388, 270, 177, 420, 107, 362, 330, 149, 366, 73, 182, 67, 159, 54, 448, 164, 461, 229, 279, 371, 55, 37, 472, 196, 188, 191, 378, 4, 348, 198, 438, 21, 224, 341, 24, 419, 11, 399, 168, 356, 84, 63, 88, 434, 208, 95, 265, 80, 223, 1, 157, 284, 25, 249, 124, 324, 89, 82, 359, 143, 385, 113, 26, 386, 78, 283, 192, 183, 272, 381, 112, 75, 323, 302, 410, 199, 236, 161, 346, 14, 407, 33, 344, 166, 125, 108, 137, 382, 335, 179, 329, 32, 391, 5, 387, 267, 409, 2, 389, 20, 171, 10, 303, 28, 174, 69, 367, 333, 42, 457, 151, 374, 123, 114, 349, 264, 167, 15, 86, 147, 304, 228, 56, 340, 165, 334, 257, 449, 93, 300, 145, 416, 322, 38, 218, 47, 364, 203, 206, 375, 220, 91, 395, 134, 471, 3, 201, 79, 207, 197, 360, 51, 195, 380, 144, 315, 103, 287, 288, 437, 240, 290, 436, 41, 433, 320, 71, 276, 309, 452, 231, 212, 398, 158, 468, 135, 29, 317, 13, 239, 211, 209, 326, 394, 200, 368, 9, 347, 74, 469, 61, 384, 98, 459, 94, 305, 109, 306, 204, 68, 422, 36, 429, 190, 435, 202, 383, 18, 427, 263, 350, 27, 441, 90, 99, 458, 253, 117, 189, 215, 439, 176, 173, 337, 273, 298, 58, 372, 19, 445, 318, 81, 162, 470, 126, 43, 414, 260, 450, 44, 308, 277, 299, 100, 421, 153, 150, 193, 154, 376, 59, 408, 248, 60, 256, 289, 319, 48, 120, 331, 312, 403, 116, 332, 373, 301, 148]
index list energy: 29968053.170753837
Done


program ended at: 2020-04-06 09:21:02.366348 
 time delta: 10:25:09.219201
