## SLURM PROLOG ###############################################################
##    Job ID : 11946764
##  Job Name : new_and_improved?
##  Nodelist : node1328
##      CPUs : 1
##  Mem/Node : 1024 MB
## Directory : /gpfs/data/nfawzi/skale/Fawzi_pycharm_project
##   Started : Sun Apr  5 23:05:23 EDT 2020
###############################################################################
program started at:2020-04-05 23:05:28.971908
iterations: 72000000 temp: 1000000.0 exponent: 0.9 eif: 300.0
time taken (sec): 35418.1290910244
number of iterations: 72000000
final temperature: 159.26791088519815
og index list: [425, 26, 456, 197, 388, 2, 427, 429, 106, 78, 30, 111, 116, 226, 163, 81, 128, 320, 329, 371, 125, 435, 256, 297, 332, 166, 373, 353, 386, 298, 16, 317, 56, 455, 309, 452, 293, 184, 457, 155, 20, 199, 202, 39, 330, 350, 124, 250, 193, 269, 244, 65, 146, 434, 296, 467, 147, 336, 462, 443, 364, 461, 283, 21, 473, 171, 120, 299, 238, 113, 352, 70, 458, 444, 212, 345, 431, 60, 246, 263, 192, 430, 389, 440, 68, 314, 17, 289, 327, 118, 301, 449, 331, 428, 231, 34, 412, 281, 295, 249, 55, 410, 74, 10, 302, 170, 77, 312, 73, 143, 325, 204, 446, 165, 151, 271, 286, 223, 276, 29, 384, 303, 12, 270, 333, 230, 92, 369, 82, 470, 129, 159, 378, 401, 252, 206, 123, 107, 134, 195, 200, 161, 257, 243, 103, 144, 453, 101, 291, 316, 59, 358, 360, 234, 114, 130, 348, 240, 4, 177, 418, 121, 183, 188, 326, 95, 272, 259, 366, 141, 62, 260, 451, 465, 57, 439, 36, 71, 100, 460, 268, 241, 416, 22, 466, 104, 275, 196, 306, 406, 66, 27, 220, 227, 436, 383, 235, 426, 362, 397, 87, 442, 217, 328, 472, 9, 58, 347, 251, 208, 154, 399, 79, 35, 41, 133, 24, 375, 189, 23, 277, 32, 403, 33, 174, 261, 242, 224, 158, 278, 109, 153, 351, 63, 72, 441, 86, 409, 307, 211, 219, 180, 392, 150, 319, 178, 382, 233, 43, 3, 267, 88, 368, 381, 145, 122, 357, 110, 463, 8, 191, 405, 108, 377, 215, 75, 359, 50, 321, 137, 25, 398, 54, 38, 395, 280, 194, 164, 468, 213, 14, 374, 346, 248, 253, 139, 363, 337, 266, 335, 262, 420, 402, 160, 237, 454, 46, 64, 413, 49, 19, 417, 229, 356, 419, 323, 380, 264, 13, 112, 98, 149, 61, 411, 140, 37, 247, 222, 339, 11, 190, 322, 157, 344, 354, 279, 47, 0, 117, 187, 236, 225, 385, 361, 94, 254, 349, 218, 132, 445, 93, 201, 69, 142, 341, 318, 181, 15, 67, 115, 355, 28, 156, 53, 207, 471, 245, 464, 342, 290, 40, 292, 469, 273, 175, 370, 172, 414, 42, 179, 447, 391, 45, 232, 126, 437, 255, 102, 324, 372, 284, 407, 119, 84, 44, 209, 390, 89, 308, 258, 31, 387, 138, 294, 421, 169, 304, 131, 450, 198, 300, 422, 168, 186, 343, 173, 18, 214, 182, 305, 313, 265, 340, 274, 394, 99, 152, 136, 7, 376, 83, 288, 162, 80, 334, 97, 221, 393, 210, 408, 52, 239, 51, 216, 404, 1, 90, 338, 148, 135, 185, 176, 315, 96, 433, 48, 76, 423, 310, 379, 167, 400, 282, 311, 432, 287, 228, 459, 415, 448, 105, 127, 6, 203, 91, 365, 424, 85, 396, 438, 367, 5, 205, 285]
og index list energy: 241958767.8088965
index list: [261, 417, 14, 355, 251, 440, 28, 337, 281, 464, 61, 343, 90, 309, 455, 58, 183, 271, 432, 263, 19, 358, 159, 296, 425, 72, 442, 310, 357, 262, 246, 25, 338, 64, 311, 249, 400, 189, 342, 267, 37, 372, 223, 317, 9, 379, 209, 325, 348, 200, 198, 147, 222, 137, 345, 48, 451, 117, 330, 212, 397, 268, 429, 211, 299, 157, 327, 247, 174, 95, 236, 59, 362, 17, 322, 231, 88, 106, 377, 49, 279, 92, 107, 30, 331, 230, 81, 56, 393, 131, 461, 248, 448, 182, 57, 386, 65, 460, 144, 453, 136, 245, 125, 124, 134, 385, 307, 185, 340, 146, 333, 389, 151, 390, 101, 431, 23, 426, 254, 306, 424, 312, 381, 300, 292, 96, 406, 226, 458, 221, 368, 39, 433, 229, 319, 103, 396, 89, 420, 266, 295, 102, 436, 133, 354, 16, 423, 67, 143, 359, 55, 473, 141, 463, 163, 349, 47, 443, 158, 85, 288, 192, 122, 220, 26, 126, 27, 470, 208, 465, 0, 329, 53, 364, 206, 199, 413, 132, 371, 54, 444, 74, 365, 194, 196, 367, 188, 313, 283, 290, 459, 149, 273, 353, 190, 414, 111, 445, 335, 378, 164, 97, 269, 213, 108, 104, 375, 128, 241, 162, 437, 153, 405, 91, 242, 228, 155, 50, 472, 233, 43, 352, 165, 282, 178, 276, 370, 270, 471, 79, 82, 446, 135, 120, 289, 148, 293, 435, 127, 45, 408, 66, 121, 154, 323, 203, 70, 351, 75, 98, 305, 291, 256, 22, 38, 415, 240, 63, 363, 94, 399, 15, 11, 239, 33, 450, 219, 438, 156, 278, 175, 235, 259, 418, 116, 308, 7, 346, 336, 210, 6, 382, 294, 193, 227, 401, 197, 469, 172, 87, 1, 83, 395, 145, 152, 447, 314, 215, 434, 35, 99, 344, 46, 140, 315, 277, 441, 71, 392, 250, 8, 410, 205, 31, 234, 407, 179, 456, 321, 439, 316, 361, 264, 350, 243, 171, 3, 428, 20, 78, 191, 369, 4, 207, 201, 195, 416, 218, 110, 180, 449, 93, 167, 52, 380, 238, 412, 217, 467, 304, 409, 260, 402, 302, 318, 76, 286, 51, 376, 139, 255, 328, 60, 86, 166, 398, 109, 161, 114, 391, 274, 232, 301, 454, 42, 216, 272, 34, 40, 430, 173, 388, 244, 452, 123, 468, 77, 422, 130, 225, 356, 100, 466, 105, 421, 181, 366, 169, 427, 332, 150, 298, 115, 41, 374, 13, 404, 73, 287, 214, 119, 84, 297, 324, 129, 334, 69, 284, 187, 142, 258, 383, 177, 347, 36, 462, 237, 285, 112, 326, 384, 224, 80, 138, 457, 44, 360, 320, 68, 202, 170, 419, 186, 204, 24, 32, 184, 253, 2, 411, 5, 387, 275, 403, 18, 394, 113, 29, 265, 160, 21, 303, 257, 62, 176, 252, 12, 341, 168, 118, 10, 373, 339, 280]
index list energy: 27153514.50864548
Done


program ended at: 2020-04-06 08:55:47.478138 
 time delta: 9:50:18.506230
