## SLURM PROLOG ###############################################################
##    Job ID : 11946008
##  Job Name : new_and_improved?
##  Nodelist : node1136
##      CPUs : 1
##  Mem/Node : 1024 MB
## Directory : /gpfs/data/nfawzi/skale/Fawzi_pycharm_project
##   Started : Sun Apr  5 22:55:51 EDT 2020
###############################################################################
program started at:2020-04-05 22:55:52.061524
iterations: 72000000 temp: 1000000.0 exponent: 0.9 eif: 300.0
time taken (sec): 50911.5074839592
number of iterations: 72000000
final temperature: 159.26791088519815
og index list: [85, 101, 133, 380, 467, 118, 69, 383, 434, 94, 135, 0, 338, 312, 5, 206, 355, 119, 134, 226, 219, 244, 218, 48, 159, 78, 428, 157, 99, 360, 273, 113, 188, 102, 344, 376, 340, 181, 120, 199, 408, 70, 441, 461, 363, 410, 68, 407, 56, 29, 39, 405, 464, 79, 444, 315, 432, 151, 336, 416, 435, 106, 59, 350, 104, 73, 237, 231, 74, 213, 459, 97, 389, 196, 471, 153, 17, 4, 49, 160, 146, 122, 423, 232, 430, 80, 310, 327, 121, 297, 223, 114, 328, 351, 195, 247, 35, 246, 263, 463, 117, 417, 107, 260, 317, 451, 308, 419, 108, 331, 72, 469, 458, 220, 82, 248, 280, 144, 262, 143, 392, 361, 208, 174, 172, 166, 173, 438, 333, 205, 424, 128, 305, 368, 177, 20, 194, 6, 240, 132, 277, 171, 329, 433, 385, 282, 313, 13, 396, 191, 32, 37, 446, 403, 321, 193, 26, 330, 83, 358, 100, 66, 324, 158, 163, 103, 84, 279, 91, 460, 462, 415, 89, 453, 38, 293, 33, 200, 343, 455, 337, 183, 436, 353, 112, 22, 470, 354, 87, 53, 457, 28, 187, 276, 149, 365, 382, 93, 307, 269, 178, 249, 323, 186, 60, 36, 131, 311, 254, 325, 111, 67, 234, 168, 274, 454, 138, 425, 369, 71, 266, 185, 30, 431, 439, 139, 348, 291, 148, 235, 126, 211, 400, 1, 212, 241, 366, 209, 165, 251, 162, 170, 127, 40, 7, 252, 197, 302, 287, 189, 456, 55, 161, 395, 356, 381, 225, 318, 182, 156, 130, 332, 391, 378, 421, 341, 142, 222, 221, 359, 155, 320, 75, 169, 124, 319, 322, 399, 339, 224, 228, 88, 176, 46, 256, 285, 239, 304, 404, 386, 245, 136, 398, 388, 288, 473, 447, 364, 314, 335, 401, 373, 210, 96, 167, 303, 34, 61, 110, 414, 81, 264, 299, 357, 238, 25, 10, 16, 372, 309, 50, 326, 45, 190, 227, 58, 202, 62, 290, 64, 95, 90, 406, 371, 450, 63, 271, 257, 437, 43, 377, 19, 15, 466, 137, 198, 216, 296, 12, 352, 18, 409, 24, 54, 31, 229, 8, 468, 77, 236, 301, 265, 2, 300, 175, 370, 472, 445, 164, 255, 281, 342, 98, 215, 298, 295, 284, 402, 390, 426, 289, 283, 140, 374, 427, 346, 465, 76, 11, 347, 270, 233, 184, 123, 179, 448, 418, 387, 129, 150, 57, 250, 3, 367, 152, 147, 440, 397, 345, 253, 242, 422, 217, 412, 141, 258, 259, 278, 41, 394, 27, 316, 47, 180, 203, 267, 334, 449, 14, 443, 145, 268, 243, 393, 65, 44, 379, 306, 375, 420, 42, 292, 286, 51, 362, 105, 207, 192, 214, 230, 201, 272, 109, 384, 115, 86, 413, 92, 116, 52, 261, 125, 294, 275, 452, 411, 442, 23, 9, 349, 429, 154, 204, 21]
og index list energy: 254067806.14102626
index list: [5, 236, 11, 349, 52, 407, 171, 85, 396, 307, 123, 358, 178, 468, 110, 326, 346, 80, 94, 429, 62, 159, 187, 372, 241, 15, 394, 48, 411, 63, 390, 135, 50, 139, 287, 23, 228, 239, 25, 444, 41, 323, 103, 232, 161, 381, 212, 461, 105, 83, 162, 300, 136, 215, 373, 8, 457, 35, 258, 143, 443, 181, 467, 107, 387, 36, 172, 147, 185, 334, 51, 385, 210, 412, 333, 115, 364, 102, 352, 223, 382, 70, 424, 261, 376, 240, 108, 230, 339, 321, 415, 273, 365, 277, 434, 294, 140, 120, 309, 445, 163, 447, 238, 460, 166, 114, 141, 356, 67, 360, 154, 351, 176, 428, 302, 252, 7, 97, 66, 24, 124, 78, 284, 111, 155, 247, 310, 426, 55, 379, 61, 369, 88, 378, 65, 353, 182, 54, 404, 99, 295, 165, 449, 306, 355, 280, 406, 264, 431, 221, 441, 42, 348, 160, 391, 98, 290, 368, 169, 455, 320, 95, 73, 400, 324, 27, 167, 89, 272, 393, 249, 33, 413, 76, 347, 144, 350, 56, 423, 53, 462, 81, 380, 133, 170, 282, 193, 16, 245, 188, 3, 432, 149, 255, 134, 118, 112, 57, 402, 0, 150, 20, 409, 225, 2, 338, 194, 189, 267, 60, 329, 289, 126, 293, 59, 276, 450, 203, 416, 100, 303, 129, 299, 131, 304, 403, 96, 408, 39, 437, 164, 418, 19, 341, 274, 286, 330, 327, 211, 448, 206, 220, 116, 471, 199, 207, 433, 10, 340, 196, 417, 275, 191, 4, 292, 386, 43, 439, 198, 209, 190, 216, 328, 233, 87, 47, 82, 392, 301, 435, 29, 359, 318, 208, 153, 1, 311, 58, 222, 235, 254, 405, 168, 184, 227, 458, 148, 361, 74, 383, 257, 243, 465, 38, 319, 452, 314, 388, 9, 343, 197, 427, 325, 366, 262, 256, 13, 438, 26, 122, 442, 322, 219, 192, 21, 180, 436, 229, 354, 226, 425, 224, 283, 46, 204, 332, 28, 419, 44, 291, 454, 281, 263, 421, 125, 317, 251, 128, 298, 93, 231, 77, 342, 253, 177, 395, 335, 30, 152, 414, 174, 106, 12, 398, 49, 331, 71, 397, 72, 375, 218, 104, 305, 146, 473, 279, 410, 313, 446, 316, 315, 151, 265, 130, 271, 371, 17, 214, 337, 336, 37, 345, 32, 472, 69, 459, 91, 113, 183, 296, 244, 92, 213, 464, 40, 201, 200, 195, 456, 22, 362, 45, 64, 156, 6, 440, 217, 367, 202, 31, 363, 14, 259, 357, 157, 145, 451, 101, 86, 68, 377, 250, 205, 34, 260, 399, 270, 389, 175, 463, 117, 246, 173, 268, 344, 266, 384, 312, 18, 242, 466, 75, 186, 374, 137, 422, 248, 370, 142, 420, 179, 288, 132, 469, 119, 470, 127, 121, 278, 84, 430, 269, 79, 285, 109, 308, 237, 453, 158, 90, 401, 234, 297, 138]
index list energy: 28873470.055058695
Done


program ended at: 2020-04-06 13:04:23.956421 
 time delta: 14:08:31.894897
