## SLURM PROLOG ###############################################################
##    Job ID : 11996604
##  Job Name : new_and_improved?
##  Nodelist : node1134
##      CPUs : 1
##  Mem/Node : 1024 MB
## Directory : /gpfs/data/nfawzi/skale/Fawzi_pycharm_project
##   Started : Mon Apr  6 10:16:38 EDT 2020
###############################################################################
program started at:2020-04-06 10:16:46.967269
iterations: 72000000 temp: 1000000.0 exponent: 0.9 eif: 300.0
time taken (sec): 33380.06077337265
number of iterations: 72000000
final temperature: 159.26791088519815
og index list: [101, 137, 89, 435, 181, 469, 115, 107, 166, 460, 414, 462, 250, 309, 304, 152, 11, 456, 385, 91, 355, 458, 445, 161, 42, 312, 223, 53, 401, 168, 218, 172, 47, 197, 31, 88, 302, 208, 200, 55, 390, 255, 50, 75, 179, 280, 290, 95, 419, 235, 72, 26, 196, 129, 237, 429, 294, 113, 20, 69, 7, 17, 84, 276, 271, 335, 201, 59, 293, 24, 379, 242, 396, 448, 257, 74, 126, 216, 408, 332, 45, 64, 291, 356, 436, 454, 82, 288, 143, 432, 442, 347, 241, 259, 117, 206, 437, 376, 366, 374, 416, 270, 37, 110, 364, 142, 247, 203, 178, 127, 346, 340, 360, 434, 391, 134, 248, 1, 98, 254, 418, 83, 361, 439, 70, 215, 298, 463, 171, 266, 169, 407, 164, 415, 256, 105, 305, 342, 350, 358, 52, 27, 160, 404, 33, 245, 184, 189, 352, 292, 180, 76, 421, 319, 455, 268, 60, 471, 140, 330, 345, 22, 54, 103, 412, 296, 57, 188, 124, 370, 12, 261, 23, 199, 326, 323, 320, 183, 378, 234, 217, 274, 114, 365, 339, 119, 354, 426, 141, 222, 167, 368, 440, 162, 362, 438, 265, 394, 191, 363, 73, 239, 8, 410, 348, 316, 94, 6, 451, 446, 159, 473, 393, 413, 193, 283, 441, 279, 337, 182, 406, 328, 109, 281, 192, 212, 466, 165, 315, 373, 38, 211, 158, 128, 399, 231, 62, 310, 97, 343, 56, 219, 324, 430, 433, 4, 260, 263, 424, 229, 15, 467, 349, 351, 338, 77, 431, 409, 244, 457, 121, 240, 286, 202, 258, 32, 318, 327, 198, 116, 213, 267, 264, 13, 403, 102, 49, 453, 389, 400, 173, 185, 194, 236, 155, 405, 151, 108, 227, 41, 387, 187, 96, 176, 386, 459, 93, 325, 450, 147, 85, 397, 148, 285, 205, 333, 186, 146, 275, 214, 341, 377, 133, 465, 35, 278, 71, 28, 153, 371, 40, 18, 427, 36, 61, 230, 106, 25, 34, 163, 269, 461, 14, 118, 149, 287, 423, 284, 130, 380, 16, 111, 447, 336, 359, 297, 277, 136, 100, 220, 195, 329, 470, 301, 402, 295, 367, 145, 48, 299, 411, 190, 46, 131, 314, 232, 398, 80, 300, 132, 382, 464, 112, 207, 317, 392, 306, 5, 428, 383, 135, 357, 238, 262, 303, 63, 30, 251, 154, 104, 375, 311, 19, 273, 3, 174, 9, 78, 422, 321, 344, 372, 353, 369, 86, 388, 395, 44, 225, 384, 226, 67, 81, 21, 224, 334, 66, 138, 253, 322, 210, 177, 308, 87, 444, 307, 39, 170, 2, 252, 43, 79, 381, 243, 209, 58, 282, 204, 249, 65, 123, 417, 122, 157, 452, 125, 90, 420, 313, 449, 246, 221, 139, 425, 99, 92, 175, 156, 68, 468, 0, 331, 150, 29, 10, 120, 443, 289, 228, 472, 144, 51, 272, 233]
og index list energy: 228328722.91354814
index list: [89, 299, 255, 51, 442, 50, 167, 72, 262, 361, 39, 292, 352, 332, 404, 275, 467, 105, 420, 285, 94, 425, 125, 440, 88, 231, 180, 369, 113, 220, 26, 80, 101, 450, 24, 159, 141, 394, 28, 435, 6, 155, 170, 160, 398, 85, 175, 86, 60, 134, 27, 64, 19, 265, 314, 447, 244, 278, 131, 224, 162, 74, 417, 281, 362, 226, 214, 348, 65, 317, 286, 109, 284, 147, 23, 335, 157, 283, 312, 344, 300, 129, 84, 315, 257, 148, 372, 54, 439, 117, 444, 229, 391, 222, 456, 273, 207, 189, 202, 436, 259, 350, 169, 246, 25, 112, 75, 427, 218, 263, 343, 115, 13, 288, 429, 208, 153, 396, 78, 0, 118, 166, 183, 238, 358, 14, 308, 306, 462, 36, 459, 165, 415, 325, 9, 347, 193, 313, 52, 451, 158, 453, 145, 44, 403, 240, 397, 237, 424, 55, 455, 245, 270, 370, 250, 203, 190, 374, 206, 416, 197, 32, 201, 205, 171, 5, 355, 53, 272, 122, 468, 326, 410, 254, 156, 119, 393, 58, 386, 43, 390, 16, 365, 195, 200, 457, 217, 287, 260, 461, 320, 99, 423, 211, 209, 93, 97, 428, 269, 219, 368, 185, 464, 103, 21, 323, 179, 431, 324, 3, 430, 31, 473, 42, 419, 22, 380, 293, 446, 339, 41, 385, 264, 452, 294, 239, 121, 204, 46, 184, 152, 345, 225, 329, 212, 230, 337, 137, 82, 77, 433, 128, 441, 330, 174, 130, 426, 62, 327, 15, 34, 276, 228, 321, 48, 432, 138, 110, 144, 377, 139, 438, 247, 328, 163, 83, 445, 79, 73, 87, 233, 296, 12, 108, 242, 458, 38, 367, 57, 338, 107, 311, 30, 1, 232, 151, 181, 402, 177, 150, 234, 215, 360, 146, 376, 95, 248, 399, 216, 106, 120, 67, 378, 213, 437, 90, 318, 309, 389, 29, 319, 249, 191, 463, 100, 388, 223, 351, 98, 381, 316, 470, 274, 346, 2, 373, 4, 366, 267, 236, 7, 357, 310, 413, 123, 472, 135, 126, 76, 409, 143, 127, 295, 227, 124, 302, 407, 11, 91, 449, 45, 342, 187, 387, 235, 253, 71, 400, 199, 353, 194, 37, 401, 210, 303, 243, 349, 18, 469, 133, 341, 8, 392, 70, 379, 251, 10, 434, 49, 411, 271, 297, 111, 149, 20, 258, 35, 412, 192, 334, 266, 176, 371, 164, 114, 268, 354, 279, 340, 136, 307, 196, 382, 198, 282, 188, 305, 40, 384, 68, 59, 322, 81, 395, 336, 298, 69, 418, 33, 252, 66, 256, 261, 443, 154, 161, 17, 375, 277, 304, 414, 96, 356, 56, 363, 182, 116, 471, 289, 168, 408, 333, 280, 364, 178, 92, 61, 359, 63, 405, 47, 454, 132, 383, 291, 406, 290, 102, 460, 172, 331, 173, 140, 421, 104, 448, 142, 465, 241, 221, 422, 301, 466, 186]
index list energy: 27547028.58134601
Done


program ended at: 2020-04-06 19:33:07.387815 
 time delta: 9:16:20.420546
