## SLURM PROLOG ###############################################################
##    Job ID : 11946033
##  Job Name : new_and_improved?
##  Nodelist : node1615
##      CPUs : 1
##  Mem/Node : 1024 MB
## Directory : /gpfs/data/nfawzi/skale/Fawzi_pycharm_project
##   Started : Sun Apr  5 22:55:50 EDT 2020
###############################################################################
program started at:2020-04-05 22:55:51.994688
iterations: 72000000 temp: 1000000.0 exponent: 0.9 eif: 300.0
time taken (sec): 61218.901913166046
number of iterations: 72000000
final temperature: 159.26791088519815
og index list: [128, 291, 94, 62, 275, 306, 125, 377, 403, 165, 154, 388, 108, 336, 348, 61, 116, 429, 412, 323, 334, 249, 120, 339, 289, 40, 344, 3, 210, 180, 359, 465, 449, 442, 14, 389, 305, 185, 139, 170, 300, 124, 192, 381, 245, 241, 64, 420, 136, 434, 206, 371, 286, 258, 83, 148, 53, 31, 166, 294, 351, 42, 171, 353, 219, 104, 97, 203, 363, 372, 88, 46, 458, 247, 273, 320, 43, 218, 194, 118, 283, 262, 204, 464, 123, 235, 58, 147, 277, 113, 471, 271, 73, 433, 205, 332, 405, 358, 28, 70, 354, 232, 410, 119, 132, 301, 56, 365, 397, 17, 274, 41, 446, 457, 384, 138, 48, 443, 270, 189, 50, 379, 316, 13, 276, 126, 466, 432, 143, 452, 317, 315, 151, 414, 263, 395, 261, 288, 319, 380, 35, 343, 287, 174, 243, 325, 347, 86, 162, 467, 149, 127, 168, 374, 37, 394, 419, 302, 422, 338, 308, 213, 386, 10, 469, 444, 349, 68, 67, 79, 89, 362, 456, 226, 201, 100, 115, 472, 436, 9, 324, 55, 22, 404, 238, 408, 130, 25, 29, 220, 200, 150, 416, 39, 8, 155, 426, 0, 398, 26, 400, 390, 224, 345, 296, 327, 20, 295, 340, 393, 244, 211, 225, 19, 164, 49, 333, 223, 346, 368, 437, 71, 378, 32, 415, 355, 175, 370, 385, 290, 468, 227, 76, 451, 337, 356, 314, 231, 229, 80, 350, 4, 264, 145, 179, 237, 77, 131, 146, 176, 418, 297, 435, 255, 376, 102, 156, 191, 228, 431, 65, 454, 383, 460, 169, 12, 409, 157, 208, 373, 75, 84, 181, 193, 33, 413, 134, 122, 331, 366, 234, 173, 216, 199, 299, 441, 252, 167, 448, 254, 321, 313, 438, 281, 342, 187, 182, 85, 197, 158, 18, 30, 221, 259, 59, 447, 257, 439, 284, 92, 142, 278, 298, 382, 406, 135, 279, 310, 44, 34, 473, 98, 396, 109, 27, 312, 141, 352, 357, 110, 99, 285, 101, 311, 236, 23, 72, 330, 250, 239, 16, 63, 82, 7, 417, 114, 425, 222, 461, 230, 6, 424, 470, 144, 57, 428, 399, 11, 282, 369, 459, 51, 152, 329, 292, 107, 269, 93, 242, 137, 253, 153, 440, 96, 190, 24, 74, 280, 360, 111, 195, 103, 328, 184, 1, 326, 256, 188, 402, 52, 303, 248, 90, 367, 160, 69, 267, 266, 21, 159, 133, 364, 335, 318, 45, 375, 87, 246, 66, 198, 38, 293, 163, 260, 445, 214, 36, 15, 54, 391, 112, 462, 129, 161, 91, 387, 421, 5, 172, 106, 401, 2, 105, 217, 240, 202, 60, 207, 209, 307, 268, 186, 177, 196, 361, 78, 183, 272, 341, 430, 95, 392, 463, 265, 309, 450, 140, 304, 47, 117, 212, 81, 233, 455, 411, 407, 178, 423, 215, 251, 453, 322, 121, 427]
og index list energy: 246693430.18644515
index list: [320, 58, 435, 248, 459, 166, 387, 233, 269, 125, 330, 156, 426, 106, 406, 54, 458, 127, 143, 297, 51, 424, 227, 259, 445, 149, 433, 314, 374, 123, 413, 254, 418, 130, 120, 39, 363, 260, 457, 63, 342, 229, 86, 50, 368, 309, 151, 246, 0, 208, 174, 4, 308, 3, 416, 332, 401, 321, 351, 190, 5, 257, 410, 153, 18, 278, 79, 300, 59, 261, 236, 40, 449, 225, 471, 67, 375, 87, 141, 399, 55, 465, 302, 419, 33, 1, 184, 132, 358, 105, 448, 294, 392, 221, 183, 262, 14, 284, 161, 155, 340, 111, 129, 265, 27, 128, 431, 322, 310, 422, 245, 113, 360, 274, 146, 204, 176, 315, 45, 242, 462, 312, 334, 103, 427, 175, 224, 402, 179, 443, 285, 238, 384, 112, 117, 178, 407, 138, 92, 296, 369, 304, 381, 19, 370, 43, 409, 205, 8, 408, 28, 99, 434, 206, 168, 429, 333, 353, 307, 15, 379, 93, 216, 52, 191, 267, 20, 32, 162, 126, 324, 119, 271, 389, 212, 46, 364, 186, 451, 53, 453, 275, 440, 98, 357, 172, 219, 240, 118, 61, 372, 88, 41, 298, 272, 34, 281, 473, 292, 94, 388, 107, 398, 57, 252, 247, 203, 209, 193, 96, 373, 171, 218, 21, 192, 350, 49, 97, 131, 437, 158, 359, 196, 460, 194, 30, 150, 144, 355, 170, 456, 316, 352, 237, 231, 74, 82, 83, 423, 85, 217, 317, 75, 469, 7, 277, 442, 263, 356, 165, 468, 280, 391, 157, 425, 109, 148, 140, 337, 222, 336, 65, 214, 348, 84, 255, 137, 346, 116, 243, 365, 286, 220, 11, 454, 76, 323, 136, 258, 135, 417, 331, 311, 68, 361, 66, 35, 62, 303, 89, 377, 2, 441, 293, 382, 223, 288, 405, 95, 383, 213, 415, 164, 376, 90, 380, 77, 394, 70, 101, 385, 299, 264, 397, 26, 438, 25, 114, 121, 344, 133, 234, 42, 283, 187, 396, 180, 461, 73, 287, 110, 327, 147, 249, 100, 464, 104, 404, 339, 142, 22, 343, 289, 134, 232, 60, 295, 31, 124, 328, 13, 446, 185, 366, 200, 412, 326, 390, 235, 177, 470, 202, 215, 420, 91, 69, 378, 230, 244, 345, 163, 472, 253, 38, 64, 145, 108, 173, 393, 78, 23, 239, 139, 122, 450, 48, 362, 270, 444, 226, 329, 198, 466, 9, 305, 313, 467, 36, 354, 251, 10, 403, 250, 160, 318, 241, 432, 12, 201, 182, 152, 367, 199, 210, 421, 71, 211, 167, 400, 44, 455, 290, 411, 169, 428, 335, 102, 463, 279, 386, 306, 276, 430, 81, 371, 301, 436, 325, 56, 452, 189, 37, 291, 207, 80, 24, 228, 282, 159, 29, 395, 266, 47, 256, 16, 319, 72, 349, 197, 447, 188, 195, 347, 6, 439, 17, 341, 115, 154, 181, 338, 273, 414, 268]
index list energy: 27314026.354542237
Done


program ended at: 2020-04-06 15:56:11.247252 
 time delta: 17:00:19.252564
