## SLURM PROLOG ###############################################################
##    Job ID : 12005367
##  Job Name : new_and_improved?
##  Nodelist : node1116
##      CPUs : 1
##  Mem/Node : 1024 MB
## Directory : /gpfs/data/nfawzi/skale/Fawzi_pycharm_project
##   Started : Mon Apr  6 12:36:02 EDT 2020
###############################################################################
program started at:2020-04-06 12:36:02.317195
iterations: 72000000 temp: 1000000.0 exponent: 0.9 eif: 300.0
time taken (sec): 41085.399029016495
number of iterations: 72000000
final temperature: 159.26791088519815
og index list: [6, 269, 283, 416, 422, 113, 380, 458, 73, 106, 320, 91, 181, 321, 222, 421, 1, 263, 340, 128, 286, 109, 118, 443, 85, 103, 150, 158, 179, 174, 111, 371, 82, 278, 376, 22, 333, 353, 70, 162, 351, 195, 323, 147, 258, 163, 19, 32, 242, 87, 8, 291, 204, 151, 203, 69, 7, 141, 268, 131, 435, 211, 38, 285, 473, 50, 239, 117, 23, 127, 317, 308, 334, 237, 299, 403, 289, 447, 244, 360, 104, 438, 270, 182, 168, 374, 466, 313, 359, 210, 430, 315, 193, 155, 33, 415, 64, 120, 140, 148, 15, 42, 256, 382, 234, 18, 318, 81, 0, 157, 448, 384, 216, 419, 420, 463, 306, 25, 271, 275, 40, 84, 372, 94, 197, 398, 107, 330, 329, 71, 345, 319, 375, 47, 10, 112, 440, 279, 273, 472, 28, 209, 471, 464, 379, 59, 56, 74, 172, 156, 124, 2, 339, 303, 247, 400, 114, 121, 134, 43, 126, 212, 281, 290, 388, 439, 462, 259, 61, 205, 417, 465, 405, 224, 425, 171, 369, 116, 227, 284, 90, 399, 296, 393, 336, 404, 407, 454, 357, 343, 260, 17, 207, 266, 54, 277, 411, 44, 229, 302, 190, 437, 29, 83, 220, 342, 297, 397, 412, 394, 142, 89, 223, 381, 255, 295, 457, 328, 169, 93, 161, 282, 49, 358, 230, 314, 45, 218, 58, 78, 34, 470, 206, 20, 55, 52, 363, 154, 185, 97, 9, 406, 287, 88, 341, 362, 261, 316, 226, 355, 177, 424, 60, 378, 468, 436, 402, 144, 377, 335, 232, 467, 385, 138, 264, 75, 30, 387, 135, 231, 62, 21, 132, 337, 452, 354, 390, 324, 433, 101, 386, 16, 250, 441, 444, 98, 364, 288, 361, 119, 13, 309, 391, 208, 108, 332, 136, 252, 145, 95, 137, 423, 445, 96, 344, 213, 246, 122, 352, 183, 449, 265, 12, 274, 248, 41, 4, 322, 176, 450, 53, 77, 102, 396, 215, 300, 257, 196, 143, 133, 192, 293, 99, 68, 327, 219, 455, 31, 460, 451, 153, 331, 233, 392, 191, 65, 110, 240, 267, 312, 434, 262, 453, 187, 348, 307, 365, 294, 159, 72, 199, 200, 186, 79, 373, 442, 76, 414, 432, 410, 86, 350, 459, 48, 201, 194, 338, 170, 409, 125, 469, 292, 326, 413, 276, 346, 446, 167, 304, 389, 14, 349, 175, 305, 105, 228, 160, 235, 251, 57, 301, 401, 27, 272, 280, 165, 249, 367, 356, 189, 221, 198, 426, 63, 3, 11, 214, 253, 202, 24, 395, 164, 456, 325, 123, 66, 310, 46, 238, 26, 428, 39, 67, 298, 129, 217, 130, 311, 166, 51, 431, 347, 100, 35, 366, 146, 368, 115, 236, 370, 139, 184, 188, 92, 180, 149, 429, 245, 178, 152, 80, 173, 36, 254, 383, 243, 241, 5, 427, 37, 418, 408, 225, 461]
og index list energy: 258499524.37768394
index list: [302, 81, 77, 424, 63, 246, 87, 228, 181, 305, 125, 38, 379, 0, 381, 186, 1, 413, 91, 69, 176, 358, 262, 449, 270, 372, 229, 140, 360, 255, 245, 85, 226, 329, 109, 278, 157, 212, 377, 60, 167, 137, 382, 175, 126, 116, 276, 256, 328, 26, 62, 252, 213, 288, 64, 98, 399, 261, 447, 12, 92, 74, 453, 309, 435, 156, 22, 283, 311, 263, 171, 28, 406, 136, 250, 89, 384, 93, 25, 464, 172, 168, 391, 29, 430, 53, 214, 58, 400, 325, 174, 199, 196, 205, 202, 215, 469, 272, 317, 185, 108, 180, 322, 27, 122, 397, 68, 11, 118, 179, 463, 45, 150, 352, 99, 468, 211, 34, 253, 20, 354, 161, 323, 101, 159, 244, 457, 48, 426, 290, 448, 117, 170, 454, 331, 71, 392, 267, 383, 320, 316, 375, 163, 282, 410, 313, 416, 277, 369, 307, 264, 366, 294, 351, 221, 361, 279, 61, 367, 296, 86, 65, 419, 112, 190, 191, 5, 431, 146, 148, 334, 84, 78, 106, 284, 66, 445, 24, 395, 138, 436, 275, 368, 165, 412, 321, 210, 280, 437, 200, 37, 365, 197, 315, 178, 428, 94, 408, 249, 13, 465, 154, 401, 248, 164, 114, 97, 470, 220, 336, 452, 269, 41, 257, 183, 177, 409, 121, 364, 88, 54, 444, 145, 393, 314, 55, 308, 173, 225, 423, 223, 402, 131, 235, 142, 240, 450, 335, 258, 134, 415, 222, 129, 327, 188, 194, 411, 193, 52, 70, 356, 230, 374, 33, 376, 107, 153, 343, 209, 237, 349, 192, 303, 36, 396, 242, 427, 198, 206, 347, 286, 218, 111, 119, 473, 139, 127, 155, 95, 394, 21, 297, 158, 236, 7, 182, 15, 30, 287, 76, 459, 4, 82, 124, 217, 371, 113, 216, 241, 219, 132, 298, 333, 166, 443, 79, 422, 254, 59, 348, 17, 239, 293, 120, 10, 103, 362, 104, 350, 312, 234, 433, 324, 42, 385, 295, 203, 49, 398, 56, 456, 135, 233, 128, 301, 420, 187, 169, 442, 285, 147, 141, 418, 271, 40, 421, 260, 373, 35, 265, 8, 390, 46, 160, 207, 429, 115, 344, 251, 370, 14, 440, 6, 300, 259, 345, 304, 18, 232, 274, 451, 110, 96, 405, 47, 441, 144, 471, 51, 467, 83, 162, 353, 57, 346, 90, 439, 238, 388, 123, 299, 102, 338, 100, 438, 208, 432, 195, 387, 9, 319, 310, 458, 143, 363, 50, 231, 149, 460, 23, 337, 184, 31, 342, 3, 389, 32, 204, 2, 355, 330, 189, 39, 201, 326, 318, 243, 403, 224, 133, 386, 72, 466, 289, 414, 44, 446, 19, 268, 462, 75, 461, 227, 455, 105, 434, 292, 67, 281, 359, 130, 407, 43, 340, 16, 380, 266, 339, 152, 417, 80, 247, 151, 404, 332, 378, 273, 341, 306, 357, 425, 73, 472, 291]
index list energy: 28344524.11679379
Done


program ended at: 2020-04-07 00:00:48.094628 
 time delta: 11:24:45.777433
