## SLURM PROLOG ###############################################################
##    Job ID : 11946043
##  Job Name : new_and_improved?
##  Nodelist : node1617
##      CPUs : 1
##  Mem/Node : 1024 MB
## Directory : /gpfs/data/nfawzi/skale/Fawzi_pycharm_project
##   Started : Sun Apr  5 22:55:51 EDT 2020
###############################################################################
program started at:2020-04-05 22:55:52.007894
iterations: 72000000 temp: 1000000.0 exponent: 0.9 eif: 300.0
time taken (sec): 63793.5998044014
number of iterations: 72000000
final temperature: 159.26791088519815
og index list: [437, 13, 133, 260, 19, 364, 28, 303, 132, 238, 294, 154, 435, 157, 121, 395, 310, 165, 456, 459, 135, 420, 343, 128, 351, 161, 215, 143, 46, 186, 236, 82, 227, 379, 119, 391, 95, 394, 451, 369, 334, 179, 163, 293, 212, 378, 362, 377, 289, 2, 200, 160, 328, 42, 440, 50, 307, 321, 406, 415, 181, 92, 86, 473, 290, 464, 222, 397, 449, 193, 241, 32, 427, 251, 20, 432, 346, 443, 145, 262, 229, 261, 329, 129, 127, 195, 384, 217, 177, 386, 426, 209, 151, 100, 403, 336, 39, 79, 65, 263, 407, 54, 278, 400, 235, 396, 388, 69, 90, 311, 264, 323, 15, 219, 103, 226, 171, 112, 216, 326, 305, 89, 433, 169, 441, 317, 97, 107, 147, 170, 360, 130, 218, 221, 382, 297, 188, 182, 245, 298, 30, 324, 463, 22, 98, 371, 83, 258, 268, 284, 91, 74, 385, 312, 352, 353, 269, 49, 383, 330, 66, 309, 168, 276, 292, 14, 51, 0, 318, 359, 470, 286, 141, 3, 240, 101, 233, 274, 53, 375, 191, 27, 392, 348, 302, 431, 5, 88, 282, 357, 423, 417, 472, 446, 77, 273, 192, 389, 390, 465, 85, 411, 270, 445, 7, 249, 8, 325, 399, 1, 231, 462, 35, 59, 429, 228, 358, 250, 34, 430, 106, 299, 444, 306, 225, 187, 174, 376, 314, 350, 366, 61, 210, 142, 180, 230, 333, 80, 265, 367, 18, 124, 332, 413, 239, 149, 373, 354, 279, 84, 244, 410, 453, 16, 447, 419, 76, 224, 190, 247, 434, 374, 253, 460, 115, 342, 152, 123, 345, 201, 418, 337, 23, 288, 17, 404, 31, 255, 12, 183, 93, 47, 122, 70, 468, 136, 296, 64, 205, 111, 175, 461, 114, 469, 194, 81, 198, 33, 211, 387, 162, 126, 347, 56, 24, 75, 256, 266, 120, 207, 365, 271, 436, 40, 176, 355, 214, 320, 25, 44, 203, 471, 252, 87, 78, 73, 259, 173, 109, 454, 9, 295, 102, 300, 68, 223, 172, 104, 283, 439, 96, 455, 428, 363, 277, 43, 166, 37, 393, 71, 349, 315, 153, 155, 199, 21, 72, 108, 139, 448, 280, 99, 450, 422, 331, 117, 380, 442, 159, 140, 405, 63, 338, 466, 344, 361, 408, 458, 248, 110, 48, 125, 425, 237, 416, 94, 232, 202, 335, 341, 178, 414, 246, 36, 412, 113, 409, 467, 196, 158, 339, 301, 164, 118, 208, 275, 220, 138, 370, 204, 242, 45, 267, 148, 116, 304, 41, 281, 38, 60, 319, 55, 313, 29, 316, 137, 272, 156, 452, 308, 189, 6, 234, 105, 213, 11, 291, 57, 457, 372, 421, 368, 184, 4, 285, 356, 257, 254, 398, 52, 401, 243, 206, 146, 26, 58, 438, 327, 10, 62, 185, 134, 197, 131, 424, 67, 144, 402, 322, 150, 287, 167, 340, 381]
og index list energy: 230845058.32196766
index list: [261, 236, 300, 254, 257, 436, 259, 34, 91, 239, 253, 69, 393, 50, 434, 268, 459, 84, 401, 172, 119, 346, 134, 431, 52, 409, 131, 125, 417, 144, 233, 127, 83, 129, 281, 451, 289, 349, 267, 366, 2, 204, 188, 250, 4, 458, 28, 385, 205, 345, 99, 359, 161, 273, 353, 247, 290, 465, 237, 221, 438, 53, 406, 223, 266, 415, 316, 51, 305, 356, 81, 245, 112, 35, 427, 336, 382, 45, 92, 222, 182, 286, 224, 107, 80, 272, 452, 43, 447, 321, 440, 294, 55, 470, 117, 363, 0, 208, 20, 376, 5, 329, 171, 23, 403, 277, 159, 333, 468, 244, 367, 77, 323, 331, 137, 141, 449, 116, 399, 25, 170, 358, 219, 146, 460, 173, 276, 386, 242, 365, 185, 441, 68, 19, 454, 48, 429, 54, 469, 58, 443, 395, 163, 397, 226, 1, 327, 248, 343, 142, 430, 151, 315, 322, 41, 370, 102, 453, 111, 341, 27, 97, 114, 60, 407, 301, 59, 384, 8, 265, 212, 445, 96, 87, 450, 143, 390, 132, 354, 56, 348, 275, 461, 105, 364, 75, 299, 227, 414, 39, 40, 378, 154, 113, 256, 177, 368, 306, 320, 130, 360, 110, 199, 26, 37, 191, 303, 187, 402, 251, 64, 174, 78, 389, 180, 213, 293, 74, 118, 325, 240, 405, 71, 332, 319, 296, 379, 47, 162, 444, 57, 355, 63, 374, 85, 186, 124, 195, 324, 11, 214, 258, 215, 262, 140, 435, 264, 352, 115, 433, 9, 155, 31, 311, 326, 392, 313, 32, 287, 126, 263, 209, 120, 181, 317, 312, 218, 192, 421, 76, 467, 318, 285, 339, 279, 411, 101, 122, 14, 371, 36, 442, 196, 473, 249, 79, 167, 344, 109, 282, 66, 190, 410, 271, 298, 168, 225, 278, 17, 82, 89, 350, 88, 408, 72, 425, 135, 426, 238, 361, 65, 418, 175, 145, 334, 136, 369, 10, 387, 197, 432, 194, 413, 203, 176, 457, 152, 420, 307, 230, 419, 274, 234, 207, 412, 270, 198, 455, 255, 362, 166, 381, 157, 338, 95, 471, 309, 340, 22, 38, 400, 70, 391, 335, 93, 15, 398, 231, 128, 439, 139, 375, 260, 24, 228, 86, 156, 153, 464, 98, 351, 42, 372, 44, 241, 108, 29, 377, 61, 347, 13, 472, 193, 164, 308, 292, 3, 388, 206, 446, 211, 283, 100, 424, 103, 138, 448, 295, 304, 160, 373, 235, 12, 394, 200, 201, 210, 396, 178, 337, 328, 46, 297, 94, 284, 123, 150, 106, 220, 217, 357, 147, 269, 184, 30, 33, 252, 169, 456, 67, 380, 49, 179, 291, 416, 165, 404, 314, 18, 21, 229, 462, 280, 232, 73, 466, 6, 423, 7, 422, 133, 90, 148, 383, 16, 158, 246, 149, 183, 189, 428, 216, 202, 463, 62, 121, 302, 437, 310, 330, 104, 288, 342, 243]
index list energy: 28385532.47638653
Done


program ended at: 2020-04-06 16:39:05.958072 
 time delta: 17:43:13.950178
