## SLURM PROLOG ###############################################################
##    Job ID : 11989981
##  Job Name : new_and_improved?
##  Nodelist : node1103
##      CPUs : 1
##  Mem/Node : 1024 MB
## Directory : /gpfs/data/nfawzi/skale/Fawzi_pycharm_project
##   Started : Mon Apr  6 08:58:13 EDT 2020
###############################################################################
program started at:2020-04-06 08:58:13.718117
iterations: 72000000 temp: 1000000.0 exponent: 0.9 eif: 300.0
time taken (sec): 42137.432650089264
number of iterations: 72000000
final temperature: 159.26791088519815
og index list: [147, 137, 252, 280, 269, 77, 356, 71, 265, 17, 454, 223, 191, 353, 270, 327, 370, 55, 185, 165, 69, 172, 230, 305, 20, 152, 287, 32, 182, 25, 183, 424, 226, 179, 61, 65, 473, 295, 42, 433, 246, 238, 16, 423, 128, 437, 247, 467, 336, 393, 108, 254, 410, 286, 461, 211, 267, 297, 431, 419, 3, 379, 276, 239, 228, 113, 284, 413, 225, 103, 403, 263, 220, 308, 34, 2, 257, 216, 320, 408, 304, 365, 142, 33, 30, 59, 407, 275, 446, 145, 273, 135, 427, 281, 26, 335, 200, 93, 293, 199, 219, 130, 38, 58, 450, 49, 203, 107, 5, 443, 317, 15, 83, 242, 303, 299, 448, 277, 255, 321, 198, 333, 97, 85, 351, 451, 445, 1, 373, 153, 176, 360, 56, 214, 44, 222, 232, 23, 126, 123, 251, 127, 194, 323, 372, 158, 162, 391, 31, 325, 378, 54, 412, 374, 334, 337, 159, 8, 279, 170, 112, 418, 12, 180, 156, 453, 324, 472, 368, 79, 181, 208, 369, 119, 376, 272, 48, 205, 35, 316, 432, 449, 24, 289, 452, 213, 383, 359, 464, 307, 73, 212, 397, 76, 404, 82, 421, 460, 146, 151, 9, 160, 224, 400, 122, 169, 380, 301, 347, 121, 60, 294, 394, 187, 39, 104, 78, 447, 411, 430, 125, 175, 367, 381, 339, 14, 395, 164, 63, 106, 250, 363, 149, 193, 13, 283, 444, 124, 196, 163, 209, 300, 217, 268, 227, 469, 429, 256, 377, 463, 390, 114, 355, 261, 90, 237, 215, 387, 40, 358, 259, 302, 206, 6, 202, 140, 86, 68, 313, 364, 236, 53, 306, 166, 148, 392, 131, 192, 66, 4, 328, 62, 174, 161, 245, 414, 136, 442, 416, 385, 362, 46, 197, 99, 116, 22, 19, 117, 262, 134, 417, 382, 67, 455, 338, 89, 111, 457, 285, 155, 342, 439, 184, 201, 350, 92, 177, 436, 264, 45, 266, 258, 260, 366, 314, 318, 173, 27, 388, 406, 405, 290, 389, 57, 346, 352, 310, 87, 186, 88, 282, 470, 72, 240, 244, 384, 331, 402, 468, 28, 188, 441, 11, 109, 178, 150, 288, 425, 332, 105, 0, 278, 471, 231, 235, 18, 37, 458, 70, 141, 291, 322, 298, 80, 343, 204, 229, 210, 81, 167, 133, 349, 396, 401, 91, 129, 274, 50, 36, 243, 43, 102, 248, 345, 10, 96, 190, 311, 326, 171, 118, 459, 138, 312, 319, 438, 435, 120, 357, 456, 249, 354, 51, 218, 189, 154, 41, 375, 399, 157, 296, 371, 74, 101, 234, 233, 434, 341, 132, 329, 100, 315, 84, 21, 115, 309, 195, 253, 348, 221, 241, 144, 344, 52, 98, 422, 340, 415, 75, 143, 64, 207, 462, 292, 110, 47, 426, 466, 420, 95, 465, 386, 168, 361, 139, 428, 271, 440, 29, 94, 398, 7, 409, 330]
og index list energy: 255187593.02190873
index list: [247, 132, 369, 96, 207, 434, 259, 299, 192, 406, 220, 292, 465, 160, 400, 53, 411, 69, 86, 55, 50, 384, 133, 443, 248, 421, 314, 346, 141, 453, 179, 466, 115, 403, 111, 423, 13, 112, 212, 263, 140, 29, 214, 284, 309, 85, 440, 40, 378, 218, 151, 435, 146, 340, 116, 367, 320, 331, 173, 217, 404, 74, 402, 46, 473, 203, 126, 113, 14, 34, 326, 387, 68, 66, 287, 108, 98, 425, 80, 17, 323, 255, 157, 258, 286, 291, 375, 43, 232, 301, 446, 229, 371, 165, 348, 223, 407, 290, 238, 256, 75, 355, 44, 183, 306, 365, 161, 364, 102, 412, 143, 344, 327, 125, 324, 269, 87, 401, 117, 121, 279, 167, 388, 23, 427, 27, 182, 78, 353, 93, 347, 156, 237, 383, 164, 170, 372, 138, 415, 196, 31, 319, 463, 272, 305, 130, 356, 99, 270, 457, 294, 470, 332, 289, 329, 131, 128, 63, 342, 129, 231, 221, 350, 95, 278, 147, 244, 297, 2, 155, 59, 422, 91, 322, 300, 21, 462, 275, 345, 186, 410, 54, 451, 225, 452, 321, 315, 58, 424, 135, 397, 154, 472, 41, 224, 311, 7, 439, 72, 137, 428, 144, 377, 100, 414, 181, 148, 81, 79, 252, 318, 249, 394, 261, 265, 119, 211, 22, 376, 195, 268, 354, 197, 4, 399, 190, 395, 271, 334, 114, 97, 431, 123, 432, 49, 18, 12, 174, 335, 73, 455, 257, 430, 227, 295, 28, 467, 222, 145, 103, 460, 230, 124, 152, 362, 339, 240, 441, 62, 26, 360, 199, 235, 200, 389, 316, 204, 233, 448, 30, 110, 8, 418, 107, 381, 60, 251, 122, 393, 35, 118, 325, 267, 56, 64, 330, 219, 317, 250, 89, 442, 24, 171, 134, 438, 168, 357, 189, 253, 180, 213, 239, 6, 136, 101, 191, 366, 70, 405, 5, 449, 312, 409, 302, 288, 454, 47, 349, 254, 90, 276, 417, 328, 202, 282, 65, 57, 450, 104, 193, 169, 396, 127, 398, 39, 245, 25, 359, 3, 246, 11, 392, 109, 373, 176, 459, 241, 159, 277, 363, 285, 172, 149, 19, 352, 208, 153, 374, 185, 444, 88, 420, 175, 379, 226, 471, 307, 20, 283, 216, 77, 162, 106, 413, 94, 264, 343, 281, 37, 351, 304, 368, 198, 382, 36, 370, 336, 429, 206, 458, 205, 436, 9, 408, 194, 313, 201, 210, 209, 188, 32, 303, 184, 310, 293, 120, 139, 426, 83, 42, 437, 273, 82, 433, 38, 445, 71, 234, 390, 262, 468, 260, 469, 333, 52, 187, 296, 45, 338, 158, 386, 67, 380, 280, 361, 0, 1, 178, 236, 142, 10, 447, 84, 416, 105, 150, 461, 48, 166, 391, 61, 308, 16, 464, 76, 92, 51, 228, 15, 298, 163, 33, 341, 274, 337, 177, 215, 456, 242, 385, 266, 358, 419, 243]
index list energy: 27341053.573044848
Done


program ended at: 2020-04-06 20:40:31.529025 
 time delta: 11:42:17.810908
