## SLURM PROLOG ###############################################################
##    Job ID : 11946010
##  Job Name : new_and_improved?
##  Nodelist : node1301
##      CPUs : 1
##  Mem/Node : 1024 MB
## Directory : /gpfs/data/nfawzi/skale/Fawzi_pycharm_project
##   Started : Sun Apr  5 22:55:50 EDT 2020
###############################################################################
program started at:2020-04-05 22:55:50.569806
iterations: 72000000 temp: 1000000.0 exponent: 0.9 eif: 300.0
time taken (sec): 47323.99766612053
number of iterations: 72000000
final temperature: 159.26791088519815
og index list: [333, 49, 366, 93, 165, 82, 267, 244, 254, 123, 249, 156, 221, 444, 34, 368, 201, 213, 139, 471, 313, 127, 63, 166, 384, 250, 441, 224, 466, 61, 405, 299, 212, 6, 262, 307, 324, 284, 336, 372, 461, 255, 70, 21, 120, 380, 257, 89, 218, 57, 142, 315, 50, 101, 119, 437, 87, 326, 335, 301, 453, 192, 457, 451, 332, 418, 180, 35, 328, 176, 456, 260, 195, 203, 440, 401, 173, 465, 73, 118, 382, 386, 149, 314, 122, 54, 168, 175, 116, 253, 7, 53, 347, 193, 40, 65, 338, 62, 362, 46, 279, 33, 150, 298, 268, 274, 0, 327, 445, 296, 389, 48, 258, 158, 408, 376, 292, 111, 419, 283, 364, 76, 147, 293, 367, 375, 233, 341, 271, 129, 13, 107, 204, 219, 60, 263, 472, 152, 272, 330, 425, 191, 306, 464, 235, 417, 115, 199, 161, 369, 416, 397, 429, 388, 231, 153, 11, 94, 398, 360, 88, 194, 110, 164, 8, 391, 18, 137, 202, 14, 473, 402, 356, 68, 406, 357, 348, 448, 52, 209, 463, 206, 37, 409, 427, 79, 434, 132, 114, 67, 350, 86, 56, 98, 26, 20, 344, 256, 446, 169, 239, 121, 329, 83, 182, 467, 117, 134, 157, 245, 355, 311, 27, 141, 265, 228, 237, 278, 436, 423, 200, 163, 371, 242, 126, 281, 78, 420, 428, 100, 24, 404, 1, 225, 125, 345, 77, 96, 300, 222, 387, 128, 205, 400, 146, 431, 215, 308, 185, 97, 310, 42, 45, 2, 468, 138, 342, 59, 447, 226, 19, 84, 462, 433, 458, 393, 385, 373, 270, 197, 282, 39, 214, 363, 229, 302, 316, 259, 430, 217, 443, 415, 354, 135, 394, 424, 266, 31, 148, 12, 295, 435, 184, 189, 407, 51, 190, 280, 108, 291, 10, 395, 352, 187, 28, 29, 198, 66, 43, 339, 230, 69, 85, 90, 403, 381, 234, 297, 317, 92, 104, 413, 273, 74, 396, 286, 343, 319, 321, 133, 411, 72, 288, 131, 172, 320, 36, 318, 469, 145, 17, 9, 432, 269, 303, 246, 412, 290, 16, 91, 392, 136, 276, 322, 227, 452, 294, 252, 421, 470, 155, 95, 38, 438, 309, 312, 5, 112, 459, 105, 144, 361, 71, 208, 383, 211, 99, 334, 243, 216, 285, 154, 370, 188, 305, 32, 171, 325, 25, 251, 210, 450, 183, 15, 377, 47, 151, 365, 337, 454, 162, 64, 390, 22, 359, 58, 410, 106, 178, 340, 349, 181, 177, 174, 422, 207, 113, 102, 196, 4, 275, 179, 261, 170, 460, 374, 455, 232, 103, 30, 44, 140, 23, 55, 399, 109, 358, 289, 304, 143, 442, 130, 160, 353, 264, 351, 238, 223, 80, 379, 414, 240, 236, 159, 248, 220, 81, 124, 186, 378, 287, 3, 167, 277, 75, 449, 323, 41, 439, 331, 426, 247, 346, 241]
og index list energy: 219847392.3948707
index list: [120, 291, 319, 254, 161, 379, 255, 220, 113, 347, 292, 55, 456, 299, 312, 119, 353, 76, 434, 110, 47, 412, 147, 173, 247, 6, 391, 169, 369, 59, 228, 394, 83, 134, 27, 345, 78, 97, 26, 333, 283, 130, 181, 375, 145, 124, 296, 45, 459, 192, 400, 182, 17, 472, 314, 468, 262, 437, 99, 266, 420, 208, 188, 131, 23, 392, 89, 231, 98, 258, 230, 79, 259, 207, 443, 57, 467, 50, 87, 418, 72, 354, 139, 60, 329, 302, 162, 313, 52, 170, 408, 273, 341, 238, 396, 135, 86, 151, 155, 317, 245, 69, 37, 338, 235, 202, 201, 164, 92, 73, 365, 136, 154, 183, 260, 278, 157, 440, 222, 109, 206, 406, 64, 36, 214, 146, 415, 320, 224, 349, 294, 442, 241, 378, 133, 114, 346, 275, 385, 331, 285, 102, 429, 327, 159, 54, 344, 90, 301, 438, 44, 358, 332, 402, 229, 427, 248, 383, 22, 295, 253, 175, 31, 19, 450, 91, 380, 106, 172, 290, 232, 93, 446, 257, 374, 194, 340, 81, 403, 43, 368, 16, 421, 205, 14, 361, 12, 246, 195, 377, 190, 200, 413, 28, 425, 227, 287, 470, 74, 321, 419, 166, 398, 144, 80, 143, 432, 328, 250, 272, 422, 289, 350, 38, 452, 243, 122, 276, 70, 393, 84, 360, 104, 152, 405, 42, 277, 414, 225, 363, 39, 390, 103, 399, 142, 293, 364, 53, 343, 125, 1, 112, 286, 51, 389, 7, 381, 263, 219, 382, 274, 148, 191, 366, 101, 150, 236, 0, 153, 325, 252, 95, 24, 94, 401, 126, 107, 176, 298, 30, 311, 33, 351, 88, 300, 128, 256, 58, 451, 168, 461, 63, 305, 280, 464, 9, 271, 108, 156, 167, 297, 324, 310, 82, 356, 199, 197, 386, 21, 465, 261, 417, 180, 426, 65, 458, 71, 373, 127, 463, 307, 233, 129, 315, 335, 449, 115, 25, 264, 111, 237, 410, 62, 15, 334, 100, 387, 221, 441, 18, 404, 158, 308, 187, 430, 123, 177, 388, 281, 342, 48, 462, 244, 436, 137, 239, 218, 61, 284, 77, 66, 209, 149, 376, 32, 370, 174, 212, 460, 213, 265, 121, 309, 439, 67, 359, 269, 56, 184, 11, 357, 249, 433, 165, 362, 171, 178, 34, 4, 444, 5, 367, 193, 2, 29, 447, 267, 35, 288, 41, 204, 116, 455, 105, 416, 240, 423, 75, 457, 117, 216, 163, 454, 318, 40, 407, 8, 217, 140, 303, 251, 46, 322, 85, 13, 330, 49, 348, 68, 409, 306, 397, 316, 469, 179, 282, 471, 270, 431, 226, 435, 234, 448, 132, 372, 223, 453, 242, 355, 96, 395, 198, 268, 352, 3, 339, 211, 424, 20, 473, 336, 203, 185, 384, 186, 118, 196, 160, 371, 10, 411, 189, 323, 210, 337, 466, 326, 304, 215, 141, 445, 279, 428, 138]
index list energy: 28163684.861498415
Done


program ended at: 2020-04-06 12:04:35.041018 
 time delta: 13:08:44.471212
