## SLURM PROLOG ###############################################################
##    Job ID : 11994040
##  Job Name : new_and_improved?
##  Nodelist : node1131
##      CPUs : 1
##  Mem/Node : 1024 MB
## Directory : /gpfs/data/nfawzi/skale/Fawzi_pycharm_project
##   Started : Mon Apr  6 09:45:26 EDT 2020
###############################################################################
program started at:2020-04-06 09:45:29.137173
iterations: 72000000 temp: 1000000.0 exponent: 0.9 eif: 300.0
time taken (sec): 48944.96270418167
number of iterations: 72000000
final temperature: 159.26791088519815
og index list: [434, 55, 148, 215, 369, 374, 295, 117, 314, 142, 318, 15, 73, 241, 267, 256, 217, 443, 225, 97, 120, 269, 1, 48, 154, 98, 45, 247, 107, 128, 410, 328, 93, 204, 205, 433, 407, 427, 200, 255, 82, 394, 137, 189, 89, 10, 87, 342, 412, 237, 114, 353, 99, 294, 139, 455, 65, 373, 329, 315, 86, 354, 4, 203, 32, 382, 64, 367, 350, 121, 312, 125, 440, 320, 173, 112, 272, 261, 422, 351, 155, 296, 126, 279, 324, 249, 218, 346, 53, 231, 88, 170, 397, 118, 31, 236, 377, 445, 304, 67, 38, 451, 286, 429, 456, 319, 270, 40, 37, 310, 419, 30, 416, 339, 94, 281, 280, 441, 13, 309, 172, 436, 233, 178, 129, 438, 39, 355, 375, 191, 408, 257, 152, 16, 18, 131, 376, 113, 115, 428, 234, 250, 85, 447, 417, 306, 258, 284, 22, 229, 425, 6, 363, 343, 165, 77, 307, 175, 418, 335, 96, 108, 275, 413, 450, 264, 167, 246, 371, 183, 26, 406, 52, 136, 135, 288, 201, 292, 164, 349, 198, 357, 305, 27, 356, 239, 72, 332, 444, 446, 361, 127, 199, 211, 352, 437, 308, 209, 182, 145, 260, 313, 133, 386, 116, 122, 177, 365, 208, 463, 123, 465, 311, 420, 79, 102, 184, 95, 192, 12, 156, 144, 214, 90, 62, 291, 378, 459, 146, 57, 44, 431, 409, 333, 244, 302, 36, 11, 415, 228, 322, 221, 130, 461, 404, 393, 458, 83, 206, 49, 5, 143, 262, 141, 29, 106, 226, 180, 331, 278, 46, 56, 169, 344, 150, 42, 362, 220, 395, 68, 466, 181, 8, 74, 423, 470, 473, 162, 398, 384, 207, 9, 340, 421, 33, 390, 467, 381, 197, 210, 81, 287, 405, 379, 34, 47, 338, 411, 327, 252, 0, 2, 396, 347, 387, 254, 21, 336, 323, 59, 462, 285, 61, 185, 426, 58, 202, 303, 20, 168, 193, 330, 430, 301, 14, 23, 469, 263, 174, 212, 110, 271, 70, 400, 100, 227, 299, 452, 366, 325, 402, 392, 414, 216, 151, 163, 109, 268, 453, 238, 194, 372, 251, 472, 454, 230, 157, 75, 51, 161, 380, 195, 80, 91, 424, 147, 334, 69, 385, 179, 76, 293, 119, 134, 132, 138, 3, 41, 282, 274, 66, 259, 25, 266, 283, 457, 317, 449, 71, 370, 300, 43, 101, 348, 166, 111, 224, 92, 24, 240, 253, 28, 276, 248, 19, 78, 358, 403, 399, 159, 17, 460, 290, 337, 316, 401, 140, 235, 160, 232, 359, 468, 364, 60, 105, 223, 35, 391, 321, 341, 289, 153, 124, 448, 383, 213, 345, 265, 188, 158, 439, 50, 326, 360, 196, 245, 368, 277, 219, 84, 471, 442, 243, 464, 104, 176, 242, 389, 273, 222, 432, 190, 54, 63, 297, 171, 298, 187, 186, 7, 149, 388, 435, 103]
og index list energy: 230319766.1909501
index list: [273, 465, 290, 430, 292, 221, 423, 260, 436, 44, 345, 39, 464, 270, 452, 54, 380, 152, 346, 109, 351, 312, 155, 434, 172, 339, 241, 353, 161, 427, 182, 151, 453, 125, 392, 135, 47, 265, 93, 64, 41, 258, 25, 374, 254, 473, 202, 80, 36, 329, 205, 451, 177, 215, 425, 179, 140, 415, 198, 200, 358, 43, 340, 237, 463, 91, 435, 76, 363, 289, 148, 81, 386, 293, 214, 193, 211, 413, 96, 259, 191, 341, 35, 59, 466, 275, 400, 313, 234, 410, 316, 331, 310, 223, 92, 224, 26, 239, 28, 462, 14, 315, 8, 426, 326, 305, 257, 300, 176, 459, 203, 219, 37, 347, 188, 335, 12, 281, 124, 149, 354, 68, 402, 277, 352, 13, 344, 85, 467, 7, 420, 134, 207, 422, 199, 408, 9, 87, 457, 136, 342, 115, 395, 70, 379, 291, 447, 105, 343, 55, 469, 314, 321, 122, 220, 139, 104, 51, 355, 71, 278, 106, 170, 432, 311, 166, 365, 185, 455, 77, 350, 212, 307, 263, 384, 79, 424, 53, 364, 45, 404, 138, 396, 0, 361, 163, 73, 399, 100, 444, 22, 330, 208, 153, 1, 297, 50, 383, 49, 114, 407, 332, 387, 325, 201, 60, 120, 210, 324, 272, 159, 38, 228, 385, 227, 30, 287, 132, 244, 437, 240, 409, 164, 382, 271, 319, 31, 282, 294, 32, 405, 195, 4, 460, 248, 286, 226, 398, 187, 440, 29, 303, 206, 20, 97, 181, 378, 169, 449, 264, 472, 16, 418, 5, 359, 2, 252, 3, 367, 102, 439, 46, 86, 173, 23, 442, 147, 157, 390, 17, 34, 253, 174, 285, 72, 441, 111, 461, 267, 334, 33, 419, 131, 18, 218, 84, 184, 189, 250, 119, 348, 158, 171, 243, 126, 98, 406, 144, 121, 283, 89, 154, 308, 255, 296, 450, 19, 376, 274, 397, 333, 301, 150, 235, 75, 456, 190, 357, 194, 196, 454, 197, 433, 21, 337, 328, 10, 411, 251, 230, 458, 165, 391, 146, 448, 238, 101, 389, 95, 323, 11, 245, 24, 401, 66, 62, 180, 284, 299, 156, 63, 366, 78, 183, 107, 362, 217, 317, 116, 445, 15, 356, 113, 175, 61, 128, 371, 94, 468, 143, 373, 117, 368, 141, 431, 216, 130, 320, 123, 375, 393, 261, 90, 288, 209, 336, 269, 302, 318, 127, 42, 65, 349, 133, 429, 268, 421, 57, 370, 83, 137, 394, 229, 82, 471, 178, 118, 99, 246, 40, 443, 168, 204, 192, 256, 69, 231, 322, 129, 52, 232, 67, 338, 309, 249, 276, 369, 266, 414, 242, 298, 225, 428, 56, 381, 74, 412, 416, 280, 470, 6, 372, 58, 388, 160, 295, 247, 112, 142, 377, 222, 145, 233, 327, 186, 446, 27, 403, 213, 108, 262, 110, 304, 279, 360, 48, 167, 88, 162, 438, 103, 417, 306, 236]
index list energy: 26355273.716324594
Done


program ended at: 2020-04-06 23:21:14.477529 
 time delta: 13:35:45.340356
