## SLURM PROLOG ###############################################################
##    Job ID : 11946002
##  Job Name : new_and_improved?
##  Nodelist : node1117
##      CPUs : 1
##  Mem/Node : 1024 MB
## Directory : /gpfs/data/nfawzi/skale/Fawzi_pycharm_project
##   Started : Sun Apr  5 22:55:50 EDT 2020
###############################################################################
program started at:2020-04-05 22:55:50.629592
iterations: 72000000 temp: 1000000.0 exponent: 0.9 eif: 300.0
time taken (sec): 49385.13563942909
number of iterations: 72000000
final temperature: 159.26791088519815
og index list: [172, 248, 130, 308, 258, 32, 351, 82, 192, 39, 62, 241, 55, 230, 223, 286, 74, 136, 250, 163, 224, 193, 173, 213, 412, 473, 34, 25, 153, 111, 284, 235, 441, 126, 138, 253, 326, 401, 329, 364, 36, 347, 399, 267, 271, 196, 205, 252, 181, 467, 385, 277, 376, 143, 103, 191, 120, 182, 159, 140, 14, 448, 429, 330, 121, 355, 53, 24, 289, 299, 227, 42, 154, 325, 128, 386, 4, 384, 387, 426, 198, 226, 319, 175, 240, 200, 332, 444, 302, 247, 18, 462, 388, 461, 194, 372, 393, 110, 268, 378, 457, 303, 331, 435, 137, 276, 231, 71, 225, 317, 282, 424, 189, 9, 97, 52, 363, 109, 123, 35, 188, 95, 85, 310, 391, 339, 201, 453, 436, 344, 162, 366, 313, 59, 6, 139, 447, 28, 212, 202, 368, 148, 434, 63, 470, 348, 459, 375, 197, 54, 234, 394, 349, 295, 183, 273, 46, 118, 311, 11, 449, 237, 374, 56, 472, 439, 27, 151, 116, 296, 184, 455, 15, 333, 305, 157, 67, 12, 314, 48, 423, 60, 86, 244, 431, 342, 158, 275, 463, 81, 76, 147, 242, 464, 415, 293, 367, 357, 318, 61, 102, 45, 341, 91, 119, 371, 101, 75, 170, 298, 239, 43, 285, 79, 150, 262, 256, 122, 100, 70, 209, 104, 354, 124, 141, 419, 169, 400, 409, 272, 404, 94, 440, 362, 129, 160, 360, 171, 83, 78, 108, 203, 320, 422, 257, 190, 165, 309, 149, 40, 64, 5, 112, 66, 290, 29, 58, 390, 427, 177, 185, 161, 77, 381, 210, 451, 249, 3, 98, 458, 405, 403, 10, 398, 142, 328, 456, 417, 307, 96, 279, 65, 255, 208, 406, 41, 410, 321, 383, 72, 23, 353, 264, 178, 327, 468, 117, 30, 380, 297, 411, 73, 265, 281, 452, 51, 216, 414, 294, 49, 288, 106, 229, 50, 215, 69, 442, 207, 395, 392, 2, 21, 291, 167, 300, 206, 336, 269, 19, 92, 113, 316, 428, 99, 263, 233, 343, 217, 407, 17, 155, 432, 152, 146, 214, 358, 31, 166, 44, 274, 418, 135, 340, 68, 47, 93, 89, 134, 176, 222, 37, 324, 228, 396, 389, 356, 335, 236, 270, 471, 199, 373, 425, 306, 334, 145, 460, 107, 280, 315, 156, 408, 443, 132, 287, 438, 84, 90, 283, 168, 22, 278, 301, 57, 33, 365, 402, 259, 323, 416, 304, 220, 260, 26, 7, 361, 370, 322, 0, 195, 180, 337, 377, 80, 397, 204, 421, 346, 450, 125, 221, 338, 430, 38, 115, 469, 105, 218, 1, 127, 13, 164, 437, 446, 174, 144, 433, 369, 445, 246, 261, 87, 413, 292, 238, 211, 352, 312, 465, 186, 179, 16, 187, 131, 379, 266, 345, 420, 454, 20, 243, 8, 350, 245, 232, 114, 219, 251, 359, 88, 254, 382, 466, 133]
og index list energy: 239066869.24828964
index list: [253, 240, 443, 48, 439, 198, 205, 124, 195, 232, 178, 150, 379, 73, 449, 16, 470, 208, 11, 374, 7, 340, 193, 60, 444, 190, 70, 409, 141, 421, 12, 420, 179, 92, 158, 395, 220, 213, 445, 146, 119, 331, 156, 362, 121, 401, 157, 284, 45, 9, 390, 336, 23, 298, 304, 440, 260, 412, 261, 388, 325, 313, 463, 210, 209, 249, 108, 302, 341, 318, 251, 264, 399, 59, 88, 134, 344, 62, 26, 411, 27, 139, 82, 148, 162, 186, 375, 188, 282, 436, 225, 346, 270, 404, 250, 197, 428, 30, 430, 295, 166, 33, 86, 254, 64, 51, 468, 216, 93, 72, 258, 300, 110, 242, 212, 187, 431, 307, 184, 185, 417, 142, 334, 39, 464, 160, 283, 151, 432, 203, 406, 91, 234, 473, 227, 333, 20, 18, 191, 4, 369, 3, 299, 41, 376, 74, 365, 273, 123, 456, 67, 126, 144, 426, 229, 407, 152, 472, 116, 278, 161, 451, 175, 339, 84, 78, 19, 305, 389, 271, 201, 2, 358, 267, 319, 180, 384, 132, 377, 54, 387, 138, 394, 199, 206, 200, 400, 286, 169, 255, 310, 118, 96, 447, 211, 366, 130, 343, 314, 272, 425, 53, 373, 47, 363, 71, 83, 353, 233, 262, 68, 252, 136, 32, 37, 383, 89, 167, 217, 183, 69, 397, 168, 413, 99, 29, 34, 6, 207, 381, 104, 361, 147, 301, 170, 235, 15, 101, 155, 10, 467, 128, 380, 226, 427, 52, 385, 145, 452, 279, 457, 268, 25, 423, 85, 356, 291, 352, 57, 265, 79, 171, 76, 327, 309, 215, 1, 277, 342, 263, 0, 441, 117, 153, 372, 107, 287, 36, 402, 322, 149, 122, 435, 66, 410, 90, 174, 5, 189, 196, 403, 243, 382, 324, 81, 293, 438, 28, 177, 276, 308, 202, 355, 176, 172, 13, 416, 182, 111, 357, 49, 450, 257, 239, 219, 97, 114, 330, 115, 396, 61, 159, 14, 455, 35, 285, 80, 103, 371, 230, 471, 129, 320, 106, 354, 218, 335, 378, 95, 140, 391, 113, 460, 163, 448, 22, 21, 303, 8, 329, 40, 347, 46, 429, 137, 414, 244, 359, 87, 466, 94, 370, 222, 125, 405, 296, 434, 289, 131, 311, 173, 422, 24, 214, 269, 181, 337, 288, 109, 437, 192, 228, 323, 154, 256, 259, 246, 75, 461, 42, 98, 360, 112, 44, 453, 56, 105, 458, 312, 345, 321, 392, 274, 266, 204, 247, 120, 143, 398, 17, 442, 38, 419, 77, 133, 317, 100, 393, 238, 462, 221, 350, 292, 433, 306, 364, 165, 465, 55, 424, 248, 454, 332, 43, 368, 290, 223, 245, 280, 367, 237, 408, 275, 297, 127, 63, 315, 50, 281, 386, 135, 231, 58, 418, 328, 224, 349, 102, 459, 241, 348, 65, 446, 316, 338, 326, 415, 294, 31, 469, 194, 351, 164, 236]
index list energy: 29789610.235243518
Done


program ended at: 2020-04-06 12:38:56.173192 
 time delta: 13:43:05.543600
