## SLURM PROLOG ###############################################################
##    Job ID : 11945897
##  Job Name : new_and_improved?
##  Nodelist : node1301
##      CPUs : 1
##  Mem/Node : 1024 MB
## Directory : /gpfs/data/nfawzi/skale/Fawzi_pycharm_project
##   Started : Sun Apr  5 22:55:12 EDT 2020
###############################################################################
program started at:2020-04-05 22:55:16.208459
iterations: 72000000 temp: 1000000.0 exponent: 0.9 eif: 300.0
time taken (sec): 54963.97492170334
number of iterations: 72000000
final temperature: 159.26791088519815
og index list: [194, 422, 78, 347, 19, 377, 394, 373, 49, 65, 46, 370, 389, 277, 229, 96, 68, 414, 403, 278, 260, 442, 60, 272, 115, 76, 180, 313, 446, 382, 413, 266, 221, 293, 423, 462, 214, 359, 289, 156, 366, 63, 328, 348, 122, 67, 327, 256, 143, 121, 174, 157, 190, 276, 57, 239, 17, 456, 216, 273, 303, 211, 417, 77, 371, 292, 234, 351, 168, 93, 267, 342, 71, 319, 323, 469, 404, 34, 220, 374, 336, 385, 386, 360, 207, 449, 254, 191, 248, 346, 242, 61, 231, 315, 473, 235, 40, 363, 195, 158, 56, 55, 357, 181, 50, 286, 391, 173, 243, 135, 297, 213, 340, 471, 424, 358, 151, 217, 187, 401, 233, 41, 421, 6, 419, 452, 0, 8, 306, 309, 154, 334, 397, 123, 80, 281, 349, 451, 312, 411, 378, 387, 58, 79, 14, 15, 457, 355, 269, 240, 107, 44, 72, 294, 393, 237, 410, 227, 25, 318, 199, 308, 171, 105, 186, 352, 48, 439, 295, 160, 296, 468, 332, 271, 210, 129, 64, 162, 106, 188, 177, 54, 130, 390, 406, 432, 170, 317, 52, 124, 102, 381, 35, 178, 109, 399, 438, 208, 314, 166, 450, 103, 81, 251, 204, 219, 426, 333, 167, 437, 279, 83, 4, 198, 142, 51, 172, 448, 236, 10, 362, 331, 73, 159, 149, 45, 161, 288, 369, 21, 155, 330, 304, 420, 91, 114, 253, 141, 255, 128, 200, 425, 350, 205, 82, 412, 32, 379, 1, 84, 152, 261, 376, 335, 431, 95, 398, 467, 223, 282, 241, 74, 311, 365, 470, 192, 148, 27, 13, 321, 12, 29, 287, 144, 133, 228, 408, 384, 258, 415, 24, 189, 428, 326, 368, 218, 5, 136, 466, 138, 182, 305, 30, 28, 137, 364, 343, 298, 247, 179, 43, 131, 407, 104, 453, 443, 252, 119, 416, 42, 274, 245, 402, 94, 338, 259, 126, 263, 361, 112, 396, 433, 89, 101, 372, 392, 302, 265, 108, 97, 150, 329, 325, 98, 226, 460, 87, 249, 291, 300, 299, 445, 344, 464, 434, 140, 111, 18, 459, 354, 316, 16, 92, 224, 275, 38, 59, 436, 185, 146, 110, 268, 441, 165, 400, 117, 69, 169, 206, 31, 444, 290, 75, 134, 86, 22, 222, 440, 232, 238, 47, 458, 88, 100, 250, 353, 175, 125, 395, 113, 2, 285, 153, 455, 26, 367, 209, 339, 409, 301, 145, 20, 383, 176, 264, 270, 116, 463, 164, 127, 280, 405, 118, 37, 85, 262, 90, 341, 201, 246, 388, 283, 202, 53, 380, 139, 147, 66, 322, 427, 284, 257, 62, 7, 461, 163, 23, 454, 430, 203, 196, 244, 193, 70, 99, 39, 375, 310, 212, 435, 324, 337, 197, 320, 472, 215, 36, 345, 183, 184, 447, 120, 225, 429, 33, 230, 307, 418, 465, 9, 132, 11, 3, 356]
og index list energy: 272009547.2878403
index list: [131, 153, 370, 173, 357, 307, 116, 326, 429, 235, 226, 31, 397, 44, 337, 291, 447, 25, 149, 228, 192, 425, 33, 380, 270, 26, 367, 123, 434, 110, 273, 394, 292, 52, 181, 431, 171, 142, 211, 417, 199, 457, 19, 432, 197, 210, 190, 405, 139, 467, 94, 339, 91, 12, 438, 13, 118, 111, 201, 243, 63, 16, 456, 60, 251, 112, 263, 15, 180, 455, 166, 215, 150, 259, 352, 39, 340, 69, 471, 202, 442, 212, 389, 120, 242, 422, 10, 185, 305, 295, 117, 347, 105, 353, 229, 433, 250, 203, 437, 90, 363, 158, 435, 296, 408, 141, 444, 244, 448, 299, 104, 334, 103, 364, 266, 277, 401, 335, 424, 7, 395, 205, 362, 8, 466, 14, 430, 36, 454, 200, 358, 306, 464, 294, 381, 221, 404, 275, 441, 195, 418, 9, 413, 325, 320, 267, 436, 42, 473, 301, 365, 96, 420, 17, 406, 62, 113, 22, 421, 274, 237, 343, 271, 284, 99, 155, 85, 138, 1, 184, 35, 140, 219, 43, 92, 83, 361, 21, 409, 56, 350, 208, 403, 223, 341, 321, 382, 74, 384, 57, 391, 137, 126, 152, 385, 73, 204, 115, 445, 134, 27, 81, 443, 147, 289, 175, 183, 310, 86, 53, 388, 0, 272, 411, 46, 315, 194, 439, 234, 461, 79, 426, 245, 165, 288, 366, 247, 121, 451, 38, 170, 374, 261, 351, 189, 240, 77, 427, 188, 68, 348, 66, 286, 20, 311, 76, 349, 178, 472, 312, 458, 268, 344, 5, 354, 193, 54, 37, 2, 379, 196, 40, 252, 136, 303, 132, 218, 30, 28, 387, 293, 64, 59, 360, 249, 338, 11, 298, 168, 216, 95, 459, 100, 187, 148, 342, 89, 264, 323, 160, 369, 151, 122, 214, 6, 468, 206, 415, 225, 246, 179, 440, 41, 383, 253, 174, 161, 34, 71, 399, 127, 162, 398, 144, 316, 402, 238, 97, 428, 48, 393, 61, 330, 129, 375, 172, 332, 414, 146, 236, 169, 450, 213, 154, 297, 93, 108, 157, 462, 322, 130, 24, 176, 372, 29, 256, 107, 258, 239, 23, 82, 88, 287, 51, 371, 143, 407, 231, 67, 167, 45, 412, 328, 227, 124, 145, 453, 18, 114, 133, 463, 220, 101, 446, 304, 233, 125, 377, 50, 423, 65, 449, 109, 282, 164, 346, 222, 262, 400, 290, 285, 279, 419, 248, 49, 230, 396, 163, 329, 87, 373, 241, 319, 75, 333, 410, 254, 255, 224, 378, 119, 265, 309, 392, 182, 159, 281, 470, 128, 135, 308, 324, 314, 283, 84, 269, 72, 78, 390, 106, 317, 156, 331, 313, 368, 102, 465, 260, 280, 278, 217, 47, 376, 80, 318, 257, 345, 336, 209, 198, 207, 416, 302, 386, 58, 460, 98, 452, 300, 327, 177, 359, 191, 276, 32, 469, 4, 355, 70, 3, 356, 55, 232, 186]
index list energy: 28168497.205357555
Done


program ended at: 2020-04-06 14:11:20.581542 
 time delta: 15:16:04.373083
