## SLURM PROLOG ###############################################################
##    Job ID : 11946017
##  Job Name : new_and_improved?
##  Nodelist : node1613
##      CPUs : 1
##  Mem/Node : 1024 MB
## Directory : /gpfs/data/nfawzi/skale/Fawzi_pycharm_project
##   Started : Sun Apr  5 22:55:49 EDT 2020
###############################################################################
program started at:2020-04-05 22:55:52.102499
iterations: 72000000 temp: 1000000.0 exponent: 0.9 eif: 300.0
time taken (sec): 70886.07797718048
number of iterations: 72000000
final temperature: 159.26791088519815
og index list: [205, 235, 427, 153, 200, 338, 30, 224, 26, 275, 456, 245, 233, 440, 403, 442, 381, 227, 385, 310, 127, 350, 95, 441, 241, 146, 38, 139, 34, 144, 169, 405, 41, 342, 107, 53, 406, 419, 353, 270, 43, 189, 452, 243, 156, 404, 122, 386, 151, 290, 37, 237, 219, 125, 439, 123, 12, 231, 365, 354, 19, 196, 244, 91, 325, 203, 473, 137, 22, 464, 329, 228, 96, 214, 247, 311, 145, 47, 70, 45, 58, 432, 36, 133, 453, 23, 17, 62, 356, 314, 257, 35, 309, 204, 246, 300, 168, 163, 262, 184, 215, 15, 322, 258, 232, 194, 1, 469, 345, 465, 236, 426, 397, 29, 141, 49, 88, 454, 387, 278, 190, 260, 132, 9, 166, 25, 157, 249, 443, 319, 111, 299, 402, 13, 448, 104, 40, 129, 370, 20, 398, 130, 199, 60, 347, 150, 239, 313, 167, 296, 207, 216, 179, 98, 273, 221, 323, 447, 126, 73, 372, 357, 429, 89, 75, 218, 82, 351, 389, 458, 316, 368, 11, 414, 84, 4, 165, 162, 33, 256, 327, 69, 416, 333, 183, 421, 451, 433, 462, 2, 308, 399, 105, 320, 392, 255, 21, 103, 109, 395, 468, 158, 472, 294, 408, 185, 269, 7, 31, 225, 159, 252, 348, 94, 271, 77, 280, 201, 283, 267, 155, 113, 409, 415, 407, 274, 206, 364, 16, 81, 212, 138, 261, 86, 154, 174, 148, 100, 99, 44, 360, 63, 298, 438, 291, 412, 312, 288, 307, 161, 449, 264, 297, 340, 446, 424, 335, 118, 413, 202, 234, 337, 18, 180, 181, 466, 211, 295, 470, 198, 268, 177, 65, 32, 124, 437, 92, 358, 213, 410, 226, 375, 277, 287, 172, 420, 149, 136, 78, 187, 434, 317, 28, 50, 8, 460, 66, 401, 431, 394, 101, 85, 71, 115, 400, 423, 46, 418, 121, 250, 147, 76, 254, 178, 192, 272, 176, 332, 188, 383, 79, 0, 14, 422, 396, 341, 229, 359, 286, 390, 117, 171, 10, 388, 361, 328, 379, 106, 120, 87, 248, 304, 74, 54, 302, 114, 251, 367, 324, 48, 193, 391, 24, 463, 318, 377, 175, 444, 362, 253, 384, 373, 240, 330, 445, 222, 382, 471, 293, 457, 259, 191, 430, 134, 90, 428, 331, 242, 303, 289, 170, 336, 97, 61, 6, 363, 52, 51, 411, 343, 344, 346, 371, 67, 301, 55, 380, 210, 321, 306, 266, 3, 57, 64, 282, 461, 186, 140, 5, 292, 56, 119, 378, 112, 110, 450, 238, 436, 425, 459, 135, 393, 276, 209, 27, 352, 315, 39, 152, 326, 366, 116, 197, 173, 160, 339, 263, 355, 182, 142, 467, 83, 108, 334, 131, 220, 164, 374, 143, 68, 369, 208, 305, 281, 223, 435, 195, 376, 265, 279, 230, 59, 349, 42, 93, 285, 102, 128, 217, 284, 455, 80, 417, 72]
og index list energy: 220328604.44918343
index list: [149, 153, 343, 285, 192, 323, 212, 64, 33, 258, 111, 451, 69, 305, 217, 236, 105, 467, 179, 378, 76, 434, 58, 0, 97, 53, 460, 312, 398, 301, 87, 410, 231, 146, 346, 52, 400, 161, 472, 159, 57, 144, 416, 83, 428, 137, 376, 104, 364, 247, 130, 216, 15, 298, 113, 317, 112, 61, 67, 281, 387, 177, 386, 296, 320, 237, 466, 157, 106, 86, 186, 204, 55, 46, 429, 73, 415, 12, 420, 168, 406, 45, 34, 190, 82, 148, 233, 313, 42, 414, 44, 362, 205, 250, 31, 246, 10, 449, 260, 122, 170, 243, 462, 65, 162, 238, 447, 328, 24, 377, 13, 108, 99, 265, 50, 155, 278, 129, 423, 322, 253, 202, 389, 38, 360, 8, 334, 136, 160, 396, 47, 375, 90, 297, 116, 124, 294, 18, 473, 273, 425, 332, 382, 264, 395, 56, 419, 309, 418, 133, 464, 62, 347, 255, 103, 357, 2, 408, 25, 171, 4, 333, 256, 263, 32, 123, 286, 77, 276, 365, 293, 424, 172, 151, 433, 270, 359, 43, 438, 280, 440, 16, 9, 409, 36, 92, 336, 199, 174, 321, 363, 290, 368, 251, 201, 23, 384, 195, 249, 63, 392, 60, 390, 59, 329, 27, 318, 271, 30, 361, 142, 446, 48, 445, 197, 441, 40, 261, 463, 163, 181, 439, 316, 461, 225, 241, 455, 41, 356, 154, 340, 173, 371, 325, 37, 303, 72, 436, 3, 391, 128, 134, 213, 228, 288, 248, 468, 223, 430, 39, 374, 208, 349, 164, 457, 187, 291, 207, 383, 20, 1, 337, 240, 184, 49, 319, 125, 327, 302, 348, 29, 239, 75, 26, 283, 131, 176, 287, 51, 373, 139, 427, 88, 369, 78, 331, 220, 200, 198, 215, 381, 85, 282, 66, 411, 180, 456, 310, 380, 219, 121, 465, 101, 354, 115, 80, 279, 435, 98, 315, 70, 353, 68, 412, 35, 338, 307, 6, 102, 458, 277, 393, 304, 183, 175, 156, 453, 165, 470, 267, 140, 71, 421, 166, 350, 274, 242, 437, 17, 224, 370, 147, 109, 214, 401, 95, 145, 450, 91, 407, 21, 252, 7, 403, 28, 397, 262, 150, 226, 388, 244, 110, 245, 272, 379, 292, 308, 230, 358, 178, 234, 385, 326, 351, 259, 191, 366, 188, 193, 5, 235, 74, 284, 89, 269, 135, 84, 402, 324, 94, 394, 143, 404, 117, 118, 268, 342, 169, 405, 120, 289, 114, 218, 79, 232, 119, 209, 107, 443, 203, 254, 127, 300, 257, 167, 372, 93, 299, 158, 367, 335, 345, 185, 459, 14, 355, 11, 344, 229, 442, 222, 295, 152, 211, 432, 81, 471, 469, 132, 339, 19, 426, 54, 452, 306, 311, 141, 352, 96, 454, 22, 330, 227, 341, 275, 448, 314, 417, 221, 422, 266, 444, 100, 413, 206, 210, 196, 399, 126, 189, 194, 431, 182, 138]
index list energy: 29955691.881999154
Done


program ended at: 2020-04-06 18:37:18.536535 
 time delta: 19:41:26.434036
