## SLURM PROLOG ###############################################################
##    Job ID : 12006062
##  Job Name : new_and_improved?
##  Nodelist : node1117
##      CPUs : 1
##  Mem/Node : 1024 MB
## Directory : /gpfs/data/nfawzi/skale/Fawzi_pycharm_project
##   Started : Mon Apr  6 13:09:30 EDT 2020
###############################################################################
program started at:2020-04-06 13:09:31.004348
iterations: 72000000 temp: 1000000.0 exponent: 0.9 eif: 300.0
time taken (sec): 44635.83198595047
number of iterations: 72000000
final temperature: 159.26791088519815
og index list: [354, 381, 185, 471, 252, 96, 108, 23, 57, 407, 0, 316, 409, 268, 464, 67, 439, 85, 250, 345, 459, 200, 284, 363, 361, 362, 280, 118, 71, 294, 158, 248, 245, 159, 455, 140, 192, 367, 110, 8, 153, 321, 385, 425, 115, 457, 410, 353, 29, 21, 176, 421, 37, 59, 175, 161, 145, 101, 263, 454, 20, 147, 125, 405, 356, 228, 14, 113, 247, 265, 238, 164, 229, 136, 222, 319, 201, 149, 239, 204, 467, 342, 325, 255, 143, 195, 55, 83, 470, 436, 320, 344, 203, 461, 198, 417, 134, 378, 370, 189, 16, 215, 182, 52, 54, 100, 392, 132, 355, 207, 4, 53, 389, 211, 123, 371, 124, 301, 224, 22, 12, 142, 241, 327, 154, 312, 279, 98, 375, 308, 135, 249, 169, 119, 246, 69, 202, 27, 151, 418, 61, 39, 317, 452, 335, 82, 172, 444, 307, 62, 226, 275, 398, 183, 463, 373, 448, 416, 94, 181, 33, 76, 379, 296, 309, 131, 105, 394, 350, 441, 128, 126, 403, 196, 199, 162, 122, 286, 116, 111, 75, 256, 278, 31, 282, 7, 310, 205, 214, 160, 227, 87, 298, 127, 323, 347, 225, 93, 43, 438, 51, 216, 129, 194, 107, 97, 156, 141, 219, 49, 89, 237, 357, 177, 95, 28, 358, 273, 429, 360, 24, 41, 277, 338, 390, 424, 396, 428, 337, 292, 443, 253, 393, 137, 267, 60, 266, 178, 399, 213, 232, 152, 58, 336, 311, 223, 9, 340, 430, 26, 400, 186, 408, 13, 285, 261, 210, 341, 383, 270, 146, 368, 269, 217, 218, 117, 220, 42, 45, 435, 305, 120, 332, 291, 73, 212, 289, 395, 415, 404, 318, 328, 302, 34, 47, 77, 397, 423, 329, 306, 168, 300, 90, 402, 173, 366, 297, 56, 274, 447, 445, 78, 442, 209, 295, 46, 324, 17, 234, 233, 450, 174, 365, 197, 374, 112, 32, 104, 427, 91, 426, 422, 63, 322, 287, 109, 380, 80, 433, 377, 401, 260, 453, 25, 138, 92, 1, 5, 420, 240, 102, 258, 163, 440, 157, 193, 314, 281, 148, 466, 304, 272, 251, 74, 359, 283, 106, 330, 346, 167, 187, 230, 468, 349, 339, 313, 221, 386, 36, 369, 180, 303, 244, 458, 184, 290, 11, 411, 243, 384, 462, 88, 84, 387, 3, 372, 206, 473, 334, 35, 315, 66, 231, 40, 388, 114, 451, 446, 15, 18, 351, 271, 150, 382, 99, 19, 419, 2, 414, 139, 449, 293, 460, 352, 170, 103, 264, 50, 208, 68, 165, 166, 333, 190, 456, 412, 65, 236, 242, 38, 432, 72, 121, 376, 299, 254, 364, 288, 86, 30, 64, 391, 276, 434, 191, 171, 331, 469, 179, 155, 472, 235, 257, 79, 81, 406, 326, 10, 133, 188, 259, 144, 6, 431, 343, 48, 413, 130, 465, 44, 262, 348, 70, 437]
og index list energy: 236574409.32835042
index list: [187, 291, 318, 91, 174, 158, 338, 30, 193, 235, 172, 279, 3, 140, 426, 88, 388, 134, 27, 427, 63, 354, 78, 362, 262, 276, 222, 127, 468, 142, 216, 57, 358, 7, 136, 70, 356, 10, 372, 238, 251, 146, 436, 72, 434, 39, 395, 14, 367, 6, 350, 38, 93, 242, 329, 260, 298, 219, 440, 8, 421, 208, 167, 284, 302, 239, 22, 287, 194, 415, 138, 402, 28, 252, 198, 205, 412, 48, 77, 386, 101, 447, 263, 197, 189, 43, 374, 230, 390, 277, 472, 225, 394, 332, 383, 96, 297, 269, 25, 112, 159, 322, 161, 288, 265, 203, 157, 299, 84, 278, 139, 106, 324, 181, 437, 109, 435, 169, 451, 211, 342, 199, 381, 206, 433, 9, 439, 79, 128, 317, 144, 389, 47, 411, 229, 385, 307, 186, 413, 104, 382, 248, 334, 326, 407, 54, 183, 202, 337, 190, 414, 45, 391, 116, 115, 379, 100, 387, 226, 129, 86, 274, 281, 463, 156, 393, 336, 253, 160, 443, 293, 64, 126, 131, 328, 49, 430, 132, 370, 275, 446, 89, 349, 163, 353, 241, 283, 33, 133, 445, 99, 428, 17, 462, 137, 416, 83, 351, 75, 257, 457, 42, 355, 65, 21, 92, 247, 154, 153, 1, 227, 259, 162, 401, 231, 73, 303, 261, 420, 331, 155, 311, 266, 459, 151, 456, 71, 397, 19, 305, 470, 295, 223, 270, 171, 286, 254, 188, 209, 2, 449, 59, 74, 315, 327, 26, 340, 310, 360, 290, 458, 173, 454, 333, 85, 191, 236, 20, 438, 335, 348, 149, 108, 185, 51, 232, 58, 0, 352, 53, 319, 23, 255, 285, 119, 453, 18, 408, 4, 429, 5, 455, 192, 81, 345, 12, 361, 249, 60, 176, 424, 35, 432, 244, 423, 123, 121, 363, 46, 325, 175, 246, 224, 359, 113, 461, 217, 378, 98, 417, 304, 170, 441, 168, 37, 377, 272, 369, 294, 316, 398, 105, 425, 40, 339, 36, 371, 364, 67, 233, 245, 135, 346, 296, 69, 204, 250, 31, 207, 400, 212, 309, 365, 44, 122, 97, 120, 103, 396, 41, 308, 218, 95, 344, 180, 405, 90, 366, 177, 419, 52, 215, 184, 11, 323, 29, 347, 313, 464, 68, 392, 306, 406, 66, 228, 24, 431, 13, 258, 111, 357, 300, 130, 422, 147, 125, 343, 166, 404, 50, 409, 143, 469, 55, 442, 268, 403, 314, 452, 110, 165, 213, 380, 62, 330, 301, 450, 15, 118, 32, 214, 196, 473, 195, 448, 271, 466, 243, 145, 376, 141, 124, 61, 465, 152, 368, 102, 467, 237, 418, 312, 282, 80, 87, 399, 320, 292, 114, 56, 256, 200, 210, 267, 201, 148, 179, 234, 471, 221, 373, 178, 410, 16, 460, 240, 273, 82, 182, 107, 321, 34, 289, 76, 220, 264, 150, 117, 341, 164, 444, 375, 384, 94, 280]
index list energy: 26803955.645822294
Done


program ended at: 2020-04-07 01:33:27.198682 
 time delta: 12:23:56.194334
