## SLURM PROLOG ###############################################################
##    Job ID : 12005693
##  Job Name : new_and_improved?
##  Nodelist : node1127
##      CPUs : 1
##  Mem/Node : 1024 MB
## Directory : /gpfs/data/nfawzi/skale/Fawzi_pycharm_project
##   Started : Mon Apr  6 12:45:46 EDT 2020
###############################################################################
program started at:2020-04-06 12:45:47.951187
iterations: 72000000 temp: 1000000.0 exponent: 0.9 eif: 300.0
time taken (sec): 43880.88395214081
number of iterations: 72000000
final temperature: 159.26791088519815
og index list: [203, 46, 93, 273, 43, 192, 165, 176, 97, 367, 296, 251, 19, 404, 233, 378, 38, 313, 307, 44, 237, 241, 324, 305, 75, 187, 108, 236, 402, 82, 28, 33, 338, 69, 384, 80, 220, 76, 385, 88, 107, 79, 354, 142, 158, 41, 51, 246, 343, 253, 277, 137, 411, 290, 39, 99, 293, 471, 369, 276, 283, 275, 410, 1, 247, 120, 183, 439, 36, 74, 201, 455, 347, 78, 160, 285, 68, 332, 261, 238, 350, 6, 57, 415, 407, 2, 262, 341, 374, 31, 126, 346, 213, 186, 473, 337, 351, 409, 199, 349, 319, 167, 23, 234, 413, 72, 255, 405, 375, 229, 54, 18, 29, 197, 334, 306, 216, 432, 30, 328, 146, 356, 37, 249, 263, 47, 65, 252, 87, 357, 180, 161, 464, 50, 417, 461, 340, 467, 339, 421, 21, 34, 151, 27, 64, 95, 463, 9, 279, 125, 14, 318, 227, 100, 16, 391, 443, 278, 370, 52, 62, 470, 445, 135, 444, 300, 174, 433, 191, 32, 434, 420, 113, 214, 45, 128, 114, 119, 77, 104, 181, 228, 401, 110, 456, 348, 89, 259, 382, 416, 418, 412, 0, 291, 303, 431, 172, 225, 136, 435, 49, 289, 25, 8, 250, 91, 268, 399, 325, 175, 270, 207, 15, 371, 335, 84, 198, 140, 468, 117, 145, 438, 244, 178, 179, 295, 215, 127, 170, 193, 381, 139, 195, 301, 304, 331, 321, 124, 422, 426, 281, 56, 245, 460, 394, 85, 169, 177, 4, 383, 63, 453, 352, 86, 147, 315, 210, 266, 376, 226, 380, 379, 235, 144, 310, 116, 314, 406, 3, 26, 388, 103, 451, 462, 372, 243, 317, 129, 429, 130, 168, 326, 90, 258, 159, 308, 204, 153, 330, 164, 459, 162, 143, 269, 208, 395, 365, 441, 106, 55, 59, 472, 200, 423, 61, 316, 217, 211, 66, 373, 112, 292, 442, 35, 280, 353, 282, 323, 173, 20, 364, 267, 362, 377, 297, 430, 70, 230, 134, 150, 60, 298, 102, 141, 71, 392, 428, 194, 24, 132, 148, 157, 53, 264, 390, 7, 171, 469, 223, 155, 448, 212, 427, 440, 424, 414, 190, 309, 408, 17, 133, 156, 449, 302, 209, 333, 12, 101, 218, 366, 98, 387, 363, 286, 121, 83, 257, 272, 458, 254, 96, 40, 240, 105, 294, 182, 398, 138, 397, 368, 94, 109, 11, 256, 232, 342, 5, 389, 73, 188, 450, 312, 288, 92, 465, 359, 67, 206, 437, 327, 457, 447, 185, 425, 48, 260, 196, 202, 271, 393, 154, 361, 219, 311, 454, 284, 287, 358, 466, 299, 436, 360, 118, 13, 81, 149, 329, 320, 400, 265, 184, 336, 10, 166, 231, 452, 419, 22, 248, 42, 123, 345, 221, 163, 122, 189, 242, 111, 322, 205, 58, 239, 344, 115, 403, 274, 386, 355, 396, 152, 446, 224, 131, 222]
og index list energy: 276966898.098028
index list: [131, 51, 414, 173, 103, 386, 100, 462, 105, 463, 143, 363, 137, 423, 58, 313, 1, 57, 162, 360, 62, 299, 217, 391, 113, 283, 99, 467, 218, 112, 292, 17, 394, 123, 265, 52, 433, 45, 73, 187, 228, 437, 13, 37, 429, 172, 130, 263, 395, 83, 471, 139, 41, 378, 104, 374, 238, 239, 25, 92, 126, 291, 352, 224, 250, 209, 200, 399, 9, 424, 243, 298, 120, 121, 375, 50, 315, 302, 155, 151, 323, 47, 451, 325, 416, 53, 349, 233, 444, 270, 435, 253, 36, 442, 336, 470, 222, 254, 306, 380, 65, 308, 213, 412, 87, 439, 127, 347, 248, 430, 166, 125, 140, 301, 398, 7, 468, 12, 232, 266, 141, 379, 274, 220, 147, 255, 317, 237, 310, 355, 116, 454, 260, 150, 436, 226, 457, 72, 288, 465, 163, 178, 445, 98, 400, 74, 425, 264, 327, 102, 319, 177, 34, 229, 421, 117, 279, 405, 300, 259, 3, 219, 440, 32, 2, 20, 376, 257, 366, 202, 431, 149, 432, 146, 22, 79, 450, 106, 403, 43, 368, 16, 351, 332, 384, 247, 33, 464, 231, 10, 455, 272, 46, 258, 26, 134, 27, 453, 76, 365, 223, 241, 345, 8, 78, 337, 55, 393, 85, 138, 397, 159, 61, 293, 204, 160, 318, 89, 385, 135, 275, 357, 285, 165, 466, 267, 314, 191, 4, 5, 420, 164, 408, 169, 413, 240, 28, 469, 335, 225, 344, 324, 144, 316, 419, 63, 448, 281, 340, 49, 389, 56, 158, 411, 80, 156, 54, 372, 184, 14, 364, 35, 174, 30, 434, 21, 0, 333, 404, 208, 287, 153, 183, 119, 338, 88, 84, 417, 59, 459, 157, 215, 245, 227, 472, 180, 82, 322, 181, 284, 68, 205, 170, 278, 60, 256, 249, 303, 107, 286, 269, 203, 328, 271, 31, 124, 91, 452, 235, 44, 354, 290, 128, 234, 109, 449, 295, 321, 373, 42, 406, 307, 70, 320, 110, 216, 15, 410, 189, 236, 195, 193, 188, 115, 441, 185, 122, 460, 176, 246, 93, 118, 38, 64, 69, 252, 95, 11, 330, 24, 346, 29, 40, 418, 66, 387, 71, 458, 96, 402, 75, 161, 362, 261, 377, 39, 446, 18, 343, 175, 426, 277, 167, 311, 145, 282, 108, 23, 276, 342, 129, 101, 456, 331, 309, 382, 244, 401, 48, 381, 133, 361, 438, 268, 369, 186, 305, 443, 294, 353, 304, 359, 168, 341, 242, 214, 192, 182, 171, 206, 196, 199, 334, 210, 390, 326, 407, 251, 262, 97, 201, 211, 428, 194, 207, 356, 111, 396, 179, 312, 114, 367, 221, 230, 86, 94, 297, 296, 280, 371, 77, 388, 81, 447, 136, 329, 212, 409, 152, 383, 273, 348, 132, 358, 289, 461, 198, 370, 197, 392, 6, 350, 339, 190, 19, 422, 154, 427, 142, 415, 67, 473, 90, 148]
index list energy: 27443475.132720158
Done


program ended at: 2020-04-07 00:57:09.173957 
 time delta: 12:11:21.222770
