## SLURM PROLOG ###############################################################
##    Job ID : 11960890
##  Job Name : new_and_improved?
##  Nodelist : node1309
##      CPUs : 1
##  Mem/Node : 1024 MB
## Directory : /gpfs/data/nfawzi/skale/Fawzi_pycharm_project
##   Started : Mon Apr  6 02:15:27 EDT 2020
###############################################################################
program started at:2020-04-06 02:15:32.866234
iterations: 72000000 temp: 1000000.0 exponent: 0.9 eif: 300.0
time taken (sec): 35604.37544798851
number of iterations: 72000000
final temperature: 159.26791088519815
og index list: [304, 377, 286, 470, 366, 421, 53, 77, 248, 121, 185, 413, 3, 338, 210, 284, 427, 432, 263, 389, 349, 303, 459, 181, 82, 317, 367, 199, 392, 65, 156, 380, 278, 260, 198, 71, 214, 441, 372, 9, 126, 458, 402, 424, 39, 408, 243, 340, 48, 250, 310, 21, 176, 313, 92, 72, 368, 69, 334, 320, 183, 167, 325, 218, 387, 307, 456, 208, 219, 13, 266, 363, 141, 425, 403, 0, 401, 430, 179, 438, 189, 7, 315, 127, 78, 190, 227, 391, 385, 224, 104, 225, 335, 36, 467, 172, 433, 235, 442, 211, 253, 34, 173, 359, 364, 292, 108, 170, 95, 197, 94, 452, 422, 238, 239, 234, 28, 400, 200, 443, 4, 106, 237, 296, 371, 14, 291, 295, 440, 116, 201, 10, 406, 434, 59, 153, 100, 373, 84, 62, 87, 157, 160, 428, 191, 117, 226, 162, 311, 236, 449, 143, 85, 415, 79, 460, 63, 83, 276, 281, 16, 411, 187, 462, 40, 418, 395, 128, 386, 74, 195, 22, 358, 312, 473, 165, 344, 419, 161, 451, 103, 414, 70, 465, 118, 37, 31, 420, 257, 111, 55, 447, 42, 282, 233, 329, 158, 24, 328, 17, 228, 105, 217, 193, 155, 19, 354, 280, 205, 294, 242, 404, 264, 405, 168, 293, 46, 97, 383, 109, 412, 314, 267, 464, 119, 289, 397, 362, 330, 144, 277, 67, 182, 436, 101, 102, 129, 337, 269, 27, 326, 33, 75, 466, 5, 51, 279, 309, 178, 30, 232, 54, 299, 112, 249, 93, 41, 222, 171, 345, 285, 73, 417, 300, 180, 50, 384, 259, 89, 468, 245, 196, 247, 216, 410, 136, 26, 174, 124, 207, 134, 110, 275, 122, 270, 47, 437, 113, 251, 287, 439, 8, 49, 453, 44, 322, 324, 290, 407, 32, 132, 272, 297, 265, 450, 416, 151, 448, 262, 341, 56, 376, 347, 130, 137, 206, 350, 444, 58, 446, 80, 220, 241, 6, 254, 455, 169, 431, 213, 273, 188, 60, 11, 149, 390, 382, 353, 29, 240, 145, 61, 107, 20, 379, 346, 423, 202, 336, 120, 35, 18, 352, 302, 394, 88, 229, 426, 12, 339, 230, 268, 298, 2, 388, 252, 429, 150, 261, 343, 164, 321, 25, 471, 288, 140, 461, 81, 99, 212, 209, 370, 38, 96, 396, 23, 246, 305, 64, 308, 333, 146, 131, 142, 409, 66, 463, 348, 45, 469, 374, 319, 91, 138, 154, 356, 147, 148, 177, 231, 365, 52, 76, 244, 454, 369, 355, 133, 256, 15, 274, 57, 318, 472, 271, 398, 68, 323, 357, 184, 215, 258, 135, 375, 163, 399, 86, 457, 393, 331, 192, 221, 316, 301, 114, 378, 166, 204, 175, 152, 283, 361, 360, 351, 125, 255, 306, 90, 381, 342, 159, 194, 139, 123, 332, 327, 1, 203, 186, 115, 98, 445, 43, 435, 223]
og index list energy: 277466597.47671884
index list: [63, 236, 49, 386, 309, 80, 87, 288, 70, 82, 459, 144, 57, 392, 222, 289, 463, 273, 430, 314, 60, 174, 59, 407, 277, 457, 332, 384, 231, 65, 301, 359, 67, 461, 142, 381, 173, 450, 141, 320, 26, 409, 147, 257, 341, 75, 259, 319, 312, 363, 264, 394, 121, 346, 164, 462, 52, 438, 42, 371, 72, 420, 112, 12, 378, 190, 387, 116, 365, 272, 227, 398, 247, 32, 362, 107, 77, 282, 454, 17, 86, 69, 126, 46, 354, 186, 411, 235, 100, 404, 99, 97, 40, 444, 33, 167, 353, 96, 433, 8, 184, 178, 443, 336, 448, 306, 211, 349, 22, 453, 64, 114, 466, 88, 297, 85, 373, 44, 124, 321, 351, 262, 276, 228, 244, 358, 158, 68, 435, 187, 303, 271, 298, 242, 34, 326, 395, 291, 396, 221, 401, 163, 118, 237, 442, 74, 140, 175, 334, 325, 364, 197, 370, 206, 369, 295, 205, 446, 335, 183, 311, 7, 382, 263, 403, 115, 423, 166, 432, 269, 328, 119, 333, 37, 329, 21, 406, 81, 472, 138, 367, 43, 360, 188, 189, 194, 250, 16, 357, 196, 337, 339, 9, 415, 302, 130, 278, 293, 471, 83, 436, 261, 389, 98, 290, 201, 199, 207, 300, 128, 330, 185, 155, 323, 89, 317, 218, 152, 419, 117, 275, 340, 131, 220, 304, 241, 352, 274, 307, 251, 416, 151, 265, 47, 347, 171, 30, 342, 25, 249, 465, 203, 71, 177, 441, 198, 170, 425, 270, 385, 331, 230, 223, 414, 238, 379, 313, 39, 405, 149, 460, 11, 134, 27, 233, 157, 84, 391, 219, 179, 215, 283, 202, 210, 376, 20, 455, 106, 51, 245, 66, 204, 6, 281, 348, 45, 437, 193, 15, 299, 216, 132, 129, 473, 195, 377, 14, 356, 35, 246, 160, 258, 176, 426, 76, 308, 172, 94, 399, 292, 137, 127, 397, 139, 255, 125, 143, 50, 338, 120, 145, 449, 322, 95, 181, 383, 154, 368, 105, 18, 345, 253, 135, 212, 31, 252, 113, 287, 10, 452, 180, 467, 156, 434, 93, 239, 296, 456, 217, 123, 350, 41, 366, 78, 286, 310, 284, 79, 24, 162, 122, 428, 192, 108, 168, 214, 324, 54, 390, 146, 417, 229, 468, 91, 355, 169, 110, 36, 243, 375, 200, 209, 213, 439, 101, 447, 226, 161, 150, 470, 248, 464, 225, 429, 294, 56, 413, 55, 421, 267, 315, 2, 388, 13, 458, 5, 48, 191, 361, 53, 73, 427, 109, 23, 445, 102, 285, 38, 380, 260, 305, 159, 111, 256, 28, 62, 400, 224, 372, 318, 61, 374, 90, 240, 418, 0, 1, 451, 208, 327, 29, 232, 153, 92, 316, 343, 279, 422, 103, 182, 165, 424, 148, 234, 58, 440, 266, 344, 4, 402, 19, 410, 3, 393, 254, 133, 104, 408, 136, 412, 469, 280, 431, 268]
index list energy: 29007059.975480884
Done


program ended at: 2020-04-06 12:08:57.624876 
 time delta: 9:53:24.758642
