## SLURM PROLOG ###############################################################
##    Job ID : 11946018
##  Job Name : new_and_improved?
##  Nodelist : node1613
##      CPUs : 1
##  Mem/Node : 1024 MB
## Directory : /gpfs/data/nfawzi/skale/Fawzi_pycharm_project
##   Started : Sun Apr  5 22:55:52 EDT 2020
###############################################################################
program started at:2020-04-05 22:55:52.415947
iterations: 72000000 temp: 1000000.0 exponent: 0.9 eif: 300.0
time taken (sec): 65290.6183784008
number of iterations: 72000000
final temperature: 159.26791088519815
og index list: [362, 429, 320, 211, 94, 338, 66, 239, 89, 49, 153, 182, 199, 348, 109, 177, 311, 366, 309, 42, 459, 261, 3, 390, 219, 137, 367, 37, 288, 287, 285, 350, 336, 181, 461, 422, 164, 175, 72, 100, 433, 117, 46, 150, 216, 377, 63, 346, 162, 440, 180, 86, 269, 263, 29, 20, 448, 157, 74, 206, 432, 56, 224, 331, 277, 447, 339, 186, 237, 395, 352, 39, 383, 437, 148, 351, 307, 312, 136, 363, 256, 200, 301, 21, 468, 108, 458, 283, 188, 119, 212, 64, 294, 168, 166, 135, 43, 420, 5, 191, 52, 322, 364, 465, 40, 80, 170, 22, 257, 389, 231, 470, 304, 370, 173, 169, 473, 75, 229, 172, 70, 184, 382, 250, 262, 290, 400, 280, 41, 156, 436, 427, 246, 318, 90, 16, 315, 335, 152, 345, 411, 139, 146, 95, 84, 266, 8, 275, 14, 368, 327, 303, 445, 78, 413, 337, 142, 326, 125, 0, 412, 36, 34, 214, 444, 4, 55, 158, 340, 391, 375, 195, 123, 178, 161, 398, 201, 387, 286, 460, 414, 30, 185, 404, 333, 329, 355, 264, 91, 163, 140, 271, 268, 51, 220, 77, 446, 11, 353, 332, 187, 67, 282, 202, 452, 31, 463, 47, 284, 203, 192, 449, 111, 217, 371, 102, 354, 132, 73, 455, 198, 128, 6, 416, 403, 215, 122, 310, 44, 409, 357, 378, 328, 223, 81, 176, 276, 28, 240, 112, 410, 278, 462, 369, 204, 396, 93, 88, 179, 319, 33, 62, 106, 274, 196, 358, 306, 349, 107, 341, 38, 61, 13, 342, 83, 190, 113, 293, 453, 53, 365, 25, 279, 126, 115, 27, 92, 218, 213, 360, 265, 243, 205, 26, 114, 439, 247, 443, 183, 272, 97, 208, 381, 17, 71, 435, 270, 464, 144, 300, 171, 380, 325, 408, 385, 59, 134, 393, 9, 118, 233, 230, 330, 314, 82, 79, 361, 18, 456, 54, 388, 7, 130, 254, 50, 376, 116, 324, 76, 379, 209, 225, 110, 48, 12, 120, 251, 267, 87, 321, 96, 194, 469, 129, 372, 242, 424, 32, 343, 85, 323, 305, 147, 232, 207, 252, 291, 295, 131, 103, 373, 442, 23, 45, 248, 397, 249, 434, 259, 19, 297, 10, 407, 193, 426, 356, 454, 35, 253, 419, 425, 189, 167, 151, 431, 402, 244, 133, 227, 430, 234, 197, 1, 258, 401, 471, 467, 472, 235, 143, 296, 423, 347, 149, 374, 174, 298, 124, 154, 221, 418, 289, 104, 222, 441, 141, 255, 317, 228, 392, 138, 159, 241, 334, 417, 405, 428, 451, 15, 344, 299, 98, 359, 399, 308, 450, 457, 438, 155, 210, 245, 313, 121, 273, 394, 105, 226, 24, 302, 281, 384, 386, 58, 260, 421, 57, 65, 406, 466, 292, 127, 145, 101, 415, 69, 160, 238, 99, 316, 2, 68, 236, 60, 165]
og index list energy: 251355408.2733962
index list: [331, 230, 350, 12, 362, 42, 228, 137, 373, 129, 345, 143, 405, 50, 167, 227, 435, 88, 176, 428, 105, 347, 133, 451, 35, 218, 168, 321, 393, 91, 263, 192, 185, 303, 47, 258, 85, 338, 28, 454, 194, 188, 351, 219, 193, 160, 298, 45, 320, 99, 400, 255, 161, 260, 399, 165, 359, 292, 179, 276, 414, 313, 389, 66, 259, 20, 171, 4, 5, 220, 147, 412, 209, 32, 340, 217, 360, 96, 448, 25, 377, 14, 2, 457, 191, 132, 387, 94, 305, 349, 103, 342, 141, 367, 83, 363, 101, 242, 343, 289, 252, 65, 311, 128, 470, 72, 379, 304, 355, 38, 419, 152, 455, 225, 71, 473, 222, 310, 0, 384, 264, 288, 281, 472, 130, 118, 241, 369, 39, 396, 102, 364, 221, 357, 332, 234, 417, 43, 372, 164, 376, 294, 327, 273, 390, 74, 434, 98, 334, 290, 339, 237, 445, 325, 243, 201, 274, 463, 326, 256, 189, 151, 173, 97, 208, 153, 58, 1, 79, 392, 64, 254, 205, 198, 337, 90, 385, 291, 380, 138, 398, 27, 365, 6, 166, 354, 157, 272, 408, 67, 232, 48, 3, 464, 21, 324, 18, 404, 119, 68, 444, 29, 446, 73, 449, 333, 114, 437, 26, 284, 226, 86, 328, 235, 306, 300, 459, 244, 432, 277, 81, 92, 100, 381, 270, 247, 41, 441, 117, 299, 285, 223, 429, 9, 370, 302, 308, 159, 213, 344, 142, 59, 297, 322, 271, 211, 391, 195, 197, 37, 450, 267, 30, 424, 187, 124, 56, 361, 111, 426, 19, 466, 13, 378, 11, 233, 63, 82, 120, 57, 175, 239, 112, 15, 287, 10, 122, 283, 60, 108, 131, 156, 282, 240, 407, 318, 215, 245, 200, 395, 75, 248, 323, 93, 440, 149, 415, 286, 249, 261, 184, 51, 140, 84, 265, 80, 77, 423, 296, 431, 309, 461, 87, 447, 61, 352, 145, 348, 104, 229, 469, 136, 203, 76, 411, 144, 127, 436, 180, 236, 123, 238, 471, 257, 216, 139, 106, 403, 146, 452, 78, 135, 170, 458, 312, 356, 110, 113, 279, 374, 17, 329, 316, 442, 251, 422, 31, 462, 336, 406, 107, 150, 126, 7, 134, 341, 330, 280, 421, 70, 214, 212, 382, 301, 430, 8, 438, 33, 353, 206, 207, 250, 44, 465, 335, 383, 262, 163, 388, 178, 169, 368, 410, 54, 394, 16, 401, 199, 402, 196, 467, 210, 416, 190, 317, 158, 468, 121, 453, 231, 89, 246, 181, 278, 23, 319, 224, 183, 125, 162, 269, 109, 155, 443, 174, 40, 427, 266, 295, 202, 253, 36, 366, 24, 413, 293, 460, 433, 53, 425, 95, 456, 268, 375, 172, 55, 315, 182, 22, 371, 154, 397, 186, 420, 275, 418, 116, 62, 204, 46, 358, 69, 34, 177, 386, 49, 409, 314, 439, 52, 346, 307, 115, 148]
index list energy: 26829111.548224427
Done


program ended at: 2020-04-06 17:04:03.398397 
 time delta: 18:08:10.982450
