## SLURM PROLOG ###############################################################
##    Job ID : 11946025
##  Job Name : new_and_improved?
##  Nodelist : node1615
##      CPUs : 1
##  Mem/Node : 1024 MB
## Directory : /gpfs/data/nfawzi/skale/Fawzi_pycharm_project
##   Started : Sun Apr  5 22:55:51 EDT 2020
###############################################################################
program started at:2020-04-05 22:55:52.112430
iterations: 72000000 temp: 1000000.0 exponent: 0.9 eif: 300.0
time taken (sec): 73141.24557971954
number of iterations: 72000000
final temperature: 159.26791088519815
og index list: [131, 169, 464, 362, 224, 137, 416, 127, 351, 54, 186, 466, 436, 364, 281, 290, 21, 357, 375, 389, 206, 112, 176, 318, 404, 23, 33, 265, 149, 42, 434, 448, 308, 291, 277, 444, 117, 465, 115, 425, 462, 88, 11, 105, 197, 279, 230, 44, 0, 382, 122, 407, 37, 225, 406, 89, 220, 159, 255, 30, 392, 48, 136, 343, 129, 38, 354, 24, 113, 339, 333, 183, 292, 125, 82, 310, 251, 66, 180, 153, 325, 76, 9, 391, 422, 321, 461, 187, 299, 20, 349, 140, 460, 330, 302, 305, 469, 278, 244, 415, 381, 328, 257, 142, 472, 237, 22, 234, 380, 369, 172, 212, 36, 58, 447, 322, 254, 223, 418, 468, 420, 145, 306, 433, 424, 348, 26, 294, 51, 57, 274, 12, 93, 331, 28, 189, 276, 75, 246, 319, 298, 368, 133, 49, 56, 25, 458, 208, 108, 352, 39, 283, 282, 4, 335, 240, 286, 167, 275, 59, 459, 252, 195, 248, 261, 27, 258, 17, 132, 53, 239, 456, 419, 41, 453, 430, 266, 445, 52, 350, 439, 288, 193, 263, 168, 198, 184, 285, 378, 144, 463, 139, 40, 170, 264, 262, 174, 232, 250, 268, 408, 440, 143, 123, 104, 50, 358, 182, 80, 97, 311, 161, 346, 387, 79, 178, 77, 34, 467, 120, 236, 393, 450, 269, 417, 92, 121, 171, 400, 341, 438, 320, 409, 260, 431, 374, 91, 35, 10, 229, 345, 256, 194, 3, 432, 158, 344, 398, 300, 138, 128, 201, 96, 8, 213, 85, 219, 332, 217, 160, 90, 340, 470, 81, 72, 309, 135, 87, 228, 130, 65, 43, 390, 242, 280, 146, 241, 61, 427, 70, 106, 221, 423, 449, 110, 69, 336, 60, 388, 363, 200, 386, 175, 245, 376, 402, 377, 441, 68, 6, 396, 327, 421, 317, 116, 86, 231, 119, 45, 372, 207, 289, 124, 405, 1, 413, 154, 152, 46, 455, 267, 437, 199, 5, 473, 342, 316, 443, 313, 181, 295, 233, 307, 315, 94, 384, 165, 114, 16, 353, 162, 326, 95, 249, 399, 395, 452, 147, 247, 403, 163, 414, 156, 401, 155, 356, 301, 222, 355, 101, 7, 284, 370, 18, 71, 218, 134, 259, 103, 148, 179, 47, 78, 367, 347, 73, 157, 270, 216, 102, 412, 202, 14, 451, 100, 359, 98, 32, 107, 471, 446, 192, 83, 74, 253, 235, 371, 272, 428, 411, 312, 166, 211, 203, 173, 151, 304, 293, 2, 296, 29, 55, 190, 442, 410, 435, 31, 164, 196, 334, 210, 426, 191, 373, 338, 19, 243, 209, 323, 118, 238, 297, 141, 67, 188, 226, 287, 15, 64, 385, 99, 324, 84, 63, 227, 273, 214, 126, 397, 394, 185, 62, 337, 271, 303, 204, 215, 109, 366, 429, 379, 314, 177, 361, 360, 383, 150, 454, 13, 111, 457, 329, 205, 365]
og index list energy: 252987946.23121154
index list: [253, 58, 465, 202, 199, 198, 365, 184, 250, 205, 468, 226, 407, 96, 470, 35, 473, 245, 168, 375, 321, 335, 405, 19, 406, 310, 0, 1, 182, 53, 378, 109, 167, 362, 49, 297, 324, 134, 239, 79, 278, 15, 252, 107, 295, 89, 337, 76, 443, 261, 371, 101, 201, 190, 197, 207, 459, 211, 149, 216, 75, 186, 414, 171, 31, 45, 464, 210, 418, 29, 236, 267, 20, 32, 402, 28, 416, 242, 410, 325, 351, 5, 393, 2, 408, 138, 44, 148, 369, 195, 460, 194, 4, 189, 359, 12, 228, 247, 130, 341, 143, 374, 70, 94, 404, 127, 128, 432, 142, 411, 88, 433, 154, 423, 139, 346, 217, 436, 137, 255, 296, 421, 84, 377, 233, 78, 100, 183, 156, 159, 41, 399, 262, 427, 110, 292, 373, 54, 417, 206, 344, 6, 340, 90, 162, 240, 425, 126, 83, 467, 105, 34, 9, 419, 196, 382, 95, 352, 279, 456, 161, 17, 113, 355, 224, 333, 401, 77, 160, 429, 59, 390, 200, 288, 3, 191, 370, 81, 438, 132, 368, 177, 234, 363, 290, 422, 187, 291, 323, 36, 440, 116, 215, 354, 14, 283, 259, 396, 286, 257, 442, 181, 319, 219, 98, 258, 192, 318, 21, 315, 27, 284, 158, 428, 188, 209, 64, 13, 361, 311, 275, 298, 277, 356, 102, 329, 294, 99, 471, 314, 383, 178, 403, 151, 392, 16, 472, 47, 108, 25, 434, 135, 272, 446, 235, 46, 394, 67, 353, 50, 450, 268, 37, 308, 243, 462, 56, 93, 358, 213, 265, 147, 185, 204, 300, 174, 33, 51, 144, 302, 136, 336, 453, 71, 218, 176, 305, 48, 463, 24, 327, 166, 426, 43, 342, 193, 74, 62, 60, 293, 431, 244, 86, 66, 457, 220, 238, 322, 119, 334, 26, 256, 63, 412, 115, 448, 125, 345, 123, 386, 42, 97, 458, 285, 72, 391, 80, 304, 461, 309, 276, 447, 39, 367, 129, 320, 269, 225, 398, 153, 395, 301, 389, 146, 413, 117, 455, 163, 400, 316, 415, 175, 82, 384, 281, 282, 112, 227, 30, 349, 40, 150, 10, 452, 121, 73, 145, 445, 249, 388, 165, 328, 114, 439, 7, 91, 350, 230, 381, 330, 38, 441, 157, 23, 68, 287, 52, 122, 366, 164, 170, 65, 347, 106, 420, 61, 380, 57, 364, 229, 264, 357, 179, 372, 131, 313, 435, 221, 424, 273, 449, 241, 397, 152, 111, 338, 274, 22, 385, 263, 303, 254, 299, 69, 92, 222, 231, 11, 466, 141, 214, 360, 8, 454, 326, 232, 271, 246, 103, 118, 331, 312, 266, 87, 339, 332, 343, 237, 289, 124, 173, 155, 208, 376, 251, 444, 203, 317, 104, 140, 430, 120, 280, 451, 18, 212, 469, 248, 379, 172, 55, 307, 223, 437, 180, 169, 348, 260, 133, 270, 387, 306, 409, 85]
index list energy: 25601422.466206525
Done


program ended at: 2020-04-06 19:14:53.697315 
 time delta: 20:19:01.584885
