## SLURM PROLOG ###############################################################
##    Job ID : 11946067
##  Job Name : new_and_improved?
##  Nodelist : node1624
##      CPUs : 1
##  Mem/Node : 1024 MB
## Directory : /gpfs/data/nfawzi/skale/Fawzi_pycharm_project
##   Started : Sun Apr  5 22:55:52 EDT 2020
###############################################################################
program started at:2020-04-05 22:55:53.027571
iterations: 72000000 temp: 1000000.0 exponent: 0.9 eif: 300.0
time taken (sec): 59039.136622190475
number of iterations: 72000000
final temperature: 159.26791088519815
og index list: [6, 2, 288, 385, 370, 367, 324, 318, 380, 305, 408, 332, 289, 304, 137, 27, 72, 3, 98, 343, 34, 393, 62, 36, 43, 216, 193, 7, 323, 57, 151, 148, 63, 71, 142, 390, 454, 426, 322, 365, 125, 110, 463, 399, 382, 321, 28, 415, 41, 405, 40, 307, 300, 252, 459, 313, 281, 383, 96, 363, 276, 227, 78, 253, 338, 442, 287, 334, 319, 60, 234, 112, 205, 261, 369, 149, 118, 270, 387, 212, 258, 435, 306, 222, 273, 135, 188, 46, 355, 138, 371, 223, 303, 450, 356, 48, 330, 237, 461, 51, 169, 105, 241, 113, 317, 401, 219, 381, 272, 298, 75, 81, 264, 374, 285, 228, 243, 155, 45, 265, 296, 25, 424, 436, 176, 215, 115, 420, 384, 99, 377, 32, 257, 350, 159, 29, 211, 292, 133, 244, 368, 266, 14, 82, 438, 156, 376, 146, 144, 295, 246, 333, 111, 210, 199, 10, 277, 203, 260, 97, 386, 84, 378, 280, 419, 196, 108, 394, 341, 458, 52, 180, 158, 164, 140, 451, 208, 136, 59, 90, 402, 247, 183, 286, 54, 389, 33, 329, 447, 124, 168, 1, 414, 116, 278, 398, 114, 311, 184, 254, 364, 171, 283, 132, 209, 92, 431, 349, 267, 161, 5, 86, 88, 326, 9, 79, 327, 279, 416, 320, 425, 427, 181, 130, 262, 269, 437, 301, 167, 185, 443, 66, 13, 80, 353, 150, 290, 145, 293, 177, 268, 342, 109, 433, 18, 120, 50, 197, 126, 35, 468, 44, 308, 421, 102, 21, 157, 200, 428, 294, 74, 439, 206, 31, 469, 217, 94, 375, 17, 274, 345, 328, 441, 360, 407, 467, 352, 192, 61, 47, 107, 69, 291, 379, 178, 143, 340, 240, 83, 173, 229, 139, 220, 195, 26, 85, 406, 348, 309, 434, 4, 55, 117, 170, 58, 282, 122, 152, 242, 24, 409, 449, 235, 339, 397, 67, 100, 284, 214, 422, 230, 396, 68, 104, 256, 127, 335, 236, 103, 250, 413, 165, 471, 89, 38, 186, 154, 12, 128, 134, 163, 403, 452, 457, 53, 314, 119, 39, 388, 224, 263, 271, 344, 400, 429, 95, 361, 472, 207, 411, 337, 194, 445, 166, 225, 249, 64, 238, 446, 245, 93, 391, 351, 172, 470, 179, 465, 354, 316, 189, 455, 73, 357, 239, 410, 358, 440, 460, 42, 174, 123, 76, 49, 16, 101, 430, 251, 91, 366, 232, 412, 175, 453, 198, 325, 8, 275, 182, 417, 77, 373, 65, 231, 248, 218, 423, 432, 20, 0, 466, 162, 11, 310, 87, 392, 448, 106, 153, 347, 297, 255, 22, 221, 456, 70, 160, 129, 147, 121, 331, 131, 259, 404, 315, 336, 226, 395, 299, 213, 312, 37, 190, 141, 204, 191, 187, 201, 359, 30, 56, 233, 15, 462, 23, 464, 202, 473, 302, 372, 362, 346, 19, 444, 418]
og index list energy: 236180536.49141502
index list: [120, 84, 440, 222, 292, 146, 124, 274, 256, 129, 77, 469, 213, 397, 281, 240, 422, 290, 376, 316, 238, 431, 135, 407, 270, 217, 392, 314, 382, 311, 277, 465, 41, 439, 116, 454, 245, 101, 154, 297, 332, 212, 91, 69, 326, 362, 36, 37, 432, 271, 299, 300, 136, 187, 373, 242, 380, 42, 327, 39, 372, 275, 467, 335, 370, 211, 298, 119, 321, 108, 43, 308, 198, 259, 442, 26, 468, 7, 404, 6, 113, 255, 353, 40, 365, 148, 355, 132, 143, 446, 104, 408, 248, 357, 333, 401, 267, 171, 5, 389, 28, 214, 4, 347, 13, 386, 237, 183, 131, 220, 142, 72, 358, 312, 433, 174, 141, 461, 336, 276, 71, 398, 33, 403, 262, 250, 272, 360, 95, 99, 371, 117, 470, 304, 356, 164, 395, 291, 417, 44, 285, 260, 340, 100, 447, 325, 399, 65, 351, 61, 426, 63, 374, 219, 400, 203, 80, 115, 435, 48, 167, 451, 83, 472, 157, 58, 1, 284, 109, 346, 244, 75, 419, 29, 359, 273, 369, 54, 413, 230, 415, 181, 412, 263, 338, 22, 464, 286, 173, 424, 179, 445, 98, 462, 25, 216, 85, 155, 324, 229, 341, 81, 444, 296, 111, 138, 45, 218, 208, 134, 86, 233, 78, 368, 79, 288, 337, 30, 405, 253, 2, 437, 175, 361, 161, 70, 246, 223, 387, 168, 342, 202, 385, 189, 367, 53, 110, 318, 106, 24, 396, 14, 391, 192, 182, 152, 329, 151, 428, 96, 232, 16, 343, 10, 377, 156, 56, 204, 107, 76, 265, 251, 421, 328, 269, 59, 322, 185, 393, 57, 345, 247, 306, 390, 241, 82, 227, 438, 149, 92, 12, 287, 282, 313, 283, 293, 184, 19, 381, 224, 278, 0, 170, 409, 160, 457, 197, 194, 188, 209, 302, 122, 466, 35, 73, 226, 423, 339, 147, 427, 176, 414, 17, 207, 62, 305, 133, 50, 127, 144, 114, 93, 429, 206, 436, 8, 46, 352, 158, 236, 130, 112, 310, 443, 289, 350, 126, 38, 411, 102, 150, 193, 68, 315, 195, 235, 191, 201, 11, 239, 15, 354, 257, 323, 261, 379, 205, 384, 177, 215, 34, 172, 21, 453, 180, 140, 64, 23, 364, 199, 425, 200, 375, 210, 249, 452, 169, 450, 309, 163, 418, 243, 159, 331, 31, 252, 66, 32, 303, 20, 118, 9, 383, 105, 459, 268, 394, 307, 52, 294, 348, 47, 456, 221, 388, 166, 319, 103, 448, 51, 162, 366, 90, 410, 27, 317, 87, 334, 128, 434, 301, 295, 88, 402, 3, 449, 178, 455, 49, 231, 279, 441, 67, 153, 420, 225, 363, 266, 18, 473, 196, 190, 186, 406, 55, 463, 123, 378, 165, 97, 264, 458, 74, 471, 280, 460, 121, 320, 254, 89, 430, 139, 228, 60, 330, 137, 416, 125, 349, 94, 234, 344, 145, 258]
index list energy: 28976334.201977547
Done


program ended at: 2020-04-06 15:19:52.657418 
 time delta: 16:23:59.629847
