## SLURM PROLOG ###############################################################
##    Job ID : 11945906
##  Job Name : new_and_improved?
##  Nodelist : node1156
##      CPUs : 1
##  Mem/Node : 1024 MB
## Directory : /gpfs/data/nfawzi/skale/Fawzi_pycharm_project
##   Started : Sun Apr  5 22:55:11 EDT 2020
###############################################################################
program started at:2020-04-05 22:55:16.194385
iterations: 72000000 temp: 1000000.0 exponent: 0.9 eif: 300.0
time taken (sec): 36160.9115858078
number of iterations: 72000000
final temperature: 159.26791088519815
og index list: [200, 445, 275, 281, 159, 134, 46, 6, 394, 169, 441, 299, 390, 447, 194, 143, 285, 256, 352, 19, 455, 187, 184, 321, 88, 225, 99, 407, 33, 319, 47, 80, 419, 106, 429, 305, 286, 279, 4, 438, 63, 303, 289, 64, 337, 40, 53, 280, 389, 218, 461, 443, 360, 356, 101, 7, 346, 357, 287, 28, 66, 409, 125, 52, 208, 175, 209, 102, 9, 164, 262, 122, 68, 385, 247, 73, 154, 79, 30, 96, 270, 294, 206, 339, 388, 76, 338, 395, 222, 244, 416, 235, 37, 471, 366, 90, 124, 197, 271, 62, 173, 326, 316, 406, 81, 239, 267, 59, 231, 391, 427, 378, 165, 10, 301, 111, 157, 118, 468, 370, 205, 411, 423, 86, 39, 401, 379, 87, 381, 236, 202, 365, 195, 221, 374, 426, 318, 108, 373, 94, 149, 100, 336, 317, 313, 392, 288, 216, 228, 89, 284, 97, 364, 198, 43, 166, 257, 38, 434, 148, 105, 210, 98, 58, 29, 107, 417, 433, 70, 399, 361, 117, 444, 2, 60, 452, 274, 32, 158, 383, 362, 248, 397, 91, 207, 215, 5, 350, 310, 420, 408, 201, 8, 349, 185, 300, 312, 131, 404, 450, 174, 382, 183, 156, 451, 191, 454, 298, 219, 437, 322, 327, 181, 152, 112, 189, 422, 34, 188, 263, 25, 265, 83, 51, 211, 130, 56, 347, 273, 309, 282, 233, 268, 431, 277, 414, 332, 120, 26, 415, 459, 146, 220, 71, 333, 449, 465, 177, 153, 464, 129, 20, 182, 230, 204, 193, 254, 314, 23, 367, 386, 172, 121, 453, 126, 226, 15, 171, 0, 329, 324, 44, 77, 315, 435, 351, 95, 135, 328, 186, 114, 410, 162, 21, 463, 234, 311, 35, 283, 266, 109, 456, 224, 460, 49, 190, 473, 42, 84, 119, 278, 255, 140, 16, 75, 341, 61, 371, 396, 138, 133, 402, 139, 261, 145, 292, 250, 227, 439, 344, 457, 330, 240, 213, 223, 50, 55, 418, 170, 342, 458, 127, 45, 253, 116, 393, 302, 258, 380, 179, 27, 376, 67, 14, 260, 440, 11, 413, 306, 466, 363, 132, 343, 296, 160, 196, 424, 104, 180, 358, 31, 161, 13, 340, 141, 229, 307, 320, 103, 22, 57, 93, 430, 446, 115, 128, 334, 113, 264, 246, 238, 192, 82, 150, 470, 214, 92, 123, 203, 85, 147, 232, 12, 251, 18, 359, 335, 36, 405, 243, 110, 291, 242, 276, 467, 252, 354, 375, 142, 369, 137, 17, 297, 412, 41, 167, 3, 48, 398, 432, 136, 245, 290, 384, 65, 155, 403, 259, 178, 199, 272, 355, 144, 436, 78, 421, 353, 368, 54, 348, 472, 295, 74, 372, 24, 469, 448, 323, 163, 400, 72, 331, 325, 237, 1, 442, 151, 269, 387, 293, 249, 241, 176, 428, 304, 69, 308, 345, 212, 168, 217, 377, 462, 425]
og index list energy: 260712880.1408387
index list: [254, 291, 416, 95, 390, 44, 344, 223, 397, 274, 327, 133, 86, 39, 432, 149, 452, 71, 360, 65, 288, 335, 28, 362, 219, 350, 294, 405, 105, 386, 101, 212, 387, 328, 185, 92, 23, 458, 7, 308, 159, 72, 418, 165, 461, 277, 155, 166, 396, 213, 358, 217, 392, 116, 395, 264, 347, 235, 121, 466, 164, 16, 231, 131, 78, 124, 99, 440, 261, 187, 148, 434, 218, 90, 120, 160, 351, 221, 410, 238, 426, 50, 341, 227, 471, 240, 242, 284, 263, 379, 260, 393, 251, 442, 12, 118, 296, 322, 285, 127, 391, 128, 430, 156, 47, 372, 64, 88, 450, 67, 317, 49, 441, 290, 438, 61, 348, 309, 366, 109, 375, 226, 151, 399, 172, 102, 232, 292, 414, 332, 422, 170, 449, 98, 462, 314, 428, 280, 472, 104, 444, 115, 403, 42, 376, 81, 423, 325, 424, 195, 400, 9, 443, 262, 354, 14, 214, 198, 398, 171, 336, 220, 301, 380, 26, 80, 25, 122, 107, 209, 281, 287, 22, 382, 269, 257, 425, 58, 464, 268, 404, 54, 377, 73, 158, 402, 190, 186, 469, 3, 340, 194, 4, 189, 246, 13, 365, 66, 295, 63, 346, 59, 374, 19, 208, 46, 373, 142, 1, 0, 468, 83, 70, 459, 15, 181, 297, 111, 342, 255, 153, 180, 470, 318, 110, 199, 457, 62, 201, 41, 40, 298, 168, 420, 8, 236, 35, 436, 243, 37, 385, 176, 389, 113, 339, 225, 454, 117, 316, 152, 345, 18, 237, 451, 234, 381, 313, 437, 197, 11, 371, 267, 278, 304, 94, 357, 53, 435, 266, 315, 135, 282, 126, 241, 465, 100, 97, 431, 248, 411, 193, 211, 228, 138, 283, 68, 239, 93, 245, 144, 300, 182, 29, 429, 45, 154, 323, 310, 256, 203, 77, 272, 343, 179, 183, 175, 355, 320, 173, 247, 103, 369, 271, 427, 215, 445, 163, 417, 141, 408, 229, 349, 279, 207, 177, 34, 205, 250, 286, 230, 334, 106, 324, 129, 421, 147, 312, 38, 433, 123, 216, 96, 352, 91, 265, 69, 394, 36, 406, 326, 140, 363, 270, 321, 75, 200, 415, 210, 249, 412, 333, 439, 192, 136, 456, 146, 447, 56, 174, 169, 384, 259, 33, 303, 161, 467, 21, 419, 139, 134, 27, 460, 60, 455, 253, 184, 51, 252, 202, 162, 302, 378, 463, 32, 473, 275, 167, 178, 319, 137, 143, 401, 87, 57, 407, 52, 233, 125, 453, 244, 329, 76, 368, 119, 85, 10, 383, 24, 108, 30, 311, 31, 204, 306, 293, 74, 206, 150, 337, 157, 359, 6, 370, 43, 367, 196, 448, 55, 258, 305, 79, 331, 289, 82, 307, 89, 364, 48, 114, 356, 17, 338, 132, 413, 84, 145, 409, 112, 222, 224, 361, 130, 299, 330, 273, 276, 446, 2, 388, 5, 191, 353, 188, 20]
index list energy: 27888110.310002923
Done


program ended at: 2020-04-06 08:57:57.467655 
 time delta: 10:02:41.273270
