## SLURM PROLOG ###############################################################
##    Job ID : 12005373
##  Job Name : new_and_improved?
##  Nodelist : node1117
##      CPUs : 1
##  Mem/Node : 1024 MB
## Directory : /gpfs/data/nfawzi/skale/Fawzi_pycharm_project
##   Started : Mon Apr  6 12:39:02 EDT 2020
###############################################################################
program started at:2020-04-06 12:39:03.828839
iterations: 72000000 temp: 1000000.0 exponent: 0.9 eif: 300.0
time taken (sec): 42545.89545917511
number of iterations: 72000000
final temperature: 159.26791088519815
og index list: [125, 343, 48, 219, 467, 337, 159, 389, 8, 147, 423, 77, 385, 296, 404, 453, 252, 329, 104, 209, 359, 264, 338, 129, 55, 301, 369, 375, 180, 462, 3, 83, 288, 438, 400, 179, 313, 14, 250, 440, 278, 344, 273, 347, 123, 260, 358, 392, 274, 190, 320, 432, 41, 408, 136, 40, 37, 388, 354, 239, 106, 261, 213, 122, 468, 114, 435, 217, 365, 62, 53, 168, 317, 44, 308, 172, 371, 272, 152, 243, 433, 85, 102, 314, 105, 7, 255, 355, 100, 342, 304, 112, 280, 380, 118, 463, 150, 0, 464, 126, 473, 384, 300, 121, 287, 34, 184, 398, 169, 16, 36, 216, 351, 289, 386, 2, 326, 311, 454, 204, 229, 425, 202, 271, 117, 69, 127, 86, 382, 54, 194, 449, 360, 52, 94, 315, 75, 472, 451, 396, 66, 357, 193, 120, 270, 161, 399, 154, 428, 420, 335, 70, 124, 188, 56, 334, 23, 353, 412, 390, 275, 363, 266, 59, 370, 427, 450, 284, 303, 249, 377, 199, 51, 110, 91, 419, 374, 38, 137, 49, 99, 416, 15, 195, 299, 192, 238, 166, 162, 460, 421, 414, 413, 218, 437, 90, 465, 178, 163, 156, 305, 139, 57, 135, 131, 111, 222, 257, 173, 407, 92, 13, 405, 431, 444, 191, 119, 283, 201, 231, 253, 155, 295, 196, 259, 298, 165, 141, 258, 331, 307, 361, 107, 206, 63, 367, 225, 262, 160, 291, 356, 242, 309, 103, 312, 149, 4, 170, 45, 234, 210, 176, 445, 276, 281, 226, 279, 101, 339, 157, 294, 348, 183, 198, 26, 241, 362, 256, 24, 60, 31, 403, 211, 212, 364, 10, 58, 108, 27, 372, 381, 197, 350, 282, 223, 373, 321, 65, 424, 46, 143, 442, 146, 153, 285, 426, 181, 333, 366, 397, 130, 115, 319, 434, 19, 470, 47, 410, 22, 227, 32, 200, 87, 265, 277, 452, 341, 116, 208, 422, 236, 393, 443, 30, 18, 379, 97, 466, 164, 293, 171, 133, 323, 207, 368, 324, 1, 240, 411, 267, 76, 448, 394, 383, 446, 113, 134, 80, 457, 82, 461, 33, 74, 95, 84, 378, 67, 306, 98, 71, 228, 247, 458, 268, 459, 64, 417, 332, 186, 39, 78, 346, 12, 233, 128, 6, 436, 330, 429, 387, 221, 336, 187, 182, 35, 214, 395, 142, 177, 402, 415, 269, 138, 68, 441, 235, 96, 263, 310, 325, 189, 42, 140, 327, 151, 21, 455, 203, 406, 290, 20, 349, 286, 230, 297, 205, 318, 9, 132, 248, 439, 167, 43, 409, 245, 109, 220, 471, 17, 158, 174, 376, 144, 224, 89, 292, 251, 50, 25, 232, 246, 175, 316, 79, 81, 28, 401, 61, 340, 302, 447, 456, 148, 418, 72, 254, 185, 469, 237, 391, 145, 29, 328, 430, 73, 244, 88, 5, 322, 352, 215, 11, 93, 345]
og index list energy: 300144993.50913507
index list: [2, 29, 355, 5, 473, 163, 388, 105, 415, 238, 452, 169, 308, 137, 150, 54, 446, 67, 126, 144, 60, 153, 338, 95, 417, 160, 34, 251, 204, 310, 293, 436, 22, 127, 155, 85, 162, 167, 340, 121, 409, 212, 351, 99, 214, 8, 307, 322, 119, 181, 337, 71, 33, 176, 110, 72, 334, 248, 305, 271, 256, 89, 394, 46, 120, 213, 383, 197, 423, 202, 148, 441, 335, 66, 97, 84, 395, 211, 454, 253, 306, 102, 349, 21, 461, 275, 252, 53, 463, 117, 386, 304, 384, 237, 295, 123, 466, 62, 465, 217, 140, 118, 274, 245, 129, 374, 244, 108, 294, 420, 23, 364, 147, 254, 93, 157, 42, 378, 226, 365, 331, 425, 339, 109, 78, 387, 166, 297, 100, 246, 151, 407, 224, 392, 229, 402, 141, 16, 427, 266, 398, 225, 403, 277, 344, 26, 435, 178, 414, 104, 438, 234, 131, 44, 342, 50, 443, 241, 432, 320, 90, 413, 77, 462, 180, 431, 101, 69, 92, 198, 400, 190, 396, 10, 64, 263, 469, 267, 393, 291, 343, 280, 366, 260, 283, 164, 401, 243, 370, 9, 389, 199, 209, 272, 218, 247, 68, 470, 250, 185, 361, 12, 341, 206, 194, 200, 235, 35, 265, 184, 324, 57, 159, 139, 460, 332, 457, 219, 380, 203, 18, 136, 356, 70, 348, 296, 426, 221, 381, 270, 262, 390, 179, 375, 6, 236, 15, 329, 11, 156, 124, 61, 258, 286, 397, 81, 430, 321, 468, 325, 410, 74, 201, 171, 336, 255, 56, 382, 65, 442, 24, 0, 208, 1, 376, 58, 456, 154, 358, 269, 132, 428, 59, 261, 289, 86, 187, 228, 278, 299, 112, 149, 168, 418, 175, 303, 17, 354, 177, 207, 447, 285, 193, 326, 433, 142, 421, 45, 300, 249, 114, 330, 192, 317, 91, 411, 158, 128, 458, 302, 63, 422, 31, 372, 36, 434, 28, 377, 327, 242, 352, 273, 444, 40, 350, 152, 318, 316, 232, 230, 424, 173, 183, 55, 440, 41, 37, 315, 281, 406, 88, 359, 312, 231, 87, 233, 125, 429, 106, 216, 328, 25, 287, 75, 222, 145, 259, 404, 20, 412, 188, 196, 4, 195, 367, 205, 405, 227, 14, 439, 13, 451, 133, 472, 48, 73, 416, 279, 353, 103, 83, 347, 76, 107, 170, 385, 30, 298, 189, 346, 290, 174, 172, 223, 345, 79, 453, 264, 467, 165, 360, 130, 215, 373, 333, 80, 32, 288, 191, 3, 363, 19, 408, 134, 27, 51, 445, 111, 82, 143, 369, 94, 161, 379, 38, 323, 39, 371, 115, 292, 239, 52, 357, 313, 391, 220, 314, 399, 268, 122, 257, 471, 186, 449, 49, 419, 47, 284, 309, 301, 282, 276, 138, 448, 240, 368, 135, 146, 437, 96, 319, 182, 311, 98, 455, 116, 464, 113, 450, 7, 362, 210, 459, 43]
index list energy: 26661086.645621516
Done


program ended at: 2020-04-07 00:28:10.112785 
 time delta: 11:49:06.283946
