## SLURM PROLOG ###############################################################
##    Job ID : 12005535
##  Job Name : new_and_improved?
##  Nodelist : node1111
##      CPUs : 1
##  Mem/Node : 1024 MB
## Directory : /gpfs/data/nfawzi/skale/Fawzi_pycharm_project
##   Started : Mon Apr  6 12:42:10 EDT 2020
###############################################################################
program started at:2020-04-06 12:42:10.328163
iterations: 72000000 temp: 1000000.0 exponent: 0.9 eif: 300.0
time taken (sec): 50198.69831442833
number of iterations: 72000000
final temperature: 159.26791088519815
og index list: [334, 134, 213, 261, 312, 306, 314, 40, 5, 233, 161, 132, 307, 115, 425, 310, 454, 70, 69, 324, 383, 6, 382, 31, 359, 171, 148, 60, 50, 131, 469, 265, 242, 298, 103, 444, 194, 330, 99, 221, 91, 144, 405, 317, 138, 328, 216, 294, 415, 192, 341, 284, 109, 72, 287, 283, 254, 395, 264, 398, 3, 136, 403, 219, 151, 438, 128, 15, 34, 224, 165, 337, 61, 466, 465, 87, 457, 270, 458, 323, 111, 296, 274, 327, 256, 0, 75, 57, 295, 416, 331, 125, 37, 205, 22, 52, 119, 238, 460, 20, 243, 351, 367, 118, 450, 272, 79, 319, 289, 404, 374, 471, 190, 249, 123, 92, 357, 468, 266, 407, 207, 38, 83, 117, 409, 366, 273, 89, 113, 362, 162, 155, 235, 258, 381, 348, 355, 56, 316, 428, 332, 62, 385, 391, 197, 420, 352, 377, 456, 211, 36, 285, 419, 127, 375, 455, 195, 336, 234, 286, 436, 59, 214, 411, 133, 122, 28, 313, 326, 423, 167, 325, 280, 356, 290, 291, 321, 472, 154, 268, 107, 346, 267, 446, 292, 442, 426, 380, 282, 333, 467, 204, 7, 281, 440, 350, 27, 45, 25, 432, 53, 253, 10, 46, 102, 275, 35, 387, 461, 183, 378, 104, 227, 228, 170, 299, 347, 320, 453, 389, 422, 369, 412, 401, 143, 260, 439, 58, 388, 24, 110, 65, 445, 452, 247, 30, 173, 434, 305, 277, 393, 17, 152, 463, 353, 358, 239, 93, 447, 153, 139, 156, 386, 349, 88, 187, 441, 399, 241, 269, 318, 145, 84, 259, 71, 427, 157, 160, 473, 130, 255, 210, 288, 188, 329, 32, 76, 2, 435, 106, 248, 365, 400, 397, 41, 308, 200, 252, 464, 208, 448, 360, 196, 232, 297, 302, 201, 371, 226, 263, 47, 257, 150, 408, 340, 80, 112, 4, 33, 85, 271, 443, 225, 199, 293, 392, 13, 335, 179, 198, 246, 217, 244, 301, 222, 43, 322, 39, 433, 418, 191, 172, 44, 345, 73, 189, 429, 164, 413, 86, 372, 181, 63, 68, 158, 250, 140, 178, 18, 175, 77, 424, 262, 129, 206, 193, 96, 166, 177, 16, 406, 98, 212, 1, 279, 421, 311, 376, 95, 410, 29, 379, 431, 236, 54, 230, 251, 159, 74, 231, 100, 168, 12, 121, 209, 174, 451, 114, 215, 176, 81, 26, 459, 23, 218, 14, 240, 276, 354, 202, 184, 396, 223, 8, 304, 146, 315, 309, 229, 237, 108, 141, 135, 414, 437, 105, 470, 11, 339, 402, 55, 64, 94, 430, 182, 300, 21, 124, 147, 390, 169, 97, 220, 116, 368, 19, 9, 66, 394, 82, 180, 373, 101, 363, 364, 203, 343, 417, 90, 449, 361, 49, 48, 149, 384, 163, 303, 342, 120, 51, 462, 185, 344, 78, 142, 186, 245, 278, 42, 137, 370, 67, 338, 126]
og index list energy: 245153123.92293102
index list: [49, 383, 210, 209, 200, 379, 52, 395, 198, 423, 241, 358, 182, 318, 330, 186, 124, 30, 219, 449, 24, 329, 110, 40, 416, 9, 446, 325, 363, 306, 451, 260, 399, 217, 401, 115, 405, 142, 443, 71, 310, 471, 120, 226, 262, 386, 172, 158, 376, 295, 100, 385, 203, 59, 441, 81, 162, 148, 215, 332, 419, 230, 438, 131, 161, 167, 31, 345, 53, 289, 462, 79, 463, 293, 322, 152, 362, 177, 183, 274, 272, 389, 36, 258, 132, 236, 208, 18, 378, 266, 459, 223, 427, 179, 458, 263, 26, 302, 422, 48, 283, 78, 391, 173, 111, 433, 324, 180, 27, 411, 107, 228, 218, 83, 92, 144, 69, 348, 195, 235, 250, 335, 72, 369, 255, 80, 279, 393, 257, 415, 95, 273, 366, 225, 118, 170, 334, 58, 473, 38, 374, 133, 86, 10, 457, 15, 373, 196, 197, 347, 189, 168, 408, 35, 204, 22, 288, 351, 130, 247, 121, 390, 312, 396, 188, 315, 336, 199, 206, 435, 0, 32, 394, 271, 278, 169, 359, 16, 344, 74, 442, 275, 350, 248, 448, 229, 176, 392, 28, 368, 253, 14, 6, 467, 300, 269, 134, 122, 354, 87, 317, 89, 281, 407, 125, 472, 135, 214, 65, 370, 333, 20, 447, 51, 155, 190, 265, 101, 469, 327, 240, 461, 221, 387, 282, 96, 429, 205, 365, 277, 452, 285, 41, 308, 113, 138, 187, 234, 413, 21, 372, 3, 232, 126, 143, 341, 307, 75, 19, 445, 62, 268, 254, 4, 431, 42, 425, 211, 245, 66, 201, 149, 303, 259, 192, 417, 286, 292, 119, 246, 320, 23, 388, 60, 410, 123, 106, 367, 243, 349, 8, 140, 33, 153, 352, 146, 191, 428, 2, 455, 5, 267, 421, 151, 398, 104, 437, 94, 470, 154, 231, 61, 97, 114, 464, 220, 129, 156, 420, 50, 63, 397, 128, 270, 355, 55, 453, 98, 414, 321, 382, 264, 466, 314, 99, 404, 331, 224, 460, 313, 364, 112, 311, 309, 450, 93, 181, 256, 141, 424, 244, 340, 185, 298, 68, 137, 338, 13, 108, 73, 402, 159, 164, 328, 12, 239, 249, 242, 430, 213, 361, 91, 251, 29, 284, 175, 150, 252, 304, 418, 77, 360, 296, 371, 339, 85, 102, 456, 109, 305, 222, 157, 139, 409, 25, 64, 57, 216, 47, 287, 84, 381, 316, 356, 290, 280, 400, 238, 384, 294, 432, 116, 299, 237, 434, 105, 468, 163, 444, 17, 276, 426, 70, 440, 39, 357, 147, 145, 44, 412, 193, 45, 34, 174, 194, 207, 171, 261, 465, 178, 7, 436, 160, 1, 117, 403, 103, 323, 227, 11, 343, 76, 82, 353, 202, 337, 301, 212, 46, 406, 184, 136, 56, 346, 54, 37, 377, 326, 439, 165, 319, 90, 297, 166, 454, 88, 233, 127, 67, 342, 380, 291, 375, 43]
index list energy: 29268688.5739638
Done


program ended at: 2020-04-07 02:38:49.403474 
 time delta: 13:56:39.075311
