## SLURM PROLOG ###############################################################
##    Job ID : 11946039
##  Job Name : new_and_improved?
##  Nodelist : node1617
##      CPUs : 1
##  Mem/Node : 1024 MB
## Directory : /gpfs/data/nfawzi/skale/Fawzi_pycharm_project
##   Started : Sun Apr  5 22:55:52 EDT 2020
###############################################################################
program started at:2020-04-05 22:55:53.106014
iterations: 72000000 temp: 1000000.0 exponent: 0.9 eif: 300.0
time taken (sec): 62814.82022237778
number of iterations: 72000000
final temperature: 159.26791088519815
og index list: [192, 216, 99, 133, 62, 397, 154, 269, 64, 439, 214, 370, 459, 418, 179, 218, 323, 344, 119, 145, 12, 274, 59, 312, 243, 261, 368, 35, 110, 190, 293, 454, 55, 130, 297, 233, 94, 285, 369, 38, 382, 224, 425, 223, 103, 231, 51, 75, 239, 350, 335, 31, 267, 264, 436, 429, 156, 336, 449, 300, 356, 207, 419, 193, 457, 121, 276, 334, 217, 4, 20, 275, 377, 6, 452, 384, 11, 286, 140, 387, 284, 87, 96, 316, 17, 81, 72, 298, 173, 409, 353, 282, 89, 308, 396, 131, 69, 390, 82, 104, 423, 408, 122, 433, 327, 115, 49, 13, 259, 142, 48, 71, 210, 392, 235, 330, 0, 136, 138, 280, 215, 466, 306, 180, 19, 9, 172, 428, 249, 413, 422, 281, 295, 227, 304, 34, 153, 365, 155, 44, 234, 340, 424, 456, 202, 29, 401, 415, 230, 351, 385, 168, 161, 91, 371, 118, 302, 123, 400, 315, 338, 467, 199, 361, 404, 238, 23, 393, 183, 278, 30, 58, 431, 184, 170, 129, 16, 159, 303, 43, 473, 310, 366, 343, 307, 196, 265, 442, 225, 347, 120, 228, 405, 240, 263, 208, 125, 52, 107, 92, 313, 283, 26, 33, 73, 448, 241, 430, 148, 176, 10, 399, 266, 137, 470, 346, 141, 444, 453, 417, 465, 85, 469, 204, 321, 260, 8, 45, 391, 379, 160, 28, 22, 157, 108, 124, 146, 317, 432, 158, 84, 288, 373, 206, 383, 472, 167, 95, 47, 61, 226, 460, 294, 375, 438, 100, 50, 117, 271, 253, 406, 279, 76, 447, 36, 126, 205, 57, 386, 328, 324, 463, 134, 171, 66, 250, 363, 416, 290, 151, 111, 395, 427, 74, 113, 355, 219, 162, 198, 372, 402, 78, 37, 150, 445, 398, 114, 3, 309, 1, 42, 60, 435, 394, 358, 175, 79, 314, 455, 357, 319, 229, 289, 257, 378, 403, 410, 86, 178, 320, 322, 451, 139, 412, 194, 331, 25, 221, 364, 237, 56, 105, 299, 287, 244, 426, 53, 380, 471, 339, 341, 149, 127, 337, 389, 411, 83, 163, 220, 248, 458, 18, 166, 360, 213, 258, 420, 348, 181, 245, 46, 203, 362, 188, 349, 437, 247, 251, 147, 80, 345, 191, 296, 255, 270, 268, 63, 40, 329, 381, 65, 332, 272, 189, 464, 376, 165, 326, 305, 211, 177, 24, 242, 106, 352, 182, 132, 93, 446, 246, 254, 414, 440, 144, 325, 434, 311, 236, 152, 68, 200, 143, 318, 77, 2, 164, 135, 185, 273, 232, 461, 21, 32, 197, 54, 388, 195, 128, 291, 116, 187, 201, 450, 112, 70, 15, 301, 292, 98, 109, 262, 359, 90, 27, 102, 39, 209, 407, 252, 88, 354, 67, 5, 441, 97, 468, 462, 277, 14, 333, 41, 367, 174, 342, 443, 101, 222, 212, 7, 186, 169, 374, 421, 256]
og index list energy: 241975050.9542388
index list: [120, 216, 333, 457, 62, 80, 184, 254, 228, 192, 469, 6, 450, 332, 348, 74, 352, 314, 316, 431, 109, 283, 27, 454, 257, 456, 95, 297, 127, 96, 397, 106, 382, 226, 23, 284, 87, 231, 168, 167, 60, 155, 190, 343, 193, 19, 37, 2, 341, 103, 402, 99, 327, 211, 178, 347, 290, 371, 22, 31, 337, 302, 451, 46, 392, 336, 267, 15, 471, 25, 148, 65, 385, 85, 403, 67, 455, 175, 408, 299, 166, 394, 223, 287, 114, 54, 317, 230, 179, 390, 169, 349, 294, 118, 136, 418, 203, 224, 472, 285, 13, 378, 281, 108, 185, 399, 45, 219, 381, 177, 242, 467, 272, 34, 40, 425, 69, 340, 269, 262, 461, 289, 82, 124, 220, 81, 417, 43, 334, 121, 72, 372, 156, 369, 164, 432, 222, 56, 421, 221, 453, 241, 150, 42, 427, 212, 440, 90, 100, 354, 105, 319, 304, 273, 460, 247, 328, 154, 78, 401, 233, 255, 125, 358, 24, 8, 355, 66, 405, 253, 75, 388, 14, 159, 251, 146, 387, 138, 420, 94, 423, 286, 350, 115, 383, 320, 89, 64, 83, 441, 57, 439, 324, 172, 73, 187, 282, 410, 128, 364, 3, 248, 435, 104, 345, 259, 370, 5, 252, 206, 171, 157, 84, 447, 107, 311, 7, 140, 375, 274, 398, 307, 39, 367, 331, 161, 428, 41, 448, 270, 376, 165, 437, 98, 459, 16, 151, 379, 263, 463, 142, 30, 76, 323, 111, 26, 204, 188, 191, 170, 196, 236, 79, 468, 335, 360, 243, 374, 261, 218, 152, 214, 139, 466, 77, 295, 300, 293, 32, 362, 4, 391, 202, 346, 318, 194, 235, 309, 464, 277, 438, 312, 436, 240, 174, 33, 137, 207, 149, 422, 116, 29, 239, 68, 265, 49, 406, 63, 215, 322, 176, 35, 28, 183, 158, 97, 92, 20, 377, 123, 201, 189, 407, 9, 298, 326, 415, 260, 445, 144, 373, 117, 58, 292, 50, 338, 325, 342, 276, 227, 353, 182, 237, 433, 163, 278, 53, 365, 51, 344, 38, 238, 443, 134, 213, 180, 446, 17, 470, 70, 102, 232, 93, 86, 225, 393, 135, 61, 452, 147, 249, 246, 271, 303, 173, 145, 442, 291, 458, 130, 361, 12, 110, 44, 258, 234, 11, 395, 217, 416, 244, 162, 0, 55, 1, 88, 426, 245, 296, 329, 306, 389, 429, 268, 473, 275, 384, 141, 279, 380, 112, 71, 288, 101, 256, 181, 122, 413, 266, 366, 129, 434, 195, 356, 91, 444, 197, 462, 10, 396, 133, 414, 52, 412, 229, 409, 113, 465, 198, 205, 250, 36, 351, 18, 359, 143, 305, 48, 280, 386, 310, 315, 132, 419, 160, 363, 210, 357, 200, 400, 199, 209, 313, 430, 153, 330, 119, 321, 308, 339, 126, 47, 404, 264, 59, 449, 131, 301, 21, 411, 424, 208, 368, 186]
index list energy: 29863860.82518644
Done


program ended at: 2020-04-06 16:22:48.293145 
 time delta: 17:26:55.187131
