## SLURM PROLOG ###############################################################
##    Job ID : 11946049
##  Job Name : new_and_improved?
##  Nodelist : node1620
##      CPUs : 1
##  Mem/Node : 1024 MB
## Directory : /gpfs/data/nfawzi/skale/Fawzi_pycharm_project
##   Started : Sun Apr  5 22:55:52 EDT 2020
###############################################################################
program started at:2020-04-05 22:55:52.288638
iterations: 72000000 temp: 1000000.0 exponent: 0.9 eif: 300.0
time taken (sec): 68392.56553649902
number of iterations: 72000000
final temperature: 159.26791088519815
og index list: [158, 44, 100, 142, 256, 390, 349, 315, 286, 333, 50, 54, 421, 36, 302, 244, 385, 96, 53, 261, 129, 296, 470, 297, 420, 189, 399, 15, 242, 124, 291, 115, 118, 465, 347, 156, 1, 437, 71, 80, 216, 292, 379, 182, 90, 167, 58, 95, 85, 464, 138, 246, 252, 371, 400, 206, 466, 327, 445, 226, 282, 26, 284, 161, 101, 154, 97, 406, 187, 283, 33, 463, 119, 428, 184, 183, 32, 200, 207, 203, 251, 123, 116, 417, 73, 331, 255, 196, 381, 269, 452, 155, 387, 280, 194, 450, 239, 314, 181, 219, 382, 271, 65, 30, 395, 199, 451, 288, 171, 169, 229, 176, 35, 231, 66, 121, 164, 342, 108, 102, 7, 126, 299, 235, 419, 409, 13, 64, 325, 20, 159, 105, 303, 453, 416, 56, 210, 31, 113, 367, 373, 335, 425, 19, 41, 249, 260, 225, 61, 357, 89, 91, 460, 211, 193, 209, 469, 473, 165, 131, 422, 67, 25, 82, 254, 52, 79, 295, 39, 377, 339, 323, 48, 355, 77, 351, 365, 98, 243, 16, 401, 170, 197, 232, 364, 336, 397, 394, 47, 202, 352, 433, 322, 300, 149, 75, 262, 17, 140, 87, 289, 404, 160, 345, 74, 157, 427, 341, 136, 40, 440, 337, 330, 328, 72, 227, 265, 340, 279, 432, 378, 55, 389, 109, 305, 180, 144, 415, 455, 444, 94, 461, 304, 2, 114, 356, 301, 248, 222, 11, 277, 10, 306, 308, 369, 150, 104, 78, 133, 88, 380, 270, 375, 319, 223, 45, 128, 236, 29, 145, 18, 112, 424, 388, 414, 290, 163, 411, 86, 276, 338, 310, 457, 278, 237, 360, 462, 272, 135, 168, 220, 27, 185, 418, 449, 117, 37, 447, 63, 213, 266, 120, 374, 370, 264, 429, 403, 125, 324, 111, 212, 366, 268, 60, 12, 359, 92, 332, 435, 224, 4, 454, 177, 273, 376, 59, 179, 146, 217, 309, 361, 439, 204, 205, 173, 106, 192, 43, 410, 195, 62, 153, 257, 221, 441, 317, 23, 234, 298, 139, 21, 93, 57, 38, 34, 127, 398, 84, 103, 250, 275, 396, 28, 218, 294, 263, 386, 358, 230, 258, 148, 76, 412, 343, 313, 259, 363, 311, 5, 215, 0, 174, 434, 430, 83, 191, 468, 247, 384, 241, 24, 172, 14, 188, 151, 166, 68, 51, 267, 456, 122, 443, 321, 353, 285, 407, 348, 186, 346, 354, 99, 274, 8, 408, 245, 436, 238, 431, 49, 6, 423, 287, 320, 22, 228, 130, 132, 402, 459, 42, 208, 467, 253, 383, 442, 190, 110, 162, 350, 368, 143, 362, 69, 471, 334, 326, 141, 344, 472, 214, 137, 201, 458, 426, 312, 175, 198, 107, 70, 3, 233, 316, 281, 81, 152, 134, 448, 446, 318, 392, 240, 413, 372, 438, 393, 405, 307, 46, 329, 391, 293, 147, 178, 9]
og index list energy: 273308168.3886977
index list: [213, 256, 112, 217, 360, 145, 133, 297, 320, 109, 350, 106, 377, 223, 288, 243, 416, 221, 466, 216, 21, 324, 27, 402, 60, 128, 82, 368, 254, 218, 185, 305, 125, 344, 71, 458, 87, 435, 137, 427, 120, 61, 471, 77, 468, 117, 309, 215, 386, 192, 207, 357, 154, 97, 135, 365, 332, 398, 261, 363, 19, 171, 231, 63, 405, 257, 250, 132, 356, 107, 230, 342, 335, 45, 388, 5, 450, 3, 86, 188, 378, 28, 376, 29, 373, 56, 352, 134, 366, 170, 441, 310, 418, 164, 88, 412, 49, 278, 169, 420, 41, 364, 330, 110, 241, 348, 247, 163, 387, 292, 103, 424, 96, 156, 124, 226, 159, 229, 265, 333, 434, 312, 433, 211, 343, 326, 92, 249, 285, 200, 404, 174, 195, 319, 44, 394, 264, 81, 419, 316, 390, 178, 445, 55, 379, 58, 374, 248, 375, 104, 358, 75, 323, 22, 245, 39, 140, 282, 442, 220, 262, 472, 198, 456, 337, 176, 446, 244, 284, 304, 401, 235, 113, 32, 457, 67, 461, 268, 473, 186, 422, 139, 400, 105, 385, 152, 69, 54, 467, 173, 391, 130, 283, 209, 184, 203, 301, 421, 251, 146, 62, 315, 52, 395, 165, 287, 98, 413, 26, 252, 90, 436, 111, 381, 293, 201, 18, 89, 338, 237, 289, 383, 273, 411, 266, 449, 277, 183, 260, 425, 95, 389, 290, 340, 99, 74, 396, 119, 64, 168, 78, 0, 208, 153, 191, 4, 48, 66, 353, 182, 149, 30, 167, 369, 328, 42, 236, 255, 281, 59, 239, 325, 76, 303, 35, 397, 286, 23, 452, 50, 459, 2, 447, 267, 20, 1, 318, 129, 155, 53, 407, 327, 306, 148, 460, 79, 345, 194, 11, 298, 222, 269, 84, 372, 72, 151, 172, 121, 228, 15, 181, 431, 274, 37, 406, 157, 10, 370, 307, 158, 68, 440, 100, 438, 212, 463, 300, 161, 469, 271, 331, 31, 453, 12, 367, 259, 122, 147, 126, 291, 417, 233, 162, 51, 302, 204, 14, 410, 36, 317, 336, 234, 414, 142, 341, 143, 347, 127, 380, 116, 94, 166, 114, 65, 263, 25, 101, 108, 13, 85, 346, 296, 93, 349, 73, 408, 136, 313, 437, 115, 34, 253, 187, 308, 6, 214, 242, 455, 24, 399, 202, 423, 206, 354, 8, 258, 429, 123, 91, 175, 432, 238, 426, 294, 464, 138, 454, 83, 384, 57, 150, 144, 465, 40, 118, 33, 392, 227, 295, 189, 276, 46, 322, 193, 70, 403, 9, 448, 205, 329, 272, 470, 80, 299, 17, 246, 141, 279, 444, 314, 462, 321, 382, 43, 361, 270, 451, 219, 280, 232, 102, 362, 240, 225, 393, 196, 210, 199, 190, 409, 197, 430, 16, 428, 275, 351, 180, 359, 131, 311, 38, 334, 179, 415, 224, 355, 160, 443, 7, 439, 177, 371, 339, 47]
index list energy: 29822815.30735829
Done


program ended at: 2020-04-06 17:55:45.197781 
 time delta: 18:59:52.909143
