## SLURM PROLOG ###############################################################
##    Job ID : 11946066
##  Job Name : new_and_improved?
##  Nodelist : node1624
##      CPUs : 1
##  Mem/Node : 1024 MB
## Directory : /gpfs/data/nfawzi/skale/Fawzi_pycharm_project
##   Started : Sun Apr  5 22:55:53 EDT 2020
###############################################################################
program started at:2020-04-05 22:55:53.587799
iterations: 72000000 temp: 1000000.0 exponent: 0.9 eif: 300.0
time taken (sec): 66780.8421163559
number of iterations: 72000000
final temperature: 159.26791088519815
og index list: [224, 128, 321, 334, 190, 247, 15, 26, 235, 99, 369, 262, 77, 400, 264, 256, 360, 277, 230, 291, 330, 239, 236, 222, 62, 37, 473, 399, 32, 243, 433, 314, 447, 92, 459, 85, 386, 231, 46, 105, 440, 361, 340, 275, 428, 173, 18, 209, 111, 343, 24, 397, 61, 250, 180, 373, 40, 251, 422, 452, 379, 407, 240, 144, 255, 208, 253, 460, 151, 415, 353, 6, 380, 456, 1, 117, 114, 263, 377, 113, 411, 310, 297, 191, 166, 269, 122, 427, 448, 145, 450, 465, 462, 374, 95, 413, 406, 116, 73, 424, 137, 79, 82, 276, 104, 342, 212, 206, 199, 283, 245, 388, 354, 7, 419, 86, 257, 25, 364, 349, 207, 202, 280, 387, 270, 170, 153, 248, 133, 383, 394, 402, 444, 51, 308, 325, 2, 305, 226, 265, 298, 429, 378, 89, 31, 98, 14, 259, 271, 36, 219, 347, 48, 87, 132, 315, 225, 16, 398, 288, 303, 60, 432, 169, 45, 442, 156, 58, 10, 22, 176, 324, 28, 71, 55, 421, 201, 338, 66, 363, 27, 266, 382, 409, 289, 454, 157, 11, 278, 41, 365, 136, 80, 370, 121, 371, 90, 464, 392, 414, 218, 396, 123, 404, 339, 203, 43, 158, 70, 65, 332, 149, 0, 124, 367, 67, 100, 49, 172, 282, 287, 412, 140, 97, 164, 182, 350, 181, 125, 147, 284, 333, 30, 467, 279, 165, 213, 295, 152, 8, 229, 177, 148, 449, 335, 471, 416, 372, 115, 94, 195, 443, 44, 445, 420, 307, 331, 311, 249, 150, 274, 220, 355, 425, 142, 234, 129, 281, 141, 344, 273, 64, 316, 33, 120, 431, 300, 228, 69, 227, 244, 216, 168, 47, 306, 451, 285, 84, 211, 362, 426, 217, 101, 68, 76, 96, 356, 368, 296, 221, 351, 438, 108, 472, 395, 135, 319, 126, 261, 408, 184, 130, 292, 403, 200, 320, 233, 83, 178, 106, 50, 189, 423, 154, 237, 81, 5, 171, 19, 466, 35, 102, 193, 127, 194, 410, 461, 304, 210, 21, 329, 93, 204, 348, 317, 352, 161, 327, 246, 88, 345, 336, 437, 389, 341, 453, 322, 54, 254, 146, 430, 293, 417, 59, 401, 214, 470, 162, 63, 434, 78, 160, 366, 91, 72, 458, 74, 109, 258, 301, 302, 57, 260, 313, 286, 357, 187, 192, 139, 393, 138, 110, 112, 143, 119, 328, 469, 381, 4, 174, 155, 205, 13, 242, 197, 309, 290, 391, 455, 457, 318, 446, 198, 390, 326, 75, 107, 384, 29, 42, 179, 223, 346, 359, 405, 267, 3, 323, 9, 183, 17, 385, 186, 23, 167, 441, 463, 232, 131, 238, 435, 215, 56, 34, 118, 188, 436, 134, 439, 268, 337, 294, 468, 376, 185, 272, 12, 299, 53, 38, 175, 159, 196, 39, 252, 163, 241, 52, 312, 375, 20, 418, 103, 358]
og index list energy: 249454235.84064838
index list: [318, 186, 337, 456, 14, 440, 111, 216, 103, 369, 320, 115, 361, 133, 406, 74, 404, 94, 82, 105, 425, 274, 390, 271, 377, 209, 173, 380, 98, 344, 263, 408, 312, 430, 237, 334, 136, 376, 333, 190, 201, 300, 185, 258, 219, 97, 66, 75, 410, 217, 414, 272, 298, 10, 363, 336, 357, 40, 407, 225, 423, 132, 374, 45, 352, 27, 122, 107, 451, 57, 242, 450, 138, 239, 251, 462, 255, 145, 261, 323, 29, 403, 31, 385, 62, 181, 466, 313, 371, 264, 411, 164, 447, 9, 436, 195, 362, 36, 399, 116, 198, 317, 104, 150, 155, 135, 232, 49, 305, 269, 231, 84, 102, 365, 295, 247, 235, 238, 346, 76, 389, 152, 183, 51, 297, 137, 452, 125, 443, 65, 420, 166, 308, 321, 424, 163, 415, 21, 468, 48, 67, 445, 110, 229, 421, 280, 71, 342, 143, 393, 50, 397, 332, 92, 175, 343, 55, 354, 327, 226, 384, 95, 72, 444, 120, 13, 417, 3, 302, 338, 89, 243, 87, 326, 228, 202, 347, 144, 438, 268, 375, 58, 453, 178, 467, 296, 93, 236, 100, 387, 123, 276, 46, 356, 25, 279, 471, 311, 134, 316, 419, 6, 463, 52, 80, 182, 165, 328, 172, 322, 112, 2, 265, 113, 162, 11, 223, 37, 470, 85, 275, 378, 88, 426, 139, 118, 196, 210, 197, 454, 205, 351, 253, 8, 433, 53, 349, 310, 284, 233, 129, 79, 252, 47, 432, 17, 388, 83, 358, 127, 234, 1, 465, 307, 33, 214, 54, 473, 68, 124, 149, 30, 286, 126, 324, 180, 114, 213, 386, 146, 359, 7, 204, 177, 434, 292, 106, 283, 22, 383, 99, 400, 270, 56, 174, 193, 211, 60, 256, 325, 15, 32, 364, 69, 442, 244, 379, 19, 0, 208, 171, 5, 372, 4, 170, 191, 392, 20, 370, 248, 448, 96, 350, 218, 257, 345, 245, 294, 355, 260, 412, 250, 203, 315, 273, 429, 131, 281, 86, 289, 109, 427, 63, 461, 259, 222, 160, 469, 249, 373, 192, 416, 306, 212, 464, 35, 184, 81, 329, 77, 59, 287, 148, 121, 293, 64, 24, 34, 12, 457, 26, 391, 267, 288, 168, 405, 339, 18, 367, 262, 435, 290, 161, 431, 224, 381, 277, 418, 39, 366, 176, 303, 151, 401, 220, 221, 140, 266, 455, 41, 246, 304, 395, 314, 382, 240, 449, 301, 398, 154, 441, 147, 70, 38, 241, 422, 142, 282, 130, 459, 119, 101, 108, 309, 23, 472, 73, 78, 439, 156, 460, 28, 278, 335, 285, 187, 215, 167, 428, 158, 159, 141, 319, 291, 353, 117, 299, 331, 153, 157, 42, 458, 227, 446, 91, 61, 394, 169, 90, 368, 128, 340, 16, 348, 230, 402, 200, 409, 206, 199, 396, 189, 413, 194, 341, 188, 207, 360, 179, 437, 254, 44, 330, 43]
index list energy: 27432974.100622144
Done


program ended at: 2020-04-06 17:28:54.786878 
 time delta: 18:33:01.199079
