## SLURM PROLOG ###############################################################
##    Job ID : 11946044
##  Job Name : new_and_improved?
##  Nodelist : node1617
##      CPUs : 1
##  Mem/Node : 1024 MB
## Directory : /gpfs/data/nfawzi/skale/Fawzi_pycharm_project
##   Started : Sun Apr  5 22:55:53 EDT 2020
###############################################################################
program started at:2020-04-05 22:55:53.826917
iterations: 72000000 temp: 1000000.0 exponent: 0.9 eif: 300.0
time taken (sec): 67051.81948399544
number of iterations: 72000000
final temperature: 159.26791088519815
og index list: [172, 354, 71, 208, 284, 44, 406, 280, 103, 61, 202, 72, 64, 342, 275, 157, 187, 113, 398, 306, 4, 92, 278, 10, 144, 12, 0, 3, 464, 14, 6, 243, 444, 69, 442, 13, 322, 165, 250, 281, 329, 385, 176, 299, 18, 170, 282, 35, 178, 196, 296, 295, 28, 52, 256, 206, 246, 355, 188, 305, 300, 109, 195, 339, 454, 325, 79, 203, 271, 403, 349, 351, 217, 169, 352, 265, 19, 470, 189, 473, 137, 132, 334, 140, 447, 16, 347, 266, 108, 286, 31, 223, 47, 15, 453, 357, 456, 370, 222, 435, 324, 258, 419, 50, 17, 9, 102, 214, 363, 32, 30, 405, 253, 121, 58, 75, 70, 396, 21, 465, 212, 190, 410, 174, 120, 97, 439, 193, 450, 130, 179, 84, 216, 49, 362, 400, 345, 302, 148, 462, 87, 457, 146, 360, 100, 341, 151, 171, 288, 383, 392, 292, 192, 177, 426, 81, 422, 254, 241, 257, 441, 443, 237, 199, 336, 116, 224, 99, 240, 25, 164, 80, 139, 348, 153, 152, 173, 440, 232, 389, 445, 319, 327, 8, 468, 380, 252, 263, 315, 42, 38, 233, 134, 236, 73, 434, 117, 136, 37, 386, 272, 369, 33, 133, 26, 463, 57, 368, 60, 371, 381, 106, 451, 431, 314, 469, 461, 382, 98, 112, 85, 421, 394, 414, 270, 248, 242, 234, 328, 294, 114, 194, 91, 448, 34, 39, 142, 310, 377, 261, 5, 460, 122, 276, 2, 343, 74, 104, 304, 23, 77, 291, 244, 126, 239, 340, 201, 413, 312, 131, 215, 29, 107, 27, 277, 337, 227, 181, 220, 68, 264, 226, 167, 163, 323, 433, 205, 162, 289, 411, 76, 229, 231, 416, 378, 145, 379, 358, 147, 96, 467, 356, 459, 182, 255, 149, 45, 376, 338, 320, 285, 105, 350, 404, 168, 388, 129, 53, 373, 316, 321, 466, 119, 89, 200, 59, 150, 43, 90, 11, 41, 185, 238, 123, 335, 290, 298, 301, 135, 83, 417, 128, 48, 67, 210, 317, 125, 353, 415, 78, 186, 472, 7, 401, 311, 245, 213, 180, 262, 402, 94, 20, 279, 124, 287, 438, 88, 420, 446, 344, 307, 127, 1, 313, 269, 418, 211, 367, 247, 458, 437, 424, 218, 366, 409, 24, 428, 251, 260, 303, 452, 110, 309, 393, 425, 273, 395, 197, 221, 46, 430, 274, 408, 374, 432, 160, 267, 330, 166, 207, 154, 390, 228, 259, 161, 397, 293, 326, 156, 331, 423, 375, 318, 175, 219, 115, 283, 95, 361, 141, 111, 22, 429, 297, 407, 230, 101, 399, 364, 158, 391, 184, 449, 436, 54, 155, 159, 372, 56, 268, 118, 138, 209, 333, 36, 346, 62, 65, 365, 308, 82, 191, 412, 66, 93, 384, 86, 143, 235, 40, 204, 183, 427, 225, 387, 471, 249, 359, 63, 51, 455, 332, 198, 55]
og index list energy: 224502641.24624178
index list: [267, 324, 311, 190, 376, 189, 435, 194, 410, 193, 52, 110, 124, 63, 469, 275, 234, 337, 259, 286, 51, 412, 127, 90, 383, 166, 349, 55, 406, 104, 429, 177, 421, 212, 346, 301, 31, 451, 200, 247, 210, 105, 348, 45, 316, 323, 10, 452, 206, 392, 22, 326, 405, 100, 440, 196, 367, 198, 96, 211, 381, 268, 407, 3, 167, 71, 265, 243, 360, 201, 16, 271, 436, 253, 29, 1, 19, 411, 208, 340, 116, 153, 215, 325, 235, 89, 399, 56, 465, 164, 402, 169, 428, 248, 467, 117, 347, 241, 395, 226, 409, 101, 295, 64, 218, 163, 122, 359, 72, 263, 214, 191, 4, 5, 168, 188, 171, 174, 255, 249, 276, 460, 66, 437, 98, 239, 181, 358, 300, 184, 219, 391, 203, 152, 401, 178, 351, 261, 384, 321, 466, 264, 450, 312, 150, 74, 447, 113, 382, 14, 338, 199, 400, 36, 319, 159, 244, 175, 97, 342, 123, 170, 433, 225, 413, 156, 448, 302, 343, 9, 423, 48, 92, 2, 372, 260, 426, 227, 354, 280, 364, 132, 457, 73, 38, 387, 220, 240, 355, 151, 334, 12, 444, 61, 297, 91, 443, 165, 258, 85, 430, 53, 414, 0, 308, 94, 473, 125, 155, 106, 283, 20, 303, 336, 256, 7, 140, 81, 344, 333, 43, 464, 173, 369, 120, 24, 183, 46, 232, 40, 353, 99, 339, 192, 471, 186, 34, 6, 136, 305, 146, 422, 21, 335, 228, 133, 370, 131, 145, 425, 237, 236, 161, 17, 453, 274, 86, 293, 246, 59, 385, 121, 287, 455, 257, 76, 107, 62, 417, 30, 252, 314, 112, 250, 157, 416, 185, 327, 242, 404, 93, 15, 299, 54, 315, 224, 216, 32, 37, 388, 115, 322, 33, 441, 25, 114, 294, 375, 281, 403, 270, 454, 217, 438, 109, 352, 144, 408, 50, 182, 137, 459, 13, 396, 28, 458, 318, 290, 377, 304, 463, 309, 317, 111, 209, 160, 345, 332, 341, 289, 449, 39, 204, 320, 172, 95, 231, 245, 262, 350, 222, 269, 147, 129, 298, 69, 278, 42, 187, 328, 35, 398, 238, 154, 176, 468, 251, 118, 23, 389, 202, 75, 366, 158, 371, 180, 432, 68, 362, 221, 83, 470, 126, 233, 162, 65, 374, 128, 431, 44, 386, 84, 78, 373, 213, 306, 397, 102, 361, 254, 363, 273, 427, 179, 365, 291, 434, 142, 418, 307, 229, 195, 357, 205, 197, 393, 8, 207, 462, 149, 11, 130, 119, 329, 27, 139, 26, 288, 134, 445, 18, 442, 135, 368, 79, 279, 82, 420, 67, 143, 356, 47, 472, 138, 439, 266, 415, 330, 58, 292, 223, 461, 87, 378, 296, 141, 108, 41, 284, 310, 380, 331, 313, 456, 230, 282, 49, 60, 419, 88, 394, 57, 424, 77, 446, 277, 379, 80, 272, 285, 103, 390, 70, 148]
index list energy: 27019220.289806012
Done


program ended at: 2020-04-06 17:33:26.025616 
 time delta: 18:37:32.198699
