## SLURM PROLOG ###############################################################
##    Job ID : 11945911
##  Job Name : new_and_improved?
##  Nodelist : node1162
##      CPUs : 1
##  Mem/Node : 1024 MB
## Directory : /gpfs/data/nfawzi/skale/Fawzi_pycharm_project
##   Started : Sun Apr  5 22:55:10 EDT 2020
###############################################################################
program started at:2020-04-05 22:55:16.342587
iterations: 72000000 temp: 1000000.0 exponent: 0.9 eif: 300.0
time taken (sec): 50465.194482803345
number of iterations: 72000000
final temperature: 159.26791088519815
og index list: [246, 97, 38, 153, 74, 264, 175, 52, 396, 88, 42, 237, 244, 468, 114, 315, 50, 23, 339, 341, 76, 432, 306, 304, 290, 296, 294, 464, 47, 54, 105, 82, 89, 438, 213, 452, 191, 423, 227, 459, 95, 347, 457, 169, 376, 390, 113, 186, 241, 446, 194, 59, 465, 428, 426, 180, 173, 361, 271, 111, 172, 346, 469, 258, 27, 358, 60, 321, 238, 93, 277, 16, 124, 351, 335, 305, 164, 331, 22, 85, 256, 211, 239, 184, 201, 234, 232, 171, 307, 26, 86, 302, 373, 182, 117, 225, 31, 447, 310, 392, 352, 12, 207, 353, 146, 37, 69, 424, 289, 255, 179, 107, 278, 230, 453, 205, 323, 87, 147, 293, 53, 223, 442, 286, 112, 18, 61, 257, 375, 301, 189, 320, 120, 106, 5, 261, 66, 355, 324, 344, 384, 460, 411, 231, 429, 154, 287, 410, 125, 389, 166, 413, 379, 49, 334, 269, 8, 181, 222, 330, 266, 444, 2, 229, 416, 178, 206, 132, 343, 403, 312, 451, 215, 449, 198, 81, 30, 440, 122, 328, 101, 11, 397, 398, 369, 368, 401, 128, 58, 348, 365, 187, 350, 104, 143, 33, 123, 183, 228, 319, 185, 43, 388, 138, 193, 221, 243, 155, 404, 51, 420, 349, 214, 55, 130, 268, 345, 473, 139, 0, 157, 14, 285, 316, 409, 364, 342, 399, 288, 240, 217, 176, 340, 126, 386, 45, 445, 406, 68, 435, 383, 273, 91, 298, 371, 251, 190, 253, 96, 274, 195, 15, 218, 163, 327, 393, 279, 92, 24, 152, 150, 115, 148, 314, 354, 242, 336, 17, 235, 233, 40, 39, 250, 249, 407, 209, 168, 77, 48, 372, 417, 381, 84, 463, 196, 318, 134, 83, 119, 317, 385, 378, 192, 224, 291, 303, 430, 36, 28, 19, 6, 400, 295, 7, 170, 262, 433, 102, 337, 311, 281, 121, 308, 129, 245, 405, 4, 208, 363, 441, 21, 299, 280, 177, 34, 252, 226, 408, 25, 382, 57, 137, 70, 260, 145, 160, 412, 380, 431, 110, 248, 283, 79, 259, 284, 338, 362, 282, 326, 159, 329, 370, 212, 332, 387, 220, 325, 1, 471, 144, 131, 448, 109, 402, 71, 366, 35, 395, 434, 297, 427, 322, 267, 90, 454, 20, 210, 151, 374, 118, 357, 216, 265, 462, 263, 72, 292, 41, 67, 272, 78, 419, 188, 200, 199, 63, 108, 204, 333, 439, 140, 149, 167, 142, 162, 203, 458, 44, 65, 158, 309, 219, 455, 56, 46, 247, 127, 359, 133, 136, 80, 356, 103, 94, 62, 197, 414, 32, 141, 29, 313, 391, 443, 377, 472, 135, 421, 456, 437, 156, 367, 75, 425, 98, 300, 13, 270, 418, 10, 165, 174, 275, 415, 254, 202, 116, 467, 64, 422, 9, 461, 436, 450, 100, 470, 99, 236, 466, 161, 3, 360, 276, 394, 73]
og index list energy: 274616598.30722344
index list: [415, 280, 429, 121, 343, 144, 182, 50, 256, 142, 159, 109, 422, 170, 391, 138, 431, 79, 403, 94, 381, 163, 419, 156, 380, 292, 62, 369, 328, 20, 171, 91, 307, 193, 187, 278, 77, 3, 152, 383, 188, 45, 466, 244, 448, 251, 465, 325, 425, 196, 461, 272, 389, 192, 452, 5, 191, 4, 250, 2, 245, 268, 246, 190, 201, 281, 84, 447, 28, 320, 0, 423, 189, 37, 418, 227, 458, 146, 451, 263, 262, 40, 372, 198, 214, 240, 318, 56, 319, 169, 349, 316, 98, 295, 63, 344, 51, 103, 57, 367, 133, 162, 426, 185, 108, 123, 284, 168, 433, 39, 231, 172, 41, 151, 86, 233, 224, 150, 432, 119, 342, 154, 358, 205, 361, 238, 359, 336, 301, 351, 202, 183, 176, 350, 294, 311, 164, 291, 71, 388, 225, 412, 285, 277, 305, 18, 449, 321, 439, 273, 354, 80, 67, 400, 88, 428, 270, 327, 115, 379, 218, 219, 315, 46, 136, 11, 288, 323, 132, 111, 30, 60, 464, 22, 258, 26, 456, 16, 402, 74, 355, 275, 457, 44, 454, 261, 407, 186, 455, 177, 385, 209, 203, 442, 7, 468, 110, 127, 436, 161, 220, 197, 341, 300, 139, 24, 61, 232, 66, 302, 453, 324, 85, 137, 445, 332, 364, 241, 396, 221, 334, 266, 463, 173, 360, 55, 394, 116, 435, 264, 472, 339, 179, 282, 216, 54, 450, 43, 289, 65, 377, 27, 382, 213, 473, 89, 371, 83, 82, 427, 178, 148, 143, 384, 141, 366, 267, 405, 102, 308, 223, 401, 87, 64, 254, 184, 322, 100, 376, 106, 337, 90, 443, 76, 283, 309, 333, 129, 356, 13, 59, 97, 49, 236, 134, 467, 113, 75, 459, 247, 299, 249, 276, 126, 96, 410, 81, 118, 14, 353, 9, 438, 211, 331, 174, 306, 228, 374, 52, 460, 130, 414, 290, 271, 397, 8, 378, 6, 329, 165, 340, 147, 70, 215, 222, 330, 95, 399, 274, 153, 303, 25, 255, 157, 298, 117, 345, 242, 140, 395, 326, 31, 352, 253, 269, 36, 297, 107, 357, 78, 293, 155, 12, 386, 335, 411, 68, 204, 35, 424, 93, 15, 166, 287, 470, 29, 440, 313, 135, 124, 296, 348, 125, 265, 304, 393, 260, 167, 347, 217, 365, 72, 390, 212, 239, 259, 235, 194, 195, 32, 370, 10, 462, 105, 434, 33, 42, 404, 175, 392, 131, 312, 362, 160, 387, 181, 234, 48, 338, 17, 122, 317, 101, 471, 23, 257, 252, 112, 286, 128, 47, 34, 158, 408, 145, 69, 430, 120, 243, 38, 441, 310, 413, 208, 373, 279, 363, 149, 417, 21, 73, 446, 230, 420, 104, 444, 237, 469, 248, 398, 229, 368, 53, 421, 58, 409, 314, 99, 92, 180, 114, 226, 375, 206, 406, 200, 437, 210, 346, 199, 207, 416, 19, 1]
index list energy: 26637403.709944323
Done


program ended at: 2020-04-06 12:56:21.910788 
 time delta: 14:01:05.568201
