## SLURM PROLOG ###############################################################
##    Job ID : 11946003
##  Job Name : new_and_improved?
##  Nodelist : node1136
##      CPUs : 1
##  Mem/Node : 1024 MB
## Directory : /gpfs/data/nfawzi/skale/Fawzi_pycharm_project
##   Started : Sun Apr  5 22:55:49 EDT 2020
###############################################################################
program started at:2020-04-05 22:55:49.992401
iterations: 72000000 temp: 1000000.0 exponent: 0.9 eif: 300.0
time taken (sec): 56835.41336321831
number of iterations: 72000000
final temperature: 159.26791088519815
og index list: [331, 170, 127, 260, 320, 202, 115, 390, 366, 445, 455, 407, 350, 346, 365, 327, 186, 312, 310, 203, 448, 404, 55, 427, 351, 11, 309, 193, 149, 229, 263, 394, 173, 86, 107, 433, 49, 239, 460, 134, 334, 375, 6, 472, 470, 72, 50, 471, 40, 378, 152, 163, 147, 341, 269, 242, 0, 228, 243, 279, 419, 136, 189, 236, 385, 38, 169, 196, 436, 153, 181, 435, 344, 278, 214, 130, 306, 457, 129, 51, 197, 188, 148, 74, 315, 396, 398, 467, 1, 249, 135, 459, 292, 314, 116, 210, 275, 325, 379, 65, 250, 138, 73, 222, 174, 166, 118, 16, 387, 302, 322, 60, 422, 326, 182, 283, 71, 76, 237, 13, 449, 284, 10, 281, 295, 20, 286, 171, 215, 367, 58, 200, 36, 89, 372, 414, 381, 178, 131, 391, 360, 154, 18, 401, 288, 339, 35, 439, 111, 108, 289, 333, 450, 254, 142, 216, 409, 428, 411, 300, 420, 291, 33, 248, 4, 102, 434, 282, 213, 77, 261, 31, 241, 221, 224, 141, 277, 183, 48, 362, 430, 212, 274, 201, 53, 259, 446, 262, 230, 353, 194, 299, 311, 293, 121, 347, 328, 382, 78, 466, 85, 132, 335, 112, 319, 204, 143, 246, 321, 336, 83, 61, 458, 252, 126, 29, 270, 226, 80, 297, 96, 179, 227, 66, 384, 332, 408, 5, 103, 343, 403, 415, 161, 68, 164, 46, 99, 308, 352, 219, 218, 473, 184, 426, 7, 45, 217, 296, 67, 307, 330, 376, 272, 421, 425, 369, 32, 105, 90, 113, 251, 192, 44, 361, 416, 402, 462, 104, 443, 168, 12, 412, 133, 453, 329, 125, 285, 392, 349, 245, 54, 21, 298, 106, 276, 287, 313, 268, 355, 231, 247, 410, 304, 195, 47, 380, 64, 338, 207, 253, 359, 81, 146, 354, 267, 418, 234, 79, 348, 62, 93, 145, 463, 158, 162, 160, 92, 155, 156, 456, 150, 454, 128, 165, 461, 199, 440, 101, 357, 232, 159, 41, 122, 303, 180, 151, 26, 240, 110, 119, 273, 413, 25, 114, 233, 172, 265, 69, 368, 206, 290, 370, 24, 109, 452, 469, 444, 19, 317, 140, 208, 358, 442, 271, 256, 137, 9, 447, 37, 340, 255, 190, 88, 377, 157, 42, 318, 176, 34, 87, 27, 177, 397, 356, 383, 17, 429, 209, 373, 3, 400, 264, 389, 120, 144, 117, 100, 63, 139, 316, 94, 324, 257, 175, 223, 98, 363, 432, 374, 345, 465, 198, 52, 393, 406, 399, 301, 75, 431, 405, 386, 424, 235, 185, 441, 15, 294, 337, 238, 56, 438, 205, 123, 167, 258, 437, 225, 371, 266, 423, 417, 388, 211, 451, 23, 22, 39, 342, 8, 57, 468, 43, 191, 14, 95, 28, 97, 280, 84, 59, 395, 220, 124, 30, 70, 244, 187, 82, 305, 2, 323, 91, 464, 364]
og index list energy: 259300133.2657401
index list: [17, 74, 207, 342, 6, 72, 108, 7, 97, 158, 176, 375, 156, 166, 296, 148, 424, 49, 403, 238, 154, 356, 175, 365, 273, 358, 117, 420, 292, 389, 279, 455, 39, 473, 169, 388, 253, 136, 62, 418, 336, 31, 412, 205, 344, 206, 260, 465, 300, 290, 34, 295, 116, 294, 387, 42, 347, 223, 457, 266, 355, 275, 427, 63, 298, 91, 120, 257, 425, 28, 1, 263, 384, 57, 443, 332, 449, 65, 431, 248, 353, 324, 88, 440, 157, 54, 182, 56, 460, 178, 446, 264, 471, 55, 407, 94, 323, 93, 343, 262, 256, 101, 150, 288, 10, 445, 46, 204, 41, 454, 104, 444, 312, 351, 14, 306, 378, 198, 361, 168, 466, 195, 315, 219, 428, 254, 174, 210, 370, 32, 325, 416, 196, 429, 194, 459, 301, 87, 415, 314, 179, 396, 164, 383, 247, 186, 397, 100, 432, 102, 406, 270, 408, 203, 161, 229, 450, 8, 433, 202, 404, 218, 21, 369, 160, 285, 145, 368, 132, 252, 249, 89, 286, 125, 235, 53, 382, 16, 374, 291, 352, 302, 436, 61, 67, 409, 170, 208, 346, 225, 366, 103, 422, 151, 278, 24, 68, 391, 181, 234, 319, 452, 130, 398, 76, 82, 293, 118, 172, 60, 438, 185, 401, 212, 45, 15, 183, 2, 423, 299, 58, 399, 173, 419, 321, 140, 114, 402, 52, 456, 9, 380, 199, 377, 26, 153, 359, 111, 171, 11, 127, 139, 385, 147, 281, 19, 437, 79, 283, 84, 284, 0, 269, 38, 162, 258, 240, 303, 146, 272, 405, 216, 113, 95, 394, 192, 462, 289, 276, 69, 326, 345, 35, 184, 33, 442, 135, 287, 51, 246, 66, 379, 339, 333, 109, 37, 337, 193, 251, 335, 470, 318, 30, 144, 282, 233, 222, 78, 237, 390, 50, 307, 90, 395, 187, 329, 189, 348, 267, 20, 3, 426, 142, 469, 309, 371, 133, 124, 105, 439, 190, 188, 197, 23, 215, 363, 224, 441, 83, 236, 126, 70, 350, 143, 167, 64, 311, 134, 213, 239, 242, 349, 36, 265, 40, 322, 80, 331, 71, 231, 328, 85, 191, 250, 29, 376, 261, 458, 227, 414, 75, 297, 106, 155, 305, 274, 435, 230, 447, 98, 417, 44, 448, 245, 220, 271, 354, 115, 99, 381, 255, 122, 165, 434, 209, 310, 464, 121, 341, 141, 362, 48, 327, 241, 392, 243, 364, 304, 317, 163, 112, 22, 330, 119, 357, 27, 59, 228, 214, 92, 81, 12, 86, 13, 159, 259, 149, 410, 217, 461, 244, 372, 180, 453, 123, 73, 468, 200, 334, 25, 201, 211, 360, 177, 413, 18, 411, 400, 313, 110, 4, 5, 268, 393, 320, 128, 137, 367, 47, 463, 77, 451, 107, 338, 138, 421, 221, 467, 131, 129, 232, 152, 340, 277, 386, 96, 308, 226, 316, 430, 373, 280, 472, 43]
index list energy: 26067122.221702427
Done


program ended at: 2020-04-06 14:43:05.783341 
 time delta: 15:47:15.790940
