## SLURM PROLOG ###############################################################
##    Job ID : 11945905
##  Job Name : new_and_improved?
##  Nodelist : node1152
##      CPUs : 1
##  Mem/Node : 1024 MB
## Directory : /gpfs/data/nfawzi/skale/Fawzi_pycharm_project
##   Started : Sun Apr  5 22:55:10 EDT 2020
###############################################################################
program started at:2020-04-05 22:55:16.167489
iterations: 72000000 temp: 1000000.0 exponent: 0.9 eif: 300.0
time taken (sec): 34848.75294828415
number of iterations: 72000000
final temperature: 159.26791088519815
og index list: [7, 22, 111, 247, 79, 175, 150, 51, 52, 59, 263, 434, 409, 3, 281, 225, 298, 236, 284, 387, 417, 133, 23, 135, 19, 441, 393, 129, 54, 244, 139, 77, 151, 186, 177, 171, 413, 372, 153, 168, 41, 462, 211, 340, 222, 391, 290, 337, 371, 470, 289, 146, 306, 181, 283, 406, 119, 196, 464, 396, 364, 81, 44, 97, 240, 356, 208, 385, 423, 184, 198, 176, 116, 333, 102, 293, 472, 412, 357, 33, 38, 66, 104, 193, 287, 314, 218, 8, 402, 166, 76, 416, 128, 173, 1, 449, 456, 443, 197, 120, 446, 276, 36, 185, 167, 352, 267, 311, 429, 325, 373, 370, 130, 336, 320, 450, 329, 210, 10, 221, 45, 294, 72, 286, 295, 107, 369, 106, 21, 321, 368, 310, 179, 448, 189, 317, 152, 235, 388, 279, 332, 170, 303, 223, 422, 322, 331, 328, 327, 187, 180, 431, 68, 401, 252, 149, 307, 241, 453, 82, 347, 408, 131, 239, 275, 358, 299, 87, 95, 94, 280, 62, 160, 250, 399, 454, 92, 439, 312, 203, 383, 389, 123, 202, 132, 398, 420, 125, 308, 272, 90, 346, 115, 42, 394, 105, 11, 0, 40, 145, 174, 60, 375, 230, 386, 4, 188, 190, 359, 232, 144, 266, 159, 467, 473, 316, 418, 309, 199, 226, 34, 50, 84, 15, 206, 392, 238, 96, 147, 195, 315, 355, 183, 127, 157, 227, 261, 438, 377, 71, 313, 89, 134, 215, 234, 122, 378, 28, 194, 326, 330, 16, 271, 138, 162, 73, 26, 455, 362, 219, 29, 169, 350, 323, 444, 182, 459, 338, 37, 305, 126, 86, 452, 25, 216, 70, 304, 466, 361, 69, 242, 410, 458, 442, 419, 288, 379, 64, 342, 245, 468, 14, 17, 231, 35, 204, 161, 233, 433, 12, 285, 100, 142, 172, 324, 297, 277, 212, 463, 209, 178, 318, 460, 445, 141, 428, 48, 249, 217, 80, 457, 201, 257, 432, 335, 363, 430, 437, 109, 224, 67, 114, 154, 291, 367, 9, 205, 376, 471, 101, 78, 6, 400, 143, 259, 112, 13, 403, 74, 390, 365, 426, 411, 269, 440, 265, 334, 353, 58, 248, 380, 117, 427, 301, 200, 407, 256, 237, 47, 55, 43, 264, 20, 46, 75, 348, 228, 98, 49, 158, 140, 156, 345, 425, 207, 341, 32, 253, 384, 229, 53, 108, 243, 56, 424, 164, 213, 258, 165, 461, 88, 254, 465, 405, 319, 395, 24, 137, 360, 85, 255, 469, 5, 65, 39, 121, 191, 83, 374, 381, 366, 18, 192, 262, 63, 148, 155, 124, 397, 273, 61, 91, 2, 30, 435, 349, 404, 300, 270, 103, 268, 214, 421, 93, 414, 278, 351, 296, 451, 282, 274, 436, 110, 31, 246, 163, 99, 27, 339, 292, 136, 447, 251, 113, 382, 118, 302, 354, 344, 260, 220, 343, 57, 415]
og index list energy: 259735817.95180637
index list: [121, 236, 257, 40, 405, 80, 218, 244, 265, 130, 187, 34, 3, 387, 4, 132, 433, 30, 144, 293, 278, 314, 376, 224, 370, 104, 348, 55, 403, 96, 341, 259, 349, 247, 39, 255, 174, 42, 458, 274, 323, 152, 353, 72, 183, 172, 120, 113, 283, 70, 295, 190, 37, 207, 444, 273, 285, 196, 400, 13, 406, 16, 470, 21, 392, 154, 369, 75, 92, 73, 56, 315, 322, 19, 410, 157, 408, 271, 418, 325, 243, 440, 254, 181, 365, 119, 451, 289, 441, 164, 469, 165, 351, 88, 58, 0, 466, 296, 382, 145, 67, 90, 419, 31, 471, 202, 367, 335, 167, 69, 122, 256, 302, 460, 57, 204, 10, 411, 137, 33, 68, 467, 318, 253, 41, 374, 238, 435, 47, 378, 87, 402, 143, 50, 462, 63, 437, 18, 245, 221, 298, 225, 347, 98, 465, 81, 373, 179, 423, 294, 320, 127, 297, 233, 125, 372, 65, 434, 29, 150, 358, 168, 454, 249, 446, 177, 361, 139, 287, 459, 38, 215, 284, 8, 456, 14, 449, 43, 368, 53, 445, 186, 389, 205, 228, 326, 201, 54, 413, 9, 425, 211, 209, 195, 300, 141, 371, 131, 235, 20, 226, 319, 310, 464, 71, 276, 421, 76, 379, 212, 380, 126, 61, 118, 91, 337, 59, 251, 428, 306, 46, 352, 169, 415, 203, 442, 117, 453, 248, 452, 316, 384, 301, 99, 430, 291, 414, 85, 134, 27, 472, 2, 330, 5, 397, 45, 396, 222, 173, 105, 339, 171, 36, 416, 198, 340, 138, 317, 328, 336, 282, 219, 420, 94, 82, 431, 74, 272, 246, 35, 15, 108, 95, 258, 129, 191, 324, 267, 350, 210, 386, 79, 450, 280, 393, 60, 304, 447, 286, 128, 124, 93, 77, 159, 261, 252, 199, 395, 6, 214, 32, 439, 194, 355, 188, 193, 281, 136, 436, 89, 180, 404, 23, 114, 149, 407, 250, 142, 327, 229, 331, 161, 473, 11, 111, 26, 388, 321, 345, 230, 412, 264, 155, 309, 381, 182, 227, 78, 443, 107, 192, 232, 51, 377, 133, 422, 135, 102, 344, 269, 213, 231, 237, 86, 147, 109, 100, 354, 24, 52, 363, 62, 1, 208, 153, 429, 163, 83, 461, 103, 390, 12, 357, 311, 299, 7, 329, 17, 184, 160, 417, 101, 66, 346, 185, 303, 176, 97, 158, 457, 241, 463, 223, 399, 116, 148, 64, 156, 217, 359, 84, 338, 307, 106, 364, 166, 162, 455, 178, 401, 25, 343, 216, 28, 424, 146, 151, 239, 312, 375, 290, 427, 292, 342, 123, 334, 333, 206, 200, 366, 22, 362, 115, 240, 391, 220, 44, 140, 112, 110, 279, 383, 275, 170, 385, 263, 260, 398, 189, 234, 197, 438, 268, 360, 242, 448, 270, 426, 277, 432, 266, 305, 394, 175, 288, 468, 48, 356, 49, 409, 332, 308, 262, 313]
index list energy: 28977298.80123188
Done


program ended at: 2020-04-06 08:36:05.282700 
 time delta: 9:40:49.115211
