## SLURM PROLOG ###############################################################
##    Job ID : 11946004
##  Job Name : new_and_improved?
##  Nodelist : node1136
##      CPUs : 1
##  Mem/Node : 1024 MB
## Directory : /gpfs/data/nfawzi/skale/Fawzi_pycharm_project
##   Started : Sun Apr  5 22:55:49 EDT 2020
###############################################################################
program started at:2020-04-05 22:55:49.583930
iterations: 72000000 temp: 1000000.0 exponent: 0.9 eif: 300.0
time taken (sec): 56785.898171663284
number of iterations: 72000000
final temperature: 159.26791088519815
og index list: [471, 307, 34, 240, 466, 252, 309, 208, 392, 29, 391, 85, 433, 32, 56, 409, 373, 356, 313, 323, 13, 210, 254, 182, 319, 170, 339, 77, 196, 296, 473, 351, 382, 435, 450, 348, 260, 259, 316, 9, 142, 420, 23, 69, 465, 374, 430, 86, 8, 143, 67, 262, 277, 437, 257, 110, 10, 364, 345, 283, 408, 215, 325, 79, 403, 19, 6, 418, 375, 148, 207, 223, 379, 60, 216, 114, 393, 314, 155, 231, 64, 0, 263, 62, 180, 72, 468, 11, 396, 100, 186, 191, 202, 28, 229, 214, 302, 249, 452, 173, 385, 26, 245, 289, 144, 138, 206, 27, 331, 160, 271, 130, 89, 431, 172, 151, 95, 197, 128, 162, 440, 241, 33, 22, 83, 92, 7, 98, 165, 264, 412, 365, 42, 140, 106, 256, 119, 275, 227, 421, 38, 304, 376, 434, 349, 236, 315, 363, 371, 246, 220, 432, 99, 12, 362, 116, 343, 21, 200, 253, 235, 407, 71, 104, 284, 335, 312, 53, 326, 80, 324, 201, 462, 219, 299, 58, 454, 109, 410, 244, 347, 115, 388, 137, 448, 44, 61, 342, 367, 147, 243, 261, 35, 370, 118, 108, 286, 350, 266, 233, 41, 255, 166, 247, 123, 213, 204, 49, 174, 386, 459, 96, 333, 288, 293, 415, 101, 281, 390, 134, 190, 126, 5, 48, 189, 327, 398, 372, 429, 464, 192, 209, 332, 3, 232, 268, 203, 436, 322, 211, 199, 187, 280, 15, 149, 70, 424, 59, 4, 353, 111, 321, 401, 169, 295, 378, 320, 52, 135, 150, 306, 358, 318, 447, 417, 113, 461, 279, 91, 360, 406, 175, 444, 157, 366, 270, 168, 377, 446, 45, 122, 20, 414, 361, 311, 310, 399, 416, 176, 394, 329, 294, 66, 250, 76, 188, 146, 460, 97, 338, 445, 225, 443, 276, 453, 14, 178, 177, 181, 156, 171, 455, 75, 152, 40, 369, 87, 31, 228, 125, 74, 2, 103, 297, 43, 55, 427, 405, 158, 136, 37, 267, 337, 17, 50, 141, 472, 470, 51, 163, 419, 336, 127, 413, 30, 441, 239, 278, 285, 117, 274, 121, 179, 68, 355, 389, 47, 25, 291, 298, 423, 428, 451, 218, 238, 222, 24, 265, 154, 467, 102, 397, 73, 230, 82, 105, 380, 36, 456, 340, 161, 308, 402, 328, 305, 90, 383, 457, 251, 205, 18, 39, 131, 359, 237, 84, 269, 400, 57, 88, 132, 469, 346, 411, 217, 439, 224, 112, 183, 354, 317, 195, 442, 63, 387, 1, 193, 164, 226, 198, 242, 184, 292, 303, 352, 463, 438, 221, 120, 381, 384, 287, 300, 194, 344, 46, 357, 449, 368, 234, 185, 273, 395, 124, 458, 139, 341, 94, 81, 330, 272, 145, 78, 258, 425, 422, 167, 426, 334, 248, 93, 301, 65, 54, 133, 153, 282, 212, 290, 107, 404, 159, 129, 16]
og index list energy: 225677990.36371538
index list: [59, 74, 411, 192, 369, 33, 82, 283, 301, 249, 464, 259, 386, 149, 418, 43, 398, 93, 177, 345, 11, 91, 239, 3, 355, 103, 137, 439, 128, 298, 279, 256, 101, 426, 55, 405, 277, 450, 39, 401, 168, 214, 381, 12, 371, 62, 22, 139, 414, 143, 435, 321, 430, 94, 462, 50, 467, 320, 130, 178, 472, 186, 407, 57, 459, 26, 92, 217, 358, 272, 252, 30, 447, 102, 393, 142, 377, 104, 438, 116, 378, 156, 384, 285, 324, 53, 388, 240, 368, 164, 114, 457, 312, 372, 165, 351, 17, 150, 234, 375, 175, 340, 106, 415, 78, 456, 274, 406, 72, 232, 112, 241, 182, 247, 172, 216, 263, 397, 269, 189, 425, 90, 40, 367, 71, 402, 45, 299, 151, 361, 35, 338, 196, 193, 136, 115, 390, 132, 400, 294, 342, 225, 359, 100, 469, 89, 463, 98, 348, 264, 458, 290, 155, 222, 173, 444, 75, 354, 147, 23, 224, 284, 227, 108, 286, 129, 8, 293, 207, 118, 79, 121, 181, 350, 270, 84, 403, 275, 409, 268, 373, 16, 245, 237, 428, 133, 374, 56, 441, 248, 461, 310, 344, 44, 47, 1, 159, 58, 446, 83, 64, 73, 434, 233, 134, 328, 61, 440, 2, 261, 258, 323, 289, 433, 14, 396, 46, 412, 152, 455, 243, 437, 309, 448, 292, 49, 166, 436, 63, 334, 194, 195, 389, 200, 188, 148, 271, 392, 69, 449, 85, 228, 138, 226, 80, 273, 404, 95, 382, 229, 349, 208, 167, 276, 184, 68, 24, 32, 471, 206, 4, 171, 29, 383, 66, 303, 15, 399, 31, 191, 5, 394, 190, 417, 27, 157, 265, 87, 0, 370, 131, 88, 231, 153, 287, 473, 223, 317, 60, 119, 347, 20, 126, 81, 315, 18, 442, 180, 215, 120, 6, 424, 70, 110, 311, 318, 52, 453, 42, 158, 306, 360, 77, 218, 99, 468, 209, 325, 387, 199, 37, 341, 113, 255, 305, 257, 122, 343, 333, 313, 161, 432, 335, 105, 183, 13, 445, 25, 219, 364, 160, 307, 336, 220, 235, 174, 250, 48, 198, 297, 38, 322, 76, 465, 187, 427, 242, 319, 185, 379, 330, 146, 65, 278, 109, 124, 213, 236, 300, 296, 466, 28, 451, 96, 327, 205, 202, 362, 10, 204, 253, 144, 460, 203, 107, 408, 302, 443, 125, 67, 329, 169, 366, 331, 365, 36, 352, 238, 308, 123, 111, 385, 260, 212, 34, 251, 176, 97, 454, 51, 127, 162, 420, 141, 422, 244, 86, 281, 282, 135, 423, 254, 339, 145, 140, 21, 246, 197, 452, 221, 416, 9, 353, 267, 314, 395, 179, 380, 280, 470, 7, 419, 230, 431, 117, 288, 410, 41, 421, 316, 357, 332, 154, 391, 291, 170, 429, 211, 337, 262, 356, 210, 201, 295, 19, 346, 266, 376, 326, 413, 163, 363, 304, 54]
index list energy: 27221256.24230046
Done


program ended at: 2020-04-06 14:42:15.857707 
 time delta: 15:46:26.273777
