## SLURM PROLOG ###############################################################
##    Job ID : 11946057
##  Job Name : new_and_improved?
##  Nodelist : node1620
##      CPUs : 1
##  Mem/Node : 1024 MB
## Directory : /gpfs/data/nfawzi/skale/Fawzi_pycharm_project
##   Started : Sun Apr  5 22:55:53 EDT 2020
###############################################################################
program started at:2020-04-05 22:55:53.776102
iterations: 72000000 temp: 1000000.0 exponent: 0.9 eif: 300.0
time taken (sec): 65784.5006685257
number of iterations: 72000000
final temperature: 159.26791088519815
og index list: [83, 122, 369, 203, 172, 81, 469, 372, 471, 339, 8, 115, 373, 36, 188, 309, 117, 57, 410, 216, 72, 167, 237, 346, 187, 108, 424, 337, 141, 426, 470, 269, 12, 266, 151, 453, 210, 254, 7, 255, 217, 230, 196, 132, 347, 356, 343, 130, 106, 90, 394, 317, 52, 149, 240, 308, 304, 74, 48, 450, 279, 96, 179, 135, 288, 463, 459, 389, 71, 368, 357, 79, 260, 472, 107, 358, 361, 335, 94, 457, 25, 160, 27, 154, 221, 28, 153, 371, 33, 245, 163, 47, 21, 340, 380, 413, 392, 139, 388, 280, 222, 379, 262, 381, 397, 5, 320, 31, 4, 175, 310, 249, 349, 305, 436, 23, 427, 396, 170, 173, 265, 126, 275, 201, 181, 315, 147, 283, 148, 38, 391, 110, 336, 211, 134, 32, 13, 398, 363, 423, 19, 454, 420, 377, 445, 433, 88, 416, 165, 56, 297, 205, 231, 272, 236, 278, 49, 3, 386, 101, 65, 182, 355, 302, 468, 53, 322, 296, 319, 405, 429, 111, 435, 69, 202, 333, 234, 185, 156, 133, 473, 127, 351, 303, 464, 443, 29, 193, 120, 86, 225, 328, 246, 144, 206, 444, 6, 228, 432, 146, 145, 286, 143, 323, 118, 51, 39, 366, 365, 18, 61, 159, 66, 316, 422, 124, 10, 30, 247, 214, 158, 409, 326, 273, 100, 415, 256, 227, 421, 82, 314, 376, 257, 344, 131, 462, 465, 437, 142, 161, 466, 244, 325, 332, 299, 292, 114, 362, 129, 387, 440, 385, 447, 400, 11, 46, 307, 17, 263, 331, 166, 430, 460, 293, 294, 399, 367, 259, 370, 171, 168, 364, 138, 360, 301, 68, 42, 212, 140, 50, 446, 402, 258, 252, 152, 242, 295, 218, 199, 9, 54, 312, 194, 116, 404, 215, 220, 414, 306, 350, 208, 184, 67, 198, 395, 104, 276, 2, 91, 186, 374, 438, 290, 63, 282, 285, 43, 157, 334, 150, 76, 267, 213, 284, 411, 119, 375, 287, 393, 382, 232, 112, 321, 248, 300, 58, 264, 233, 352, 261, 59, 439, 73, 341, 102, 70, 418, 99, 162, 14, 123, 24, 136, 311, 281, 55, 313, 408, 271, 417, 327, 16, 223, 329, 40, 383, 137, 441, 291, 452, 95, 338, 455, 407, 180, 92, 204, 89, 178, 174, 219, 34, 113, 191, 239, 15, 268, 419, 77, 250, 105, 330, 62, 241, 0, 45, 448, 87, 345, 298, 461, 195, 190, 318, 274, 109, 177, 78, 353, 253, 412, 348, 342, 277, 37, 60, 238, 125, 200, 224, 359, 97, 176, 458, 354, 64, 251, 434, 155, 229, 390, 384, 425, 22, 35, 75, 226, 270, 183, 451, 442, 449, 197, 84, 169, 189, 85, 243, 401, 80, 406, 428, 103, 98, 93, 289, 209, 431, 207, 128, 121, 44, 26, 41, 456, 192, 403, 1, 467, 324, 164, 20, 235, 378]
og index list energy: 236290828.1955488
index list: [218, 268, 315, 113, 55, 376, 14, 462, 33, 338, 249, 306, 183, 35, 339, 176, 388, 136, 76, 341, 24, 426, 259, 352, 25, 282, 149, 473, 304, 86, 333, 110, 158, 386, 85, 13, 305, 185, 468, 330, 160, 46, 469, 212, 407, 19, 32, 406, 5, 6, 435, 197, 288, 216, 121, 256, 241, 378, 272, 358, 194, 286, 174, 245, 191, 399, 107, 317, 203, 89, 18, 453, 181, 213, 369, 79, 353, 137, 159, 156, 82, 461, 143, 252, 154, 161, 17, 236, 93, 439, 314, 387, 105, 433, 103, 246, 21, 442, 206, 404, 326, 34, 68, 464, 322, 226, 77, 308, 290, 41, 463, 264, 437, 263, 207, 372, 111, 26, 409, 62, 430, 173, 371, 175, 401, 274, 447, 151, 411, 331, 182, 141, 471, 321, 172, 178, 118, 56, 42, 456, 266, 452, 299, 102, 397, 243, 83, 416, 71, 57, 297, 94, 355, 133, 61, 359, 332, 398, 70, 221, 347, 147, 235, 3, 37, 283, 128, 239, 53, 381, 30, 106, 140, 144, 162, 0, 417, 313, 438, 242, 450, 240, 356, 142, 80, 117, 214, 54, 370, 210, 458, 36, 383, 300, 310, 145, 351, 166, 265, 134, 445, 129, 319, 324, 237, 2, 342, 269, 189, 247, 187, 357, 10, 455, 109, 208, 66, 361, 52, 441, 302, 350, 169, 390, 262, 75, 364, 38, 150, 389, 270, 349, 294, 418, 325, 153, 466, 202, 193, 20, 23, 95, 385, 27, 92, 273, 396, 179, 296, 470, 48, 275, 337, 184, 73, 379, 267, 171, 309, 12, 228, 177, 284, 233, 224, 51, 15, 428, 261, 303, 84, 278, 131, 220, 320, 60, 155, 124, 285, 335, 215, 329, 196, 148, 1, 446, 58, 258, 59, 293, 281, 276, 298, 4, 413, 152, 443, 229, 403, 311, 96, 436, 67, 346, 312, 108, 115, 244, 421, 217, 122, 234, 384, 120, 180, 457, 99, 362, 223, 348, 225, 419, 254, 257, 72, 367, 238, 114, 368, 230, 420, 112, 45, 394, 318, 271, 11, 31, 168, 204, 219, 391, 127, 412, 231, 88, 448, 47, 400, 157, 69, 360, 327, 227, 28, 451, 91, 380, 123, 170, 29, 374, 98, 277, 377, 39, 444, 186, 465, 146, 64, 22, 427, 328, 255, 78, 287, 340, 63, 295, 101, 119, 431, 65, 393, 50, 454, 125, 307, 301, 410, 279, 232, 165, 366, 87, 345, 195, 373, 9, 415, 248, 459, 104, 97, 467, 7, 408, 289, 449, 132, 334, 81, 126, 130, 422, 90, 135, 434, 8, 343, 336, 363, 253, 40, 429, 316, 292, 432, 116, 375, 164, 472, 138, 395, 100, 392, 222, 291, 423, 192, 440, 74, 402, 250, 198, 205, 414, 209, 44, 344, 200, 43, 382, 280, 460, 260, 167, 49, 354, 139, 323, 163, 365, 211, 405, 199, 424, 251, 201, 190, 188, 425, 16]
index list energy: 28687994.506477006
Done


program ended at: 2020-04-06 17:12:18.655076 
 time delta: 18:16:24.878974
