## SLURM PROLOG ###############################################################
##    Job ID : 11945899
##  Job Name : new_and_improved?
##  Nodelist : node1117
##      CPUs : 1
##  Mem/Node : 1024 MB
## Directory : /gpfs/data/nfawzi/skale/Fawzi_pycharm_project
##   Started : Sun Apr  5 22:55:10 EDT 2020
###############################################################################
program started at:2020-04-05 22:55:16.288891
iterations: 72000000 temp: 1000000.0 exponent: 0.9 eif: 300.0
time taken (sec): 57930.15192580223
number of iterations: 72000000
final temperature: 159.26791088519815
og index list: [14, 199, 298, 369, 183, 211, 391, 428, 210, 373, 139, 336, 343, 439, 49, 371, 278, 473, 359, 287, 92, 244, 342, 131, 216, 105, 174, 257, 31, 194, 217, 291, 24, 453, 386, 297, 259, 430, 177, 251, 321, 301, 457, 23, 195, 314, 277, 419, 4, 78, 133, 240, 472, 118, 370, 137, 356, 471, 121, 396, 313, 80, 3, 101, 315, 206, 148, 103, 161, 54, 454, 346, 444, 222, 362, 162, 367, 132, 202, 167, 12, 40, 159, 8, 62, 456, 75, 414, 253, 307, 72, 110, 47, 284, 141, 395, 407, 209, 273, 383, 449, 467, 340, 286, 389, 252, 173, 409, 405, 411, 157, 231, 234, 433, 247, 122, 180, 270, 88, 42, 398, 116, 212, 45, 368, 9, 452, 106, 426, 295, 5, 374, 345, 235, 355, 126, 271, 387, 392, 241, 305, 306, 344, 384, 388, 48, 215, 289, 153, 85, 394, 128, 303, 446, 130, 77, 99, 26, 406, 0, 316, 329, 124, 423, 60, 136, 168, 53, 318, 204, 290, 402, 191, 73, 399, 421, 365, 2, 459, 312, 112, 113, 176, 466, 30, 84, 309, 10, 50, 138, 408, 17, 224, 438, 208, 233, 435, 169, 11, 185, 401, 59, 248, 100, 89, 380, 96, 323, 245, 451, 20, 418, 458, 102, 232, 296, 347, 256, 143, 425, 382, 18, 326, 188, 93, 364, 412, 337, 83, 363, 70, 465, 152, 156, 275, 282, 91, 71, 455, 377, 464, 246, 82, 352, 149, 107, 378, 81, 462, 27, 415, 463, 265, 322, 443, 308, 239, 68, 335, 424, 416, 339, 134, 201, 334, 108, 119, 207, 390, 263, 422, 332, 250, 220, 460, 52, 292, 226, 304, 205, 214, 310, 348, 187, 379, 227, 267, 104, 129, 164, 338, 43, 440, 281, 1, 6, 341, 432, 178, 360, 225, 111, 219, 97, 98, 37, 87, 331, 44, 258, 403, 376, 317, 67, 179, 170, 223, 381, 468, 461, 198, 90, 140, 57, 353, 200, 203, 65, 142, 469, 228, 349, 366, 357, 163, 427, 94, 125, 155, 150, 431, 441, 442, 13, 34, 272, 447, 145, 56, 354, 293, 186, 361, 470, 434, 288, 300, 192, 238, 74, 294, 249, 417, 95, 86, 69, 230, 358, 330, 51, 115, 46, 196, 55, 32, 120, 33, 285, 64, 450, 328, 268, 261, 311, 184, 351, 393, 165, 229, 21, 58, 276, 437, 274, 160, 269, 19, 279, 302, 16, 218, 236, 213, 448, 76, 400, 38, 171, 109, 189, 264, 36, 181, 260, 127, 28, 158, 41, 146, 7, 175, 404, 413, 410, 319, 445, 397, 242, 114, 166, 266, 29, 79, 66, 327, 262, 280, 254, 243, 182, 221, 123, 39, 385, 237, 436, 299, 144, 324, 255, 190, 197, 63, 15, 151, 25, 320, 35, 135, 172, 350, 429, 117, 22, 283, 147, 154, 333, 193, 420, 325, 372, 375, 61]
og index list energy: 253401367.09983137
index list: [299, 171, 245, 11, 156, 92, 10, 252, 135, 448, 91, 217, 386, 180, 308, 181, 355, 146, 168, 391, 35, 442, 48, 145, 114, 387, 42, 413, 44, 405, 221, 307, 238, 410, 90, 465, 110, 52, 432, 21, 424, 147, 169, 415, 274, 276, 412, 267, 189, 418, 202, 427, 326, 77, 438, 225, 342, 57, 285, 103, 352, 268, 357, 3, 459, 45, 385, 200, 447, 22, 18, 368, 206, 458, 193, 32, 29, 360, 325, 113, 234, 207, 467, 196, 340, 227, 436, 208, 100, 453, 105, 363, 266, 464, 151, 319, 137, 315, 65, 346, 61, 374, 220, 249, 124, 85, 439, 73, 428, 129, 224, 232, 260, 403, 241, 72, 394, 170, 437, 316, 456, 290, 277, 380, 226, 359, 31, 40, 469, 198, 407, 175, 395, 294, 118, 292, 397, 148, 365, 314, 426, 179, 411, 165, 396, 74, 440, 117, 401, 229, 348, 281, 445, 264, 375, 14, 251, 337, 311, 28, 242, 449, 62, 463, 76, 246, 216, 219, 433, 161, 367, 272, 452, 210, 382, 2, 423, 275, 358, 53, 356, 186, 455, 300, 336, 215, 174, 16, 371, 269, 99, 108, 88, 183, 177, 362, 324, 194, 59, 416, 58, 0, 1, 97, 47, 366, 128, 231, 107, 34, 112, 69, 303, 125, 111, 30, 239, 6, 460, 271, 313, 409, 115, 431, 136, 345, 9, 353, 197, 190, 250, 192, 372, 247, 273, 230, 473, 173, 157, 158, 402, 66, 19, 235, 211, 37, 384, 203, 339, 8, 461, 56, 223, 364, 24, 369, 138, 176, 422, 212, 435, 187, 167, 256, 335, 261, 204, 286, 143, 46, 122, 282, 376, 243, 361, 126, 25, 354, 328, 7, 379, 233, 327, 54, 334, 257, 149, 258, 178, 86, 172, 160, 214, 338, 121, 454, 154, 288, 75, 373, 195, 205, 457, 199, 323, 20, 414, 253, 84, 420, 79, 462, 222, 133, 140, 305, 71, 191, 188, 4, 5, 164, 349, 12, 15, 159, 102, 330, 78, 236, 166, 388, 263, 209, 184, 36, 201, 33, 404, 318, 163, 309, 434, 109, 470, 50, 406, 27, 228, 343, 68, 333, 95, 417, 130, 26, 298, 101, 13, 425, 259, 144, 302, 289, 471, 127, 421, 153, 60, 351, 39, 134, 185, 284, 23, 297, 139, 287, 51, 278, 304, 443, 293, 332, 450, 310, 398, 331, 64, 131, 141, 237, 378, 306, 419, 132, 341, 320, 312, 429, 98, 441, 104, 279, 399, 119, 41, 96, 468, 17, 322, 89, 106, 162, 82, 94, 155, 80, 87, 295, 244, 265, 213, 393, 93, 218, 116, 120, 83, 451, 142, 317, 321, 283, 301, 389, 254, 344, 240, 466, 270, 390, 43, 329, 38, 400, 123, 444, 70, 472, 248, 392, 280, 150, 430, 255, 262, 377, 63, 49, 408, 67, 350, 296, 347, 152, 446, 182, 55, 383, 370, 81, 381, 291]
index list energy: 27174863.011724047
Done


program ended at: 2020-04-06 15:00:46.816464 
 time delta: 16:05:30.527573
