## SLURM PROLOG ###############################################################
##    Job ID : 11946014
##  Job Name : new_and_improved?
##  Nodelist : node1613
##      CPUs : 1
##  Mem/Node : 1024 MB
## Directory : /gpfs/data/nfawzi/skale/Fawzi_pycharm_project
##   Started : Sun Apr  5 22:55:52 EDT 2020
###############################################################################
program started at:2020-04-05 22:55:52.630986
iterations: 72000000 temp: 1000000.0 exponent: 0.9 eif: 300.0
time taken (sec): 75201.83613801003
number of iterations: 72000000
final temperature: 159.26791088519815
og index list: [414, 229, 392, 212, 320, 387, 138, 208, 413, 84, 357, 416, 467, 22, 227, 456, 254, 100, 241, 83, 462, 404, 44, 374, 452, 183, 232, 309, 338, 248, 219, 381, 457, 264, 206, 202, 240, 429, 231, 91, 311, 333, 226, 144, 37, 10, 437, 163, 114, 326, 118, 461, 16, 93, 102, 352, 101, 382, 340, 182, 343, 139, 291, 288, 85, 255, 2, 151, 466, 403, 230, 327, 67, 117, 222, 363, 302, 442, 469, 362, 187, 397, 422, 370, 243, 337, 402, 417, 199, 34, 389, 203, 364, 342, 28, 189, 375, 445, 210, 237, 29, 166, 95, 376, 223, 224, 52, 419, 383, 310, 48, 69, 125, 70, 40, 401, 61, 174, 107, 63, 260, 74, 410, 153, 64, 325, 116, 215, 394, 407, 35, 290, 228, 20, 190, 113, 127, 196, 94, 464, 396, 448, 347, 468, 465, 6, 261, 298, 66, 411, 451, 296, 92, 73, 321, 459, 432, 330, 471, 244, 447, 295, 435, 126, 13, 303, 278, 128, 143, 77, 149, 185, 39, 443, 247, 270, 345, 470, 318, 176, 426, 12, 271, 301, 21, 235, 299, 42, 324, 306, 130, 455, 453, 88, 75, 329, 274, 108, 58, 279, 388, 204, 294, 98, 201, 405, 79, 390, 304, 234, 140, 286, 285, 167, 19, 209, 421, 111, 11, 233, 339, 17, 425, 283, 123, 472, 45, 385, 1, 186, 334, 81, 195, 162, 293, 214, 99, 9, 120, 307, 356, 148, 384, 460, 173, 236, 266, 319, 15, 341, 8, 110, 406, 115, 82, 59, 103, 0, 134, 165, 78, 137, 193, 280, 358, 57, 87, 344, 30, 198, 386, 97, 391, 336, 60, 253, 245, 282, 380, 147, 76, 257, 225, 305, 119, 272, 180, 393, 161, 154, 142, 372, 177, 400, 350, 72, 181, 170, 27, 373, 367, 197, 317, 361, 366, 450, 89, 160, 109, 121, 424, 18, 211, 221, 398, 188, 106, 300, 246, 146, 430, 433, 3, 368, 50, 409, 71, 355, 427, 124, 328, 316, 156, 129, 369, 26, 242, 150, 473, 436, 194, 262, 458, 175, 354, 297, 41, 284, 179, 122, 444, 171, 289, 365, 169, 23, 440, 454, 31, 135, 68, 312, 349, 256, 346, 4, 220, 47, 420, 277, 378, 292, 155, 136, 213, 463, 33, 308, 56, 164, 335, 415, 439, 96, 24, 191, 168, 377, 313, 322, 218, 449, 428, 314, 36, 43, 205, 287, 25, 412, 273, 158, 263, 207, 46, 423, 104, 269, 275, 323, 360, 86, 53, 441, 90, 315, 200, 438, 395, 276, 55, 251, 252, 281, 172, 159, 49, 133, 32, 38, 250, 184, 265, 332, 353, 65, 331, 431, 145, 51, 249, 351, 5, 259, 217, 348, 258, 112, 132, 238, 216, 62, 178, 141, 399, 239, 105, 152, 14, 192, 446, 131, 54, 157, 379, 267, 268, 80, 434, 371, 7, 418, 359, 408]
og index list energy: 232622680.05854118
index list: [120, 275, 395, 172, 163, 72, 424, 241, 431, 38, 353, 224, 347, 103, 232, 16, 346, 137, 429, 51, 465, 83, 97, 134, 421, 89, 329, 160, 386, 202, 438, 8, 416, 96, 306, 413, 227, 425, 213, 99, 370, 93, 288, 294, 408, 159, 147, 69, 411, 180, 409, 116, 122, 140, 154, 453, 270, 404, 101, 221, 434, 313, 344, 187, 278, 302, 323, 94, 284, 58, 236, 126, 208, 420, 119, 473, 247, 312, 320, 237, 398, 168, 308, 26, 231, 138, 1, 18, 380, 9, 384, 197, 190, 194, 210, 388, 35, 338, 113, 85, 315, 7, 141, 86, 285, 153, 102, 359, 0, 472, 135, 49, 348, 233, 59, 44, 256, 299, 60, 23, 283, 281, 403, 84, 422, 87, 371, 166, 114, 316, 468, 70, 100, 463, 290, 262, 400, 74, 454, 266, 339, 273, 358, 292, 368, 54, 382, 117, 415, 104, 360, 264, 443, 164, 345, 80, 332, 435, 105, 254, 328, 88, 349, 129, 19, 407, 143, 64, 203, 324, 109, 24, 319, 249, 57, 225, 447, 289, 449, 293, 427, 268, 462, 73, 304, 397, 45, 385, 274, 22, 412, 55, 352, 75, 188, 193, 253, 3, 378, 63, 150, 259, 121, 363, 39, 355, 314, 456, 242, 437, 326, 258, 303, 192, 461, 30, 176, 392, 277, 369, 43, 469, 10, 405, 6, 300, 441, 216, 151, 250, 211, 198, 200, 389, 272, 81, 145, 276, 430, 267, 455, 2, 375, 20, 317, 111, 406, 61, 436, 47, 410, 240, 252, 28, 330, 32, 445, 263, 286, 336, 215, 184, 106, 255, 296, 357, 17, 396, 251, 11, 451, 185, 458, 149, 118, 48, 218, 301, 470, 21, 341, 98, 446, 148, 305, 125, 282, 62, 157, 108, 14, 457, 91, 399, 65, 418, 222, 128, 333, 387, 139, 464, 50, 439, 238, 155, 440, 327, 131, 220, 79, 366, 206, 351, 257, 426, 311, 130, 124, 244, 269, 260, 365, 243, 201, 199, 334, 271, 343, 230, 372, 279, 156, 78, 448, 158, 34, 76, 391, 318, 212, 239, 217, 342, 175, 417, 146, 350, 71, 234, 170, 209, 41, 433, 36, 298, 29, 376, 123, 162, 466, 107, 15, 265, 127, 144, 287, 297, 309, 423, 77, 340, 67, 228, 393, 13, 295, 27, 82, 450, 110, 133, 46, 182, 235, 68, 167, 459, 189, 383, 12, 379, 179, 414, 174, 132, 467, 169, 381, 52, 364, 66, 432, 177, 337, 204, 33, 161, 356, 40, 322, 42, 181, 246, 112, 152, 367, 205, 471, 115, 452, 31, 394, 136, 37, 374, 325, 401, 95, 178, 444, 223, 183, 280, 402, 226, 335, 219, 56, 307, 195, 171, 53, 362, 191, 442, 261, 207, 5, 373, 196, 4, 186, 390, 25, 214, 331, 90, 419, 248, 361, 142, 428, 229, 245, 173, 460, 310, 377, 321, 92, 165, 354, 291]
index list energy: 26863879.959852677
Done


program ended at: 2020-04-06 19:49:14.822330 
 time delta: 20:53:22.191344
