## SLURM PROLOG ###############################################################
##    Job ID : 11945908
##  Job Name : new_and_improved?
##  Nodelist : node1162
##      CPUs : 1
##  Mem/Node : 1024 MB
## Directory : /gpfs/data/nfawzi/skale/Fawzi_pycharm_project
##   Started : Sun Apr  5 22:55:11 EDT 2020
###############################################################################
program started at:2020-04-05 22:55:16.329179
iterations: 72000000 temp: 1000000.0 exponent: 0.9 eif: 300.0
time taken (sec): 48429.20031905174
number of iterations: 72000000
final temperature: 159.26791088519815
og index list: [29, 448, 359, 327, 67, 469, 196, 58, 243, 355, 404, 349, 137, 323, 94, 307, 241, 358, 188, 226, 68, 183, 1, 190, 455, 173, 152, 231, 430, 356, 93, 313, 96, 123, 244, 370, 202, 472, 320, 121, 42, 147, 128, 423, 177, 416, 50, 120, 353, 150, 459, 381, 57, 471, 182, 258, 24, 229, 280, 9, 180, 310, 176, 275, 207, 453, 396, 166, 71, 117, 467, 319, 131, 52, 99, 347, 298, 408, 321, 417, 217, 367, 88, 64, 86, 210, 390, 39, 291, 311, 221, 445, 63, 82, 297, 238, 233, 371, 379, 372, 256, 373, 366, 266, 293, 285, 257, 386, 153, 195, 216, 149, 61, 3, 465, 418, 156, 409, 111, 17, 397, 380, 228, 395, 344, 288, 317, 326, 261, 118, 181, 337, 363, 8, 18, 27, 198, 301, 105, 419, 98, 286, 200, 108, 377, 361, 15, 193, 340, 77, 345, 0, 66, 308, 259, 446, 437, 5, 19, 45, 341, 148, 122, 385, 452, 125, 211, 212, 184, 92, 41, 398, 456, 201, 410, 442, 89, 468, 364, 113, 139, 432, 69, 65, 300, 450, 192, 101, 415, 333, 34, 292, 119, 54, 325, 420, 439, 116, 208, 232, 218, 402, 342, 254, 163, 79, 425, 387, 428, 463, 168, 12, 277, 411, 162, 60, 37, 170, 74, 114, 213, 460, 127, 447, 160, 357, 424, 246, 429, 26, 287, 219, 107, 282, 392, 154, 378, 174, 389, 328, 407, 59, 40, 110, 269, 253, 129, 248, 376, 299, 159, 268, 421, 352, 36, 336, 427, 199, 38, 391, 206, 401, 142, 95, 454, 25, 136, 394, 374, 172, 346, 31, 242, 414, 167, 315, 72, 16, 443, 178, 435, 343, 35, 138, 135, 400, 90, 78, 464, 130, 133, 28, 80, 186, 81, 204, 124, 70, 312, 10, 276, 175, 240, 271, 14, 97, 76, 171, 338, 433, 393, 272, 305, 250, 32, 223, 263, 413, 134, 406, 187, 304, 209, 457, 235, 458, 354, 332, 384, 330, 109, 47, 55, 441, 194, 260, 434, 262, 239, 451, 466, 102, 224, 151, 294, 143, 403, 112, 431, 462, 309, 144, 189, 46, 197, 104, 348, 278, 470, 48, 331, 85, 295, 132, 265, 205, 290, 436, 6, 165, 252, 329, 22, 412, 440, 115, 227, 375, 368, 296, 279, 215, 473, 164, 270, 318, 83, 4, 324, 51, 2, 62, 388, 44, 230, 220, 30, 335, 350, 314, 214, 91, 84, 303, 20, 247, 399, 21, 449, 191, 11, 255, 284, 146, 422, 281, 444, 33, 283, 383, 438, 382, 369, 316, 43, 158, 365, 185, 203, 302, 155, 13, 274, 126, 245, 405, 169, 141, 289, 157, 273, 106, 362, 461, 100, 53, 56, 351, 426, 339, 73, 7, 87, 234, 360, 103, 322, 267, 225, 306, 334, 161, 179, 249, 264, 251, 49, 145, 237, 236, 75, 23, 140, 222]
og index list energy: 233721198.3156277
index list: [282, 132, 393, 99, 315, 292, 397, 84, 118, 269, 78, 363, 213, 264, 362, 268, 391, 316, 246, 46, 120, 7, 123, 258, 249, 303, 19, 455, 182, 318, 55, 390, 173, 400, 202, 344, 259, 10, 177, 441, 300, 336, 205, 459, 272, 326, 449, 2, 410, 5, 450, 4, 368, 223, 413, 294, 454, 188, 97, 191, 407, 230, 437, 146, 20, 342, 8, 140, 93, 383, 58, 376, 128, 399, 119, 112, 67, 467, 38, 226, 288, 284, 21, 228, 255, 185, 287, 43, 369, 306, 360, 225, 340, 266, 473, 325, 461, 267, 471, 71, 468, 144, 92, 125, 380, 129, 278, 251, 233, 156, 421, 242, 385, 241, 150, 187, 114, 329, 91, 160, 373, 301, 145, 394, 57, 411, 135, 49, 465, 48, 354, 165, 365, 290, 426, 279, 453, 16, 408, 179, 375, 273, 414, 220, 115, 138, 341, 247, 229, 364, 104, 216, 209, 286, 169, 446, 63, 377, 50, 86, 285, 157, 98, 381, 335, 22, 174, 29, 444, 136, 403, 168, 204, 175, 183, 154, 435, 280, 424, 53, 431, 186, 359, 152, 420, 163, 244, 240, 72, 245, 270, 409, 331, 422, 277, 353, 127, 428, 109, 36, 425, 149, 432, 237, 162, 293, 34, 107, 59, 214, 372, 158, 457, 32, 37, 378, 45, 235, 105, 436, 87, 464, 0, 348, 164, 1, 52, 447, 65, 392, 100, 366, 221, 386, 95, 208, 70, 418, 274, 147, 324, 89, 256, 199, 472, 271, 458, 332, 388, 117, 412, 74, 64, 260, 307, 137, 389, 212, 358, 200, 451, 322, 25, 361, 224, 176, 404, 88, 357, 11, 111, 302, 356, 192, 193, 23, 155, 327, 51, 387, 143, 283, 172, 76, 442, 121, 401, 203, 328, 35, 110, 289, 250, 217, 405, 320, 14, 297, 190, 106, 276, 305, 227, 30, 427, 311, 133, 438, 314, 178, 239, 96, 379, 17, 434, 254, 317, 12, 415, 131, 90, 103, 462, 321, 75, 298, 330, 296, 349, 313, 423, 130, 351, 47, 295, 83, 406, 61, 323, 60, 77, 124, 134, 27, 370, 13, 319, 312, 139, 350, 26, 80, 79, 429, 66, 299, 189, 253, 171, 263, 194, 207, 470, 9, 343, 195, 417, 18, 82, 148, 398, 81, 281, 382, 166, 108, 231, 73, 443, 24, 430, 333, 211, 6, 201, 68, 252, 198, 234, 39, 347, 31, 374, 196, 395, 54, 308, 248, 402, 310, 448, 151, 452, 181, 215, 345, 41, 265, 238, 102, 419, 101, 113, 122, 371, 257, 167, 469, 44, 218, 161, 463, 116, 439, 42, 445, 142, 384, 262, 170, 460, 304, 261, 236, 40, 352, 28, 184, 153, 85, 346, 126, 275, 440, 243, 334, 69, 367, 309, 355, 222, 141, 94, 338, 291, 159, 197, 433, 210, 3, 416, 206, 466, 180, 337, 62, 232, 15, 33, 456, 219, 396, 339, 56]
index list energy: 26333140.09471042
Done


program ended at: 2020-04-06 12:22:25.902152 
 time delta: 13:27:09.572973
