## SLURM PROLOG ###############################################################
##    Job ID : 11946071
##  Job Name : new_and_improved?
##  Nodelist : node1624
##      CPUs : 1
##  Mem/Node : 1024 MB
## Directory : /gpfs/data/nfawzi/skale/Fawzi_pycharm_project
##   Started : Sun Apr  5 22:55:51 EDT 2020
###############################################################################
program started at:2020-04-05 22:55:52.754843
iterations: 72000000 temp: 1000000.0 exponent: 0.9 eif: 300.0
time taken (sec): 66095.4753780365
number of iterations: 72000000
final temperature: 159.26791088519815
og index list: [86, 59, 193, 88, 458, 217, 337, 120, 454, 401, 52, 106, 62, 118, 263, 205, 405, 355, 318, 126, 311, 34, 200, 203, 437, 169, 393, 290, 71, 116, 173, 414, 122, 61, 459, 351, 79, 307, 390, 0, 197, 10, 235, 159, 293, 352, 335, 409, 209, 250, 256, 396, 47, 289, 130, 447, 82, 448, 178, 105, 470, 276, 57, 112, 108, 264, 35, 288, 398, 407, 374, 397, 226, 369, 252, 185, 362, 387, 313, 366, 216, 350, 50, 66, 65, 400, 285, 249, 199, 429, 214, 257, 144, 152, 9, 135, 426, 212, 421, 283, 233, 37, 160, 24, 272, 460, 23, 372, 324, 358, 464, 282, 94, 215, 452, 68, 40, 181, 17, 22, 67, 244, 279, 364, 469, 281, 98, 296, 331, 404, 292, 38, 131, 39, 322, 104, 31, 87, 115, 229, 291, 298, 456, 192, 418, 440, 453, 339, 2, 312, 141, 45, 383, 80, 176, 274, 314, 166, 466, 254, 255, 353, 177, 225, 127, 230, 450, 365, 3, 93, 101, 319, 191, 359, 275, 111, 143, 164, 74, 248, 102, 179, 328, 368, 439, 174, 44, 107, 92, 64, 228, 378, 402, 382, 4, 406, 103, 89, 53, 442, 265, 376, 449, 286, 299, 162, 348, 119, 467, 75, 444, 208, 1, 184, 239, 379, 419, 410, 360, 147, 433, 259, 170, 320, 137, 95, 262, 42, 222, 434, 140, 237, 346, 267, 373, 278, 210, 413, 49, 300, 154, 149, 26, 395, 420, 69, 273, 431, 142, 218, 58, 195, 234, 340, 206, 73, 27, 213, 100, 123, 381, 473, 427, 280, 367, 380, 125, 194, 316, 424, 333, 171, 156, 240, 13, 134, 371, 266, 7, 91, 29, 113, 412, 356, 202, 345, 261, 186, 165, 423, 99, 201, 204, 441, 219, 8, 329, 6, 385, 260, 238, 461, 321, 323, 30, 167, 308, 180, 384, 114, 90, 411, 357, 377, 315, 295, 243, 231, 462, 227, 41, 241, 389, 18, 247, 211, 136, 70, 221, 16, 78, 343, 148, 187, 416, 403, 129, 223, 297, 77, 161, 15, 436, 146, 33, 220, 446, 128, 232, 84, 117, 63, 332, 370, 428, 96, 32, 253, 399, 336, 304, 19, 438, 375, 455, 182, 301, 43, 5, 54, 361, 471, 388, 12, 327, 457, 463, 14, 341, 163, 310, 81, 326, 258, 56, 21, 139, 303, 468, 110, 175, 155, 76, 236, 306, 145, 28, 11, 48, 72, 268, 445, 392, 97, 269, 158, 386, 417, 109, 277, 422, 121, 224, 188, 349, 317, 124, 432, 415, 309, 325, 242, 198, 294, 435, 330, 271, 189, 287, 138, 472, 132, 245, 394, 305, 430, 344, 342, 251, 425, 465, 150, 338, 347, 51, 172, 151, 391, 443, 196, 183, 133, 190, 55, 302, 451, 83, 20, 153, 363, 157, 408, 25, 36, 270, 334, 85, 46, 246, 168, 354, 284, 207, 60]
og index list energy: 219541160.8754667
index list: [255, 18, 37, 454, 99, 251, 403, 243, 351, 77, 92, 145, 442, 3, 431, 280, 388, 202, 41, 402, 102, 160, 346, 104, 379, 149, 380, 163, 135, 448, 49, 363, 180, 297, 78, 23, 170, 249, 277, 34, 19, 395, 115, 419, 6, 352, 91, 366, 241, 378, 266, 271, 338, 142, 315, 272, 383, 10, 123, 9, 414, 58, 455, 40, 391, 254, 296, 191, 4, 404, 291, 2, 468, 32, 167, 461, 292, 316, 359, 119, 183, 68, 353, 267, 396, 268, 394, 242, 319, 453, 131, 311, 270, 424, 100, 377, 116, 372, 306, 347, 146, 407, 312, 412, 13, 445, 187, 283, 48, 282, 66, 417, 290, 38, 63, 284, 45, 401, 107, 458, 90, 51, 329, 134, 234, 17, 434, 206, 441, 199, 207, 392, 197, 190, 397, 189, 420, 240, 439, 44, 421, 229, 426, 55, 432, 16, 340, 320, 294, 348, 332, 307, 117, 345, 143, 410, 88, 390, 152, 128, 425, 322, 263, 182, 30, 214, 413, 8, 293, 308, 0, 5, 393, 29, 473, 81, 440, 313, 369, 186, 384, 302, 408, 248, 218, 304, 256, 20, 357, 114, 450, 75, 101, 245, 181, 400, 85, 389, 309, 52, 278, 72, 423, 71, 428, 83, 418, 139, 60, 120, 286, 211, 228, 124, 289, 43, 122, 429, 70, 331, 73, 399, 273, 411, 224, 264, 387, 65, 444, 50, 47, 317, 127, 342, 200, 148, 215, 360, 15, 105, 415, 21, 11, 46, 344, 179, 350, 112, 225, 276, 427, 220, 330, 33, 368, 261, 236, 12, 341, 257, 222, 185, 355, 76, 303, 168, 192, 212, 467, 132, 176, 361, 238, 298, 121, 258, 259, 106, 435, 93, 376, 95, 216, 74, 118, 233, 59, 64, 208, 235, 193, 24, 153, 459, 27, 398, 62, 252, 210, 171, 35, 239, 69, 158, 374, 318, 154, 244, 354, 213, 433, 314, 108, 269, 113, 367, 178, 464, 299, 39, 343, 223, 334, 333, 463, 25, 80, 285, 175, 1, 130, 469, 247, 205, 96, 406, 36, 381, 274, 373, 326, 416, 109, 161, 443, 157, 155, 287, 324, 22, 323, 84, 79, 471, 87, 356, 151, 305, 129, 456, 325, 162, 250, 198, 300, 31, 449, 56, 201, 188, 462, 281, 194, 386, 262, 86, 195, 260, 409, 184, 147, 159, 336, 457, 172, 67, 174, 141, 472, 310, 295, 103, 364, 169, 447, 53, 405, 221, 362, 279, 451, 173, 382, 98, 365, 133, 371, 217, 465, 111, 452, 57, 97, 446, 110, 327, 137, 166, 125, 470, 144, 94, 436, 61, 156, 422, 335, 339, 7, 136, 150, 26, 437, 138, 466, 301, 370, 231, 54, 349, 237, 430, 227, 288, 204, 203, 219, 460, 14, 358, 196, 209, 275, 232, 89, 265, 253, 328, 165, 337, 226, 126, 28, 177, 140, 82, 246, 42, 375, 321, 438, 164, 385, 230]
index list energy: 29663830.92890923
Done


program ended at: 2020-04-06 17:17:28.577832 
 time delta: 18:21:35.822989
