## SLURM PROLOG ###############################################################
##    Job ID : 11945910
##  Job Name : new_and_improved?
##  Nodelist : node1162
##      CPUs : 1
##  Mem/Node : 1024 MB
## Directory : /gpfs/data/nfawzi/skale/Fawzi_pycharm_project
##   Started : Sun Apr  5 22:55:10 EDT 2020
###############################################################################
program started at:2020-04-05 22:55:16.229008
iterations: 72000000 temp: 1000000.0 exponent: 0.9 eif: 300.0
time taken (sec): 55785.681775808334
number of iterations: 72000000
final temperature: 159.26791088519815
og index list: [402, 95, 422, 61, 395, 194, 249, 467, 9, 57, 357, 76, 348, 231, 383, 210, 451, 134, 0, 26, 309, 101, 18, 192, 23, 410, 315, 168, 260, 22, 185, 264, 355, 378, 98, 229, 347, 6, 265, 225, 90, 153, 436, 275, 457, 399, 166, 157, 67, 454, 267, 345, 17, 5, 450, 214, 176, 74, 252, 341, 295, 79, 308, 170, 40, 274, 213, 226, 432, 393, 407, 305, 414, 334, 403, 396, 240, 337, 458, 412, 425, 140, 285, 374, 114, 105, 83, 465, 365, 44, 303, 448, 183, 326, 72, 472, 215, 289, 188, 110, 113, 203, 88, 87, 358, 86, 343, 313, 255, 35, 253, 221, 31, 177, 314, 245, 217, 462, 446, 128, 142, 131, 429, 373, 244, 66, 92, 125, 73, 262, 80, 124, 473, 248, 37, 288, 278, 127, 283, 138, 13, 64, 51, 263, 380, 435, 443, 329, 317, 135, 324, 94, 307, 150, 136, 118, 392, 196, 55, 29, 209, 143, 449, 360, 366, 361, 437, 444, 197, 144, 351, 34, 310, 151, 322, 227, 15, 115, 439, 24, 161, 304, 48, 469, 372, 59, 299, 116, 381, 181, 364, 54, 259, 254, 241, 376, 163, 42, 147, 50, 421, 174, 30, 353, 368, 49, 97, 65, 464, 349, 222, 371, 141, 52, 306, 70, 243, 96, 41, 234, 323, 173, 335, 32, 112, 330, 133, 219, 460, 321, 300, 250, 466, 247, 89, 342, 27, 233, 297, 382, 362, 109, 405, 420, 139, 75, 331, 266, 440, 189, 146, 21, 85, 158, 379, 159, 204, 269, 417, 182, 111, 190, 179, 423, 292, 11, 404, 452, 119, 424, 434, 328, 206, 389, 81, 419, 93, 211, 350, 463, 428, 359, 129, 201, 99, 356, 28, 82, 45, 268, 251, 172, 160, 120, 293, 130, 207, 10, 346, 165, 398, 256, 202, 242, 287, 397, 409, 104, 193, 316, 208, 447, 60, 220, 327, 390, 77, 311, 187, 318, 320, 257, 14, 7, 43, 282, 68, 471, 46, 367, 16, 156, 162, 4, 385, 12, 459, 186, 58, 246, 102, 2, 33, 236, 237, 145, 175, 91, 195, 103, 212, 408, 3, 290, 394, 294, 453, 25, 333, 36, 47, 200, 62, 339, 271, 178, 137, 167, 38, 39, 445, 123, 184, 291, 218, 401, 107, 387, 470, 336, 461, 384, 433, 441, 84, 191, 344, 296, 370, 325, 8, 426, 286, 100, 391, 338, 442, 1, 180, 273, 149, 301, 375, 199, 332, 279, 400, 148, 363, 277, 132, 171, 205, 415, 63, 388, 155, 121, 456, 438, 230, 122, 126, 164, 258, 298, 198, 69, 216, 413, 411, 232, 270, 340, 106, 319, 272, 223, 235, 354, 117, 20, 108, 224, 228, 53, 369, 284, 261, 154, 406, 78, 427, 431, 71, 352, 280, 416, 386, 312, 302, 239, 418, 430, 281, 169, 468, 152, 19, 377, 276, 56, 455, 238]
og index list energy: 265064035.2090768
index list: [66, 171, 139, 82, 126, 135, 244, 246, 307, 129, 278, 332, 364, 109, 368, 16, 297, 309, 360, 145, 167, 25, 380, 102, 452, 39, 461, 164, 450, 96, 427, 276, 150, 377, 38, 319, 48, 367, 142, 181, 108, 260, 156, 365, 255, 254, 216, 95, 448, 316, 464, 147, 330, 241, 376, 100, 97, 41, 389, 104, 460, 74, 393, 46, 120, 274, 93, 228, 170, 65, 287, 463, 247, 57, 415, 28, 375, 290, 342, 285, 105, 381, 296, 87, 373, 240, 370, 259, 3, 366, 195, 234, 400, 163, 473, 326, 211, 188, 9, 425, 253, 198, 413, 301, 359, 152, 77, 272, 385, 263, 183, 35, 344, 300, 336, 282, 469, 187, 430, 76, 391, 238, 341, 333, 232, 310, 357, 314, 140, 398, 221, 348, 273, 383, 277, 338, 262, 148, 449, 248, 390, 117, 361, 292, 395, 268, 320, 133, 384, 158, 416, 190, 196, 189, 194, 451, 243, 459, 119, 110, 304, 323, 26, 362, 19, 134, 455, 79, 60, 157, 436, 249, 417, 21, 343, 6, 445, 138, 431, 186, 421, 54, 471, 75, 113, 408, 20, 256, 32, 462, 5, 225, 465, 22, 308, 218, 289, 369, 325, 387, 2, 350, 44, 242, 371, 335, 386, 312, 64, 144, 305, 324, 257, 192, 358, 261, 446, 40, 423, 245, 267, 472, 103, 394, 80, 220, 264, 404, 294, 432, 179, 418, 141, 329, 172, 43, 470, 62, 334, 81, 90, 37, 411, 33, 363, 146, 457, 71, 191, 193, 10, 236, 4, 206, 210, 428, 313, 70, 403, 154, 442, 149, 258, 124, 67, 443, 121, 73, 405, 212, 466, 311, 250, 36, 201, 13, 122, 379, 59, 204, 27, 352, 24, 56, 454, 318, 45, 136, 215, 160, 293, 322, 29, 214, 14, 409, 51, 426, 177, 88, 354, 11, 159, 8, 392, 184, 68, 226, 399, 182, 237, 429, 94, 155, 53, 231, 178, 1, 347, 153, 374, 208, 12, 0, 388, 143, 47, 340, 115, 18, 438, 52, 331, 328, 7, 422, 185, 176, 406, 165, 420, 175, 356, 180, 402, 112, 173, 414, 116, 217, 351, 202, 382, 219, 224, 55, 281, 118, 302, 378, 106, 86, 30, 284, 174, 69, 353, 230, 410, 128, 441, 50, 458, 61, 345, 98, 162, 137, 349, 166, 303, 251, 433, 125, 15, 397, 84, 130, 111, 317, 17, 239, 99, 424, 339, 58, 283, 229, 372, 270, 468, 161, 434, 151, 222, 78, 85, 412, 299, 23, 168, 288, 101, 34, 91, 114, 89, 315, 269, 123, 83, 298, 227, 447, 107, 346, 203, 306, 407, 321, 467, 223, 419, 132, 396, 295, 42, 444, 280, 440, 327, 337, 286, 31, 435, 235, 279, 453, 266, 439, 131, 169, 401, 233, 291, 271, 92, 72, 456, 49, 127, 265, 63, 252, 213, 437, 199, 197, 207, 200, 209, 205, 355, 275]
index list energy: 26491017.605375856
Done


program ended at: 2020-04-06 14:25:02.273341 
 time delta: 15:29:46.044333
