## SLURM PROLOG ###############################################################
##    Job ID : 11946051
##  Job Name : new_and_improved?
##  Nodelist : node1620
##      CPUs : 1
##  Mem/Node : 1024 MB
## Directory : /gpfs/data/nfawzi/skale/Fawzi_pycharm_project
##   Started : Sun Apr  5 22:55:53 EDT 2020
###############################################################################
program started at:2020-04-05 22:55:53.906580
iterations: 72000000 temp: 1000000.0 exponent: 0.9 eif: 300.0
time taken (sec): 64512.61240673065
number of iterations: 72000000
final temperature: 159.26791088519815
og index list: [94, 75, 350, 443, 218, 185, 79, 126, 325, 9, 368, 131, 77, 358, 357, 268, 375, 178, 17, 214, 314, 208, 406, 241, 13, 190, 179, 402, 27, 115, 385, 389, 293, 316, 278, 191, 360, 232, 217, 263, 177, 323, 169, 317, 99, 153, 164, 207, 123, 444, 204, 225, 312, 11, 460, 393, 30, 111, 466, 143, 349, 256, 235, 186, 376, 411, 391, 59, 57, 188, 26, 313, 85, 392, 172, 88, 399, 47, 141, 97, 280, 311, 348, 0, 184, 107, 250, 439, 222, 135, 324, 206, 10, 216, 372, 308, 226, 239, 116, 404, 24, 340, 397, 345, 32, 351, 93, 463, 264, 322, 163, 183, 279, 339, 83, 290, 356, 8, 82, 180, 384, 182, 265, 195, 58, 174, 428, 344, 157, 395, 49, 472, 257, 246, 434, 303, 387, 12, 247, 267, 374, 7, 199, 437, 271, 103, 171, 16, 161, 219, 119, 355, 192, 283, 78, 233, 329, 118, 440, 52, 287, 106, 34, 396, 29, 379, 347, 414, 221, 410, 288, 276, 461, 261, 430, 418, 43, 435, 166, 441, 262, 423, 136, 91, 298, 332, 90, 209, 100, 196, 408, 415, 253, 37, 296, 170, 260, 48, 61, 321, 23, 295, 255, 305, 160, 98, 96, 6, 319, 369, 289, 248, 328, 412, 403, 433, 130, 424, 342, 252, 5, 270, 25, 223, 3, 168, 56, 427, 144, 151, 459, 442, 95, 200, 467, 320, 140, 304, 273, 139, 275, 162, 352, 445, 18, 416, 227, 327, 438, 455, 14, 54, 432, 210, 229, 266, 419, 142, 21, 110, 70, 33, 220, 138, 145, 300, 175, 72, 362, 215, 378, 380, 194, 150, 452, 112, 53, 431, 152, 282, 159, 464, 335, 231, 457, 203, 468, 341, 449, 407, 134, 306, 114, 45, 80, 371, 101, 240, 51, 132, 420, 147, 167, 244, 353, 146, 333, 284, 31, 336, 201, 470, 326, 19, 60, 121, 465, 36, 69, 128, 277, 76, 346, 294, 39, 394, 66, 382, 359, 331, 230, 46, 361, 105, 286, 1, 64, 401, 236, 422, 35, 20, 154, 409, 149, 73, 473, 198, 202, 448, 462, 315, 251, 405, 421, 426, 92, 447, 297, 124, 193, 15, 89, 364, 417, 234, 84, 67, 281, 309, 367, 211, 65, 125, 108, 224, 386, 156, 274, 113, 63, 451, 40, 454, 87, 74, 165, 81, 370, 44, 155, 62, 71, 259, 471, 388, 181, 197, 292, 28, 22, 310, 42, 102, 373, 212, 383, 258, 148, 55, 242, 334, 213, 68, 127, 330, 254, 318, 122, 307, 366, 41, 104, 4, 413, 354, 299, 86, 381, 187, 363, 269, 249, 456, 243, 117, 343, 337, 38, 129, 189, 453, 237, 2, 120, 238, 302, 436, 50, 429, 446, 377, 272, 137, 285, 450, 158, 301, 109, 291, 338, 205, 173, 245, 133, 365, 176, 400, 390, 228, 425, 458, 469, 398]
og index list energy: 243542052.68978128
index list: [315, 119, 354, 117, 353, 294, 64, 175, 456, 22, 259, 34, 335, 300, 211, 243, 398, 143, 244, 451, 281, 374, 312, 237, 348, 248, 344, 165, 376, 310, 140, 327, 65, 388, 90, 422, 249, 387, 279, 207, 150, 247, 238, 346, 217, 452, 271, 434, 194, 178, 390, 164, 473, 28, 214, 219, 97, 425, 12, 369, 196, 287, 68, 191, 282, 457, 273, 378, 96, 361, 299, 187, 303, 181, 274, 154, 341, 48, 407, 159, 263, 262, 412, 15, 26, 236, 111, 313, 392, 104, 379, 105, 440, 88, 419, 49, 362, 98, 462, 163, 110, 309, 413, 33, 466, 44, 421, 160, 77, 399, 47, 183, 128, 234, 333, 283, 78, 118, 25, 322, 242, 415, 29, 167, 409, 73, 158, 463, 330, 311, 70, 439, 221, 304, 179, 356, 189, 268, 363, 198, 210, 215, 404, 290, 428, 186, 427, 266, 329, 316, 389, 95, 385, 63, 393, 55, 438, 229, 92, 213, 245, 292, 416, 202, 250, 197, 471, 7, 139, 397, 149, 80, 212, 204, 168, 62, 445, 43, 386, 132, 426, 240, 370, 61, 444, 133, 142, 454, 203, 173, 177, 114, 446, 67, 357, 85, 405, 135, 401, 11, 383, 101, 441, 103, 277, 130, 276, 87, 317, 13, 455, 83, 284, 42, 231, 46, 417, 325, 364, 319, 289, 472, 270, 347, 102, 358, 337, 465, 199, 391, 255, 220, 307, 112, 218, 275, 37, 252, 107, 122, 458, 227, 286, 157, 106, 340, 79, 306, 375, 127, 447, 291, 328, 45, 400, 192, 433, 94, 126, 241, 82, 148, 124, 233, 125, 334, 113, 60, 381, 51, 265, 72, 278, 216, 27, 402, 185, 448, 223, 297, 74, 302, 201, 171, 188, 176, 35, 232, 30, 76, 371, 89, 24, 373, 99, 308, 321, 235, 151, 193, 295, 3, 345, 137, 166, 437, 129, 384, 161, 108, 226, 432, 156, 377, 75, 396, 120, 205, 206, 200, 459, 190, 365, 225, 469, 169, 467, 222, 52, 56, 342, 134, 424, 81, 443, 18, 436, 59, 468, 14, 155, 174, 91, 246, 36, 172, 318, 326, 258, 8, 380, 254, 339, 66, 228, 53, 141, 1, 0, 449, 58, 414, 324, 57, 285, 144, 368, 153, 372, 116, 366, 296, 429, 136, 410, 69, 435, 10, 338, 31, 406, 39, 408, 209, 147, 367, 146, 131, 224, 430, 320, 100, 450, 260, 470, 16, 420, 5, 360, 20, 32, 2, 261, 184, 267, 442, 293, 298, 253, 40, 6, 355, 251, 464, 21, 19, 305, 269, 331, 23, 411, 84, 109, 162, 453, 93, 180, 256, 17, 239, 115, 323, 257, 208, 359, 264, 145, 403, 138, 288, 50, 351, 272, 86, 4, 336, 423, 9, 418, 195, 431, 182, 280, 352, 230, 382, 332, 350, 314, 41, 394, 123, 38, 170, 460, 121, 461, 152, 349, 301, 343, 71, 395, 54]
index list energy: 30561216.718295284
Done


program ended at: 2020-04-06 16:51:06.898958 
 time delta: 17:55:12.992378
