## SLURM PROLOG ###############################################################
##    Job ID : 11945982
##  Job Name : new_and_improved?
##  Nodelist : node1163
##      CPUs : 1
##  Mem/Node : 1024 MB
## Directory : /gpfs/data/nfawzi/skale/Fawzi_pycharm_project
##   Started : Sun Apr  5 22:55:41 EDT 2020
###############################################################################
program started at:2020-04-05 22:55:44.837907
iterations: 72000000 temp: 1000000.0 exponent: 0.9 eif: 300.0
time taken (sec): 52861.59475827217
number of iterations: 72000000
final temperature: 159.26791088519815
og index list: [316, 397, 42, 166, 65, 285, 303, 152, 456, 258, 186, 364, 214, 216, 179, 408, 332, 15, 396, 6, 39, 244, 117, 188, 197, 30, 423, 381, 38, 334, 280, 401, 48, 76, 52, 421, 287, 415, 407, 106, 323, 59, 270, 228, 446, 136, 434, 132, 111, 246, 452, 210, 84, 440, 277, 256, 192, 165, 31, 213, 199, 150, 284, 312, 301, 233, 299, 340, 87, 74, 272, 331, 184, 173, 34, 129, 231, 225, 279, 351, 416, 9, 13, 27, 238, 56, 11, 191, 109, 425, 70, 265, 171, 322, 393, 196, 107, 342, 352, 54, 149, 308, 102, 114, 195, 379, 200, 145, 255, 203, 376, 327, 260, 371, 259, 264, 175, 236, 297, 429, 45, 103, 406, 399, 72, 12, 96, 204, 194, 345, 92, 247, 206, 274, 427, 62, 51, 112, 335, 454, 180, 28, 157, 32, 374, 69, 205, 198, 142, 230, 134, 124, 154, 439, 372, 329, 99, 108, 430, 189, 67, 23, 378, 243, 382, 36, 473, 82, 219, 404, 276, 100, 253, 14, 357, 193, 343, 41, 208, 409, 302, 163, 250, 278, 269, 68, 153, 90, 55, 63, 172, 53, 234, 289, 324, 88, 413, 465, 123, 37, 444, 221, 447, 202, 146, 445, 402, 217, 433, 313, 237, 245, 362, 330, 420, 384, 355, 311, 309, 162, 385, 389, 227, 438, 25, 305, 319, 177, 341, 472, 468, 141, 344, 428, 380, 460, 20, 470, 369, 105, 307, 131, 294, 126, 394, 81, 133, 443, 26, 128, 463, 412, 120, 183, 207, 391, 363, 239, 318, 235, 130, 40, 349, 148, 422, 83, 17, 155, 292, 417, 414, 122, 346, 300, 164, 286, 209, 222, 464, 320, 71, 314, 224, 333, 281, 43, 46, 220, 21, 140, 240, 426, 273, 450, 359, 451, 19, 365, 356, 64, 169, 471, 405, 467, 93, 442, 50, 49, 271, 35, 383, 290, 386, 457, 251, 159, 75, 24, 144, 121, 79, 469, 410, 77, 33, 336, 435, 288, 387, 137, 432, 367, 113, 226, 436, 321, 170, 7, 366, 398, 254, 94, 411, 390, 370, 201, 101, 110, 89, 158, 266, 252, 190, 282, 261, 375, 358, 119, 403, 263, 58, 373, 85, 339, 8, 458, 296, 441, 218, 315, 249, 22, 298, 10, 448, 461, 354, 267, 392, 125, 361, 151, 395, 160, 97, 424, 29, 368, 115, 262, 326, 147, 91, 3, 459, 348, 174, 185, 187, 419, 1, 2, 310, 5, 78, 418, 44, 466, 449, 248, 350, 211, 61, 116, 437, 293, 337, 182, 104, 317, 455, 241, 60, 161, 377, 232, 168, 139, 167, 138, 291, 295, 95, 304, 223, 73, 275, 118, 16, 268, 215, 353, 229, 347, 388, 242, 400, 4, 257, 127, 156, 98, 66, 178, 453, 86, 328, 47, 176, 360, 18, 143, 80, 181, 325, 135, 283, 0, 306, 431, 212, 57, 338, 462]
og index list energy: 249429587.12802565
index list: [208, 148, 246, 153, 0, 445, 63, 1, 352, 27, 128, 379, 169, 441, 79, 89, 382, 9, 370, 197, 210, 252, 327, 91, 408, 76, 418, 71, 344, 98, 376, 115, 367, 168, 305, 48, 111, 415, 213, 405, 19, 384, 13, 256, 131, 306, 159, 84, 87, 355, 337, 40, 398, 257, 70, 419, 147, 184, 322, 192, 311, 43, 386, 226, 286, 157, 26, 235, 175, 112, 74, 150, 423, 15, 62, 431, 45, 97, 130, 341, 182, 11, 122, 14, 374, 268, 395, 81, 466, 307, 94, 381, 49, 167, 116, 170, 323, 41, 411, 161, 372, 253, 300, 90, 338, 336, 373, 35, 343, 274, 39, 455, 42, 152, 404, 326, 428, 247, 304, 55, 397, 146, 457, 80, 38, 241, 368, 220, 219, 433, 318, 8, 364, 105, 388, 36, 329, 138, 458, 248, 320, 273, 469, 99, 470, 240, 450, 164, 276, 442, 154, 229, 371, 178, 451, 165, 234, 362, 195, 292, 394, 312, 453, 200, 440, 211, 452, 176, 396, 310, 437, 2, 454, 198, 174, 272, 342, 291, 365, 293, 430, 280, 417, 285, 335, 472, 263, 56, 363, 270, 260, 366, 102, 251, 308, 22, 64, 222, 134, 375, 190, 250, 30, 92, 57, 392, 125, 65, 139, 24, 465, 6, 436, 267, 393, 243, 207, 206, 407, 144, 54, 347, 83, 462, 51, 162, 360, 255, 262, 221, 239, 266, 456, 331, 93, 236, 269, 333, 124, 21, 357, 4, 446, 53, 298, 106, 449, 259, 420, 173, 282, 171, 96, 434, 103, 443, 58, 278, 189, 199, 303, 68, 29, 20, 340, 107, 228, 181, 447, 88, 143, 354, 277, 471, 185, 473, 166, 265, 3, 191, 110, 75, 287, 313, 187, 201, 295, 5, 37, 214, 416, 12, 339, 31, 345, 95, 59, 118, 316, 390, 72, 82, 233, 324, 135, 468, 330, 52, 461, 217, 288, 348, 78, 319, 193, 325, 359, 194, 414, 196, 401, 188, 435, 32, 383, 69, 283, 180, 328, 230, 409, 142, 17, 387, 254, 109, 358, 231, 261, 444, 160, 281, 297, 249, 412, 67, 86, 156, 421, 25, 317, 73, 108, 66, 467, 245, 314, 399, 179, 380, 225, 350, 119, 216, 203, 205, 406, 18, 400, 209, 85, 155, 258, 127, 315, 28, 302, 425, 223, 353, 47, 460, 224, 448, 158, 463, 145, 356, 279, 301, 439, 321, 389, 294, 432, 16, 438, 264, 403, 242, 349, 33, 183, 202, 215, 232, 163, 121, 369, 117, 410, 120, 101, 34, 227, 212, 413, 290, 218, 23, 464, 244, 129, 284, 61, 46, 136, 149, 204, 113, 10, 391, 7, 289, 429, 100, 271, 426, 186, 424, 104, 351, 132, 378, 172, 151, 346, 141, 334, 299, 332, 402, 275, 459, 177, 427, 44, 140, 60, 137, 377, 50, 126, 296, 114, 309, 361, 133, 422, 237, 123, 238, 385, 77]
index list energy: 28061210.531981915
Done


program ended at: 2020-04-06 13:36:46.813975 
 time delta: 14:41:01.976068
