## SLURM PROLOG ###############################################################
##    Job ID : 11946058
##  Job Name : new_and_improved?
##  Nodelist : node1620
##      CPUs : 1
##  Mem/Node : 1024 MB
## Directory : /gpfs/data/nfawzi/skale/Fawzi_pycharm_project
##   Started : Sun Apr  5 22:55:52 EDT 2020
###############################################################################
program started at:2020-04-05 22:55:52.501874
iterations: 72000000 temp: 1000000.0 exponent: 0.9 eif: 300.0
time taken (sec): 68436.09479880333
number of iterations: 72000000
final temperature: 159.26791088519815
og index list: [126, 372, 128, 99, 215, 138, 68, 309, 384, 146, 115, 241, 465, 13, 158, 380, 428, 388, 253, 129, 343, 441, 152, 203, 360, 337, 376, 167, 88, 459, 425, 0, 192, 373, 259, 435, 450, 207, 390, 393, 432, 14, 100, 59, 339, 221, 56, 193, 36, 357, 170, 323, 257, 9, 19, 144, 287, 98, 407, 91, 37, 315, 156, 11, 363, 228, 20, 443, 22, 15, 65, 445, 157, 454, 105, 69, 114, 87, 324, 381, 163, 240, 39, 266, 233, 25, 113, 330, 276, 239, 238, 133, 411, 108, 282, 374, 140, 254, 329, 210, 187, 62, 52, 421, 306, 464, 33, 226, 451, 278, 80, 408, 397, 23, 5, 260, 103, 354, 89, 40, 273, 422, 308, 286, 12, 77, 106, 336, 317, 270, 116, 194, 159, 349, 110, 7, 46, 418, 332, 175, 132, 277, 359, 149, 429, 134, 61, 318, 112, 50, 101, 319, 326, 21, 70, 222, 248, 125, 41, 71, 54, 272, 333, 338, 130, 416, 123, 137, 150, 322, 236, 206, 442, 352, 387, 209, 195, 76, 24, 164, 342, 471, 173, 262, 229, 293, 247, 183, 184, 280, 83, 58, 232, 202, 413, 269, 147, 171, 78, 426, 347, 462, 122, 469, 199, 256, 447, 74, 427, 188, 151, 176, 237, 355, 297, 467, 331, 348, 2, 292, 290, 325, 457, 172, 34, 90, 436, 213, 168, 312, 448, 468, 345, 75, 27, 224, 403, 383, 313, 79, 49, 104, 438, 145, 433, 362, 93, 227, 174, 109, 327, 434, 143, 155, 242, 235, 142, 265, 356, 117, 1, 141, 245, 31, 351, 178, 424, 453, 131, 211, 218, 398, 365, 160, 28, 189, 314, 406, 379, 368, 217, 410, 473, 120, 466, 299, 82, 361, 111, 417, 85, 223, 45, 396, 335, 328, 97, 121, 94, 244, 6, 148, 95, 268, 371, 135, 366, 367, 370, 444, 179, 231, 377, 72, 57, 415, 391, 358, 295, 63, 394, 204, 127, 285, 274, 177, 283, 161, 96, 302, 230, 440, 81, 463, 385, 8, 234, 107, 364, 169, 439, 310, 185, 452, 430, 392, 4, 321, 405, 180, 196, 182, 200, 320, 311, 460, 303, 47, 409, 344, 340, 386, 401, 419, 455, 102, 255, 307, 461, 86, 186, 67, 197, 446, 334, 201, 305, 181, 350, 399, 43, 281, 420, 437, 198, 66, 431, 73, 42, 17, 205, 288, 208, 412, 250, 472, 301, 162, 118, 214, 304, 64, 212, 449, 220, 124, 261, 275, 16, 48, 154, 400, 51, 55, 216, 267, 10, 53, 139, 30, 291, 191, 423, 166, 153, 346, 298, 389, 35, 32, 219, 84, 279, 395, 316, 458, 271, 26, 414, 378, 341, 44, 294, 3, 60, 264, 382, 251, 296, 263, 404, 92, 165, 190, 353, 29, 119, 284, 252, 456, 136, 289, 249, 402, 300, 470, 18, 38, 243, 258, 375, 246, 369, 225]
og index list energy: 228170249.69958913
index list: [219, 56, 246, 117, 287, 65, 425, 216, 106, 329, 78, 226, 457, 103, 182, 74, 358, 231, 274, 401, 259, 448, 50, 418, 327, 88, 381, 55, 455, 180, 387, 217, 445, 136, 397, 69, 252, 36, 442, 177, 446, 260, 244, 167, 114, 464, 49, 372, 9, 174, 271, 394, 266, 424, 262, 473, 100, 393, 331, 304, 438, 186, 443, 197, 428, 48, 351, 211, 373, 24, 461, 95, 391, 2, 348, 53, 423, 14, 408, 220, 143, 155, 413, 196, 178, 148, 379, 291, 116, 430, 169, 118, 248, 367, 96, 422, 251, 62, 345, 83, 222, 126, 324, 289, 61, 92, 255, 31, 152, 390, 75, 206, 347, 333, 388, 20, 370, 101, 298, 119, 234, 472, 44, 124, 109, 359, 202, 336, 40, 261, 406, 272, 290, 412, 299, 164, 419, 16, 433, 277, 342, 102, 352, 45, 245, 18, 364, 10, 201, 190, 349, 223, 421, 270, 294, 355, 332, 392, 320, 172, 71, 471, 224, 454, 247, 335, 97, 32, 400, 192, 323, 267, 440, 200, 207, 189, 341, 240, 344, 227, 432, 275, 389, 250, 203, 158, 204, 54, 232, 314, 104, 229, 311, 330, 89, 378, 145, 281, 265, 168, 410, 166, 434, 257, 108, 60, 411, 107, 156, 282, 193, 3, 363, 235, 63, 346, 91, 170, 382, 112, 43, 403, 70, 357, 307, 121, 365, 316, 288, 414, 273, 469, 131, 218, 22, 451, 213, 354, 157, 59, 470, 66, 209, 11, 319, 301, 175, 343, 105, 356, 295, 132, 444, 29, 350, 90, 230, 463, 135, 420, 73, 297, 185, 308, 21, 26, 437, 199, 362, 210, 76, 435, 133, 160, 214, 181, 405, 146, 82, 184, 293, 120, 98, 1, 187, 369, 113, 215, 122, 243, 416, 87, 171, 134, 79, 162, 30, 176, 256, 28, 315, 35, 258, 111, 286, 141, 150, 427, 51, 449, 57, 383, 23, 276, 263, 409, 179, 366, 254, 221, 353, 19, 415, 253, 33, 450, 149, 264, 439, 81, 456, 328, 67, 41, 368, 42, 283, 84, 399, 269, 85, 278, 64, 128, 407, 12, 284, 249, 318, 233, 125, 139, 398, 147, 129, 80, 339, 39, 404, 77, 86, 6, 72, 212, 436, 8, 239, 138, 374, 292, 140, 326, 453, 195, 334, 296, 380, 194, 34, 188, 361, 322, 46, 303, 38, 431, 93, 462, 13, 459, 52, 426, 241, 321, 371, 25, 191, 4, 5, 385, 208, 360, 0, 153, 460, 123, 305, 310, 429, 159, 242, 375, 7, 228, 452, 15, 144, 302, 377, 110, 127, 317, 306, 94, 441, 47, 458, 238, 466, 151, 465, 142, 154, 236, 163, 468, 115, 183, 268, 137, 467, 279, 313, 386, 130, 237, 384, 285, 309, 340, 225, 447, 280, 376, 27, 396, 68, 337, 312, 325, 300, 161, 37, 402, 17, 338, 198, 205, 173, 99, 395, 165, 417, 58]
index list energy: 26887680.57085528
Done


program ended at: 2020-04-06 17:56:28.946786 
 time delta: 19:00:36.444912
