## SLURM PROLOG ###############################################################
##    Job ID : 11945913
##  Job Name : new_and_improved?
##  Nodelist : node1162
##      CPUs : 1
##  Mem/Node : 1024 MB
## Directory : /gpfs/data/nfawzi/skale/Fawzi_pycharm_project
##   Started : Sun Apr  5 22:55:11 EDT 2020
###############################################################################
program started at:2020-04-05 22:55:16.309998
iterations: 72000000 temp: 1000000.0 exponent: 0.9 eif: 300.0
time taken (sec): 54571.866332530975
number of iterations: 72000000
final temperature: 159.26791088519815
og index list: [155, 406, 472, 252, 50, 358, 170, 144, 353, 402, 2, 130, 438, 54, 23, 377, 362, 154, 80, 367, 447, 209, 193, 292, 412, 222, 215, 261, 244, 430, 220, 132, 47, 88, 196, 389, 104, 288, 393, 327, 386, 238, 86, 381, 467, 224, 108, 428, 396, 441, 112, 338, 264, 123, 368, 201, 203, 68, 206, 303, 6, 241, 134, 410, 58, 138, 105, 397, 291, 239, 160, 279, 82, 302, 272, 281, 315, 328, 425, 415, 169, 32, 421, 167, 10, 322, 452, 361, 282, 53, 266, 115, 401, 290, 126, 89, 360, 217, 391, 301, 79, 81, 48, 455, 117, 263, 64, 271, 433, 319, 306, 98, 341, 87, 173, 287, 103, 369, 125, 267, 106, 15, 128, 307, 194, 426, 387, 294, 310, 19, 373, 343, 129, 121, 96, 180, 120, 233, 333, 63, 347, 143, 325, 313, 254, 77, 83, 299, 466, 334, 7, 237, 202, 234, 225, 308, 434, 295, 74, 60, 270, 159, 21, 136, 124, 133, 309, 163, 413, 404, 458, 91, 184, 342, 243, 235, 148, 16, 0, 111, 70, 384, 293, 260, 229, 153, 41, 75, 25, 110, 251, 284, 141, 20, 165, 116, 97, 335, 340, 445, 175, 78, 276, 321, 370, 11, 161, 13, 168, 226, 210, 437, 208, 366, 399, 450, 378, 236, 305, 346, 331, 85, 55, 119, 379, 211, 179, 448, 3, 245, 5, 171, 423, 376, 1, 348, 463, 172, 259, 212, 312, 314, 188, 464, 127, 344, 35, 205, 408, 420, 199, 265, 297, 365, 317, 223, 275, 231, 411, 4, 250, 390, 419, 363, 345, 158, 152, 164, 289, 388, 339, 354, 432, 162, 31, 95, 439, 100, 227, 73, 357, 382, 109, 442, 101, 352, 473, 300, 113, 418, 66, 435, 405, 146, 137, 183, 181, 456, 52, 198, 247, 385, 407, 185, 258, 349, 274, 457, 49, 311, 329, 416, 351, 414, 417, 395, 190, 374, 182, 145, 380, 228, 372, 30, 191, 166, 156, 39, 422, 150, 122, 93, 257, 69, 43, 72, 320, 398, 56, 324, 273, 62, 240, 451, 65, 296, 427, 330, 204, 460, 359, 454, 298, 207, 453, 28, 197, 149, 459, 107, 114, 174, 256, 99, 400, 278, 304, 465, 449, 61, 277, 22, 470, 429, 242, 471, 92, 33, 18, 392, 280, 461, 248, 213, 8, 431, 218, 118, 246, 249, 42, 147, 355, 29, 316, 45, 187, 318, 177, 262, 403, 17, 364, 336, 84, 230, 157, 90, 268, 350, 444, 436, 9, 189, 195, 71, 27, 26, 14, 176, 440, 462, 332, 44, 186, 356, 253, 34, 371, 140, 468, 135, 59, 131, 51, 200, 219, 469, 192, 216, 232, 24, 269, 285, 443, 76, 142, 383, 67, 37, 178, 12, 446, 139, 40, 323, 326, 36, 46, 286, 424, 283, 375, 38, 394, 151, 94, 221, 214, 409, 102, 57, 337, 255]
og index list energy: 251309893.78129584
index list: [322, 16, 193, 2, 385, 205, 392, 203, 235, 259, 247, 264, 367, 77, 282, 43, 323, 62, 242, 345, 331, 296, 454, 111, 222, 157, 469, 116, 380, 70, 25, 170, 409, 21, 228, 234, 408, 26, 248, 452, 328, 129, 340, 49, 348, 65, 297, 93, 401, 87, 373, 169, 23, 167, 300, 306, 430, 84, 402, 57, 426, 73, 285, 289, 278, 139, 272, 211, 283, 19, 20, 404, 13, 303, 251, 383, 202, 372, 6, 405, 209, 277, 420, 333, 337, 230, 339, 132, 407, 295, 294, 446, 327, 98, 450, 179, 473, 185, 424, 249, 226, 353, 177, 397, 301, 375, 3, 32, 427, 5, 267, 171, 274, 156, 315, 206, 258, 91, 449, 30, 379, 78, 97, 227, 364, 38, 346, 52, 18, 120, 81, 64, 59, 305, 324, 312, 86, 58, 465, 50, 47, 288, 441, 151, 439, 45, 334, 147, 310, 223, 241, 412, 182, 121, 118, 61, 150, 361, 304, 299, 102, 433, 103, 352, 213, 472, 318, 286, 257, 269, 66, 60, 246, 83, 388, 105, 396, 74, 459, 186, 443, 280, 418, 245, 165, 464, 117, 313, 463, 88, 414, 143, 360, 279, 415, 53, 387, 79, 343, 180, 359, 158, 344, 237, 351, 175, 445, 271, 371, 130, 71, 108, 210, 284, 10, 287, 51, 231, 63, 421, 291, 357, 221, 349, 316, 399, 220, 164, 448, 266, 417, 131, 123, 455, 104, 198, 342, 320, 72, 137, 1, 468, 138, 368, 106, 76, 382, 260, 100, 423, 270, 56, 128, 144, 436, 153, 252, 22, 378, 94, 110, 15, 11, 350, 35, 265, 14, 411, 217, 458, 149, 34, 68, 114, 238, 466, 208, 256, 0, 239, 42, 183, 41, 451, 281, 233, 293, 394, 89, 356, 166, 155, 119, 419, 101, 381, 255, 218, 321, 122, 75, 365, 216, 99, 374, 142, 307, 135, 447, 195, 124, 309, 174, 187, 471, 28, 308, 263, 442, 224, 225, 298, 254, 40, 199, 191, 194, 4, 188, 444, 127, 416, 107, 302, 461, 125, 457, 133, 201, 154, 422, 262, 470, 184, 160, 204, 311, 168, 192, 393, 8, 341, 36, 109, 215, 140, 244, 363, 39, 384, 332, 46, 92, 181, 338, 141, 425, 27, 369, 172, 325, 37, 386, 314, 358, 250, 336, 434, 219, 413, 176, 435, 163, 355, 326, 437, 152, 428, 145, 390, 55, 453, 173, 376, 292, 148, 90, 440, 113, 95, 432, 80, 24, 460, 29, 403, 261, 290, 391, 112, 243, 317, 212, 377, 31, 354, 190, 214, 207, 232, 96, 395, 335, 329, 69, 431, 44, 276, 398, 48, 330, 273, 370, 240, 406, 67, 159, 146, 236, 85, 9, 366, 268, 462, 7, 136, 115, 410, 12, 429, 178, 319, 134, 467, 54, 389, 197, 200, 196, 347, 189, 438, 253, 33, 362, 161, 17, 162, 400, 126, 229, 82, 456, 275]
index list energy: 28829480.791540094
Done


program ended at: 2020-04-06 14:04:48.541772 
 time delta: 15:09:32.231774
