## SLURM PROLOG ###############################################################
##    Job ID : 11946027
##  Job Name : new_and_improved?
##  Nodelist : node1615
##      CPUs : 1
##  Mem/Node : 1024 MB
## Directory : /gpfs/data/nfawzi/skale/Fawzi_pycharm_project
##   Started : Sun Apr  5 22:55:50 EDT 2020
###############################################################################
program started at:2020-04-05 22:55:52.084835
iterations: 72000000 temp: 1000000.0 exponent: 0.9 eif: 300.0
time taken (sec): 63505.93244218826
number of iterations: 72000000
final temperature: 159.26791088519815
og index list: [55, 277, 50, 136, 404, 9, 369, 141, 434, 259, 32, 418, 95, 108, 186, 348, 109, 272, 117, 8, 334, 357, 305, 472, 234, 397, 338, 345, 147, 440, 238, 17, 189, 152, 236, 35, 200, 191, 438, 217, 126, 355, 171, 324, 385, 43, 457, 350, 270, 402, 150, 243, 374, 373, 444, 363, 409, 14, 203, 273, 320, 80, 255, 207, 271, 11, 68, 172, 437, 153, 212, 101, 351, 233, 231, 454, 415, 124, 244, 15, 431, 413, 20, 372, 391, 123, 197, 416, 58, 388, 120, 60, 224, 261, 158, 135, 12, 425, 314, 146, 278, 395, 276, 346, 59, 401, 142, 161, 283, 175, 239, 326, 307, 180, 364, 36, 330, 111, 33, 67, 29, 407, 148, 82, 7, 262, 206, 199, 288, 138, 19, 93, 99, 286, 302, 268, 450, 246, 81, 430, 133, 225, 365, 214, 157, 285, 327, 41, 275, 156, 263, 170, 353, 423, 360, 154, 130, 394, 398, 362, 354, 318, 359, 294, 449, 84, 74, 465, 249, 179, 114, 356, 256, 296, 461, 122, 53, 303, 131, 51, 341, 223, 274, 164, 439, 237, 250, 75, 190, 247, 264, 429, 381, 116, 400, 187, 419, 269, 312, 451, 328, 144, 78, 367, 298, 459, 176, 349, 97, 128, 382, 23, 228, 443, 317, 46, 181, 155, 134, 473, 79, 242, 383, 70, 216, 110, 113, 227, 106, 92, 87, 411, 34, 219, 428, 56, 165, 18, 284, 343, 410, 433, 368, 462, 44, 347, 452, 119, 336, 293, 455, 13, 118, 91, 393, 464, 254, 139, 445, 380, 213, 96, 306, 204, 6, 319, 331, 127, 72, 258, 65, 85, 215, 62, 132, 24, 377, 405, 229, 422, 143, 297, 112, 325, 282, 441, 333, 265, 54, 344, 38, 129, 196, 169, 361, 370, 94, 403, 202, 376, 414, 291, 49, 125, 2, 40, 26, 366, 387, 76, 470, 220, 267, 10, 167, 183, 292, 316, 21, 102, 315, 471, 308, 235, 384, 432, 287, 468, 42, 226, 392, 211, 427, 52, 335, 3, 339, 417, 241, 69, 232, 151, 4, 28, 257, 103, 332, 89, 208, 222, 266, 90, 61, 201, 460, 16, 371, 192, 37, 209, 159, 218, 358, 45, 466, 166, 424, 39, 83, 184, 88, 458, 178, 280, 63, 121, 396, 253, 25, 469, 182, 408, 245, 252, 86, 260, 98, 22, 323, 198, 435, 193, 379, 73, 194, 57, 137, 1, 47, 375, 300, 386, 27, 340, 456, 185, 447, 105, 390, 337, 160, 210, 299, 240, 173, 251, 100, 290, 31, 378, 281, 177, 304, 140, 188, 322, 420, 248, 104, 48, 453, 399, 406, 389, 221, 342, 309, 446, 107, 77, 71, 467, 313, 463, 66, 163, 448, 352, 321, 230, 149, 0, 311, 162, 195, 205, 64, 436, 421, 145, 295, 279, 5, 168, 289, 301, 30, 442, 310, 174, 115, 412, 329, 426]
og index list energy: 230565764.22426438
index list: [247, 74, 402, 147, 41, 334, 42, 151, 368, 175, 363, 90, 352, 22, 228, 240, 77, 375, 107, 269, 158, 239, 35, 311, 15, 101, 462, 173, 404, 62, 358, 40, 391, 136, 206, 452, 33, 467, 322, 332, 204, 46, 319, 78, 443, 49, 297, 75, 55, 108, 88, 408, 23, 260, 430, 306, 370, 98, 395, 273, 384, 58, 345, 211, 210, 298, 336, 209, 128, 122, 186, 385, 172, 111, 327, 8, 407, 95, 288, 219, 440, 36, 388, 286, 257, 56, 217, 236, 11, 232, 117, 414, 189, 170, 31, 418, 251, 181, 169, 416, 48, 38, 118, 68, 372, 318, 168, 192, 212, 447, 120, 261, 71, 377, 81, 246, 262, 405, 289, 250, 70, 349, 213, 317, 154, 386, 266, 469, 277, 419, 165, 340, 96, 445, 279, 441, 304, 54, 379, 321, 421, 294, 387, 123, 382, 125, 301, 468, 47, 458, 225, 397, 102, 305, 255, 105, 471, 135, 394, 85, 69, 348, 180, 338, 7, 442, 226, 34, 149, 449, 66, 201, 271, 194, 171, 14, 427, 53, 453, 268, 457, 132, 396, 200, 198, 454, 220, 43, 436, 314, 320, 299, 274, 337, 205, 155, 470, 45, 256, 244, 437, 121, 344, 328, 253, 161, 17, 127, 329, 235, 227, 424, 126, 87, 162, 300, 218, 93, 455, 67, 138, 433, 61, 406, 114, 422, 310, 444, 44, 143, 57, 428, 229, 144, 79, 18, 83, 374, 24, 324, 238, 423, 195, 367, 272, 326, 389, 290, 346, 221, 390, 16, 373, 248, 343, 133, 148, 242, 369, 187, 392, 119, 214, 32, 361, 30, 302, 84, 351, 76, 278, 116, 357, 216, 152, 37, 401, 159, 137, 383, 51, 451, 63, 275, 287, 29, 315, 293, 92, 4, 362, 267, 438, 202, 59, 371, 19, 60, 222, 182, 134, 27, 139, 341, 208, 146, 1, 412, 153, 330, 0, 465, 249, 365, 141, 245, 99, 460, 264, 183, 163, 426, 224, 97, 3, 381, 193, 178, 234, 313, 463, 295, 325, 65, 473, 13, 399, 156, 466, 39, 353, 130, 52, 459, 106, 166, 417, 50, 167, 82, 233, 281, 415, 94, 284, 21, 140, 403, 80, 26, 179, 323, 64, 113, 413, 103, 355, 185, 359, 9, 464, 190, 450, 199, 398, 20, 360, 259, 283, 309, 308, 72, 446, 131, 145, 434, 296, 223, 439, 129, 282, 124, 316, 420, 241, 157, 364, 285, 112, 100, 409, 312, 160, 431, 12, 356, 339, 91, 448, 174, 292, 28, 411, 188, 393, 197, 410, 196, 150, 366, 104, 347, 5, 456, 2, 258, 191, 110, 10, 303, 177, 207, 435, 243, 342, 6, 425, 142, 252, 231, 331, 432, 230, 380, 115, 265, 237, 400, 333, 429, 270, 461, 280, 472, 89, 354, 164, 376, 254, 73, 86, 25, 307, 109, 215, 350, 263, 184, 203, 176, 335, 276, 378, 291]
index list energy: 29206019.07286417
Done


program ended at: 2020-04-06 16:34:18.367206 
 time delta: 17:38:26.282371
