## SLURM PROLOG ###############################################################
##    Job ID : 11945924
##  Job Name : new_and_improved?
##  Nodelist : node1621
##      CPUs : 1
##  Mem/Node : 1024 MB
## Directory : /gpfs/data/nfawzi/skale/Fawzi_pycharm_project
##   Started : Sun Apr  5 22:55:11 EDT 2020
###############################################################################
program started at:2020-04-05 22:55:16.241299
iterations: 72000000 temp: 1000000.0 exponent: 0.9 eif: 300.0
time taken (sec): 41885.255915641785
number of iterations: 72000000
final temperature: 159.26791088519815
og index list: [258, 281, 121, 464, 33, 367, 262, 118, 221, 150, 130, 318, 361, 465, 451, 362, 189, 334, 380, 231, 160, 119, 49, 300, 452, 55, 428, 179, 21, 346, 306, 206, 340, 467, 327, 98, 253, 310, 159, 234, 356, 277, 194, 376, 153, 41, 92, 365, 333, 337, 459, 350, 187, 420, 178, 196, 111, 405, 458, 213, 312, 425, 454, 313, 190, 63, 125, 69, 416, 444, 66, 16, 214, 377, 78, 76, 147, 57, 273, 95, 286, 223, 43, 46, 293, 401, 6, 65, 232, 210, 456, 316, 438, 101, 261, 156, 202, 242, 104, 295, 177, 220, 34, 278, 174, 11, 407, 201, 250, 329, 120, 308, 299, 434, 390, 3, 146, 348, 275, 50, 18, 470, 152, 144, 198, 2, 124, 224, 184, 12, 96, 9, 433, 386, 406, 283, 110, 265, 205, 135, 30, 131, 335, 440, 117, 309, 392, 200, 285, 338, 129, 455, 432, 107, 247, 252, 423, 102, 38, 56, 166, 199, 373, 292, 463, 391, 136, 81, 191, 389, 248, 344, 87, 330, 255, 347, 36, 288, 171, 53, 74, 267, 443, 126, 412, 269, 148, 64, 114, 183, 229, 364, 67, 165, 368, 414, 235, 48, 82, 72, 1, 353, 240, 400, 25, 149, 352, 154, 345, 441, 409, 77, 294, 363, 73, 15, 321, 449, 211, 469, 75, 274, 29, 357, 151, 397, 472, 22, 209, 143, 296, 369, 260, 319, 311, 88, 415, 195, 45, 197, 182, 133, 259, 116, 106, 185, 331, 164, 358, 263, 105, 230, 384, 437, 413, 244, 280, 167, 324, 170, 215, 421, 393, 157, 62, 89, 307, 4, 375, 137, 26, 291, 172, 372, 245, 28, 336, 71, 374, 23, 290, 436, 264, 158, 93, 249, 228, 303, 239, 180, 254, 418, 103, 123, 349, 446, 246, 385, 297, 450, 60, 127, 323, 84, 173, 86, 270, 460, 59, 272, 44, 138, 0, 302, 430, 139, 142, 305, 188, 132, 207, 218, 5, 268, 203, 168, 284, 394, 39, 410, 97, 162, 47, 317, 366, 282, 279, 429, 424, 289, 238, 355, 52, 193, 90, 473, 422, 31, 360, 388, 398, 468, 61, 298, 169, 266, 445, 176, 217, 322, 94, 112, 341, 301, 426, 68, 236, 435, 128, 332, 404, 325, 216, 35, 32, 271, 257, 411, 7, 237, 241, 417, 145, 408, 113, 371, 181, 370, 419, 320, 225, 14, 226, 383, 8, 58, 175, 453, 115, 140, 457, 155, 100, 339, 134, 204, 382, 402, 108, 442, 314, 20, 42, 381, 80, 19, 276, 37, 51, 243, 387, 163, 439, 351, 27, 91, 326, 354, 222, 219, 85, 109, 448, 13, 359, 122, 287, 462, 10, 427, 395, 233, 141, 17, 79, 343, 328, 378, 256, 304, 431, 54, 192, 396, 24, 447, 70, 399, 186, 466, 403, 208, 461, 227, 161, 212, 83, 471, 40, 251, 315, 99, 342, 379]
og index list energy: 232792330.5373866
index list: [247, 16, 362, 47, 440, 112, 161, 172, 25, 284, 218, 156, 304, 124, 93, 446, 152, 394, 302, 64, 76, 375, 301, 350, 190, 197, 336, 376, 330, 65, 431, 41, 341, 50, 354, 174, 163, 285, 203, 44, 283, 146, 276, 451, 117, 181, 457, 266, 340, 115, 413, 177, 337, 249, 92, 328, 251, 215, 390, 264, 462, 54, 162, 374, 289, 410, 22, 211, 118, 45, 286, 32, 29, 176, 443, 326, 472, 198, 120, 14, 404, 169, 426, 210, 199, 268, 347, 74, 105, 471, 238, 458, 179, 430, 98, 415, 2, 171, 191, 381, 5, 399, 20, 444, 281, 384, 142, 49, 358, 48, 438, 314, 365, 309, 370, 136, 367, 187, 317, 21, 344, 259, 255, 235, 71, 272, 201, 220, 36, 183, 188, 425, 8, 392, 253, 164, 357, 53, 439, 248, 103, 393, 241, 133, 282, 280, 352, 102, 437, 104, 140, 316, 327, 292, 361, 279, 448, 178, 470, 100, 377, 260, 360, 168, 34, 216, 261, 134, 213, 265, 40, 155, 51, 143, 452, 3, 369, 132, 406, 263, 397, 208, 455, 125, 58, 387, 94, 230, 277, 348, 99, 400, 270, 297, 89, 144, 81, 1, 363, 0, 338, 95, 464, 9, 246, 63, 422, 88, 408, 139, 329, 24, 346, 79, 389, 62, 122, 194, 4, 403, 186, 445, 225, 418, 331, 262, 239, 38, 356, 110, 72, 364, 244, 245, 15, 236, 26, 214, 28, 82, 318, 59, 256, 148, 353, 300, 141, 271, 473, 321, 342, 56, 273, 450, 90, 324, 291, 427, 325, 207, 200, 412, 333, 126, 254, 12, 219, 373, 182, 85, 351, 205, 308, 149, 33, 388, 202, 355, 257, 433, 80, 293, 436, 313, 411, 310, 127, 166, 421, 43, 108, 113, 106, 382, 233, 52, 130, 417, 10, 298, 250, 91, 46, 449, 322, 237, 460, 296, 114, 159, 67, 416, 306, 242, 442, 223, 278, 75, 395, 57, 343, 83, 454, 154, 319, 434, 192, 407, 206, 153, 228, 385, 35, 184, 70, 303, 335, 111, 287, 323, 147, 128, 23, 109, 420, 96, 398, 17, 405, 180, 423, 151, 224, 428, 119, 371, 101, 212, 150, 453, 209, 31, 267, 37, 429, 195, 447, 18, 466, 157, 269, 42, 315, 78, 129, 252, 231, 30, 167, 401, 11, 258, 66, 204, 158, 77, 288, 217, 435, 243, 380, 294, 170, 386, 320, 240, 465, 299, 165, 334, 307, 39, 378, 193, 160, 461, 196, 189, 366, 121, 368, 7, 456, 73, 145, 469, 61, 86, 173, 345, 123, 295, 68, 463, 69, 468, 13, 383, 6, 409, 339, 19, 402, 275, 234, 359, 332, 419, 107, 305, 312, 459, 138, 467, 116, 221, 379, 175, 432, 226, 424, 290, 87, 232, 227, 391, 131, 222, 137, 372, 84, 135, 60, 414, 27, 396, 274, 441, 229, 311, 55, 97, 349, 185]
index list energy: 28478185.415904753
Done


program ended at: 2020-04-06 10:33:21.852418 
 time delta: 11:38:05.611119
