## SLURM PROLOG ###############################################################
##    Job ID : 11945997
##  Job Name : new_and_improved?
##  Nodelist : node1117
##      CPUs : 1
##  Mem/Node : 1024 MB
## Directory : /gpfs/data/nfawzi/skale/Fawzi_pycharm_project
##   Started : Sun Apr  5 22:55:49 EDT 2020
###############################################################################
program started at:2020-04-05 22:55:49.353647
iterations: 72000000 temp: 1000000.0 exponent: 0.9 eif: 300.0
time taken (sec): 45382.01331734657
number of iterations: 72000000
final temperature: 159.26791088519815
og index list: [145, 339, 297, 450, 22, 279, 293, 32, 115, 19, 224, 465, 189, 421, 260, 434, 219, 294, 175, 186, 151, 141, 427, 341, 97, 167, 250, 411, 137, 3, 164, 84, 322, 14, 111, 95, 170, 99, 328, 401, 67, 444, 143, 64, 147, 82, 70, 408, 116, 272, 238, 61, 433, 7, 17, 249, 446, 263, 80, 41, 351, 316, 150, 21, 201, 242, 206, 127, 121, 149, 6, 274, 204, 384, 174, 273, 330, 105, 43, 233, 152, 395, 25, 438, 385, 139, 113, 31, 158, 374, 202, 280, 320, 398, 114, 221, 301, 255, 375, 91, 198, 369, 4, 76, 72, 18, 469, 325, 284, 345, 33, 365, 406, 30, 383, 352, 171, 239, 35, 96, 2, 471, 120, 324, 157, 400, 308, 217, 377, 467, 57, 53, 407, 452, 10, 85, 52, 448, 271, 264, 28, 15, 278, 265, 126, 236, 349, 463, 454, 426, 159, 371, 381, 295, 472, 182, 55, 48, 464, 234, 191, 195, 243, 100, 429, 417, 437, 457, 354, 179, 389, 13, 56, 456, 327, 254, 199, 58, 276, 287, 304, 290, 133, 420, 282, 197, 367, 422, 119, 68, 268, 355, 20, 356, 106, 130, 9, 172, 347, 46, 468, 247, 132, 414, 226, 196, 222, 181, 98, 252, 409, 87, 225, 277, 237, 107, 162, 436, 153, 423, 183, 40, 288, 361, 66, 200, 262, 270, 39, 412, 329, 300, 69, 188, 177, 317, 101, 378, 363, 424, 311, 37, 81, 445, 362, 125, 154, 291, 253, 103, 24, 292, 387, 60, 51, 336, 402, 392, 459, 337, 192, 34, 213, 184, 178, 220, 123, 366, 79, 302, 185, 298, 418, 397, 187, 373, 261, 110, 323, 49, 227, 473, 453, 370, 251, 8, 131, 38, 289, 134, 240, 118, 458, 5, 382, 310, 391, 166, 333, 112, 275, 269, 117, 47, 26, 360, 443, 160, 350, 210, 135, 246, 63, 318, 54, 340, 305, 286, 29, 155, 44, 45, 230, 338, 368, 245, 470, 441, 223, 462, 460, 416, 267, 12, 193, 27, 228, 208, 266, 326, 93, 148, 128, 207, 455, 163, 461, 65, 410, 428, 413, 343, 232, 344, 390, 432, 321, 283, 190, 332, 231, 319, 359, 281, 124, 94, 138, 431, 0, 75, 216, 296, 439, 23, 50, 451, 83, 1, 16, 435, 348, 168, 393, 285, 404, 396, 331, 403, 194, 335, 364, 73, 442, 405, 214, 379, 241, 386, 209, 256, 161, 144, 449, 205, 257, 108, 248, 299, 211, 71, 346, 306, 86, 259, 169, 102, 215, 372, 77, 353, 303, 176, 399, 129, 394, 415, 156, 312, 447, 142, 334, 165, 78, 42, 109, 173, 74, 315, 313, 90, 358, 36, 425, 59, 92, 218, 430, 309, 88, 146, 357, 244, 212, 466, 180, 307, 229, 136, 258, 440, 62, 235, 140, 122, 11, 203, 380, 419, 104, 314, 376, 342, 89, 388]
og index list energy: 208233251.9577962
index list: [2, 74, 299, 99, 308, 290, 334, 3, 171, 68, 191, 193, 328, 25, 62, 132, 288, 72, 419, 165, 405, 285, 109, 388, 225, 435, 199, 340, 200, 19, 207, 374, 145, 395, 146, 398, 123, 323, 181, 239, 17, 120, 217, 471, 314, 119, 84, 139, 183, 142, 215, 353, 133, 385, 110, 244, 338, 320, 238, 321, 423, 268, 364, 76, 349, 107, 458, 27, 59, 386, 54, 330, 24, 122, 469, 274, 415, 154, 381, 237, 379, 266, 466, 111, 344, 16, 187, 148, 92, 65, 421, 221, 416, 178, 464, 96, 163, 276, 350, 169, 453, 192, 468, 23, 378, 7, 439, 335, 160, 442, 152, 365, 100, 271, 201, 301, 337, 259, 317, 322, 210, 411, 267, 249, 359, 4, 188, 420, 5, 447, 105, 401, 53, 414, 67, 90, 358, 280, 383, 104, 406, 117, 445, 229, 377, 275, 343, 279, 465, 6, 345, 205, 409, 331, 295, 151, 167, 373, 141, 108, 70, 149, 228, 278, 15, 370, 333, 75, 427, 126, 168, 258, 282, 286, 40, 325, 368, 56, 396, 186, 342, 240, 403, 88, 392, 50, 63, 289, 404, 121, 319, 93, 440, 125, 233, 292, 443, 294, 159, 176, 362, 195, 400, 179, 429, 45, 394, 11, 329, 185, 85, 153, 1, 150, 184, 261, 438, 220, 273, 390, 79, 410, 277, 393, 263, 177, 461, 12, 380, 190, 189, 431, 197, 389, 194, 243, 372, 302, 130, 387, 113, 402, 35, 214, 311, 209, 98, 232, 42, 424, 248, 18, 212, 391, 20, 162, 230, 57, 97, 112, 60, 298, 38, 265, 102, 407, 61, 426, 206, 32, 384, 134, 37, 459, 28, 433, 158, 418, 21, 357, 339, 296, 417, 208, 31, 356, 30, 222, 0, 376, 144, 73, 460, 253, 29, 355, 14, 305, 257, 170, 303, 33, 425, 219, 451, 336, 234, 204, 231, 136, 281, 412, 94, 351, 47, 444, 264, 455, 316, 467, 332, 352, 224, 172, 147, 127, 124, 83, 324, 202, 140, 143, 82, 242, 34, 293, 251, 327, 227, 255, 71, 448, 156, 78, 287, 80, 247, 272, 375, 216, 235, 36, 252, 8, 318, 300, 91, 382, 175, 397, 226, 106, 452, 269, 129, 341, 22, 313, 283, 306, 155, 135, 361, 128, 449, 87, 118, 223, 315, 182, 51, 436, 213, 86, 309, 297, 137, 49, 430, 44, 103, 354, 55, 399, 307, 138, 347, 131, 310, 360, 173, 241, 246, 312, 462, 161, 256, 304, 446, 66, 456, 211, 245, 77, 441, 218, 254, 157, 284, 48, 472, 166, 473, 52, 434, 180, 114, 39, 428, 262, 463, 101, 413, 58, 369, 260, 450, 41, 236, 69, 348, 203, 89, 437, 116, 174, 198, 250, 10, 367, 326, 422, 291, 366, 81, 470, 46, 270, 64, 95, 346, 9, 363, 26, 457, 196, 454, 13, 432, 115, 408, 164, 371, 43]
index list energy: 28166374.899839785
Done


program ended at: 2020-04-06 11:32:11.736328 
 time delta: 12:36:22.382681
