## SLURM PROLOG ###############################################################
##    Job ID : 11946021
##  Job Name : new_and_improved?
##  Nodelist : node1613
##      CPUs : 1
##  Mem/Node : 1024 MB
## Directory : /gpfs/data/nfawzi/skale/Fawzi_pycharm_project
##   Started : Sun Apr  5 22:55:49 EDT 2020
###############################################################################
program started at:2020-04-05 22:55:51.916837
iterations: 72000000 temp: 1000000.0 exponent: 0.9 eif: 300.0
time taken (sec): 66405.44811749458
number of iterations: 72000000
final temperature: 159.26791088519815
og index list: [215, 253, 168, 332, 471, 4, 405, 32, 437, 60, 208, 341, 95, 233, 322, 72, 295, 66, 365, 252, 34, 67, 244, 214, 130, 338, 45, 194, 209, 361, 446, 104, 175, 207, 136, 391, 127, 140, 122, 77, 228, 81, 106, 27, 217, 269, 133, 242, 260, 5, 162, 229, 279, 468, 88, 396, 119, 63, 154, 398, 165, 90, 440, 11, 324, 203, 466, 272, 146, 298, 300, 339, 296, 148, 76, 224, 96, 461, 430, 240, 98, 71, 210, 128, 170, 352, 348, 222, 308, 68, 131, 193, 245, 91, 231, 334, 403, 408, 369, 400, 227, 389, 397, 263, 13, 235, 368, 345, 138, 395, 370, 388, 423, 390, 49, 110, 86, 181, 126, 374, 74, 172, 268, 113, 236, 267, 455, 335, 219, 356, 316, 41, 333, 415, 105, 20, 55, 118, 357, 302, 186, 57, 65, 94, 111, 286, 373, 202, 151, 346, 456, 360, 326, 259, 442, 453, 380, 314, 470, 256, 206, 28, 293, 328, 431, 220, 156, 270, 254, 187, 12, 51, 157, 103, 195, 350, 353, 280, 61, 281, 70, 351, 115, 401, 225, 112, 347, 433, 159, 434, 387, 460, 135, 46, 120, 177, 277, 459, 340, 80, 274, 52, 230, 99, 337, 248, 327, 362, 36, 0, 432, 150, 331, 392, 375, 438, 376, 450, 371, 342, 24, 82, 143, 212, 125, 435, 116, 329, 190, 419, 218, 429, 301, 3, 372, 445, 359, 439, 412, 358, 451, 216, 23, 464, 319, 276, 323, 100, 417, 160, 413, 303, 50, 93, 9, 169, 171, 402, 188, 249, 320, 384, 246, 191, 448, 164, 258, 283, 97, 58, 56, 325, 377, 189, 294, 441, 2, 436, 184, 386, 241, 449, 64, 336, 463, 420, 409, 83, 273, 33, 454, 21, 40, 107, 313, 132, 6, 318, 473, 285, 414, 123, 18, 178, 306, 422, 167, 7, 278, 232, 10, 250, 31, 166, 309, 378, 183, 75, 284, 221, 255, 243, 62, 421, 59, 291, 163, 428, 265, 180, 275, 467, 418, 385, 185, 426, 226, 48, 411, 1, 38, 26, 19, 213, 247, 344, 410, 137, 182, 416, 129, 211, 427, 223, 379, 25, 305, 264, 117, 109, 30, 204, 22, 89, 205, 424, 121, 282, 201, 145, 29, 452, 124, 271, 234, 43, 311, 173, 17, 381, 87, 407, 197, 73, 44, 161, 290, 363, 321, 343, 152, 142, 14, 458, 114, 54, 251, 69, 155, 472, 262, 147, 266, 310, 239, 382, 288, 307, 192, 158, 108, 292, 200, 404, 15, 366, 287, 78, 330, 84, 406, 16, 35, 176, 139, 443, 289, 465, 237, 79, 444, 102, 153, 134, 383, 144, 92, 101, 196, 304, 39, 354, 367, 199, 8, 53, 179, 312, 141, 315, 462, 394, 174, 364, 425, 47, 355, 261, 349, 85, 317, 37, 393, 399, 469, 297, 299, 457, 238, 42, 198, 149, 447, 257]
og index list energy: 234536752.0530819
index list: [378, 4, 278, 196, 188, 174, 335, 282, 192, 285, 259, 355, 300, 40, 453, 16, 443, 48, 69, 133, 447, 113, 246, 331, 418, 326, 97, 353, 296, 449, 203, 109, 78, 364, 269, 271, 265, 71, 464, 17, 462, 244, 465, 120, 121, 321, 402, 267, 471, 210, 334, 6, 341, 242, 415, 225, 388, 253, 163, 396, 21, 56, 150, 193, 9, 386, 286, 58, 0, 80, 240, 191, 124, 139, 372, 177, 432, 336, 209, 202, 205, 8, 422, 53, 1, 74, 394, 186, 310, 428, 42, 444, 178, 416, 316, 323, 14, 283, 13, 375, 123, 304, 308, 61, 86, 110, 159, 47, 329, 60, 126, 249, 374, 134, 315, 27, 435, 111, 299, 7, 368, 24, 399, 339, 261, 398, 238, 406, 112, 330, 151, 467, 147, 423, 260, 164, 380, 275, 427, 229, 387, 301, 365, 194, 393, 251, 10, 468, 3, 104, 363, 152, 290, 383, 273, 472, 332, 342, 83, 384, 137, 82, 381, 245, 76, 458, 306, 223, 404, 217, 92, 180, 252, 171, 190, 75, 401, 153, 434, 302, 424, 274, 367, 307, 143, 437, 72, 230, 390, 165, 408, 144, 57, 108, 51, 218, 161, 412, 206, 26, 439, 99, 385, 227, 49, 463, 272, 392, 12, 360, 226, 214, 455, 293, 303, 25, 333, 343, 100, 426, 208, 403, 248, 438, 96, 207, 469, 199, 19, 345, 84, 305, 129, 233, 324, 132, 201, 197, 457, 325, 466, 224, 461, 85, 106, 155, 346, 328, 255, 254, 327, 291, 63, 452, 198, 340, 280, 34, 29, 421, 15, 62, 184, 28, 284, 46, 322, 103, 445, 185, 311, 292, 407, 79, 64, 45, 33, 157, 370, 89, 395, 270, 425, 54, 460, 257, 149, 371, 107, 30, 162, 258, 93, 183, 102, 446, 294, 219, 405, 5, 20, 431, 2, 470, 169, 32, 351, 187, 389, 77, 91, 170, 379, 309, 39, 397, 172, 95, 359, 264, 348, 115, 354, 154, 263, 239, 181, 362, 119, 236, 318, 70, 211, 122, 167, 114, 235, 23, 352, 11, 176, 429, 36, 420, 52, 250, 289, 337, 262, 68, 369, 59, 366, 175, 145, 347, 279, 433, 67, 373, 41, 409, 146, 216, 158, 473, 116, 459, 156, 320, 247, 241, 204, 130, 232, 212, 231, 38, 382, 44, 276, 417, 31, 338, 35, 298, 66, 168, 256, 136, 448, 98, 440, 221, 281, 268, 391, 88, 376, 128, 436, 73, 297, 200, 442, 189, 37, 441, 101, 410, 22, 317, 65, 228, 287, 377, 135, 277, 350, 234, 454, 50, 357, 312, 182, 131, 90, 430, 105, 361, 117, 344, 55, 313, 413, 222, 173, 148, 450, 81, 43, 419, 138, 456, 179, 451, 141, 142, 140, 358, 295, 220, 243, 356, 160, 319, 166, 125, 237, 411, 127, 94, 414, 314, 87, 118, 213, 400, 195, 215, 266, 288, 349, 18]
index list energy: 30354372.710726067
Done


program ended at: 2020-04-06 17:22:37.723160 
 time delta: 18:26:45.806323
