## SLURM PROLOG ###############################################################
##    Job ID : 12000762
##  Job Name : new_and_improved?
##  Nodelist : node1108
##      CPUs : 1
##  Mem/Node : 1024 MB
## Directory : /gpfs/data/nfawzi/skale/Fawzi_pycharm_project
##   Started : Mon Apr  6 11:04:54 EDT 2020
###############################################################################
program started at:2020-04-06 11:04:59.402281
iterations: 72000000 temp: 1000000.0 exponent: 0.9 eif: 300.0
time taken (sec): 48484.43801999092
number of iterations: 72000000
final temperature: 159.26791088519815
og index list: [254, 459, 113, 358, 59, 47, 266, 340, 370, 344, 76, 357, 134, 11, 20, 122, 93, 55, 262, 243, 323, 418, 212, 43, 198, 32, 111, 345, 50, 343, 216, 195, 34, 169, 124, 18, 26, 233, 367, 342, 409, 447, 69, 144, 380, 453, 435, 341, 222, 128, 287, 310, 74, 352, 416, 231, 210, 156, 39, 381, 376, 227, 255, 465, 183, 389, 204, 437, 107, 396, 184, 247, 155, 244, 137, 120, 10, 434, 196, 51, 269, 197, 350, 48, 78, 361, 150, 232, 25, 31, 284, 399, 44, 214, 461, 324, 157, 102, 108, 103, 379, 149, 223, 446, 308, 464, 325, 68, 404, 170, 295, 90, 98, 311, 422, 432, 413, 23, 382, 411, 53, 165, 373, 99, 393, 46, 14, 327, 263, 97, 292, 472, 146, 1, 354, 454, 300, 321, 334, 451, 88, 177, 385, 328, 326, 260, 419, 202, 410, 431, 314, 9, 429, 101, 86, 322, 257, 441, 207, 291, 368, 30, 297, 242, 121, 252, 339, 72, 234, 209, 462, 238, 456, 294, 147, 38, 29, 179, 239, 138, 458, 118, 359, 273, 106, 117, 194, 65, 41, 283, 378, 470, 241, 337, 330, 221, 307, 332, 57, 438, 444, 245, 154, 77, 22, 92, 153, 4, 426, 75, 427, 206, 289, 351, 167, 152, 384, 240, 468, 387, 401, 329, 388, 24, 256, 299, 220, 440, 302, 347, 104, 109, 218, 420, 95, 448, 15, 7, 319, 180, 443, 383, 276, 187, 63, 452, 407, 377, 248, 191, 264, 423, 369, 237, 271, 45, 249, 463, 35, 189, 408, 12, 229, 87, 151, 116, 185, 306, 182, 129, 460, 91, 281, 215, 226, 275, 83, 253, 259, 309, 398, 246, 132, 278, 333, 390, 0, 402, 277, 274, 293, 186, 203, 366, 405, 205, 172, 66, 89, 301, 96, 391, 303, 142, 133, 353, 298, 219, 316, 62, 338, 158, 70, 136, 8, 173, 318, 235, 346, 304, 114, 457, 228, 442, 94, 56, 141, 27, 467, 371, 392, 331, 36, 375, 313, 171, 445, 250, 372, 159, 455, 414, 285, 208, 110, 5, 450, 131, 449, 164, 230, 178, 84, 270, 42, 19, 162, 174, 360, 181, 21, 424, 16, 58, 13, 123, 272, 279, 166, 28, 105, 139, 64, 430, 60, 6, 280, 471, 320, 163, 466, 160, 52, 412, 428, 397, 199, 119, 73, 188, 49, 286, 436, 112, 130, 225, 125, 433, 349, 364, 168, 33, 415, 213, 236, 305, 282, 421, 315, 79, 201, 265, 80, 85, 356, 355, 362, 251, 140, 200, 145, 3, 67, 365, 258, 224, 400, 312, 288, 406, 296, 261, 143, 37, 81, 290, 403, 82, 268, 192, 193, 2, 217, 469, 135, 336, 54, 374, 395, 317, 267, 386, 176, 115, 473, 348, 175, 335, 363, 190, 161, 211, 417, 439, 40, 127, 148, 61, 17, 394, 71, 100, 126, 425]
og index list energy: 231115882.0235945
index list: [135, 148, 83, 324, 81, 436, 43, 150, 178, 441, 231, 113, 374, 217, 414, 230, 351, 39, 440, 152, 388, 154, 118, 95, 345, 119, 469, 164, 434, 255, 285, 336, 282, 31, 209, 311, 219, 394, 199, 443, 189, 196, 419, 335, 32, 183, 23, 287, 234, 98, 271, 158, 252, 192, 184, 339, 261, 451, 10, 435, 136, 74, 411, 257, 51, 207, 162, 205, 398, 213, 236, 69, 87, 450, 247, 138, 127, 466, 147, 293, 322, 57, 418, 126, 144, 242, 468, 77, 223, 460, 80, 244, 110, 316, 424, 314, 42, 457, 116, 363, 245, 296, 415, 129, 369, 233, 125, 160, 350, 47, 367, 312, 364, 130, 371, 281, 401, 61, 423, 106, 395, 65, 283, 269, 225, 417, 41, 341, 117, 433, 299, 71, 422, 266, 277, 465, 172, 280, 232, 222, 145, 248, 357, 88, 368, 53, 403, 49, 315, 165, 169, 346, 19, 288, 96, 352, 105, 408, 176, 432, 253, 8, 421, 14, 6, 227, 453, 333, 82, 391, 66, 377, 302, 338, 84, 78, 459, 181, 393, 268, 387, 56, 462, 63, 241, 108, 187, 473, 294, 331, 182, 168, 376, 7, 159, 286, 382, 325, 37, 442, 75, 180, 305, 70, 191, 4, 208, 378, 2, 177, 431, 36, 389, 226, 94, 445, 89, 461, 90, 375, 16, 359, 254, 330, 270, 355, 102, 439, 320, 221, 304, 407, 237, 416, 139, 18, 317, 274, 111, 26, 295, 249, 464, 203, 40, 215, 379, 99, 356, 262, 385, 9, 298, 300, 134, 27, 446, 224, 323, 143, 256, 60, 278, 326, 438, 175, 405, 121, 92, 260, 381, 279, 167, 384, 64, 212, 472, 289, 59, 348, 79, 12, 444, 58, 383, 156, 149, 456, 30, 122, 107, 153, 239, 0, 265, 216, 101, 15, 76, 308, 11, 455, 272, 303, 33, 301, 38, 344, 35, 420, 91, 373, 29, 406, 45, 366, 229, 372, 55, 97, 340, 120, 251, 62, 204, 273, 467, 332, 386, 54, 362, 100, 425, 115, 161, 17, 471, 146, 396, 3, 426, 267, 171, 188, 193, 306, 112, 211, 343, 123, 214, 174, 243, 34, 21, 151, 334, 238, 86, 327, 263, 284, 185, 390, 85, 430, 28, 454, 44, 258, 358, 157, 437, 218, 328, 24, 137, 228, 124, 179, 140, 72, 380, 318, 202, 449, 173, 292, 337, 220, 141, 46, 370, 264, 402, 132, 410, 321, 397, 290, 307, 131, 448, 166, 458, 103, 452, 50, 319, 109, 170, 114, 128, 361, 68, 347, 73, 400, 13, 447, 25, 246, 22, 259, 399, 190, 250, 194, 463, 20, 353, 197, 5, 1, 392, 52, 429, 93, 155, 235, 195, 201, 313, 413, 142, 427, 104, 404, 67, 360, 48, 409, 275, 412, 291, 342, 310, 329, 133, 276, 428, 309, 210, 297, 198, 206, 200, 365, 163, 470, 349, 240, 354, 186]
index list energy: 28599625.874981366
Done


program ended at: 2020-04-07 00:33:04.221314 
 time delta: 13:28:04.819033
