## SLURM PROLOG ###############################################################
##    Job ID : 11945917
##  Job Name : new_and_improved?
##  Nodelist : node1627
##      CPUs : 1
##  Mem/Node : 1024 MB
## Directory : /gpfs/data/nfawzi/skale/Fawzi_pycharm_project
##   Started : Sun Apr  5 22:55:11 EDT 2020
###############################################################################
program started at:2020-04-05 22:55:16.266939
iterations: 72000000 temp: 1000000.0 exponent: 0.9 eif: 300.0
time taken (sec): 50352.73333501816
number of iterations: 72000000
final temperature: 159.26791088519815
og index list: [392, 196, 338, 466, 98, 246, 72, 52, 195, 153, 74, 229, 306, 387, 280, 247, 314, 333, 264, 365, 154, 127, 225, 367, 290, 177, 265, 91, 267, 60, 428, 215, 21, 222, 0, 329, 245, 287, 108, 164, 124, 107, 171, 90, 83, 412, 46, 189, 403, 114, 213, 419, 232, 18, 31, 326, 139, 304, 248, 418, 354, 341, 268, 324, 355, 334, 319, 424, 160, 5, 332, 292, 430, 378, 203, 22, 155, 425, 163, 59, 270, 156, 253, 188, 86, 465, 397, 414, 321, 32, 310, 30, 366, 78, 58, 236, 389, 410, 184, 134, 302, 463, 459, 291, 166, 352, 451, 259, 71, 273, 396, 199, 28, 309, 275, 401, 193, 115, 119, 205, 336, 152, 89, 13, 149, 29, 376, 262, 69, 327, 235, 406, 472, 295, 174, 73, 228, 234, 311, 144, 211, 372, 185, 312, 399, 45, 2, 117, 335, 375, 443, 307, 104, 7, 133, 305, 358, 82, 56, 136, 173, 282, 394, 105, 11, 75, 261, 398, 94, 317, 1, 77, 157, 283, 194, 70, 449, 40, 269, 400, 357, 131, 330, 348, 383, 380, 10, 123, 116, 407, 33, 243, 340, 118, 36, 109, 170, 258, 257, 197, 190, 179, 368, 25, 186, 297, 3, 254, 454, 57, 226, 178, 204, 377, 61, 342, 359, 161, 212, 469, 169, 76, 140, 9, 147, 214, 422, 349, 43, 20, 34, 450, 224, 266, 113, 66, 448, 316, 362, 417, 26, 281, 353, 379, 404, 415, 172, 322, 87, 167, 192, 421, 347, 62, 151, 92, 142, 471, 351, 385, 252, 277, 48, 409, 391, 47, 313, 370, 315, 165, 218, 39, 137, 467, 345, 126, 168, 452, 300, 143, 16, 99, 318, 303, 250, 388, 455, 129, 301, 79, 24, 356, 111, 441, 453, 426, 112, 38, 175, 470, 427, 432, 461, 323, 223, 381, 80, 138, 346, 55, 103, 373, 386, 238, 240, 227, 276, 473, 293, 17, 54, 446, 150, 239, 274, 384, 320, 395, 132, 81, 260, 458, 182, 331, 35, 49, 23, 201, 187, 263, 180, 200, 84, 191, 284, 255, 12, 429, 286, 8, 420, 50, 19, 63, 272, 256, 462, 294, 85, 216, 135, 53, 405, 110, 159, 145, 299, 230, 15, 460, 208, 102, 444, 206, 42, 106, 14, 364, 176, 251, 393, 242, 285, 162, 41, 202, 97, 101, 408, 241, 457, 442, 468, 288, 220, 4, 289, 278, 374, 125, 445, 141, 390, 344, 308, 434, 64, 130, 122, 27, 382, 37, 233, 210, 402, 464, 416, 371, 279, 221, 363, 209, 325, 121, 51, 148, 413, 438, 237, 433, 440, 298, 44, 198, 350, 423, 158, 128, 339, 296, 337, 217, 360, 120, 100, 369, 435, 183, 95, 271, 219, 249, 231, 96, 207, 437, 6, 68, 361, 88, 343, 65, 93, 244, 181, 447, 456, 146, 431, 436, 328, 67, 439, 411]
og index list energy: 271637723.34296405
index list: [203, 268, 379, 6, 361, 177, 345, 290, 356, 259, 453, 314, 413, 174, 270, 56, 443, 35, 451, 13, 438, 69, 308, 68, 445, 31, 250, 272, 428, 17, 64, 173, 38, 162, 234, 364, 328, 326, 34, 206, 215, 261, 315, 153, 449, 116, 1, 319, 0, 247, 53, 90, 394, 131, 70, 412, 115, 114, 467, 117, 435, 186, 288, 202, 431, 293, 265, 299, 213, 140, 322, 66, 101, 207, 5, 452, 152, 411, 103, 433, 327, 2, 458, 211, 426, 43, 393, 313, 340, 304, 305, 223, 365, 169, 48, 371, 93, 222, 161, 396, 147, 339, 289, 23, 367, 78, 124, 119, 276, 357, 57, 285, 332, 359, 94, 465, 63, 389, 237, 462, 98, 354, 100, 380, 71, 178, 471, 104, 410, 164, 342, 310, 384, 316, 434, 321, 448, 16, 370, 306, 9, 427, 235, 45, 432, 84, 381, 154, 19, 80, 29, 150, 149, 329, 273, 423, 279, 429, 311, 142, 366, 226, 87, 287, 183, 106, 135, 297, 200, 201, 14, 120, 263, 219, 421, 30, 346, 54, 456, 59, 341, 74, 391, 168, 28, 239, 184, 138, 128, 294, 403, 65, 228, 122, 284, 24, 473, 193, 88, 37, 204, 244, 472, 112, 111, 343, 264, 373, 27, 118, 51, 214, 82, 137, 444, 205, 436, 180, 430, 255, 76, 352, 192, 347, 12, 323, 136, 395, 42, 62, 26, 382, 7, 376, 300, 291, 73, 459, 182, 271, 454, 220, 15, 181, 191, 4, 20, 404, 96, 450, 197, 252, 46, 251, 25, 97, 148, 400, 163, 398, 36, 258, 387, 176, 372, 166, 383, 79, 360, 160, 281, 369, 3, 464, 267, 171, 231, 141, 408, 198, 336, 209, 175, 236, 158, 159, 107, 60, 460, 188, 466, 190, 455, 330, 189, 463, 199, 194, 32, 325, 243, 350, 260, 442, 212, 469, 77, 363, 109, 232, 129, 362, 145, 439, 309, 437, 49, 143, 317, 61, 50, 416, 110, 75, 99, 344, 224, 301, 457, 280, 334, 172, 312, 349, 156, 155, 85, 374, 233, 125, 170, 375, 39, 92, 286, 185, 40, 417, 10, 368, 21, 446, 253, 127, 139, 11, 134, 414, 242, 256, 72, 257, 333, 385, 165, 274, 415, 18, 441, 179, 419, 123, 238, 406, 133, 246, 151, 283, 331, 296, 217, 108, 262, 378, 22, 422, 292, 388, 335, 307, 146, 216, 113, 355, 218, 240, 425, 95, 461, 254, 157, 41, 440, 55, 86, 227, 351, 269, 91, 337, 302, 303, 33, 386, 318, 249, 320, 295, 210, 402, 195, 377, 130, 424, 196, 407, 105, 399, 67, 52, 358, 44, 468, 275, 405, 248, 390, 245, 58, 187, 397, 8, 81, 420, 266, 338, 282, 401, 221, 447, 102, 353, 230, 409, 208, 392, 225, 470, 229, 121, 418, 144, 126, 47, 167, 83, 348, 89, 324, 241, 278, 277, 298, 132]
index list energy: 27905272.49424752
Done


program ended at: 2020-04-06 12:54:29.369276 
 time delta: 13:59:13.102337
