## SLURM PROLOG ###############################################################
##    Job ID : 11994145
##  Job Name : new_and_improved?
##  Nodelist : node1131
##      CPUs : 1
##  Mem/Node : 1024 MB
## Directory : /gpfs/data/nfawzi/skale/Fawzi_pycharm_project
##   Started : Mon Apr  6 09:46:52 EDT 2020
###############################################################################
program started at:2020-04-06 09:46:52.369986
iterations: 72000000 temp: 1000000.0 exponent: 0.9 eif: 300.0
time taken (sec): 49108.83293700218
number of iterations: 72000000
final temperature: 159.26791088519815
og index list: [5, 21, 130, 269, 91, 385, 158, 463, 25, 309, 15, 306, 165, 11, 380, 422, 416, 170, 94, 443, 259, 27, 216, 465, 185, 230, 9, 272, 63, 105, 378, 79, 149, 461, 220, 101, 36, 65, 353, 18, 386, 136, 320, 177, 121, 180, 80, 159, 211, 389, 183, 438, 163, 366, 119, 161, 75, 460, 147, 371, 435, 82, 164, 188, 160, 250, 377, 445, 62, 334, 92, 167, 412, 172, 241, 113, 253, 361, 415, 218, 424, 316, 354, 360, 52, 278, 204, 78, 176, 139, 187, 254, 262, 169, 19, 224, 41, 410, 264, 234, 95, 247, 66, 392, 322, 257, 67, 242, 104, 10, 373, 311, 198, 345, 270, 251, 227, 403, 328, 116, 367, 318, 285, 133, 168, 303, 379, 370, 217, 295, 284, 342, 240, 327, 39, 280, 267, 396, 444, 40, 425, 467, 292, 448, 184, 70, 7, 17, 114, 56, 186, 337, 246, 275, 434, 97, 23, 397, 236, 20, 237, 132, 300, 205, 376, 73, 203, 141, 193, 64, 266, 32, 323, 235, 189, 68, 144, 76, 125, 452, 108, 406, 402, 256, 195, 34, 229, 107, 332, 472, 181, 46, 135, 375, 45, 115, 152, 308, 134, 30, 37, 191, 258, 60, 14, 426, 368, 145, 462, 324, 413, 390, 289, 128, 194, 418, 469, 340, 274, 77, 199, 99, 146, 131, 197, 206, 459, 196, 420, 287, 96, 473, 439, 55, 317, 215, 0, 440, 314, 291, 48, 153, 2, 282, 69, 252, 409, 330, 321, 178, 442, 391, 174, 255, 13, 401, 192, 400, 126, 351, 59, 239, 286, 209, 162, 71, 138, 355, 200, 365, 346, 12, 33, 395, 441, 263, 58, 129, 464, 118, 3, 38, 127, 238, 407, 6, 458, 4, 411, 283, 298, 87, 226, 329, 315, 232, 61, 207, 89, 305, 29, 276, 429, 449, 103, 307, 421, 233, 383, 231, 74, 431, 356, 47, 336, 84, 148, 202, 1, 277, 57, 245, 112, 382, 210, 106, 384, 428, 16, 344, 333, 111, 290, 457, 124, 54, 357, 201, 81, 454, 51, 190, 349, 319, 83, 151, 140, 155, 157, 313, 182, 470, 88, 312, 388, 468, 90, 8, 350, 343, 338, 219, 228, 297, 294, 393, 249, 347, 417, 208, 261, 419, 248, 414, 110, 173, 339, 93, 430, 214, 225, 42, 325, 293, 369, 348, 137, 310, 358, 117, 122, 28, 279, 394, 86, 72, 260, 304, 24, 423, 341, 142, 109, 143, 223, 49, 364, 450, 44, 50, 179, 432, 359, 331, 53, 352, 221, 398, 399, 302, 85, 363, 154, 451, 335, 31, 244, 243, 213, 455, 35, 446, 447, 437, 268, 374, 296, 98, 26, 404, 427, 456, 156, 387, 120, 299, 212, 281, 408, 123, 166, 433, 273, 271, 100, 381, 436, 405, 265, 301, 288, 362, 102, 150, 372, 326, 22, 453, 175, 171, 43, 222, 471, 466]
og index list energy: 238207687.63900867
index list: [151, 344, 23, 51, 84, 350, 102, 287, 262, 360, 277, 283, 223, 37, 201, 275, 408, 8, 464, 91, 417, 135, 402, 128, 381, 129, 456, 169, 396, 90, 308, 130, 444, 312, 343, 238, 61, 392, 332, 351, 173, 105, 427, 271, 347, 116, 317, 160, 0, 208, 358, 60, 295, 47, 449, 65, 416, 57, 179, 470, 339, 291, 389, 21, 1, 311, 181, 395, 17, 261, 236, 71, 442, 32, 413, 113, 434, 12, 430, 19, 172, 69, 86, 52, 120, 186, 440, 56, 299, 264, 361, 331, 306, 170, 459, 168, 357, 189, 196, 363, 36, 382, 188, 376, 68, 460, 222, 48, 175, 404, 147, 278, 144, 114, 305, 125, 137, 319, 157, 72, 354, 206, 342, 9, 391, 210, 403, 195, 418, 3, 221, 379, 248, 118, 310, 410, 285, 53, 473, 270, 370, 38, 307, 229, 366, 268, 450, 103, 377, 67, 453, 225, 422, 242, 397, 294, 415, 290, 435, 274, 323, 154, 152, 256, 131, 296, 380, 85, 217, 329, 211, 437, 99, 334, 142, 24, 419, 74, 424, 43, 457, 313, 367, 304, 150, 29, 284, 58, 288, 330, 245, 314, 276, 411, 26, 108, 73, 451, 25, 42, 183, 149, 365, 322, 27, 81, 433, 212, 79, 315, 227, 246, 22, 140, 207, 110, 335, 251, 97, 443, 132, 384, 95, 39, 349, 117, 338, 104, 458, 141, 178, 355, 96, 362, 213, 394, 62, 438, 202, 59, 126, 75, 462, 76, 359, 107, 463, 87, 50, 133, 346, 240, 273, 387, 324, 80, 300, 263, 340, 33, 237, 345, 101, 383, 272, 348, 216, 41, 162, 30, 302, 111, 235, 6, 286, 257, 265, 233, 428, 134, 431, 7, 372, 138, 122, 336, 199, 200, 247, 119, 466, 93, 11, 258, 234, 14, 445, 4, 5, 220, 267, 191, 441, 243, 385, 13, 159, 309, 297, 98, 326, 373, 253, 198, 205, 337, 171, 241, 123, 425, 115, 369, 320, 2, 325, 426, 255, 292, 232, 230, 461, 166, 239, 143, 406, 78, 82, 158, 429, 83, 465, 289, 92, 182, 301, 432, 219, 401, 187, 407, 254, 184, 45, 409, 10, 469, 279, 446, 177, 436, 112, 139, 375, 282, 250, 249, 420, 153, 34, 209, 327, 70, 447, 333, 399, 49, 454, 156, 468, 146, 386, 316, 472, 260, 174, 31, 40, 400, 192, 452, 121, 167, 448, 145, 88, 280, 374, 266, 398, 94, 455, 224, 231, 127, 215, 64, 293, 155, 405, 203, 89, 252, 77, 269, 281, 371, 106, 412, 109, 368, 100, 352, 185, 423, 318, 321, 35, 298, 55, 214, 176, 204, 161, 148, 421, 44, 341, 163, 193, 46, 136, 303, 244, 471, 259, 28, 15, 439, 164, 390, 165, 414, 16, 393, 54, 228, 226, 124, 63, 356, 218, 328, 66, 388, 20, 378, 190, 194, 197, 353, 467, 18, 364, 180]
index list energy: 28394494.771276798
Done


program ended at: 2020-04-06 23:25:21.579875 
 time delta: 13:38:29.209889
