## SLURM PROLOG ###############################################################
##    Job ID : 11945981
##  Job Name : new_and_improved?
##  Nodelist : node1163
##      CPUs : 1
##  Mem/Node : 1024 MB
## Directory : /gpfs/data/nfawzi/skale/Fawzi_pycharm_project
##   Started : Sun Apr  5 22:55:42 EDT 2020
###############################################################################
program started at:2020-04-05 22:55:44.957991
iterations: 72000000 temp: 1000000.0 exponent: 0.9 eif: 300.0
time taken (sec): 51057.94089913368
number of iterations: 72000000
final temperature: 159.26791088519815
og index list: [9, 389, 142, 359, 251, 432, 219, 347, 160, 218, 321, 445, 276, 270, 148, 453, 442, 327, 388, 172, 400, 422, 439, 404, 227, 348, 196, 353, 134, 133, 412, 417, 60, 355, 79, 297, 57, 58, 103, 337, 83, 340, 304, 145, 278, 360, 24, 153, 177, 268, 390, 119, 254, 235, 372, 249, 298, 377, 357, 226, 434, 402, 90, 246, 391, 421, 68, 189, 88, 31, 34, 393, 386, 368, 208, 80, 89, 349, 291, 279, 373, 112, 1, 48, 98, 33, 70, 322, 76, 225, 252, 437, 296, 344, 140, 424, 122, 470, 362, 59, 92, 265, 212, 466, 271, 205, 471, 451, 260, 284, 108, 173, 106, 91, 335, 385, 197, 332, 416, 27, 314, 281, 213, 45, 316, 459, 436, 345, 155, 430, 229, 165, 121, 448, 207, 74, 56, 72, 46, 463, 6, 245, 75, 22, 236, 185, 180, 415, 109, 406, 409, 42, 399, 365, 342, 175, 302, 4, 194, 174, 35, 240, 290, 0, 356, 280, 66, 468, 382, 336, 405, 198, 380, 431, 99, 29, 127, 401, 73, 308, 285, 17, 306, 289, 65, 116, 333, 384, 11, 188, 458, 339, 161, 129, 456, 323, 47, 454, 312, 166, 329, 449, 93, 237, 25, 181, 138, 413, 472, 151, 141, 3, 398, 408, 379, 154, 97, 168, 37, 407, 8, 310, 283, 460, 132, 78, 26, 288, 403, 220, 420, 397, 5, 309, 267, 447, 273, 20, 191, 255, 366, 423, 243, 394, 325, 10, 293, 248, 55, 192, 367, 395, 102, 383, 376, 96, 214, 107, 111, 211, 320, 233, 286, 433, 299, 7, 461, 201, 150, 41, 411, 328, 94, 253, 262, 427, 224, 43, 82, 277, 178, 305, 130, 303, 230, 2, 462, 159, 274, 354, 425, 387, 282, 50, 62, 69, 32, 272, 234, 330, 364, 123, 450, 114, 223, 104, 157, 18, 147, 361, 301, 139, 231, 338, 216, 187, 135, 287, 419, 202, 14, 87, 86, 126, 440, 263, 300, 222, 259, 464, 363, 179, 266, 358, 396, 311, 326, 19, 206, 343, 452, 324, 352, 346, 465, 443, 228, 455, 446, 315, 51, 232, 95, 374, 426, 210, 238, 317, 438, 217, 441, 378, 110, 13, 63, 67, 124, 64, 36, 241, 457, 244, 16, 414, 184, 163, 52, 250, 105, 125, 410, 158, 418, 371, 269, 28, 183, 164, 350, 170, 292, 295, 61, 137, 23, 12, 21, 15, 136, 369, 319, 331, 370, 275, 169, 204, 307, 334, 200, 146, 39, 429, 115, 85, 171, 444, 143, 435, 117, 313, 341, 351, 120, 118, 261, 209, 149, 247, 375, 77, 264, 100, 38, 53, 193, 190, 258, 40, 381, 152, 239, 162, 182, 469, 186, 156, 195, 294, 176, 44, 203, 49, 71, 131, 318, 101, 81, 30, 242, 473, 113, 221, 257, 84, 467, 144, 428, 199, 167, 392, 215, 128, 256, 54]
og index list energy: 240504310.75193545
index list: [172, 54, 246, 100, 429, 103, 400, 152, 438, 146, 421, 39, 341, 260, 430, 16, 416, 257, 72, 307, 94, 315, 48, 443, 213, 376, 121, 362, 135, 231, 133, 50, 392, 143, 71, 378, 78, 368, 254, 426, 294, 23, 390, 316, 338, 320, 333, 214, 449, 187, 435, 111, 283, 95, 178, 276, 364, 22, 297, 7, 469, 132, 363, 312, 160, 374, 212, 118, 154, 466, 43, 460, 272, 21, 343, 27, 433, 79, 228, 159, 325, 371, 45, 179, 408, 93, 380, 186, 124, 61, 402, 296, 57, 245, 59, 420, 216, 267, 465, 290, 96, 183, 295, 156, 411, 226, 358, 181, 434, 14, 415, 335, 12, 161, 298, 101, 29, 239, 40, 256, 242, 285, 176, 329, 262, 353, 229, 398, 223, 218, 64, 259, 303, 36, 249, 33, 361, 18, 382, 306, 145, 141, 357, 90, 440, 291, 348, 77, 472, 270, 410, 225, 414, 332, 424, 248, 105, 445, 67, 409, 244, 462, 109, 222, 182, 119, 377, 66, 471, 69, 122, 203, 184, 46, 461, 310, 428, 56, 404, 89, 464, 240, 388, 115, 62, 389, 25, 138, 384, 19, 468, 321, 399, 147, 139, 459, 58, 162, 419, 24, 140, 120, 144, 126, 76, 337, 51, 204, 107, 31, 359, 125, 83, 391, 227, 167, 6, 340, 202, 205, 280, 448, 38, 97, 397, 112, 98, 327, 151, 386, 102, 351, 273, 347, 165, 148, 395, 301, 86, 233, 134, 82, 252, 185, 32, 88, 413, 5, 372, 4, 436, 74, 319, 84, 423, 0, 236, 53, 450, 131, 328, 302, 334, 47, 417, 137, 15, 35, 60, 284, 318, 87, 155, 379, 322, 208, 1, 407, 224, 331, 220, 237, 403, 275, 349, 17, 381, 293, 258, 286, 330, 235, 157, 324, 271, 168, 149, 99, 463, 11, 277, 265, 158, 110, 41, 278, 85, 367, 221, 441, 127, 366, 281, 455, 199, 350, 193, 200, 80, 117, 444, 238, 308, 210, 209, 211, 369, 266, 406, 173, 44, 365, 241, 422, 52, 383, 116, 201, 73, 354, 166, 108, 13, 287, 269, 300, 129, 437, 191, 253, 197, 192, 375, 196, 188, 215, 418, 8, 311, 219, 37, 207, 190, 195, 394, 279, 396, 289, 356, 180, 370, 70, 255, 169, 360, 20, 150, 352, 2, 385, 3, 317, 42, 431, 113, 323, 123, 345, 164, 457, 314, 452, 264, 427, 130, 153, 373, 170, 401, 75, 432, 263, 247, 26, 467, 177, 453, 206, 355, 336, 198, 405, 251, 174, 292, 342, 217, 344, 309, 91, 447, 326, 34, 68, 288, 282, 49, 104, 473, 163, 470, 63, 439, 171, 55, 305, 274, 454, 230, 442, 189, 194, 268, 387, 30, 250, 261, 456, 28, 412, 304, 234, 243, 451, 81, 232, 106, 114, 128, 425, 65, 446, 339, 136, 10, 393, 175, 346, 9, 92, 299, 142, 458, 313]
index list energy: 26804058.316288285
Done


program ended at: 2020-04-06 13:06:43.281142 
 time delta: 14:10:58.323151
