## SLURM PROLOG ###############################################################
##    Job ID : 12005050
##  Job Name : new_and_improved?
##  Nodelist : node1116
##      CPUs : 1
##  Mem/Node : 1024 MB
## Directory : /gpfs/data/nfawzi/skale/Fawzi_pycharm_project
##   Started : Mon Apr  6 12:22:29 EDT 2020
###############################################################################
program started at:2020-04-06 12:22:31.031806
iterations: 72000000 temp: 1000000.0 exponent: 0.9 eif: 300.0
time taken (sec): 37761.662180662155
number of iterations: 72000000
final temperature: 159.26791088519815
og index list: [416, 250, 31, 20, 203, 210, 115, 435, 364, 266, 312, 200, 295, 327, 268, 51, 110, 460, 363, 324, 405, 173, 166, 139, 414, 466, 275, 205, 374, 319, 437, 396, 213, 101, 37, 65, 234, 301, 400, 240, 46, 209, 290, 74, 156, 136, 343, 280, 62, 347, 75, 440, 428, 397, 9, 32, 401, 84, 92, 184, 41, 322, 76, 262, 6, 365, 338, 377, 11, 253, 146, 257, 196, 296, 105, 8, 193, 390, 272, 134, 255, 269, 411, 121, 227, 313, 144, 174, 412, 302, 239, 61, 90, 4, 133, 352, 318, 376, 421, 187, 267, 353, 79, 297, 398, 356, 107, 399, 258, 119, 465, 202, 408, 464, 149, 0, 357, 388, 55, 183, 89, 354, 321, 355, 112, 274, 228, 247, 106, 359, 102, 223, 171, 468, 143, 409, 323, 473, 103, 168, 28, 158, 349, 231, 150, 155, 117, 236, 406, 373, 232, 114, 385, 342, 17, 413, 391, 182, 151, 216, 432, 167, 125, 418, 30, 99, 382, 415, 404, 389, 194, 58, 38, 370, 429, 386, 467, 243, 449, 43, 148, 97, 16, 147, 82, 195, 384, 60, 154, 95, 86, 77, 113, 161, 394, 286, 78, 5, 256, 211, 316, 100, 219, 72, 246, 325, 334, 299, 64, 462, 378, 230, 252, 427, 48, 291, 116, 122, 83, 189, 439, 443, 163, 1, 326, 346, 57, 12, 35, 142, 395, 434, 80, 237, 141, 123, 300, 381, 13, 472, 126, 47, 424, 225, 137, 175, 244, 198, 157, 337, 66, 221, 328, 67, 212, 456, 73, 371, 177, 109, 287, 281, 265, 279, 345, 294, 44, 104, 303, 233, 50, 315, 403, 153, 423, 94, 172, 254, 140, 218, 341, 169, 190, 10, 282, 24, 49, 160, 459, 45, 358, 304, 33, 445, 469, 425, 7, 433, 224, 263, 387, 88, 145, 81, 311, 138, 260, 40, 339, 214, 379, 317, 36, 27, 410, 329, 306, 360, 91, 93, 402, 208, 217, 369, 180, 351, 170, 188, 270, 375, 176, 128, 333, 42, 283, 248, 241, 392, 226, 420, 197, 152, 22, 417, 438, 124, 284, 111, 383, 344, 452, 393, 23, 273, 206, 361, 68, 222, 340, 331, 235, 442, 118, 63, 451, 15, 2, 278, 288, 441, 407, 448, 132, 249, 18, 181, 436, 372, 29, 191, 380, 362, 3, 446, 14, 178, 179, 207, 26, 293, 366, 447, 431, 56, 199, 430, 264, 220, 454, 307, 98, 285, 130, 450, 127, 108, 330, 336, 310, 426, 368, 461, 21, 25, 261, 34, 463, 53, 185, 350, 444, 120, 335, 135, 165, 19, 308, 457, 201, 292, 320, 367, 54, 69, 271, 471, 259, 455, 96, 71, 277, 85, 453, 458, 470, 192, 162, 422, 159, 419, 348, 289, 305, 215, 59, 204, 314, 129, 298, 229, 39, 245, 186, 87, 131, 332, 70, 251, 164, 276, 52, 238, 242, 309]
og index list energy: 346659061.17767787
index list: [218, 132, 155, 425, 113, 315, 254, 224, 24, 262, 288, 392, 174, 185, 385, 268, 397, 107, 149, 278, 154, 467, 161, 355, 294, 22, 354, 274, 441, 156, 327, 177, 376, 12, 86, 187, 458, 85, 416, 45, 466, 170, 179, 353, 105, 449, 324, 65, 439, 3, 380, 316, 361, 271, 348, 102, 427, 163, 9, 435, 196, 180, 191, 319, 281, 124, 333, 61, 356, 64, 313, 451, 309, 215, 325, 168, 37, 393, 195, 408, 33, 383, 14, 370, 119, 186, 366, 56, 406, 104, 373, 152, 283, 277, 334, 208, 19, 126, 141, 390, 134, 287, 346, 71, 461, 238, 473, 160, 422, 241, 445, 110, 169, 375, 98, 122, 95, 431, 249, 419, 73, 443, 13, 421, 69, 343, 158, 311, 260, 167, 266, 465, 270, 232, 103, 448, 245, 240, 386, 133, 415, 80, 112, 165, 400, 54, 363, 142, 432, 320, 273, 413, 99, 226, 276, 351, 306, 384, 209, 8, 438, 36, 183, 198, 314, 38, 464, 176, 20, 460, 21, 5, 405, 30, 396, 29, 368, 76, 442, 280, 418, 275, 463, 339, 229, 145, 148, 81, 437, 332, 382, 295, 151, 468, 57, 82, 470, 330, 310, 317, 50, 414, 194, 337, 193, 15, 55, 387, 243, 159, 68, 462, 77, 175, 365, 244, 26, 433, 7, 456, 74, 44, 116, 341, 67, 146, 389, 75, 207, 200, 206, 210, 199, 305, 78, 303, 293, 157, 256, 89, 101, 344, 147, 296, 417, 83, 378, 143, 411, 178, 347, 242, 379, 217, 352, 17, 236, 328, 130, 66, 444, 257, 284, 269, 84, 263, 192, 403, 253, 318, 227, 34, 59, 394, 135, 94, 298, 87, 139, 340, 79, 331, 292, 181, 472, 111, 388, 2, 391, 40, 32, 258, 188, 171, 261, 357, 225, 289, 246, 25, 51, 118, 137, 162, 446, 125, 234, 381, 47, 128, 471, 115, 10, 201, 166, 367, 172, 63, 329, 279, 395, 221, 447, 53, 401, 4, 235, 164, 360, 230, 404, 90, 117, 430, 52, 372, 216, 173, 323, 106, 96, 429, 109, 297, 121, 93, 412, 272, 204, 247, 259, 410, 202, 250, 129, 228, 440, 27, 426, 182, 58, 420, 138, 1, 140, 434, 0, 364, 222, 304, 342, 312, 398, 70, 338, 212, 136, 252, 11, 308, 203, 205, 358, 300, 91, 345, 213, 265, 123, 459, 42, 469, 321, 350, 290, 18, 377, 197, 423, 190, 455, 28, 450, 322, 248, 219, 150, 46, 97, 211, 31, 374, 251, 399, 336, 371, 35, 454, 326, 214, 285, 131, 23, 452, 301, 72, 108, 88, 100, 457, 223, 402, 237, 16, 407, 48, 307, 49, 369, 302, 92, 286, 291, 436, 39, 239, 264, 255, 335, 114, 424, 62, 153, 453, 267, 349, 127, 120, 60, 231, 233, 184, 144, 282, 362, 41, 409, 299, 220, 6, 359, 189, 428, 43]
index list energy: 27318433.519284002
Done


program ended at: 2020-04-06 22:51:53.063314 
 time delta: 10:29:22.031508
