## SLURM PROLOG ###############################################################
##    Job ID : 12004716
##  Job Name : new_and_improved?
##  Nodelist : node1105
##      CPUs : 1
##  Mem/Node : 1024 MB
## Directory : /gpfs/data/nfawzi/skale/Fawzi_pycharm_project
##   Started : Mon Apr  6 12:04:50 EDT 2020
###############################################################################
program started at:2020-04-06 12:04:50.533704
iterations: 72000000 temp: 1000000.0 exponent: 0.9 eif: 300.0
time taken (sec): 51339.67425966263
number of iterations: 72000000
final temperature: 159.26791088519815
og index list: [267, 91, 15, 145, 316, 338, 119, 212, 192, 429, 128, 51, 333, 357, 397, 23, 9, 88, 424, 348, 2, 12, 329, 443, 402, 295, 372, 360, 154, 221, 140, 395, 166, 262, 195, 33, 259, 11, 234, 104, 219, 190, 144, 143, 105, 470, 47, 365, 183, 3, 406, 135, 273, 129, 169, 204, 98, 43, 75, 156, 132, 265, 309, 349, 186, 368, 312, 188, 454, 341, 80, 227, 322, 170, 392, 251, 268, 442, 364, 355, 96, 381, 425, 423, 165, 142, 367, 228, 255, 433, 294, 25, 430, 305, 438, 52, 465, 327, 53, 68, 224, 450, 317, 297, 82, 97, 257, 426, 300, 252, 102, 410, 173, 191, 184, 14, 84, 124, 94, 282, 178, 320, 271, 458, 116, 41, 110, 236, 412, 85, 196, 117, 81, 313, 396, 376, 352, 383, 270, 283, 70, 281, 289, 279, 459, 331, 404, 164, 382, 427, 112, 72, 200, 379, 244, 24, 290, 49, 197, 457, 10, 64, 107, 302, 28, 125, 314, 451, 63, 325, 449, 57, 54, 286, 346, 134, 215, 175, 40, 77, 0, 92, 149, 303, 127, 246, 214, 342, 446, 463, 180, 391, 291, 353, 413, 461, 7, 177, 21, 415, 307, 254, 403, 44, 266, 48, 162, 231, 301, 343, 240, 409, 411, 284, 420, 344, 187, 400, 310, 233, 16, 131, 436, 122, 467, 336, 179, 401, 334, 87, 174, 471, 137, 274, 280, 249, 159, 347, 93, 453, 83, 388, 151, 163, 56, 39, 445, 211, 1, 250, 398, 359, 385, 139, 374, 74, 37, 157, 123, 181, 287, 59, 229, 22, 50, 199, 447, 120, 133, 62, 150, 31, 152, 405, 108, 460, 260, 369, 437, 278, 432, 277, 241, 272, 13, 253, 275, 18, 473, 421, 79, 431, 237, 339, 78, 468, 65, 66, 356, 100, 416, 263, 455, 34, 155, 422, 4, 248, 167, 61, 26, 17, 428, 358, 158, 5, 387, 193, 370, 46, 448, 115, 354, 350, 389, 38, 20, 153, 375, 269, 298, 99, 76, 36, 147, 230, 469, 285, 337, 315, 138, 456, 258, 161, 299, 377, 185, 60, 335, 408, 362, 232, 111, 361, 42, 58, 373, 90, 243, 6, 30, 462, 103, 394, 171, 332, 239, 225, 45, 238, 148, 146, 399, 210, 440, 29, 318, 27, 380, 121, 32, 71, 217, 340, 130, 452, 296, 198, 8, 293, 176, 414, 439, 371, 444, 203, 407, 206, 189, 213, 366, 202, 86, 194, 351, 247, 242, 261, 417, 109, 304, 378, 160, 101, 67, 222, 226, 245, 386, 114, 256, 264, 220, 207, 306, 321, 326, 182, 393, 73, 95, 328, 126, 113, 434, 311, 205, 89, 384, 55, 308, 218, 324, 330, 419, 323, 292, 319, 136, 390, 276, 418, 363, 168, 345, 19, 435, 208, 288, 235, 466, 118, 441, 209, 69, 201, 223, 106, 216, 472, 141, 35, 464, 172]
og index list energy: 242406792.57042643
index list: [250, 16, 109, 467, 238, 282, 449, 98, 150, 402, 292, 295, 112, 179, 466, 81, 436, 307, 263, 384, 12, 340, 311, 154, 118, 221, 395, 136, 393, 202, 140, 212, 444, 28, 408, 279, 218, 229, 447, 130, 418, 180, 114, 346, 178, 434, 50, 471, 70, 404, 147, 361, 139, 51, 143, 305, 254, 182, 84, 435, 110, 177, 430, 339, 299, 96, 308, 189, 37, 380, 53, 431, 160, 204, 193, 146, 67, 406, 88, 401, 188, 319, 174, 194, 379, 268, 432, 243, 371, 277, 414, 173, 358, 115, 369, 62, 331, 184, 261, 407, 36, 350, 20, 207, 31, 288, 3, 454, 267, 385, 335, 141, 256, 22, 287, 134, 213, 390, 79, 122, 170, 377, 94, 175, 315, 49, 167, 461, 63, 415, 253, 251, 410, 192, 388, 6, 445, 240, 443, 186, 398, 459, 241, 334, 152, 156, 439, 245, 169, 342, 320, 42, 405, 55, 82, 57, 399, 27, 91, 128, 283, 185, 465, 168, 15, 97, 362, 38, 242, 392, 220, 101, 11, 259, 422, 102, 458, 54, 448, 275, 356, 132, 391, 309, 276, 231, 135, 148, 217, 355, 260, 426, 269, 125, 89, 303, 249, 348, 149, 427, 234, 17, 159, 93, 232, 10, 412, 144, 74, 216, 133, 258, 68, 239, 257, 103, 417, 172, 290, 451, 230, 440, 52, 425, 61, 394, 71, 470, 151, 246, 225, 468, 332, 428, 271, 313, 301, 364, 9, 41, 400, 33, 421, 65, 318, 262, 349, 321, 347, 264, 381, 43, 265, 30, 106, 353, 333, 397, 199, 338, 211, 452, 111, 26, 228, 73, 429, 60, 329, 255, 289, 419, 64, 119, 463, 224, 127, 252, 59, 322, 293, 120, 116, 236, 274, 298, 25, 215, 123, 29, 370, 272, 382, 8, 416, 14, 354, 21, 222, 161, 337, 247, 326, 69, 187, 446, 24, 48, 367, 13, 117, 469, 66, 300, 336, 396, 205, 40, 376, 266, 372, 325, 413, 196, 195, 352, 219, 473, 39, 18, 423, 306, 457, 35, 366, 223, 297, 226, 86, 181, 310, 78, 23, 155, 360, 166, 296, 72, 433, 157, 214, 85, 191, 278, 129, 341, 165, 450, 227, 460, 107, 365, 76, 34, 330, 145, 162, 389, 137, 368, 126, 87, 90, 124, 83, 323, 233, 324, 80, 142, 47, 92, 77, 1, 344, 328, 0, 294, 455, 208, 153, 104, 383, 248, 409, 302, 462, 105, 424, 121, 386, 158, 317, 209, 244, 108, 198, 75, 235, 46, 363, 131, 113, 403, 7, 456, 45, 357, 19, 438, 44, 374, 206, 373, 171, 200, 183, 203, 176, 281, 345, 316, 442, 58, 441, 164, 312, 387, 280, 284, 2, 411, 56, 453, 100, 285, 237, 375, 163, 420, 273, 437, 138, 351, 286, 327, 304, 378, 95, 201, 197, 210, 343, 190, 4, 32, 472, 5, 464, 99, 270, 314, 359, 291]
index list energy: 26104919.396837976
Done


program ended at: 2020-04-07 02:20:30.595792 
 time delta: 14:15:40.062088
