## SLURM PROLOG ###############################################################
##    Job ID : 12004333
##  Job Name : new_and_improved?
##  Nodelist : node1108
##      CPUs : 1
##  Mem/Node : 1024 MB
## Directory : /gpfs/data/nfawzi/skale/Fawzi_pycharm_project
##   Started : Mon Apr  6 11:49:51 EDT 2020
###############################################################################
program started at:2020-04-06 11:49:52.613344
iterations: 72000000 temp: 1000000.0 exponent: 0.9 eif: 300.0
time taken (sec): 46538.224507808685
number of iterations: 72000000
final temperature: 159.26791088519815
og index list: [12, 177, 273, 250, 184, 180, 163, 466, 67, 348, 333, 99, 174, 360, 367, 92, 77, 365, 369, 384, 258, 61, 215, 93, 160, 336, 361, 446, 434, 345, 133, 50, 414, 311, 255, 298, 105, 238, 157, 428, 459, 129, 276, 46, 199, 124, 212, 136, 404, 393, 182, 299, 56, 259, 392, 292, 171, 471, 465, 467, 141, 131, 38, 24, 152, 216, 112, 430, 100, 249, 42, 37, 119, 62, 169, 88, 71, 339, 104, 295, 243, 354, 188, 427, 382, 235, 442, 277, 403, 320, 213, 316, 102, 321, 0, 76, 194, 227, 410, 400, 324, 115, 161, 176, 74, 433, 30, 110, 167, 251, 97, 362, 260, 203, 461, 350, 313, 468, 342, 445, 453, 372, 66, 18, 274, 254, 240, 128, 394, 196, 401, 211, 358, 398, 4, 132, 290, 179, 409, 347, 21, 383, 226, 230, 376, 412, 16, 144, 106, 294, 261, 236, 8, 78, 3, 416, 6, 441, 224, 19, 312, 310, 186, 275, 172, 142, 32, 449, 158, 377, 183, 218, 140, 413, 197, 406, 388, 185, 29, 328, 341, 293, 343, 245, 68, 287, 94, 266, 353, 205, 368, 59, 331, 69, 153, 206, 87, 380, 264, 63, 288, 247, 91, 109, 262, 391, 366, 315, 395, 279, 26, 436, 55, 23, 268, 253, 81, 325, 270, 85, 135, 464, 111, 13, 239, 1, 149, 229, 242, 35, 473, 337, 86, 198, 314, 154, 98, 178, 267, 189, 389, 340, 123, 283, 27, 116, 80, 346, 440, 303, 455, 126, 405, 271, 374, 52, 256, 425, 225, 231, 200, 208, 156, 452, 352, 462, 11, 127, 168, 204, 187, 114, 139, 83, 75, 332, 165, 53, 10, 318, 329, 15, 280, 408, 281, 31, 326, 424, 228, 381, 51, 207, 396, 300, 108, 308, 359, 151, 117, 438, 319, 423, 2, 95, 435, 402, 57, 356, 34, 44, 122, 317, 419, 89, 351, 143, 296, 146, 33, 175, 217, 103, 36, 399, 7, 237, 130, 306, 202, 248, 193, 355, 349, 426, 9, 221, 233, 25, 472, 195, 246, 407, 155, 307, 420, 72, 252, 463, 121, 386, 330, 209, 458, 322, 301, 79, 397, 73, 431, 113, 244, 41, 437, 70, 309, 417, 166, 43, 450, 49, 159, 444, 118, 297, 364, 284, 371, 60, 357, 120, 192, 291, 373, 222, 375, 344, 457, 385, 17, 210, 338, 456, 47, 390, 304, 54, 334, 454, 220, 278, 65, 148, 370, 469, 282, 150, 181, 265, 460, 39, 451, 470, 269, 173, 201, 28, 432, 327, 58, 219, 20, 411, 421, 134, 223, 272, 191, 286, 14, 22, 64, 164, 5, 257, 387, 101, 335, 147, 138, 45, 448, 162, 429, 137, 82, 302, 145, 422, 363, 447, 84, 323, 305, 263, 241, 48, 90, 418, 415, 214, 234, 289, 378, 96, 170, 190, 107, 232, 285, 443, 40, 125, 439, 379]
og index list energy: 267840992.4977008
index list: [247, 16, 391, 310, 256, 80, 146, 172, 274, 458, 312, 282, 350, 299, 267, 132, 361, 196, 436, 133, 88, 415, 78, 379, 332, 284, 71, 386, 182, 145, 452, 85, 417, 68, 373, 13, 303, 40, 471, 203, 262, 75, 265, 136, 378, 325, 41, 461, 277, 82, 272, 34, 154, 420, 137, 410, 113, 317, 21, 59, 448, 74, 140, 450, 144, 93, 413, 69, 380, 57, 289, 349, 328, 14, 315, 226, 281, 384, 94, 465, 106, 354, 29, 86, 160, 427, 77, 394, 143, 407, 264, 397, 266, 223, 241, 108, 89, 231, 83, 409, 50, 87, 451, 318, 109, 124, 237, 183, 213, 432, 175, 381, 120, 100, 467, 121, 454, 98, 297, 52, 396, 169, 161, 470, 296, 351, 173, 387, 130, 398, 42, 472, 67, 294, 469, 301, 446, 302, 364, 330, 149, 164, 426, 117, 388, 54, 207, 356, 12, 383, 168, 225, 403, 224, 431, 248, 456, 152, 463, 259, 393, 209, 206, 97, 11, 91, 392, 20, 235, 286, 123, 323, 210, 343, 60, 293, 374, 81, 345, 268, 342, 53, 370, 104, 103, 455, 242, 291, 371, 273, 298, 270, 331, 220, 300, 31, 204, 6, 212, 162, 414, 73, 464, 62, 340, 151, 347, 22, 239, 24, 278, 72, 416, 320, 139, 232, 249, 192, 421, 131, 230, 357, 65, 428, 221, 329, 290, 344, 36, 447, 10, 118, 46, 395, 211, 148, 15, 399, 176, 324, 25, 76, 435, 58, 1, 0, 460, 96, 429, 141, 339, 243, 233, 134, 368, 257, 56, 365, 307, 27, 23, 442, 142, 462, 195, 110, 35, 389, 185, 311, 158, 295, 208, 153, 333, 338, 79, 362, 107, 287, 308, 119, 433, 181, 283, 126, 170, 190, 5, 201, 3, 171, 177, 191, 4, 408, 32, 2, 228, 166, 234, 466, 193, 316, 155, 334, 163, 419, 129, 326, 341, 70, 135, 400, 178, 355, 229, 375, 55, 434, 95, 430, 254, 199, 200, 260, 439, 39, 358, 313, 150, 372, 147, 304, 453, 174, 116, 84, 214, 30, 219, 305, 184, 8, 352, 263, 390, 227, 111, 252, 128, 437, 17, 246, 66, 9, 353, 188, 258, 194, 37, 406, 269, 279, 348, 38, 92, 18, 440, 101, 468, 44, 156, 167, 382, 51, 319, 125, 473, 64, 45, 216, 255, 306, 33, 445, 271, 423, 322, 187, 7, 47, 369, 90, 405, 240, 49, 401, 159, 309, 360, 105, 425, 26, 449, 180, 402, 157, 444, 127, 215, 222, 327, 28, 377, 314, 288, 189, 366, 202, 253, 197, 367, 336, 335, 412, 217, 218, 165, 122, 114, 443, 63, 236, 48, 457, 61, 459, 138, 245, 321, 418, 43, 404, 112, 292, 115, 238, 276, 411, 102, 424, 244, 376, 275, 359, 251, 179, 337, 205, 250, 198, 441, 261, 385, 285, 99, 422, 19, 438, 363, 280, 346, 186]
index list energy: 28503947.41976594
Done


program ended at: 2020-04-07 00:45:31.210038 
 time delta: 12:55:38.596694
