## SLURM PROLOG ###############################################################
##    Job ID : 11945902
##  Job Name : new_and_improved?
##  Nodelist : node1117
##      CPUs : 1
##  Mem/Node : 1024 MB
## Directory : /gpfs/data/nfawzi/skale/Fawzi_pycharm_project
##   Started : Sun Apr  5 22:55:11 EDT 2020
###############################################################################
program started at:2020-04-05 22:55:16.324275
iterations: 72000000 temp: 1000000.0 exponent: 0.9 eif: 300.0
time taken (sec): 53187.46131467819
number of iterations: 72000000
final temperature: 159.26791088519815
og index list: [112, 322, 122, 52, 170, 54, 35, 345, 467, 116, 55, 231, 126, 252, 248, 100, 358, 79, 206, 169, 389, 199, 25, 296, 183, 47, 152, 67, 230, 92, 128, 434, 225, 17, 360, 390, 436, 444, 149, 213, 66, 429, 234, 41, 433, 264, 262, 307, 59, 295, 328, 167, 197, 450, 247, 60, 384, 106, 465, 367, 374, 440, 424, 147, 271, 83, 387, 105, 392, 207, 338, 380, 71, 251, 319, 86, 166, 346, 154, 125, 348, 53, 286, 196, 184, 325, 453, 221, 297, 334, 29, 250, 361, 403, 256, 48, 189, 377, 226, 245, 313, 310, 95, 455, 211, 289, 425, 236, 249, 461, 446, 309, 131, 240, 179, 337, 416, 457, 244, 20, 333, 292, 84, 24, 321, 318, 432, 460, 274, 370, 270, 383, 261, 454, 62, 177, 415, 32, 89, 417, 40, 412, 51, 326, 458, 471, 351, 463, 74, 435, 31, 312, 193, 19, 445, 229, 98, 304, 272, 303, 254, 5, 428, 343, 127, 180, 188, 175, 192, 253, 142, 407, 375, 203, 97, 273, 365, 132, 88, 172, 316, 78, 63, 468, 464, 327, 38, 140, 117, 242, 43, 111, 34, 33, 372, 452, 339, 335, 101, 8, 473, 356, 218, 437, 133, 404, 293, 124, 277, 210, 364, 341, 68, 419, 94, 150, 366, 411, 347, 85, 134, 155, 257, 352, 409, 12, 395, 430, 443, 306, 87, 176, 342, 148, 320, 284, 22, 215, 109, 21, 349, 156, 220, 130, 135, 314, 120, 469, 81, 187, 164, 388, 107, 174, 410, 93, 331, 158, 201, 232, 27, 99, 237, 283, 82, 123, 151, 159, 399, 336, 91, 3, 382, 431, 69, 263, 239, 324, 317, 311, 56, 186, 64, 308, 96, 357, 161, 77, 421, 10, 400, 121, 378, 420, 50, 15, 350, 340, 344, 279, 302, 2, 171, 103, 276, 449, 115, 363, 168, 44, 332, 212, 13, 282, 259, 76, 423, 143, 401, 323, 402, 459, 153, 144, 0, 6, 298, 198, 138, 7, 462, 58, 255, 136, 65, 393, 243, 422, 265, 163, 355, 233, 291, 447, 267, 235, 438, 329, 114, 398, 214, 16, 330, 194, 157, 258, 70, 46, 359, 119, 145, 376, 181, 268, 104, 37, 80, 57, 146, 110, 396, 30, 281, 191, 45, 137, 300, 173, 72, 178, 224, 238, 266, 246, 371, 141, 228, 49, 102, 269, 386, 208, 275, 219, 381, 209, 113, 182, 470, 413, 466, 369, 90, 11, 353, 190, 315, 448, 195, 287, 18, 405, 61, 441, 406, 373, 139, 442, 427, 9, 73, 108, 414, 223, 426, 260, 4, 185, 354, 362, 278, 39, 280, 28, 42, 285, 391, 299, 202, 75, 241, 217, 418, 129, 294, 162, 36, 305, 394, 397, 227, 200, 1, 408, 204, 216, 118, 301, 439, 456, 160, 26, 290, 472, 451, 165, 205, 288, 385, 14, 222, 368, 379, 23]
og index list energy: 282524855.85742855
index list: [57, 300, 296, 144, 463, 47, 265, 109, 180, 213, 399, 333, 383, 22, 421, 186, 395, 4, 97, 372, 23, 34, 163, 420, 40, 145, 150, 468, 52, 354, 141, 135, 444, 70, 357, 238, 193, 45, 447, 164, 191, 215, 409, 21, 390, 116, 284, 73, 377, 212, 92, 336, 342, 31, 253, 102, 285, 160, 419, 272, 317, 16, 473, 14, 108, 324, 87, 83, 394, 27, 138, 13, 157, 224, 93, 400, 290, 364, 310, 410, 24, 429, 270, 287, 114, 240, 456, 230, 323, 221, 340, 301, 422, 229, 379, 9, 455, 3, 402, 274, 306, 345, 251, 449, 176, 413, 202, 216, 6, 458, 184, 318, 142, 75, 370, 161, 426, 38, 234, 250, 314, 451, 292, 454, 165, 381, 133, 445, 220, 65, 44, 452, 94, 380, 50, 308, 309, 54, 360, 115, 80, 312, 378, 173, 124, 43, 305, 48, 325, 388, 200, 197, 432, 210, 190, 448, 72, 295, 172, 269, 231, 106, 129, 183, 74, 411, 203, 20, 201, 206, 423, 60, 352, 30, 247, 187, 351, 280, 346, 81, 431, 268, 418, 194, 353, 209, 211, 153, 359, 95, 330, 264, 470, 8, 37, 365, 146, 457, 149, 219, 392, 152, 461, 33, 171, 7, 369, 261, 174, 29, 366, 259, 389, 289, 155, 120, 218, 89, 371, 182, 275, 424, 156, 166, 368, 53, 128, 86, 0, 1, 266, 446, 58, 82, 322, 208, 69, 245, 10, 386, 198, 207, 235, 134, 328, 62, 462, 103, 439, 175, 355, 276, 233, 79, 464, 199, 236, 257, 286, 51, 118, 125, 471, 281, 100, 349, 2, 140, 19, 414, 154, 465, 254, 343, 11, 401, 188, 252, 64, 136, 437, 302, 396, 18, 167, 162, 222, 293, 403, 119, 416, 151, 5, 472, 99, 435, 307, 55, 415, 88, 417, 49, 453, 77, 397, 123, 440, 101, 121, 239, 143, 217, 427, 316, 256, 168, 204, 26, 408, 192, 442, 28, 334, 68, 344, 241, 320, 170, 385, 56, 319, 71, 350, 130, 237, 358, 279, 127, 387, 299, 107, 450, 15, 228, 159, 12, 356, 181, 258, 110, 185, 341, 147, 78, 232, 42, 466, 84, 122, 131, 137, 459, 243, 158, 214, 244, 382, 267, 260, 434, 111, 404, 335, 311, 66, 25, 242, 384, 61, 374, 17, 278, 63, 398, 67, 41, 375, 105, 391, 271, 428, 304, 329, 321, 406, 132, 436, 39, 283, 263, 469, 277, 298, 35, 255, 262, 249, 139, 467, 59, 297, 126, 90, 393, 76, 361, 331, 327, 36, 348, 189, 347, 85, 91, 337, 338, 179, 376, 248, 315, 226, 362, 96, 313, 367, 294, 225, 438, 227, 412, 205, 363, 291, 443, 332, 373, 223, 460, 104, 288, 433, 117, 177, 246, 113, 98, 441, 326, 407, 339, 178, 282, 112, 273, 303, 46, 405, 169, 32, 425, 196, 430, 195, 148]
index list energy: 29687233.93255399
Done


program ended at: 2020-04-06 13:41:44.163660 
 time delta: 14:46:27.839385
