## SLURM PROLOG ###############################################################
##    Job ID : 11945969
##  Job Name : new_and_improved?
##  Nodelist : node1164
##      CPUs : 1
##  Mem/Node : 1024 MB
## Directory : /gpfs/data/nfawzi/skale/Fawzi_pycharm_project
##   Started : Sun Apr  5 22:55:42 EDT 2020
###############################################################################
program started at:2020-04-05 22:55:44.900629
iterations: 72000000 temp: 1000000.0 exponent: 0.9 eif: 300.0
time taken (sec): 40738.45830488205
number of iterations: 72000000
final temperature: 159.26791088519815
og index list: [405, 112, 470, 268, 215, 345, 162, 54, 178, 270, 46, 408, 5, 297, 393, 49, 260, 144, 223, 445, 158, 347, 206, 288, 227, 19, 319, 373, 296, 228, 210, 84, 53, 467, 466, 362, 99, 187, 81, 401, 204, 57, 448, 190, 330, 251, 2, 278, 108, 339, 224, 264, 151, 41, 55, 141, 24, 138, 250, 259, 161, 156, 385, 441, 174, 424, 351, 6, 356, 177, 272, 307, 430, 123, 195, 59, 32, 219, 334, 3, 80, 110, 76, 221, 382, 43, 326, 134, 344, 257, 374, 232, 465, 266, 321, 129, 280, 51, 271, 254, 353, 166, 328, 116, 171, 231, 208, 98, 163, 277, 298, 130, 137, 77, 93, 423, 310, 308, 469, 172, 241, 87, 255, 22, 92, 234, 218, 68, 276, 52, 149, 323, 29, 180, 197, 252, 391, 105, 117, 372, 201, 58, 142, 376, 395, 243, 291, 124, 20, 367, 176, 409, 361, 370, 245, 439, 289, 135, 442, 216, 196, 237, 64, 437, 36, 86, 425, 281, 37, 284, 211, 167, 292, 143, 0, 188, 402, 302, 453, 343, 404, 435, 16, 418, 335, 203, 381, 97, 414, 154, 181, 390, 285, 422, 387, 127, 225, 193, 9, 67, 191, 14, 357, 120, 121, 314, 311, 145, 407, 446, 125, 140, 322, 299, 1, 458, 165, 26, 109, 428, 421, 159, 363, 358, 263, 157, 273, 170, 236, 462, 342, 426, 412, 411, 164, 369, 42, 327, 72, 388, 451, 329, 384, 205, 315, 107, 31, 371, 89, 247, 48, 293, 461, 182, 160, 229, 100, 217, 184, 44, 202, 434, 312, 88, 79, 341, 452, 238, 213, 153, 15, 261, 85, 313, 23, 419, 27, 175, 324, 354, 126, 194, 25, 316, 62, 4, 447, 455, 139, 318, 35, 457, 265, 420, 200, 38, 267, 305, 169, 209, 359, 65, 50, 365, 104, 133, 333, 66, 415, 253, 45, 317, 338, 332, 449, 366, 295, 220, 150, 431, 460, 113, 183, 360, 416, 12, 148, 389, 340, 173, 70, 132, 61, 397, 222, 101, 155, 294, 212, 103, 186, 63, 18, 17, 33, 226, 189, 240, 78, 398, 136, 90, 168, 399, 282, 410, 375, 95, 473, 34, 378, 463, 380, 304, 179, 400, 279, 286, 40, 429, 348, 256, 83, 383, 355, 468, 394, 94, 128, 131, 364, 13, 235, 396, 152, 433, 456, 96, 114, 69, 392, 403, 337, 198, 417, 115, 122, 111, 185, 443, 147, 368, 427, 249, 275, 350, 199, 11, 303, 454, 28, 450, 325, 118, 290, 74, 444, 246, 207, 7, 258, 91, 239, 436, 269, 377, 283, 82, 21, 331, 379, 262, 73, 30, 230, 39, 274, 352, 413, 301, 306, 56, 287, 300, 349, 432, 10, 438, 8, 459, 471, 320, 233, 47, 464, 248, 472, 214, 71, 106, 192, 102, 60, 75, 336, 440, 386, 346, 309, 406, 146, 242, 244, 119]
og index list energy: 238710460.5407942
index list: [106, 313, 334, 39, 298, 175, 445, 321, 279, 278, 72, 167, 355, 117, 354, 326, 471, 307, 189, 383, 219, 437, 142, 345, 270, 439, 332, 341, 226, 466, 51, 73, 155, 284, 85, 292, 207, 463, 203, 168, 300, 38, 215, 283, 98, 441, 89, 159, 93, 412, 64, 202, 311, 261, 472, 179, 457, 36, 436, 17, 204, 268, 359, 27, 388, 79, 121, 162, 140, 318, 56, 435, 251, 30, 348, 109, 61, 47, 364, 63, 183, 156, 451, 213, 394, 153, 112, 230, 399, 100, 398, 331, 273, 400, 160, 413, 46, 423, 314, 92, 8, 308, 68, 336, 228, 259, 380, 14, 403, 161, 446, 310, 421, 244, 260, 351, 69, 41, 340, 120, 192, 385, 255, 329, 28, 214, 370, 335, 410, 110, 266, 417, 48, 241, 453, 133, 386, 54, 343, 105, 365, 103, 342, 169, 371, 16, 406, 131, 222, 128, 376, 88, 428, 229, 264, 352, 165, 458, 216, 274, 461, 137, 317, 77, 239, 125, 389, 145, 144, 357, 238, 74, 293, 434, 60, 18, 387, 275, 353, 81, 447, 43, 432, 225, 322, 70, 234, 148, 442, 299, 285, 325, 294, 393, 123, 33, 287, 256, 24, 42, 44, 114, 366, 95, 303, 26, 154, 323, 139, 392, 13, 407, 21, 252, 75, 235, 130, 431, 50, 433, 333, 448, 164, 338, 25, 102, 469, 211, 375, 205, 37, 414, 209, 9, 402, 138, 456, 194, 418, 58, 246, 59, 118, 76, 465, 62, 415, 104, 360, 115, 150, 132, 297, 53, 245, 0, 240, 346, 223, 265, 316, 172, 146, 10, 427, 180, 401, 149, 305, 327, 111, 249, 381, 29, 462, 237, 289, 134, 1, 80, 188, 196, 201, 208, 460, 96, 424, 198, 425, 40, 369, 107, 324, 12, 52, 337, 31, 86, 227, 286, 330, 129, 429, 55, 83, 361, 233, 127, 67, 339, 166, 405, 94, 363, 143, 367, 271, 470, 250, 200, 206, 199, 262, 358, 152, 420, 296, 419, 135, 368, 173, 411, 87, 231, 295, 57, 116, 390, 84, 372, 163, 404, 304, 449, 328, 181, 467, 257, 122, 464, 217, 459, 90, 288, 15, 101, 191, 4, 5, 440, 20, 171, 32, 438, 267, 416, 185, 236, 306, 282, 124, 309, 422, 187, 426, 158, 450, 35, 242, 344, 176, 97, 224, 396, 269, 78, 23, 108, 157, 391, 218, 312, 263, 382, 210, 186, 473, 248, 395, 3, 430, 178, 2, 468, 190, 452, 243, 174, 193, 71, 276, 182, 195, 409, 177, 170, 197, 356, 147, 184, 7, 136, 22, 349, 6, 232, 45, 82, 379, 247, 126, 221, 377, 291, 408, 65, 91, 362, 280, 258, 11, 397, 113, 455, 277, 319, 220, 320, 151, 373, 141, 347, 212, 454, 119, 444, 272, 290, 34, 302, 315, 253, 66, 99, 384, 254, 49, 350, 19, 443, 281, 378, 301, 374]
index list energy: 26261128.168670718
Done


program ended at: 2020-04-06 10:14:43.971584 
 time delta: 11:18:59.070955
