## SLURM PROLOG ###############################################################
##    Job ID : 11989825
##  Job Name : new_and_improved?
##  Nodelist : node1103
##      CPUs : 1
##  Mem/Node : 1024 MB
## Directory : /gpfs/data/nfawzi/skale/Fawzi_pycharm_project
##   Started : Mon Apr  6 08:55:56 EDT 2020
###############################################################################
program started at:2020-04-06 08:55:57.920593
iterations: 72000000 temp: 1000000.0 exponent: 0.9 eif: 300.0
time taken (sec): 48389.88251495361
number of iterations: 72000000
final temperature: 159.26791088519815
og index list: [361, 138, 365, 445, 200, 424, 86, 465, 458, 105, 306, 17, 74, 413, 109, 298, 302, 160, 131, 259, 324, 19, 282, 169, 286, 454, 313, 191, 34, 398, 127, 73, 354, 159, 146, 457, 25, 192, 94, 203, 55, 216, 256, 277, 170, 367, 222, 230, 143, 377, 387, 468, 82, 129, 386, 197, 385, 4, 81, 209, 89, 54, 120, 447, 108, 337, 268, 188, 336, 304, 284, 397, 135, 272, 234, 240, 198, 60, 319, 442, 136, 419, 224, 418, 220, 211, 149, 102, 156, 318, 437, 162, 219, 182, 353, 40, 206, 20, 29, 388, 229, 112, 75, 31, 362, 14, 183, 423, 309, 255, 421, 381, 393, 228, 97, 400, 9, 155, 289, 366, 58, 264, 2, 70, 51, 416, 253, 65, 12, 47, 22, 329, 376, 317, 448, 409, 273, 107, 137, 322, 389, 333, 287, 178, 352, 414, 279, 260, 430, 463, 79, 83, 455, 53, 45, 35, 328, 84, 433, 431, 33, 141, 245, 173, 68, 426, 274, 168, 13, 261, 350, 269, 299, 294, 363, 3, 446, 364, 171, 214, 163, 122, 378, 399, 401, 280, 6, 325, 186, 213, 76, 27, 384, 417, 130, 139, 331, 270, 194, 225, 252, 472, 276, 39, 99, 239, 251, 28, 153, 323, 62, 404, 346, 429, 43, 69, 403, 64, 382, 308, 473, 57, 1, 116, 26, 338, 42, 140, 244, 330, 166, 432, 175, 208, 181, 16, 357, 285, 204, 439, 327, 241, 38, 265, 237, 371, 368, 118, 461, 133, 189, 370, 295, 456, 410, 123, 292, 359, 411, 451, 257, 307, 293, 172, 221, 157, 231, 267, 196, 383, 469, 101, 93, 254, 394, 343, 158, 106, 339, 190, 154, 10, 95, 395, 78, 44, 434, 249, 345, 32, 165, 440, 407, 115, 428, 187, 150, 117, 23, 164, 199, 412, 67, 96, 420, 193, 205, 391, 312, 210, 405, 281, 217, 250, 466, 124, 334, 436, 88, 310, 372, 72, 375, 235, 425, 49, 471, 56, 311, 303, 103, 24, 392, 373, 30, 360, 126, 441, 212, 0, 61, 15, 125, 176, 180, 402, 201, 145, 215, 114, 449, 161, 283, 342, 80, 290, 453, 379, 415, 288, 275, 111, 121, 92, 48, 152, 90, 341, 390, 332, 128, 185, 427, 167, 291, 36, 351, 174, 435, 87, 380, 349, 315, 374, 46, 462, 246, 470, 464, 396, 77, 321, 119, 305, 59, 21, 195, 348, 110, 226, 358, 52, 236, 233, 18, 444, 100, 296, 467, 263, 355, 104, 148, 459, 326, 271, 132, 300, 144, 356, 142, 406, 71, 8, 202, 450, 278, 347, 37, 320, 5, 151, 177, 248, 232, 369, 262, 147, 438, 184, 452, 113, 50, 316, 218, 242, 223, 301, 247, 443, 460, 258, 179, 408, 422, 41, 63, 66, 335, 243, 266, 98, 297, 344, 314, 340, 85, 7, 238, 11, 227, 207, 134, 91]
og index list energy: 261771189.04720193
index list: [120, 313, 15, 443, 203, 136, 204, 192, 214, 239, 295, 85, 440, 135, 114, 20, 382, 130, 380, 81, 21, 391, 249, 18, 34, 302, 245, 219, 349, 292, 250, 7, 315, 64, 13, 360, 112, 193, 190, 197, 194, 453, 198, 215, 431, 311, 294, 158, 442, 142, 416, 164, 244, 410, 314, 276, 370, 221, 395, 55, 387, 240, 449, 222, 185, 284, 69, 441, 87, 45, 345, 107, 297, 200, 209, 23, 170, 253, 261, 358, 84, 78, 365, 144, 126, 54, 456, 268, 207, 210, 199, 400, 9, 385, 195, 445, 62, 300, 296, 459, 102, 426, 52, 374, 327, 91, 469, 149, 6, 429, 206, 10, 422, 25, 73, 464, 328, 143, 127, 466, 335, 304, 433, 24, 183, 68, 187, 439, 133, 354, 263, 298, 39, 412, 331, 312, 411, 280, 97, 405, 224, 406, 332, 118, 115, 227, 42, 403, 12, 350, 19, 396, 339, 254, 226, 465, 152, 305, 310, 414, 220, 119, 140, 444, 247, 48, 356, 83, 430, 233, 171, 4, 191, 5, 252, 2, 378, 186, 473, 58, 402, 43, 452, 264, 372, 320, 309, 230, 278, 41, 366, 61, 319, 90, 377, 156, 470, 255, 129, 40, 435, 336, 472, 36, 467, 22, 393, 89, 106, 180, 287, 108, 145, 317, 318, 160, 427, 88, 359, 223, 74, 447, 273, 424, 49, 417, 237, 159, 166, 348, 270, 407, 116, 155, 176, 168, 436, 138, 288, 188, 208, 355, 243, 86, 110, 60, 457, 79, 471, 100, 340, 113, 282, 389, 235, 201, 132, 37, 228, 157, 122, 283, 59, 461, 154, 269, 181, 338, 217, 231, 76, 172, 293, 384, 213, 381, 153, 258, 1, 322, 0, 425, 53, 236, 109, 3, 32, 413, 205, 26, 265, 94, 362, 286, 285, 211, 216, 169, 344, 196, 189, 177, 394, 202, 96, 259, 448, 326, 256, 77, 134, 162, 51, 373, 67, 341, 290, 352, 182, 99, 398, 225, 266, 47, 415, 57, 401, 131, 324, 289, 434, 141, 124, 242, 450, 63, 361, 111, 363, 325, 30, 31, 375, 173, 455, 248, 386, 161, 234, 351, 218, 14, 369, 139, 342, 65, 246, 66, 333, 460, 274, 11, 212, 420, 271, 33, 371, 56, 167, 71, 308, 95, 383, 46, 367, 184, 8, 329, 257, 368, 28, 353, 165, 357, 125, 458, 98, 346, 128, 323, 316, 137, 421, 80, 390, 272, 364, 163, 437, 279, 404, 117, 454, 251, 146, 462, 101, 29, 432, 27, 399, 75, 303, 50, 44, 82, 468, 281, 179, 343, 103, 423, 70, 446, 35, 347, 277, 388, 262, 376, 307, 260, 408, 275, 409, 123, 105, 419, 178, 337, 174, 321, 267, 463, 175, 334, 151, 229, 397, 238, 232, 299, 16, 379, 291, 150, 330, 17, 418, 147, 301, 93, 428, 104, 451, 121, 92, 72, 38, 438, 241, 392, 306, 148]
index list energy: 28416659.833999053
Done


program ended at: 2020-04-06 22:22:28.190171 
 time delta: 13:26:30.269578
