## SLURM PROLOG ###############################################################
##    Job ID : 11946042
##  Job Name : new_and_improved?
##  Nodelist : node1617
##      CPUs : 1
##  Mem/Node : 1024 MB
## Directory : /gpfs/data/nfawzi/skale/Fawzi_pycharm_project
##   Started : Sun Apr  5 22:55:52 EDT 2020
###############################################################################
program started at:2020-04-05 22:55:52.425900
iterations: 72000000 temp: 1000000.0 exponent: 0.9 eif: 300.0
time taken (sec): 64179.73496603966
number of iterations: 72000000
final temperature: 159.26791088519815
og index list: [462, 180, 260, 43, 401, 199, 142, 186, 130, 353, 337, 439, 147, 472, 296, 333, 8, 434, 257, 111, 15, 78, 435, 466, 44, 188, 69, 343, 79, 298, 173, 281, 291, 300, 315, 11, 468, 459, 126, 66, 133, 452, 393, 235, 83, 174, 0, 369, 377, 379, 308, 158, 339, 372, 14, 239, 363, 430, 334, 313, 273, 423, 335, 75, 128, 408, 251, 370, 381, 113, 96, 426, 307, 289, 311, 25, 302, 242, 338, 451, 282, 218, 470, 396, 195, 227, 351, 139, 56, 183, 23, 178, 107, 357, 204, 306, 124, 187, 171, 419, 24, 442, 65, 375, 420, 28, 303, 89, 461, 266, 123, 108, 141, 437, 175, 399, 325, 261, 460, 32, 280, 305, 368, 340, 33, 473, 92, 26, 16, 154, 443, 398, 346, 18, 156, 176, 469, 6, 309, 151, 378, 448, 387, 118, 290, 88, 341, 97, 320, 101, 221, 17, 336, 365, 259, 31, 418, 234, 270, 74, 436, 2, 247, 82, 319, 12, 245, 425, 471, 424, 385, 402, 149, 456, 213, 119, 55, 255, 278, 90, 262, 109, 317, 254, 384, 447, 13, 162, 293, 35, 197, 427, 203, 116, 431, 155, 153, 117, 71, 249, 295, 391, 134, 392, 181, 64, 355, 246, 68, 145, 373, 397, 170, 177, 358, 410, 10, 371, 416, 52, 404, 21, 438, 240, 120, 360, 201, 352, 53, 331, 267, 403, 86, 167, 285, 342, 212, 275, 388, 135, 272, 406, 274, 76, 440, 465, 236, 164, 39, 220, 238, 407, 214, 202, 37, 383, 143, 359, 321, 386, 414, 449, 324, 314, 104, 382, 297, 286, 287, 225, 157, 217, 205, 366, 59, 428, 193, 241, 271, 458, 77, 42, 284, 292, 106, 87, 411, 206, 63, 356, 374, 99, 283, 41, 169, 263, 405, 413, 224, 258, 3, 161, 380, 417, 19, 172, 252, 168, 250, 72, 184, 446, 50, 364, 51, 228, 9, 429, 138, 210, 265, 444, 347, 46, 112, 216, 348, 376, 95, 288, 61, 268, 400, 38, 345, 47, 85, 127, 49, 294, 454, 57, 301, 453, 48, 100, 222, 137, 207, 323, 455, 354, 441, 457, 81, 45, 422, 182, 40, 361, 122, 166, 34, 463, 140, 185, 200, 152, 350, 148, 103, 229, 330, 421, 445, 389, 304, 219, 276, 125, 159, 269, 226, 215, 189, 1, 248, 279, 316, 299, 70, 91, 191, 211, 318, 54, 328, 144, 231, 209, 196, 237, 390, 160, 450, 349, 230, 194, 244, 322, 179, 223, 30, 394, 464, 27, 332, 415, 256, 132, 344, 395, 326, 409, 7, 22, 60, 58, 67, 233, 4, 73, 165, 412, 433, 102, 192, 190, 94, 198, 312, 467, 136, 121, 114, 163, 98, 243, 208, 115, 105, 327, 310, 264, 329, 232, 5, 131, 36, 110, 432, 62, 277, 253, 362, 150, 20, 93, 80, 367, 146, 29, 84, 129]
og index list energy: 243455809.5684354
index list: [448, 43, 399, 88, 343, 141, 401, 314, 451, 112, 310, 383, 44, 441, 130, 148, 126, 139, 59, 357, 83, 140, 1, 85, 453, 224, 331, 220, 38, 406, 103, 265, 238, 392, 304, 430, 90, 355, 241, 354, 320, 104, 97, 237, 472, 333, 80, 267, 398, 2, 370, 5, 183, 12, 232, 168, 300, 222, 32, 405, 254, 23, 20, 427, 29, 297, 144, 65, 360, 10, 155, 259, 422, 30, 442, 36, 368, 264, 260, 464, 40, 349, 327, 60, 74, 247, 218, 56, 361, 164, 461, 229, 348, 115, 113, 352, 273, 395, 175, 356, 154, 298, 330, 159, 142, 181, 353, 161, 17, 78, 92, 322, 31, 446, 6, 378, 206, 258, 66, 149, 228, 70, 425, 125, 397, 57, 351, 277, 473, 22, 323, 172, 119, 114, 380, 179, 459, 275, 170, 342, 55, 386, 163, 279, 381, 58, 150, 152, 466, 332, 429, 321, 404, 165, 394, 63, 411, 87, 231, 285, 51, 86, 166, 288, 255, 185, 256, 46, 325, 458, 257, 62, 388, 8, 444, 261, 420, 272, 419, 81, 436, 243, 385, 116, 137, 334, 227, 230, 219, 423, 33, 305, 226, 470, 147, 127, 214, 136, 239, 26, 435, 15, 432, 318, 72, 396, 266, 246, 42, 216, 134, 328, 52, 400, 0, 416, 73, 122, 408, 117, 268, 308, 98, 410, 99, 270, 421, 244, 417, 299, 131, 169, 367, 316, 329, 132, 84, 391, 123, 359, 195, 339, 158, 363, 45, 443, 294, 379, 211, 389, 14, 120, 202, 346, 91, 454, 138, 468, 200, 208, 207, 235, 53, 315, 269, 13, 162, 160, 376, 293, 462, 221, 306, 234, 284, 28, 340, 187, 366, 106, 124, 225, 369, 240, 469, 153, 174, 101, 215, 108, 296, 93, 37, 455, 133, 449, 173, 76, 324, 107, 302, 373, 110, 49, 358, 145, 309, 418, 248, 371, 61, 364, 281, 129, 286, 326, 428, 199, 424, 197, 471, 190, 250, 27, 157, 276, 403, 100, 387, 313, 433, 203, 292, 242, 345, 75, 278, 25, 362, 67, 64, 50, 287, 431, 143, 233, 109, 409, 213, 283, 79, 295, 89, 82, 303, 68, 209, 35, 336, 413, 21, 118, 7, 407, 69, 377, 301, 18, 167, 111, 24, 465, 11, 252, 249, 467, 274, 350, 156, 245, 128, 282, 447, 48, 135, 382, 77, 347, 180, 344, 39, 438, 182, 105, 439, 16, 375, 194, 9, 415, 189, 402, 262, 196, 188, 311, 41, 201, 251, 146, 450, 312, 204, 177, 372, 212, 263, 34, 3, 437, 4, 456, 191, 341, 19, 457, 205, 337, 171, 210, 434, 198, 319, 291, 463, 178, 426, 289, 193, 94, 390, 47, 54, 460, 217, 338, 95, 445, 290, 452, 223, 374, 186, 412, 280, 414, 121, 71, 102, 440, 151, 317, 253, 176, 365, 184, 192, 393, 335, 307, 271, 384, 96, 236]
index list energy: 28186697.56925957
Done


program ended at: 2020-04-06 16:45:32.510529 
 time delta: 17:49:40.084629
