## SLURM PROLOG ###############################################################
##    Job ID : 11946029
##  Job Name : new_and_improved?
##  Nodelist : node1615
##      CPUs : 1
##  Mem/Node : 1024 MB
## Directory : /gpfs/data/nfawzi/skale/Fawzi_pycharm_project
##   Started : Sun Apr  5 22:55:50 EDT 2020
###############################################################################
program started at:2020-04-05 22:55:52.094506
iterations: 72000000 temp: 1000000.0 exponent: 0.9 eif: 300.0
time taken (sec): 61441.06052184105
number of iterations: 72000000
final temperature: 159.26791088519815
og index list: [159, 212, 330, 405, 113, 340, 3, 283, 155, 346, 267, 103, 331, 439, 407, 112, 239, 422, 347, 128, 1, 371, 349, 298, 383, 229, 150, 399, 262, 213, 118, 89, 47, 184, 273, 109, 384, 316, 362, 157, 0, 288, 236, 266, 301, 254, 327, 336, 420, 435, 120, 108, 153, 167, 359, 268, 278, 355, 226, 285, 374, 182, 136, 370, 75, 79, 277, 256, 308, 190, 281, 339, 158, 142, 462, 453, 147, 332, 275, 315, 276, 140, 93, 199, 430, 233, 350, 211, 338, 175, 196, 231, 54, 82, 73, 91, 58, 6, 358, 263, 189, 246, 293, 363, 320, 356, 433, 23, 144, 455, 311, 46, 322, 305, 380, 152, 49, 303, 257, 133, 218, 228, 292, 395, 387, 203, 208, 194, 421, 100, 72, 42, 135, 165, 472, 247, 282, 351, 129, 243, 95, 238, 84, 464, 98, 457, 342, 37, 321, 344, 166, 408, 115, 220, 31, 132, 389, 33, 69, 160, 192, 114, 227, 87, 146, 164, 230, 110, 88, 312, 101, 174, 96, 130, 45, 66, 18, 242, 16, 223, 125, 224, 126, 368, 328, 392, 409, 252, 367, 27, 248, 287, 307, 423, 442, 127, 377, 61, 180, 436, 156, 290, 388, 410, 99, 468, 77, 195, 105, 145, 43, 306, 429, 418, 179, 471, 385, 353, 470, 214, 161, 412, 237, 341, 20, 335, 297, 258, 185, 441, 402, 193, 325, 56, 348, 173, 415, 461, 104, 29, 64, 22, 400, 309, 50, 458, 35, 131, 83, 78, 205, 270, 467, 172, 154, 76, 294, 15, 259, 451, 38, 68, 286, 8, 215, 454, 261, 369, 443, 240, 403, 85, 188, 70, 381, 162, 396, 4, 34, 343, 10, 317, 5, 319, 200, 143, 417, 334, 209, 2, 116, 444, 232, 360, 428, 251, 40, 244, 456, 57, 413, 168, 183, 354, 204, 219, 198, 425, 59, 434, 186, 271, 449, 44, 398, 460, 376, 97, 206, 255, 323, 431, 55, 151, 296, 406, 134, 178, 375, 272, 438, 448, 81, 250, 445, 149, 139, 7, 314, 473, 333, 124, 169, 163, 137, 373, 9, 414, 13, 386, 466, 469, 432, 138, 365, 94, 48, 60, 264, 80, 397, 123, 411, 86, 187, 390, 437, 71, 74, 249, 141, 366, 313, 210, 450, 463, 221, 36, 207, 67, 32, 197, 279, 452, 102, 378, 63, 62, 92, 352, 202, 148, 11, 122, 393, 253, 361, 222, 177, 404, 260, 216, 17, 234, 419, 329, 52, 53, 191, 25, 291, 447, 26, 28, 170, 394, 280, 302, 459, 289, 337, 225, 107, 24, 426, 119, 19, 111, 235, 440, 269, 245, 117, 90, 21, 379, 65, 318, 310, 30, 106, 345, 382, 176, 326, 357, 416, 39, 265, 241, 274, 181, 446, 299, 14, 372, 391, 465, 12, 41, 295, 304, 171, 121, 324, 427, 201, 51, 300, 401, 217, 424, 364, 284]
og index list energy: 257486032.29839668
index list: [172, 74, 401, 49, 412, 309, 372, 121, 435, 274, 217, 150, 409, 316, 368, 333, 414, 95, 73, 92, 181, 399, 39, 373, 331, 152, 430, 221, 406, 71, 419, 238, 348, 88, 155, 382, 128, 467, 321, 145, 421, 42, 445, 160, 353, 120, 213, 388, 93, 378, 62, 26, 256, 45, 367, 222, 300, 327, 192, 392, 104, 208, 118, 233, 304, 126, 235, 79, 218, 27, 78, 454, 147, 157, 346, 178, 416, 332, 351, 2, 395, 3, 305, 295, 65, 271, 287, 56, 105, 457, 301, 248, 468, 225, 376, 220, 151, 203, 335, 398, 185, 448, 253, 66, 369, 156, 278, 241, 402, 318, 141, 114, 350, 10, 390, 91, 284, 198, 359, 177, 334, 245, 296, 143, 439, 83, 358, 96, 463, 129, 456, 224, 344, 273, 384, 277, 97, 240, 371, 179, 234, 226, 276, 403, 307, 54, 315, 55, 446, 113, 393, 209, 6, 288, 215, 182, 36, 340, 116, 202, 252, 119, 298, 322, 25, 29, 470, 249, 339, 22, 1, 89, 374, 158, 231, 136, 355, 291, 361, 138, 452, 275, 459, 168, 242, 438, 267, 236, 196, 400, 4, 190, 5, 250, 32, 433, 7, 232, 132, 41, 426, 264, 434, 98, 13, 86, 35, 171, 107, 458, 23, 165, 422, 72, 46, 251, 337, 306, 272, 365, 16, 455, 163, 405, 229, 279, 437, 117, 345, 199, 207, 195, 431, 20, 228, 148, 142, 404, 69, 204, 50, 77, 159, 61, 174, 206, 364, 102, 354, 314, 415, 289, 385, 115, 320, 255, 230, 394, 109, 219, 167, 261, 290, 383, 17, 460, 149, 122, 76, 360, 227, 31, 362, 30, 330, 212, 441, 269, 254, 169, 386, 154, 349, 43, 317, 8, 293, 265, 0, 153, 428, 263, 472, 111, 413, 139, 363, 328, 12, 259, 124, 85, 108, 19, 450, 112, 161, 246, 175, 418, 100, 466, 101, 308, 131, 184, 325, 99, 462, 9, 417, 189, 282, 11, 380, 237, 352, 294, 423, 18, 366, 312, 329, 103, 410, 211, 33, 443, 200, 205, 37, 387, 210, 170, 59, 377, 60, 397, 134, 396, 70, 424, 285, 187, 469, 164, 191, 451, 260, 183, 15, 64, 21, 303, 110, 180, 442, 313, 214, 80, 216, 310, 34, 38, 391, 286, 176, 427, 106, 379, 44, 436, 68, 425, 24, 239, 67, 323, 257, 324, 146, 75, 444, 90, 440, 326, 471, 133, 341, 57, 144, 140, 94, 82, 87, 319, 262, 162, 370, 28, 347, 14, 258, 201, 48, 51, 357, 302, 461, 127, 473, 247, 281, 166, 375, 130, 407, 223, 343, 52, 420, 266, 449, 268, 381, 194, 188, 193, 280, 432, 173, 429, 58, 283, 244, 40, 123, 447, 270, 453, 336, 197, 243, 389, 53, 297, 135, 63, 465, 125, 356, 84, 338, 311, 47, 342, 299, 292, 137, 408, 464, 186, 411, 81]
index list energy: 28239577.059663616
Done


program ended at: 2020-04-06 15:59:53.507410 
 time delta: 17:04:01.412904
