## SLURM PROLOG ###############################################################
##    Job ID : 11946006
##  Job Name : new_and_improved?
##  Nodelist : node1136
##      CPUs : 1
##  Mem/Node : 1024 MB
## Directory : /gpfs/data/nfawzi/skale/Fawzi_pycharm_project
##   Started : Sun Apr  5 22:55:52 EDT 2020
###############################################################################
program started at:2020-04-05 22:55:52.532895
iterations: 72000000 temp: 1000000.0 exponent: 0.9 eif: 300.0
time taken (sec): 50340.574758052826
number of iterations: 72000000
final temperature: 159.26791088519815
og index list: [289, 454, 398, 436, 115, 271, 226, 340, 150, 81, 361, 40, 306, 462, 43, 25, 46, 349, 243, 98, 23, 252, 458, 229, 457, 396, 161, 129, 42, 367, 428, 467, 343, 353, 263, 265, 313, 144, 192, 453, 308, 75, 63, 124, 133, 251, 1, 461, 143, 94, 352, 211, 39, 336, 435, 204, 207, 378, 335, 303, 240, 238, 311, 235, 131, 421, 35, 347, 159, 59, 57, 445, 120, 393, 346, 194, 278, 45, 413, 4, 87, 156, 432, 56, 123, 184, 403, 338, 344, 205, 450, 463, 242, 259, 364, 469, 323, 7, 451, 253, 312, 206, 188, 439, 418, 140, 147, 270, 172, 162, 128, 249, 73, 135, 305, 138, 380, 424, 255, 280, 236, 55, 455, 136, 101, 386, 319, 111, 247, 292, 47, 171, 315, 113, 297, 328, 232, 420, 214, 291, 382, 414, 157, 443, 26, 470, 384, 130, 375, 70, 11, 178, 32, 34, 78, 429, 195, 422, 372, 268, 49, 287, 219, 36, 69, 464, 222, 89, 225, 142, 449, 209, 22, 296, 105, 276, 151, 365, 411, 88, 358, 459, 234, 17, 9, 168, 21, 314, 126, 440, 427, 254, 446, 41, 200, 82, 44, 354, 92, 416, 93, 102, 145, 79, 208, 170, 316, 6, 257, 371, 266, 74, 77, 169, 286, 360, 331, 444, 376, 359, 176, 24, 350, 28, 100, 177, 377, 434, 62, 241, 164, 218, 213, 302, 53, 264, 33, 50, 99, 269, 187, 210, 197, 363, 409, 86, 224, 198, 473, 374, 310, 355, 202, 447, 448, 158, 300, 196, 12, 245, 324, 51, 173, 80, 175, 193, 237, 283, 191, 433, 261, 279, 321, 456, 466, 125, 217, 333, 370, 329, 166, 405, 60, 423, 68, 189, 8, 165, 64, 182, 91, 199, 76, 404, 294, 29, 246, 472, 27, 387, 107, 104, 301, 383, 412, 54, 83, 227, 90, 415, 14, 0, 19, 18, 216, 228, 357, 332, 155, 15, 388, 373, 203, 390, 325, 250, 132, 146, 342, 38, 334, 106, 293, 71, 5, 190, 460, 185, 221, 395, 96, 442, 419, 290, 389, 410, 282, 304, 277, 84, 327, 400, 284, 244, 320, 117, 67, 72, 119, 95, 285, 31, 167, 180, 430, 141, 337, 52, 438, 317, 230, 48, 122, 186, 406, 248, 381, 379, 318, 139, 394, 121, 272, 118, 160, 10, 212, 2, 65, 239, 391, 309, 215, 16, 137, 260, 233, 425, 356, 201, 109, 37, 452, 61, 13, 97, 174, 179, 408, 326, 103, 385, 392, 256, 114, 307, 181, 339, 345, 223, 369, 116, 30, 127, 362, 399, 298, 66, 417, 152, 134, 468, 183, 85, 163, 267, 471, 330, 108, 431, 154, 20, 148, 281, 368, 351, 58, 220, 401, 288, 437, 322, 402, 441, 262, 341, 465, 295, 3, 231, 149, 110, 153, 275, 258, 397, 273, 426, 274, 299, 366, 348, 112, 407]
og index list energy: 253828044.4997698
index list: [179, 148, 363, 279, 353, 310, 469, 151, 458, 182, 68, 466, 8, 394, 6, 72, 211, 364, 260, 315, 21, 323, 27, 228, 400, 147, 146, 451, 110, 274, 276, 238, 122, 235, 165, 371, 218, 213, 471, 17, 88, 440, 142, 351, 311, 290, 90, 472, 266, 452, 22, 384, 35, 99, 427, 223, 392, 263, 25, 282, 118, 268, 350, 156, 283, 153, 278, 121, 366, 107, 286, 32, 372, 59, 465, 28, 356, 253, 177, 170, 150, 42, 415, 89, 204, 81, 305, 54, 468, 264, 407, 225, 330, 277, 308, 141, 215, 155, 166, 402, 128, 292, 467, 13, 108, 304, 419, 210, 45, 347, 197, 395, 200, 432, 205, 412, 154, 265, 312, 300, 71, 424, 270, 175, 381, 307, 267, 433, 301, 191, 4, 358, 2, 339, 20, 454, 73, 138, 167, 67, 388, 52, 417, 48, 373, 43, 374, 103, 348, 178, 445, 248, 457, 96, 421, 255, 298, 226, 385, 176, 438, 192, 455, 102, 359, 188, 262, 464, 39, 398, 125, 207, 109, 53, 319, 0, 434, 291, 416, 240, 443, 280, 405, 63, 418, 163, 180, 423, 184, 51, 437, 254, 93, 449, 85, 410, 169, 390, 11, 354, 199, 198, 420, 261, 459, 160, 365, 98, 293, 303, 295, 171, 129, 183, 57, 55, 334, 101, 393, 320, 16, 429, 164, 428, 316, 380, 224, 321, 338, 119, 106, 86, 229, 231, 31, 236, 40, 456, 189, 361, 193, 66, 172, 181, 114, 349, 314, 378, 241, 221, 92, 208, 84, 425, 47, 383, 230, 399, 196, 132, 246, 77, 341, 50, 287, 447, 112, 65, 34, 257, 126, 206, 340, 60, 269, 159, 251, 346, 243, 439, 168, 232, 247, 325, 406, 212, 1, 337, 5, 37, 396, 194, 386, 190, 137, 329, 76, 252, 15, 30, 82, 299, 302, 370, 144, 44, 403, 115, 237, 444, 70, 401, 117, 259, 234, 408, 104, 389, 105, 463, 152, 448, 335, 436, 219, 362, 19, 26, 239, 313, 324, 133, 284, 79, 430, 139, 78, 23, 413, 61, 343, 134, 328, 202, 379, 326, 461, 157, 33, 368, 24, 382, 62, 216, 29, 220, 244, 387, 135, 462, 49, 9, 404, 217, 201, 309, 411, 289, 140, 143, 446, 83, 162, 297, 233, 127, 124, 173, 87, 450, 69, 317, 281, 331, 185, 214, 285, 187, 355, 242, 377, 158, 288, 453, 130, 74, 431, 38, 272, 318, 203, 131, 174, 80, 36, 342, 94, 327, 91, 258, 149, 414, 64, 7, 136, 336, 209, 111, 409, 249, 97, 306, 422, 195, 3, 294, 367, 273, 360, 100, 460, 332, 352, 275, 376, 145, 442, 75, 18, 441, 12, 357, 58, 375, 333, 161, 256, 120, 296, 345, 123, 222, 56, 344, 322, 250, 116, 10, 391, 113, 46, 426, 14, 470, 95, 245, 41, 473, 271, 435, 397, 227, 369, 186]
index list energy: 27381398.545031067
Done


program ended at: 2020-04-06 12:54:53.497523 
 time delta: 13:59:00.964628
