## SLURM PROLOG ###############################################################
##    Job ID : 11945988
##  Job Name : new_and_improved?
##  Nodelist : node1136
##      CPUs : 1
##  Mem/Node : 1024 MB
## Directory : /gpfs/data/nfawzi/skale/Fawzi_pycharm_project
##   Started : Sun Apr  5 22:55:41 EDT 2020
###############################################################################
program started at:2020-04-05 22:55:42.071454
iterations: 72000000 temp: 1000000.0 exponent: 0.9 eif: 300.0
time taken (sec): 53945.65028953552
number of iterations: 72000000
final temperature: 159.26791088519815
og index list: [405, 455, 132, 264, 180, 55, 399, 435, 18, 1, 221, 208, 57, 409, 461, 431, 389, 109, 213, 158, 8, 427, 353, 202, 396, 344, 229, 438, 212, 42, 345, 230, 34, 258, 64, 242, 326, 140, 339, 462, 184, 29, 176, 155, 14, 319, 152, 302, 299, 365, 272, 22, 338, 284, 449, 373, 397, 245, 359, 306, 147, 84, 183, 447, 253, 394, 21, 275, 434, 384, 32, 148, 150, 166, 194, 19, 411, 108, 201, 43, 444, 471, 380, 239, 111, 469, 81, 315, 267, 115, 335, 297, 336, 291, 28, 151, 47, 5, 26, 290, 308, 311, 244, 310, 203, 121, 329, 113, 95, 97, 36, 163, 369, 52, 79, 236, 217, 56, 214, 209, 165, 293, 248, 259, 135, 139, 383, 39, 402, 414, 130, 237, 273, 321, 374, 364, 445, 182, 287, 424, 286, 105, 289, 340, 99, 255, 44, 11, 417, 268, 118, 218, 82, 12, 305, 187, 204, 416, 153, 355, 197, 133, 156, 361, 205, 59, 169, 296, 307, 101, 320, 167, 207, 465, 250, 459, 362, 35, 400, 41, 379, 246, 119, 300, 274, 472, 241, 138, 129, 343, 30, 170, 280, 114, 432, 410, 354, 352, 256, 17, 393, 333, 73, 407, 234, 6, 40, 458, 86, 453, 80, 368, 37, 15, 243, 23, 318, 54, 71, 385, 200, 285, 473, 371, 117, 327, 346, 452, 436, 266, 192, 349, 404, 378, 265, 292, 446, 144, 351, 126, 159, 324, 232, 96, 0, 7, 128, 60, 441, 77, 228, 439, 4, 215, 51, 269, 260, 303, 357, 88, 75, 448, 261, 360, 188, 382, 233, 278, 62, 429, 347, 295, 238, 220, 123, 49, 316, 193, 131, 91, 94, 98, 288, 433, 403, 464, 143, 226, 175, 231, 196, 247, 271, 162, 413, 206, 160, 2, 358, 470, 298, 323, 161, 27, 450, 20, 10, 168, 50, 173, 211, 240, 330, 185, 262, 9, 227, 76, 172, 33, 425, 134, 149, 112, 276, 67, 419, 74, 92, 348, 38, 104, 428, 281, 195, 70, 3, 277, 31, 178, 177, 363, 125, 199, 270, 145, 235, 72, 356, 252, 375, 164, 142, 387, 146, 398, 443, 120, 65, 116, 179, 322, 83, 219, 376, 388, 426, 367, 223, 342, 421, 190, 370, 408, 395, 451, 78, 90, 331, 100, 328, 216, 391, 66, 251, 69, 282, 392, 454, 337, 210, 415, 334, 350, 189, 157, 283, 437, 24, 61, 381, 58, 13, 68, 174, 25, 191, 85, 110, 456, 372, 45, 224, 386, 317, 341, 254, 467, 294, 46, 460, 127, 422, 63, 137, 53, 390, 136, 124, 141, 304, 122, 93, 332, 106, 401, 325, 225, 314, 102, 186, 442, 107, 466, 222, 468, 430, 279, 420, 463, 366, 423, 263, 377, 103, 257, 312, 48, 418, 181, 87, 89, 16, 171, 412, 440, 301, 309, 154, 406, 198, 457, 313, 249]
og index list energy: 212886160.25245872
index list: [270, 56, 238, 423, 6, 464, 14, 354, 33, 283, 253, 28, 405, 152, 451, 275, 469, 233, 44, 81, 402, 59, 388, 18, 148, 363, 241, 468, 169, 351, 112, 116, 343, 296, 304, 376, 68, 24, 258, 466, 7, 136, 42, 361, 85, 373, 53, 0, 166, 442, 36, 349, 172, 151, 353, 101, 146, 183, 277, 443, 318, 153, 231, 144, 426, 138, 382, 316, 193, 35, 456, 211, 195, 267, 422, 197, 196, 408, 325, 401, 332, 367, 299, 111, 300, 126, 133, 236, 66, 357, 180, 308, 41, 385, 260, 143, 461, 72, 387, 217, 140, 242, 459, 259, 174, 187, 381, 326, 453, 10, 118, 91, 472, 71, 64, 25, 287, 439, 218, 134, 282, 445, 219, 288, 13, 378, 11, 345, 69, 410, 333, 129, 234, 386, 170, 449, 290, 54, 463, 229, 285, 321, 420, 100, 462, 235, 222, 306, 348, 80, 154, 350, 273, 338, 320, 50, 432, 109, 470, 98, 317, 220, 130, 455, 301, 406, 87, 79, 403, 243, 407, 335, 228, 208, 1, 60, 340, 268, 424, 74, 421, 186, 395, 95, 425, 179, 254, 272, 457, 210, 199, 359, 200, 209, 46, 436, 88, 446, 65, 176, 246, 76, 441, 117, 201, 168, 434, 160, 293, 252, 20, 429, 110, 142, 162, 29, 362, 309, 131, 392, 16, 440, 96, 366, 178, 276, 204, 227, 8, 448, 190, 341, 62, 92, 281, 132, 86, 27, 150, 84, 265, 51, 32, 328, 4, 409, 189, 412, 191, 5, 370, 250, 19, 171, 263, 249, 364, 213, 374, 302, 355, 40, 155, 43, 108, 2, 415, 3, 331, 128, 34, 115, 394, 107, 177, 278, 185, 358, 63, 417, 61, 329, 89, 230, 460, 58, 303, 26, 379, 121, 286, 184, 188, 400, 264, 365, 244, 360, 17, 458, 22, 438, 159, 127, 105, 167, 356, 106, 437, 269, 175, 97, 371, 330, 266, 37, 207, 9, 384, 206, 411, 182, 149, 398, 123, 248, 323, 99, 416, 289, 31, 396, 205, 202, 431, 274, 261, 368, 147, 311, 93, 428, 292, 23, 342, 48, 157, 430, 158, 419, 102, 391, 251, 337, 257, 377, 307, 245, 324, 47, 83, 444, 94, 352, 327, 49, 372, 313, 447, 295, 198, 336, 383, 262, 122, 256, 137, 414, 139, 82, 452, 55, 57, 380, 70, 38, 399, 113, 216, 163, 418, 310, 427, 223, 334, 194, 454, 314, 221, 347, 75, 239, 120, 212, 141, 114, 214, 192, 161, 465, 322, 21, 344, 77, 284, 164, 315, 312, 473, 39, 397, 90, 413, 226, 52, 305, 224, 103, 404, 119, 298, 294, 247, 30, 339, 225, 471, 255, 291, 393, 165, 467, 15, 450, 125, 135, 124, 104, 369, 279, 237, 390, 280, 435, 181, 297, 73, 346, 45, 12, 271, 375, 203, 156, 389, 78, 215, 319, 173, 67, 232, 145, 433, 240]
index list energy: 30419628.1170598
Done


program ended at: 2020-04-06 13:54:48.085103 
 time delta: 14:59:06.013649
