## SLURM PROLOG ###############################################################
##    Job ID : 11945987
##  Job Name : new_and_improved?
##  Nodelist : node1136
##      CPUs : 1
##  Mem/Node : 1024 MB
## Directory : /gpfs/data/nfawzi/skale/Fawzi_pycharm_project
##   Started : Sun Apr  5 22:55:42 EDT 2020
###############################################################################
program started at:2020-04-05 22:55:42.543861
iterations: 72000000 temp: 1000000.0 exponent: 0.9 eif: 300.0
time taken (sec): 51850.363245248795
number of iterations: 72000000
final temperature: 159.26791088519815
og index list: [327, 159, 175, 202, 457, 270, 199, 389, 172, 310, 342, 299, 149, 435, 295, 12, 205, 357, 4, 421, 465, 44, 173, 446, 19, 43, 57, 67, 198, 103, 112, 445, 98, 83, 324, 189, 163, 53, 452, 426, 352, 196, 59, 247, 317, 323, 463, 468, 90, 261, 374, 454, 349, 10, 334, 402, 49, 380, 378, 416, 313, 146, 222, 297, 210, 220, 365, 140, 388, 225, 223, 87, 234, 464, 109, 265, 437, 194, 408, 314, 158, 155, 69, 123, 200, 156, 113, 213, 369, 315, 219, 343, 35, 27, 187, 350, 383, 293, 341, 246, 14, 288, 193, 411, 165, 20, 60, 131, 106, 9, 257, 226, 139, 381, 99, 144, 290, 89, 356, 418, 339, 312, 104, 48, 96, 455, 359, 355, 294, 184, 161, 243, 38, 283, 108, 462, 224, 272, 440, 183, 308, 371, 284, 176, 147, 360, 5, 160, 423, 382, 375, 469, 404, 73, 237, 209, 95, 344, 120, 47, 170, 331, 453, 208, 206, 433, 248, 422, 291, 138, 279, 118, 428, 125, 400, 51, 448, 472, 52, 126, 150, 74, 337, 119, 271, 178, 15, 107, 417, 391, 80, 152, 256, 135, 130, 180, 269, 230, 373, 407, 262, 228, 301, 8, 25, 351, 21, 451, 145, 395, 231, 166, 177, 419, 250, 289, 431, 244, 33, 302, 134, 430, 282, 122, 392, 30, 2, 151, 268, 249, 346, 263, 325, 133, 432, 425, 71, 91, 190, 376, 354, 212, 23, 102, 300, 235, 65, 3, 303, 254, 460, 37, 252, 185, 413, 218, 286, 171, 63, 335, 93, 409, 221, 347, 84, 444, 372, 18, 367, 195, 406, 264, 368, 137, 386, 188, 287, 203, 307, 81, 82, 410, 304, 78, 17, 330, 68, 305, 276, 260, 92, 72, 13, 336, 115, 204, 236, 110, 46, 26, 387, 311, 207, 447, 399, 0, 338, 153, 101, 66, 141, 384, 309, 22, 233, 456, 242, 401, 292, 45, 438, 136, 7, 443, 412, 466, 197, 255, 124, 211, 267, 167, 275, 227, 50, 201, 450, 420, 42, 340, 296, 259, 100, 76, 394, 127, 405, 128, 169, 41, 397, 148, 86, 427, 142, 377, 216, 132, 245, 345, 157, 429, 105, 11, 32, 143, 398, 439, 192, 168, 280, 461, 393, 182, 36, 217, 470, 174, 214, 31, 258, 467, 353, 316, 154, 364, 434, 362, 306, 111, 449, 348, 441, 379, 238, 285, 6, 64, 232, 16, 164, 241, 75, 79, 39, 253, 229, 320, 28, 322, 436, 1, 318, 385, 116, 277, 319, 29, 77, 24, 329, 415, 266, 358, 97, 251, 85, 40, 56, 129, 328, 55, 361, 114, 332, 58, 88, 215, 62, 240, 442, 186, 54, 396, 458, 403, 34, 471, 61, 473, 273, 191, 414, 326, 333, 278, 121, 370, 70, 274, 94, 363, 162, 298, 117, 424, 281, 390, 239, 181, 366, 459, 321, 179]
og index list energy: 244298908.97152546
index list: [218, 267, 451, 137, 287, 18, 82, 113, 232, 51, 469, 135, 372, 67, 441, 54, 305, 13, 258, 228, 96, 447, 304, 431, 180, 392, 75, 354, 26, 283, 147, 249, 377, 202, 326, 454, 85, 404, 224, 294, 349, 55, 413, 229, 179, 466, 160, 212, 374, 154, 92, 72, 231, 277, 401, 237, 348, 273, 432, 266, 366, 132, 390, 66, 311, 33, 226, 191, 269, 260, 236, 158, 343, 112, 213, 90, 256, 60, 418, 222, 296, 303, 151, 35, 97, 280, 420, 243, 41, 437, 71, 104, 288, 73, 412, 190, 373, 209, 333, 341, 64, 289, 284, 125, 246, 220, 91, 30, 446, 20, 204, 36, 200, 359, 28, 444, 281, 385, 292, 379, 50, 347, 127, 124, 156, 166, 473, 146, 183, 115, 320, 216, 175, 360, 321, 98, 308, 81, 342, 306, 355, 314, 381, 165, 470, 138, 393, 299, 173, 245, 221, 471, 99, 261, 396, 203, 40, 403, 39, 429, 95, 378, 161, 391, 172, 301, 443, 103, 150, 193, 4, 375, 322, 153, 93, 0, 468, 291, 449, 74, 387, 275, 459, 65, 47, 427, 106, 148, 223, 472, 63, 400, 233, 128, 282, 315, 259, 265, 206, 37, 351, 302, 423, 57, 89, 457, 274, 15, 101, 462, 94, 163, 122, 414, 208, 178, 411, 83, 357, 14, 388, 263, 34, 309, 215, 363, 109, 234, 344, 49, 434, 131, 295, 310, 285, 16, 330, 129, 276, 155, 464, 46, 398, 188, 52, 114, 353, 105, 453, 17, 350, 251, 252, 177, 450, 68, 235, 87, 433, 59, 383, 149, 278, 76, 108, 107, 11, 111, 192, 239, 211, 458, 242, 389, 335, 452, 210, 198, 463, 244, 419, 88, 159, 58, 323, 27, 1, 181, 365, 241, 428, 61, 425, 77, 436, 120, 119, 286, 23, 168, 86, 187, 214, 337, 174, 185, 293, 408, 142, 144, 79, 133, 123, 207, 194, 442, 5, 31, 455, 100, 338, 225, 386, 32, 2, 461, 199, 465, 253, 230, 167, 307, 254, 255, 339, 271, 367, 272, 370, 9, 318, 195, 407, 141, 416, 3, 406, 12, 279, 402, 171, 21, 319, 157, 38, 394, 42, 80, 217, 417, 176, 297, 29, 334, 69, 430, 328, 56, 25, 439, 22, 415, 44, 421, 139, 121, 162, 422, 126, 134, 426, 182, 19, 361, 136, 380, 7, 140, 325, 448, 45, 352, 332, 358, 316, 240, 424, 189, 409, 169, 201, 196, 324, 248, 364, 84, 78, 264, 346, 327, 143, 445, 152, 368, 48, 356, 145, 456, 8, 384, 184, 6, 340, 205, 440, 219, 362, 312, 116, 317, 290, 399, 247, 186, 397, 164, 170, 438, 313, 435, 257, 118, 227, 382, 117, 369, 262, 298, 102, 467, 270, 405, 268, 345, 53, 460, 238, 376, 10, 410, 62, 110, 336, 250, 24, 395, 197, 329, 300, 130, 331, 70, 371, 43]
index list energy: 29412352.178972654
Done


program ended at: 2020-04-06 13:19:53.276286 
 time delta: 14:24:10.732425
