## SLURM PROLOG ###############################################################
##    Job ID : 11946038
##  Job Name : new_and_improved?
##  Nodelist : node1617
##      CPUs : 1
##  Mem/Node : 1024 MB
## Directory : /gpfs/data/nfawzi/skale/Fawzi_pycharm_project
##   Started : Sun Apr  5 22:55:52 EDT 2020
###############################################################################
program started at:2020-04-05 22:55:52.748059
iterations: 72000000 temp: 1000000.0 exponent: 0.9 eif: 300.0
time taken (sec): 63023.295897483826
number of iterations: 72000000
final temperature: 159.26791088519815
og index list: [59, 26, 122, 460, 384, 333, 433, 391, 426, 103, 259, 320, 418, 272, 465, 210, 11, 108, 286, 268, 401, 319, 83, 63, 91, 84, 354, 240, 132, 128, 161, 198, 261, 9, 424, 46, 467, 423, 277, 30, 170, 313, 4, 215, 232, 171, 87, 375, 457, 357, 43, 93, 274, 278, 120, 265, 14, 181, 446, 45, 250, 249, 350, 358, 472, 223, 162, 402, 123, 173, 364, 107, 318, 60, 420, 124, 383, 447, 411, 204, 8, 68, 5, 468, 151, 395, 332, 291, 23, 324, 40, 343, 155, 164, 444, 432, 144, 81, 293, 288, 471, 193, 131, 239, 280, 414, 316, 282, 0, 230, 185, 440, 244, 20, 192, 413, 69, 305, 216, 115, 317, 263, 50, 179, 182, 438, 256, 102, 28, 348, 229, 301, 212, 3, 105, 226, 98, 374, 303, 183, 297, 334, 146, 462, 296, 419, 53, 174, 133, 78, 109, 234, 439, 400, 119, 39, 450, 412, 393, 140, 390, 111, 417, 37, 209, 94, 149, 163, 188, 237, 441, 253, 421, 139, 360, 336, 335, 70, 141, 351, 220, 143, 187, 197, 177, 65, 273, 2, 38, 431, 167, 231, 416, 247, 190, 342, 194, 121, 314, 44, 260, 251, 158, 255, 410, 25, 186, 329, 172, 218, 15, 279, 13, 270, 366, 300, 345, 32, 16, 201, 225, 456, 294, 160, 233, 196, 449, 359, 224, 452, 19, 236, 88, 262, 254, 126, 356, 92, 442, 448, 370, 372, 394, 7, 298, 339, 269, 315, 275, 290, 195, 257, 21, 276, 266, 338, 147, 398, 461, 129, 454, 199, 325, 22, 137, 41, 101, 308, 451, 458, 176, 99, 117, 289, 373, 17, 399, 156, 89, 153, 130, 90, 189, 203, 330, 67, 407, 381, 221, 35, 86, 258, 34, 178, 110, 77, 369, 145, 191, 159, 71, 12, 56, 33, 241, 285, 169, 326, 18, 267, 322, 405, 455, 271, 368, 138, 213, 154, 127, 367, 392, 85, 309, 299, 47, 96, 42, 74, 331, 323, 434, 389, 327, 422, 36, 100, 246, 29, 321, 283, 27, 125, 382, 312, 82, 388, 352, 310, 52, 473, 437, 157, 222, 355, 469, 202, 242, 118, 376, 365, 361, 66, 385, 328, 134, 175, 387, 464, 307, 79, 311, 445, 104, 396, 206, 136, 6, 380, 61, 180, 142, 228, 238, 409, 113, 135, 306, 344, 459, 116, 295, 10, 24, 51, 62, 427, 430, 304, 80, 49, 346, 165, 397, 112, 363, 337, 48, 200, 340, 208, 168, 463, 148, 95, 371, 76, 403, 408, 64, 54, 404, 73, 287, 1, 97, 252, 75, 406, 235, 470, 152, 362, 341, 31, 386, 227, 415, 72, 207, 243, 284, 349, 436, 219, 211, 302, 217, 264, 281, 377, 114, 150, 245, 214, 347, 428, 466, 106, 435, 248, 205, 166, 378, 425, 379, 57, 453, 443, 58, 55, 353, 292, 429, 184]
og index list energy: 248012751.85732332
index list: [263, 468, 260, 102, 401, 314, 446, 219, 97, 34, 205, 364, 8, 365, 168, 132, 411, 225, 462, 307, 149, 419, 67, 374, 222, 110, 173, 119, 373, 161, 247, 41, 454, 152, 402, 127, 405, 133, 118, 57, 140, 87, 406, 306, 368, 309, 344, 223, 408, 316, 283, 83, 214, 84, 469, 254, 460, 17, 155, 294, 400, 53, 245, 40, 443, 220, 94, 319, 324, 46, 236, 59, 391, 76, 252, 26, 417, 192, 355, 328, 39, 134, 353, 79, 12, 82, 21, 313, 463, 81, 382, 416, 169, 366, 42, 473, 49, 404, 141, 465, 310, 433, 147, 377, 274, 258, 338, 93, 11, 256, 111, 177, 308, 181, 108, 98, 284, 48, 207, 189, 210, 370, 196, 52, 114, 395, 194, 451, 13, 399, 19, 92, 330, 75, 357, 296, 183, 275, 358, 100, 327, 151, 397, 145, 448, 268, 388, 332, 449, 44, 409, 321, 341, 143, 381, 105, 384, 178, 424, 165, 379, 290, 158, 352, 242, 185, 470, 259, 50, 297, 139, 51, 72, 269, 198, 215, 371, 280, 453, 54, 472, 27, 413, 120, 131, 312, 445, 291, 457, 270, 403, 333, 234, 24, 421, 264, 246, 135, 299, 125, 431, 213, 452, 7, 218, 62, 80, 126, 144, 318, 249, 287, 434, 281, 1, 0, 359, 273, 372, 70, 148, 238, 288, 360, 292, 55, 430, 304, 248, 390, 9, 426, 36, 14, 414, 230, 320, 99, 412, 217, 278, 199, 228, 231, 271, 159, 156, 376, 69, 428, 203, 56, 121, 435, 195, 396, 43, 464, 104, 334, 138, 345, 208, 153, 15, 293, 351, 197, 467, 60, 160, 90, 422, 89, 265, 96, 323, 78, 466, 206, 298, 130, 282, 186, 458, 68, 337, 107, 389, 166, 124, 180, 315, 227, 31, 86, 226, 30, 176, 348, 235, 302, 162, 356, 109, 398, 106, 450, 63, 317, 224, 346, 117, 423, 331, 179, 191, 267, 171, 2, 438, 4, 394, 190, 172, 113, 350, 200, 201, 240, 136, 442, 23, 167, 73, 410, 216, 129, 174, 253, 35, 437, 233, 184, 187, 432, 66, 250, 279, 303, 47, 128, 276, 383, 295, 22, 447, 157, 375, 95, 441, 88, 137, 385, 61, 427, 71, 18, 239, 335, 459, 261, 204, 202, 336, 386, 25, 440, 101, 232, 237, 455, 112, 103, 439, 301, 354, 146, 367, 255, 182, 221, 425, 266, 342, 74, 415, 65, 305, 91, 387, 272, 38, 29, 361, 251, 285, 32, 378, 85, 322, 193, 33, 77, 37, 420, 6, 212, 347, 326, 418, 209, 163, 311, 154, 363, 45, 444, 211, 64, 10, 329, 28, 300, 150, 349, 115, 369, 286, 257, 436, 229, 289, 461, 116, 164, 471, 175, 262, 392, 277, 362, 58, 380, 244, 393, 241, 407, 325, 456, 5, 188, 343, 20, 3, 122, 170, 243, 123, 340, 142, 429, 339, 16]
index list energy: 28169283.070161596
Done


program ended at: 2020-04-06 16:26:16.401161 
 time delta: 17:30:23.653102
