## SLURM PROLOG ###############################################################
##    Job ID : 11978545
##  Job Name : new_and_improved?
##  Nodelist : node1157
##      CPUs : 1
##  Mem/Node : 1024 MB
## Directory : /gpfs/data/nfawzi/skale/Fawzi_pycharm_project
##   Started : Mon Apr  6 06:21:26 EDT 2020
###############################################################################
program started at:2020-04-06 06:21:32.008169
iterations: 72000000 temp: 1000000.0 exponent: 0.9 eif: 300.0
time taken (sec): 35362.99359917641
number of iterations: 72000000
final temperature: 159.26791088519815
og index list: [352, 192, 436, 4, 139, 389, 184, 32, 218, 470, 10, 160, 370, 201, 247, 460, 472, 284, 425, 210, 164, 177, 471, 204, 256, 216, 250, 217, 312, 447, 110, 2, 259, 435, 213, 409, 119, 339, 274, 231, 402, 75, 279, 266, 157, 214, 449, 293, 410, 212, 48, 198, 97, 38, 392, 136, 149, 246, 473, 68, 227, 232, 287, 220, 141, 336, 386, 322, 311, 398, 431, 396, 151, 414, 448, 387, 286, 178, 55, 252, 121, 24, 11, 464, 107, 1, 433, 147, 401, 92, 353, 428, 101, 445, 39, 106, 324, 416, 292, 129, 288, 165, 138, 438, 130, 357, 263, 109, 456, 78, 281, 427, 364, 131, 20, 100, 397, 185, 237, 203, 36, 380, 261, 463, 331, 153, 285, 328, 301, 228, 102, 90, 276, 426, 99, 22, 329, 81, 3, 105, 365, 302, 372, 342, 424, 395, 310, 179, 305, 238, 383, 384, 239, 320, 95, 191, 446, 35, 296, 12, 343, 251, 374, 332, 327, 461, 351, 258, 21, 444, 314, 180, 115, 159, 122, 120, 429, 338, 88, 98, 408, 236, 459, 415, 148, 278, 17, 308, 76, 170, 443, 27, 430, 307, 313, 298, 325, 190, 16, 169, 242, 315, 264, 51, 162, 219, 46, 158, 316, 30, 225, 13, 417, 63, 176, 297, 7, 135, 34, 318, 18, 5, 193, 83, 64, 451, 104, 222, 50, 40, 268, 19, 405, 345, 363, 103, 172, 111, 196, 347, 188, 230, 440, 406, 41, 229, 468, 80, 360, 85, 419, 368, 462, 66, 421, 391, 262, 128, 467, 69, 211, 124, 14, 54, 25, 146, 197, 303, 140, 77, 309, 87, 404, 113, 390, 174, 277, 199, 330, 167, 70, 361, 29, 367, 144, 126, 413, 388, 371, 403, 166, 375, 382, 155, 294, 275, 234, 394, 254, 253, 171, 442, 132, 31, 455, 267, 23, 168, 181, 33, 215, 133, 457, 72, 53, 244, 291, 175, 205, 233, 453, 86, 96, 412, 161, 423, 437, 186, 137, 142, 61, 79, 422, 116, 57, 221, 6, 348, 378, 260, 299, 434, 257, 182, 71, 189, 202, 379, 458, 52, 377, 226, 114, 94, 163, 269, 56, 37, 452, 289, 112, 407, 248, 399, 306, 8, 450, 344, 73, 26, 243, 123, 134, 240, 194, 418, 93, 349, 60, 411, 354, 82, 420, 200, 28, 362, 295, 0, 304, 241, 187, 393, 209, 466, 249, 45, 441, 369, 454, 91, 9, 282, 62, 74, 15, 183, 337, 356, 319, 366, 385, 44, 432, 108, 224, 273, 89, 42, 118, 272, 150, 143, 47, 235, 154, 323, 245, 67, 59, 152, 117, 65, 373, 84, 300, 173, 381, 439, 195, 49, 127, 341, 156, 326, 265, 270, 376, 43, 280, 58, 359, 255, 321, 400, 340, 283, 317, 465, 125, 350, 346, 223, 290, 334, 208, 358, 333, 206, 271, 355, 469, 335, 207, 145]
og index list energy: 233566389.6445996
index list: [429, 153, 411, 237, 116, 343, 306, 145, 419, 130, 372, 142, 374, 67, 349, 138, 403, 304, 238, 405, 257, 122, 432, 224, 99, 241, 438, 48, 150, 52, 407, 87, 344, 50, 445, 233, 312, 433, 104, 345, 220, 198, 436, 190, 201, 26, 413, 154, 439, 160, 222, 32, 184, 196, 375, 169, 379, 8, 318, 3, 348, 74, 288, 46, 136, 347, 195, 282, 216, 66, 236, 42, 204, 77, 397, 259, 209, 277, 393, 200, 391, 20, 415, 75, 188, 268, 303, 76, 389, 44, 395, 331, 283, 266, 416, 217, 412, 333, 365, 164, 170, 276, 34, 39, 298, 31, 40, 442, 250, 206, 385, 113, 51, 435, 94, 167, 143, 441, 269, 245, 274, 246, 286, 182, 70, 187, 118, 36, 437, 69, 271, 278, 151, 354, 292, 279, 319, 291, 400, 163, 29, 353, 80, 13, 368, 18, 404, 73, 449, 264, 466, 273, 376, 226, 299, 223, 380, 290, 108, 281, 431, 21, 134, 328, 30, 82, 227, 447, 89, 434, 0, 37, 323, 28, 218, 93, 378, 240, 396, 58, 422, 275, 402, 225, 418, 310, 79, 230, 342, 81, 369, 96, 162, 247, 293, 159, 23, 394, 11, 174, 267, 207, 168, 363, 189, 457, 10, 464, 197, 107, 110, 126, 111, 287, 258, 149, 387, 62, 103, 392, 91, 423, 307, 105, 424, 221, 366, 192, 386, 45, 219, 178, 384, 41, 430, 180, 191, 4, 193, 60, 377, 139, 440, 5, 92, 243, 381, 98, 410, 309, 459, 119, 53, 443, 115, 356, 313, 425, 146, 320, 327, 172, 72, 256, 285, 147, 326, 127, 9, 284, 205, 335, 467, 22, 295, 2, 408, 324, 27, 157, 401, 59, 367, 289, 382, 24, 446, 208, 1, 325, 308, 302, 38, 232, 165, 297, 128, 360, 166, 450, 175, 409, 129, 329, 84, 156, 214, 426, 137, 228, 135, 155, 311, 57, 373, 83, 357, 88, 86, 106, 97, 350, 102, 161, 340, 144, 244, 472, 112, 280, 458, 71, 460, 296, 346, 47, 448, 125, 61, 470, 132, 463, 202, 252, 235, 322, 300, 249, 272, 341, 255, 352, 19, 359, 85, 332, 461, 253, 15, 358, 254, 336, 337, 123, 90, 234, 417, 54, 388, 321, 456, 263, 451, 211, 421, 203, 262, 14, 399, 35, 183, 181, 124, 120, 152, 78, 315, 270, 355, 176, 305, 173, 453, 229, 140, 242, 371, 117, 468, 55, 239, 260, 398, 7, 212, 414, 261, 65, 427, 68, 334, 12, 330, 133, 364, 33, 361, 158, 454, 301, 49, 265, 213, 473, 101, 338, 121, 317, 251, 114, 469, 17, 455, 16, 471, 63, 231, 109, 171, 185, 370, 131, 56, 444, 248, 462, 316, 294, 428, 100, 351, 339, 186, 390, 43, 141, 362, 177, 215, 64, 199, 383, 95, 25, 194, 465, 210, 452, 6, 406, 314, 420, 179, 148]
index list energy: 29060347.441919226
Done


program ended at: 2020-04-06 16:10:55.349458 
 time delta: 9:49:23.341289
