## SLURM PROLOG ###############################################################
##    Job ID : 11946064
##  Job Name : new_and_improved?
##  Nodelist : node1624
##      CPUs : 1
##  Mem/Node : 1024 MB
## Directory : /gpfs/data/nfawzi/skale/Fawzi_pycharm_project
##   Started : Sun Apr  5 22:55:51 EDT 2020
###############################################################################
program started at:2020-04-05 22:55:52.742018
iterations: 72000000 temp: 1000000.0 exponent: 0.9 eif: 300.0
time taken (sec): 66938.82696318626
number of iterations: 72000000
final temperature: 159.26791088519815
og index list: [11, 122, 371, 304, 472, 87, 128, 205, 455, 170, 163, 2, 456, 164, 261, 55, 213, 320, 8, 249, 27, 119, 256, 344, 150, 83, 340, 166, 0, 110, 125, 50, 435, 81, 45, 440, 248, 372, 62, 418, 327, 399, 368, 123, 118, 391, 127, 146, 382, 293, 188, 32, 347, 137, 295, 142, 23, 171, 448, 419, 352, 290, 425, 99, 161, 429, 369, 466, 60, 334, 308, 236, 363, 337, 136, 282, 231, 243, 357, 141, 276, 175, 18, 37, 31, 343, 88, 61, 339, 78, 325, 321, 353, 149, 211, 49, 473, 109, 220, 208, 392, 349, 318, 386, 427, 267, 464, 130, 358, 252, 33, 154, 431, 15, 103, 283, 184, 52, 84, 395, 222, 390, 383, 86, 229, 446, 12, 98, 240, 68, 462, 111, 79, 416, 315, 415, 116, 329, 153, 412, 59, 102, 281, 244, 413, 58, 121, 178, 286, 342, 215, 469, 20, 433, 296, 255, 82, 199, 258, 210, 251, 454, 314, 217, 361, 310, 467, 312, 247, 313, 168, 306, 70, 414, 364, 144, 204, 401, 106, 97, 270, 233, 445, 157, 333, 218, 463, 44, 336, 322, 192, 319, 203, 324, 35, 162, 212, 345, 90, 92, 460, 235, 291, 193, 422, 260, 139, 331, 437, 450, 17, 470, 115, 214, 225, 444, 272, 16, 51, 101, 254, 257, 393, 200, 396, 197, 323, 443, 241, 410, 423, 207, 397, 452, 250, 63, 41, 402, 359, 230, 198, 29, 206, 140, 284, 113, 114, 277, 379, 159, 133, 93, 201, 400, 169, 10, 71, 289, 180, 278, 156, 226, 145, 75, 351, 447, 21, 266, 354, 72, 268, 438, 458, 273, 46, 377, 155, 398, 185, 409, 112, 224, 176, 449, 167, 85, 330, 105, 36, 271, 80, 22, 428, 317, 47, 74, 404, 301, 326, 378, 328, 394, 299, 13, 181, 107, 442, 259, 5, 91, 388, 126, 245, 183, 316, 96, 64, 9, 39, 417, 120, 232, 303, 117, 100, 65, 292, 262, 421, 189, 108, 375, 34, 451, 138, 411, 221, 426, 25, 294, 174, 73, 311, 66, 380, 4, 151, 177, 216, 227, 95, 124, 246, 43, 420, 285, 202, 94, 54, 356, 57, 143, 297, 269, 461, 152, 360, 307, 14, 465, 76, 302, 389, 385, 24, 223, 234, 53, 432, 338, 186, 381, 148, 439, 407, 253, 265, 242, 436, 298, 228, 172, 26, 67, 384, 7, 129, 309, 376, 387, 471, 370, 441, 453, 42, 173, 69, 104, 30, 366, 430, 274, 132, 424, 40, 403, 196, 374, 280, 194, 362, 355, 239, 28, 275, 1, 237, 191, 135, 405, 305, 187, 131, 165, 134, 457, 287, 238, 195, 56, 263, 48, 147, 300, 434, 179, 348, 89, 367, 160, 219, 182, 3, 341, 335, 468, 332, 38, 350, 190, 77, 158, 279, 406, 408, 346, 209, 6, 19, 373, 365, 264, 459, 288]
og index list energy: 241249900.10674295
index list: [112, 275, 440, 99, 468, 292, 420, 184, 40, 396, 221, 34, 272, 382, 301, 268, 433, 101, 146, 426, 229, 204, 23, 109, 337, 6, 459, 322, 180, 436, 103, 214, 205, 183, 161, 8, 118, 326, 457, 12, 252, 121, 424, 35, 410, 69, 318, 149, 311, 94, 134, 27, 228, 320, 266, 377, 241, 207, 159, 79, 355, 179, 391, 267, 385, 20, 364, 263, 404, 88, 236, 49, 155, 59, 239, 217, 256, 222, 90, 389, 89, 82, 447, 166, 86, 81, 374, 56, 417, 48, 114, 428, 237, 421, 314, 409, 46, 448, 238, 347, 219, 271, 360, 10, 445, 250, 31, 323, 152, 140, 439, 127, 451, 128, 321, 232, 135, 444, 309, 394, 71, 262, 340, 260, 452, 102, 141, 386, 248, 454, 142, 376, 264, 443, 133, 123, 435, 227, 367, 195, 288, 9, 339, 223, 375, 132, 399, 151, 371, 145, 116, 442, 306, 384, 178, 456, 106, 305, 312, 233, 129, 41, 269, 173, 282, 93, 383, 156, 105, 406, 30, 171, 209, 193, 32, 136, 344, 54, 354, 186, 450, 280, 356, 165, 215, 412, 19, 230, 402, 13, 415, 7, 380, 244, 258, 29, 378, 224, 113, 97, 403, 50, 455, 188, 373, 190, 418, 63, 429, 158, 285, 259, 315, 226, 349, 76, 348, 154, 370, 104, 243, 379, 273, 366, 131, 324, 55, 108, 95, 246, 61, 392, 143, 438, 139, 365, 213, 150, 216, 51, 300, 328, 107, 352, 53, 0, 357, 163, 465, 83, 231, 138, 162, 65, 278, 38, 125, 432, 98, 284, 85, 177, 170, 358, 172, 21, 208, 45, 467, 47, 67, 1, 469, 58, 437, 87, 298, 68, 187, 122, 473, 60, 342, 240, 363, 3, 191, 4, 461, 192, 345, 111, 22, 37, 148, 462, 194, 308, 203, 293, 77, 460, 235, 176, 303, 39, 413, 330, 310, 414, 137, 362, 115, 126, 144, 431, 270, 353, 251, 381, 198, 168, 200, 220, 289, 401, 57, 279, 390, 18, 427, 182, 157, 411, 175, 430, 33, 393, 42, 449, 160, 395, 218, 119, 329, 254, 72, 265, 70, 408, 75, 368, 242, 387, 316, 225, 400, 253, 202, 397, 196, 297, 199, 341, 24, 472, 211, 153, 422, 333, 350, 117, 295, 335, 361, 249, 234, 336, 96, 434, 36, 210, 14, 261, 212, 92, 66, 283, 296, 369, 100, 346, 359, 43, 453, 74, 351, 304, 466, 164, 423, 73, 388, 17, 120, 181, 470, 15, 52, 334, 11, 174, 91, 338, 130, 44, 124, 277, 464, 185, 287, 398, 307, 206, 419, 189, 5, 201, 2, 458, 327, 325, 319, 291, 446, 290, 463, 299, 302, 405, 28, 331, 313, 276, 441, 274, 84, 78, 167, 343, 281, 247, 16, 471, 286, 169, 416, 332, 294, 407, 147, 255, 110, 257, 425, 62, 317, 80, 25, 64, 26, 372, 245, 197]
index list energy: 28980269.533124816
Done


program ended at: 2020-04-06 17:31:31.924326 
 time delta: 18:35:39.182308
