## SLURM PROLOG ###############################################################
##    Job ID : 12006061
##  Job Name : new_and_improved?
##  Nodelist : node1117
##      CPUs : 1
##  Mem/Node : 1024 MB
## Directory : /gpfs/data/nfawzi/skale/Fawzi_pycharm_project
##   Started : Mon Apr  6 13:09:30 EDT 2020
###############################################################################
program started at:2020-04-06 13:09:31.043128
iterations: 72000000 temp: 1000000.0 exponent: 0.9 eif: 300.0
time taken (sec): 38307.70940589905
number of iterations: 72000000
final temperature: 159.26791088519815
og index list: [192, 171, 295, 381, 441, 109, 207, 79, 185, 128, 176, 469, 56, 215, 101, 96, 396, 253, 77, 46, 389, 380, 132, 160, 365, 341, 240, 166, 21, 412, 457, 162, 353, 52, 20, 318, 274, 213, 364, 44, 193, 227, 78, 357, 462, 382, 321, 271, 73, 416, 467, 376, 178, 202, 330, 165, 320, 179, 181, 426, 19, 399, 466, 267, 49, 71, 108, 141, 260, 472, 134, 32, 392, 473, 50, 29, 54, 148, 342, 305, 369, 106, 244, 277, 221, 45, 436, 276, 445, 268, 210, 196, 336, 217, 411, 329, 114, 366, 169, 242, 316, 238, 385, 447, 130, 26, 103, 420, 36, 87, 461, 64, 144, 259, 100, 326, 198, 156, 378, 218, 256, 11, 68, 361, 1, 325, 39, 194, 13, 406, 293, 352, 137, 448, 355, 446, 17, 249, 289, 3, 63, 327, 40, 126, 297, 397, 177, 135, 47, 335, 90, 102, 70, 370, 423, 23, 60, 0, 155, 266, 363, 27, 7, 200, 429, 367, 414, 272, 460, 15, 334, 410, 204, 241, 314, 351, 400, 302, 175, 122, 300, 31, 206, 152, 189, 347, 51, 123, 107, 211, 161, 408, 444, 428, 53, 250, 18, 315, 247, 425, 257, 283, 9, 230, 75, 346, 92, 157, 450, 383, 199, 208, 236, 328, 360, 432, 284, 291, 97, 417, 439, 91, 182, 254, 183, 116, 288, 180, 220, 331, 433, 358, 243, 233, 223, 195, 216, 170, 251, 470, 402, 384, 454, 350, 4, 225, 138, 187, 359, 158, 222, 375, 464, 343, 154, 303, 440, 442, 313, 438, 10, 25, 127, 33, 404, 373, 41, 111, 43, 14, 456, 99, 237, 35, 349, 57, 151, 224, 84, 294, 205, 125, 252, 28, 12, 86, 299, 285, 229, 463, 197, 246, 24, 372, 332, 286, 112, 219, 119, 403, 278, 340, 309, 281, 421, 265, 443, 458, 409, 190, 168, 427, 214, 140, 419, 245, 164, 173, 82, 393, 42, 356, 449, 113, 118, 174, 22, 453, 85, 145, 431, 282, 94, 34, 430, 398, 287, 172, 451, 226, 437, 418, 62, 105, 344, 115, 368, 235, 362, 142, 136, 5, 422, 434, 377, 323, 88, 203, 234, 248, 74, 292, 307, 338, 163, 317, 104, 319, 348, 371, 324, 386, 201, 191, 66, 150, 239, 413, 167, 139, 304, 424, 110, 117, 337, 30, 263, 143, 81, 98, 290, 147, 76, 58, 306, 8, 188, 6, 131, 95, 275, 301, 270, 280, 83, 391, 146, 311, 261, 133, 89, 149, 308, 401, 255, 468, 209, 258, 354, 67, 415, 269, 129, 186, 264, 37, 262, 232, 48, 310, 184, 455, 435, 80, 471, 405, 387, 379, 452, 459, 279, 59, 120, 394, 345, 312, 296, 388, 231, 61, 339, 322, 159, 212, 228, 72, 273, 2, 16, 121, 407, 465, 55, 333, 38, 374, 65, 124, 153, 298, 93, 69, 390, 395]
og index list energy: 248544102.53641102
index list: [254, 153, 426, 292, 384, 314, 120, 312, 451, 115, 218, 220, 151, 278, 311, 313, 401, 106, 134, 352, 93, 349, 310, 141, 391, 205, 245, 152, 441, 281, 216, 75, 450, 84, 454, 324, 129, 157, 444, 181, 258, 24, 176, 455, 263, 34, 238, 46, 407, 156, 396, 130, 32, 2, 439, 209, 5, 252, 203, 387, 159, 275, 1, 214, 327, 289, 246, 107, 177, 283, 53, 122, 282, 23, 430, 326, 403, 266, 343, 179, 346, 73, 86, 88, 155, 148, 344, 43, 393, 229, 351, 248, 394, 332, 178, 276, 298, 132, 429, 136, 376, 7, 440, 33, 445, 202, 465, 302, 464, 251, 462, 309, 183, 316, 385, 135, 61, 447, 63, 241, 457, 44, 234, 341, 306, 244, 360, 330, 70, 147, 257, 366, 103, 295, 22, 97, 398, 54, 350, 262, 41, 288, 416, 105, 422, 89, 433, 25, 226, 353, 331, 140, 436, 273, 456, 49, 435, 301, 460, 339, 109, 269, 285, 112, 51, 217, 372, 87, 471, 29, 204, 110, 94, 373, 0, 30, 361, 186, 404, 268, 458, 79, 448, 113, 117, 347, 267, 466, 3, 386, 4, 190, 37, 191, 10, 265, 185, 222, 328, 72, 411, 65, 52, 382, 199, 371, 247, 171, 210, 193, 20, 342, 213, 406, 293, 446, 197, 194, 118, 261, 236, 290, 368, 98, 461, 321, 319, 348, 165, 362, 264, 423, 55, 359, 260, 280, 367, 95, 334, 243, 405, 66, 299, 180, 338, 223, 345, 102, 420, 279, 472, 18, 237, 364, 158, 431, 291, 38, 467, 116, 357, 9, 297, 142, 108, 286, 71, 271, 358, 35, 12, 64, 335, 239, 39, 418, 21, 78, 201, 259, 211, 390, 19, 415, 208, 162, 60, 419, 250, 189, 410, 195, 198, 235, 119, 323, 101, 160, 449, 149, 369, 11, 470, 133, 123, 13, 356, 318, 76, 425, 50, 307, 85, 174, 99, 442, 320, 325, 207, 200, 375, 206, 196, 377, 188, 414, 28, 219, 370, 138, 355, 182, 14, 424, 146, 256, 111, 317, 139, 128, 468, 296, 228, 77, 284, 15, 434, 274, 154, 303, 192, 397, 242, 412, 6, 62, 395, 253, 27, 187, 215, 287, 172, 81, 340, 59, 388, 68, 400, 145, 82, 114, 126, 231, 137, 92, 83, 167, 47, 365, 169, 374, 90, 463, 100, 69, 469, 277, 473, 161, 443, 294, 379, 164, 383, 16, 427, 221, 381, 42, 166, 125, 124, 233, 48, 308, 255, 389, 333, 170, 26, 437, 249, 421, 304, 402, 36, 336, 399, 45, 363, 8, 184, 96, 408, 212, 305, 173, 224, 150, 175, 417, 80, 58, 392, 225, 315, 104, 230, 354, 168, 378, 240, 438, 67, 432, 144, 143, 57, 413, 127, 453, 227, 428, 74, 459, 121, 232, 17, 322, 300, 163, 337, 40, 270, 452, 31, 329, 272, 380, 91, 409, 131, 56]
index list energy: 28651911.69854018
Done


program ended at: 2020-04-06 23:47:59.118638 
 time delta: 10:38:28.075510
