## SLURM PROLOG ###############################################################
##    Job ID : 11946059
##  Job Name : new_and_improved?
##  Nodelist : node1620
##      CPUs : 1
##  Mem/Node : 1024 MB
## Directory : /gpfs/data/nfawzi/skale/Fawzi_pycharm_project
##   Started : Sun Apr  5 22:55:53 EDT 2020
###############################################################################
program started at:2020-04-05 22:55:54.144477
iterations: 72000000 temp: 1000000.0 exponent: 0.9 eif: 300.0
time taken (sec): 61129.88251829147
number of iterations: 72000000
final temperature: 159.26791088519815
og index list: [171, 285, 17, 349, 99, 84, 102, 415, 266, 86, 317, 119, 297, 275, 265, 181, 293, 448, 473, 72, 438, 199, 405, 374, 336, 38, 103, 471, 332, 299, 200, 190, 170, 235, 149, 197, 161, 28, 447, 376, 375, 68, 342, 118, 52, 4, 418, 467, 450, 311, 49, 395, 358, 222, 350, 298, 468, 365, 89, 461, 463, 8, 454, 362, 421, 279, 296, 203, 426, 188, 291, 305, 404, 104, 378, 247, 169, 193, 210, 334, 455, 260, 372, 105, 61, 462, 304, 343, 414, 470, 261, 81, 356, 32, 357, 329, 70, 244, 137, 456, 42, 87, 254, 130, 25, 58, 459, 360, 379, 30, 153, 180, 308, 131, 306, 259, 403, 9, 385, 452, 47, 238, 440, 138, 465, 132, 286, 123, 183, 361, 283, 19, 22, 168, 51, 270, 432, 428, 233, 21, 151, 80, 289, 128, 135, 139, 186, 74, 383, 469, 284, 7, 320, 40, 221, 368, 20, 133, 387, 216, 214, 412, 257, 12, 75, 204, 18, 155, 33, 255, 115, 88, 178, 227, 396, 166, 352, 230, 323, 439, 92, 446, 314, 416, 55, 208, 243, 263, 282, 272, 444, 420, 62, 290, 430, 382, 97, 364, 321, 392, 381, 333, 443, 79, 185, 211, 302, 295, 36, 136, 116, 44, 27, 67, 205, 37, 273, 319, 106, 464, 147, 157, 424, 6, 277, 3, 250, 145, 267, 337, 400, 187, 239, 431, 158, 163, 253, 434, 59, 353, 252, 1, 315, 5, 433, 100, 76, 386, 184, 113, 390, 355, 53, 13, 64, 413, 410, 366, 251, 281, 66, 411, 110, 45, 268, 338, 162, 69, 340, 449, 57, 300, 397, 280, 436, 223, 217, 143, 288, 83, 29, 124, 417, 262, 126, 201, 218, 93, 107, 407, 215, 140, 229, 206, 326, 207, 301, 278, 354, 242, 78, 249, 127, 309, 159, 213, 46, 54, 232, 101, 175, 224, 348, 292, 35, 322, 225, 316, 328, 120, 16, 176, 144, 65, 393, 442, 248, 451, 457, 429, 191, 367, 234, 398, 39, 196, 189, 363, 389, 109, 408, 50, 125, 274, 2, 98, 198, 134, 287, 156, 231, 269, 441, 15, 34, 330, 182, 437, 276, 95, 312, 453, 148, 160, 202, 146, 327, 23, 173, 24, 150, 240, 271, 423, 209, 174, 73, 10, 241, 165, 85, 380, 294, 425, 91, 351, 324, 141, 419, 82, 112, 346, 154, 318, 256, 111, 371, 391, 129, 220, 406, 388, 177, 344, 71, 435, 219, 14, 90, 172, 56, 335, 394, 0, 63, 114, 422, 331, 359, 228, 121, 347, 445, 122, 236, 313, 226, 108, 237, 245, 458, 43, 370, 94, 341, 401, 307, 192, 195, 26, 152, 369, 142, 117, 460, 31, 373, 246, 11, 466, 472, 339, 310, 164, 77, 409, 96, 48, 194, 377, 41, 212, 427, 258, 399, 264, 402, 167, 325, 345, 384, 60, 303, 179]
og index list energy: 258729240.19320807
index list: [216, 208, 452, 130, 290, 420, 44, 354, 263, 368, 23, 276, 329, 67, 392, 267, 470, 128, 84, 429, 15, 346, 336, 426, 6, 451, 202, 375, 285, 211, 299, 335, 472, 25, 406, 33, 145, 358, 190, 376, 314, 160, 340, 188, 235, 195, 37, 391, 99, 360, 325, 65, 297, 213, 449, 147, 295, 121, 180, 367, 42, 268, 347, 257, 471, 139, 59, 293, 416, 192, 1, 219, 122, 207, 140, 137, 424, 279, 387, 218, 101, 60, 283, 45, 252, 186, 234, 0, 350, 206, 200, 210, 197, 196, 402, 217, 398, 300, 262, 288, 34, 172, 226, 365, 141, 353, 40, 462, 250, 241, 337, 311, 146, 80, 9, 184, 154, 357, 95, 22, 419, 233, 173, 126, 110, 57, 378, 47, 156, 124, 142, 338, 165, 366, 109, 422, 61, 81, 330, 159, 331, 245, 292, 264, 379, 58, 400, 178, 383, 229, 443, 117, 305, 176, 181, 356, 316, 401, 164, 432, 238, 411, 38, 399, 70, 119, 170, 380, 10, 453, 35, 310, 246, 242, 303, 29, 409, 313, 382, 74, 442, 289, 468, 261, 277, 319, 125, 138, 412, 179, 317, 79, 93, 26, 298, 185, 458, 222, 108, 53, 450, 321, 439, 161, 17, 418, 274, 19, 448, 113, 86, 71, 78, 395, 318, 77, 214, 120, 212, 244, 408, 133, 123, 384, 237, 371, 294, 341, 100, 373, 225, 436, 41, 150, 320, 153, 55, 334, 175, 431, 158, 3, 435, 5, 438, 151, 473, 104, 352, 103, 351, 16, 223, 410, 72, 97, 18, 463, 149, 11, 174, 66, 284, 255, 324, 75, 342, 27, 339, 51, 437, 169, 349, 243, 308, 85, 191, 417, 69, 370, 224, 427, 116, 236, 21, 220, 259, 228, 132, 287, 444, 247, 62, 258, 20, 32, 322, 2, 386, 333, 4, 445, 115, 118, 13, 388, 52, 345, 189, 389, 194, 404, 7, 193, 260, 396, 209, 205, 434, 203, 306, 355, 88, 423, 106, 465, 63, 430, 296, 230, 454, 48, 372, 83, 459, 134, 148, 361, 91, 323, 73, 187, 239, 328, 24, 456, 111, 50, 265, 269, 46, 167, 377, 198, 215, 466, 286, 31, 8, 359, 171, 14, 256, 112, 253, 136, 461, 56, 374, 251, 405, 28, 407, 327, 249, 394, 12, 157, 413, 105, 344, 129, 281, 155, 457, 227, 390, 270, 348, 36, 204, 152, 433, 248, 455, 280, 364, 98, 441, 271, 168, 302, 425, 30, 76, 82, 469, 107, 144, 446, 312, 162, 166, 421, 94, 415, 143, 127, 467, 231, 135, 89, 278, 64, 254, 201, 272, 385, 87, 363, 326, 381, 309, 240, 307, 182, 304, 282, 54, 92, 199, 403, 43, 362, 163, 369, 332, 397, 266, 90, 414, 131, 291, 464, 177, 460, 221, 428, 49, 393, 96, 343, 102, 232, 39, 183, 273, 315, 68, 114, 447, 301, 440, 275]
index list energy: 27326098.541257493
Done


program ended at: 2020-04-06 15:54:44.406017 
 time delta: 16:58:50.261540
