## SLURM PROLOG ###############################################################
##    Job ID : 11946050
##  Job Name : new_and_improved?
##  Nodelist : node1620
##      CPUs : 1
##  Mem/Node : 1024 MB
## Directory : /gpfs/data/nfawzi/skale/Fawzi_pycharm_project
##   Started : Sun Apr  5 22:55:51 EDT 2020
###############################################################################
program started at:2020-04-05 22:55:51.973612
iterations: 72000000 temp: 1000000.0 exponent: 0.9 eif: 300.0
time taken (sec): 64193.870894908905
number of iterations: 72000000
final temperature: 159.26791088519815
og index list: [229, 240, 154, 270, 132, 406, 184, 79, 462, 252, 300, 181, 454, 37, 71, 426, 46, 298, 103, 320, 445, 171, 222, 82, 147, 267, 123, 203, 173, 452, 49, 288, 189, 128, 457, 439, 201, 163, 62, 438, 39, 69, 93, 244, 85, 258, 378, 131, 232, 75, 392, 366, 263, 280, 415, 101, 145, 329, 395, 142, 248, 45, 301, 250, 3, 59, 207, 169, 58, 256, 342, 324, 31, 157, 141, 469, 372, 72, 434, 436, 453, 88, 254, 278, 472, 367, 344, 20, 43, 375, 275, 276, 117, 339, 317, 348, 284, 318, 433, 448, 26, 133, 333, 303, 394, 167, 323, 253, 32, 451, 200, 138, 122, 405, 66, 204, 218, 358, 219, 314, 98, 146, 95, 176, 107, 291, 84, 195, 230, 402, 237, 92, 153, 441, 83, 306, 309, 223, 231, 47, 166, 429, 331, 412, 350, 382, 136, 383, 21, 391, 470, 409, 48, 14, 401, 269, 338, 126, 424, 196, 135, 192, 265, 90, 321, 247, 215, 456, 310, 22, 326, 23, 374, 52, 190, 290, 260, 183, 143, 224, 400, 81, 206, 148, 281, 68, 225, 106, 233, 55, 97, 295, 119, 67, 6, 403, 360, 427, 99, 214, 164, 130, 255, 213, 262, 108, 242, 87, 440, 175, 241, 341, 51, 127, 299, 332, 185, 379, 386, 140, 381, 347, 4, 428, 465, 19, 10, 354, 220, 431, 420, 155, 356, 471, 388, 63, 137, 466, 73, 369, 221, 238, 191, 100, 322, 397, 9, 17, 239, 266, 96, 390, 44, 444, 458, 305, 246, 450, 105, 417, 168, 319, 334, 50, 54, 198, 116, 40, 287, 261, 125, 376, 158, 410, 351, 61, 228, 363, 114, 129, 467, 422, 102, 461, 468, 413, 447, 15, 404, 398, 460, 330, 328, 368, 212, 64, 77, 89, 251, 442, 243, 249, 197, 216, 111, 393, 235, 336, 104, 384, 432, 419, 308, 286, 199, 399, 273, 134, 311, 211, 430, 292, 464, 361, 271, 418, 316, 377, 446, 282, 337, 174, 227, 193, 186, 29, 389, 226, 110, 12, 36, 74, 463, 259, 307, 421, 53, 118, 435, 91, 162, 120, 38, 16, 362, 315, 274, 170, 352, 355, 182, 34, 113, 293, 264, 455, 180, 302, 257, 335, 65, 7, 373, 150, 408, 353, 285, 160, 152, 277, 80, 209, 380, 56, 0, 121, 194, 325, 245, 165, 297, 304, 149, 283, 423, 124, 407, 18, 449, 208, 42, 179, 340, 139, 27, 70, 159, 346, 385, 289, 236, 24, 13, 370, 343, 28, 115, 1, 8, 234, 109, 2, 349, 151, 5, 217, 313, 365, 161, 35, 437, 78, 364, 396, 387, 25, 473, 172, 327, 459, 41, 94, 86, 416, 30, 144, 411, 210, 272, 11, 188, 76, 177, 357, 33, 57, 268, 345, 202, 178, 425, 205, 359, 187, 296, 371, 112, 294, 60, 443, 312, 156, 414, 279]
og index list energy: 221686973.1939622
index list: [172, 300, 419, 185, 150, 119, 66, 25, 333, 265, 274, 404, 95, 374, 270, 268, 246, 335, 162, 260, 305, 252, 158, 40, 415, 91, 241, 373, 226, 388, 221, 472, 307, 33, 365, 145, 13, 354, 120, 46, 218, 121, 295, 322, 325, 308, 199, 200, 190, 209, 45, 284, 128, 393, 309, 167, 135, 347, 142, 440, 321, 247, 84, 422, 206, 122, 207, 250, 59, 289, 377, 285, 81, 134, 471, 254, 245, 139, 431, 229, 86, 63, 341, 217, 349, 240, 323, 87, 443, 234, 368, 264, 340, 141, 430, 5, 387, 187, 317, 68, 151, 461, 123, 258, 161, 423, 211, 192, 468, 22, 381, 263, 375, 314, 330, 220, 83, 298, 312, 82, 155, 426, 292, 67, 34, 318, 281, 78, 376, 180, 213, 409, 116, 390, 17, 228, 283, 275, 391, 164, 465, 277, 329, 225, 455, 43, 408, 100, 406, 332, 355, 178, 441, 73, 90, 114, 362, 61, 118, 88, 378, 173, 383, 294, 447, 109, 297, 53, 299, 233, 293, 303, 35, 15, 457, 129, 398, 132, 421, 291, 361, 186, 395, 144, 55, 397, 137, 380, 195, 198, 466, 243, 389, 93, 126, 216, 262, 222, 171, 10, 467, 4, 364, 160, 138, 338, 98, 21, 19, 177, 1, 459, 7, 444, 107, 149, 442, 105, 369, 271, 267, 403, 28, 418, 202, 276, 434, 189, 194, 462, 197, 438, 48, 386, 133, 16, 453, 168, 451, 29, 433, 24, 176, 424, 251, 97, 326, 405, 102, 382, 131, 230, 183, 266, 345, 47, 236, 255, 392, 336, 253, 30, 174, 27, 449, 57, 12, 104, 416, 208, 58, 402, 3, 411, 8, 399, 111, 235, 79, 64, 14, 261, 439, 153, 278, 227, 76, 75, 101, 238, 470, 0, 256, 85, 106, 407, 304, 357, 60, 463, 89, 450, 147, 249, 181, 328, 11, 287, 259, 124, 257, 156, 448, 210, 152, 412, 117, 360, 182, 96, 427, 163, 215, 201, 331, 310, 288, 282, 159, 56, 352, 327, 110, 244, 356, 65, 239, 157, 401, 272, 212, 146, 31, 204, 69, 413, 296, 242, 92, 324, 269, 50, 456, 125, 41, 367, 169, 454, 20, 363, 191, 203, 339, 2, 346, 205, 420, 313, 436, 39, 452, 71, 396, 224, 400, 290, 140, 170, 350, 175, 366, 113, 458, 188, 193, 136, 464, 32, 334, 38, 425, 165, 342, 306, 435, 280, 37, 428, 9, 353, 337, 196, 359, 184, 36, 437, 62, 343, 6, 446, 26, 99, 214, 344, 23, 379, 219, 77, 108, 311, 52, 42, 417, 273, 232, 72, 429, 49, 370, 231, 112, 44, 179, 148, 414, 94, 384, 371, 18, 237, 432, 130, 74, 348, 320, 279, 315, 223, 445, 115, 394, 80, 54, 473, 286, 385, 248, 154, 358, 316, 460, 166, 410, 70, 319, 127, 103, 351, 51, 143, 372, 301, 469, 302]
index list energy: 26368883.117737554
Done


program ended at: 2020-04-06 16:45:46.187883 
 time delta: 17:49:54.214271
