## SLURM PROLOG ###############################################################
##    Job ID : 12005696
##  Job Name : new_and_improved?
##  Nodelist : node1127
##      CPUs : 1
##  Mem/Node : 1024 MB
## Directory : /gpfs/data/nfawzi/skale/Fawzi_pycharm_project
##   Started : Mon Apr  6 12:48:01 EDT 2020
###############################################################################
program started at:2020-04-06 12:48:01.850035
iterations: 72000000 temp: 1000000.0 exponent: 0.9 eif: 300.0
time taken (sec): 43340.50436091423
number of iterations: 72000000
final temperature: 159.26791088519815
og index list: [329, 186, 326, 10, 242, 470, 161, 412, 281, 436, 149, 262, 57, 437, 287, 250, 306, 363, 235, 407, 187, 2, 454, 382, 234, 147, 356, 86, 378, 8, 4, 404, 265, 124, 6, 13, 264, 97, 92, 330, 40, 11, 282, 252, 408, 336, 237, 70, 383, 413, 62, 249, 399, 283, 50, 269, 116, 170, 91, 203, 38, 288, 321, 439, 184, 135, 291, 111, 48, 181, 424, 325, 462, 328, 469, 82, 429, 428, 240, 25, 87, 207, 180, 473, 455, 403, 96, 208, 254, 271, 104, 396, 276, 420, 351, 441, 225, 216, 46, 275, 195, 129, 22, 243, 78, 268, 461, 27, 443, 37, 101, 109, 169, 80, 289, 134, 146, 42, 35, 63, 337, 182, 131, 114, 214, 335, 353, 19, 320, 467, 398, 444, 298, 152, 141, 440, 236, 384, 251, 79, 362, 360, 472, 355, 359, 358, 294, 223, 173, 213, 200, 153, 121, 387, 127, 302, 274, 9, 270, 409, 349, 47, 346, 64, 217, 119, 315, 136, 277, 106, 431, 228, 449, 74, 34, 338, 327, 154, 66, 190, 18, 369, 73, 39, 300, 215, 77, 220, 259, 402, 105, 323, 233, 206, 241, 448, 333, 278, 212, 433, 247, 370, 107, 417, 375, 24, 464, 61, 381, 20, 36, 284, 93, 84, 49, 379, 322, 456, 171, 244, 26, 193, 167, 81, 354, 239, 293, 72, 373, 150, 139, 463, 33, 468, 231, 120, 339, 151, 204, 95, 56, 316, 178, 366, 238, 110, 350, 155, 371, 364, 123, 435, 246, 286, 176, 90, 164, 54, 430, 256, 305, 142, 15, 125, 447, 248, 318, 163, 44, 304, 272, 386, 148, 222, 310, 340, 168, 261, 166, 145, 192, 88, 112, 191, 292, 210, 385, 219, 308, 418, 179, 174, 76, 446, 450, 32, 211, 137, 229, 118, 85, 267, 30, 297, 188, 416, 394, 165, 177, 401, 319, 312, 460, 313, 224, 132, 12, 45, 226, 395, 345, 314, 67, 157, 221, 367, 115, 128, 348, 388, 29, 451, 17, 414, 23, 31, 255, 309, 465, 466, 55, 130, 343, 126, 427, 196, 303, 103, 266, 434, 317, 445, 280, 138, 201, 60, 65, 405, 263, 185, 100, 94, 75, 198, 331, 133, 422, 227, 393, 374, 334, 471, 372, 156, 285, 194, 426, 43, 365, 197, 299, 175, 258, 392, 41, 189, 453, 376, 232, 406, 452, 390, 69, 341, 377, 432, 160, 7, 347, 296, 342, 159, 102, 301, 311, 458, 410, 415, 457, 357, 108, 89, 389, 397, 21, 295, 307, 391, 113, 380, 140, 352, 209, 172, 158, 425, 52, 53, 98, 83, 117, 230, 59, 423, 183, 16, 332, 202, 368, 58, 205, 361, 273, 257, 3, 290, 1, 162, 344, 199, 28, 218, 143, 324, 400, 144, 411, 122, 0, 260, 99, 419, 68, 245, 421, 14, 51, 459, 442, 253, 5, 71, 279, 438]
og index list energy: 219398154.91858035
index list: [120, 18, 283, 27, 435, 187, 256, 177, 328, 301, 122, 437, 332, 156, 359, 240, 420, 73, 21, 363, 149, 440, 13, 345, 48, 116, 460, 128, 395, 320, 324, 84, 288, 423, 23, 231, 144, 468, 22, 329, 55, 82, 362, 96, 129, 162, 449, 281, 376, 266, 360, 172, 121, 154, 86, 88, 418, 110, 216, 38, 102, 275, 381, 107, 189, 246, 106, 68, 398, 219, 56, 15, 438, 36, 228, 311, 41, 407, 65, 305, 77, 404, 74, 286, 255, 268, 308, 230, 272, 392, 40, 457, 336, 37, 388, 194, 188, 391, 261, 452, 249, 183, 335, 462, 274, 130, 415, 180, 401, 152, 414, 220, 229, 371, 270, 239, 157, 455, 79, 134, 463, 115, 57, 366, 70, 348, 233, 71, 421, 112, 165, 342, 221, 400, 98, 223, 434, 53, 347, 294, 370, 316, 443, 104, 379, 58, 473, 117, 410, 210, 199, 207, 197, 200, 4, 361, 5, 97, 353, 100, 450, 202, 448, 225, 297, 8, 375, 14, 378, 39, 287, 403, 30, 217, 118, 60, 397, 291, 412, 280, 422, 132, 402, 99, 338, 17, 6, 242, 373, 131, 136, 465, 62, 303, 212, 258, 232, 257, 33, 306, 469, 206, 445, 28, 466, 213, 377, 282, 49, 299, 111, 442, 181, 350, 12, 252, 237, 323, 245, 224, 313, 444, 163, 358, 314, 191, 190, 201, 3, 356, 243, 389, 309, 276, 108, 139, 383, 295, 135, 436, 126, 127, 241, 467, 7, 214, 208, 153, 0, 279, 1, 322, 43, 419, 59, 319, 171, 19, 344, 254, 192, 352, 80, 271, 167, 185, 278, 302, 285, 109, 234, 333, 399, 24, 334, 93, 427, 66, 406, 146, 340, 209, 182, 186, 92, 289, 168, 365, 91, 215, 64, 300, 141, 265, 321, 346, 31, 472, 205, 250, 85, 114, 364, 61, 428, 90, 244, 446, 159, 296, 145, 367, 47, 341, 81, 431, 50, 83, 411, 264, 430, 67, 307, 137, 293, 396, 222, 310, 413, 318, 327, 103, 176, 432, 259, 161, 351, 25, 218, 95, 89, 459, 269, 87, 155, 51, 175, 298, 227, 471, 32, 387, 193, 267, 20, 78, 170, 292, 429, 94, 315, 35, 304, 456, 326, 339, 164, 148, 368, 198, 196, 317, 195, 330, 235, 247, 72, 150, 158, 425, 253, 166, 337, 184, 119, 34, 211, 424, 101, 10, 408, 69, 426, 133, 238, 236, 290, 140, 433, 151, 173, 417, 42, 416, 160, 385, 11, 386, 113, 382, 26, 174, 325, 284, 9, 441, 105, 343, 226, 409, 262, 384, 260, 390, 45, 369, 63, 439, 143, 464, 125, 124, 52, 54, 470, 248, 354, 76, 380, 29, 454, 2, 123, 461, 277, 355, 178, 453, 331, 458, 273, 393, 138, 451, 16, 374, 263, 394, 203, 312, 251, 372, 46, 204, 75, 447, 147, 169, 349, 44, 357, 179, 405, 142]
index list energy: 30497335.70968036
Done


program ended at: 2020-04-07 00:50:22.722947 
 time delta: 12:02:20.872912
