## SLURM PROLOG ###############################################################
##    Job ID : 12005037
##  Job Name : new_and_improved?
##  Nodelist : node1106
##      CPUs : 1
##  Mem/Node : 1024 MB
## Directory : /gpfs/data/nfawzi/skale/Fawzi_pycharm_project
##   Started : Mon Apr  6 12:17:01 EDT 2020
###############################################################################
program started at:2020-04-06 12:17:01.968928
iterations: 72000000 temp: 1000000.0 exponent: 0.9 eif: 300.0
time taken (sec): 56518.47666168213
number of iterations: 72000000
final temperature: 159.26791088519815
og index list: [341, 320, 87, 433, 462, 259, 191, 14, 169, 241, 138, 164, 429, 15, 378, 183, 471, 45, 153, 27, 51, 439, 44, 103, 217, 430, 125, 389, 81, 328, 20, 223, 326, 363, 302, 352, 432, 56, 41, 240, 30, 425, 209, 451, 369, 301, 457, 360, 238, 380, 151, 313, 344, 400, 375, 22, 197, 412, 29, 417, 207, 230, 205, 346, 232, 251, 390, 410, 128, 55, 74, 413, 318, 214, 331, 406, 261, 388, 216, 10, 4, 414, 212, 308, 405, 182, 162, 255, 278, 409, 266, 93, 272, 327, 176, 264, 124, 385, 85, 437, 431, 157, 174, 198, 107, 113, 473, 88, 189, 142, 31, 165, 65, 177, 294, 265, 444, 447, 48, 144, 321, 50, 286, 7, 335, 359, 18, 61, 287, 267, 9, 288, 456, 17, 143, 109, 329, 245, 52, 115, 222, 339, 227, 460, 347, 67, 211, 37, 137, 94, 315, 449, 379, 193, 5, 306, 60, 311, 289, 324, 258, 262, 382, 237, 97, 221, 368, 170, 224, 11, 218, 333, 161, 184, 469, 173, 338, 131, 166, 252, 54, 464, 76, 296, 334, 235, 293, 297, 163, 428, 268, 215, 349, 19, 46, 411, 260, 89, 312, 280, 440, 453, 203, 40, 35, 373, 357, 120, 404, 200, 145, 199, 345, 195, 423, 69, 459, 470, 408, 314, 190, 186, 210, 220, 3, 435, 179, 84, 402, 101, 319, 33, 64, 247, 418, 26, 295, 446, 348, 126, 122, 187, 290, 116, 117, 367, 316, 80, 225, 279, 342, 108, 53, 91, 358, 304, 445, 383, 374, 185, 147, 159, 355, 156, 427, 136, 394, 62, 58, 397, 2, 139, 298, 421, 337, 194, 23, 127, 350, 249, 309, 434, 119, 284, 59, 391, 441, 381, 270, 250, 376, 141, 398, 110, 467, 129, 96, 325, 300, 168, 273, 392, 336, 32, 42, 1, 461, 121, 16, 25, 276, 353, 146, 307, 403, 49, 160, 135, 100, 275, 68, 436, 254, 317, 384, 243, 234, 463, 351, 6, 150, 57, 92, 407, 263, 343, 458, 229, 443, 72, 213, 0, 71, 66, 106, 202, 155, 82, 38, 401, 102, 13, 354, 148, 47, 154, 472, 77, 196, 78, 242, 192, 8, 395, 269, 132, 365, 356, 201, 448, 134, 422, 99, 370, 399, 454, 152, 419, 133, 123, 43, 70, 118, 204, 466, 231, 323, 98, 366, 281, 340, 364, 257, 140, 416, 420, 291, 228, 206, 233, 246, 415, 303, 386, 277, 256, 271, 75, 465, 292, 438, 248, 219, 332, 450, 393, 299, 244, 188, 361, 130, 12, 63, 468, 377, 330, 73, 79, 285, 39, 236, 455, 95, 362, 274, 36, 387, 171, 208, 239, 86, 310, 372, 322, 305, 426, 112, 149, 158, 83, 172, 226, 283, 167, 34, 111, 396, 442, 180, 24, 28, 452, 105, 90, 371, 253, 178, 104, 282, 114, 175, 181, 21, 424]
og index list energy: 241456548.51811522
index list: [55, 428, 84, 297, 156, 396, 135, 244, 39, 162, 281, 468, 274, 106, 122, 236, 57, 459, 94, 387, 98, 339, 306, 378, 101, 270, 345, 133, 384, 31, 253, 91, 359, 193, 3, 341, 309, 187, 343, 35, 183, 158, 450, 296, 66, 152, 435, 196, 419, 200, 458, 210, 333, 95, 461, 277, 245, 102, 365, 199, 206, 243, 204, 30, 184, 235, 325, 264, 284, 88, 230, 108, 119, 51, 405, 289, 350, 121, 308, 62, 446, 285, 65, 126, 255, 291, 303, 302, 77, 462, 175, 330, 103, 362, 7, 342, 19, 99, 399, 263, 358, 25, 366, 259, 401, 113, 257, 80, 14, 375, 192, 469, 8, 410, 326, 360, 168, 164, 373, 266, 146, 464, 202, 209, 335, 37, 385, 20, 171, 195, 190, 442, 267, 75, 422, 279, 466, 138, 369, 71, 340, 117, 371, 304, 338, 74, 403, 40, 456, 203, 426, 321, 319, 294, 451, 307, 197, 447, 188, 334, 212, 432, 161, 337, 250, 299, 177, 215, 155, 85, 256, 271, 324, 76, 172, 107, 372, 54, 367, 58, 433, 16, 355, 5, 4, 406, 219, 252, 173, 251, 105, 348, 36, 357, 32, 376, 227, 425, 174, 242, 404, 28, 471, 15, 214, 272, 380, 176, 207, 249, 356, 336, 393, 27, 420, 149, 364, 332, 444, 436, 53, 140, 114, 379, 42, 220, 311, 273, 408, 221, 288, 282, 41, 411, 22, 56, 438, 64, 93, 157, 354, 59, 414, 81, 34, 104, 351, 123, 424, 316, 460, 79, 293, 160, 67, 423, 275, 452, 130, 409, 72, 390, 115, 45, 402, 87, 233, 134, 265, 60, 397, 141, 392, 144, 136, 10, 381, 169, 440, 2, 430, 225, 344, 286, 443, 166, 125, 298, 132, 441, 205, 198, 287, 368, 143, 473, 131, 218, 254, 269, 139, 239, 224, 398, 180, 470, 68, 86, 11, 445, 21, 283, 182, 237, 89, 463, 247, 83, 82, 167, 465, 238, 69, 295, 49, 413, 151, 391, 142, 148, 417, 231, 328, 73, 467, 128, 322, 78, 453, 222, 310, 377, 181, 412, 147, 137, 232, 129, 278, 70, 61, 118, 217, 317, 109, 260, 421, 47, 353, 226, 347, 163, 327, 300, 23, 346, 13, 18, 437, 24, 159, 52, 276, 246, 223, 228, 46, 315, 38, 12, 374, 29, 48, 394, 111, 429, 17, 427, 216, 96, 323, 116, 382, 229, 320, 186, 170, 150, 454, 110, 261, 415, 6, 201, 211, 448, 189, 386, 312, 90, 258, 262, 400, 185, 472, 179, 191, 363, 194, 383, 9, 388, 178, 457, 314, 418, 301, 349, 100, 370, 165, 416, 331, 313, 352, 290, 431, 44, 280, 389, 241, 329, 240, 361, 33, 112, 208, 318, 26, 449, 292, 120, 268, 395, 153, 248, 1, 455, 0, 92, 127, 305, 63, 407, 50, 439, 145, 124, 213, 154, 97, 234, 434, 43]
index list energy: 28728405.723218214
Done


program ended at: 2020-04-07 03:59:00.834600 
 time delta: 15:41:58.865672
