## SLURM PROLOG ###############################################################
##    Job ID : 11945976
##  Job Name : new_and_improved?
##  Nodelist : node1144
##      CPUs : 1
##  Mem/Node : 1024 MB
## Directory : /gpfs/data/nfawzi/skale/Fawzi_pycharm_project
##   Started : Sun Apr  5 22:55:42 EDT 2020
###############################################################################
program started at:2020-04-05 22:55:44.943277
iterations: 72000000 temp: 1000000.0 exponent: 0.9 eif: 300.0
time taken (sec): 63011.89711165428
number of iterations: 72000000
final temperature: 159.26791088519815
og index list: [209, 163, 284, 89, 26, 378, 131, 443, 241, 30, 437, 101, 11, 31, 222, 326, 343, 282, 19, 5, 409, 167, 207, 408, 40, 229, 360, 466, 17, 117, 102, 314, 245, 137, 34, 259, 416, 8, 328, 100, 205, 133, 366, 265, 377, 396, 246, 232, 210, 231, 55, 430, 452, 27, 345, 422, 292, 384, 257, 251, 267, 122, 252, 108, 106, 10, 426, 188, 52, 176, 230, 0, 296, 47, 87, 283, 77, 239, 45, 204, 60, 336, 180, 369, 397, 153, 149, 238, 288, 349, 319, 254, 193, 203, 164, 341, 333, 441, 337, 264, 7, 262, 175, 84, 219, 44, 126, 399, 277, 302, 367, 78, 200, 281, 16, 96, 98, 114, 22, 420, 154, 273, 295, 38, 136, 213, 190, 240, 352, 28, 112, 4, 201, 453, 260, 129, 161, 321, 221, 63, 132, 143, 223, 402, 432, 79, 429, 386, 379, 465, 171, 274, 270, 414, 199, 322, 440, 382, 388, 123, 20, 107, 268, 211, 247, 306, 56, 35, 339, 105, 99, 25, 312, 146, 380, 83, 195, 206, 387, 236, 276, 290, 111, 2, 179, 357, 214, 76, 363, 24, 144, 294, 359, 82, 362, 331, 323, 157, 253, 227, 70, 450, 72, 140, 464, 218, 91, 170, 120, 169, 330, 110, 127, 318, 139, 355, 419, 6, 97, 439, 332, 119, 75, 118, 233, 18, 421, 148, 156, 304, 293, 43, 235, 401, 351, 162, 446, 400, 67, 1, 42, 459, 447, 412, 372, 147, 436, 303, 309, 424, 208, 32, 215, 177, 406, 392, 194, 54, 109, 462, 472, 173, 93, 448, 234, 338, 280, 202, 9, 160, 364, 327, 456, 316, 37, 62, 310, 311, 121, 353, 13, 103, 463, 138, 358, 196, 66, 244, 49, 300, 301, 159, 36, 220, 391, 94, 71, 51, 39, 182, 340, 258, 224, 350, 165, 373, 365, 460, 181, 187, 174, 407, 417, 457, 225, 64, 81, 468, 320, 95, 59, 307, 423, 297, 124, 299, 104, 69, 41, 142, 467, 334, 428, 442, 113, 249, 342, 197, 150, 183, 305, 434, 375, 461, 356, 455, 58, 21, 86, 168, 344, 12, 135, 454, 451, 469, 68, 178, 242, 248, 255, 61, 90, 431, 371, 155, 403, 374, 151, 315, 298, 158, 145, 394, 46, 14, 198, 361, 237, 53, 65, 473, 48, 285, 329, 385, 376, 413, 444, 115, 92, 418, 263, 269, 425, 189, 228, 335, 404, 141, 33, 74, 185, 308, 278, 286, 57, 88, 23, 166, 325, 134, 415, 191, 433, 152, 271, 347, 289, 73, 212, 172, 116, 15, 184, 313, 291, 346, 85, 80, 272, 405, 266, 435, 317, 368, 243, 128, 445, 226, 279, 398, 324, 390, 3, 275, 216, 438, 348, 125, 393, 192, 449, 395, 217, 130, 411, 381, 186, 354, 370, 383, 29, 458, 261, 471, 470, 287, 250, 389, 410, 50, 256, 427]
og index list energy: 301547553.2506813
index list: [250, 243, 443, 19, 288, 187, 470, 45, 315, 158, 422, 156, 339, 247, 77, 236, 17, 468, 175, 341, 100, 385, 277, 40, 469, 4, 5, 48, 52, 431, 171, 7, 71, 234, 191, 253, 193, 95, 369, 2, 232, 267, 345, 12, 377, 27, 139, 60, 201, 293, 32, 322, 131, 116, 444, 105, 383, 270, 411, 251, 381, 208, 43, 466, 119, 319, 296, 130, 467, 333, 53, 228, 452, 254, 121, 126, 299, 222, 310, 378, 302, 167, 62, 11, 400, 89, 342, 230, 248, 365, 67, 426, 90, 465, 117, 399, 144, 181, 425, 182, 21, 25, 388, 242, 305, 123, 340, 166, 402, 87, 394, 50, 427, 125, 237, 456, 213, 458, 330, 88, 128, 374, 269, 198, 338, 225, 421, 295, 152, 395, 331, 141, 453, 165, 97, 362, 304, 81, 410, 290, 409, 221, 440, 179, 432, 186, 437, 163, 349, 197, 371, 36, 404, 219, 174, 273, 159, 80, 307, 157, 284, 195, 205, 308, 272, 239, 64, 151, 415, 216, 289, 14, 433, 22, 79, 149, 359, 280, 462, 275, 352, 240, 348, 321, 438, 306, 256, 132, 34, 209, 168, 320, 46, 455, 103, 360, 336, 450, 16, 51, 408, 59, 358, 233, 0, 106, 215, 392, 318, 38, 66, 108, 311, 136, 473, 199, 356, 300, 372, 260, 54, 384, 266, 414, 102, 350, 104, 413, 61, 162, 190, 189, 37, 376, 194, 235, 84, 357, 23, 412, 210, 196, 420, 74, 297, 73, 445, 135, 361, 65, 435, 138, 326, 271, 451, 3, 354, 211, 459, 325, 434, 200, 188, 207, 442, 69, 265, 101, 261, 218, 35, 184, 255, 185, 85, 214, 146, 334, 33, 329, 20, 429, 316, 419, 9, 436, 76, 337, 328, 286, 224, 1, 58, 246, 57, 430, 75, 257, 122, 389, 26, 176, 317, 29, 283, 68, 379, 13, 460, 111, 134, 114, 416, 107, 30, 464, 98, 263, 373, 154, 380, 229, 183, 227, 6, 343, 301, 457, 113, 313, 397, 145, 258, 24, 405, 223, 303, 312, 112, 241, 446, 309, 78, 287, 278, 41, 109, 124, 147, 220, 161, 461, 324, 10, 298, 212, 252, 110, 180, 368, 93, 367, 49, 327, 133, 448, 366, 56, 164, 363, 31, 447, 91, 347, 202, 206, 170, 249, 177, 401, 172, 160, 355, 292, 335, 351, 226, 344, 274, 386, 294, 314, 391, 245, 142, 282, 364, 47, 92, 72, 387, 281, 8, 204, 99, 120, 28, 15, 259, 118, 192, 417, 279, 439, 70, 276, 424, 39, 155, 323, 262, 449, 129, 390, 94, 82, 406, 264, 370, 231, 143, 346, 173, 148, 238, 375, 55, 407, 268, 353, 83, 382, 153, 441, 96, 393, 178, 423, 332, 398, 44, 396, 217, 428, 291, 403, 42, 454, 285, 137, 471, 115, 463, 127, 150, 140, 63, 86, 244, 418, 169, 472, 203, 18]
index list energy: 28057069.183225416
Done


program ended at: 2020-04-06 16:25:57.236033 
 time delta: 17:30:12.292756
