## SLURM PROLOG ###############################################################
##    Job ID : 11946005
##  Job Name : new_and_improved?
##  Nodelist : node1136
##      CPUs : 1
##  Mem/Node : 1024 MB
## Directory : /gpfs/data/nfawzi/skale/Fawzi_pycharm_project
##   Started : Sun Apr  5 22:55:50 EDT 2020
###############################################################################
program started at:2020-04-05 22:55:50.488619
iterations: 72000000 temp: 1000000.0 exponent: 0.9 eif: 300.0
time taken (sec): 49922.27476191521
number of iterations: 72000000
final temperature: 159.26791088519815
og index list: [277, 152, 300, 170, 458, 285, 233, 194, 70, 181, 416, 289, 122, 255, 303, 45, 446, 37, 220, 310, 191, 459, 428, 168, 6, 244, 32, 413, 99, 10, 27, 298, 34, 424, 456, 326, 436, 116, 44, 462, 382, 1, 312, 199, 201, 112, 260, 356, 378, 98, 367, 329, 473, 363, 126, 177, 414, 433, 232, 203, 72, 217, 365, 447, 405, 184, 400, 105, 69, 180, 110, 390, 51, 215, 385, 96, 366, 439, 280, 209, 169, 141, 46, 415, 422, 392, 166, 322, 97, 222, 131, 117, 95, 54, 307, 137, 179, 454, 349, 450, 296, 4, 345, 409, 230, 190, 134, 468, 104, 135, 66, 234, 130, 7, 149, 327, 128, 163, 243, 425, 464, 288, 467, 344, 13, 94, 151, 418, 290, 140, 68, 153, 411, 318, 342, 398, 55, 271, 102, 377, 403, 213, 60, 359, 395, 40, 148, 48, 28, 87, 33, 155, 275, 192, 129, 36, 52, 202, 238, 178, 59, 11, 250, 451, 455, 2, 229, 219, 358, 404, 30, 249, 282, 301, 372, 470, 239, 139, 419, 113, 343, 442, 317, 402, 460, 132, 338, 299, 14, 61, 115, 388, 440, 221, 291, 3, 26, 394, 330, 374, 193, 444, 123, 100, 472, 281, 43, 86, 187, 323, 272, 200, 39, 337, 262, 71, 84, 144, 445, 443, 114, 362, 305, 182, 333, 410, 218, 183, 259, 371, 311, 319, 17, 368, 242, 92, 214, 379, 264, 212, 73, 408, 205, 251, 188, 457, 254, 391, 15, 389, 64, 35, 437, 90, 432, 107, 89, 308, 421, 341, 207, 407, 53, 186, 185, 0, 101, 270, 20, 269, 235, 423, 158, 227, 258, 354, 357, 351, 348, 154, 380, 245, 50, 58, 79, 75, 266, 125, 171, 435, 466, 160, 176, 12, 267, 175, 65, 57, 147, 347, 195, 393, 273, 142, 315, 78, 430, 83, 339, 397, 274, 121, 279, 417, 265, 111, 67, 5, 441, 376, 145, 76, 401, 294, 9, 383, 208, 287, 248, 224, 350, 204, 361, 197, 161, 133, 41, 420, 22, 386, 85, 31, 302, 159, 469, 19, 103, 370, 434, 174, 353, 465, 412, 24, 91, 387, 316, 295, 23, 236, 136, 360, 314, 228, 240, 88, 109, 293, 352, 143, 297, 438, 286, 226, 278, 253, 292, 471, 396, 304, 231, 81, 325, 449, 452, 321, 49, 268, 252, 429, 346, 463, 82, 427, 150, 42, 448, 461, 399, 335, 431, 306, 320, 173, 63, 18, 189, 62, 138, 426, 47, 276, 334, 247, 196, 156, 261, 324, 225, 93, 16, 164, 381, 118, 106, 165, 284, 56, 172, 369, 364, 256, 21, 216, 331, 406, 336, 119, 373, 29, 283, 127, 124, 375, 241, 157, 223, 38, 206, 80, 77, 74, 257, 453, 263, 146, 328, 384, 162, 120, 237, 210, 309, 167, 108, 340, 246, 25, 198, 355, 313, 332, 211, 8]
og index list energy: 280478622.07982993
index list: [64, 243, 418, 181, 254, 123, 323, 255, 328, 93, 304, 430, 52, 226, 452, 208, 342, 253, 177, 424, 178, 417, 31, 447, 174, 270, 141, 348, 71, 378, 238, 363, 261, 212, 298, 163, 187, 214, 44, 383, 314, 49, 382, 50, 399, 88, 362, 146, 39, 319, 404, 330, 85, 137, 413, 42, 446, 320, 131, 224, 374, 291, 327, 318, 227, 336, 265, 76, 397, 325, 1, 389, 8, 32, 353, 40, 334, 196, 206, 200, 444, 176, 386, 113, 215, 235, 147, 313, 37, 402, 202, 234, 267, 398, 316, 356, 119, 216, 156, 410, 128, 307, 259, 464, 112, 110, 10, 454, 145, 406, 121, 415, 142, 294, 317, 109, 354, 251, 204, 28, 366, 189, 455, 197, 431, 190, 250, 277, 379, 68, 122, 220, 179, 394, 237, 116, 388, 275, 439, 264, 358, 290, 442, 321, 461, 54, 305, 436, 195, 434, 3, 376, 301, 73, 423, 67, 451, 48, 465, 78, 381, 94, 98, 278, 60, 284, 300, 185, 311, 20, 252, 107, 286, 84, 140, 21, 407, 74, 391, 53, 396, 240, 470, 221, 449, 106, 162, 269, 24, 448, 126, 17, 338, 89, 293, 426, 157, 462, 29, 59, 34, 271, 347, 199, 201, 16, 422, 205, 365, 33, 249, 83, 134, 463, 263, 108, 139, 72, 343, 222, 153, 421, 339, 36, 340, 198, 411, 19, 9, 392, 229, 466, 248, 350, 62, 473, 26, 11, 355, 66, 369, 45, 315, 91, 233, 90, 144, 344, 115, 143, 345, 242, 79, 247, 310, 349, 138, 258, 375, 14, 184, 203, 182, 96, 403, 289, 337, 245, 272, 368, 335, 460, 127, 148, 81, 420, 180, 27, 380, 111, 441, 149, 303, 280, 438, 51, 207, 228, 30, 132, 183, 211, 193, 260, 232, 129, 69, 360, 46, 412, 332, 97, 151, 385, 41, 457, 306, 246, 164, 377, 160, 419, 7, 136, 276, 326, 435, 322, 133, 104, 405, 170, 395, 35, 239, 12, 219, 370, 175, 236, 100, 414, 154, 288, 65, 352, 47, 86, 217, 472, 281, 372, 274, 467, 75, 346, 244, 92, 279, 167, 63, 409, 61, 456, 95, 357, 309, 440, 135, 428, 273, 118, 266, 38, 429, 57, 283, 56, 102, 82, 155, 324, 296, 453, 312, 159, 87, 427, 166, 297, 125, 432, 225, 384, 333, 458, 173, 351, 103, 361, 292, 55, 393, 105, 433, 302, 341, 331, 262, 152, 390, 99, 445, 77, 295, 213, 256, 101, 287, 124, 161, 172, 210, 308, 218, 194, 425, 120, 5, 188, 367, 117, 171, 6, 15, 80, 285, 2, 443, 13, 408, 4, 371, 43, 359, 0, 437, 450, 230, 282, 257, 150, 58, 70, 469, 223, 329, 25, 400, 22, 459, 299, 268, 387, 186, 416, 168, 191, 209, 192, 468, 23, 373, 158, 231, 165, 114, 364, 130, 241, 471, 169, 401, 18]
index list energy: 29871518.186477162
Done


program ended at: 2020-04-06 12:47:53.149647 
 time delta: 13:52:02.661028
