## SLURM PROLOG ###############################################################
##    Job ID : 11945980
##  Job Name : new_and_improved?
##  Nodelist : node1163
##      CPUs : 1
##  Mem/Node : 1024 MB
## Directory : /gpfs/data/nfawzi/skale/Fawzi_pycharm_project
##   Started : Sun Apr  5 22:55:42 EDT 2020
###############################################################################
program started at:2020-04-05 22:55:44.949838
iterations: 72000000 temp: 1000000.0 exponent: 0.9 eif: 300.0
time taken (sec): 50419.805539131165
number of iterations: 72000000
final temperature: 159.26791088519815
og index list: [257, 1, 324, 309, 303, 26, 94, 125, 63, 19, 224, 414, 198, 164, 341, 244, 345, 104, 15, 60, 252, 409, 280, 354, 186, 389, 382, 248, 361, 183, 123, 333, 371, 399, 349, 311, 321, 316, 241, 342, 344, 452, 297, 305, 23, 351, 431, 18, 369, 292, 111, 5, 263, 386, 108, 388, 21, 261, 28, 269, 135, 205, 290, 67, 181, 57, 315, 231, 256, 401, 97, 32, 42, 70, 412, 187, 50, 100, 291, 362, 20, 365, 277, 114, 267, 14, 180, 137, 260, 251, 127, 52, 302, 336, 45, 246, 115, 146, 229, 466, 217, 284, 265, 106, 417, 132, 156, 105, 264, 84, 116, 188, 155, 457, 287, 390, 151, 379, 49, 329, 326, 9, 418, 276, 460, 334, 306, 472, 404, 454, 193, 43, 134, 124, 282, 410, 130, 226, 463, 317, 185, 384, 425, 266, 86, 376, 37, 147, 206, 38, 165, 228, 286, 293, 374, 278, 249, 438, 319, 331, 6, 285, 153, 372, 392, 93, 219, 301, 161, 247, 234, 380, 232, 200, 207, 368, 235, 250, 325, 322, 424, 340, 238, 68, 253, 182, 381, 101, 112, 255, 218, 120, 459, 157, 237, 129, 199, 102, 279, 405, 136, 223, 17, 230, 177, 313, 430, 190, 74, 195, 398, 82, 441, 233, 214, 423, 184, 40, 433, 377, 439, 109, 209, 175, 128, 346, 163, 103, 121, 8, 262, 330, 202, 323, 167, 81, 140, 48, 243, 353, 152, 30, 169, 171, 350, 61, 360, 204, 10, 133, 366, 273, 7, 79, 468, 385, 76, 254, 53, 131, 201, 411, 403, 420, 35, 158, 13, 242, 422, 41, 72, 95, 428, 328, 99, 90, 12, 65, 178, 298, 160, 270, 432, 179, 391, 91, 449, 327, 62, 139, 24, 338, 0, 122, 258, 168, 144, 150, 176, 450, 299, 64, 443, 314, 173, 437, 118, 442, 434, 225, 192, 373, 426, 406, 98, 39, 138, 332, 2, 462, 387, 268, 162, 208, 77, 455, 83, 31, 216, 435, 92, 458, 213, 220, 159, 87, 320, 222, 396, 143, 337, 148, 73, 335, 197, 166, 447, 397, 471, 364, 288, 215, 51, 88, 436, 357, 363, 47, 352, 56, 149, 289, 283, 413, 59, 236, 467, 29, 348, 259, 370, 189, 78, 240, 461, 415, 119, 339, 75, 448, 402, 36, 445, 22, 473, 367, 444, 378, 145, 113, 318, 456, 355, 80, 141, 358, 33, 271, 54, 196, 239, 395, 359, 312, 66, 446, 296, 142, 27, 172, 3, 464, 281, 408, 304, 383, 34, 274, 394, 453, 356, 407, 4, 400, 69, 295, 427, 294, 451, 203, 429, 170, 194, 46, 107, 25, 227, 343, 440, 308, 117, 300, 272, 191, 89, 310, 174, 221, 393, 465, 275, 375, 110, 419, 154, 96, 416, 44, 58, 210, 16, 421, 85, 212, 211, 71, 11, 470, 307, 55, 347, 469, 126, 245]
og index list energy: 248630776.39979854
index list: [120, 18, 214, 374, 143, 393, 50, 232, 128, 369, 100, 466, 224, 118, 222, 171, 36, 444, 198, 250, 65, 469, 78, 404, 241, 331, 176, 355, 311, 163, 209, 192, 451, 249, 386, 184, 289, 258, 30, 107, 76, 247, 187, 343, 166, 170, 106, 215, 360, 251, 282, 84, 368, 104, 473, 279, 425, 144, 453, 51, 320, 268, 350, 14, 34, 87, 381, 139, 410, 74, 1, 42, 406, 10, 337, 295, 318, 103, 401, 137, 219, 457, 40, 428, 322, 58, 372, 153, 433, 131, 306, 237, 353, 316, 458, 330, 77, 302, 127, 348, 47, 375, 57, 126, 48, 356, 299, 119, 221, 439, 73, 392, 233, 312, 108, 324, 83, 231, 79, 162, 245, 145, 385, 38, 449, 135, 266, 278, 61, 341, 262, 382, 179, 461, 178, 234, 329, 16, 150, 450, 229, 442, 248, 424, 314, 148, 290, 407, 321, 370, 165, 340, 196, 194, 190, 413, 160, 380, 116, 346, 41, 315, 304, 446, 259, 470, 111, 26, 11, 110, 60, 440, 81, 293, 265, 45, 389, 54, 429, 275, 384, 43, 277, 397, 333, 357, 309, 0, 347, 63, 88, 366, 49, 379, 91, 441, 39, 246, 164, 2, 472, 173, 367, 151, 443, 307, 6, 319, 242, 140, 412, 185, 134, 27, 402, 261, 136, 31, 408, 197, 132, 403, 9, 422, 189, 4, 364, 5, 409, 62, 92, 28, 207, 228, 284, 235, 146, 25, 323, 181, 415, 21, 19, 471, 156, 445, 226, 183, 89, 82, 308, 56, 94, 93, 342, 68, 313, 298, 22, 212, 420, 147, 125, 287, 269, 55, 271, 421, 102, 435, 264, 283, 223, 349, 20, 193, 188, 191, 438, 24, 396, 211, 467, 230, 373, 46, 363, 180, 383, 59, 456, 310, 256, 202, 204, 220, 168, 149, 431, 332, 452, 96, 122, 252, 33, 90, 23, 352, 8, 167, 272, 351, 285, 217, 239, 254, 257, 216, 270, 44, 387, 105, 416, 75, 255, 101, 66, 418, 69, 155, 301, 378, 7, 338, 274, 64, 210, 395, 95, 454, 267, 388, 157, 292, 464, 12, 344, 72, 405, 174, 35, 218, 15, 286, 334, 154, 359, 109, 86, 213, 227, 85, 303, 29, 447, 13, 390, 291, 427, 158, 288, 463, 52, 281, 345, 130, 468, 142, 317, 141, 365, 152, 430, 328, 253, 129, 124, 203, 177, 296, 114, 391, 414, 53, 399, 240, 358, 169, 455, 225, 448, 195, 294, 462, 325, 37, 376, 32, 459, 200, 206, 199, 400, 3, 361, 67, 436, 327, 243, 159, 98, 201, 335, 419, 112, 336, 276, 426, 244, 80, 263, 437, 121, 236, 175, 305, 123, 339, 186, 362, 326, 434, 300, 97, 371, 260, 238, 354, 71, 161, 17, 423, 138, 398, 208, 377, 273, 297, 117, 394, 172, 205, 417, 99, 182, 113, 411, 133, 432, 115, 460, 70, 465, 280]
index list energy: 25048324.014182318
Done


program ended at: 2020-04-06 12:56:05.138108 
 time delta: 14:00:20.188270
