## SLURM PROLOG ###############################################################
##    Job ID : 11945901
##  Job Name : new_and_improved?
##  Nodelist : node1117
##      CPUs : 1
##  Mem/Node : 1024 MB
## Directory : /gpfs/data/nfawzi/skale/Fawzi_pycharm_project
##   Started : Sun Apr  5 22:55:10 EDT 2020
###############################################################################
program started at:2020-04-05 22:55:16.316026
iterations: 72000000 temp: 1000000.0 exponent: 0.9 eif: 300.0
time taken (sec): 54516.65074181557
number of iterations: 72000000
final temperature: 159.26791088519815
og index list: [114, 351, 84, 167, 447, 246, 333, 379, 157, 254, 247, 162, 281, 116, 271, 33, 384, 360, 226, 437, 86, 319, 458, 221, 90, 290, 35, 101, 411, 331, 192, 39, 231, 414, 52, 61, 342, 22, 37, 328, 62, 111, 184, 308, 85, 280, 388, 409, 324, 269, 419, 28, 383, 7, 251, 326, 166, 104, 161, 377, 60, 341, 147, 296, 387, 186, 207, 378, 106, 295, 370, 177, 415, 195, 117, 434, 38, 120, 214, 380, 310, 130, 160, 347, 382, 422, 110, 59, 233, 149, 118, 454, 11, 276, 273, 175, 154, 436, 264, 262, 412, 335, 446, 457, 307, 429, 318, 259, 336, 398, 234, 143, 40, 441, 405, 198, 80, 223, 83, 394, 5, 145, 288, 213, 293, 189, 71, 105, 312, 459, 352, 316, 45, 279, 2, 197, 210, 466, 242, 119, 270, 170, 136, 265, 70, 257, 423, 171, 183, 330, 425, 302, 358, 64, 313, 304, 148, 125, 76, 179, 381, 53, 443, 239, 115, 356, 463, 453, 10, 54, 408, 396, 445, 196, 284, 403, 164, 243, 426, 314, 256, 467, 63, 391, 178, 122, 344, 252, 245, 159, 432, 462, 4, 225, 17, 311, 156, 92, 266, 48, 249, 448, 238, 78, 100, 287, 222, 94, 255, 73, 389, 42, 180, 364, 16, 113, 219, 400, 241, 274, 297, 268, 134, 126, 138, 193, 23, 169, 277, 12, 460, 303, 137, 346, 421, 417, 338, 79, 131, 428, 1, 367, 49, 69, 57, 442, 337, 58, 203, 66, 75, 155, 89, 55, 173, 81, 350, 317, 34, 43, 191, 150, 461, 112, 285, 77, 30, 65, 253, 27, 47, 227, 470, 322, 139, 390, 416, 321, 430, 152, 46, 433, 456, 435, 449, 176, 343, 465, 292, 205, 21, 320, 96, 424, 146, 32, 109, 327, 172, 14, 6, 469, 20, 56, 8, 133, 250, 399, 294, 220, 98, 132, 103, 124, 355, 72, 209, 235, 340, 393, 168, 199, 181, 464, 348, 165, 97, 208, 397, 99, 190, 439, 361, 418, 108, 323, 258, 41, 300, 305, 95, 206, 82, 385, 216, 353, 420, 309, 404, 68, 93, 366, 444, 431, 224, 217, 473, 363, 334, 374, 228, 283, 121, 74, 232, 471, 31, 315, 236, 91, 51, 260, 275, 211, 174, 450, 427, 3, 299, 357, 376, 354, 142, 301, 24, 185, 451, 129, 402, 15, 306, 144, 438, 25, 406, 386, 365, 263, 407, 202, 0, 261, 359, 140, 67, 127, 212, 50, 291, 151, 392, 18, 410, 240, 187, 36, 298, 332, 13, 229, 29, 372, 135, 44, 201, 286, 362, 215, 413, 230, 153, 272, 9, 88, 87, 349, 188, 194, 26, 102, 339, 163, 282, 472, 141, 182, 248, 19, 128, 468, 278, 107, 329, 325, 440, 373, 158, 237, 267, 244, 368, 204, 369, 218, 375, 371, 200, 455, 395, 401, 345, 289, 452, 123]
og index list energy: 246948437.4895991
index list: [131, 0, 406, 98, 451, 221, 413, 296, 462, 135, 345, 83, 82, 162, 415, 107, 65, 465, 333, 387, 326, 346, 29, 303, 209, 322, 80, 164, 432, 202, 30, 397, 328, 260, 91, 124, 292, 367, 166, 86, 154, 93, 64, 198, 14, 306, 215, 388, 220, 57, 103, 63, 317, 69, 34, 212, 386, 274, 329, 89, 246, 186, 369, 281, 119, 365, 137, 385, 286, 46, 171, 187, 125, 214, 193, 45, 37, 357, 264, 364, 199, 207, 250, 19, 62, 378, 318, 291, 374, 179, 234, 435, 332, 420, 226, 458, 300, 40, 379, 253, 196, 189, 358, 36, 460, 33, 371, 251, 25, 96, 416, 149, 452, 67, 472, 128, 461, 320, 123, 276, 339, 311, 112, 38, 454, 152, 428, 44, 141, 366, 223, 361, 142, 363, 307, 116, 342, 272, 417, 104, 352, 229, 359, 163, 355, 58, 392, 314, 331, 312, 403, 55, 140, 351, 273, 372, 169, 418, 31, 380, 316, 450, 197, 376, 243, 217, 433, 87, 353, 39, 430, 60, 343, 16, 20, 32, 370, 54, 467, 43, 356, 268, 438, 72, 41, 383, 147, 56, 391, 48, 440, 52, 238, 92, 310, 399, 27, 278, 324, 79, 400, 23, 408, 165, 424, 261, 174, 35, 285, 205, 368, 76, 201, 126, 12, 150, 26, 200, 288, 10, 289, 441, 271, 298, 325, 431, 190, 188, 350, 194, 446, 195, 447, 50, 340, 74, 348, 178, 283, 68, 344, 59, 395, 81, 232, 266, 354, 100, 456, 105, 362, 148, 469, 61, 308, 49, 1, 143, 373, 267, 349, 160, 227, 287, 170, 235, 24, 108, 168, 132, 409, 192, 375, 293, 463, 18, 448, 134, 455, 139, 231, 88, 427, 153, 443, 4, 222, 2, 282, 175, 330, 99, 71, 102, 466, 3, 225, 122, 5, 252, 53, 315, 110, 263, 191, 297, 85, 459, 249, 157, 258, 259, 13, 473, 73, 167, 265, 121, 183, 241, 423, 254, 228, 130, 321, 118, 290, 394, 309, 236, 158, 341, 233, 109, 127, 159, 180, 422, 94, 97, 434, 301, 404, 111, 436, 181, 334, 17, 468, 210, 211, 177, 337, 247, 66, 101, 146, 470, 47, 457, 95, 269, 156, 410, 129, 106, 396, 280, 319, 84, 347, 294, 442, 182, 176, 426, 173, 11, 184, 7, 136, 115, 382, 335, 444, 279, 338, 255, 304, 381, 218, 75, 411, 248, 384, 240, 445, 9, 393, 336, 425, 8, 402, 219, 299, 185, 284, 15, 295, 21, 407, 120, 144, 464, 245, 51, 414, 213, 78, 161, 155, 401, 327, 172, 262, 453, 242, 429, 270, 204, 28, 398, 6, 302, 421, 42, 405, 77, 313, 256, 206, 437, 208, 439, 133, 390, 203, 145, 90, 449, 117, 419, 275, 114, 230, 471, 277, 244, 224, 239, 216, 70, 237, 323, 257, 360, 151, 389, 22, 412, 113, 305, 377, 138]
index list energy: 27309938.96864142
Done


program ended at: 2020-04-06 14:03:53.343581 
 time delta: 15:08:37.027555
