## SLURM PROLOG ###############################################################
##    Job ID : 11946016
##  Job Name : new_and_improved?
##  Nodelist : node1613
##      CPUs : 1
##  Mem/Node : 1024 MB
## Directory : /gpfs/data/nfawzi/skale/Fawzi_pycharm_project
##   Started : Sun Apr  5 22:55:51 EDT 2020
###############################################################################
program started at:2020-04-05 22:55:51.979799
iterations: 72000000 temp: 1000000.0 exponent: 0.9 eif: 300.0
time taken (sec): 68062.6040263176
number of iterations: 72000000
final temperature: 159.26791088519815
og index list: [329, 394, 106, 137, 316, 18, 44, 65, 68, 327, 441, 444, 64, 260, 293, 237, 84, 19, 354, 176, 12, 230, 104, 165, 466, 86, 453, 215, 408, 35, 30, 291, 195, 381, 210, 69, 426, 274, 335, 24, 238, 252, 39, 371, 171, 468, 147, 314, 307, 138, 445, 404, 459, 182, 397, 285, 76, 96, 219, 385, 78, 364, 228, 250, 330, 20, 361, 324, 85, 201, 21, 309, 257, 389, 258, 198, 461, 249, 356, 424, 94, 140, 7, 400, 287, 125, 302, 427, 89, 246, 470, 93, 411, 344, 41, 439, 336, 146, 150, 116, 240, 161, 4, 399, 130, 9, 331, 5, 341, 197, 113, 74, 213, 6, 256, 127, 0, 26, 369, 42, 262, 11, 46, 303, 188, 428, 13, 318, 312, 454, 115, 243, 277, 419, 206, 415, 406, 71, 421, 34, 442, 141, 270, 456, 440, 232, 395, 420, 244, 214, 280, 325, 310, 38, 175, 61, 261, 152, 294, 352, 446, 70, 168, 363, 17, 155, 211, 434, 289, 53, 170, 463, 281, 57, 185, 221, 79, 333, 322, 177, 340, 429, 208, 248, 343, 283, 233, 186, 460, 77, 169, 323, 288, 278, 178, 298, 264, 448, 82, 284, 105, 139, 193, 129, 32, 80, 432, 384, 158, 99, 465, 25, 458, 462, 23, 122, 378, 295, 437, 143, 164, 388, 8, 29, 102, 359, 390, 362, 332, 464, 305, 451, 355, 132, 103, 48, 319, 276, 205, 187, 33, 45, 282, 151, 163, 43, 145, 239, 315, 366, 353, 306, 423, 449, 275, 300, 407, 431, 227, 191, 72, 345, 95, 251, 292, 266, 392, 317, 202, 299, 263, 117, 391, 112, 380, 241, 2, 174, 376, 28, 123, 121, 88, 447, 1, 387, 37, 49, 435, 242, 414, 339, 207, 156, 59, 157, 296, 108, 36, 114, 109, 110, 253, 367, 159, 290, 328, 183, 222, 393, 409, 63, 471, 311, 144, 412, 134, 234, 119, 373, 236, 189, 259, 326, 398, 133, 467, 136, 268, 365, 382, 255, 273, 337, 31, 417, 90, 54, 254, 386, 209, 226, 225, 111, 279, 372, 436, 272, 438, 349, 194, 51, 401, 416, 375, 160, 313, 66, 231, 350, 348, 217, 218, 334, 402, 212, 379, 338, 203, 396, 60, 473, 124, 286, 148, 55, 403, 200, 269, 97, 358, 450, 40, 360, 413, 83, 425, 469, 135, 100, 172, 357, 27, 153, 154, 184, 224, 101, 190, 73, 216, 452, 179, 245, 10, 455, 3, 56, 87, 126, 50, 223, 75, 271, 374, 166, 301, 342, 98, 128, 351, 418, 410, 118, 229, 267, 433, 91, 199, 220, 14, 235, 62, 131, 422, 180, 405, 304, 368, 52, 167, 107, 321, 297, 196, 346, 58, 149, 22, 383, 443, 370, 472, 308, 320, 67, 15, 120, 347, 457, 47, 265, 181, 192, 204, 173, 142, 430, 16, 247, 81, 162, 377, 92]
og index list energy: 232692267.32019043
index list: [299, 230, 401, 262, 372, 95, 330, 17, 403, 180, 329, 130, 356, 75, 450, 268, 464, 213, 378, 331, 312, 103, 184, 139, 92, 286, 368, 332, 418, 311, 290, 423, 173, 170, 351, 96, 259, 466, 209, 116, 246, 335, 28, 385, 21, 361, 211, 49, 388, 327, 120, 272, 258, 276, 382, 31, 432, 10, 140, 323, 222, 289, 377, 137, 374, 60, 232, 187, 348, 76, 43, 405, 111, 51, 342, 134, 352, 165, 296, 148, 462, 83, 470, 302, 467, 210, 271, 380, 41, 473, 145, 406, 71, 468, 13, 431, 35, 333, 282, 446, 40, 189, 433, 36, 365, 336, 319, 306, 219, 349, 217, 422, 133, 447, 226, 110, 94, 366, 79, 324, 233, 183, 117, 317, 277, 161, 234, 393, 245, 310, 417, 279, 412, 274, 338, 314, 364, 16, 350, 115, 248, 396, 152, 419, 225, 275, 383, 224, 353, 316, 305, 102, 410, 53, 100, 128, 112, 47, 458, 292, 146, 80, 242, 375, 251, 12, 369, 237, 469, 249, 441, 22, 400, 206, 199, 37, 409, 240, 384, 186, 413, 132, 443, 106, 308, 78, 55, 363, 269, 174, 99, 344, 11, 407, 260, 150, 175, 427, 38, 244, 429, 26, 387, 121, 118, 2, 254, 0, 214, 250, 57, 428, 135, 162, 235, 192, 212, 239, 154, 204, 18, 355, 32, 201, 322, 157, 124, 88, 420, 149, 177, 460, 253, 8, 255, 56, 25, 303, 263, 444, 185, 108, 107, 86, 29, 456, 168, 440, 266, 136, 402, 291, 87, 347, 178, 448, 267, 367, 227, 62, 30, 216, 84, 315, 281, 424, 58, 434, 105, 126, 138, 1, 339, 208, 218, 89, 300, 328, 19, 459, 247, 151, 101, 284, 73, 265, 59, 293, 228, 181, 360, 202, 343, 14, 390, 4, 373, 63, 125, 399, 27, 287, 439, 182, 98, 340, 169, 435, 304, 64, 70, 376, 141, 415, 325, 453, 190, 196, 194, 6, 437, 131, 123, 461, 273, 395, 172, 270, 48, 236, 61, 452, 176, 97, 445, 285, 261, 357, 205, 398, 229, 252, 77, 337, 156, 91, 9, 449, 67, 167, 198, 278, 200, 298, 221, 371, 158, 451, 65, 288, 256, 144, 93, 346, 127, 82, 426, 81, 379, 166, 114, 404, 231, 143, 465, 68, 42, 442, 321, 386, 5, 191, 472, 193, 188, 359, 104, 436, 85, 90, 155, 345, 179, 392, 163, 119, 421, 203, 220, 318, 15, 113, 24, 416, 46, 381, 7, 394, 33, 430, 160, 370, 326, 455, 309, 283, 39, 66, 389, 257, 122, 147, 23, 454, 44, 297, 109, 438, 50, 334, 129, 471, 301, 280, 411, 320, 238, 408, 313, 215, 463, 264, 54, 391, 159, 164, 341, 142, 223, 414, 294, 362, 74, 425, 243, 397, 69, 34, 45, 171, 20, 3, 207, 195, 197, 358, 241, 295, 307, 72, 457, 52, 354, 153]
index list energy: 32559172.745766614
Done


program ended at: 2020-04-06 17:50:14.937490 
 time delta: 18:54:22.957691
