## SLURM PROLOG ###############################################################
##    Job ID : 11946055
##  Job Name : new_and_improved?
##  Nodelist : node1620
##      CPUs : 1
##  Mem/Node : 1024 MB
## Directory : /gpfs/data/nfawzi/skale/Fawzi_pycharm_project
##   Started : Sun Apr  5 22:55:53 EDT 2020
###############################################################################
program started at:2020-04-05 22:55:53.992833
iterations: 72000000 temp: 1000000.0 exponent: 0.9 eif: 300.0
time taken (sec): 70382.95530986786
number of iterations: 72000000
final temperature: 159.26791088519815
og index list: [453, 251, 138, 398, 403, 236, 425, 400, 141, 89, 263, 232, 16, 142, 202, 97, 364, 164, 327, 0, 18, 189, 370, 445, 42, 133, 265, 300, 464, 314, 93, 440, 103, 69, 254, 113, 15, 346, 318, 185, 43, 180, 122, 385, 177, 369, 305, 473, 64, 229, 456, 67, 204, 290, 313, 86, 137, 56, 57, 319, 39, 248, 100, 217, 140, 343, 110, 452, 348, 88, 235, 352, 112, 439, 45, 169, 438, 437, 107, 275, 461, 432, 126, 261, 360, 136, 460, 273, 11, 321, 213, 40, 226, 41, 130, 209, 60, 91, 132, 256, 247, 98, 221, 155, 26, 361, 441, 462, 96, 315, 116, 24, 378, 76, 330, 68, 291, 270, 231, 74, 37, 117, 151, 246, 77, 271, 329, 239, 415, 312, 5, 371, 225, 242, 28, 134, 14, 252, 128, 8, 373, 339, 49, 410, 407, 334, 12, 46, 32, 422, 10, 95, 13, 428, 80, 149, 402, 408, 278, 469, 356, 20, 102, 205, 22, 174, 66, 350, 262, 276, 377, 90, 337, 470, 166, 168, 237, 186, 444, 196, 471, 111, 195, 414, 359, 379, 184, 299, 406, 258, 420, 62, 224, 36, 367, 85, 208, 382, 335, 240, 192, 257, 92, 101, 365, 304, 215, 144, 172, 282, 81, 288, 212, 411, 447, 198, 238, 306, 264, 84, 423, 65, 58, 2, 302, 383, 200, 6, 393, 47, 380, 30, 451, 170, 381, 29, 325, 75, 372, 336, 50, 165, 391, 94, 70, 211, 266, 390, 467, 52, 418, 173, 323, 429, 129, 175, 353, 63, 245, 317, 199, 228, 187, 333, 416, 309, 152, 454, 145, 435, 268, 292, 250, 106, 260, 183, 331, 455, 344, 249, 449, 386, 368, 436, 354, 308, 357, 171, 272, 230, 253, 328, 324, 434, 79, 384, 188, 82, 459, 430, 342, 450, 161, 404, 466, 457, 424, 458, 446, 396, 104, 131, 427, 83, 281, 44, 222, 73, 347, 162, 214, 340, 395, 143, 311, 31, 38, 280, 267, 465, 284, 413, 307, 419, 159, 394, 72, 218, 234, 401, 363, 341, 277, 355, 127, 51, 287, 54, 320, 7, 397, 301, 190, 472, 35, 55, 351, 207, 121, 167, 179, 322, 443, 176, 244, 1, 269, 376, 17, 227, 163, 160, 468, 147, 181, 61, 154, 135, 283, 99, 297, 120, 399, 259, 87, 389, 289, 191, 139, 431, 146, 358, 417, 115, 33, 326, 153, 105, 243, 298, 338, 3, 366, 388, 412, 286, 448, 108, 178, 124, 123, 303, 421, 463, 23, 71, 349, 295, 241, 375, 387, 374, 294, 216, 442, 21, 409, 203, 19, 255, 114, 194, 405, 148, 279, 4, 201, 25, 27, 362, 78, 233, 274, 310, 59, 223, 332, 293, 150, 345, 316, 48, 392, 220, 197, 53, 206, 157, 118, 426, 119, 125, 158, 156, 9, 433, 285, 182, 210, 219, 34, 193, 109, 296]
og index list energy: 251780718.99919364
index list: [4, 186, 274, 191, 5, 470, 3, 250, 31, 377, 136, 441, 52, 10, 92, 81, 442, 75, 306, 458, 30, 373, 189, 400, 174, 302, 409, 301, 350, 105, 466, 233, 245, 49, 127, 82, 323, 89, 420, 327, 254, 123, 146, 421, 255, 343, 93, 358, 143, 440, 117, 353, 211, 395, 196, 402, 325, 408, 223, 387, 241, 236, 91, 237, 86, 212, 79, 23, 243, 37, 148, 445, 333, 375, 227, 263, 390, 219, 32, 396, 11, 318, 60, 122, 147, 56, 78, 415, 336, 356, 202, 206, 209, 19, 279, 405, 316, 449, 310, 385, 152, 288, 473, 218, 85, 431, 110, 332, 162, 276, 334, 101, 96, 315, 38, 234, 447, 65, 137, 228, 463, 128, 438, 307, 50, 388, 134, 432, 17, 389, 330, 9, 439, 36, 338, 198, 404, 54, 462, 229, 443, 248, 342, 285, 339, 18, 418, 182, 294, 450, 247, 80, 222, 304, 103, 351, 273, 416, 22, 459, 271, 299, 210, 367, 200, 249, 394, 267, 194, 171, 197, 150, 286, 129, 337, 149, 381, 16, 469, 177, 378, 138, 352, 199, 178, 201, 188, 58, 393, 169, 464, 119, 190, 20, 457, 24, 298, 145, 369, 39, 472, 63, 398, 41, 14, 140, 151, 258, 372, 33, 430, 235, 126, 289, 59, 322, 293, 357, 195, 417, 268, 456, 290, 379, 100, 262, 392, 225, 452, 266, 471, 141, 238, 113, 359, 132, 467, 29, 374, 66, 384, 158, 365, 116, 8, 46, 427, 40, 370, 335, 414, 313, 246, 6, 25, 118, 280, 366, 300, 193, 74, 184, 51, 252, 76, 168, 287, 277, 436, 21, 84, 108, 156, 13, 204, 244, 423, 259, 437, 295, 15, 179, 170, 240, 326, 348, 187, 446, 172, 272, 345, 192, 410, 176, 433, 321, 401, 251, 319, 35, 183, 28, 12, 347, 253, 70, 112, 90, 376, 324, 281, 455, 107, 34, 27, 207, 397, 261, 283, 226, 349, 164, 407, 328, 154, 159, 45, 317, 88, 230, 451, 135, 448, 139, 231, 125, 239, 217, 155, 214, 181, 7, 303, 48, 284, 111, 26, 354, 142, 68, 346, 95, 97, 242, 380, 102, 444, 269, 67, 411, 173, 167, 64, 99, 256, 47, 434, 153, 124, 216, 221, 461, 180, 428, 312, 391, 104, 406, 309, 383, 87, 344, 94, 424, 83, 413, 57, 341, 144, 454, 115, 114, 426, 133, 399, 43, 355, 130, 340, 71, 308, 220, 42, 425, 320, 270, 305, 224, 161, 468, 72, 361, 296, 419, 61, 232, 106, 362, 77, 282, 166, 329, 185, 311, 53, 1, 208, 62, 429, 73, 382, 55, 412, 160, 371, 264, 386, 163, 363, 109, 0, 453, 2, 364, 314, 360, 165, 403, 98, 465, 44, 368, 69, 460, 275, 422, 260, 121, 278, 213, 175, 297, 120, 257, 331, 157, 435, 131, 292, 215, 265, 205, 203, 291]
index list energy: 27931909.774201352
Done


program ended at: 2020-04-06 18:28:57.326726 
 time delta: 19:33:03.333893
