## SLURM PROLOG ###############################################################
##    Job ID : 11945983
##  Job Name : new_and_improved?
##  Nodelist : node1163
##      CPUs : 1
##  Mem/Node : 1024 MB
## Directory : /gpfs/data/nfawzi/skale/Fawzi_pycharm_project
##   Started : Sun Apr  5 22:55:40 EDT 2020
###############################################################################
program started at:2020-04-05 22:55:44.829773
iterations: 72000000 temp: 1000000.0 exponent: 0.9 eif: 300.0
time taken (sec): 55321.26667904854
number of iterations: 72000000
final temperature: 159.26791088519815
og index list: [135, 249, 431, 174, 417, 73, 54, 333, 356, 310, 269, 384, 365, 366, 153, 161, 123, 445, 200, 296, 88, 350, 342, 343, 267, 263, 80, 316, 362, 102, 370, 446, 109, 131, 136, 337, 93, 280, 444, 352, 178, 360, 77, 411, 276, 274, 194, 312, 455, 59, 17, 37, 297, 198, 323, 408, 251, 237, 117, 344, 112, 24, 338, 432, 250, 32, 339, 134, 142, 19, 69, 315, 64, 404, 167, 255, 420, 381, 441, 320, 165, 225, 179, 454, 409, 38, 439, 3, 172, 125, 260, 395, 65, 218, 305, 393, 45, 433, 335, 84, 461, 253, 349, 192, 377, 96, 293, 299, 402, 151, 129, 128, 391, 252, 210, 328, 239, 23, 233, 83, 168, 321, 98, 61, 275, 457, 115, 78, 403, 295, 119, 416, 448, 453, 120, 42, 281, 34, 44, 234, 358, 207, 203, 92, 35, 147, 467, 110, 171, 425, 254, 235, 144, 25, 256, 183, 111, 386, 353, 146, 201, 62, 389, 97, 464, 288, 222, 186, 430, 243, 406, 470, 363, 442, 368, 27, 287, 245, 262, 307, 422, 278, 340, 148, 140, 16, 82, 143, 326, 285, 302, 378, 107, 247, 463, 118, 208, 459, 11, 286, 401, 289, 13, 341, 114, 426, 181, 49, 279, 150, 53, 113, 332, 4, 9, 169, 164, 244, 211, 122, 346, 458, 387, 8, 193, 145, 99, 238, 373, 331, 355, 374, 271, 48, 348, 157, 202, 367, 68, 21, 329, 189, 460, 177, 220, 351, 308, 26, 40, 56, 197, 361, 412, 385, 473, 301, 190, 159, 230, 319, 407, 232, 209, 291, 292, 221, 283, 359, 429, 434, 85, 191, 137, 435, 347, 303, 74, 298, 162, 264, 58, 41, 224, 86, 227, 89, 103, 205, 47, 72, 396, 268, 327, 36, 314, 469, 100, 229, 383, 195, 29, 456, 187, 217, 163, 397, 31, 450, 199, 212, 2, 124, 440, 170, 294, 28, 173, 415, 306, 428, 451, 379, 400, 57, 95, 10, 108, 52, 424, 449, 364, 304, 290, 70, 334, 63, 311, 317, 166, 76, 188, 410, 133, 398, 130, 87, 465, 471, 182, 75, 325, 22, 228, 176, 354, 51, 196, 322, 66, 236, 394, 282, 330, 141, 437, 468, 180, 101, 79, 248, 318, 213, 300, 380, 336, 369, 132, 241, 259, 277, 116, 436, 105, 104, 371, 215, 94, 443, 427, 12, 266, 257, 91, 261, 139, 152, 43, 0, 272, 149, 357, 405, 81, 388, 273, 60, 438, 46, 418, 185, 160, 138, 258, 127, 1, 18, 231, 447, 462, 15, 33, 466, 223, 423, 154, 90, 313, 158, 265, 50, 226, 14, 175, 67, 270, 216, 7, 121, 242, 6, 55, 71, 246, 392, 5, 309, 376, 214, 20, 399, 372, 106, 204, 375, 414, 156, 30, 345, 240, 126, 206, 39, 452, 421, 184, 324, 382, 284, 472, 419, 413, 390, 219, 155]
og index list energy: 267007835.53823397
index list: [424, 286, 301, 450, 316, 442, 244, 329, 109, 232, 65, 463, 330, 129, 246, 313, 423, 277, 353, 203, 40, 454, 8, 447, 21, 11, 263, 354, 245, 169, 471, 90, 226, 467, 52, 408, 77, 440, 168, 295, 235, 12, 373, 188, 194, 404, 2, 436, 32, 403, 192, 214, 119, 255, 222, 133, 97, 441, 151, 452, 14, 228, 435, 227, 193, 176, 421, 29, 82, 120, 275, 122, 282, 17, 465, 96, 418, 49, 317, 321, 231, 95, 360, 60, 308, 324, 327, 53, 427, 165, 409, 314, 412, 104, 369, 247, 172, 125, 135, 374, 233, 145, 86, 141, 347, 156, 357, 332, 414, 262, 4, 5, 410, 15, 62, 191, 256, 91, 174, 181, 443, 281, 411, 24, 352, 210, 190, 473, 199, 432, 197, 363, 55, 426, 117, 234, 220, 186, 407, 221, 304, 178, 401, 50, 381, 243, 367, 88, 393, 63, 472, 163, 390, 248, 425, 137, 359, 229, 92, 309, 61, 444, 123, 448, 241, 438, 112, 335, 398, 146, 46, 136, 189, 288, 31, 215, 362, 54, 356, 291, 420, 240, 416, 59, 417, 79, 238, 148, 334, 48, 114, 391, 89, 18, 287, 23, 155, 379, 25, 461, 296, 139, 433, 121, 72, 269, 302, 34, 107, 396, 292, 13, 167, 285, 322, 325, 349, 106, 196, 30, 268, 342, 260, 372, 251, 180, 385, 185, 468, 209, 127, 415, 105, 464, 83, 153, 303, 38, 284, 51, 405, 87, 278, 208, 126, 131, 0, 399, 306, 273, 371, 132, 293, 368, 98, 458, 56, 350, 130, 384, 158, 319, 157, 378, 177, 310, 118, 26, 218, 271, 252, 68, 265, 58, 1, 66, 101, 389, 289, 449, 42, 76, 239, 84, 78, 37, 361, 216, 205, 337, 110, 45, 183, 94, 75, 394, 312, 323, 116, 462, 154, 264, 44, 340, 202, 249, 326, 201, 20, 134, 430, 333, 124, 311, 99, 451, 266, 469, 164, 341, 279, 383, 93, 331, 257, 460, 211, 9, 419, 43, 365, 3, 434, 171, 22, 162, 276, 128, 57, 456, 28, 144, 300, 328, 10, 413, 80, 73, 212, 370, 159, 339, 213, 406, 7, 283, 33, 397, 161, 395, 253, 166, 297, 274, 437, 152, 358, 138, 351, 70, 150, 453, 143, 344, 142, 64, 85, 170, 466, 27, 108, 160, 375, 187, 258, 259, 69, 298, 113, 305, 67, 346, 179, 445, 307, 267, 380, 217, 428, 149, 140, 204, 318, 35, 320, 6, 457, 242, 470, 182, 47, 402, 100, 382, 111, 388, 200, 206, 366, 336, 39, 207, 250, 272, 71, 315, 237, 270, 459, 115, 429, 102, 400, 280, 348, 254, 455, 19, 236, 173, 422, 261, 81, 376, 103, 386, 175, 439, 225, 377, 294, 345, 16, 446, 74, 392, 147, 224, 299, 41, 387, 290, 338, 219, 431, 223, 184, 198, 343, 36, 364, 195, 355, 230]
index list energy: 26684334.26618419
Done


program ended at: 2020-04-06 14:17:46.481547 
 time delta: 15:22:01.651774
