## SLURM PROLOG ###############################################################
##    Job ID : 11945923
##  Job Name : new_and_improved?
##  Nodelist : node1627
##      CPUs : 1
##  Mem/Node : 1024 MB
## Directory : /gpfs/data/nfawzi/skale/Fawzi_pycharm_project
##   Started : Sun Apr  5 22:55:10 EDT 2020
###############################################################################
program started at:2020-04-05 22:55:16.938250
iterations: 72000000 temp: 1000000.0 exponent: 0.9 eif: 300.0
time taken (sec): 53713.43387675285
number of iterations: 72000000
final temperature: 159.26791088519815
og index list: [292, 242, 460, 4, 116, 219, 304, 463, 68, 255, 303, 126, 449, 245, 202, 338, 236, 363, 467, 132, 465, 442, 49, 100, 343, 229, 238, 417, 288, 403, 40, 218, 302, 152, 253, 389, 299, 64, 425, 21, 93, 158, 326, 373, 228, 332, 329, 361, 221, 6, 390, 37, 222, 347, 327, 90, 205, 404, 8, 355, 469, 420, 14, 193, 177, 439, 444, 248, 344, 365, 70, 180, 57, 28, 309, 145, 271, 131, 125, 430, 451, 82, 376, 296, 359, 26, 52, 183, 250, 434, 424, 461, 231, 72, 22, 394, 187, 412, 414, 47, 184, 34, 137, 283, 240, 397, 308, 321, 138, 241, 60, 282, 204, 441, 181, 141, 81, 176, 148, 364, 140, 264, 3, 252, 61, 94, 197, 422, 91, 129, 84, 358, 367, 16, 199, 239, 20, 44, 385, 247, 266, 433, 108, 306, 216, 32, 342, 313, 30, 196, 171, 87, 38, 65, 124, 298, 76, 210, 167, 96, 71, 5, 134, 375, 293, 256, 437, 53, 173, 369, 112, 446, 323, 270, 459, 175, 10, 51, 281, 447, 128, 269, 300, 392, 89, 426, 179, 198, 453, 230, 225, 150, 73, 39, 85, 207, 113, 12, 27, 75, 67, 25, 15, 212, 462, 406, 157, 63, 155, 13, 386, 46, 318, 423, 345, 440, 98, 402, 146, 194, 421, 383, 391, 18, 227, 254, 56, 106, 23, 258, 276, 331, 133, 42, 178, 162, 317, 396, 144, 83, 101, 379, 350, 104, 226, 92, 189, 186, 220, 105, 401, 95, 232, 337, 33, 457, 315, 45, 287, 301, 117, 362, 472, 201, 295, 188, 237, 384, 54, 48, 473, 120, 2, 374, 411, 466, 244, 159, 336, 24, 191, 450, 168, 325, 311, 351, 291, 286, 192, 265, 452, 257, 185, 366, 142, 9, 243, 11, 123, 371, 99, 80, 224, 448, 408, 468, 110, 378, 470, 190, 31, 35, 464, 415, 471, 277, 223, 118, 429, 0, 136, 160, 174, 203, 370, 119, 418, 74, 41, 407, 111, 267, 349, 109, 285, 312, 135, 86, 335, 235, 261, 398, 455, 456, 217, 55, 263, 36, 405, 314, 246, 234, 122, 340, 346, 388, 360, 154, 324, 211, 333, 62, 307, 165, 274, 209, 416, 409, 143, 410, 279, 156, 19, 169, 387, 380, 114, 208, 262, 320, 427, 149, 278, 334, 382, 328, 399, 121, 273, 7, 213, 280, 454, 233, 69, 419, 97, 77, 214, 275, 161, 413, 310, 1, 357, 43, 259, 284, 166, 59, 147, 445, 436, 79, 294, 290, 206, 164, 432, 377, 182, 268, 115, 322, 435, 438, 103, 341, 330, 372, 107, 102, 66, 443, 170, 50, 272, 400, 353, 195, 88, 352, 215, 458, 127, 339, 431, 316, 58, 393, 260, 305, 368, 29, 297, 151, 153, 289, 251, 354, 395, 428, 172, 319, 78, 356, 130, 381, 249, 139, 17, 200, 163, 348]
og index list energy: 245581430.34225574
index list: [247, 271, 349, 72, 384, 101, 217, 456, 226, 406, 42, 354, 141, 104, 365, 74, 464, 197, 30, 393, 243, 429, 289, 371, 306, 282, 80, 213, 118, 95, 108, 277, 425, 318, 135, 401, 142, 244, 284, 253, 272, 436, 14, 304, 337, 198, 163, 215, 437, 208, 216, 255, 159, 147, 110, 73, 305, 257, 327, 160, 426, 302, 399, 0, 1, 403, 259, 25, 364, 212, 171, 17, 330, 10, 438, 87, 367, 237, 317, 144, 127, 86, 279, 430, 75, 236, 64, 280, 441, 190, 196, 207, 199, 469, 123, 391, 299, 325, 396, 231, 152, 457, 67, 451, 121, 374, 15, 303, 274, 383, 202, 335, 28, 453, 250, 70, 416, 173, 122, 140, 379, 238, 344, 326, 388, 261, 31, 34, 251, 211, 423, 314, 431, 117, 447, 179, 351, 43, 366, 90, 360, 52, 415, 105, 411, 291, 170, 295, 224, 334, 63, 297, 48, 241, 442, 229, 162, 394, 143, 353, 156, 82, 278, 57, 465, 172, 129, 449, 157, 378, 293, 29, 283, 138, 307, 53, 410, 132, 382, 58, 455, 16, 468, 164, 387, 161, 472, 227, 46, 421, 102, 120, 41, 265, 322, 111, 204, 176, 203, 254, 320, 221, 461, 19, 180, 27, 92, 181, 114, 315, 94, 235, 210, 398, 79, 99, 408, 321, 350, 223, 275, 467, 316, 358, 109, 286, 309, 124, 40, 395, 270, 370, 96, 460, 300, 153, 32, 357, 188, 134, 347, 107, 333, 85, 389, 103, 397, 137, 345, 296, 343, 186, 246, 233, 71, 443, 230, 33, 66, 24, 252, 89, 323, 267, 201, 263, 11, 420, 21, 258, 158, 288, 23, 419, 128, 376, 206, 214, 100, 386, 193, 2, 329, 83, 363, 112, 49, 60, 126, 59, 459, 50, 69, 77, 276, 462, 168, 390, 177, 418, 192, 446, 310, 473, 209, 187, 312, 338, 68, 439, 65, 424, 3, 435, 7, 470, 115, 471, 131, 301, 377, 264, 450, 174, 339, 189, 194, 37, 352, 56, 444, 136, 369, 130, 452, 13, 380, 328, 185, 414, 106, 262, 183, 324, 281, 222, 169, 256, 119, 454, 139, 381, 76, 287, 35, 407, 113, 45, 150, 432, 9, 405, 62, 331, 336, 417, 205, 313, 445, 8, 375, 220, 22, 341, 242, 340, 55, 400, 266, 355, 146, 39, 466, 88, 372, 269, 84, 78, 44, 234, 361, 225, 392, 273, 373, 81, 427, 98, 409, 294, 311, 290, 402, 332, 298, 175, 145, 348, 116, 155, 368, 154, 448, 61, 38, 362, 47, 239, 125, 412, 51, 356, 166, 232, 249, 433, 149, 245, 151, 228, 133, 428, 285, 195, 359, 178, 434, 165, 148, 218, 6, 440, 18, 458, 191, 4, 5, 342, 12, 248, 404, 292, 54, 182, 240, 319, 20, 346, 219, 260, 167, 308, 91, 413, 93, 463, 36, 422, 26, 184, 200, 97, 385, 268]
index list energy: 26987886.00097639
Done


program ended at: 2020-04-06 13:50:30.736277 
 time delta: 14:55:13.798027
