## SLURM PROLOG ###############################################################
##    Job ID : 11946031
##  Job Name : new_and_improved?
##  Nodelist : node1615
##      CPUs : 1
##  Mem/Node : 1024 MB
## Directory : /gpfs/data/nfawzi/skale/Fawzi_pycharm_project
##   Started : Sun Apr  5 22:55:49 EDT 2020
###############################################################################
program started at:2020-04-05 22:55:52.054173
iterations: 72000000 temp: 1000000.0 exponent: 0.9 eif: 300.0
time taken (sec): 63777.476321697235
number of iterations: 72000000
final temperature: 159.26791088519815
og index list: [43, 12, 386, 244, 408, 403, 70, 80, 61, 263, 109, 71, 202, 140, 182, 21, 440, 36, 384, 376, 279, 49, 368, 339, 6, 243, 147, 8, 172, 56, 47, 385, 337, 46, 435, 436, 266, 31, 101, 77, 20, 460, 110, 104, 88, 90, 197, 293, 449, 176, 114, 413, 113, 458, 371, 64, 469, 194, 425, 437, 102, 16, 336, 259, 345, 54, 453, 52, 410, 429, 0, 367, 165, 214, 434, 111, 120, 178, 28, 34, 301, 291, 1, 456, 231, 235, 466, 106, 175, 353, 160, 404, 38, 296, 158, 342, 209, 352, 68, 65, 355, 324, 372, 375, 45, 121, 159, 269, 66, 365, 22, 23, 225, 318, 85, 292, 145, 227, 48, 170, 196, 10, 134, 289, 332, 354, 26, 78, 270, 321, 123, 179, 277, 310, 222, 415, 431, 448, 136, 86, 309, 83, 79, 326, 295, 60, 268, 81, 99, 187, 97, 166, 457, 427, 307, 76, 220, 42, 419, 139, 402, 360, 275, 14, 108, 155, 382, 143, 245, 199, 311, 312, 262, 432, 389, 219, 216, 185, 152, 454, 401, 423, 223, 320, 331, 421, 439, 383, 392, 207, 229, 327, 343, 388, 218, 233, 470, 213, 256, 264, 221, 25, 422, 107, 203, 161, 84, 377, 39, 198, 151, 189, 234, 193, 308, 164, 315, 153, 330, 55, 133, 443, 242, 400, 463, 146, 411, 373, 144, 394, 406, 306, 359, 205, 208, 284, 138, 13, 350, 461, 127, 156, 409, 288, 258, 282, 211, 191, 186, 124, 405, 319, 267, 137, 298, 174, 455, 276, 246, 362, 450, 40, 135, 285, 17, 32, 363, 128, 3, 265, 323, 154, 273, 24, 272, 103, 347, 51, 192, 98, 348, 169, 446, 63, 451, 183, 132, 334, 340, 468, 62, 253, 162, 412, 171, 438, 141, 241, 58, 94, 250, 358, 105, 82, 95, 240, 142, 328, 180, 100, 200, 366, 163, 399, 297, 260, 300, 452, 471, 69, 255, 459, 397, 93, 361, 393, 11, 379, 226, 378, 210, 249, 274, 252, 168, 190, 302, 271, 195, 303, 15, 428, 357, 184, 462, 125, 395, 387, 287, 391, 57, 112, 430, 215, 281, 237, 173, 407, 204, 333, 374, 305, 5, 280, 212, 441, 228, 118, 37, 50, 18, 129, 149, 115, 472, 148, 261, 351, 206, 75, 417, 286, 236, 2, 181, 33, 325, 304, 167, 390, 9, 35, 381, 467, 30, 53, 356, 447, 41, 418, 278, 72, 299, 349, 329, 67, 248, 294, 201, 473, 230, 89, 313, 316, 238, 370, 232, 251, 314, 426, 87, 283, 254, 444, 416, 92, 29, 445, 338, 396, 157, 177, 335, 380, 4, 7, 420, 346, 369, 59, 414, 464, 117, 217, 126, 131, 188, 424, 130, 122, 91, 290, 19, 465, 27, 341, 433, 398, 239, 150, 44, 442, 74, 364, 73, 247, 96, 317, 116, 257, 224, 344, 119, 322]
og index list energy: 254830611.30772397
index list: [131, 230, 295, 314, 472, 238, 354, 333, 453, 185, 452, 192, 445, 168, 395, 280, 358, 182, 151, 317, 33, 204, 10, 392, 114, 281, 86, 180, 450, 47, 356, 26, 421, 310, 111, 298, 249, 239, 35, 338, 161, 215, 261, 432, 22, 305, 327, 2, 429, 50, 436, 42, 220, 49, 446, 216, 96, 255, 157, 93, 376, 74, 178, 390, 5, 364, 208, 387, 7, 150, 240, 455, 309, 269, 271, 232, 260, 217, 360, 52, 187, 442, 85, 15, 1, 138, 371, 227, 406, 266, 393, 225, 473, 100, 403, 226, 466, 30, 234, 422, 177, 344, 8, 469, 212, 399, 66, 420, 213, 159, 244, 423, 149, 424, 130, 29, 434, 62, 347, 206, 396, 133, 64, 202, 451, 143, 231, 128, 419, 88, 334, 55, 454, 175, 145, 456, 339, 313, 340, 270, 183, 106, 97, 61, 416, 16, 297, 137, 377, 115, 438, 332, 415, 272, 118, 274, 407, 184, 189, 348, 253, 9, 372, 31, 391, 205, 431, 89, 73, 82, 439, 139, 191, 4, 433, 304, 468, 268, 449, 186, 400, 275, 170, 41, 373, 311, 171, 58, 20, 426, 199, 198, 458, 65, 108, 24, 259, 457, 101, 237, 404, 181, 402, 67, 92, 257, 408, 197, 389, 251, 214, 324, 27, 397, 267, 414, 195, 417, 248, 342, 132, 428, 116, 367, 320, 103, 412, 179, 409, 264, 301, 99, 435, 40, 228, 11, 359, 210, 201, 45, 470, 6, 12, 286, 296, 63, 349, 125, 117, 113, 388, 172, 19, 258, 335, 71, 303, 91, 341, 279, 441, 219, 461, 126, 146, 293, 140, 28, 362, 36, 14, 411, 318, 72, 158, 110, 119, 350, 23, 288, 464, 46, 459, 289, 448, 3, 378, 60, 32, 382, 135, 265, 127, 155, 166, 323, 75, 200, 122, 235, 211, 25, 337, 328, 250, 136, 129, 384, 147, 312, 79, 144, 380, 188, 375, 229, 329, 164, 465, 223, 285, 98, 352, 190, 194, 427, 196, 437, 90, 153, 308, 123, 405, 243, 383, 224, 256, 13, 246, 68, 430, 300, 78, 34, 109, 263, 252, 209, 322, 336, 370, 302, 21, 76, 369, 80, 44, 124, 87, 440, 107, 0, 162, 148, 141, 315, 81, 236, 59, 284, 134, 346, 17, 167, 245, 69, 77, 361, 57, 283, 38, 386, 102, 471, 242, 353, 169, 410, 306, 307, 277, 444, 105, 374, 39, 56, 443, 104, 413, 273, 174, 160, 357, 193, 203, 467, 325, 37, 463, 176, 207, 345, 241, 425, 262, 462, 48, 368, 156, 379, 142, 94, 363, 292, 83, 351, 221, 398, 120, 247, 173, 112, 233, 18, 282, 278, 299, 84, 287, 51, 418, 154, 53, 366, 163, 319, 447, 294, 385, 316, 381, 331, 291, 343, 43, 290, 355, 321, 365, 165, 276, 330, 95, 394, 152, 222, 254, 218, 326, 401, 121, 460, 70, 54]
index list energy: 27461488.156602442
Done


program ended at: 2020-04-06 16:38:49.876610 
 time delta: 17:42:57.822437
