## SLURM PROLOG ###############################################################
##    Job ID : 11946023
##  Job Name : new_and_improved?
##  Nodelist : node1613
##      CPUs : 1
##  Mem/Node : 1024 MB
## Directory : /gpfs/data/nfawzi/skale/Fawzi_pycharm_project
##   Started : Sun Apr  5 22:55:49 EDT 2020
###############################################################################
program started at:2020-04-05 22:55:52.001574
iterations: 72000000 temp: 1000000.0 exponent: 0.9 eif: 300.0
time taken (sec): 69940.72933340073
number of iterations: 72000000
final temperature: 159.26791088519815
og index list: [294, 0, 326, 163, 391, 418, 152, 155, 388, 399, 140, 317, 259, 42, 8, 32, 340, 101, 185, 49, 470, 71, 206, 22, 436, 293, 290, 144, 177, 59, 375, 225, 359, 260, 94, 258, 26, 97, 143, 57, 151, 282, 178, 222, 330, 309, 227, 455, 324, 323, 145, 254, 425, 100, 257, 249, 413, 53, 469, 405, 47, 73, 421, 108, 305, 306, 146, 401, 446, 277, 459, 383, 350, 121, 15, 461, 167, 463, 51, 160, 332, 21, 66, 224, 347, 173, 23, 423, 468, 400, 392, 19, 134, 460, 199, 171, 190, 240, 416, 304, 193, 345, 283, 90, 269, 82, 202, 303, 81, 189, 1, 142, 12, 297, 111, 466, 339, 370, 52, 435, 362, 44, 245, 410, 147, 116, 337, 77, 216, 99, 234, 112, 127, 300, 328, 235, 40, 164, 38, 242, 6, 394, 376, 403, 191, 241, 91, 275, 272, 128, 87, 132, 217, 424, 205, 74, 117, 86, 221, 465, 407, 386, 471, 427, 174, 280, 456, 321, 428, 135, 120, 433, 373, 39, 18, 263, 133, 123, 170, 154, 239, 341, 169, 212, 226, 5, 9, 264, 165, 302, 137, 464, 412, 104, 168, 102, 150, 450, 442, 98, 437, 184, 20, 430, 200, 372, 64, 454, 218, 7, 422, 279, 354, 175, 384, 402, 365, 379, 238, 404, 356, 188, 327, 406, 409, 124, 62, 415, 33, 267, 378, 67, 126, 299, 276, 397, 210, 451, 58, 43, 14, 357, 434, 363, 329, 472, 333, 138, 382, 374, 110, 196, 336, 431, 161, 208, 286, 448, 79, 182, 78, 322, 95, 153, 211, 295, 307, 348, 141, 236, 439, 385, 41, 265, 85, 195, 364, 420, 166, 335, 181, 243, 298, 96, 319, 393, 237, 29, 453, 10, 139, 3, 25, 440, 284, 390, 268, 129, 45, 37, 278, 358, 36, 377, 287, 271, 136, 291, 209, 180, 30, 369, 93, 351, 458, 248, 318, 398, 46, 353, 34, 426, 187, 186, 83, 204, 223, 106, 4, 197, 344, 48, 113, 54, 50, 61, 296, 220, 355, 122, 311, 162, 361, 179, 72, 289, 17, 88, 462, 246, 266, 114, 288, 60, 201, 441, 316, 118, 334, 255, 349, 438, 232, 310, 149, 157, 156, 261, 55, 219, 381, 105, 444, 273, 109, 315, 198, 419, 103, 408, 313, 343, 447, 76, 417, 414, 371, 176, 389, 443, 411, 314, 107, 16, 256, 92, 308, 183, 346, 70, 215, 253, 229, 63, 366, 395, 35, 24, 213, 457, 429, 230, 131, 252, 69, 11, 68, 325, 172, 380, 207, 75, 360, 432, 301, 320, 125, 148, 338, 473, 250, 445, 65, 449, 27, 281, 115, 367, 233, 274, 331, 84, 89, 244, 270, 56, 387, 158, 130, 342, 192, 228, 13, 247, 262, 368, 292, 31, 2, 312, 214, 203, 80, 396, 452, 28, 285, 119, 194, 251, 352, 467, 231, 159]
og index list energy: 253443278.01447108
index list: [391, 74, 352, 58, 445, 330, 117, 82, 447, 157, 305, 135, 340, 112, 23, 280, 441, 19, 229, 428, 161, 348, 38, 97, 435, 98, 429, 41, 417, 311, 100, 473, 173, 433, 292, 404, 151, 405, 247, 139, 278, 61, 446, 185, 362, 11, 158, 369, 76, 346, 202, 458, 250, 93, 321, 92, 119, 461, 14, 464, 177, 16, 347, 339, 125, 237, 457, 233, 59, 261, 81, 126, 322, 10, 412, 200, 37, 392, 264, 341, 272, 471, 121, 144, 89, 18, 406, 289, 450, 165, 410, 304, 467, 294, 431, 223, 361, 241, 359, 128, 85, 353, 77, 228, 133, 419, 78, 269, 146, 384, 328, 238, 103, 420, 12, 324, 290, 438, 91, 472, 314, 357, 110, 35, 394, 7, 456, 111, 338, 67, 365, 296, 414, 44, 439, 55, 470, 54, 380, 105, 71, 102, 440, 331, 373, 302, 443, 301, 215, 288, 197, 196, 194, 190, 189, 390, 6, 459, 22, 298, 271, 168, 183, 3, 171, 2, 378, 32, 422, 24, 258, 137, 403, 17, 356, 217, 399, 268, 372, 275, 449, 53, 334, 270, 375, 263, 204, 153, 337, 409, 40, 387, 164, 285, 104, 397, 96, 351, 192, 448, 307, 66, 466, 253, 25, 267, 344, 62, 323, 15, 284, 83, 134, 27, 79, 64, 107, 80, 57, 162, 132, 343, 179, 371, 222, 220, 36, 452, 28, 411, 39, 442, 306, 386, 335, 360, 180, 239, 87, 336, 122, 355, 149, 208, 45, 252, 277, 402, 260, 460, 266, 138, 174, 0, 1, 421, 106, 30, 273, 374, 227, 293, 287, 246, 94, 300, 176, 383, 33, 256, 8, 90, 358, 31, 206, 468, 169, 455, 21, 408, 184, 46, 218, 56, 315, 333, 329, 257, 60, 86, 113, 286, 249, 214, 191, 4, 5, 150, 385, 120, 212, 407, 274, 282, 124, 244, 234, 432, 109, 413, 142, 444, 226, 320, 99, 393, 211, 209, 199, 195, 436, 9, 454, 95, 140, 325, 167, 114, 34, 313, 69, 451, 159, 242, 232, 73, 265, 259, 437, 26, 219, 175, 308, 29, 303, 101, 75, 430, 160, 345, 318, 312, 423, 198, 276, 389, 235, 205, 463, 68, 297, 254, 129, 327, 51, 342, 172, 230, 155, 166, 381, 47, 465, 52, 434, 13, 367, 187, 170, 462, 231, 309, 426, 48, 398, 152, 295, 130, 418, 156, 283, 213, 379, 203, 364, 84, 350, 163, 396, 127, 395, 143, 363, 50, 63, 116, 65, 453, 136, 108, 243, 245, 188, 207, 193, 326, 20, 201, 251, 221, 388, 210, 382, 141, 145, 370, 88, 415, 49, 72, 424, 42, 319, 240, 317, 131, 368, 279, 236, 224, 401, 262, 186, 427, 182, 147, 70, 376, 332, 118, 225, 366, 43, 425, 291, 349, 248, 181, 377, 299, 216, 115, 255, 123, 154, 416, 310, 400, 281, 354, 316, 469, 178, 148]
index list energy: 28143713.91667543
Done


program ended at: 2020-04-06 18:21:33.084944 
 time delta: 19:25:41.083370
