## SLURM PROLOG ###############################################################
##    Job ID : 12004713
##  Job Name : new_and_improved?
##  Nodelist : node1105
##      CPUs : 1
##  Mem/Node : 1024 MB
## Directory : /gpfs/data/nfawzi/skale/Fawzi_pycharm_project
##   Started : Mon Apr  6 12:03:48 EDT 2020
###############################################################################
program started at:2020-04-06 12:03:55.145739
iterations: 72000000 temp: 1000000.0 exponent: 0.9 eif: 300.0
time taken (sec): 41427.068049669266
number of iterations: 72000000
final temperature: 159.26791088519815
og index list: [20, 299, 174, 102, 443, 250, 267, 41, 178, 341, 331, 471, 35, 120, 281, 235, 346, 473, 45, 461, 370, 226, 136, 305, 196, 183, 431, 394, 283, 142, 373, 328, 203, 464, 218, 420, 74, 164, 272, 134, 1, 369, 27, 380, 148, 264, 19, 95, 23, 372, 371, 332, 140, 342, 228, 375, 46, 406, 97, 77, 158, 190, 413, 246, 69, 149, 100, 25, 151, 88, 467, 324, 39, 159, 427, 356, 255, 340, 321, 31, 297, 392, 275, 36, 55, 381, 232, 242, 131, 16, 360, 68, 115, 306, 411, 453, 37, 209, 118, 322, 336, 470, 263, 73, 40, 273, 426, 15, 415, 107, 407, 287, 469, 320, 169, 329, 138, 274, 82, 219, 234, 94, 122, 368, 197, 362, 364, 409, 312, 103, 258, 422, 180, 225, 166, 173, 292, 76, 463, 441, 139, 130, 32, 188, 57, 249, 126, 147, 414, 379, 333, 199, 288, 421, 58, 432, 435, 433, 133, 323, 269, 91, 119, 315, 184, 47, 62, 347, 334, 215, 106, 124, 194, 293, 428, 460, 318, 359, 366, 236, 402, 121, 365, 247, 344, 290, 3, 93, 262, 389, 447, 448, 105, 289, 50, 384, 14, 24, 260, 382, 26, 261, 222, 301, 165, 458, 72, 207, 195, 439, 145, 189, 285, 211, 144, 284, 357, 410, 444, 396, 109, 451, 129, 313, 163, 423, 208, 252, 233, 111, 67, 241, 280, 89, 146, 309, 110, 186, 398, 430, 90, 17, 437, 390, 80, 452, 386, 185, 412, 167, 0, 417, 424, 153, 65, 59, 326, 125, 117, 127, 436, 350, 403, 7, 237, 294, 296, 220, 135, 446, 48, 265, 108, 345, 277, 78, 278, 303, 316, 28, 175, 302, 202, 279, 307, 298, 227, 325, 210, 387, 63, 440, 405, 351, 391, 212, 257, 44, 13, 92, 223, 388, 348, 4, 459, 300, 160, 200, 472, 374, 230, 286, 85, 229, 393, 205, 358, 38, 43, 418, 155, 60, 177, 161, 56, 5, 276, 217, 2, 181, 213, 311, 449, 152, 429, 268, 157, 353, 438, 30, 354, 245, 81, 8, 221, 51, 11, 367, 425, 295, 182, 416, 193, 192, 450, 238, 310, 465, 162, 42, 191, 434, 399, 266, 10, 204, 128, 187, 168, 383, 337, 454, 216, 330, 349, 335, 455, 239, 86, 270, 251, 385, 53, 29, 361, 70, 291, 363, 231, 154, 397, 176, 101, 141, 21, 457, 123, 243, 400, 282, 156, 224, 87, 96, 83, 445, 254, 116, 271, 112, 419, 114, 404, 466, 244, 170, 408, 240, 18, 143, 52, 84, 248, 206, 304, 6, 339, 327, 172, 99, 401, 61, 378, 64, 256, 317, 66, 49, 462, 201, 468, 214, 253, 98, 259, 355, 377, 308, 319, 171, 54, 137, 376, 34, 113, 22, 33, 179, 75, 338, 79, 71, 442, 352, 456, 132, 12, 9, 395, 150, 104, 343, 198, 314]
og index list energy: 269425737.6847491
index list: [164, 148, 350, 216, 44, 352, 324, 135, 79, 162, 367, 127, 351, 27, 442, 267, 387, 254, 420, 336, 210, 206, 434, 271, 448, 177, 392, 98, 380, 257, 239, 101, 120, 119, 23, 358, 296, 466, 95, 341, 12, 303, 322, 62, 330, 242, 256, 19, 398, 190, 425, 261, 182, 28, 384, 7, 97, 55, 342, 21, 194, 208, 201, 32, 379, 157, 149, 431, 93, 217, 1, 285, 110, 51, 357, 292, 117, 441, 221, 411, 154, 427, 89, 121, 417, 106, 305, 0, 402, 163, 281, 403, 50, 450, 67, 468, 237, 118, 247, 220, 112, 294, 433, 13, 85, 297, 165, 170, 78, 356, 129, 278, 143, 231, 307, 72, 413, 309, 359, 75, 314, 370, 47, 412, 61, 378, 192, 108, 26, 214, 311, 146, 70, 453, 181, 345, 102, 289, 399, 40, 424, 200, 340, 196, 465, 74, 451, 273, 344, 42, 131, 222, 137, 377, 88, 416, 125, 410, 105, 226, 348, 147, 259, 228, 246, 113, 25, 405, 73, 122, 276, 429, 175, 388, 60, 2, 395, 291, 364, 275, 343, 54, 346, 270, 39, 362, 213, 153, 404, 277, 92, 77, 11, 464, 35, 284, 8, 408, 132, 385, 144, 57, 365, 81, 82, 459, 63, 458, 300, 45, 436, 96, 360, 318, 337, 269, 69, 128, 418, 327, 87, 452, 248, 355, 99, 64, 260, 432, 17, 317, 145, 167, 123, 114, 391, 186, 414, 115, 238, 139, 393, 126, 211, 59, 37, 191, 188, 193, 160, 361, 235, 16, 319, 293, 18, 430, 280, 447, 94, 349, 107, 252, 30, 371, 130, 66, 334, 6, 400, 24, 258, 335, 449, 243, 233, 90, 212, 265, 15, 302, 315, 172, 266, 56, 179, 124, 76, 471, 316, 419, 331, 310, 134, 86, 83, 369, 156, 219, 461, 71, 227, 308, 189, 282, 263, 374, 31, 329, 14, 218, 205, 383, 133, 283, 65, 470, 332, 415, 304, 264, 460, 290, 389, 333, 298, 151, 41, 438, 49, 236, 166, 401, 84, 287, 372, 255, 312, 155, 446, 180, 103, 368, 36, 421, 46, 184, 326, 396, 168, 428, 253, 245, 142, 234, 203, 286, 328, 250, 91, 159, 33, 176, 407, 187, 363, 38, 376, 313, 354, 198, 353, 9, 422, 136, 390, 116, 435, 229, 22, 323, 10, 426, 209, 174, 202, 347, 185, 52, 456, 158, 462, 301, 473, 104, 366, 58, 467, 178, 169, 140, 183, 244, 472, 80, 68, 29, 397, 111, 457, 249, 394, 274, 288, 338, 272, 439, 325, 195, 469, 48, 445, 3, 34, 109, 171, 306, 215, 454, 161, 463, 279, 443, 224, 230, 381, 262, 437, 251, 240, 204, 100, 382, 268, 444, 339, 223, 150, 299, 152, 232, 141, 423, 138, 406, 43, 373, 241, 295, 225, 440, 197, 20, 455, 199, 207, 4, 5, 409, 173, 386, 321, 375, 320, 53]
index list energy: 30191486.841511823
Done


program ended at: 2020-04-06 23:34:22.607942 
 time delta: 11:30:27.462203
