## SLURM PROLOG ###############################################################
##    Job ID : 12000164
##  Job Name : new_and_improved?
##  Nodelist : node1125
##      CPUs : 1
##  Mem/Node : 1024 MB
## Directory : /gpfs/data/nfawzi/skale/Fawzi_pycharm_project
##   Started : Mon Apr  6 10:58:08 EDT 2020
###############################################################################
program started at:2020-04-06 10:58:13.042383
iterations: 72000000 temp: 1000000.0 exponent: 0.9 eif: 300.0
time taken (sec): 33948.68045926094
number of iterations: 72000000
final temperature: 159.26791088519815
og index list: [220, 182, 431, 456, 155, 375, 162, 86, 369, 412, 229, 219, 355, 471, 379, 299, 349, 397, 385, 336, 327, 105, 340, 444, 359, 16, 22, 84, 321, 20, 113, 191, 77, 356, 174, 308, 357, 56, 90, 181, 396, 372, 247, 408, 158, 269, 377, 224, 201, 411, 26, 203, 192, 223, 32, 331, 49, 198, 141, 280, 131, 241, 165, 459, 167, 39, 402, 92, 287, 205, 338, 85, 251, 151, 157, 262, 176, 206, 88, 139, 282, 101, 30, 298, 364, 466, 370, 190, 435, 4, 144, 133, 260, 267, 227, 352, 66, 265, 394, 51, 91, 82, 261, 120, 283, 114, 363, 211, 468, 457, 202, 440, 31, 428, 111, 429, 351, 199, 405, 5, 104, 225, 122, 152, 218, 266, 400, 254, 458, 387, 249, 425, 172, 445, 34, 381, 140, 102, 442, 137, 14, 74, 319, 63, 60, 360, 382, 235, 393, 71, 59, 45, 371, 306, 230, 204, 465, 447, 288, 194, 421, 216, 15, 281, 271, 329, 8, 345, 300, 386, 99, 324, 441, 439, 128, 438, 166, 294, 263, 278, 3, 108, 449, 130, 404, 403, 2, 245, 29, 37, 413, 19, 325, 76, 173, 98, 304, 270, 268, 275, 313, 175, 432, 258, 253, 142, 159, 228, 297, 434, 78, 61, 93, 65, 339, 293, 233, 43, 315, 47, 62, 354, 305, 326, 70, 286, 347, 322, 416, 17, 307, 13, 215, 145, 316, 320, 332, 209, 89, 179, 97, 0, 366, 464, 178, 291, 10, 183, 244, 42, 272, 389, 289, 318, 362, 193, 243, 212, 467, 41, 274, 171, 150, 407, 472, 196, 156, 452, 460, 94, 124, 410, 376, 143, 207, 436, 391, 415, 302, 231, 406, 461, 453, 121, 200, 443, 54, 284, 11, 138, 119, 83, 208, 401, 23, 398, 380, 395, 292, 273, 469, 75, 27, 417, 388, 311, 164, 33, 454, 46, 38, 367, 161, 57, 118, 127, 21, 334, 341, 48, 303, 55, 80, 309, 277, 177, 348, 73, 239, 50, 35, 414, 257, 252, 213, 337, 44, 473, 463, 323, 368, 129, 40, 462, 328, 248, 390, 147, 342, 110, 383, 123, 160, 226, 246, 146, 296, 69, 290, 153, 335, 195, 301, 187, 64, 392, 103, 221, 314, 374, 237, 373, 384, 168, 136, 236, 242, 169, 353, 107, 68, 117, 189, 25, 295, 149, 358, 9, 79, 451, 1, 163, 126, 109, 210, 312, 186, 81, 276, 6, 197, 53, 170, 330, 12, 361, 426, 255, 433, 135, 430, 185, 154, 450, 419, 424, 24, 7, 234, 437, 214, 116, 346, 470, 448, 240, 427, 232, 409, 399, 18, 52, 423, 72, 100, 418, 87, 343, 132, 95, 455, 365, 28, 446, 350, 112, 238, 264, 279, 422, 184, 222, 96, 217, 317, 36, 333, 134, 115, 188, 256, 180, 259, 106, 285, 125, 58, 420, 250, 344, 67, 378, 148, 310]
og index list energy: 258264659.25952077
index list: [120, 313, 462, 142, 410, 113, 342, 221, 118, 257, 228, 146, 38, 409, 136, 148, 33, 444, 30, 385, 137, 214, 112, 14, 261, 303, 75, 346, 193, 133, 207, 199, 400, 243, 265, 205, 473, 117, 398, 62, 324, 160, 317, 29, 437, 95, 15, 73, 438, 61, 434, 94, 374, 279, 422, 63, 359, 50, 469, 135, 415, 81, 379, 285, 11, 284, 49, 304, 273, 449, 58, 352, 28, 405, 192, 218, 219, 150, 180, 413, 147, 173, 377, 271, 350, 89, 305, 138, 450, 55, 389, 104, 360, 312, 288, 397, 237, 322, 335, 465, 12, 90, 278, 83, 155, 87, 429, 60, 295, 213, 162, 356, 274, 244, 468, 119, 124, 281, 222, 109, 470, 330, 226, 156, 472, 310, 403, 296, 234, 115, 460, 314, 223, 382, 224, 428, 277, 18, 435, 96, 348, 264, 439, 70, 431, 230, 141, 114, 432, 321, 246, 332, 248, 452, 164, 407, 19, 420, 67, 256, 77, 154, 351, 157, 181, 411, 175, 269, 76, 446, 48, 132, 412, 35, 308, 302, 414, 240, 401, 275, 467, 16, 459, 318, 337, 292, 252, 208, 283, 65, 380, 196, 52, 464, 72, 201, 306, 372, 333, 45, 315, 143, 387, 131, 20, 37, 370, 23, 168, 177, 365, 125, 436, 27, 456, 9, 102, 325, 418, 13, 236, 339, 7, 445, 254, 134, 355, 79, 299, 245, 166, 215, 204, 6, 319, 291, 390, 309, 369, 24, 126, 59, 427, 189, 202, 92, 182, 241, 376, 267, 179, 419, 194, 425, 144, 386, 153, 34, 253, 91, 263, 384, 185, 287, 51, 300, 40, 270, 424, 293, 442, 106, 366, 107, 443, 259, 453, 210, 151, 250, 71, 121, 433, 74, 349, 158, 311, 197, 258, 286, 44, 21, 430, 188, 404, 200, 451, 64, 17, 347, 217, 307, 152, 343, 209, 212, 69, 375, 336, 97, 249, 457, 198, 206, 276, 391, 203, 272, 396, 242, 373, 331, 316, 323, 93, 84, 46, 461, 129, 354, 161, 395, 235, 326, 371, 36, 368, 211, 31, 426, 26, 341, 68, 458, 289, 170, 394, 233, 57, 82, 393, 101, 140, 227, 80, 88, 421, 10, 297, 53, 184, 32, 2, 454, 5, 145, 353, 186, 402, 231, 78, 108, 100, 417, 328, 22, 440, 39, 298, 172, 262, 364, 229, 344, 163, 122, 338, 290, 471, 176, 183, 165, 381, 169, 455, 43, 463, 105, 340, 191, 408, 3, 363, 190, 4, 195, 327, 260, 378, 171, 251, 358, 174, 8, 187, 367, 42, 392, 85, 423, 128, 86, 238, 383, 47, 357, 266, 416, 178, 232, 220, 103, 441, 280, 466, 127, 406, 301, 1, 130, 361, 255, 0, 167, 399, 110, 98, 388, 41, 334, 159, 116, 268, 447, 56, 247, 320, 139, 99, 329, 216, 111, 239, 25, 345, 294, 149, 448, 66, 225, 123, 282, 362, 54]
index list energy: 27153352.481359303
Done


program ended at: 2020-04-06 20:24:02.088646 
 time delta: 9:25:49.046263
