## SLURM PROLOG ###############################################################
##    Job ID : 11945999
##  Job Name : new_and_improved?
##  Nodelist : node1117
##      CPUs : 1
##  Mem/Node : 1024 MB
## Directory : /gpfs/data/nfawzi/skale/Fawzi_pycharm_project
##   Started : Sun Apr  5 22:55:50 EDT 2020
###############################################################################
program started at:2020-04-05 22:55:50.439645
iterations: 72000000 temp: 1000000.0 exponent: 0.9 eif: 300.0
time taken (sec): 51196.22597694397
number of iterations: 72000000
final temperature: 159.26791088519815
og index list: [97, 279, 84, 20, 32, 112, 227, 425, 434, 400, 356, 289, 68, 333, 123, 176, 319, 259, 301, 89, 424, 419, 369, 305, 29, 325, 277, 263, 361, 190, 73, 461, 58, 48, 154, 282, 150, 37, 5, 248, 428, 182, 195, 210, 398, 200, 129, 287, 459, 111, 288, 39, 232, 455, 377, 113, 307, 310, 433, 373, 347, 253, 44, 412, 12, 42, 414, 365, 359, 27, 122, 442, 360, 10, 217, 50, 397, 363, 213, 147, 390, 169, 348, 349, 162, 351, 280, 457, 473, 183, 448, 417, 177, 21, 268, 394, 274, 311, 466, 387, 401, 194, 137, 28, 430, 121, 55, 270, 323, 216, 34, 91, 128, 223, 119, 9, 108, 337, 17, 88, 13, 411, 436, 185, 443, 413, 225, 421, 178, 41, 358, 92, 314, 188, 422, 144, 35, 234, 109, 471, 336, 175, 224, 46, 36, 157, 444, 261, 142, 170, 449, 286, 285, 465, 321, 230, 103, 133, 366, 96, 380, 451, 101, 127, 63, 331, 47, 284, 257, 262, 25, 141, 328, 38, 93, 105, 4, 399, 385, 308, 87, 76, 470, 392, 203, 415, 140, 94, 447, 72, 393, 158, 201, 30, 143, 95, 378, 81, 364, 228, 320, 404, 376, 204, 241, 23, 118, 292, 56, 236, 115, 40, 184, 135, 172, 276, 2, 152, 345, 145, 388, 107, 209, 313, 239, 383, 83, 79, 460, 339, 14, 423, 165, 155, 196, 202, 125, 0, 384, 134, 104, 426, 410, 49, 407, 19, 429, 244, 271, 326, 283, 368, 343, 193, 290, 371, 355, 166, 256, 52, 435, 318, 281, 116, 458, 208, 102, 342, 472, 266, 275, 395, 237, 322, 163, 54, 64, 330, 99, 61, 379, 304, 273, 300, 357, 24, 8, 346, 189, 139, 130, 120, 338, 16, 197, 327, 71, 445, 439, 246, 265, 370, 67, 80, 329, 231, 199, 456, 437, 106, 11, 15, 131, 66, 350, 86, 153, 278, 406, 260, 78, 258, 180, 294, 391, 191, 462, 299, 254, 409, 427, 146, 138, 205, 354, 302, 298, 240, 468, 167, 220, 219, 168, 1, 212, 293, 441, 416, 344, 164, 452, 45, 160, 297, 446, 372, 386, 252, 389, 60, 464, 161, 375, 181, 432, 159, 6, 75, 22, 117, 148, 126, 215, 463, 295, 251, 255, 450, 418, 233, 43, 192, 151, 403, 90, 269, 402, 174, 267, 82, 98, 243, 173, 367, 206, 309, 53, 136, 238, 245, 149, 110, 296, 222, 306, 51, 100, 353, 62, 65, 272, 467, 352, 324, 453, 186, 317, 438, 312, 226, 124, 171, 211, 114, 132, 214, 340, 362, 33, 198, 420, 59, 431, 69, 3, 221, 303, 235, 440, 381, 77, 179, 187, 70, 229, 207, 454, 374, 74, 247, 85, 341, 316, 249, 250, 396, 332, 7, 408, 335, 291, 264, 218, 57, 382, 334, 156, 31, 242, 469, 18, 405, 26, 315]
og index list energy: 261391230.57455903
index list: [107, 153, 167, 277, 67, 126, 175, 349, 65, 437, 222, 161, 392, 226, 454, 186, 276, 388, 105, 440, 219, 404, 202, 351, 250, 35, 176, 427, 314, 342, 149, 23, 407, 18, 265, 52, 78, 297, 89, 414, 72, 183, 322, 163, 112, 198, 215, 380, 264, 359, 101, 282, 210, 367, 195, 435, 199, 447, 211, 396, 306, 148, 389, 182, 22, 401, 326, 400, 197, 190, 313, 37, 361, 257, 235, 98, 395, 9, 45, 452, 119, 42, 412, 194, 471, 58, 458, 293, 360, 221, 319, 327, 192, 411, 6, 371, 109, 106, 379, 156, 245, 44, 344, 324, 130, 450, 81, 295, 43, 430, 59, 305, 403, 248, 140, 177, 466, 13, 393, 12, 463, 133, 353, 158, 455, 48, 390, 304, 178, 114, 356, 279, 117, 347, 312, 170, 402, 56, 436, 223, 332, 290, 442, 141, 357, 74, 464, 169, 433, 100, 369, 179, 415, 299, 164, 422, 61, 281, 445, 309, 124, 47, 382, 157, 24, 259, 457, 39, 303, 73, 386, 26, 331, 20, 425, 160, 354, 16, 462, 275, 443, 240, 420, 294, 181, 387, 102, 378, 57, 155, 80, 121, 60, 385, 15, 154, 377, 110, 29, 228, 343, 168, 467, 3, 417, 267, 432, 55, 214, 33, 338, 53, 174, 193, 318, 286, 125, 147, 127, 429, 268, 449, 63, 423, 307, 49, 439, 69, 86, 330, 10, 317, 229, 431, 11, 138, 363, 244, 258, 256, 339, 196, 189, 320, 217, 398, 115, 288, 113, 350, 99, 236, 311, 325, 201, 159, 227, 150, 93, 144, 239, 76, 209, 132, 405, 96, 421, 103, 301, 337, 310, 413, 95, 300, 184, 336, 373, 249, 438, 165, 234, 84, 406, 185, 399, 30, 171, 32, 2, 473, 88, 366, 335, 362, 254, 292, 410, 62, 180, 340, 333, 41, 151, 118, 266, 469, 91, 246, 66, 283, 17, 204, 203, 136, 75, 381, 262, 216, 38, 241, 348, 123, 134, 364, 7, 418, 46, 416, 253, 289, 470, 251, 263, 31, 205, 365, 220, 36, 444, 272, 71, 242, 34, 274, 122, 97, 461, 212, 111, 424, 213, 232, 238, 120, 316, 308, 90, 434, 206, 472, 200, 269, 14, 252, 173, 352, 70, 230, 459, 285, 77, 409, 128, 329, 224, 278, 94, 341, 233, 87, 79, 231, 166, 451, 27, 334, 21, 28, 397, 8, 372, 225, 384, 321, 298, 146, 345, 104, 358, 139, 355, 83, 162, 255, 51, 143, 284, 302, 448, 40, 207, 131, 328, 85, 323, 129, 108, 25, 64, 218, 50, 137, 287, 376, 68, 187, 191, 5, 374, 188, 441, 4, 383, 54, 394, 0, 1, 453, 243, 145, 271, 419, 280, 446, 135, 92, 142, 368, 273, 460, 237, 315, 208, 82, 426, 296, 370, 172, 260, 346, 247, 116, 375, 270, 152, 391, 261, 465, 19, 408, 468, 456, 291, 428]
index list energy: 25323258.47398276
Done


program ended at: 2020-04-06 13:09:07.051007 
 time delta: 14:13:16.611362
