## SLURM PROLOG ###############################################################
##    Job ID : 11945900
##  Job Name : new_and_improved?
##  Nodelist : node1117
##      CPUs : 1
##  Mem/Node : 1024 MB
## Directory : /gpfs/data/nfawzi/skale/Fawzi_pycharm_project
##   Started : Sun Apr  5 22:55:10 EDT 2020
###############################################################################
program started at:2020-04-05 22:55:16.255316
iterations: 72000000 temp: 1000000.0 exponent: 0.9 eif: 300.0
time taken (sec): 53592.864540576935
number of iterations: 72000000
final temperature: 159.26791088519815
og index list: [40, 188, 52, 348, 334, 101, 270, 113, 311, 67, 385, 76, 252, 373, 434, 217, 38, 233, 403, 320, 160, 22, 190, 216, 301, 375, 279, 247, 368, 345, 180, 442, 136, 359, 259, 267, 130, 62, 379, 114, 8, 134, 388, 321, 189, 65, 312, 339, 294, 287, 14, 468, 364, 123, 213, 241, 274, 381, 139, 146, 119, 184, 324, 412, 363, 77, 90, 170, 464, 13, 333, 24, 194, 152, 429, 211, 471, 322, 261, 291, 49, 338, 103, 280, 35, 355, 326, 299, 352, 125, 449, 111, 347, 183, 30, 97, 238, 5, 214, 203, 451, 278, 275, 198, 365, 154, 424, 1, 391, 222, 447, 433, 462, 469, 292, 255, 439, 85, 411, 314, 419, 438, 39, 57, 441, 245, 409, 337, 91, 121, 362, 207, 271, 406, 472, 120, 226, 96, 297, 448, 16, 346, 399, 331, 51, 371, 466, 268, 282, 150, 109, 445, 115, 27, 179, 192, 397, 215, 390, 195, 356, 34, 453, 172, 42, 246, 29, 457, 456, 10, 36, 257, 349, 151, 313, 307, 58, 143, 387, 395, 200, 55, 422, 288, 223, 87, 219, 277, 187, 145, 56, 382, 427, 128, 264, 303, 33, 361, 393, 168, 298, 418, 269, 201, 407, 185, 164, 162, 6, 50, 460, 240, 465, 86, 70, 461, 248, 129, 202, 344, 249, 276, 437, 224, 163, 210, 45, 140, 402, 420, 89, 99, 117, 20, 366, 175, 309, 2, 413, 84, 92, 212, 470, 80, 426, 336, 220, 169, 463, 372, 256, 258, 19, 360, 116, 47, 408, 199, 4, 110, 377, 66, 165, 23, 132, 98, 327, 374, 17, 351, 196, 83, 296, 254, 357, 167, 48, 340, 135, 171, 112, 459, 131, 405, 414, 149, 323, 148, 41, 235, 18, 25, 12, 410, 398, 218, 473, 108, 68, 228, 72, 234, 127, 404, 209, 425, 69, 262, 7, 253, 367, 221, 32, 64, 118, 335, 454, 260, 3, 328, 141, 295, 389, 122, 272, 186, 105, 31, 28, 15, 153, 60, 378, 54, 443, 46, 11, 266, 342, 318, 231, 436, 191, 178, 273, 243, 353, 286, 250, 369, 197, 173, 284, 446, 432, 302, 176, 193, 317, 341, 444, 133, 75, 102, 159, 416, 204, 43, 332, 100, 107, 455, 435, 236, 237, 124, 161, 383, 428, 316, 44, 205, 208, 82, 430, 95, 308, 285, 458, 386, 306, 350, 450, 325, 370, 225, 263, 126, 61, 329, 59, 293, 380, 0, 310, 244, 431, 182, 147, 26, 137, 227, 142, 421, 158, 79, 423, 74, 138, 157, 400, 155, 396, 283, 384, 181, 81, 401, 319, 104, 37, 232, 358, 343, 230, 106, 71, 177, 93, 440, 94, 415, 88, 21, 144, 304, 73, 394, 174, 156, 330, 290, 239, 300, 63, 376, 305, 452, 78, 354, 315, 229, 206, 166, 251, 289, 467, 9, 265, 417, 53, 281, 392, 242]
og index list energy: 269435031.67389643
index list: [251, 148, 170, 455, 290, 204, 45, 411, 177, 34, 212, 416, 46, 136, 353, 275, 114, 465, 88, 393, 99, 434, 227, 344, 48, 72, 351, 206, 363, 11, 305, 133, 464, 253, 152, 391, 109, 319, 174, 154, 337, 185, 150, 276, 326, 382, 21, 431, 73, 445, 52, 187, 469, 261, 454, 164, 272, 214, 6, 371, 299, 81, 306, 472, 208, 153, 144, 82, 315, 107, 186, 37, 349, 59, 450, 151, 439, 339, 226, 211, 410, 75, 80, 43, 441, 233, 324, 280, 426, 314, 406, 98, 425, 321, 398, 241, 433, 219, 288, 460, 10, 347, 182, 115, 85, 377, 129, 282, 167, 231, 12, 399, 44, 111, 418, 27, 348, 123, 79, 435, 173, 118, 94, 317, 76, 39, 463, 8, 378, 205, 374, 31, 358, 190, 196, 189, 357, 18, 462, 71, 141, 140, 407, 312, 429, 139, 414, 316, 232, 248, 395, 42, 225, 390, 172, 63, 458, 61, 127, 124, 143, 404, 47, 451, 126, 55, 427, 83, 327, 22, 403, 89, 287, 138, 1, 0, 368, 53, 366, 54, 356, 16, 386, 105, 50, 355, 3, 176, 373, 199, 197, 5, 396, 243, 278, 78, 23, 283, 171, 66, 362, 149, 447, 175, 442, 101, 311, 193, 113, 184, 318, 87, 155, 329, 30, 438, 131, 281, 397, 273, 2, 424, 28, 376, 26, 62, 415, 145, 383, 147, 137, 354, 221, 360, 60, 252, 38, 286, 249, 33, 162, 35, 64, 24, 246, 238, 444, 117, 381, 307, 19, 240, 207, 432, 304, 271, 236, 51, 392, 203, 125, 217, 298, 263, 86, 14, 32, 341, 4, 201, 267, 191, 303, 325, 256, 242, 409, 69, 323, 302, 422, 224, 245, 291, 369, 57, 320, 106, 92, 270, 372, 247, 134, 234, 17, 452, 178, 215, 293, 322, 36, 346, 161, 367, 116, 345, 96, 405, 181, 338, 257, 428, 179, 254, 310, 423, 49, 159, 65, 420, 223, 385, 102, 297, 93, 468, 260, 277, 443, 313, 343, 262, 421, 120, 266, 471, 274, 25, 473, 333, 156, 419, 300, 295, 135, 108, 235, 188, 20, 365, 328, 195, 284, 91, 9, 456, 192, 449, 336, 384, 15, 183, 168, 70, 466, 103, 379, 56, 436, 160, 453, 285, 29, 239, 40, 402, 335, 440, 163, 417, 110, 216, 157, 258, 68, 380, 7, 13, 457, 229, 375, 104, 412, 279, 408, 268, 308, 264, 292, 387, 169, 334, 100, 401, 294, 437, 130, 237, 361, 95, 218, 331, 220, 146, 259, 269, 84, 330, 128, 400, 255, 77, 119, 364, 180, 470, 244, 350, 213, 158, 122, 448, 222, 74, 467, 301, 370, 332, 289, 265, 250, 309, 132, 413, 165, 97, 228, 112, 41, 459, 121, 352, 58, 461, 230, 430, 210, 209, 200, 198, 446, 202, 394, 194, 340, 166, 359, 142, 342, 67, 389, 90, 388, 296]
index list energy: 27344064.42006658
Done


program ended at: 2020-04-06 13:48:29.498649 
 time delta: 14:53:13.243333
