## SLURM PROLOG ###############################################################
##    Job ID : 12004717
##  Job Name : new_and_improved?
##  Nodelist : node1132
##      CPUs : 1
##  Mem/Node : 1024 MB
## Directory : /gpfs/data/nfawzi/skale/Fawzi_pycharm_project
##   Started : Mon Apr  6 12:04:50 EDT 2020
###############################################################################
program started at:2020-04-06 12:04:51.748961
iterations: 72000000 temp: 1000000.0 exponent: 0.9 eif: 300.0
time taken (sec): 44022.70043921471
number of iterations: 72000000
final temperature: 159.26791088519815
og index list: [258, 344, 278, 438, 401, 248, 382, 196, 349, 9, 411, 439, 303, 85, 259, 395, 82, 36, 447, 339, 78, 156, 449, 384, 61, 155, 352, 185, 462, 17, 320, 66, 24, 241, 295, 54, 338, 23, 331, 427, 117, 20, 400, 123, 332, 57, 45, 246, 108, 200, 95, 75, 88, 290, 104, 179, 111, 158, 319, 109, 466, 270, 15, 94, 190, 448, 327, 249, 380, 455, 416, 214, 118, 257, 172, 165, 453, 164, 231, 376, 405, 437, 163, 213, 218, 341, 410, 140, 430, 328, 144, 133, 70, 125, 458, 329, 42, 436, 385, 394, 208, 254, 379, 131, 229, 30, 87, 134, 188, 434, 468, 264, 275, 243, 266, 429, 402, 152, 207, 212, 375, 19, 308, 151, 161, 469, 408, 160, 176, 39, 120, 450, 311, 16, 398, 0, 372, 43, 334, 322, 463, 44, 141, 201, 333, 391, 143, 8, 99, 265, 224, 32, 366, 195, 336, 301, 53, 321, 186, 431, 465, 187, 433, 202, 1, 93, 11, 337, 350, 309, 127, 444, 62, 397, 77, 443, 286, 374, 76, 236, 33, 92, 2, 314, 98, 199, 184, 25, 112, 355, 181, 7, 116, 72, 189, 267, 101, 41, 365, 4, 359, 472, 423, 192, 74, 318, 121, 146, 285, 177, 136, 122, 326, 392, 167, 353, 457, 358, 225, 3, 378, 377, 256, 132, 283, 386, 238, 206, 35, 31, 84, 65, 10, 71, 325, 69, 426, 100, 204, 49, 239, 139, 130, 114, 58, 294, 209, 174, 178, 103, 461, 150, 273, 324, 73, 470, 302, 281, 47, 60, 193, 182, 5, 220, 227, 64, 63, 317, 211, 364, 287, 361, 459, 435, 169, 215, 263, 347, 280, 403, 387, 6, 304, 388, 110, 289, 357, 371, 412, 343, 467, 407, 80, 217, 97, 148, 29, 124, 293, 13, 22, 46, 446, 242, 245, 464, 129, 406, 56, 228, 180, 262, 370, 55, 307, 269, 226, 105, 409, 360, 356, 83, 288, 253, 48, 420, 91, 351, 14, 413, 373, 115, 390, 203, 473, 107, 145, 368, 90, 451, 28, 197, 59, 442, 86, 367, 221, 277, 315, 260, 235, 471, 282, 425, 233, 340, 312, 399, 191, 198, 393, 456, 383, 166, 168, 194, 323, 79, 247, 454, 274, 363, 222, 354, 157, 27, 153, 300, 452, 237, 252, 345, 40, 296, 170, 81, 223, 50, 244, 38, 240, 18, 421, 128, 330, 432, 175, 219, 21, 230, 142, 149, 159, 298, 89, 440, 381, 52, 316, 96, 102, 441, 292, 415, 234, 299, 419, 113, 68, 362, 26, 418, 417, 67, 171, 310, 422, 313, 261, 51, 210, 445, 389, 342, 135, 119, 305, 271, 276, 348, 34, 106, 369, 232, 250, 396, 414, 126, 272, 279, 162, 268, 183, 12, 37, 335, 137, 205, 173, 460, 404, 291, 424, 297, 216, 346, 154, 138, 428, 255, 284, 147, 306, 251]
og index list energy: 244924581.60078868
index list: [119, 240, 256, 294, 22, 471, 151, 220, 101, 420, 292, 282, 380, 163, 470, 268, 436, 224, 73, 472, 21, 374, 263, 301, 346, 316, 391, 13, 464, 7, 454, 111, 414, 195, 408, 235, 68, 239, 96, 269, 227, 319, 127, 57, 462, 62, 402, 72, 465, 142, 424, 168, 189, 148, 338, 45, 354, 6, 357, 271, 352, 74, 389, 213, 441, 289, 311, 107, 155, 30, 186, 447, 322, 200, 250, 139, 232, 81, 370, 59, 426, 38, 337, 129, 246, 219, 76, 236, 10, 373, 331, 429, 175, 415, 161, 147, 182, 212, 451, 9, 379, 141, 405, 198, 453, 145, 460, 243, 450, 64, 267, 255, 44, 342, 35, 258, 350, 177, 458, 260, 309, 411, 61, 69, 281, 434, 48, 287, 397, 131, 23, 323, 225, 348, 262, 314, 435, 180, 440, 170, 439, 273, 438, 100, 466, 286, 70, 442, 114, 473, 42, 425, 222, 137, 103, 102, 270, 343, 91, 392, 244, 34, 130, 174, 160, 298, 173, 41, 252, 274, 293, 276, 384, 217, 159, 121, 390, 53, 382, 280, 365, 132, 140, 318, 55, 303, 25, 56, 191, 5, 4, 194, 32, 325, 192, 345, 77, 349, 172, 242, 399, 302, 366, 75, 82, 261, 79, 386, 60, 120, 156, 112, 231, 12, 421, 197, 388, 154, 437, 279, 153, 403, 152, 146, 183, 266, 362, 39, 97, 329, 237, 341, 241, 463, 89, 300, 284, 65, 233, 51, 265, 24, 430, 28, 445, 211, 433, 46, 444, 164, 355, 109, 196, 375, 113, 418, 299, 126, 185, 360, 245, 190, 259, 66, 278, 321, 209, 94, 396, 49, 324, 31, 40, 358, 8, 204, 333, 110, 176, 364, 328, 17, 404, 313, 20, 398, 3, 368, 171, 15, 264, 394, 134, 27, 295, 36, 207, 199, 336, 215, 416, 205, 297, 229, 448, 71, 124, 50, 452, 296, 47, 455, 133, 363, 251, 214, 320, 206, 406, 99, 351, 169, 417, 203, 136, 188, 193, 2, 412, 230, 407, 339, 254, 0, 208, 334, 138, 308, 304, 150, 179, 340, 249, 315, 26, 248, 376, 143, 228, 85, 385, 332, 122, 80, 11, 184, 335, 361, 187, 467, 29, 457, 149, 93, 92, 178, 381, 18, 387, 210, 419, 253, 33, 359, 327, 202, 383, 277, 326, 401, 98, 290, 378, 306, 427, 52, 461, 247, 123, 369, 310, 223, 410, 165, 285, 43, 409, 105, 446, 125, 428, 88, 400, 58, 413, 144, 1, 118, 307, 67, 353, 90, 234, 443, 83, 422, 106, 162, 431, 128, 367, 330, 115, 449, 95, 86, 181, 108, 14, 157, 226, 283, 78, 216, 166, 432, 84, 305, 291, 218, 158, 167, 275, 377, 312, 393, 238, 468, 116, 456, 104, 469, 16, 347, 54, 459, 221, 201, 272, 37, 288, 371, 257, 372, 19, 344, 135, 395, 87, 317, 63, 356, 117, 423]
index list energy: 25696664.21906931
Done


program ended at: 2020-04-07 00:18:34.815551 
 time delta: 12:13:43.066590
